<?xml version="1.0" encoding="UTF-8"?>
<!-- exported from /edit/engineer/test-cells -->
<mds_xml_root export_root_type="test-cells" is_list_element="false">
    <test-cells>
        <instance name="GATES-PS" test-cell-description="">
            <bpts/>
            <channels>
                <instance name="T000001" acquisition-rate="10" alternate-name="" calibration-group="" calibration-sensor="" customer-sensor="" data-type="float" deadband="0" description="" display-format="4.2f" display-range-maximum="100" display-range-minimum="0" domain-id="2" engineering-unit="degC" export-for-steady-state="true" fixed-sensor="" fullset-stability="false" gid="5001" group="" idds-hardware-name="SCUTRDEMO_Ch01" is-continuous-log="true" is-critical="false" is-enabled="true" logical-id="scutrsim" partition="Streaming" quality-ceiling="good" rtd-reference-channel="" signal-id="" subsystem-name="IDDS" subsystem-type="iDDS" topic="ParameterDataSeries">
                    <alarm-limits/>
                </instance>
                <instance name="EMSParm_902" acquisition-rate="10" alternate-name="" calibration-group="" calibration-sensor="" customer-sensor="" data-type="float" deadband="0" description="" display-format="4.2f" display-range-maximum="100" display-range-minimum="0" domain-id="10" engineering-unit="%" export-for-steady-state="true" fixed-sensor="" fullset-stability="false" gid="2902" group="" idds-hardware-name="EMSParm_902" is-continuous-log="true" is-critical="false" is-enabled="true" logical-id="devEMS" partition="Streaming" quality-ceiling="good" rtd-reference-channel="" signal-id="" subsystem-name="IDDS" subsystem-type="iDDS" topic="ParameterDataSeries">
                    <alarm-limits/>
                </instance>
                <instance name="EMSParm_1204" acquisition-rate="10" alternate-name="" calibration-group="" calibration-sensor="" customer-sensor="" data-type="float" deadband="0" description="" display-format="4.2f" display-range-maximum="100" display-range-minimum="0" domain-id="10" engineering-unit="%" export-for-steady-state="true" fixed-sensor="" fullset-stability="false" gid="3204" group="" idds-hardware-name="EMSParm_1204" is-continuous-log="true" is-critical="false" is-enabled="true" logical-id="devEMS" partition="Streaming" quality-ceiling="good" rtd-reference-channel="" signal-id="" subsystem-name="IDDS" subsystem-type="iDDS" topic="ParameterDataSeries">
                    <alarm-limits/>
                </instance>
                <instance name="EMSParm_1063" acquisition-rate="10" alternate-name="" calibration-group="" calibration-sensor="" customer-sensor="" data-type="float" deadband="0" description="" display-format="4.2f" display-range-maximum="100" display-range-minimum="0" domain-id="10" engineering-unit="%" export-for-steady-state="true" fixed-sensor="" fullset-stability="false" gid="3063" group="" idds-hardware-name="EMSParm_1063" is-continuous-log="true" is-critical="false" is-enabled="true" logical-id="devEMS" partition="Streaming" quality-ceiling="good" rtd-reference-channel="" signal-id="" subsystem-name="IDDS" subsystem-type="iDDS" topic="ParameterDataSeries">
                    <alarm-limits/>
                </instance>
                <instance name="EMSParm_595" acquisition-rate="10" alternate-name="" calibration-group="" calibration-sensor="" customer-sensor="" data-type="float" deadband="0" description="" display-format="4.2f" display-range-maximum="100" display-range-minimum="0" domain-id="10" engineering-unit="%" export-for-steady-state="true" fixed-sensor="" fullset-stability="false" gid="2595" group="" idds-hardware-name="EMSParm_595" is-continuous-log="true" is-critical="false" is-enabled="true" logical-id="devEMS" partition="Streaming" quality-ceiling="good" rtd-reference-channel="" signal-id="" subsystem-name="IDDS" subsystem-type="iDDS" topic="ParameterDataSeries">
                    <alarm-limits/>
                </instance>
                <instance name="EMSParm_1418" acquisition-rate="10" alternate-name="" calibration-group="" calibration-sensor="" customer-sensor="" data-type="float" deadband="0" description="" display-format="4.2f" display-range-maximum="100" display-range-minimum="0" domain-id="10" engineering-unit="%" export-for-steady-state="true" fixed-sensor="" fullset-stability="false" gid="3418" group="" idds-hardware-name="EMSParm_1418" is-continuous-log="true" is-critical="false" is-enabled="true" logical-id="devEMS" partition="Streaming" quality-ceiling="good" rtd-reference-channel="" signal-id="" subsystem-name="IDDS" subsystem-type="iDDS" topic="ParameterDataSeries">
                    <alarm-limits/>
                </instance>
                <instance name="EMSParm_745" acquisition-rate="10" alternate-name="" calibration-group="" calibration-sensor="" customer-sensor="" data-type="float" deadband="0" description="" display-format="4.2f" display-range-maximum="100" display-range-minimum="0" domain-id="10" engineering-unit="%" export-for-steady-state="true" fixed-sensor="" fullset-stability="false" gid="2745" group="" idds-hardware-name="EMSParm_745" is-continuous-log="true" is-critical="false" is-enabled="true" logical-id="devEMS" partition="Streaming" quality-ceiling="good" rtd-reference-channel="" signal-id="" subsystem-name="IDDS" subsystem-type="iDDS" topic="ParameterDataSeries">
                    <alarm-limits/>
                </instance>
                <instance name="EMSParm_308" acquisition-rate="10" alternate-name="" calibration-group="" calibration-sensor="" customer-sensor="" data-type="float" deadband="0" description="" display-format="4.2f" display-range-maximum="100" display-range-minimum="0" domain-id="10" engineering-unit="%" export-for-steady-state="true" fixed-sensor="" fullset-stability="false" gid="2308" group="" idds-hardware-name="EMSParm_308" is-continuous-log="true" is-critical="false" is-enabled="true" logical-id="devEMS" partition="Streaming" quality-ceiling="good" rtd-reference-channel="" signal-id="" subsystem-name="IDDS" subsystem-type="iDDS" topic="ParameterDataSeries">
                    <alarm-limits/>
                </instance>
                <instance name="EMSParm_1508" acquisition-rate="10" alternate-name="" calibration-group="" calibration-sensor="" customer-sensor="" data-type="float" deadband="0" description="" display-format="4.2f" display-range-maximum="100" display-range-minimum="0" domain-id="10" engineering-unit="%" export-for-steady-state="true" fixed-sensor="" fullset-stability="false" gid="3508" group="" idds-hardware-name="EMSParm_1508" is-continuous-log="true" is-critical="false" is-enabled="true" logical-id="devEMS" partition="Streaming" quality-ceiling="good" rtd-reference-channel="" signal-id="" subsystem-name="IDDS" subsystem-type="iDDS" topic="ParameterDataSeries">
                    <alarm-limits/>
                </instance>
                <instance name="EMSParm_49" acquisition-rate="10" alternate-name="" calibration-group="" calibration-sensor="" customer-sensor="" data-type="float" deadband="0" description="" display-format="4.2f" display-range-maximum="100" display-range-minimum="0" domain-id="10" engineering-unit="%" export-for-steady-state="true" fixed-sensor="" fullset-stability="false" gid="2049" group="" idds-hardware-name="EMSParm_49" is-continuous-log="true" is-critical="false" is-enabled="true" logical-id="devEMS" partition="Streaming" quality-ceiling="good" rtd-reference-channel="" signal-id="" subsystem-name="IDDS" subsystem-type="iDDS" topic="ParameterDataSeries">
                    <alarm-limits/>
                </instance>
                <instance name="EMSParm_859" acquisition-rate="10" alternate-name="" calibration-group="" calibration-sensor="" customer-sensor="" data-type="float" deadband="0" description="" display-format="4.2f" display-range-maximum="100" display-range-minimum="0" domain-id="10" engineering-unit="%" export-for-steady-state="true" fixed-sensor="" fullset-stability="false" gid="2859" group="" idds-hardware-name="EMSParm_859" is-continuous-log="true" is-critical="false" is-enabled="true" logical-id="devEMS" partition="Streaming" quality-ceiling="good" rtd-reference-channel="" signal-id="" subsystem-name="IDDS" subsystem-type="iDDS" topic="ParameterDataSeries">
                    <alarm-limits/>
                </instance>
                <instance name="EMSParm_1012" acquisition-rate="10" alternate-name="" calibration-group="" calibration-sensor="" customer-sensor="" data-type="float" deadband="0" description="" display-format="4.2f" display-range-maximum="100" display-range-minimum="0" domain-id="10" engineering-unit="%" export-for-steady-state="true" fixed-sensor="" fullset-stability="false" gid="3012" group="" idds-hardware-name="EMSParm_1012" is-continuous-log="true" is-critical="false" is-enabled="true" logical-id="devEMS" partition="Streaming" quality-ceiling="good" rtd-reference-channel="" signal-id="" subsystem-name="IDDS" subsystem-type="iDDS" topic="ParameterDataSeries">
                    <alarm-limits/>
                </instance>
                <instance name="pb91162ch10" acquisition-rate="1" alternate-name="" calibration-group="" calibration-sensor="" customer-sensor="" data-type="float" deadband="0" description="" display-format="4.2f" display-range-maximum="100" display-range-minimum="0" domain-id="2" engineering-unit="psi" export-for-steady-state="true" fixed-sensor="" fullset-stability="false" gid="-1" group="" idds-hardware-name="" is-continuous-log="true" is-critical="false" is-enabled="true" is-output="false" logical-id="" partition="" pbs-amb-press-channel="" pbs-avg-samples="4" pbs-input-type="pressure" pbs-port="10" pbs-serial-number="PB8793" quality-ceiling="good" rtd-reference-channel="" signal-id="" subsystem-name="PBS" subsystem-type="pbs" topic="">
                    <alarm-limits/>
                </instance>
                <instance name="EMSParm_190" acquisition-rate="10" alternate-name="" calibration-group="" calibration-sensor="" customer-sensor="" data-type="float" deadband="0" description="" display-format="4.2f" display-range-maximum="100" display-range-minimum="0" domain-id="10" engineering-unit="%" export-for-steady-state="true" fixed-sensor="" fullset-stability="false" gid="2190" group="" idds-hardware-name="EMSParm_190" is-continuous-log="true" is-critical="false" is-enabled="true" logical-id="devEMS" partition="Streaming" quality-ceiling="good" rtd-reference-channel="" signal-id="" subsystem-name="IDDS" subsystem-type="iDDS" topic="ParameterDataSeries">
                    <alarm-limits/>
                </instance>
                <instance name="EMSParm_1507" acquisition-rate="10" alternate-name="" calibration-group="" calibration-sensor="" customer-sensor="" data-type="float" deadband="0" description="" display-format="4.2f" display-range-maximum="100" display-range-minimum="0" domain-id="10" engineering-unit="%" export-for-steady-state="true" fixed-sensor="" fullset-stability="false" gid="3507" group="" idds-hardware-name="EMSParm_1507" is-continuous-log="true" is-critical="false" is-enabled="true" logical-id="devEMS" partition="Streaming" quality-ceiling="good" rtd-reference-channel="" signal-id="" subsystem-name="IDDS" subsystem-type="iDDS" topic="ParameterDataSeries">
                    <alarm-limits/>
                </instance>
                <instance name="EMSParm_1241" acquisition-rate="10" alternate-name="" calibration-group="" calibration-sensor="" customer-sensor="" data-type="float" deadband="0" description="" display-format="4.2f" display-range-maximum="100" display-range-minimum="0" domain-id="10" engineering-unit="%" export-for-steady-state="true" fixed-sensor="" fullset-stability="false" gid="3241" group="" idds-hardware-name="EMSParm_1241" is-continuous-log="true" is-critical="false" is-enabled="true" logical-id="devEMS" partition="Streaming" quality-ceiling="good" rtd-reference-channel="" signal-id="" subsystem-name="IDDS" subsystem-type="iDDS" topic="ParameterDataSeries">
                    <alarm-limits/>
                </instance>
                <instance name="EMSParm_1009" acquisition-rate="10" alternate-name="" calibration-group="" calibration-sensor="" customer-sensor="" data-type="float" deadband="0" description="" display-format="4.2f" display-range-maximum="100" display-range-minimum="0" domain-id="10" engineering-unit="%" export-for-steady-state="true" fixed-sensor="" fullset-stability="false" gid="3009" group="" idds-hardware-name="EMSParm_1009" is-continuous-log="true" is-critical="false" is-enabled="true" logical-id="devEMS" partition="Streaming" quality-ceiling="good" rtd-reference-channel="" signal-id="" subsystem-name="IDDS" subsystem-type="iDDS" topic="ParameterDataSeries">
                    <alarm-limits/>
                </instance>
                <instance name="YB1_Ch02" acquisition-rate="1" alternate-name="" calibration-group="" calibration-sensor="" customer-sensor="" data-type="float" deadband="0" description="" display-format="4.2f" display-range-maximum="100" display-range-minimum="0" domain-id="3" engineering-unit="-" export-for-steady-state="true" fixed-sensor="" fullset-stability="false" gid="9002" group="" idds-hardware-name="CH2" is-continuous-log="true" is-critical="false" is-enabled="true" logical-id="rx3036-1" partition="Streaming" quality-ceiling="good" rtd-reference-channel="" signal-id="" subsystem-name="IDDS" subsystem-type="iDDS" topic="ParameterDataSeries">
                    <alarm-limits/>
                </instance>
                <instance name="EMSParm_1305" acquisition-rate="10" alternate-name="" calibration-group="" calibration-sensor="" customer-sensor="" data-type="float" deadband="0" description="" display-format="4.2f" display-range-maximum="100" display-range-minimum="0" domain-id="10" engineering-unit="%" export-for-steady-state="true" fixed-sensor="" fullset-stability="false" gid="3305" group="" idds-hardware-name="EMSParm_1305" is-continuous-log="true" is-critical="false" is-enabled="true" logical-id="devEMS" partition="Streaming" quality-ceiling="good" rtd-reference-channel="" signal-id="" subsystem-name="IDDS" subsystem-type="iDDS" topic="ParameterDataSeries">
                    <alarm-limits/>
                </instance>
                <instance name="EMSParm_1263" acquisition-rate="10" alternate-name="" calibration-group="" calibration-sensor="" customer-sensor="" data-type="float" deadband="0" description="" display-format="4.2f" display-range-maximum="100" display-range-minimum="0" domain-id="10" engineering-unit="%" export-for-steady-state="true" fixed-sensor="" fullset-stability="false" gid="3263" group="" idds-hardware-name="EMSParm_1263" is-continuous-log="true" is-critical="false" is-enabled="true" logical-id="devEMS" partition="Streaming" quality-ceiling="good" rtd-reference-channel="" signal-id="" subsystem-name="IDDS" subsystem-type="iDDS" topic="ParameterDataSeries">
                    <alarm-limits/>
                </instance>
                <instance name="EMSParm_832" acquisition-rate="10" alternate-name="" calibration-group="" calibration-sensor="" customer-sensor="" data-type="float" deadband="0" description="" display-format="4.2f" display-range-maximum="100" display-range-minimum="0" domain-id="10" engineering-unit="%" export-for-steady-state="true" fixed-sensor="" fullset-stability="false" gid="2832" group="" idds-hardware-name="EMSParm_832" is-continuous-log="true" is-critical="false" is-enabled="true" logical-id="devEMS" partition="Streaming" quality-ceiling="good" rtd-reference-channel="" signal-id="" subsystem-name="IDDS" subsystem-type="iDDS" topic="ParameterDataSeries">
                    <alarm-limits/>
                </instance>
                <instance name="EMSParm_351" acquisition-rate="10" alternate-name="" calibration-group="" calibration-sensor="" customer-sensor="" data-type="float" deadband="0" description="" display-format="4.2f" display-range-maximum="100" display-range-minimum="0" domain-id="10" engineering-unit="%" export-for-steady-state="true" fixed-sensor="" fullset-stability="false" gid="2351" group="" idds-hardware-name="EMSParm_351" is-continuous-log="true" is-critical="false" is-enabled="true" logical-id="devEMS" partition="Streaming" quality-ceiling="good" rtd-reference-channel="" signal-id="" subsystem-name="IDDS" subsystem-type="iDDS" topic="ParameterDataSeries">
                    <alarm-limits/>
                </instance>
                <instance name="EMSParm_704" acquisition-rate="10" alternate-name="" calibration-group="" calibration-sensor="" customer-sensor="" data-type="float" deadband="0" description="" display-format="4.2f" display-range-maximum="100" display-range-minimum="0" domain-id="10" engineering-unit="%" export-for-steady-state="true" fixed-sensor="" fullset-stability="false" gid="2704" group="" idds-hardware-name="EMSParm_704" is-continuous-log="true" is-critical="false" is-enabled="true" logical-id="devEMS" partition="Streaming" quality-ceiling="good" rtd-reference-channel="" signal-id="" subsystem-name="IDDS" subsystem-type="iDDS" topic="ParameterDataSeries">
                    <alarm-limits/>
                </instance>
                <instance name="EMSParm_774" acquisition-rate="10" alternate-name="" calibration-group="" calibration-sensor="" customer-sensor="" data-type="float" deadband="0" description="" display-format="4.2f" display-range-maximum="100" display-range-minimum="0" domain-id="10" engineering-unit="%" export-for-steady-state="true" fixed-sensor="" fullset-stability="false" gid="2774" group="" idds-hardware-name="EMSParm_774" is-continuous-log="true" is-critical="false" is-enabled="true" logical-id="devEMS" partition="Streaming" quality-ceiling="good" rtd-reference-channel="" signal-id="" subsystem-name="IDDS" subsystem-type="iDDS" topic="ParameterDataSeries">
                    <alarm-limits/>
                </instance>
                <instance name="EMSParm_804" acquisition-rate="10" alternate-name="" calibration-group="" calibration-sensor="" customer-sensor="" data-type="float" deadband="0" description="" display-format="4.2f" display-range-maximum="100" display-range-minimum="0" domain-id="10" engineering-unit="%" export-for-steady-state="true" fixed-sensor="" fullset-stability="false" gid="2804" group="" idds-hardware-name="EMSParm_804" is-continuous-log="true" is-critical="false" is-enabled="true" logical-id="devEMS" partition="Streaming" quality-ceiling="good" rtd-reference-channel="" signal-id="" subsystem-name="IDDS" subsystem-type="iDDS" topic="ParameterDataSeries">
                    <alarm-limits/>
                </instance>
                <instance name="T000005" acquisition-rate="10" alternate-name="" calibration-group="" calibration-sensor="" customer-sensor="" data-type="float" deadband="0" description="" display-format="4.2f" display-range-maximum="100" display-range-minimum="0" domain-id="2" engineering-unit="degC" export-for-steady-state="true" fixed-sensor="" fullset-stability="false" gid="5005" group="" idds-hardware-name="SCUTRDEMO_Ch05" is-continuous-log="true" is-critical="false" is-enabled="true" logical-id="scutrsim" partition="Streaming" quality-ceiling="good" rtd-reference-channel="" signal-id="" subsystem-name="IDDS" subsystem-type="iDDS" topic="ParameterDataSeries">
                    <alarm-limits/>
                </instance>
                <instance name="EMSParm_431" acquisition-rate="10" alternate-name="" calibration-group="" calibration-sensor="" customer-sensor="" data-type="float" deadband="0" description="" display-format="4.2f" display-range-maximum="100" display-range-minimum="0" domain-id="10" engineering-unit="%" export-for-steady-state="true" fixed-sensor="" fullset-stability="false" gid="2431" group="" idds-hardware-name="EMSParm_431" is-continuous-log="true" is-critical="false" is-enabled="true" logical-id="devEMS" partition="Streaming" quality-ceiling="good" rtd-reference-channel="" signal-id="" subsystem-name="IDDS" subsystem-type="iDDS" topic="ParameterDataSeries">
                    <alarm-limits/>
                </instance>
                <instance name="EMSParm_177" acquisition-rate="10" alternate-name="" calibration-group="" calibration-sensor="" customer-sensor="" data-type="float" deadband="0" description="" display-format="4.2f" display-range-maximum="100" display-range-minimum="0" domain-id="10" engineering-unit="%" export-for-steady-state="true" fixed-sensor="" fullset-stability="false" gid="2177" group="" idds-hardware-name="EMSParm_177" is-continuous-log="true" is-critical="false" is-enabled="true" logical-id="devEMS" partition="Streaming" quality-ceiling="good" rtd-reference-channel="" signal-id="" subsystem-name="IDDS" subsystem-type="iDDS" topic="ParameterDataSeries">
                    <alarm-limits/>
                </instance>
                <instance name="T000053" acquisition-rate="10" alternate-name="" calibration-group="" calibration-sensor="" customer-sensor="" data-type="float" deadband="0" description="" display-format="4.2f" display-range-maximum="100" display-range-minimum="0" domain-id="2" engineering-unit="degC" export-for-steady-state="true" fixed-sensor="" fullset-stability="false" gid="5053" group="" idds-hardware-name="SCUTRDEMO_Ch53" is-continuous-log="true" is-critical="false" is-enabled="true" logical-id="scutrsim" partition="Streaming" quality-ceiling="good" rtd-reference-channel="" signal-id="" subsystem-name="IDDS" subsystem-type="iDDS" topic="ParameterDataSeries">
                    <alarm-limits/>
                </instance>
                <instance name="EMSParm_366" acquisition-rate="10" alternate-name="" calibration-group="" calibration-sensor="" customer-sensor="" data-type="float" deadband="0" description="" display-format="4.2f" display-range-maximum="100" display-range-minimum="0" domain-id="10" engineering-unit="%" export-for-steady-state="true" fixed-sensor="" fullset-stability="false" gid="2366" group="" idds-hardware-name="EMSParm_366" is-continuous-log="true" is-critical="false" is-enabled="true" logical-id="devEMS" partition="Streaming" quality-ceiling="good" rtd-reference-channel="" signal-id="" subsystem-name="IDDS" subsystem-type="iDDS" topic="ParameterDataSeries">
                    <alarm-limits/>
                </instance>
                <instance name="EMSParm_1566" acquisition-rate="10" alternate-name="" calibration-group="" calibration-sensor="" customer-sensor="" data-type="float" deadband="0" description="" display-format="4.2f" display-range-maximum="100" display-range-minimum="0" domain-id="10" engineering-unit="%" export-for-steady-state="true" fixed-sensor="" fullset-stability="false" gid="3566" group="" idds-hardware-name="EMSParm_1566" is-continuous-log="true" is-critical="false" is-enabled="true" logical-id="devEMS" partition="Streaming" quality-ceiling="good" rtd-reference-channel="" signal-id="" subsystem-name="IDDS" subsystem-type="iDDS" topic="ParameterDataSeries">
                    <alarm-limits/>
                </instance>
                <instance name="EMSParm_568" acquisition-rate="10" alternate-name="" calibration-group="" calibration-sensor="" customer-sensor="" data-type="float" deadband="0" description="" display-format="4.2f" display-range-maximum="100" display-range-minimum="0" domain-id="10" engineering-unit="%" export-for-steady-state="true" fixed-sensor="" fullset-stability="false" gid="2568" group="" idds-hardware-name="EMSParm_568" is-continuous-log="true" is-critical="false" is-enabled="true" logical-id="devEMS" partition="Streaming" quality-ceiling="good" rtd-reference-channel="" signal-id="" subsystem-name="IDDS" subsystem-type="iDDS" topic="ParameterDataSeries">
                    <alarm-limits/>
                </instance>
                <instance name="EMSParm_1010" acquisition-rate="10" alternate-name="" calibration-group="" calibration-sensor="" customer-sensor="" data-type="float" deadband="0" description="" display-format="4.2f" display-range-maximum="100" display-range-minimum="0" domain-id="10" engineering-unit="%" export-for-steady-state="true" fixed-sensor="" fullset-stability="false" gid="3010" group="" idds-hardware-name="EMSParm_1010" is-continuous-log="true" is-critical="false" is-enabled="true" logical-id="devEMS" partition="Streaming" quality-ceiling="good" rtd-reference-channel="" signal-id="" subsystem-name="IDDS" subsystem-type="iDDS" topic="ParameterDataSeries">
                    <alarm-limits/>
                </instance>
                <instance name="EMSParm_69" acquisition-rate="10" alternate-name="" calibration-group="" calibration-sensor="" customer-sensor="" data-type="float" deadband="0" description="" display-format="4.2f" display-range-maximum="100" display-range-minimum="0" domain-id="10" engineering-unit="%" export-for-steady-state="true" fixed-sensor="" fullset-stability="false" gid="2069" group="" idds-hardware-name="EMSParm_69" is-continuous-log="true" is-critical="false" is-enabled="true" logical-id="devEMS" partition="Streaming" quality-ceiling="good" rtd-reference-channel="" signal-id="" subsystem-name="IDDS" subsystem-type="iDDS" topic="ParameterDataSeries">
                    <alarm-limits/>
                </instance>
                <instance name="EMSParm_1438" acquisition-rate="10" alternate-name="" calibration-group="" calibration-sensor="" customer-sensor="" data-type="float" deadband="0" description="" display-format="4.2f" display-range-maximum="100" display-range-minimum="0" domain-id="10" engineering-unit="%" export-for-steady-state="true" fixed-sensor="" fullset-stability="false" gid="3438" group="" idds-hardware-name="EMSParm_1438" is-continuous-log="true" is-critical="false" is-enabled="true" logical-id="devEMS" partition="Streaming" quality-ceiling="good" rtd-reference-channel="" signal-id="" subsystem-name="IDDS" subsystem-type="iDDS" topic="ParameterDataSeries">
                    <alarm-limits/>
                </instance>
                <instance name="EMSParm_1523" acquisition-rate="10" alternate-name="" calibration-group="" calibration-sensor="" customer-sensor="" data-type="float" deadband="0" description="" display-format="4.2f" display-range-maximum="100" display-range-minimum="0" domain-id="10" engineering-unit="%" export-for-steady-state="true" fixed-sensor="" fullset-stability="false" gid="3523" group="" idds-hardware-name="EMSParm_1523" is-continuous-log="true" is-critical="false" is-enabled="true" logical-id="devEMS" partition="Streaming" quality-ceiling="good" rtd-reference-channel="" signal-id="" subsystem-name="IDDS" subsystem-type="iDDS" topic="ParameterDataSeries">
                    <alarm-limits/>
                </instance>
                <instance name="EMSParm_58" acquisition-rate="10" alternate-name="" calibration-group="" calibration-sensor="" customer-sensor="" data-type="float" deadband="0" description="" display-format="4.2f" display-range-maximum="100" display-range-minimum="0" domain-id="10" engineering-unit="%" export-for-steady-state="true" fixed-sensor="" fullset-stability="false" gid="2058" group="" idds-hardware-name="EMSParm_58" is-continuous-log="true" is-critical="false" is-enabled="true" logical-id="devEMS" partition="Streaming" quality-ceiling="good" rtd-reference-channel="" signal-id="" subsystem-name="IDDS" subsystem-type="iDDS" topic="ParameterDataSeries">
                    <alarm-limits/>
                </instance>
                <instance name="dnaDIO00010" acquisition-rate="200" alternate-name="" calibration-group="" calibration-sensor="" customer-sensor="" data-type="float" deadband="0" description="Input channel 10" display-format="4.2f" display-range-maximum="100" display-range-minimum="0" domain-id="3" engineering-unit="V" export-for-steady-state="true" fixed-sensor="" fullset-stability="false" gid="10" group="" idds-hardware-name="dev03/ch00010" is-continuous-log="true" is-critical="false" is-enabled="true" logical-id="devCube999" partition="Streaming" quality-ceiling="good" rtd-reference-channel="" signal-id="" subsystem-name="IDDS" subsystem-type="iDDS" topic="ParameterDataValue">
                    <alarm-limits/>
                </instance>
                <instance name="EMSParm_549" acquisition-rate="10" alternate-name="" calibration-group="" calibration-sensor="" customer-sensor="" data-type="float" deadband="0" description="" display-format="4.2f" display-range-maximum="100" display-range-minimum="0" domain-id="10" engineering-unit="%" export-for-steady-state="true" fixed-sensor="" fullset-stability="false" gid="2549" group="" idds-hardware-name="EMSParm_549" is-continuous-log="true" is-critical="false" is-enabled="true" logical-id="devEMS" partition="Streaming" quality-ceiling="good" rtd-reference-channel="" signal-id="" subsystem-name="IDDS" subsystem-type="iDDS" topic="ParameterDataSeries">
                    <alarm-limits/>
                </instance>
                <instance name="EMSParm_132" acquisition-rate="10" alternate-name="" calibration-group="" calibration-sensor="" customer-sensor="" data-type="float" deadband="0" description="" display-format="4.2f" display-range-maximum="100" display-range-minimum="0" domain-id="10" engineering-unit="%" export-for-steady-state="true" fixed-sensor="" fullset-stability="false" gid="2132" group="" idds-hardware-name="EMSParm_132" is-continuous-log="true" is-critical="false" is-enabled="true" logical-id="devEMS" partition="Streaming" quality-ceiling="good" rtd-reference-channel="" signal-id="" subsystem-name="IDDS" subsystem-type="iDDS" topic="ParameterDataSeries">
                    <alarm-limits/>
                </instance>
                <instance name="EMSParm_933" acquisition-rate="10" alternate-name="" calibration-group="" calibration-sensor="" customer-sensor="" data-type="float" deadband="0" description="" display-format="4.2f" display-range-maximum="100" display-range-minimum="0" domain-id="10" engineering-unit="%" export-for-steady-state="true" fixed-sensor="" fullset-stability="false" gid="2933" group="" idds-hardware-name="EMSParm_933" is-continuous-log="true" is-critical="false" is-enabled="true" logical-id="devEMS" partition="Streaming" quality-ceiling="good" rtd-reference-channel="" signal-id="" subsystem-name="IDDS" subsystem-type="iDDS" topic="ParameterDataSeries">
                    <alarm-limits/>
                </instance>
                <instance name="EMSParm_35" acquisition-rate="10" alternate-name="" calibration-group="" calibration-sensor="" customer-sensor="" data-type="float" deadband="0" description="" display-format="4.2f" display-range-maximum="100" display-range-minimum="0" domain-id="10" engineering-unit="%" export-for-steady-state="true" fixed-sensor="" fullset-stability="false" gid="2035" group="" idds-hardware-name="EMSParm_35" is-continuous-log="true" is-critical="false" is-enabled="true" logical-id="devEMS" partition="Streaming" quality-ceiling="good" rtd-reference-channel="" signal-id="" subsystem-name="IDDS" subsystem-type="iDDS" topic="ParameterDataSeries">
                    <alarm-limits/>
                </instance>
                <instance name="EMSParm_506" acquisition-rate="10" alternate-name="" calibration-group="" calibration-sensor="" customer-sensor="" data-type="float" deadband="0" description="" display-format="4.2f" display-range-maximum="100" display-range-minimum="0" domain-id="10" engineering-unit="%" export-for-steady-state="true" fixed-sensor="" fullset-stability="false" gid="2506" group="" idds-hardware-name="EMSParm_506" is-continuous-log="true" is-critical="false" is-enabled="true" logical-id="devEMS" partition="Streaming" quality-ceiling="good" rtd-reference-channel="" signal-id="" subsystem-name="IDDS" subsystem-type="iDDS" topic="ParameterDataSeries">
                    <alarm-limits/>
                </instance>
                <instance name="EMSParm_1360" acquisition-rate="10" alternate-name="" calibration-group="" calibration-sensor="" customer-sensor="" data-type="float" deadband="0" description="" display-format="4.2f" display-range-maximum="100" display-range-minimum="0" domain-id="10" engineering-unit="%" export-for-steady-state="true" fixed-sensor="" fullset-stability="false" gid="3360" group="" idds-hardware-name="EMSParm_1360" is-continuous-log="true" is-critical="false" is-enabled="true" logical-id="devEMS" partition="Streaming" quality-ceiling="good" rtd-reference-channel="" signal-id="" subsystem-name="IDDS" subsystem-type="iDDS" topic="ParameterDataSeries">
                    <alarm-limits/>
                </instance>
                <instance name="EMSParm_1450" acquisition-rate="10" alternate-name="" calibration-group="" calibration-sensor="" customer-sensor="" data-type="float" deadband="0" description="" display-format="4.2f" display-range-maximum="100" display-range-minimum="0" domain-id="10" engineering-unit="%" export-for-steady-state="true" fixed-sensor="" fullset-stability="false" gid="3450" group="" idds-hardware-name="EMSParm_1450" is-continuous-log="true" is-critical="false" is-enabled="true" logical-id="devEMS" partition="Streaming" quality-ceiling="good" rtd-reference-channel="" signal-id="" subsystem-name="IDDS" subsystem-type="iDDS" topic="ParameterDataSeries">
                    <alarm-limits/>
                </instance>
                <instance name="pb91162ch6" acquisition-rate="1" alternate-name="" calibration-group="" calibration-sensor="" customer-sensor="" data-type="float" deadband="0" description="" display-format="4.2f" display-range-maximum="100" display-range-minimum="0" domain-id="2" engineering-unit="psi" export-for-steady-state="true" fixed-sensor="" fullset-stability="false" gid="-1" group="" idds-hardware-name="" is-continuous-log="true" is-critical="false" is-enabled="true" is-output="false" logical-id="" partition="" pbs-amb-press-channel="" pbs-avg-samples="4" pbs-input-type="pressure" pbs-port="6" pbs-serial-number="PB8793" quality-ceiling="good" rtd-reference-channel="" signal-id="" subsystem-name="PBS" subsystem-type="pbs" topic="">
                    <alarm-limits/>
                </instance>
                <instance name="EMSParm_1513" acquisition-rate="10" alternate-name="" calibration-group="" calibration-sensor="" customer-sensor="" data-type="float" deadband="0" description="" display-format="4.2f" display-range-maximum="100" display-range-minimum="0" domain-id="10" engineering-unit="%" export-for-steady-state="true" fixed-sensor="" fullset-stability="false" gid="3513" group="" idds-hardware-name="EMSParm_1513" is-continuous-log="true" is-critical="false" is-enabled="true" logical-id="devEMS" partition="Streaming" quality-ceiling="good" rtd-reference-channel="" signal-id="" subsystem-name="IDDS" subsystem-type="iDDS" topic="ParameterDataSeries">
                    <alarm-limits/>
                </instance>
                <instance name="EMSParm_436" acquisition-rate="10" alternate-name="" calibration-group="" calibration-sensor="" customer-sensor="" data-type="float" deadband="0" description="" display-format="4.2f" display-range-maximum="100" display-range-minimum="0" domain-id="10" engineering-unit="%" export-for-steady-state="true" fixed-sensor="" fullset-stability="false" gid="2436" group="" idds-hardware-name="EMSParm_436" is-continuous-log="true" is-critical="false" is-enabled="true" logical-id="devEMS" partition="Streaming" quality-ceiling="good" rtd-reference-channel="" signal-id="" subsystem-name="IDDS" subsystem-type="iDDS" topic="ParameterDataSeries">
                    <alarm-limits/>
                </instance>
                <instance name="EMSParm_624" acquisition-rate="10" alternate-name="" calibration-group="" calibration-sensor="" customer-sensor="" data-type="float" deadband="0" description="" display-format="4.2f" display-range-maximum="100" display-range-minimum="0" domain-id="10" engineering-unit="%" export-for-steady-state="true" fixed-sensor="" fullset-stability="false" gid="2624" group="" idds-hardware-name="EMSParm_624" is-continuous-log="true" is-critical="false" is-enabled="true" logical-id="devEMS" partition="Streaming" quality-ceiling="good" rtd-reference-channel="" signal-id="" subsystem-name="IDDS" subsystem-type="iDDS" topic="ParameterDataSeries">
                    <alarm-limits/>
                </instance>
                <instance name="EMSParm_387" acquisition-rate="10" alternate-name="" calibration-group="" calibration-sensor="" customer-sensor="" data-type="float" deadband="0" description="" display-format="4.2f" display-range-maximum="100" display-range-minimum="0" domain-id="10" engineering-unit="%" export-for-steady-state="true" fixed-sensor="" fullset-stability="false" gid="2387" group="" idds-hardware-name="EMSParm_387" is-continuous-log="true" is-critical="false" is-enabled="true" logical-id="devEMS" partition="Streaming" quality-ceiling="good" rtd-reference-channel="" signal-id="" subsystem-name="IDDS" subsystem-type="iDDS" topic="ParameterDataSeries">
                    <alarm-limits/>
                </instance>
                <instance name="EMSParm_601" acquisition-rate="10" alternate-name="" calibration-group="" calibration-sensor="" customer-sensor="" data-type="float" deadband="0" description="" display-format="4.2f" display-range-maximum="100" display-range-minimum="0" domain-id="10" engineering-unit="%" export-for-steady-state="true" fixed-sensor="" fullset-stability="false" gid="2601" group="" idds-hardware-name="EMSParm_601" is-continuous-log="true" is-critical="false" is-enabled="true" logical-id="devEMS" partition="Streaming" quality-ceiling="good" rtd-reference-channel="" signal-id="" subsystem-name="IDDS" subsystem-type="iDDS" topic="ParameterDataSeries">
                    <alarm-limits/>
                </instance>
                <instance name="EMSParm_1158" acquisition-rate="10" alternate-name="" calibration-group="" calibration-sensor="" customer-sensor="" data-type="float" deadband="0" description="" display-format="4.2f" display-range-maximum="100" display-range-minimum="0" domain-id="10" engineering-unit="%" export-for-steady-state="true" fixed-sensor="" fullset-stability="false" gid="3158" group="" idds-hardware-name="EMSParm_1158" is-continuous-log="true" is-critical="false" is-enabled="true" logical-id="devEMS" partition="Streaming" quality-ceiling="good" rtd-reference-channel="" signal-id="" subsystem-name="IDDS" subsystem-type="iDDS" topic="ParameterDataSeries">
                    <alarm-limits/>
                </instance>
                <instance name="EMSParm_812" acquisition-rate="10" alternate-name="" calibration-group="" calibration-sensor="" customer-sensor="" data-type="float" deadband="0" description="" display-format="4.2f" display-range-maximum="100" display-range-minimum="0" domain-id="10" engineering-unit="%" export-for-steady-state="true" fixed-sensor="" fullset-stability="false" gid="2812" group="" idds-hardware-name="EMSParm_812" is-continuous-log="true" is-critical="false" is-enabled="true" logical-id="devEMS" partition="Streaming" quality-ceiling="good" rtd-reference-channel="" signal-id="" subsystem-name="IDDS" subsystem-type="iDDS" topic="ParameterDataSeries">
                    <alarm-limits/>
                </instance>
                <instance name="dnaAI00002" acquisition-rate="200" alternate-name="" calibration-group="" calibration-sensor="" customer-sensor="" data-type="float" deadband="0" description="Input channel 2" display-format="4.2f" display-range-maximum="100" display-range-minimum="0" domain-id="3" engineering-unit="V" export-for-steady-state="true" fixed-sensor="" fullset-stability="false" gid="218" group="" idds-hardware-name="dev01/ch00002" is-continuous-log="true" is-critical="true" is-enabled="true" logical-id="devCube999" partition="Streaming" quality-ceiling="good" rtd-reference-channel="" signal-id="" subsystem-name="IDDS" subsystem-type="iDDS" topic="ParameterDataValue">
                    <alarm-limits/>
                </instance>
                <instance name="EMSParm_816" acquisition-rate="10" alternate-name="" calibration-group="" calibration-sensor="" customer-sensor="" data-type="float" deadband="0" description="" display-format="4.2f" display-range-maximum="100" display-range-minimum="0" domain-id="10" engineering-unit="%" export-for-steady-state="true" fixed-sensor="" fullset-stability="false" gid="2816" group="" idds-hardware-name="EMSParm_816" is-continuous-log="true" is-critical="false" is-enabled="true" logical-id="devEMS" partition="Streaming" quality-ceiling="good" rtd-reference-channel="" signal-id="" subsystem-name="IDDS" subsystem-type="iDDS" topic="ParameterDataSeries">
                    <alarm-limits/>
                </instance>
                <instance name="EMSParm_952" acquisition-rate="10" alternate-name="" calibration-group="" calibration-sensor="" customer-sensor="" data-type="float" deadband="0" description="" display-format="4.2f" display-range-maximum="100" display-range-minimum="0" domain-id="10" engineering-unit="%" export-for-steady-state="true" fixed-sensor="" fullset-stability="false" gid="2952" group="" idds-hardware-name="EMSParm_952" is-continuous-log="true" is-critical="false" is-enabled="true" logical-id="devEMS" partition="Streaming" quality-ceiling="good" rtd-reference-channel="" signal-id="" subsystem-name="IDDS" subsystem-type="iDDS" topic="ParameterDataSeries">
                    <alarm-limits/>
                </instance>
                <instance name="EMSParm_817" acquisition-rate="10" alternate-name="" calibration-group="" calibration-sensor="" customer-sensor="" data-type="float" deadband="0" description="" display-format="4.2f" display-range-maximum="100" display-range-minimum="0" domain-id="10" engineering-unit="%" export-for-steady-state="true" fixed-sensor="" fullset-stability="false" gid="2817" group="" idds-hardware-name="EMSParm_817" is-continuous-log="true" is-critical="false" is-enabled="true" logical-id="devEMS" partition="Streaming" quality-ceiling="good" rtd-reference-channel="" signal-id="" subsystem-name="IDDS" subsystem-type="iDDS" topic="ParameterDataSeries">
                    <alarm-limits/>
                </instance>
                <instance name="EMSParm_1312" acquisition-rate="10" alternate-name="" calibration-group="" calibration-sensor="" customer-sensor="" data-type="float" deadband="0" description="" display-format="4.2f" display-range-maximum="100" display-range-minimum="0" domain-id="10" engineering-unit="%" export-for-steady-state="true" fixed-sensor="" fullset-stability="false" gid="3312" group="" idds-hardware-name="EMSParm_1312" is-continuous-log="true" is-critical="false" is-enabled="true" logical-id="devEMS" partition="Streaming" quality-ceiling="good" rtd-reference-channel="" signal-id="" subsystem-name="IDDS" subsystem-type="iDDS" topic="ParameterDataSeries">
                    <alarm-limits/>
                </instance>
                <instance name="EMSParm_135" acquisition-rate="10" alternate-name="" calibration-group="" calibration-sensor="" customer-sensor="" data-type="float" deadband="0" description="" display-format="4.2f" display-range-maximum="100" display-range-minimum="0" domain-id="10" engineering-unit="%" export-for-steady-state="true" fixed-sensor="" fullset-stability="false" gid="2135" group="" idds-hardware-name="EMSParm_135" is-continuous-log="true" is-critical="false" is-enabled="true" logical-id="devEMS" partition="Streaming" quality-ceiling="good" rtd-reference-channel="" signal-id="" subsystem-name="IDDS" subsystem-type="iDDS" topic="ParameterDataSeries">
                    <alarm-limits/>
                </instance>
                <instance name="EMSParm_736" acquisition-rate="10" alternate-name="" calibration-group="" calibration-sensor="" customer-sensor="" data-type="float" deadband="0" description="" display-format="4.2f" display-range-maximum="100" display-range-minimum="0" domain-id="10" engineering-unit="%" export-for-steady-state="true" fixed-sensor="" fullset-stability="false" gid="2736" group="" idds-hardware-name="EMSParm_736" is-continuous-log="true" is-critical="false" is-enabled="true" logical-id="devEMS" partition="Streaming" quality-ceiling="good" rtd-reference-channel="" signal-id="" subsystem-name="IDDS" subsystem-type="iDDS" topic="ParameterDataSeries">
                    <alarm-limits/>
                </instance>
                <instance name="EMSParm_883" acquisition-rate="10" alternate-name="" calibration-group="" calibration-sensor="" customer-sensor="" data-type="float" deadband="0" description="" display-format="4.2f" display-range-maximum="100" display-range-minimum="0" domain-id="10" engineering-unit="%" export-for-steady-state="true" fixed-sensor="" fullset-stability="false" gid="2883" group="" idds-hardware-name="EMSParm_883" is-continuous-log="true" is-critical="false" is-enabled="true" logical-id="devEMS" partition="Streaming" quality-ceiling="good" rtd-reference-channel="" signal-id="" subsystem-name="IDDS" subsystem-type="iDDS" topic="ParameterDataSeries">
                    <alarm-limits/>
                </instance>
                <instance name="EMSParm_285" acquisition-rate="10" alternate-name="" calibration-group="" calibration-sensor="" customer-sensor="" data-type="float" deadband="0" description="" display-format="4.2f" display-range-maximum="100" display-range-minimum="0" domain-id="10" engineering-unit="%" export-for-steady-state="true" fixed-sensor="" fullset-stability="false" gid="2285" group="" idds-hardware-name="EMSParm_285" is-continuous-log="true" is-critical="false" is-enabled="true" logical-id="devEMS" partition="Streaming" quality-ceiling="good" rtd-reference-channel="" signal-id="" subsystem-name="IDDS" subsystem-type="iDDS" topic="ParameterDataSeries">
                    <alarm-limits/>
                </instance>
                <instance name="EMSParm_1599" acquisition-rate="10" alternate-name="" calibration-group="" calibration-sensor="" customer-sensor="" data-type="float" deadband="0" description="" display-format="4.2f" display-range-maximum="100" display-range-minimum="0" domain-id="10" engineering-unit="%" export-for-steady-state="true" fixed-sensor="" fullset-stability="false" gid="3599" group="" idds-hardware-name="EMSParm_1599" is-continuous-log="true" is-critical="false" is-enabled="true" logical-id="devEMS" partition="Streaming" quality-ceiling="good" rtd-reference-channel="" signal-id="" subsystem-name="IDDS" subsystem-type="iDDS" topic="ParameterDataSeries">
                    <alarm-limits/>
                </instance>
                <instance name="EMSParm_496" acquisition-rate="10" alternate-name="" calibration-group="" calibration-sensor="" customer-sensor="" data-type="float" deadband="0" description="" display-format="4.2f" display-range-maximum="100" display-range-minimum="0" domain-id="10" engineering-unit="%" export-for-steady-state="true" fixed-sensor="" fullset-stability="false" gid="2496" group="" idds-hardware-name="EMSParm_496" is-continuous-log="true" is-critical="false" is-enabled="true" logical-id="devEMS" partition="Streaming" quality-ceiling="good" rtd-reference-channel="" signal-id="" subsystem-name="IDDS" subsystem-type="iDDS" topic="ParameterDataSeries">
                    <alarm-limits/>
                </instance>
                <instance name="EMSParm_800" acquisition-rate="10" alternate-name="" calibration-group="" calibration-sensor="" customer-sensor="" data-type="float" deadband="0" description="" display-format="4.2f" display-range-maximum="100" display-range-minimum="0" domain-id="10" engineering-unit="%" export-for-steady-state="true" fixed-sensor="" fullset-stability="false" gid="2800" group="" idds-hardware-name="EMSParm_800" is-continuous-log="true" is-critical="false" is-enabled="true" logical-id="devEMS" partition="Streaming" quality-ceiling="good" rtd-reference-channel="" signal-id="" subsystem-name="IDDS" subsystem-type="iDDS" topic="ParameterDataSeries">
                    <alarm-limits/>
                </instance>
                <instance name="EMSParm_959" acquisition-rate="10" alternate-name="" calibration-group="" calibration-sensor="" customer-sensor="" data-type="float" deadband="0" description="" display-format="4.2f" display-range-maximum="100" display-range-minimum="0" domain-id="10" engineering-unit="%" export-for-steady-state="true" fixed-sensor="" fullset-stability="false" gid="2959" group="" idds-hardware-name="EMSParm_959" is-continuous-log="true" is-critical="false" is-enabled="true" logical-id="devEMS" partition="Streaming" quality-ceiling="good" rtd-reference-channel="" signal-id="" subsystem-name="IDDS" subsystem-type="iDDS" topic="ParameterDataSeries">
                    <alarm-limits/>
                </instance>
                <instance name="EMSParm_386" acquisition-rate="10" alternate-name="" calibration-group="" calibration-sensor="" customer-sensor="" data-type="float" deadband="0" description="" display-format="4.2f" display-range-maximum="100" display-range-minimum="0" domain-id="10" engineering-unit="%" export-for-steady-state="true" fixed-sensor="" fullset-stability="false" gid="2386" group="" idds-hardware-name="EMSParm_386" is-continuous-log="true" is-critical="false" is-enabled="true" logical-id="devEMS" partition="Streaming" quality-ceiling="good" rtd-reference-channel="" signal-id="" subsystem-name="IDDS" subsystem-type="iDDS" topic="ParameterDataSeries">
                    <alarm-limits/>
                </instance>
                <instance name="EMSParm_1314" acquisition-rate="10" alternate-name="" calibration-group="" calibration-sensor="" customer-sensor="" data-type="float" deadband="0" description="" display-format="4.2f" display-range-maximum="100" display-range-minimum="0" domain-id="10" engineering-unit="%" export-for-steady-state="true" fixed-sensor="" fullset-stability="false" gid="3314" group="" idds-hardware-name="EMSParm_1314" is-continuous-log="true" is-critical="false" is-enabled="true" logical-id="devEMS" partition="Streaming" quality-ceiling="good" rtd-reference-channel="" signal-id="" subsystem-name="IDDS" subsystem-type="iDDS" topic="ParameterDataSeries">
                    <alarm-limits/>
                </instance>
                <instance name="EMSParm_1244" acquisition-rate="10" alternate-name="" calibration-group="" calibration-sensor="" customer-sensor="" data-type="float" deadband="0" description="" display-format="4.2f" display-range-maximum="100" display-range-minimum="0" domain-id="10" engineering-unit="%" export-for-steady-state="true" fixed-sensor="" fullset-stability="false" gid="3244" group="" idds-hardware-name="EMSParm_1244" is-continuous-log="true" is-critical="false" is-enabled="true" logical-id="devEMS" partition="Streaming" quality-ceiling="good" rtd-reference-channel="" signal-id="" subsystem-name="IDDS" subsystem-type="iDDS" topic="ParameterDataSeries">
                    <alarm-limits/>
                </instance>
                <instance name="EMSParm_829" acquisition-rate="10" alternate-name="" calibration-group="" calibration-sensor="" customer-sensor="" data-type="float" deadband="0" description="" display-format="4.2f" display-range-maximum="100" display-range-minimum="0" domain-id="10" engineering-unit="%" export-for-steady-state="true" fixed-sensor="" fullset-stability="false" gid="2829" group="" idds-hardware-name="EMSParm_829" is-continuous-log="true" is-critical="false" is-enabled="true" logical-id="devEMS" partition="Streaming" quality-ceiling="good" rtd-reference-channel="" signal-id="" subsystem-name="IDDS" subsystem-type="iDDS" topic="ParameterDataSeries">
                    <alarm-limits/>
                </instance>
                <instance name="EMSParm_892" acquisition-rate="10" alternate-name="" calibration-group="" calibration-sensor="" customer-sensor="" data-type="float" deadband="0" description="" display-format="4.2f" display-range-maximum="100" display-range-minimum="0" domain-id="10" engineering-unit="%" export-for-steady-state="true" fixed-sensor="" fullset-stability="false" gid="2892" group="" idds-hardware-name="EMSParm_892" is-continuous-log="true" is-critical="false" is-enabled="true" logical-id="devEMS" partition="Streaming" quality-ceiling="good" rtd-reference-channel="" signal-id="" subsystem-name="IDDS" subsystem-type="iDDS" topic="ParameterDataSeries">
                    <alarm-limits/>
                </instance>
                <instance name="EMSParm_76" acquisition-rate="10" alternate-name="" calibration-group="" calibration-sensor="" customer-sensor="" data-type="float" deadband="0" description="" display-format="4.2f" display-range-maximum="100" display-range-minimum="0" domain-id="10" engineering-unit="%" export-for-steady-state="true" fixed-sensor="" fullset-stability="false" gid="2076" group="" idds-hardware-name="EMSParm_76" is-continuous-log="true" is-critical="false" is-enabled="true" logical-id="devEMS" partition="Streaming" quality-ceiling="good" rtd-reference-channel="" signal-id="" subsystem-name="IDDS" subsystem-type="iDDS" topic="ParameterDataSeries">
                    <alarm-limits/>
                </instance>
                <instance name="EMSParm_230" acquisition-rate="10" alternate-name="" calibration-group="" calibration-sensor="" customer-sensor="" data-type="float" deadband="0" description="" display-format="4.2f" display-range-maximum="100" display-range-minimum="0" domain-id="10" engineering-unit="%" export-for-steady-state="true" fixed-sensor="" fullset-stability="false" gid="2230" group="" idds-hardware-name="EMSParm_230" is-continuous-log="true" is-critical="false" is-enabled="true" logical-id="devEMS" partition="Streaming" quality-ceiling="good" rtd-reference-channel="" signal-id="" subsystem-name="IDDS" subsystem-type="iDDS" topic="ParameterDataSeries">
                    <alarm-limits/>
                </instance>
                <instance name="EMSParm_214" acquisition-rate="10" alternate-name="" calibration-group="" calibration-sensor="" customer-sensor="" data-type="float" deadband="0" description="" display-format="4.2f" display-range-maximum="100" display-range-minimum="0" domain-id="10" engineering-unit="%" export-for-steady-state="true" fixed-sensor="" fullset-stability="false" gid="2214" group="" idds-hardware-name="EMSParm_214" is-continuous-log="true" is-critical="false" is-enabled="true" logical-id="devEMS" partition="Streaming" quality-ceiling="good" rtd-reference-channel="" signal-id="" subsystem-name="IDDS" subsystem-type="iDDS" topic="ParameterDataSeries">
                    <alarm-limits/>
                </instance>
                <instance name="EMSParm_409" acquisition-rate="10" alternate-name="" calibration-group="" calibration-sensor="" customer-sensor="" data-type="float" deadband="0" description="" display-format="4.2f" display-range-maximum="100" display-range-minimum="0" domain-id="10" engineering-unit="%" export-for-steady-state="true" fixed-sensor="" fullset-stability="false" gid="2409" group="" idds-hardware-name="EMSParm_409" is-continuous-log="true" is-critical="false" is-enabled="true" logical-id="devEMS" partition="Streaming" quality-ceiling="good" rtd-reference-channel="" signal-id="" subsystem-name="IDDS" subsystem-type="iDDS" topic="ParameterDataSeries">
                    <alarm-limits/>
                </instance>
                <instance name="EMSParm_507" acquisition-rate="10" alternate-name="" calibration-group="" calibration-sensor="" customer-sensor="" data-type="float" deadband="0" description="" display-format="4.2f" display-range-maximum="100" display-range-minimum="0" domain-id="10" engineering-unit="%" export-for-steady-state="true" fixed-sensor="" fullset-stability="false" gid="2507" group="" idds-hardware-name="EMSParm_507" is-continuous-log="true" is-critical="false" is-enabled="true" logical-id="devEMS" partition="Streaming" quality-ceiling="good" rtd-reference-channel="" signal-id="" subsystem-name="IDDS" subsystem-type="iDDS" topic="ParameterDataSeries">
                    <alarm-limits/>
                </instance>
                <instance name="EMSParm_1548" acquisition-rate="10" alternate-name="" calibration-group="" calibration-sensor="" customer-sensor="" data-type="float" deadband="0" description="" display-format="4.2f" display-range-maximum="100" display-range-minimum="0" domain-id="10" engineering-unit="%" export-for-steady-state="true" fixed-sensor="" fullset-stability="false" gid="3548" group="" idds-hardware-name="EMSParm_1548" is-continuous-log="true" is-critical="false" is-enabled="true" logical-id="devEMS" partition="Streaming" quality-ceiling="good" rtd-reference-channel="" signal-id="" subsystem-name="IDDS" subsystem-type="iDDS" topic="ParameterDataSeries">
                    <alarm-limits/>
                </instance>
                <instance name="EMSParm_501" acquisition-rate="10" alternate-name="" calibration-group="" calibration-sensor="" customer-sensor="" data-type="float" deadband="0" description="" display-format="4.2f" display-range-maximum="100" display-range-minimum="0" domain-id="10" engineering-unit="%" export-for-steady-state="true" fixed-sensor="" fullset-stability="false" gid="2501" group="" idds-hardware-name="EMSParm_501" is-continuous-log="true" is-critical="false" is-enabled="true" logical-id="devEMS" partition="Streaming" quality-ceiling="good" rtd-reference-channel="" signal-id="" subsystem-name="IDDS" subsystem-type="iDDS" topic="ParameterDataSeries">
                    <alarm-limits/>
                </instance>
                <instance name="EMSParm_1479" acquisition-rate="10" alternate-name="" calibration-group="" calibration-sensor="" customer-sensor="" data-type="float" deadband="0" description="" display-format="4.2f" display-range-maximum="100" display-range-minimum="0" domain-id="10" engineering-unit="%" export-for-steady-state="true" fixed-sensor="" fullset-stability="false" gid="3479" group="" idds-hardware-name="EMSParm_1479" is-continuous-log="true" is-critical="false" is-enabled="true" logical-id="devEMS" partition="Streaming" quality-ceiling="good" rtd-reference-channel="" signal-id="" subsystem-name="IDDS" subsystem-type="iDDS" topic="ParameterDataSeries">
                    <alarm-limits/>
                </instance>
                <instance name="EMSParm_1428" acquisition-rate="10" alternate-name="" calibration-group="" calibration-sensor="" customer-sensor="" data-type="float" deadband="0" description="" display-format="4.2f" display-range-maximum="100" display-range-minimum="0" domain-id="10" engineering-unit="%" export-for-steady-state="true" fixed-sensor="" fullset-stability="false" gid="3428" group="" idds-hardware-name="EMSParm_1428" is-continuous-log="true" is-critical="false" is-enabled="true" logical-id="devEMS" partition="Streaming" quality-ceiling="good" rtd-reference-channel="" signal-id="" subsystem-name="IDDS" subsystem-type="iDDS" topic="ParameterDataSeries">
                    <alarm-limits/>
                </instance>
                <instance name="EMSParm_1435" acquisition-rate="10" alternate-name="" calibration-group="" calibration-sensor="" customer-sensor="" data-type="float" deadband="0" description="" display-format="4.2f" display-range-maximum="100" display-range-minimum="0" domain-id="10" engineering-unit="%" export-for-steady-state="true" fixed-sensor="" fullset-stability="false" gid="3435" group="" idds-hardware-name="EMSParm_1435" is-continuous-log="true" is-critical="false" is-enabled="true" logical-id="devEMS" partition="Streaming" quality-ceiling="good" rtd-reference-channel="" signal-id="" subsystem-name="IDDS" subsystem-type="iDDS" topic="ParameterDataSeries">
                    <alarm-limits/>
                </instance>
                <instance name="EMSParm_1199" acquisition-rate="10" alternate-name="" calibration-group="" calibration-sensor="" customer-sensor="" data-type="float" deadband="0" description="" display-format="4.2f" display-range-maximum="100" display-range-minimum="0" domain-id="10" engineering-unit="%" export-for-steady-state="true" fixed-sensor="" fullset-stability="false" gid="3199" group="" idds-hardware-name="EMSParm_1199" is-continuous-log="true" is-critical="false" is-enabled="true" logical-id="devEMS" partition="Streaming" quality-ceiling="good" rtd-reference-channel="" signal-id="" subsystem-name="IDDS" subsystem-type="iDDS" topic="ParameterDataSeries">
                    <alarm-limits/>
                </instance>
                <instance name="calcFn9" acquisition-rate="10" alternate-name="" calculated-equation="0.0" calculated-persistency="volatile" calibration-group="" calibration-sensor="" customer-sensor="" data-type="float" deadband="0" description="" display-format="4.2f" display-range-maximum="100" display-range-minimum="0" domain-id="4" engineering-unit="V" export-for-steady-state="true" fixed-sensor="" fullset-stability="false" gid="6022" group="" idds-hardware-name="calcFn9" is-continuous-log="true" is-critical="false" is-enabled="true" is-output="false" logical-id="RTE" partition="Streaming" quality-ceiling="good" rtd-reference-channel="" signal-id="" subsystem-name="calculated" subsystem-type="calculated" topic="ParameterDataValue">
                    <alarm-limits/>
                </instance>
                <instance name="EMSParm_1114" acquisition-rate="10" alternate-name="" calibration-group="" calibration-sensor="" customer-sensor="" data-type="float" deadband="0" description="" display-format="4.2f" display-range-maximum="100" display-range-minimum="0" domain-id="10" engineering-unit="%" export-for-steady-state="true" fixed-sensor="" fullset-stability="false" gid="3114" group="" idds-hardware-name="EMSParm_1114" is-continuous-log="true" is-critical="false" is-enabled="true" logical-id="devEMS" partition="Streaming" quality-ceiling="good" rtd-reference-channel="" signal-id="" subsystem-name="IDDS" subsystem-type="iDDS" topic="ParameterDataSeries">
                    <alarm-limits/>
                </instance>
                <instance name="EMSParm_1095" acquisition-rate="10" alternate-name="" calibration-group="" calibration-sensor="" customer-sensor="" data-type="float" deadband="0" description="" display-format="4.2f" display-range-maximum="100" display-range-minimum="0" domain-id="10" engineering-unit="%" export-for-steady-state="true" fixed-sensor="" fullset-stability="false" gid="3095" group="" idds-hardware-name="EMSParm_1095" is-continuous-log="true" is-critical="false" is-enabled="true" logical-id="devEMS" partition="Streaming" quality-ceiling="good" rtd-reference-channel="" signal-id="" subsystem-name="IDDS" subsystem-type="iDDS" topic="ParameterDataSeries">
                    <alarm-limits/>
                </instance>
                <instance name="EMSParm_1436" acquisition-rate="10" alternate-name="" calibration-group="" calibration-sensor="" customer-sensor="" data-type="float" deadband="0" description="" display-format="4.2f" display-range-maximum="100" display-range-minimum="0" domain-id="10" engineering-unit="%" export-for-steady-state="true" fixed-sensor="" fullset-stability="false" gid="3436" group="" idds-hardware-name="EMSParm_1436" is-continuous-log="true" is-critical="false" is-enabled="true" logical-id="devEMS" partition="Streaming" quality-ceiling="good" rtd-reference-channel="" signal-id="" subsystem-name="IDDS" subsystem-type="iDDS" topic="ParameterDataSeries">
                    <alarm-limits/>
                </instance>
                <instance name="EMSParm_1467" acquisition-rate="10" alternate-name="" calibration-group="" calibration-sensor="" customer-sensor="" data-type="float" deadband="0" description="" display-format="4.2f" display-range-maximum="100" display-range-minimum="0" domain-id="10" engineering-unit="%" export-for-steady-state="true" fixed-sensor="" fullset-stability="false" gid="3467" group="" idds-hardware-name="EMSParm_1467" is-continuous-log="true" is-critical="false" is-enabled="true" logical-id="devEMS" partition="Streaming" quality-ceiling="good" rtd-reference-channel="" signal-id="" subsystem-name="IDDS" subsystem-type="iDDS" topic="ParameterDataSeries">
                    <alarm-limits/>
                </instance>
                <instance name="EMSParm_1072" acquisition-rate="10" alternate-name="" calibration-group="" calibration-sensor="" customer-sensor="" data-type="float" deadband="0" description="" display-format="4.2f" display-range-maximum="100" display-range-minimum="0" domain-id="10" engineering-unit="%" export-for-steady-state="true" fixed-sensor="" fullset-stability="false" gid="3072" group="" idds-hardware-name="EMSParm_1072" is-continuous-log="true" is-critical="false" is-enabled="true" logical-id="devEMS" partition="Streaming" quality-ceiling="good" rtd-reference-channel="" signal-id="" subsystem-name="IDDS" subsystem-type="iDDS" topic="ParameterDataSeries">
                    <alarm-limits/>
                </instance>
                <instance name="EMSParm_266" acquisition-rate="10" alternate-name="" calibration-group="" calibration-sensor="" customer-sensor="" data-type="float" deadband="0" description="" display-format="4.2f" display-range-maximum="100" display-range-minimum="0" domain-id="10" engineering-unit="%" export-for-steady-state="true" fixed-sensor="" fullset-stability="false" gid="2266" group="" idds-hardware-name="EMSParm_266" is-continuous-log="true" is-critical="false" is-enabled="true" logical-id="devEMS" partition="Streaming" quality-ceiling="good" rtd-reference-channel="" signal-id="" subsystem-name="IDDS" subsystem-type="iDDS" topic="ParameterDataSeries">
                    <alarm-limits/>
                </instance>
                <instance name="EMSParm_174" acquisition-rate="10" alternate-name="" calibration-group="" calibration-sensor="" customer-sensor="" data-type="float" deadband="0" description="" display-format="4.2f" display-range-maximum="100" display-range-minimum="0" domain-id="10" engineering-unit="%" export-for-steady-state="true" fixed-sensor="" fullset-stability="false" gid="2174" group="" idds-hardware-name="EMSParm_174" is-continuous-log="true" is-critical="false" is-enabled="true" logical-id="devEMS" partition="Streaming" quality-ceiling="good" rtd-reference-channel="" signal-id="" subsystem-name="IDDS" subsystem-type="iDDS" topic="ParameterDataSeries">
                    <alarm-limits/>
                </instance>
                <instance name="EMSParm_1068" acquisition-rate="10" alternate-name="" calibration-group="" calibration-sensor="" customer-sensor="" data-type="float" deadband="0" description="" display-format="4.2f" display-range-maximum="100" display-range-minimum="0" domain-id="10" engineering-unit="%" export-for-steady-state="true" fixed-sensor="" fullset-stability="false" gid="3068" group="" idds-hardware-name="EMSParm_1068" is-continuous-log="true" is-critical="false" is-enabled="true" logical-id="devEMS" partition="Streaming" quality-ceiling="good" rtd-reference-channel="" signal-id="" subsystem-name="IDDS" subsystem-type="iDDS" topic="ParameterDataSeries">
                    <alarm-limits/>
                </instance>
                <instance name="EMSParm_1271" acquisition-rate="10" alternate-name="" calibration-group="" calibration-sensor="" customer-sensor="" data-type="float" deadband="0" description="" display-format="4.2f" display-range-maximum="100" display-range-minimum="0" domain-id="10" engineering-unit="%" export-for-steady-state="true" fixed-sensor="" fullset-stability="false" gid="3271" group="" idds-hardware-name="EMSParm_1271" is-continuous-log="true" is-critical="false" is-enabled="true" logical-id="devEMS" partition="Streaming" quality-ceiling="good" rtd-reference-channel="" signal-id="" subsystem-name="IDDS" subsystem-type="iDDS" topic="ParameterDataSeries">
                    <alarm-limits/>
                </instance>
                <instance name="EMSParm_1049" acquisition-rate="10" alternate-name="" calibration-group="" calibration-sensor="" customer-sensor="" data-type="float" deadband="0" description="" display-format="4.2f" display-range-maximum="100" display-range-minimum="0" domain-id="10" engineering-unit="%" export-for-steady-state="true" fixed-sensor="" fullset-stability="false" gid="3049" group="" idds-hardware-name="EMSParm_1049" is-continuous-log="true" is-critical="false" is-enabled="true" logical-id="devEMS" partition="Streaming" quality-ceiling="good" rtd-reference-channel="" signal-id="" subsystem-name="IDDS" subsystem-type="iDDS" topic="ParameterDataSeries">
                    <alarm-limits/>
                </instance>
                <instance name="EMSParm_233" acquisition-rate="10" alternate-name="" calibration-group="" calibration-sensor="" customer-sensor="" data-type="float" deadband="0" description="" display-format="4.2f" display-range-maximum="100" display-range-minimum="0" domain-id="10" engineering-unit="%" export-for-steady-state="true" fixed-sensor="" fullset-stability="false" gid="2233" group="" idds-hardware-name="EMSParm_233" is-continuous-log="true" is-critical="false" is-enabled="true" logical-id="devEMS" partition="Streaming" quality-ceiling="good" rtd-reference-channel="" signal-id="" subsystem-name="IDDS" subsystem-type="iDDS" topic="ParameterDataSeries">
                    <alarm-limits/>
                </instance>
                <instance name="EMSParm_1149" acquisition-rate="10" alternate-name="" calibration-group="" calibration-sensor="" customer-sensor="" data-type="float" deadband="0" description="" display-format="4.2f" display-range-maximum="100" display-range-minimum="0" domain-id="10" engineering-unit="%" export-for-steady-state="true" fixed-sensor="" fullset-stability="false" gid="3149" group="" idds-hardware-name="EMSParm_1149" is-continuous-log="true" is-critical="false" is-enabled="true" logical-id="devEMS" partition="Streaming" quality-ceiling="good" rtd-reference-channel="" signal-id="" subsystem-name="IDDS" subsystem-type="iDDS" topic="ParameterDataSeries">
                    <alarm-limits/>
                </instance>
                <instance name="EMSParm_1315" acquisition-rate="10" alternate-name="" calibration-group="" calibration-sensor="" customer-sensor="" data-type="float" deadband="0" description="" display-format="4.2f" display-range-maximum="100" display-range-minimum="0" domain-id="10" engineering-unit="%" export-for-steady-state="true" fixed-sensor="" fullset-stability="false" gid="3315" group="" idds-hardware-name="EMSParm_1315" is-continuous-log="true" is-critical="false" is-enabled="true" logical-id="devEMS" partition="Streaming" quality-ceiling="good" rtd-reference-channel="" signal-id="" subsystem-name="IDDS" subsystem-type="iDDS" topic="ParameterDataSeries">
                    <alarm-limits/>
                </instance>
                <instance name="EMSParm_865" acquisition-rate="10" alternate-name="" calibration-group="" calibration-sensor="" customer-sensor="" data-type="float" deadband="0" description="" display-format="4.2f" display-range-maximum="100" display-range-minimum="0" domain-id="10" engineering-unit="%" export-for-steady-state="true" fixed-sensor="" fullset-stability="false" gid="2865" group="" idds-hardware-name="EMSParm_865" is-continuous-log="true" is-critical="false" is-enabled="true" logical-id="devEMS" partition="Streaming" quality-ceiling="good" rtd-reference-channel="" signal-id="" subsystem-name="IDDS" subsystem-type="iDDS" topic="ParameterDataSeries">
                    <alarm-limits/>
                </instance>
                <instance name="calcFn4" acquisition-rate="10" alternate-name="" calculated-equation="0.0" calculated-persistency="volatile" calibration-group="" calibration-sensor="" customer-sensor="" data-type="float" deadband="0" description="" display-format="4.2f" display-range-maximum="100" display-range-minimum="0" domain-id="4" engineering-unit="V" export-for-steady-state="true" fixed-sensor="" fullset-stability="false" gid="6017" group="" idds-hardware-name="calcFn4" is-continuous-log="true" is-critical="false" is-enabled="true" is-output="false" logical-id="RTE" partition="Streaming" quality-ceiling="good" rtd-reference-channel="" signal-id="" subsystem-name="calculated" subsystem-type="calculated" topic="ParameterDataValue">
                    <alarm-limits/>
                </instance>
                <instance name="EMSParm_1503" acquisition-rate="10" alternate-name="" calibration-group="" calibration-sensor="" customer-sensor="" data-type="float" deadband="0" description="" display-format="4.2f" display-range-maximum="100" display-range-minimum="0" domain-id="10" engineering-unit="%" export-for-steady-state="true" fixed-sensor="" fullset-stability="false" gid="3503" group="" idds-hardware-name="EMSParm_1503" is-continuous-log="true" is-critical="false" is-enabled="true" logical-id="devEMS" partition="Streaming" quality-ceiling="good" rtd-reference-channel="" signal-id="" subsystem-name="IDDS" subsystem-type="iDDS" topic="ParameterDataSeries">
                    <alarm-limits/>
                </instance>
                <instance name="pb91162ch4" acquisition-rate="1" alternate-name="" calibration-group="" calibration-sensor="" customer-sensor="" data-type="float" deadband="0" description="" display-format="4.2f" display-range-maximum="100" display-range-minimum="0" domain-id="2" engineering-unit="psi" export-for-steady-state="true" fixed-sensor="" fullset-stability="false" gid="-1" group="" idds-hardware-name="" is-continuous-log="true" is-critical="false" is-enabled="true" is-output="false" logical-id="" partition="" pbs-amb-press-channel="" pbs-avg-samples="4" pbs-input-type="pressure" pbs-port="4" pbs-serial-number="PB8793" quality-ceiling="good" rtd-reference-channel="" signal-id="" subsystem-name="PBS" subsystem-type="pbs" topic="">
                    <alarm-limits/>
                </instance>
                <instance name="EMSParm_1285" acquisition-rate="10" alternate-name="" calibration-group="" calibration-sensor="" customer-sensor="" data-type="float" deadband="0" description="" display-format="4.2f" display-range-maximum="100" display-range-minimum="0" domain-id="10" engineering-unit="%" export-for-steady-state="true" fixed-sensor="" fullset-stability="false" gid="3285" group="" idds-hardware-name="EMSParm_1285" is-continuous-log="true" is-critical="false" is-enabled="true" logical-id="devEMS" partition="Streaming" quality-ceiling="good" rtd-reference-channel="" signal-id="" subsystem-name="IDDS" subsystem-type="iDDS" topic="ParameterDataSeries">
                    <alarm-limits/>
                </instance>
                <instance name="EMSParm_476" acquisition-rate="10" alternate-name="" calibration-group="" calibration-sensor="" customer-sensor="" data-type="float" deadband="0" description="" display-format="4.2f" display-range-maximum="100" display-range-minimum="0" domain-id="10" engineering-unit="%" export-for-steady-state="true" fixed-sensor="" fullset-stability="false" gid="2476" group="" idds-hardware-name="EMSParm_476" is-continuous-log="true" is-critical="false" is-enabled="true" logical-id="devEMS" partition="Streaming" quality-ceiling="good" rtd-reference-channel="" signal-id="" subsystem-name="IDDS" subsystem-type="iDDS" topic="ParameterDataSeries">
                    <alarm-limits/>
                </instance>
                <instance name="EMSParm_930" acquisition-rate="10" alternate-name="" calibration-group="" calibration-sensor="" customer-sensor="" data-type="float" deadband="0" description="" display-format="4.2f" display-range-maximum="100" display-range-minimum="0" domain-id="10" engineering-unit="%" export-for-steady-state="true" fixed-sensor="" fullset-stability="false" gid="2930" group="" idds-hardware-name="EMSParm_930" is-continuous-log="true" is-critical="false" is-enabled="true" logical-id="devEMS" partition="Streaming" quality-ceiling="good" rtd-reference-channel="" signal-id="" subsystem-name="IDDS" subsystem-type="iDDS" topic="ParameterDataSeries">
                    <alarm-limits/>
                </instance>
                <instance name="EMSParm_289" acquisition-rate="10" alternate-name="" calibration-group="" calibration-sensor="" customer-sensor="" data-type="float" deadband="0" description="" display-format="4.2f" display-range-maximum="100" display-range-minimum="0" domain-id="10" engineering-unit="%" export-for-steady-state="true" fixed-sensor="" fullset-stability="false" gid="2289" group="" idds-hardware-name="EMSParm_289" is-continuous-log="true" is-critical="false" is-enabled="true" logical-id="devEMS" partition="Streaming" quality-ceiling="good" rtd-reference-channel="" signal-id="" subsystem-name="IDDS" subsystem-type="iDDS" topic="ParameterDataSeries">
                    <alarm-limits/>
                </instance>
                <instance name="EMSParm_218" acquisition-rate="10" alternate-name="" calibration-group="" calibration-sensor="" customer-sensor="" data-type="float" deadband="0" description="" display-format="4.2f" display-range-maximum="100" display-range-minimum="0" domain-id="10" engineering-unit="%" export-for-steady-state="true" fixed-sensor="" fullset-stability="false" gid="2218" group="" idds-hardware-name="EMSParm_218" is-continuous-log="true" is-critical="false" is-enabled="true" logical-id="devEMS" partition="Streaming" quality-ceiling="good" rtd-reference-channel="" signal-id="" subsystem-name="IDDS" subsystem-type="iDDS" topic="ParameterDataSeries">
                    <alarm-limits/>
                </instance>
                <instance name="EMSParm_707" acquisition-rate="10" alternate-name="" calibration-group="" calibration-sensor="" customer-sensor="" data-type="float" deadband="0" description="" display-format="4.2f" display-range-maximum="100" display-range-minimum="0" domain-id="10" engineering-unit="%" export-for-steady-state="true" fixed-sensor="" fullset-stability="false" gid="2707" group="" idds-hardware-name="EMSParm_707" is-continuous-log="true" is-critical="false" is-enabled="true" logical-id="devEMS" partition="Streaming" quality-ceiling="good" rtd-reference-channel="" signal-id="" subsystem-name="IDDS" subsystem-type="iDDS" topic="ParameterDataSeries">
                    <alarm-limits/>
                </instance>
                <instance name="pb91162ch12" acquisition-rate="1" alternate-name="" calibration-group="" calibration-sensor="" customer-sensor="" data-type="float" deadband="0" description="" display-format="4.2f" display-range-maximum="100" display-range-minimum="0" domain-id="2" engineering-unit="psi" export-for-steady-state="true" fixed-sensor="" fullset-stability="false" gid="-1" group="" idds-hardware-name="" is-continuous-log="true" is-critical="false" is-enabled="true" is-output="false" logical-id="" partition="" pbs-amb-press-channel="" pbs-avg-samples="4" pbs-input-type="pressure" pbs-port="12" pbs-serial-number="PB8793" quality-ceiling="good" rtd-reference-channel="" signal-id="" subsystem-name="PBS" subsystem-type="pbs" topic="">
                    <alarm-limits/>
                </instance>
                <instance name="EMSParm_920" acquisition-rate="10" alternate-name="" calibration-group="" calibration-sensor="" customer-sensor="" data-type="float" deadband="0" description="" display-format="4.2f" display-range-maximum="100" display-range-minimum="0" domain-id="10" engineering-unit="%" export-for-steady-state="true" fixed-sensor="" fullset-stability="false" gid="2920" group="" idds-hardware-name="EMSParm_920" is-continuous-log="true" is-critical="false" is-enabled="true" logical-id="devEMS" partition="Streaming" quality-ceiling="good" rtd-reference-channel="" signal-id="" subsystem-name="IDDS" subsystem-type="iDDS" topic="ParameterDataSeries">
                    <alarm-limits/>
                </instance>
                <instance name="EMSParm_424" acquisition-rate="10" alternate-name="" calibration-group="" calibration-sensor="" customer-sensor="" data-type="float" deadband="0" description="" display-format="4.2f" display-range-maximum="100" display-range-minimum="0" domain-id="10" engineering-unit="%" export-for-steady-state="true" fixed-sensor="" fullset-stability="false" gid="2424" group="" idds-hardware-name="EMSParm_424" is-continuous-log="true" is-critical="false" is-enabled="true" logical-id="devEMS" partition="Streaming" quality-ceiling="good" rtd-reference-channel="" signal-id="" subsystem-name="IDDS" subsystem-type="iDDS" topic="ParameterDataSeries">
                    <alarm-limits/>
                </instance>
                <instance name="dnaAO00004" acquisition-rate="200" alternate-name="" calibration-group="" calibration-sensor="" customer-sensor="" data-type="float" deadband="0" description="Output channel 4" display-format="4.2f" display-range-maximum="100" display-range-minimum="0" domain-id="3" engineering-unit="V" export-for-steady-state="true" fixed-sensor="" fullset-stability="false" gid="292" group="" idds-hardware-name="dev02/ch00004" is-continuous-log="true" is-critical="false" is-enabled="true" logical-id="devCube999" partition="Streaming" quality-ceiling="good" rtd-reference-channel="" signal-id="" subsystem-name="IDDS" subsystem-type="iDDS" topic="ParameterDataValue">
                    <alarm-limits/>
                </instance>
                <instance name="EMSParm_109" acquisition-rate="10" alternate-name="" calibration-group="" calibration-sensor="" customer-sensor="" data-type="float" deadband="0" description="" display-format="4.2f" display-range-maximum="100" display-range-minimum="0" domain-id="10" engineering-unit="%" export-for-steady-state="true" fixed-sensor="" fullset-stability="false" gid="2109" group="" idds-hardware-name="EMSParm_109" is-continuous-log="true" is-critical="false" is-enabled="true" logical-id="devEMS" partition="Streaming" quality-ceiling="good" rtd-reference-channel="" signal-id="" subsystem-name="IDDS" subsystem-type="iDDS" topic="ParameterDataSeries">
                    <alarm-limits/>
                </instance>
                <instance name="EMSParm_171" acquisition-rate="10" alternate-name="" calibration-group="" calibration-sensor="" customer-sensor="" data-type="float" deadband="0" description="" display-format="4.2f" display-range-maximum="100" display-range-minimum="0" domain-id="10" engineering-unit="%" export-for-steady-state="true" fixed-sensor="" fullset-stability="false" gid="2171" group="" idds-hardware-name="EMSParm_171" is-continuous-log="true" is-critical="false" is-enabled="true" logical-id="devEMS" partition="Streaming" quality-ceiling="good" rtd-reference-channel="" signal-id="" subsystem-name="IDDS" subsystem-type="iDDS" topic="ParameterDataSeries">
                    <alarm-limits/>
                </instance>
                <instance name="EMSParm_1081" acquisition-rate="10" alternate-name="" calibration-group="" calibration-sensor="" customer-sensor="" data-type="float" deadband="0" description="" display-format="4.2f" display-range-maximum="100" display-range-minimum="0" domain-id="10" engineering-unit="%" export-for-steady-state="true" fixed-sensor="" fullset-stability="false" gid="3081" group="" idds-hardware-name="EMSParm_1081" is-continuous-log="true" is-critical="false" is-enabled="true" logical-id="devEMS" partition="Streaming" quality-ceiling="good" rtd-reference-channel="" signal-id="" subsystem-name="IDDS" subsystem-type="iDDS" topic="ParameterDataSeries">
                    <alarm-limits/>
                </instance>
                <instance name="EMSParm_1222" acquisition-rate="10" alternate-name="" calibration-group="" calibration-sensor="" customer-sensor="" data-type="float" deadband="0" description="" display-format="4.2f" display-range-maximum="100" display-range-minimum="0" domain-id="10" engineering-unit="%" export-for-steady-state="true" fixed-sensor="" fullset-stability="false" gid="3222" group="" idds-hardware-name="EMSParm_1222" is-continuous-log="true" is-critical="false" is-enabled="true" logical-id="devEMS" partition="Streaming" quality-ceiling="good" rtd-reference-channel="" signal-id="" subsystem-name="IDDS" subsystem-type="iDDS" topic="ParameterDataSeries">
                    <alarm-limits/>
                </instance>
                <instance name="EMSParm_1192" acquisition-rate="10" alternate-name="" calibration-group="" calibration-sensor="" customer-sensor="" data-type="float" deadband="0" description="" display-format="4.2f" display-range-maximum="100" display-range-minimum="0" domain-id="10" engineering-unit="%" export-for-steady-state="true" fixed-sensor="" fullset-stability="false" gid="3192" group="" idds-hardware-name="EMSParm_1192" is-continuous-log="true" is-critical="false" is-enabled="true" logical-id="devEMS" partition="Streaming" quality-ceiling="good" rtd-reference-channel="" signal-id="" subsystem-name="IDDS" subsystem-type="iDDS" topic="ParameterDataSeries">
                    <alarm-limits/>
                </instance>
                <instance name="EMSParm_173" acquisition-rate="10" alternate-name="" calibration-group="" calibration-sensor="" customer-sensor="" data-type="float" deadband="0" description="" display-format="4.2f" display-range-maximum="100" display-range-minimum="0" domain-id="10" engineering-unit="%" export-for-steady-state="true" fixed-sensor="" fullset-stability="false" gid="2173" group="" idds-hardware-name="EMSParm_173" is-continuous-log="true" is-critical="false" is-enabled="true" logical-id="devEMS" partition="Streaming" quality-ceiling="good" rtd-reference-channel="" signal-id="" subsystem-name="IDDS" subsystem-type="iDDS" topic="ParameterDataSeries">
                    <alarm-limits/>
                </instance>
                <instance name="EMSParm_1267" acquisition-rate="10" alternate-name="" calibration-group="" calibration-sensor="" customer-sensor="" data-type="float" deadband="0" description="" display-format="4.2f" display-range-maximum="100" display-range-minimum="0" domain-id="10" engineering-unit="%" export-for-steady-state="true" fixed-sensor="" fullset-stability="false" gid="3267" group="" idds-hardware-name="EMSParm_1267" is-continuous-log="true" is-critical="false" is-enabled="true" logical-id="devEMS" partition="Streaming" quality-ceiling="good" rtd-reference-channel="" signal-id="" subsystem-name="IDDS" subsystem-type="iDDS" topic="ParameterDataSeries">
                    <alarm-limits/>
                </instance>
                <instance name="EMSParm_891" acquisition-rate="10" alternate-name="" calibration-group="" calibration-sensor="" customer-sensor="" data-type="float" deadband="0" description="" display-format="4.2f" display-range-maximum="100" display-range-minimum="0" domain-id="10" engineering-unit="%" export-for-steady-state="true" fixed-sensor="" fullset-stability="false" gid="2891" group="" idds-hardware-name="EMSParm_891" is-continuous-log="true" is-critical="false" is-enabled="true" logical-id="devEMS" partition="Streaming" quality-ceiling="good" rtd-reference-channel="" signal-id="" subsystem-name="IDDS" subsystem-type="iDDS" topic="ParameterDataSeries">
                    <alarm-limits/>
                </instance>
                <instance name="EMSParm_464" acquisition-rate="10" alternate-name="" calibration-group="" calibration-sensor="" customer-sensor="" data-type="float" deadband="0" description="" display-format="4.2f" display-range-maximum="100" display-range-minimum="0" domain-id="10" engineering-unit="%" export-for-steady-state="true" fixed-sensor="" fullset-stability="false" gid="2464" group="" idds-hardware-name="EMSParm_464" is-continuous-log="true" is-critical="false" is-enabled="true" logical-id="devEMS" partition="Streaming" quality-ceiling="good" rtd-reference-channel="" signal-id="" subsystem-name="IDDS" subsystem-type="iDDS" topic="ParameterDataSeries">
                    <alarm-limits/>
                </instance>
                <instance name="EMSParm_1465" acquisition-rate="10" alternate-name="" calibration-group="" calibration-sensor="" customer-sensor="" data-type="float" deadband="0" description="" display-format="4.2f" display-range-maximum="100" display-range-minimum="0" domain-id="10" engineering-unit="%" export-for-steady-state="true" fixed-sensor="" fullset-stability="false" gid="3465" group="" idds-hardware-name="EMSParm_1465" is-continuous-log="true" is-critical="false" is-enabled="true" logical-id="devEMS" partition="Streaming" quality-ceiling="good" rtd-reference-channel="" signal-id="" subsystem-name="IDDS" subsystem-type="iDDS" topic="ParameterDataSeries">
                    <alarm-limits/>
                </instance>
                <instance name="EMSParm_1016" acquisition-rate="10" alternate-name="" calibration-group="" calibration-sensor="" customer-sensor="" data-type="float" deadband="0" description="" display-format="4.2f" display-range-maximum="100" display-range-minimum="0" domain-id="10" engineering-unit="%" export-for-steady-state="true" fixed-sensor="" fullset-stability="false" gid="3016" group="" idds-hardware-name="EMSParm_1016" is-continuous-log="true" is-critical="false" is-enabled="true" logical-id="devEMS" partition="Streaming" quality-ceiling="good" rtd-reference-channel="" signal-id="" subsystem-name="IDDS" subsystem-type="iDDS" topic="ParameterDataSeries">
                    <alarm-limits/>
                </instance>
                <instance name="EMSParm_195" acquisition-rate="10" alternate-name="" calibration-group="" calibration-sensor="" customer-sensor="" data-type="float" deadband="0" description="" display-format="4.2f" display-range-maximum="100" display-range-minimum="0" domain-id="10" engineering-unit="%" export-for-steady-state="true" fixed-sensor="" fullset-stability="false" gid="2195" group="" idds-hardware-name="EMSParm_195" is-continuous-log="true" is-critical="false" is-enabled="true" logical-id="devEMS" partition="Streaming" quality-ceiling="good" rtd-reference-channel="" signal-id="" subsystem-name="IDDS" subsystem-type="iDDS" topic="ParameterDataSeries">
                    <alarm-limits/>
                </instance>
                <instance name="YB1_Ch19" acquisition-rate="1" alternate-name="" calibration-group="" calibration-sensor="" customer-sensor="" data-type="float" deadband="0" description="" display-format="4.2f" display-range-maximum="100" display-range-minimum="0" domain-id="3" engineering-unit="-" export-for-steady-state="true" fixed-sensor="" fullset-stability="false" gid="9019" group="" idds-hardware-name="CH19" is-continuous-log="true" is-critical="false" is-enabled="true" logical-id="rx3036-1" partition="Streaming" quality-ceiling="good" rtd-reference-channel="" signal-id="" subsystem-name="IDDS" subsystem-type="iDDS" topic="ParameterDataSeries">
                    <alarm-limits/>
                </instance>
                <instance name="EMSParm_349" acquisition-rate="10" alternate-name="" calibration-group="" calibration-sensor="" customer-sensor="" data-type="float" deadband="0" description="" display-format="4.2f" display-range-maximum="100" display-range-minimum="0" domain-id="10" engineering-unit="%" export-for-steady-state="true" fixed-sensor="" fullset-stability="false" gid="2349" group="" idds-hardware-name="EMSParm_349" is-continuous-log="true" is-critical="false" is-enabled="true" logical-id="devEMS" partition="Streaming" quality-ceiling="good" rtd-reference-channel="" signal-id="" subsystem-name="IDDS" subsystem-type="iDDS" topic="ParameterDataSeries">
                    <alarm-limits/>
                </instance>
                <instance name="EMSParm_1290" acquisition-rate="10" alternate-name="" calibration-group="" calibration-sensor="" customer-sensor="" data-type="float" deadband="0" description="" display-format="4.2f" display-range-maximum="100" display-range-minimum="0" domain-id="10" engineering-unit="%" export-for-steady-state="true" fixed-sensor="" fullset-stability="false" gid="3290" group="" idds-hardware-name="EMSParm_1290" is-continuous-log="true" is-critical="false" is-enabled="true" logical-id="devEMS" partition="Streaming" quality-ceiling="good" rtd-reference-channel="" signal-id="" subsystem-name="IDDS" subsystem-type="iDDS" topic="ParameterDataSeries">
                    <alarm-limits/>
                </instance>
                <instance name="EMSParm_1487" acquisition-rate="10" alternate-name="" calibration-group="" calibration-sensor="" customer-sensor="" data-type="float" deadband="0" description="" display-format="4.2f" display-range-maximum="100" display-range-minimum="0" domain-id="10" engineering-unit="%" export-for-steady-state="true" fixed-sensor="" fullset-stability="false" gid="3487" group="" idds-hardware-name="EMSParm_1487" is-continuous-log="true" is-critical="false" is-enabled="true" logical-id="devEMS" partition="Streaming" quality-ceiling="good" rtd-reference-channel="" signal-id="" subsystem-name="IDDS" subsystem-type="iDDS" topic="ParameterDataSeries">
                    <alarm-limits/>
                </instance>
                <instance name="EMSParm_758" acquisition-rate="10" alternate-name="" calibration-group="" calibration-sensor="" customer-sensor="" data-type="float" deadband="0" description="" display-format="4.2f" display-range-maximum="100" display-range-minimum="0" domain-id="10" engineering-unit="%" export-for-steady-state="true" fixed-sensor="" fullset-stability="false" gid="2758" group="" idds-hardware-name="EMSParm_758" is-continuous-log="true" is-critical="false" is-enabled="true" logical-id="devEMS" partition="Streaming" quality-ceiling="good" rtd-reference-channel="" signal-id="" subsystem-name="IDDS" subsystem-type="iDDS" topic="ParameterDataSeries">
                    <alarm-limits/>
                </instance>
                <instance name="EMSParm_835" acquisition-rate="10" alternate-name="" calibration-group="" calibration-sensor="" customer-sensor="" data-type="float" deadband="0" description="" display-format="4.2f" display-range-maximum="100" display-range-minimum="0" domain-id="10" engineering-unit="%" export-for-steady-state="true" fixed-sensor="" fullset-stability="false" gid="2835" group="" idds-hardware-name="EMSParm_835" is-continuous-log="true" is-critical="false" is-enabled="true" logical-id="devEMS" partition="Streaming" quality-ceiling="good" rtd-reference-channel="" signal-id="" subsystem-name="IDDS" subsystem-type="iDDS" topic="ParameterDataSeries">
                    <alarm-limits/>
                </instance>
                <instance name="EMSParm_1348" acquisition-rate="10" alternate-name="" calibration-group="" calibration-sensor="" customer-sensor="" data-type="float" deadband="0" description="" display-format="4.2f" display-range-maximum="100" display-range-minimum="0" domain-id="10" engineering-unit="%" export-for-steady-state="true" fixed-sensor="" fullset-stability="false" gid="3348" group="" idds-hardware-name="EMSParm_1348" is-continuous-log="true" is-critical="false" is-enabled="true" logical-id="devEMS" partition="Streaming" quality-ceiling="good" rtd-reference-channel="" signal-id="" subsystem-name="IDDS" subsystem-type="iDDS" topic="ParameterDataSeries">
                    <alarm-limits/>
                </instance>
                <instance name="EMSParm_807" acquisition-rate="10" alternate-name="" calibration-group="" calibration-sensor="" customer-sensor="" data-type="float" deadband="0" description="" display-format="4.2f" display-range-maximum="100" display-range-minimum="0" domain-id="10" engineering-unit="%" export-for-steady-state="true" fixed-sensor="" fullset-stability="false" gid="2807" group="" idds-hardware-name="EMSParm_807" is-continuous-log="true" is-critical="false" is-enabled="true" logical-id="devEMS" partition="Streaming" quality-ceiling="good" rtd-reference-channel="" signal-id="" subsystem-name="IDDS" subsystem-type="iDDS" topic="ParameterDataSeries">
                    <alarm-limits/>
                </instance>
                <instance name="EMSParm_1464" acquisition-rate="10" alternate-name="" calibration-group="" calibration-sensor="" customer-sensor="" data-type="float" deadband="0" description="" display-format="4.2f" display-range-maximum="100" display-range-minimum="0" domain-id="10" engineering-unit="%" export-for-steady-state="true" fixed-sensor="" fullset-stability="false" gid="3464" group="" idds-hardware-name="EMSParm_1464" is-continuous-log="true" is-critical="false" is-enabled="true" logical-id="devEMS" partition="Streaming" quality-ceiling="good" rtd-reference-channel="" signal-id="" subsystem-name="IDDS" subsystem-type="iDDS" topic="ParameterDataSeries">
                    <alarm-limits/>
                </instance>
                <instance name="YB1_Ch03" acquisition-rate="1" alternate-name="" calibration-group="" calibration-sensor="" customer-sensor="" data-type="float" deadband="0" description="" display-format="4.2f" display-range-maximum="100" display-range-minimum="0" domain-id="3" engineering-unit="-" export-for-steady-state="true" fixed-sensor="" fullset-stability="false" gid="9003" group="" idds-hardware-name="CH3" is-continuous-log="true" is-critical="false" is-enabled="true" logical-id="rx3036-1" partition="Streaming" quality-ceiling="good" rtd-reference-channel="" signal-id="" subsystem-name="IDDS" subsystem-type="iDDS" topic="ParameterDataSeries">
                    <alarm-limits/>
                </instance>
                <instance name="EMSParm_1238" acquisition-rate="10" alternate-name="" calibration-group="" calibration-sensor="" customer-sensor="" data-type="float" deadband="0" description="" display-format="4.2f" display-range-maximum="100" display-range-minimum="0" domain-id="10" engineering-unit="%" export-for-steady-state="true" fixed-sensor="" fullset-stability="false" gid="3238" group="" idds-hardware-name="EMSParm_1238" is-continuous-log="true" is-critical="false" is-enabled="true" logical-id="devEMS" partition="Streaming" quality-ceiling="good" rtd-reference-channel="" signal-id="" subsystem-name="IDDS" subsystem-type="iDDS" topic="ParameterDataSeries">
                    <alarm-limits/>
                </instance>
                <instance name="EMSParm_217" acquisition-rate="10" alternate-name="" calibration-group="" calibration-sensor="" customer-sensor="" data-type="float" deadband="0" description="" display-format="4.2f" display-range-maximum="100" display-range-minimum="0" domain-id="10" engineering-unit="%" export-for-steady-state="true" fixed-sensor="" fullset-stability="false" gid="2217" group="" idds-hardware-name="EMSParm_217" is-continuous-log="true" is-critical="false" is-enabled="true" logical-id="devEMS" partition="Streaming" quality-ceiling="good" rtd-reference-channel="" signal-id="" subsystem-name="IDDS" subsystem-type="iDDS" topic="ParameterDataSeries">
                    <alarm-limits/>
                </instance>
                <instance name="EMSParm_1116" acquisition-rate="10" alternate-name="" calibration-group="" calibration-sensor="" customer-sensor="" data-type="float" deadband="0" description="" display-format="4.2f" display-range-maximum="100" display-range-minimum="0" domain-id="10" engineering-unit="%" export-for-steady-state="true" fixed-sensor="" fullset-stability="false" gid="3116" group="" idds-hardware-name="EMSParm_1116" is-continuous-log="true" is-critical="false" is-enabled="true" logical-id="devEMS" partition="Streaming" quality-ceiling="good" rtd-reference-channel="" signal-id="" subsystem-name="IDDS" subsystem-type="iDDS" topic="ParameterDataSeries">
                    <alarm-limits/>
                </instance>
                <instance name="EMSParm_551" acquisition-rate="10" alternate-name="" calibration-group="" calibration-sensor="" customer-sensor="" data-type="float" deadband="0" description="" display-format="4.2f" display-range-maximum="100" display-range-minimum="0" domain-id="10" engineering-unit="%" export-for-steady-state="true" fixed-sensor="" fullset-stability="false" gid="2551" group="" idds-hardware-name="EMSParm_551" is-continuous-log="true" is-critical="false" is-enabled="true" logical-id="devEMS" partition="Streaming" quality-ceiling="good" rtd-reference-channel="" signal-id="" subsystem-name="IDDS" subsystem-type="iDDS" topic="ParameterDataSeries">
                    <alarm-limits/>
                </instance>
                <instance name="EMSParm_481" acquisition-rate="10" alternate-name="" calibration-group="" calibration-sensor="" customer-sensor="" data-type="float" deadband="0" description="" display-format="4.2f" display-range-maximum="100" display-range-minimum="0" domain-id="10" engineering-unit="%" export-for-steady-state="true" fixed-sensor="" fullset-stability="false" gid="2481" group="" idds-hardware-name="EMSParm_481" is-continuous-log="true" is-critical="false" is-enabled="true" logical-id="devEMS" partition="Streaming" quality-ceiling="good" rtd-reference-channel="" signal-id="" subsystem-name="IDDS" subsystem-type="iDDS" topic="ParameterDataSeries">
                    <alarm-limits/>
                </instance>
                <instance name="EMSParm_1137" acquisition-rate="10" alternate-name="" calibration-group="" calibration-sensor="" customer-sensor="" data-type="float" deadband="0" description="" display-format="4.2f" display-range-maximum="100" display-range-minimum="0" domain-id="10" engineering-unit="%" export-for-steady-state="true" fixed-sensor="" fullset-stability="false" gid="3137" group="" idds-hardware-name="EMSParm_1137" is-continuous-log="true" is-critical="false" is-enabled="true" logical-id="devEMS" partition="Streaming" quality-ceiling="good" rtd-reference-channel="" signal-id="" subsystem-name="IDDS" subsystem-type="iDDS" topic="ParameterDataSeries">
                    <alarm-limits/>
                </instance>
                <instance name="EMSParm_1143" acquisition-rate="10" alternate-name="" calibration-group="" calibration-sensor="" customer-sensor="" data-type="float" deadband="0" description="" display-format="4.2f" display-range-maximum="100" display-range-minimum="0" domain-id="10" engineering-unit="%" export-for-steady-state="true" fixed-sensor="" fullset-stability="false" gid="3143" group="" idds-hardware-name="EMSParm_1143" is-continuous-log="true" is-critical="false" is-enabled="true" logical-id="devEMS" partition="Streaming" quality-ceiling="good" rtd-reference-channel="" signal-id="" subsystem-name="IDDS" subsystem-type="iDDS" topic="ParameterDataSeries">
                    <alarm-limits/>
                </instance>
                <instance name="EMSParm_1075" acquisition-rate="10" alternate-name="" calibration-group="" calibration-sensor="" customer-sensor="" data-type="float" deadband="0" description="" display-format="4.2f" display-range-maximum="100" display-range-minimum="0" domain-id="10" engineering-unit="%" export-for-steady-state="true" fixed-sensor="" fullset-stability="false" gid="3075" group="" idds-hardware-name="EMSParm_1075" is-continuous-log="true" is-critical="false" is-enabled="true" logical-id="devEMS" partition="Streaming" quality-ceiling="good" rtd-reference-channel="" signal-id="" subsystem-name="IDDS" subsystem-type="iDDS" topic="ParameterDataSeries">
                    <alarm-limits/>
                </instance>
                <instance name="EMSParm_257" acquisition-rate="10" alternate-name="" calibration-group="" calibration-sensor="" customer-sensor="" data-type="float" deadband="0" description="" display-format="4.2f" display-range-maximum="100" display-range-minimum="0" domain-id="10" engineering-unit="%" export-for-steady-state="true" fixed-sensor="" fullset-stability="false" gid="2257" group="" idds-hardware-name="EMSParm_257" is-continuous-log="true" is-critical="false" is-enabled="true" logical-id="devEMS" partition="Streaming" quality-ceiling="good" rtd-reference-channel="" signal-id="" subsystem-name="IDDS" subsystem-type="iDDS" topic="ParameterDataSeries">
                    <alarm-limits/>
                </instance>
                <instance name="EMSParm_45" acquisition-rate="10" alternate-name="" calibration-group="" calibration-sensor="" customer-sensor="" data-type="float" deadband="0" description="" display-format="4.2f" display-range-maximum="100" display-range-minimum="0" domain-id="10" engineering-unit="%" export-for-steady-state="true" fixed-sensor="" fullset-stability="false" gid="2045" group="" idds-hardware-name="EMSParm_45" is-continuous-log="true" is-critical="false" is-enabled="true" logical-id="devEMS" partition="Streaming" quality-ceiling="good" rtd-reference-channel="" signal-id="" subsystem-name="IDDS" subsystem-type="iDDS" topic="ParameterDataSeries">
                    <alarm-limits/>
                </instance>
                <instance name="EMSParm_674" acquisition-rate="10" alternate-name="" calibration-group="" calibration-sensor="" customer-sensor="" data-type="float" deadband="0" description="" display-format="4.2f" display-range-maximum="100" display-range-minimum="0" domain-id="10" engineering-unit="%" export-for-steady-state="true" fixed-sensor="" fullset-stability="false" gid="2674" group="" idds-hardware-name="EMSParm_674" is-continuous-log="true" is-critical="false" is-enabled="true" logical-id="devEMS" partition="Streaming" quality-ceiling="good" rtd-reference-channel="" signal-id="" subsystem-name="IDDS" subsystem-type="iDDS" topic="ParameterDataSeries">
                    <alarm-limits/>
                </instance>
                <instance name="EMSParm_1587" acquisition-rate="10" alternate-name="" calibration-group="" calibration-sensor="" customer-sensor="" data-type="float" deadband="0" description="" display-format="4.2f" display-range-maximum="100" display-range-minimum="0" domain-id="10" engineering-unit="%" export-for-steady-state="true" fixed-sensor="" fullset-stability="false" gid="3587" group="" idds-hardware-name="EMSParm_1587" is-continuous-log="true" is-critical="false" is-enabled="true" logical-id="devEMS" partition="Streaming" quality-ceiling="good" rtd-reference-channel="" signal-id="" subsystem-name="IDDS" subsystem-type="iDDS" topic="ParameterDataSeries">
                    <alarm-limits/>
                </instance>
                <instance name="EMSParm_524" acquisition-rate="10" alternate-name="" calibration-group="" calibration-sensor="" customer-sensor="" data-type="float" deadband="0" description="" display-format="4.2f" display-range-maximum="100" display-range-minimum="0" domain-id="10" engineering-unit="%" export-for-steady-state="true" fixed-sensor="" fullset-stability="false" gid="2524" group="" idds-hardware-name="EMSParm_524" is-continuous-log="true" is-critical="false" is-enabled="true" logical-id="devEMS" partition="Streaming" quality-ceiling="good" rtd-reference-channel="" signal-id="" subsystem-name="IDDS" subsystem-type="iDDS" topic="ParameterDataSeries">
                    <alarm-limits/>
                </instance>
                <instance name="EMSParm_882" acquisition-rate="10" alternate-name="" calibration-group="" calibration-sensor="" customer-sensor="" data-type="float" deadband="0" description="" display-format="4.2f" display-range-maximum="100" display-range-minimum="0" domain-id="10" engineering-unit="%" export-for-steady-state="true" fixed-sensor="" fullset-stability="false" gid="2882" group="" idds-hardware-name="EMSParm_882" is-continuous-log="true" is-critical="false" is-enabled="true" logical-id="devEMS" partition="Streaming" quality-ceiling="good" rtd-reference-channel="" signal-id="" subsystem-name="IDDS" subsystem-type="iDDS" topic="ParameterDataSeries">
                    <alarm-limits/>
                </instance>
                <instance name="EMSParm_1416" acquisition-rate="10" alternate-name="" calibration-group="" calibration-sensor="" customer-sensor="" data-type="float" deadband="0" description="" display-format="4.2f" display-range-maximum="100" display-range-minimum="0" domain-id="10" engineering-unit="%" export-for-steady-state="true" fixed-sensor="" fullset-stability="false" gid="3416" group="" idds-hardware-name="EMSParm_1416" is-continuous-log="true" is-critical="false" is-enabled="true" logical-id="devEMS" partition="Streaming" quality-ceiling="good" rtd-reference-channel="" signal-id="" subsystem-name="IDDS" subsystem-type="iDDS" topic="ParameterDataSeries">
                    <alarm-limits/>
                </instance>
                <instance name="EMSParm_325" acquisition-rate="10" alternate-name="" calibration-group="" calibration-sensor="" customer-sensor="" data-type="float" deadband="0" description="" display-format="4.2f" display-range-maximum="100" display-range-minimum="0" domain-id="10" engineering-unit="%" export-for-steady-state="true" fixed-sensor="" fullset-stability="false" gid="2325" group="" idds-hardware-name="EMSParm_325" is-continuous-log="true" is-critical="false" is-enabled="true" logical-id="devEMS" partition="Streaming" quality-ceiling="good" rtd-reference-channel="" signal-id="" subsystem-name="IDDS" subsystem-type="iDDS" topic="ParameterDataSeries">
                    <alarm-limits/>
                </instance>
                <instance name="EMSParm_720" acquisition-rate="10" alternate-name="" calibration-group="" calibration-sensor="" customer-sensor="" data-type="float" deadband="0" description="" display-format="4.2f" display-range-maximum="100" display-range-minimum="0" domain-id="10" engineering-unit="%" export-for-steady-state="true" fixed-sensor="" fullset-stability="false" gid="2720" group="" idds-hardware-name="EMSParm_720" is-continuous-log="true" is-critical="false" is-enabled="true" logical-id="devEMS" partition="Streaming" quality-ceiling="good" rtd-reference-channel="" signal-id="" subsystem-name="IDDS" subsystem-type="iDDS" topic="ParameterDataSeries">
                    <alarm-limits/>
                </instance>
                <instance name="EMSParm_694" acquisition-rate="10" alternate-name="" calibration-group="" calibration-sensor="" customer-sensor="" data-type="float" deadband="0" description="" display-format="4.2f" display-range-maximum="100" display-range-minimum="0" domain-id="10" engineering-unit="%" export-for-steady-state="true" fixed-sensor="" fullset-stability="false" gid="2694" group="" idds-hardware-name="EMSParm_694" is-continuous-log="true" is-critical="false" is-enabled="true" logical-id="devEMS" partition="Streaming" quality-ceiling="good" rtd-reference-channel="" signal-id="" subsystem-name="IDDS" subsystem-type="iDDS" topic="ParameterDataSeries">
                    <alarm-limits/>
                </instance>
                <instance name="EMSParm_1147" acquisition-rate="10" alternate-name="" calibration-group="" calibration-sensor="" customer-sensor="" data-type="float" deadband="0" description="" display-format="4.2f" display-range-maximum="100" display-range-minimum="0" domain-id="10" engineering-unit="%" export-for-steady-state="true" fixed-sensor="" fullset-stability="false" gid="3147" group="" idds-hardware-name="EMSParm_1147" is-continuous-log="true" is-critical="false" is-enabled="true" logical-id="devEMS" partition="Streaming" quality-ceiling="good" rtd-reference-channel="" signal-id="" subsystem-name="IDDS" subsystem-type="iDDS" topic="ParameterDataSeries">
                    <alarm-limits/>
                </instance>
                <instance name="EMSParm_1536" acquisition-rate="10" alternate-name="" calibration-group="" calibration-sensor="" customer-sensor="" data-type="float" deadband="0" description="" display-format="4.2f" display-range-maximum="100" display-range-minimum="0" domain-id="10" engineering-unit="%" export-for-steady-state="true" fixed-sensor="" fullset-stability="false" gid="3536" group="" idds-hardware-name="EMSParm_1536" is-continuous-log="true" is-critical="false" is-enabled="true" logical-id="devEMS" partition="Streaming" quality-ceiling="good" rtd-reference-channel="" signal-id="" subsystem-name="IDDS" subsystem-type="iDDS" topic="ParameterDataSeries">
                    <alarm-limits/>
                </instance>
                <instance name="EMSParm_144" acquisition-rate="10" alternate-name="" calibration-group="" calibration-sensor="" customer-sensor="" data-type="float" deadband="0" description="" display-format="4.2f" display-range-maximum="100" display-range-minimum="0" domain-id="10" engineering-unit="%" export-for-steady-state="true" fixed-sensor="" fullset-stability="false" gid="2144" group="" idds-hardware-name="EMSParm_144" is-continuous-log="true" is-critical="false" is-enabled="true" logical-id="devEMS" partition="Streaming" quality-ceiling="good" rtd-reference-channel="" signal-id="" subsystem-name="IDDS" subsystem-type="iDDS" topic="ParameterDataSeries">
                    <alarm-limits/>
                </instance>
                <instance name="EMSParm_582" acquisition-rate="10" alternate-name="" calibration-group="" calibration-sensor="" customer-sensor="" data-type="float" deadband="0" description="" display-format="4.2f" display-range-maximum="100" display-range-minimum="0" domain-id="10" engineering-unit="%" export-for-steady-state="true" fixed-sensor="" fullset-stability="false" gid="2582" group="" idds-hardware-name="EMSParm_582" is-continuous-log="true" is-critical="false" is-enabled="true" logical-id="devEMS" partition="Streaming" quality-ceiling="good" rtd-reference-channel="" signal-id="" subsystem-name="IDDS" subsystem-type="iDDS" topic="ParameterDataSeries">
                    <alarm-limits/>
                </instance>
                <instance name="EMSParm_60" acquisition-rate="10" alternate-name="" calibration-group="" calibration-sensor="" customer-sensor="" data-type="float" deadband="0" description="" display-format="4.2f" display-range-maximum="100" display-range-minimum="0" domain-id="10" engineering-unit="%" export-for-steady-state="true" fixed-sensor="" fullset-stability="false" gid="2060" group="" idds-hardware-name="EMSParm_60" is-continuous-log="true" is-critical="false" is-enabled="true" logical-id="devEMS" partition="Streaming" quality-ceiling="good" rtd-reference-channel="" signal-id="" subsystem-name="IDDS" subsystem-type="iDDS" topic="ParameterDataSeries">
                    <alarm-limits/>
                </instance>
                <instance name="EMSParm_521" acquisition-rate="10" alternate-name="" calibration-group="" calibration-sensor="" customer-sensor="" data-type="float" deadband="0" description="" display-format="4.2f" display-range-maximum="100" display-range-minimum="0" domain-id="10" engineering-unit="%" export-for-steady-state="true" fixed-sensor="" fullset-stability="false" gid="2521" group="" idds-hardware-name="EMSParm_521" is-continuous-log="true" is-critical="false" is-enabled="true" logical-id="devEMS" partition="Streaming" quality-ceiling="good" rtd-reference-channel="" signal-id="" subsystem-name="IDDS" subsystem-type="iDDS" topic="ParameterDataSeries">
                    <alarm-limits/>
                </instance>
                <instance name="EMSParm_87" acquisition-rate="10" alternate-name="" calibration-group="" calibration-sensor="" customer-sensor="" data-type="float" deadband="0" description="" display-format="4.2f" display-range-maximum="100" display-range-minimum="0" domain-id="10" engineering-unit="%" export-for-steady-state="true" fixed-sensor="" fullset-stability="false" gid="2087" group="" idds-hardware-name="EMSParm_87" is-continuous-log="true" is-critical="false" is-enabled="true" logical-id="devEMS" partition="Streaming" quality-ceiling="good" rtd-reference-channel="" signal-id="" subsystem-name="IDDS" subsystem-type="iDDS" topic="ParameterDataSeries">
                    <alarm-limits/>
                </instance>
                <instance name="EMSParm_659" acquisition-rate="10" alternate-name="" calibration-group="" calibration-sensor="" customer-sensor="" data-type="float" deadband="0" description="" display-format="4.2f" display-range-maximum="100" display-range-minimum="0" domain-id="10" engineering-unit="%" export-for-steady-state="true" fixed-sensor="" fullset-stability="false" gid="2659" group="" idds-hardware-name="EMSParm_659" is-continuous-log="true" is-critical="false" is-enabled="true" logical-id="devEMS" partition="Streaming" quality-ceiling="good" rtd-reference-channel="" signal-id="" subsystem-name="IDDS" subsystem-type="iDDS" topic="ParameterDataSeries">
                    <alarm-limits/>
                </instance>
                <instance name="EMSParm_658" acquisition-rate="10" alternate-name="" calibration-group="" calibration-sensor="" customer-sensor="" data-type="float" deadband="0" description="" display-format="4.2f" display-range-maximum="100" display-range-minimum="0" domain-id="10" engineering-unit="%" export-for-steady-state="true" fixed-sensor="" fullset-stability="false" gid="2658" group="" idds-hardware-name="EMSParm_658" is-continuous-log="true" is-critical="false" is-enabled="true" logical-id="devEMS" partition="Streaming" quality-ceiling="good" rtd-reference-channel="" signal-id="" subsystem-name="IDDS" subsystem-type="iDDS" topic="ParameterDataSeries">
                    <alarm-limits/>
                </instance>
                <instance name="EMSParm_18" acquisition-rate="10" alternate-name="" calibration-group="" calibration-sensor="" customer-sensor="" data-type="float" deadband="0" description="" display-format="4.2f" display-range-maximum="100" display-range-minimum="0" domain-id="10" engineering-unit="%" export-for-steady-state="true" fixed-sensor="" fullset-stability="false" gid="2018" group="" idds-hardware-name="EMSParm_18" is-continuous-log="true" is-critical="false" is-enabled="true" logical-id="devEMS" partition="Streaming" quality-ceiling="good" rtd-reference-channel="" signal-id="" subsystem-name="IDDS" subsystem-type="iDDS" topic="ParameterDataSeries">
                    <alarm-limits/>
                </instance>
                <instance name="EMSParm_505" acquisition-rate="10" alternate-name="" calibration-group="" calibration-sensor="" customer-sensor="" data-type="float" deadband="0" description="" display-format="4.2f" display-range-maximum="100" display-range-minimum="0" domain-id="10" engineering-unit="%" export-for-steady-state="true" fixed-sensor="" fullset-stability="false" gid="2505" group="" idds-hardware-name="EMSParm_505" is-continuous-log="true" is-critical="false" is-enabled="true" logical-id="devEMS" partition="Streaming" quality-ceiling="good" rtd-reference-channel="" signal-id="" subsystem-name="IDDS" subsystem-type="iDDS" topic="ParameterDataSeries">
                    <alarm-limits/>
                </instance>
                <instance name="ENABLE_ALARMS" acquisition-rate="0" alternate-name="" calculated-equation="0" calculated-persistency="volatile" calibration-group="" calibration-sensor="" customer-sensor="" data-type="boolean" description="" display-format="false/true" domain-id="2" export-for-steady-state="true" fixed-sensor="" fullset-stability="false" gid="-1" group="" idds-hardware-name="" is-continuous-log="true" is-critical="false" is-enabled="true" is-output="false" logical-id="" partition="" quality-ceiling="good" rtd-reference-channel="" signal-id="" subsystem-name="calculated" subsystem-type="calculated" topic="">
                    <alarm-limits>
                        <instance alarm-type="disc">
                            <severity>
                                <instance alarm-severity="alarm" constant-limit-value="1" is-constant="true">
                                    <alarm-actions/>
                                </instance>
                                <instance alarm-severity="info" constant-limit-value="1" is-constant="true">
                                    <alarm-actions/>
                                </instance>
                                <instance alarm-severity="quiet" constant-limit-value="1" is-constant="true">
                                    <alarm-actions/>
                                </instance>
                            </severity>
                        </instance>
                    </alarm-limits>
                </instance>
                <instance name="EMSParm_983" acquisition-rate="10" alternate-name="" calibration-group="" calibration-sensor="" customer-sensor="" data-type="float" deadband="0" description="" display-format="4.2f" display-range-maximum="100" display-range-minimum="0" domain-id="10" engineering-unit="%" export-for-steady-state="true" fixed-sensor="" fullset-stability="false" gid="2983" group="" idds-hardware-name="EMSParm_983" is-continuous-log="true" is-critical="false" is-enabled="true" logical-id="devEMS" partition="Streaming" quality-ceiling="good" rtd-reference-channel="" signal-id="" subsystem-name="IDDS" subsystem-type="iDDS" topic="ParameterDataSeries">
                    <alarm-limits/>
                </instance>
                <instance name="EMSParm_324" acquisition-rate="10" alternate-name="" calibration-group="" calibration-sensor="" customer-sensor="" data-type="float" deadband="0" description="" display-format="4.2f" display-range-maximum="100" display-range-minimum="0" domain-id="10" engineering-unit="%" export-for-steady-state="true" fixed-sensor="" fullset-stability="false" gid="2324" group="" idds-hardware-name="EMSParm_324" is-continuous-log="true" is-critical="false" is-enabled="true" logical-id="devEMS" partition="Streaming" quality-ceiling="good" rtd-reference-channel="" signal-id="" subsystem-name="IDDS" subsystem-type="iDDS" topic="ParameterDataSeries">
                    <alarm-limits/>
                </instance>
                <instance name="EMSParm_727" acquisition-rate="10" alternate-name="" calibration-group="" calibration-sensor="" customer-sensor="" data-type="float" deadband="0" description="" display-format="4.2f" display-range-maximum="100" display-range-minimum="0" domain-id="10" engineering-unit="%" export-for-steady-state="true" fixed-sensor="" fullset-stability="false" gid="2727" group="" idds-hardware-name="EMSParm_727" is-continuous-log="true" is-critical="false" is-enabled="true" logical-id="devEMS" partition="Streaming" quality-ceiling="good" rtd-reference-channel="" signal-id="" subsystem-name="IDDS" subsystem-type="iDDS" topic="ParameterDataSeries">
                    <alarm-limits/>
                </instance>
                <instance name="EMSParm_43" acquisition-rate="10" alternate-name="" calibration-group="" calibration-sensor="" customer-sensor="" data-type="float" deadband="0" description="" display-format="4.2f" display-range-maximum="100" display-range-minimum="0" domain-id="10" engineering-unit="%" export-for-steady-state="true" fixed-sensor="" fullset-stability="false" gid="2043" group="" idds-hardware-name="EMSParm_43" is-continuous-log="true" is-critical="false" is-enabled="true" logical-id="devEMS" partition="Streaming" quality-ceiling="good" rtd-reference-channel="" signal-id="" subsystem-name="IDDS" subsystem-type="iDDS" topic="ParameterDataSeries">
                    <alarm-limits/>
                </instance>
                <instance name="EMSParm_890" acquisition-rate="10" alternate-name="" calibration-group="" calibration-sensor="" customer-sensor="" data-type="float" deadband="0" description="" display-format="4.2f" display-range-maximum="100" display-range-minimum="0" domain-id="10" engineering-unit="%" export-for-steady-state="true" fixed-sensor="" fullset-stability="false" gid="2890" group="" idds-hardware-name="EMSParm_890" is-continuous-log="true" is-critical="false" is-enabled="true" logical-id="devEMS" partition="Streaming" quality-ceiling="good" rtd-reference-channel="" signal-id="" subsystem-name="IDDS" subsystem-type="iDDS" topic="ParameterDataSeries">
                    <alarm-limits/>
                </instance>
                <instance name="EMSParm_377" acquisition-rate="10" alternate-name="" calibration-group="" calibration-sensor="" customer-sensor="" data-type="float" deadband="0" description="" display-format="4.2f" display-range-maximum="100" display-range-minimum="0" domain-id="10" engineering-unit="%" export-for-steady-state="true" fixed-sensor="" fullset-stability="false" gid="2377" group="" idds-hardware-name="EMSParm_377" is-continuous-log="true" is-critical="false" is-enabled="true" logical-id="devEMS" partition="Streaming" quality-ceiling="good" rtd-reference-channel="" signal-id="" subsystem-name="IDDS" subsystem-type="iDDS" topic="ParameterDataSeries">
                    <alarm-limits/>
                </instance>
                <instance name="pb91162ch16" acquisition-rate="1" alternate-name="" calibration-group="" calibration-sensor="" customer-sensor="" data-type="float" deadband="0" description="" display-format="4.2f" display-range-maximum="100" display-range-minimum="0" domain-id="2" engineering-unit="psi" export-for-steady-state="true" fixed-sensor="" fullset-stability="false" gid="-1" group="" idds-hardware-name="" is-continuous-log="true" is-critical="false" is-enabled="true" is-output="false" logical-id="" partition="" pbs-amb-press-channel="" pbs-avg-samples="4" pbs-input-type="pressure" pbs-port="16" pbs-serial-number="PB8793" quality-ceiling="good" rtd-reference-channel="" signal-id="" subsystem-name="PBS" subsystem-type="pbs" topic="">
                    <alarm-limits/>
                </instance>
                <instance name="EMSParm_1193" acquisition-rate="10" alternate-name="" calibration-group="" calibration-sensor="" customer-sensor="" data-type="float" deadband="0" description="" display-format="4.2f" display-range-maximum="100" display-range-minimum="0" domain-id="10" engineering-unit="%" export-for-steady-state="true" fixed-sensor="" fullset-stability="false" gid="3193" group="" idds-hardware-name="EMSParm_1193" is-continuous-log="true" is-critical="false" is-enabled="true" logical-id="devEMS" partition="Streaming" quality-ceiling="good" rtd-reference-channel="" signal-id="" subsystem-name="IDDS" subsystem-type="iDDS" topic="ParameterDataSeries">
                    <alarm-limits/>
                </instance>
                <instance name="T000061" acquisition-rate="10" alternate-name="" calibration-group="" calibration-sensor="" customer-sensor="" data-type="float" deadband="0" description="" display-format="4.2f" display-range-maximum="100" display-range-minimum="0" domain-id="2" engineering-unit="degC" export-for-steady-state="true" fixed-sensor="" fullset-stability="false" gid="5061" group="" idds-hardware-name="SCUTRDEMO_Ch61" is-continuous-log="true" is-critical="false" is-enabled="true" logical-id="scutrsim" partition="Streaming" quality-ceiling="good" rtd-reference-channel="" signal-id="" subsystem-name="IDDS" subsystem-type="iDDS" topic="ParameterDataSeries">
                    <alarm-limits/>
                </instance>
                <instance name="EMSParm_1089" acquisition-rate="10" alternate-name="" calibration-group="" calibration-sensor="" customer-sensor="" data-type="float" deadband="0" description="" display-format="4.2f" display-range-maximum="100" display-range-minimum="0" domain-id="10" engineering-unit="%" export-for-steady-state="true" fixed-sensor="" fullset-stability="false" gid="3089" group="" idds-hardware-name="EMSParm_1089" is-continuous-log="true" is-critical="false" is-enabled="true" logical-id="devEMS" partition="Streaming" quality-ceiling="good" rtd-reference-channel="" signal-id="" subsystem-name="IDDS" subsystem-type="iDDS" topic="ParameterDataSeries">
                    <alarm-limits/>
                </instance>
                <instance name="EMSParm_494" acquisition-rate="10" alternate-name="" calibration-group="" calibration-sensor="" customer-sensor="" data-type="float" deadband="0" description="" display-format="4.2f" display-range-maximum="100" display-range-minimum="0" domain-id="10" engineering-unit="%" export-for-steady-state="true" fixed-sensor="" fullset-stability="false" gid="2494" group="" idds-hardware-name="EMSParm_494" is-continuous-log="true" is-critical="false" is-enabled="true" logical-id="devEMS" partition="Streaming" quality-ceiling="good" rtd-reference-channel="" signal-id="" subsystem-name="IDDS" subsystem-type="iDDS" topic="ParameterDataSeries">
                    <alarm-limits/>
                </instance>
                <instance name="EMSParm_420" acquisition-rate="10" alternate-name="" calibration-group="" calibration-sensor="" customer-sensor="" data-type="float" deadband="0" description="" display-format="4.2f" display-range-maximum="100" display-range-minimum="0" domain-id="10" engineering-unit="%" export-for-steady-state="true" fixed-sensor="" fullset-stability="false" gid="2420" group="" idds-hardware-name="EMSParm_420" is-continuous-log="true" is-critical="false" is-enabled="true" logical-id="devEMS" partition="Streaming" quality-ceiling="good" rtd-reference-channel="" signal-id="" subsystem-name="IDDS" subsystem-type="iDDS" topic="ParameterDataSeries">
                    <alarm-limits/>
                </instance>
                <instance name="EMSParm_844" acquisition-rate="10" alternate-name="" calibration-group="" calibration-sensor="" customer-sensor="" data-type="float" deadband="0" description="" display-format="4.2f" display-range-maximum="100" display-range-minimum="0" domain-id="10" engineering-unit="%" export-for-steady-state="true" fixed-sensor="" fullset-stability="false" gid="2844" group="" idds-hardware-name="EMSParm_844" is-continuous-log="true" is-critical="false" is-enabled="true" logical-id="devEMS" partition="Streaming" quality-ceiling="good" rtd-reference-channel="" signal-id="" subsystem-name="IDDS" subsystem-type="iDDS" topic="ParameterDataSeries">
                    <alarm-limits/>
                </instance>
                <instance name="EMSParm_957" acquisition-rate="10" alternate-name="" calibration-group="" calibration-sensor="" customer-sensor="" data-type="float" deadband="0" description="" display-format="4.2f" display-range-maximum="100" display-range-minimum="0" domain-id="10" engineering-unit="%" export-for-steady-state="true" fixed-sensor="" fullset-stability="false" gid="2957" group="" idds-hardware-name="EMSParm_957" is-continuous-log="true" is-critical="false" is-enabled="true" logical-id="devEMS" partition="Streaming" quality-ceiling="good" rtd-reference-channel="" signal-id="" subsystem-name="IDDS" subsystem-type="iDDS" topic="ParameterDataSeries">
                    <alarm-limits/>
                </instance>
                <instance name="EMSParm_1210" acquisition-rate="10" alternate-name="" calibration-group="" calibration-sensor="" customer-sensor="" data-type="float" deadband="0" description="" display-format="4.2f" display-range-maximum="100" display-range-minimum="0" domain-id="10" engineering-unit="%" export-for-steady-state="true" fixed-sensor="" fullset-stability="false" gid="3210" group="" idds-hardware-name="EMSParm_1210" is-continuous-log="true" is-critical="false" is-enabled="true" logical-id="devEMS" partition="Streaming" quality-ceiling="good" rtd-reference-channel="" signal-id="" subsystem-name="IDDS" subsystem-type="iDDS" topic="ParameterDataSeries">
                    <alarm-limits/>
                </instance>
                <instance name="EMSParm_657" acquisition-rate="10" alternate-name="" calibration-group="" calibration-sensor="" customer-sensor="" data-type="float" deadband="0" description="" display-format="4.2f" display-range-maximum="100" display-range-minimum="0" domain-id="10" engineering-unit="%" export-for-steady-state="true" fixed-sensor="" fullset-stability="false" gid="2657" group="" idds-hardware-name="EMSParm_657" is-continuous-log="true" is-critical="false" is-enabled="true" logical-id="devEMS" partition="Streaming" quality-ceiling="good" rtd-reference-channel="" signal-id="" subsystem-name="IDDS" subsystem-type="iDDS" topic="ParameterDataSeries">
                    <alarm-limits/>
                </instance>
                <instance name="dnaAI00008" acquisition-rate="200" alternate-name="" calibration-group="" calibration-sensor="" customer-sensor="" data-type="float" deadband="0" description="Input channel 8" display-format="4.2f" display-range-maximum="100" display-range-minimum="0" domain-id="3" engineering-unit="V" export-for-steady-state="true" fixed-sensor="" fullset-stability="false" gid="224" group="" idds-hardware-name="dev01/ch00008" is-continuous-log="true" is-critical="false" is-enabled="true" logical-id="devCube999" partition="Streaming" quality-ceiling="good" rtd-reference-channel="" signal-id="" subsystem-name="IDDS" subsystem-type="iDDS" topic="ParameterDataValue">
                    <alarm-limits/>
                </instance>
                <instance name="EMSParm_1473" acquisition-rate="10" alternate-name="" calibration-group="" calibration-sensor="" customer-sensor="" data-type="float" deadband="0" description="" display-format="4.2f" display-range-maximum="100" display-range-minimum="0" domain-id="10" engineering-unit="%" export-for-steady-state="true" fixed-sensor="" fullset-stability="false" gid="3473" group="" idds-hardware-name="EMSParm_1473" is-continuous-log="true" is-critical="false" is-enabled="true" logical-id="devEMS" partition="Streaming" quality-ceiling="good" rtd-reference-channel="" signal-id="" subsystem-name="IDDS" subsystem-type="iDDS" topic="ParameterDataSeries">
                    <alarm-limits/>
                </instance>
                <instance name="T000062" acquisition-rate="10" alternate-name="" calibration-group="" calibration-sensor="" customer-sensor="" data-type="float" deadband="0" description="" display-format="4.2f" display-range-maximum="100" display-range-minimum="0" domain-id="2" engineering-unit="degC" export-for-steady-state="true" fixed-sensor="" fullset-stability="false" gid="5062" group="" idds-hardware-name="SCUTRDEMO_Ch62" is-continuous-log="true" is-critical="false" is-enabled="true" logical-id="scutrsim" partition="Streaming" quality-ceiling="good" rtd-reference-channel="" signal-id="" subsystem-name="IDDS" subsystem-type="iDDS" topic="ParameterDataSeries">
                    <alarm-limits/>
                </instance>
                <instance name="YB1_Ch04" acquisition-rate="1" alternate-name="" calibration-group="" calibration-sensor="" customer-sensor="" data-type="float" deadband="0" description="" display-format="4.2f" display-range-maximum="100" display-range-minimum="0" domain-id="3" engineering-unit="-" export-for-steady-state="true" fixed-sensor="" fullset-stability="false" gid="9004" group="" idds-hardware-name="CH4" is-continuous-log="true" is-critical="false" is-enabled="true" logical-id="rx3036-1" partition="Streaming" quality-ceiling="good" rtd-reference-channel="" signal-id="" subsystem-name="IDDS" subsystem-type="iDDS" topic="ParameterDataSeries">
                    <alarm-limits/>
                </instance>
                <instance name="EMSParm_1403" acquisition-rate="10" alternate-name="" calibration-group="" calibration-sensor="" customer-sensor="" data-type="float" deadband="0" description="" display-format="4.2f" display-range-maximum="100" display-range-minimum="0" domain-id="10" engineering-unit="%" export-for-steady-state="true" fixed-sensor="" fullset-stability="false" gid="3403" group="" idds-hardware-name="EMSParm_1403" is-continuous-log="true" is-critical="false" is-enabled="true" logical-id="devEMS" partition="Streaming" quality-ceiling="good" rtd-reference-channel="" signal-id="" subsystem-name="IDDS" subsystem-type="iDDS" topic="ParameterDataSeries">
                    <alarm-limits/>
                </instance>
                <instance name="EMSParm_1251" acquisition-rate="10" alternate-name="" calibration-group="" calibration-sensor="" customer-sensor="" data-type="float" deadband="0" description="" display-format="4.2f" display-range-maximum="100" display-range-minimum="0" domain-id="10" engineering-unit="%" export-for-steady-state="true" fixed-sensor="" fullset-stability="false" gid="3251" group="" idds-hardware-name="EMSParm_1251" is-continuous-log="true" is-critical="false" is-enabled="true" logical-id="devEMS" partition="Streaming" quality-ceiling="good" rtd-reference-channel="" signal-id="" subsystem-name="IDDS" subsystem-type="iDDS" topic="ParameterDataSeries">
                    <alarm-limits/>
                </instance>
                <instance name="EMSParm_805" acquisition-rate="10" alternate-name="" calibration-group="" calibration-sensor="" customer-sensor="" data-type="float" deadband="0" description="" display-format="4.2f" display-range-maximum="100" display-range-minimum="0" domain-id="10" engineering-unit="%" export-for-steady-state="true" fixed-sensor="" fullset-stability="false" gid="2805" group="" idds-hardware-name="EMSParm_805" is-continuous-log="true" is-critical="false" is-enabled="true" logical-id="devEMS" partition="Streaming" quality-ceiling="good" rtd-reference-channel="" signal-id="" subsystem-name="IDDS" subsystem-type="iDDS" topic="ParameterDataSeries">
                    <alarm-limits/>
                </instance>
                <instance name="EMSParm_335" acquisition-rate="10" alternate-name="" calibration-group="" calibration-sensor="" customer-sensor="" data-type="float" deadband="0" description="" display-format="4.2f" display-range-maximum="100" display-range-minimum="0" domain-id="10" engineering-unit="%" export-for-steady-state="true" fixed-sensor="" fullset-stability="false" gid="2335" group="" idds-hardware-name="EMSParm_335" is-continuous-log="true" is-critical="false" is-enabled="true" logical-id="devEMS" partition="Streaming" quality-ceiling="good" rtd-reference-channel="" signal-id="" subsystem-name="IDDS" subsystem-type="iDDS" topic="ParameterDataSeries">
                    <alarm-limits/>
                </instance>
                <instance name="EMSParm_61" acquisition-rate="10" alternate-name="" calibration-group="" calibration-sensor="" customer-sensor="" data-type="float" deadband="0" description="" display-format="4.2f" display-range-maximum="100" display-range-minimum="0" domain-id="10" engineering-unit="%" export-for-steady-state="true" fixed-sensor="" fullset-stability="false" gid="2061" group="" idds-hardware-name="EMSParm_61" is-continuous-log="true" is-critical="false" is-enabled="true" logical-id="devEMS" partition="Streaming" quality-ceiling="good" rtd-reference-channel="" signal-id="" subsystem-name="IDDS" subsystem-type="iDDS" topic="ParameterDataSeries">
                    <alarm-limits/>
                </instance>
                <instance name="EMSParm_1123" acquisition-rate="10" alternate-name="" calibration-group="" calibration-sensor="" customer-sensor="" data-type="float" deadband="0" description="" display-format="4.2f" display-range-maximum="100" display-range-minimum="0" domain-id="10" engineering-unit="%" export-for-steady-state="true" fixed-sensor="" fullset-stability="false" gid="3123" group="" idds-hardware-name="EMSParm_1123" is-continuous-log="true" is-critical="false" is-enabled="true" logical-id="devEMS" partition="Streaming" quality-ceiling="good" rtd-reference-channel="" signal-id="" subsystem-name="IDDS" subsystem-type="iDDS" topic="ParameterDataSeries">
                    <alarm-limits/>
                </instance>
                <instance name="EMSParm_783" acquisition-rate="10" alternate-name="" calibration-group="" calibration-sensor="" customer-sensor="" data-type="float" deadband="0" description="" display-format="4.2f" display-range-maximum="100" display-range-minimum="0" domain-id="10" engineering-unit="%" export-for-steady-state="true" fixed-sensor="" fullset-stability="false" gid="2783" group="" idds-hardware-name="EMSParm_783" is-continuous-log="true" is-critical="false" is-enabled="true" logical-id="devEMS" partition="Streaming" quality-ceiling="good" rtd-reference-channel="" signal-id="" subsystem-name="IDDS" subsystem-type="iDDS" topic="ParameterDataSeries">
                    <alarm-limits/>
                </instance>
                <instance name="EMSParm_738" acquisition-rate="10" alternate-name="" calibration-group="" calibration-sensor="" customer-sensor="" data-type="float" deadband="0" description="" display-format="4.2f" display-range-maximum="100" display-range-minimum="0" domain-id="10" engineering-unit="%" export-for-steady-state="true" fixed-sensor="" fullset-stability="false" gid="2738" group="" idds-hardware-name="EMSParm_738" is-continuous-log="true" is-critical="false" is-enabled="true" logical-id="devEMS" partition="Streaming" quality-ceiling="good" rtd-reference-channel="" signal-id="" subsystem-name="IDDS" subsystem-type="iDDS" topic="ParameterDataSeries">
                    <alarm-limits/>
                </instance>
                <instance name="EMSParm_1440" acquisition-rate="10" alternate-name="" calibration-group="" calibration-sensor="" customer-sensor="" data-type="float" deadband="0" description="" display-format="4.2f" display-range-maximum="100" display-range-minimum="0" domain-id="10" engineering-unit="%" export-for-steady-state="true" fixed-sensor="" fullset-stability="false" gid="3440" group="" idds-hardware-name="EMSParm_1440" is-continuous-log="true" is-critical="false" is-enabled="true" logical-id="devEMS" partition="Streaming" quality-ceiling="good" rtd-reference-channel="" signal-id="" subsystem-name="IDDS" subsystem-type="iDDS" topic="ParameterDataSeries">
                    <alarm-limits/>
                </instance>
                <instance name="T000018" acquisition-rate="10" alternate-name="" calibration-group="" calibration-sensor="" customer-sensor="" data-type="float" deadband="0" description="" display-format="4.2f" display-range-maximum="100" display-range-minimum="0" domain-id="2" engineering-unit="degC" export-for-steady-state="true" fixed-sensor="" fullset-stability="false" gid="5018" group="" idds-hardware-name="SCUTRDEMO_Ch18" is-continuous-log="true" is-critical="false" is-enabled="true" logical-id="scutrsim" partition="Streaming" quality-ceiling="good" rtd-reference-channel="" signal-id="" subsystem-name="IDDS" subsystem-type="iDDS" topic="ParameterDataSeries">
                    <alarm-limits/>
                </instance>
                <instance name="EMSParm_1265" acquisition-rate="10" alternate-name="" calibration-group="" calibration-sensor="" customer-sensor="" data-type="float" deadband="0" description="" display-format="4.2f" display-range-maximum="100" display-range-minimum="0" domain-id="10" engineering-unit="%" export-for-steady-state="true" fixed-sensor="" fullset-stability="false" gid="3265" group="" idds-hardware-name="EMSParm_1265" is-continuous-log="true" is-critical="false" is-enabled="true" logical-id="devEMS" partition="Streaming" quality-ceiling="good" rtd-reference-channel="" signal-id="" subsystem-name="IDDS" subsystem-type="iDDS" topic="ParameterDataSeries">
                    <alarm-limits/>
                </instance>
                <instance name="EMSParm_1501" acquisition-rate="10" alternate-name="" calibration-group="" calibration-sensor="" customer-sensor="" data-type="float" deadband="0" description="" display-format="4.2f" display-range-maximum="100" display-range-minimum="0" domain-id="10" engineering-unit="%" export-for-steady-state="true" fixed-sensor="" fullset-stability="false" gid="3501" group="" idds-hardware-name="EMSParm_1501" is-continuous-log="true" is-critical="false" is-enabled="true" logical-id="devEMS" partition="Streaming" quality-ceiling="good" rtd-reference-channel="" signal-id="" subsystem-name="IDDS" subsystem-type="iDDS" topic="ParameterDataSeries">
                    <alarm-limits/>
                </instance>
                <instance name="EMSParm_711" acquisition-rate="10" alternate-name="" calibration-group="" calibration-sensor="" customer-sensor="" data-type="float" deadband="0" description="" display-format="4.2f" display-range-maximum="100" display-range-minimum="0" domain-id="10" engineering-unit="%" export-for-steady-state="true" fixed-sensor="" fullset-stability="false" gid="2711" group="" idds-hardware-name="EMSParm_711" is-continuous-log="true" is-critical="false" is-enabled="true" logical-id="devEMS" partition="Streaming" quality-ceiling="good" rtd-reference-channel="" signal-id="" subsystem-name="IDDS" subsystem-type="iDDS" topic="ParameterDataSeries">
                    <alarm-limits/>
                </instance>
                <instance name="EMSParm_1489" acquisition-rate="10" alternate-name="" calibration-group="" calibration-sensor="" customer-sensor="" data-type="float" deadband="0" description="" display-format="4.2f" display-range-maximum="100" display-range-minimum="0" domain-id="10" engineering-unit="%" export-for-steady-state="true" fixed-sensor="" fullset-stability="false" gid="3489" group="" idds-hardware-name="EMSParm_1489" is-continuous-log="true" is-critical="false" is-enabled="true" logical-id="devEMS" partition="Streaming" quality-ceiling="good" rtd-reference-channel="" signal-id="" subsystem-name="IDDS" subsystem-type="iDDS" topic="ParameterDataSeries">
                    <alarm-limits/>
                </instance>
                <instance name="EMSParm_579" acquisition-rate="10" alternate-name="" calibration-group="" calibration-sensor="" customer-sensor="" data-type="float" deadband="0" description="" display-format="4.2f" display-range-maximum="100" display-range-minimum="0" domain-id="10" engineering-unit="%" export-for-steady-state="true" fixed-sensor="" fullset-stability="false" gid="2579" group="" idds-hardware-name="EMSParm_579" is-continuous-log="true" is-critical="false" is-enabled="true" logical-id="devEMS" partition="Streaming" quality-ceiling="good" rtd-reference-channel="" signal-id="" subsystem-name="IDDS" subsystem-type="iDDS" topic="ParameterDataSeries">
                    <alarm-limits/>
                </instance>
                <instance name="EMSParm_612" acquisition-rate="10" alternate-name="" calibration-group="" calibration-sensor="" customer-sensor="" data-type="float" deadband="0" description="" display-format="4.2f" display-range-maximum="100" display-range-minimum="0" domain-id="10" engineering-unit="%" export-for-steady-state="true" fixed-sensor="" fullset-stability="false" gid="2612" group="" idds-hardware-name="EMSParm_612" is-continuous-log="true" is-critical="false" is-enabled="true" logical-id="devEMS" partition="Streaming" quality-ceiling="good" rtd-reference-channel="" signal-id="" subsystem-name="IDDS" subsystem-type="iDDS" topic="ParameterDataSeries">
                    <alarm-limits/>
                </instance>
                <instance name="EMSParm_599" acquisition-rate="10" alternate-name="" calibration-group="" calibration-sensor="" customer-sensor="" data-type="float" deadband="0" description="" display-format="4.2f" display-range-maximum="100" display-range-minimum="0" domain-id="10" engineering-unit="%" export-for-steady-state="true" fixed-sensor="" fullset-stability="false" gid="2599" group="" idds-hardware-name="EMSParm_599" is-continuous-log="true" is-critical="false" is-enabled="true" logical-id="devEMS" partition="Streaming" quality-ceiling="good" rtd-reference-channel="" signal-id="" subsystem-name="IDDS" subsystem-type="iDDS" topic="ParameterDataSeries">
                    <alarm-limits/>
                </instance>
                <instance name="EMSParm_958" acquisition-rate="10" alternate-name="" calibration-group="" calibration-sensor="" customer-sensor="" data-type="float" deadband="0" description="" display-format="4.2f" display-range-maximum="100" display-range-minimum="0" domain-id="10" engineering-unit="%" export-for-steady-state="true" fixed-sensor="" fullset-stability="false" gid="2958" group="" idds-hardware-name="EMSParm_958" is-continuous-log="true" is-critical="false" is-enabled="true" logical-id="devEMS" partition="Streaming" quality-ceiling="good" rtd-reference-channel="" signal-id="" subsystem-name="IDDS" subsystem-type="iDDS" topic="ParameterDataSeries">
                    <alarm-limits/>
                </instance>
                <instance name="EMSParm_535" acquisition-rate="10" alternate-name="" calibration-group="" calibration-sensor="" customer-sensor="" data-type="float" deadband="0" description="" display-format="4.2f" display-range-maximum="100" display-range-minimum="0" domain-id="10" engineering-unit="%" export-for-steady-state="true" fixed-sensor="" fullset-stability="false" gid="2535" group="" idds-hardware-name="EMSParm_535" is-continuous-log="true" is-critical="false" is-enabled="true" logical-id="devEMS" partition="Streaming" quality-ceiling="good" rtd-reference-channel="" signal-id="" subsystem-name="IDDS" subsystem-type="iDDS" topic="ParameterDataSeries">
                    <alarm-limits/>
                </instance>
                <instance name="EMSParm_1064" acquisition-rate="10" alternate-name="" calibration-group="" calibration-sensor="" customer-sensor="" data-type="float" deadband="0" description="" display-format="4.2f" display-range-maximum="100" display-range-minimum="0" domain-id="10" engineering-unit="%" export-for-steady-state="true" fixed-sensor="" fullset-stability="false" gid="3064" group="" idds-hardware-name="EMSParm_1064" is-continuous-log="true" is-critical="false" is-enabled="true" logical-id="devEMS" partition="Streaming" quality-ceiling="good" rtd-reference-channel="" signal-id="" subsystem-name="IDDS" subsystem-type="iDDS" topic="ParameterDataSeries">
                    <alarm-limits/>
                </instance>
                <instance name="EMSParm_417" acquisition-rate="10" alternate-name="" calibration-group="" calibration-sensor="" customer-sensor="" data-type="float" deadband="0" description="" display-format="4.2f" display-range-maximum="100" display-range-minimum="0" domain-id="10" engineering-unit="%" export-for-steady-state="true" fixed-sensor="" fullset-stability="false" gid="2417" group="" idds-hardware-name="EMSParm_417" is-continuous-log="true" is-critical="false" is-enabled="true" logical-id="devEMS" partition="Streaming" quality-ceiling="good" rtd-reference-channel="" signal-id="" subsystem-name="IDDS" subsystem-type="iDDS" topic="ParameterDataSeries">
                    <alarm-limits/>
                </instance>
                <instance name="calcAI00005" acquisition-rate="200" alternate-name="" calculated-equation="dnaAI00005" calculated-persistency="volatile" calibration-group="" calibration-sensor="" customer-sensor="" data-type="float" deadband="0" description="" display-format="4.2f" display-range-maximum="100" display-range-minimum="0" domain-id="4" engineering-unit="V" export-for-steady-state="true" fixed-sensor="" fullset-stability="false" gid="6009" group="" idds-hardware-name="calcAI00005" is-continuous-log="true" is-critical="false" is-enabled="true" is-output="false" logical-id="RTE" partition="Streaming" quality-ceiling="good" rtd-reference-channel="" signal-id="" subsystem-name="calculated" subsystem-type="calculated" topic="ParameterDataValue">
                    <alarm-limits/>
                </instance>
                <instance name="EMSParm_937" acquisition-rate="10" alternate-name="" calibration-group="" calibration-sensor="" customer-sensor="" data-type="float" deadband="0" description="" display-format="4.2f" display-range-maximum="100" display-range-minimum="0" domain-id="10" engineering-unit="%" export-for-steady-state="true" fixed-sensor="" fullset-stability="false" gid="2937" group="" idds-hardware-name="EMSParm_937" is-continuous-log="true" is-critical="false" is-enabled="true" logical-id="devEMS" partition="Streaming" quality-ceiling="good" rtd-reference-channel="" signal-id="" subsystem-name="IDDS" subsystem-type="iDDS" topic="ParameterDataSeries">
                    <alarm-limits/>
                </instance>
                <instance name="EMSParm_1070" acquisition-rate="10" alternate-name="" calibration-group="" calibration-sensor="" customer-sensor="" data-type="float" deadband="0" description="" display-format="4.2f" display-range-maximum="100" display-range-minimum="0" domain-id="10" engineering-unit="%" export-for-steady-state="true" fixed-sensor="" fullset-stability="false" gid="3070" group="" idds-hardware-name="EMSParm_1070" is-continuous-log="true" is-critical="false" is-enabled="true" logical-id="devEMS" partition="Streaming" quality-ceiling="good" rtd-reference-channel="" signal-id="" subsystem-name="IDDS" subsystem-type="iDDS" topic="ParameterDataSeries">
                    <alarm-limits/>
                </instance>
                <instance name="EMSParm_275" acquisition-rate="10" alternate-name="" calibration-group="" calibration-sensor="" customer-sensor="" data-type="float" deadband="0" description="" display-format="4.2f" display-range-maximum="100" display-range-minimum="0" domain-id="10" engineering-unit="%" export-for-steady-state="true" fixed-sensor="" fullset-stability="false" gid="2275" group="" idds-hardware-name="EMSParm_275" is-continuous-log="true" is-critical="false" is-enabled="true" logical-id="devEMS" partition="Streaming" quality-ceiling="good" rtd-reference-channel="" signal-id="" subsystem-name="IDDS" subsystem-type="iDDS" topic="ParameterDataSeries">
                    <alarm-limits/>
                </instance>
                <instance name="EMSParm_621" acquisition-rate="10" alternate-name="" calibration-group="" calibration-sensor="" customer-sensor="" data-type="float" deadband="0" description="" display-format="4.2f" display-range-maximum="100" display-range-minimum="0" domain-id="10" engineering-unit="%" export-for-steady-state="true" fixed-sensor="" fullset-stability="false" gid="2621" group="" idds-hardware-name="EMSParm_621" is-continuous-log="true" is-critical="false" is-enabled="true" logical-id="devEMS" partition="Streaming" quality-ceiling="good" rtd-reference-channel="" signal-id="" subsystem-name="IDDS" subsystem-type="iDDS" topic="ParameterDataSeries">
                    <alarm-limits/>
                </instance>
                <instance name="YB1_Ch05" acquisition-rate="1" alternate-name="" calibration-group="" calibration-sensor="" customer-sensor="" data-type="float" deadband="0" description="" display-format="4.2f" display-range-maximum="100" display-range-minimum="0" domain-id="3" engineering-unit="-" export-for-steady-state="true" fixed-sensor="" fullset-stability="false" gid="9005" group="" idds-hardware-name="CH5" is-continuous-log="true" is-critical="false" is-enabled="true" logical-id="rx3036-1" partition="Streaming" quality-ceiling="good" rtd-reference-channel="" signal-id="" subsystem-name="IDDS" subsystem-type="iDDS" topic="ParameterDataSeries">
                    <alarm-limits/>
                </instance>
                <instance name="YB1_Ch06" acquisition-rate="1" alternate-name="" calibration-group="" calibration-sensor="" customer-sensor="" data-type="float" deadband="0" description="" display-format="4.2f" display-range-maximum="100" display-range-minimum="0" domain-id="3" engineering-unit="-" export-for-steady-state="true" fixed-sensor="" fullset-stability="false" gid="9006" group="" idds-hardware-name="CH6" is-continuous-log="true" is-critical="false" is-enabled="true" logical-id="rx3036-1" partition="Streaming" quality-ceiling="good" rtd-reference-channel="" signal-id="" subsystem-name="IDDS" subsystem-type="iDDS" topic="ParameterDataSeries">
                    <alarm-limits/>
                </instance>
                <instance name="EMSParm_1582" acquisition-rate="10" alternate-name="" calibration-group="" calibration-sensor="" customer-sensor="" data-type="float" deadband="0" description="" display-format="4.2f" display-range-maximum="100" display-range-minimum="0" domain-id="10" engineering-unit="%" export-for-steady-state="true" fixed-sensor="" fullset-stability="false" gid="3582" group="" idds-hardware-name="EMSParm_1582" is-continuous-log="true" is-critical="false" is-enabled="true" logical-id="devEMS" partition="Streaming" quality-ceiling="good" rtd-reference-channel="" signal-id="" subsystem-name="IDDS" subsystem-type="iDDS" topic="ParameterDataSeries">
                    <alarm-limits/>
                </instance>
                <instance name="EMSParm_791" acquisition-rate="10" alternate-name="" calibration-group="" calibration-sensor="" customer-sensor="" data-type="float" deadband="0" description="" display-format="4.2f" display-range-maximum="100" display-range-minimum="0" domain-id="10" engineering-unit="%" export-for-steady-state="true" fixed-sensor="" fullset-stability="false" gid="2791" group="" idds-hardware-name="EMSParm_791" is-continuous-log="true" is-critical="false" is-enabled="true" logical-id="devEMS" partition="Streaming" quality-ceiling="good" rtd-reference-channel="" signal-id="" subsystem-name="IDDS" subsystem-type="iDDS" topic="ParameterDataSeries">
                    <alarm-limits/>
                </instance>
                <instance name="dnaAO00007" acquisition-rate="200" alternate-name="" calibration-group="" calibration-sensor="" customer-sensor="" data-type="float" deadband="0" description="Output channel 8" display-format="4.2f" display-range-maximum="100" display-range-minimum="0" domain-id="3" engineering-unit="V" export-for-steady-state="true" fixed-sensor="" fullset-stability="false" gid="295" group="" idds-hardware-name="dev02/ch00007" is-continuous-log="true" is-critical="false" is-enabled="true" logical-id="devCube999" partition="Streaming" quality-ceiling="good" rtd-reference-channel="" signal-id="" subsystem-name="IDDS" subsystem-type="iDDS" topic="ParameterDataValue">
                    <alarm-limits/>
                </instance>
                <instance name="EMSParm_801" acquisition-rate="10" alternate-name="" calibration-group="" calibration-sensor="" customer-sensor="" data-type="float" deadband="0" description="" display-format="4.2f" display-range-maximum="100" display-range-minimum="0" domain-id="10" engineering-unit="%" export-for-steady-state="true" fixed-sensor="" fullset-stability="false" gid="2801" group="" idds-hardware-name="EMSParm_801" is-continuous-log="true" is-critical="false" is-enabled="true" logical-id="devEMS" partition="Streaming" quality-ceiling="good" rtd-reference-channel="" signal-id="" subsystem-name="IDDS" subsystem-type="iDDS" topic="ParameterDataSeries">
                    <alarm-limits/>
                </instance>
                <instance name="EMSParm_1333" acquisition-rate="10" alternate-name="" calibration-group="" calibration-sensor="" customer-sensor="" data-type="float" deadband="0" description="" display-format="4.2f" display-range-maximum="100" display-range-minimum="0" domain-id="10" engineering-unit="%" export-for-steady-state="true" fixed-sensor="" fullset-stability="false" gid="3333" group="" idds-hardware-name="EMSParm_1333" is-continuous-log="true" is-critical="false" is-enabled="true" logical-id="devEMS" partition="Streaming" quality-ceiling="good" rtd-reference-channel="" signal-id="" subsystem-name="IDDS" subsystem-type="iDDS" topic="ParameterDataSeries">
                    <alarm-limits/>
                </instance>
                <instance name="EMSParm_1492" acquisition-rate="10" alternate-name="" calibration-group="" calibration-sensor="" customer-sensor="" data-type="float" deadband="0" description="" display-format="4.2f" display-range-maximum="100" display-range-minimum="0" domain-id="10" engineering-unit="%" export-for-steady-state="true" fixed-sensor="" fullset-stability="false" gid="3492" group="" idds-hardware-name="EMSParm_1492" is-continuous-log="true" is-critical="false" is-enabled="true" logical-id="devEMS" partition="Streaming" quality-ceiling="good" rtd-reference-channel="" signal-id="" subsystem-name="IDDS" subsystem-type="iDDS" topic="ParameterDataSeries">
                    <alarm-limits/>
                </instance>
                <instance name="EMSParm_188" acquisition-rate="10" alternate-name="" calibration-group="" calibration-sensor="" customer-sensor="" data-type="float" deadband="0" description="" display-format="4.2f" display-range-maximum="100" display-range-minimum="0" domain-id="10" engineering-unit="%" export-for-steady-state="true" fixed-sensor="" fullset-stability="false" gid="2188" group="" idds-hardware-name="EMSParm_188" is-continuous-log="true" is-critical="false" is-enabled="true" logical-id="devEMS" partition="Streaming" quality-ceiling="good" rtd-reference-channel="" signal-id="" subsystem-name="IDDS" subsystem-type="iDDS" topic="ParameterDataSeries">
                    <alarm-limits/>
                </instance>
                <instance name="EMSParm_1419" acquisition-rate="10" alternate-name="" calibration-group="" calibration-sensor="" customer-sensor="" data-type="float" deadband="0" description="" display-format="4.2f" display-range-maximum="100" display-range-minimum="0" domain-id="10" engineering-unit="%" export-for-steady-state="true" fixed-sensor="" fullset-stability="false" gid="3419" group="" idds-hardware-name="EMSParm_1419" is-continuous-log="true" is-critical="false" is-enabled="true" logical-id="devEMS" partition="Streaming" quality-ceiling="good" rtd-reference-channel="" signal-id="" subsystem-name="IDDS" subsystem-type="iDDS" topic="ParameterDataSeries">
                    <alarm-limits/>
                </instance>
                <instance name="EMSParm_998" acquisition-rate="10" alternate-name="" calibration-group="" calibration-sensor="" customer-sensor="" data-type="float" deadband="0" description="" display-format="4.2f" display-range-maximum="100" display-range-minimum="0" domain-id="10" engineering-unit="%" export-for-steady-state="true" fixed-sensor="" fullset-stability="false" gid="2998" group="" idds-hardware-name="EMSParm_998" is-continuous-log="true" is-critical="false" is-enabled="true" logical-id="devEMS" partition="Streaming" quality-ceiling="good" rtd-reference-channel="" signal-id="" subsystem-name="IDDS" subsystem-type="iDDS" topic="ParameterDataSeries">
                    <alarm-limits/>
                </instance>
                <instance name="EMSParm_156" acquisition-rate="10" alternate-name="" calibration-group="" calibration-sensor="" customer-sensor="" data-type="float" deadband="0" description="" display-format="4.2f" display-range-maximum="100" display-range-minimum="0" domain-id="10" engineering-unit="%" export-for-steady-state="true" fixed-sensor="" fullset-stability="false" gid="2156" group="" idds-hardware-name="EMSParm_156" is-continuous-log="true" is-critical="false" is-enabled="true" logical-id="devEMS" partition="Streaming" quality-ceiling="good" rtd-reference-channel="" signal-id="" subsystem-name="IDDS" subsystem-type="iDDS" topic="ParameterDataSeries">
                    <alarm-limits/>
                </instance>
                <instance name="YB1_Ch07" acquisition-rate="1" alternate-name="" calibration-group="" calibration-sensor="" customer-sensor="" data-type="float" deadband="0" description="" display-format="4.2f" display-range-maximum="100" display-range-minimum="0" domain-id="3" engineering-unit="-" export-for-steady-state="true" fixed-sensor="" fullset-stability="false" gid="9007" group="" idds-hardware-name="CH7" is-continuous-log="true" is-critical="false" is-enabled="true" logical-id="rx3036-1" partition="Streaming" quality-ceiling="good" rtd-reference-channel="" signal-id="" subsystem-name="IDDS" subsystem-type="iDDS" topic="ParameterDataSeries">
                    <alarm-limits/>
                </instance>
                <instance name="EMSParm_1152" acquisition-rate="10" alternate-name="" calibration-group="" calibration-sensor="" customer-sensor="" data-type="float" deadband="0" description="" display-format="4.2f" display-range-maximum="100" display-range-minimum="0" domain-id="10" engineering-unit="%" export-for-steady-state="true" fixed-sensor="" fullset-stability="false" gid="3152" group="" idds-hardware-name="EMSParm_1152" is-continuous-log="true" is-critical="false" is-enabled="true" logical-id="devEMS" partition="Streaming" quality-ceiling="good" rtd-reference-channel="" signal-id="" subsystem-name="IDDS" subsystem-type="iDDS" topic="ParameterDataSeries">
                    <alarm-limits/>
                </instance>
                <instance name="EMSParm_1474" acquisition-rate="10" alternate-name="" calibration-group="" calibration-sensor="" customer-sensor="" data-type="float" deadband="0" description="" display-format="4.2f" display-range-maximum="100" display-range-minimum="0" domain-id="10" engineering-unit="%" export-for-steady-state="true" fixed-sensor="" fullset-stability="false" gid="3474" group="" idds-hardware-name="EMSParm_1474" is-continuous-log="true" is-critical="false" is-enabled="true" logical-id="devEMS" partition="Streaming" quality-ceiling="good" rtd-reference-channel="" signal-id="" subsystem-name="IDDS" subsystem-type="iDDS" topic="ParameterDataSeries">
                    <alarm-limits/>
                </instance>
                <instance name="EMSParm_581" acquisition-rate="10" alternate-name="" calibration-group="" calibration-sensor="" customer-sensor="" data-type="float" deadband="0" description="" display-format="4.2f" display-range-maximum="100" display-range-minimum="0" domain-id="10" engineering-unit="%" export-for-steady-state="true" fixed-sensor="" fullset-stability="false" gid="2581" group="" idds-hardware-name="EMSParm_581" is-continuous-log="true" is-critical="false" is-enabled="true" logical-id="devEMS" partition="Streaming" quality-ceiling="good" rtd-reference-channel="" signal-id="" subsystem-name="IDDS" subsystem-type="iDDS" topic="ParameterDataSeries">
                    <alarm-limits/>
                </instance>
                <instance name="EMSParm_540" acquisition-rate="10" alternate-name="" calibration-group="" calibration-sensor="" customer-sensor="" data-type="float" deadband="0" description="" display-format="4.2f" display-range-maximum="100" display-range-minimum="0" domain-id="10" engineering-unit="%" export-for-steady-state="true" fixed-sensor="" fullset-stability="false" gid="2540" group="" idds-hardware-name="EMSParm_540" is-continuous-log="true" is-critical="false" is-enabled="true" logical-id="devEMS" partition="Streaming" quality-ceiling="good" rtd-reference-channel="" signal-id="" subsystem-name="IDDS" subsystem-type="iDDS" topic="ParameterDataSeries">
                    <alarm-limits/>
                </instance>
                <instance name="dnaAI00001" acquisition-rate="200" alternate-name="" calibration-group="" calibration-sensor="" customer-sensor="" data-type="float" deadband="0" description="Input channel 2" display-format="4.2f" display-range-maximum="100" display-range-minimum="0" domain-id="3 5" engineering-unit="V" export-for-steady-state="true" fixed-sensor="" fullset-stability="false" gid="217" group="" idds-hardware-name="dev01/ch00001" is-continuous-log="true" is-critical="true" is-enabled="true" logical-id="devCube999" partition="Streaming" quality-ceiling="good" rtd-reference-channel="" signal-id="" subsystem-name="IDDS" subsystem-type="iDDS" topic="ParameterDataValue">
                    <alarm-limits/>
                </instance>
                <instance name="EMSParm_1277" acquisition-rate="10" alternate-name="" calibration-group="" calibration-sensor="" customer-sensor="" data-type="float" deadband="0" description="" display-format="4.2f" display-range-maximum="100" display-range-minimum="0" domain-id="10" engineering-unit="%" export-for-steady-state="true" fixed-sensor="" fullset-stability="false" gid="3277" group="" idds-hardware-name="EMSParm_1277" is-continuous-log="true" is-critical="false" is-enabled="true" logical-id="devEMS" partition="Streaming" quality-ceiling="good" rtd-reference-channel="" signal-id="" subsystem-name="IDDS" subsystem-type="iDDS" topic="ParameterDataSeries">
                    <alarm-limits/>
                </instance>
                <instance name="EMSParm_201" acquisition-rate="10" alternate-name="" calibration-group="" calibration-sensor="" customer-sensor="" data-type="float" deadband="0" description="" display-format="4.2f" display-range-maximum="100" display-range-minimum="0" domain-id="10" engineering-unit="%" export-for-steady-state="true" fixed-sensor="" fullset-stability="false" gid="2201" group="" idds-hardware-name="EMSParm_201" is-continuous-log="true" is-critical="false" is-enabled="true" logical-id="devEMS" partition="Streaming" quality-ceiling="good" rtd-reference-channel="" signal-id="" subsystem-name="IDDS" subsystem-type="iDDS" topic="ParameterDataSeries">
                    <alarm-limits/>
                </instance>
                <instance name="Start_ContLog" acquisition-rate="0" alternate-name="" calculated-equation="1" calculated-persistency="volatile" calibration-group="" calibration-sensor="" customer-sensor="" data-type="boolean" description="" display-format="false/true" domain-id="2" export-for-steady-state="true" fixed-sensor="" fullset-stability="false" gid="-1" group="" idds-hardware-name="" is-continuous-log="true" is-critical="false" is-enabled="true" is-output="false" logical-id="" partition="" quality-ceiling="good" rtd-reference-channel="" signal-id="" subsystem-name="calculated" subsystem-type="calculated" topic="">
                    <alarm-limits/>
                </instance>
                <instance name="EMSParm_1382" acquisition-rate="10" alternate-name="" calibration-group="" calibration-sensor="" customer-sensor="" data-type="float" deadband="0" description="" display-format="4.2f" display-range-maximum="100" display-range-minimum="0" domain-id="10" engineering-unit="%" export-for-steady-state="true" fixed-sensor="" fullset-stability="false" gid="3382" group="" idds-hardware-name="EMSParm_1382" is-continuous-log="true" is-critical="false" is-enabled="true" logical-id="devEMS" partition="Streaming" quality-ceiling="good" rtd-reference-channel="" signal-id="" subsystem-name="IDDS" subsystem-type="iDDS" topic="ParameterDataSeries">
                    <alarm-limits/>
                </instance>
                <instance name="EMSParm_1400" acquisition-rate="10" alternate-name="" calibration-group="" calibration-sensor="" customer-sensor="" data-type="float" deadband="0" description="" display-format="4.2f" display-range-maximum="100" display-range-minimum="0" domain-id="10" engineering-unit="%" export-for-steady-state="true" fixed-sensor="" fullset-stability="false" gid="3400" group="" idds-hardware-name="EMSParm_1400" is-continuous-log="true" is-critical="false" is-enabled="true" logical-id="devEMS" partition="Streaming" quality-ceiling="good" rtd-reference-channel="" signal-id="" subsystem-name="IDDS" subsystem-type="iDDS" topic="ParameterDataSeries">
                    <alarm-limits/>
                </instance>
                <instance name="EMSParm_1352" acquisition-rate="10" alternate-name="" calibration-group="" calibration-sensor="" customer-sensor="" data-type="float" deadband="0" description="" display-format="4.2f" display-range-maximum="100" display-range-minimum="0" domain-id="10" engineering-unit="%" export-for-steady-state="true" fixed-sensor="" fullset-stability="false" gid="3352" group="" idds-hardware-name="EMSParm_1352" is-continuous-log="true" is-critical="false" is-enabled="true" logical-id="devEMS" partition="Streaming" quality-ceiling="good" rtd-reference-channel="" signal-id="" subsystem-name="IDDS" subsystem-type="iDDS" topic="ParameterDataSeries">
                    <alarm-limits/>
                </instance>
                <instance name="YB1_Ch08" acquisition-rate="1" alternate-name="" calibration-group="" calibration-sensor="" customer-sensor="" data-type="float" deadband="0" description="" display-format="4.2f" display-range-maximum="100" display-range-minimum="0" domain-id="3" engineering-unit="-" export-for-steady-state="true" fixed-sensor="" fullset-stability="false" gid="9008" group="" idds-hardware-name="CH8" is-continuous-log="true" is-critical="false" is-enabled="true" logical-id="rx3036-1" partition="Streaming" quality-ceiling="good" rtd-reference-channel="" signal-id="" subsystem-name="IDDS" subsystem-type="iDDS" topic="ParameterDataSeries">
                    <alarm-limits/>
                </instance>
                <instance name="EMSParm_669" acquisition-rate="10" alternate-name="" calibration-group="" calibration-sensor="" customer-sensor="" data-type="float" deadband="0" description="" display-format="4.2f" display-range-maximum="100" display-range-minimum="0" domain-id="10" engineering-unit="%" export-for-steady-state="true" fixed-sensor="" fullset-stability="false" gid="2669" group="" idds-hardware-name="EMSParm_669" is-continuous-log="true" is-critical="false" is-enabled="true" logical-id="devEMS" partition="Streaming" quality-ceiling="good" rtd-reference-channel="" signal-id="" subsystem-name="IDDS" subsystem-type="iDDS" topic="ParameterDataSeries">
                    <alarm-limits/>
                </instance>
                <instance name="EMSParm_925" acquisition-rate="10" alternate-name="" calibration-group="" calibration-sensor="" customer-sensor="" data-type="float" deadband="0" description="" display-format="4.2f" display-range-maximum="100" display-range-minimum="0" domain-id="10" engineering-unit="%" export-for-steady-state="true" fixed-sensor="" fullset-stability="false" gid="2925" group="" idds-hardware-name="EMSParm_925" is-continuous-log="true" is-critical="false" is-enabled="true" logical-id="devEMS" partition="Streaming" quality-ceiling="good" rtd-reference-channel="" signal-id="" subsystem-name="IDDS" subsystem-type="iDDS" topic="ParameterDataSeries">
                    <alarm-limits/>
                </instance>
                <instance name="EMSParm_878" acquisition-rate="10" alternate-name="" calibration-group="" calibration-sensor="" customer-sensor="" data-type="float" deadband="0" description="" display-format="4.2f" display-range-maximum="100" display-range-minimum="0" domain-id="10" engineering-unit="%" export-for-steady-state="true" fixed-sensor="" fullset-stability="false" gid="2878" group="" idds-hardware-name="EMSParm_878" is-continuous-log="true" is-critical="false" is-enabled="true" logical-id="devEMS" partition="Streaming" quality-ceiling="good" rtd-reference-channel="" signal-id="" subsystem-name="IDDS" subsystem-type="iDDS" topic="ParameterDataSeries">
                    <alarm-limits/>
                </instance>
                <instance name="EMSParm_1287" acquisition-rate="10" alternate-name="" calibration-group="" calibration-sensor="" customer-sensor="" data-type="float" deadband="0" description="" display-format="4.2f" display-range-maximum="100" display-range-minimum="0" domain-id="10" engineering-unit="%" export-for-steady-state="true" fixed-sensor="" fullset-stability="false" gid="3287" group="" idds-hardware-name="EMSParm_1287" is-continuous-log="true" is-critical="false" is-enabled="true" logical-id="devEMS" partition="Streaming" quality-ceiling="good" rtd-reference-channel="" signal-id="" subsystem-name="IDDS" subsystem-type="iDDS" topic="ParameterDataSeries">
                    <alarm-limits/>
                </instance>
                <instance name="EMSParm_1444" acquisition-rate="10" alternate-name="" calibration-group="" calibration-sensor="" customer-sensor="" data-type="float" deadband="0" description="" display-format="4.2f" display-range-maximum="100" display-range-minimum="0" domain-id="10" engineering-unit="%" export-for-steady-state="true" fixed-sensor="" fullset-stability="false" gid="3444" group="" idds-hardware-name="EMSParm_1444" is-continuous-log="true" is-critical="false" is-enabled="true" logical-id="devEMS" partition="Streaming" quality-ceiling="good" rtd-reference-channel="" signal-id="" subsystem-name="IDDS" subsystem-type="iDDS" topic="ParameterDataSeries">
                    <alarm-limits/>
                </instance>
                <instance name="pb91162ch11" acquisition-rate="1" alternate-name="" calibration-group="" calibration-sensor="" customer-sensor="" data-type="float" deadband="0" description="" display-format="4.2f" display-range-maximum="100" display-range-minimum="0" domain-id="2" engineering-unit="psi" export-for-steady-state="true" fixed-sensor="" fullset-stability="false" gid="-1" group="" idds-hardware-name="" is-continuous-log="true" is-critical="false" is-enabled="true" is-output="false" logical-id="" partition="" pbs-amb-press-channel="" pbs-avg-samples="4" pbs-input-type="pressure" pbs-port="11" pbs-serial-number="PB8793" quality-ceiling="good" rtd-reference-channel="" signal-id="" subsystem-name="PBS" subsystem-type="pbs" topic="">
                    <alarm-limits/>
                </instance>
                <instance name="EMSParm_118" acquisition-rate="10" alternate-name="" calibration-group="" calibration-sensor="" customer-sensor="" data-type="float" deadband="0" description="" display-format="4.2f" display-range-maximum="100" display-range-minimum="0" domain-id="10" engineering-unit="%" export-for-steady-state="true" fixed-sensor="" fullset-stability="false" gid="2118" group="" idds-hardware-name="EMSParm_118" is-continuous-log="true" is-critical="false" is-enabled="true" logical-id="devEMS" partition="Streaming" quality-ceiling="good" rtd-reference-channel="" signal-id="" subsystem-name="IDDS" subsystem-type="iDDS" topic="ParameterDataSeries">
                    <alarm-limits/>
                </instance>
                <instance name="calcCos" acquisition-rate="10" alternate-name="" calculated-equation="cos(Second*3.14/180)" calculated-persistency="volatile" calibration-group="" calibration-sensor="" customer-sensor="" data-type="float" deadband="0" description="" display-format="4.2f" display-range-maximum="100" display-range-minimum="0" domain-id="4" engineering-unit="V" export-for-steady-state="true" fixed-sensor="" fullset-stability="false" gid="6002" group="" idds-hardware-name="calcCos" is-continuous-log="true" is-critical="false" is-enabled="true" is-output="false" logical-id="RTE" partition="Streaming" quality-ceiling="good" rtd-reference-channel="" signal-id="" subsystem-name="calculated" subsystem-type="calculated" topic="ParameterDataValue">
                    <alarm-limits/>
                </instance>
                <instance name="YB1_Ch09" acquisition-rate="1" alternate-name="" calibration-group="" calibration-sensor="" customer-sensor="" data-type="float" deadband="0" description="" display-format="4.2f" display-range-maximum="100" display-range-minimum="0" domain-id="3" engineering-unit="-" export-for-steady-state="true" fixed-sensor="" fullset-stability="false" gid="9009" group="" idds-hardware-name="CH9" is-continuous-log="true" is-critical="false" is-enabled="true" logical-id="rx3036-1" partition="Streaming" quality-ceiling="good" rtd-reference-channel="" signal-id="" subsystem-name="IDDS" subsystem-type="iDDS" topic="ParameterDataSeries">
                    <alarm-limits/>
                </instance>
                <instance name="EMSParm_1510" acquisition-rate="10" alternate-name="" calibration-group="" calibration-sensor="" customer-sensor="" data-type="float" deadband="0" description="" display-format="4.2f" display-range-maximum="100" display-range-minimum="0" domain-id="10" engineering-unit="%" export-for-steady-state="true" fixed-sensor="" fullset-stability="false" gid="3510" group="" idds-hardware-name="EMSParm_1510" is-continuous-log="true" is-critical="false" is-enabled="true" logical-id="devEMS" partition="Streaming" quality-ceiling="good" rtd-reference-channel="" signal-id="" subsystem-name="IDDS" subsystem-type="iDDS" topic="ParameterDataSeries">
                    <alarm-limits/>
                </instance>
                <instance name="EMSParm_183" acquisition-rate="10" alternate-name="" calibration-group="" calibration-sensor="" customer-sensor="" data-type="float" deadband="0" description="" display-format="4.2f" display-range-maximum="100" display-range-minimum="0" domain-id="10" engineering-unit="%" export-for-steady-state="true" fixed-sensor="" fullset-stability="false" gid="2183" group="" idds-hardware-name="EMSParm_183" is-continuous-log="true" is-critical="false" is-enabled="true" logical-id="devEMS" partition="Streaming" quality-ceiling="good" rtd-reference-channel="" signal-id="" subsystem-name="IDDS" subsystem-type="iDDS" topic="ParameterDataSeries">
                    <alarm-limits/>
                </instance>
                <instance name="EMSParm_1448" acquisition-rate="10" alternate-name="" calibration-group="" calibration-sensor="" customer-sensor="" data-type="float" deadband="0" description="" display-format="4.2f" display-range-maximum="100" display-range-minimum="0" domain-id="10" engineering-unit="%" export-for-steady-state="true" fixed-sensor="" fullset-stability="false" gid="3448" group="" idds-hardware-name="EMSParm_1448" is-continuous-log="true" is-critical="false" is-enabled="true" logical-id="devEMS" partition="Streaming" quality-ceiling="good" rtd-reference-channel="" signal-id="" subsystem-name="IDDS" subsystem-type="iDDS" topic="ParameterDataSeries">
                    <alarm-limits/>
                </instance>
                <instance name="EMSParm_1129" acquisition-rate="10" alternate-name="" calibration-group="" calibration-sensor="" customer-sensor="" data-type="float" deadband="0" description="" display-format="4.2f" display-range-maximum="100" display-range-minimum="0" domain-id="10" engineering-unit="%" export-for-steady-state="true" fixed-sensor="" fullset-stability="false" gid="3129" group="" idds-hardware-name="EMSParm_1129" is-continuous-log="true" is-critical="false" is-enabled="true" logical-id="devEMS" partition="Streaming" quality-ceiling="good" rtd-reference-channel="" signal-id="" subsystem-name="IDDS" subsystem-type="iDDS" topic="ParameterDataSeries">
                    <alarm-limits/>
                </instance>
                <instance name="EMSParm_869" acquisition-rate="10" alternate-name="" calibration-group="" calibration-sensor="" customer-sensor="" data-type="float" deadband="0" description="" display-format="4.2f" display-range-maximum="100" display-range-minimum="0" domain-id="10" engineering-unit="%" export-for-steady-state="true" fixed-sensor="" fullset-stability="false" gid="2869" group="" idds-hardware-name="EMSParm_869" is-continuous-log="true" is-critical="false" is-enabled="true" logical-id="devEMS" partition="Streaming" quality-ceiling="good" rtd-reference-channel="" signal-id="" subsystem-name="IDDS" subsystem-type="iDDS" topic="ParameterDataSeries">
                    <alarm-limits/>
                </instance>
                <instance name="EMSParm_1588" acquisition-rate="10" alternate-name="" calibration-group="" calibration-sensor="" customer-sensor="" data-type="float" deadband="0" description="" display-format="4.2f" display-range-maximum="100" display-range-minimum="0" domain-id="10" engineering-unit="%" export-for-steady-state="true" fixed-sensor="" fullset-stability="false" gid="3588" group="" idds-hardware-name="EMSParm_1588" is-continuous-log="true" is-critical="false" is-enabled="true" logical-id="devEMS" partition="Streaming" quality-ceiling="good" rtd-reference-channel="" signal-id="" subsystem-name="IDDS" subsystem-type="iDDS" topic="ParameterDataSeries">
                    <alarm-limits/>
                </instance>
                <instance name="EMSParm_799" acquisition-rate="10" alternate-name="" calibration-group="" calibration-sensor="" customer-sensor="" data-type="float" deadband="0" description="" display-format="4.2f" display-range-maximum="100" display-range-minimum="0" domain-id="10" engineering-unit="%" export-for-steady-state="true" fixed-sensor="" fullset-stability="false" gid="2799" group="" idds-hardware-name="EMSParm_799" is-continuous-log="true" is-critical="false" is-enabled="true" logical-id="devEMS" partition="Streaming" quality-ceiling="good" rtd-reference-channel="" signal-id="" subsystem-name="IDDS" subsystem-type="iDDS" topic="ParameterDataSeries">
                    <alarm-limits/>
                </instance>
                <instance name="EMSParm_605" acquisition-rate="10" alternate-name="" calibration-group="" calibration-sensor="" customer-sensor="" data-type="float" deadband="0" description="" display-format="4.2f" display-range-maximum="100" display-range-minimum="0" domain-id="10" engineering-unit="%" export-for-steady-state="true" fixed-sensor="" fullset-stability="false" gid="2605" group="" idds-hardware-name="EMSParm_605" is-continuous-log="true" is-critical="false" is-enabled="true" logical-id="devEMS" partition="Streaming" quality-ceiling="good" rtd-reference-channel="" signal-id="" subsystem-name="IDDS" subsystem-type="iDDS" topic="ParameterDataSeries">
                    <alarm-limits/>
                </instance>
                <instance name="EMSParm_1269" acquisition-rate="10" alternate-name="" calibration-group="" calibration-sensor="" customer-sensor="" data-type="float" deadband="0" description="" display-format="4.2f" display-range-maximum="100" display-range-minimum="0" domain-id="10" engineering-unit="%" export-for-steady-state="true" fixed-sensor="" fullset-stability="false" gid="3269" group="" idds-hardware-name="EMSParm_1269" is-continuous-log="true" is-critical="false" is-enabled="true" logical-id="devEMS" partition="Streaming" quality-ceiling="good" rtd-reference-channel="" signal-id="" subsystem-name="IDDS" subsystem-type="iDDS" topic="ParameterDataSeries">
                    <alarm-limits/>
                </instance>
                <instance name="EMSParm_319" acquisition-rate="10" alternate-name="" calibration-group="" calibration-sensor="" customer-sensor="" data-type="float" deadband="0" description="" display-format="4.2f" display-range-maximum="100" display-range-minimum="0" domain-id="10" engineering-unit="%" export-for-steady-state="true" fixed-sensor="" fullset-stability="false" gid="2319" group="" idds-hardware-name="EMSParm_319" is-continuous-log="true" is-critical="false" is-enabled="true" logical-id="devEMS" partition="Streaming" quality-ceiling="good" rtd-reference-channel="" signal-id="" subsystem-name="IDDS" subsystem-type="iDDS" topic="ParameterDataSeries">
                    <alarm-limits/>
                </instance>
                <instance name="EMSParm_881" acquisition-rate="10" alternate-name="" calibration-group="" calibration-sensor="" customer-sensor="" data-type="float" deadband="0" description="" display-format="4.2f" display-range-maximum="100" display-range-minimum="0" domain-id="10" engineering-unit="%" export-for-steady-state="true" fixed-sensor="" fullset-stability="false" gid="2881" group="" idds-hardware-name="EMSParm_881" is-continuous-log="true" is-critical="false" is-enabled="true" logical-id="devEMS" partition="Streaming" quality-ceiling="good" rtd-reference-channel="" signal-id="" subsystem-name="IDDS" subsystem-type="iDDS" topic="ParameterDataSeries">
                    <alarm-limits/>
                </instance>
                <instance name="EMSParm_1376" acquisition-rate="10" alternate-name="" calibration-group="" calibration-sensor="" customer-sensor="" data-type="float" deadband="0" description="" display-format="4.2f" display-range-maximum="100" display-range-minimum="0" domain-id="10" engineering-unit="%" export-for-steady-state="true" fixed-sensor="" fullset-stability="false" gid="3376" group="" idds-hardware-name="EMSParm_1376" is-continuous-log="true" is-critical="false" is-enabled="true" logical-id="devEMS" partition="Streaming" quality-ceiling="good" rtd-reference-channel="" signal-id="" subsystem-name="IDDS" subsystem-type="iDDS" topic="ParameterDataSeries">
                    <alarm-limits/>
                </instance>
                <instance name="dnaDIO00007" acquisition-rate="200" alternate-name="" calibration-group="" calibration-sensor="" customer-sensor="" data-type="float" deadband="0" description="Input channel 7" display-format="4.2f" display-range-maximum="100" display-range-minimum="0" domain-id="3" engineering-unit="V" export-for-steady-state="true" fixed-sensor="" fullset-stability="false" gid="7" group="" idds-hardware-name="dev03/ch00007" is-continuous-log="true" is-critical="false" is-enabled="true" logical-id="devCube999" partition="Streaming" quality-ceiling="good" rtd-reference-channel="" signal-id="" subsystem-name="IDDS" subsystem-type="iDDS" topic="ParameterDataValue">
                    <alarm-limits/>
                </instance>
                <instance name="EMSParm_82" acquisition-rate="10" alternate-name="" calibration-group="" calibration-sensor="" customer-sensor="" data-type="float" deadband="0" description="" display-format="4.2f" display-range-maximum="100" display-range-minimum="0" domain-id="10" engineering-unit="%" export-for-steady-state="true" fixed-sensor="" fullset-stability="false" gid="2082" group="" idds-hardware-name="EMSParm_82" is-continuous-log="true" is-critical="false" is-enabled="true" logical-id="devEMS" partition="Streaming" quality-ceiling="good" rtd-reference-channel="" signal-id="" subsystem-name="IDDS" subsystem-type="iDDS" topic="ParameterDataSeries">
                    <alarm-limits/>
                </instance>
                <instance name="EMSParm_519" acquisition-rate="10" alternate-name="" calibration-group="" calibration-sensor="" customer-sensor="" data-type="float" deadband="0" description="" display-format="4.2f" display-range-maximum="100" display-range-minimum="0" domain-id="10" engineering-unit="%" export-for-steady-state="true" fixed-sensor="" fullset-stability="false" gid="2519" group="" idds-hardware-name="EMSParm_519" is-continuous-log="true" is-critical="false" is-enabled="true" logical-id="devEMS" partition="Streaming" quality-ceiling="good" rtd-reference-channel="" signal-id="" subsystem-name="IDDS" subsystem-type="iDDS" topic="ParameterDataSeries">
                    <alarm-limits/>
                </instance>
                <instance name="EMSParm_65" acquisition-rate="10" alternate-name="" calibration-group="" calibration-sensor="" customer-sensor="" data-type="float" deadband="0" description="" display-format="4.2f" display-range-maximum="100" display-range-minimum="0" domain-id="10" engineering-unit="%" export-for-steady-state="true" fixed-sensor="" fullset-stability="false" gid="2065" group="" idds-hardware-name="EMSParm_65" is-continuous-log="true" is-critical="false" is-enabled="true" logical-id="devEMS" partition="Streaming" quality-ceiling="good" rtd-reference-channel="" signal-id="" subsystem-name="IDDS" subsystem-type="iDDS" topic="ParameterDataSeries">
                    <alarm-limits/>
                </instance>
                <instance name="EMSParm_660" acquisition-rate="10" alternate-name="" calibration-group="" calibration-sensor="" customer-sensor="" data-type="float" deadband="0" description="" display-format="4.2f" display-range-maximum="100" display-range-minimum="0" domain-id="10" engineering-unit="%" export-for-steady-state="true" fixed-sensor="" fullset-stability="false" gid="2660" group="" idds-hardware-name="EMSParm_660" is-continuous-log="true" is-critical="false" is-enabled="true" logical-id="devEMS" partition="Streaming" quality-ceiling="good" rtd-reference-channel="" signal-id="" subsystem-name="IDDS" subsystem-type="iDDS" topic="ParameterDataSeries">
                    <alarm-limits/>
                </instance>
                <instance name="EMSParm_198" acquisition-rate="10" alternate-name="" calibration-group="" calibration-sensor="" customer-sensor="" data-type="float" deadband="0" description="" display-format="4.2f" display-range-maximum="100" display-range-minimum="0" domain-id="10" engineering-unit="%" export-for-steady-state="true" fixed-sensor="" fullset-stability="false" gid="2198" group="" idds-hardware-name="EMSParm_198" is-continuous-log="true" is-critical="false" is-enabled="true" logical-id="devEMS" partition="Streaming" quality-ceiling="good" rtd-reference-channel="" signal-id="" subsystem-name="IDDS" subsystem-type="iDDS" topic="ParameterDataSeries">
                    <alarm-limits/>
                </instance>
                <instance name="YB1_Ch10" acquisition-rate="1" alternate-name="" calibration-group="" calibration-sensor="" customer-sensor="" data-type="float" deadband="0" description="" display-format="4.2f" display-range-maximum="100" display-range-minimum="0" domain-id="3" engineering-unit="-" export-for-steady-state="true" fixed-sensor="" fullset-stability="false" gid="9010" group="" idds-hardware-name="CH10" is-continuous-log="true" is-critical="false" is-enabled="true" logical-id="rx3036-1" partition="Streaming" quality-ceiling="good" rtd-reference-channel="" signal-id="" subsystem-name="IDDS" subsystem-type="iDDS" topic="ParameterDataSeries">
                    <alarm-limits/>
                </instance>
                <instance name="YB1_Ch11" acquisition-rate="1" alternate-name="" calibration-group="" calibration-sensor="" customer-sensor="" data-type="float" deadband="0" description="" display-format="4.2f" display-range-maximum="100" display-range-minimum="0" domain-id="3" engineering-unit="-" export-for-steady-state="true" fixed-sensor="" fullset-stability="false" gid="9011" group="" idds-hardware-name="CH11" is-continuous-log="true" is-critical="false" is-enabled="true" logical-id="rx3036-1" partition="Streaming" quality-ceiling="good" rtd-reference-channel="" signal-id="" subsystem-name="IDDS" subsystem-type="iDDS" topic="ParameterDataSeries">
                    <alarm-limits/>
                </instance>
                <instance name="YB1_Ch12" acquisition-rate="1" alternate-name="" calibration-group="" calibration-sensor="" customer-sensor="" data-type="float" deadband="0" description="" display-format="4.2f" display-range-maximum="100" display-range-minimum="0" domain-id="3" engineering-unit="-" export-for-steady-state="true" fixed-sensor="" fullset-stability="false" gid="9012" group="" idds-hardware-name="CH12" is-continuous-log="true" is-critical="false" is-enabled="true" logical-id="rx3036-1" partition="Streaming" quality-ceiling="good" rtd-reference-channel="" signal-id="" subsystem-name="IDDS" subsystem-type="iDDS" topic="ParameterDataSeries">
                    <alarm-limits/>
                </instance>
                <instance name="YB1_Ch13" acquisition-rate="1" alternate-name="" calibration-group="" calibration-sensor="" customer-sensor="" data-type="float" deadband="0" description="" display-format="4.2f" display-range-maximum="100" display-range-minimum="0" domain-id="3" engineering-unit="-" export-for-steady-state="true" fixed-sensor="" fullset-stability="false" gid="9013" group="" idds-hardware-name="CH13" is-continuous-log="true" is-critical="false" is-enabled="true" logical-id="rx3036-1" partition="Streaming" quality-ceiling="good" rtd-reference-channel="" signal-id="" subsystem-name="IDDS" subsystem-type="iDDS" topic="ParameterDataSeries">
                    <alarm-limits/>
                </instance>
                <instance name="EMSParm_569" acquisition-rate="10" alternate-name="" calibration-group="" calibration-sensor="" customer-sensor="" data-type="float" deadband="0" description="" display-format="4.2f" display-range-maximum="100" display-range-minimum="0" domain-id="10" engineering-unit="%" export-for-steady-state="true" fixed-sensor="" fullset-stability="false" gid="2569" group="" idds-hardware-name="EMSParm_569" is-continuous-log="true" is-critical="false" is-enabled="true" logical-id="devEMS" partition="Streaming" quality-ceiling="good" rtd-reference-channel="" signal-id="" subsystem-name="IDDS" subsystem-type="iDDS" topic="ParameterDataSeries">
                    <alarm-limits/>
                </instance>
                <instance name="EMSParm_1568" acquisition-rate="10" alternate-name="" calibration-group="" calibration-sensor="" customer-sensor="" data-type="float" deadband="0" description="" display-format="4.2f" display-range-maximum="100" display-range-minimum="0" domain-id="10" engineering-unit="%" export-for-steady-state="true" fixed-sensor="" fullset-stability="false" gid="3568" group="" idds-hardware-name="EMSParm_1568" is-continuous-log="true" is-critical="false" is-enabled="true" logical-id="devEMS" partition="Streaming" quality-ceiling="good" rtd-reference-channel="" signal-id="" subsystem-name="IDDS" subsystem-type="iDDS" topic="ParameterDataSeries">
                    <alarm-limits/>
                </instance>
                <instance name="EMSParm_1166" acquisition-rate="10" alternate-name="" calibration-group="" calibration-sensor="" customer-sensor="" data-type="float" deadband="0" description="" display-format="4.2f" display-range-maximum="100" display-range-minimum="0" domain-id="10" engineering-unit="%" export-for-steady-state="true" fixed-sensor="" fullset-stability="false" gid="3166" group="" idds-hardware-name="EMSParm_1166" is-continuous-log="true" is-critical="false" is-enabled="true" logical-id="devEMS" partition="Streaming" quality-ceiling="good" rtd-reference-channel="" signal-id="" subsystem-name="IDDS" subsystem-type="iDDS" topic="ParameterDataSeries">
                    <alarm-limits/>
                </instance>
                <instance name="EMSParm_1047" acquisition-rate="10" alternate-name="" calibration-group="" calibration-sensor="" customer-sensor="" data-type="float" deadband="0" description="" display-format="4.2f" display-range-maximum="100" display-range-minimum="0" domain-id="10" engineering-unit="%" export-for-steady-state="true" fixed-sensor="" fullset-stability="false" gid="3047" group="" idds-hardware-name="EMSParm_1047" is-continuous-log="true" is-critical="false" is-enabled="true" logical-id="devEMS" partition="Streaming" quality-ceiling="good" rtd-reference-channel="" signal-id="" subsystem-name="IDDS" subsystem-type="iDDS" topic="ParameterDataSeries">
                    <alarm-limits/>
                </instance>
                <instance name="EMSParm_279" acquisition-rate="10" alternate-name="" calibration-group="" calibration-sensor="" customer-sensor="" data-type="float" deadband="0" description="" display-format="4.2f" display-range-maximum="100" display-range-minimum="0" domain-id="10" engineering-unit="%" export-for-steady-state="true" fixed-sensor="" fullset-stability="false" gid="2279" group="" idds-hardware-name="EMSParm_279" is-continuous-log="true" is-critical="false" is-enabled="true" logical-id="devEMS" partition="Streaming" quality-ceiling="good" rtd-reference-channel="" signal-id="" subsystem-name="IDDS" subsystem-type="iDDS" topic="ParameterDataSeries">
                    <alarm-limits/>
                </instance>
                <instance name="EMSParm_162" acquisition-rate="10" alternate-name="" calibration-group="" calibration-sensor="" customer-sensor="" data-type="float" deadband="0" description="" display-format="4.2f" display-range-maximum="100" display-range-minimum="0" domain-id="10" engineering-unit="%" export-for-steady-state="true" fixed-sensor="" fullset-stability="false" gid="2162" group="" idds-hardware-name="EMSParm_162" is-continuous-log="true" is-critical="false" is-enabled="true" logical-id="devEMS" partition="Streaming" quality-ceiling="good" rtd-reference-channel="" signal-id="" subsystem-name="IDDS" subsystem-type="iDDS" topic="ParameterDataSeries">
                    <alarm-limits/>
                </instance>
                <instance name="EMSParm_1574" acquisition-rate="10" alternate-name="" calibration-group="" calibration-sensor="" customer-sensor="" data-type="float" deadband="0" description="" display-format="4.2f" display-range-maximum="100" display-range-minimum="0" domain-id="10" engineering-unit="%" export-for-steady-state="true" fixed-sensor="" fullset-stability="false" gid="3574" group="" idds-hardware-name="EMSParm_1574" is-continuous-log="true" is-critical="false" is-enabled="true" logical-id="devEMS" partition="Streaming" quality-ceiling="good" rtd-reference-channel="" signal-id="" subsystem-name="IDDS" subsystem-type="iDDS" topic="ParameterDataSeries">
                    <alarm-limits/>
                </instance>
                <instance name="EMSParm_1461" acquisition-rate="10" alternate-name="" calibration-group="" calibration-sensor="" customer-sensor="" data-type="float" deadband="0" description="" display-format="4.2f" display-range-maximum="100" display-range-minimum="0" domain-id="10" engineering-unit="%" export-for-steady-state="true" fixed-sensor="" fullset-stability="false" gid="3461" group="" idds-hardware-name="EMSParm_1461" is-continuous-log="true" is-critical="false" is-enabled="true" logical-id="devEMS" partition="Streaming" quality-ceiling="good" rtd-reference-channel="" signal-id="" subsystem-name="IDDS" subsystem-type="iDDS" topic="ParameterDataSeries">
                    <alarm-limits/>
                </instance>
                <instance name="EMSParm_9" acquisition-rate="10" alternate-name="" calibration-group="" calibration-sensor="" customer-sensor="" data-type="float" deadband="0" description="" display-format="4.2f" display-range-maximum="100" display-range-minimum="0" domain-id="10" engineering-unit="%" export-for-steady-state="true" fixed-sensor="" fullset-stability="false" gid="2009" group="" idds-hardware-name="EMSParm_9" is-continuous-log="true" is-critical="false" is-enabled="true" logical-id="devEMS" partition="Streaming" quality-ceiling="good" rtd-reference-channel="" signal-id="" subsystem-name="IDDS" subsystem-type="iDDS" topic="ParameterDataSeries">
                    <alarm-limits/>
                </instance>
                <instance name="EMSParm_1516" acquisition-rate="10" alternate-name="" calibration-group="" calibration-sensor="" customer-sensor="" data-type="float" deadband="0" description="" display-format="4.2f" display-range-maximum="100" display-range-minimum="0" domain-id="10" engineering-unit="%" export-for-steady-state="true" fixed-sensor="" fullset-stability="false" gid="3516" group="" idds-hardware-name="EMSParm_1516" is-continuous-log="true" is-critical="false" is-enabled="true" logical-id="devEMS" partition="Streaming" quality-ceiling="good" rtd-reference-channel="" signal-id="" subsystem-name="IDDS" subsystem-type="iDDS" topic="ParameterDataSeries">
                    <alarm-limits/>
                </instance>
                <instance name="EMSParm_1182" acquisition-rate="10" alternate-name="" calibration-group="" calibration-sensor="" customer-sensor="" data-type="float" deadband="0" description="" display-format="4.2f" display-range-maximum="100" display-range-minimum="0" domain-id="10" engineering-unit="%" export-for-steady-state="true" fixed-sensor="" fullset-stability="false" gid="3182" group="" idds-hardware-name="EMSParm_1182" is-continuous-log="true" is-critical="false" is-enabled="true" logical-id="devEMS" partition="Streaming" quality-ceiling="good" rtd-reference-channel="" signal-id="" subsystem-name="IDDS" subsystem-type="iDDS" topic="ParameterDataSeries">
                    <alarm-limits/>
                </instance>
                <instance name="EMSParm_650" acquisition-rate="10" alternate-name="" calibration-group="" calibration-sensor="" customer-sensor="" data-type="float" deadband="0" description="" display-format="4.2f" display-range-maximum="100" display-range-minimum="0" domain-id="10" engineering-unit="%" export-for-steady-state="true" fixed-sensor="" fullset-stability="false" gid="2650" group="" idds-hardware-name="EMSParm_650" is-continuous-log="true" is-critical="false" is-enabled="true" logical-id="devEMS" partition="Streaming" quality-ceiling="good" rtd-reference-channel="" signal-id="" subsystem-name="IDDS" subsystem-type="iDDS" topic="ParameterDataSeries">
                    <alarm-limits/>
                </instance>
                <instance name="EMSParm_1005" acquisition-rate="10" alternate-name="" calibration-group="" calibration-sensor="" customer-sensor="" data-type="float" deadband="0" description="" display-format="4.2f" display-range-maximum="100" display-range-minimum="0" domain-id="10" engineering-unit="%" export-for-steady-state="true" fixed-sensor="" fullset-stability="false" gid="3005" group="" idds-hardware-name="EMSParm_1005" is-continuous-log="true" is-critical="false" is-enabled="true" logical-id="devEMS" partition="Streaming" quality-ceiling="good" rtd-reference-channel="" signal-id="" subsystem-name="IDDS" subsystem-type="iDDS" topic="ParameterDataSeries">
                    <alarm-limits/>
                </instance>
                <instance name="EMSParm_1570" acquisition-rate="10" alternate-name="" calibration-group="" calibration-sensor="" customer-sensor="" data-type="float" deadband="0" description="" display-format="4.2f" display-range-maximum="100" display-range-minimum="0" domain-id="10" engineering-unit="%" export-for-steady-state="true" fixed-sensor="" fullset-stability="false" gid="3570" group="" idds-hardware-name="EMSParm_1570" is-continuous-log="true" is-critical="false" is-enabled="true" logical-id="devEMS" partition="Streaming" quality-ceiling="good" rtd-reference-channel="" signal-id="" subsystem-name="IDDS" subsystem-type="iDDS" topic="ParameterDataSeries">
                    <alarm-limits/>
                </instance>
                <instance name="T000051" acquisition-rate="10" alternate-name="" calibration-group="" calibration-sensor="" customer-sensor="" data-type="float" deadband="0" description="" display-format="4.2f" display-range-maximum="100" display-range-minimum="0" domain-id="2" engineering-unit="degC" export-for-steady-state="true" fixed-sensor="" fullset-stability="false" gid="5051" group="" idds-hardware-name="SCUTRDEMO_Ch51" is-continuous-log="true" is-critical="false" is-enabled="true" logical-id="scutrsim" partition="Streaming" quality-ceiling="good" rtd-reference-channel="" signal-id="" subsystem-name="IDDS" subsystem-type="iDDS" topic="ParameterDataSeries">
                    <alarm-limits/>
                </instance>
                <instance name="EMSParm_1128" acquisition-rate="10" alternate-name="" calibration-group="" calibration-sensor="" customer-sensor="" data-type="float" deadband="0" description="" display-format="4.2f" display-range-maximum="100" display-range-minimum="0" domain-id="10" engineering-unit="%" export-for-steady-state="true" fixed-sensor="" fullset-stability="false" gid="3128" group="" idds-hardware-name="EMSParm_1128" is-continuous-log="true" is-critical="false" is-enabled="true" logical-id="devEMS" partition="Streaming" quality-ceiling="good" rtd-reference-channel="" signal-id="" subsystem-name="IDDS" subsystem-type="iDDS" topic="ParameterDataSeries">
                    <alarm-limits/>
                </instance>
                <instance name="EMSParm_743" acquisition-rate="10" alternate-name="" calibration-group="" calibration-sensor="" customer-sensor="" data-type="float" deadband="0" description="" display-format="4.2f" display-range-maximum="100" display-range-minimum="0" domain-id="10" engineering-unit="%" export-for-steady-state="true" fixed-sensor="" fullset-stability="false" gid="2743" group="" idds-hardware-name="EMSParm_743" is-continuous-log="true" is-critical="false" is-enabled="true" logical-id="devEMS" partition="Streaming" quality-ceiling="good" rtd-reference-channel="" signal-id="" subsystem-name="IDDS" subsystem-type="iDDS" topic="ParameterDataSeries">
                    <alarm-limits/>
                </instance>
                <instance name="EMSParm_1391" acquisition-rate="10" alternate-name="" calibration-group="" calibration-sensor="" customer-sensor="" data-type="float" deadband="0" description="" display-format="4.2f" display-range-maximum="100" display-range-minimum="0" domain-id="10" engineering-unit="%" export-for-steady-state="true" fixed-sensor="" fullset-stability="false" gid="3391" group="" idds-hardware-name="EMSParm_1391" is-continuous-log="true" is-critical="false" is-enabled="true" logical-id="devEMS" partition="Streaming" quality-ceiling="good" rtd-reference-channel="" signal-id="" subsystem-name="IDDS" subsystem-type="iDDS" topic="ParameterDataSeries">
                    <alarm-limits/>
                </instance>
                <instance name="EMSParm_1338" acquisition-rate="10" alternate-name="" calibration-group="" calibration-sensor="" customer-sensor="" data-type="float" deadband="0" description="" display-format="4.2f" display-range-maximum="100" display-range-minimum="0" domain-id="10" engineering-unit="%" export-for-steady-state="true" fixed-sensor="" fullset-stability="false" gid="3338" group="" idds-hardware-name="EMSParm_1338" is-continuous-log="true" is-critical="false" is-enabled="true" logical-id="devEMS" partition="Streaming" quality-ceiling="good" rtd-reference-channel="" signal-id="" subsystem-name="IDDS" subsystem-type="iDDS" topic="ParameterDataSeries">
                    <alarm-limits/>
                </instance>
                <instance name="EMSParm_814" acquisition-rate="10" alternate-name="" calibration-group="" calibration-sensor="" customer-sensor="" data-type="float" deadband="0" description="" display-format="4.2f" display-range-maximum="100" display-range-minimum="0" domain-id="10" engineering-unit="%" export-for-steady-state="true" fixed-sensor="" fullset-stability="false" gid="2814" group="" idds-hardware-name="EMSParm_814" is-continuous-log="true" is-critical="false" is-enabled="true" logical-id="devEMS" partition="Streaming" quality-ceiling="good" rtd-reference-channel="" signal-id="" subsystem-name="IDDS" subsystem-type="iDDS" topic="ParameterDataSeries">
                    <alarm-limits/>
                </instance>
                <instance name="EMSParm_942" acquisition-rate="10" alternate-name="" calibration-group="" calibration-sensor="" customer-sensor="" data-type="float" deadband="0" description="" display-format="4.2f" display-range-maximum="100" display-range-minimum="0" domain-id="10" engineering-unit="%" export-for-steady-state="true" fixed-sensor="" fullset-stability="false" gid="2942" group="" idds-hardware-name="EMSParm_942" is-continuous-log="true" is-critical="false" is-enabled="true" logical-id="devEMS" partition="Streaming" quality-ceiling="good" rtd-reference-channel="" signal-id="" subsystem-name="IDDS" subsystem-type="iDDS" topic="ParameterDataSeries">
                    <alarm-limits/>
                </instance>
                <instance name="EMSParm_1580" acquisition-rate="10" alternate-name="" calibration-group="" calibration-sensor="" customer-sensor="" data-type="float" deadband="0" description="" display-format="4.2f" display-range-maximum="100" display-range-minimum="0" domain-id="10" engineering-unit="%" export-for-steady-state="true" fixed-sensor="" fullset-stability="false" gid="3580" group="" idds-hardware-name="EMSParm_1580" is-continuous-log="true" is-critical="false" is-enabled="true" logical-id="devEMS" partition="Streaming" quality-ceiling="good" rtd-reference-channel="" signal-id="" subsystem-name="IDDS" subsystem-type="iDDS" topic="ParameterDataSeries">
                    <alarm-limits/>
                </instance>
                <instance name="EMSParm_1455" acquisition-rate="10" alternate-name="" calibration-group="" calibration-sensor="" customer-sensor="" data-type="float" deadband="0" description="" display-format="4.2f" display-range-maximum="100" display-range-minimum="0" domain-id="10" engineering-unit="%" export-for-steady-state="true" fixed-sensor="" fullset-stability="false" gid="3455" group="" idds-hardware-name="EMSParm_1455" is-continuous-log="true" is-critical="false" is-enabled="true" logical-id="devEMS" partition="Streaming" quality-ceiling="good" rtd-reference-channel="" signal-id="" subsystem-name="IDDS" subsystem-type="iDDS" topic="ParameterDataSeries">
                    <alarm-limits/>
                </instance>
                <instance name="EMSParm_1135" acquisition-rate="10" alternate-name="" calibration-group="" calibration-sensor="" customer-sensor="" data-type="float" deadband="0" description="" display-format="4.2f" display-range-maximum="100" display-range-minimum="0" domain-id="10" engineering-unit="%" export-for-steady-state="true" fixed-sensor="" fullset-stability="false" gid="3135" group="" idds-hardware-name="EMSParm_1135" is-continuous-log="true" is-critical="false" is-enabled="true" logical-id="devEMS" partition="Streaming" quality-ceiling="good" rtd-reference-channel="" signal-id="" subsystem-name="IDDS" subsystem-type="iDDS" topic="ParameterDataSeries">
                    <alarm-limits/>
                </instance>
                <instance name="EMSParm_545" acquisition-rate="10" alternate-name="" calibration-group="" calibration-sensor="" customer-sensor="" data-type="float" deadband="0" description="" display-format="4.2f" display-range-maximum="100" display-range-minimum="0" domain-id="10" engineering-unit="%" export-for-steady-state="true" fixed-sensor="" fullset-stability="false" gid="2545" group="" idds-hardware-name="EMSParm_545" is-continuous-log="true" is-critical="false" is-enabled="true" logical-id="devEMS" partition="Streaming" quality-ceiling="good" rtd-reference-channel="" signal-id="" subsystem-name="IDDS" subsystem-type="iDDS" topic="ParameterDataSeries">
                    <alarm-limits/>
                </instance>
                <instance name="EMSParm_216" acquisition-rate="10" alternate-name="" calibration-group="" calibration-sensor="" customer-sensor="" data-type="float" deadband="0" description="" display-format="4.2f" display-range-maximum="100" display-range-minimum="0" domain-id="10" engineering-unit="%" export-for-steady-state="true" fixed-sensor="" fullset-stability="false" gid="2216" group="" idds-hardware-name="EMSParm_216" is-continuous-log="true" is-critical="false" is-enabled="true" logical-id="devEMS" partition="Streaming" quality-ceiling="good" rtd-reference-channel="" signal-id="" subsystem-name="IDDS" subsystem-type="iDDS" topic="ParameterDataSeries">
                    <alarm-limits/>
                </instance>
                <instance name="EMSParm_1470" acquisition-rate="10" alternate-name="" calibration-group="" calibration-sensor="" customer-sensor="" data-type="float" deadband="0" description="" display-format="4.2f" display-range-maximum="100" display-range-minimum="0" domain-id="10" engineering-unit="%" export-for-steady-state="true" fixed-sensor="" fullset-stability="false" gid="3470" group="" idds-hardware-name="EMSParm_1470" is-continuous-log="true" is-critical="false" is-enabled="true" logical-id="devEMS" partition="Streaming" quality-ceiling="good" rtd-reference-channel="" signal-id="" subsystem-name="IDDS" subsystem-type="iDDS" topic="ParameterDataSeries">
                    <alarm-limits/>
                </instance>
                <instance name="EMSParm_1530" acquisition-rate="10" alternate-name="" calibration-group="" calibration-sensor="" customer-sensor="" data-type="float" deadband="0" description="" display-format="4.2f" display-range-maximum="100" display-range-minimum="0" domain-id="10" engineering-unit="%" export-for-steady-state="true" fixed-sensor="" fullset-stability="false" gid="3530" group="" idds-hardware-name="EMSParm_1530" is-continuous-log="true" is-critical="false" is-enabled="true" logical-id="devEMS" partition="Streaming" quality-ceiling="good" rtd-reference-channel="" signal-id="" subsystem-name="IDDS" subsystem-type="iDDS" topic="ParameterDataSeries">
                    <alarm-limits/>
                </instance>
                <instance name="EMSParm_249" acquisition-rate="10" alternate-name="" calibration-group="" calibration-sensor="" customer-sensor="" data-type="float" deadband="0" description="" display-format="4.2f" display-range-maximum="100" display-range-minimum="0" domain-id="10" engineering-unit="%" export-for-steady-state="true" fixed-sensor="" fullset-stability="false" gid="2249" group="" idds-hardware-name="EMSParm_249" is-continuous-log="true" is-critical="false" is-enabled="true" logical-id="devEMS" partition="Streaming" quality-ceiling="good" rtd-reference-channel="" signal-id="" subsystem-name="IDDS" subsystem-type="iDDS" topic="ParameterDataSeries">
                    <alarm-limits/>
                </instance>
                <instance name="EMSParm_466" acquisition-rate="10" alternate-name="" calibration-group="" calibration-sensor="" customer-sensor="" data-type="float" deadband="0" description="" display-format="4.2f" display-range-maximum="100" display-range-minimum="0" domain-id="10" engineering-unit="%" export-for-steady-state="true" fixed-sensor="" fullset-stability="false" gid="2466" group="" idds-hardware-name="EMSParm_466" is-continuous-log="true" is-critical="false" is-enabled="true" logical-id="devEMS" partition="Streaming" quality-ceiling="good" rtd-reference-channel="" signal-id="" subsystem-name="IDDS" subsystem-type="iDDS" topic="ParameterDataSeries">
                    <alarm-limits/>
                </instance>
                <instance name="EMSParm_610" acquisition-rate="10" alternate-name="" calibration-group="" calibration-sensor="" customer-sensor="" data-type="float" deadband="0" description="" display-format="4.2f" display-range-maximum="100" display-range-minimum="0" domain-id="10" engineering-unit="%" export-for-steady-state="true" fixed-sensor="" fullset-stability="false" gid="2610" group="" idds-hardware-name="EMSParm_610" is-continuous-log="true" is-critical="false" is-enabled="true" logical-id="devEMS" partition="Streaming" quality-ceiling="good" rtd-reference-channel="" signal-id="" subsystem-name="IDDS" subsystem-type="iDDS" topic="ParameterDataSeries">
                    <alarm-limits/>
                </instance>
                <instance name="EMSParm_1337" acquisition-rate="10" alternate-name="" calibration-group="" calibration-sensor="" customer-sensor="" data-type="float" deadband="0" description="" display-format="4.2f" display-range-maximum="100" display-range-minimum="0" domain-id="10" engineering-unit="%" export-for-steady-state="true" fixed-sensor="" fullset-stability="false" gid="3337" group="" idds-hardware-name="EMSParm_1337" is-continuous-log="true" is-critical="false" is-enabled="true" logical-id="devEMS" partition="Streaming" quality-ceiling="good" rtd-reference-channel="" signal-id="" subsystem-name="IDDS" subsystem-type="iDDS" topic="ParameterDataSeries">
                    <alarm-limits/>
                </instance>
                <instance name="EMSParm_265" acquisition-rate="10" alternate-name="" calibration-group="" calibration-sensor="" customer-sensor="" data-type="float" deadband="0" description="" display-format="4.2f" display-range-maximum="100" display-range-minimum="0" domain-id="10" engineering-unit="%" export-for-steady-state="true" fixed-sensor="" fullset-stability="false" gid="2265" group="" idds-hardware-name="EMSParm_265" is-continuous-log="true" is-critical="false" is-enabled="true" logical-id="devEMS" partition="Streaming" quality-ceiling="good" rtd-reference-channel="" signal-id="" subsystem-name="IDDS" subsystem-type="iDDS" topic="ParameterDataSeries">
                    <alarm-limits/>
                </instance>
                <instance name="EMSParm_1385" acquisition-rate="10" alternate-name="" calibration-group="" calibration-sensor="" customer-sensor="" data-type="float" deadband="0" description="" display-format="4.2f" display-range-maximum="100" display-range-minimum="0" domain-id="10" engineering-unit="%" export-for-steady-state="true" fixed-sensor="" fullset-stability="false" gid="3385" group="" idds-hardware-name="EMSParm_1385" is-continuous-log="true" is-critical="false" is-enabled="true" logical-id="devEMS" partition="Streaming" quality-ceiling="good" rtd-reference-channel="" signal-id="" subsystem-name="IDDS" subsystem-type="iDDS" topic="ParameterDataSeries">
                    <alarm-limits/>
                </instance>
                <instance name="EMSParm_668" acquisition-rate="10" alternate-name="" calibration-group="" calibration-sensor="" customer-sensor="" data-type="float" deadband="0" description="" display-format="4.2f" display-range-maximum="100" display-range-minimum="0" domain-id="10" engineering-unit="%" export-for-steady-state="true" fixed-sensor="" fullset-stability="false" gid="2668" group="" idds-hardware-name="EMSParm_668" is-continuous-log="true" is-critical="false" is-enabled="true" logical-id="devEMS" partition="Streaming" quality-ceiling="good" rtd-reference-channel="" signal-id="" subsystem-name="IDDS" subsystem-type="iDDS" topic="ParameterDataSeries">
                    <alarm-limits/>
                </instance>
                <instance name="T000014" acquisition-rate="10" alternate-name="" calibration-group="" calibration-sensor="" customer-sensor="" data-type="float" deadband="0" description="" display-format="4.2f" display-range-maximum="100" display-range-minimum="0" domain-id="2" engineering-unit="degC" export-for-steady-state="true" fixed-sensor="" fullset-stability="false" gid="5014" group="" idds-hardware-name="SCUTRDEMO_Ch14" is-continuous-log="true" is-critical="false" is-enabled="true" logical-id="scutrsim" partition="Streaming" quality-ceiling="good" rtd-reference-channel="" signal-id="" subsystem-name="IDDS" subsystem-type="iDDS" topic="ParameterDataSeries">
                    <alarm-limits/>
                </instance>
                <instance name="EMSParm_985" acquisition-rate="10" alternate-name="" calibration-group="" calibration-sensor="" customer-sensor="" data-type="float" deadband="0" description="" display-format="4.2f" display-range-maximum="100" display-range-minimum="0" domain-id="10" engineering-unit="%" export-for-steady-state="true" fixed-sensor="" fullset-stability="false" gid="2985" group="" idds-hardware-name="EMSParm_985" is-continuous-log="true" is-critical="false" is-enabled="true" logical-id="devEMS" partition="Streaming" quality-ceiling="good" rtd-reference-channel="" signal-id="" subsystem-name="IDDS" subsystem-type="iDDS" topic="ParameterDataSeries">
                    <alarm-limits/>
                </instance>
                <instance name="EMSParm_522" acquisition-rate="10" alternate-name="" calibration-group="" calibration-sensor="" customer-sensor="" data-type="float" deadband="0" description="" display-format="4.2f" display-range-maximum="100" display-range-minimum="0" domain-id="10" engineering-unit="%" export-for-steady-state="true" fixed-sensor="" fullset-stability="false" gid="2522" group="" idds-hardware-name="EMSParm_522" is-continuous-log="true" is-critical="false" is-enabled="true" logical-id="devEMS" partition="Streaming" quality-ceiling="good" rtd-reference-channel="" signal-id="" subsystem-name="IDDS" subsystem-type="iDDS" topic="ParameterDataSeries">
                    <alarm-limits/>
                </instance>
                <instance name="EMSParm_1030" acquisition-rate="10" alternate-name="" calibration-group="" calibration-sensor="" customer-sensor="" data-type="float" deadband="0" description="" display-format="4.2f" display-range-maximum="100" display-range-minimum="0" domain-id="10" engineering-unit="%" export-for-steady-state="true" fixed-sensor="" fullset-stability="false" gid="3030" group="" idds-hardware-name="EMSParm_1030" is-continuous-log="true" is-critical="false" is-enabled="true" logical-id="devEMS" partition="Streaming" quality-ceiling="good" rtd-reference-channel="" signal-id="" subsystem-name="IDDS" subsystem-type="iDDS" topic="ParameterDataSeries">
                    <alarm-limits/>
                </instance>
                <instance name="EMSParm_1429" acquisition-rate="10" alternate-name="" calibration-group="" calibration-sensor="" customer-sensor="" data-type="float" deadband="0" description="" display-format="4.2f" display-range-maximum="100" display-range-minimum="0" domain-id="10" engineering-unit="%" export-for-steady-state="true" fixed-sensor="" fullset-stability="false" gid="3429" group="" idds-hardware-name="EMSParm_1429" is-continuous-log="true" is-critical="false" is-enabled="true" logical-id="devEMS" partition="Streaming" quality-ceiling="good" rtd-reference-channel="" signal-id="" subsystem-name="IDDS" subsystem-type="iDDS" topic="ParameterDataSeries">
                    <alarm-limits/>
                </instance>
                <instance name="EMSParm_38" acquisition-rate="10" alternate-name="" calibration-group="" calibration-sensor="" customer-sensor="" data-type="float" deadband="0" description="" display-format="4.2f" display-range-maximum="100" display-range-minimum="0" domain-id="10" engineering-unit="%" export-for-steady-state="true" fixed-sensor="" fullset-stability="false" gid="2038" group="" idds-hardware-name="EMSParm_38" is-continuous-log="true" is-critical="false" is-enabled="true" logical-id="devEMS" partition="Streaming" quality-ceiling="good" rtd-reference-channel="" signal-id="" subsystem-name="IDDS" subsystem-type="iDDS" topic="ParameterDataSeries">
                    <alarm-limits/>
                </instance>
                <instance name="EMSParm_1563" acquisition-rate="10" alternate-name="" calibration-group="" calibration-sensor="" customer-sensor="" data-type="float" deadband="0" description="" display-format="4.2f" display-range-maximum="100" display-range-minimum="0" domain-id="10" engineering-unit="%" export-for-steady-state="true" fixed-sensor="" fullset-stability="false" gid="3563" group="" idds-hardware-name="EMSParm_1563" is-continuous-log="true" is-critical="false" is-enabled="true" logical-id="devEMS" partition="Streaming" quality-ceiling="good" rtd-reference-channel="" signal-id="" subsystem-name="IDDS" subsystem-type="iDDS" topic="ParameterDataSeries">
                    <alarm-limits/>
                </instance>
                <instance name="EMSParm_1540" acquisition-rate="10" alternate-name="" calibration-group="" calibration-sensor="" customer-sensor="" data-type="float" deadband="0" description="" display-format="4.2f" display-range-maximum="100" display-range-minimum="0" domain-id="10" engineering-unit="%" export-for-steady-state="true" fixed-sensor="" fullset-stability="false" gid="3540" group="" idds-hardware-name="EMSParm_1540" is-continuous-log="true" is-critical="false" is-enabled="true" logical-id="devEMS" partition="Streaming" quality-ceiling="good" rtd-reference-channel="" signal-id="" subsystem-name="IDDS" subsystem-type="iDDS" topic="ParameterDataSeries">
                    <alarm-limits/>
                </instance>
                <instance name="EMSParm_606" acquisition-rate="10" alternate-name="" calibration-group="" calibration-sensor="" customer-sensor="" data-type="float" deadband="0" description="" display-format="4.2f" display-range-maximum="100" display-range-minimum="0" domain-id="10" engineering-unit="%" export-for-steady-state="true" fixed-sensor="" fullset-stability="false" gid="2606" group="" idds-hardware-name="EMSParm_606" is-continuous-log="true" is-critical="false" is-enabled="true" logical-id="devEMS" partition="Streaming" quality-ceiling="good" rtd-reference-channel="" signal-id="" subsystem-name="IDDS" subsystem-type="iDDS" topic="ParameterDataSeries">
                    <alarm-limits/>
                </instance>
                <instance name="EMSParm_1577" acquisition-rate="10" alternate-name="" calibration-group="" calibration-sensor="" customer-sensor="" data-type="float" deadband="0" description="" display-format="4.2f" display-range-maximum="100" display-range-minimum="0" domain-id="10" engineering-unit="%" export-for-steady-state="true" fixed-sensor="" fullset-stability="false" gid="3577" group="" idds-hardware-name="EMSParm_1577" is-continuous-log="true" is-critical="false" is-enabled="true" logical-id="devEMS" partition="Streaming" quality-ceiling="good" rtd-reference-channel="" signal-id="" subsystem-name="IDDS" subsystem-type="iDDS" topic="ParameterDataSeries">
                    <alarm-limits/>
                </instance>
                <instance name="EMSParm_1297" acquisition-rate="10" alternate-name="" calibration-group="" calibration-sensor="" customer-sensor="" data-type="float" deadband="0" description="" display-format="4.2f" display-range-maximum="100" display-range-minimum="0" domain-id="10" engineering-unit="%" export-for-steady-state="true" fixed-sensor="" fullset-stability="false" gid="3297" group="" idds-hardware-name="EMSParm_1297" is-continuous-log="true" is-critical="false" is-enabled="true" logical-id="devEMS" partition="Streaming" quality-ceiling="good" rtd-reference-channel="" signal-id="" subsystem-name="IDDS" subsystem-type="iDDS" topic="ParameterDataSeries">
                    <alarm-limits/>
                </instance>
                <instance name="EMSParm_434" acquisition-rate="10" alternate-name="" calibration-group="" calibration-sensor="" customer-sensor="" data-type="float" deadband="0" description="" display-format="4.2f" display-range-maximum="100" display-range-minimum="0" domain-id="10" engineering-unit="%" export-for-steady-state="true" fixed-sensor="" fullset-stability="false" gid="2434" group="" idds-hardware-name="EMSParm_434" is-continuous-log="true" is-critical="false" is-enabled="true" logical-id="devEMS" partition="Streaming" quality-ceiling="good" rtd-reference-channel="" signal-id="" subsystem-name="IDDS" subsystem-type="iDDS" topic="ParameterDataSeries">
                    <alarm-limits/>
                </instance>
                <instance name="EMSParm_66" acquisition-rate="10" alternate-name="" calibration-group="" calibration-sensor="" customer-sensor="" data-type="float" deadband="0" description="" display-format="4.2f" display-range-maximum="100" display-range-minimum="0" domain-id="10" engineering-unit="%" export-for-steady-state="true" fixed-sensor="" fullset-stability="false" gid="2066" group="" idds-hardware-name="EMSParm_66" is-continuous-log="true" is-critical="false" is-enabled="true" logical-id="devEMS" partition="Streaming" quality-ceiling="good" rtd-reference-channel="" signal-id="" subsystem-name="IDDS" subsystem-type="iDDS" topic="ParameterDataSeries">
                    <alarm-limits/>
                </instance>
                <instance name="EMSParm_1554" acquisition-rate="10" alternate-name="" calibration-group="" calibration-sensor="" customer-sensor="" data-type="float" deadband="0" description="" display-format="4.2f" display-range-maximum="100" display-range-minimum="0" domain-id="10" engineering-unit="%" export-for-steady-state="true" fixed-sensor="" fullset-stability="false" gid="3554" group="" idds-hardware-name="EMSParm_1554" is-continuous-log="true" is-critical="false" is-enabled="true" logical-id="devEMS" partition="Streaming" quality-ceiling="good" rtd-reference-channel="" signal-id="" subsystem-name="IDDS" subsystem-type="iDDS" topic="ParameterDataSeries">
                    <alarm-limits/>
                </instance>
                <instance name="dnaDIO00011" acquisition-rate="200" alternate-name="" calibration-group="" calibration-sensor="" customer-sensor="" data-type="float" deadband="0" description="Output channel 8" display-format="4.2f" display-range-maximum="100" display-range-minimum="0" domain-id="3" engineering-unit="V" export-for-steady-state="true" fixed-sensor="" fullset-stability="false" gid="11" group="" idds-hardware-name="dev03/ch00011" is-continuous-log="true" is-critical="false" is-enabled="true" logical-id="devCube999" partition="Streaming" quality-ceiling="good" rtd-reference-channel="" signal-id="" subsystem-name="IDDS" subsystem-type="iDDS" topic="ParameterDataValue">
                    <alarm-limits/>
                </instance>
                <instance name="EMSParm_1511" acquisition-rate="10" alternate-name="" calibration-group="" calibration-sensor="" customer-sensor="" data-type="float" deadband="0" description="" display-format="4.2f" display-range-maximum="100" display-range-minimum="0" domain-id="10" engineering-unit="%" export-for-steady-state="true" fixed-sensor="" fullset-stability="false" gid="3511" group="" idds-hardware-name="EMSParm_1511" is-continuous-log="true" is-critical="false" is-enabled="true" logical-id="devEMS" partition="Streaming" quality-ceiling="good" rtd-reference-channel="" signal-id="" subsystem-name="IDDS" subsystem-type="iDDS" topic="ParameterDataSeries">
                    <alarm-limits/>
                </instance>
                <instance name="EMSParm_538" acquisition-rate="10" alternate-name="" calibration-group="" calibration-sensor="" customer-sensor="" data-type="float" deadband="0" description="" display-format="4.2f" display-range-maximum="100" display-range-minimum="0" domain-id="10" engineering-unit="%" export-for-steady-state="true" fixed-sensor="" fullset-stability="false" gid="2538" group="" idds-hardware-name="EMSParm_538" is-continuous-log="true" is-critical="false" is-enabled="true" logical-id="devEMS" partition="Streaming" quality-ceiling="good" rtd-reference-channel="" signal-id="" subsystem-name="IDDS" subsystem-type="iDDS" topic="ParameterDataSeries">
                    <alarm-limits/>
                </instance>
                <instance name="EMSParm_734" acquisition-rate="10" alternate-name="" calibration-group="" calibration-sensor="" customer-sensor="" data-type="float" deadband="0" description="" display-format="4.2f" display-range-maximum="100" display-range-minimum="0" domain-id="10" engineering-unit="%" export-for-steady-state="true" fixed-sensor="" fullset-stability="false" gid="2734" group="" idds-hardware-name="EMSParm_734" is-continuous-log="true" is-critical="false" is-enabled="true" logical-id="devEMS" partition="Streaming" quality-ceiling="good" rtd-reference-channel="" signal-id="" subsystem-name="IDDS" subsystem-type="iDDS" topic="ParameterDataSeries">
                    <alarm-limits/>
                </instance>
                <instance name="EMSParm_1586" acquisition-rate="10" alternate-name="" calibration-group="" calibration-sensor="" customer-sensor="" data-type="float" deadband="0" description="" display-format="4.2f" display-range-maximum="100" display-range-minimum="0" domain-id="10" engineering-unit="%" export-for-steady-state="true" fixed-sensor="" fullset-stability="false" gid="3586" group="" idds-hardware-name="EMSParm_1586" is-continuous-log="true" is-critical="false" is-enabled="true" logical-id="devEMS" partition="Streaming" quality-ceiling="good" rtd-reference-channel="" signal-id="" subsystem-name="IDDS" subsystem-type="iDDS" topic="ParameterDataSeries">
                    <alarm-limits/>
                </instance>
                <instance name="EMSParm_1183" acquisition-rate="10" alternate-name="" calibration-group="" calibration-sensor="" customer-sensor="" data-type="float" deadband="0" description="" display-format="4.2f" display-range-maximum="100" display-range-minimum="0" domain-id="10" engineering-unit="%" export-for-steady-state="true" fixed-sensor="" fullset-stability="false" gid="3183" group="" idds-hardware-name="EMSParm_1183" is-continuous-log="true" is-critical="false" is-enabled="true" logical-id="devEMS" partition="Streaming" quality-ceiling="good" rtd-reference-channel="" signal-id="" subsystem-name="IDDS" subsystem-type="iDDS" topic="ParameterDataSeries">
                    <alarm-limits/>
                </instance>
                <instance name="EMSParm_1275" acquisition-rate="10" alternate-name="" calibration-group="" calibration-sensor="" customer-sensor="" data-type="float" deadband="0" description="" display-format="4.2f" display-range-maximum="100" display-range-minimum="0" domain-id="10" engineering-unit="%" export-for-steady-state="true" fixed-sensor="" fullset-stability="false" gid="3275" group="" idds-hardware-name="EMSParm_1275" is-continuous-log="true" is-critical="false" is-enabled="true" logical-id="devEMS" partition="Streaming" quality-ceiling="good" rtd-reference-channel="" signal-id="" subsystem-name="IDDS" subsystem-type="iDDS" topic="ParameterDataSeries">
                    <alarm-limits/>
                </instance>
                <instance name="T000046" acquisition-rate="10" alternate-name="" calibration-group="" calibration-sensor="" customer-sensor="" data-type="float" deadband="0" description="" display-format="4.2f" display-range-maximum="100" display-range-minimum="0" domain-id="2" engineering-unit="degC" export-for-steady-state="true" fixed-sensor="" fullset-stability="false" gid="5046" group="" idds-hardware-name="SCUTRDEMO_Ch46" is-continuous-log="true" is-critical="false" is-enabled="true" logical-id="scutrsim" partition="Streaming" quality-ceiling="good" rtd-reference-channel="" signal-id="" subsystem-name="IDDS" subsystem-type="iDDS" topic="ParameterDataSeries">
                    <alarm-limits/>
                </instance>
                <instance name="EMSParm_698" acquisition-rate="10" alternate-name="" calibration-group="" calibration-sensor="" customer-sensor="" data-type="float" deadband="0" description="" display-format="4.2f" display-range-maximum="100" display-range-minimum="0" domain-id="10" engineering-unit="%" export-for-steady-state="true" fixed-sensor="" fullset-stability="false" gid="2698" group="" idds-hardware-name="EMSParm_698" is-continuous-log="true" is-critical="false" is-enabled="true" logical-id="devEMS" partition="Streaming" quality-ceiling="good" rtd-reference-channel="" signal-id="" subsystem-name="IDDS" subsystem-type="iDDS" topic="ParameterDataSeries">
                    <alarm-limits/>
                </instance>
                <instance name="pb91162ch1" acquisition-rate="1" alternate-name="" calibration-group="" calibration-sensor="" customer-sensor="" data-type="float" deadband="0" description="" display-format="4.2f" display-range-maximum="100" display-range-minimum="0" domain-id="2" engineering-unit="psi" export-for-steady-state="true" fixed-sensor="" fullset-stability="false" gid="-1" group="" idds-hardware-name="" is-continuous-log="true" is-critical="false" is-enabled="true" is-output="false" logical-id="" partition="" pbs-amb-press-channel="" pbs-avg-samples="4" pbs-input-type="pressure" pbs-port="1" pbs-serial-number="PB8793" quality-ceiling="good" rtd-reference-channel="" signal-id="" subsystem-name="PBS" subsystem-type="pbs" topic="">
                    <alarm-limits/>
                </instance>
                <instance name="EMSParm_1186" acquisition-rate="10" alternate-name="" calibration-group="" calibration-sensor="" customer-sensor="" data-type="float" deadband="0" description="" display-format="4.2f" display-range-maximum="100" display-range-minimum="0" domain-id="10" engineering-unit="%" export-for-steady-state="true" fixed-sensor="" fullset-stability="false" gid="3186" group="" idds-hardware-name="EMSParm_1186" is-continuous-log="true" is-critical="false" is-enabled="true" logical-id="devEMS" partition="Streaming" quality-ceiling="good" rtd-reference-channel="" signal-id="" subsystem-name="IDDS" subsystem-type="iDDS" topic="ParameterDataSeries">
                    <alarm-limits/>
                </instance>
                <instance name="EMSParm_440" acquisition-rate="10" alternate-name="" calibration-group="" calibration-sensor="" customer-sensor="" data-type="float" deadband="0" description="" display-format="4.2f" display-range-maximum="100" display-range-minimum="0" domain-id="10" engineering-unit="%" export-for-steady-state="true" fixed-sensor="" fullset-stability="false" gid="2440" group="" idds-hardware-name="EMSParm_440" is-continuous-log="true" is-critical="false" is-enabled="true" logical-id="devEMS" partition="Streaming" quality-ceiling="good" rtd-reference-channel="" signal-id="" subsystem-name="IDDS" subsystem-type="iDDS" topic="ParameterDataSeries">
                    <alarm-limits/>
                </instance>
                <instance name="EMSParm_1319" acquisition-rate="10" alternate-name="" calibration-group="" calibration-sensor="" customer-sensor="" data-type="float" deadband="0" description="" display-format="4.2f" display-range-maximum="100" display-range-minimum="0" domain-id="10" engineering-unit="%" export-for-steady-state="true" fixed-sensor="" fullset-stability="false" gid="3319" group="" idds-hardware-name="EMSParm_1319" is-continuous-log="true" is-critical="false" is-enabled="true" logical-id="devEMS" partition="Streaming" quality-ceiling="good" rtd-reference-channel="" signal-id="" subsystem-name="IDDS" subsystem-type="iDDS" topic="ParameterDataSeries">
                    <alarm-limits/>
                </instance>
                <instance name="EMSParm_64" acquisition-rate="10" alternate-name="" calibration-group="" calibration-sensor="" customer-sensor="" data-type="float" deadband="0" description="" display-format="4.2f" display-range-maximum="100" display-range-minimum="0" domain-id="10" engineering-unit="%" export-for-steady-state="true" fixed-sensor="" fullset-stability="false" gid="2064" group="" idds-hardware-name="EMSParm_64" is-continuous-log="true" is-critical="false" is-enabled="true" logical-id="devEMS" partition="Streaming" quality-ceiling="good" rtd-reference-channel="" signal-id="" subsystem-name="IDDS" subsystem-type="iDDS" topic="ParameterDataSeries">
                    <alarm-limits/>
                </instance>
                <instance name="EMSParm_586" acquisition-rate="10" alternate-name="" calibration-group="" calibration-sensor="" customer-sensor="" data-type="float" deadband="0" description="" display-format="4.2f" display-range-maximum="100" display-range-minimum="0" domain-id="10" engineering-unit="%" export-for-steady-state="true" fixed-sensor="" fullset-stability="false" gid="2586" group="" idds-hardware-name="EMSParm_586" is-continuous-log="true" is-critical="false" is-enabled="true" logical-id="devEMS" partition="Streaming" quality-ceiling="good" rtd-reference-channel="" signal-id="" subsystem-name="IDDS" subsystem-type="iDDS" topic="ParameterDataSeries">
                    <alarm-limits/>
                </instance>
                <instance name="EMSParm_950" acquisition-rate="10" alternate-name="" calibration-group="" calibration-sensor="" customer-sensor="" data-type="float" deadband="0" description="" display-format="4.2f" display-range-maximum="100" display-range-minimum="0" domain-id="10" engineering-unit="%" export-for-steady-state="true" fixed-sensor="" fullset-stability="false" gid="2950" group="" idds-hardware-name="EMSParm_950" is-continuous-log="true" is-critical="false" is-enabled="true" logical-id="devEMS" partition="Streaming" quality-ceiling="good" rtd-reference-channel="" signal-id="" subsystem-name="IDDS" subsystem-type="iDDS" topic="ParameterDataSeries">
                    <alarm-limits/>
                </instance>
                <instance name="EMSParm_489" acquisition-rate="10" alternate-name="" calibration-group="" calibration-sensor="" customer-sensor="" data-type="float" deadband="0" description="" display-format="4.2f" display-range-maximum="100" display-range-minimum="0" domain-id="10" engineering-unit="%" export-for-steady-state="true" fixed-sensor="" fullset-stability="false" gid="2489" group="" idds-hardware-name="EMSParm_489" is-continuous-log="true" is-critical="false" is-enabled="true" logical-id="devEMS" partition="Streaming" quality-ceiling="good" rtd-reference-channel="" signal-id="" subsystem-name="IDDS" subsystem-type="iDDS" topic="ParameterDataSeries">
                    <alarm-limits/>
                </instance>
                <instance name="EMSParm_1549" acquisition-rate="10" alternate-name="" calibration-group="" calibration-sensor="" customer-sensor="" data-type="float" deadband="0" description="" display-format="4.2f" display-range-maximum="100" display-range-minimum="0" domain-id="10" engineering-unit="%" export-for-steady-state="true" fixed-sensor="" fullset-stability="false" gid="3549" group="" idds-hardware-name="EMSParm_1549" is-continuous-log="true" is-critical="false" is-enabled="true" logical-id="devEMS" partition="Streaming" quality-ceiling="good" rtd-reference-channel="" signal-id="" subsystem-name="IDDS" subsystem-type="iDDS" topic="ParameterDataSeries">
                    <alarm-limits/>
                </instance>
                <instance name="EMSParm_276" acquisition-rate="10" alternate-name="" calibration-group="" calibration-sensor="" customer-sensor="" data-type="float" deadband="0" description="" display-format="4.2f" display-range-maximum="100" display-range-minimum="0" domain-id="10" engineering-unit="%" export-for-steady-state="true" fixed-sensor="" fullset-stability="false" gid="2276" group="" idds-hardware-name="EMSParm_276" is-continuous-log="true" is-critical="false" is-enabled="true" logical-id="devEMS" partition="Streaming" quality-ceiling="good" rtd-reference-channel="" signal-id="" subsystem-name="IDDS" subsystem-type="iDDS" topic="ParameterDataSeries">
                    <alarm-limits/>
                </instance>
                <instance name="EMSParm_1392" acquisition-rate="10" alternate-name="" calibration-group="" calibration-sensor="" customer-sensor="" data-type="float" deadband="0" description="" display-format="4.2f" display-range-maximum="100" display-range-minimum="0" domain-id="10" engineering-unit="%" export-for-steady-state="true" fixed-sensor="" fullset-stability="false" gid="3392" group="" idds-hardware-name="EMSParm_1392" is-continuous-log="true" is-critical="false" is-enabled="true" logical-id="devEMS" partition="Streaming" quality-ceiling="good" rtd-reference-channel="" signal-id="" subsystem-name="IDDS" subsystem-type="iDDS" topic="ParameterDataSeries">
                    <alarm-limits/>
                </instance>
                <instance name="EMSParm_916" acquisition-rate="10" alternate-name="" calibration-group="" calibration-sensor="" customer-sensor="" data-type="float" deadband="0" description="" display-format="4.2f" display-range-maximum="100" display-range-minimum="0" domain-id="10" engineering-unit="%" export-for-steady-state="true" fixed-sensor="" fullset-stability="false" gid="2916" group="" idds-hardware-name="EMSParm_916" is-continuous-log="true" is-critical="false" is-enabled="true" logical-id="devEMS" partition="Streaming" quality-ceiling="good" rtd-reference-channel="" signal-id="" subsystem-name="IDDS" subsystem-type="iDDS" topic="ParameterDataSeries">
                    <alarm-limits/>
                </instance>
                <instance name="EMSParm_311" acquisition-rate="10" alternate-name="" calibration-group="" calibration-sensor="" customer-sensor="" data-type="float" deadband="0" description="" display-format="4.2f" display-range-maximum="100" display-range-minimum="0" domain-id="10" engineering-unit="%" export-for-steady-state="true" fixed-sensor="" fullset-stability="false" gid="2311" group="" idds-hardware-name="EMSParm_311" is-continuous-log="true" is-critical="false" is-enabled="true" logical-id="devEMS" partition="Streaming" quality-ceiling="good" rtd-reference-channel="" signal-id="" subsystem-name="IDDS" subsystem-type="iDDS" topic="ParameterDataSeries">
                    <alarm-limits/>
                </instance>
                <instance name="EMSParm_39" acquisition-rate="10" alternate-name="" calibration-group="" calibration-sensor="" customer-sensor="" data-type="float" deadband="0" description="" display-format="4.2f" display-range-maximum="100" display-range-minimum="0" domain-id="10" engineering-unit="%" export-for-steady-state="true" fixed-sensor="" fullset-stability="false" gid="2039" group="" idds-hardware-name="EMSParm_39" is-continuous-log="true" is-critical="false" is-enabled="true" logical-id="devEMS" partition="Streaming" quality-ceiling="good" rtd-reference-channel="" signal-id="" subsystem-name="IDDS" subsystem-type="iDDS" topic="ParameterDataSeries">
                    <alarm-limits/>
                </instance>
                <instance name="EMSParm_456" acquisition-rate="10" alternate-name="" calibration-group="" calibration-sensor="" customer-sensor="" data-type="float" deadband="0" description="" display-format="4.2f" display-range-maximum="100" display-range-minimum="0" domain-id="10" engineering-unit="%" export-for-steady-state="true" fixed-sensor="" fullset-stability="false" gid="2456" group="" idds-hardware-name="EMSParm_456" is-continuous-log="true" is-critical="false" is-enabled="true" logical-id="devEMS" partition="Streaming" quality-ceiling="good" rtd-reference-channel="" signal-id="" subsystem-name="IDDS" subsystem-type="iDDS" topic="ParameterDataSeries">
                    <alarm-limits/>
                </instance>
                <instance name="EMSParm_414" acquisition-rate="10" alternate-name="" calibration-group="" calibration-sensor="" customer-sensor="" data-type="float" deadband="0" description="" display-format="4.2f" display-range-maximum="100" display-range-minimum="0" domain-id="10" engineering-unit="%" export-for-steady-state="true" fixed-sensor="" fullset-stability="false" gid="2414" group="" idds-hardware-name="EMSParm_414" is-continuous-log="true" is-critical="false" is-enabled="true" logical-id="devEMS" partition="Streaming" quality-ceiling="good" rtd-reference-channel="" signal-id="" subsystem-name="IDDS" subsystem-type="iDDS" topic="ParameterDataSeries">
                    <alarm-limits/>
                </instance>
                <instance name="EMSParm_1293" acquisition-rate="10" alternate-name="" calibration-group="" calibration-sensor="" customer-sensor="" data-type="float" deadband="0" description="" display-format="4.2f" display-range-maximum="100" display-range-minimum="0" domain-id="10" engineering-unit="%" export-for-steady-state="true" fixed-sensor="" fullset-stability="false" gid="3293" group="" idds-hardware-name="EMSParm_1293" is-continuous-log="true" is-critical="false" is-enabled="true" logical-id="devEMS" partition="Streaming" quality-ceiling="good" rtd-reference-channel="" signal-id="" subsystem-name="IDDS" subsystem-type="iDDS" topic="ParameterDataSeries">
                    <alarm-limits/>
                </instance>
                <instance name="EMSParm_1583" acquisition-rate="10" alternate-name="" calibration-group="" calibration-sensor="" customer-sensor="" data-type="float" deadband="0" description="" display-format="4.2f" display-range-maximum="100" display-range-minimum="0" domain-id="10" engineering-unit="%" export-for-steady-state="true" fixed-sensor="" fullset-stability="false" gid="3583" group="" idds-hardware-name="EMSParm_1583" is-continuous-log="true" is-critical="false" is-enabled="true" logical-id="devEMS" partition="Streaming" quality-ceiling="good" rtd-reference-channel="" signal-id="" subsystem-name="IDDS" subsystem-type="iDDS" topic="ParameterDataSeries">
                    <alarm-limits/>
                </instance>
                <instance name="EMSParm_13" acquisition-rate="10" alternate-name="" calibration-group="" calibration-sensor="" customer-sensor="" data-type="float" deadband="0" description="" display-format="4.2f" display-range-maximum="100" display-range-minimum="0" domain-id="10" engineering-unit="%" export-for-steady-state="true" fixed-sensor="" fullset-stability="false" gid="2013" group="" idds-hardware-name="EMSParm_13" is-continuous-log="true" is-critical="false" is-enabled="true" logical-id="devEMS" partition="Streaming" quality-ceiling="good" rtd-reference-channel="" signal-id="" subsystem-name="IDDS" subsystem-type="iDDS" topic="ParameterDataSeries">
                    <alarm-limits/>
                </instance>
                <instance name="EMSParm_770" acquisition-rate="10" alternate-name="" calibration-group="" calibration-sensor="" customer-sensor="" data-type="float" deadband="0" description="" display-format="4.2f" display-range-maximum="100" display-range-minimum="0" domain-id="10" engineering-unit="%" export-for-steady-state="true" fixed-sensor="" fullset-stability="false" gid="2770" group="" idds-hardware-name="EMSParm_770" is-continuous-log="true" is-critical="false" is-enabled="true" logical-id="devEMS" partition="Streaming" quality-ceiling="good" rtd-reference-channel="" signal-id="" subsystem-name="IDDS" subsystem-type="iDDS" topic="ParameterDataSeries">
                    <alarm-limits/>
                </instance>
                <instance name="EMSParm_1493" acquisition-rate="10" alternate-name="" calibration-group="" calibration-sensor="" customer-sensor="" data-type="float" deadband="0" description="" display-format="4.2f" display-range-maximum="100" display-range-minimum="0" domain-id="10" engineering-unit="%" export-for-steady-state="true" fixed-sensor="" fullset-stability="false" gid="3493" group="" idds-hardware-name="EMSParm_1493" is-continuous-log="true" is-critical="false" is-enabled="true" logical-id="devEMS" partition="Streaming" quality-ceiling="good" rtd-reference-channel="" signal-id="" subsystem-name="IDDS" subsystem-type="iDDS" topic="ParameterDataSeries">
                    <alarm-limits/>
                </instance>
                <instance name="YB1_Ch30" acquisition-rate="1" alternate-name="" calibration-group="" calibration-sensor="" customer-sensor="" data-type="float" deadband="0" description="" display-format="4.2f" display-range-maximum="100" display-range-minimum="0" domain-id="3" engineering-unit="-" export-for-steady-state="true" fixed-sensor="" fullset-stability="false" gid="9030" group="" idds-hardware-name="CH30" is-continuous-log="true" is-critical="false" is-enabled="true" logical-id="rx3036-1" partition="Streaming" quality-ceiling="good" rtd-reference-channel="" signal-id="" subsystem-name="IDDS" subsystem-type="iDDS" topic="ParameterDataSeries">
                    <alarm-limits/>
                </instance>
                <instance name="T000045" acquisition-rate="10" alternate-name="" calibration-group="" calibration-sensor="" customer-sensor="" data-type="float" deadband="0" description="" display-format="4.2f" display-range-maximum="100" display-range-minimum="0" domain-id="2" engineering-unit="degC" export-for-steady-state="true" fixed-sensor="" fullset-stability="false" gid="5045" group="" idds-hardware-name="SCUTRDEMO_Ch45" is-continuous-log="true" is-critical="false" is-enabled="true" logical-id="scutrsim" partition="Streaming" quality-ceiling="good" rtd-reference-channel="" signal-id="" subsystem-name="IDDS" subsystem-type="iDDS" topic="ParameterDataSeries">
                    <alarm-limits/>
                </instance>
                <instance name="EMSParm_1127" acquisition-rate="10" alternate-name="" calibration-group="" calibration-sensor="" customer-sensor="" data-type="float" deadband="0" description="" display-format="4.2f" display-range-maximum="100" display-range-minimum="0" domain-id="10" engineering-unit="%" export-for-steady-state="true" fixed-sensor="" fullset-stability="false" gid="3127" group="" idds-hardware-name="EMSParm_1127" is-continuous-log="true" is-critical="false" is-enabled="true" logical-id="devEMS" partition="Streaming" quality-ceiling="good" rtd-reference-channel="" signal-id="" subsystem-name="IDDS" subsystem-type="iDDS" topic="ParameterDataSeries">
                    <alarm-limits/>
                </instance>
                <instance name="T000012" acquisition-rate="10" alternate-name="" calibration-group="" calibration-sensor="" customer-sensor="" data-type="float" deadband="0" description="" display-format="4.2f" display-range-maximum="100" display-range-minimum="0" domain-id="2" engineering-unit="degC" export-for-steady-state="true" fixed-sensor="" fullset-stability="false" gid="5012" group="" idds-hardware-name="SCUTRDEMO_Ch12" is-continuous-log="true" is-critical="false" is-enabled="true" logical-id="scutrsim" partition="Streaming" quality-ceiling="good" rtd-reference-channel="" signal-id="" subsystem-name="IDDS" subsystem-type="iDDS" topic="ParameterDataSeries">
                    <alarm-limits/>
                </instance>
                <instance name="EMSParm_1345" acquisition-rate="10" alternate-name="" calibration-group="" calibration-sensor="" customer-sensor="" data-type="float" deadband="0" description="" display-format="4.2f" display-range-maximum="100" display-range-minimum="0" domain-id="10" engineering-unit="%" export-for-steady-state="true" fixed-sensor="" fullset-stability="false" gid="3345" group="" idds-hardware-name="EMSParm_1345" is-continuous-log="true" is-critical="false" is-enabled="true" logical-id="devEMS" partition="Streaming" quality-ceiling="good" rtd-reference-channel="" signal-id="" subsystem-name="IDDS" subsystem-type="iDDS" topic="ParameterDataSeries">
                    <alarm-limits/>
                </instance>
                <instance name="EMSParm_626" acquisition-rate="10" alternate-name="" calibration-group="" calibration-sensor="" customer-sensor="" data-type="float" deadband="0" description="" display-format="4.2f" display-range-maximum="100" display-range-minimum="0" domain-id="10" engineering-unit="%" export-for-steady-state="true" fixed-sensor="" fullset-stability="false" gid="2626" group="" idds-hardware-name="EMSParm_626" is-continuous-log="true" is-critical="false" is-enabled="true" logical-id="devEMS" partition="Streaming" quality-ceiling="good" rtd-reference-channel="" signal-id="" subsystem-name="IDDS" subsystem-type="iDDS" topic="ParameterDataSeries">
                    <alarm-limits/>
                </instance>
                <instance name="EMSParm_1180" acquisition-rate="10" alternate-name="" calibration-group="" calibration-sensor="" customer-sensor="" data-type="float" deadband="0" description="" display-format="4.2f" display-range-maximum="100" display-range-minimum="0" domain-id="10" engineering-unit="%" export-for-steady-state="true" fixed-sensor="" fullset-stability="false" gid="3180" group="" idds-hardware-name="EMSParm_1180" is-continuous-log="true" is-critical="false" is-enabled="true" logical-id="devEMS" partition="Streaming" quality-ceiling="good" rtd-reference-channel="" signal-id="" subsystem-name="IDDS" subsystem-type="iDDS" topic="ParameterDataSeries">
                    <alarm-limits/>
                </instance>
                <instance name="T000055" acquisition-rate="10" alternate-name="" calibration-group="" calibration-sensor="" customer-sensor="" data-type="float" deadband="0" description="" display-format="4.2f" display-range-maximum="100" display-range-minimum="0" domain-id="2" engineering-unit="degC" export-for-steady-state="true" fixed-sensor="" fullset-stability="false" gid="5055" group="" idds-hardware-name="SCUTRDEMO_Ch55" is-continuous-log="true" is-critical="false" is-enabled="true" logical-id="scutrsim" partition="Streaming" quality-ceiling="good" rtd-reference-channel="" signal-id="" subsystem-name="IDDS" subsystem-type="iDDS" topic="ParameterDataSeries">
                    <alarm-limits/>
                </instance>
                <instance name="EMSParm_1363" acquisition-rate="10" alternate-name="" calibration-group="" calibration-sensor="" customer-sensor="" data-type="float" deadband="0" description="" display-format="4.2f" display-range-maximum="100" display-range-minimum="0" domain-id="10" engineering-unit="%" export-for-steady-state="true" fixed-sensor="" fullset-stability="false" gid="3363" group="" idds-hardware-name="EMSParm_1363" is-continuous-log="true" is-critical="false" is-enabled="true" logical-id="devEMS" partition="Streaming" quality-ceiling="good" rtd-reference-channel="" signal-id="" subsystem-name="IDDS" subsystem-type="iDDS" topic="ParameterDataSeries">
                    <alarm-limits/>
                </instance>
                <instance name="EMSParm_690" acquisition-rate="10" alternate-name="" calibration-group="" calibration-sensor="" customer-sensor="" data-type="float" deadband="0" description="" display-format="4.2f" display-range-maximum="100" display-range-minimum="0" domain-id="10" engineering-unit="%" export-for-steady-state="true" fixed-sensor="" fullset-stability="false" gid="2690" group="" idds-hardware-name="EMSParm_690" is-continuous-log="true" is-critical="false" is-enabled="true" logical-id="devEMS" partition="Streaming" quality-ceiling="good" rtd-reference-channel="" signal-id="" subsystem-name="IDDS" subsystem-type="iDDS" topic="ParameterDataSeries">
                    <alarm-limits/>
                </instance>
                <instance name="EMSParm_945" acquisition-rate="10" alternate-name="" calibration-group="" calibration-sensor="" customer-sensor="" data-type="float" deadband="0" description="" display-format="4.2f" display-range-maximum="100" display-range-minimum="0" domain-id="10" engineering-unit="%" export-for-steady-state="true" fixed-sensor="" fullset-stability="false" gid="2945" group="" idds-hardware-name="EMSParm_945" is-continuous-log="true" is-critical="false" is-enabled="true" logical-id="devEMS" partition="Streaming" quality-ceiling="good" rtd-reference-channel="" signal-id="" subsystem-name="IDDS" subsystem-type="iDDS" topic="ParameterDataSeries">
                    <alarm-limits/>
                </instance>
                <instance name="PurgeAirOn_Ref" acquisition-rate="0" alternate-name="" calculated-equation="0.0" calculated-persistency="volatile" calibration-group="" calibration-sensor="" customer-sensor="" data-type="boolean" description="" display-format="false/true" domain-id="2" export-for-steady-state="true" fixed-sensor="" fullset-stability="false" gid="-1" group="" idds-hardware-name="" initial-value="0" is-continuous-log="true" is-critical="false" is-enabled="true" is-output="true" logical-id="" partition="" quality-ceiling="good" reference-channel="" rtd-reference-channel="" signal-id="" subsystem-name="calculated" subsystem-type="calculated" topic="">
                    <alarm-limits/>
                </instance>
                <instance name="EMSParm_47" acquisition-rate="10" alternate-name="" calibration-group="" calibration-sensor="" customer-sensor="" data-type="float" deadband="0" description="" display-format="4.2f" display-range-maximum="100" display-range-minimum="0" domain-id="10" engineering-unit="%" export-for-steady-state="true" fixed-sensor="" fullset-stability="false" gid="2047" group="" idds-hardware-name="EMSParm_47" is-continuous-log="true" is-critical="false" is-enabled="true" logical-id="devEMS" partition="Streaming" quality-ceiling="good" rtd-reference-channel="" signal-id="" subsystem-name="IDDS" subsystem-type="iDDS" topic="ParameterDataSeries">
                    <alarm-limits/>
                </instance>
                <instance name="EMSParm_1420" acquisition-rate="10" alternate-name="" calibration-group="" calibration-sensor="" customer-sensor="" data-type="float" deadband="0" description="" display-format="4.2f" display-range-maximum="100" display-range-minimum="0" domain-id="10" engineering-unit="%" export-for-steady-state="true" fixed-sensor="" fullset-stability="false" gid="3420" group="" idds-hardware-name="EMSParm_1420" is-continuous-log="true" is-critical="false" is-enabled="true" logical-id="devEMS" partition="Streaming" quality-ceiling="good" rtd-reference-channel="" signal-id="" subsystem-name="IDDS" subsystem-type="iDDS" topic="ParameterDataSeries">
                    <alarm-limits/>
                </instance>
                <instance name="EMSParm_1576" acquisition-rate="10" alternate-name="" calibration-group="" calibration-sensor="" customer-sensor="" data-type="float" deadband="0" description="" display-format="4.2f" display-range-maximum="100" display-range-minimum="0" domain-id="10" engineering-unit="%" export-for-steady-state="true" fixed-sensor="" fullset-stability="false" gid="3576" group="" idds-hardware-name="EMSParm_1576" is-continuous-log="true" is-critical="false" is-enabled="true" logical-id="devEMS" partition="Streaming" quality-ceiling="good" rtd-reference-channel="" signal-id="" subsystem-name="IDDS" subsystem-type="iDDS" topic="ParameterDataSeries">
                    <alarm-limits/>
                </instance>
                <instance name="EMSParm_797" acquisition-rate="10" alternate-name="" calibration-group="" calibration-sensor="" customer-sensor="" data-type="float" deadband="0" description="" display-format="4.2f" display-range-maximum="100" display-range-minimum="0" domain-id="10" engineering-unit="%" export-for-steady-state="true" fixed-sensor="" fullset-stability="false" gid="2797" group="" idds-hardware-name="EMSParm_797" is-continuous-log="true" is-critical="false" is-enabled="true" logical-id="devEMS" partition="Streaming" quality-ceiling="good" rtd-reference-channel="" signal-id="" subsystem-name="IDDS" subsystem-type="iDDS" topic="ParameterDataSeries">
                    <alarm-limits/>
                </instance>
                <instance name="EMSParm_282" acquisition-rate="10" alternate-name="" calibration-group="" calibration-sensor="" customer-sensor="" data-type="float" deadband="0" description="" display-format="4.2f" display-range-maximum="100" display-range-minimum="0" domain-id="10" engineering-unit="%" export-for-steady-state="true" fixed-sensor="" fullset-stability="false" gid="2282" group="" idds-hardware-name="EMSParm_282" is-continuous-log="true" is-critical="false" is-enabled="true" logical-id="devEMS" partition="Streaming" quality-ceiling="good" rtd-reference-channel="" signal-id="" subsystem-name="IDDS" subsystem-type="iDDS" topic="ParameterDataSeries">
                    <alarm-limits/>
                </instance>
                <instance name="EMSParm_1039" acquisition-rate="10" alternate-name="" calibration-group="" calibration-sensor="" customer-sensor="" data-type="float" deadband="0" description="" display-format="4.2f" display-range-maximum="100" display-range-minimum="0" domain-id="10" engineering-unit="%" export-for-steady-state="true" fixed-sensor="" fullset-stability="false" gid="3039" group="" idds-hardware-name="EMSParm_1039" is-continuous-log="true" is-critical="false" is-enabled="true" logical-id="devEMS" partition="Streaming" quality-ceiling="good" rtd-reference-channel="" signal-id="" subsystem-name="IDDS" subsystem-type="iDDS" topic="ParameterDataSeries">
                    <alarm-limits/>
                </instance>
                <instance name="EMSParm_1206" acquisition-rate="10" alternate-name="" calibration-group="" calibration-sensor="" customer-sensor="" data-type="float" deadband="0" description="" display-format="4.2f" display-range-maximum="100" display-range-minimum="0" domain-id="10" engineering-unit="%" export-for-steady-state="true" fixed-sensor="" fullset-stability="false" gid="3206" group="" idds-hardware-name="EMSParm_1206" is-continuous-log="true" is-critical="false" is-enabled="true" logical-id="devEMS" partition="Streaming" quality-ceiling="good" rtd-reference-channel="" signal-id="" subsystem-name="IDDS" subsystem-type="iDDS" topic="ParameterDataSeries">
                    <alarm-limits/>
                </instance>
                <instance name="EMSParm_114" acquisition-rate="10" alternate-name="" calibration-group="" calibration-sensor="" customer-sensor="" data-type="float" deadband="0" description="" display-format="4.2f" display-range-maximum="100" display-range-minimum="0" domain-id="10" engineering-unit="%" export-for-steady-state="true" fixed-sensor="" fullset-stability="false" gid="2114" group="" idds-hardware-name="EMSParm_114" is-continuous-log="true" is-critical="false" is-enabled="true" logical-id="devEMS" partition="Streaming" quality-ceiling="good" rtd-reference-channel="" signal-id="" subsystem-name="IDDS" subsystem-type="iDDS" topic="ParameterDataSeries">
                    <alarm-limits/>
                </instance>
                <instance name="EMSParm_1336" acquisition-rate="10" alternate-name="" calibration-group="" calibration-sensor="" customer-sensor="" data-type="float" deadband="0" description="" display-format="4.2f" display-range-maximum="100" display-range-minimum="0" domain-id="10" engineering-unit="%" export-for-steady-state="true" fixed-sensor="" fullset-stability="false" gid="3336" group="" idds-hardware-name="EMSParm_1336" is-continuous-log="true" is-critical="false" is-enabled="true" logical-id="devEMS" partition="Streaming" quality-ceiling="good" rtd-reference-channel="" signal-id="" subsystem-name="IDDS" subsystem-type="iDDS" topic="ParameterDataSeries">
                    <alarm-limits/>
                </instance>
                <instance name="EMSParm_1498" acquisition-rate="10" alternate-name="" calibration-group="" calibration-sensor="" customer-sensor="" data-type="float" deadband="0" description="" display-format="4.2f" display-range-maximum="100" display-range-minimum="0" domain-id="10" engineering-unit="%" export-for-steady-state="true" fixed-sensor="" fullset-stability="false" gid="3498" group="" idds-hardware-name="EMSParm_1498" is-continuous-log="true" is-critical="false" is-enabled="true" logical-id="devEMS" partition="Streaming" quality-ceiling="good" rtd-reference-channel="" signal-id="" subsystem-name="IDDS" subsystem-type="iDDS" topic="ParameterDataSeries">
                    <alarm-limits/>
                </instance>
                <instance name="EMSParm_213" acquisition-rate="10" alternate-name="" calibration-group="" calibration-sensor="" customer-sensor="" data-type="float" deadband="0" description="" display-format="4.2f" display-range-maximum="100" display-range-minimum="0" domain-id="10" engineering-unit="%" export-for-steady-state="true" fixed-sensor="" fullset-stability="false" gid="2213" group="" idds-hardware-name="EMSParm_213" is-continuous-log="true" is-critical="false" is-enabled="true" logical-id="devEMS" partition="Streaming" quality-ceiling="good" rtd-reference-channel="" signal-id="" subsystem-name="IDDS" subsystem-type="iDDS" topic="ParameterDataSeries">
                    <alarm-limits/>
                </instance>
                <instance name="EMSParm_499" acquisition-rate="10" alternate-name="" calibration-group="" calibration-sensor="" customer-sensor="" data-type="float" deadband="0" description="" display-format="4.2f" display-range-maximum="100" display-range-minimum="0" domain-id="10" engineering-unit="%" export-for-steady-state="true" fixed-sensor="" fullset-stability="false" gid="2499" group="" idds-hardware-name="EMSParm_499" is-continuous-log="true" is-critical="false" is-enabled="true" logical-id="devEMS" partition="Streaming" quality-ceiling="good" rtd-reference-channel="" signal-id="" subsystem-name="IDDS" subsystem-type="iDDS" topic="ParameterDataSeries">
                    <alarm-limits/>
                </instance>
                <instance name="EMSParm_83" acquisition-rate="10" alternate-name="" calibration-group="" calibration-sensor="" customer-sensor="" data-type="float" deadband="0" description="" display-format="4.2f" display-range-maximum="100" display-range-minimum="0" domain-id="10" engineering-unit="%" export-for-steady-state="true" fixed-sensor="" fullset-stability="false" gid="2083" group="" idds-hardware-name="EMSParm_83" is-continuous-log="true" is-critical="false" is-enabled="true" logical-id="devEMS" partition="Streaming" quality-ceiling="good" rtd-reference-channel="" signal-id="" subsystem-name="IDDS" subsystem-type="iDDS" topic="ParameterDataSeries">
                    <alarm-limits/>
                </instance>
                <instance name="EMSParm_1307" acquisition-rate="10" alternate-name="" calibration-group="" calibration-sensor="" customer-sensor="" data-type="float" deadband="0" description="" display-format="4.2f" display-range-maximum="100" display-range-minimum="0" domain-id="10" engineering-unit="%" export-for-steady-state="true" fixed-sensor="" fullset-stability="false" gid="3307" group="" idds-hardware-name="EMSParm_1307" is-continuous-log="true" is-critical="false" is-enabled="true" logical-id="devEMS" partition="Streaming" quality-ceiling="good" rtd-reference-channel="" signal-id="" subsystem-name="IDDS" subsystem-type="iDDS" topic="ParameterDataSeries">
                    <alarm-limits/>
                </instance>
                <instance name="EMSParm_54" acquisition-rate="10" alternate-name="" calibration-group="" calibration-sensor="" customer-sensor="" data-type="float" deadband="0" description="" display-format="4.2f" display-range-maximum="100" display-range-minimum="0" domain-id="10" engineering-unit="%" export-for-steady-state="true" fixed-sensor="" fullset-stability="false" gid="2054" group="" idds-hardware-name="EMSParm_54" is-continuous-log="true" is-critical="false" is-enabled="true" logical-id="devEMS" partition="Streaming" quality-ceiling="good" rtd-reference-channel="" signal-id="" subsystem-name="IDDS" subsystem-type="iDDS" topic="ParameterDataSeries">
                    <alarm-limits/>
                </instance>
                <instance name="EMSParm_793" acquisition-rate="10" alternate-name="" calibration-group="" calibration-sensor="" customer-sensor="" data-type="float" deadband="0" description="" display-format="4.2f" display-range-maximum="100" display-range-minimum="0" domain-id="10" engineering-unit="%" export-for-steady-state="true" fixed-sensor="" fullset-stability="false" gid="2793" group="" idds-hardware-name="EMSParm_793" is-continuous-log="true" is-critical="false" is-enabled="true" logical-id="devEMS" partition="Streaming" quality-ceiling="good" rtd-reference-channel="" signal-id="" subsystem-name="IDDS" subsystem-type="iDDS" topic="ParameterDataSeries">
                    <alarm-limits/>
                </instance>
                <instance name="EMSParm_122" acquisition-rate="10" alternate-name="" calibration-group="" calibration-sensor="" customer-sensor="" data-type="float" deadband="0" description="" display-format="4.2f" display-range-maximum="100" display-range-minimum="0" domain-id="10" engineering-unit="%" export-for-steady-state="true" fixed-sensor="" fullset-stability="false" gid="2122" group="" idds-hardware-name="EMSParm_122" is-continuous-log="true" is-critical="false" is-enabled="true" logical-id="devEMS" partition="Streaming" quality-ceiling="good" rtd-reference-channel="" signal-id="" subsystem-name="IDDS" subsystem-type="iDDS" topic="ParameterDataSeries">
                    <alarm-limits/>
                </instance>
                <instance name="T000031" acquisition-rate="10" alternate-name="" calibration-group="" calibration-sensor="" customer-sensor="" data-type="float" deadband="0" description="" display-format="4.2f" display-range-maximum="100" display-range-minimum="0" domain-id="2" engineering-unit="degC" export-for-steady-state="true" fixed-sensor="" fullset-stability="false" gid="5031" group="" idds-hardware-name="SCUTRDEMO_Ch31" is-continuous-log="true" is-critical="false" is-enabled="true" logical-id="scutrsim" partition="Streaming" quality-ceiling="good" rtd-reference-channel="" signal-id="" subsystem-name="IDDS" subsystem-type="iDDS" topic="ParameterDataSeries">
                    <alarm-limits/>
                </instance>
                <instance name="EMSParm_1178" acquisition-rate="10" alternate-name="" calibration-group="" calibration-sensor="" customer-sensor="" data-type="float" deadband="0" description="" display-format="4.2f" display-range-maximum="100" display-range-minimum="0" domain-id="10" engineering-unit="%" export-for-steady-state="true" fixed-sensor="" fullset-stability="false" gid="3178" group="" idds-hardware-name="EMSParm_1178" is-continuous-log="true" is-critical="false" is-enabled="true" logical-id="devEMS" partition="Streaming" quality-ceiling="good" rtd-reference-channel="" signal-id="" subsystem-name="IDDS" subsystem-type="iDDS" topic="ParameterDataSeries">
                    <alarm-limits/>
                </instance>
                <instance name="EMSParm_516" acquisition-rate="10" alternate-name="" calibration-group="" calibration-sensor="" customer-sensor="" data-type="float" deadband="0" description="" display-format="4.2f" display-range-maximum="100" display-range-minimum="0" domain-id="10" engineering-unit="%" export-for-steady-state="true" fixed-sensor="" fullset-stability="false" gid="2516" group="" idds-hardware-name="EMSParm_516" is-continuous-log="true" is-critical="false" is-enabled="true" logical-id="devEMS" partition="Streaming" quality-ceiling="good" rtd-reference-channel="" signal-id="" subsystem-name="IDDS" subsystem-type="iDDS" topic="ParameterDataSeries">
                    <alarm-limits/>
                </instance>
                <instance name="EMSParm_487" acquisition-rate="10" alternate-name="" calibration-group="" calibration-sensor="" customer-sensor="" data-type="float" deadband="0" description="" display-format="4.2f" display-range-maximum="100" display-range-minimum="0" domain-id="10" engineering-unit="%" export-for-steady-state="true" fixed-sensor="" fullset-stability="false" gid="2487" group="" idds-hardware-name="EMSParm_487" is-continuous-log="true" is-critical="false" is-enabled="true" logical-id="devEMS" partition="Streaming" quality-ceiling="good" rtd-reference-channel="" signal-id="" subsystem-name="IDDS" subsystem-type="iDDS" topic="ParameterDataSeries">
                    <alarm-limits/>
                </instance>
                <instance name="EMSParm_999" acquisition-rate="10" alternate-name="" calibration-group="" calibration-sensor="" customer-sensor="" data-type="float" deadband="0" description="" display-format="4.2f" display-range-maximum="100" display-range-minimum="0" domain-id="10" engineering-unit="%" export-for-steady-state="true" fixed-sensor="" fullset-stability="false" gid="2999" group="" idds-hardware-name="EMSParm_999" is-continuous-log="true" is-critical="false" is-enabled="true" logical-id="devEMS" partition="Streaming" quality-ceiling="good" rtd-reference-channel="" signal-id="" subsystem-name="IDDS" subsystem-type="iDDS" topic="ParameterDataSeries">
                    <alarm-limits/>
                </instance>
                <instance name="EMSParm_442" acquisition-rate="10" alternate-name="" calibration-group="" calibration-sensor="" customer-sensor="" data-type="float" deadband="0" description="" display-format="4.2f" display-range-maximum="100" display-range-minimum="0" domain-id="10" engineering-unit="%" export-for-steady-state="true" fixed-sensor="" fullset-stability="false" gid="2442" group="" idds-hardware-name="EMSParm_442" is-continuous-log="true" is-critical="false" is-enabled="true" logical-id="devEMS" partition="Streaming" quality-ceiling="good" rtd-reference-channel="" signal-id="" subsystem-name="IDDS" subsystem-type="iDDS" topic="ParameterDataSeries">
                    <alarm-limits/>
                </instance>
                <instance name="EMSParm_876" acquisition-rate="10" alternate-name="" calibration-group="" calibration-sensor="" customer-sensor="" data-type="float" deadband="0" description="" display-format="4.2f" display-range-maximum="100" display-range-minimum="0" domain-id="10" engineering-unit="%" export-for-steady-state="true" fixed-sensor="" fullset-stability="false" gid="2876" group="" idds-hardware-name="EMSParm_876" is-continuous-log="true" is-critical="false" is-enabled="true" logical-id="devEMS" partition="Streaming" quality-ceiling="good" rtd-reference-channel="" signal-id="" subsystem-name="IDDS" subsystem-type="iDDS" topic="ParameterDataSeries">
                    <alarm-limits/>
                </instance>
                <instance name="EMSParm_938" acquisition-rate="10" alternate-name="" calibration-group="" calibration-sensor="" customer-sensor="" data-type="float" deadband="0" description="" display-format="4.2f" display-range-maximum="100" display-range-minimum="0" domain-id="10" engineering-unit="%" export-for-steady-state="true" fixed-sensor="" fullset-stability="false" gid="2938" group="" idds-hardware-name="EMSParm_938" is-continuous-log="true" is-critical="false" is-enabled="true" logical-id="devEMS" partition="Streaming" quality-ceiling="good" rtd-reference-channel="" signal-id="" subsystem-name="IDDS" subsystem-type="iDDS" topic="ParameterDataSeries">
                    <alarm-limits/>
                </instance>
                <instance name="EMSParm_455" acquisition-rate="10" alternate-name="" calibration-group="" calibration-sensor="" customer-sensor="" data-type="float" deadband="0" description="" display-format="4.2f" display-range-maximum="100" display-range-minimum="0" domain-id="10" engineering-unit="%" export-for-steady-state="true" fixed-sensor="" fullset-stability="false" gid="2455" group="" idds-hardware-name="EMSParm_455" is-continuous-log="true" is-critical="false" is-enabled="true" logical-id="devEMS" partition="Streaming" quality-ceiling="good" rtd-reference-channel="" signal-id="" subsystem-name="IDDS" subsystem-type="iDDS" topic="ParameterDataSeries">
                    <alarm-limits/>
                </instance>
                <instance name="EMSParm_1595" acquisition-rate="10" alternate-name="" calibration-group="" calibration-sensor="" customer-sensor="" data-type="float" deadband="0" description="" display-format="4.2f" display-range-maximum="100" display-range-minimum="0" domain-id="10" engineering-unit="%" export-for-steady-state="true" fixed-sensor="" fullset-stability="false" gid="3595" group="" idds-hardware-name="EMSParm_1595" is-continuous-log="true" is-critical="false" is-enabled="true" logical-id="devEMS" partition="Streaming" quality-ceiling="good" rtd-reference-channel="" signal-id="" subsystem-name="IDDS" subsystem-type="iDDS" topic="ParameterDataSeries">
                    <alarm-limits/>
                </instance>
                <instance name="calcAI00002" acquisition-rate="200" alternate-name="" calculated-equation="dnaAI00002" calculated-persistency="volatile" calibration-group="" calibration-sensor="" customer-sensor="" data-type="float" deadband="0" description="" display-format="4.2f" display-range-maximum="100" display-range-minimum="0" domain-id="4" engineering-unit="V" export-for-steady-state="true" fixed-sensor="" fullset-stability="false" gid="6006" group="" idds-hardware-name="calcAI00002" is-continuous-log="true" is-critical="false" is-enabled="true" is-output="false" logical-id="RTE" partition="Streaming" quality-ceiling="good" rtd-reference-channel="" signal-id="" subsystem-name="calculated" subsystem-type="calculated" topic="ParameterDataValue">
                    <alarm-limits/>
                </instance>
                <instance name="EMSParm_348" acquisition-rate="10" alternate-name="" calibration-group="" calibration-sensor="" customer-sensor="" data-type="float" deadband="0" description="" display-format="4.2f" display-range-maximum="100" display-range-minimum="0" domain-id="10" engineering-unit="%" export-for-steady-state="true" fixed-sensor="" fullset-stability="false" gid="2348" group="" idds-hardware-name="EMSParm_348" is-continuous-log="true" is-critical="false" is-enabled="true" logical-id="devEMS" partition="Streaming" quality-ceiling="good" rtd-reference-channel="" signal-id="" subsystem-name="IDDS" subsystem-type="iDDS" topic="ParameterDataSeries">
                    <alarm-limits/>
                </instance>
                <instance name="EMSParm_825" acquisition-rate="10" alternate-name="" calibration-group="" calibration-sensor="" customer-sensor="" data-type="float" deadband="0" description="" display-format="4.2f" display-range-maximum="100" display-range-minimum="0" domain-id="10" engineering-unit="%" export-for-steady-state="true" fixed-sensor="" fullset-stability="false" gid="2825" group="" idds-hardware-name="EMSParm_825" is-continuous-log="true" is-critical="false" is-enabled="true" logical-id="devEMS" partition="Streaming" quality-ceiling="good" rtd-reference-channel="" signal-id="" subsystem-name="IDDS" subsystem-type="iDDS" topic="ParameterDataSeries">
                    <alarm-limits/>
                </instance>
                <instance name="EMSParm_1121" acquisition-rate="10" alternate-name="" calibration-group="" calibration-sensor="" customer-sensor="" data-type="float" deadband="0" description="" display-format="4.2f" display-range-maximum="100" display-range-minimum="0" domain-id="10" engineering-unit="%" export-for-steady-state="true" fixed-sensor="" fullset-stability="false" gid="3121" group="" idds-hardware-name="EMSParm_1121" is-continuous-log="true" is-critical="false" is-enabled="true" logical-id="devEMS" partition="Streaming" quality-ceiling="good" rtd-reference-channel="" signal-id="" subsystem-name="IDDS" subsystem-type="iDDS" topic="ParameterDataSeries">
                    <alarm-limits/>
                </instance>
                <instance name="EMSParm_664" acquisition-rate="10" alternate-name="" calibration-group="" calibration-sensor="" customer-sensor="" data-type="float" deadband="0" description="" display-format="4.2f" display-range-maximum="100" display-range-minimum="0" domain-id="10" engineering-unit="%" export-for-steady-state="true" fixed-sensor="" fullset-stability="false" gid="2664" group="" idds-hardware-name="EMSParm_664" is-continuous-log="true" is-critical="false" is-enabled="true" logical-id="devEMS" partition="Streaming" quality-ceiling="good" rtd-reference-channel="" signal-id="" subsystem-name="IDDS" subsystem-type="iDDS" topic="ParameterDataSeries">
                    <alarm-limits/>
                </instance>
                <instance name="EMSParm_761" acquisition-rate="10" alternate-name="" calibration-group="" calibration-sensor="" customer-sensor="" data-type="float" deadband="0" description="" display-format="4.2f" display-range-maximum="100" display-range-minimum="0" domain-id="10" engineering-unit="%" export-for-steady-state="true" fixed-sensor="" fullset-stability="false" gid="2761" group="" idds-hardware-name="EMSParm_761" is-continuous-log="true" is-critical="false" is-enabled="true" logical-id="devEMS" partition="Streaming" quality-ceiling="good" rtd-reference-channel="" signal-id="" subsystem-name="IDDS" subsystem-type="iDDS" topic="ParameterDataSeries">
                    <alarm-limits/>
                </instance>
                <instance name="EMSParm_1085" acquisition-rate="10" alternate-name="" calibration-group="" calibration-sensor="" customer-sensor="" data-type="float" deadband="0" description="" display-format="4.2f" display-range-maximum="100" display-range-minimum="0" domain-id="10" engineering-unit="%" export-for-steady-state="true" fixed-sensor="" fullset-stability="false" gid="3085" group="" idds-hardware-name="EMSParm_1085" is-continuous-log="true" is-critical="false" is-enabled="true" logical-id="devEMS" partition="Streaming" quality-ceiling="good" rtd-reference-channel="" signal-id="" subsystem-name="IDDS" subsystem-type="iDDS" topic="ParameterDataSeries">
                    <alarm-limits/>
                </instance>
                <instance name="EMSParm_467" acquisition-rate="10" alternate-name="" calibration-group="" calibration-sensor="" customer-sensor="" data-type="float" deadband="0" description="" display-format="4.2f" display-range-maximum="100" display-range-minimum="0" domain-id="10" engineering-unit="%" export-for-steady-state="true" fixed-sensor="" fullset-stability="false" gid="2467" group="" idds-hardware-name="EMSParm_467" is-continuous-log="true" is-critical="false" is-enabled="true" logical-id="devEMS" partition="Streaming" quality-ceiling="good" rtd-reference-channel="" signal-id="" subsystem-name="IDDS" subsystem-type="iDDS" topic="ParameterDataSeries">
                    <alarm-limits/>
                </instance>
                <instance name="EMSParm_1167" acquisition-rate="10" alternate-name="" calibration-group="" calibration-sensor="" customer-sensor="" data-type="float" deadband="0" description="" display-format="4.2f" display-range-maximum="100" display-range-minimum="0" domain-id="10" engineering-unit="%" export-for-steady-state="true" fixed-sensor="" fullset-stability="false" gid="3167" group="" idds-hardware-name="EMSParm_1167" is-continuous-log="true" is-critical="false" is-enabled="true" logical-id="devEMS" partition="Streaming" quality-ceiling="good" rtd-reference-channel="" signal-id="" subsystem-name="IDDS" subsystem-type="iDDS" topic="ParameterDataSeries">
                    <alarm-limits/>
                </instance>
                <instance name="EMSParm_764" acquisition-rate="10" alternate-name="" calibration-group="" calibration-sensor="" customer-sensor="" data-type="float" deadband="0" description="" display-format="4.2f" display-range-maximum="100" display-range-minimum="0" domain-id="10" engineering-unit="%" export-for-steady-state="true" fixed-sensor="" fullset-stability="false" gid="2764" group="" idds-hardware-name="EMSParm_764" is-continuous-log="true" is-critical="false" is-enabled="true" logical-id="devEMS" partition="Streaming" quality-ceiling="good" rtd-reference-channel="" signal-id="" subsystem-name="IDDS" subsystem-type="iDDS" topic="ParameterDataSeries">
                    <alarm-limits/>
                </instance>
                <instance name="EMSParm_1453" acquisition-rate="10" alternate-name="" calibration-group="" calibration-sensor="" customer-sensor="" data-type="float" deadband="0" description="" display-format="4.2f" display-range-maximum="100" display-range-minimum="0" domain-id="10" engineering-unit="%" export-for-steady-state="true" fixed-sensor="" fullset-stability="false" gid="3453" group="" idds-hardware-name="EMSParm_1453" is-continuous-log="true" is-critical="false" is-enabled="true" logical-id="devEMS" partition="Streaming" quality-ceiling="good" rtd-reference-channel="" signal-id="" subsystem-name="IDDS" subsystem-type="iDDS" topic="ParameterDataSeries">
                    <alarm-limits/>
                </instance>
                <instance name="EMSParm_488" acquisition-rate="10" alternate-name="" calibration-group="" calibration-sensor="" customer-sensor="" data-type="float" deadband="0" description="" display-format="4.2f" display-range-maximum="100" display-range-minimum="0" domain-id="10" engineering-unit="%" export-for-steady-state="true" fixed-sensor="" fullset-stability="false" gid="2488" group="" idds-hardware-name="EMSParm_488" is-continuous-log="true" is-critical="false" is-enabled="true" logical-id="devEMS" partition="Streaming" quality-ceiling="good" rtd-reference-channel="" signal-id="" subsystem-name="IDDS" subsystem-type="iDDS" topic="ParameterDataSeries">
                    <alarm-limits/>
                </instance>
                <instance name="EMSParm_1083" acquisition-rate="10" alternate-name="" calibration-group="" calibration-sensor="" customer-sensor="" data-type="float" deadband="0" description="" display-format="4.2f" display-range-maximum="100" display-range-minimum="0" domain-id="10" engineering-unit="%" export-for-steady-state="true" fixed-sensor="" fullset-stability="false" gid="3083" group="" idds-hardware-name="EMSParm_1083" is-continuous-log="true" is-critical="false" is-enabled="true" logical-id="devEMS" partition="Streaming" quality-ceiling="good" rtd-reference-channel="" signal-id="" subsystem-name="IDDS" subsystem-type="iDDS" topic="ParameterDataSeries">
                    <alarm-limits/>
                </instance>
                <instance name="EMSParm_733" acquisition-rate="10" alternate-name="" calibration-group="" calibration-sensor="" customer-sensor="" data-type="float" deadband="0" description="" display-format="4.2f" display-range-maximum="100" display-range-minimum="0" domain-id="10" engineering-unit="%" export-for-steady-state="true" fixed-sensor="" fullset-stability="false" gid="2733" group="" idds-hardware-name="EMSParm_733" is-continuous-log="true" is-critical="false" is-enabled="true" logical-id="devEMS" partition="Streaming" quality-ceiling="good" rtd-reference-channel="" signal-id="" subsystem-name="IDDS" subsystem-type="iDDS" topic="ParameterDataSeries">
                    <alarm-limits/>
                </instance>
                <instance name="EMSParm_250" acquisition-rate="10" alternate-name="" calibration-group="" calibration-sensor="" customer-sensor="" data-type="float" deadband="0" description="" display-format="4.2f" display-range-maximum="100" display-range-minimum="0" domain-id="10" engineering-unit="%" export-for-steady-state="true" fixed-sensor="" fullset-stability="false" gid="2250" group="" idds-hardware-name="EMSParm_250" is-continuous-log="true" is-critical="false" is-enabled="true" logical-id="devEMS" partition="Streaming" quality-ceiling="good" rtd-reference-channel="" signal-id="" subsystem-name="IDDS" subsystem-type="iDDS" topic="ParameterDataSeries">
                    <alarm-limits/>
                </instance>
                <instance name="T000041" acquisition-rate="10" alternate-name="" calibration-group="" calibration-sensor="" customer-sensor="" data-type="float" deadband="0" description="" display-format="4.2f" display-range-maximum="100" display-range-minimum="0" domain-id="2" engineering-unit="degC" export-for-steady-state="true" fixed-sensor="" fullset-stability="false" gid="5041" group="" idds-hardware-name="SCUTRDEMO_Ch41" is-continuous-log="true" is-critical="false" is-enabled="true" logical-id="scutrsim" partition="Streaming" quality-ceiling="good" rtd-reference-channel="" signal-id="" subsystem-name="IDDS" subsystem-type="iDDS" topic="ParameterDataSeries">
                    <alarm-limits/>
                </instance>
                <instance name="calcFn8" acquisition-rate="10" alternate-name="" calculated-equation="0.0" calculated-persistency="volatile" calibration-group="" calibration-sensor="" customer-sensor="" data-type="float" deadband="0" description="" display-format="4.2f" display-range-maximum="100" display-range-minimum="0" domain-id="4" engineering-unit="V" export-for-steady-state="true" fixed-sensor="" fullset-stability="false" gid="6021" group="" idds-hardware-name="calcFn8" is-continuous-log="true" is-critical="false" is-enabled="true" is-output="false" logical-id="RTE" partition="Streaming" quality-ceiling="good" rtd-reference-channel="" signal-id="" subsystem-name="calculated" subsystem-type="calculated" topic="ParameterDataValue">
                    <alarm-limits/>
                </instance>
                <instance name="EMSParm_1447" acquisition-rate="10" alternate-name="" calibration-group="" calibration-sensor="" customer-sensor="" data-type="float" deadband="0" description="" display-format="4.2f" display-range-maximum="100" display-range-minimum="0" domain-id="10" engineering-unit="%" export-for-steady-state="true" fixed-sensor="" fullset-stability="false" gid="3447" group="" idds-hardware-name="EMSParm_1447" is-continuous-log="true" is-critical="false" is-enabled="true" logical-id="devEMS" partition="Streaming" quality-ceiling="good" rtd-reference-channel="" signal-id="" subsystem-name="IDDS" subsystem-type="iDDS" topic="ParameterDataSeries">
                    <alarm-limits/>
                </instance>
                <instance name="EMSParm_717" acquisition-rate="10" alternate-name="" calibration-group="" calibration-sensor="" customer-sensor="" data-type="float" deadband="0" description="" display-format="4.2f" display-range-maximum="100" display-range-minimum="0" domain-id="10" engineering-unit="%" export-for-steady-state="true" fixed-sensor="" fullset-stability="false" gid="2717" group="" idds-hardware-name="EMSParm_717" is-continuous-log="true" is-critical="false" is-enabled="true" logical-id="devEMS" partition="Streaming" quality-ceiling="good" rtd-reference-channel="" signal-id="" subsystem-name="IDDS" subsystem-type="iDDS" topic="ParameterDataSeries">
                    <alarm-limits/>
                </instance>
                <instance name="EMSParm_756" acquisition-rate="10" alternate-name="" calibration-group="" calibration-sensor="" customer-sensor="" data-type="float" deadband="0" description="" display-format="4.2f" display-range-maximum="100" display-range-minimum="0" domain-id="10" engineering-unit="%" export-for-steady-state="true" fixed-sensor="" fullset-stability="false" gid="2756" group="" idds-hardware-name="EMSParm_756" is-continuous-log="true" is-critical="false" is-enabled="true" logical-id="devEMS" partition="Streaming" quality-ceiling="good" rtd-reference-channel="" signal-id="" subsystem-name="IDDS" subsystem-type="iDDS" topic="ParameterDataSeries">
                    <alarm-limits/>
                </instance>
                <instance name="T000004" acquisition-rate="10" alternate-name="" calibration-group="" calibration-sensor="" customer-sensor="" data-type="float" deadband="0" description="" display-format="4.2f" display-range-maximum="100" display-range-minimum="0" domain-id="2" engineering-unit="degC" export-for-steady-state="true" fixed-sensor="" fullset-stability="false" gid="5004" group="" idds-hardware-name="SCUTRDEMO_Ch04" is-continuous-log="true" is-critical="false" is-enabled="true" logical-id="scutrsim" partition="Streaming" quality-ceiling="good" rtd-reference-channel="" signal-id="" subsystem-name="IDDS" subsystem-type="iDDS" topic="ParameterDataSeries">
                    <alarm-limits/>
                </instance>
                <instance name="EMSParm_922" acquisition-rate="10" alternate-name="" calibration-group="" calibration-sensor="" customer-sensor="" data-type="float" deadband="0" description="" display-format="4.2f" display-range-maximum="100" display-range-minimum="0" domain-id="10" engineering-unit="%" export-for-steady-state="true" fixed-sensor="" fullset-stability="false" gid="2922" group="" idds-hardware-name="EMSParm_922" is-continuous-log="true" is-critical="false" is-enabled="true" logical-id="devEMS" partition="Streaming" quality-ceiling="good" rtd-reference-channel="" signal-id="" subsystem-name="IDDS" subsystem-type="iDDS" topic="ParameterDataSeries">
                    <alarm-limits/>
                </instance>
                <instance name="calcAI00008" acquisition-rate="200" alternate-name="" calculated-equation="dnaAI00008" calculated-persistency="volatile" calibration-group="" calibration-sensor="" customer-sensor="" data-type="float" deadband="0" description="" display-format="4.2f" display-range-maximum="100" display-range-minimum="0" domain-id="4" engineering-unit="V" export-for-steady-state="true" fixed-sensor="" fullset-stability="false" gid="6012" group="" idds-hardware-name="calcAI00008" is-continuous-log="true" is-critical="false" is-enabled="true" is-output="false" logical-id="RTE" partition="Streaming" quality-ceiling="good" rtd-reference-channel="" signal-id="" subsystem-name="calculated" subsystem-type="calculated" topic="ParameterDataValue">
                    <alarm-limits/>
                </instance>
                <instance name="EMSParm_561" acquisition-rate="10" alternate-name="" calibration-group="" calibration-sensor="" customer-sensor="" data-type="float" deadband="0" description="" display-format="4.2f" display-range-maximum="100" display-range-minimum="0" domain-id="10" engineering-unit="%" export-for-steady-state="true" fixed-sensor="" fullset-stability="false" gid="2561" group="" idds-hardware-name="EMSParm_561" is-continuous-log="true" is-critical="false" is-enabled="true" logical-id="devEMS" partition="Streaming" quality-ceiling="good" rtd-reference-channel="" signal-id="" subsystem-name="IDDS" subsystem-type="iDDS" topic="ParameterDataSeries">
                    <alarm-limits/>
                </instance>
                <instance name="EMSParm_1209" acquisition-rate="10" alternate-name="" calibration-group="" calibration-sensor="" customer-sensor="" data-type="float" deadband="0" description="" display-format="4.2f" display-range-maximum="100" display-range-minimum="0" domain-id="10" engineering-unit="%" export-for-steady-state="true" fixed-sensor="" fullset-stability="false" gid="3209" group="" idds-hardware-name="EMSParm_1209" is-continuous-log="true" is-critical="false" is-enabled="true" logical-id="devEMS" partition="Streaming" quality-ceiling="good" rtd-reference-channel="" signal-id="" subsystem-name="IDDS" subsystem-type="iDDS" topic="ParameterDataSeries">
                    <alarm-limits/>
                </instance>
                <instance name="EMSParm_1304" acquisition-rate="10" alternate-name="" calibration-group="" calibration-sensor="" customer-sensor="" data-type="float" deadband="0" description="" display-format="4.2f" display-range-maximum="100" display-range-minimum="0" domain-id="10" engineering-unit="%" export-for-steady-state="true" fixed-sensor="" fullset-stability="false" gid="3304" group="" idds-hardware-name="EMSParm_1304" is-continuous-log="true" is-critical="false" is-enabled="true" logical-id="devEMS" partition="Streaming" quality-ceiling="good" rtd-reference-channel="" signal-id="" subsystem-name="IDDS" subsystem-type="iDDS" topic="ParameterDataSeries">
                    <alarm-limits/>
                </instance>
                <instance name="EMSParm_492" acquisition-rate="10" alternate-name="" calibration-group="" calibration-sensor="" customer-sensor="" data-type="float" deadband="0" description="" display-format="4.2f" display-range-maximum="100" display-range-minimum="0" domain-id="10" engineering-unit="%" export-for-steady-state="true" fixed-sensor="" fullset-stability="false" gid="2492" group="" idds-hardware-name="EMSParm_492" is-continuous-log="true" is-critical="false" is-enabled="true" logical-id="devEMS" partition="Streaming" quality-ceiling="good" rtd-reference-channel="" signal-id="" subsystem-name="IDDS" subsystem-type="iDDS" topic="ParameterDataSeries">
                    <alarm-limits/>
                </instance>
                <instance name="EMSParm_309" acquisition-rate="10" alternate-name="" calibration-group="" calibration-sensor="" customer-sensor="" data-type="float" deadband="0" description="" display-format="4.2f" display-range-maximum="100" display-range-minimum="0" domain-id="10" engineering-unit="%" export-for-steady-state="true" fixed-sensor="" fullset-stability="false" gid="2309" group="" idds-hardware-name="EMSParm_309" is-continuous-log="true" is-critical="false" is-enabled="true" logical-id="devEMS" partition="Streaming" quality-ceiling="good" rtd-reference-channel="" signal-id="" subsystem-name="IDDS" subsystem-type="iDDS" topic="ParameterDataSeries">
                    <alarm-limits/>
                </instance>
                <instance name="EMSParm_960" acquisition-rate="10" alternate-name="" calibration-group="" calibration-sensor="" customer-sensor="" data-type="float" deadband="0" description="" display-format="4.2f" display-range-maximum="100" display-range-minimum="0" domain-id="10" engineering-unit="%" export-for-steady-state="true" fixed-sensor="" fullset-stability="false" gid="2960" group="" idds-hardware-name="EMSParm_960" is-continuous-log="true" is-critical="false" is-enabled="true" logical-id="devEMS" partition="Streaming" quality-ceiling="good" rtd-reference-channel="" signal-id="" subsystem-name="IDDS" subsystem-type="iDDS" topic="ParameterDataSeries">
                    <alarm-limits/>
                </instance>
                <instance name="EMSParm_670" acquisition-rate="10" alternate-name="" calibration-group="" calibration-sensor="" customer-sensor="" data-type="float" deadband="0" description="" display-format="4.2f" display-range-maximum="100" display-range-minimum="0" domain-id="10" engineering-unit="%" export-for-steady-state="true" fixed-sensor="" fullset-stability="false" gid="2670" group="" idds-hardware-name="EMSParm_670" is-continuous-log="true" is-critical="false" is-enabled="true" logical-id="devEMS" partition="Streaming" quality-ceiling="good" rtd-reference-channel="" signal-id="" subsystem-name="IDDS" subsystem-type="iDDS" topic="ParameterDataSeries">
                    <alarm-limits/>
                </instance>
                <instance name="EMSParm_1046" acquisition-rate="10" alternate-name="" calibration-group="" calibration-sensor="" customer-sensor="" data-type="float" deadband="0" description="" display-format="4.2f" display-range-maximum="100" display-range-minimum="0" domain-id="10" engineering-unit="%" export-for-steady-state="true" fixed-sensor="" fullset-stability="false" gid="3046" group="" idds-hardware-name="EMSParm_1046" is-continuous-log="true" is-critical="false" is-enabled="true" logical-id="devEMS" partition="Streaming" quality-ceiling="good" rtd-reference-channel="" signal-id="" subsystem-name="IDDS" subsystem-type="iDDS" topic="ParameterDataSeries">
                    <alarm-limits/>
                </instance>
                <instance name="EMSParm_529" acquisition-rate="10" alternate-name="" calibration-group="" calibration-sensor="" customer-sensor="" data-type="float" deadband="0" description="" display-format="4.2f" display-range-maximum="100" display-range-minimum="0" domain-id="10" engineering-unit="%" export-for-steady-state="true" fixed-sensor="" fullset-stability="false" gid="2529" group="" idds-hardware-name="EMSParm_529" is-continuous-log="true" is-critical="false" is-enabled="true" logical-id="devEMS" partition="Streaming" quality-ceiling="good" rtd-reference-channel="" signal-id="" subsystem-name="IDDS" subsystem-type="iDDS" topic="ParameterDataSeries">
                    <alarm-limits/>
                </instance>
                <instance name="EMSParm_1215" acquisition-rate="10" alternate-name="" calibration-group="" calibration-sensor="" customer-sensor="" data-type="float" deadband="0" description="" display-format="4.2f" display-range-maximum="100" display-range-minimum="0" domain-id="10" engineering-unit="%" export-for-steady-state="true" fixed-sensor="" fullset-stability="false" gid="3215" group="" idds-hardware-name="EMSParm_1215" is-continuous-log="true" is-critical="false" is-enabled="true" logical-id="devEMS" partition="Streaming" quality-ceiling="good" rtd-reference-channel="" signal-id="" subsystem-name="IDDS" subsystem-type="iDDS" topic="ParameterDataSeries">
                    <alarm-limits/>
                </instance>
                <instance name="calcTrigger" acquisition-rate="66" alternate-name="" calculated-equation="!calcTrigger" calculated-persistency="volatile" calibration-group="" calibration-sensor="" customer-sensor="" data-type="float" deadband="0" description="" display-format="4.2f" display-range-maximum="100" display-range-minimum="0" domain-id="4 5" engineering-unit="-" export-for-steady-state="true" fixed-sensor="" fullset-stability="false" gid="6003" group="" idds-hardware-name="calcTrigger" is-continuous-log="true" is-critical="false" is-enabled="true" is-output="false" logical-id="RTE" partition="Streaming" quality-ceiling="good" rtd-reference-channel="" signal-id="" subsystem-name="calculated" subsystem-type="calculated" topic="ParameterDataValue">
                    <alarm-limits/>
                </instance>
                <instance name="EMSParm_1170" acquisition-rate="10" alternate-name="" calibration-group="" calibration-sensor="" customer-sensor="" data-type="float" deadband="0" description="" display-format="4.2f" display-range-maximum="100" display-range-minimum="0" domain-id="10" engineering-unit="%" export-for-steady-state="true" fixed-sensor="" fullset-stability="false" gid="3170" group="" idds-hardware-name="EMSParm_1170" is-continuous-log="true" is-critical="false" is-enabled="true" logical-id="devEMS" partition="Streaming" quality-ceiling="good" rtd-reference-channel="" signal-id="" subsystem-name="IDDS" subsystem-type="iDDS" topic="ParameterDataSeries">
                    <alarm-limits/>
                </instance>
                <instance name="EMSParm_1374" acquisition-rate="10" alternate-name="" calibration-group="" calibration-sensor="" customer-sensor="" data-type="float" deadband="0" description="" display-format="4.2f" display-range-maximum="100" display-range-minimum="0" domain-id="10" engineering-unit="%" export-for-steady-state="true" fixed-sensor="" fullset-stability="false" gid="3374" group="" idds-hardware-name="EMSParm_1374" is-continuous-log="true" is-critical="false" is-enabled="true" logical-id="devEMS" partition="Streaming" quality-ceiling="good" rtd-reference-channel="" signal-id="" subsystem-name="IDDS" subsystem-type="iDDS" topic="ParameterDataSeries">
                    <alarm-limits/>
                </instance>
                <instance name="EMSParm_1476" acquisition-rate="10" alternate-name="" calibration-group="" calibration-sensor="" customer-sensor="" data-type="float" deadband="0" description="" display-format="4.2f" display-range-maximum="100" display-range-minimum="0" domain-id="10" engineering-unit="%" export-for-steady-state="true" fixed-sensor="" fullset-stability="false" gid="3476" group="" idds-hardware-name="EMSParm_1476" is-continuous-log="true" is-critical="false" is-enabled="true" logical-id="devEMS" partition="Streaming" quality-ceiling="good" rtd-reference-channel="" signal-id="" subsystem-name="IDDS" subsystem-type="iDDS" topic="ParameterDataSeries">
                    <alarm-limits/>
                </instance>
                <instance name="EMSParm_1065" acquisition-rate="10" alternate-name="" calibration-group="" calibration-sensor="" customer-sensor="" data-type="float" deadband="0" description="" display-format="4.2f" display-range-maximum="100" display-range-minimum="0" domain-id="10" engineering-unit="%" export-for-steady-state="true" fixed-sensor="" fullset-stability="false" gid="3065" group="" idds-hardware-name="EMSParm_1065" is-continuous-log="true" is-critical="false" is-enabled="true" logical-id="devEMS" partition="Streaming" quality-ceiling="good" rtd-reference-channel="" signal-id="" subsystem-name="IDDS" subsystem-type="iDDS" topic="ParameterDataSeries">
                    <alarm-limits/>
                </instance>
                <instance name="EMSParm_1245" acquisition-rate="10" alternate-name="" calibration-group="" calibration-sensor="" customer-sensor="" data-type="float" deadband="0" description="" display-format="4.2f" display-range-maximum="100" display-range-minimum="0" domain-id="10" engineering-unit="%" export-for-steady-state="true" fixed-sensor="" fullset-stability="false" gid="3245" group="" idds-hardware-name="EMSParm_1245" is-continuous-log="true" is-critical="false" is-enabled="true" logical-id="devEMS" partition="Streaming" quality-ceiling="good" rtd-reference-channel="" signal-id="" subsystem-name="IDDS" subsystem-type="iDDS" topic="ParameterDataSeries">
                    <alarm-limits/>
                </instance>
                <instance name="EMSParm_1415" acquisition-rate="10" alternate-name="" calibration-group="" calibration-sensor="" customer-sensor="" data-type="float" deadband="0" description="" display-format="4.2f" display-range-maximum="100" display-range-minimum="0" domain-id="10" engineering-unit="%" export-for-steady-state="true" fixed-sensor="" fullset-stability="false" gid="3415" group="" idds-hardware-name="EMSParm_1415" is-continuous-log="true" is-critical="false" is-enabled="true" logical-id="devEMS" partition="Streaming" quality-ceiling="good" rtd-reference-channel="" signal-id="" subsystem-name="IDDS" subsystem-type="iDDS" topic="ParameterDataSeries">
                    <alarm-limits/>
                </instance>
                <instance name="EMSParm_107" acquisition-rate="10" alternate-name="" calibration-group="" calibration-sensor="" customer-sensor="" data-type="float" deadband="0" description="" display-format="4.2f" display-range-maximum="100" display-range-minimum="0" domain-id="10" engineering-unit="%" export-for-steady-state="true" fixed-sensor="" fullset-stability="false" gid="2107" group="" idds-hardware-name="EMSParm_107" is-continuous-log="true" is-critical="false" is-enabled="true" logical-id="devEMS" partition="Streaming" quality-ceiling="good" rtd-reference-channel="" signal-id="" subsystem-name="IDDS" subsystem-type="iDDS" topic="ParameterDataSeries">
                    <alarm-limits/>
                </instance>
                <instance name="EMSParm_1042" acquisition-rate="10" alternate-name="" calibration-group="" calibration-sensor="" customer-sensor="" data-type="float" deadband="0" description="" display-format="4.2f" display-range-maximum="100" display-range-minimum="0" domain-id="10" engineering-unit="%" export-for-steady-state="true" fixed-sensor="" fullset-stability="false" gid="3042" group="" idds-hardware-name="EMSParm_1042" is-continuous-log="true" is-critical="false" is-enabled="true" logical-id="devEMS" partition="Streaming" quality-ceiling="good" rtd-reference-channel="" signal-id="" subsystem-name="IDDS" subsystem-type="iDDS" topic="ParameterDataSeries">
                    <alarm-limits/>
                </instance>
                <instance name="EMSParm_318" acquisition-rate="10" alternate-name="" calibration-group="" calibration-sensor="" customer-sensor="" data-type="float" deadband="0" description="" display-format="4.2f" display-range-maximum="100" display-range-minimum="0" domain-id="10" engineering-unit="%" export-for-steady-state="true" fixed-sensor="" fullset-stability="false" gid="2318" group="" idds-hardware-name="EMSParm_318" is-continuous-log="true" is-critical="false" is-enabled="true" logical-id="devEMS" partition="Streaming" quality-ceiling="good" rtd-reference-channel="" signal-id="" subsystem-name="IDDS" subsystem-type="iDDS" topic="ParameterDataSeries">
                    <alarm-limits/>
                </instance>
                <instance name="EMSParm_1055" acquisition-rate="10" alternate-name="" calibration-group="" calibration-sensor="" customer-sensor="" data-type="float" deadband="0" description="" display-format="4.2f" display-range-maximum="100" display-range-minimum="0" domain-id="10" engineering-unit="%" export-for-steady-state="true" fixed-sensor="" fullset-stability="false" gid="3055" group="" idds-hardware-name="EMSParm_1055" is-continuous-log="true" is-critical="false" is-enabled="true" logical-id="devEMS" partition="Streaming" quality-ceiling="good" rtd-reference-channel="" signal-id="" subsystem-name="IDDS" subsystem-type="iDDS" topic="ParameterDataSeries">
                    <alarm-limits/>
                </instance>
                <instance name="EMSParm_850" acquisition-rate="10" alternate-name="" calibration-group="" calibration-sensor="" customer-sensor="" data-type="float" deadband="0" description="" display-format="4.2f" display-range-maximum="100" display-range-minimum="0" domain-id="10" engineering-unit="%" export-for-steady-state="true" fixed-sensor="" fullset-stability="false" gid="2850" group="" idds-hardware-name="EMSParm_850" is-continuous-log="true" is-critical="false" is-enabled="true" logical-id="devEMS" partition="Streaming" quality-ceiling="good" rtd-reference-channel="" signal-id="" subsystem-name="IDDS" subsystem-type="iDDS" topic="ParameterDataSeries">
                    <alarm-limits/>
                </instance>
                <instance name="EMSParm_432" acquisition-rate="10" alternate-name="" calibration-group="" calibration-sensor="" customer-sensor="" data-type="float" deadband="0" description="" display-format="4.2f" display-range-maximum="100" display-range-minimum="0" domain-id="10" engineering-unit="%" export-for-steady-state="true" fixed-sensor="" fullset-stability="false" gid="2432" group="" idds-hardware-name="EMSParm_432" is-continuous-log="true" is-critical="false" is-enabled="true" logical-id="devEMS" partition="Streaming" quality-ceiling="good" rtd-reference-channel="" signal-id="" subsystem-name="IDDS" subsystem-type="iDDS" topic="ParameterDataSeries">
                    <alarm-limits/>
                </instance>
                <instance name="EMSParm_59" acquisition-rate="10" alternate-name="" calibration-group="" calibration-sensor="" customer-sensor="" data-type="float" deadband="0" description="" display-format="4.2f" display-range-maximum="100" display-range-minimum="0" domain-id="10" engineering-unit="%" export-for-steady-state="true" fixed-sensor="" fullset-stability="false" gid="2059" group="" idds-hardware-name="EMSParm_59" is-continuous-log="true" is-critical="false" is-enabled="true" logical-id="devEMS" partition="Streaming" quality-ceiling="good" rtd-reference-channel="" signal-id="" subsystem-name="IDDS" subsystem-type="iDDS" topic="ParameterDataSeries">
                    <alarm-limits/>
                </instance>
                <instance name="EMSParm_450" acquisition-rate="10" alternate-name="" calibration-group="" calibration-sensor="" customer-sensor="" data-type="float" deadband="0" description="" display-format="4.2f" display-range-maximum="100" display-range-minimum="0" domain-id="10" engineering-unit="%" export-for-steady-state="true" fixed-sensor="" fullset-stability="false" gid="2450" group="" idds-hardware-name="EMSParm_450" is-continuous-log="true" is-critical="false" is-enabled="true" logical-id="devEMS" partition="Streaming" quality-ceiling="good" rtd-reference-channel="" signal-id="" subsystem-name="IDDS" subsystem-type="iDDS" topic="ParameterDataSeries">
                    <alarm-limits/>
                </instance>
                <instance name="EMSParm_946" acquisition-rate="10" alternate-name="" calibration-group="" calibration-sensor="" customer-sensor="" data-type="float" deadband="0" description="" display-format="4.2f" display-range-maximum="100" display-range-minimum="0" domain-id="10" engineering-unit="%" export-for-steady-state="true" fixed-sensor="" fullset-stability="false" gid="2946" group="" idds-hardware-name="EMSParm_946" is-continuous-log="true" is-critical="false" is-enabled="true" logical-id="devEMS" partition="Streaming" quality-ceiling="good" rtd-reference-channel="" signal-id="" subsystem-name="IDDS" subsystem-type="iDDS" topic="ParameterDataSeries">
                    <alarm-limits/>
                </instance>
                <instance name="EMSParm_191" acquisition-rate="10" alternate-name="" calibration-group="" calibration-sensor="" customer-sensor="" data-type="float" deadband="0" description="" display-format="4.2f" display-range-maximum="100" display-range-minimum="0" domain-id="10" engineering-unit="%" export-for-steady-state="true" fixed-sensor="" fullset-stability="false" gid="2191" group="" idds-hardware-name="EMSParm_191" is-continuous-log="true" is-critical="false" is-enabled="true" logical-id="devEMS" partition="Streaming" quality-ceiling="good" rtd-reference-channel="" signal-id="" subsystem-name="IDDS" subsystem-type="iDDS" topic="ParameterDataSeries">
                    <alarm-limits/>
                </instance>
                <instance name="EMSParm_237" acquisition-rate="10" alternate-name="" calibration-group="" calibration-sensor="" customer-sensor="" data-type="float" deadband="0" description="" display-format="4.2f" display-range-maximum="100" display-range-minimum="0" domain-id="10" engineering-unit="%" export-for-steady-state="true" fixed-sensor="" fullset-stability="false" gid="2237" group="" idds-hardware-name="EMSParm_237" is-continuous-log="true" is-critical="false" is-enabled="true" logical-id="devEMS" partition="Streaming" quality-ceiling="good" rtd-reference-channel="" signal-id="" subsystem-name="IDDS" subsystem-type="iDDS" topic="ParameterDataSeries">
                    <alarm-limits/>
                </instance>
                <instance name="EMSParm_966" acquisition-rate="10" alternate-name="" calibration-group="" calibration-sensor="" customer-sensor="" data-type="float" deadband="0" description="" display-format="4.2f" display-range-maximum="100" display-range-minimum="0" domain-id="10" engineering-unit="%" export-for-steady-state="true" fixed-sensor="" fullset-stability="false" gid="2966" group="" idds-hardware-name="EMSParm_966" is-continuous-log="true" is-critical="false" is-enabled="true" logical-id="devEMS" partition="Streaming" quality-ceiling="good" rtd-reference-channel="" signal-id="" subsystem-name="IDDS" subsystem-type="iDDS" topic="ParameterDataSeries">
                    <alarm-limits/>
                </instance>
                <instance name="calcAI00004" acquisition-rate="200" alternate-name="" calculated-equation="dnaAI00004" calculated-persistency="volatile" calibration-group="" calibration-sensor="" customer-sensor="" data-type="float" deadband="0" description="" display-format="4.2f" display-range-maximum="100" display-range-minimum="0" domain-id="4" engineering-unit="V" export-for-steady-state="true" fixed-sensor="" fullset-stability="false" gid="6008" group="" idds-hardware-name="calcAI00004" is-continuous-log="true" is-critical="false" is-enabled="true" is-output="false" logical-id="RTE" partition="Streaming" quality-ceiling="good" rtd-reference-channel="" signal-id="" subsystem-name="calculated" subsystem-type="calculated" topic="ParameterDataValue">
                    <alarm-limits/>
                </instance>
                <instance name="EMSParm_1422" acquisition-rate="10" alternate-name="" calibration-group="" calibration-sensor="" customer-sensor="" data-type="float" deadband="0" description="" display-format="4.2f" display-range-maximum="100" display-range-minimum="0" domain-id="10" engineering-unit="%" export-for-steady-state="true" fixed-sensor="" fullset-stability="false" gid="3422" group="" idds-hardware-name="EMSParm_1422" is-continuous-log="true" is-critical="false" is-enabled="true" logical-id="devEMS" partition="Streaming" quality-ceiling="good" rtd-reference-channel="" signal-id="" subsystem-name="IDDS" subsystem-type="iDDS" topic="ParameterDataSeries">
                    <alarm-limits/>
                </instance>
                <instance name="EMSParm_1288" acquisition-rate="10" alternate-name="" calibration-group="" calibration-sensor="" customer-sensor="" data-type="float" deadband="0" description="" display-format="4.2f" display-range-maximum="100" display-range-minimum="0" domain-id="10" engineering-unit="%" export-for-steady-state="true" fixed-sensor="" fullset-stability="false" gid="3288" group="" idds-hardware-name="EMSParm_1288" is-continuous-log="true" is-critical="false" is-enabled="true" logical-id="devEMS" partition="Streaming" quality-ceiling="good" rtd-reference-channel="" signal-id="" subsystem-name="IDDS" subsystem-type="iDDS" topic="ParameterDataSeries">
                    <alarm-limits/>
                </instance>
                <instance name="YB1_Ch18" acquisition-rate="1" alternate-name="" calibration-group="" calibration-sensor="" customer-sensor="" data-type="float" deadband="0" description="" display-format="4.2f" display-range-maximum="100" display-range-minimum="0" domain-id="3" engineering-unit="-" export-for-steady-state="true" fixed-sensor="" fullset-stability="false" gid="9018" group="" idds-hardware-name="CH18" is-continuous-log="true" is-critical="false" is-enabled="true" logical-id="rx3036-1" partition="Streaming" quality-ceiling="good" rtd-reference-channel="" signal-id="" subsystem-name="IDDS" subsystem-type="iDDS" topic="ParameterDataSeries">
                    <alarm-limits/>
                </instance>
                <instance name="EMSParm_181" acquisition-rate="10" alternate-name="" calibration-group="" calibration-sensor="" customer-sensor="" data-type="float" deadband="0" description="" display-format="4.2f" display-range-maximum="100" display-range-minimum="0" domain-id="10" engineering-unit="%" export-for-steady-state="true" fixed-sensor="" fullset-stability="false" gid="2181" group="" idds-hardware-name="EMSParm_181" is-continuous-log="true" is-critical="false" is-enabled="true" logical-id="devEMS" partition="Streaming" quality-ceiling="good" rtd-reference-channel="" signal-id="" subsystem-name="IDDS" subsystem-type="iDDS" topic="ParameterDataSeries">
                    <alarm-limits/>
                </instance>
                <instance name="EMSParm_1564" acquisition-rate="10" alternate-name="" calibration-group="" calibration-sensor="" customer-sensor="" data-type="float" deadband="0" description="" display-format="4.2f" display-range-maximum="100" display-range-minimum="0" domain-id="10" engineering-unit="%" export-for-steady-state="true" fixed-sensor="" fullset-stability="false" gid="3564" group="" idds-hardware-name="EMSParm_1564" is-continuous-log="true" is-critical="false" is-enabled="true" logical-id="devEMS" partition="Streaming" quality-ceiling="good" rtd-reference-channel="" signal-id="" subsystem-name="IDDS" subsystem-type="iDDS" topic="ParameterDataSeries">
                    <alarm-limits/>
                </instance>
                <instance name="dnaAO00006" acquisition-rate="200" alternate-name="" calibration-group="" calibration-sensor="" customer-sensor="" data-type="float" deadband="0" description="Input channel 2" display-format="4.2f" display-range-maximum="100" display-range-minimum="0" domain-id="3" engineering-unit="V" export-for-steady-state="true" fixed-sensor="" fullset-stability="false" gid="294" group="" idds-hardware-name="dev02/ch00006" is-continuous-log="true" is-critical="false" is-enabled="true" logical-id="devCube999" partition="Streaming" quality-ceiling="good" rtd-reference-channel="" signal-id="" subsystem-name="IDDS" subsystem-type="iDDS" topic="ParameterDataValue">
                    <alarm-limits/>
                </instance>
                <instance name="EMSParm_562" acquisition-rate="10" alternate-name="" calibration-group="" calibration-sensor="" customer-sensor="" data-type="float" deadband="0" description="" display-format="4.2f" display-range-maximum="100" display-range-minimum="0" domain-id="10" engineering-unit="%" export-for-steady-state="true" fixed-sensor="" fullset-stability="false" gid="2562" group="" idds-hardware-name="EMSParm_562" is-continuous-log="true" is-critical="false" is-enabled="true" logical-id="devEMS" partition="Streaming" quality-ceiling="good" rtd-reference-channel="" signal-id="" subsystem-name="IDDS" subsystem-type="iDDS" topic="ParameterDataSeries">
                    <alarm-limits/>
                </instance>
                <instance name="EMSParm_100" acquisition-rate="10" alternate-name="" calibration-group="" calibration-sensor="" customer-sensor="" data-type="float" deadband="0" description="" display-format="4.2f" display-range-maximum="100" display-range-minimum="0" domain-id="10" engineering-unit="%" export-for-steady-state="true" fixed-sensor="" fullset-stability="false" gid="2100" group="" idds-hardware-name="EMSParm_100" is-continuous-log="true" is-critical="false" is-enabled="true" logical-id="devEMS" partition="Streaming" quality-ceiling="good" rtd-reference-channel="" signal-id="" subsystem-name="IDDS" subsystem-type="iDDS" topic="ParameterDataSeries">
                    <alarm-limits/>
                </instance>
                <instance name="EMSParm_1316" acquisition-rate="10" alternate-name="" calibration-group="" calibration-sensor="" customer-sensor="" data-type="float" deadband="0" description="" display-format="4.2f" display-range-maximum="100" display-range-minimum="0" domain-id="10" engineering-unit="%" export-for-steady-state="true" fixed-sensor="" fullset-stability="false" gid="3316" group="" idds-hardware-name="EMSParm_1316" is-continuous-log="true" is-critical="false" is-enabled="true" logical-id="devEMS" partition="Streaming" quality-ceiling="good" rtd-reference-channel="" signal-id="" subsystem-name="IDDS" subsystem-type="iDDS" topic="ParameterDataSeries">
                    <alarm-limits/>
                </instance>
                <instance name="EMSParm_84" acquisition-rate="10" alternate-name="" calibration-group="" calibration-sensor="" customer-sensor="" data-type="float" deadband="0" description="" display-format="4.2f" display-range-maximum="100" display-range-minimum="0" domain-id="10" engineering-unit="%" export-for-steady-state="true" fixed-sensor="" fullset-stability="false" gid="2084" group="" idds-hardware-name="EMSParm_84" is-continuous-log="true" is-critical="false" is-enabled="true" logical-id="devEMS" partition="Streaming" quality-ceiling="good" rtd-reference-channel="" signal-id="" subsystem-name="IDDS" subsystem-type="iDDS" topic="ParameterDataSeries">
                    <alarm-limits/>
                </instance>
                <instance name="EMSParm_600" acquisition-rate="10" alternate-name="" calibration-group="" calibration-sensor="" customer-sensor="" data-type="float" deadband="0" description="" display-format="4.2f" display-range-maximum="100" display-range-minimum="0" domain-id="10" engineering-unit="%" export-for-steady-state="true" fixed-sensor="" fullset-stability="false" gid="2600" group="" idds-hardware-name="EMSParm_600" is-continuous-log="true" is-critical="false" is-enabled="true" logical-id="devEMS" partition="Streaming" quality-ceiling="good" rtd-reference-channel="" signal-id="" subsystem-name="IDDS" subsystem-type="iDDS" topic="ParameterDataSeries">
                    <alarm-limits/>
                </instance>
                <instance name="EMSParm_382" acquisition-rate="10" alternate-name="" calibration-group="" calibration-sensor="" customer-sensor="" data-type="float" deadband="0" description="" display-format="4.2f" display-range-maximum="100" display-range-minimum="0" domain-id="10" engineering-unit="%" export-for-steady-state="true" fixed-sensor="" fullset-stability="false" gid="2382" group="" idds-hardware-name="EMSParm_382" is-continuous-log="true" is-critical="false" is-enabled="true" logical-id="devEMS" partition="Streaming" quality-ceiling="good" rtd-reference-channel="" signal-id="" subsystem-name="IDDS" subsystem-type="iDDS" topic="ParameterDataSeries">
                    <alarm-limits/>
                </instance>
                <instance name="EMSParm_1132" acquisition-rate="10" alternate-name="" calibration-group="" calibration-sensor="" customer-sensor="" data-type="float" deadband="0" description="" display-format="4.2f" display-range-maximum="100" display-range-minimum="0" domain-id="10" engineering-unit="%" export-for-steady-state="true" fixed-sensor="" fullset-stability="false" gid="3132" group="" idds-hardware-name="EMSParm_1132" is-continuous-log="true" is-critical="false" is-enabled="true" logical-id="devEMS" partition="Streaming" quality-ceiling="good" rtd-reference-channel="" signal-id="" subsystem-name="IDDS" subsystem-type="iDDS" topic="ParameterDataSeries">
                    <alarm-limits/>
                </instance>
                <instance name="EMSParm_868" acquisition-rate="10" alternate-name="" calibration-group="" calibration-sensor="" customer-sensor="" data-type="float" deadband="0" description="" display-format="4.2f" display-range-maximum="100" display-range-minimum="0" domain-id="10" engineering-unit="%" export-for-steady-state="true" fixed-sensor="" fullset-stability="false" gid="2868" group="" idds-hardware-name="EMSParm_868" is-continuous-log="true" is-critical="false" is-enabled="true" logical-id="devEMS" partition="Streaming" quality-ceiling="good" rtd-reference-channel="" signal-id="" subsystem-name="IDDS" subsystem-type="iDDS" topic="ParameterDataSeries">
                    <alarm-limits/>
                </instance>
                <instance name="EMSParm_1445" acquisition-rate="10" alternate-name="" calibration-group="" calibration-sensor="" customer-sensor="" data-type="float" deadband="0" description="" display-format="4.2f" display-range-maximum="100" display-range-minimum="0" domain-id="10" engineering-unit="%" export-for-steady-state="true" fixed-sensor="" fullset-stability="false" gid="3445" group="" idds-hardware-name="EMSParm_1445" is-continuous-log="true" is-critical="false" is-enabled="true" logical-id="devEMS" partition="Streaming" quality-ceiling="good" rtd-reference-channel="" signal-id="" subsystem-name="IDDS" subsystem-type="iDDS" topic="ParameterDataSeries">
                    <alarm-limits/>
                </instance>
                <instance name="EMSParm_532" acquisition-rate="10" alternate-name="" calibration-group="" calibration-sensor="" customer-sensor="" data-type="float" deadband="0" description="" display-format="4.2f" display-range-maximum="100" display-range-minimum="0" domain-id="10" engineering-unit="%" export-for-steady-state="true" fixed-sensor="" fullset-stability="false" gid="2532" group="" idds-hardware-name="EMSParm_532" is-continuous-log="true" is-critical="false" is-enabled="true" logical-id="devEMS" partition="Streaming" quality-ceiling="good" rtd-reference-channel="" signal-id="" subsystem-name="IDDS" subsystem-type="iDDS" topic="ParameterDataSeries">
                    <alarm-limits/>
                </instance>
                <instance name="EMSParm_1080" acquisition-rate="10" alternate-name="" calibration-group="" calibration-sensor="" customer-sensor="" data-type="float" deadband="0" description="" display-format="4.2f" display-range-maximum="100" display-range-minimum="0" domain-id="10" engineering-unit="%" export-for-steady-state="true" fixed-sensor="" fullset-stability="false" gid="3080" group="" idds-hardware-name="EMSParm_1080" is-continuous-log="true" is-critical="false" is-enabled="true" logical-id="devEMS" partition="Streaming" quality-ceiling="good" rtd-reference-channel="" signal-id="" subsystem-name="IDDS" subsystem-type="iDDS" topic="ParameterDataSeries">
                    <alarm-limits/>
                </instance>
                <instance name="EMSParm_478" acquisition-rate="10" alternate-name="" calibration-group="" calibration-sensor="" customer-sensor="" data-type="float" deadband="0" description="" display-format="4.2f" display-range-maximum="100" display-range-minimum="0" domain-id="10" engineering-unit="%" export-for-steady-state="true" fixed-sensor="" fullset-stability="false" gid="2478" group="" idds-hardware-name="EMSParm_478" is-continuous-log="true" is-critical="false" is-enabled="true" logical-id="devEMS" partition="Streaming" quality-ceiling="good" rtd-reference-channel="" signal-id="" subsystem-name="IDDS" subsystem-type="iDDS" topic="ParameterDataSeries">
                    <alarm-limits/>
                </instance>
                <instance name="EMSParm_360" acquisition-rate="10" alternate-name="" calibration-group="" calibration-sensor="" customer-sensor="" data-type="float" deadband="0" description="" display-format="4.2f" display-range-maximum="100" display-range-minimum="0" domain-id="10" engineering-unit="%" export-for-steady-state="true" fixed-sensor="" fullset-stability="false" gid="2360" group="" idds-hardware-name="EMSParm_360" is-continuous-log="true" is-critical="false" is-enabled="true" logical-id="devEMS" partition="Streaming" quality-ceiling="good" rtd-reference-channel="" signal-id="" subsystem-name="IDDS" subsystem-type="iDDS" topic="ParameterDataSeries">
                    <alarm-limits/>
                </instance>
                <instance name="EMSParm_445" acquisition-rate="10" alternate-name="" calibration-group="" calibration-sensor="" customer-sensor="" data-type="float" deadband="0" description="" display-format="4.2f" display-range-maximum="100" display-range-minimum="0" domain-id="10" engineering-unit="%" export-for-steady-state="true" fixed-sensor="" fullset-stability="false" gid="2445" group="" idds-hardware-name="EMSParm_445" is-continuous-log="true" is-critical="false" is-enabled="true" logical-id="devEMS" partition="Streaming" quality-ceiling="good" rtd-reference-channel="" signal-id="" subsystem-name="IDDS" subsystem-type="iDDS" topic="ParameterDataSeries">
                    <alarm-limits/>
                </instance>
                <instance name="EMSParm_352" acquisition-rate="10" alternate-name="" calibration-group="" calibration-sensor="" customer-sensor="" data-type="float" deadband="0" description="" display-format="4.2f" display-range-maximum="100" display-range-minimum="0" domain-id="10" engineering-unit="%" export-for-steady-state="true" fixed-sensor="" fullset-stability="false" gid="2352" group="" idds-hardware-name="EMSParm_352" is-continuous-log="true" is-critical="false" is-enabled="true" logical-id="devEMS" partition="Streaming" quality-ceiling="good" rtd-reference-channel="" signal-id="" subsystem-name="IDDS" subsystem-type="iDDS" topic="ParameterDataSeries">
                    <alarm-limits/>
                </instance>
                <instance name="EMSParm_611" acquisition-rate="10" alternate-name="" calibration-group="" calibration-sensor="" customer-sensor="" data-type="float" deadband="0" description="" display-format="4.2f" display-range-maximum="100" display-range-minimum="0" domain-id="10" engineering-unit="%" export-for-steady-state="true" fixed-sensor="" fullset-stability="false" gid="2611" group="" idds-hardware-name="EMSParm_611" is-continuous-log="true" is-critical="false" is-enabled="true" logical-id="devEMS" partition="Streaming" quality-ceiling="good" rtd-reference-channel="" signal-id="" subsystem-name="IDDS" subsystem-type="iDDS" topic="ParameterDataSeries">
                    <alarm-limits/>
                </instance>
                <instance name="EMSParm_330" acquisition-rate="10" alternate-name="" calibration-group="" calibration-sensor="" customer-sensor="" data-type="float" deadband="0" description="" display-format="4.2f" display-range-maximum="100" display-range-minimum="0" domain-id="10" engineering-unit="%" export-for-steady-state="true" fixed-sensor="" fullset-stability="false" gid="2330" group="" idds-hardware-name="EMSParm_330" is-continuous-log="true" is-critical="false" is-enabled="true" logical-id="devEMS" partition="Streaming" quality-ceiling="good" rtd-reference-channel="" signal-id="" subsystem-name="IDDS" subsystem-type="iDDS" topic="ParameterDataSeries">
                    <alarm-limits/>
                </instance>
                <instance name="EMSParm_1343" acquisition-rate="10" alternate-name="" calibration-group="" calibration-sensor="" customer-sensor="" data-type="float" deadband="0" description="" display-format="4.2f" display-range-maximum="100" display-range-minimum="0" domain-id="10" engineering-unit="%" export-for-steady-state="true" fixed-sensor="" fullset-stability="false" gid="3343" group="" idds-hardware-name="EMSParm_1343" is-continuous-log="true" is-critical="false" is-enabled="true" logical-id="devEMS" partition="Streaming" quality-ceiling="good" rtd-reference-channel="" signal-id="" subsystem-name="IDDS" subsystem-type="iDDS" topic="ParameterDataSeries">
                    <alarm-limits/>
                </instance>
                <instance name="EMSParm_367" acquisition-rate="10" alternate-name="" calibration-group="" calibration-sensor="" customer-sensor="" data-type="float" deadband="0" description="" display-format="4.2f" display-range-maximum="100" display-range-minimum="0" domain-id="10" engineering-unit="%" export-for-steady-state="true" fixed-sensor="" fullset-stability="false" gid="2367" group="" idds-hardware-name="EMSParm_367" is-continuous-log="true" is-critical="false" is-enabled="true" logical-id="devEMS" partition="Streaming" quality-ceiling="good" rtd-reference-channel="" signal-id="" subsystem-name="IDDS" subsystem-type="iDDS" topic="ParameterDataSeries">
                    <alarm-limits/>
                </instance>
                <instance name="EMSParm_1168" acquisition-rate="10" alternate-name="" calibration-group="" calibration-sensor="" customer-sensor="" data-type="float" deadband="0" description="" display-format="4.2f" display-range-maximum="100" display-range-minimum="0" domain-id="10" engineering-unit="%" export-for-steady-state="true" fixed-sensor="" fullset-stability="false" gid="3168" group="" idds-hardware-name="EMSParm_1168" is-continuous-log="true" is-critical="false" is-enabled="true" logical-id="devEMS" partition="Streaming" quality-ceiling="good" rtd-reference-channel="" signal-id="" subsystem-name="IDDS" subsystem-type="iDDS" topic="ParameterDataSeries">
                    <alarm-limits/>
                </instance>
                <instance name="EMSParm_347" acquisition-rate="10" alternate-name="" calibration-group="" calibration-sensor="" customer-sensor="" data-type="float" deadband="0" description="" display-format="4.2f" display-range-maximum="100" display-range-minimum="0" domain-id="10" engineering-unit="%" export-for-steady-state="true" fixed-sensor="" fullset-stability="false" gid="2347" group="" idds-hardware-name="EMSParm_347" is-continuous-log="true" is-critical="false" is-enabled="true" logical-id="devEMS" partition="Streaming" quality-ceiling="good" rtd-reference-channel="" signal-id="" subsystem-name="IDDS" subsystem-type="iDDS" topic="ParameterDataSeries">
                    <alarm-limits/>
                </instance>
                <instance name="EMSParm_105" acquisition-rate="10" alternate-name="" calibration-group="" calibration-sensor="" customer-sensor="" data-type="float" deadband="0" description="" display-format="4.2f" display-range-maximum="100" display-range-minimum="0" domain-id="10" engineering-unit="%" export-for-steady-state="true" fixed-sensor="" fullset-stability="false" gid="2105" group="" idds-hardware-name="EMSParm_105" is-continuous-log="true" is-critical="false" is-enabled="true" logical-id="devEMS" partition="Streaming" quality-ceiling="good" rtd-reference-channel="" signal-id="" subsystem-name="IDDS" subsystem-type="iDDS" topic="ParameterDataSeries">
                    <alarm-limits/>
                </instance>
                <instance name="EMSParm_686" acquisition-rate="10" alternate-name="" calibration-group="" calibration-sensor="" customer-sensor="" data-type="float" deadband="0" description="" display-format="4.2f" display-range-maximum="100" display-range-minimum="0" domain-id="10" engineering-unit="%" export-for-steady-state="true" fixed-sensor="" fullset-stability="false" gid="2686" group="" idds-hardware-name="EMSParm_686" is-continuous-log="true" is-critical="false" is-enabled="true" logical-id="devEMS" partition="Streaming" quality-ceiling="good" rtd-reference-channel="" signal-id="" subsystem-name="IDDS" subsystem-type="iDDS" topic="ParameterDataSeries">
                    <alarm-limits/>
                </instance>
                <instance name="EMSParm_1335" acquisition-rate="10" alternate-name="" calibration-group="" calibration-sensor="" customer-sensor="" data-type="float" deadband="0" description="" display-format="4.2f" display-range-maximum="100" display-range-minimum="0" domain-id="10" engineering-unit="%" export-for-steady-state="true" fixed-sensor="" fullset-stability="false" gid="3335" group="" idds-hardware-name="EMSParm_1335" is-continuous-log="true" is-critical="false" is-enabled="true" logical-id="devEMS" partition="Streaming" quality-ceiling="good" rtd-reference-channel="" signal-id="" subsystem-name="IDDS" subsystem-type="iDDS" topic="ParameterDataSeries">
                    <alarm-limits/>
                </instance>
                <instance name="EMSParm_847" acquisition-rate="10" alternate-name="" calibration-group="" calibration-sensor="" customer-sensor="" data-type="float" deadband="0" description="" display-format="4.2f" display-range-maximum="100" display-range-minimum="0" domain-id="10" engineering-unit="%" export-for-steady-state="true" fixed-sensor="" fullset-stability="false" gid="2847" group="" idds-hardware-name="EMSParm_847" is-continuous-log="true" is-critical="false" is-enabled="true" logical-id="devEMS" partition="Streaming" quality-ceiling="good" rtd-reference-channel="" signal-id="" subsystem-name="IDDS" subsystem-type="iDDS" topic="ParameterDataSeries">
                    <alarm-limits/>
                </instance>
                <instance name="EMSParm_857" acquisition-rate="10" alternate-name="" calibration-group="" calibration-sensor="" customer-sensor="" data-type="float" deadband="0" description="" display-format="4.2f" display-range-maximum="100" display-range-minimum="0" domain-id="10" engineering-unit="%" export-for-steady-state="true" fixed-sensor="" fullset-stability="false" gid="2857" group="" idds-hardware-name="EMSParm_857" is-continuous-log="true" is-critical="false" is-enabled="true" logical-id="devEMS" partition="Streaming" quality-ceiling="good" rtd-reference-channel="" signal-id="" subsystem-name="IDDS" subsystem-type="iDDS" topic="ParameterDataSeries">
                    <alarm-limits/>
                </instance>
                <instance name="EMSParm_1031" acquisition-rate="10" alternate-name="" calibration-group="" calibration-sensor="" customer-sensor="" data-type="float" deadband="0" description="" display-format="4.2f" display-range-maximum="100" display-range-minimum="0" domain-id="10" engineering-unit="%" export-for-steady-state="true" fixed-sensor="" fullset-stability="false" gid="3031" group="" idds-hardware-name="EMSParm_1031" is-continuous-log="true" is-critical="false" is-enabled="true" logical-id="devEMS" partition="Streaming" quality-ceiling="good" rtd-reference-channel="" signal-id="" subsystem-name="IDDS" subsystem-type="iDDS" topic="ParameterDataSeries">
                    <alarm-limits/>
                </instance>
                <instance name="EMSParm_1520" acquisition-rate="10" alternate-name="" calibration-group="" calibration-sensor="" customer-sensor="" data-type="float" deadband="0" description="" display-format="4.2f" display-range-maximum="100" display-range-minimum="0" domain-id="10" engineering-unit="%" export-for-steady-state="true" fixed-sensor="" fullset-stability="false" gid="3520" group="" idds-hardware-name="EMSParm_1520" is-continuous-log="true" is-critical="false" is-enabled="true" logical-id="devEMS" partition="Streaming" quality-ceiling="good" rtd-reference-channel="" signal-id="" subsystem-name="IDDS" subsystem-type="iDDS" topic="ParameterDataSeries">
                    <alarm-limits/>
                </instance>
                <instance name="EMSParm_677" acquisition-rate="10" alternate-name="" calibration-group="" calibration-sensor="" customer-sensor="" data-type="float" deadband="0" description="" display-format="4.2f" display-range-maximum="100" display-range-minimum="0" domain-id="10" engineering-unit="%" export-for-steady-state="true" fixed-sensor="" fullset-stability="false" gid="2677" group="" idds-hardware-name="EMSParm_677" is-continuous-log="true" is-critical="false" is-enabled="true" logical-id="devEMS" partition="Streaming" quality-ceiling="good" rtd-reference-channel="" signal-id="" subsystem-name="IDDS" subsystem-type="iDDS" topic="ParameterDataSeries">
                    <alarm-limits/>
                </instance>
                <instance name="EMSParm_752" acquisition-rate="10" alternate-name="" calibration-group="" calibration-sensor="" customer-sensor="" data-type="float" deadband="0" description="" display-format="4.2f" display-range-maximum="100" display-range-minimum="0" domain-id="10" engineering-unit="%" export-for-steady-state="true" fixed-sensor="" fullset-stability="false" gid="2752" group="" idds-hardware-name="EMSParm_752" is-continuous-log="true" is-critical="false" is-enabled="true" logical-id="devEMS" partition="Streaming" quality-ceiling="good" rtd-reference-channel="" signal-id="" subsystem-name="IDDS" subsystem-type="iDDS" topic="ParameterDataSeries">
                    <alarm-limits/>
                </instance>
                <instance name="EMSParm_751" acquisition-rate="10" alternate-name="" calibration-group="" calibration-sensor="" customer-sensor="" data-type="float" deadband="0" description="" display-format="4.2f" display-range-maximum="100" display-range-minimum="0" domain-id="10" engineering-unit="%" export-for-steady-state="true" fixed-sensor="" fullset-stability="false" gid="2751" group="" idds-hardware-name="EMSParm_751" is-continuous-log="true" is-critical="false" is-enabled="true" logical-id="devEMS" partition="Streaming" quality-ceiling="good" rtd-reference-channel="" signal-id="" subsystem-name="IDDS" subsystem-type="iDDS" topic="ParameterDataSeries">
                    <alarm-limits/>
                </instance>
                <instance name="EMSParm_1399" acquisition-rate="10" alternate-name="" calibration-group="" calibration-sensor="" customer-sensor="" data-type="float" deadband="0" description="" display-format="4.2f" display-range-maximum="100" display-range-minimum="0" domain-id="10" engineering-unit="%" export-for-steady-state="true" fixed-sensor="" fullset-stability="false" gid="3399" group="" idds-hardware-name="EMSParm_1399" is-continuous-log="true" is-critical="false" is-enabled="true" logical-id="devEMS" partition="Streaming" quality-ceiling="good" rtd-reference-channel="" signal-id="" subsystem-name="IDDS" subsystem-type="iDDS" topic="ParameterDataSeries">
                    <alarm-limits/>
                </instance>
                <instance name="pb91162ch3" acquisition-rate="1" alternate-name="" calibration-group="" calibration-sensor="" customer-sensor="" data-type="float" deadband="0" description="" display-format="4.2f" display-range-maximum="100" display-range-minimum="0" domain-id="2" engineering-unit="psi" export-for-steady-state="true" fixed-sensor="" fullset-stability="false" gid="-1" group="" idds-hardware-name="" is-continuous-log="true" is-critical="false" is-enabled="true" is-output="false" logical-id="" partition="" pbs-amb-press-channel="" pbs-avg-samples="4" pbs-input-type="pressure" pbs-port="3" pbs-serial-number="PB8793" quality-ceiling="good" rtd-reference-channel="" signal-id="" subsystem-name="PBS" subsystem-type="pbs" topic="">
                    <alarm-limits/>
                </instance>
                <instance name="EMSParm_286" acquisition-rate="10" alternate-name="" calibration-group="" calibration-sensor="" customer-sensor="" data-type="float" deadband="0" description="" display-format="4.2f" display-range-maximum="100" display-range-minimum="0" domain-id="10" engineering-unit="%" export-for-steady-state="true" fixed-sensor="" fullset-stability="false" gid="2286" group="" idds-hardware-name="EMSParm_286" is-continuous-log="true" is-critical="false" is-enabled="true" logical-id="devEMS" partition="Streaming" quality-ceiling="good" rtd-reference-channel="" signal-id="" subsystem-name="IDDS" subsystem-type="iDDS" topic="ParameterDataSeries">
                    <alarm-limits/>
                </instance>
                <instance name="EMSParm_1359" acquisition-rate="10" alternate-name="" calibration-group="" calibration-sensor="" customer-sensor="" data-type="float" deadband="0" description="" display-format="4.2f" display-range-maximum="100" display-range-minimum="0" domain-id="10" engineering-unit="%" export-for-steady-state="true" fixed-sensor="" fullset-stability="false" gid="3359" group="" idds-hardware-name="EMSParm_1359" is-continuous-log="true" is-critical="false" is-enabled="true" logical-id="devEMS" partition="Streaming" quality-ceiling="good" rtd-reference-channel="" signal-id="" subsystem-name="IDDS" subsystem-type="iDDS" topic="ParameterDataSeries">
                    <alarm-limits/>
                </instance>
                <instance name="EMSParm_1249" acquisition-rate="10" alternate-name="" calibration-group="" calibration-sensor="" customer-sensor="" data-type="float" deadband="0" description="" display-format="4.2f" display-range-maximum="100" display-range-minimum="0" domain-id="10" engineering-unit="%" export-for-steady-state="true" fixed-sensor="" fullset-stability="false" gid="3249" group="" idds-hardware-name="EMSParm_1249" is-continuous-log="true" is-critical="false" is-enabled="true" logical-id="devEMS" partition="Streaming" quality-ceiling="good" rtd-reference-channel="" signal-id="" subsystem-name="IDDS" subsystem-type="iDDS" topic="ParameterDataSeries">
                    <alarm-limits/>
                </instance>
                <instance name="YB1_Ch14" acquisition-rate="1" alternate-name="" calibration-group="" calibration-sensor="" customer-sensor="" data-type="float" deadband="0" description="" display-format="4.2f" display-range-maximum="100" display-range-minimum="0" domain-id="3" engineering-unit="-" export-for-steady-state="true" fixed-sensor="" fullset-stability="false" gid="9014" group="" idds-hardware-name="CH14" is-continuous-log="true" is-critical="false" is-enabled="true" logical-id="rx3036-1" partition="Streaming" quality-ceiling="good" rtd-reference-channel="" signal-id="" subsystem-name="IDDS" subsystem-type="iDDS" topic="ParameterDataSeries">
                    <alarm-limits/>
                </instance>
                <instance name="EMSParm_866" acquisition-rate="10" alternate-name="" calibration-group="" calibration-sensor="" customer-sensor="" data-type="float" deadband="0" description="" display-format="4.2f" display-range-maximum="100" display-range-minimum="0" domain-id="10" engineering-unit="%" export-for-steady-state="true" fixed-sensor="" fullset-stability="false" gid="2866" group="" idds-hardware-name="EMSParm_866" is-continuous-log="true" is-critical="false" is-enabled="true" logical-id="devEMS" partition="Streaming" quality-ceiling="good" rtd-reference-channel="" signal-id="" subsystem-name="IDDS" subsystem-type="iDDS" topic="ParameterDataSeries">
                    <alarm-limits/>
                </instance>
                <instance name="EMSParm_1036" acquisition-rate="10" alternate-name="" calibration-group="" calibration-sensor="" customer-sensor="" data-type="float" deadband="0" description="" display-format="4.2f" display-range-maximum="100" display-range-minimum="0" domain-id="10" engineering-unit="%" export-for-steady-state="true" fixed-sensor="" fullset-stability="false" gid="3036" group="" idds-hardware-name="EMSParm_1036" is-continuous-log="true" is-critical="false" is-enabled="true" logical-id="devEMS" partition="Streaming" quality-ceiling="good" rtd-reference-channel="" signal-id="" subsystem-name="IDDS" subsystem-type="iDDS" topic="ParameterDataSeries">
                    <alarm-limits/>
                </instance>
                <instance name="EMSParm_1486" acquisition-rate="10" alternate-name="" calibration-group="" calibration-sensor="" customer-sensor="" data-type="float" deadband="0" description="" display-format="4.2f" display-range-maximum="100" display-range-minimum="0" domain-id="10" engineering-unit="%" export-for-steady-state="true" fixed-sensor="" fullset-stability="false" gid="3486" group="" idds-hardware-name="EMSParm_1486" is-continuous-log="true" is-critical="false" is-enabled="true" logical-id="devEMS" partition="Streaming" quality-ceiling="good" rtd-reference-channel="" signal-id="" subsystem-name="IDDS" subsystem-type="iDDS" topic="ParameterDataSeries">
                    <alarm-limits/>
                </instance>
                <instance name="EMSParm_977" acquisition-rate="10" alternate-name="" calibration-group="" calibration-sensor="" customer-sensor="" data-type="float" deadband="0" description="" display-format="4.2f" display-range-maximum="100" display-range-minimum="0" domain-id="10" engineering-unit="%" export-for-steady-state="true" fixed-sensor="" fullset-stability="false" gid="2977" group="" idds-hardware-name="EMSParm_977" is-continuous-log="true" is-critical="false" is-enabled="true" logical-id="devEMS" partition="Streaming" quality-ceiling="good" rtd-reference-channel="" signal-id="" subsystem-name="IDDS" subsystem-type="iDDS" topic="ParameterDataSeries">
                    <alarm-limits/>
                </instance>
                <instance name="EMSParm_941" acquisition-rate="10" alternate-name="" calibration-group="" calibration-sensor="" customer-sensor="" data-type="float" deadband="0" description="" display-format="4.2f" display-range-maximum="100" display-range-minimum="0" domain-id="10" engineering-unit="%" export-for-steady-state="true" fixed-sensor="" fullset-stability="false" gid="2941" group="" idds-hardware-name="EMSParm_941" is-continuous-log="true" is-critical="false" is-enabled="true" logical-id="devEMS" partition="Streaming" quality-ceiling="good" rtd-reference-channel="" signal-id="" subsystem-name="IDDS" subsystem-type="iDDS" topic="ParameterDataSeries">
                    <alarm-limits/>
                </instance>
                <instance name="EMSParm_1050" acquisition-rate="10" alternate-name="" calibration-group="" calibration-sensor="" customer-sensor="" data-type="float" deadband="0" description="" display-format="4.2f" display-range-maximum="100" display-range-minimum="0" domain-id="10" engineering-unit="%" export-for-steady-state="true" fixed-sensor="" fullset-stability="false" gid="3050" group="" idds-hardware-name="EMSParm_1050" is-continuous-log="true" is-critical="false" is-enabled="true" logical-id="devEMS" partition="Streaming" quality-ceiling="good" rtd-reference-channel="" signal-id="" subsystem-name="IDDS" subsystem-type="iDDS" topic="ParameterDataSeries">
                    <alarm-limits/>
                </instance>
                <instance name="EMSParm_1342" acquisition-rate="10" alternate-name="" calibration-group="" calibration-sensor="" customer-sensor="" data-type="float" deadband="0" description="" display-format="4.2f" display-range-maximum="100" display-range-minimum="0" domain-id="10" engineering-unit="%" export-for-steady-state="true" fixed-sensor="" fullset-stability="false" gid="3342" group="" idds-hardware-name="EMSParm_1342" is-continuous-log="true" is-critical="false" is-enabled="true" logical-id="devEMS" partition="Streaming" quality-ceiling="good" rtd-reference-channel="" signal-id="" subsystem-name="IDDS" subsystem-type="iDDS" topic="ParameterDataSeries">
                    <alarm-limits/>
                </instance>
                <instance name="EMSParm_875" acquisition-rate="10" alternate-name="" calibration-group="" calibration-sensor="" customer-sensor="" data-type="float" deadband="0" description="" display-format="4.2f" display-range-maximum="100" display-range-minimum="0" domain-id="10" engineering-unit="%" export-for-steady-state="true" fixed-sensor="" fullset-stability="false" gid="2875" group="" idds-hardware-name="EMSParm_875" is-continuous-log="true" is-critical="false" is-enabled="true" logical-id="devEMS" partition="Streaming" quality-ceiling="good" rtd-reference-channel="" signal-id="" subsystem-name="IDDS" subsystem-type="iDDS" topic="ParameterDataSeries">
                    <alarm-limits/>
                </instance>
                <instance name="EMSParm_504" acquisition-rate="10" alternate-name="" calibration-group="" calibration-sensor="" customer-sensor="" data-type="float" deadband="0" description="" display-format="4.2f" display-range-maximum="100" display-range-minimum="0" domain-id="10" engineering-unit="%" export-for-steady-state="true" fixed-sensor="" fullset-stability="false" gid="2504" group="" idds-hardware-name="EMSParm_504" is-continuous-log="true" is-critical="false" is-enabled="true" logical-id="devEMS" partition="Streaming" quality-ceiling="good" rtd-reference-channel="" signal-id="" subsystem-name="IDDS" subsystem-type="iDDS" topic="ParameterDataSeries">
                    <alarm-limits/>
                </instance>
                <instance name="EMSParm_1550" acquisition-rate="10" alternate-name="" calibration-group="" calibration-sensor="" customer-sensor="" data-type="float" deadband="0" description="" display-format="4.2f" display-range-maximum="100" display-range-minimum="0" domain-id="10" engineering-unit="%" export-for-steady-state="true" fixed-sensor="" fullset-stability="false" gid="3550" group="" idds-hardware-name="EMSParm_1550" is-continuous-log="true" is-critical="false" is-enabled="true" logical-id="devEMS" partition="Streaming" quality-ceiling="good" rtd-reference-channel="" signal-id="" subsystem-name="IDDS" subsystem-type="iDDS" topic="ParameterDataSeries">
                    <alarm-limits/>
                </instance>
                <instance name="EMSParm_111" acquisition-rate="10" alternate-name="" calibration-group="" calibration-sensor="" customer-sensor="" data-type="float" deadband="0" description="" display-format="4.2f" display-range-maximum="100" display-range-minimum="0" domain-id="10" engineering-unit="%" export-for-steady-state="true" fixed-sensor="" fullset-stability="false" gid="2111" group="" idds-hardware-name="EMSParm_111" is-continuous-log="true" is-critical="false" is-enabled="true" logical-id="devEMS" partition="Streaming" quality-ceiling="good" rtd-reference-channel="" signal-id="" subsystem-name="IDDS" subsystem-type="iDDS" topic="ParameterDataSeries">
                    <alarm-limits/>
                </instance>
                <instance name="EMSParm_500" acquisition-rate="10" alternate-name="" calibration-group="" calibration-sensor="" customer-sensor="" data-type="float" deadband="0" description="" display-format="4.2f" display-range-maximum="100" display-range-minimum="0" domain-id="10" engineering-unit="%" export-for-steady-state="true" fixed-sensor="" fullset-stability="false" gid="2500" group="" idds-hardware-name="EMSParm_500" is-continuous-log="true" is-critical="false" is-enabled="true" logical-id="devEMS" partition="Streaming" quality-ceiling="good" rtd-reference-channel="" signal-id="" subsystem-name="IDDS" subsystem-type="iDDS" topic="ParameterDataSeries">
                    <alarm-limits/>
                </instance>
                <instance name="EMSParm_991" acquisition-rate="10" alternate-name="" calibration-group="" calibration-sensor="" customer-sensor="" data-type="float" deadband="0" description="" display-format="4.2f" display-range-maximum="100" display-range-minimum="0" domain-id="10" engineering-unit="%" export-for-steady-state="true" fixed-sensor="" fullset-stability="false" gid="2991" group="" idds-hardware-name="EMSParm_991" is-continuous-log="true" is-critical="false" is-enabled="true" logical-id="devEMS" partition="Streaming" quality-ceiling="good" rtd-reference-channel="" signal-id="" subsystem-name="IDDS" subsystem-type="iDDS" topic="ParameterDataSeries">
                    <alarm-limits/>
                </instance>
                <instance name="calcAI00003" acquisition-rate="200" alternate-name="" calculated-equation="dnaAI00003" calculated-persistency="volatile" calibration-group="" calibration-sensor="" customer-sensor="" data-type="float" deadband="0" description="" display-format="4.2f" display-range-maximum="100" display-range-minimum="0" domain-id="4" engineering-unit="V" export-for-steady-state="true" fixed-sensor="" fullset-stability="false" gid="6007" group="" idds-hardware-name="calcAI00003" is-continuous-log="true" is-critical="false" is-enabled="true" is-output="false" logical-id="RTE" partition="Streaming" quality-ceiling="good" rtd-reference-channel="" signal-id="" subsystem-name="calculated" subsystem-type="calculated" topic="ParameterDataValue">
                    <alarm-limits/>
                </instance>
                <instance name="SSRecNo" acquisition-rate="0" alternate-name="" calculated-equation="0.0" calculated-persistency="test" calibration-group="" calibration-sensor="" customer-sensor="" data-type="float" deadband="0" description="Fullset Recording Number" display-format="4.2f" display-range-maximum="100" display-range-minimum="0" domain-id="2" engineering-unit="-" export-for-steady-state="true" fixed-sensor="" fullset-stability="false" gid="-1" group="" idds-hardware-name="" is-continuous-log="true" is-critical="false" is-enabled="true" is-output="false" logical-id="" partition="" quality-ceiling="good" rtd-reference-channel="" signal-id="" subsystem-name="calculated" subsystem-type="calculated" topic="">
                    <alarm-limits/>
                </instance>
                <instance name="EMSParm_1252" acquisition-rate="10" alternate-name="" calibration-group="" calibration-sensor="" customer-sensor="" data-type="float" deadband="0" description="" display-format="4.2f" display-range-maximum="100" display-range-minimum="0" domain-id="10" engineering-unit="%" export-for-steady-state="true" fixed-sensor="" fullset-stability="false" gid="3252" group="" idds-hardware-name="EMSParm_1252" is-continuous-log="true" is-critical="false" is-enabled="true" logical-id="devEMS" partition="Streaming" quality-ceiling="good" rtd-reference-channel="" signal-id="" subsystem-name="IDDS" subsystem-type="iDDS" topic="ParameterDataSeries">
                    <alarm-limits/>
                </instance>
                <instance name="EMSParm_1581" acquisition-rate="10" alternate-name="" calibration-group="" calibration-sensor="" customer-sensor="" data-type="float" deadband="0" description="" display-format="4.2f" display-range-maximum="100" display-range-minimum="0" domain-id="10" engineering-unit="%" export-for-steady-state="true" fixed-sensor="" fullset-stability="false" gid="3581" group="" idds-hardware-name="EMSParm_1581" is-continuous-log="true" is-critical="false" is-enabled="true" logical-id="devEMS" partition="Streaming" quality-ceiling="good" rtd-reference-channel="" signal-id="" subsystem-name="IDDS" subsystem-type="iDDS" topic="ParameterDataSeries">
                    <alarm-limits/>
                </instance>
                <instance name="EMSParm_1406" acquisition-rate="10" alternate-name="" calibration-group="" calibration-sensor="" customer-sensor="" data-type="float" deadband="0" description="" display-format="4.2f" display-range-maximum="100" display-range-minimum="0" domain-id="10" engineering-unit="%" export-for-steady-state="true" fixed-sensor="" fullset-stability="false" gid="3406" group="" idds-hardware-name="EMSParm_1406" is-continuous-log="true" is-critical="false" is-enabled="true" logical-id="devEMS" partition="Streaming" quality-ceiling="good" rtd-reference-channel="" signal-id="" subsystem-name="IDDS" subsystem-type="iDDS" topic="ParameterDataSeries">
                    <alarm-limits/>
                </instance>
                <instance name="YB1_Ch15" acquisition-rate="1" alternate-name="" calibration-group="" calibration-sensor="" customer-sensor="" data-type="float" deadband="0" description="" display-format="4.2f" display-range-maximum="100" display-range-minimum="0" domain-id="3" engineering-unit="-" export-for-steady-state="true" fixed-sensor="" fullset-stability="false" gid="9015" group="" idds-hardware-name="CH15" is-continuous-log="true" is-critical="false" is-enabled="true" logical-id="rx3036-1" partition="Streaming" quality-ceiling="good" rtd-reference-channel="" signal-id="" subsystem-name="IDDS" subsystem-type="iDDS" topic="ParameterDataSeries">
                    <alarm-limits/>
                </instance>
                <instance name="EMSParm_1027" acquisition-rate="10" alternate-name="" calibration-group="" calibration-sensor="" customer-sensor="" data-type="float" deadband="0" description="" display-format="4.2f" display-range-maximum="100" display-range-minimum="0" domain-id="10" engineering-unit="%" export-for-steady-state="true" fixed-sensor="" fullset-stability="false" gid="3027" group="" idds-hardware-name="EMSParm_1027" is-continuous-log="true" is-critical="false" is-enabled="true" logical-id="devEMS" partition="Streaming" quality-ceiling="good" rtd-reference-channel="" signal-id="" subsystem-name="IDDS" subsystem-type="iDDS" topic="ParameterDataSeries">
                    <alarm-limits/>
                </instance>
                <instance name="EMSParm_344" acquisition-rate="10" alternate-name="" calibration-group="" calibration-sensor="" customer-sensor="" data-type="float" deadband="0" description="" display-format="4.2f" display-range-maximum="100" display-range-minimum="0" domain-id="10" engineering-unit="%" export-for-steady-state="true" fixed-sensor="" fullset-stability="false" gid="2344" group="" idds-hardware-name="EMSParm_344" is-continuous-log="true" is-critical="false" is-enabled="true" logical-id="devEMS" partition="Streaming" quality-ceiling="good" rtd-reference-channel="" signal-id="" subsystem-name="IDDS" subsystem-type="iDDS" topic="ParameterDataSeries">
                    <alarm-limits/>
                </instance>
                <instance name="EMSParm_934" acquisition-rate="10" alternate-name="" calibration-group="" calibration-sensor="" customer-sensor="" data-type="float" deadband="0" description="" display-format="4.2f" display-range-maximum="100" display-range-minimum="0" domain-id="10" engineering-unit="%" export-for-steady-state="true" fixed-sensor="" fullset-stability="false" gid="2934" group="" idds-hardware-name="EMSParm_934" is-continuous-log="true" is-critical="false" is-enabled="true" logical-id="devEMS" partition="Streaming" quality-ceiling="good" rtd-reference-channel="" signal-id="" subsystem-name="IDDS" subsystem-type="iDDS" topic="ParameterDataSeries">
                    <alarm-limits/>
                </instance>
                <instance name="T000029" acquisition-rate="10" alternate-name="" calibration-group="" calibration-sensor="" customer-sensor="" data-type="float" deadband="0" description="" display-format="4.2f" display-range-maximum="100" display-range-minimum="0" domain-id="2" engineering-unit="degC" export-for-steady-state="true" fixed-sensor="" fullset-stability="false" gid="5029" group="" idds-hardware-name="SCUTRDEMO_Ch29" is-continuous-log="true" is-critical="false" is-enabled="true" logical-id="scutrsim" partition="Streaming" quality-ceiling="good" rtd-reference-channel="" signal-id="" subsystem-name="IDDS" subsystem-type="iDDS" topic="ParameterDataSeries">
                    <alarm-limits/>
                </instance>
                <instance name="EMSParm_1264" acquisition-rate="10" alternate-name="" calibration-group="" calibration-sensor="" customer-sensor="" data-type="float" deadband="0" description="" display-format="4.2f" display-range-maximum="100" display-range-minimum="0" domain-id="10" engineering-unit="%" export-for-steady-state="true" fixed-sensor="" fullset-stability="false" gid="3264" group="" idds-hardware-name="EMSParm_1264" is-continuous-log="true" is-critical="false" is-enabled="true" logical-id="devEMS" partition="Streaming" quality-ceiling="good" rtd-reference-channel="" signal-id="" subsystem-name="IDDS" subsystem-type="iDDS" topic="ParameterDataSeries">
                    <alarm-limits/>
                </instance>
                <instance name="EMSParm_1484" acquisition-rate="10" alternate-name="" calibration-group="" calibration-sensor="" customer-sensor="" data-type="float" deadband="0" description="" display-format="4.2f" display-range-maximum="100" display-range-minimum="0" domain-id="10" engineering-unit="%" export-for-steady-state="true" fixed-sensor="" fullset-stability="false" gid="3484" group="" idds-hardware-name="EMSParm_1484" is-continuous-log="true" is-critical="false" is-enabled="true" logical-id="devEMS" partition="Streaming" quality-ceiling="good" rtd-reference-channel="" signal-id="" subsystem-name="IDDS" subsystem-type="iDDS" topic="ParameterDataSeries">
                    <alarm-limits/>
                </instance>
                <instance name="YB1_Ch22" acquisition-rate="1" alternate-name="" calibration-group="" calibration-sensor="" customer-sensor="" data-type="float" deadband="0" description="" display-format="4.2f" display-range-maximum="100" display-range-minimum="0" domain-id="3" engineering-unit="-" export-for-steady-state="true" fixed-sensor="" fullset-stability="false" gid="9022" group="" idds-hardware-name="CH22" is-continuous-log="true" is-critical="false" is-enabled="true" logical-id="rx3036-1" partition="Streaming" quality-ceiling="good" rtd-reference-channel="" signal-id="" subsystem-name="IDDS" subsystem-type="iDDS" topic="ParameterDataSeries">
                    <alarm-limits/>
                </instance>
                <instance name="EMSParm_77" acquisition-rate="10" alternate-name="" calibration-group="" calibration-sensor="" customer-sensor="" data-type="float" deadband="0" description="" display-format="4.2f" display-range-maximum="100" display-range-minimum="0" domain-id="10" engineering-unit="%" export-for-steady-state="true" fixed-sensor="" fullset-stability="false" gid="2077" group="" idds-hardware-name="EMSParm_77" is-continuous-log="true" is-critical="false" is-enabled="true" logical-id="devEMS" partition="Streaming" quality-ceiling="good" rtd-reference-channel="" signal-id="" subsystem-name="IDDS" subsystem-type="iDDS" topic="ParameterDataSeries">
                    <alarm-limits/>
                </instance>
                <instance name="EMSParm_889" acquisition-rate="10" alternate-name="" calibration-group="" calibration-sensor="" customer-sensor="" data-type="float" deadband="0" description="" display-format="4.2f" display-range-maximum="100" display-range-minimum="0" domain-id="10" engineering-unit="%" export-for-steady-state="true" fixed-sensor="" fullset-stability="false" gid="2889" group="" idds-hardware-name="EMSParm_889" is-continuous-log="true" is-critical="false" is-enabled="true" logical-id="devEMS" partition="Streaming" quality-ceiling="good" rtd-reference-channel="" signal-id="" subsystem-name="IDDS" subsystem-type="iDDS" topic="ParameterDataSeries">
                    <alarm-limits/>
                </instance>
                <instance name="EMSParm_888" acquisition-rate="10" alternate-name="" calibration-group="" calibration-sensor="" customer-sensor="" data-type="float" deadband="0" description="" display-format="4.2f" display-range-maximum="100" display-range-minimum="0" domain-id="10" engineering-unit="%" export-for-steady-state="true" fixed-sensor="" fullset-stability="false" gid="2888" group="" idds-hardware-name="EMSParm_888" is-continuous-log="true" is-critical="false" is-enabled="true" logical-id="devEMS" partition="Streaming" quality-ceiling="good" rtd-reference-channel="" signal-id="" subsystem-name="IDDS" subsystem-type="iDDS" topic="ParameterDataSeries">
                    <alarm-limits/>
                </instance>
                <instance name="EMSParm_215" acquisition-rate="10" alternate-name="" calibration-group="" calibration-sensor="" customer-sensor="" data-type="float" deadband="0" description="" display-format="4.2f" display-range-maximum="100" display-range-minimum="0" domain-id="10" engineering-unit="%" export-for-steady-state="true" fixed-sensor="" fullset-stability="false" gid="2215" group="" idds-hardware-name="EMSParm_215" is-continuous-log="true" is-critical="false" is-enabled="true" logical-id="devEMS" partition="Streaming" quality-ceiling="good" rtd-reference-channel="" signal-id="" subsystem-name="IDDS" subsystem-type="iDDS" topic="ParameterDataSeries">
                    <alarm-limits/>
                </instance>
                <instance name="EMSParm_503" acquisition-rate="10" alternate-name="" calibration-group="" calibration-sensor="" customer-sensor="" data-type="float" deadband="0" description="" display-format="4.2f" display-range-maximum="100" display-range-minimum="0" domain-id="10" engineering-unit="%" export-for-steady-state="true" fixed-sensor="" fullset-stability="false" gid="2503" group="" idds-hardware-name="EMSParm_503" is-continuous-log="true" is-critical="false" is-enabled="true" logical-id="devEMS" partition="Streaming" quality-ceiling="good" rtd-reference-channel="" signal-id="" subsystem-name="IDDS" subsystem-type="iDDS" topic="ParameterDataSeries">
                    <alarm-limits/>
                </instance>
                <instance name="EMSParm_1597" acquisition-rate="10" alternate-name="" calibration-group="" calibration-sensor="" customer-sensor="" data-type="float" deadband="0" description="" display-format="4.2f" display-range-maximum="100" display-range-minimum="0" domain-id="10" engineering-unit="%" export-for-steady-state="true" fixed-sensor="" fullset-stability="false" gid="3597" group="" idds-hardware-name="EMSParm_1597" is-continuous-log="true" is-critical="false" is-enabled="true" logical-id="devEMS" partition="Streaming" quality-ceiling="good" rtd-reference-channel="" signal-id="" subsystem-name="IDDS" subsystem-type="iDDS" topic="ParameterDataSeries">
                    <alarm-limits/>
                </instance>
                <instance name="EMSParm_1397" acquisition-rate="10" alternate-name="" calibration-group="" calibration-sensor="" customer-sensor="" data-type="float" deadband="0" description="" display-format="4.2f" display-range-maximum="100" display-range-minimum="0" domain-id="10" engineering-unit="%" export-for-steady-state="true" fixed-sensor="" fullset-stability="false" gid="3397" group="" idds-hardware-name="EMSParm_1397" is-continuous-log="true" is-critical="false" is-enabled="true" logical-id="devEMS" partition="Streaming" quality-ceiling="good" rtd-reference-channel="" signal-id="" subsystem-name="IDDS" subsystem-type="iDDS" topic="ParameterDataSeries">
                    <alarm-limits/>
                </instance>
                <instance name="EMSParm_651" acquisition-rate="10" alternate-name="" calibration-group="" calibration-sensor="" customer-sensor="" data-type="float" deadband="0" description="" display-format="4.2f" display-range-maximum="100" display-range-minimum="0" domain-id="10" engineering-unit="%" export-for-steady-state="true" fixed-sensor="" fullset-stability="false" gid="2651" group="" idds-hardware-name="EMSParm_651" is-continuous-log="true" is-critical="false" is-enabled="true" logical-id="devEMS" partition="Streaming" quality-ceiling="good" rtd-reference-channel="" signal-id="" subsystem-name="IDDS" subsystem-type="iDDS" topic="ParameterDataSeries">
                    <alarm-limits/>
                </instance>
                <instance name="EMSParm_220" acquisition-rate="10" alternate-name="" calibration-group="" calibration-sensor="" customer-sensor="" data-type="float" deadband="0" description="" display-format="4.2f" display-range-maximum="100" display-range-minimum="0" domain-id="10" engineering-unit="%" export-for-steady-state="true" fixed-sensor="" fullset-stability="false" gid="2220" group="" idds-hardware-name="EMSParm_220" is-continuous-log="true" is-critical="false" is-enabled="true" logical-id="devEMS" partition="Streaming" quality-ceiling="good" rtd-reference-channel="" signal-id="" subsystem-name="IDDS" subsystem-type="iDDS" topic="ParameterDataSeries">
                    <alarm-limits/>
                </instance>
                <instance name="EMSParm_290" acquisition-rate="10" alternate-name="" calibration-group="" calibration-sensor="" customer-sensor="" data-type="float" deadband="0" description="" display-format="4.2f" display-range-maximum="100" display-range-minimum="0" domain-id="10" engineering-unit="%" export-for-steady-state="true" fixed-sensor="" fullset-stability="false" gid="2290" group="" idds-hardware-name="EMSParm_290" is-continuous-log="true" is-critical="false" is-enabled="true" logical-id="devEMS" partition="Streaming" quality-ceiling="good" rtd-reference-channel="" signal-id="" subsystem-name="IDDS" subsystem-type="iDDS" topic="ParameterDataSeries">
                    <alarm-limits/>
                </instance>
                <instance name="EMSParm_509" acquisition-rate="10" alternate-name="" calibration-group="" calibration-sensor="" customer-sensor="" data-type="float" deadband="0" description="" display-format="4.2f" display-range-maximum="100" display-range-minimum="0" domain-id="10" engineering-unit="%" export-for-steady-state="true" fixed-sensor="" fullset-stability="false" gid="2509" group="" idds-hardware-name="EMSParm_509" is-continuous-log="true" is-critical="false" is-enabled="true" logical-id="devEMS" partition="Streaming" quality-ceiling="good" rtd-reference-channel="" signal-id="" subsystem-name="IDDS" subsystem-type="iDDS" topic="ParameterDataSeries">
                    <alarm-limits/>
                </instance>
                <instance name="EMSParm_563" acquisition-rate="10" alternate-name="" calibration-group="" calibration-sensor="" customer-sensor="" data-type="float" deadband="0" description="" display-format="4.2f" display-range-maximum="100" display-range-minimum="0" domain-id="10" engineering-unit="%" export-for-steady-state="true" fixed-sensor="" fullset-stability="false" gid="2563" group="" idds-hardware-name="EMSParm_563" is-continuous-log="true" is-critical="false" is-enabled="true" logical-id="devEMS" partition="Streaming" quality-ceiling="good" rtd-reference-channel="" signal-id="" subsystem-name="IDDS" subsystem-type="iDDS" topic="ParameterDataSeries">
                    <alarm-limits/>
                </instance>
                <instance name="EMSParm_988" acquisition-rate="10" alternate-name="" calibration-group="" calibration-sensor="" customer-sensor="" data-type="float" deadband="0" description="" display-format="4.2f" display-range-maximum="100" display-range-minimum="0" domain-id="10" engineering-unit="%" export-for-steady-state="true" fixed-sensor="" fullset-stability="false" gid="2988" group="" idds-hardware-name="EMSParm_988" is-continuous-log="true" is-critical="false" is-enabled="true" logical-id="devEMS" partition="Streaming" quality-ceiling="good" rtd-reference-channel="" signal-id="" subsystem-name="IDDS" subsystem-type="iDDS" topic="ParameterDataSeries">
                    <alarm-limits/>
                </instance>
                <instance name="EMSParm_460" acquisition-rate="10" alternate-name="" calibration-group="" calibration-sensor="" customer-sensor="" data-type="float" deadband="0" description="" display-format="4.2f" display-range-maximum="100" display-range-minimum="0" domain-id="10" engineering-unit="%" export-for-steady-state="true" fixed-sensor="" fullset-stability="false" gid="2460" group="" idds-hardware-name="EMSParm_460" is-continuous-log="true" is-critical="false" is-enabled="true" logical-id="devEMS" partition="Streaming" quality-ceiling="good" rtd-reference-channel="" signal-id="" subsystem-name="IDDS" subsystem-type="iDDS" topic="ParameterDataSeries">
                    <alarm-limits/>
                </instance>
                <instance name="EMSParm_206" acquisition-rate="10" alternate-name="" calibration-group="" calibration-sensor="" customer-sensor="" data-type="float" deadband="0" description="" display-format="4.2f" display-range-maximum="100" display-range-minimum="0" domain-id="10" engineering-unit="%" export-for-steady-state="true" fixed-sensor="" fullset-stability="false" gid="2206" group="" idds-hardware-name="EMSParm_206" is-continuous-log="true" is-critical="false" is-enabled="true" logical-id="devEMS" partition="Streaming" quality-ceiling="good" rtd-reference-channel="" signal-id="" subsystem-name="IDDS" subsystem-type="iDDS" topic="ParameterDataSeries">
                    <alarm-limits/>
                </instance>
                <instance name="EMSParm_405" acquisition-rate="10" alternate-name="" calibration-group="" calibration-sensor="" customer-sensor="" data-type="float" deadband="0" description="" display-format="4.2f" display-range-maximum="100" display-range-minimum="0" domain-id="10" engineering-unit="%" export-for-steady-state="true" fixed-sensor="" fullset-stability="false" gid="2405" group="" idds-hardware-name="EMSParm_405" is-continuous-log="true" is-critical="false" is-enabled="true" logical-id="devEMS" partition="Streaming" quality-ceiling="good" rtd-reference-channel="" signal-id="" subsystem-name="IDDS" subsystem-type="iDDS" topic="ParameterDataSeries">
                    <alarm-limits/>
                </instance>
                <instance name="EMSParm_317" acquisition-rate="10" alternate-name="" calibration-group="" calibration-sensor="" customer-sensor="" data-type="float" deadband="0" description="" display-format="4.2f" display-range-maximum="100" display-range-minimum="0" domain-id="10" engineering-unit="%" export-for-steady-state="true" fixed-sensor="" fullset-stability="false" gid="2317" group="" idds-hardware-name="EMSParm_317" is-continuous-log="true" is-critical="false" is-enabled="true" logical-id="devEMS" partition="Streaming" quality-ceiling="good" rtd-reference-channel="" signal-id="" subsystem-name="IDDS" subsystem-type="iDDS" topic="ParameterDataSeries">
                    <alarm-limits/>
                </instance>
                <instance name="EMSParm_655" acquisition-rate="10" alternate-name="" calibration-group="" calibration-sensor="" customer-sensor="" data-type="float" deadband="0" description="" display-format="4.2f" display-range-maximum="100" display-range-minimum="0" domain-id="10" engineering-unit="%" export-for-steady-state="true" fixed-sensor="" fullset-stability="false" gid="2655" group="" idds-hardware-name="EMSParm_655" is-continuous-log="true" is-critical="false" is-enabled="true" logical-id="devEMS" partition="Streaming" quality-ceiling="good" rtd-reference-channel="" signal-id="" subsystem-name="IDDS" subsystem-type="iDDS" topic="ParameterDataSeries">
                    <alarm-limits/>
                </instance>
                <instance name="EMSParm_663" acquisition-rate="10" alternate-name="" calibration-group="" calibration-sensor="" customer-sensor="" data-type="float" deadband="0" description="" display-format="4.2f" display-range-maximum="100" display-range-minimum="0" domain-id="10" engineering-unit="%" export-for-steady-state="true" fixed-sensor="" fullset-stability="false" gid="2663" group="" idds-hardware-name="EMSParm_663" is-continuous-log="true" is-critical="false" is-enabled="true" logical-id="devEMS" partition="Streaming" quality-ceiling="good" rtd-reference-channel="" signal-id="" subsystem-name="IDDS" subsystem-type="iDDS" topic="ParameterDataSeries">
                    <alarm-limits/>
                </instance>
                <instance name="dnaAI00005" acquisition-rate="200" alternate-name="" calibration-group="" calibration-sensor="" customer-sensor="" data-type="float" deadband="0" description="Input channel 2" display-format="4.2f" display-range-maximum="100" display-range-minimum="0" domain-id="3" engineering-unit="V" export-for-steady-state="true" fixed-sensor="" fullset-stability="false" gid="221" group="" idds-hardware-name="dev01/ch00005" is-continuous-log="true" is-critical="false" is-enabled="true" logical-id="devCube999" partition="Streaming" quality-ceiling="good" rtd-reference-channel="" signal-id="" subsystem-name="IDDS" subsystem-type="iDDS" topic="ParameterDataValue">
                    <alarm-limits/>
                </instance>
                <instance name="EMSParm_590" acquisition-rate="10" alternate-name="" calibration-group="" calibration-sensor="" customer-sensor="" data-type="float" deadband="0" description="" display-format="4.2f" display-range-maximum="100" display-range-minimum="0" domain-id="10" engineering-unit="%" export-for-steady-state="true" fixed-sensor="" fullset-stability="false" gid="2590" group="" idds-hardware-name="EMSParm_590" is-continuous-log="true" is-critical="false" is-enabled="true" logical-id="devEMS" partition="Streaming" quality-ceiling="good" rtd-reference-channel="" signal-id="" subsystem-name="IDDS" subsystem-type="iDDS" topic="ParameterDataSeries">
                    <alarm-limits/>
                </instance>
                <instance name="EMSParm_1224" acquisition-rate="10" alternate-name="" calibration-group="" calibration-sensor="" customer-sensor="" data-type="float" deadband="0" description="" display-format="4.2f" display-range-maximum="100" display-range-minimum="0" domain-id="10" engineering-unit="%" export-for-steady-state="true" fixed-sensor="" fullset-stability="false" gid="3224" group="" idds-hardware-name="EMSParm_1224" is-continuous-log="true" is-critical="false" is-enabled="true" logical-id="devEMS" partition="Streaming" quality-ceiling="good" rtd-reference-channel="" signal-id="" subsystem-name="IDDS" subsystem-type="iDDS" topic="ParameterDataSeries">
                    <alarm-limits/>
                </instance>
                <instance name="T000024" acquisition-rate="10" alternate-name="" calibration-group="" calibration-sensor="" customer-sensor="" data-type="float" deadband="0" description="" display-format="4.2f" display-range-maximum="100" display-range-minimum="0" domain-id="2" engineering-unit="degC" export-for-steady-state="true" fixed-sensor="" fullset-stability="false" gid="5024" group="" idds-hardware-name="SCUTRDEMO_Ch24" is-continuous-log="true" is-critical="false" is-enabled="true" logical-id="scutrsim" partition="Streaming" quality-ceiling="good" rtd-reference-channel="" signal-id="" subsystem-name="IDDS" subsystem-type="iDDS" topic="ParameterDataSeries">
                    <alarm-limits/>
                </instance>
                <instance name="EMSParm_1228" acquisition-rate="10" alternate-name="" calibration-group="" calibration-sensor="" customer-sensor="" data-type="float" deadband="0" description="" display-format="4.2f" display-range-maximum="100" display-range-minimum="0" domain-id="10" engineering-unit="%" export-for-steady-state="true" fixed-sensor="" fullset-stability="false" gid="3228" group="" idds-hardware-name="EMSParm_1228" is-continuous-log="true" is-critical="false" is-enabled="true" logical-id="devEMS" partition="Streaming" quality-ceiling="good" rtd-reference-channel="" signal-id="" subsystem-name="IDDS" subsystem-type="iDDS" topic="ParameterDataSeries">
                    <alarm-limits/>
                </instance>
                <instance name="EMSParm_1344" acquisition-rate="10" alternate-name="" calibration-group="" calibration-sensor="" customer-sensor="" data-type="float" deadband="0" description="" display-format="4.2f" display-range-maximum="100" display-range-minimum="0" domain-id="10" engineering-unit="%" export-for-steady-state="true" fixed-sensor="" fullset-stability="false" gid="3344" group="" idds-hardware-name="EMSParm_1344" is-continuous-log="true" is-critical="false" is-enabled="true" logical-id="devEMS" partition="Streaming" quality-ceiling="good" rtd-reference-channel="" signal-id="" subsystem-name="IDDS" subsystem-type="iDDS" topic="ParameterDataSeries">
                    <alarm-limits/>
                </instance>
                <instance name="EMSParm_778" acquisition-rate="10" alternate-name="" calibration-group="" calibration-sensor="" customer-sensor="" data-type="float" deadband="0" description="" display-format="4.2f" display-range-maximum="100" display-range-minimum="0" domain-id="10" engineering-unit="%" export-for-steady-state="true" fixed-sensor="" fullset-stability="false" gid="2778" group="" idds-hardware-name="EMSParm_778" is-continuous-log="true" is-critical="false" is-enabled="true" logical-id="devEMS" partition="Streaming" quality-ceiling="good" rtd-reference-channel="" signal-id="" subsystem-name="IDDS" subsystem-type="iDDS" topic="ParameterDataSeries">
                    <alarm-limits/>
                </instance>
                <instance name="T000015" acquisition-rate="10" alternate-name="" calibration-group="" calibration-sensor="" customer-sensor="" data-type="float" deadband="0" description="" display-format="4.2f" display-range-maximum="100" display-range-minimum="0" domain-id="2" engineering-unit="degC" export-for-steady-state="true" fixed-sensor="" fullset-stability="false" gid="5015" group="" idds-hardware-name="SCUTRDEMO_Ch15" is-continuous-log="true" is-critical="false" is-enabled="true" logical-id="scutrsim" partition="Streaming" quality-ceiling="good" rtd-reference-channel="" signal-id="" subsystem-name="IDDS" subsystem-type="iDDS" topic="ParameterDataSeries">
                    <alarm-limits/>
                </instance>
                <instance name="EMSParm_836" acquisition-rate="10" alternate-name="" calibration-group="" calibration-sensor="" customer-sensor="" data-type="float" deadband="0" description="" display-format="4.2f" display-range-maximum="100" display-range-minimum="0" domain-id="10" engineering-unit="%" export-for-steady-state="true" fixed-sensor="" fullset-stability="false" gid="2836" group="" idds-hardware-name="EMSParm_836" is-continuous-log="true" is-critical="false" is-enabled="true" logical-id="devEMS" partition="Streaming" quality-ceiling="good" rtd-reference-channel="" signal-id="" subsystem-name="IDDS" subsystem-type="iDDS" topic="ParameterDataSeries">
                    <alarm-limits/>
                </instance>
                <instance name="EMSParm_570" acquisition-rate="10" alternate-name="" calibration-group="" calibration-sensor="" customer-sensor="" data-type="float" deadband="0" description="" display-format="4.2f" display-range-maximum="100" display-range-minimum="0" domain-id="10" engineering-unit="%" export-for-steady-state="true" fixed-sensor="" fullset-stability="false" gid="2570" group="" idds-hardware-name="EMSParm_570" is-continuous-log="true" is-critical="false" is-enabled="true" logical-id="devEMS" partition="Streaming" quality-ceiling="good" rtd-reference-channel="" signal-id="" subsystem-name="IDDS" subsystem-type="iDDS" topic="ParameterDataSeries">
                    <alarm-limits/>
                </instance>
                <instance name="EMSParm_1262" acquisition-rate="10" alternate-name="" calibration-group="" calibration-sensor="" customer-sensor="" data-type="float" deadband="0" description="" display-format="4.2f" display-range-maximum="100" display-range-minimum="0" domain-id="10" engineering-unit="%" export-for-steady-state="true" fixed-sensor="" fullset-stability="false" gid="3262" group="" idds-hardware-name="EMSParm_1262" is-continuous-log="true" is-critical="false" is-enabled="true" logical-id="devEMS" partition="Streaming" quality-ceiling="good" rtd-reference-channel="" signal-id="" subsystem-name="IDDS" subsystem-type="iDDS" topic="ParameterDataSeries">
                    <alarm-limits/>
                </instance>
                <instance name="EMSParm_1221" acquisition-rate="10" alternate-name="" calibration-group="" calibration-sensor="" customer-sensor="" data-type="float" deadband="0" description="" display-format="4.2f" display-range-maximum="100" display-range-minimum="0" domain-id="10" engineering-unit="%" export-for-steady-state="true" fixed-sensor="" fullset-stability="false" gid="3221" group="" idds-hardware-name="EMSParm_1221" is-continuous-log="true" is-critical="false" is-enabled="true" logical-id="devEMS" partition="Streaming" quality-ceiling="good" rtd-reference-channel="" signal-id="" subsystem-name="IDDS" subsystem-type="iDDS" topic="ParameterDataSeries">
                    <alarm-limits/>
                </instance>
                <instance name="EMSParm_679" acquisition-rate="10" alternate-name="" calibration-group="" calibration-sensor="" customer-sensor="" data-type="float" deadband="0" description="" display-format="4.2f" display-range-maximum="100" display-range-minimum="0" domain-id="10" engineering-unit="%" export-for-steady-state="true" fixed-sensor="" fullset-stability="false" gid="2679" group="" idds-hardware-name="EMSParm_679" is-continuous-log="true" is-critical="false" is-enabled="true" logical-id="devEMS" partition="Streaming" quality-ceiling="good" rtd-reference-channel="" signal-id="" subsystem-name="IDDS" subsystem-type="iDDS" topic="ParameterDataSeries">
                    <alarm-limits/>
                </instance>
                <instance name="EMSParm_147" acquisition-rate="10" alternate-name="" calibration-group="" calibration-sensor="" customer-sensor="" data-type="float" deadband="0" description="" display-format="4.2f" display-range-maximum="100" display-range-minimum="0" domain-id="10" engineering-unit="%" export-for-steady-state="true" fixed-sensor="" fullset-stability="false" gid="2147" group="" idds-hardware-name="EMSParm_147" is-continuous-log="true" is-critical="false" is-enabled="true" logical-id="devEMS" partition="Streaming" quality-ceiling="good" rtd-reference-channel="" signal-id="" subsystem-name="IDDS" subsystem-type="iDDS" topic="ParameterDataSeries">
                    <alarm-limits/>
                </instance>
                <instance name="EMSParm_820" acquisition-rate="10" alternate-name="" calibration-group="" calibration-sensor="" customer-sensor="" data-type="float" deadband="0" description="" display-format="4.2f" display-range-maximum="100" display-range-minimum="0" domain-id="10" engineering-unit="%" export-for-steady-state="true" fixed-sensor="" fullset-stability="false" gid="2820" group="" idds-hardware-name="EMSParm_820" is-continuous-log="true" is-critical="false" is-enabled="true" logical-id="devEMS" partition="Streaming" quality-ceiling="good" rtd-reference-channel="" signal-id="" subsystem-name="IDDS" subsystem-type="iDDS" topic="ParameterDataSeries">
                    <alarm-limits/>
                </instance>
                <instance name="EMSParm_148" acquisition-rate="10" alternate-name="" calibration-group="" calibration-sensor="" customer-sensor="" data-type="float" deadband="0" description="" display-format="4.2f" display-range-maximum="100" display-range-minimum="0" domain-id="10" engineering-unit="%" export-for-steady-state="true" fixed-sensor="" fullset-stability="false" gid="2148" group="" idds-hardware-name="EMSParm_148" is-continuous-log="true" is-critical="false" is-enabled="true" logical-id="devEMS" partition="Streaming" quality-ceiling="good" rtd-reference-channel="" signal-id="" subsystem-name="IDDS" subsystem-type="iDDS" topic="ParameterDataSeries">
                    <alarm-limits/>
                </instance>
                <instance name="EMSParm_1051" acquisition-rate="10" alternate-name="" calibration-group="" calibration-sensor="" customer-sensor="" data-type="float" deadband="0" description="" display-format="4.2f" display-range-maximum="100" display-range-minimum="0" domain-id="10" engineering-unit="%" export-for-steady-state="true" fixed-sensor="" fullset-stability="false" gid="3051" group="" idds-hardware-name="EMSParm_1051" is-continuous-log="true" is-critical="false" is-enabled="true" logical-id="devEMS" partition="Streaming" quality-ceiling="good" rtd-reference-channel="" signal-id="" subsystem-name="IDDS" subsystem-type="iDDS" topic="ParameterDataSeries">
                    <alarm-limits/>
                </instance>
                <instance name="EMSParm_822" acquisition-rate="10" alternate-name="" calibration-group="" calibration-sensor="" customer-sensor="" data-type="float" deadband="0" description="" display-format="4.2f" display-range-maximum="100" display-range-minimum="0" domain-id="10" engineering-unit="%" export-for-steady-state="true" fixed-sensor="" fullset-stability="false" gid="2822" group="" idds-hardware-name="EMSParm_822" is-continuous-log="true" is-critical="false" is-enabled="true" logical-id="devEMS" partition="Streaming" quality-ceiling="good" rtd-reference-channel="" signal-id="" subsystem-name="IDDS" subsystem-type="iDDS" topic="ParameterDataSeries">
                    <alarm-limits/>
                </instance>
                <instance name="EMSParm_700" acquisition-rate="10" alternate-name="" calibration-group="" calibration-sensor="" customer-sensor="" data-type="float" deadband="0" description="" display-format="4.2f" display-range-maximum="100" display-range-minimum="0" domain-id="10" engineering-unit="%" export-for-steady-state="true" fixed-sensor="" fullset-stability="false" gid="2700" group="" idds-hardware-name="EMSParm_700" is-continuous-log="true" is-critical="false" is-enabled="true" logical-id="devEMS" partition="Streaming" quality-ceiling="good" rtd-reference-channel="" signal-id="" subsystem-name="IDDS" subsystem-type="iDDS" topic="ParameterDataSeries">
                    <alarm-limits/>
                </instance>
                <instance name="EMSParm_965" acquisition-rate="10" alternate-name="" calibration-group="" calibration-sensor="" customer-sensor="" data-type="float" deadband="0" description="" display-format="4.2f" display-range-maximum="100" display-range-minimum="0" domain-id="10" engineering-unit="%" export-for-steady-state="true" fixed-sensor="" fullset-stability="false" gid="2965" group="" idds-hardware-name="EMSParm_965" is-continuous-log="true" is-critical="false" is-enabled="true" logical-id="devEMS" partition="Streaming" quality-ceiling="good" rtd-reference-channel="" signal-id="" subsystem-name="IDDS" subsystem-type="iDDS" topic="ParameterDataSeries">
                    <alarm-limits/>
                </instance>
                <instance name="EMSParm_165" acquisition-rate="10" alternate-name="" calibration-group="" calibration-sensor="" customer-sensor="" data-type="float" deadband="0" description="" display-format="4.2f" display-range-maximum="100" display-range-minimum="0" domain-id="10" engineering-unit="%" export-for-steady-state="true" fixed-sensor="" fullset-stability="false" gid="2165" group="" idds-hardware-name="EMSParm_165" is-continuous-log="true" is-critical="false" is-enabled="true" logical-id="devEMS" partition="Streaming" quality-ceiling="good" rtd-reference-channel="" signal-id="" subsystem-name="IDDS" subsystem-type="iDDS" topic="ParameterDataSeries">
                    <alarm-limits/>
                </instance>
                <instance name="EMSParm_209" acquisition-rate="10" alternate-name="" calibration-group="" calibration-sensor="" customer-sensor="" data-type="float" deadband="0" description="" display-format="4.2f" display-range-maximum="100" display-range-minimum="0" domain-id="10" engineering-unit="%" export-for-steady-state="true" fixed-sensor="" fullset-stability="false" gid="2209" group="" idds-hardware-name="EMSParm_209" is-continuous-log="true" is-critical="false" is-enabled="true" logical-id="devEMS" partition="Streaming" quality-ceiling="good" rtd-reference-channel="" signal-id="" subsystem-name="IDDS" subsystem-type="iDDS" topic="ParameterDataSeries">
                    <alarm-limits/>
                </instance>
                <instance name="EMSParm_1596" acquisition-rate="10" alternate-name="" calibration-group="" calibration-sensor="" customer-sensor="" data-type="float" deadband="0" description="" display-format="4.2f" display-range-maximum="100" display-range-minimum="0" domain-id="10" engineering-unit="%" export-for-steady-state="true" fixed-sensor="" fullset-stability="false" gid="3596" group="" idds-hardware-name="EMSParm_1596" is-continuous-log="true" is-critical="false" is-enabled="true" logical-id="devEMS" partition="Streaming" quality-ceiling="good" rtd-reference-channel="" signal-id="" subsystem-name="IDDS" subsystem-type="iDDS" topic="ParameterDataSeries">
                    <alarm-limits/>
                </instance>
                <instance name="EMSParm_1309" acquisition-rate="10" alternate-name="" calibration-group="" calibration-sensor="" customer-sensor="" data-type="float" deadband="0" description="" display-format="4.2f" display-range-maximum="100" display-range-minimum="0" domain-id="10" engineering-unit="%" export-for-steady-state="true" fixed-sensor="" fullset-stability="false" gid="3309" group="" idds-hardware-name="EMSParm_1309" is-continuous-log="true" is-critical="false" is-enabled="true" logical-id="devEMS" partition="Streaming" quality-ceiling="good" rtd-reference-channel="" signal-id="" subsystem-name="IDDS" subsystem-type="iDDS" topic="ParameterDataSeries">
                    <alarm-limits/>
                </instance>
                <instance name="EMSParm_1600" acquisition-rate="10" alternate-name="" calibration-group="" calibration-sensor="" customer-sensor="" data-type="float" deadband="0" description="" display-format="4.2f" display-range-maximum="100" display-range-minimum="0" domain-id="10" engineering-unit="%" export-for-steady-state="true" fixed-sensor="" fullset-stability="false" gid="3600" group="" idds-hardware-name="EMSParm_1600" is-continuous-log="true" is-critical="false" is-enabled="true" logical-id="devEMS" partition="Streaming" quality-ceiling="good" rtd-reference-channel="" signal-id="" subsystem-name="IDDS" subsystem-type="iDDS" topic="ParameterDataSeries">
                    <alarm-limits/>
                </instance>
                <instance name="EMSParm_1087" acquisition-rate="10" alternate-name="" calibration-group="" calibration-sensor="" customer-sensor="" data-type="float" deadband="0" description="" display-format="4.2f" display-range-maximum="100" display-range-minimum="0" domain-id="10" engineering-unit="%" export-for-steady-state="true" fixed-sensor="" fullset-stability="false" gid="3087" group="" idds-hardware-name="EMSParm_1087" is-continuous-log="true" is-critical="false" is-enabled="true" logical-id="devEMS" partition="Streaming" quality-ceiling="good" rtd-reference-channel="" signal-id="" subsystem-name="IDDS" subsystem-type="iDDS" topic="ParameterDataSeries">
                    <alarm-limits/>
                </instance>
                <instance name="EMSParm_1171" acquisition-rate="10" alternate-name="" calibration-group="" calibration-sensor="" customer-sensor="" data-type="float" deadband="0" description="" display-format="4.2f" display-range-maximum="100" display-range-minimum="0" domain-id="10" engineering-unit="%" export-for-steady-state="true" fixed-sensor="" fullset-stability="false" gid="3171" group="" idds-hardware-name="EMSParm_1171" is-continuous-log="true" is-critical="false" is-enabled="true" logical-id="devEMS" partition="Streaming" quality-ceiling="good" rtd-reference-channel="" signal-id="" subsystem-name="IDDS" subsystem-type="iDDS" topic="ParameterDataSeries">
                    <alarm-limits/>
                </instance>
                <instance name="EMSParm_1181" acquisition-rate="10" alternate-name="" calibration-group="" calibration-sensor="" customer-sensor="" data-type="float" deadband="0" description="" display-format="4.2f" display-range-maximum="100" display-range-minimum="0" domain-id="10" engineering-unit="%" export-for-steady-state="true" fixed-sensor="" fullset-stability="false" gid="3181" group="" idds-hardware-name="EMSParm_1181" is-continuous-log="true" is-critical="false" is-enabled="true" logical-id="devEMS" partition="Streaming" quality-ceiling="good" rtd-reference-channel="" signal-id="" subsystem-name="IDDS" subsystem-type="iDDS" topic="ParameterDataSeries">
                    <alarm-limits/>
                </instance>
                <instance name="EMSParm_897" acquisition-rate="10" alternate-name="" calibration-group="" calibration-sensor="" customer-sensor="" data-type="float" deadband="0" description="" display-format="4.2f" display-range-maximum="100" display-range-minimum="0" domain-id="10" engineering-unit="%" export-for-steady-state="true" fixed-sensor="" fullset-stability="false" gid="2897" group="" idds-hardware-name="EMSParm_897" is-continuous-log="true" is-critical="false" is-enabled="true" logical-id="devEMS" partition="Streaming" quality-ceiling="good" rtd-reference-channel="" signal-id="" subsystem-name="IDDS" subsystem-type="iDDS" topic="ParameterDataSeries">
                    <alarm-limits/>
                </instance>
                <instance name="EMSParm_1235" acquisition-rate="10" alternate-name="" calibration-group="" calibration-sensor="" customer-sensor="" data-type="float" deadband="0" description="" display-format="4.2f" display-range-maximum="100" display-range-minimum="0" domain-id="10" engineering-unit="%" export-for-steady-state="true" fixed-sensor="" fullset-stability="false" gid="3235" group="" idds-hardware-name="EMSParm_1235" is-continuous-log="true" is-critical="false" is-enabled="true" logical-id="devEMS" partition="Streaming" quality-ceiling="good" rtd-reference-channel="" signal-id="" subsystem-name="IDDS" subsystem-type="iDDS" topic="ParameterDataSeries">
                    <alarm-limits/>
                </instance>
                <instance name="EMSParm_895" acquisition-rate="10" alternate-name="" calibration-group="" calibration-sensor="" customer-sensor="" data-type="float" deadband="0" description="" display-format="4.2f" display-range-maximum="100" display-range-minimum="0" domain-id="10" engineering-unit="%" export-for-steady-state="true" fixed-sensor="" fullset-stability="false" gid="2895" group="" idds-hardware-name="EMSParm_895" is-continuous-log="true" is-critical="false" is-enabled="true" logical-id="devEMS" partition="Streaming" quality-ceiling="good" rtd-reference-channel="" signal-id="" subsystem-name="IDDS" subsystem-type="iDDS" topic="ParameterDataSeries">
                    <alarm-limits/>
                </instance>
                <instance name="EMSParm_1557" acquisition-rate="10" alternate-name="" calibration-group="" calibration-sensor="" customer-sensor="" data-type="float" deadband="0" description="" display-format="4.2f" display-range-maximum="100" display-range-minimum="0" domain-id="10" engineering-unit="%" export-for-steady-state="true" fixed-sensor="" fullset-stability="false" gid="3557" group="" idds-hardware-name="EMSParm_1557" is-continuous-log="true" is-critical="false" is-enabled="true" logical-id="devEMS" partition="Streaming" quality-ceiling="good" rtd-reference-channel="" signal-id="" subsystem-name="IDDS" subsystem-type="iDDS" topic="ParameterDataSeries">
                    <alarm-limits/>
                </instance>
                <instance name="EMSParm_303" acquisition-rate="10" alternate-name="" calibration-group="" calibration-sensor="" customer-sensor="" data-type="float" deadband="0" description="" display-format="4.2f" display-range-maximum="100" display-range-minimum="0" domain-id="10" engineering-unit="%" export-for-steady-state="true" fixed-sensor="" fullset-stability="false" gid="2303" group="" idds-hardware-name="EMSParm_303" is-continuous-log="true" is-critical="false" is-enabled="true" logical-id="devEMS" partition="Streaming" quality-ceiling="good" rtd-reference-channel="" signal-id="" subsystem-name="IDDS" subsystem-type="iDDS" topic="ParameterDataSeries">
                    <alarm-limits/>
                </instance>
                <instance name="EMSParm_46" acquisition-rate="10" alternate-name="" calibration-group="" calibration-sensor="" customer-sensor="" data-type="float" deadband="0" description="" display-format="4.2f" display-range-maximum="100" display-range-minimum="0" domain-id="10" engineering-unit="%" export-for-steady-state="true" fixed-sensor="" fullset-stability="false" gid="2046" group="" idds-hardware-name="EMSParm_46" is-continuous-log="true" is-critical="false" is-enabled="true" logical-id="devEMS" partition="Streaming" quality-ceiling="good" rtd-reference-channel="" signal-id="" subsystem-name="IDDS" subsystem-type="iDDS" topic="ParameterDataSeries">
                    <alarm-limits/>
                </instance>
                <instance name="EMSParm_843" acquisition-rate="10" alternate-name="" calibration-group="" calibration-sensor="" customer-sensor="" data-type="float" deadband="0" description="" display-format="4.2f" display-range-maximum="100" display-range-minimum="0" domain-id="10" engineering-unit="%" export-for-steady-state="true" fixed-sensor="" fullset-stability="false" gid="2843" group="" idds-hardware-name="EMSParm_843" is-continuous-log="true" is-critical="false" is-enabled="true" logical-id="devEMS" partition="Streaming" quality-ceiling="good" rtd-reference-channel="" signal-id="" subsystem-name="IDDS" subsystem-type="iDDS" topic="ParameterDataSeries">
                    <alarm-limits/>
                </instance>
                <instance name="EMSParm_1276" acquisition-rate="10" alternate-name="" calibration-group="" calibration-sensor="" customer-sensor="" data-type="float" deadband="0" description="" display-format="4.2f" display-range-maximum="100" display-range-minimum="0" domain-id="10" engineering-unit="%" export-for-steady-state="true" fixed-sensor="" fullset-stability="false" gid="3276" group="" idds-hardware-name="EMSParm_1276" is-continuous-log="true" is-critical="false" is-enabled="true" logical-id="devEMS" partition="Streaming" quality-ceiling="good" rtd-reference-channel="" signal-id="" subsystem-name="IDDS" subsystem-type="iDDS" topic="ParameterDataSeries">
                    <alarm-limits/>
                </instance>
                <instance name="EMSParm_271" acquisition-rate="10" alternate-name="" calibration-group="" calibration-sensor="" customer-sensor="" data-type="float" deadband="0" description="" display-format="4.2f" display-range-maximum="100" display-range-minimum="0" domain-id="10" engineering-unit="%" export-for-steady-state="true" fixed-sensor="" fullset-stability="false" gid="2271" group="" idds-hardware-name="EMSParm_271" is-continuous-log="true" is-critical="false" is-enabled="true" logical-id="devEMS" partition="Streaming" quality-ceiling="good" rtd-reference-channel="" signal-id="" subsystem-name="IDDS" subsystem-type="iDDS" topic="ParameterDataSeries">
                    <alarm-limits/>
                </instance>
                <instance name="EMSParm_179" acquisition-rate="10" alternate-name="" calibration-group="" calibration-sensor="" customer-sensor="" data-type="float" deadband="0" description="" display-format="4.2f" display-range-maximum="100" display-range-minimum="0" domain-id="10" engineering-unit="%" export-for-steady-state="true" fixed-sensor="" fullset-stability="false" gid="2179" group="" idds-hardware-name="EMSParm_179" is-continuous-log="true" is-critical="false" is-enabled="true" logical-id="devEMS" partition="Streaming" quality-ceiling="good" rtd-reference-channel="" signal-id="" subsystem-name="IDDS" subsystem-type="iDDS" topic="ParameterDataSeries">
                    <alarm-limits/>
                </instance>
                <instance name="EMSParm_702" acquisition-rate="10" alternate-name="" calibration-group="" calibration-sensor="" customer-sensor="" data-type="float" deadband="0" description="" display-format="4.2f" display-range-maximum="100" display-range-minimum="0" domain-id="10" engineering-unit="%" export-for-steady-state="true" fixed-sensor="" fullset-stability="false" gid="2702" group="" idds-hardware-name="EMSParm_702" is-continuous-log="true" is-critical="false" is-enabled="true" logical-id="devEMS" partition="Streaming" quality-ceiling="good" rtd-reference-channel="" signal-id="" subsystem-name="IDDS" subsystem-type="iDDS" topic="ParameterDataSeries">
                    <alarm-limits/>
                </instance>
                <instance name="EMSParm_51" acquisition-rate="10" alternate-name="" calibration-group="" calibration-sensor="" customer-sensor="" data-type="float" deadband="0" description="" display-format="4.2f" display-range-maximum="100" display-range-minimum="0" domain-id="10" engineering-unit="%" export-for-steady-state="true" fixed-sensor="" fullset-stability="false" gid="2051" group="" idds-hardware-name="EMSParm_51" is-continuous-log="true" is-critical="false" is-enabled="true" logical-id="devEMS" partition="Streaming" quality-ceiling="good" rtd-reference-channel="" signal-id="" subsystem-name="IDDS" subsystem-type="iDDS" topic="ParameterDataSeries">
                    <alarm-limits/>
                </instance>
                <instance name="EMSParm_1590" acquisition-rate="10" alternate-name="" calibration-group="" calibration-sensor="" customer-sensor="" data-type="float" deadband="0" description="" display-format="4.2f" display-range-maximum="100" display-range-minimum="0" domain-id="10" engineering-unit="%" export-for-steady-state="true" fixed-sensor="" fullset-stability="false" gid="3590" group="" idds-hardware-name="EMSParm_1590" is-continuous-log="true" is-critical="false" is-enabled="true" logical-id="devEMS" partition="Streaming" quality-ceiling="good" rtd-reference-channel="" signal-id="" subsystem-name="IDDS" subsystem-type="iDDS" topic="ParameterDataSeries">
                    <alarm-limits/>
                </instance>
                <instance name="EMSParm_989" acquisition-rate="10" alternate-name="" calibration-group="" calibration-sensor="" customer-sensor="" data-type="float" deadband="0" description="" display-format="4.2f" display-range-maximum="100" display-range-minimum="0" domain-id="10" engineering-unit="%" export-for-steady-state="true" fixed-sensor="" fullset-stability="false" gid="2989" group="" idds-hardware-name="EMSParm_989" is-continuous-log="true" is-critical="false" is-enabled="true" logical-id="devEMS" partition="Streaming" quality-ceiling="good" rtd-reference-channel="" signal-id="" subsystem-name="IDDS" subsystem-type="iDDS" topic="ParameterDataSeries">
                    <alarm-limits/>
                </instance>
                <instance name="EMSParm_997" acquisition-rate="10" alternate-name="" calibration-group="" calibration-sensor="" customer-sensor="" data-type="float" deadband="0" description="" display-format="4.2f" display-range-maximum="100" display-range-minimum="0" domain-id="10" engineering-unit="%" export-for-steady-state="true" fixed-sensor="" fullset-stability="false" gid="2997" group="" idds-hardware-name="EMSParm_997" is-continuous-log="true" is-critical="false" is-enabled="true" logical-id="devEMS" partition="Streaming" quality-ceiling="good" rtd-reference-channel="" signal-id="" subsystem-name="IDDS" subsystem-type="iDDS" topic="ParameterDataSeries">
                    <alarm-limits/>
                </instance>
                <instance name="T000039" acquisition-rate="10" alternate-name="" calibration-group="" calibration-sensor="" customer-sensor="" data-type="float" deadband="0" description="" display-format="4.2f" display-range-maximum="100" display-range-minimum="0" domain-id="2" engineering-unit="degC" export-for-steady-state="true" fixed-sensor="" fullset-stability="false" gid="5039" group="" idds-hardware-name="SCUTRDEMO_Ch39" is-continuous-log="true" is-critical="false" is-enabled="true" logical-id="scutrsim" partition="Streaming" quality-ceiling="good" rtd-reference-channel="" signal-id="" subsystem-name="IDDS" subsystem-type="iDDS" topic="ParameterDataSeries">
                    <alarm-limits/>
                </instance>
                <instance name="EMSParm_27" acquisition-rate="10" alternate-name="" calibration-group="" calibration-sensor="" customer-sensor="" data-type="float" deadband="0" description="" display-format="4.2f" display-range-maximum="100" display-range-minimum="0" domain-id="10" engineering-unit="%" export-for-steady-state="true" fixed-sensor="" fullset-stability="false" gid="2027" group="" idds-hardware-name="EMSParm_27" is-continuous-log="true" is-critical="false" is-enabled="true" logical-id="devEMS" partition="Streaming" quality-ceiling="good" rtd-reference-channel="" signal-id="" subsystem-name="IDDS" subsystem-type="iDDS" topic="ParameterDataSeries">
                    <alarm-limits/>
                </instance>
                <instance name="EMSParm_1365" acquisition-rate="10" alternate-name="" calibration-group="" calibration-sensor="" customer-sensor="" data-type="float" deadband="0" description="" display-format="4.2f" display-range-maximum="100" display-range-minimum="0" domain-id="10" engineering-unit="%" export-for-steady-state="true" fixed-sensor="" fullset-stability="false" gid="3365" group="" idds-hardware-name="EMSParm_1365" is-continuous-log="true" is-critical="false" is-enabled="true" logical-id="devEMS" partition="Streaming" quality-ceiling="good" rtd-reference-channel="" signal-id="" subsystem-name="IDDS" subsystem-type="iDDS" topic="ParameterDataSeries">
                    <alarm-limits/>
                </instance>
                <instance name="EMSParm_138" acquisition-rate="10" alternate-name="" calibration-group="" calibration-sensor="" customer-sensor="" data-type="float" deadband="0" description="" display-format="4.2f" display-range-maximum="100" display-range-minimum="0" domain-id="10" engineering-unit="%" export-for-steady-state="true" fixed-sensor="" fullset-stability="false" gid="2138" group="" idds-hardware-name="EMSParm_138" is-continuous-log="true" is-critical="false" is-enabled="true" logical-id="devEMS" partition="Streaming" quality-ceiling="good" rtd-reference-channel="" signal-id="" subsystem-name="IDDS" subsystem-type="iDDS" topic="ParameterDataSeries">
                    <alarm-limits/>
                </instance>
                <instance name="EMSParm_1463" acquisition-rate="10" alternate-name="" calibration-group="" calibration-sensor="" customer-sensor="" data-type="float" deadband="0" description="" display-format="4.2f" display-range-maximum="100" display-range-minimum="0" domain-id="10" engineering-unit="%" export-for-steady-state="true" fixed-sensor="" fullset-stability="false" gid="3463" group="" idds-hardware-name="EMSParm_1463" is-continuous-log="true" is-critical="false" is-enabled="true" logical-id="devEMS" partition="Streaming" quality-ceiling="good" rtd-reference-channel="" signal-id="" subsystem-name="IDDS" subsystem-type="iDDS" topic="ParameterDataSeries">
                    <alarm-limits/>
                </instance>
                <instance name="EMSParm_887" acquisition-rate="10" alternate-name="" calibration-group="" calibration-sensor="" customer-sensor="" data-type="float" deadband="0" description="" display-format="4.2f" display-range-maximum="100" display-range-minimum="0" domain-id="10" engineering-unit="%" export-for-steady-state="true" fixed-sensor="" fullset-stability="false" gid="2887" group="" idds-hardware-name="EMSParm_887" is-continuous-log="true" is-critical="false" is-enabled="true" logical-id="devEMS" partition="Streaming" quality-ceiling="good" rtd-reference-channel="" signal-id="" subsystem-name="IDDS" subsystem-type="iDDS" topic="ParameterDataSeries">
                    <alarm-limits/>
                </instance>
                <instance name="EMSParm_1274" acquisition-rate="10" alternate-name="" calibration-group="" calibration-sensor="" customer-sensor="" data-type="float" deadband="0" description="" display-format="4.2f" display-range-maximum="100" display-range-minimum="0" domain-id="10" engineering-unit="%" export-for-steady-state="true" fixed-sensor="" fullset-stability="false" gid="3274" group="" idds-hardware-name="EMSParm_1274" is-continuous-log="true" is-critical="false" is-enabled="true" logical-id="devEMS" partition="Streaming" quality-ceiling="good" rtd-reference-channel="" signal-id="" subsystem-name="IDDS" subsystem-type="iDDS" topic="ParameterDataSeries">
                    <alarm-limits/>
                </instance>
                <instance name="EMSParm_680" acquisition-rate="10" alternate-name="" calibration-group="" calibration-sensor="" customer-sensor="" data-type="float" deadband="0" description="" display-format="4.2f" display-range-maximum="100" display-range-minimum="0" domain-id="10" engineering-unit="%" export-for-steady-state="true" fixed-sensor="" fullset-stability="false" gid="2680" group="" idds-hardware-name="EMSParm_680" is-continuous-log="true" is-critical="false" is-enabled="true" logical-id="devEMS" partition="Streaming" quality-ceiling="good" rtd-reference-channel="" signal-id="" subsystem-name="IDDS" subsystem-type="iDDS" topic="ParameterDataSeries">
                    <alarm-limits/>
                </instance>
                <instance name="EMSParm_287" acquisition-rate="10" alternate-name="" calibration-group="" calibration-sensor="" customer-sensor="" data-type="float" deadband="0" description="" display-format="4.2f" display-range-maximum="100" display-range-minimum="0" domain-id="10" engineering-unit="%" export-for-steady-state="true" fixed-sensor="" fullset-stability="false" gid="2287" group="" idds-hardware-name="EMSParm_287" is-continuous-log="true" is-critical="false" is-enabled="true" logical-id="devEMS" partition="Streaming" quality-ceiling="good" rtd-reference-channel="" signal-id="" subsystem-name="IDDS" subsystem-type="iDDS" topic="ParameterDataSeries">
                    <alarm-limits/>
                </instance>
                <instance name="EMSParm_730" acquisition-rate="10" alternate-name="" calibration-group="" calibration-sensor="" customer-sensor="" data-type="float" deadband="0" description="" display-format="4.2f" display-range-maximum="100" display-range-minimum="0" domain-id="10" engineering-unit="%" export-for-steady-state="true" fixed-sensor="" fullset-stability="false" gid="2730" group="" idds-hardware-name="EMSParm_730" is-continuous-log="true" is-critical="false" is-enabled="true" logical-id="devEMS" partition="Streaming" quality-ceiling="good" rtd-reference-channel="" signal-id="" subsystem-name="IDDS" subsystem-type="iDDS" topic="ParameterDataSeries">
                    <alarm-limits/>
                </instance>
                <instance name="EMSParm_1310" acquisition-rate="10" alternate-name="" calibration-group="" calibration-sensor="" customer-sensor="" data-type="float" deadband="0" description="" display-format="4.2f" display-range-maximum="100" display-range-minimum="0" domain-id="10" engineering-unit="%" export-for-steady-state="true" fixed-sensor="" fullset-stability="false" gid="3310" group="" idds-hardware-name="EMSParm_1310" is-continuous-log="true" is-critical="false" is-enabled="true" logical-id="devEMS" partition="Streaming" quality-ceiling="good" rtd-reference-channel="" signal-id="" subsystem-name="IDDS" subsystem-type="iDDS" topic="ParameterDataSeries">
                    <alarm-limits/>
                </instance>
                <instance name="EMSParm_483" acquisition-rate="10" alternate-name="" calibration-group="" calibration-sensor="" customer-sensor="" data-type="float" deadband="0" description="" display-format="4.2f" display-range-maximum="100" display-range-minimum="0" domain-id="10" engineering-unit="%" export-for-steady-state="true" fixed-sensor="" fullset-stability="false" gid="2483" group="" idds-hardware-name="EMSParm_483" is-continuous-log="true" is-critical="false" is-enabled="true" logical-id="devEMS" partition="Streaming" quality-ceiling="good" rtd-reference-channel="" signal-id="" subsystem-name="IDDS" subsystem-type="iDDS" topic="ParameterDataSeries">
                    <alarm-limits/>
                </instance>
                <instance name="EMSParm_810" acquisition-rate="10" alternate-name="" calibration-group="" calibration-sensor="" customer-sensor="" data-type="float" deadband="0" description="" display-format="4.2f" display-range-maximum="100" display-range-minimum="0" domain-id="10" engineering-unit="%" export-for-steady-state="true" fixed-sensor="" fullset-stability="false" gid="2810" group="" idds-hardware-name="EMSParm_810" is-continuous-log="true" is-critical="false" is-enabled="true" logical-id="devEMS" partition="Streaming" quality-ceiling="good" rtd-reference-channel="" signal-id="" subsystem-name="IDDS" subsystem-type="iDDS" topic="ParameterDataSeries">
                    <alarm-limits/>
                </instance>
                <instance name="EMSParm_947" acquisition-rate="10" alternate-name="" calibration-group="" calibration-sensor="" customer-sensor="" data-type="float" deadband="0" description="" display-format="4.2f" display-range-maximum="100" display-range-minimum="0" domain-id="10" engineering-unit="%" export-for-steady-state="true" fixed-sensor="" fullset-stability="false" gid="2947" group="" idds-hardware-name="EMSParm_947" is-continuous-log="true" is-critical="false" is-enabled="true" logical-id="devEMS" partition="Streaming" quality-ceiling="good" rtd-reference-channel="" signal-id="" subsystem-name="IDDS" subsystem-type="iDDS" topic="ParameterDataSeries">
                    <alarm-limits/>
                </instance>
                <instance name="EMSParm_451" acquisition-rate="10" alternate-name="" calibration-group="" calibration-sensor="" customer-sensor="" data-type="float" deadband="0" description="" display-format="4.2f" display-range-maximum="100" display-range-minimum="0" domain-id="10" engineering-unit="%" export-for-steady-state="true" fixed-sensor="" fullset-stability="false" gid="2451" group="" idds-hardware-name="EMSParm_451" is-continuous-log="true" is-critical="false" is-enabled="true" logical-id="devEMS" partition="Streaming" quality-ceiling="good" rtd-reference-channel="" signal-id="" subsystem-name="IDDS" subsystem-type="iDDS" topic="ParameterDataSeries">
                    <alarm-limits/>
                </instance>
                <instance name="EMSParm_776" acquisition-rate="10" alternate-name="" calibration-group="" calibration-sensor="" customer-sensor="" data-type="float" deadband="0" description="" display-format="4.2f" display-range-maximum="100" display-range-minimum="0" domain-id="10" engineering-unit="%" export-for-steady-state="true" fixed-sensor="" fullset-stability="false" gid="2776" group="" idds-hardware-name="EMSParm_776" is-continuous-log="true" is-critical="false" is-enabled="true" logical-id="devEMS" partition="Streaming" quality-ceiling="good" rtd-reference-channel="" signal-id="" subsystem-name="IDDS" subsystem-type="iDDS" topic="ParameterDataSeries">
                    <alarm-limits/>
                </instance>
                <instance name="EMSParm_841" acquisition-rate="10" alternate-name="" calibration-group="" calibration-sensor="" customer-sensor="" data-type="float" deadband="0" description="" display-format="4.2f" display-range-maximum="100" display-range-minimum="0" domain-id="10" engineering-unit="%" export-for-steady-state="true" fixed-sensor="" fullset-stability="false" gid="2841" group="" idds-hardware-name="EMSParm_841" is-continuous-log="true" is-critical="false" is-enabled="true" logical-id="devEMS" partition="Streaming" quality-ceiling="good" rtd-reference-channel="" signal-id="" subsystem-name="IDDS" subsystem-type="iDDS" topic="ParameterDataSeries">
                    <alarm-limits/>
                </instance>
                <instance name="EMSParm_1177" acquisition-rate="10" alternate-name="" calibration-group="" calibration-sensor="" customer-sensor="" data-type="float" deadband="0" description="" display-format="4.2f" display-range-maximum="100" display-range-minimum="0" domain-id="10" engineering-unit="%" export-for-steady-state="true" fixed-sensor="" fullset-stability="false" gid="3177" group="" idds-hardware-name="EMSParm_1177" is-continuous-log="true" is-critical="false" is-enabled="true" logical-id="devEMS" partition="Streaming" quality-ceiling="good" rtd-reference-channel="" signal-id="" subsystem-name="IDDS" subsystem-type="iDDS" topic="ParameterDataSeries">
                    <alarm-limits/>
                </instance>
                <instance name="EMSParm_469" acquisition-rate="10" alternate-name="" calibration-group="" calibration-sensor="" customer-sensor="" data-type="float" deadband="0" description="" display-format="4.2f" display-range-maximum="100" display-range-minimum="0" domain-id="10" engineering-unit="%" export-for-steady-state="true" fixed-sensor="" fullset-stability="false" gid="2469" group="" idds-hardware-name="EMSParm_469" is-continuous-log="true" is-critical="false" is-enabled="true" logical-id="devEMS" partition="Streaming" quality-ceiling="good" rtd-reference-channel="" signal-id="" subsystem-name="IDDS" subsystem-type="iDDS" topic="ParameterDataSeries">
                    <alarm-limits/>
                </instance>
                <instance name="EMSParm_200" acquisition-rate="10" alternate-name="" calibration-group="" calibration-sensor="" customer-sensor="" data-type="float" deadband="0" description="" display-format="4.2f" display-range-maximum="100" display-range-minimum="0" domain-id="10" engineering-unit="%" export-for-steady-state="true" fixed-sensor="" fullset-stability="false" gid="2200" group="" idds-hardware-name="EMSParm_200" is-continuous-log="true" is-critical="false" is-enabled="true" logical-id="devEMS" partition="Streaming" quality-ceiling="good" rtd-reference-channel="" signal-id="" subsystem-name="IDDS" subsystem-type="iDDS" topic="ParameterDataSeries">
                    <alarm-limits/>
                </instance>
                <instance name="EMSParm_12" acquisition-rate="10" alternate-name="" calibration-group="" calibration-sensor="" customer-sensor="" data-type="float" deadband="0" description="" display-format="4.2f" display-range-maximum="100" display-range-minimum="0" domain-id="10" engineering-unit="%" export-for-steady-state="true" fixed-sensor="" fullset-stability="false" gid="2012" group="" idds-hardware-name="EMSParm_12" is-continuous-log="true" is-critical="false" is-enabled="true" logical-id="devEMS" partition="Streaming" quality-ceiling="good" rtd-reference-channel="" signal-id="" subsystem-name="IDDS" subsystem-type="iDDS" topic="ParameterDataSeries">
                    <alarm-limits/>
                </instance>
                <instance name="EMSParm_1115" acquisition-rate="10" alternate-name="" calibration-group="" calibration-sensor="" customer-sensor="" data-type="float" deadband="0" description="" display-format="4.2f" display-range-maximum="100" display-range-minimum="0" domain-id="10" engineering-unit="%" export-for-steady-state="true" fixed-sensor="" fullset-stability="false" gid="3115" group="" idds-hardware-name="EMSParm_1115" is-continuous-log="true" is-critical="false" is-enabled="true" logical-id="devEMS" partition="Streaming" quality-ceiling="good" rtd-reference-channel="" signal-id="" subsystem-name="IDDS" subsystem-type="iDDS" topic="ParameterDataSeries">
                    <alarm-limits/>
                </instance>
                <instance name="EMSParm_26" acquisition-rate="10" alternate-name="" calibration-group="" calibration-sensor="" customer-sensor="" data-type="float" deadband="0" description="" display-format="4.2f" display-range-maximum="100" display-range-minimum="0" domain-id="10" engineering-unit="%" export-for-steady-state="true" fixed-sensor="" fullset-stability="false" gid="2026" group="" idds-hardware-name="EMSParm_26" is-continuous-log="true" is-critical="false" is-enabled="true" logical-id="devEMS" partition="Streaming" quality-ceiling="good" rtd-reference-channel="" signal-id="" subsystem-name="IDDS" subsystem-type="iDDS" topic="ParameterDataSeries">
                    <alarm-limits/>
                </instance>
                <instance name="EMSParm_849" acquisition-rate="10" alternate-name="" calibration-group="" calibration-sensor="" customer-sensor="" data-type="float" deadband="0" description="" display-format="4.2f" display-range-maximum="100" display-range-minimum="0" domain-id="10" engineering-unit="%" export-for-steady-state="true" fixed-sensor="" fullset-stability="false" gid="2849" group="" idds-hardware-name="EMSParm_849" is-continuous-log="true" is-critical="false" is-enabled="true" logical-id="devEMS" partition="Streaming" quality-ceiling="good" rtd-reference-channel="" signal-id="" subsystem-name="IDDS" subsystem-type="iDDS" topic="ParameterDataSeries">
                    <alarm-limits/>
                </instance>
                <instance name="EMSParm_1561" acquisition-rate="10" alternate-name="" calibration-group="" calibration-sensor="" customer-sensor="" data-type="float" deadband="0" description="" display-format="4.2f" display-range-maximum="100" display-range-minimum="0" domain-id="10" engineering-unit="%" export-for-steady-state="true" fixed-sensor="" fullset-stability="false" gid="3561" group="" idds-hardware-name="EMSParm_1561" is-continuous-log="true" is-critical="false" is-enabled="true" logical-id="devEMS" partition="Streaming" quality-ceiling="good" rtd-reference-channel="" signal-id="" subsystem-name="IDDS" subsystem-type="iDDS" topic="ParameterDataSeries">
                    <alarm-limits/>
                </instance>
                <instance name="EMSParm_956" acquisition-rate="10" alternate-name="" calibration-group="" calibration-sensor="" customer-sensor="" data-type="float" deadband="0" description="" display-format="4.2f" display-range-maximum="100" display-range-minimum="0" domain-id="10" engineering-unit="%" export-for-steady-state="true" fixed-sensor="" fullset-stability="false" gid="2956" group="" idds-hardware-name="EMSParm_956" is-continuous-log="true" is-critical="false" is-enabled="true" logical-id="devEMS" partition="Streaming" quality-ceiling="good" rtd-reference-channel="" signal-id="" subsystem-name="IDDS" subsystem-type="iDDS" topic="ParameterDataSeries">
                    <alarm-limits/>
                </instance>
                <instance name="EMSParm_1041" acquisition-rate="10" alternate-name="" calibration-group="" calibration-sensor="" customer-sensor="" data-type="float" deadband="0" description="" display-format="4.2f" display-range-maximum="100" display-range-minimum="0" domain-id="10" engineering-unit="%" export-for-steady-state="true" fixed-sensor="" fullset-stability="false" gid="3041" group="" idds-hardware-name="EMSParm_1041" is-continuous-log="true" is-critical="false" is-enabled="true" logical-id="devEMS" partition="Streaming" quality-ceiling="good" rtd-reference-channel="" signal-id="" subsystem-name="IDDS" subsystem-type="iDDS" topic="ParameterDataSeries">
                    <alarm-limits/>
                </instance>
                <instance name="EMSParm_794" acquisition-rate="10" alternate-name="" calibration-group="" calibration-sensor="" customer-sensor="" data-type="float" deadband="0" description="" display-format="4.2f" display-range-maximum="100" display-range-minimum="0" domain-id="10" engineering-unit="%" export-for-steady-state="true" fixed-sensor="" fullset-stability="false" gid="2794" group="" idds-hardware-name="EMSParm_794" is-continuous-log="true" is-critical="false" is-enabled="true" logical-id="devEMS" partition="Streaming" quality-ceiling="good" rtd-reference-channel="" signal-id="" subsystem-name="IDDS" subsystem-type="iDDS" topic="ParameterDataSeries">
                    <alarm-limits/>
                </instance>
                <instance name="EMSParm_326" acquisition-rate="10" alternate-name="" calibration-group="" calibration-sensor="" customer-sensor="" data-type="float" deadband="0" description="" display-format="4.2f" display-range-maximum="100" display-range-minimum="0" domain-id="10" engineering-unit="%" export-for-steady-state="true" fixed-sensor="" fullset-stability="false" gid="2326" group="" idds-hardware-name="EMSParm_326" is-continuous-log="true" is-critical="false" is-enabled="true" logical-id="devEMS" partition="Streaming" quality-ceiling="good" rtd-reference-channel="" signal-id="" subsystem-name="IDDS" subsystem-type="iDDS" topic="ParameterDataSeries">
                    <alarm-limits/>
                </instance>
                <instance name="EMSParm_1386" acquisition-rate="10" alternate-name="" calibration-group="" calibration-sensor="" customer-sensor="" data-type="float" deadband="0" description="" display-format="4.2f" display-range-maximum="100" display-range-minimum="0" domain-id="10" engineering-unit="%" export-for-steady-state="true" fixed-sensor="" fullset-stability="false" gid="3386" group="" idds-hardware-name="EMSParm_1386" is-continuous-log="true" is-critical="false" is-enabled="true" logical-id="devEMS" partition="Streaming" quality-ceiling="good" rtd-reference-channel="" signal-id="" subsystem-name="IDDS" subsystem-type="iDDS" topic="ParameterDataSeries">
                    <alarm-limits/>
                </instance>
                <instance name="EMSParm_400" acquisition-rate="10" alternate-name="" calibration-group="" calibration-sensor="" customer-sensor="" data-type="float" deadband="0" description="" display-format="4.2f" display-range-maximum="100" display-range-minimum="0" domain-id="10" engineering-unit="%" export-for-steady-state="true" fixed-sensor="" fullset-stability="false" gid="2400" group="" idds-hardware-name="EMSParm_400" is-continuous-log="true" is-critical="false" is-enabled="true" logical-id="devEMS" partition="Streaming" quality-ceiling="good" rtd-reference-channel="" signal-id="" subsystem-name="IDDS" subsystem-type="iDDS" topic="ParameterDataSeries">
                    <alarm-limits/>
                </instance>
                <instance name="EMSParm_427" acquisition-rate="10" alternate-name="" calibration-group="" calibration-sensor="" customer-sensor="" data-type="float" deadband="0" description="" display-format="4.2f" display-range-maximum="100" display-range-minimum="0" domain-id="10" engineering-unit="%" export-for-steady-state="true" fixed-sensor="" fullset-stability="false" gid="2427" group="" idds-hardware-name="EMSParm_427" is-continuous-log="true" is-critical="false" is-enabled="true" logical-id="devEMS" partition="Streaming" quality-ceiling="good" rtd-reference-channel="" signal-id="" subsystem-name="IDDS" subsystem-type="iDDS" topic="ParameterDataSeries">
                    <alarm-limits/>
                </instance>
                <instance name="EMSParm_97" acquisition-rate="10" alternate-name="" calibration-group="" calibration-sensor="" customer-sensor="" data-type="float" deadband="0" description="" display-format="4.2f" display-range-maximum="100" display-range-minimum="0" domain-id="10" engineering-unit="%" export-for-steady-state="true" fixed-sensor="" fullset-stability="false" gid="2097" group="" idds-hardware-name="EMSParm_97" is-continuous-log="true" is-critical="false" is-enabled="true" logical-id="devEMS" partition="Streaming" quality-ceiling="good" rtd-reference-channel="" signal-id="" subsystem-name="IDDS" subsystem-type="iDDS" topic="ParameterDataSeries">
                    <alarm-limits/>
                </instance>
                <instance name="EMSParm_781" acquisition-rate="10" alternate-name="" calibration-group="" calibration-sensor="" customer-sensor="" data-type="float" deadband="0" description="" display-format="4.2f" display-range-maximum="100" display-range-minimum="0" domain-id="10" engineering-unit="%" export-for-steady-state="true" fixed-sensor="" fullset-stability="false" gid="2781" group="" idds-hardware-name="EMSParm_781" is-continuous-log="true" is-critical="false" is-enabled="true" logical-id="devEMS" partition="Streaming" quality-ceiling="good" rtd-reference-channel="" signal-id="" subsystem-name="IDDS" subsystem-type="iDDS" topic="ParameterDataSeries">
                    <alarm-limits/>
                </instance>
                <instance name="EMSParm_448" acquisition-rate="10" alternate-name="" calibration-group="" calibration-sensor="" customer-sensor="" data-type="float" deadband="0" description="" display-format="4.2f" display-range-maximum="100" display-range-minimum="0" domain-id="10" engineering-unit="%" export-for-steady-state="true" fixed-sensor="" fullset-stability="false" gid="2448" group="" idds-hardware-name="EMSParm_448" is-continuous-log="true" is-critical="false" is-enabled="true" logical-id="devEMS" partition="Streaming" quality-ceiling="good" rtd-reference-channel="" signal-id="" subsystem-name="IDDS" subsystem-type="iDDS" topic="ParameterDataSeries">
                    <alarm-limits/>
                </instance>
                <instance name="EMSParm_1322" acquisition-rate="10" alternate-name="" calibration-group="" calibration-sensor="" customer-sensor="" data-type="float" deadband="0" description="" display-format="4.2f" display-range-maximum="100" display-range-minimum="0" domain-id="10" engineering-unit="%" export-for-steady-state="true" fixed-sensor="" fullset-stability="false" gid="3322" group="" idds-hardware-name="EMSParm_1322" is-continuous-log="true" is-critical="false" is-enabled="true" logical-id="devEMS" partition="Streaming" quality-ceiling="good" rtd-reference-channel="" signal-id="" subsystem-name="IDDS" subsystem-type="iDDS" topic="ParameterDataSeries">
                    <alarm-limits/>
                </instance>
                <instance name="T000011" acquisition-rate="10" alternate-name="" calibration-group="" calibration-sensor="" customer-sensor="" data-type="float" deadband="0" description="" display-format="4.2f" display-range-maximum="100" display-range-minimum="0" domain-id="2" engineering-unit="degC" export-for-steady-state="true" fixed-sensor="" fullset-stability="false" gid="5011" group="" idds-hardware-name="SCUTRDEMO_Ch11" is-continuous-log="true" is-critical="false" is-enabled="true" logical-id="scutrsim" partition="Streaming" quality-ceiling="good" rtd-reference-channel="" signal-id="" subsystem-name="IDDS" subsystem-type="iDDS" topic="ParameterDataSeries">
                    <alarm-limits/>
                </instance>
                <instance name="EMSParm_229" acquisition-rate="10" alternate-name="" calibration-group="" calibration-sensor="" customer-sensor="" data-type="float" deadband="0" description="" display-format="4.2f" display-range-maximum="100" display-range-minimum="0" domain-id="10" engineering-unit="%" export-for-steady-state="true" fixed-sensor="" fullset-stability="false" gid="2229" group="" idds-hardware-name="EMSParm_229" is-continuous-log="true" is-critical="false" is-enabled="true" logical-id="devEMS" partition="Streaming" quality-ceiling="good" rtd-reference-channel="" signal-id="" subsystem-name="IDDS" subsystem-type="iDDS" topic="ParameterDataSeries">
                    <alarm-limits/>
                </instance>
                <instance name="EMSParm_779" acquisition-rate="10" alternate-name="" calibration-group="" calibration-sensor="" customer-sensor="" data-type="float" deadband="0" description="" display-format="4.2f" display-range-maximum="100" display-range-minimum="0" domain-id="10" engineering-unit="%" export-for-steady-state="true" fixed-sensor="" fullset-stability="false" gid="2779" group="" idds-hardware-name="EMSParm_779" is-continuous-log="true" is-critical="false" is-enabled="true" logical-id="devEMS" partition="Streaming" quality-ceiling="good" rtd-reference-channel="" signal-id="" subsystem-name="IDDS" subsystem-type="iDDS" topic="ParameterDataSeries">
                    <alarm-limits/>
                </instance>
                <instance name="EMSParm_1318" acquisition-rate="10" alternate-name="" calibration-group="" calibration-sensor="" customer-sensor="" data-type="float" deadband="0" description="" display-format="4.2f" display-range-maximum="100" display-range-minimum="0" domain-id="10" engineering-unit="%" export-for-steady-state="true" fixed-sensor="" fullset-stability="false" gid="3318" group="" idds-hardware-name="EMSParm_1318" is-continuous-log="true" is-critical="false" is-enabled="true" logical-id="devEMS" partition="Streaming" quality-ceiling="good" rtd-reference-channel="" signal-id="" subsystem-name="IDDS" subsystem-type="iDDS" topic="ParameterDataSeries">
                    <alarm-limits/>
                </instance>
                <instance name="EMSParm_806" acquisition-rate="10" alternate-name="" calibration-group="" calibration-sensor="" customer-sensor="" data-type="float" deadband="0" description="" display-format="4.2f" display-range-maximum="100" display-range-minimum="0" domain-id="10" engineering-unit="%" export-for-steady-state="true" fixed-sensor="" fullset-stability="false" gid="2806" group="" idds-hardware-name="EMSParm_806" is-continuous-log="true" is-critical="false" is-enabled="true" logical-id="devEMS" partition="Streaming" quality-ceiling="good" rtd-reference-channel="" signal-id="" subsystem-name="IDDS" subsystem-type="iDDS" topic="ParameterDataSeries">
                    <alarm-limits/>
                </instance>
                <instance name="EMSParm_1140" acquisition-rate="10" alternate-name="" calibration-group="" calibration-sensor="" customer-sensor="" data-type="float" deadband="0" description="" display-format="4.2f" display-range-maximum="100" display-range-minimum="0" domain-id="10" engineering-unit="%" export-for-steady-state="true" fixed-sensor="" fullset-stability="false" gid="3140" group="" idds-hardware-name="EMSParm_1140" is-continuous-log="true" is-critical="false" is-enabled="true" logical-id="devEMS" partition="Streaming" quality-ceiling="good" rtd-reference-channel="" signal-id="" subsystem-name="IDDS" subsystem-type="iDDS" topic="ParameterDataSeries">
                    <alarm-limits/>
                </instance>
                <instance name="EMSParm_848" acquisition-rate="10" alternate-name="" calibration-group="" calibration-sensor="" customer-sensor="" data-type="float" deadband="0" description="" display-format="4.2f" display-range-maximum="100" display-range-minimum="0" domain-id="10" engineering-unit="%" export-for-steady-state="true" fixed-sensor="" fullset-stability="false" gid="2848" group="" idds-hardware-name="EMSParm_848" is-continuous-log="true" is-critical="false" is-enabled="true" logical-id="devEMS" partition="Streaming" quality-ceiling="good" rtd-reference-channel="" signal-id="" subsystem-name="IDDS" subsystem-type="iDDS" topic="ParameterDataSeries">
                    <alarm-limits/>
                </instance>
                <instance name="EMSParm_1074" acquisition-rate="10" alternate-name="" calibration-group="" calibration-sensor="" customer-sensor="" data-type="float" deadband="0" description="" display-format="4.2f" display-range-maximum="100" display-range-minimum="0" domain-id="10" engineering-unit="%" export-for-steady-state="true" fixed-sensor="" fullset-stability="false" gid="3074" group="" idds-hardware-name="EMSParm_1074" is-continuous-log="true" is-critical="false" is-enabled="true" logical-id="devEMS" partition="Streaming" quality-ceiling="good" rtd-reference-channel="" signal-id="" subsystem-name="IDDS" subsystem-type="iDDS" topic="ParameterDataSeries">
                    <alarm-limits/>
                </instance>
                <instance name="EMSParm_809" acquisition-rate="10" alternate-name="" calibration-group="" calibration-sensor="" customer-sensor="" data-type="float" deadband="0" description="" display-format="4.2f" display-range-maximum="100" display-range-minimum="0" domain-id="10" engineering-unit="%" export-for-steady-state="true" fixed-sensor="" fullset-stability="false" gid="2809" group="" idds-hardware-name="EMSParm_809" is-continuous-log="true" is-critical="false" is-enabled="true" logical-id="devEMS" partition="Streaming" quality-ceiling="good" rtd-reference-channel="" signal-id="" subsystem-name="IDDS" subsystem-type="iDDS" topic="ParameterDataSeries">
                    <alarm-limits/>
                </instance>
                <instance name="EMSParm_1162" acquisition-rate="10" alternate-name="" calibration-group="" calibration-sensor="" customer-sensor="" data-type="float" deadband="0" description="" display-format="4.2f" display-range-maximum="100" display-range-minimum="0" domain-id="10" engineering-unit="%" export-for-steady-state="true" fixed-sensor="" fullset-stability="false" gid="3162" group="" idds-hardware-name="EMSParm_1162" is-continuous-log="true" is-critical="false" is-enabled="true" logical-id="devEMS" partition="Streaming" quality-ceiling="good" rtd-reference-channel="" signal-id="" subsystem-name="IDDS" subsystem-type="iDDS" topic="ParameterDataSeries">
                    <alarm-limits/>
                </instance>
                <instance name="EMSParm_550" acquisition-rate="10" alternate-name="" calibration-group="" calibration-sensor="" customer-sensor="" data-type="float" deadband="0" description="" display-format="4.2f" display-range-maximum="100" display-range-minimum="0" domain-id="10" engineering-unit="%" export-for-steady-state="true" fixed-sensor="" fullset-stability="false" gid="2550" group="" idds-hardware-name="EMSParm_550" is-continuous-log="true" is-critical="false" is-enabled="true" logical-id="devEMS" partition="Streaming" quality-ceiling="good" rtd-reference-channel="" signal-id="" subsystem-name="IDDS" subsystem-type="iDDS" topic="ParameterDataSeries">
                    <alarm-limits/>
                </instance>
                <instance name="EMSParm_1575" acquisition-rate="10" alternate-name="" calibration-group="" calibration-sensor="" customer-sensor="" data-type="float" deadband="0" description="" display-format="4.2f" display-range-maximum="100" display-range-minimum="0" domain-id="10" engineering-unit="%" export-for-steady-state="true" fixed-sensor="" fullset-stability="false" gid="3575" group="" idds-hardware-name="EMSParm_1575" is-continuous-log="true" is-critical="false" is-enabled="true" logical-id="devEMS" partition="Streaming" quality-ceiling="good" rtd-reference-channel="" signal-id="" subsystem-name="IDDS" subsystem-type="iDDS" topic="ParameterDataSeries">
                    <alarm-limits/>
                </instance>
                <instance name="EMSParm_981" acquisition-rate="10" alternate-name="" calibration-group="" calibration-sensor="" customer-sensor="" data-type="float" deadband="0" description="" display-format="4.2f" display-range-maximum="100" display-range-minimum="0" domain-id="10" engineering-unit="%" export-for-steady-state="true" fixed-sensor="" fullset-stability="false" gid="2981" group="" idds-hardware-name="EMSParm_981" is-continuous-log="true" is-critical="false" is-enabled="true" logical-id="devEMS" partition="Streaming" quality-ceiling="good" rtd-reference-channel="" signal-id="" subsystem-name="IDDS" subsystem-type="iDDS" topic="ParameterDataSeries">
                    <alarm-limits/>
                </instance>
                <instance name="EMSParm_1076" acquisition-rate="10" alternate-name="" calibration-group="" calibration-sensor="" customer-sensor="" data-type="float" deadband="0" description="" display-format="4.2f" display-range-maximum="100" display-range-minimum="0" domain-id="10" engineering-unit="%" export-for-steady-state="true" fixed-sensor="" fullset-stability="false" gid="3076" group="" idds-hardware-name="EMSParm_1076" is-continuous-log="true" is-critical="false" is-enabled="true" logical-id="devEMS" partition="Streaming" quality-ceiling="good" rtd-reference-channel="" signal-id="" subsystem-name="IDDS" subsystem-type="iDDS" topic="ParameterDataSeries">
                    <alarm-limits/>
                </instance>
                <instance name="EMSParm_873" acquisition-rate="10" alternate-name="" calibration-group="" calibration-sensor="" customer-sensor="" data-type="float" deadband="0" description="" display-format="4.2f" display-range-maximum="100" display-range-minimum="0" domain-id="10" engineering-unit="%" export-for-steady-state="true" fixed-sensor="" fullset-stability="false" gid="2873" group="" idds-hardware-name="EMSParm_873" is-continuous-log="true" is-critical="false" is-enabled="true" logical-id="devEMS" partition="Streaming" quality-ceiling="good" rtd-reference-channel="" signal-id="" subsystem-name="IDDS" subsystem-type="iDDS" topic="ParameterDataSeries">
                    <alarm-limits/>
                </instance>
                <instance name="EMSParm_526" acquisition-rate="10" alternate-name="" calibration-group="" calibration-sensor="" customer-sensor="" data-type="float" deadband="0" description="" display-format="4.2f" display-range-maximum="100" display-range-minimum="0" domain-id="10" engineering-unit="%" export-for-steady-state="true" fixed-sensor="" fullset-stability="false" gid="2526" group="" idds-hardware-name="EMSParm_526" is-continuous-log="true" is-critical="false" is-enabled="true" logical-id="devEMS" partition="Streaming" quality-ceiling="good" rtd-reference-channel="" signal-id="" subsystem-name="IDDS" subsystem-type="iDDS" topic="ParameterDataSeries">
                    <alarm-limits/>
                </instance>
                <instance name="EMSParm_1266" acquisition-rate="10" alternate-name="" calibration-group="" calibration-sensor="" customer-sensor="" data-type="float" deadband="0" description="" display-format="4.2f" display-range-maximum="100" display-range-minimum="0" domain-id="10" engineering-unit="%" export-for-steady-state="true" fixed-sensor="" fullset-stability="false" gid="3266" group="" idds-hardware-name="EMSParm_1266" is-continuous-log="true" is-critical="false" is-enabled="true" logical-id="devEMS" partition="Streaming" quality-ceiling="good" rtd-reference-channel="" signal-id="" subsystem-name="IDDS" subsystem-type="iDDS" topic="ParameterDataSeries">
                    <alarm-limits/>
                </instance>
                <instance name="EMSParm_1025" acquisition-rate="10" alternate-name="" calibration-group="" calibration-sensor="" customer-sensor="" data-type="float" deadband="0" description="" display-format="4.2f" display-range-maximum="100" display-range-minimum="0" domain-id="10" engineering-unit="%" export-for-steady-state="true" fixed-sensor="" fullset-stability="false" gid="3025" group="" idds-hardware-name="EMSParm_1025" is-continuous-log="true" is-critical="false" is-enabled="true" logical-id="devEMS" partition="Streaming" quality-ceiling="good" rtd-reference-channel="" signal-id="" subsystem-name="IDDS" subsystem-type="iDDS" topic="ParameterDataSeries">
                    <alarm-limits/>
                </instance>
                <instance name="T000023" acquisition-rate="10" alternate-name="" calibration-group="" calibration-sensor="" customer-sensor="" data-type="float" deadband="0" description="" display-format="4.2f" display-range-maximum="100" display-range-minimum="0" domain-id="2" engineering-unit="degC" export-for-steady-state="true" fixed-sensor="" fullset-stability="false" gid="5023" group="" idds-hardware-name="SCUTRDEMO_Ch23" is-continuous-log="true" is-critical="false" is-enabled="true" logical-id="scutrsim" partition="Streaming" quality-ceiling="good" rtd-reference-channel="" signal-id="" subsystem-name="IDDS" subsystem-type="iDDS" topic="ParameterDataSeries">
                    <alarm-limits/>
                </instance>
                <instance name="EMSParm_1078" acquisition-rate="10" alternate-name="" calibration-group="" calibration-sensor="" customer-sensor="" data-type="float" deadband="0" description="" display-format="4.2f" display-range-maximum="100" display-range-minimum="0" domain-id="10" engineering-unit="%" export-for-steady-state="true" fixed-sensor="" fullset-stability="false" gid="3078" group="" idds-hardware-name="EMSParm_1078" is-continuous-log="true" is-critical="false" is-enabled="true" logical-id="devEMS" partition="Streaming" quality-ceiling="good" rtd-reference-channel="" signal-id="" subsystem-name="IDDS" subsystem-type="iDDS" topic="ParameterDataSeries">
                    <alarm-limits/>
                </instance>
                <instance name="EMSParm_1332" acquisition-rate="10" alternate-name="" calibration-group="" calibration-sensor="" customer-sensor="" data-type="float" deadband="0" description="" display-format="4.2f" display-range-maximum="100" display-range-minimum="0" domain-id="10" engineering-unit="%" export-for-steady-state="true" fixed-sensor="" fullset-stability="false" gid="3332" group="" idds-hardware-name="EMSParm_1332" is-continuous-log="true" is-critical="false" is-enabled="true" logical-id="devEMS" partition="Streaming" quality-ceiling="good" rtd-reference-channel="" signal-id="" subsystem-name="IDDS" subsystem-type="iDDS" topic="ParameterDataSeries">
                    <alarm-limits/>
                </instance>
                <instance name="EMSParm_139" acquisition-rate="10" alternate-name="" calibration-group="" calibration-sensor="" customer-sensor="" data-type="float" deadband="0" description="" display-format="4.2f" display-range-maximum="100" display-range-minimum="0" domain-id="10" engineering-unit="%" export-for-steady-state="true" fixed-sensor="" fullset-stability="false" gid="2139" group="" idds-hardware-name="EMSParm_139" is-continuous-log="true" is-critical="false" is-enabled="true" logical-id="devEMS" partition="Streaming" quality-ceiling="good" rtd-reference-channel="" signal-id="" subsystem-name="IDDS" subsystem-type="iDDS" topic="ParameterDataSeries">
                    <alarm-limits/>
                </instance>
                <instance name="EMSParm_1100" acquisition-rate="10" alternate-name="" calibration-group="" calibration-sensor="" customer-sensor="" data-type="float" deadband="0" description="" display-format="4.2f" display-range-maximum="100" display-range-minimum="0" domain-id="10" engineering-unit="%" export-for-steady-state="true" fixed-sensor="" fullset-stability="false" gid="3100" group="" idds-hardware-name="EMSParm_1100" is-continuous-log="true" is-critical="false" is-enabled="true" logical-id="devEMS" partition="Streaming" quality-ceiling="good" rtd-reference-channel="" signal-id="" subsystem-name="IDDS" subsystem-type="iDDS" topic="ParameterDataSeries">
                    <alarm-limits/>
                </instance>
                <instance name="EMSParm_1126" acquisition-rate="10" alternate-name="" calibration-group="" calibration-sensor="" customer-sensor="" data-type="float" deadband="0" description="" display-format="4.2f" display-range-maximum="100" display-range-minimum="0" domain-id="10" engineering-unit="%" export-for-steady-state="true" fixed-sensor="" fullset-stability="false" gid="3126" group="" idds-hardware-name="EMSParm_1126" is-continuous-log="true" is-critical="false" is-enabled="true" logical-id="devEMS" partition="Streaming" quality-ceiling="good" rtd-reference-channel="" signal-id="" subsystem-name="IDDS" subsystem-type="iDDS" topic="ParameterDataSeries">
                    <alarm-limits/>
                </instance>
                <instance name="EMSParm_994" acquisition-rate="10" alternate-name="" calibration-group="" calibration-sensor="" customer-sensor="" data-type="float" deadband="0" description="" display-format="4.2f" display-range-maximum="100" display-range-minimum="0" domain-id="10" engineering-unit="%" export-for-steady-state="true" fixed-sensor="" fullset-stability="false" gid="2994" group="" idds-hardware-name="EMSParm_994" is-continuous-log="true" is-critical="false" is-enabled="true" logical-id="devEMS" partition="Streaming" quality-ceiling="good" rtd-reference-channel="" signal-id="" subsystem-name="IDDS" subsystem-type="iDDS" topic="ParameterDataSeries">
                    <alarm-limits/>
                </instance>
                <instance name="EMSParm_263" acquisition-rate="10" alternate-name="" calibration-group="" calibration-sensor="" customer-sensor="" data-type="float" deadband="0" description="" display-format="4.2f" display-range-maximum="100" display-range-minimum="0" domain-id="10" engineering-unit="%" export-for-steady-state="true" fixed-sensor="" fullset-stability="false" gid="2263" group="" idds-hardware-name="EMSParm_263" is-continuous-log="true" is-critical="false" is-enabled="true" logical-id="devEMS" partition="Streaming" quality-ceiling="good" rtd-reference-channel="" signal-id="" subsystem-name="IDDS" subsystem-type="iDDS" topic="ParameterDataSeries">
                    <alarm-limits/>
                </instance>
                <instance name="EMSParm_470" acquisition-rate="10" alternate-name="" calibration-group="" calibration-sensor="" customer-sensor="" data-type="float" deadband="0" description="" display-format="4.2f" display-range-maximum="100" display-range-minimum="0" domain-id="10" engineering-unit="%" export-for-steady-state="true" fixed-sensor="" fullset-stability="false" gid="2470" group="" idds-hardware-name="EMSParm_470" is-continuous-log="true" is-critical="false" is-enabled="true" logical-id="devEMS" partition="Streaming" quality-ceiling="good" rtd-reference-channel="" signal-id="" subsystem-name="IDDS" subsystem-type="iDDS" topic="ParameterDataSeries">
                    <alarm-limits/>
                </instance>
                <instance name="EMSParm_1357" acquisition-rate="10" alternate-name="" calibration-group="" calibration-sensor="" customer-sensor="" data-type="float" deadband="0" description="" display-format="4.2f" display-range-maximum="100" display-range-minimum="0" domain-id="10" engineering-unit="%" export-for-steady-state="true" fixed-sensor="" fullset-stability="false" gid="3357" group="" idds-hardware-name="EMSParm_1357" is-continuous-log="true" is-critical="false" is-enabled="true" logical-id="devEMS" partition="Streaming" quality-ceiling="good" rtd-reference-channel="" signal-id="" subsystem-name="IDDS" subsystem-type="iDDS" topic="ParameterDataSeries">
                    <alarm-limits/>
                </instance>
                <instance name="YB1_Ch31" acquisition-rate="1" alternate-name="" calibration-group="" calibration-sensor="" customer-sensor="" data-type="float" deadband="0" description="" display-format="4.2f" display-range-maximum="100" display-range-minimum="0" domain-id="3" engineering-unit="-" export-for-steady-state="true" fixed-sensor="" fullset-stability="false" gid="9031" group="" idds-hardware-name="CH31" is-continuous-log="true" is-critical="false" is-enabled="true" logical-id="rx3036-1" partition="Streaming" quality-ceiling="good" rtd-reference-channel="" signal-id="" subsystem-name="IDDS" subsystem-type="iDDS" topic="ParameterDataSeries">
                    <alarm-limits/>
                </instance>
                <instance name="EMSParm_441" acquisition-rate="10" alternate-name="" calibration-group="" calibration-sensor="" customer-sensor="" data-type="float" deadband="0" description="" display-format="4.2f" display-range-maximum="100" display-range-minimum="0" domain-id="10" engineering-unit="%" export-for-steady-state="true" fixed-sensor="" fullset-stability="false" gid="2441" group="" idds-hardware-name="EMSParm_441" is-continuous-log="true" is-critical="false" is-enabled="true" logical-id="devEMS" partition="Streaming" quality-ceiling="good" rtd-reference-channel="" signal-id="" subsystem-name="IDDS" subsystem-type="iDDS" topic="ParameterDataSeries">
                    <alarm-limits/>
                </instance>
                <instance name="EMSParm_1145" acquisition-rate="10" alternate-name="" calibration-group="" calibration-sensor="" customer-sensor="" data-type="float" deadband="0" description="" display-format="4.2f" display-range-maximum="100" display-range-minimum="0" domain-id="10" engineering-unit="%" export-for-steady-state="true" fixed-sensor="" fullset-stability="false" gid="3145" group="" idds-hardware-name="EMSParm_1145" is-continuous-log="true" is-critical="false" is-enabled="true" logical-id="devEMS" partition="Streaming" quality-ceiling="good" rtd-reference-channel="" signal-id="" subsystem-name="IDDS" subsystem-type="iDDS" topic="ParameterDataSeries">
                    <alarm-limits/>
                </instance>
                <instance name="EMSParm_378" acquisition-rate="10" alternate-name="" calibration-group="" calibration-sensor="" customer-sensor="" data-type="float" deadband="0" description="" display-format="4.2f" display-range-maximum="100" display-range-minimum="0" domain-id="10" engineering-unit="%" export-for-steady-state="true" fixed-sensor="" fullset-stability="false" gid="2378" group="" idds-hardware-name="EMSParm_378" is-continuous-log="true" is-critical="false" is-enabled="true" logical-id="devEMS" partition="Streaming" quality-ceiling="good" rtd-reference-channel="" signal-id="" subsystem-name="IDDS" subsystem-type="iDDS" topic="ParameterDataSeries">
                    <alarm-limits/>
                </instance>
                <instance name="EMSParm_1384" acquisition-rate="10" alternate-name="" calibration-group="" calibration-sensor="" customer-sensor="" data-type="float" deadband="0" description="" display-format="4.2f" display-range-maximum="100" display-range-minimum="0" domain-id="10" engineering-unit="%" export-for-steady-state="true" fixed-sensor="" fullset-stability="false" gid="3384" group="" idds-hardware-name="EMSParm_1384" is-continuous-log="true" is-critical="false" is-enabled="true" logical-id="devEMS" partition="Streaming" quality-ceiling="good" rtd-reference-channel="" signal-id="" subsystem-name="IDDS" subsystem-type="iDDS" topic="ParameterDataSeries">
                    <alarm-limits/>
                </instance>
                <instance name="EMSParm_102" acquisition-rate="10" alternate-name="" calibration-group="" calibration-sensor="" customer-sensor="" data-type="float" deadband="0" description="" display-format="4.2f" display-range-maximum="100" display-range-minimum="0" domain-id="10" engineering-unit="%" export-for-steady-state="true" fixed-sensor="" fullset-stability="false" gid="2102" group="" idds-hardware-name="EMSParm_102" is-continuous-log="true" is-critical="false" is-enabled="true" logical-id="devEMS" partition="Streaming" quality-ceiling="good" rtd-reference-channel="" signal-id="" subsystem-name="IDDS" subsystem-type="iDDS" topic="ParameterDataSeries">
                    <alarm-limits/>
                </instance>
                <instance name="EMSParm_742" acquisition-rate="10" alternate-name="" calibration-group="" calibration-sensor="" customer-sensor="" data-type="float" deadband="0" description="" display-format="4.2f" display-range-maximum="100" display-range-minimum="0" domain-id="10" engineering-unit="%" export-for-steady-state="true" fixed-sensor="" fullset-stability="false" gid="2742" group="" idds-hardware-name="EMSParm_742" is-continuous-log="true" is-critical="false" is-enabled="true" logical-id="devEMS" partition="Streaming" quality-ceiling="good" rtd-reference-channel="" signal-id="" subsystem-name="IDDS" subsystem-type="iDDS" topic="ParameterDataSeries">
                    <alarm-limits/>
                </instance>
                <instance name="EMSParm_886" acquisition-rate="10" alternate-name="" calibration-group="" calibration-sensor="" customer-sensor="" data-type="float" deadband="0" description="" display-format="4.2f" display-range-maximum="100" display-range-minimum="0" domain-id="10" engineering-unit="%" export-for-steady-state="true" fixed-sensor="" fullset-stability="false" gid="2886" group="" idds-hardware-name="EMSParm_886" is-continuous-log="true" is-critical="false" is-enabled="true" logical-id="devEMS" partition="Streaming" quality-ceiling="good" rtd-reference-channel="" signal-id="" subsystem-name="IDDS" subsystem-type="iDDS" topic="ParameterDataSeries">
                    <alarm-limits/>
                </instance>
                <instance name="EMSParm_530" acquisition-rate="10" alternate-name="" calibration-group="" calibration-sensor="" customer-sensor="" data-type="float" deadband="0" description="" display-format="4.2f" display-range-maximum="100" display-range-minimum="0" domain-id="10" engineering-unit="%" export-for-steady-state="true" fixed-sensor="" fullset-stability="false" gid="2530" group="" idds-hardware-name="EMSParm_530" is-continuous-log="true" is-critical="false" is-enabled="true" logical-id="devEMS" partition="Streaming" quality-ceiling="good" rtd-reference-channel="" signal-id="" subsystem-name="IDDS" subsystem-type="iDDS" topic="ParameterDataSeries">
                    <alarm-limits/>
                </instance>
                <instance name="EMSParm_803" acquisition-rate="10" alternate-name="" calibration-group="" calibration-sensor="" customer-sensor="" data-type="float" deadband="0" description="" display-format="4.2f" display-range-maximum="100" display-range-minimum="0" domain-id="10" engineering-unit="%" export-for-steady-state="true" fixed-sensor="" fullset-stability="false" gid="2803" group="" idds-hardware-name="EMSParm_803" is-continuous-log="true" is-critical="false" is-enabled="true" logical-id="devEMS" partition="Streaming" quality-ceiling="good" rtd-reference-channel="" signal-id="" subsystem-name="IDDS" subsystem-type="iDDS" topic="ParameterDataSeries">
                    <alarm-limits/>
                </instance>
                <instance name="EMSParm_1104" acquisition-rate="10" alternate-name="" calibration-group="" calibration-sensor="" customer-sensor="" data-type="float" deadband="0" description="" display-format="4.2f" display-range-maximum="100" display-range-minimum="0" domain-id="10" engineering-unit="%" export-for-steady-state="true" fixed-sensor="" fullset-stability="false" gid="3104" group="" idds-hardware-name="EMSParm_1104" is-continuous-log="true" is-critical="false" is-enabled="true" logical-id="devEMS" partition="Streaming" quality-ceiling="good" rtd-reference-channel="" signal-id="" subsystem-name="IDDS" subsystem-type="iDDS" topic="ParameterDataSeries">
                    <alarm-limits/>
                </instance>
                <instance name="EMSParm_484" acquisition-rate="10" alternate-name="" calibration-group="" calibration-sensor="" customer-sensor="" data-type="float" deadband="0" description="" display-format="4.2f" display-range-maximum="100" display-range-minimum="0" domain-id="10" engineering-unit="%" export-for-steady-state="true" fixed-sensor="" fullset-stability="false" gid="2484" group="" idds-hardware-name="EMSParm_484" is-continuous-log="true" is-critical="false" is-enabled="true" logical-id="devEMS" partition="Streaming" quality-ceiling="good" rtd-reference-channel="" signal-id="" subsystem-name="IDDS" subsystem-type="iDDS" topic="ParameterDataSeries">
                    <alarm-limits/>
                </instance>
                <instance name="EMSParm_641" acquisition-rate="10" alternate-name="" calibration-group="" calibration-sensor="" customer-sensor="" data-type="float" deadband="0" description="" display-format="4.2f" display-range-maximum="100" display-range-minimum="0" domain-id="10" engineering-unit="%" export-for-steady-state="true" fixed-sensor="" fullset-stability="false" gid="2641" group="" idds-hardware-name="EMSParm_641" is-continuous-log="true" is-critical="false" is-enabled="true" logical-id="devEMS" partition="Streaming" quality-ceiling="good" rtd-reference-channel="" signal-id="" subsystem-name="IDDS" subsystem-type="iDDS" topic="ParameterDataSeries">
                    <alarm-limits/>
                </instance>
                <instance name="EMSParm_1471" acquisition-rate="10" alternate-name="" calibration-group="" calibration-sensor="" customer-sensor="" data-type="float" deadband="0" description="" display-format="4.2f" display-range-maximum="100" display-range-minimum="0" domain-id="10" engineering-unit="%" export-for-steady-state="true" fixed-sensor="" fullset-stability="false" gid="3471" group="" idds-hardware-name="EMSParm_1471" is-continuous-log="true" is-critical="false" is-enabled="true" logical-id="devEMS" partition="Streaming" quality-ceiling="good" rtd-reference-channel="" signal-id="" subsystem-name="IDDS" subsystem-type="iDDS" topic="ParameterDataSeries">
                    <alarm-limits/>
                </instance>
                <instance name="EMSParm_238" acquisition-rate="10" alternate-name="" calibration-group="" calibration-sensor="" customer-sensor="" data-type="float" deadband="0" description="" display-format="4.2f" display-range-maximum="100" display-range-minimum="0" domain-id="10" engineering-unit="%" export-for-steady-state="true" fixed-sensor="" fullset-stability="false" gid="2238" group="" idds-hardware-name="EMSParm_238" is-continuous-log="true" is-critical="false" is-enabled="true" logical-id="devEMS" partition="Streaming" quality-ceiling="good" rtd-reference-channel="" signal-id="" subsystem-name="IDDS" subsystem-type="iDDS" topic="ParameterDataSeries">
                    <alarm-limits/>
                </instance>
                <instance name="EMSParm_1131" acquisition-rate="10" alternate-name="" calibration-group="" calibration-sensor="" customer-sensor="" data-type="float" deadband="0" description="" display-format="4.2f" display-range-maximum="100" display-range-minimum="0" domain-id="10" engineering-unit="%" export-for-steady-state="true" fixed-sensor="" fullset-stability="false" gid="3131" group="" idds-hardware-name="EMSParm_1131" is-continuous-log="true" is-critical="false" is-enabled="true" logical-id="devEMS" partition="Streaming" quality-ceiling="good" rtd-reference-channel="" signal-id="" subsystem-name="IDDS" subsystem-type="iDDS" topic="ParameterDataSeries">
                    <alarm-limits/>
                </instance>
                <instance name="EMSParm_1341" acquisition-rate="10" alternate-name="" calibration-group="" calibration-sensor="" customer-sensor="" data-type="float" deadband="0" description="" display-format="4.2f" display-range-maximum="100" display-range-minimum="0" domain-id="10" engineering-unit="%" export-for-steady-state="true" fixed-sensor="" fullset-stability="false" gid="3341" group="" idds-hardware-name="EMSParm_1341" is-continuous-log="true" is-critical="false" is-enabled="true" logical-id="devEMS" partition="Streaming" quality-ceiling="good" rtd-reference-channel="" signal-id="" subsystem-name="IDDS" subsystem-type="iDDS" topic="ParameterDataSeries">
                    <alarm-limits/>
                </instance>
                <instance name="EMSParm_152" acquisition-rate="10" alternate-name="" calibration-group="" calibration-sensor="" customer-sensor="" data-type="float" deadband="0" description="" display-format="4.2f" display-range-maximum="100" display-range-minimum="0" domain-id="10" engineering-unit="%" export-for-steady-state="true" fixed-sensor="" fullset-stability="false" gid="2152" group="" idds-hardware-name="EMSParm_152" is-continuous-log="true" is-critical="false" is-enabled="true" logical-id="devEMS" partition="Streaming" quality-ceiling="good" rtd-reference-channel="" signal-id="" subsystem-name="IDDS" subsystem-type="iDDS" topic="ParameterDataSeries">
                    <alarm-limits/>
                </instance>
                <instance name="EMSParm_243" acquisition-rate="10" alternate-name="" calibration-group="" calibration-sensor="" customer-sensor="" data-type="float" deadband="0" description="" display-format="4.2f" display-range-maximum="100" display-range-minimum="0" domain-id="10" engineering-unit="%" export-for-steady-state="true" fixed-sensor="" fullset-stability="false" gid="2243" group="" idds-hardware-name="EMSParm_243" is-continuous-log="true" is-critical="false" is-enabled="true" logical-id="devEMS" partition="Streaming" quality-ceiling="good" rtd-reference-channel="" signal-id="" subsystem-name="IDDS" subsystem-type="iDDS" topic="ParameterDataSeries">
                    <alarm-limits/>
                </instance>
                <instance name="EMSParm_755" acquisition-rate="10" alternate-name="" calibration-group="" calibration-sensor="" customer-sensor="" data-type="float" deadband="0" description="" display-format="4.2f" display-range-maximum="100" display-range-minimum="0" domain-id="10" engineering-unit="%" export-for-steady-state="true" fixed-sensor="" fullset-stability="false" gid="2755" group="" idds-hardware-name="EMSParm_755" is-continuous-log="true" is-critical="false" is-enabled="true" logical-id="devEMS" partition="Streaming" quality-ceiling="good" rtd-reference-channel="" signal-id="" subsystem-name="IDDS" subsystem-type="iDDS" topic="ParameterDataSeries">
                    <alarm-limits/>
                </instance>
                <instance name="EMSParm_1379" acquisition-rate="10" alternate-name="" calibration-group="" calibration-sensor="" customer-sensor="" data-type="float" deadband="0" description="" display-format="4.2f" display-range-maximum="100" display-range-minimum="0" domain-id="10" engineering-unit="%" export-for-steady-state="true" fixed-sensor="" fullset-stability="false" gid="3379" group="" idds-hardware-name="EMSParm_1379" is-continuous-log="true" is-critical="false" is-enabled="true" logical-id="devEMS" partition="Streaming" quality-ceiling="good" rtd-reference-channel="" signal-id="" subsystem-name="IDDS" subsystem-type="iDDS" topic="ParameterDataSeries">
                    <alarm-limits/>
                </instance>
                <instance name="EMSParm_316" acquisition-rate="10" alternate-name="" calibration-group="" calibration-sensor="" customer-sensor="" data-type="float" deadband="0" description="" display-format="4.2f" display-range-maximum="100" display-range-minimum="0" domain-id="10" engineering-unit="%" export-for-steady-state="true" fixed-sensor="" fullset-stability="false" gid="2316" group="" idds-hardware-name="EMSParm_316" is-continuous-log="true" is-critical="false" is-enabled="true" logical-id="devEMS" partition="Streaming" quality-ceiling="good" rtd-reference-channel="" signal-id="" subsystem-name="IDDS" subsystem-type="iDDS" topic="ParameterDataSeries">
                    <alarm-limits/>
                </instance>
                <instance name="EMSParm_1272" acquisition-rate="10" alternate-name="" calibration-group="" calibration-sensor="" customer-sensor="" data-type="float" deadband="0" description="" display-format="4.2f" display-range-maximum="100" display-range-minimum="0" domain-id="10" engineering-unit="%" export-for-steady-state="true" fixed-sensor="" fullset-stability="false" gid="3272" group="" idds-hardware-name="EMSParm_1272" is-continuous-log="true" is-critical="false" is-enabled="true" logical-id="devEMS" partition="Streaming" quality-ceiling="good" rtd-reference-channel="" signal-id="" subsystem-name="IDDS" subsystem-type="iDDS" topic="ParameterDataSeries">
                    <alarm-limits/>
                </instance>
                <instance name="EMSParm_435" acquisition-rate="10" alternate-name="" calibration-group="" calibration-sensor="" customer-sensor="" data-type="float" deadband="0" description="" display-format="4.2f" display-range-maximum="100" display-range-minimum="0" domain-id="10" engineering-unit="%" export-for-steady-state="true" fixed-sensor="" fullset-stability="false" gid="2435" group="" idds-hardware-name="EMSParm_435" is-continuous-log="true" is-critical="false" is-enabled="true" logical-id="devEMS" partition="Streaming" quality-ceiling="good" rtd-reference-channel="" signal-id="" subsystem-name="IDDS" subsystem-type="iDDS" topic="ParameterDataSeries">
                    <alarm-limits/>
                </instance>
                <instance name="EMSParm_262" acquisition-rate="10" alternate-name="" calibration-group="" calibration-sensor="" customer-sensor="" data-type="float" deadband="0" description="" display-format="4.2f" display-range-maximum="100" display-range-minimum="0" domain-id="10" engineering-unit="%" export-for-steady-state="true" fixed-sensor="" fullset-stability="false" gid="2262" group="" idds-hardware-name="EMSParm_262" is-continuous-log="true" is-critical="false" is-enabled="true" logical-id="devEMS" partition="Streaming" quality-ceiling="good" rtd-reference-channel="" signal-id="" subsystem-name="IDDS" subsystem-type="iDDS" topic="ParameterDataSeries">
                    <alarm-limits/>
                </instance>
                <instance name="EMSParm_990" acquisition-rate="10" alternate-name="" calibration-group="" calibration-sensor="" customer-sensor="" data-type="float" deadband="0" description="" display-format="4.2f" display-range-maximum="100" display-range-minimum="0" domain-id="10" engineering-unit="%" export-for-steady-state="true" fixed-sensor="" fullset-stability="false" gid="2990" group="" idds-hardware-name="EMSParm_990" is-continuous-log="true" is-critical="false" is-enabled="true" logical-id="devEMS" partition="Streaming" quality-ceiling="good" rtd-reference-channel="" signal-id="" subsystem-name="IDDS" subsystem-type="iDDS" topic="ParameterDataSeries">
                    <alarm-limits/>
                </instance>
                <instance name="EMSParm_846" acquisition-rate="10" alternate-name="" calibration-group="" calibration-sensor="" customer-sensor="" data-type="float" deadband="0" description="" display-format="4.2f" display-range-maximum="100" display-range-minimum="0" domain-id="10" engineering-unit="%" export-for-steady-state="true" fixed-sensor="" fullset-stability="false" gid="2846" group="" idds-hardware-name="EMSParm_846" is-continuous-log="true" is-critical="false" is-enabled="true" logical-id="devEMS" partition="Streaming" quality-ceiling="good" rtd-reference-channel="" signal-id="" subsystem-name="IDDS" subsystem-type="iDDS" topic="ParameterDataSeries">
                    <alarm-limits/>
                </instance>
                <instance name="EMSParm_383" acquisition-rate="10" alternate-name="" calibration-group="" calibration-sensor="" customer-sensor="" data-type="float" deadband="0" description="" display-format="4.2f" display-range-maximum="100" display-range-minimum="0" domain-id="10" engineering-unit="%" export-for-steady-state="true" fixed-sensor="" fullset-stability="false" gid="2383" group="" idds-hardware-name="EMSParm_383" is-continuous-log="true" is-critical="false" is-enabled="true" logical-id="devEMS" partition="Streaming" quality-ceiling="good" rtd-reference-channel="" signal-id="" subsystem-name="IDDS" subsystem-type="iDDS" topic="ParameterDataSeries">
                    <alarm-limits/>
                </instance>
                <instance name="EMSParm_1118" acquisition-rate="10" alternate-name="" calibration-group="" calibration-sensor="" customer-sensor="" data-type="float" deadband="0" description="" display-format="4.2f" display-range-maximum="100" display-range-minimum="0" domain-id="10" engineering-unit="%" export-for-steady-state="true" fixed-sensor="" fullset-stability="false" gid="3118" group="" idds-hardware-name="EMSParm_1118" is-continuous-log="true" is-critical="false" is-enabled="true" logical-id="devEMS" partition="Streaming" quality-ceiling="good" rtd-reference-channel="" signal-id="" subsystem-name="IDDS" subsystem-type="iDDS" topic="ParameterDataSeries">
                    <alarm-limits/>
                </instance>
                <instance name="calcFn2" acquisition-rate="10" alternate-name="" calculated-equation="0.0" calculated-persistency="volatile" calibration-group="" calibration-sensor="" customer-sensor="" data-type="float" deadband="0" description="" display-format="4.2f" display-range-maximum="100" display-range-minimum="0" domain-id="4" engineering-unit="V" export-for-steady-state="true" fixed-sensor="" fullset-stability="false" gid="6015" group="" idds-hardware-name="calcFn2" is-continuous-log="true" is-critical="false" is-enabled="true" is-output="false" logical-id="RTE" partition="Streaming" quality-ceiling="good" rtd-reference-channel="" signal-id="" subsystem-name="calculated" subsystem-type="calculated" topic="ParameterDataValue">
                    <alarm-limits/>
                </instance>
                <instance name="EMSParm_1354" acquisition-rate="10" alternate-name="" calibration-group="" calibration-sensor="" customer-sensor="" data-type="float" deadband="0" description="" display-format="4.2f" display-range-maximum="100" display-range-minimum="0" domain-id="10" engineering-unit="%" export-for-steady-state="true" fixed-sensor="" fullset-stability="false" gid="3354" group="" idds-hardware-name="EMSParm_1354" is-continuous-log="true" is-critical="false" is-enabled="true" logical-id="devEMS" partition="Streaming" quality-ceiling="good" rtd-reference-channel="" signal-id="" subsystem-name="IDDS" subsystem-type="iDDS" topic="ParameterDataSeries">
                    <alarm-limits/>
                </instance>
                <instance name="EMSParm_1491" acquisition-rate="10" alternate-name="" calibration-group="" calibration-sensor="" customer-sensor="" data-type="float" deadband="0" description="" display-format="4.2f" display-range-maximum="100" display-range-minimum="0" domain-id="10" engineering-unit="%" export-for-steady-state="true" fixed-sensor="" fullset-stability="false" gid="3491" group="" idds-hardware-name="EMSParm_1491" is-continuous-log="true" is-critical="false" is-enabled="true" logical-id="devEMS" partition="Streaming" quality-ceiling="good" rtd-reference-channel="" signal-id="" subsystem-name="IDDS" subsystem-type="iDDS" topic="ParameterDataSeries">
                    <alarm-limits/>
                </instance>
                <instance name="EMSParm_1441" acquisition-rate="10" alternate-name="" calibration-group="" calibration-sensor="" customer-sensor="" data-type="float" deadband="0" description="" display-format="4.2f" display-range-maximum="100" display-range-minimum="0" domain-id="10" engineering-unit="%" export-for-steady-state="true" fixed-sensor="" fullset-stability="false" gid="3441" group="" idds-hardware-name="EMSParm_1441" is-continuous-log="true" is-critical="false" is-enabled="true" logical-id="devEMS" partition="Streaming" quality-ceiling="good" rtd-reference-channel="" signal-id="" subsystem-name="IDDS" subsystem-type="iDDS" topic="ParameterDataSeries">
                    <alarm-limits/>
                </instance>
                <instance name="EMSParm_687" acquisition-rate="10" alternate-name="" calibration-group="" calibration-sensor="" customer-sensor="" data-type="float" deadband="0" description="" display-format="4.2f" display-range-maximum="100" display-range-minimum="0" domain-id="10" engineering-unit="%" export-for-steady-state="true" fixed-sensor="" fullset-stability="false" gid="2687" group="" idds-hardware-name="EMSParm_687" is-continuous-log="true" is-critical="false" is-enabled="true" logical-id="devEMS" partition="Streaming" quality-ceiling="good" rtd-reference-channel="" signal-id="" subsystem-name="IDDS" subsystem-type="iDDS" topic="ParameterDataSeries">
                    <alarm-limits/>
                </instance>
                <instance name="EMSParm_328" acquisition-rate="10" alternate-name="" calibration-group="" calibration-sensor="" customer-sensor="" data-type="float" deadband="0" description="" display-format="4.2f" display-range-maximum="100" display-range-minimum="0" domain-id="10" engineering-unit="%" export-for-steady-state="true" fixed-sensor="" fullset-stability="false" gid="2328" group="" idds-hardware-name="EMSParm_328" is-continuous-log="true" is-critical="false" is-enabled="true" logical-id="devEMS" partition="Streaming" quality-ceiling="good" rtd-reference-channel="" signal-id="" subsystem-name="IDDS" subsystem-type="iDDS" topic="ParameterDataSeries">
                    <alarm-limits/>
                </instance>
                <instance name="EMSParm_574" acquisition-rate="10" alternate-name="" calibration-group="" calibration-sensor="" customer-sensor="" data-type="float" deadband="0" description="" display-format="4.2f" display-range-maximum="100" display-range-minimum="0" domain-id="10" engineering-unit="%" export-for-steady-state="true" fixed-sensor="" fullset-stability="false" gid="2574" group="" idds-hardware-name="EMSParm_574" is-continuous-log="true" is-critical="false" is-enabled="true" logical-id="devEMS" partition="Streaming" quality-ceiling="good" rtd-reference-channel="" signal-id="" subsystem-name="IDDS" subsystem-type="iDDS" topic="ParameterDataSeries">
                    <alarm-limits/>
                </instance>
                <instance name="pb91162ch14" acquisition-rate="1" alternate-name="" calibration-group="" calibration-sensor="" customer-sensor="" data-type="float" deadband="0" description="" display-format="4.2f" display-range-maximum="100" display-range-minimum="0" domain-id="2" engineering-unit="psi" export-for-steady-state="true" fixed-sensor="" fullset-stability="false" gid="-1" group="" idds-hardware-name="" is-continuous-log="true" is-critical="false" is-enabled="true" is-output="false" logical-id="" partition="" pbs-amb-press-channel="" pbs-avg-samples="4" pbs-input-type="pressure" pbs-port="14" pbs-serial-number="PB8793" quality-ceiling="good" rtd-reference-channel="" signal-id="" subsystem-name="PBS" subsystem-type="pbs" topic="">
                    <alarm-limits/>
                </instance>
                <instance name="EMSParm_48" acquisition-rate="10" alternate-name="" calibration-group="" calibration-sensor="" customer-sensor="" data-type="float" deadband="0" description="" display-format="4.2f" display-range-maximum="100" display-range-minimum="0" domain-id="10" engineering-unit="%" export-for-steady-state="true" fixed-sensor="" fullset-stability="false" gid="2048" group="" idds-hardware-name="EMSParm_48" is-continuous-log="true" is-critical="false" is-enabled="true" logical-id="devEMS" partition="Streaming" quality-ceiling="good" rtd-reference-channel="" signal-id="" subsystem-name="IDDS" subsystem-type="iDDS" topic="ParameterDataSeries">
                    <alarm-limits/>
                </instance>
                <instance name="EMSParm_672" acquisition-rate="10" alternate-name="" calibration-group="" calibration-sensor="" customer-sensor="" data-type="float" deadband="0" description="" display-format="4.2f" display-range-maximum="100" display-range-minimum="0" domain-id="10" engineering-unit="%" export-for-steady-state="true" fixed-sensor="" fullset-stability="false" gid="2672" group="" idds-hardware-name="EMSParm_672" is-continuous-log="true" is-critical="false" is-enabled="true" logical-id="devEMS" partition="Streaming" quality-ceiling="good" rtd-reference-channel="" signal-id="" subsystem-name="IDDS" subsystem-type="iDDS" topic="ParameterDataSeries">
                    <alarm-limits/>
                </instance>
                <instance name="EMSParm_723" acquisition-rate="10" alternate-name="" calibration-group="" calibration-sensor="" customer-sensor="" data-type="float" deadband="0" description="" display-format="4.2f" display-range-maximum="100" display-range-minimum="0" domain-id="10" engineering-unit="%" export-for-steady-state="true" fixed-sensor="" fullset-stability="false" gid="2723" group="" idds-hardware-name="EMSParm_723" is-continuous-log="true" is-critical="false" is-enabled="true" logical-id="devEMS" partition="Streaming" quality-ceiling="good" rtd-reference-channel="" signal-id="" subsystem-name="IDDS" subsystem-type="iDDS" topic="ParameterDataSeries">
                    <alarm-limits/>
                </instance>
                <instance name="EMSParm_337" acquisition-rate="10" alternate-name="" calibration-group="" calibration-sensor="" customer-sensor="" data-type="float" deadband="0" description="" display-format="4.2f" display-range-maximum="100" display-range-minimum="0" domain-id="10" engineering-unit="%" export-for-steady-state="true" fixed-sensor="" fullset-stability="false" gid="2337" group="" idds-hardware-name="EMSParm_337" is-continuous-log="true" is-critical="false" is-enabled="true" logical-id="devEMS" partition="Streaming" quality-ceiling="good" rtd-reference-channel="" signal-id="" subsystem-name="IDDS" subsystem-type="iDDS" topic="ParameterDataSeries">
                    <alarm-limits/>
                </instance>
                <instance name="EMSParm_1021" acquisition-rate="10" alternate-name="" calibration-group="" calibration-sensor="" customer-sensor="" data-type="float" deadband="0" description="" display-format="4.2f" display-range-maximum="100" display-range-minimum="0" domain-id="10" engineering-unit="%" export-for-steady-state="true" fixed-sensor="" fullset-stability="false" gid="3021" group="" idds-hardware-name="EMSParm_1021" is-continuous-log="true" is-critical="false" is-enabled="true" logical-id="devEMS" partition="Streaming" quality-ceiling="good" rtd-reference-channel="" signal-id="" subsystem-name="IDDS" subsystem-type="iDDS" topic="ParameterDataSeries">
                    <alarm-limits/>
                </instance>
                <instance name="EMSParm_627" acquisition-rate="10" alternate-name="" calibration-group="" calibration-sensor="" customer-sensor="" data-type="float" deadband="0" description="" display-format="4.2f" display-range-maximum="100" display-range-minimum="0" domain-id="10" engineering-unit="%" export-for-steady-state="true" fixed-sensor="" fullset-stability="false" gid="2627" group="" idds-hardware-name="EMSParm_627" is-continuous-log="true" is-critical="false" is-enabled="true" logical-id="devEMS" partition="Streaming" quality-ceiling="good" rtd-reference-channel="" signal-id="" subsystem-name="IDDS" subsystem-type="iDDS" topic="ParameterDataSeries">
                    <alarm-limits/>
                </instance>
                <instance name="EMSParm_438" acquisition-rate="10" alternate-name="" calibration-group="" calibration-sensor="" customer-sensor="" data-type="float" deadband="0" description="" display-format="4.2f" display-range-maximum="100" display-range-minimum="0" domain-id="10" engineering-unit="%" export-for-steady-state="true" fixed-sensor="" fullset-stability="false" gid="2438" group="" idds-hardware-name="EMSParm_438" is-continuous-log="true" is-critical="false" is-enabled="true" logical-id="devEMS" partition="Streaming" quality-ceiling="good" rtd-reference-channel="" signal-id="" subsystem-name="IDDS" subsystem-type="iDDS" topic="ParameterDataSeries">
                    <alarm-limits/>
                </instance>
                <instance name="EMSParm_567" acquisition-rate="10" alternate-name="" calibration-group="" calibration-sensor="" customer-sensor="" data-type="float" deadband="0" description="" display-format="4.2f" display-range-maximum="100" display-range-minimum="0" domain-id="10" engineering-unit="%" export-for-steady-state="true" fixed-sensor="" fullset-stability="false" gid="2567" group="" idds-hardware-name="EMSParm_567" is-continuous-log="true" is-critical="false" is-enabled="true" logical-id="devEMS" partition="Streaming" quality-ceiling="good" rtd-reference-channel="" signal-id="" subsystem-name="IDDS" subsystem-type="iDDS" topic="ParameterDataSeries">
                    <alarm-limits/>
                </instance>
                <instance name="EMSParm_429" acquisition-rate="10" alternate-name="" calibration-group="" calibration-sensor="" customer-sensor="" data-type="float" deadband="0" description="" display-format="4.2f" display-range-maximum="100" display-range-minimum="0" domain-id="10" engineering-unit="%" export-for-steady-state="true" fixed-sensor="" fullset-stability="false" gid="2429" group="" idds-hardware-name="EMSParm_429" is-continuous-log="true" is-critical="false" is-enabled="true" logical-id="devEMS" partition="Streaming" quality-ceiling="good" rtd-reference-channel="" signal-id="" subsystem-name="IDDS" subsystem-type="iDDS" topic="ParameterDataSeries">
                    <alarm-limits/>
                </instance>
                <instance name="EMSParm_527" acquisition-rate="10" alternate-name="" calibration-group="" calibration-sensor="" customer-sensor="" data-type="float" deadband="0" description="" display-format="4.2f" display-range-maximum="100" display-range-minimum="0" domain-id="10" engineering-unit="%" export-for-steady-state="true" fixed-sensor="" fullset-stability="false" gid="2527" group="" idds-hardware-name="EMSParm_527" is-continuous-log="true" is-critical="false" is-enabled="true" logical-id="devEMS" partition="Streaming" quality-ceiling="good" rtd-reference-channel="" signal-id="" subsystem-name="IDDS" subsystem-type="iDDS" topic="ParameterDataSeries">
                    <alarm-limits/>
                </instance>
                <instance name="EMSParm_691" acquisition-rate="10" alternate-name="" calibration-group="" calibration-sensor="" customer-sensor="" data-type="float" deadband="0" description="" display-format="4.2f" display-range-maximum="100" display-range-minimum="0" domain-id="10" engineering-unit="%" export-for-steady-state="true" fixed-sensor="" fullset-stability="false" gid="2691" group="" idds-hardware-name="EMSParm_691" is-continuous-log="true" is-critical="false" is-enabled="true" logical-id="devEMS" partition="Streaming" quality-ceiling="good" rtd-reference-channel="" signal-id="" subsystem-name="IDDS" subsystem-type="iDDS" topic="ParameterDataSeries">
                    <alarm-limits/>
                </instance>
                <instance name="EMSParm_56" acquisition-rate="10" alternate-name="" calibration-group="" calibration-sensor="" customer-sensor="" data-type="float" deadband="0" description="" display-format="4.2f" display-range-maximum="100" display-range-minimum="0" domain-id="10" engineering-unit="%" export-for-steady-state="true" fixed-sensor="" fullset-stability="false" gid="2056" group="" idds-hardware-name="EMSParm_56" is-continuous-log="true" is-critical="false" is-enabled="true" logical-id="devEMS" partition="Streaming" quality-ceiling="good" rtd-reference-channel="" signal-id="" subsystem-name="IDDS" subsystem-type="iDDS" topic="ParameterDataSeries">
                    <alarm-limits/>
                </instance>
                <instance name="EMSParm_788" acquisition-rate="10" alternate-name="" calibration-group="" calibration-sensor="" customer-sensor="" data-type="float" deadband="0" description="" display-format="4.2f" display-range-maximum="100" display-range-minimum="0" domain-id="10" engineering-unit="%" export-for-steady-state="true" fixed-sensor="" fullset-stability="false" gid="2788" group="" idds-hardware-name="EMSParm_788" is-continuous-log="true" is-critical="false" is-enabled="true" logical-id="devEMS" partition="Streaming" quality-ceiling="good" rtd-reference-channel="" signal-id="" subsystem-name="IDDS" subsystem-type="iDDS" topic="ParameterDataSeries">
                    <alarm-limits/>
                </instance>
                <instance name="EMSParm_760" acquisition-rate="10" alternate-name="" calibration-group="" calibration-sensor="" customer-sensor="" data-type="float" deadband="0" description="" display-format="4.2f" display-range-maximum="100" display-range-minimum="0" domain-id="10" engineering-unit="%" export-for-steady-state="true" fixed-sensor="" fullset-stability="false" gid="2760" group="" idds-hardware-name="EMSParm_760" is-continuous-log="true" is-critical="false" is-enabled="true" logical-id="devEMS" partition="Streaming" quality-ceiling="good" rtd-reference-channel="" signal-id="" subsystem-name="IDDS" subsystem-type="iDDS" topic="ParameterDataSeries">
                    <alarm-limits/>
                </instance>
                <instance name="dnaDIO00002" acquisition-rate="200" alternate-name="" calibration-group="" calibration-sensor="" customer-sensor="" data-type="float" deadband="0" description="Input channel 2" display-format="4.2f" display-range-maximum="100" display-range-minimum="0" domain-id="3" engineering-unit="V" export-for-steady-state="true" fixed-sensor="" fullset-stability="false" gid="2" group="" idds-hardware-name="dev03/ch00002" is-continuous-log="true" is-critical="false" is-enabled="true" logical-id="devCube999" partition="Streaming" quality-ceiling="good" rtd-reference-channel="" signal-id="" subsystem-name="IDDS" subsystem-type="iDDS" topic="ParameterDataValue">
                    <alarm-limits/>
                </instance>
                <instance name="EMSParm_518" acquisition-rate="10" alternate-name="" calibration-group="" calibration-sensor="" customer-sensor="" data-type="float" deadband="0" description="" display-format="4.2f" display-range-maximum="100" display-range-minimum="0" domain-id="10" engineering-unit="%" export-for-steady-state="true" fixed-sensor="" fullset-stability="false" gid="2518" group="" idds-hardware-name="EMSParm_518" is-continuous-log="true" is-critical="false" is-enabled="true" logical-id="devEMS" partition="Streaming" quality-ceiling="good" rtd-reference-channel="" signal-id="" subsystem-name="IDDS" subsystem-type="iDDS" topic="ParameterDataSeries">
                    <alarm-limits/>
                </instance>
                <instance name="EMSParm_1437" acquisition-rate="10" alternate-name="" calibration-group="" calibration-sensor="" customer-sensor="" data-type="float" deadband="0" description="" display-format="4.2f" display-range-maximum="100" display-range-minimum="0" domain-id="10" engineering-unit="%" export-for-steady-state="true" fixed-sensor="" fullset-stability="false" gid="3437" group="" idds-hardware-name="EMSParm_1437" is-continuous-log="true" is-critical="false" is-enabled="true" logical-id="devEMS" partition="Streaming" quality-ceiling="good" rtd-reference-channel="" signal-id="" subsystem-name="IDDS" subsystem-type="iDDS" topic="ParameterDataSeries">
                    <alarm-limits/>
                </instance>
                <instance name="EMSParm_247" acquisition-rate="10" alternate-name="" calibration-group="" calibration-sensor="" customer-sensor="" data-type="float" deadband="0" description="" display-format="4.2f" display-range-maximum="100" display-range-minimum="0" domain-id="10" engineering-unit="%" export-for-steady-state="true" fixed-sensor="" fullset-stability="false" gid="2247" group="" idds-hardware-name="EMSParm_247" is-continuous-log="true" is-critical="false" is-enabled="true" logical-id="devEMS" partition="Streaming" quality-ceiling="good" rtd-reference-channel="" signal-id="" subsystem-name="IDDS" subsystem-type="iDDS" topic="ParameterDataSeries">
                    <alarm-limits/>
                </instance>
                <instance name="EMSParm_1110" acquisition-rate="10" alternate-name="" calibration-group="" calibration-sensor="" customer-sensor="" data-type="float" deadband="0" description="" display-format="4.2f" display-range-maximum="100" display-range-minimum="0" domain-id="10" engineering-unit="%" export-for-steady-state="true" fixed-sensor="" fullset-stability="false" gid="3110" group="" idds-hardware-name="EMSParm_1110" is-continuous-log="true" is-critical="false" is-enabled="true" logical-id="devEMS" partition="Streaming" quality-ceiling="good" rtd-reference-channel="" signal-id="" subsystem-name="IDDS" subsystem-type="iDDS" topic="ParameterDataSeries">
                    <alarm-limits/>
                </instance>
                <instance name="EMSParm_710" acquisition-rate="10" alternate-name="" calibration-group="" calibration-sensor="" customer-sensor="" data-type="float" deadband="0" description="" display-format="4.2f" display-range-maximum="100" display-range-minimum="0" domain-id="10" engineering-unit="%" export-for-steady-state="true" fixed-sensor="" fullset-stability="false" gid="2710" group="" idds-hardware-name="EMSParm_710" is-continuous-log="true" is-critical="false" is-enabled="true" logical-id="devEMS" partition="Streaming" quality-ceiling="good" rtd-reference-channel="" signal-id="" subsystem-name="IDDS" subsystem-type="iDDS" topic="ParameterDataSeries">
                    <alarm-limits/>
                </instance>
                <instance name="dnaDIO00004" acquisition-rate="200" alternate-name="" calibration-group="" calibration-sensor="" customer-sensor="" data-type="float" deadband="0" description="Input channel 4" display-format="4.2f" display-range-maximum="100" display-range-minimum="0" domain-id="3" engineering-unit="V" export-for-steady-state="true" fixed-sensor="" fullset-stability="false" gid="4" group="" idds-hardware-name="dev03/ch00004" is-continuous-log="true" is-critical="false" is-enabled="true" logical-id="devCube999" partition="Streaming" quality-ceiling="good" rtd-reference-channel="" signal-id="" subsystem-name="IDDS" subsystem-type="iDDS" topic="ParameterDataValue">
                    <alarm-limits/>
                </instance>
                <instance name="EMSParm_884" acquisition-rate="10" alternate-name="" calibration-group="" calibration-sensor="" customer-sensor="" data-type="float" deadband="0" description="" display-format="4.2f" display-range-maximum="100" display-range-minimum="0" domain-id="10" engineering-unit="%" export-for-steady-state="true" fixed-sensor="" fullset-stability="false" gid="2884" group="" idds-hardware-name="EMSParm_884" is-continuous-log="true" is-critical="false" is-enabled="true" logical-id="devEMS" partition="Streaming" quality-ceiling="good" rtd-reference-channel="" signal-id="" subsystem-name="IDDS" subsystem-type="iDDS" topic="ParameterDataSeries">
                    <alarm-limits/>
                </instance>
                <instance name="EMSParm_909" acquisition-rate="10" alternate-name="" calibration-group="" calibration-sensor="" customer-sensor="" data-type="float" deadband="0" description="" display-format="4.2f" display-range-maximum="100" display-range-minimum="0" domain-id="10" engineering-unit="%" export-for-steady-state="true" fixed-sensor="" fullset-stability="false" gid="2909" group="" idds-hardware-name="EMSParm_909" is-continuous-log="true" is-critical="false" is-enabled="true" logical-id="devEMS" partition="Streaming" quality-ceiling="good" rtd-reference-channel="" signal-id="" subsystem-name="IDDS" subsystem-type="iDDS" topic="ParameterDataSeries">
                    <alarm-limits/>
                </instance>
                <instance name="EMSParm_1067" acquisition-rate="10" alternate-name="" calibration-group="" calibration-sensor="" customer-sensor="" data-type="float" deadband="0" description="" display-format="4.2f" display-range-maximum="100" display-range-minimum="0" domain-id="10" engineering-unit="%" export-for-steady-state="true" fixed-sensor="" fullset-stability="false" gid="3067" group="" idds-hardware-name="EMSParm_1067" is-continuous-log="true" is-critical="false" is-enabled="true" logical-id="devEMS" partition="Streaming" quality-ceiling="good" rtd-reference-channel="" signal-id="" subsystem-name="IDDS" subsystem-type="iDDS" topic="ParameterDataSeries">
                    <alarm-limits/>
                </instance>
                <instance name="EMSParm_1534" acquisition-rate="10" alternate-name="" calibration-group="" calibration-sensor="" customer-sensor="" data-type="float" deadband="0" description="" display-format="4.2f" display-range-maximum="100" display-range-minimum="0" domain-id="10" engineering-unit="%" export-for-steady-state="true" fixed-sensor="" fullset-stability="false" gid="3534" group="" idds-hardware-name="EMSParm_1534" is-continuous-log="true" is-critical="false" is-enabled="true" logical-id="devEMS" partition="Streaming" quality-ceiling="good" rtd-reference-channel="" signal-id="" subsystem-name="IDDS" subsystem-type="iDDS" topic="ParameterDataSeries">
                    <alarm-limits/>
                </instance>
                <instance name="EMSParm_142" acquisition-rate="10" alternate-name="" calibration-group="" calibration-sensor="" customer-sensor="" data-type="float" deadband="0" description="" display-format="4.2f" display-range-maximum="100" display-range-minimum="0" domain-id="10" engineering-unit="%" export-for-steady-state="true" fixed-sensor="" fullset-stability="false" gid="2142" group="" idds-hardware-name="EMSParm_142" is-continuous-log="true" is-critical="false" is-enabled="true" logical-id="devEMS" partition="Streaming" quality-ceiling="good" rtd-reference-channel="" signal-id="" subsystem-name="IDDS" subsystem-type="iDDS" topic="ParameterDataSeries">
                    <alarm-limits/>
                </instance>
                <instance name="EMSParm_1069" acquisition-rate="10" alternate-name="" calibration-group="" calibration-sensor="" customer-sensor="" data-type="float" deadband="0" description="" display-format="4.2f" display-range-maximum="100" display-range-minimum="0" domain-id="10" engineering-unit="%" export-for-steady-state="true" fixed-sensor="" fullset-stability="false" gid="3069" group="" idds-hardware-name="EMSParm_1069" is-continuous-log="true" is-critical="false" is-enabled="true" logical-id="devEMS" partition="Streaming" quality-ceiling="good" rtd-reference-channel="" signal-id="" subsystem-name="IDDS" subsystem-type="iDDS" topic="ParameterDataSeries">
                    <alarm-limits/>
                </instance>
                <instance name="EMSParm_543" acquisition-rate="10" alternate-name="" calibration-group="" calibration-sensor="" customer-sensor="" data-type="float" deadband="0" description="" display-format="4.2f" display-range-maximum="100" display-range-minimum="0" domain-id="10" engineering-unit="%" export-for-steady-state="true" fixed-sensor="" fullset-stability="false" gid="2543" group="" idds-hardware-name="EMSParm_543" is-continuous-log="true" is-critical="false" is-enabled="true" logical-id="devEMS" partition="Streaming" quality-ceiling="good" rtd-reference-channel="" signal-id="" subsystem-name="IDDS" subsystem-type="iDDS" topic="ParameterDataSeries">
                    <alarm-limits/>
                </instance>
                <instance name="EMSParm_697" acquisition-rate="10" alternate-name="" calibration-group="" calibration-sensor="" customer-sensor="" data-type="float" deadband="0" description="" display-format="4.2f" display-range-maximum="100" display-range-minimum="0" domain-id="10" engineering-unit="%" export-for-steady-state="true" fixed-sensor="" fullset-stability="false" gid="2697" group="" idds-hardware-name="EMSParm_697" is-continuous-log="true" is-critical="false" is-enabled="true" logical-id="devEMS" partition="Streaming" quality-ceiling="good" rtd-reference-channel="" signal-id="" subsystem-name="IDDS" subsystem-type="iDDS" topic="ParameterDataSeries">
                    <alarm-limits/>
                </instance>
                <instance name="T000038" acquisition-rate="10" alternate-name="" calibration-group="" calibration-sensor="" customer-sensor="" data-type="float" deadband="0" description="" display-format="4.2f" display-range-maximum="100" display-range-minimum="0" domain-id="2" engineering-unit="degC" export-for-steady-state="true" fixed-sensor="" fullset-stability="false" gid="5038" group="" idds-hardware-name="SCUTRDEMO_Ch38" is-continuous-log="true" is-critical="false" is-enabled="true" logical-id="scutrsim" partition="Streaming" quality-ceiling="good" rtd-reference-channel="" signal-id="" subsystem-name="IDDS" subsystem-type="iDDS" topic="ParameterDataSeries">
                    <alarm-limits/>
                </instance>
                <instance name="EMSParm_260" acquisition-rate="10" alternate-name="" calibration-group="" calibration-sensor="" customer-sensor="" data-type="float" deadband="0" description="" display-format="4.2f" display-range-maximum="100" display-range-minimum="0" domain-id="10" engineering-unit="%" export-for-steady-state="true" fixed-sensor="" fullset-stability="false" gid="2260" group="" idds-hardware-name="EMSParm_260" is-continuous-log="true" is-critical="false" is-enabled="true" logical-id="devEMS" partition="Streaming" quality-ceiling="good" rtd-reference-channel="" signal-id="" subsystem-name="IDDS" subsystem-type="iDDS" topic="ParameterDataSeries">
                    <alarm-limits/>
                </instance>
                <instance name="YB1_Ch20" acquisition-rate="1" alternate-name="" calibration-group="" calibration-sensor="" customer-sensor="" data-type="float" deadband="0" description="" display-format="4.2f" display-range-maximum="100" display-range-minimum="0" domain-id="3" engineering-unit="-" export-for-steady-state="true" fixed-sensor="" fullset-stability="false" gid="9020" group="" idds-hardware-name="CH20" is-continuous-log="true" is-critical="false" is-enabled="true" logical-id="rx3036-1" partition="Streaming" quality-ceiling="good" rtd-reference-channel="" signal-id="" subsystem-name="IDDS" subsystem-type="iDDS" topic="ParameterDataSeries">
                    <alarm-limits/>
                </instance>
                <instance name="EMSParm_1291" acquisition-rate="10" alternate-name="" calibration-group="" calibration-sensor="" customer-sensor="" data-type="float" deadband="0" description="" display-format="4.2f" display-range-maximum="100" display-range-minimum="0" domain-id="10" engineering-unit="%" export-for-steady-state="true" fixed-sensor="" fullset-stability="false" gid="3291" group="" idds-hardware-name="EMSParm_1291" is-continuous-log="true" is-critical="false" is-enabled="true" logical-id="devEMS" partition="Streaming" quality-ceiling="good" rtd-reference-channel="" signal-id="" subsystem-name="IDDS" subsystem-type="iDDS" topic="ParameterDataSeries">
                    <alarm-limits/>
                </instance>
                <instance name="EMSParm_143" acquisition-rate="10" alternate-name="" calibration-group="" calibration-sensor="" customer-sensor="" data-type="float" deadband="0" description="" display-format="4.2f" display-range-maximum="100" display-range-minimum="0" domain-id="10" engineering-unit="%" export-for-steady-state="true" fixed-sensor="" fullset-stability="false" gid="2143" group="" idds-hardware-name="EMSParm_143" is-continuous-log="true" is-critical="false" is-enabled="true" logical-id="devEMS" partition="Streaming" quality-ceiling="good" rtd-reference-channel="" signal-id="" subsystem-name="IDDS" subsystem-type="iDDS" topic="ParameterDataSeries">
                    <alarm-limits/>
                </instance>
                <instance name="EMSParm_1040" acquisition-rate="10" alternate-name="" calibration-group="" calibration-sensor="" customer-sensor="" data-type="float" deadband="0" description="" display-format="4.2f" display-range-maximum="100" display-range-minimum="0" domain-id="10" engineering-unit="%" export-for-steady-state="true" fixed-sensor="" fullset-stability="false" gid="3040" group="" idds-hardware-name="EMSParm_1040" is-continuous-log="true" is-critical="false" is-enabled="true" logical-id="devEMS" partition="Streaming" quality-ceiling="good" rtd-reference-channel="" signal-id="" subsystem-name="IDDS" subsystem-type="iDDS" topic="ParameterDataSeries">
                    <alarm-limits/>
                </instance>
                <instance name="EMSParm_1372" acquisition-rate="10" alternate-name="" calibration-group="" calibration-sensor="" customer-sensor="" data-type="float" deadband="0" description="" display-format="4.2f" display-range-maximum="100" display-range-minimum="0" domain-id="10" engineering-unit="%" export-for-steady-state="true" fixed-sensor="" fullset-stability="false" gid="3372" group="" idds-hardware-name="EMSParm_1372" is-continuous-log="true" is-critical="false" is-enabled="true" logical-id="devEMS" partition="Streaming" quality-ceiling="good" rtd-reference-channel="" signal-id="" subsystem-name="IDDS" subsystem-type="iDDS" topic="ParameterDataSeries">
                    <alarm-limits/>
                </instance>
                <instance name="EMSParm_8" acquisition-rate="10" alternate-name="" calibration-group="" calibration-sensor="" customer-sensor="" data-type="float" deadband="0" description="" display-format="4.2f" display-range-maximum="100" display-range-minimum="0" domain-id="10" engineering-unit="%" export-for-steady-state="true" fixed-sensor="" fullset-stability="false" gid="2008" group="" idds-hardware-name="EMSParm_8" is-continuous-log="true" is-critical="false" is-enabled="true" logical-id="devEMS" partition="Streaming" quality-ceiling="good" rtd-reference-channel="" signal-id="" subsystem-name="IDDS" subsystem-type="iDDS" topic="ParameterDataSeries">
                    <alarm-limits/>
                </instance>
                <instance name="EMSParm_1475" acquisition-rate="10" alternate-name="" calibration-group="" calibration-sensor="" customer-sensor="" data-type="float" deadband="0" description="" display-format="4.2f" display-range-maximum="100" display-range-minimum="0" domain-id="10" engineering-unit="%" export-for-steady-state="true" fixed-sensor="" fullset-stability="false" gid="3475" group="" idds-hardware-name="EMSParm_1475" is-continuous-log="true" is-critical="false" is-enabled="true" logical-id="devEMS" partition="Streaming" quality-ceiling="good" rtd-reference-channel="" signal-id="" subsystem-name="IDDS" subsystem-type="iDDS" topic="ParameterDataSeries">
                    <alarm-limits/>
                </instance>
                <instance name="EMSParm_1213" acquisition-rate="10" alternate-name="" calibration-group="" calibration-sensor="" customer-sensor="" data-type="float" deadband="0" description="" display-format="4.2f" display-range-maximum="100" display-range-minimum="0" domain-id="10" engineering-unit="%" export-for-steady-state="true" fixed-sensor="" fullset-stability="false" gid="3213" group="" idds-hardware-name="EMSParm_1213" is-continuous-log="true" is-critical="false" is-enabled="true" logical-id="devEMS" partition="Streaming" quality-ceiling="good" rtd-reference-channel="" signal-id="" subsystem-name="IDDS" subsystem-type="iDDS" topic="ParameterDataSeries">
                    <alarm-limits/>
                </instance>
                <instance name="EMSParm_1161" acquisition-rate="10" alternate-name="" calibration-group="" calibration-sensor="" customer-sensor="" data-type="float" deadband="0" description="" display-format="4.2f" display-range-maximum="100" display-range-minimum="0" domain-id="10" engineering-unit="%" export-for-steady-state="true" fixed-sensor="" fullset-stability="false" gid="3161" group="" idds-hardware-name="EMSParm_1161" is-continuous-log="true" is-critical="false" is-enabled="true" logical-id="devEMS" partition="Streaming" quality-ceiling="good" rtd-reference-channel="" signal-id="" subsystem-name="IDDS" subsystem-type="iDDS" topic="ParameterDataSeries">
                    <alarm-limits/>
                </instance>
                <instance name="T000054" acquisition-rate="10" alternate-name="" calibration-group="" calibration-sensor="" customer-sensor="" data-type="float" deadband="0" description="" display-format="4.2f" display-range-maximum="100" display-range-minimum="0" domain-id="2" engineering-unit="degC" export-for-steady-state="true" fixed-sensor="" fullset-stability="false" gid="5054" group="" idds-hardware-name="SCUTRDEMO_Ch54" is-continuous-log="true" is-critical="false" is-enabled="true" logical-id="scutrsim" partition="Streaming" quality-ceiling="good" rtd-reference-channel="" signal-id="" subsystem-name="IDDS" subsystem-type="iDDS" topic="ParameterDataSeries">
                    <alarm-limits/>
                </instance>
                <instance name="EMSParm_565" acquisition-rate="10" alternate-name="" calibration-group="" calibration-sensor="" customer-sensor="" data-type="float" deadband="0" description="" display-format="4.2f" display-range-maximum="100" display-range-minimum="0" domain-id="10" engineering-unit="%" export-for-steady-state="true" fixed-sensor="" fullset-stability="false" gid="2565" group="" idds-hardware-name="EMSParm_565" is-continuous-log="true" is-critical="false" is-enabled="true" logical-id="devEMS" partition="Streaming" quality-ceiling="good" rtd-reference-channel="" signal-id="" subsystem-name="IDDS" subsystem-type="iDDS" topic="ParameterDataSeries">
                    <alarm-limits/>
                </instance>
                <instance name="EMSParm_763" acquisition-rate="10" alternate-name="" calibration-group="" calibration-sensor="" customer-sensor="" data-type="float" deadband="0" description="" display-format="4.2f" display-range-maximum="100" display-range-minimum="0" domain-id="10" engineering-unit="%" export-for-steady-state="true" fixed-sensor="" fullset-stability="false" gid="2763" group="" idds-hardware-name="EMSParm_763" is-continuous-log="true" is-critical="false" is-enabled="true" logical-id="devEMS" partition="Streaming" quality-ceiling="good" rtd-reference-channel="" signal-id="" subsystem-name="IDDS" subsystem-type="iDDS" topic="ParameterDataSeries">
                    <alarm-limits/>
                </instance>
                <instance name="EMSParm_248" acquisition-rate="10" alternate-name="" calibration-group="" calibration-sensor="" customer-sensor="" data-type="float" deadband="0" description="" display-format="4.2f" display-range-maximum="100" display-range-minimum="0" domain-id="10" engineering-unit="%" export-for-steady-state="true" fixed-sensor="" fullset-stability="false" gid="2248" group="" idds-hardware-name="EMSParm_248" is-continuous-log="true" is-critical="false" is-enabled="true" logical-id="devEMS" partition="Streaming" quality-ceiling="good" rtd-reference-channel="" signal-id="" subsystem-name="IDDS" subsystem-type="iDDS" topic="ParameterDataSeries">
                    <alarm-limits/>
                </instance>
                <instance name="EMSParm_388" acquisition-rate="10" alternate-name="" calibration-group="" calibration-sensor="" customer-sensor="" data-type="float" deadband="0" description="" display-format="4.2f" display-range-maximum="100" display-range-minimum="0" domain-id="10" engineering-unit="%" export-for-steady-state="true" fixed-sensor="" fullset-stability="false" gid="2388" group="" idds-hardware-name="EMSParm_388" is-continuous-log="true" is-critical="false" is-enabled="true" logical-id="devEMS" partition="Streaming" quality-ceiling="good" rtd-reference-channel="" signal-id="" subsystem-name="IDDS" subsystem-type="iDDS" topic="ParameterDataSeries">
                    <alarm-limits/>
                </instance>
                <instance name="EMSParm_1141" acquisition-rate="10" alternate-name="" calibration-group="" calibration-sensor="" customer-sensor="" data-type="float" deadband="0" description="" display-format="4.2f" display-range-maximum="100" display-range-minimum="0" domain-id="10" engineering-unit="%" export-for-steady-state="true" fixed-sensor="" fullset-stability="false" gid="3141" group="" idds-hardware-name="EMSParm_1141" is-continuous-log="true" is-critical="false" is-enabled="true" logical-id="devEMS" partition="Streaming" quality-ceiling="good" rtd-reference-channel="" signal-id="" subsystem-name="IDDS" subsystem-type="iDDS" topic="ParameterDataSeries">
                    <alarm-limits/>
                </instance>
                <instance name="EMSParm_1112" acquisition-rate="10" alternate-name="" calibration-group="" calibration-sensor="" customer-sensor="" data-type="float" deadband="0" description="" display-format="4.2f" display-range-maximum="100" display-range-minimum="0" domain-id="10" engineering-unit="%" export-for-steady-state="true" fixed-sensor="" fullset-stability="false" gid="3112" group="" idds-hardware-name="EMSParm_1112" is-continuous-log="true" is-critical="false" is-enabled="true" logical-id="devEMS" partition="Streaming" quality-ceiling="good" rtd-reference-channel="" signal-id="" subsystem-name="IDDS" subsystem-type="iDDS" topic="ParameterDataSeries">
                    <alarm-limits/>
                </instance>
                <instance name="EMSParm_57" acquisition-rate="10" alternate-name="" calibration-group="" calibration-sensor="" customer-sensor="" data-type="float" deadband="0" description="" display-format="4.2f" display-range-maximum="100" display-range-minimum="0" domain-id="10" engineering-unit="%" export-for-steady-state="true" fixed-sensor="" fullset-stability="false" gid="2057" group="" idds-hardware-name="EMSParm_57" is-continuous-log="true" is-critical="false" is-enabled="true" logical-id="devEMS" partition="Streaming" quality-ceiling="good" rtd-reference-channel="" signal-id="" subsystem-name="IDDS" subsystem-type="iDDS" topic="ParameterDataSeries">
                    <alarm-limits/>
                </instance>
                <instance name="calcFn1" acquisition-rate="10" alternate-name="" calculated-equation="0.0" calculated-persistency="volatile" calibration-group="" calibration-sensor="" customer-sensor="" data-type="float" deadband="0" description="" display-format="4.2f" display-range-maximum="100" display-range-minimum="0" domain-id="4" engineering-unit="V" export-for-steady-state="true" fixed-sensor="" fullset-stability="false" gid="6014" group="" idds-hardware-name="calcFn1" is-continuous-log="true" is-critical="false" is-enabled="true" is-output="false" logical-id="RTE" partition="Streaming" quality-ceiling="good" rtd-reference-channel="" signal-id="" subsystem-name="calculated" subsystem-type="calculated" topic="ParameterDataValue">
                    <alarm-limits/>
                </instance>
                <instance name="T000034" acquisition-rate="10" alternate-name="" calibration-group="" calibration-sensor="" customer-sensor="" data-type="float" deadband="0" description="" display-format="4.2f" display-range-maximum="100" display-range-minimum="0" domain-id="2" engineering-unit="degC" export-for-steady-state="true" fixed-sensor="" fullset-stability="false" gid="5034" group="" idds-hardware-name="SCUTRDEMO_Ch34" is-continuous-log="true" is-critical="false" is-enabled="true" logical-id="scutrsim" partition="Streaming" quality-ceiling="good" rtd-reference-channel="" signal-id="" subsystem-name="IDDS" subsystem-type="iDDS" topic="ParameterDataSeries">
                    <alarm-limits/>
                </instance>
                <instance name="EMSParm_423" acquisition-rate="10" alternate-name="" calibration-group="" calibration-sensor="" customer-sensor="" data-type="float" deadband="0" description="" display-format="4.2f" display-range-maximum="100" display-range-minimum="0" domain-id="10" engineering-unit="%" export-for-steady-state="true" fixed-sensor="" fullset-stability="false" gid="2423" group="" idds-hardware-name="EMSParm_423" is-continuous-log="true" is-critical="false" is-enabled="true" logical-id="devEMS" partition="Streaming" quality-ceiling="good" rtd-reference-channel="" signal-id="" subsystem-name="IDDS" subsystem-type="iDDS" topic="ParameterDataSeries">
                    <alarm-limits/>
                </instance>
                <instance name="EMSParm_404" acquisition-rate="10" alternate-name="" calibration-group="" calibration-sensor="" customer-sensor="" data-type="float" deadband="0" description="" display-format="4.2f" display-range-maximum="100" display-range-minimum="0" domain-id="10" engineering-unit="%" export-for-steady-state="true" fixed-sensor="" fullset-stability="false" gid="2404" group="" idds-hardware-name="EMSParm_404" is-continuous-log="true" is-critical="false" is-enabled="true" logical-id="devEMS" partition="Streaming" quality-ceiling="good" rtd-reference-channel="" signal-id="" subsystem-name="IDDS" subsystem-type="iDDS" topic="ParameterDataSeries">
                    <alarm-limits/>
                </instance>
                <instance name="T000021" acquisition-rate="10" alternate-name="" calibration-group="" calibration-sensor="" customer-sensor="" data-type="float" deadband="0" description="" display-format="4.2f" display-range-maximum="100" display-range-minimum="0" domain-id="2" engineering-unit="degC" export-for-steady-state="true" fixed-sensor="" fullset-stability="false" gid="5021" group="" idds-hardware-name="SCUTRDEMO_Ch21" is-continuous-log="true" is-critical="false" is-enabled="true" logical-id="scutrsim" partition="Streaming" quality-ceiling="good" rtd-reference-channel="" signal-id="" subsystem-name="IDDS" subsystem-type="iDDS" topic="ParameterDataSeries">
                    <alarm-limits/>
                </instance>
                <instance name="EMSParm_899" acquisition-rate="10" alternate-name="" calibration-group="" calibration-sensor="" customer-sensor="" data-type="float" deadband="0" description="" display-format="4.2f" display-range-maximum="100" display-range-minimum="0" domain-id="10" engineering-unit="%" export-for-steady-state="true" fixed-sensor="" fullset-stability="false" gid="2899" group="" idds-hardware-name="EMSParm_899" is-continuous-log="true" is-critical="false" is-enabled="true" logical-id="devEMS" partition="Streaming" quality-ceiling="good" rtd-reference-channel="" signal-id="" subsystem-name="IDDS" subsystem-type="iDDS" topic="ParameterDataSeries">
                    <alarm-limits/>
                </instance>
                <instance name="EMSParm_402" acquisition-rate="10" alternate-name="" calibration-group="" calibration-sensor="" customer-sensor="" data-type="float" deadband="0" description="" display-format="4.2f" display-range-maximum="100" display-range-minimum="0" domain-id="10" engineering-unit="%" export-for-steady-state="true" fixed-sensor="" fullset-stability="false" gid="2402" group="" idds-hardware-name="EMSParm_402" is-continuous-log="true" is-critical="false" is-enabled="true" logical-id="devEMS" partition="Streaming" quality-ceiling="good" rtd-reference-channel="" signal-id="" subsystem-name="IDDS" subsystem-type="iDDS" topic="ParameterDataSeries">
                    <alarm-limits/>
                </instance>
                <instance name="EMSParm_1169" acquisition-rate="10" alternate-name="" calibration-group="" calibration-sensor="" customer-sensor="" data-type="float" deadband="0" description="" display-format="4.2f" display-range-maximum="100" display-range-minimum="0" domain-id="10" engineering-unit="%" export-for-steady-state="true" fixed-sensor="" fullset-stability="false" gid="3169" group="" idds-hardware-name="EMSParm_1169" is-continuous-log="true" is-critical="false" is-enabled="true" logical-id="devEMS" partition="Streaming" quality-ceiling="good" rtd-reference-channel="" signal-id="" subsystem-name="IDDS" subsystem-type="iDDS" topic="ParameterDataSeries">
                    <alarm-limits/>
                </instance>
                <instance name="EMSParm_652" acquisition-rate="10" alternate-name="" calibration-group="" calibration-sensor="" customer-sensor="" data-type="float" deadband="0" description="" display-format="4.2f" display-range-maximum="100" display-range-minimum="0" domain-id="10" engineering-unit="%" export-for-steady-state="true" fixed-sensor="" fullset-stability="false" gid="2652" group="" idds-hardware-name="EMSParm_652" is-continuous-log="true" is-critical="false" is-enabled="true" logical-id="devEMS" partition="Streaming" quality-ceiling="good" rtd-reference-channel="" signal-id="" subsystem-name="IDDS" subsystem-type="iDDS" topic="ParameterDataSeries">
                    <alarm-limits/>
                </instance>
                <instance name="EMSParm_1220" acquisition-rate="10" alternate-name="" calibration-group="" calibration-sensor="" customer-sensor="" data-type="float" deadband="0" description="" display-format="4.2f" display-range-maximum="100" display-range-minimum="0" domain-id="10" engineering-unit="%" export-for-steady-state="true" fixed-sensor="" fullset-stability="false" gid="3220" group="" idds-hardware-name="EMSParm_1220" is-continuous-log="true" is-critical="false" is-enabled="true" logical-id="devEMS" partition="Streaming" quality-ceiling="good" rtd-reference-channel="" signal-id="" subsystem-name="IDDS" subsystem-type="iDDS" topic="ParameterDataSeries">
                    <alarm-limits/>
                </instance>
                <instance name="EMSParm_1060" acquisition-rate="10" alternate-name="" calibration-group="" calibration-sensor="" customer-sensor="" data-type="float" deadband="0" description="" display-format="4.2f" display-range-maximum="100" display-range-minimum="0" domain-id="10" engineering-unit="%" export-for-steady-state="true" fixed-sensor="" fullset-stability="false" gid="3060" group="" idds-hardware-name="EMSParm_1060" is-continuous-log="true" is-critical="false" is-enabled="true" logical-id="devEMS" partition="Streaming" quality-ceiling="good" rtd-reference-channel="" signal-id="" subsystem-name="IDDS" subsystem-type="iDDS" topic="ParameterDataSeries">
                    <alarm-limits/>
                </instance>
                <instance name="EMSParm_3" acquisition-rate="10" alternate-name="" calibration-group="" calibration-sensor="" customer-sensor="" data-type="float" deadband="0" description="" display-format="4.2f" display-range-maximum="100" display-range-minimum="0" domain-id="10" engineering-unit="%" export-for-steady-state="true" fixed-sensor="" fullset-stability="false" gid="2003" group="" idds-hardware-name="EMSParm_3" is-continuous-log="true" is-critical="false" is-enabled="true" logical-id="devEMS" partition="Streaming" quality-ceiling="good" rtd-reference-channel="" signal-id="" subsystem-name="IDDS" subsystem-type="iDDS" topic="ParameterDataSeries">
                    <alarm-limits/>
                </instance>
                <instance name="EMSParm_912" acquisition-rate="10" alternate-name="" calibration-group="" calibration-sensor="" customer-sensor="" data-type="float" deadband="0" description="" display-format="4.2f" display-range-maximum="100" display-range-minimum="0" domain-id="10" engineering-unit="%" export-for-steady-state="true" fixed-sensor="" fullset-stability="false" gid="2912" group="" idds-hardware-name="EMSParm_912" is-continuous-log="true" is-critical="false" is-enabled="true" logical-id="devEMS" partition="Streaming" quality-ceiling="good" rtd-reference-channel="" signal-id="" subsystem-name="IDDS" subsystem-type="iDDS" topic="ParameterDataSeries">
                    <alarm-limits/>
                </instance>
                <instance name="EMSParm_1313" acquisition-rate="10" alternate-name="" calibration-group="" calibration-sensor="" customer-sensor="" data-type="float" deadband="0" description="" display-format="4.2f" display-range-maximum="100" display-range-minimum="0" domain-id="10" engineering-unit="%" export-for-steady-state="true" fixed-sensor="" fullset-stability="false" gid="3313" group="" idds-hardware-name="EMSParm_1313" is-continuous-log="true" is-critical="false" is-enabled="true" logical-id="devEMS" partition="Streaming" quality-ceiling="good" rtd-reference-channel="" signal-id="" subsystem-name="IDDS" subsystem-type="iDDS" topic="ParameterDataSeries">
                    <alarm-limits/>
                </instance>
                <instance name="EMSParm_1350" acquisition-rate="10" alternate-name="" calibration-group="" calibration-sensor="" customer-sensor="" data-type="float" deadband="0" description="" display-format="4.2f" display-range-maximum="100" display-range-minimum="0" domain-id="10" engineering-unit="%" export-for-steady-state="true" fixed-sensor="" fullset-stability="false" gid="3350" group="" idds-hardware-name="EMSParm_1350" is-continuous-log="true" is-critical="false" is-enabled="true" logical-id="devEMS" partition="Streaming" quality-ceiling="good" rtd-reference-channel="" signal-id="" subsystem-name="IDDS" subsystem-type="iDDS" topic="ParameterDataSeries">
                    <alarm-limits/>
                </instance>
                <instance name="EMSParm_1014" acquisition-rate="10" alternate-name="" calibration-group="" calibration-sensor="" customer-sensor="" data-type="float" deadband="0" description="" display-format="4.2f" display-range-maximum="100" display-range-minimum="0" domain-id="10" engineering-unit="%" export-for-steady-state="true" fixed-sensor="" fullset-stability="false" gid="3014" group="" idds-hardware-name="EMSParm_1014" is-continuous-log="true" is-critical="false" is-enabled="true" logical-id="devEMS" partition="Streaming" quality-ceiling="good" rtd-reference-channel="" signal-id="" subsystem-name="IDDS" subsystem-type="iDDS" topic="ParameterDataSeries">
                    <alarm-limits/>
                </instance>
                <instance name="EMSParm_653" acquisition-rate="10" alternate-name="" calibration-group="" calibration-sensor="" customer-sensor="" data-type="float" deadband="0" description="" display-format="4.2f" display-range-maximum="100" display-range-minimum="0" domain-id="10" engineering-unit="%" export-for-steady-state="true" fixed-sensor="" fullset-stability="false" gid="2653" group="" idds-hardware-name="EMSParm_653" is-continuous-log="true" is-critical="false" is-enabled="true" logical-id="devEMS" partition="Streaming" quality-ceiling="good" rtd-reference-channel="" signal-id="" subsystem-name="IDDS" subsystem-type="iDDS" topic="ParameterDataSeries">
                    <alarm-limits/>
                </instance>
                <instance name="calcFn0" acquisition-rate="10" alternate-name="" calculated-equation="0.0" calculated-persistency="volatile" calibration-group="" calibration-sensor="" customer-sensor="" data-type="float" deadband="0" description="" display-format="4.2f" display-range-maximum="100" display-range-minimum="0" domain-id="4" engineering-unit="V" export-for-steady-state="true" fixed-sensor="" fullset-stability="false" gid="6013" group="" idds-hardware-name="calcFn0" is-continuous-log="true" is-critical="false" is-enabled="true" is-output="false" logical-id="RTE" partition="Streaming" quality-ceiling="good" rtd-reference-channel="" signal-id="" subsystem-name="calculated" subsystem-type="calculated" topic="ParameterDataValue">
                    <alarm-limits/>
                </instance>
                <instance name="EMSParm_1496" acquisition-rate="10" alternate-name="" calibration-group="" calibration-sensor="" customer-sensor="" data-type="float" deadband="0" description="" display-format="4.2f" display-range-maximum="100" display-range-minimum="0" domain-id="10" engineering-unit="%" export-for-steady-state="true" fixed-sensor="" fullset-stability="false" gid="3496" group="" idds-hardware-name="EMSParm_1496" is-continuous-log="true" is-critical="false" is-enabled="true" logical-id="devEMS" partition="Streaming" quality-ceiling="good" rtd-reference-channel="" signal-id="" subsystem-name="IDDS" subsystem-type="iDDS" topic="ParameterDataSeries">
                    <alarm-limits/>
                </instance>
                <instance name="EMSParm_646" acquisition-rate="10" alternate-name="" calibration-group="" calibration-sensor="" customer-sensor="" data-type="float" deadband="0" description="" display-format="4.2f" display-range-maximum="100" display-range-minimum="0" domain-id="10" engineering-unit="%" export-for-steady-state="true" fixed-sensor="" fullset-stability="false" gid="2646" group="" idds-hardware-name="EMSParm_646" is-continuous-log="true" is-critical="false" is-enabled="true" logical-id="devEMS" partition="Streaming" quality-ceiling="good" rtd-reference-channel="" signal-id="" subsystem-name="IDDS" subsystem-type="iDDS" topic="ParameterDataSeries">
                    <alarm-limits/>
                </instance>
                <instance name="EMSParm_671" acquisition-rate="10" alternate-name="" calibration-group="" calibration-sensor="" customer-sensor="" data-type="float" deadband="0" description="" display-format="4.2f" display-range-maximum="100" display-range-minimum="0" domain-id="10" engineering-unit="%" export-for-steady-state="true" fixed-sensor="" fullset-stability="false" gid="2671" group="" idds-hardware-name="EMSParm_671" is-continuous-log="true" is-critical="false" is-enabled="true" logical-id="devEMS" partition="Streaming" quality-ceiling="good" rtd-reference-channel="" signal-id="" subsystem-name="IDDS" subsystem-type="iDDS" topic="ParameterDataSeries">
                    <alarm-limits/>
                </instance>
                <instance name="T000009" acquisition-rate="10" alternate-name="" calibration-group="" calibration-sensor="" customer-sensor="" data-type="float" deadband="0" description="" display-format="4.2f" display-range-maximum="100" display-range-minimum="0" domain-id="2" engineering-unit="degC" export-for-steady-state="true" fixed-sensor="" fullset-stability="false" gid="5009" group="" idds-hardware-name="SCUTRDEMO_Ch09" is-continuous-log="true" is-critical="false" is-enabled="true" logical-id="scutrsim" partition="Streaming" quality-ceiling="good" rtd-reference-channel="" signal-id="" subsystem-name="IDDS" subsystem-type="iDDS" topic="ParameterDataSeries">
                    <alarm-limits/>
                </instance>
                <instance name="EMSParm_459" acquisition-rate="10" alternate-name="" calibration-group="" calibration-sensor="" customer-sensor="" data-type="float" deadband="0" description="" display-format="4.2f" display-range-maximum="100" display-range-minimum="0" domain-id="10" engineering-unit="%" export-for-steady-state="true" fixed-sensor="" fullset-stability="false" gid="2459" group="" idds-hardware-name="EMSParm_459" is-continuous-log="true" is-critical="false" is-enabled="true" logical-id="devEMS" partition="Streaming" quality-ceiling="good" rtd-reference-channel="" signal-id="" subsystem-name="IDDS" subsystem-type="iDDS" topic="ParameterDataSeries">
                    <alarm-limits/>
                </instance>
                <instance name="EMSParm_1469" acquisition-rate="10" alternate-name="" calibration-group="" calibration-sensor="" customer-sensor="" data-type="float" deadband="0" description="" display-format="4.2f" display-range-maximum="100" display-range-minimum="0" domain-id="10" engineering-unit="%" export-for-steady-state="true" fixed-sensor="" fullset-stability="false" gid="3469" group="" idds-hardware-name="EMSParm_1469" is-continuous-log="true" is-critical="false" is-enabled="true" logical-id="devEMS" partition="Streaming" quality-ceiling="good" rtd-reference-channel="" signal-id="" subsystem-name="IDDS" subsystem-type="iDDS" topic="ParameterDataSeries">
                    <alarm-limits/>
                </instance>
                <instance name="EMSParm_226" acquisition-rate="10" alternate-name="" calibration-group="" calibration-sensor="" customer-sensor="" data-type="float" deadband="0" description="" display-format="4.2f" display-range-maximum="100" display-range-minimum="0" domain-id="10" engineering-unit="%" export-for-steady-state="true" fixed-sensor="" fullset-stability="false" gid="2226" group="" idds-hardware-name="EMSParm_226" is-continuous-log="true" is-critical="false" is-enabled="true" logical-id="devEMS" partition="Streaming" quality-ceiling="good" rtd-reference-channel="" signal-id="" subsystem-name="IDDS" subsystem-type="iDDS" topic="ParameterDataSeries">
                    <alarm-limits/>
                </instance>
                <instance name="EMSParm_1043" acquisition-rate="10" alternate-name="" calibration-group="" calibration-sensor="" customer-sensor="" data-type="float" deadband="0" description="" display-format="4.2f" display-range-maximum="100" display-range-minimum="0" domain-id="10" engineering-unit="%" export-for-steady-state="true" fixed-sensor="" fullset-stability="false" gid="3043" group="" idds-hardware-name="EMSParm_1043" is-continuous-log="true" is-critical="false" is-enabled="true" logical-id="devEMS" partition="Streaming" quality-ceiling="good" rtd-reference-channel="" signal-id="" subsystem-name="IDDS" subsystem-type="iDDS" topic="ParameterDataSeries">
                    <alarm-limits/>
                </instance>
                <instance name="EMSParm_552" acquisition-rate="10" alternate-name="" calibration-group="" calibration-sensor="" customer-sensor="" data-type="float" deadband="0" description="" display-format="4.2f" display-range-maximum="100" display-range-minimum="0" domain-id="10" engineering-unit="%" export-for-steady-state="true" fixed-sensor="" fullset-stability="false" gid="2552" group="" idds-hardware-name="EMSParm_552" is-continuous-log="true" is-critical="false" is-enabled="true" logical-id="devEMS" partition="Streaming" quality-ceiling="good" rtd-reference-channel="" signal-id="" subsystem-name="IDDS" subsystem-type="iDDS" topic="ParameterDataSeries">
                    <alarm-limits/>
                </instance>
                <instance name="EMSParm_749" acquisition-rate="10" alternate-name="" calibration-group="" calibration-sensor="" customer-sensor="" data-type="float" deadband="0" description="" display-format="4.2f" display-range-maximum="100" display-range-minimum="0" domain-id="10" engineering-unit="%" export-for-steady-state="true" fixed-sensor="" fullset-stability="false" gid="2749" group="" idds-hardware-name="EMSParm_749" is-continuous-log="true" is-critical="false" is-enabled="true" logical-id="devEMS" partition="Streaming" quality-ceiling="good" rtd-reference-channel="" signal-id="" subsystem-name="IDDS" subsystem-type="iDDS" topic="ParameterDataSeries">
                    <alarm-limits/>
                </instance>
                <instance name="EMSParm_1094" acquisition-rate="10" alternate-name="" calibration-group="" calibration-sensor="" customer-sensor="" data-type="float" deadband="0" description="" display-format="4.2f" display-range-maximum="100" display-range-minimum="0" domain-id="10" engineering-unit="%" export-for-steady-state="true" fixed-sensor="" fullset-stability="false" gid="3094" group="" idds-hardware-name="EMSParm_1094" is-continuous-log="true" is-critical="false" is-enabled="true" logical-id="devEMS" partition="Streaming" quality-ceiling="good" rtd-reference-channel="" signal-id="" subsystem-name="IDDS" subsystem-type="iDDS" topic="ParameterDataSeries">
                    <alarm-limits/>
                </instance>
                <instance name="EMSParm_302" acquisition-rate="10" alternate-name="" calibration-group="" calibration-sensor="" customer-sensor="" data-type="float" deadband="0" description="" display-format="4.2f" display-range-maximum="100" display-range-minimum="0" domain-id="10" engineering-unit="%" export-for-steady-state="true" fixed-sensor="" fullset-stability="false" gid="2302" group="" idds-hardware-name="EMSParm_302" is-continuous-log="true" is-critical="false" is-enabled="true" logical-id="devEMS" partition="Streaming" quality-ceiling="good" rtd-reference-channel="" signal-id="" subsystem-name="IDDS" subsystem-type="iDDS" topic="ParameterDataSeries">
                    <alarm-limits/>
                </instance>
                <instance name="EMSParm_168" acquisition-rate="10" alternate-name="" calibration-group="" calibration-sensor="" customer-sensor="" data-type="float" deadband="0" description="" display-format="4.2f" display-range-maximum="100" display-range-minimum="0" domain-id="10" engineering-unit="%" export-for-steady-state="true" fixed-sensor="" fullset-stability="false" gid="2168" group="" idds-hardware-name="EMSParm_168" is-continuous-log="true" is-critical="false" is-enabled="true" logical-id="devEMS" partition="Streaming" quality-ceiling="good" rtd-reference-channel="" signal-id="" subsystem-name="IDDS" subsystem-type="iDDS" topic="ParameterDataSeries">
                    <alarm-limits/>
                </instance>
                <instance name="EMSParm_648" acquisition-rate="10" alternate-name="" calibration-group="" calibration-sensor="" customer-sensor="" data-type="float" deadband="0" description="" display-format="4.2f" display-range-maximum="100" display-range-minimum="0" domain-id="10" engineering-unit="%" export-for-steady-state="true" fixed-sensor="" fullset-stability="false" gid="2648" group="" idds-hardware-name="EMSParm_648" is-continuous-log="true" is-critical="false" is-enabled="true" logical-id="devEMS" partition="Streaming" quality-ceiling="good" rtd-reference-channel="" signal-id="" subsystem-name="IDDS" subsystem-type="iDDS" topic="ParameterDataSeries">
                    <alarm-limits/>
                </instance>
                <instance name="EMSParm_11" acquisition-rate="10" alternate-name="" calibration-group="" calibration-sensor="" customer-sensor="" data-type="float" deadband="0" description="" display-format="4.2f" display-range-maximum="100" display-range-minimum="0" domain-id="10" engineering-unit="%" export-for-steady-state="true" fixed-sensor="" fullset-stability="false" gid="2011" group="" idds-hardware-name="EMSParm_11" is-continuous-log="true" is-critical="false" is-enabled="true" logical-id="devEMS" partition="Streaming" quality-ceiling="good" rtd-reference-channel="" signal-id="" subsystem-name="IDDS" subsystem-type="iDDS" topic="ParameterDataSeries">
                    <alarm-limits/>
                </instance>
                <instance name="EMSParm_493" acquisition-rate="10" alternate-name="" calibration-group="" calibration-sensor="" customer-sensor="" data-type="float" deadband="0" description="" display-format="4.2f" display-range-maximum="100" display-range-minimum="0" domain-id="10" engineering-unit="%" export-for-steady-state="true" fixed-sensor="" fullset-stability="false" gid="2493" group="" idds-hardware-name="EMSParm_493" is-continuous-log="true" is-critical="false" is-enabled="true" logical-id="devEMS" partition="Streaming" quality-ceiling="good" rtd-reference-channel="" signal-id="" subsystem-name="IDDS" subsystem-type="iDDS" topic="ParameterDataSeries">
                    <alarm-limits/>
                </instance>
                <instance name="EMSParm_1427" acquisition-rate="10" alternate-name="" calibration-group="" calibration-sensor="" customer-sensor="" data-type="float" deadband="0" description="" display-format="4.2f" display-range-maximum="100" display-range-minimum="0" domain-id="10" engineering-unit="%" export-for-steady-state="true" fixed-sensor="" fullset-stability="false" gid="3427" group="" idds-hardware-name="EMSParm_1427" is-continuous-log="true" is-critical="false" is-enabled="true" logical-id="devEMS" partition="Streaming" quality-ceiling="good" rtd-reference-channel="" signal-id="" subsystem-name="IDDS" subsystem-type="iDDS" topic="ParameterDataSeries">
                    <alarm-limits/>
                </instance>
                <instance name="EMSParm_1538" acquisition-rate="10" alternate-name="" calibration-group="" calibration-sensor="" customer-sensor="" data-type="float" deadband="0" description="" display-format="4.2f" display-range-maximum="100" display-range-minimum="0" domain-id="10" engineering-unit="%" export-for-steady-state="true" fixed-sensor="" fullset-stability="false" gid="3538" group="" idds-hardware-name="EMSParm_1538" is-continuous-log="true" is-critical="false" is-enabled="true" logical-id="devEMS" partition="Streaming" quality-ceiling="good" rtd-reference-channel="" signal-id="" subsystem-name="IDDS" subsystem-type="iDDS" topic="ParameterDataSeries">
                    <alarm-limits/>
                </instance>
                <instance name="EMSParm_1117" acquisition-rate="10" alternate-name="" calibration-group="" calibration-sensor="" customer-sensor="" data-type="float" deadband="0" description="" display-format="4.2f" display-range-maximum="100" display-range-minimum="0" domain-id="10" engineering-unit="%" export-for-steady-state="true" fixed-sensor="" fullset-stability="false" gid="3117" group="" idds-hardware-name="EMSParm_1117" is-continuous-log="true" is-critical="false" is-enabled="true" logical-id="devEMS" partition="Streaming" quality-ceiling="good" rtd-reference-channel="" signal-id="" subsystem-name="IDDS" subsystem-type="iDDS" topic="ParameterDataSeries">
                    <alarm-limits/>
                </instance>
                <instance name="EMSParm_676" acquisition-rate="10" alternate-name="" calibration-group="" calibration-sensor="" customer-sensor="" data-type="float" deadband="0" description="" display-format="4.2f" display-range-maximum="100" display-range-minimum="0" domain-id="10" engineering-unit="%" export-for-steady-state="true" fixed-sensor="" fullset-stability="false" gid="2676" group="" idds-hardware-name="EMSParm_676" is-continuous-log="true" is-critical="false" is-enabled="true" logical-id="devEMS" partition="Streaming" quality-ceiling="good" rtd-reference-channel="" signal-id="" subsystem-name="IDDS" subsystem-type="iDDS" topic="ParameterDataSeries">
                    <alarm-limits/>
                </instance>
                <instance name="EMSParm_19" acquisition-rate="10" alternate-name="" calibration-group="" calibration-sensor="" customer-sensor="" data-type="float" deadband="0" description="" display-format="4.2f" display-range-maximum="100" display-range-minimum="0" domain-id="10" engineering-unit="%" export-for-steady-state="true" fixed-sensor="" fullset-stability="false" gid="2019" group="" idds-hardware-name="EMSParm_19" is-continuous-log="true" is-critical="false" is-enabled="true" logical-id="devEMS" partition="Streaming" quality-ceiling="good" rtd-reference-channel="" signal-id="" subsystem-name="IDDS" subsystem-type="iDDS" topic="ParameterDataSeries">
                    <alarm-limits/>
                </instance>
                <instance name="EMSParm_1278" acquisition-rate="10" alternate-name="" calibration-group="" calibration-sensor="" customer-sensor="" data-type="float" deadband="0" description="" display-format="4.2f" display-range-maximum="100" display-range-minimum="0" domain-id="10" engineering-unit="%" export-for-steady-state="true" fixed-sensor="" fullset-stability="false" gid="3278" group="" idds-hardware-name="EMSParm_1278" is-continuous-log="true" is-critical="false" is-enabled="true" logical-id="devEMS" partition="Streaming" quality-ceiling="good" rtd-reference-channel="" signal-id="" subsystem-name="IDDS" subsystem-type="iDDS" topic="ParameterDataSeries">
                    <alarm-limits/>
                </instance>
                <instance name="EMSParm_1430" acquisition-rate="10" alternate-name="" calibration-group="" calibration-sensor="" customer-sensor="" data-type="float" deadband="0" description="" display-format="4.2f" display-range-maximum="100" display-range-minimum="0" domain-id="10" engineering-unit="%" export-for-steady-state="true" fixed-sensor="" fullset-stability="false" gid="3430" group="" idds-hardware-name="EMSParm_1430" is-continuous-log="true" is-critical="false" is-enabled="true" logical-id="devEMS" partition="Streaming" quality-ceiling="good" rtd-reference-channel="" signal-id="" subsystem-name="IDDS" subsystem-type="iDDS" topic="ParameterDataSeries">
                    <alarm-limits/>
                </instance>
                <instance name="EMSParm_1300" acquisition-rate="10" alternate-name="" calibration-group="" calibration-sensor="" customer-sensor="" data-type="float" deadband="0" description="" display-format="4.2f" display-range-maximum="100" display-range-minimum="0" domain-id="10" engineering-unit="%" export-for-steady-state="true" fixed-sensor="" fullset-stability="false" gid="3300" group="" idds-hardware-name="EMSParm_1300" is-continuous-log="true" is-critical="false" is-enabled="true" logical-id="devEMS" partition="Streaming" quality-ceiling="good" rtd-reference-channel="" signal-id="" subsystem-name="IDDS" subsystem-type="iDDS" topic="ParameterDataSeries">
                    <alarm-limits/>
                </instance>
                <instance name="EMSParm_1457" acquisition-rate="10" alternate-name="" calibration-group="" calibration-sensor="" customer-sensor="" data-type="float" deadband="0" description="" display-format="4.2f" display-range-maximum="100" display-range-minimum="0" domain-id="10" engineering-unit="%" export-for-steady-state="true" fixed-sensor="" fullset-stability="false" gid="3457" group="" idds-hardware-name="EMSParm_1457" is-continuous-log="true" is-critical="false" is-enabled="true" logical-id="devEMS" partition="Streaming" quality-ceiling="good" rtd-reference-channel="" signal-id="" subsystem-name="IDDS" subsystem-type="iDDS" topic="ParameterDataSeries">
                    <alarm-limits/>
                </instance>
                <instance name="EMSParm_905" acquisition-rate="10" alternate-name="" calibration-group="" calibration-sensor="" customer-sensor="" data-type="float" deadband="0" description="" display-format="4.2f" display-range-maximum="100" display-range-minimum="0" domain-id="10" engineering-unit="%" export-for-steady-state="true" fixed-sensor="" fullset-stability="false" gid="2905" group="" idds-hardware-name="EMSParm_905" is-continuous-log="true" is-critical="false" is-enabled="true" logical-id="devEMS" partition="Streaming" quality-ceiling="good" rtd-reference-channel="" signal-id="" subsystem-name="IDDS" subsystem-type="iDDS" topic="ParameterDataSeries">
                    <alarm-limits/>
                </instance>
                <instance name="EMSParm_593" acquisition-rate="10" alternate-name="" calibration-group="" calibration-sensor="" customer-sensor="" data-type="float" deadband="0" description="" display-format="4.2f" display-range-maximum="100" display-range-minimum="0" domain-id="10" engineering-unit="%" export-for-steady-state="true" fixed-sensor="" fullset-stability="false" gid="2593" group="" idds-hardware-name="EMSParm_593" is-continuous-log="true" is-critical="false" is-enabled="true" logical-id="devEMS" partition="Streaming" quality-ceiling="good" rtd-reference-channel="" signal-id="" subsystem-name="IDDS" subsystem-type="iDDS" topic="ParameterDataSeries">
                    <alarm-limits/>
                </instance>
                <instance name="EMSParm_298" acquisition-rate="10" alternate-name="" calibration-group="" calibration-sensor="" customer-sensor="" data-type="float" deadband="0" description="" display-format="4.2f" display-range-maximum="100" display-range-minimum="0" domain-id="10" engineering-unit="%" export-for-steady-state="true" fixed-sensor="" fullset-stability="false" gid="2298" group="" idds-hardware-name="EMSParm_298" is-continuous-log="true" is-critical="false" is-enabled="true" logical-id="devEMS" partition="Streaming" quality-ceiling="good" rtd-reference-channel="" signal-id="" subsystem-name="IDDS" subsystem-type="iDDS" topic="ParameterDataSeries">
                    <alarm-limits/>
                </instance>
                <instance name="EMSParm_1217" acquisition-rate="10" alternate-name="" calibration-group="" calibration-sensor="" customer-sensor="" data-type="float" deadband="0" description="" display-format="4.2f" display-range-maximum="100" display-range-minimum="0" domain-id="10" engineering-unit="%" export-for-steady-state="true" fixed-sensor="" fullset-stability="false" gid="3217" group="" idds-hardware-name="EMSParm_1217" is-continuous-log="true" is-critical="false" is-enabled="true" logical-id="devEMS" partition="Streaming" quality-ceiling="good" rtd-reference-channel="" signal-id="" subsystem-name="IDDS" subsystem-type="iDDS" topic="ParameterDataSeries">
                    <alarm-limits/>
                </instance>
                <instance name="EMSParm_1229" acquisition-rate="10" alternate-name="" calibration-group="" calibration-sensor="" customer-sensor="" data-type="float" deadband="0" description="" display-format="4.2f" display-range-maximum="100" display-range-minimum="0" domain-id="10" engineering-unit="%" export-for-steady-state="true" fixed-sensor="" fullset-stability="false" gid="3229" group="" idds-hardware-name="EMSParm_1229" is-continuous-log="true" is-critical="false" is-enabled="true" logical-id="devEMS" partition="Streaming" quality-ceiling="good" rtd-reference-channel="" signal-id="" subsystem-name="IDDS" subsystem-type="iDDS" topic="ParameterDataSeries">
                    <alarm-limits/>
                </instance>
                <instance name="EMSParm_588" acquisition-rate="10" alternate-name="" calibration-group="" calibration-sensor="" customer-sensor="" data-type="float" deadband="0" description="" display-format="4.2f" display-range-maximum="100" display-range-minimum="0" domain-id="10" engineering-unit="%" export-for-steady-state="true" fixed-sensor="" fullset-stability="false" gid="2588" group="" idds-hardware-name="EMSParm_588" is-continuous-log="true" is-critical="false" is-enabled="true" logical-id="devEMS" partition="Streaming" quality-ceiling="good" rtd-reference-channel="" signal-id="" subsystem-name="IDDS" subsystem-type="iDDS" topic="ParameterDataSeries">
                    <alarm-limits/>
                </instance>
                <instance name="EMSParm_921" acquisition-rate="10" alternate-name="" calibration-group="" calibration-sensor="" customer-sensor="" data-type="float" deadband="0" description="" display-format="4.2f" display-range-maximum="100" display-range-minimum="0" domain-id="10" engineering-unit="%" export-for-steady-state="true" fixed-sensor="" fullset-stability="false" gid="2921" group="" idds-hardware-name="EMSParm_921" is-continuous-log="true" is-critical="false" is-enabled="true" logical-id="devEMS" partition="Streaming" quality-ceiling="good" rtd-reference-channel="" signal-id="" subsystem-name="IDDS" subsystem-type="iDDS" topic="ParameterDataSeries">
                    <alarm-limits/>
                </instance>
                <instance name="EMSParm_1306" acquisition-rate="10" alternate-name="" calibration-group="" calibration-sensor="" customer-sensor="" data-type="float" deadband="0" description="" display-format="4.2f" display-range-maximum="100" display-range-minimum="0" domain-id="10" engineering-unit="%" export-for-steady-state="true" fixed-sensor="" fullset-stability="false" gid="3306" group="" idds-hardware-name="EMSParm_1306" is-continuous-log="true" is-critical="false" is-enabled="true" logical-id="devEMS" partition="Streaming" quality-ceiling="good" rtd-reference-channel="" signal-id="" subsystem-name="IDDS" subsystem-type="iDDS" topic="ParameterDataSeries">
                    <alarm-limits/>
                </instance>
                <instance name="EMSParm_1327" acquisition-rate="10" alternate-name="" calibration-group="" calibration-sensor="" customer-sensor="" data-type="float" deadband="0" description="" display-format="4.2f" display-range-maximum="100" display-range-minimum="0" domain-id="10" engineering-unit="%" export-for-steady-state="true" fixed-sensor="" fullset-stability="false" gid="3327" group="" idds-hardware-name="EMSParm_1327" is-continuous-log="true" is-critical="false" is-enabled="true" logical-id="devEMS" partition="Streaming" quality-ceiling="good" rtd-reference-channel="" signal-id="" subsystem-name="IDDS" subsystem-type="iDDS" topic="ParameterDataSeries">
                    <alarm-limits/>
                </instance>
                <instance name="EMSParm_91" acquisition-rate="10" alternate-name="" calibration-group="" calibration-sensor="" customer-sensor="" data-type="float" deadband="0" description="" display-format="4.2f" display-range-maximum="100" display-range-minimum="0" domain-id="10" engineering-unit="%" export-for-steady-state="true" fixed-sensor="" fullset-stability="false" gid="2091" group="" idds-hardware-name="EMSParm_91" is-continuous-log="true" is-critical="false" is-enabled="true" logical-id="devEMS" partition="Streaming" quality-ceiling="good" rtd-reference-channel="" signal-id="" subsystem-name="IDDS" subsystem-type="iDDS" topic="ParameterDataSeries">
                    <alarm-limits/>
                </instance>
                <instance name="EMSParm_656" acquisition-rate="10" alternate-name="" calibration-group="" calibration-sensor="" customer-sensor="" data-type="float" deadband="0" description="" display-format="4.2f" display-range-maximum="100" display-range-minimum="0" domain-id="10" engineering-unit="%" export-for-steady-state="true" fixed-sensor="" fullset-stability="false" gid="2656" group="" idds-hardware-name="EMSParm_656" is-continuous-log="true" is-critical="false" is-enabled="true" logical-id="devEMS" partition="Streaming" quality-ceiling="good" rtd-reference-channel="" signal-id="" subsystem-name="IDDS" subsystem-type="iDDS" topic="ParameterDataSeries">
                    <alarm-limits/>
                </instance>
                <instance name="EMSParm_141" acquisition-rate="10" alternate-name="" calibration-group="" calibration-sensor="" customer-sensor="" data-type="float" deadband="0" description="" display-format="4.2f" display-range-maximum="100" display-range-minimum="0" domain-id="10" engineering-unit="%" export-for-steady-state="true" fixed-sensor="" fullset-stability="false" gid="2141" group="" idds-hardware-name="EMSParm_141" is-continuous-log="true" is-critical="false" is-enabled="true" logical-id="devEMS" partition="Streaming" quality-ceiling="good" rtd-reference-channel="" signal-id="" subsystem-name="IDDS" subsystem-type="iDDS" topic="ParameterDataSeries">
                    <alarm-limits/>
                </instance>
                <instance name="EMSParm_15" acquisition-rate="10" alternate-name="" calibration-group="" calibration-sensor="" customer-sensor="" data-type="float" deadband="0" description="" display-format="4.2f" display-range-maximum="100" display-range-minimum="0" domain-id="10" engineering-unit="%" export-for-steady-state="true" fixed-sensor="" fullset-stability="false" gid="2015" group="" idds-hardware-name="EMSParm_15" is-continuous-log="true" is-critical="false" is-enabled="true" logical-id="devEMS" partition="Streaming" quality-ceiling="good" rtd-reference-channel="" signal-id="" subsystem-name="IDDS" subsystem-type="iDDS" topic="ParameterDataSeries">
                    <alarm-limits/>
                </instance>
                <instance name="EMSParm_589" acquisition-rate="10" alternate-name="" calibration-group="" calibration-sensor="" customer-sensor="" data-type="float" deadband="0" description="" display-format="4.2f" display-range-maximum="100" display-range-minimum="0" domain-id="10" engineering-unit="%" export-for-steady-state="true" fixed-sensor="" fullset-stability="false" gid="2589" group="" idds-hardware-name="EMSParm_589" is-continuous-log="true" is-critical="false" is-enabled="true" logical-id="devEMS" partition="Streaming" quality-ceiling="good" rtd-reference-channel="" signal-id="" subsystem-name="IDDS" subsystem-type="iDDS" topic="ParameterDataSeries">
                    <alarm-limits/>
                </instance>
                <instance name="EMSParm_170" acquisition-rate="10" alternate-name="" calibration-group="" calibration-sensor="" customer-sensor="" data-type="float" deadband="0" description="" display-format="4.2f" display-range-maximum="100" display-range-minimum="0" domain-id="10" engineering-unit="%" export-for-steady-state="true" fixed-sensor="" fullset-stability="false" gid="2170" group="" idds-hardware-name="EMSParm_170" is-continuous-log="true" is-critical="false" is-enabled="true" logical-id="devEMS" partition="Streaming" quality-ceiling="good" rtd-reference-channel="" signal-id="" subsystem-name="IDDS" subsystem-type="iDDS" topic="ParameterDataSeries">
                    <alarm-limits/>
                </instance>
                <instance name="EMSParm_1311" acquisition-rate="10" alternate-name="" calibration-group="" calibration-sensor="" customer-sensor="" data-type="float" deadband="0" description="" display-format="4.2f" display-range-maximum="100" display-range-minimum="0" domain-id="10" engineering-unit="%" export-for-steady-state="true" fixed-sensor="" fullset-stability="false" gid="3311" group="" idds-hardware-name="EMSParm_1311" is-continuous-log="true" is-critical="false" is-enabled="true" logical-id="devEMS" partition="Streaming" quality-ceiling="good" rtd-reference-channel="" signal-id="" subsystem-name="IDDS" subsystem-type="iDDS" topic="ParameterDataSeries">
                    <alarm-limits/>
                </instance>
                <instance name="EMSParm_571" acquisition-rate="10" alternate-name="" calibration-group="" calibration-sensor="" customer-sensor="" data-type="float" deadband="0" description="" display-format="4.2f" display-range-maximum="100" display-range-minimum="0" domain-id="10" engineering-unit="%" export-for-steady-state="true" fixed-sensor="" fullset-stability="false" gid="2571" group="" idds-hardware-name="EMSParm_571" is-continuous-log="true" is-critical="false" is-enabled="true" logical-id="devEMS" partition="Streaming" quality-ceiling="good" rtd-reference-channel="" signal-id="" subsystem-name="IDDS" subsystem-type="iDDS" topic="ParameterDataSeries">
                    <alarm-limits/>
                </instance>
                <instance name="EMSParm_1497" acquisition-rate="10" alternate-name="" calibration-group="" calibration-sensor="" customer-sensor="" data-type="float" deadband="0" description="" display-format="4.2f" display-range-maximum="100" display-range-minimum="0" domain-id="10" engineering-unit="%" export-for-steady-state="true" fixed-sensor="" fullset-stability="false" gid="3497" group="" idds-hardware-name="EMSParm_1497" is-continuous-log="true" is-critical="false" is-enabled="true" logical-id="devEMS" partition="Streaming" quality-ceiling="good" rtd-reference-channel="" signal-id="" subsystem-name="IDDS" subsystem-type="iDDS" topic="ParameterDataSeries">
                    <alarm-limits/>
                </instance>
                <instance name="EMSParm_75" acquisition-rate="10" alternate-name="" calibration-group="" calibration-sensor="" customer-sensor="" data-type="float" deadband="0" description="" display-format="4.2f" display-range-maximum="100" display-range-minimum="0" domain-id="10" engineering-unit="%" export-for-steady-state="true" fixed-sensor="" fullset-stability="false" gid="2075" group="" idds-hardware-name="EMSParm_75" is-continuous-log="true" is-critical="false" is-enabled="true" logical-id="devEMS" partition="Streaming" quality-ceiling="good" rtd-reference-channel="" signal-id="" subsystem-name="IDDS" subsystem-type="iDDS" topic="ParameterDataSeries">
                    <alarm-limits/>
                </instance>
                <instance name="EMSParm_645" acquisition-rate="10" alternate-name="" calibration-group="" calibration-sensor="" customer-sensor="" data-type="float" deadband="0" description="" display-format="4.2f" display-range-maximum="100" display-range-minimum="0" domain-id="10" engineering-unit="%" export-for-steady-state="true" fixed-sensor="" fullset-stability="false" gid="2645" group="" idds-hardware-name="EMSParm_645" is-continuous-log="true" is-critical="false" is-enabled="true" logical-id="devEMS" partition="Streaming" quality-ceiling="good" rtd-reference-channel="" signal-id="" subsystem-name="IDDS" subsystem-type="iDDS" topic="ParameterDataSeries">
                    <alarm-limits/>
                </instance>
                <instance name="EMSParm_205" acquisition-rate="10" alternate-name="" calibration-group="" calibration-sensor="" customer-sensor="" data-type="float" deadband="0" description="" display-format="4.2f" display-range-maximum="100" display-range-minimum="0" domain-id="10" engineering-unit="%" export-for-steady-state="true" fixed-sensor="" fullset-stability="false" gid="2205" group="" idds-hardware-name="EMSParm_205" is-continuous-log="true" is-critical="false" is-enabled="true" logical-id="devEMS" partition="Streaming" quality-ceiling="good" rtd-reference-channel="" signal-id="" subsystem-name="IDDS" subsystem-type="iDDS" topic="ParameterDataSeries">
                    <alarm-limits/>
                </instance>
                <instance name="EMSParm_78" acquisition-rate="10" alternate-name="" calibration-group="" calibration-sensor="" customer-sensor="" data-type="float" deadband="0" description="" display-format="4.2f" display-range-maximum="100" display-range-minimum="0" domain-id="10" engineering-unit="%" export-for-steady-state="true" fixed-sensor="" fullset-stability="false" gid="2078" group="" idds-hardware-name="EMSParm_78" is-continuous-log="true" is-critical="false" is-enabled="true" logical-id="devEMS" partition="Streaming" quality-ceiling="good" rtd-reference-channel="" signal-id="" subsystem-name="IDDS" subsystem-type="iDDS" topic="ParameterDataSeries">
                    <alarm-limits/>
                </instance>
                <instance name="EMSParm_1013" acquisition-rate="10" alternate-name="" calibration-group="" calibration-sensor="" customer-sensor="" data-type="float" deadband="0" description="" display-format="4.2f" display-range-maximum="100" display-range-minimum="0" domain-id="10" engineering-unit="%" export-for-steady-state="true" fixed-sensor="" fullset-stability="false" gid="3013" group="" idds-hardware-name="EMSParm_1013" is-continuous-log="true" is-critical="false" is-enabled="true" logical-id="devEMS" partition="Streaming" quality-ceiling="good" rtd-reference-channel="" signal-id="" subsystem-name="IDDS" subsystem-type="iDDS" topic="ParameterDataSeries">
                    <alarm-limits/>
                </instance>
                <instance name="EMSParm_768" acquisition-rate="10" alternate-name="" calibration-group="" calibration-sensor="" customer-sensor="" data-type="float" deadband="0" description="" display-format="4.2f" display-range-maximum="100" display-range-minimum="0" domain-id="10" engineering-unit="%" export-for-steady-state="true" fixed-sensor="" fullset-stability="false" gid="2768" group="" idds-hardware-name="EMSParm_768" is-continuous-log="true" is-critical="false" is-enabled="true" logical-id="devEMS" partition="Streaming" quality-ceiling="good" rtd-reference-channel="" signal-id="" subsystem-name="IDDS" subsystem-type="iDDS" topic="ParameterDataSeries">
                    <alarm-limits/>
                </instance>
                <instance name="EMSParm_497" acquisition-rate="10" alternate-name="" calibration-group="" calibration-sensor="" customer-sensor="" data-type="float" deadband="0" description="" display-format="4.2f" display-range-maximum="100" display-range-minimum="0" domain-id="10" engineering-unit="%" export-for-steady-state="true" fixed-sensor="" fullset-stability="false" gid="2497" group="" idds-hardware-name="EMSParm_497" is-continuous-log="true" is-critical="false" is-enabled="true" logical-id="devEMS" partition="Streaming" quality-ceiling="good" rtd-reference-channel="" signal-id="" subsystem-name="IDDS" subsystem-type="iDDS" topic="ParameterDataSeries">
                    <alarm-limits/>
                </instance>
                <instance name="EMSParm_1546" acquisition-rate="10" alternate-name="" calibration-group="" calibration-sensor="" customer-sensor="" data-type="float" deadband="0" description="" display-format="4.2f" display-range-maximum="100" display-range-minimum="0" domain-id="10" engineering-unit="%" export-for-steady-state="true" fixed-sensor="" fullset-stability="false" gid="3546" group="" idds-hardware-name="EMSParm_1546" is-continuous-log="true" is-critical="false" is-enabled="true" logical-id="devEMS" partition="Streaming" quality-ceiling="good" rtd-reference-channel="" signal-id="" subsystem-name="IDDS" subsystem-type="iDDS" topic="ParameterDataSeries">
                    <alarm-limits/>
                </instance>
                <instance name="EMSParm_513" acquisition-rate="10" alternate-name="" calibration-group="" calibration-sensor="" customer-sensor="" data-type="float" deadband="0" description="" display-format="4.2f" display-range-maximum="100" display-range-minimum="0" domain-id="10" engineering-unit="%" export-for-steady-state="true" fixed-sensor="" fullset-stability="false" gid="2513" group="" idds-hardware-name="EMSParm_513" is-continuous-log="true" is-critical="false" is-enabled="true" logical-id="devEMS" partition="Streaming" quality-ceiling="good" rtd-reference-channel="" signal-id="" subsystem-name="IDDS" subsystem-type="iDDS" topic="ParameterDataSeries">
                    <alarm-limits/>
                </instance>
                <instance name="EMSParm_955" acquisition-rate="10" alternate-name="" calibration-group="" calibration-sensor="" customer-sensor="" data-type="float" deadband="0" description="" display-format="4.2f" display-range-maximum="100" display-range-minimum="0" domain-id="10" engineering-unit="%" export-for-steady-state="true" fixed-sensor="" fullset-stability="false" gid="2955" group="" idds-hardware-name="EMSParm_955" is-continuous-log="true" is-critical="false" is-enabled="true" logical-id="devEMS" partition="Streaming" quality-ceiling="good" rtd-reference-channel="" signal-id="" subsystem-name="IDDS" subsystem-type="iDDS" topic="ParameterDataSeries">
                    <alarm-limits/>
                </instance>
                <instance name="calcDiv" acquisition-rate="10" alternate-name="" calculated-equation="dnaAI00001+1/dnaAI00001" calculated-persistency="volatile" calibration-group="" calibration-sensor="" customer-sensor="" data-type="float" deadband="0" description="" display-format="4.2f" display-range-maximum="100" display-range-minimum="0" domain-id="4" engineering-unit="V" export-for-steady-state="true" fixed-sensor="" fullset-stability="false" gid="6004" group="" idds-hardware-name="calcDiv" is-continuous-log="true" is-critical="false" is-enabled="true" is-output="false" logical-id="RTE" partition="Streaming" quality-ceiling="good" rtd-reference-channel="" signal-id="" subsystem-name="calculated" subsystem-type="calculated" topic="ParameterDataValue">
                    <alarm-limits/>
                </instance>
                <instance name="EMSParm_1409" acquisition-rate="10" alternate-name="" calibration-group="" calibration-sensor="" customer-sensor="" data-type="float" deadband="0" description="" display-format="4.2f" display-range-maximum="100" display-range-minimum="0" domain-id="10" engineering-unit="%" export-for-steady-state="true" fixed-sensor="" fullset-stability="false" gid="3409" group="" idds-hardware-name="EMSParm_1409" is-continuous-log="true" is-critical="false" is-enabled="true" logical-id="devEMS" partition="Streaming" quality-ceiling="good" rtd-reference-channel="" signal-id="" subsystem-name="IDDS" subsystem-type="iDDS" topic="ParameterDataSeries">
                    <alarm-limits/>
                </instance>
                <instance name="EMSParm_370" acquisition-rate="10" alternate-name="" calibration-group="" calibration-sensor="" customer-sensor="" data-type="float" deadband="0" description="" display-format="4.2f" display-range-maximum="100" display-range-minimum="0" domain-id="10" engineering-unit="%" export-for-steady-state="true" fixed-sensor="" fullset-stability="false" gid="2370" group="" idds-hardware-name="EMSParm_370" is-continuous-log="true" is-critical="false" is-enabled="true" logical-id="devEMS" partition="Streaming" quality-ceiling="good" rtd-reference-channel="" signal-id="" subsystem-name="IDDS" subsystem-type="iDDS" topic="ParameterDataSeries">
                    <alarm-limits/>
                </instance>
                <instance name="EMSParm_1151" acquisition-rate="10" alternate-name="" calibration-group="" calibration-sensor="" customer-sensor="" data-type="float" deadband="0" description="" display-format="4.2f" display-range-maximum="100" display-range-minimum="0" domain-id="10" engineering-unit="%" export-for-steady-state="true" fixed-sensor="" fullset-stability="false" gid="3151" group="" idds-hardware-name="EMSParm_1151" is-continuous-log="true" is-critical="false" is-enabled="true" logical-id="devEMS" partition="Streaming" quality-ceiling="good" rtd-reference-channel="" signal-id="" subsystem-name="IDDS" subsystem-type="iDDS" topic="ParameterDataSeries">
                    <alarm-limits/>
                </instance>
                <instance name="EMSParm_1120" acquisition-rate="10" alternate-name="" calibration-group="" calibration-sensor="" customer-sensor="" data-type="float" deadband="0" description="" display-format="4.2f" display-range-maximum="100" display-range-minimum="0" domain-id="10" engineering-unit="%" export-for-steady-state="true" fixed-sensor="" fullset-stability="false" gid="3120" group="" idds-hardware-name="EMSParm_1120" is-continuous-log="true" is-critical="false" is-enabled="true" logical-id="devEMS" partition="Streaming" quality-ceiling="good" rtd-reference-channel="" signal-id="" subsystem-name="IDDS" subsystem-type="iDDS" topic="ParameterDataSeries">
                    <alarm-limits/>
                </instance>
                <instance name="EMSParm_1525" acquisition-rate="10" alternate-name="" calibration-group="" calibration-sensor="" customer-sensor="" data-type="float" deadband="0" description="" display-format="4.2f" display-range-maximum="100" display-range-minimum="0" domain-id="10" engineering-unit="%" export-for-steady-state="true" fixed-sensor="" fullset-stability="false" gid="3525" group="" idds-hardware-name="EMSParm_1525" is-continuous-log="true" is-critical="false" is-enabled="true" logical-id="devEMS" partition="Streaming" quality-ceiling="good" rtd-reference-channel="" signal-id="" subsystem-name="IDDS" subsystem-type="iDDS" topic="ParameterDataSeries">
                    <alarm-limits/>
                </instance>
                <instance name="EMSParm_203" acquisition-rate="10" alternate-name="" calibration-group="" calibration-sensor="" customer-sensor="" data-type="float" deadband="0" description="" display-format="4.2f" display-range-maximum="100" display-range-minimum="0" domain-id="10" engineering-unit="%" export-for-steady-state="true" fixed-sensor="" fullset-stability="false" gid="2203" group="" idds-hardware-name="EMSParm_203" is-continuous-log="true" is-critical="false" is-enabled="true" logical-id="devEMS" partition="Streaming" quality-ceiling="good" rtd-reference-channel="" signal-id="" subsystem-name="IDDS" subsystem-type="iDDS" topic="ParameterDataSeries">
                    <alarm-limits/>
                </instance>
                <instance name="EMSParm_572" acquisition-rate="10" alternate-name="" calibration-group="" calibration-sensor="" customer-sensor="" data-type="float" deadband="0" description="" display-format="4.2f" display-range-maximum="100" display-range-minimum="0" domain-id="10" engineering-unit="%" export-for-steady-state="true" fixed-sensor="" fullset-stability="false" gid="2572" group="" idds-hardware-name="EMSParm_572" is-continuous-log="true" is-critical="false" is-enabled="true" logical-id="devEMS" partition="Streaming" quality-ceiling="good" rtd-reference-channel="" signal-id="" subsystem-name="IDDS" subsystem-type="iDDS" topic="ParameterDataSeries">
                    <alarm-limits/>
                </instance>
                <instance name="EMSParm_986" acquisition-rate="10" alternate-name="" calibration-group="" calibration-sensor="" customer-sensor="" data-type="float" deadband="0" description="" display-format="4.2f" display-range-maximum="100" display-range-minimum="0" domain-id="10" engineering-unit="%" export-for-steady-state="true" fixed-sensor="" fullset-stability="false" gid="2986" group="" idds-hardware-name="EMSParm_986" is-continuous-log="true" is-critical="false" is-enabled="true" logical-id="devEMS" partition="Streaming" quality-ceiling="good" rtd-reference-channel="" signal-id="" subsystem-name="IDDS" subsystem-type="iDDS" topic="ParameterDataSeries">
                    <alarm-limits/>
                </instance>
                <instance name="EMSParm_146" acquisition-rate="10" alternate-name="" calibration-group="" calibration-sensor="" customer-sensor="" data-type="float" deadband="0" description="" display-format="4.2f" display-range-maximum="100" display-range-minimum="0" domain-id="10" engineering-unit="%" export-for-steady-state="true" fixed-sensor="" fullset-stability="false" gid="2146" group="" idds-hardware-name="EMSParm_146" is-continuous-log="true" is-critical="false" is-enabled="true" logical-id="devEMS" partition="Streaming" quality-ceiling="good" rtd-reference-channel="" signal-id="" subsystem-name="IDDS" subsystem-type="iDDS" topic="ParameterDataSeries">
                    <alarm-limits/>
                </instance>
                <instance name="EMSParm_1103" acquisition-rate="10" alternate-name="" calibration-group="" calibration-sensor="" customer-sensor="" data-type="float" deadband="0" description="" display-format="4.2f" display-range-maximum="100" display-range-minimum="0" domain-id="10" engineering-unit="%" export-for-steady-state="true" fixed-sensor="" fullset-stability="false" gid="3103" group="" idds-hardware-name="EMSParm_1103" is-continuous-log="true" is-critical="false" is-enabled="true" logical-id="devEMS" partition="Streaming" quality-ceiling="good" rtd-reference-channel="" signal-id="" subsystem-name="IDDS" subsystem-type="iDDS" topic="ParameterDataSeries">
                    <alarm-limits/>
                </instance>
                <instance name="EMSParm_246" acquisition-rate="10" alternate-name="" calibration-group="" calibration-sensor="" customer-sensor="" data-type="float" deadband="0" description="" display-format="4.2f" display-range-maximum="100" display-range-minimum="0" domain-id="10" engineering-unit="%" export-for-steady-state="true" fixed-sensor="" fullset-stability="false" gid="2246" group="" idds-hardware-name="EMSParm_246" is-continuous-log="true" is-critical="false" is-enabled="true" logical-id="devEMS" partition="Streaming" quality-ceiling="good" rtd-reference-channel="" signal-id="" subsystem-name="IDDS" subsystem-type="iDDS" topic="ParameterDataSeries">
                    <alarm-limits/>
                </instance>
                <instance name="EMSParm_256" acquisition-rate="10" alternate-name="" calibration-group="" calibration-sensor="" customer-sensor="" data-type="float" deadband="0" description="" display-format="4.2f" display-range-maximum="100" display-range-minimum="0" domain-id="10" engineering-unit="%" export-for-steady-state="true" fixed-sensor="" fullset-stability="false" gid="2256" group="" idds-hardware-name="EMSParm_256" is-continuous-log="true" is-critical="false" is-enabled="true" logical-id="devEMS" partition="Streaming" quality-ceiling="good" rtd-reference-channel="" signal-id="" subsystem-name="IDDS" subsystem-type="iDDS" topic="ParameterDataSeries">
                    <alarm-limits/>
                </instance>
                <instance name="EMSParm_558" acquisition-rate="10" alternate-name="" calibration-group="" calibration-sensor="" customer-sensor="" data-type="float" deadband="0" description="" display-format="4.2f" display-range-maximum="100" display-range-minimum="0" domain-id="10" engineering-unit="%" export-for-steady-state="true" fixed-sensor="" fullset-stability="false" gid="2558" group="" idds-hardware-name="EMSParm_558" is-continuous-log="true" is-critical="false" is-enabled="true" logical-id="devEMS" partition="Streaming" quality-ceiling="good" rtd-reference-channel="" signal-id="" subsystem-name="IDDS" subsystem-type="iDDS" topic="ParameterDataSeries">
                    <alarm-limits/>
                </instance>
                <instance name="EMSParm_1033" acquisition-rate="10" alternate-name="" calibration-group="" calibration-sensor="" customer-sensor="" data-type="float" deadband="0" description="" display-format="4.2f" display-range-maximum="100" display-range-minimum="0" domain-id="10" engineering-unit="%" export-for-steady-state="true" fixed-sensor="" fullset-stability="false" gid="3033" group="" idds-hardware-name="EMSParm_1033" is-continuous-log="true" is-critical="false" is-enabled="true" logical-id="devEMS" partition="Streaming" quality-ceiling="good" rtd-reference-channel="" signal-id="" subsystem-name="IDDS" subsystem-type="iDDS" topic="ParameterDataSeries">
                    <alarm-limits/>
                </instance>
                <instance name="EMSParm_393" acquisition-rate="10" alternate-name="" calibration-group="" calibration-sensor="" customer-sensor="" data-type="float" deadband="0" description="" display-format="4.2f" display-range-maximum="100" display-range-minimum="0" domain-id="10" engineering-unit="%" export-for-steady-state="true" fixed-sensor="" fullset-stability="false" gid="2393" group="" idds-hardware-name="EMSParm_393" is-continuous-log="true" is-critical="false" is-enabled="true" logical-id="devEMS" partition="Streaming" quality-ceiling="good" rtd-reference-channel="" signal-id="" subsystem-name="IDDS" subsystem-type="iDDS" topic="ParameterDataSeries">
                    <alarm-limits/>
                </instance>
                <instance name="EMSParm_140" acquisition-rate="10" alternate-name="" calibration-group="" calibration-sensor="" customer-sensor="" data-type="float" deadband="0" description="" display-format="4.2f" display-range-maximum="100" display-range-minimum="0" domain-id="10" engineering-unit="%" export-for-steady-state="true" fixed-sensor="" fullset-stability="false" gid="2140" group="" idds-hardware-name="EMSParm_140" is-continuous-log="true" is-critical="false" is-enabled="true" logical-id="devEMS" partition="Streaming" quality-ceiling="good" rtd-reference-channel="" signal-id="" subsystem-name="IDDS" subsystem-type="iDDS" topic="ParameterDataSeries">
                    <alarm-limits/>
                </instance>
                <instance name="EMSParm_334" acquisition-rate="10" alternate-name="" calibration-group="" calibration-sensor="" customer-sensor="" data-type="float" deadband="0" description="" display-format="4.2f" display-range-maximum="100" display-range-minimum="0" domain-id="10" engineering-unit="%" export-for-steady-state="true" fixed-sensor="" fullset-stability="false" gid="2334" group="" idds-hardware-name="EMSParm_334" is-continuous-log="true" is-critical="false" is-enabled="true" logical-id="devEMS" partition="Streaming" quality-ceiling="good" rtd-reference-channel="" signal-id="" subsystem-name="IDDS" subsystem-type="iDDS" topic="ParameterDataSeries">
                    <alarm-limits/>
                </instance>
                <instance name="EMSParm_893" acquisition-rate="10" alternate-name="" calibration-group="" calibration-sensor="" customer-sensor="" data-type="float" deadband="0" description="" display-format="4.2f" display-range-maximum="100" display-range-minimum="0" domain-id="10" engineering-unit="%" export-for-steady-state="true" fixed-sensor="" fullset-stability="false" gid="2893" group="" idds-hardware-name="EMSParm_893" is-continuous-log="true" is-critical="false" is-enabled="true" logical-id="devEMS" partition="Streaming" quality-ceiling="good" rtd-reference-channel="" signal-id="" subsystem-name="IDDS" subsystem-type="iDDS" topic="ParameterDataSeries">
                    <alarm-limits/>
                </instance>
                <instance name="EMSParm_1517" acquisition-rate="10" alternate-name="" calibration-group="" calibration-sensor="" customer-sensor="" data-type="float" deadband="0" description="" display-format="4.2f" display-range-maximum="100" display-range-minimum="0" domain-id="10" engineering-unit="%" export-for-steady-state="true" fixed-sensor="" fullset-stability="false" gid="3517" group="" idds-hardware-name="EMSParm_1517" is-continuous-log="true" is-critical="false" is-enabled="true" logical-id="devEMS" partition="Streaming" quality-ceiling="good" rtd-reference-channel="" signal-id="" subsystem-name="IDDS" subsystem-type="iDDS" topic="ParameterDataSeries">
                    <alarm-limits/>
                </instance>
                <instance name="EMSParm_395" acquisition-rate="10" alternate-name="" calibration-group="" calibration-sensor="" customer-sensor="" data-type="float" deadband="0" description="" display-format="4.2f" display-range-maximum="100" display-range-minimum="0" domain-id="10" engineering-unit="%" export-for-steady-state="true" fixed-sensor="" fullset-stability="false" gid="2395" group="" idds-hardware-name="EMSParm_395" is-continuous-log="true" is-critical="false" is-enabled="true" logical-id="devEMS" partition="Streaming" quality-ceiling="good" rtd-reference-channel="" signal-id="" subsystem-name="IDDS" subsystem-type="iDDS" topic="ParameterDataSeries">
                    <alarm-limits/>
                </instance>
                <instance name="EMSParm_1157" acquisition-rate="10" alternate-name="" calibration-group="" calibration-sensor="" customer-sensor="" data-type="float" deadband="0" description="" display-format="4.2f" display-range-maximum="100" display-range-minimum="0" domain-id="10" engineering-unit="%" export-for-steady-state="true" fixed-sensor="" fullset-stability="false" gid="3157" group="" idds-hardware-name="EMSParm_1157" is-continuous-log="true" is-critical="false" is-enabled="true" logical-id="devEMS" partition="Streaming" quality-ceiling="good" rtd-reference-channel="" signal-id="" subsystem-name="IDDS" subsystem-type="iDDS" topic="ParameterDataSeries">
                    <alarm-limits/>
                </instance>
                <instance name="EMSParm_176" acquisition-rate="10" alternate-name="" calibration-group="" calibration-sensor="" customer-sensor="" data-type="float" deadband="0" description="" display-format="4.2f" display-range-maximum="100" display-range-minimum="0" domain-id="10" engineering-unit="%" export-for-steady-state="true" fixed-sensor="" fullset-stability="false" gid="2176" group="" idds-hardware-name="EMSParm_176" is-continuous-log="true" is-critical="false" is-enabled="true" logical-id="devEMS" partition="Streaming" quality-ceiling="good" rtd-reference-channel="" signal-id="" subsystem-name="IDDS" subsystem-type="iDDS" topic="ParameterDataSeries">
                    <alarm-limits/>
                </instance>
                <instance name="EMSParm_607" acquisition-rate="10" alternate-name="" calibration-group="" calibration-sensor="" customer-sensor="" data-type="float" deadband="0" description="" display-format="4.2f" display-range-maximum="100" display-range-minimum="0" domain-id="10" engineering-unit="%" export-for-steady-state="true" fixed-sensor="" fullset-stability="false" gid="2607" group="" idds-hardware-name="EMSParm_607" is-continuous-log="true" is-critical="false" is-enabled="true" logical-id="devEMS" partition="Streaming" quality-ceiling="good" rtd-reference-channel="" signal-id="" subsystem-name="IDDS" subsystem-type="iDDS" topic="ParameterDataSeries">
                    <alarm-limits/>
                </instance>
                <instance name="EMSParm_390" acquisition-rate="10" alternate-name="" calibration-group="" calibration-sensor="" customer-sensor="" data-type="float" deadband="0" description="" display-format="4.2f" display-range-maximum="100" display-range-minimum="0" domain-id="10" engineering-unit="%" export-for-steady-state="true" fixed-sensor="" fullset-stability="false" gid="2390" group="" idds-hardware-name="EMSParm_390" is-continuous-log="true" is-critical="false" is-enabled="true" logical-id="devEMS" partition="Streaming" quality-ceiling="good" rtd-reference-channel="" signal-id="" subsystem-name="IDDS" subsystem-type="iDDS" topic="ParameterDataSeries">
                    <alarm-limits/>
                </instance>
                <instance name="EMSParm_322" acquisition-rate="10" alternate-name="" calibration-group="" calibration-sensor="" customer-sensor="" data-type="float" deadband="0" description="" display-format="4.2f" display-range-maximum="100" display-range-minimum="0" domain-id="10" engineering-unit="%" export-for-steady-state="true" fixed-sensor="" fullset-stability="false" gid="2322" group="" idds-hardware-name="EMSParm_322" is-continuous-log="true" is-critical="false" is-enabled="true" logical-id="devEMS" partition="Streaming" quality-ceiling="good" rtd-reference-channel="" signal-id="" subsystem-name="IDDS" subsystem-type="iDDS" topic="ParameterDataSeries">
                    <alarm-limits/>
                </instance>
                <instance name="EMSParm_939" acquisition-rate="10" alternate-name="" calibration-group="" calibration-sensor="" customer-sensor="" data-type="float" deadband="0" description="" display-format="4.2f" display-range-maximum="100" display-range-minimum="0" domain-id="10" engineering-unit="%" export-for-steady-state="true" fixed-sensor="" fullset-stability="false" gid="2939" group="" idds-hardware-name="EMSParm_939" is-continuous-log="true" is-critical="false" is-enabled="true" logical-id="devEMS" partition="Streaming" quality-ceiling="good" rtd-reference-channel="" signal-id="" subsystem-name="IDDS" subsystem-type="iDDS" topic="ParameterDataSeries">
                    <alarm-limits/>
                </instance>
                <instance name="YB1_Ch23" acquisition-rate="1" alternate-name="" calibration-group="" calibration-sensor="" customer-sensor="" data-type="float" deadband="0" description="" display-format="4.2f" display-range-maximum="100" display-range-minimum="0" domain-id="3" engineering-unit="-" export-for-steady-state="true" fixed-sensor="" fullset-stability="false" gid="9023" group="" idds-hardware-name="CH23" is-continuous-log="true" is-critical="false" is-enabled="true" logical-id="rx3036-1" partition="Streaming" quality-ceiling="good" rtd-reference-channel="" signal-id="" subsystem-name="IDDS" subsystem-type="iDDS" topic="ParameterDataSeries">
                    <alarm-limits/>
                </instance>
                <instance name="EMSParm_244" acquisition-rate="10" alternate-name="" calibration-group="" calibration-sensor="" customer-sensor="" data-type="float" deadband="0" description="" display-format="4.2f" display-range-maximum="100" display-range-minimum="0" domain-id="10" engineering-unit="%" export-for-steady-state="true" fixed-sensor="" fullset-stability="false" gid="2244" group="" idds-hardware-name="EMSParm_244" is-continuous-log="true" is-critical="false" is-enabled="true" logical-id="devEMS" partition="Streaming" quality-ceiling="good" rtd-reference-channel="" signal-id="" subsystem-name="IDDS" subsystem-type="iDDS" topic="ParameterDataSeries">
                    <alarm-limits/>
                </instance>
                <instance name="EMSParm_1188" acquisition-rate="10" alternate-name="" calibration-group="" calibration-sensor="" customer-sensor="" data-type="float" deadband="0" description="" display-format="4.2f" display-range-maximum="100" display-range-minimum="0" domain-id="10" engineering-unit="%" export-for-steady-state="true" fixed-sensor="" fullset-stability="false" gid="3188" group="" idds-hardware-name="EMSParm_1188" is-continuous-log="true" is-critical="false" is-enabled="true" logical-id="devEMS" partition="Streaming" quality-ceiling="good" rtd-reference-channel="" signal-id="" subsystem-name="IDDS" subsystem-type="iDDS" topic="ParameterDataSeries">
                    <alarm-limits/>
                </instance>
                <instance name="EMSParm_614" acquisition-rate="10" alternate-name="" calibration-group="" calibration-sensor="" customer-sensor="" data-type="float" deadband="0" description="" display-format="4.2f" display-range-maximum="100" display-range-minimum="0" domain-id="10" engineering-unit="%" export-for-steady-state="true" fixed-sensor="" fullset-stability="false" gid="2614" group="" idds-hardware-name="EMSParm_614" is-continuous-log="true" is-critical="false" is-enabled="true" logical-id="devEMS" partition="Streaming" quality-ceiling="good" rtd-reference-channel="" signal-id="" subsystem-name="IDDS" subsystem-type="iDDS" topic="ParameterDataSeries">
                    <alarm-limits/>
                </instance>
                <instance name="EMSParm_1119" acquisition-rate="10" alternate-name="" calibration-group="" calibration-sensor="" customer-sensor="" data-type="float" deadband="0" description="" display-format="4.2f" display-range-maximum="100" display-range-minimum="0" domain-id="10" engineering-unit="%" export-for-steady-state="true" fixed-sensor="" fullset-stability="false" gid="3119" group="" idds-hardware-name="EMSParm_1119" is-continuous-log="true" is-critical="false" is-enabled="true" logical-id="devEMS" partition="Streaming" quality-ceiling="good" rtd-reference-channel="" signal-id="" subsystem-name="IDDS" subsystem-type="iDDS" topic="ParameterDataSeries">
                    <alarm-limits/>
                </instance>
                <instance name="calcAI00001" acquisition-rate="200" alternate-name="" calculated-equation="dnaAI00001" calculated-persistency="volatile" calibration-group="" calibration-sensor="" customer-sensor="" data-type="float" deadband="0" description="" display-format="4.2f" display-range-maximum="100" display-range-minimum="0" domain-id="4" engineering-unit="V" export-for-steady-state="true" fixed-sensor="" fullset-stability="false" gid="6005" group="" idds-hardware-name="calcAI00001" is-continuous-log="true" is-critical="false" is-enabled="true" is-output="false" logical-id="RTE" partition="Streaming" quality-ceiling="good" rtd-reference-channel="" signal-id="" subsystem-name="calculated" subsystem-type="calculated" topic="ParameterDataValue">
                    <alarm-limits/>
                </instance>
                <instance name="EMSParm_353" acquisition-rate="10" alternate-name="" calibration-group="" calibration-sensor="" customer-sensor="" data-type="float" deadband="0" description="" display-format="4.2f" display-range-maximum="100" display-range-minimum="0" domain-id="10" engineering-unit="%" export-for-steady-state="true" fixed-sensor="" fullset-stability="false" gid="2353" group="" idds-hardware-name="EMSParm_353" is-continuous-log="true" is-critical="false" is-enabled="true" logical-id="devEMS" partition="Streaming" quality-ceiling="good" rtd-reference-channel="" signal-id="" subsystem-name="IDDS" subsystem-type="iDDS" topic="ParameterDataSeries">
                    <alarm-limits/>
                </instance>
                <instance name="EMSParm_746" acquisition-rate="10" alternate-name="" calibration-group="" calibration-sensor="" customer-sensor="" data-type="float" deadband="0" description="" display-format="4.2f" display-range-maximum="100" display-range-minimum="0" domain-id="10" engineering-unit="%" export-for-steady-state="true" fixed-sensor="" fullset-stability="false" gid="2746" group="" idds-hardware-name="EMSParm_746" is-continuous-log="true" is-critical="false" is-enabled="true" logical-id="devEMS" partition="Streaming" quality-ceiling="good" rtd-reference-channel="" signal-id="" subsystem-name="IDDS" subsystem-type="iDDS" topic="ParameterDataSeries">
                    <alarm-limits/>
                </instance>
                <instance name="EMSParm_392" acquisition-rate="10" alternate-name="" calibration-group="" calibration-sensor="" customer-sensor="" data-type="float" deadband="0" description="" display-format="4.2f" display-range-maximum="100" display-range-minimum="0" domain-id="10" engineering-unit="%" export-for-steady-state="true" fixed-sensor="" fullset-stability="false" gid="2392" group="" idds-hardware-name="EMSParm_392" is-continuous-log="true" is-critical="false" is-enabled="true" logical-id="devEMS" partition="Streaming" quality-ceiling="good" rtd-reference-channel="" signal-id="" subsystem-name="IDDS" subsystem-type="iDDS" topic="ParameterDataSeries">
                    <alarm-limits/>
                </instance>
                <instance name="EMSParm_1071" acquisition-rate="10" alternate-name="" calibration-group="" calibration-sensor="" customer-sensor="" data-type="float" deadband="0" description="" display-format="4.2f" display-range-maximum="100" display-range-minimum="0" domain-id="10" engineering-unit="%" export-for-steady-state="true" fixed-sensor="" fullset-stability="false" gid="3071" group="" idds-hardware-name="EMSParm_1071" is-continuous-log="true" is-critical="false" is-enabled="true" logical-id="devEMS" partition="Streaming" quality-ceiling="good" rtd-reference-channel="" signal-id="" subsystem-name="IDDS" subsystem-type="iDDS" topic="ParameterDataSeries">
                    <alarm-limits/>
                </instance>
                <instance name="EMSParm_357" acquisition-rate="10" alternate-name="" calibration-group="" calibration-sensor="" customer-sensor="" data-type="float" deadband="0" description="" display-format="4.2f" display-range-maximum="100" display-range-minimum="0" domain-id="10" engineering-unit="%" export-for-steady-state="true" fixed-sensor="" fullset-stability="false" gid="2357" group="" idds-hardware-name="EMSParm_357" is-continuous-log="true" is-critical="false" is-enabled="true" logical-id="devEMS" partition="Streaming" quality-ceiling="good" rtd-reference-channel="" signal-id="" subsystem-name="IDDS" subsystem-type="iDDS" topic="ParameterDataSeries">
                    <alarm-limits/>
                </instance>
                <instance name="EMSParm_1472" acquisition-rate="10" alternate-name="" calibration-group="" calibration-sensor="" customer-sensor="" data-type="float" deadband="0" description="" display-format="4.2f" display-range-maximum="100" display-range-minimum="0" domain-id="10" engineering-unit="%" export-for-steady-state="true" fixed-sensor="" fullset-stability="false" gid="3472" group="" idds-hardware-name="EMSParm_1472" is-continuous-log="true" is-critical="false" is-enabled="true" logical-id="devEMS" partition="Streaming" quality-ceiling="good" rtd-reference-channel="" signal-id="" subsystem-name="IDDS" subsystem-type="iDDS" topic="ParameterDataSeries">
                    <alarm-limits/>
                </instance>
                <instance name="pb91162ch2" acquisition-rate="1" alternate-name="" calibration-group="" calibration-sensor="" customer-sensor="" data-type="float" deadband="0" description="" display-format="4.2f" display-range-maximum="100" display-range-minimum="0" domain-id="2" engineering-unit="psi" export-for-steady-state="true" fixed-sensor="" fullset-stability="false" gid="-1" group="" idds-hardware-name="" is-continuous-log="true" is-critical="false" is-enabled="true" is-output="false" logical-id="" partition="" pbs-amb-press-channel="" pbs-avg-samples="4" pbs-input-type="pressure" pbs-port="2" pbs-serial-number="PB8793" quality-ceiling="good" rtd-reference-channel="" signal-id="" subsystem-name="PBS" subsystem-type="pbs" topic="">
                    <alarm-limits/>
                </instance>
                <instance name="EMSParm_1401" acquisition-rate="10" alternate-name="" calibration-group="" calibration-sensor="" customer-sensor="" data-type="float" deadband="0" description="" display-format="4.2f" display-range-maximum="100" display-range-minimum="0" domain-id="10" engineering-unit="%" export-for-steady-state="true" fixed-sensor="" fullset-stability="false" gid="3401" group="" idds-hardware-name="EMSParm_1401" is-continuous-log="true" is-critical="false" is-enabled="true" logical-id="devEMS" partition="Streaming" quality-ceiling="good" rtd-reference-channel="" signal-id="" subsystem-name="IDDS" subsystem-type="iDDS" topic="ParameterDataSeries">
                    <alarm-limits/>
                </instance>
                <instance name="EMSParm_798" acquisition-rate="10" alternate-name="" calibration-group="" calibration-sensor="" customer-sensor="" data-type="float" deadband="0" description="" display-format="4.2f" display-range-maximum="100" display-range-minimum="0" domain-id="10" engineering-unit="%" export-for-steady-state="true" fixed-sensor="" fullset-stability="false" gid="2798" group="" idds-hardware-name="EMSParm_798" is-continuous-log="true" is-critical="false" is-enabled="true" logical-id="devEMS" partition="Streaming" quality-ceiling="good" rtd-reference-channel="" signal-id="" subsystem-name="IDDS" subsystem-type="iDDS" topic="ParameterDataSeries">
                    <alarm-limits/>
                </instance>
                <instance name="EMSParm_546" acquisition-rate="10" alternate-name="" calibration-group="" calibration-sensor="" customer-sensor="" data-type="float" deadband="0" description="" display-format="4.2f" display-range-maximum="100" display-range-minimum="0" domain-id="10" engineering-unit="%" export-for-steady-state="true" fixed-sensor="" fullset-stability="false" gid="2546" group="" idds-hardware-name="EMSParm_546" is-continuous-log="true" is-critical="false" is-enabled="true" logical-id="devEMS" partition="Streaming" quality-ceiling="good" rtd-reference-channel="" signal-id="" subsystem-name="IDDS" subsystem-type="iDDS" topic="ParameterDataSeries">
                    <alarm-limits/>
                </instance>
                <instance name="EMSParm_973" acquisition-rate="10" alternate-name="" calibration-group="" calibration-sensor="" customer-sensor="" data-type="float" deadband="0" description="" display-format="4.2f" display-range-maximum="100" display-range-minimum="0" domain-id="10" engineering-unit="%" export-for-steady-state="true" fixed-sensor="" fullset-stability="false" gid="2973" group="" idds-hardware-name="EMSParm_973" is-continuous-log="true" is-critical="false" is-enabled="true" logical-id="devEMS" partition="Streaming" quality-ceiling="good" rtd-reference-channel="" signal-id="" subsystem-name="IDDS" subsystem-type="iDDS" topic="ParameterDataSeries">
                    <alarm-limits/>
                </instance>
                <instance name="EMSParm_134" acquisition-rate="10" alternate-name="" calibration-group="" calibration-sensor="" customer-sensor="" data-type="float" deadband="0" description="" display-format="4.2f" display-range-maximum="100" display-range-minimum="0" domain-id="10" engineering-unit="%" export-for-steady-state="true" fixed-sensor="" fullset-stability="false" gid="2134" group="" idds-hardware-name="EMSParm_134" is-continuous-log="true" is-critical="false" is-enabled="true" logical-id="devEMS" partition="Streaming" quality-ceiling="good" rtd-reference-channel="" signal-id="" subsystem-name="IDDS" subsystem-type="iDDS" topic="ParameterDataSeries">
                    <alarm-limits/>
                </instance>
                <instance name="EMSParm_693" acquisition-rate="10" alternate-name="" calibration-group="" calibration-sensor="" customer-sensor="" data-type="float" deadband="0" description="" display-format="4.2f" display-range-maximum="100" display-range-minimum="0" domain-id="10" engineering-unit="%" export-for-steady-state="true" fixed-sensor="" fullset-stability="false" gid="2693" group="" idds-hardware-name="EMSParm_693" is-continuous-log="true" is-critical="false" is-enabled="true" logical-id="devEMS" partition="Streaming" quality-ceiling="good" rtd-reference-channel="" signal-id="" subsystem-name="IDDS" subsystem-type="iDDS" topic="ParameterDataSeries">
                    <alarm-limits/>
                </instance>
                <instance name="EMSParm_1408" acquisition-rate="10" alternate-name="" calibration-group="" calibration-sensor="" customer-sensor="" data-type="float" deadband="0" description="" display-format="4.2f" display-range-maximum="100" display-range-minimum="0" domain-id="10" engineering-unit="%" export-for-steady-state="true" fixed-sensor="" fullset-stability="false" gid="3408" group="" idds-hardware-name="EMSParm_1408" is-continuous-log="true" is-critical="false" is-enabled="true" logical-id="devEMS" partition="Streaming" quality-ceiling="good" rtd-reference-channel="" signal-id="" subsystem-name="IDDS" subsystem-type="iDDS" topic="ParameterDataSeries">
                    <alarm-limits/>
                </instance>
                <instance name="YB1_Ch24" acquisition-rate="1" alternate-name="" calibration-group="" calibration-sensor="" customer-sensor="" data-type="float" deadband="0" description="" display-format="4.2f" display-range-maximum="100" display-range-minimum="0" domain-id="3" engineering-unit="-" export-for-steady-state="true" fixed-sensor="" fullset-stability="false" gid="9024" group="" idds-hardware-name="CH24" is-continuous-log="true" is-critical="false" is-enabled="true" logical-id="rx3036-1" partition="Streaming" quality-ceiling="good" rtd-reference-channel="" signal-id="" subsystem-name="IDDS" subsystem-type="iDDS" topic="ParameterDataSeries">
                    <alarm-limits/>
                </instance>
                <instance name="EMSParm_534" acquisition-rate="10" alternate-name="" calibration-group="" calibration-sensor="" customer-sensor="" data-type="float" deadband="0" description="" display-format="4.2f" display-range-maximum="100" display-range-minimum="0" domain-id="10" engineering-unit="%" export-for-steady-state="true" fixed-sensor="" fullset-stability="false" gid="2534" group="" idds-hardware-name="EMSParm_534" is-continuous-log="true" is-critical="false" is-enabled="true" logical-id="devEMS" partition="Streaming" quality-ceiling="good" rtd-reference-channel="" signal-id="" subsystem-name="IDDS" subsystem-type="iDDS" topic="ParameterDataSeries">
                    <alarm-limits/>
                </instance>
                <instance name="EMSParm_1591" acquisition-rate="10" alternate-name="" calibration-group="" calibration-sensor="" customer-sensor="" data-type="float" deadband="0" description="" display-format="4.2f" display-range-maximum="100" display-range-minimum="0" domain-id="10" engineering-unit="%" export-for-steady-state="true" fixed-sensor="" fullset-stability="false" gid="3591" group="" idds-hardware-name="EMSParm_1591" is-continuous-log="true" is-critical="false" is-enabled="true" logical-id="devEMS" partition="Streaming" quality-ceiling="good" rtd-reference-channel="" signal-id="" subsystem-name="IDDS" subsystem-type="iDDS" topic="ParameterDataSeries">
                    <alarm-limits/>
                </instance>
                <instance name="EMSParm_1099" acquisition-rate="10" alternate-name="" calibration-group="" calibration-sensor="" customer-sensor="" data-type="float" deadband="0" description="" display-format="4.2f" display-range-maximum="100" display-range-minimum="0" domain-id="10" engineering-unit="%" export-for-steady-state="true" fixed-sensor="" fullset-stability="false" gid="3099" group="" idds-hardware-name="EMSParm_1099" is-continuous-log="true" is-critical="false" is-enabled="true" logical-id="devEMS" partition="Streaming" quality-ceiling="good" rtd-reference-channel="" signal-id="" subsystem-name="IDDS" subsystem-type="iDDS" topic="ParameterDataSeries">
                    <alarm-limits/>
                </instance>
                <instance name="EMSParm_1136" acquisition-rate="10" alternate-name="" calibration-group="" calibration-sensor="" customer-sensor="" data-type="float" deadband="0" description="" display-format="4.2f" display-range-maximum="100" display-range-minimum="0" domain-id="10" engineering-unit="%" export-for-steady-state="true" fixed-sensor="" fullset-stability="false" gid="3136" group="" idds-hardware-name="EMSParm_1136" is-continuous-log="true" is-critical="false" is-enabled="true" logical-id="devEMS" partition="Streaming" quality-ceiling="good" rtd-reference-channel="" signal-id="" subsystem-name="IDDS" subsystem-type="iDDS" topic="ParameterDataSeries">
                    <alarm-limits/>
                </instance>
                <instance name="EMSParm_1258" acquisition-rate="10" alternate-name="" calibration-group="" calibration-sensor="" customer-sensor="" data-type="float" deadband="0" description="" display-format="4.2f" display-range-maximum="100" display-range-minimum="0" domain-id="10" engineering-unit="%" export-for-steady-state="true" fixed-sensor="" fullset-stability="false" gid="3258" group="" idds-hardware-name="EMSParm_1258" is-continuous-log="true" is-critical="false" is-enabled="true" logical-id="devEMS" partition="Streaming" quality-ceiling="good" rtd-reference-channel="" signal-id="" subsystem-name="IDDS" subsystem-type="iDDS" topic="ParameterDataSeries">
                    <alarm-limits/>
                </instance>
                <instance name="dnaDIO00006" acquisition-rate="200" alternate-name="" calibration-group="" calibration-sensor="" customer-sensor="" data-type="float" deadband="0" description="Input channel 6" display-format="4.2f" display-range-maximum="100" display-range-minimum="0" domain-id="3" engineering-unit="V" export-for-steady-state="true" fixed-sensor="" fullset-stability="false" gid="6" group="" idds-hardware-name="dev03/ch00006" is-continuous-log="true" is-critical="false" is-enabled="true" logical-id="devCube999" partition="Streaming" quality-ceiling="good" rtd-reference-channel="" signal-id="" subsystem-name="IDDS" subsystem-type="iDDS" topic="ParameterDataValue">
                    <alarm-limits/>
                </instance>
                <instance name="EMSParm_1198" acquisition-rate="10" alternate-name="" calibration-group="" calibration-sensor="" customer-sensor="" data-type="float" deadband="0" description="" display-format="4.2f" display-range-maximum="100" display-range-minimum="0" domain-id="10" engineering-unit="%" export-for-steady-state="true" fixed-sensor="" fullset-stability="false" gid="3198" group="" idds-hardware-name="EMSParm_1198" is-continuous-log="true" is-critical="false" is-enabled="true" logical-id="devEMS" partition="Streaming" quality-ceiling="good" rtd-reference-channel="" signal-id="" subsystem-name="IDDS" subsystem-type="iDDS" topic="ParameterDataSeries">
                    <alarm-limits/>
                </instance>
                <instance name="EMSParm_242" acquisition-rate="10" alternate-name="" calibration-group="" calibration-sensor="" customer-sensor="" data-type="float" deadband="0" description="" display-format="4.2f" display-range-maximum="100" display-range-minimum="0" domain-id="10" engineering-unit="%" export-for-steady-state="true" fixed-sensor="" fullset-stability="false" gid="2242" group="" idds-hardware-name="EMSParm_242" is-continuous-log="true" is-critical="false" is-enabled="true" logical-id="devEMS" partition="Streaming" quality-ceiling="good" rtd-reference-channel="" signal-id="" subsystem-name="IDDS" subsystem-type="iDDS" topic="ParameterDataSeries">
                    <alarm-limits/>
                </instance>
                <instance name="EMSParm_1480" acquisition-rate="10" alternate-name="" calibration-group="" calibration-sensor="" customer-sensor="" data-type="float" deadband="0" description="" display-format="4.2f" display-range-maximum="100" display-range-minimum="0" domain-id="10" engineering-unit="%" export-for-steady-state="true" fixed-sensor="" fullset-stability="false" gid="3480" group="" idds-hardware-name="EMSParm_1480" is-continuous-log="true" is-critical="false" is-enabled="true" logical-id="devEMS" partition="Streaming" quality-ceiling="good" rtd-reference-channel="" signal-id="" subsystem-name="IDDS" subsystem-type="iDDS" topic="ParameterDataSeries">
                    <alarm-limits/>
                </instance>
                <instance name="EMSParm_729" acquisition-rate="10" alternate-name="" calibration-group="" calibration-sensor="" customer-sensor="" data-type="float" deadband="0" description="" display-format="4.2f" display-range-maximum="100" display-range-minimum="0" domain-id="10" engineering-unit="%" export-for-steady-state="true" fixed-sensor="" fullset-stability="false" gid="2729" group="" idds-hardware-name="EMSParm_729" is-continuous-log="true" is-critical="false" is-enabled="true" logical-id="devEMS" partition="Streaming" quality-ceiling="good" rtd-reference-channel="" signal-id="" subsystem-name="IDDS" subsystem-type="iDDS" topic="ParameterDataSeries">
                    <alarm-limits/>
                </instance>
                <instance name="EMSParm_728" acquisition-rate="10" alternate-name="" calibration-group="" calibration-sensor="" customer-sensor="" data-type="float" deadband="0" description="" display-format="4.2f" display-range-maximum="100" display-range-minimum="0" domain-id="10" engineering-unit="%" export-for-steady-state="true" fixed-sensor="" fullset-stability="false" gid="2728" group="" idds-hardware-name="EMSParm_728" is-continuous-log="true" is-critical="false" is-enabled="true" logical-id="devEMS" partition="Streaming" quality-ceiling="good" rtd-reference-channel="" signal-id="" subsystem-name="IDDS" subsystem-type="iDDS" topic="ParameterDataSeries">
                    <alarm-limits/>
                </instance>
                <instance name="EMSParm_1176" acquisition-rate="10" alternate-name="" calibration-group="" calibration-sensor="" customer-sensor="" data-type="float" deadband="0" description="" display-format="4.2f" display-range-maximum="100" display-range-minimum="0" domain-id="10" engineering-unit="%" export-for-steady-state="true" fixed-sensor="" fullset-stability="false" gid="3176" group="" idds-hardware-name="EMSParm_1176" is-continuous-log="true" is-critical="false" is-enabled="true" logical-id="devEMS" partition="Streaming" quality-ceiling="good" rtd-reference-channel="" signal-id="" subsystem-name="IDDS" subsystem-type="iDDS" topic="ParameterDataSeries">
                    <alarm-limits/>
                </instance>
                <instance name="EMSParm_1532" acquisition-rate="10" alternate-name="" calibration-group="" calibration-sensor="" customer-sensor="" data-type="float" deadband="0" description="" display-format="4.2f" display-range-maximum="100" display-range-minimum="0" domain-id="10" engineering-unit="%" export-for-steady-state="true" fixed-sensor="" fullset-stability="false" gid="3532" group="" idds-hardware-name="EMSParm_1532" is-continuous-log="true" is-critical="false" is-enabled="true" logical-id="devEMS" partition="Streaming" quality-ceiling="good" rtd-reference-channel="" signal-id="" subsystem-name="IDDS" subsystem-type="iDDS" topic="ParameterDataSeries">
                    <alarm-limits/>
                </instance>
                <instance name="EMSParm_1172" acquisition-rate="10" alternate-name="" calibration-group="" calibration-sensor="" customer-sensor="" data-type="float" deadband="0" description="" display-format="4.2f" display-range-maximum="100" display-range-minimum="0" domain-id="10" engineering-unit="%" export-for-steady-state="true" fixed-sensor="" fullset-stability="false" gid="3172" group="" idds-hardware-name="EMSParm_1172" is-continuous-log="true" is-critical="false" is-enabled="true" logical-id="devEMS" partition="Streaming" quality-ceiling="good" rtd-reference-channel="" signal-id="" subsystem-name="IDDS" subsystem-type="iDDS" topic="ParameterDataSeries">
                    <alarm-limits/>
                </instance>
                <instance name="EMSParm_554" acquisition-rate="10" alternate-name="" calibration-group="" calibration-sensor="" customer-sensor="" data-type="float" deadband="0" description="" display-format="4.2f" display-range-maximum="100" display-range-minimum="0" domain-id="10" engineering-unit="%" export-for-steady-state="true" fixed-sensor="" fullset-stability="false" gid="2554" group="" idds-hardware-name="EMSParm_554" is-continuous-log="true" is-critical="false" is-enabled="true" logical-id="devEMS" partition="Streaming" quality-ceiling="good" rtd-reference-channel="" signal-id="" subsystem-name="IDDS" subsystem-type="iDDS" topic="ParameterDataSeries">
                    <alarm-limits/>
                </instance>
                <instance name="EMSParm_232" acquisition-rate="10" alternate-name="" calibration-group="" calibration-sensor="" customer-sensor="" data-type="float" deadband="0" description="" display-format="4.2f" display-range-maximum="100" display-range-minimum="0" domain-id="10" engineering-unit="%" export-for-steady-state="true" fixed-sensor="" fullset-stability="false" gid="2232" group="" idds-hardware-name="EMSParm_232" is-continuous-log="true" is-critical="false" is-enabled="true" logical-id="devEMS" partition="Streaming" quality-ceiling="good" rtd-reference-channel="" signal-id="" subsystem-name="IDDS" subsystem-type="iDDS" topic="ParameterDataSeries">
                    <alarm-limits/>
                </instance>
                <instance name="EMSParm_786" acquisition-rate="10" alternate-name="" calibration-group="" calibration-sensor="" customer-sensor="" data-type="float" deadband="0" description="" display-format="4.2f" display-range-maximum="100" display-range-minimum="0" domain-id="10" engineering-unit="%" export-for-steady-state="true" fixed-sensor="" fullset-stability="false" gid="2786" group="" idds-hardware-name="EMSParm_786" is-continuous-log="true" is-critical="false" is-enabled="true" logical-id="devEMS" partition="Streaming" quality-ceiling="good" rtd-reference-channel="" signal-id="" subsystem-name="IDDS" subsystem-type="iDDS" topic="ParameterDataSeries">
                    <alarm-limits/>
                </instance>
                <instance name="EMSParm_193" acquisition-rate="10" alternate-name="" calibration-group="" calibration-sensor="" customer-sensor="" data-type="float" deadband="0" description="" display-format="4.2f" display-range-maximum="100" display-range-minimum="0" domain-id="10" engineering-unit="%" export-for-steady-state="true" fixed-sensor="" fullset-stability="false" gid="2193" group="" idds-hardware-name="EMSParm_193" is-continuous-log="true" is-critical="false" is-enabled="true" logical-id="devEMS" partition="Streaming" quality-ceiling="good" rtd-reference-channel="" signal-id="" subsystem-name="IDDS" subsystem-type="iDDS" topic="ParameterDataSeries">
                    <alarm-limits/>
                </instance>
                <instance name="EMSParm_1164" acquisition-rate="10" alternate-name="" calibration-group="" calibration-sensor="" customer-sensor="" data-type="float" deadband="0" description="" display-format="4.2f" display-range-maximum="100" display-range-minimum="0" domain-id="10" engineering-unit="%" export-for-steady-state="true" fixed-sensor="" fullset-stability="false" gid="3164" group="" idds-hardware-name="EMSParm_1164" is-continuous-log="true" is-critical="false" is-enabled="true" logical-id="devEMS" partition="Streaming" quality-ceiling="good" rtd-reference-channel="" signal-id="" subsystem-name="IDDS" subsystem-type="iDDS" topic="ParameterDataSeries">
                    <alarm-limits/>
                </instance>
                <instance name="EMSParm_307" acquisition-rate="10" alternate-name="" calibration-group="" calibration-sensor="" customer-sensor="" data-type="float" deadband="0" description="" display-format="4.2f" display-range-maximum="100" display-range-minimum="0" domain-id="10" engineering-unit="%" export-for-steady-state="true" fixed-sensor="" fullset-stability="false" gid="2307" group="" idds-hardware-name="EMSParm_307" is-continuous-log="true" is-critical="false" is-enabled="true" logical-id="devEMS" partition="Streaming" quality-ceiling="good" rtd-reference-channel="" signal-id="" subsystem-name="IDDS" subsystem-type="iDDS" topic="ParameterDataSeries">
                    <alarm-limits/>
                </instance>
                <instance name="EMSParm_342" acquisition-rate="10" alternate-name="" calibration-group="" calibration-sensor="" customer-sensor="" data-type="float" deadband="0" description="" display-format="4.2f" display-range-maximum="100" display-range-minimum="0" domain-id="10" engineering-unit="%" export-for-steady-state="true" fixed-sensor="" fullset-stability="false" gid="2342" group="" idds-hardware-name="EMSParm_342" is-continuous-log="true" is-critical="false" is-enabled="true" logical-id="devEMS" partition="Streaming" quality-ceiling="good" rtd-reference-channel="" signal-id="" subsystem-name="IDDS" subsystem-type="iDDS" topic="ParameterDataSeries">
                    <alarm-limits/>
                </instance>
                <instance name="EMSParm_1101" acquisition-rate="10" alternate-name="" calibration-group="" calibration-sensor="" customer-sensor="" data-type="float" deadband="0" description="" display-format="4.2f" display-range-maximum="100" display-range-minimum="0" domain-id="10" engineering-unit="%" export-for-steady-state="true" fixed-sensor="" fullset-stability="false" gid="3101" group="" idds-hardware-name="EMSParm_1101" is-continuous-log="true" is-critical="false" is-enabled="true" logical-id="devEMS" partition="Streaming" quality-ceiling="good" rtd-reference-channel="" signal-id="" subsystem-name="IDDS" subsystem-type="iDDS" topic="ParameterDataSeries">
                    <alarm-limits/>
                </instance>
                <instance name="EMSParm_398" acquisition-rate="10" alternate-name="" calibration-group="" calibration-sensor="" customer-sensor="" data-type="float" deadband="0" description="" display-format="4.2f" display-range-maximum="100" display-range-minimum="0" domain-id="10" engineering-unit="%" export-for-steady-state="true" fixed-sensor="" fullset-stability="false" gid="2398" group="" idds-hardware-name="EMSParm_398" is-continuous-log="true" is-critical="false" is-enabled="true" logical-id="devEMS" partition="Streaming" quality-ceiling="good" rtd-reference-channel="" signal-id="" subsystem-name="IDDS" subsystem-type="iDDS" topic="ParameterDataSeries">
                    <alarm-limits/>
                </instance>
                <instance name="EMSParm_239" acquisition-rate="10" alternate-name="" calibration-group="" calibration-sensor="" customer-sensor="" data-type="float" deadband="0" description="" display-format="4.2f" display-range-maximum="100" display-range-minimum="0" domain-id="10" engineering-unit="%" export-for-steady-state="true" fixed-sensor="" fullset-stability="false" gid="2239" group="" idds-hardware-name="EMSParm_239" is-continuous-log="true" is-critical="false" is-enabled="true" logical-id="devEMS" partition="Streaming" quality-ceiling="good" rtd-reference-channel="" signal-id="" subsystem-name="IDDS" subsystem-type="iDDS" topic="ParameterDataSeries">
                    <alarm-limits/>
                </instance>
                <instance name="EMSParm_1483" acquisition-rate="10" alternate-name="" calibration-group="" calibration-sensor="" customer-sensor="" data-type="float" deadband="0" description="" display-format="4.2f" display-range-maximum="100" display-range-minimum="0" domain-id="10" engineering-unit="%" export-for-steady-state="true" fixed-sensor="" fullset-stability="false" gid="3483" group="" idds-hardware-name="EMSParm_1483" is-continuous-log="true" is-critical="false" is-enabled="true" logical-id="devEMS" partition="Streaming" quality-ceiling="good" rtd-reference-channel="" signal-id="" subsystem-name="IDDS" subsystem-type="iDDS" topic="ParameterDataSeries">
                    <alarm-limits/>
                </instance>
                <instance name="T000032" acquisition-rate="10" alternate-name="" calibration-group="" calibration-sensor="" customer-sensor="" data-type="float" deadband="0" description="" display-format="4.2f" display-range-maximum="100" display-range-minimum="0" domain-id="2" engineering-unit="degC" export-for-steady-state="true" fixed-sensor="" fullset-stability="false" gid="5032" group="" idds-hardware-name="SCUTRDEMO_Ch32" is-continuous-log="true" is-critical="false" is-enabled="true" logical-id="scutrsim" partition="Streaming" quality-ceiling="good" rtd-reference-channel="" signal-id="" subsystem-name="IDDS" subsystem-type="iDDS" topic="ParameterDataSeries">
                    <alarm-limits/>
                </instance>
                <instance name="EMSParm_1004" acquisition-rate="10" alternate-name="" calibration-group="" calibration-sensor="" customer-sensor="" data-type="float" deadband="0" description="" display-format="4.2f" display-range-maximum="100" display-range-minimum="0" domain-id="10" engineering-unit="%" export-for-steady-state="true" fixed-sensor="" fullset-stability="false" gid="3004" group="" idds-hardware-name="EMSParm_1004" is-continuous-log="true" is-critical="false" is-enabled="true" logical-id="devEMS" partition="Streaming" quality-ceiling="good" rtd-reference-channel="" signal-id="" subsystem-name="IDDS" subsystem-type="iDDS" topic="ParameterDataSeries">
                    <alarm-limits/>
                </instance>
                <instance name="EMSParm_314" acquisition-rate="10" alternate-name="" calibration-group="" calibration-sensor="" customer-sensor="" data-type="float" deadband="0" description="" display-format="4.2f" display-range-maximum="100" display-range-minimum="0" domain-id="10" engineering-unit="%" export-for-steady-state="true" fixed-sensor="" fullset-stability="false" gid="2314" group="" idds-hardware-name="EMSParm_314" is-continuous-log="true" is-critical="false" is-enabled="true" logical-id="devEMS" partition="Streaming" quality-ceiling="good" rtd-reference-channel="" signal-id="" subsystem-name="IDDS" subsystem-type="iDDS" topic="ParameterDataSeries">
                    <alarm-limits/>
                </instance>
                <instance name="EMSParm_796" acquisition-rate="10" alternate-name="" calibration-group="" calibration-sensor="" customer-sensor="" data-type="float" deadband="0" description="" display-format="4.2f" display-range-maximum="100" display-range-minimum="0" domain-id="10" engineering-unit="%" export-for-steady-state="true" fixed-sensor="" fullset-stability="false" gid="2796" group="" idds-hardware-name="EMSParm_796" is-continuous-log="true" is-critical="false" is-enabled="true" logical-id="devEMS" partition="Streaming" quality-ceiling="good" rtd-reference-channel="" signal-id="" subsystem-name="IDDS" subsystem-type="iDDS" topic="ParameterDataSeries">
                    <alarm-limits/>
                </instance>
                <instance name="EMSParm_1552" acquisition-rate="10" alternate-name="" calibration-group="" calibration-sensor="" customer-sensor="" data-type="float" deadband="0" description="" display-format="4.2f" display-range-maximum="100" display-range-minimum="0" domain-id="10" engineering-unit="%" export-for-steady-state="true" fixed-sensor="" fullset-stability="false" gid="3552" group="" idds-hardware-name="EMSParm_1552" is-continuous-log="true" is-critical="false" is-enabled="true" logical-id="devEMS" partition="Streaming" quality-ceiling="good" rtd-reference-channel="" signal-id="" subsystem-name="IDDS" subsystem-type="iDDS" topic="ParameterDataSeries">
                    <alarm-limits/>
                </instance>
                <instance name="EMSParm_1515" acquisition-rate="10" alternate-name="" calibration-group="" calibration-sensor="" customer-sensor="" data-type="float" deadband="0" description="" display-format="4.2f" display-range-maximum="100" display-range-minimum="0" domain-id="10" engineering-unit="%" export-for-steady-state="true" fixed-sensor="" fullset-stability="false" gid="3515" group="" idds-hardware-name="EMSParm_1515" is-continuous-log="true" is-critical="false" is-enabled="true" logical-id="devEMS" partition="Streaming" quality-ceiling="good" rtd-reference-channel="" signal-id="" subsystem-name="IDDS" subsystem-type="iDDS" topic="ParameterDataSeries">
                    <alarm-limits/>
                </instance>
                <instance name="calcFn6" acquisition-rate="10" alternate-name="" calculated-equation="0.0" calculated-persistency="volatile" calibration-group="" calibration-sensor="" customer-sensor="" data-type="float" deadband="0" description="" display-format="4.2f" display-range-maximum="100" display-range-minimum="0" domain-id="4" engineering-unit="V" export-for-steady-state="true" fixed-sensor="" fullset-stability="false" gid="6019" group="" idds-hardware-name="calcFn6" is-continuous-log="true" is-critical="false" is-enabled="true" is-output="false" logical-id="RTE" partition="Streaming" quality-ceiling="good" rtd-reference-channel="" signal-id="" subsystem-name="calculated" subsystem-type="calculated" topic="ParameterDataValue">
                    <alarm-limits/>
                </instance>
                <instance name="EMSParm_1500" acquisition-rate="10" alternate-name="" calibration-group="" calibration-sensor="" customer-sensor="" data-type="float" deadband="0" description="" display-format="4.2f" display-range-maximum="100" display-range-minimum="0" domain-id="10" engineering-unit="%" export-for-steady-state="true" fixed-sensor="" fullset-stability="false" gid="3500" group="" idds-hardware-name="EMSParm_1500" is-continuous-log="true" is-critical="false" is-enabled="true" logical-id="devEMS" partition="Streaming" quality-ceiling="good" rtd-reference-channel="" signal-id="" subsystem-name="IDDS" subsystem-type="iDDS" topic="ParameterDataSeries">
                    <alarm-limits/>
                </instance>
                <instance name="EMSParm_55" acquisition-rate="10" alternate-name="" calibration-group="" calibration-sensor="" customer-sensor="" data-type="float" deadband="0" description="" display-format="4.2f" display-range-maximum="100" display-range-minimum="0" domain-id="10" engineering-unit="%" export-for-steady-state="true" fixed-sensor="" fullset-stability="false" gid="2055" group="" idds-hardware-name="EMSParm_55" is-continuous-log="true" is-critical="false" is-enabled="true" logical-id="devEMS" partition="Streaming" quality-ceiling="good" rtd-reference-channel="" signal-id="" subsystem-name="IDDS" subsystem-type="iDDS" topic="ParameterDataSeries">
                    <alarm-limits/>
                </instance>
                <instance name="EMSParm_1362" acquisition-rate="10" alternate-name="" calibration-group="" calibration-sensor="" customer-sensor="" data-type="float" deadband="0" description="" display-format="4.2f" display-range-maximum="100" display-range-minimum="0" domain-id="10" engineering-unit="%" export-for-steady-state="true" fixed-sensor="" fullset-stability="false" gid="3362" group="" idds-hardware-name="EMSParm_1362" is-continuous-log="true" is-critical="false" is-enabled="true" logical-id="devEMS" partition="Streaming" quality-ceiling="good" rtd-reference-channel="" signal-id="" subsystem-name="IDDS" subsystem-type="iDDS" topic="ParameterDataSeries">
                    <alarm-limits/>
                </instance>
                <instance name="dnaDIO00012" acquisition-rate="200" alternate-name="" calibration-group="" calibration-sensor="" customer-sensor="" data-type="float" deadband="0" description="Input channel 2" display-format="4.2f" display-range-maximum="100" display-range-minimum="0" domain-id="3" engineering-unit="V" export-for-steady-state="true" fixed-sensor="" fullset-stability="false" gid="12" group="" idds-hardware-name="dev03/ch00012" is-continuous-log="true" is-critical="false" is-enabled="true" logical-id="devCube999" partition="Streaming" quality-ceiling="good" rtd-reference-channel="" signal-id="" subsystem-name="IDDS" subsystem-type="iDDS" topic="ParameterDataValue">
                    <alarm-limits/>
                </instance>
                <instance name="EMSParm_371" acquisition-rate="10" alternate-name="" calibration-group="" calibration-sensor="" customer-sensor="" data-type="float" deadband="0" description="" display-format="4.2f" display-range-maximum="100" display-range-minimum="0" domain-id="10" engineering-unit="%" export-for-steady-state="true" fixed-sensor="" fullset-stability="false" gid="2371" group="" idds-hardware-name="EMSParm_371" is-continuous-log="true" is-critical="false" is-enabled="true" logical-id="devEMS" partition="Streaming" quality-ceiling="good" rtd-reference-channel="" signal-id="" subsystem-name="IDDS" subsystem-type="iDDS" topic="ParameterDataSeries">
                    <alarm-limits/>
                </instance>
                <instance name="EMSParm_270" acquisition-rate="10" alternate-name="" calibration-group="" calibration-sensor="" customer-sensor="" data-type="float" deadband="0" description="" display-format="4.2f" display-range-maximum="100" display-range-minimum="0" domain-id="10" engineering-unit="%" export-for-steady-state="true" fixed-sensor="" fullset-stability="false" gid="2270" group="" idds-hardware-name="EMSParm_270" is-continuous-log="true" is-critical="false" is-enabled="true" logical-id="devEMS" partition="Streaming" quality-ceiling="good" rtd-reference-channel="" signal-id="" subsystem-name="IDDS" subsystem-type="iDDS" topic="ParameterDataSeries">
                    <alarm-limits/>
                </instance>
                <instance name="EMSParm_936" acquisition-rate="10" alternate-name="" calibration-group="" calibration-sensor="" customer-sensor="" data-type="float" deadband="0" description="" display-format="4.2f" display-range-maximum="100" display-range-minimum="0" domain-id="10" engineering-unit="%" export-for-steady-state="true" fixed-sensor="" fullset-stability="false" gid="2936" group="" idds-hardware-name="EMSParm_936" is-continuous-log="true" is-critical="false" is-enabled="true" logical-id="devEMS" partition="Streaming" quality-ceiling="good" rtd-reference-channel="" signal-id="" subsystem-name="IDDS" subsystem-type="iDDS" topic="ParameterDataSeries">
                    <alarm-limits/>
                </instance>
                <instance name="EMSParm_128" acquisition-rate="10" alternate-name="" calibration-group="" calibration-sensor="" customer-sensor="" data-type="float" deadband="0" description="" display-format="4.2f" display-range-maximum="100" display-range-minimum="0" domain-id="10" engineering-unit="%" export-for-steady-state="true" fixed-sensor="" fullset-stability="false" gid="2128" group="" idds-hardware-name="EMSParm_128" is-continuous-log="true" is-critical="false" is-enabled="true" logical-id="devEMS" partition="Streaming" quality-ceiling="good" rtd-reference-channel="" signal-id="" subsystem-name="IDDS" subsystem-type="iDDS" topic="ParameterDataSeries">
                    <alarm-limits/>
                </instance>
                <instance name="EMSParm_1562" acquisition-rate="10" alternate-name="" calibration-group="" calibration-sensor="" customer-sensor="" data-type="float" deadband="0" description="" display-format="4.2f" display-range-maximum="100" display-range-minimum="0" domain-id="10" engineering-unit="%" export-for-steady-state="true" fixed-sensor="" fullset-stability="false" gid="3562" group="" idds-hardware-name="EMSParm_1562" is-continuous-log="true" is-critical="false" is-enabled="true" logical-id="devEMS" partition="Streaming" quality-ceiling="good" rtd-reference-channel="" signal-id="" subsystem-name="IDDS" subsystem-type="iDDS" topic="ParameterDataSeries">
                    <alarm-limits/>
                </instance>
                <instance name="EMSParm_376" acquisition-rate="10" alternate-name="" calibration-group="" calibration-sensor="" customer-sensor="" data-type="float" deadband="0" description="" display-format="4.2f" display-range-maximum="100" display-range-minimum="0" domain-id="10" engineering-unit="%" export-for-steady-state="true" fixed-sensor="" fullset-stability="false" gid="2376" group="" idds-hardware-name="EMSParm_376" is-continuous-log="true" is-critical="false" is-enabled="true" logical-id="devEMS" partition="Streaming" quality-ceiling="good" rtd-reference-channel="" signal-id="" subsystem-name="IDDS" subsystem-type="iDDS" topic="ParameterDataSeries">
                    <alarm-limits/>
                </instance>
                <instance name="EMSParm_93" acquisition-rate="10" alternate-name="" calibration-group="" calibration-sensor="" customer-sensor="" data-type="float" deadband="0" description="" display-format="4.2f" display-range-maximum="100" display-range-minimum="0" domain-id="10" engineering-unit="%" export-for-steady-state="true" fixed-sensor="" fullset-stability="false" gid="2093" group="" idds-hardware-name="EMSParm_93" is-continuous-log="true" is-critical="false" is-enabled="true" logical-id="devEMS" partition="Streaming" quality-ceiling="good" rtd-reference-channel="" signal-id="" subsystem-name="IDDS" subsystem-type="iDDS" topic="ParameterDataSeries">
                    <alarm-limits/>
                </instance>
                <instance name="EMSParm_824" acquisition-rate="10" alternate-name="" calibration-group="" calibration-sensor="" customer-sensor="" data-type="float" deadband="0" description="" display-format="4.2f" display-range-maximum="100" display-range-minimum="0" domain-id="10" engineering-unit="%" export-for-steady-state="true" fixed-sensor="" fullset-stability="false" gid="2824" group="" idds-hardware-name="EMSParm_824" is-continuous-log="true" is-critical="false" is-enabled="true" logical-id="devEMS" partition="Streaming" quality-ceiling="good" rtd-reference-channel="" signal-id="" subsystem-name="IDDS" subsystem-type="iDDS" topic="ParameterDataSeries">
                    <alarm-limits/>
                </instance>
                <instance name="EMSParm_1482" acquisition-rate="10" alternate-name="" calibration-group="" calibration-sensor="" customer-sensor="" data-type="float" deadband="0" description="" display-format="4.2f" display-range-maximum="100" display-range-minimum="0" domain-id="10" engineering-unit="%" export-for-steady-state="true" fixed-sensor="" fullset-stability="false" gid="3482" group="" idds-hardware-name="EMSParm_1482" is-continuous-log="true" is-critical="false" is-enabled="true" logical-id="devEMS" partition="Streaming" quality-ceiling="good" rtd-reference-channel="" signal-id="" subsystem-name="IDDS" subsystem-type="iDDS" topic="ParameterDataSeries">
                    <alarm-limits/>
                </instance>
                <instance name="EMSParm_292" acquisition-rate="10" alternate-name="" calibration-group="" calibration-sensor="" customer-sensor="" data-type="float" deadband="0" description="" display-format="4.2f" display-range-maximum="100" display-range-minimum="0" domain-id="10" engineering-unit="%" export-for-steady-state="true" fixed-sensor="" fullset-stability="false" gid="2292" group="" idds-hardware-name="EMSParm_292" is-continuous-log="true" is-critical="false" is-enabled="true" logical-id="devEMS" partition="Streaming" quality-ceiling="good" rtd-reference-channel="" signal-id="" subsystem-name="IDDS" subsystem-type="iDDS" topic="ParameterDataSeries">
                    <alarm-limits/>
                </instance>
                <instance name="EMSParm_254" acquisition-rate="10" alternate-name="" calibration-group="" calibration-sensor="" customer-sensor="" data-type="float" deadband="0" description="" display-format="4.2f" display-range-maximum="100" display-range-minimum="0" domain-id="10" engineering-unit="%" export-for-steady-state="true" fixed-sensor="" fullset-stability="false" gid="2254" group="" idds-hardware-name="EMSParm_254" is-continuous-log="true" is-critical="false" is-enabled="true" logical-id="devEMS" partition="Streaming" quality-ceiling="good" rtd-reference-channel="" signal-id="" subsystem-name="IDDS" subsystem-type="iDDS" topic="ParameterDataSeries">
                    <alarm-limits/>
                </instance>
                <instance name="EMSParm_197" acquisition-rate="10" alternate-name="" calibration-group="" calibration-sensor="" customer-sensor="" data-type="float" deadband="0" description="" display-format="4.2f" display-range-maximum="100" display-range-minimum="0" domain-id="10" engineering-unit="%" export-for-steady-state="true" fixed-sensor="" fullset-stability="false" gid="2197" group="" idds-hardware-name="EMSParm_197" is-continuous-log="true" is-critical="false" is-enabled="true" logical-id="devEMS" partition="Streaming" quality-ceiling="good" rtd-reference-channel="" signal-id="" subsystem-name="IDDS" subsystem-type="iDDS" topic="ParameterDataSeries">
                    <alarm-limits/>
                </instance>
                <instance name="EMSParm_151" acquisition-rate="10" alternate-name="" calibration-group="" calibration-sensor="" customer-sensor="" data-type="float" deadband="0" description="" display-format="4.2f" display-range-maximum="100" display-range-minimum="0" domain-id="10" engineering-unit="%" export-for-steady-state="true" fixed-sensor="" fullset-stability="false" gid="2151" group="" idds-hardware-name="EMSParm_151" is-continuous-log="true" is-critical="false" is-enabled="true" logical-id="devEMS" partition="Streaming" quality-ceiling="good" rtd-reference-channel="" signal-id="" subsystem-name="IDDS" subsystem-type="iDDS" topic="ParameterDataSeries">
                    <alarm-limits/>
                </instance>
                <instance name="EMSParm_410" acquisition-rate="10" alternate-name="" calibration-group="" calibration-sensor="" customer-sensor="" data-type="float" deadband="0" description="" display-format="4.2f" display-range-maximum="100" display-range-minimum="0" domain-id="10" engineering-unit="%" export-for-steady-state="true" fixed-sensor="" fullset-stability="false" gid="2410" group="" idds-hardware-name="EMSParm_410" is-continuous-log="true" is-critical="false" is-enabled="true" logical-id="devEMS" partition="Streaming" quality-ceiling="good" rtd-reference-channel="" signal-id="" subsystem-name="IDDS" subsystem-type="iDDS" topic="ParameterDataSeries">
                    <alarm-limits/>
                </instance>
                <instance name="EMSParm_754" acquisition-rate="10" alternate-name="" calibration-group="" calibration-sensor="" customer-sensor="" data-type="float" deadband="0" description="" display-format="4.2f" display-range-maximum="100" display-range-minimum="0" domain-id="10" engineering-unit="%" export-for-steady-state="true" fixed-sensor="" fullset-stability="false" gid="2754" group="" idds-hardware-name="EMSParm_754" is-continuous-log="true" is-critical="false" is-enabled="true" logical-id="devEMS" partition="Streaming" quality-ceiling="good" rtd-reference-channel="" signal-id="" subsystem-name="IDDS" subsystem-type="iDDS" topic="ParameterDataSeries">
                    <alarm-limits/>
                </instance>
                <instance name="EMSParm_1378" acquisition-rate="10" alternate-name="" calibration-group="" calibration-sensor="" customer-sensor="" data-type="float" deadband="0" description="" display-format="4.2f" display-range-maximum="100" display-range-minimum="0" domain-id="10" engineering-unit="%" export-for-steady-state="true" fixed-sensor="" fullset-stability="false" gid="3378" group="" idds-hardware-name="EMSParm_1378" is-continuous-log="true" is-critical="false" is-enabled="true" logical-id="devEMS" partition="Streaming" quality-ceiling="good" rtd-reference-channel="" signal-id="" subsystem-name="IDDS" subsystem-type="iDDS" topic="ParameterDataSeries">
                    <alarm-limits/>
                </instance>
                <instance name="T000036" acquisition-rate="10" alternate-name="" calibration-group="" calibration-sensor="" customer-sensor="" data-type="float" deadband="0" description="" display-format="4.2f" display-range-maximum="100" display-range-minimum="0" domain-id="2" engineering-unit="degC" export-for-steady-state="true" fixed-sensor="" fullset-stability="false" gid="5036" group="" idds-hardware-name="SCUTRDEMO_Ch36" is-continuous-log="true" is-critical="false" is-enabled="true" logical-id="scutrsim" partition="Streaming" quality-ceiling="good" rtd-reference-channel="" signal-id="" subsystem-name="IDDS" subsystem-type="iDDS" topic="ParameterDataSeries">
                    <alarm-limits/>
                </instance>
                <instance name="EMSParm_1106" acquisition-rate="10" alternate-name="" calibration-group="" calibration-sensor="" customer-sensor="" data-type="float" deadband="0" description="" display-format="4.2f" display-range-maximum="100" display-range-minimum="0" domain-id="10" engineering-unit="%" export-for-steady-state="true" fixed-sensor="" fullset-stability="false" gid="3106" group="" idds-hardware-name="EMSParm_1106" is-continuous-log="true" is-critical="false" is-enabled="true" logical-id="devEMS" partition="Streaming" quality-ceiling="good" rtd-reference-channel="" signal-id="" subsystem-name="IDDS" subsystem-type="iDDS" topic="ParameterDataSeries">
                    <alarm-limits/>
                </instance>
                <instance name="EMSParm_1008" acquisition-rate="10" alternate-name="" calibration-group="" calibration-sensor="" customer-sensor="" data-type="float" deadband="0" description="" display-format="4.2f" display-range-maximum="100" display-range-minimum="0" domain-id="10" engineering-unit="%" export-for-steady-state="true" fixed-sensor="" fullset-stability="false" gid="3008" group="" idds-hardware-name="EMSParm_1008" is-continuous-log="true" is-critical="false" is-enabled="true" logical-id="devEMS" partition="Streaming" quality-ceiling="good" rtd-reference-channel="" signal-id="" subsystem-name="IDDS" subsystem-type="iDDS" topic="ParameterDataSeries">
                    <alarm-limits/>
                </instance>
                <instance name="EMSParm_597" acquisition-rate="10" alternate-name="" calibration-group="" calibration-sensor="" customer-sensor="" data-type="float" deadband="0" description="" display-format="4.2f" display-range-maximum="100" display-range-minimum="0" domain-id="10" engineering-unit="%" export-for-steady-state="true" fixed-sensor="" fullset-stability="false" gid="2597" group="" idds-hardware-name="EMSParm_597" is-continuous-log="true" is-critical="false" is-enabled="true" logical-id="devEMS" partition="Streaming" quality-ceiling="good" rtd-reference-channel="" signal-id="" subsystem-name="IDDS" subsystem-type="iDDS" topic="ParameterDataSeries">
                    <alarm-limits/>
                </instance>
                <instance name="EMSParm_1146" acquisition-rate="10" alternate-name="" calibration-group="" calibration-sensor="" customer-sensor="" data-type="float" deadband="0" description="" display-format="4.2f" display-range-maximum="100" display-range-minimum="0" domain-id="10" engineering-unit="%" export-for-steady-state="true" fixed-sensor="" fullset-stability="false" gid="3146" group="" idds-hardware-name="EMSParm_1146" is-continuous-log="true" is-critical="false" is-enabled="true" logical-id="devEMS" partition="Streaming" quality-ceiling="good" rtd-reference-channel="" signal-id="" subsystem-name="IDDS" subsystem-type="iDDS" topic="ParameterDataSeries">
                    <alarm-limits/>
                </instance>
                <instance name="T000050" acquisition-rate="10" alternate-name="" calibration-group="" calibration-sensor="" customer-sensor="" data-type="float" deadband="0" description="" display-format="4.2f" display-range-maximum="100" display-range-minimum="0" domain-id="2" engineering-unit="degC" export-for-steady-state="true" fixed-sensor="" fullset-stability="false" gid="5050" group="" idds-hardware-name="SCUTRDEMO_Ch50" is-continuous-log="true" is-critical="false" is-enabled="true" logical-id="scutrsim" partition="Streaming" quality-ceiling="good" rtd-reference-channel="" signal-id="" subsystem-name="IDDS" subsystem-type="iDDS" topic="ParameterDataSeries">
                    <alarm-limits/>
                </instance>
                <instance name="EMSParm_1053" acquisition-rate="10" alternate-name="" calibration-group="" calibration-sensor="" customer-sensor="" data-type="float" deadband="0" description="" display-format="4.2f" display-range-maximum="100" display-range-minimum="0" domain-id="10" engineering-unit="%" export-for-steady-state="true" fixed-sensor="" fullset-stability="false" gid="3053" group="" idds-hardware-name="EMSParm_1053" is-continuous-log="true" is-critical="false" is-enabled="true" logical-id="devEMS" partition="Streaming" quality-ceiling="good" rtd-reference-channel="" signal-id="" subsystem-name="IDDS" subsystem-type="iDDS" topic="ParameterDataSeries">
                    <alarm-limits/>
                </instance>
                <instance name="EMSParm_479" acquisition-rate="10" alternate-name="" calibration-group="" calibration-sensor="" customer-sensor="" data-type="float" deadband="0" description="" display-format="4.2f" display-range-maximum="100" display-range-minimum="0" domain-id="10" engineering-unit="%" export-for-steady-state="true" fixed-sensor="" fullset-stability="false" gid="2479" group="" idds-hardware-name="EMSParm_479" is-continuous-log="true" is-critical="false" is-enabled="true" logical-id="devEMS" partition="Streaming" quality-ceiling="good" rtd-reference-channel="" signal-id="" subsystem-name="IDDS" subsystem-type="iDDS" topic="ParameterDataSeries">
                    <alarm-limits/>
                </instance>
                <instance name="EMSParm_449" acquisition-rate="10" alternate-name="" calibration-group="" calibration-sensor="" customer-sensor="" data-type="float" deadband="0" description="" display-format="4.2f" display-range-maximum="100" display-range-minimum="0" domain-id="10" engineering-unit="%" export-for-steady-state="true" fixed-sensor="" fullset-stability="false" gid="2449" group="" idds-hardware-name="EMSParm_449" is-continuous-log="true" is-critical="false" is-enabled="true" logical-id="devEMS" partition="Streaming" quality-ceiling="good" rtd-reference-channel="" signal-id="" subsystem-name="IDDS" subsystem-type="iDDS" topic="ParameterDataSeries">
                    <alarm-limits/>
                </instance>
                <instance name="EMSParm_1015" acquisition-rate="10" alternate-name="" calibration-group="" calibration-sensor="" customer-sensor="" data-type="float" deadband="0" description="" display-format="4.2f" display-range-maximum="100" display-range-minimum="0" domain-id="10" engineering-unit="%" export-for-steady-state="true" fixed-sensor="" fullset-stability="false" gid="3015" group="" idds-hardware-name="EMSParm_1015" is-continuous-log="true" is-critical="false" is-enabled="true" logical-id="devEMS" partition="Streaming" quality-ceiling="good" rtd-reference-channel="" signal-id="" subsystem-name="IDDS" subsystem-type="iDDS" topic="ParameterDataSeries">
                    <alarm-limits/>
                </instance>
                <instance name="EMSParm_1423" acquisition-rate="10" alternate-name="" calibration-group="" calibration-sensor="" customer-sensor="" data-type="float" deadband="0" description="" display-format="4.2f" display-range-maximum="100" display-range-minimum="0" domain-id="10" engineering-unit="%" export-for-steady-state="true" fixed-sensor="" fullset-stability="false" gid="3423" group="" idds-hardware-name="EMSParm_1423" is-continuous-log="true" is-critical="false" is-enabled="true" logical-id="devEMS" partition="Streaming" quality-ceiling="good" rtd-reference-channel="" signal-id="" subsystem-name="IDDS" subsystem-type="iDDS" topic="ParameterDataSeries">
                    <alarm-limits/>
                </instance>
                <instance name="EMSParm_708" acquisition-rate="10" alternate-name="" calibration-group="" calibration-sensor="" customer-sensor="" data-type="float" deadband="0" description="" display-format="4.2f" display-range-maximum="100" display-range-minimum="0" domain-id="10" engineering-unit="%" export-for-steady-state="true" fixed-sensor="" fullset-stability="false" gid="2708" group="" idds-hardware-name="EMSParm_708" is-continuous-log="true" is-critical="false" is-enabled="true" logical-id="devEMS" partition="Streaming" quality-ceiling="good" rtd-reference-channel="" signal-id="" subsystem-name="IDDS" subsystem-type="iDDS" topic="ParameterDataSeries">
                    <alarm-limits/>
                </instance>
                <instance name="EMSParm_1449" acquisition-rate="10" alternate-name="" calibration-group="" calibration-sensor="" customer-sensor="" data-type="float" deadband="0" description="" display-format="4.2f" display-range-maximum="100" display-range-minimum="0" domain-id="10" engineering-unit="%" export-for-steady-state="true" fixed-sensor="" fullset-stability="false" gid="3449" group="" idds-hardware-name="EMSParm_1449" is-continuous-log="true" is-critical="false" is-enabled="true" logical-id="devEMS" partition="Streaming" quality-ceiling="good" rtd-reference-channel="" signal-id="" subsystem-name="IDDS" subsystem-type="iDDS" topic="ParameterDataSeries">
                    <alarm-limits/>
                </instance>
                <instance name="EMSParm_854" acquisition-rate="10" alternate-name="" calibration-group="" calibration-sensor="" customer-sensor="" data-type="float" deadband="0" description="" display-format="4.2f" display-range-maximum="100" display-range-minimum="0" domain-id="10" engineering-unit="%" export-for-steady-state="true" fixed-sensor="" fullset-stability="false" gid="2854" group="" idds-hardware-name="EMSParm_854" is-continuous-log="true" is-critical="false" is-enabled="true" logical-id="devEMS" partition="Streaming" quality-ceiling="good" rtd-reference-channel="" signal-id="" subsystem-name="IDDS" subsystem-type="iDDS" topic="ParameterDataSeries">
                    <alarm-limits/>
                </instance>
                <instance name="EMSParm_943" acquisition-rate="10" alternate-name="" calibration-group="" calibration-sensor="" customer-sensor="" data-type="float" deadband="0" description="" display-format="4.2f" display-range-maximum="100" display-range-minimum="0" domain-id="10" engineering-unit="%" export-for-steady-state="true" fixed-sensor="" fullset-stability="false" gid="2943" group="" idds-hardware-name="EMSParm_943" is-continuous-log="true" is-critical="false" is-enabled="true" logical-id="devEMS" partition="Streaming" quality-ceiling="good" rtd-reference-channel="" signal-id="" subsystem-name="IDDS" subsystem-type="iDDS" topic="ParameterDataSeries">
                    <alarm-limits/>
                </instance>
                <instance name="EMSParm_821" acquisition-rate="10" alternate-name="" calibration-group="" calibration-sensor="" customer-sensor="" data-type="float" deadband="0" description="" display-format="4.2f" display-range-maximum="100" display-range-minimum="0" domain-id="10" engineering-unit="%" export-for-steady-state="true" fixed-sensor="" fullset-stability="false" gid="2821" group="" idds-hardware-name="EMSParm_821" is-continuous-log="true" is-critical="false" is-enabled="true" logical-id="devEMS" partition="Streaming" quality-ceiling="good" rtd-reference-channel="" signal-id="" subsystem-name="IDDS" subsystem-type="iDDS" topic="ParameterDataSeries">
                    <alarm-limits/>
                </instance>
                <instance name="EMSParm_861" acquisition-rate="10" alternate-name="" calibration-group="" calibration-sensor="" customer-sensor="" data-type="float" deadband="0" description="" display-format="4.2f" display-range-maximum="100" display-range-minimum="0" domain-id="10" engineering-unit="%" export-for-steady-state="true" fixed-sensor="" fullset-stability="false" gid="2861" group="" idds-hardware-name="EMSParm_861" is-continuous-log="true" is-critical="false" is-enabled="true" logical-id="devEMS" partition="Streaming" quality-ceiling="good" rtd-reference-channel="" signal-id="" subsystem-name="IDDS" subsystem-type="iDDS" topic="ParameterDataSeries">
                    <alarm-limits/>
                </instance>
                <instance name="EMSParm_852" acquisition-rate="10" alternate-name="" calibration-group="" calibration-sensor="" customer-sensor="" data-type="float" deadband="0" description="" display-format="4.2f" display-range-maximum="100" display-range-minimum="0" domain-id="10" engineering-unit="%" export-for-steady-state="true" fixed-sensor="" fullset-stability="false" gid="2852" group="" idds-hardware-name="EMSParm_852" is-continuous-log="true" is-critical="false" is-enabled="true" logical-id="devEMS" partition="Streaming" quality-ceiling="good" rtd-reference-channel="" signal-id="" subsystem-name="IDDS" subsystem-type="iDDS" topic="ParameterDataSeries">
                    <alarm-limits/>
                </instance>
                <instance name="EMSParm_259" acquisition-rate="10" alternate-name="" calibration-group="" calibration-sensor="" customer-sensor="" data-type="float" deadband="0" description="" display-format="4.2f" display-range-maximum="100" display-range-minimum="0" domain-id="10" engineering-unit="%" export-for-steady-state="true" fixed-sensor="" fullset-stability="false" gid="2259" group="" idds-hardware-name="EMSParm_259" is-continuous-log="true" is-critical="false" is-enabled="true" logical-id="devEMS" partition="Streaming" quality-ceiling="good" rtd-reference-channel="" signal-id="" subsystem-name="IDDS" subsystem-type="iDDS" topic="ParameterDataSeries">
                    <alarm-limits/>
                </instance>
                <instance name="EMSParm_490" acquisition-rate="10" alternate-name="" calibration-group="" calibration-sensor="" customer-sensor="" data-type="float" deadband="0" description="" display-format="4.2f" display-range-maximum="100" display-range-minimum="0" domain-id="10" engineering-unit="%" export-for-steady-state="true" fixed-sensor="" fullset-stability="false" gid="2490" group="" idds-hardware-name="EMSParm_490" is-continuous-log="true" is-critical="false" is-enabled="true" logical-id="devEMS" partition="Streaming" quality-ceiling="good" rtd-reference-channel="" signal-id="" subsystem-name="IDDS" subsystem-type="iDDS" topic="ParameterDataSeries">
                    <alarm-limits/>
                </instance>
                <instance name="EMSParm_931" acquisition-rate="10" alternate-name="" calibration-group="" calibration-sensor="" customer-sensor="" data-type="float" deadband="0" description="" display-format="4.2f" display-range-maximum="100" display-range-minimum="0" domain-id="10" engineering-unit="%" export-for-steady-state="true" fixed-sensor="" fullset-stability="false" gid="2931" group="" idds-hardware-name="EMSParm_931" is-continuous-log="true" is-critical="false" is-enabled="true" logical-id="devEMS" partition="Streaming" quality-ceiling="good" rtd-reference-channel="" signal-id="" subsystem-name="IDDS" subsystem-type="iDDS" topic="ParameterDataSeries">
                    <alarm-limits/>
                </instance>
                <instance name="EMSParm_202" acquisition-rate="10" alternate-name="" calibration-group="" calibration-sensor="" customer-sensor="" data-type="float" deadband="0" description="" display-format="4.2f" display-range-maximum="100" display-range-minimum="0" domain-id="10" engineering-unit="%" export-for-steady-state="true" fixed-sensor="" fullset-stability="false" gid="2202" group="" idds-hardware-name="EMSParm_202" is-continuous-log="true" is-critical="false" is-enabled="true" logical-id="devEMS" partition="Streaming" quality-ceiling="good" rtd-reference-channel="" signal-id="" subsystem-name="IDDS" subsystem-type="iDDS" topic="ParameterDataSeries">
                    <alarm-limits/>
                </instance>
                <instance name="EMSParm_123" acquisition-rate="10" alternate-name="" calibration-group="" calibration-sensor="" customer-sensor="" data-type="float" deadband="0" description="" display-format="4.2f" display-range-maximum="100" display-range-minimum="0" domain-id="10" engineering-unit="%" export-for-steady-state="true" fixed-sensor="" fullset-stability="false" gid="2123" group="" idds-hardware-name="EMSParm_123" is-continuous-log="true" is-critical="false" is-enabled="true" logical-id="devEMS" partition="Streaming" quality-ceiling="good" rtd-reference-channel="" signal-id="" subsystem-name="IDDS" subsystem-type="iDDS" topic="ParameterDataSeries">
                    <alarm-limits/>
                </instance>
                <instance name="EMSParm_1366" acquisition-rate="10" alternate-name="" calibration-group="" calibration-sensor="" customer-sensor="" data-type="float" deadband="0" description="" display-format="4.2f" display-range-maximum="100" display-range-minimum="0" domain-id="10" engineering-unit="%" export-for-steady-state="true" fixed-sensor="" fullset-stability="false" gid="3366" group="" idds-hardware-name="EMSParm_1366" is-continuous-log="true" is-critical="false" is-enabled="true" logical-id="devEMS" partition="Streaming" quality-ceiling="good" rtd-reference-channel="" signal-id="" subsystem-name="IDDS" subsystem-type="iDDS" topic="ParameterDataSeries">
                    <alarm-limits/>
                </instance>
                <instance name="T000047" acquisition-rate="10" alternate-name="" calibration-group="" calibration-sensor="" customer-sensor="" data-type="float" deadband="0" description="" display-format="4.2f" display-range-maximum="100" display-range-minimum="0" domain-id="2" engineering-unit="degC" export-for-steady-state="true" fixed-sensor="" fullset-stability="false" gid="5047" group="" idds-hardware-name="SCUTRDEMO_Ch47" is-continuous-log="true" is-critical="false" is-enabled="true" logical-id="scutrsim" partition="Streaming" quality-ceiling="good" rtd-reference-channel="" signal-id="" subsystem-name="IDDS" subsystem-type="iDDS" topic="ParameterDataSeries">
                    <alarm-limits/>
                </instance>
                <instance name="EMSParm_154" acquisition-rate="10" alternate-name="" calibration-group="" calibration-sensor="" customer-sensor="" data-type="float" deadband="0" description="" display-format="4.2f" display-range-maximum="100" display-range-minimum="0" domain-id="10" engineering-unit="%" export-for-steady-state="true" fixed-sensor="" fullset-stability="false" gid="2154" group="" idds-hardware-name="EMSParm_154" is-continuous-log="true" is-critical="false" is-enabled="true" logical-id="devEMS" partition="Streaming" quality-ceiling="good" rtd-reference-channel="" signal-id="" subsystem-name="IDDS" subsystem-type="iDDS" topic="ParameterDataSeries">
                    <alarm-limits/>
                </instance>
                <instance name="EMSParm_221" acquisition-rate="10" alternate-name="" calibration-group="" calibration-sensor="" customer-sensor="" data-type="float" deadband="0" description="" display-format="4.2f" display-range-maximum="100" display-range-minimum="0" domain-id="10" engineering-unit="%" export-for-steady-state="true" fixed-sensor="" fullset-stability="false" gid="2221" group="" idds-hardware-name="EMSParm_221" is-continuous-log="true" is-critical="false" is-enabled="true" logical-id="devEMS" partition="Streaming" quality-ceiling="good" rtd-reference-channel="" signal-id="" subsystem-name="IDDS" subsystem-type="iDDS" topic="ParameterDataSeries">
                    <alarm-limits/>
                </instance>
                <instance name="EMSParm_790" acquisition-rate="10" alternate-name="" calibration-group="" calibration-sensor="" customer-sensor="" data-type="float" deadband="0" description="" display-format="4.2f" display-range-maximum="100" display-range-minimum="0" domain-id="10" engineering-unit="%" export-for-steady-state="true" fixed-sensor="" fullset-stability="false" gid="2790" group="" idds-hardware-name="EMSParm_790" is-continuous-log="true" is-critical="false" is-enabled="true" logical-id="devEMS" partition="Streaming" quality-ceiling="good" rtd-reference-channel="" signal-id="" subsystem-name="IDDS" subsystem-type="iDDS" topic="ParameterDataSeries">
                    <alarm-limits/>
                </instance>
                <instance name="EMSParm_585" acquisition-rate="10" alternate-name="" calibration-group="" calibration-sensor="" customer-sensor="" data-type="float" deadband="0" description="" display-format="4.2f" display-range-maximum="100" display-range-minimum="0" domain-id="10" engineering-unit="%" export-for-steady-state="true" fixed-sensor="" fullset-stability="false" gid="2585" group="" idds-hardware-name="EMSParm_585" is-continuous-log="true" is-critical="false" is-enabled="true" logical-id="devEMS" partition="Streaming" quality-ceiling="good" rtd-reference-channel="" signal-id="" subsystem-name="IDDS" subsystem-type="iDDS" topic="ParameterDataSeries">
                    <alarm-limits/>
                </instance>
                <instance name="EMSParm_919" acquisition-rate="10" alternate-name="" calibration-group="" calibration-sensor="" customer-sensor="" data-type="float" deadband="0" description="" display-format="4.2f" display-range-maximum="100" display-range-minimum="0" domain-id="10" engineering-unit="%" export-for-steady-state="true" fixed-sensor="" fullset-stability="false" gid="2919" group="" idds-hardware-name="EMSParm_919" is-continuous-log="true" is-critical="false" is-enabled="true" logical-id="devEMS" partition="Streaming" quality-ceiling="good" rtd-reference-channel="" signal-id="" subsystem-name="IDDS" subsystem-type="iDDS" topic="ParameterDataSeries">
                    <alarm-limits/>
                </instance>
                <instance name="EMSParm_1456" acquisition-rate="10" alternate-name="" calibration-group="" calibration-sensor="" customer-sensor="" data-type="float" deadband="0" description="" display-format="4.2f" display-range-maximum="100" display-range-minimum="0" domain-id="10" engineering-unit="%" export-for-steady-state="true" fixed-sensor="" fullset-stability="false" gid="3456" group="" idds-hardware-name="EMSParm_1456" is-continuous-log="true" is-critical="false" is-enabled="true" logical-id="devEMS" partition="Streaming" quality-ceiling="good" rtd-reference-channel="" signal-id="" subsystem-name="IDDS" subsystem-type="iDDS" topic="ParameterDataSeries">
                    <alarm-limits/>
                </instance>
                <instance name="EMSParm_699" acquisition-rate="10" alternate-name="" calibration-group="" calibration-sensor="" customer-sensor="" data-type="float" deadband="0" description="" display-format="4.2f" display-range-maximum="100" display-range-minimum="0" domain-id="10" engineering-unit="%" export-for-steady-state="true" fixed-sensor="" fullset-stability="false" gid="2699" group="" idds-hardware-name="EMSParm_699" is-continuous-log="true" is-critical="false" is-enabled="true" logical-id="devEMS" partition="Streaming" quality-ceiling="good" rtd-reference-channel="" signal-id="" subsystem-name="IDDS" subsystem-type="iDDS" topic="ParameterDataSeries">
                    <alarm-limits/>
                </instance>
                <instance name="EMSParm_837" acquisition-rate="10" alternate-name="" calibration-group="" calibration-sensor="" customer-sensor="" data-type="float" deadband="0" description="" display-format="4.2f" display-range-maximum="100" display-range-minimum="0" domain-id="10" engineering-unit="%" export-for-steady-state="true" fixed-sensor="" fullset-stability="false" gid="2837" group="" idds-hardware-name="EMSParm_837" is-continuous-log="true" is-critical="false" is-enabled="true" logical-id="devEMS" partition="Streaming" quality-ceiling="good" rtd-reference-channel="" signal-id="" subsystem-name="IDDS" subsystem-type="iDDS" topic="ParameterDataSeries">
                    <alarm-limits/>
                </instance>
                <instance name="EMSParm_1024" acquisition-rate="10" alternate-name="" calibration-group="" calibration-sensor="" customer-sensor="" data-type="float" deadband="0" description="" display-format="4.2f" display-range-maximum="100" display-range-minimum="0" domain-id="10" engineering-unit="%" export-for-steady-state="true" fixed-sensor="" fullset-stability="false" gid="3024" group="" idds-hardware-name="EMSParm_1024" is-continuous-log="true" is-critical="false" is-enabled="true" logical-id="devEMS" partition="Streaming" quality-ceiling="good" rtd-reference-channel="" signal-id="" subsystem-name="IDDS" subsystem-type="iDDS" topic="ParameterDataSeries">
                    <alarm-limits/>
                </instance>
                <instance name="EMSParm_374" acquisition-rate="10" alternate-name="" calibration-group="" calibration-sensor="" customer-sensor="" data-type="float" deadband="0" description="" display-format="4.2f" display-range-maximum="100" display-range-minimum="0" domain-id="10" engineering-unit="%" export-for-steady-state="true" fixed-sensor="" fullset-stability="false" gid="2374" group="" idds-hardware-name="EMSParm_374" is-continuous-log="true" is-critical="false" is-enabled="true" logical-id="devEMS" partition="Streaming" quality-ceiling="good" rtd-reference-channel="" signal-id="" subsystem-name="IDDS" subsystem-type="iDDS" topic="ParameterDataSeries">
                    <alarm-limits/>
                </instance>
                <instance name="EMSParm_1553" acquisition-rate="10" alternate-name="" calibration-group="" calibration-sensor="" customer-sensor="" data-type="float" deadband="0" description="" display-format="4.2f" display-range-maximum="100" display-range-minimum="0" domain-id="10" engineering-unit="%" export-for-steady-state="true" fixed-sensor="" fullset-stability="false" gid="3553" group="" idds-hardware-name="EMSParm_1553" is-continuous-log="true" is-critical="false" is-enabled="true" logical-id="devEMS" partition="Streaming" quality-ceiling="good" rtd-reference-channel="" signal-id="" subsystem-name="IDDS" subsystem-type="iDDS" topic="ParameterDataSeries">
                    <alarm-limits/>
                </instance>
                <instance name="EMSParm_813" acquisition-rate="10" alternate-name="" calibration-group="" calibration-sensor="" customer-sensor="" data-type="float" deadband="0" description="" display-format="4.2f" display-range-maximum="100" display-range-minimum="0" domain-id="10" engineering-unit="%" export-for-steady-state="true" fixed-sensor="" fullset-stability="false" gid="2813" group="" idds-hardware-name="EMSParm_813" is-continuous-log="true" is-critical="false" is-enabled="true" logical-id="devEMS" partition="Streaming" quality-ceiling="good" rtd-reference-channel="" signal-id="" subsystem-name="IDDS" subsystem-type="iDDS" topic="ParameterDataSeries">
                    <alarm-limits/>
                </instance>
                <instance name="EMSParm_1079" acquisition-rate="10" alternate-name="" calibration-group="" calibration-sensor="" customer-sensor="" data-type="float" deadband="0" description="" display-format="4.2f" display-range-maximum="100" display-range-minimum="0" domain-id="10" engineering-unit="%" export-for-steady-state="true" fixed-sensor="" fullset-stability="false" gid="3079" group="" idds-hardware-name="EMSParm_1079" is-continuous-log="true" is-critical="false" is-enabled="true" logical-id="devEMS" partition="Streaming" quality-ceiling="good" rtd-reference-channel="" signal-id="" subsystem-name="IDDS" subsystem-type="iDDS" topic="ParameterDataSeries">
                    <alarm-limits/>
                </instance>
                <instance name="dnaAO00003" acquisition-rate="200" alternate-name="" calibration-group="" calibration-sensor="" customer-sensor="" data-type="float" deadband="0" description="Input channel 2" display-format="4.2f" display-range-maximum="100" display-range-minimum="0" domain-id="3" engineering-unit="V" export-for-steady-state="true" fixed-sensor="" fullset-stability="false" gid="291" group="" idds-hardware-name="dev02/ch00003" is-continuous-log="true" is-critical="false" is-enabled="true" logical-id="devCube999" partition="Streaming" quality-ceiling="good" rtd-reference-channel="" signal-id="" subsystem-name="IDDS" subsystem-type="iDDS" topic="ParameterDataValue">
                    <alarm-limits/>
                </instance>
                <instance name="EMSParm_1007" acquisition-rate="10" alternate-name="" calibration-group="" calibration-sensor="" customer-sensor="" data-type="float" deadband="0" description="" display-format="4.2f" display-range-maximum="100" display-range-minimum="0" domain-id="10" engineering-unit="%" export-for-steady-state="true" fixed-sensor="" fullset-stability="false" gid="3007" group="" idds-hardware-name="EMSParm_1007" is-continuous-log="true" is-critical="false" is-enabled="true" logical-id="devEMS" partition="Streaming" quality-ceiling="good" rtd-reference-channel="" signal-id="" subsystem-name="IDDS" subsystem-type="iDDS" topic="ParameterDataSeries">
                    <alarm-limits/>
                </instance>
                <instance name="EMSParm_1387" acquisition-rate="10" alternate-name="" calibration-group="" calibration-sensor="" customer-sensor="" data-type="float" deadband="0" description="" display-format="4.2f" display-range-maximum="100" display-range-minimum="0" domain-id="10" engineering-unit="%" export-for-steady-state="true" fixed-sensor="" fullset-stability="false" gid="3387" group="" idds-hardware-name="EMSParm_1387" is-continuous-log="true" is-critical="false" is-enabled="true" logical-id="devEMS" partition="Streaming" quality-ceiling="good" rtd-reference-channel="" signal-id="" subsystem-name="IDDS" subsystem-type="iDDS" topic="ParameterDataSeries">
                    <alarm-limits/>
                </instance>
                <instance name="EMSParm_1253" acquisition-rate="10" alternate-name="" calibration-group="" calibration-sensor="" customer-sensor="" data-type="float" deadband="0" description="" display-format="4.2f" display-range-maximum="100" display-range-minimum="0" domain-id="10" engineering-unit="%" export-for-steady-state="true" fixed-sensor="" fullset-stability="false" gid="3253" group="" idds-hardware-name="EMSParm_1253" is-continuous-log="true" is-critical="false" is-enabled="true" logical-id="devEMS" partition="Streaming" quality-ceiling="good" rtd-reference-channel="" signal-id="" subsystem-name="IDDS" subsystem-type="iDDS" topic="ParameterDataSeries">
                    <alarm-limits/>
                </instance>
                <instance name="EMSParm_851" acquisition-rate="10" alternate-name="" calibration-group="" calibration-sensor="" customer-sensor="" data-type="float" deadband="0" description="" display-format="4.2f" display-range-maximum="100" display-range-minimum="0" domain-id="10" engineering-unit="%" export-for-steady-state="true" fixed-sensor="" fullset-stability="false" gid="2851" group="" idds-hardware-name="EMSParm_851" is-continuous-log="true" is-critical="false" is-enabled="true" logical-id="devEMS" partition="Streaming" quality-ceiling="good" rtd-reference-channel="" signal-id="" subsystem-name="IDDS" subsystem-type="iDDS" topic="ParameterDataSeries">
                    <alarm-limits/>
                </instance>
                <instance name="EMSParm_92" acquisition-rate="10" alternate-name="" calibration-group="" calibration-sensor="" customer-sensor="" data-type="float" deadband="0" description="" display-format="4.2f" display-range-maximum="100" display-range-minimum="0" domain-id="10" engineering-unit="%" export-for-steady-state="true" fixed-sensor="" fullset-stability="false" gid="2092" group="" idds-hardware-name="EMSParm_92" is-continuous-log="true" is-critical="false" is-enabled="true" logical-id="devEMS" partition="Streaming" quality-ceiling="good" rtd-reference-channel="" signal-id="" subsystem-name="IDDS" subsystem-type="iDDS" topic="ParameterDataSeries">
                    <alarm-limits/>
                </instance>
                <instance name="EMSParm_1393" acquisition-rate="10" alternate-name="" calibration-group="" calibration-sensor="" customer-sensor="" data-type="float" deadband="0" description="" display-format="4.2f" display-range-maximum="100" display-range-minimum="0" domain-id="10" engineering-unit="%" export-for-steady-state="true" fixed-sensor="" fullset-stability="false" gid="3393" group="" idds-hardware-name="EMSParm_1393" is-continuous-log="true" is-critical="false" is-enabled="true" logical-id="devEMS" partition="Streaming" quality-ceiling="good" rtd-reference-channel="" signal-id="" subsystem-name="IDDS" subsystem-type="iDDS" topic="ParameterDataSeries">
                    <alarm-limits/>
                </instance>
                <instance name="EMSParm_158" acquisition-rate="10" alternate-name="" calibration-group="" calibration-sensor="" customer-sensor="" data-type="float" deadband="0" description="" display-format="4.2f" display-range-maximum="100" display-range-minimum="0" domain-id="10" engineering-unit="%" export-for-steady-state="true" fixed-sensor="" fullset-stability="false" gid="2158" group="" idds-hardware-name="EMSParm_158" is-continuous-log="true" is-critical="false" is-enabled="true" logical-id="devEMS" partition="Streaming" quality-ceiling="good" rtd-reference-channel="" signal-id="" subsystem-name="IDDS" subsystem-type="iDDS" topic="ParameterDataSeries">
                    <alarm-limits/>
                </instance>
                <instance name="T000043" acquisition-rate="10" alternate-name="" calibration-group="" calibration-sensor="" customer-sensor="" data-type="float" deadband="0" description="" display-format="4.2f" display-range-maximum="100" display-range-minimum="0" domain-id="2" engineering-unit="degC" export-for-steady-state="true" fixed-sensor="" fullset-stability="false" gid="5043" group="" idds-hardware-name="SCUTRDEMO_Ch43" is-continuous-log="true" is-critical="false" is-enabled="true" logical-id="scutrsim" partition="Streaming" quality-ceiling="good" rtd-reference-channel="" signal-id="" subsystem-name="IDDS" subsystem-type="iDDS" topic="ParameterDataSeries">
                    <alarm-limits/>
                </instance>
                <instance name="EMSParm_25" acquisition-rate="10" alternate-name="" calibration-group="" calibration-sensor="" customer-sensor="" data-type="float" deadband="0" description="" display-format="4.2f" display-range-maximum="100" display-range-minimum="0" domain-id="10" engineering-unit="%" export-for-steady-state="true" fixed-sensor="" fullset-stability="false" gid="2025" group="" idds-hardware-name="EMSParm_25" is-continuous-log="true" is-critical="false" is-enabled="true" logical-id="devEMS" partition="Streaming" quality-ceiling="good" rtd-reference-channel="" signal-id="" subsystem-name="IDDS" subsystem-type="iDDS" topic="ParameterDataSeries">
                    <alarm-limits/>
                </instance>
                <instance name="EMSParm_225" acquisition-rate="10" alternate-name="" calibration-group="" calibration-sensor="" customer-sensor="" data-type="float" deadband="0" description="" display-format="4.2f" display-range-maximum="100" display-range-minimum="0" domain-id="10" engineering-unit="%" export-for-steady-state="true" fixed-sensor="" fullset-stability="false" gid="2225" group="" idds-hardware-name="EMSParm_225" is-continuous-log="true" is-critical="false" is-enabled="true" logical-id="devEMS" partition="Streaming" quality-ceiling="good" rtd-reference-channel="" signal-id="" subsystem-name="IDDS" subsystem-type="iDDS" topic="ParameterDataSeries">
                    <alarm-limits/>
                </instance>
                <instance name="EMSParm_856" acquisition-rate="10" alternate-name="" calibration-group="" calibration-sensor="" customer-sensor="" data-type="float" deadband="0" description="" display-format="4.2f" display-range-maximum="100" display-range-minimum="0" domain-id="10" engineering-unit="%" export-for-steady-state="true" fixed-sensor="" fullset-stability="false" gid="2856" group="" idds-hardware-name="EMSParm_856" is-continuous-log="true" is-critical="false" is-enabled="true" logical-id="devEMS" partition="Streaming" quality-ceiling="good" rtd-reference-channel="" signal-id="" subsystem-name="IDDS" subsystem-type="iDDS" topic="ParameterDataSeries">
                    <alarm-limits/>
                </instance>
                <instance name="EMSParm_1139" acquisition-rate="10" alternate-name="" calibration-group="" calibration-sensor="" customer-sensor="" data-type="float" deadband="0" description="" display-format="4.2f" display-range-maximum="100" display-range-minimum="0" domain-id="10" engineering-unit="%" export-for-steady-state="true" fixed-sensor="" fullset-stability="false" gid="3139" group="" idds-hardware-name="EMSParm_1139" is-continuous-log="true" is-critical="false" is-enabled="true" logical-id="devEMS" partition="Streaming" quality-ceiling="good" rtd-reference-channel="" signal-id="" subsystem-name="IDDS" subsystem-type="iDDS" topic="ParameterDataSeries">
                    <alarm-limits/>
                </instance>
                <instance name="EMSParm_548" acquisition-rate="10" alternate-name="" calibration-group="" calibration-sensor="" customer-sensor="" data-type="float" deadband="0" description="" display-format="4.2f" display-range-maximum="100" display-range-minimum="0" domain-id="10" engineering-unit="%" export-for-steady-state="true" fixed-sensor="" fullset-stability="false" gid="2548" group="" idds-hardware-name="EMSParm_548" is-continuous-log="true" is-critical="false" is-enabled="true" logical-id="devEMS" partition="Streaming" quality-ceiling="good" rtd-reference-channel="" signal-id="" subsystem-name="IDDS" subsystem-type="iDDS" topic="ParameterDataSeries">
                    <alarm-limits/>
                </instance>
                <instance name="EMSParm_253" acquisition-rate="10" alternate-name="" calibration-group="" calibration-sensor="" customer-sensor="" data-type="float" deadband="0" description="" display-format="4.2f" display-range-maximum="100" display-range-minimum="0" domain-id="10" engineering-unit="%" export-for-steady-state="true" fixed-sensor="" fullset-stability="false" gid="2253" group="" idds-hardware-name="EMSParm_253" is-continuous-log="true" is-critical="false" is-enabled="true" logical-id="devEMS" partition="Streaming" quality-ceiling="good" rtd-reference-channel="" signal-id="" subsystem-name="IDDS" subsystem-type="iDDS" topic="ParameterDataSeries">
                    <alarm-limits/>
                </instance>
                <instance name="EMSParm_211" acquisition-rate="10" alternate-name="" calibration-group="" calibration-sensor="" customer-sensor="" data-type="float" deadband="0" description="" display-format="4.2f" display-range-maximum="100" display-range-minimum="0" domain-id="10" engineering-unit="%" export-for-steady-state="true" fixed-sensor="" fullset-stability="false" gid="2211" group="" idds-hardware-name="EMSParm_211" is-continuous-log="true" is-critical="false" is-enabled="true" logical-id="devEMS" partition="Streaming" quality-ceiling="good" rtd-reference-channel="" signal-id="" subsystem-name="IDDS" subsystem-type="iDDS" topic="ParameterDataSeries">
                    <alarm-limits/>
                </instance>
                <instance name="EMSParm_1560" acquisition-rate="10" alternate-name="" calibration-group="" calibration-sensor="" customer-sensor="" data-type="float" deadband="0" description="" display-format="4.2f" display-range-maximum="100" display-range-minimum="0" domain-id="10" engineering-unit="%" export-for-steady-state="true" fixed-sensor="" fullset-stability="false" gid="3560" group="" idds-hardware-name="EMSParm_1560" is-continuous-log="true" is-critical="false" is-enabled="true" logical-id="devEMS" partition="Streaming" quality-ceiling="good" rtd-reference-channel="" signal-id="" subsystem-name="IDDS" subsystem-type="iDDS" topic="ParameterDataSeries">
                    <alarm-limits/>
                </instance>
                <instance name="EMSParm_1531" acquisition-rate="10" alternate-name="" calibration-group="" calibration-sensor="" customer-sensor="" data-type="float" deadband="0" description="" display-format="4.2f" display-range-maximum="100" display-range-minimum="0" domain-id="10" engineering-unit="%" export-for-steady-state="true" fixed-sensor="" fullset-stability="false" gid="3531" group="" idds-hardware-name="EMSParm_1531" is-continuous-log="true" is-critical="false" is-enabled="true" logical-id="devEMS" partition="Streaming" quality-ceiling="good" rtd-reference-channel="" signal-id="" subsystem-name="IDDS" subsystem-type="iDDS" topic="ParameterDataSeries">
                    <alarm-limits/>
                </instance>
                <instance name="EMSParm_255" acquisition-rate="10" alternate-name="" calibration-group="" calibration-sensor="" customer-sensor="" data-type="float" deadband="0" description="" display-format="4.2f" display-range-maximum="100" display-range-minimum="0" domain-id="10" engineering-unit="%" export-for-steady-state="true" fixed-sensor="" fullset-stability="false" gid="2255" group="" idds-hardware-name="EMSParm_255" is-continuous-log="true" is-critical="false" is-enabled="true" logical-id="devEMS" partition="Streaming" quality-ceiling="good" rtd-reference-channel="" signal-id="" subsystem-name="IDDS" subsystem-type="iDDS" topic="ParameterDataSeries">
                    <alarm-limits/>
                </instance>
                <instance name="EMSParm_896" acquisition-rate="10" alternate-name="" calibration-group="" calibration-sensor="" customer-sensor="" data-type="float" deadband="0" description="" display-format="4.2f" display-range-maximum="100" display-range-minimum="0" domain-id="10" engineering-unit="%" export-for-steady-state="true" fixed-sensor="" fullset-stability="false" gid="2896" group="" idds-hardware-name="EMSParm_896" is-continuous-log="true" is-critical="false" is-enabled="true" logical-id="devEMS" partition="Streaming" quality-ceiling="good" rtd-reference-channel="" signal-id="" subsystem-name="IDDS" subsystem-type="iDDS" topic="ParameterDataSeries">
                    <alarm-limits/>
                </instance>
                <instance name="EMSParm_1541" acquisition-rate="10" alternate-name="" calibration-group="" calibration-sensor="" customer-sensor="" data-type="float" deadband="0" description="" display-format="4.2f" display-range-maximum="100" display-range-minimum="0" domain-id="10" engineering-unit="%" export-for-steady-state="true" fixed-sensor="" fullset-stability="false" gid="3541" group="" idds-hardware-name="EMSParm_1541" is-continuous-log="true" is-critical="false" is-enabled="true" logical-id="devEMS" partition="Streaming" quality-ceiling="good" rtd-reference-channel="" signal-id="" subsystem-name="IDDS" subsystem-type="iDDS" topic="ParameterDataSeries">
                    <alarm-limits/>
                </instance>
                <instance name="EMSParm_970" acquisition-rate="10" alternate-name="" calibration-group="" calibration-sensor="" customer-sensor="" data-type="float" deadband="0" description="" display-format="4.2f" display-range-maximum="100" display-range-minimum="0" domain-id="10" engineering-unit="%" export-for-steady-state="true" fixed-sensor="" fullset-stability="false" gid="2970" group="" idds-hardware-name="EMSParm_970" is-continuous-log="true" is-critical="false" is-enabled="true" logical-id="devEMS" partition="Streaming" quality-ceiling="good" rtd-reference-channel="" signal-id="" subsystem-name="IDDS" subsystem-type="iDDS" topic="ParameterDataSeries">
                    <alarm-limits/>
                </instance>
                <instance name="EMSParm_1351" acquisition-rate="10" alternate-name="" calibration-group="" calibration-sensor="" customer-sensor="" data-type="float" deadband="0" description="" display-format="4.2f" display-range-maximum="100" display-range-minimum="0" domain-id="10" engineering-unit="%" export-for-steady-state="true" fixed-sensor="" fullset-stability="false" gid="3351" group="" idds-hardware-name="EMSParm_1351" is-continuous-log="true" is-critical="false" is-enabled="true" logical-id="devEMS" partition="Streaming" quality-ceiling="good" rtd-reference-channel="" signal-id="" subsystem-name="IDDS" subsystem-type="iDDS" topic="ParameterDataSeries">
                    <alarm-limits/>
                </instance>
                <instance name="EMSParm_692" acquisition-rate="10" alternate-name="" calibration-group="" calibration-sensor="" customer-sensor="" data-type="float" deadband="0" description="" display-format="4.2f" display-range-maximum="100" display-range-minimum="0" domain-id="10" engineering-unit="%" export-for-steady-state="true" fixed-sensor="" fullset-stability="false" gid="2692" group="" idds-hardware-name="EMSParm_692" is-continuous-log="true" is-critical="false" is-enabled="true" logical-id="devEMS" partition="Streaming" quality-ceiling="good" rtd-reference-channel="" signal-id="" subsystem-name="IDDS" subsystem-type="iDDS" topic="ParameterDataSeries">
                    <alarm-limits/>
                </instance>
                <instance name="T000057" acquisition-rate="10" alternate-name="" calibration-group="" calibration-sensor="" customer-sensor="" data-type="float" deadband="0" description="" display-format="4.2f" display-range-maximum="100" display-range-minimum="0" domain-id="2" engineering-unit="degC" export-for-steady-state="true" fixed-sensor="" fullset-stability="false" gid="5057" group="" idds-hardware-name="SCUTRDEMO_Ch57" is-continuous-log="true" is-critical="false" is-enabled="true" logical-id="scutrsim" partition="Streaming" quality-ceiling="good" rtd-reference-channel="" signal-id="" subsystem-name="IDDS" subsystem-type="iDDS" topic="ParameterDataSeries">
                    <alarm-limits/>
                </instance>
                <instance name="EMSParm_830" acquisition-rate="10" alternate-name="" calibration-group="" calibration-sensor="" customer-sensor="" data-type="float" deadband="0" description="" display-format="4.2f" display-range-maximum="100" display-range-minimum="0" domain-id="10" engineering-unit="%" export-for-steady-state="true" fixed-sensor="" fullset-stability="false" gid="2830" group="" idds-hardware-name="EMSParm_830" is-continuous-log="true" is-critical="false" is-enabled="true" logical-id="devEMS" partition="Streaming" quality-ceiling="good" rtd-reference-channel="" signal-id="" subsystem-name="IDDS" subsystem-type="iDDS" topic="ParameterDataSeries">
                    <alarm-limits/>
                </instance>
                <instance name="EMSParm_1026" acquisition-rate="10" alternate-name="" calibration-group="" calibration-sensor="" customer-sensor="" data-type="float" deadband="0" description="" display-format="4.2f" display-range-maximum="100" display-range-minimum="0" domain-id="10" engineering-unit="%" export-for-steady-state="true" fixed-sensor="" fullset-stability="false" gid="3026" group="" idds-hardware-name="EMSParm_1026" is-continuous-log="true" is-critical="false" is-enabled="true" logical-id="devEMS" partition="Streaming" quality-ceiling="good" rtd-reference-channel="" signal-id="" subsystem-name="IDDS" subsystem-type="iDDS" topic="ParameterDataSeries">
                    <alarm-limits/>
                </instance>
                <instance name="EMSParm_1020" acquisition-rate="10" alternate-name="" calibration-group="" calibration-sensor="" customer-sensor="" data-type="float" deadband="0" description="" display-format="4.2f" display-range-maximum="100" display-range-minimum="0" domain-id="10" engineering-unit="%" export-for-steady-state="true" fixed-sensor="" fullset-stability="false" gid="3020" group="" idds-hardware-name="EMSParm_1020" is-continuous-log="true" is-critical="false" is-enabled="true" logical-id="devEMS" partition="Streaming" quality-ceiling="good" rtd-reference-channel="" signal-id="" subsystem-name="IDDS" subsystem-type="iDDS" topic="ParameterDataSeries">
                    <alarm-limits/>
                </instance>
                <instance name="EMSParm_1353" acquisition-rate="10" alternate-name="" calibration-group="" calibration-sensor="" customer-sensor="" data-type="float" deadband="0" description="" display-format="4.2f" display-range-maximum="100" display-range-minimum="0" domain-id="10" engineering-unit="%" export-for-steady-state="true" fixed-sensor="" fullset-stability="false" gid="3353" group="" idds-hardware-name="EMSParm_1353" is-continuous-log="true" is-critical="false" is-enabled="true" logical-id="devEMS" partition="Streaming" quality-ceiling="good" rtd-reference-channel="" signal-id="" subsystem-name="IDDS" subsystem-type="iDDS" topic="ParameterDataSeries">
                    <alarm-limits/>
                </instance>
                <instance name="EMSParm_1417" acquisition-rate="10" alternate-name="" calibration-group="" calibration-sensor="" customer-sensor="" data-type="float" deadband="0" description="" display-format="4.2f" display-range-maximum="100" display-range-minimum="0" domain-id="10" engineering-unit="%" export-for-steady-state="true" fixed-sensor="" fullset-stability="false" gid="3417" group="" idds-hardware-name="EMSParm_1417" is-continuous-log="true" is-critical="false" is-enabled="true" logical-id="devEMS" partition="Streaming" quality-ceiling="good" rtd-reference-channel="" signal-id="" subsystem-name="IDDS" subsystem-type="iDDS" topic="ParameterDataSeries">
                    <alarm-limits/>
                </instance>
                <instance name="T000010" acquisition-rate="10" alternate-name="" calibration-group="" calibration-sensor="" customer-sensor="" data-type="float" deadband="0" description="" display-format="4.2f" display-range-maximum="100" display-range-minimum="0" domain-id="2" engineering-unit="degC" export-for-steady-state="true" fixed-sensor="" fullset-stability="false" gid="5010" group="" idds-hardware-name="SCUTRDEMO_Ch10" is-continuous-log="true" is-critical="false" is-enabled="true" logical-id="scutrsim" partition="Streaming" quality-ceiling="good" rtd-reference-channel="" signal-id="" subsystem-name="IDDS" subsystem-type="iDDS" topic="ParameterDataSeries">
                    <alarm-limits/>
                </instance>
                <instance name="EMSParm_306" acquisition-rate="10" alternate-name="" calibration-group="" calibration-sensor="" customer-sensor="" data-type="float" deadband="0" description="" display-format="4.2f" display-range-maximum="100" display-range-minimum="0" domain-id="10" engineering-unit="%" export-for-steady-state="true" fixed-sensor="" fullset-stability="false" gid="2306" group="" idds-hardware-name="EMSParm_306" is-continuous-log="true" is-critical="false" is-enabled="true" logical-id="devEMS" partition="Streaming" quality-ceiling="good" rtd-reference-channel="" signal-id="" subsystem-name="IDDS" subsystem-type="iDDS" topic="ParameterDataSeries">
                    <alarm-limits/>
                </instance>
                <instance name="EMSParm_1" acquisition-rate="10" alternate-name="" calibration-group="" calibration-sensor="" customer-sensor="" data-type="float" deadband="0" description="" display-format="4.2f" display-range-maximum="100" display-range-minimum="0" domain-id="10" engineering-unit="%" export-for-steady-state="true" fixed-sensor="" fullset-stability="false" gid="2001" group="" idds-hardware-name="EMSParm_1" is-continuous-log="true" is-critical="false" is-enabled="true" logical-id="devEMS" partition="Streaming" quality-ceiling="good" rtd-reference-channel="" signal-id="" subsystem-name="IDDS" subsystem-type="iDDS" topic="ParameterDataSeries">
                    <alarm-limits/>
                </instance>
                <instance name="EMSParm_834" acquisition-rate="10" alternate-name="" calibration-group="" calibration-sensor="" customer-sensor="" data-type="float" deadband="0" description="" display-format="4.2f" display-range-maximum="100" display-range-minimum="0" domain-id="10" engineering-unit="%" export-for-steady-state="true" fixed-sensor="" fullset-stability="false" gid="2834" group="" idds-hardware-name="EMSParm_834" is-continuous-log="true" is-critical="false" is-enabled="true" logical-id="devEMS" partition="Streaming" quality-ceiling="good" rtd-reference-channel="" signal-id="" subsystem-name="IDDS" subsystem-type="iDDS" topic="ParameterDataSeries">
                    <alarm-limits/>
                </instance>
                <instance name="YB1_Ch25" acquisition-rate="1" alternate-name="" calibration-group="" calibration-sensor="" customer-sensor="" data-type="float" deadband="0" description="" display-format="4.2f" display-range-maximum="100" display-range-minimum="0" domain-id="3" engineering-unit="-" export-for-steady-state="true" fixed-sensor="" fullset-stability="false" gid="9025" group="" idds-hardware-name="CH25" is-continuous-log="true" is-critical="false" is-enabled="true" logical-id="rx3036-1" partition="Streaming" quality-ceiling="good" rtd-reference-channel="" signal-id="" subsystem-name="IDDS" subsystem-type="iDDS" topic="ParameterDataSeries">
                    <alarm-limits/>
                </instance>
                <instance name="EMSParm_1490" acquisition-rate="10" alternate-name="" calibration-group="" calibration-sensor="" customer-sensor="" data-type="float" deadband="0" description="" display-format="4.2f" display-range-maximum="100" display-range-minimum="0" domain-id="10" engineering-unit="%" export-for-steady-state="true" fixed-sensor="" fullset-stability="false" gid="3490" group="" idds-hardware-name="EMSParm_1490" is-continuous-log="true" is-critical="false" is-enabled="true" logical-id="devEMS" partition="Streaming" quality-ceiling="good" rtd-reference-channel="" signal-id="" subsystem-name="IDDS" subsystem-type="iDDS" topic="ParameterDataSeries">
                    <alarm-limits/>
                </instance>
                <instance name="EMSParm_818" acquisition-rate="10" alternate-name="" calibration-group="" calibration-sensor="" customer-sensor="" data-type="float" deadband="0" description="" display-format="4.2f" display-range-maximum="100" display-range-minimum="0" domain-id="10" engineering-unit="%" export-for-steady-state="true" fixed-sensor="" fullset-stability="false" gid="2818" group="" idds-hardware-name="EMSParm_818" is-continuous-log="true" is-critical="false" is-enabled="true" logical-id="devEMS" partition="Streaming" quality-ceiling="good" rtd-reference-channel="" signal-id="" subsystem-name="IDDS" subsystem-type="iDDS" topic="ParameterDataSeries">
                    <alarm-limits/>
                </instance>
                <instance name="EMSParm_537" acquisition-rate="10" alternate-name="" calibration-group="" calibration-sensor="" customer-sensor="" data-type="float" deadband="0" description="" display-format="4.2f" display-range-maximum="100" display-range-minimum="0" domain-id="10" engineering-unit="%" export-for-steady-state="true" fixed-sensor="" fullset-stability="false" gid="2537" group="" idds-hardware-name="EMSParm_537" is-continuous-log="true" is-critical="false" is-enabled="true" logical-id="devEMS" partition="Streaming" quality-ceiling="good" rtd-reference-channel="" signal-id="" subsystem-name="IDDS" subsystem-type="iDDS" topic="ParameterDataSeries">
                    <alarm-limits/>
                </instance>
                <instance name="EMSParm_863" acquisition-rate="10" alternate-name="" calibration-group="" calibration-sensor="" customer-sensor="" data-type="float" deadband="0" description="" display-format="4.2f" display-range-maximum="100" display-range-minimum="0" domain-id="10" engineering-unit="%" export-for-steady-state="true" fixed-sensor="" fullset-stability="false" gid="2863" group="" idds-hardware-name="EMSParm_863" is-continuous-log="true" is-critical="false" is-enabled="true" logical-id="devEMS" partition="Streaming" quality-ceiling="good" rtd-reference-channel="" signal-id="" subsystem-name="IDDS" subsystem-type="iDDS" topic="ParameterDataSeries">
                    <alarm-limits/>
                </instance>
                <instance name="EMSParm_762" acquisition-rate="10" alternate-name="" calibration-group="" calibration-sensor="" customer-sensor="" data-type="float" deadband="0" description="" display-format="4.2f" display-range-maximum="100" display-range-minimum="0" domain-id="10" engineering-unit="%" export-for-steady-state="true" fixed-sensor="" fullset-stability="false" gid="2762" group="" idds-hardware-name="EMSParm_762" is-continuous-log="true" is-critical="false" is-enabled="true" logical-id="devEMS" partition="Streaming" quality-ceiling="good" rtd-reference-channel="" signal-id="" subsystem-name="IDDS" subsystem-type="iDDS" topic="ParameterDataSeries">
                    <alarm-limits/>
                </instance>
                <instance name="EMSParm_615" acquisition-rate="10" alternate-name="" calibration-group="" calibration-sensor="" customer-sensor="" data-type="float" deadband="0" description="" display-format="4.2f" display-range-maximum="100" display-range-minimum="0" domain-id="10" engineering-unit="%" export-for-steady-state="true" fixed-sensor="" fullset-stability="false" gid="2615" group="" idds-hardware-name="EMSParm_615" is-continuous-log="true" is-critical="false" is-enabled="true" logical-id="devEMS" partition="Streaming" quality-ceiling="good" rtd-reference-channel="" signal-id="" subsystem-name="IDDS" subsystem-type="iDDS" topic="ParameterDataSeries">
                    <alarm-limits/>
                </instance>
                <instance name="EMSParm_345" acquisition-rate="10" alternate-name="" calibration-group="" calibration-sensor="" customer-sensor="" data-type="float" deadband="0" description="" display-format="4.2f" display-range-maximum="100" display-range-minimum="0" domain-id="10" engineering-unit="%" export-for-steady-state="true" fixed-sensor="" fullset-stability="false" gid="2345" group="" idds-hardware-name="EMSParm_345" is-continuous-log="true" is-critical="false" is-enabled="true" logical-id="devEMS" partition="Streaming" quality-ceiling="good" rtd-reference-channel="" signal-id="" subsystem-name="IDDS" subsystem-type="iDDS" topic="ParameterDataSeries">
                    <alarm-limits/>
                </instance>
                <instance name="EMSParm_564" acquisition-rate="10" alternate-name="" calibration-group="" calibration-sensor="" customer-sensor="" data-type="float" deadband="0" description="" display-format="4.2f" display-range-maximum="100" display-range-minimum="0" domain-id="10" engineering-unit="%" export-for-steady-state="true" fixed-sensor="" fullset-stability="false" gid="2564" group="" idds-hardware-name="EMSParm_564" is-continuous-log="true" is-critical="false" is-enabled="true" logical-id="devEMS" partition="Streaming" quality-ceiling="good" rtd-reference-channel="" signal-id="" subsystem-name="IDDS" subsystem-type="iDDS" topic="ParameterDataSeries">
                    <alarm-limits/>
                </instance>
                <instance name="YB1_Ch27" acquisition-rate="1" alternate-name="" calibration-group="" calibration-sensor="" customer-sensor="" data-type="float" deadband="0" description="" display-format="4.2f" display-range-maximum="100" display-range-minimum="0" domain-id="3" engineering-unit="-" export-for-steady-state="true" fixed-sensor="" fullset-stability="false" gid="9027" group="" idds-hardware-name="CH27" is-continuous-log="true" is-critical="false" is-enabled="true" logical-id="rx3036-1" partition="Streaming" quality-ceiling="good" rtd-reference-channel="" signal-id="" subsystem-name="IDDS" subsystem-type="iDDS" topic="ParameterDataSeries">
                    <alarm-limits/>
                </instance>
                <instance name="dnaAO00005" acquisition-rate="200" alternate-name="" calibration-group="" calibration-sensor="" customer-sensor="" data-type="float" deadband="0" description="Output channel 5" display-format="4.2f" display-range-maximum="100" display-range-minimum="0" domain-id="3" engineering-unit="V" export-for-steady-state="true" fixed-sensor="" fullset-stability="false" gid="293" group="" idds-hardware-name="dev02/ch00005" is-continuous-log="true" is-critical="false" is-enabled="true" logical-id="devCube999" partition="Streaming" quality-ceiling="good" rtd-reference-channel="" signal-id="" subsystem-name="IDDS" subsystem-type="iDDS" topic="ParameterDataValue">
                    <alarm-limits/>
                </instance>
                <instance name="EMSParm_853" acquisition-rate="10" alternate-name="" calibration-group="" calibration-sensor="" customer-sensor="" data-type="float" deadband="0" description="" display-format="4.2f" display-range-maximum="100" display-range-minimum="0" domain-id="10" engineering-unit="%" export-for-steady-state="true" fixed-sensor="" fullset-stability="false" gid="2853" group="" idds-hardware-name="EMSParm_853" is-continuous-log="true" is-critical="false" is-enabled="true" logical-id="devEMS" partition="Streaming" quality-ceiling="good" rtd-reference-channel="" signal-id="" subsystem-name="IDDS" subsystem-type="iDDS" topic="ParameterDataSeries">
                    <alarm-limits/>
                </instance>
                <instance name="EMSParm_72" acquisition-rate="10" alternate-name="" calibration-group="" calibration-sensor="" customer-sensor="" data-type="float" deadband="0" description="" display-format="4.2f" display-range-maximum="100" display-range-minimum="0" domain-id="10" engineering-unit="%" export-for-steady-state="true" fixed-sensor="" fullset-stability="false" gid="2072" group="" idds-hardware-name="EMSParm_72" is-continuous-log="true" is-critical="false" is-enabled="true" logical-id="devEMS" partition="Streaming" quality-ceiling="good" rtd-reference-channel="" signal-id="" subsystem-name="IDDS" subsystem-type="iDDS" topic="ParameterDataSeries">
                    <alarm-limits/>
                </instance>
                <instance name="EMSParm_113" acquisition-rate="10" alternate-name="" calibration-group="" calibration-sensor="" customer-sensor="" data-type="float" deadband="0" description="" display-format="4.2f" display-range-maximum="100" display-range-minimum="0" domain-id="10" engineering-unit="%" export-for-steady-state="true" fixed-sensor="" fullset-stability="false" gid="2113" group="" idds-hardware-name="EMSParm_113" is-continuous-log="true" is-critical="false" is-enabled="true" logical-id="devEMS" partition="Streaming" quality-ceiling="good" rtd-reference-channel="" signal-id="" subsystem-name="IDDS" subsystem-type="iDDS" topic="ParameterDataSeries">
                    <alarm-limits/>
                </instance>
                <instance name="EMSParm_1369" acquisition-rate="10" alternate-name="" calibration-group="" calibration-sensor="" customer-sensor="" data-type="float" deadband="0" description="" display-format="4.2f" display-range-maximum="100" display-range-minimum="0" domain-id="10" engineering-unit="%" export-for-steady-state="true" fixed-sensor="" fullset-stability="false" gid="3369" group="" idds-hardware-name="EMSParm_1369" is-continuous-log="true" is-critical="false" is-enabled="true" logical-id="devEMS" partition="Streaming" quality-ceiling="good" rtd-reference-channel="" signal-id="" subsystem-name="IDDS" subsystem-type="iDDS" topic="ParameterDataSeries">
                    <alarm-limits/>
                </instance>
                <instance name="EMSParm_1019" acquisition-rate="10" alternate-name="" calibration-group="" calibration-sensor="" customer-sensor="" data-type="float" deadband="0" description="" display-format="4.2f" display-range-maximum="100" display-range-minimum="0" domain-id="10" engineering-unit="%" export-for-steady-state="true" fixed-sensor="" fullset-stability="false" gid="3019" group="" idds-hardware-name="EMSParm_1019" is-continuous-log="true" is-critical="false" is-enabled="true" logical-id="devEMS" partition="Streaming" quality-ceiling="good" rtd-reference-channel="" signal-id="" subsystem-name="IDDS" subsystem-type="iDDS" topic="ParameterDataSeries">
                    <alarm-limits/>
                </instance>
                <instance name="EMSParm_125" acquisition-rate="10" alternate-name="" calibration-group="" calibration-sensor="" customer-sensor="" data-type="float" deadband="0" description="" display-format="4.2f" display-range-maximum="100" display-range-minimum="0" domain-id="10" engineering-unit="%" export-for-steady-state="true" fixed-sensor="" fullset-stability="false" gid="2125" group="" idds-hardware-name="EMSParm_125" is-continuous-log="true" is-critical="false" is-enabled="true" logical-id="devEMS" partition="Streaming" quality-ceiling="good" rtd-reference-channel="" signal-id="" subsystem-name="IDDS" subsystem-type="iDDS" topic="ParameterDataSeries">
                    <alarm-limits/>
                </instance>
                <instance name="EMSParm_951" acquisition-rate="10" alternate-name="" calibration-group="" calibration-sensor="" customer-sensor="" data-type="float" deadband="0" description="" display-format="4.2f" display-range-maximum="100" display-range-minimum="0" domain-id="10" engineering-unit="%" export-for-steady-state="true" fixed-sensor="" fullset-stability="false" gid="2951" group="" idds-hardware-name="EMSParm_951" is-continuous-log="true" is-critical="false" is-enabled="true" logical-id="devEMS" partition="Streaming" quality-ceiling="good" rtd-reference-channel="" signal-id="" subsystem-name="IDDS" subsystem-type="iDDS" topic="ParameterDataSeries">
                    <alarm-limits/>
                </instance>
                <instance name="EMSParm_37" acquisition-rate="10" alternate-name="" calibration-group="" calibration-sensor="" customer-sensor="" data-type="float" deadband="0" description="" display-format="4.2f" display-range-maximum="100" display-range-minimum="0" domain-id="10" engineering-unit="%" export-for-steady-state="true" fixed-sensor="" fullset-stability="false" gid="2037" group="" idds-hardware-name="EMSParm_37" is-continuous-log="true" is-critical="false" is-enabled="true" logical-id="devEMS" partition="Streaming" quality-ceiling="good" rtd-reference-channel="" signal-id="" subsystem-name="IDDS" subsystem-type="iDDS" topic="ParameterDataSeries">
                    <alarm-limits/>
                </instance>
                <instance name="EMSParm_1066" acquisition-rate="10" alternate-name="" calibration-group="" calibration-sensor="" customer-sensor="" data-type="float" deadband="0" description="" display-format="4.2f" display-range-maximum="100" display-range-minimum="0" domain-id="10" engineering-unit="%" export-for-steady-state="true" fixed-sensor="" fullset-stability="false" gid="3066" group="" idds-hardware-name="EMSParm_1066" is-continuous-log="true" is-critical="false" is-enabled="true" logical-id="devEMS" partition="Streaming" quality-ceiling="good" rtd-reference-channel="" signal-id="" subsystem-name="IDDS" subsystem-type="iDDS" topic="ParameterDataSeries">
                    <alarm-limits/>
                </instance>
                <instance name="EMSParm_870" acquisition-rate="10" alternate-name="" calibration-group="" calibration-sensor="" customer-sensor="" data-type="float" deadband="0" description="" display-format="4.2f" display-range-maximum="100" display-range-minimum="0" domain-id="10" engineering-unit="%" export-for-steady-state="true" fixed-sensor="" fullset-stability="false" gid="2870" group="" idds-hardware-name="EMSParm_870" is-continuous-log="true" is-critical="false" is-enabled="true" logical-id="devEMS" partition="Streaming" quality-ceiling="good" rtd-reference-channel="" signal-id="" subsystem-name="IDDS" subsystem-type="iDDS" topic="ParameterDataSeries">
                    <alarm-limits/>
                </instance>
                <instance name="EMSParm_53" acquisition-rate="10" alternate-name="" calibration-group="" calibration-sensor="" customer-sensor="" data-type="float" deadband="0" description="" display-format="4.2f" display-range-maximum="100" display-range-minimum="0" domain-id="10" engineering-unit="%" export-for-steady-state="true" fixed-sensor="" fullset-stability="false" gid="2053" group="" idds-hardware-name="EMSParm_53" is-continuous-log="true" is-critical="false" is-enabled="true" logical-id="devEMS" partition="Streaming" quality-ceiling="good" rtd-reference-channel="" signal-id="" subsystem-name="IDDS" subsystem-type="iDDS" topic="ParameterDataSeries">
                    <alarm-limits/>
                </instance>
                <instance name="EMSParm_502" acquisition-rate="10" alternate-name="" calibration-group="" calibration-sensor="" customer-sensor="" data-type="float" deadband="0" description="" display-format="4.2f" display-range-maximum="100" display-range-minimum="0" domain-id="10" engineering-unit="%" export-for-steady-state="true" fixed-sensor="" fullset-stability="false" gid="2502" group="" idds-hardware-name="EMSParm_502" is-continuous-log="true" is-critical="false" is-enabled="true" logical-id="devEMS" partition="Streaming" quality-ceiling="good" rtd-reference-channel="" signal-id="" subsystem-name="IDDS" subsystem-type="iDDS" topic="ParameterDataSeries">
                    <alarm-limits/>
                </instance>
                <instance name="EMSParm_766" acquisition-rate="10" alternate-name="" calibration-group="" calibration-sensor="" customer-sensor="" data-type="float" deadband="0" description="" display-format="4.2f" display-range-maximum="100" display-range-minimum="0" domain-id="10" engineering-unit="%" export-for-steady-state="true" fixed-sensor="" fullset-stability="false" gid="2766" group="" idds-hardware-name="EMSParm_766" is-continuous-log="true" is-critical="false" is-enabled="true" logical-id="devEMS" partition="Streaming" quality-ceiling="good" rtd-reference-channel="" signal-id="" subsystem-name="IDDS" subsystem-type="iDDS" topic="ParameterDataSeries">
                    <alarm-limits/>
                </instance>
                <instance name="EMSParm_453" acquisition-rate="10" alternate-name="" calibration-group="" calibration-sensor="" customer-sensor="" data-type="float" deadband="0" description="" display-format="4.2f" display-range-maximum="100" display-range-minimum="0" domain-id="10" engineering-unit="%" export-for-steady-state="true" fixed-sensor="" fullset-stability="false" gid="2453" group="" idds-hardware-name="EMSParm_453" is-continuous-log="true" is-critical="false" is-enabled="true" logical-id="devEMS" partition="Streaming" quality-ceiling="good" rtd-reference-channel="" signal-id="" subsystem-name="IDDS" subsystem-type="iDDS" topic="ParameterDataSeries">
                    <alarm-limits/>
                </instance>
                <instance name="EMSParm_789" acquisition-rate="10" alternate-name="" calibration-group="" calibration-sensor="" customer-sensor="" data-type="float" deadband="0" description="" display-format="4.2f" display-range-maximum="100" display-range-minimum="0" domain-id="10" engineering-unit="%" export-for-steady-state="true" fixed-sensor="" fullset-stability="false" gid="2789" group="" idds-hardware-name="EMSParm_789" is-continuous-log="true" is-critical="false" is-enabled="true" logical-id="devEMS" partition="Streaming" quality-ceiling="good" rtd-reference-channel="" signal-id="" subsystem-name="IDDS" subsystem-type="iDDS" topic="ParameterDataSeries">
                    <alarm-limits/>
                </instance>
                <instance name="EMSParm_1260" acquisition-rate="10" alternate-name="" calibration-group="" calibration-sensor="" customer-sensor="" data-type="float" deadband="0" description="" display-format="4.2f" display-range-maximum="100" display-range-minimum="0" domain-id="10" engineering-unit="%" export-for-steady-state="true" fixed-sensor="" fullset-stability="false" gid="3260" group="" idds-hardware-name="EMSParm_1260" is-continuous-log="true" is-critical="false" is-enabled="true" logical-id="devEMS" partition="Streaming" quality-ceiling="good" rtd-reference-channel="" signal-id="" subsystem-name="IDDS" subsystem-type="iDDS" topic="ParameterDataSeries">
                    <alarm-limits/>
                </instance>
                <instance name="EMSParm_667" acquisition-rate="10" alternate-name="" calibration-group="" calibration-sensor="" customer-sensor="" data-type="float" deadband="0" description="" display-format="4.2f" display-range-maximum="100" display-range-minimum="0" domain-id="10" engineering-unit="%" export-for-steady-state="true" fixed-sensor="" fullset-stability="false" gid="2667" group="" idds-hardware-name="EMSParm_667" is-continuous-log="true" is-critical="false" is-enabled="true" logical-id="devEMS" partition="Streaming" quality-ceiling="good" rtd-reference-channel="" signal-id="" subsystem-name="IDDS" subsystem-type="iDDS" topic="ParameterDataSeries">
                    <alarm-limits/>
                </instance>
                <instance name="EMSParm_1537" acquisition-rate="10" alternate-name="" calibration-group="" calibration-sensor="" customer-sensor="" data-type="float" deadband="0" description="" display-format="4.2f" display-range-maximum="100" display-range-minimum="0" domain-id="10" engineering-unit="%" export-for-steady-state="true" fixed-sensor="" fullset-stability="false" gid="3537" group="" idds-hardware-name="EMSParm_1537" is-continuous-log="true" is-critical="false" is-enabled="true" logical-id="devEMS" partition="Streaming" quality-ceiling="good" rtd-reference-channel="" signal-id="" subsystem-name="IDDS" subsystem-type="iDDS" topic="ParameterDataSeries">
                    <alarm-limits/>
                </instance>
                <instance name="EMSParm_1573" acquisition-rate="10" alternate-name="" calibration-group="" calibration-sensor="" customer-sensor="" data-type="float" deadband="0" description="" display-format="4.2f" display-range-maximum="100" display-range-minimum="0" domain-id="10" engineering-unit="%" export-for-steady-state="true" fixed-sensor="" fullset-stability="false" gid="3573" group="" idds-hardware-name="EMSParm_1573" is-continuous-log="true" is-critical="false" is-enabled="true" logical-id="devEMS" partition="Streaming" quality-ceiling="good" rtd-reference-channel="" signal-id="" subsystem-name="IDDS" subsystem-type="iDDS" topic="ParameterDataSeries">
                    <alarm-limits/>
                </instance>
                <instance name="EMSParm_461" acquisition-rate="10" alternate-name="" calibration-group="" calibration-sensor="" customer-sensor="" data-type="float" deadband="0" description="" display-format="4.2f" display-range-maximum="100" display-range-minimum="0" domain-id="10" engineering-unit="%" export-for-steady-state="true" fixed-sensor="" fullset-stability="false" gid="2461" group="" idds-hardware-name="EMSParm_461" is-continuous-log="true" is-critical="false" is-enabled="true" logical-id="devEMS" partition="Streaming" quality-ceiling="good" rtd-reference-channel="" signal-id="" subsystem-name="IDDS" subsystem-type="iDDS" topic="ParameterDataSeries">
                    <alarm-limits/>
                </instance>
                <instance name="EMSParm_472" acquisition-rate="10" alternate-name="" calibration-group="" calibration-sensor="" customer-sensor="" data-type="float" deadband="0" description="" display-format="4.2f" display-range-maximum="100" display-range-minimum="0" domain-id="10" engineering-unit="%" export-for-steady-state="true" fixed-sensor="" fullset-stability="false" gid="2472" group="" idds-hardware-name="EMSParm_472" is-continuous-log="true" is-critical="false" is-enabled="true" logical-id="devEMS" partition="Streaming" quality-ceiling="good" rtd-reference-channel="" signal-id="" subsystem-name="IDDS" subsystem-type="iDDS" topic="ParameterDataSeries">
                    <alarm-limits/>
                </instance>
                <instance name="EMSParm_528" acquisition-rate="10" alternate-name="" calibration-group="" calibration-sensor="" customer-sensor="" data-type="float" deadband="0" description="" display-format="4.2f" display-range-maximum="100" display-range-minimum="0" domain-id="10" engineering-unit="%" export-for-steady-state="true" fixed-sensor="" fullset-stability="false" gid="2528" group="" idds-hardware-name="EMSParm_528" is-continuous-log="true" is-critical="false" is-enabled="true" logical-id="devEMS" partition="Streaming" quality-ceiling="good" rtd-reference-channel="" signal-id="" subsystem-name="IDDS" subsystem-type="iDDS" topic="ParameterDataSeries">
                    <alarm-limits/>
                </instance>
                <instance name="EMSParm_1257" acquisition-rate="10" alternate-name="" calibration-group="" calibration-sensor="" customer-sensor="" data-type="float" deadband="0" description="" display-format="4.2f" display-range-maximum="100" display-range-minimum="0" domain-id="10" engineering-unit="%" export-for-steady-state="true" fixed-sensor="" fullset-stability="false" gid="3257" group="" idds-hardware-name="EMSParm_1257" is-continuous-log="true" is-critical="false" is-enabled="true" logical-id="devEMS" partition="Streaming" quality-ceiling="good" rtd-reference-channel="" signal-id="" subsystem-name="IDDS" subsystem-type="iDDS" topic="ParameterDataSeries">
                    <alarm-limits/>
                </instance>
                <instance name="EMSParm_559" acquisition-rate="10" alternate-name="" calibration-group="" calibration-sensor="" customer-sensor="" data-type="float" deadband="0" description="" display-format="4.2f" display-range-maximum="100" display-range-minimum="0" domain-id="10" engineering-unit="%" export-for-steady-state="true" fixed-sensor="" fullset-stability="false" gid="2559" group="" idds-hardware-name="EMSParm_559" is-continuous-log="true" is-critical="false" is-enabled="true" logical-id="devEMS" partition="Streaming" quality-ceiling="good" rtd-reference-channel="" signal-id="" subsystem-name="IDDS" subsystem-type="iDDS" topic="ParameterDataSeries">
                    <alarm-limits/>
                </instance>
                <instance name="EMSParm_1325" acquisition-rate="10" alternate-name="" calibration-group="" calibration-sensor="" customer-sensor="" data-type="float" deadband="0" description="" display-format="4.2f" display-range-maximum="100" display-range-minimum="0" domain-id="10" engineering-unit="%" export-for-steady-state="true" fixed-sensor="" fullset-stability="false" gid="3325" group="" idds-hardware-name="EMSParm_1325" is-continuous-log="true" is-critical="false" is-enabled="true" logical-id="devEMS" partition="Streaming" quality-ceiling="good" rtd-reference-channel="" signal-id="" subsystem-name="IDDS" subsystem-type="iDDS" topic="ParameterDataSeries">
                    <alarm-limits/>
                </instance>
                <instance name="EMSParm_1225" acquisition-rate="10" alternate-name="" calibration-group="" calibration-sensor="" customer-sensor="" data-type="float" deadband="0" description="" display-format="4.2f" display-range-maximum="100" display-range-minimum="0" domain-id="10" engineering-unit="%" export-for-steady-state="true" fixed-sensor="" fullset-stability="false" gid="3225" group="" idds-hardware-name="EMSParm_1225" is-continuous-log="true" is-critical="false" is-enabled="true" logical-id="devEMS" partition="Streaming" quality-ceiling="good" rtd-reference-channel="" signal-id="" subsystem-name="IDDS" subsystem-type="iDDS" topic="ParameterDataSeries">
                    <alarm-limits/>
                </instance>
                <instance name="EMSParm_236" acquisition-rate="10" alternate-name="" calibration-group="" calibration-sensor="" customer-sensor="" data-type="float" deadband="0" description="" display-format="4.2f" display-range-maximum="100" display-range-minimum="0" domain-id="10" engineering-unit="%" export-for-steady-state="true" fixed-sensor="" fullset-stability="false" gid="2236" group="" idds-hardware-name="EMSParm_236" is-continuous-log="true" is-critical="false" is-enabled="true" logical-id="devEMS" partition="Streaming" quality-ceiling="good" rtd-reference-channel="" signal-id="" subsystem-name="IDDS" subsystem-type="iDDS" topic="ParameterDataSeries">
                    <alarm-limits/>
                </instance>
                <instance name="EMSParm_633" acquisition-rate="10" alternate-name="" calibration-group="" calibration-sensor="" customer-sensor="" data-type="float" deadband="0" description="" display-format="4.2f" display-range-maximum="100" display-range-minimum="0" domain-id="10" engineering-unit="%" export-for-steady-state="true" fixed-sensor="" fullset-stability="false" gid="2633" group="" idds-hardware-name="EMSParm_633" is-continuous-log="true" is-critical="false" is-enabled="true" logical-id="devEMS" partition="Streaming" quality-ceiling="good" rtd-reference-channel="" signal-id="" subsystem-name="IDDS" subsystem-type="iDDS" topic="ParameterDataSeries">
                    <alarm-limits/>
                </instance>
                <instance name="EMSParm_629" acquisition-rate="10" alternate-name="" calibration-group="" calibration-sensor="" customer-sensor="" data-type="float" deadband="0" description="" display-format="4.2f" display-range-maximum="100" display-range-minimum="0" domain-id="10" engineering-unit="%" export-for-steady-state="true" fixed-sensor="" fullset-stability="false" gid="2629" group="" idds-hardware-name="EMSParm_629" is-continuous-log="true" is-critical="false" is-enabled="true" logical-id="devEMS" partition="Streaming" quality-ceiling="good" rtd-reference-channel="" signal-id="" subsystem-name="IDDS" subsystem-type="iDDS" topic="ParameterDataSeries">
                    <alarm-limits/>
                </instance>
                <instance name="EMSParm_695" acquisition-rate="10" alternate-name="" calibration-group="" calibration-sensor="" customer-sensor="" data-type="float" deadband="0" description="" display-format="4.2f" display-range-maximum="100" display-range-minimum="0" domain-id="10" engineering-unit="%" export-for-steady-state="true" fixed-sensor="" fullset-stability="false" gid="2695" group="" idds-hardware-name="EMSParm_695" is-continuous-log="true" is-critical="false" is-enabled="true" logical-id="devEMS" partition="Streaming" quality-ceiling="good" rtd-reference-channel="" signal-id="" subsystem-name="IDDS" subsystem-type="iDDS" topic="ParameterDataSeries">
                    <alarm-limits/>
                </instance>
                <instance name="EMSParm_1155" acquisition-rate="10" alternate-name="" calibration-group="" calibration-sensor="" customer-sensor="" data-type="float" deadband="0" description="" display-format="4.2f" display-range-maximum="100" display-range-minimum="0" domain-id="10" engineering-unit="%" export-for-steady-state="true" fixed-sensor="" fullset-stability="false" gid="3155" group="" idds-hardware-name="EMSParm_1155" is-continuous-log="true" is-critical="false" is-enabled="true" logical-id="devEMS" partition="Streaming" quality-ceiling="good" rtd-reference-channel="" signal-id="" subsystem-name="IDDS" subsystem-type="iDDS" topic="ParameterDataSeries">
                    <alarm-limits/>
                </instance>
                <instance name="EMSParm_780" acquisition-rate="10" alternate-name="" calibration-group="" calibration-sensor="" customer-sensor="" data-type="float" deadband="0" description="" display-format="4.2f" display-range-maximum="100" display-range-minimum="0" domain-id="10" engineering-unit="%" export-for-steady-state="true" fixed-sensor="" fullset-stability="false" gid="2780" group="" idds-hardware-name="EMSParm_780" is-continuous-log="true" is-critical="false" is-enabled="true" logical-id="devEMS" partition="Streaming" quality-ceiling="good" rtd-reference-channel="" signal-id="" subsystem-name="IDDS" subsystem-type="iDDS" topic="ParameterDataSeries">
                    <alarm-limits/>
                </instance>
                <instance name="EMSParm_98" acquisition-rate="10" alternate-name="" calibration-group="" calibration-sensor="" customer-sensor="" data-type="float" deadband="0" description="" display-format="4.2f" display-range-maximum="100" display-range-minimum="0" domain-id="10" engineering-unit="%" export-for-steady-state="true" fixed-sensor="" fullset-stability="false" gid="2098" group="" idds-hardware-name="EMSParm_98" is-continuous-log="true" is-critical="false" is-enabled="true" logical-id="devEMS" partition="Streaming" quality-ceiling="good" rtd-reference-channel="" signal-id="" subsystem-name="IDDS" subsystem-type="iDDS" topic="ParameterDataSeries">
                    <alarm-limits/>
                </instance>
                <instance name="EMSParm_961" acquisition-rate="10" alternate-name="" calibration-group="" calibration-sensor="" customer-sensor="" data-type="float" deadband="0" description="" display-format="4.2f" display-range-maximum="100" display-range-minimum="0" domain-id="10" engineering-unit="%" export-for-steady-state="true" fixed-sensor="" fullset-stability="false" gid="2961" group="" idds-hardware-name="EMSParm_961" is-continuous-log="true" is-critical="false" is-enabled="true" logical-id="devEMS" partition="Streaming" quality-ceiling="good" rtd-reference-channel="" signal-id="" subsystem-name="IDDS" subsystem-type="iDDS" topic="ParameterDataSeries">
                    <alarm-limits/>
                </instance>
                <instance name="EMSParm_722" acquisition-rate="10" alternate-name="" calibration-group="" calibration-sensor="" customer-sensor="" data-type="float" deadband="0" description="" display-format="4.2f" display-range-maximum="100" display-range-minimum="0" domain-id="10" engineering-unit="%" export-for-steady-state="true" fixed-sensor="" fullset-stability="false" gid="2722" group="" idds-hardware-name="EMSParm_722" is-continuous-log="true" is-critical="false" is-enabled="true" logical-id="devEMS" partition="Streaming" quality-ceiling="good" rtd-reference-channel="" signal-id="" subsystem-name="IDDS" subsystem-type="iDDS" topic="ParameterDataSeries">
                    <alarm-limits/>
                </instance>
                <instance name="EMSParm_340" acquisition-rate="10" alternate-name="" calibration-group="" calibration-sensor="" customer-sensor="" data-type="float" deadband="0" description="" display-format="4.2f" display-range-maximum="100" display-range-minimum="0" domain-id="10" engineering-unit="%" export-for-steady-state="true" fixed-sensor="" fullset-stability="false" gid="2340" group="" idds-hardware-name="EMSParm_340" is-continuous-log="true" is-critical="false" is-enabled="true" logical-id="devEMS" partition="Streaming" quality-ceiling="good" rtd-reference-channel="" signal-id="" subsystem-name="IDDS" subsystem-type="iDDS" topic="ParameterDataSeries">
                    <alarm-limits/>
                </instance>
                <instance name="EMSParm_940" acquisition-rate="10" alternate-name="" calibration-group="" calibration-sensor="" customer-sensor="" data-type="float" deadband="0" description="" display-format="4.2f" display-range-maximum="100" display-range-minimum="0" domain-id="10" engineering-unit="%" export-for-steady-state="true" fixed-sensor="" fullset-stability="false" gid="2940" group="" idds-hardware-name="EMSParm_940" is-continuous-log="true" is-critical="false" is-enabled="true" logical-id="devEMS" partition="Streaming" quality-ceiling="good" rtd-reference-channel="" signal-id="" subsystem-name="IDDS" subsystem-type="iDDS" topic="ParameterDataSeries">
                    <alarm-limits/>
                </instance>
                <instance name="EMSParm_96" acquisition-rate="10" alternate-name="" calibration-group="" calibration-sensor="" customer-sensor="" data-type="float" deadband="0" description="" display-format="4.2f" display-range-maximum="100" display-range-minimum="0" domain-id="10" engineering-unit="%" export-for-steady-state="true" fixed-sensor="" fullset-stability="false" gid="2096" group="" idds-hardware-name="EMSParm_96" is-continuous-log="true" is-critical="false" is-enabled="true" logical-id="devEMS" partition="Streaming" quality-ceiling="good" rtd-reference-channel="" signal-id="" subsystem-name="IDDS" subsystem-type="iDDS" topic="ParameterDataSeries">
                    <alarm-limits/>
                </instance>
                <instance name="EMSParm_1001" acquisition-rate="10" alternate-name="" calibration-group="" calibration-sensor="" customer-sensor="" data-type="float" deadband="0" description="" display-format="4.2f" display-range-maximum="100" display-range-minimum="0" domain-id="10" engineering-unit="%" export-for-steady-state="true" fixed-sensor="" fullset-stability="false" gid="3001" group="" idds-hardware-name="EMSParm_1001" is-continuous-log="true" is-critical="false" is-enabled="true" logical-id="devEMS" partition="Streaming" quality-ceiling="good" rtd-reference-channel="" signal-id="" subsystem-name="IDDS" subsystem-type="iDDS" topic="ParameterDataSeries">
                    <alarm-limits/>
                </instance>
                <instance name="EMSParm_815" acquisition-rate="10" alternate-name="" calibration-group="" calibration-sensor="" customer-sensor="" data-type="float" deadband="0" description="" display-format="4.2f" display-range-maximum="100" display-range-minimum="0" domain-id="10" engineering-unit="%" export-for-steady-state="true" fixed-sensor="" fullset-stability="false" gid="2815" group="" idds-hardware-name="EMSParm_815" is-continuous-log="true" is-critical="false" is-enabled="true" logical-id="devEMS" partition="Streaming" quality-ceiling="good" rtd-reference-channel="" signal-id="" subsystem-name="IDDS" subsystem-type="iDDS" topic="ParameterDataSeries">
                    <alarm-limits/>
                </instance>
                <instance name="YB1_Ch28" acquisition-rate="1" alternate-name="" calibration-group="" calibration-sensor="" customer-sensor="" data-type="float" deadband="0" description="" display-format="4.2f" display-range-maximum="100" display-range-minimum="0" domain-id="3" engineering-unit="-" export-for-steady-state="true" fixed-sensor="" fullset-stability="false" gid="9028" group="" idds-hardware-name="CH28" is-continuous-log="true" is-critical="false" is-enabled="true" logical-id="rx3036-1" partition="Streaming" quality-ceiling="good" rtd-reference-channel="" signal-id="" subsystem-name="IDDS" subsystem-type="iDDS" topic="ParameterDataSeries">
                    <alarm-limits/>
                </instance>
                <instance name="EMSParm_411" acquisition-rate="10" alternate-name="" calibration-group="" calibration-sensor="" customer-sensor="" data-type="float" deadband="0" description="" display-format="4.2f" display-range-maximum="100" display-range-minimum="0" domain-id="10" engineering-unit="%" export-for-steady-state="true" fixed-sensor="" fullset-stability="false" gid="2411" group="" idds-hardware-name="EMSParm_411" is-continuous-log="true" is-critical="false" is-enabled="true" logical-id="devEMS" partition="Streaming" quality-ceiling="good" rtd-reference-channel="" signal-id="" subsystem-name="IDDS" subsystem-type="iDDS" topic="ParameterDataSeries">
                    <alarm-limits/>
                </instance>
                <instance name="EMSParm_632" acquisition-rate="10" alternate-name="" calibration-group="" calibration-sensor="" customer-sensor="" data-type="float" deadband="0" description="" display-format="4.2f" display-range-maximum="100" display-range-minimum="0" domain-id="10" engineering-unit="%" export-for-steady-state="true" fixed-sensor="" fullset-stability="false" gid="2632" group="" idds-hardware-name="EMSParm_632" is-continuous-log="true" is-critical="false" is-enabled="true" logical-id="devEMS" partition="Streaming" quality-ceiling="good" rtd-reference-channel="" signal-id="" subsystem-name="IDDS" subsystem-type="iDDS" topic="ParameterDataSeries">
                    <alarm-limits/>
                </instance>
                <instance name="EMSParm_281" acquisition-rate="10" alternate-name="" calibration-group="" calibration-sensor="" customer-sensor="" data-type="float" deadband="0" description="" display-format="4.2f" display-range-maximum="100" display-range-minimum="0" domain-id="10" engineering-unit="%" export-for-steady-state="true" fixed-sensor="" fullset-stability="false" gid="2281" group="" idds-hardware-name="EMSParm_281" is-continuous-log="true" is-critical="false" is-enabled="true" logical-id="devEMS" partition="Streaming" quality-ceiling="good" rtd-reference-channel="" signal-id="" subsystem-name="IDDS" subsystem-type="iDDS" topic="ParameterDataSeries">
                    <alarm-limits/>
                </instance>
                <instance name="EMSParm_4" acquisition-rate="10" alternate-name="" calibration-group="" calibration-sensor="" customer-sensor="" data-type="float" deadband="0" description="" display-format="4.2f" display-range-maximum="100" display-range-minimum="0" domain-id="10" engineering-unit="%" export-for-steady-state="true" fixed-sensor="" fullset-stability="false" gid="2004" group="" idds-hardware-name="EMSParm_4" is-continuous-log="true" is-critical="false" is-enabled="true" logical-id="devEMS" partition="Streaming" quality-ceiling="good" rtd-reference-channel="" signal-id="" subsystem-name="IDDS" subsystem-type="iDDS" topic="ParameterDataSeries">
                    <alarm-limits/>
                </instance>
                <instance name="EMSParm_175" acquisition-rate="10" alternate-name="" calibration-group="" calibration-sensor="" customer-sensor="" data-type="float" deadband="0" description="" display-format="4.2f" display-range-maximum="100" display-range-minimum="0" domain-id="10" engineering-unit="%" export-for-steady-state="true" fixed-sensor="" fullset-stability="false" gid="2175" group="" idds-hardware-name="EMSParm_175" is-continuous-log="true" is-critical="false" is-enabled="true" logical-id="devEMS" partition="Streaming" quality-ceiling="good" rtd-reference-channel="" signal-id="" subsystem-name="IDDS" subsystem-type="iDDS" topic="ParameterDataSeries">
                    <alarm-limits/>
                </instance>
                <instance name="EMSParm_121" acquisition-rate="10" alternate-name="" calibration-group="" calibration-sensor="" customer-sensor="" data-type="float" deadband="0" description="" display-format="4.2f" display-range-maximum="100" display-range-minimum="0" domain-id="10" engineering-unit="%" export-for-steady-state="true" fixed-sensor="" fullset-stability="false" gid="2121" group="" idds-hardware-name="EMSParm_121" is-continuous-log="true" is-critical="false" is-enabled="true" logical-id="devEMS" partition="Streaming" quality-ceiling="good" rtd-reference-channel="" signal-id="" subsystem-name="IDDS" subsystem-type="iDDS" topic="ParameterDataSeries">
                    <alarm-limits/>
                </instance>
                <instance name="EMSParm_787" acquisition-rate="10" alternate-name="" calibration-group="" calibration-sensor="" customer-sensor="" data-type="float" deadband="0" description="" display-format="4.2f" display-range-maximum="100" display-range-minimum="0" domain-id="10" engineering-unit="%" export-for-steady-state="true" fixed-sensor="" fullset-stability="false" gid="2787" group="" idds-hardware-name="EMSParm_787" is-continuous-log="true" is-critical="false" is-enabled="true" logical-id="devEMS" partition="Streaming" quality-ceiling="good" rtd-reference-channel="" signal-id="" subsystem-name="IDDS" subsystem-type="iDDS" topic="ParameterDataSeries">
                    <alarm-limits/>
                </instance>
                <instance name="T000028" acquisition-rate="10" alternate-name="" calibration-group="" calibration-sensor="" customer-sensor="" data-type="float" deadband="0" description="" display-format="4.2f" display-range-maximum="100" display-range-minimum="0" domain-id="2" engineering-unit="degC" export-for-steady-state="true" fixed-sensor="" fullset-stability="false" gid="5028" group="" idds-hardware-name="SCUTRDEMO_Ch28" is-continuous-log="true" is-critical="false" is-enabled="true" logical-id="scutrsim" partition="Streaming" quality-ceiling="good" rtd-reference-channel="" signal-id="" subsystem-name="IDDS" subsystem-type="iDDS" topic="ParameterDataSeries">
                    <alarm-limits/>
                </instance>
                <instance name="EMSParm_1398" acquisition-rate="10" alternate-name="" calibration-group="" calibration-sensor="" customer-sensor="" data-type="float" deadband="0" description="" display-format="4.2f" display-range-maximum="100" display-range-minimum="0" domain-id="10" engineering-unit="%" export-for-steady-state="true" fixed-sensor="" fullset-stability="false" gid="3398" group="" idds-hardware-name="EMSParm_1398" is-continuous-log="true" is-critical="false" is-enabled="true" logical-id="devEMS" partition="Streaming" quality-ceiling="good" rtd-reference-channel="" signal-id="" subsystem-name="IDDS" subsystem-type="iDDS" topic="ParameterDataSeries">
                    <alarm-limits/>
                </instance>
                <instance name="EMSParm_992" acquisition-rate="10" alternate-name="" calibration-group="" calibration-sensor="" customer-sensor="" data-type="float" deadband="0" description="" display-format="4.2f" display-range-maximum="100" display-range-minimum="0" domain-id="10" engineering-unit="%" export-for-steady-state="true" fixed-sensor="" fullset-stability="false" gid="2992" group="" idds-hardware-name="EMSParm_992" is-continuous-log="true" is-critical="false" is-enabled="true" logical-id="devEMS" partition="Streaming" quality-ceiling="good" rtd-reference-channel="" signal-id="" subsystem-name="IDDS" subsystem-type="iDDS" topic="ParameterDataSeries">
                    <alarm-limits/>
                </instance>
                <instance name="EMSParm_1446" acquisition-rate="10" alternate-name="" calibration-group="" calibration-sensor="" customer-sensor="" data-type="float" deadband="0" description="" display-format="4.2f" display-range-maximum="100" display-range-minimum="0" domain-id="10" engineering-unit="%" export-for-steady-state="true" fixed-sensor="" fullset-stability="false" gid="3446" group="" idds-hardware-name="EMSParm_1446" is-continuous-log="true" is-critical="false" is-enabled="true" logical-id="devEMS" partition="Streaming" quality-ceiling="good" rtd-reference-channel="" signal-id="" subsystem-name="IDDS" subsystem-type="iDDS" topic="ParameterDataSeries">
                    <alarm-limits/>
                </instance>
                <instance name="EMSParm_473" acquisition-rate="10" alternate-name="" calibration-group="" calibration-sensor="" customer-sensor="" data-type="float" deadband="0" description="" display-format="4.2f" display-range-maximum="100" display-range-minimum="0" domain-id="10" engineering-unit="%" export-for-steady-state="true" fixed-sensor="" fullset-stability="false" gid="2473" group="" idds-hardware-name="EMSParm_473" is-continuous-log="true" is-critical="false" is-enabled="true" logical-id="devEMS" partition="Streaming" quality-ceiling="good" rtd-reference-channel="" signal-id="" subsystem-name="IDDS" subsystem-type="iDDS" topic="ParameterDataSeries">
                    <alarm-limits/>
                </instance>
                <instance name="EMSParm_1524" acquisition-rate="10" alternate-name="" calibration-group="" calibration-sensor="" customer-sensor="" data-type="float" deadband="0" description="" display-format="4.2f" display-range-maximum="100" display-range-minimum="0" domain-id="10" engineering-unit="%" export-for-steady-state="true" fixed-sensor="" fullset-stability="false" gid="3524" group="" idds-hardware-name="EMSParm_1524" is-continuous-log="true" is-critical="false" is-enabled="true" logical-id="devEMS" partition="Streaming" quality-ceiling="good" rtd-reference-channel="" signal-id="" subsystem-name="IDDS" subsystem-type="iDDS" topic="ParameterDataSeries">
                    <alarm-limits/>
                </instance>
                <instance name="EMSParm_682" acquisition-rate="10" alternate-name="" calibration-group="" calibration-sensor="" customer-sensor="" data-type="float" deadband="0" description="" display-format="4.2f" display-range-maximum="100" display-range-minimum="0" domain-id="10" engineering-unit="%" export-for-steady-state="true" fixed-sensor="" fullset-stability="false" gid="2682" group="" idds-hardware-name="EMSParm_682" is-continuous-log="true" is-critical="false" is-enabled="true" logical-id="devEMS" partition="Streaming" quality-ceiling="good" rtd-reference-channel="" signal-id="" subsystem-name="IDDS" subsystem-type="iDDS" topic="ParameterDataSeries">
                    <alarm-limits/>
                </instance>
                <instance name="EMSParm_336" acquisition-rate="10" alternate-name="" calibration-group="" calibration-sensor="" customer-sensor="" data-type="float" deadband="0" description="" display-format="4.2f" display-range-maximum="100" display-range-minimum="0" domain-id="10" engineering-unit="%" export-for-steady-state="true" fixed-sensor="" fullset-stability="false" gid="2336" group="" idds-hardware-name="EMSParm_336" is-continuous-log="true" is-critical="false" is-enabled="true" logical-id="devEMS" partition="Streaming" quality-ceiling="good" rtd-reference-channel="" signal-id="" subsystem-name="IDDS" subsystem-type="iDDS" topic="ParameterDataSeries">
                    <alarm-limits/>
                </instance>
                <instance name="EMSParm_1390" acquisition-rate="10" alternate-name="" calibration-group="" calibration-sensor="" customer-sensor="" data-type="float" deadband="0" description="" display-format="4.2f" display-range-maximum="100" display-range-minimum="0" domain-id="10" engineering-unit="%" export-for-steady-state="true" fixed-sensor="" fullset-stability="false" gid="3390" group="" idds-hardware-name="EMSParm_1390" is-continuous-log="true" is-critical="false" is-enabled="true" logical-id="devEMS" partition="Streaming" quality-ceiling="good" rtd-reference-channel="" signal-id="" subsystem-name="IDDS" subsystem-type="iDDS" topic="ParameterDataSeries">
                    <alarm-limits/>
                </instance>
                <instance name="EMSParm_14" acquisition-rate="10" alternate-name="" calibration-group="" calibration-sensor="" customer-sensor="" data-type="float" deadband="0" description="" display-format="4.2f" display-range-maximum="100" display-range-minimum="0" domain-id="10" engineering-unit="%" export-for-steady-state="true" fixed-sensor="" fullset-stability="false" gid="2014" group="" idds-hardware-name="EMSParm_14" is-continuous-log="true" is-critical="false" is-enabled="true" logical-id="devEMS" partition="Streaming" quality-ceiling="good" rtd-reference-channel="" signal-id="" subsystem-name="IDDS" subsystem-type="iDDS" topic="ParameterDataSeries">
                    <alarm-limits/>
                </instance>
                <instance name="EMSParm_267" acquisition-rate="10" alternate-name="" calibration-group="" calibration-sensor="" customer-sensor="" data-type="float" deadband="0" description="" display-format="4.2f" display-range-maximum="100" display-range-minimum="0" domain-id="10" engineering-unit="%" export-for-steady-state="true" fixed-sensor="" fullset-stability="false" gid="2267" group="" idds-hardware-name="EMSParm_267" is-continuous-log="true" is-critical="false" is-enabled="true" logical-id="devEMS" partition="Streaming" quality-ceiling="good" rtd-reference-channel="" signal-id="" subsystem-name="IDDS" subsystem-type="iDDS" topic="ParameterDataSeries">
                    <alarm-limits/>
                </instance>
                <instance name="EMSParm_343" acquisition-rate="10" alternate-name="" calibration-group="" calibration-sensor="" customer-sensor="" data-type="float" deadband="0" description="" display-format="4.2f" display-range-maximum="100" display-range-minimum="0" domain-id="10" engineering-unit="%" export-for-steady-state="true" fixed-sensor="" fullset-stability="false" gid="2343" group="" idds-hardware-name="EMSParm_343" is-continuous-log="true" is-critical="false" is-enabled="true" logical-id="devEMS" partition="Streaming" quality-ceiling="good" rtd-reference-channel="" signal-id="" subsystem-name="IDDS" subsystem-type="iDDS" topic="ParameterDataSeries">
                    <alarm-limits/>
                </instance>
                <instance name="EMSParm_910" acquisition-rate="10" alternate-name="" calibration-group="" calibration-sensor="" customer-sensor="" data-type="float" deadband="0" description="" display-format="4.2f" display-range-maximum="100" display-range-minimum="0" domain-id="10" engineering-unit="%" export-for-steady-state="true" fixed-sensor="" fullset-stability="false" gid="2910" group="" idds-hardware-name="EMSParm_910" is-continuous-log="true" is-critical="false" is-enabled="true" logical-id="devEMS" partition="Streaming" quality-ceiling="good" rtd-reference-channel="" signal-id="" subsystem-name="IDDS" subsystem-type="iDDS" topic="ParameterDataSeries">
                    <alarm-limits/>
                </instance>
                <instance name="EMSParm_241" acquisition-rate="10" alternate-name="" calibration-group="" calibration-sensor="" customer-sensor="" data-type="float" deadband="0" description="" display-format="4.2f" display-range-maximum="100" display-range-minimum="0" domain-id="10" engineering-unit="%" export-for-steady-state="true" fixed-sensor="" fullset-stability="false" gid="2241" group="" idds-hardware-name="EMSParm_241" is-continuous-log="true" is-critical="false" is-enabled="true" logical-id="devEMS" partition="Streaming" quality-ceiling="good" rtd-reference-channel="" signal-id="" subsystem-name="IDDS" subsystem-type="iDDS" topic="ParameterDataSeries">
                    <alarm-limits/>
                </instance>
                <instance name="EMSParm_373" acquisition-rate="10" alternate-name="" calibration-group="" calibration-sensor="" customer-sensor="" data-type="float" deadband="0" description="" display-format="4.2f" display-range-maximum="100" display-range-minimum="0" domain-id="10" engineering-unit="%" export-for-steady-state="true" fixed-sensor="" fullset-stability="false" gid="2373" group="" idds-hardware-name="EMSParm_373" is-continuous-log="true" is-critical="false" is-enabled="true" logical-id="devEMS" partition="Streaming" quality-ceiling="good" rtd-reference-channel="" signal-id="" subsystem-name="IDDS" subsystem-type="iDDS" topic="ParameterDataSeries">
                    <alarm-limits/>
                </instance>
                <instance name="EMSParm_1329" acquisition-rate="10" alternate-name="" calibration-group="" calibration-sensor="" customer-sensor="" data-type="float" deadband="0" description="" display-format="4.2f" display-range-maximum="100" display-range-minimum="0" domain-id="10" engineering-unit="%" export-for-steady-state="true" fixed-sensor="" fullset-stability="false" gid="3329" group="" idds-hardware-name="EMSParm_1329" is-continuous-log="true" is-critical="false" is-enabled="true" logical-id="devEMS" partition="Streaming" quality-ceiling="good" rtd-reference-channel="" signal-id="" subsystem-name="IDDS" subsystem-type="iDDS" topic="ParameterDataSeries">
                    <alarm-limits/>
                </instance>
                <instance name="EMSParm_379" acquisition-rate="10" alternate-name="" calibration-group="" calibration-sensor="" customer-sensor="" data-type="float" deadband="0" description="" display-format="4.2f" display-range-maximum="100" display-range-minimum="0" domain-id="10" engineering-unit="%" export-for-steady-state="true" fixed-sensor="" fullset-stability="false" gid="2379" group="" idds-hardware-name="EMSParm_379" is-continuous-log="true" is-critical="false" is-enabled="true" logical-id="devEMS" partition="Streaming" quality-ceiling="good" rtd-reference-channel="" signal-id="" subsystem-name="IDDS" subsystem-type="iDDS" topic="ParameterDataSeries">
                    <alarm-limits/>
                </instance>
                <instance name="EMSParm_6" acquisition-rate="10" alternate-name="" calibration-group="" calibration-sensor="" customer-sensor="" data-type="float" deadband="0" description="" display-format="4.2f" display-range-maximum="100" display-range-minimum="0" domain-id="10" engineering-unit="%" export-for-steady-state="true" fixed-sensor="" fullset-stability="false" gid="2006" group="" idds-hardware-name="EMSParm_6" is-continuous-log="true" is-critical="false" is-enabled="true" logical-id="devEMS" partition="Streaming" quality-ceiling="good" rtd-reference-channel="" signal-id="" subsystem-name="IDDS" subsystem-type="iDDS" topic="ParameterDataSeries">
                    <alarm-limits/>
                </instance>
                <instance name="EMSParm_705" acquisition-rate="10" alternate-name="" calibration-group="" calibration-sensor="" customer-sensor="" data-type="float" deadband="0" description="" display-format="4.2f" display-range-maximum="100" display-range-minimum="0" domain-id="10" engineering-unit="%" export-for-steady-state="true" fixed-sensor="" fullset-stability="false" gid="2705" group="" idds-hardware-name="EMSParm_705" is-continuous-log="true" is-critical="false" is-enabled="true" logical-id="devEMS" partition="Streaming" quality-ceiling="good" rtd-reference-channel="" signal-id="" subsystem-name="IDDS" subsystem-type="iDDS" topic="ParameterDataSeries">
                    <alarm-limits/>
                </instance>
                <instance name="EMSParm_974" acquisition-rate="10" alternate-name="" calibration-group="" calibration-sensor="" customer-sensor="" data-type="float" deadband="0" description="" display-format="4.2f" display-range-maximum="100" display-range-minimum="0" domain-id="10" engineering-unit="%" export-for-steady-state="true" fixed-sensor="" fullset-stability="false" gid="2974" group="" idds-hardware-name="EMSParm_974" is-continuous-log="true" is-critical="false" is-enabled="true" logical-id="devEMS" partition="Streaming" quality-ceiling="good" rtd-reference-channel="" signal-id="" subsystem-name="IDDS" subsystem-type="iDDS" topic="ParameterDataSeries">
                    <alarm-limits/>
                </instance>
                <instance name="EMSParm_823" acquisition-rate="10" alternate-name="" calibration-group="" calibration-sensor="" customer-sensor="" data-type="float" deadband="0" description="" display-format="4.2f" display-range-maximum="100" display-range-minimum="0" domain-id="10" engineering-unit="%" export-for-steady-state="true" fixed-sensor="" fullset-stability="false" gid="2823" group="" idds-hardware-name="EMSParm_823" is-continuous-log="true" is-critical="false" is-enabled="true" logical-id="devEMS" partition="Streaming" quality-ceiling="good" rtd-reference-channel="" signal-id="" subsystem-name="IDDS" subsystem-type="iDDS" topic="ParameterDataSeries">
                    <alarm-limits/>
                </instance>
                <instance name="EMSParm_196" acquisition-rate="10" alternate-name="" calibration-group="" calibration-sensor="" customer-sensor="" data-type="float" deadband="0" description="" display-format="4.2f" display-range-maximum="100" display-range-minimum="0" domain-id="10" engineering-unit="%" export-for-steady-state="true" fixed-sensor="" fullset-stability="false" gid="2196" group="" idds-hardware-name="EMSParm_196" is-continuous-log="true" is-critical="false" is-enabled="true" logical-id="devEMS" partition="Streaming" quality-ceiling="good" rtd-reference-channel="" signal-id="" subsystem-name="IDDS" subsystem-type="iDDS" topic="ParameterDataSeries">
                    <alarm-limits/>
                </instance>
                <instance name="T000017" acquisition-rate="10" alternate-name="" calibration-group="" calibration-sensor="" customer-sensor="" data-type="float" deadband="0" description="" display-format="4.2f" display-range-maximum="100" display-range-minimum="0" domain-id="2" engineering-unit="degC" export-for-steady-state="true" fixed-sensor="" fullset-stability="false" gid="5017" group="" idds-hardware-name="SCUTRDEMO_Ch17" is-continuous-log="true" is-critical="false" is-enabled="true" logical-id="scutrsim" partition="Streaming" quality-ceiling="good" rtd-reference-channel="" signal-id="" subsystem-name="IDDS" subsystem-type="iDDS" topic="ParameterDataSeries">
                    <alarm-limits/>
                </instance>
                <instance name="EMSParm_644" acquisition-rate="10" alternate-name="" calibration-group="" calibration-sensor="" customer-sensor="" data-type="float" deadband="0" description="" display-format="4.2f" display-range-maximum="100" display-range-minimum="0" domain-id="10" engineering-unit="%" export-for-steady-state="true" fixed-sensor="" fullset-stability="false" gid="2644" group="" idds-hardware-name="EMSParm_644" is-continuous-log="true" is-critical="false" is-enabled="true" logical-id="devEMS" partition="Streaming" quality-ceiling="good" rtd-reference-channel="" signal-id="" subsystem-name="IDDS" subsystem-type="iDDS" topic="ParameterDataSeries">
                    <alarm-limits/>
                </instance>
                <instance name="EMSParm_299" acquisition-rate="10" alternate-name="" calibration-group="" calibration-sensor="" customer-sensor="" data-type="float" deadband="0" description="" display-format="4.2f" display-range-maximum="100" display-range-minimum="0" domain-id="10" engineering-unit="%" export-for-steady-state="true" fixed-sensor="" fullset-stability="false" gid="2299" group="" idds-hardware-name="EMSParm_299" is-continuous-log="true" is-critical="false" is-enabled="true" logical-id="devEMS" partition="Streaming" quality-ceiling="good" rtd-reference-channel="" signal-id="" subsystem-name="IDDS" subsystem-type="iDDS" topic="ParameterDataSeries">
                    <alarm-limits/>
                </instance>
                <instance name="EMSParm_520" acquisition-rate="10" alternate-name="" calibration-group="" calibration-sensor="" customer-sensor="" data-type="float" deadband="0" description="" display-format="4.2f" display-range-maximum="100" display-range-minimum="0" domain-id="10" engineering-unit="%" export-for-steady-state="true" fixed-sensor="" fullset-stability="false" gid="2520" group="" idds-hardware-name="EMSParm_520" is-continuous-log="true" is-critical="false" is-enabled="true" logical-id="devEMS" partition="Streaming" quality-ceiling="good" rtd-reference-channel="" signal-id="" subsystem-name="IDDS" subsystem-type="iDDS" topic="ParameterDataSeries">
                    <alarm-limits/>
                </instance>
                <instance name="EMSParm_1159" acquisition-rate="10" alternate-name="" calibration-group="" calibration-sensor="" customer-sensor="" data-type="float" deadband="0" description="" display-format="4.2f" display-range-maximum="100" display-range-minimum="0" domain-id="10" engineering-unit="%" export-for-steady-state="true" fixed-sensor="" fullset-stability="false" gid="3159" group="" idds-hardware-name="EMSParm_1159" is-continuous-log="true" is-critical="false" is-enabled="true" logical-id="devEMS" partition="Streaming" quality-ceiling="good" rtd-reference-channel="" signal-id="" subsystem-name="IDDS" subsystem-type="iDDS" topic="ParameterDataSeries">
                    <alarm-limits/>
                </instance>
                <instance name="EMSParm_1097" acquisition-rate="10" alternate-name="" calibration-group="" calibration-sensor="" customer-sensor="" data-type="float" deadband="0" description="" display-format="4.2f" display-range-maximum="100" display-range-minimum="0" domain-id="10" engineering-unit="%" export-for-steady-state="true" fixed-sensor="" fullset-stability="false" gid="3097" group="" idds-hardware-name="EMSParm_1097" is-continuous-log="true" is-critical="false" is-enabled="true" logical-id="devEMS" partition="Streaming" quality-ceiling="good" rtd-reference-channel="" signal-id="" subsystem-name="IDDS" subsystem-type="iDDS" topic="ParameterDataSeries">
                    <alarm-limits/>
                </instance>
                <instance name="EMSParm_1062" acquisition-rate="10" alternate-name="" calibration-group="" calibration-sensor="" customer-sensor="" data-type="float" deadband="0" description="" display-format="4.2f" display-range-maximum="100" display-range-minimum="0" domain-id="10" engineering-unit="%" export-for-steady-state="true" fixed-sensor="" fullset-stability="false" gid="3062" group="" idds-hardware-name="EMSParm_1062" is-continuous-log="true" is-critical="false" is-enabled="true" logical-id="devEMS" partition="Streaming" quality-ceiling="good" rtd-reference-channel="" signal-id="" subsystem-name="IDDS" subsystem-type="iDDS" topic="ParameterDataSeries">
                    <alarm-limits/>
                </instance>
                <instance name="EMSParm_1358" acquisition-rate="10" alternate-name="" calibration-group="" calibration-sensor="" customer-sensor="" data-type="float" deadband="0" description="" display-format="4.2f" display-range-maximum="100" display-range-minimum="0" domain-id="10" engineering-unit="%" export-for-steady-state="true" fixed-sensor="" fullset-stability="false" gid="3358" group="" idds-hardware-name="EMSParm_1358" is-continuous-log="true" is-critical="false" is-enabled="true" logical-id="devEMS" partition="Streaming" quality-ceiling="good" rtd-reference-channel="" signal-id="" subsystem-name="IDDS" subsystem-type="iDDS" topic="ParameterDataSeries">
                    <alarm-limits/>
                </instance>
                <instance name="pb91162ch8" acquisition-rate="1" alternate-name="" calibration-group="" calibration-sensor="" customer-sensor="" data-type="float" deadband="0" description="" display-format="4.2f" display-range-maximum="100" display-range-minimum="0" domain-id="2" engineering-unit="psi" export-for-steady-state="true" fixed-sensor="" fullset-stability="false" gid="-1" group="" idds-hardware-name="" is-continuous-log="true" is-critical="false" is-enabled="true" is-output="false" logical-id="" partition="" pbs-amb-press-channel="" pbs-avg-samples="4" pbs-input-type="pressure" pbs-port="8" pbs-serial-number="PB8793" quality-ceiling="good" rtd-reference-channel="" signal-id="" subsystem-name="PBS" subsystem-type="pbs" topic="">
                    <alarm-limits/>
                </instance>
                <instance name="EMSParm_1048" acquisition-rate="10" alternate-name="" calibration-group="" calibration-sensor="" customer-sensor="" data-type="float" deadband="0" description="" display-format="4.2f" display-range-maximum="100" display-range-minimum="0" domain-id="10" engineering-unit="%" export-for-steady-state="true" fixed-sensor="" fullset-stability="false" gid="3048" group="" idds-hardware-name="EMSParm_1048" is-continuous-log="true" is-critical="false" is-enabled="true" logical-id="devEMS" partition="Streaming" quality-ceiling="good" rtd-reference-channel="" signal-id="" subsystem-name="IDDS" subsystem-type="iDDS" topic="ParameterDataSeries">
                    <alarm-limits/>
                </instance>
                <instance name="EMSParm_1373" acquisition-rate="10" alternate-name="" calibration-group="" calibration-sensor="" customer-sensor="" data-type="float" deadband="0" description="" display-format="4.2f" display-range-maximum="100" display-range-minimum="0" domain-id="10" engineering-unit="%" export-for-steady-state="true" fixed-sensor="" fullset-stability="false" gid="3373" group="" idds-hardware-name="EMSParm_1373" is-continuous-log="true" is-critical="false" is-enabled="true" logical-id="devEMS" partition="Streaming" quality-ceiling="good" rtd-reference-channel="" signal-id="" subsystem-name="IDDS" subsystem-type="iDDS" topic="ParameterDataSeries">
                    <alarm-limits/>
                </instance>
                <instance name="EMSParm_741" acquisition-rate="10" alternate-name="" calibration-group="" calibration-sensor="" customer-sensor="" data-type="float" deadband="0" description="" display-format="4.2f" display-range-maximum="100" display-range-minimum="0" domain-id="10" engineering-unit="%" export-for-steady-state="true" fixed-sensor="" fullset-stability="false" gid="2741" group="" idds-hardware-name="EMSParm_741" is-continuous-log="true" is-critical="false" is-enabled="true" logical-id="devEMS" partition="Streaming" quality-ceiling="good" rtd-reference-channel="" signal-id="" subsystem-name="IDDS" subsystem-type="iDDS" topic="ParameterDataSeries">
                    <alarm-limits/>
                </instance>
                <instance name="EMSParm_1572" acquisition-rate="10" alternate-name="" calibration-group="" calibration-sensor="" customer-sensor="" data-type="float" deadband="0" description="" display-format="4.2f" display-range-maximum="100" display-range-minimum="0" domain-id="10" engineering-unit="%" export-for-steady-state="true" fixed-sensor="" fullset-stability="false" gid="3572" group="" idds-hardware-name="EMSParm_1572" is-continuous-log="true" is-critical="false" is-enabled="true" logical-id="devEMS" partition="Streaming" quality-ceiling="good" rtd-reference-channel="" signal-id="" subsystem-name="IDDS" subsystem-type="iDDS" topic="ParameterDataSeries">
                    <alarm-limits/>
                </instance>
                <instance name="EMSParm_536" acquisition-rate="10" alternate-name="" calibration-group="" calibration-sensor="" customer-sensor="" data-type="float" deadband="0" description="" display-format="4.2f" display-range-maximum="100" display-range-minimum="0" domain-id="10" engineering-unit="%" export-for-steady-state="true" fixed-sensor="" fullset-stability="false" gid="2536" group="" idds-hardware-name="EMSParm_536" is-continuous-log="true" is-critical="false" is-enabled="true" logical-id="devEMS" partition="Streaming" quality-ceiling="good" rtd-reference-channel="" signal-id="" subsystem-name="IDDS" subsystem-type="iDDS" topic="ParameterDataSeries">
                    <alarm-limits/>
                </instance>
                <instance name="EMSParm_598" acquisition-rate="10" alternate-name="" calibration-group="" calibration-sensor="" customer-sensor="" data-type="float" deadband="0" description="" display-format="4.2f" display-range-maximum="100" display-range-minimum="0" domain-id="10" engineering-unit="%" export-for-steady-state="true" fixed-sensor="" fullset-stability="false" gid="2598" group="" idds-hardware-name="EMSParm_598" is-continuous-log="true" is-critical="false" is-enabled="true" logical-id="devEMS" partition="Streaming" quality-ceiling="good" rtd-reference-channel="" signal-id="" subsystem-name="IDDS" subsystem-type="iDDS" topic="ParameterDataSeries">
                    <alarm-limits/>
                </instance>
                <instance name="EMSParm_136" acquisition-rate="10" alternate-name="" calibration-group="" calibration-sensor="" customer-sensor="" data-type="float" deadband="0" description="" display-format="4.2f" display-range-maximum="100" display-range-minimum="0" domain-id="10" engineering-unit="%" export-for-steady-state="true" fixed-sensor="" fullset-stability="false" gid="2136" group="" idds-hardware-name="EMSParm_136" is-continuous-log="true" is-critical="false" is-enabled="true" logical-id="devEMS" partition="Streaming" quality-ceiling="good" rtd-reference-channel="" signal-id="" subsystem-name="IDDS" subsystem-type="iDDS" topic="ParameterDataSeries">
                    <alarm-limits/>
                </instance>
                <instance name="T000052" acquisition-rate="10" alternate-name="" calibration-group="" calibration-sensor="" customer-sensor="" data-type="float" deadband="0" description="" display-format="4.2f" display-range-maximum="100" display-range-minimum="0" domain-id="2" engineering-unit="degC" export-for-steady-state="true" fixed-sensor="" fullset-stability="false" gid="5052" group="" idds-hardware-name="SCUTRDEMO_Ch52" is-continuous-log="true" is-critical="false" is-enabled="true" logical-id="scutrsim" partition="Streaming" quality-ceiling="good" rtd-reference-channel="" signal-id="" subsystem-name="IDDS" subsystem-type="iDDS" topic="ParameterDataSeries">
                    <alarm-limits/>
                </instance>
                <instance name="PurgeEnable" acquisition-rate="1" alternate-name="" calculated-equation="!EngRunning" calculated-persistency="volatile" calibration-group="" calibration-sensor="" customer-sensor="" data-type="boolean" description="" display-format="false/true" domain-id="2" export-for-steady-state="true" fixed-sensor="" fullset-stability="false" gid="-1" group="" idds-hardware-name="" is-continuous-log="true" is-critical="false" is-enabled="true" is-output="false" logical-id="" partition="" quality-ceiling="good" rtd-reference-channel="" signal-id="" subsystem-name="calculated" subsystem-type="calculated" topic="">
                    <alarm-limits/>
                </instance>
                <instance name="EMSParm_24" acquisition-rate="10" alternate-name="" calibration-group="" calibration-sensor="" customer-sensor="" data-type="float" deadband="0" description="" display-format="4.2f" display-range-maximum="100" display-range-minimum="0" domain-id="10" engineering-unit="%" export-for-steady-state="true" fixed-sensor="" fullset-stability="false" gid="2024" group="" idds-hardware-name="EMSParm_24" is-continuous-log="true" is-critical="false" is-enabled="true" logical-id="devEMS" partition="Streaming" quality-ceiling="good" rtd-reference-channel="" signal-id="" subsystem-name="IDDS" subsystem-type="iDDS" topic="ParameterDataSeries">
                    <alarm-limits/>
                </instance>
                <instance name="EMSParm_364" acquisition-rate="10" alternate-name="" calibration-group="" calibration-sensor="" customer-sensor="" data-type="float" deadband="0" description="" display-format="4.2f" display-range-maximum="100" display-range-minimum="0" domain-id="10" engineering-unit="%" export-for-steady-state="true" fixed-sensor="" fullset-stability="false" gid="2364" group="" idds-hardware-name="EMSParm_364" is-continuous-log="true" is-critical="false" is-enabled="true" logical-id="devEMS" partition="Streaming" quality-ceiling="good" rtd-reference-channel="" signal-id="" subsystem-name="IDDS" subsystem-type="iDDS" topic="ParameterDataSeries">
                    <alarm-limits/>
                </instance>
                <instance name="EMSParm_408" acquisition-rate="10" alternate-name="" calibration-group="" calibration-sensor="" customer-sensor="" data-type="float" deadband="0" description="" display-format="4.2f" display-range-maximum="100" display-range-minimum="0" domain-id="10" engineering-unit="%" export-for-steady-state="true" fixed-sensor="" fullset-stability="false" gid="2408" group="" idds-hardware-name="EMSParm_408" is-continuous-log="true" is-critical="false" is-enabled="true" logical-id="devEMS" partition="Streaming" quality-ceiling="good" rtd-reference-channel="" signal-id="" subsystem-name="IDDS" subsystem-type="iDDS" topic="ParameterDataSeries">
                    <alarm-limits/>
                </instance>
                <instance name="EMSParm_515" acquisition-rate="10" alternate-name="" calibration-group="" calibration-sensor="" customer-sensor="" data-type="float" deadband="0" description="" display-format="4.2f" display-range-maximum="100" display-range-minimum="0" domain-id="10" engineering-unit="%" export-for-steady-state="true" fixed-sensor="" fullset-stability="false" gid="2515" group="" idds-hardware-name="EMSParm_515" is-continuous-log="true" is-critical="false" is-enabled="true" logical-id="devEMS" partition="Streaming" quality-ceiling="good" rtd-reference-channel="" signal-id="" subsystem-name="IDDS" subsystem-type="iDDS" topic="ParameterDataSeries">
                    <alarm-limits/>
                </instance>
                <instance name="EMSParm_1273" acquisition-rate="10" alternate-name="" calibration-group="" calibration-sensor="" customer-sensor="" data-type="float" deadband="0" description="" display-format="4.2f" display-range-maximum="100" display-range-minimum="0" domain-id="10" engineering-unit="%" export-for-steady-state="true" fixed-sensor="" fullset-stability="false" gid="3273" group="" idds-hardware-name="EMSParm_1273" is-continuous-log="true" is-critical="false" is-enabled="true" logical-id="devEMS" partition="Streaming" quality-ceiling="good" rtd-reference-channel="" signal-id="" subsystem-name="IDDS" subsystem-type="iDDS" topic="ParameterDataSeries">
                    <alarm-limits/>
                </instance>
                <instance name="EMSParm_210" acquisition-rate="10" alternate-name="" calibration-group="" calibration-sensor="" customer-sensor="" data-type="float" deadband="0" description="" display-format="4.2f" display-range-maximum="100" display-range-minimum="0" domain-id="10" engineering-unit="%" export-for-steady-state="true" fixed-sensor="" fullset-stability="false" gid="2210" group="" idds-hardware-name="EMSParm_210" is-continuous-log="true" is-critical="false" is-enabled="true" logical-id="devEMS" partition="Streaming" quality-ceiling="good" rtd-reference-channel="" signal-id="" subsystem-name="IDDS" subsystem-type="iDDS" topic="ParameterDataSeries">
                    <alarm-limits/>
                </instance>
                <instance name="EMSParm_1565" acquisition-rate="10" alternate-name="" calibration-group="" calibration-sensor="" customer-sensor="" data-type="float" deadband="0" description="" display-format="4.2f" display-range-maximum="100" display-range-minimum="0" domain-id="10" engineering-unit="%" export-for-steady-state="true" fixed-sensor="" fullset-stability="false" gid="3565" group="" idds-hardware-name="EMSParm_1565" is-continuous-log="true" is-critical="false" is-enabled="true" logical-id="devEMS" partition="Streaming" quality-ceiling="good" rtd-reference-channel="" signal-id="" subsystem-name="IDDS" subsystem-type="iDDS" topic="ParameterDataSeries">
                    <alarm-limits/>
                </instance>
                <instance name="EMSParm_831" acquisition-rate="10" alternate-name="" calibration-group="" calibration-sensor="" customer-sensor="" data-type="float" deadband="0" description="" display-format="4.2f" display-range-maximum="100" display-range-minimum="0" domain-id="10" engineering-unit="%" export-for-steady-state="true" fixed-sensor="" fullset-stability="false" gid="2831" group="" idds-hardware-name="EMSParm_831" is-continuous-log="true" is-critical="false" is-enabled="true" logical-id="devEMS" partition="Streaming" quality-ceiling="good" rtd-reference-channel="" signal-id="" subsystem-name="IDDS" subsystem-type="iDDS" topic="ParameterDataSeries">
                    <alarm-limits/>
                </instance>
                <instance name="EMSParm_1533" acquisition-rate="10" alternate-name="" calibration-group="" calibration-sensor="" customer-sensor="" data-type="float" deadband="0" description="" display-format="4.2f" display-range-maximum="100" display-range-minimum="0" domain-id="10" engineering-unit="%" export-for-steady-state="true" fixed-sensor="" fullset-stability="false" gid="3533" group="" idds-hardware-name="EMSParm_1533" is-continuous-log="true" is-critical="false" is-enabled="true" logical-id="devEMS" partition="Streaming" quality-ceiling="good" rtd-reference-channel="" signal-id="" subsystem-name="IDDS" subsystem-type="iDDS" topic="ParameterDataSeries">
                    <alarm-limits/>
                </instance>
                <instance name="YB1_Ch32" acquisition-rate="1" alternate-name="" calibration-group="" calibration-sensor="" customer-sensor="" data-type="float" deadband="0" description="" display-format="4.2f" display-range-maximum="100" display-range-minimum="0" domain-id="3" engineering-unit="-" export-for-steady-state="true" fixed-sensor="" fullset-stability="false" gid="9032" group="" idds-hardware-name="CH32" is-continuous-log="true" is-critical="false" is-enabled="true" logical-id="rx3036-1" partition="Streaming" quality-ceiling="good" rtd-reference-channel="" signal-id="" subsystem-name="IDDS" subsystem-type="iDDS" topic="ParameterDataSeries">
                    <alarm-limits/>
                </instance>
                <instance name="EMSParm_1057" acquisition-rate="10" alternate-name="" calibration-group="" calibration-sensor="" customer-sensor="" data-type="float" deadband="0" description="" display-format="4.2f" display-range-maximum="100" display-range-minimum="0" domain-id="10" engineering-unit="%" export-for-steady-state="true" fixed-sensor="" fullset-stability="false" gid="3057" group="" idds-hardware-name="EMSParm_1057" is-continuous-log="true" is-critical="false" is-enabled="true" logical-id="devEMS" partition="Streaming" quality-ceiling="good" rtd-reference-channel="" signal-id="" subsystem-name="IDDS" subsystem-type="iDDS" topic="ParameterDataSeries">
                    <alarm-limits/>
                </instance>
                <instance name="EMSParm_412" acquisition-rate="10" alternate-name="" calibration-group="" calibration-sensor="" customer-sensor="" data-type="float" deadband="0" description="" display-format="4.2f" display-range-maximum="100" display-range-minimum="0" domain-id="10" engineering-unit="%" export-for-steady-state="true" fixed-sensor="" fullset-stability="false" gid="2412" group="" idds-hardware-name="EMSParm_412" is-continuous-log="true" is-critical="false" is-enabled="true" logical-id="devEMS" partition="Streaming" quality-ceiling="good" rtd-reference-channel="" signal-id="" subsystem-name="IDDS" subsystem-type="iDDS" topic="ParameterDataSeries">
                    <alarm-limits/>
                </instance>
                <instance name="EMSParm_1107" acquisition-rate="10" alternate-name="" calibration-group="" calibration-sensor="" customer-sensor="" data-type="float" deadband="0" description="" display-format="4.2f" display-range-maximum="100" display-range-minimum="0" domain-id="10" engineering-unit="%" export-for-steady-state="true" fixed-sensor="" fullset-stability="false" gid="3107" group="" idds-hardware-name="EMSParm_1107" is-continuous-log="true" is-critical="false" is-enabled="true" logical-id="devEMS" partition="Streaming" quality-ceiling="good" rtd-reference-channel="" signal-id="" subsystem-name="IDDS" subsystem-type="iDDS" topic="ParameterDataSeries">
                    <alarm-limits/>
                </instance>
                <instance name="EMSParm_1133" acquisition-rate="10" alternate-name="" calibration-group="" calibration-sensor="" customer-sensor="" data-type="float" deadband="0" description="" display-format="4.2f" display-range-maximum="100" display-range-minimum="0" domain-id="10" engineering-unit="%" export-for-steady-state="true" fixed-sensor="" fullset-stability="false" gid="3133" group="" idds-hardware-name="EMSParm_1133" is-continuous-log="true" is-critical="false" is-enabled="true" logical-id="devEMS" partition="Streaming" quality-ceiling="good" rtd-reference-channel="" signal-id="" subsystem-name="IDDS" subsystem-type="iDDS" topic="ParameterDataSeries">
                    <alarm-limits/>
                </instance>
                <instance name="EMSParm_68" acquisition-rate="10" alternate-name="" calibration-group="" calibration-sensor="" customer-sensor="" data-type="float" deadband="0" description="" display-format="4.2f" display-range-maximum="100" display-range-minimum="0" domain-id="10" engineering-unit="%" export-for-steady-state="true" fixed-sensor="" fullset-stability="false" gid="2068" group="" idds-hardware-name="EMSParm_68" is-continuous-log="true" is-critical="false" is-enabled="true" logical-id="devEMS" partition="Streaming" quality-ceiling="good" rtd-reference-channel="" signal-id="" subsystem-name="IDDS" subsystem-type="iDDS" topic="ParameterDataSeries">
                    <alarm-limits/>
                </instance>
                <instance name="EMSParm_88" acquisition-rate="10" alternate-name="" calibration-group="" calibration-sensor="" customer-sensor="" data-type="float" deadband="0" description="" display-format="4.2f" display-range-maximum="100" display-range-minimum="0" domain-id="10" engineering-unit="%" export-for-steady-state="true" fixed-sensor="" fullset-stability="false" gid="2088" group="" idds-hardware-name="EMSParm_88" is-continuous-log="true" is-critical="false" is-enabled="true" logical-id="devEMS" partition="Streaming" quality-ceiling="good" rtd-reference-channel="" signal-id="" subsystem-name="IDDS" subsystem-type="iDDS" topic="ParameterDataSeries">
                    <alarm-limits/>
                </instance>
                <instance name="EMSParm_573" acquisition-rate="10" alternate-name="" calibration-group="" calibration-sensor="" customer-sensor="" data-type="float" deadband="0" description="" display-format="4.2f" display-range-maximum="100" display-range-minimum="0" domain-id="10" engineering-unit="%" export-for-steady-state="true" fixed-sensor="" fullset-stability="false" gid="2573" group="" idds-hardware-name="EMSParm_573" is-continuous-log="true" is-critical="false" is-enabled="true" logical-id="devEMS" partition="Streaming" quality-ceiling="good" rtd-reference-channel="" signal-id="" subsystem-name="IDDS" subsystem-type="iDDS" topic="ParameterDataSeries">
                    <alarm-limits/>
                </instance>
                <instance name="EMSParm_1594" acquisition-rate="10" alternate-name="" calibration-group="" calibration-sensor="" customer-sensor="" data-type="float" deadband="0" description="" display-format="4.2f" display-range-maximum="100" display-range-minimum="0" domain-id="10" engineering-unit="%" export-for-steady-state="true" fixed-sensor="" fullset-stability="false" gid="3594" group="" idds-hardware-name="EMSParm_1594" is-continuous-log="true" is-critical="false" is-enabled="true" logical-id="devEMS" partition="Streaming" quality-ceiling="good" rtd-reference-channel="" signal-id="" subsystem-name="IDDS" subsystem-type="iDDS" topic="ParameterDataSeries">
                    <alarm-limits/>
                </instance>
                <instance name="dnaAI00004" acquisition-rate="200" alternate-name="" calibration-group="" calibration-sensor="" customer-sensor="" data-type="float" deadband="0" description="Input channel 2" display-format="4.2f" display-range-maximum="100" display-range-minimum="0" domain-id="3" engineering-unit="V" export-for-steady-state="true" fixed-sensor="" fullset-stability="false" gid="220" group="" idds-hardware-name="dev01/ch00004" is-continuous-log="true" is-critical="false" is-enabled="true" logical-id="devCube999" partition="Streaming" quality-ceiling="good" rtd-reference-channel="" signal-id="" subsystem-name="IDDS" subsystem-type="iDDS" topic="ParameterDataValue">
                    <alarm-limits/>
                </instance>
                <instance name="EMSParm_911" acquisition-rate="10" alternate-name="" calibration-group="" calibration-sensor="" customer-sensor="" data-type="float" deadband="0" description="" display-format="4.2f" display-range-maximum="100" display-range-minimum="0" domain-id="10" engineering-unit="%" export-for-steady-state="true" fixed-sensor="" fullset-stability="false" gid="2911" group="" idds-hardware-name="EMSParm_911" is-continuous-log="true" is-critical="false" is-enabled="true" logical-id="devEMS" partition="Streaming" quality-ceiling="good" rtd-reference-channel="" signal-id="" subsystem-name="IDDS" subsystem-type="iDDS" topic="ParameterDataSeries">
                    <alarm-limits/>
                </instance>
                <instance name="EMSParm_1270" acquisition-rate="10" alternate-name="" calibration-group="" calibration-sensor="" customer-sensor="" data-type="float" deadband="0" description="" display-format="4.2f" display-range-maximum="100" display-range-minimum="0" domain-id="10" engineering-unit="%" export-for-steady-state="true" fixed-sensor="" fullset-stability="false" gid="3270" group="" idds-hardware-name="EMSParm_1270" is-continuous-log="true" is-critical="false" is-enabled="true" logical-id="devEMS" partition="Streaming" quality-ceiling="good" rtd-reference-channel="" signal-id="" subsystem-name="IDDS" subsystem-type="iDDS" topic="ParameterDataSeries">
                    <alarm-limits/>
                </instance>
                <instance name="EMSParm_131" acquisition-rate="10" alternate-name="" calibration-group="" calibration-sensor="" customer-sensor="" data-type="float" deadband="0" description="" display-format="4.2f" display-range-maximum="100" display-range-minimum="0" domain-id="10" engineering-unit="%" export-for-steady-state="true" fixed-sensor="" fullset-stability="false" gid="2131" group="" idds-hardware-name="EMSParm_131" is-continuous-log="true" is-critical="false" is-enabled="true" logical-id="devEMS" partition="Streaming" quality-ceiling="good" rtd-reference-channel="" signal-id="" subsystem-name="IDDS" subsystem-type="iDDS" topic="ParameterDataSeries">
                    <alarm-limits/>
                </instance>
                <instance name="EMSParm_1567" acquisition-rate="10" alternate-name="" calibration-group="" calibration-sensor="" customer-sensor="" data-type="float" deadband="0" description="" display-format="4.2f" display-range-maximum="100" display-range-minimum="0" domain-id="10" engineering-unit="%" export-for-steady-state="true" fixed-sensor="" fullset-stability="false" gid="3567" group="" idds-hardware-name="EMSParm_1567" is-continuous-log="true" is-critical="false" is-enabled="true" logical-id="devEMS" partition="Streaming" quality-ceiling="good" rtd-reference-channel="" signal-id="" subsystem-name="IDDS" subsystem-type="iDDS" topic="ParameterDataSeries">
                    <alarm-limits/>
                </instance>
                <instance name="EMSParm_361" acquisition-rate="10" alternate-name="" calibration-group="" calibration-sensor="" customer-sensor="" data-type="float" deadband="0" description="" display-format="4.2f" display-range-maximum="100" display-range-minimum="0" domain-id="10" engineering-unit="%" export-for-steady-state="true" fixed-sensor="" fullset-stability="false" gid="2361" group="" idds-hardware-name="EMSParm_361" is-continuous-log="true" is-critical="false" is-enabled="true" logical-id="devEMS" partition="Streaming" quality-ceiling="good" rtd-reference-channel="" signal-id="" subsystem-name="IDDS" subsystem-type="iDDS" topic="ParameterDataSeries">
                    <alarm-limits/>
                </instance>
                <instance name="EMSParm_1125" acquisition-rate="10" alternate-name="" calibration-group="" calibration-sensor="" customer-sensor="" data-type="float" deadband="0" description="" display-format="4.2f" display-range-maximum="100" display-range-minimum="0" domain-id="10" engineering-unit="%" export-for-steady-state="true" fixed-sensor="" fullset-stability="false" gid="3125" group="" idds-hardware-name="EMSParm_1125" is-continuous-log="true" is-critical="false" is-enabled="true" logical-id="devEMS" partition="Streaming" quality-ceiling="good" rtd-reference-channel="" signal-id="" subsystem-name="IDDS" subsystem-type="iDDS" topic="ParameterDataSeries">
                    <alarm-limits/>
                </instance>
                <instance name="TRRecNo" acquisition-rate="0" alternate-name="" calculated-equation="0.0" calculated-persistency="test" calibration-group="" calibration-sensor="" customer-sensor="" data-type="float" deadband="0" description="Transient Recording Number" display-format="4.2f" display-range-maximum="100" display-range-minimum="0" domain-id="2" engineering-unit="-" export-for-steady-state="true" fixed-sensor="" fullset-stability="false" gid="-1" group="" idds-hardware-name="" is-continuous-log="true" is-critical="false" is-enabled="true" is-output="false" logical-id="" partition="" quality-ceiling="good" rtd-reference-channel="" signal-id="" subsystem-name="calculated" subsystem-type="calculated" topic="">
                    <alarm-limits/>
                </instance>
                <instance name="EMSParm_533" acquisition-rate="10" alternate-name="" calibration-group="" calibration-sensor="" customer-sensor="" data-type="float" deadband="0" description="" display-format="4.2f" display-range-maximum="100" display-range-minimum="0" domain-id="10" engineering-unit="%" export-for-steady-state="true" fixed-sensor="" fullset-stability="false" gid="2533" group="" idds-hardware-name="EMSParm_533" is-continuous-log="true" is-critical="false" is-enabled="true" logical-id="devEMS" partition="Streaming" quality-ceiling="good" rtd-reference-channel="" signal-id="" subsystem-name="IDDS" subsystem-type="iDDS" topic="ParameterDataSeries">
                    <alarm-limits/>
                </instance>
                <instance name="EMSParm_1380" acquisition-rate="10" alternate-name="" calibration-group="" calibration-sensor="" customer-sensor="" data-type="float" deadband="0" description="" display-format="4.2f" display-range-maximum="100" display-range-minimum="0" domain-id="10" engineering-unit="%" export-for-steady-state="true" fixed-sensor="" fullset-stability="false" gid="3380" group="" idds-hardware-name="EMSParm_1380" is-continuous-log="true" is-critical="false" is-enabled="true" logical-id="devEMS" partition="Streaming" quality-ceiling="good" rtd-reference-channel="" signal-id="" subsystem-name="IDDS" subsystem-type="iDDS" topic="ParameterDataSeries">
                    <alarm-limits/>
                </instance>
                <instance name="EMSParm_474" acquisition-rate="10" alternate-name="" calibration-group="" calibration-sensor="" customer-sensor="" data-type="float" deadband="0" description="" display-format="4.2f" display-range-maximum="100" display-range-minimum="0" domain-id="10" engineering-unit="%" export-for-steady-state="true" fixed-sensor="" fullset-stability="false" gid="2474" group="" idds-hardware-name="EMSParm_474" is-continuous-log="true" is-critical="false" is-enabled="true" logical-id="devEMS" partition="Streaming" quality-ceiling="good" rtd-reference-channel="" signal-id="" subsystem-name="IDDS" subsystem-type="iDDS" topic="ParameterDataSeries">
                    <alarm-limits/>
                </instance>
                <instance name="EMSParm_732" acquisition-rate="10" alternate-name="" calibration-group="" calibration-sensor="" customer-sensor="" data-type="float" deadband="0" description="" display-format="4.2f" display-range-maximum="100" display-range-minimum="0" domain-id="10" engineering-unit="%" export-for-steady-state="true" fixed-sensor="" fullset-stability="false" gid="2732" group="" idds-hardware-name="EMSParm_732" is-continuous-log="true" is-critical="false" is-enabled="true" logical-id="devEMS" partition="Streaming" quality-ceiling="good" rtd-reference-channel="" signal-id="" subsystem-name="IDDS" subsystem-type="iDDS" topic="ParameterDataSeries">
                    <alarm-limits/>
                </instance>
                <instance name="EMSParm_1237" acquisition-rate="10" alternate-name="" calibration-group="" calibration-sensor="" customer-sensor="" data-type="float" deadband="0" description="" display-format="4.2f" display-range-maximum="100" display-range-minimum="0" domain-id="10" engineering-unit="%" export-for-steady-state="true" fixed-sensor="" fullset-stability="false" gid="3237" group="" idds-hardware-name="EMSParm_1237" is-continuous-log="true" is-critical="false" is-enabled="true" logical-id="devEMS" partition="Streaming" quality-ceiling="good" rtd-reference-channel="" signal-id="" subsystem-name="IDDS" subsystem-type="iDDS" topic="ParameterDataSeries">
                    <alarm-limits/>
                </instance>
                <instance name="EMSParm_463" acquisition-rate="10" alternate-name="" calibration-group="" calibration-sensor="" customer-sensor="" data-type="float" deadband="0" description="" display-format="4.2f" display-range-maximum="100" display-range-minimum="0" domain-id="10" engineering-unit="%" export-for-steady-state="true" fixed-sensor="" fullset-stability="false" gid="2463" group="" idds-hardware-name="EMSParm_463" is-continuous-log="true" is-critical="false" is-enabled="true" logical-id="devEMS" partition="Streaming" quality-ceiling="good" rtd-reference-channel="" signal-id="" subsystem-name="IDDS" subsystem-type="iDDS" topic="ParameterDataSeries">
                    <alarm-limits/>
                </instance>
                <instance name="EMSParm_172" acquisition-rate="10" alternate-name="" calibration-group="" calibration-sensor="" customer-sensor="" data-type="float" deadband="0" description="" display-format="4.2f" display-range-maximum="100" display-range-minimum="0" domain-id="10" engineering-unit="%" export-for-steady-state="true" fixed-sensor="" fullset-stability="false" gid="2172" group="" idds-hardware-name="EMSParm_172" is-continuous-log="true" is-critical="false" is-enabled="true" logical-id="devEMS" partition="Streaming" quality-ceiling="good" rtd-reference-channel="" signal-id="" subsystem-name="IDDS" subsystem-type="iDDS" topic="ParameterDataSeries">
                    <alarm-limits/>
                </instance>
                <instance name="EMSParm_639" acquisition-rate="10" alternate-name="" calibration-group="" calibration-sensor="" customer-sensor="" data-type="float" deadband="0" description="" display-format="4.2f" display-range-maximum="100" display-range-minimum="0" domain-id="10" engineering-unit="%" export-for-steady-state="true" fixed-sensor="" fullset-stability="false" gid="2639" group="" idds-hardware-name="EMSParm_639" is-continuous-log="true" is-critical="false" is-enabled="true" logical-id="devEMS" partition="Streaming" quality-ceiling="good" rtd-reference-channel="" signal-id="" subsystem-name="IDDS" subsystem-type="iDDS" topic="ParameterDataSeries">
                    <alarm-limits/>
                </instance>
                <instance name="EMSParm_542" acquisition-rate="10" alternate-name="" calibration-group="" calibration-sensor="" customer-sensor="" data-type="float" deadband="0" description="" display-format="4.2f" display-range-maximum="100" display-range-minimum="0" domain-id="10" engineering-unit="%" export-for-steady-state="true" fixed-sensor="" fullset-stability="false" gid="2542" group="" idds-hardware-name="EMSParm_542" is-continuous-log="true" is-critical="false" is-enabled="true" logical-id="devEMS" partition="Streaming" quality-ceiling="good" rtd-reference-channel="" signal-id="" subsystem-name="IDDS" subsystem-type="iDDS" topic="ParameterDataSeries">
                    <alarm-limits/>
                </instance>
                <instance name="EMSParm_1528" acquisition-rate="10" alternate-name="" calibration-group="" calibration-sensor="" customer-sensor="" data-type="float" deadband="0" description="" display-format="4.2f" display-range-maximum="100" display-range-minimum="0" domain-id="10" engineering-unit="%" export-for-steady-state="true" fixed-sensor="" fullset-stability="false" gid="3528" group="" idds-hardware-name="EMSParm_1528" is-continuous-log="true" is-critical="false" is-enabled="true" logical-id="devEMS" partition="Streaming" quality-ceiling="good" rtd-reference-channel="" signal-id="" subsystem-name="IDDS" subsystem-type="iDDS" topic="ParameterDataSeries">
                    <alarm-limits/>
                </instance>
                <instance name="EMSParm_1519" acquisition-rate="10" alternate-name="" calibration-group="" calibration-sensor="" customer-sensor="" data-type="float" deadband="0" description="" display-format="4.2f" display-range-maximum="100" display-range-minimum="0" domain-id="10" engineering-unit="%" export-for-steady-state="true" fixed-sensor="" fullset-stability="false" gid="3519" group="" idds-hardware-name="EMSParm_1519" is-continuous-log="true" is-critical="false" is-enabled="true" logical-id="devEMS" partition="Streaming" quality-ceiling="good" rtd-reference-channel="" signal-id="" subsystem-name="IDDS" subsystem-type="iDDS" topic="ParameterDataSeries">
                    <alarm-limits/>
                </instance>
                <instance name="EMSParm_468" acquisition-rate="10" alternate-name="" calibration-group="" calibration-sensor="" customer-sensor="" data-type="float" deadband="0" description="" display-format="4.2f" display-range-maximum="100" display-range-minimum="0" domain-id="10" engineering-unit="%" export-for-steady-state="true" fixed-sensor="" fullset-stability="false" gid="2468" group="" idds-hardware-name="EMSParm_468" is-continuous-log="true" is-critical="false" is-enabled="true" logical-id="devEMS" partition="Streaming" quality-ceiling="good" rtd-reference-channel="" signal-id="" subsystem-name="IDDS" subsystem-type="iDDS" topic="ParameterDataSeries">
                    <alarm-limits/>
                </instance>
                <instance name="EMSParm_20" acquisition-rate="10" alternate-name="" calibration-group="" calibration-sensor="" customer-sensor="" data-type="float" deadband="0" description="" display-format="4.2f" display-range-maximum="100" display-range-minimum="0" domain-id="10" engineering-unit="%" export-for-steady-state="true" fixed-sensor="" fullset-stability="false" gid="2020" group="" idds-hardware-name="EMSParm_20" is-continuous-log="true" is-critical="false" is-enabled="true" logical-id="devEMS" partition="Streaming" quality-ceiling="good" rtd-reference-channel="" signal-id="" subsystem-name="IDDS" subsystem-type="iDDS" topic="ParameterDataSeries">
                    <alarm-limits/>
                </instance>
                <instance name="EMSParm_637" acquisition-rate="10" alternate-name="" calibration-group="" calibration-sensor="" customer-sensor="" data-type="float" deadband="0" description="" display-format="4.2f" display-range-maximum="100" display-range-minimum="0" domain-id="10" engineering-unit="%" export-for-steady-state="true" fixed-sensor="" fullset-stability="false" gid="2637" group="" idds-hardware-name="EMSParm_637" is-continuous-log="true" is-critical="false" is-enabled="true" logical-id="devEMS" partition="Streaming" quality-ceiling="good" rtd-reference-channel="" signal-id="" subsystem-name="IDDS" subsystem-type="iDDS" topic="ParameterDataSeries">
                    <alarm-limits/>
                </instance>
                <instance name="EMSParm_1105" acquisition-rate="10" alternate-name="" calibration-group="" calibration-sensor="" customer-sensor="" data-type="float" deadband="0" description="" display-format="4.2f" display-range-maximum="100" display-range-minimum="0" domain-id="10" engineering-unit="%" export-for-steady-state="true" fixed-sensor="" fullset-stability="false" gid="3105" group="" idds-hardware-name="EMSParm_1105" is-continuous-log="true" is-critical="false" is-enabled="true" logical-id="devEMS" partition="Streaming" quality-ceiling="good" rtd-reference-channel="" signal-id="" subsystem-name="IDDS" subsystem-type="iDDS" topic="ParameterDataSeries">
                    <alarm-limits/>
                </instance>
                <instance name="EMSParm_1545" acquisition-rate="10" alternate-name="" calibration-group="" calibration-sensor="" customer-sensor="" data-type="float" deadband="0" description="" display-format="4.2f" display-range-maximum="100" display-range-minimum="0" domain-id="10" engineering-unit="%" export-for-steady-state="true" fixed-sensor="" fullset-stability="false" gid="3545" group="" idds-hardware-name="EMSParm_1545" is-continuous-log="true" is-critical="false" is-enabled="true" logical-id="devEMS" partition="Streaming" quality-ceiling="good" rtd-reference-channel="" signal-id="" subsystem-name="IDDS" subsystem-type="iDDS" topic="ParameterDataSeries">
                    <alarm-limits/>
                </instance>
                <instance name="T000044" acquisition-rate="10" alternate-name="" calibration-group="" calibration-sensor="" customer-sensor="" data-type="float" deadband="0" description="" display-format="4.2f" display-range-maximum="100" display-range-minimum="0" domain-id="2" engineering-unit="degC" export-for-steady-state="true" fixed-sensor="" fullset-stability="false" gid="5044" group="" idds-hardware-name="SCUTRDEMO_Ch44" is-continuous-log="true" is-critical="false" is-enabled="true" logical-id="scutrsim" partition="Streaming" quality-ceiling="good" rtd-reference-channel="" signal-id="" subsystem-name="IDDS" subsystem-type="iDDS" topic="ParameterDataSeries">
                    <alarm-limits/>
                </instance>
                <instance name="EMSParm_269" acquisition-rate="10" alternate-name="" calibration-group="" calibration-sensor="" customer-sensor="" data-type="float" deadband="0" description="" display-format="4.2f" display-range-maximum="100" display-range-minimum="0" domain-id="10" engineering-unit="%" export-for-steady-state="true" fixed-sensor="" fullset-stability="false" gid="2269" group="" idds-hardware-name="EMSParm_269" is-continuous-log="true" is-critical="false" is-enabled="true" logical-id="devEMS" partition="Streaming" quality-ceiling="good" rtd-reference-channel="" signal-id="" subsystem-name="IDDS" subsystem-type="iDDS" topic="ParameterDataSeries">
                    <alarm-limits/>
                </instance>
                <instance name="EMSParm_1569" acquisition-rate="10" alternate-name="" calibration-group="" calibration-sensor="" customer-sensor="" data-type="float" deadband="0" description="" display-format="4.2f" display-range-maximum="100" display-range-minimum="0" domain-id="10" engineering-unit="%" export-for-steady-state="true" fixed-sensor="" fullset-stability="false" gid="3569" group="" idds-hardware-name="EMSParm_1569" is-continuous-log="true" is-critical="false" is-enabled="true" logical-id="devEMS" partition="Streaming" quality-ceiling="good" rtd-reference-channel="" signal-id="" subsystem-name="IDDS" subsystem-type="iDDS" topic="ParameterDataSeries">
                    <alarm-limits/>
                </instance>
                <instance name="EMSParm_36" acquisition-rate="10" alternate-name="" calibration-group="" calibration-sensor="" customer-sensor="" data-type="float" deadband="0" description="" display-format="4.2f" display-range-maximum="100" display-range-minimum="0" domain-id="10" engineering-unit="%" export-for-steady-state="true" fixed-sensor="" fullset-stability="false" gid="2036" group="" idds-hardware-name="EMSParm_36" is-continuous-log="true" is-critical="false" is-enabled="true" logical-id="devEMS" partition="Streaming" quality-ceiling="good" rtd-reference-channel="" signal-id="" subsystem-name="IDDS" subsystem-type="iDDS" topic="ParameterDataSeries">
                    <alarm-limits/>
                </instance>
                <instance name="EMSParm_124" acquisition-rate="10" alternate-name="" calibration-group="" calibration-sensor="" customer-sensor="" data-type="float" deadband="0" description="" display-format="4.2f" display-range-maximum="100" display-range-minimum="0" domain-id="10" engineering-unit="%" export-for-steady-state="true" fixed-sensor="" fullset-stability="false" gid="2124" group="" idds-hardware-name="EMSParm_124" is-continuous-log="true" is-critical="false" is-enabled="true" logical-id="devEMS" partition="Streaming" quality-ceiling="good" rtd-reference-channel="" signal-id="" subsystem-name="IDDS" subsystem-type="iDDS" topic="ParameterDataSeries">
                    <alarm-limits/>
                </instance>
                <instance name="EMSParm_413" acquisition-rate="10" alternate-name="" calibration-group="" calibration-sensor="" customer-sensor="" data-type="float" deadband="0" description="" display-format="4.2f" display-range-maximum="100" display-range-minimum="0" domain-id="10" engineering-unit="%" export-for-steady-state="true" fixed-sensor="" fullset-stability="false" gid="2413" group="" idds-hardware-name="EMSParm_413" is-continuous-log="true" is-critical="false" is-enabled="true" logical-id="devEMS" partition="Streaming" quality-ceiling="good" rtd-reference-channel="" signal-id="" subsystem-name="IDDS" subsystem-type="iDDS" topic="ParameterDataSeries">
                    <alarm-limits/>
                </instance>
                <instance name="calcSin" acquisition-rate="10" alternate-name="" calculated-equation="sin(Second*3.14/180)" calculated-persistency="volatile" calibration-group="" calibration-sensor="" customer-sensor="" data-type="float" deadband="0" description="" display-format="4.2f" display-range-maximum="100" display-range-minimum="0" domain-id="4" engineering-unit="V" export-for-steady-state="true" fixed-sensor="" fullset-stability="false" gid="6001" group="" idds-hardware-name="calcSin" is-continuous-log="true" is-critical="false" is-enabled="true" is-output="false" logical-id="RTE" partition="Streaming" quality-ceiling="good" rtd-reference-channel="" signal-id="" subsystem-name="calculated" subsystem-type="calculated" topic="ParameterDataValue">
                    <alarm-limits/>
                </instance>
                <instance name="EMSParm_665" acquisition-rate="10" alternate-name="" calibration-group="" calibration-sensor="" customer-sensor="" data-type="float" deadband="0" description="" display-format="4.2f" display-range-maximum="100" display-range-minimum="0" domain-id="10" engineering-unit="%" export-for-steady-state="true" fixed-sensor="" fullset-stability="false" gid="2665" group="" idds-hardware-name="EMSParm_665" is-continuous-log="true" is-critical="false" is-enabled="true" logical-id="devEMS" partition="Streaming" quality-ceiling="good" rtd-reference-channel="" signal-id="" subsystem-name="IDDS" subsystem-type="iDDS" topic="ParameterDataSeries">
                    <alarm-limits/>
                </instance>
                <instance name="pb91162ch5" acquisition-rate="1" alternate-name="" calibration-group="" calibration-sensor="" customer-sensor="" data-type="float" deadband="0" description="" display-format="4.2f" display-range-maximum="100" display-range-minimum="0" domain-id="2" engineering-unit="psi" export-for-steady-state="true" fixed-sensor="" fullset-stability="false" gid="-1" group="" idds-hardware-name="" is-continuous-log="true" is-critical="false" is-enabled="true" is-output="false" logical-id="" partition="" pbs-amb-press-channel="" pbs-avg-samples="4" pbs-input-type="pressure" pbs-port="5" pbs-serial-number="PB8793" quality-ceiling="good" rtd-reference-channel="" signal-id="" subsystem-name="PBS" subsystem-type="pbs" topic="">
                    <alarm-limits/>
                </instance>
                <instance name="EMSParm_944" acquisition-rate="10" alternate-name="" calibration-group="" calibration-sensor="" customer-sensor="" data-type="float" deadband="0" description="" display-format="4.2f" display-range-maximum="100" display-range-minimum="0" domain-id="10" engineering-unit="%" export-for-steady-state="true" fixed-sensor="" fullset-stability="false" gid="2944" group="" idds-hardware-name="EMSParm_944" is-continuous-log="true" is-critical="false" is-enabled="true" logical-id="devEMS" partition="Streaming" quality-ceiling="good" rtd-reference-channel="" signal-id="" subsystem-name="IDDS" subsystem-type="iDDS" topic="ParameterDataSeries">
                    <alarm-limits/>
                </instance>
                <instance name="EMSParm_1219" acquisition-rate="10" alternate-name="" calibration-group="" calibration-sensor="" customer-sensor="" data-type="float" deadband="0" description="" display-format="4.2f" display-range-maximum="100" display-range-minimum="0" domain-id="10" engineering-unit="%" export-for-steady-state="true" fixed-sensor="" fullset-stability="false" gid="3219" group="" idds-hardware-name="EMSParm_1219" is-continuous-log="true" is-critical="false" is-enabled="true" logical-id="devEMS" partition="Streaming" quality-ceiling="good" rtd-reference-channel="" signal-id="" subsystem-name="IDDS" subsystem-type="iDDS" topic="ParameterDataSeries">
                    <alarm-limits/>
                </instance>
                <instance name="EMSParm_1459" acquisition-rate="10" alternate-name="" calibration-group="" calibration-sensor="" customer-sensor="" data-type="float" deadband="0" description="" display-format="4.2f" display-range-maximum="100" display-range-minimum="0" domain-id="10" engineering-unit="%" export-for-steady-state="true" fixed-sensor="" fullset-stability="false" gid="3459" group="" idds-hardware-name="EMSParm_1459" is-continuous-log="true" is-critical="false" is-enabled="true" logical-id="devEMS" partition="Streaming" quality-ceiling="good" rtd-reference-channel="" signal-id="" subsystem-name="IDDS" subsystem-type="iDDS" topic="ParameterDataSeries">
                    <alarm-limits/>
                </instance>
                <instance name="EMSParm_725" acquisition-rate="10" alternate-name="" calibration-group="" calibration-sensor="" customer-sensor="" data-type="float" deadband="0" description="" display-format="4.2f" display-range-maximum="100" display-range-minimum="0" domain-id="10" engineering-unit="%" export-for-steady-state="true" fixed-sensor="" fullset-stability="false" gid="2725" group="" idds-hardware-name="EMSParm_725" is-continuous-log="true" is-critical="false" is-enabled="true" logical-id="devEMS" partition="Streaming" quality-ceiling="good" rtd-reference-channel="" signal-id="" subsystem-name="IDDS" subsystem-type="iDDS" topic="ParameterDataSeries">
                    <alarm-limits/>
                </instance>
                <instance name="YB1_Ch29" acquisition-rate="1" alternate-name="" calibration-group="" calibration-sensor="" customer-sensor="" data-type="float" deadband="0" description="" display-format="4.2f" display-range-maximum="100" display-range-minimum="0" domain-id="3" engineering-unit="-" export-for-steady-state="true" fixed-sensor="" fullset-stability="false" gid="9029" group="" idds-hardware-name="CH29" is-continuous-log="true" is-critical="false" is-enabled="true" logical-id="rx3036-1" partition="Streaming" quality-ceiling="good" rtd-reference-channel="" signal-id="" subsystem-name="IDDS" subsystem-type="iDDS" topic="ParameterDataSeries">
                    <alarm-limits/>
                </instance>
                <instance name="EMSParm_643" acquisition-rate="10" alternate-name="" calibration-group="" calibration-sensor="" customer-sensor="" data-type="float" deadband="0" description="" display-format="4.2f" display-range-maximum="100" display-range-minimum="0" domain-id="10" engineering-unit="%" export-for-steady-state="true" fixed-sensor="" fullset-stability="false" gid="2643" group="" idds-hardware-name="EMSParm_643" is-continuous-log="true" is-critical="false" is-enabled="true" logical-id="devEMS" partition="Streaming" quality-ceiling="good" rtd-reference-channel="" signal-id="" subsystem-name="IDDS" subsystem-type="iDDS" topic="ParameterDataSeries">
                    <alarm-limits/>
                </instance>
                <instance name="EMSParm_439" acquisition-rate="10" alternate-name="" calibration-group="" calibration-sensor="" customer-sensor="" data-type="float" deadband="0" description="" display-format="4.2f" display-range-maximum="100" display-range-minimum="0" domain-id="10" engineering-unit="%" export-for-steady-state="true" fixed-sensor="" fullset-stability="false" gid="2439" group="" idds-hardware-name="EMSParm_439" is-continuous-log="true" is-critical="false" is-enabled="true" logical-id="devEMS" partition="Streaming" quality-ceiling="good" rtd-reference-channel="" signal-id="" subsystem-name="IDDS" subsystem-type="iDDS" topic="ParameterDataSeries">
                    <alarm-limits/>
                </instance>
                <instance name="EMSParm_1284" acquisition-rate="10" alternate-name="" calibration-group="" calibration-sensor="" customer-sensor="" data-type="float" deadband="0" description="" display-format="4.2f" display-range-maximum="100" display-range-minimum="0" domain-id="10" engineering-unit="%" export-for-steady-state="true" fixed-sensor="" fullset-stability="false" gid="3284" group="" idds-hardware-name="EMSParm_1284" is-continuous-log="true" is-critical="false" is-enabled="true" logical-id="devEMS" partition="Streaming" quality-ceiling="good" rtd-reference-channel="" signal-id="" subsystem-name="IDDS" subsystem-type="iDDS" topic="ParameterDataSeries">
                    <alarm-limits/>
                </instance>
                <instance name="EMSParm_1364" acquisition-rate="10" alternate-name="" calibration-group="" calibration-sensor="" customer-sensor="" data-type="float" deadband="0" description="" display-format="4.2f" display-range-maximum="100" display-range-minimum="0" domain-id="10" engineering-unit="%" export-for-steady-state="true" fixed-sensor="" fullset-stability="false" gid="3364" group="" idds-hardware-name="EMSParm_1364" is-continuous-log="true" is-critical="false" is-enabled="true" logical-id="devEMS" partition="Streaming" quality-ceiling="good" rtd-reference-channel="" signal-id="" subsystem-name="IDDS" subsystem-type="iDDS" topic="ParameterDataSeries">
                    <alarm-limits/>
                </instance>
                <instance name="EMSParm_79" acquisition-rate="10" alternate-name="" calibration-group="" calibration-sensor="" customer-sensor="" data-type="float" deadband="0" description="" display-format="4.2f" display-range-maximum="100" display-range-minimum="0" domain-id="10" engineering-unit="%" export-for-steady-state="true" fixed-sensor="" fullset-stability="false" gid="2079" group="" idds-hardware-name="EMSParm_79" is-continuous-log="true" is-critical="false" is-enabled="true" logical-id="devEMS" partition="Streaming" quality-ceiling="good" rtd-reference-channel="" signal-id="" subsystem-name="IDDS" subsystem-type="iDDS" topic="ParameterDataSeries">
                    <alarm-limits/>
                </instance>
                <instance name="T000016" acquisition-rate="10" alternate-name="" calibration-group="" calibration-sensor="" customer-sensor="" data-type="float" deadband="0" description="" display-format="4.2f" display-range-maximum="100" display-range-minimum="0" domain-id="2" engineering-unit="degC" export-for-steady-state="true" fixed-sensor="" fullset-stability="false" gid="5016" group="" idds-hardware-name="SCUTRDEMO_Ch16" is-continuous-log="true" is-critical="false" is-enabled="true" logical-id="scutrsim" partition="Streaming" quality-ceiling="good" rtd-reference-channel="" signal-id="" subsystem-name="IDDS" subsystem-type="iDDS" topic="ParameterDataSeries">
                    <alarm-limits/>
                </instance>
                <instance name="EMSParm_380" acquisition-rate="10" alternate-name="" calibration-group="" calibration-sensor="" customer-sensor="" data-type="float" deadband="0" description="" display-format="4.2f" display-range-maximum="100" display-range-minimum="0" domain-id="10" engineering-unit="%" export-for-steady-state="true" fixed-sensor="" fullset-stability="false" gid="2380" group="" idds-hardware-name="EMSParm_380" is-continuous-log="true" is-critical="false" is-enabled="true" logical-id="devEMS" partition="Streaming" quality-ceiling="good" rtd-reference-channel="" signal-id="" subsystem-name="IDDS" subsystem-type="iDDS" topic="ParameterDataSeries">
                    <alarm-limits/>
                </instance>
                <instance name="YB1_Ch16" acquisition-rate="1" alternate-name="" calibration-group="" calibration-sensor="" customer-sensor="" data-type="float" deadband="0" description="" display-format="4.2f" display-range-maximum="100" display-range-minimum="0" domain-id="3" engineering-unit="-" export-for-steady-state="true" fixed-sensor="" fullset-stability="false" gid="9016" group="" idds-hardware-name="CH16" is-continuous-log="true" is-critical="false" is-enabled="true" logical-id="rx3036-1" partition="Streaming" quality-ceiling="good" rtd-reference-channel="" signal-id="" subsystem-name="IDDS" subsystem-type="iDDS" topic="ParameterDataSeries">
                    <alarm-limits/>
                </instance>
                <instance name="EngRunning" acquisition-rate="0" alternate-name="" calculated-equation="0" calculated-persistency="volatile" calibration-group="" calibration-sensor="" customer-sensor="" data-type="boolean" description="" display-format="false/true" domain-id="2" export-for-steady-state="true" fixed-sensor="" fullset-stability="false" gid="-1" group="" idds-hardware-name="" is-continuous-log="true" is-critical="false" is-enabled="true" is-output="false" logical-id="" partition="" quality-ceiling="good" rtd-reference-channel="" signal-id="" subsystem-name="calculated" subsystem-type="calculated" topic="">
                    <alarm-limits/>
                </instance>
                <instance name="EMSParm_782" acquisition-rate="10" alternate-name="" calibration-group="" calibration-sensor="" customer-sensor="" data-type="float" deadband="0" description="" display-format="4.2f" display-range-maximum="100" display-range-minimum="0" domain-id="10" engineering-unit="%" export-for-steady-state="true" fixed-sensor="" fullset-stability="false" gid="2782" group="" idds-hardware-name="EMSParm_782" is-continuous-log="true" is-critical="false" is-enabled="true" logical-id="devEMS" partition="Streaming" quality-ceiling="good" rtd-reference-channel="" signal-id="" subsystem-name="IDDS" subsystem-type="iDDS" topic="ParameterDataSeries">
                    <alarm-limits/>
                </instance>
                <instance name="EMSParm_906" acquisition-rate="10" alternate-name="" calibration-group="" calibration-sensor="" customer-sensor="" data-type="float" deadband="0" description="" display-format="4.2f" display-range-maximum="100" display-range-minimum="0" domain-id="10" engineering-unit="%" export-for-steady-state="true" fixed-sensor="" fullset-stability="false" gid="2906" group="" idds-hardware-name="EMSParm_906" is-continuous-log="true" is-critical="false" is-enabled="true" logical-id="devEMS" partition="Streaming" quality-ceiling="good" rtd-reference-channel="" signal-id="" subsystem-name="IDDS" subsystem-type="iDDS" topic="ParameterDataSeries">
                    <alarm-limits/>
                </instance>
                <instance name="EMSParm_194" acquisition-rate="10" alternate-name="" calibration-group="" calibration-sensor="" customer-sensor="" data-type="float" deadband="0" description="" display-format="4.2f" display-range-maximum="100" display-range-minimum="0" domain-id="10" engineering-unit="%" export-for-steady-state="true" fixed-sensor="" fullset-stability="false" gid="2194" group="" idds-hardware-name="EMSParm_194" is-continuous-log="true" is-critical="false" is-enabled="true" logical-id="devEMS" partition="Streaming" quality-ceiling="good" rtd-reference-channel="" signal-id="" subsystem-name="IDDS" subsystem-type="iDDS" topic="ParameterDataSeries">
                    <alarm-limits/>
                </instance>
                <instance name="YB1_Ch17" acquisition-rate="1" alternate-name="" calibration-group="" calibration-sensor="" customer-sensor="" data-type="float" deadband="0" description="" display-format="4.2f" display-range-maximum="100" display-range-minimum="0" domain-id="3" engineering-unit="-" export-for-steady-state="true" fixed-sensor="" fullset-stability="false" gid="9017" group="" idds-hardware-name="CH17" is-continuous-log="true" is-critical="false" is-enabled="true" logical-id="rx3036-1" partition="Streaming" quality-ceiling="good" rtd-reference-channel="" signal-id="" subsystem-name="IDDS" subsystem-type="iDDS" topic="ParameterDataSeries">
                    <alarm-limits/>
                </instance>
                <instance name="EMSParm_1191" acquisition-rate="10" alternate-name="" calibration-group="" calibration-sensor="" customer-sensor="" data-type="float" deadband="0" description="" display-format="4.2f" display-range-maximum="100" display-range-minimum="0" domain-id="10" engineering-unit="%" export-for-steady-state="true" fixed-sensor="" fullset-stability="false" gid="3191" group="" idds-hardware-name="EMSParm_1191" is-continuous-log="true" is-critical="false" is-enabled="true" logical-id="devEMS" partition="Streaming" quality-ceiling="good" rtd-reference-channel="" signal-id="" subsystem-name="IDDS" subsystem-type="iDDS" topic="ParameterDataSeries">
                    <alarm-limits/>
                </instance>
                <instance name="EMSParm_1205" acquisition-rate="10" alternate-name="" calibration-group="" calibration-sensor="" customer-sensor="" data-type="float" deadband="0" description="" display-format="4.2f" display-range-maximum="100" display-range-minimum="0" domain-id="10" engineering-unit="%" export-for-steady-state="true" fixed-sensor="" fullset-stability="false" gid="3205" group="" idds-hardware-name="EMSParm_1205" is-continuous-log="true" is-critical="false" is-enabled="true" logical-id="devEMS" partition="Streaming" quality-ceiling="good" rtd-reference-channel="" signal-id="" subsystem-name="IDDS" subsystem-type="iDDS" topic="ParameterDataSeries">
                    <alarm-limits/>
                </instance>
                <instance name="EMSParm_331" acquisition-rate="10" alternate-name="" calibration-group="" calibration-sensor="" customer-sensor="" data-type="float" deadband="0" description="" display-format="4.2f" display-range-maximum="100" display-range-minimum="0" domain-id="10" engineering-unit="%" export-for-steady-state="true" fixed-sensor="" fullset-stability="false" gid="2331" group="" idds-hardware-name="EMSParm_331" is-continuous-log="true" is-critical="false" is-enabled="true" logical-id="devEMS" partition="Streaming" quality-ceiling="good" rtd-reference-channel="" signal-id="" subsystem-name="IDDS" subsystem-type="iDDS" topic="ParameterDataSeries">
                    <alarm-limits/>
                </instance>
                <instance name="EMSParm_103" acquisition-rate="10" alternate-name="" calibration-group="" calibration-sensor="" customer-sensor="" data-type="float" deadband="0" description="" display-format="4.2f" display-range-maximum="100" display-range-minimum="0" domain-id="10" engineering-unit="%" export-for-steady-state="true" fixed-sensor="" fullset-stability="false" gid="2103" group="" idds-hardware-name="EMSParm_103" is-continuous-log="true" is-critical="false" is-enabled="true" logical-id="devEMS" partition="Streaming" quality-ceiling="good" rtd-reference-channel="" signal-id="" subsystem-name="IDDS" subsystem-type="iDDS" topic="ParameterDataSeries">
                    <alarm-limits/>
                </instance>
                <instance name="EMSParm_1223" acquisition-rate="10" alternate-name="" calibration-group="" calibration-sensor="" customer-sensor="" data-type="float" deadband="0" description="" display-format="4.2f" display-range-maximum="100" display-range-minimum="0" domain-id="10" engineering-unit="%" export-for-steady-state="true" fixed-sensor="" fullset-stability="false" gid="3223" group="" idds-hardware-name="EMSParm_1223" is-continuous-log="true" is-critical="false" is-enabled="true" logical-id="devEMS" partition="Streaming" quality-ceiling="good" rtd-reference-channel="" signal-id="" subsystem-name="IDDS" subsystem-type="iDDS" topic="ParameterDataSeries">
                    <alarm-limits/>
                </instance>
                <instance name="EMSParm_90" acquisition-rate="10" alternate-name="" calibration-group="" calibration-sensor="" customer-sensor="" data-type="float" deadband="0" description="" display-format="4.2f" display-range-maximum="100" display-range-minimum="0" domain-id="10" engineering-unit="%" export-for-steady-state="true" fixed-sensor="" fullset-stability="false" gid="2090" group="" idds-hardware-name="EMSParm_90" is-continuous-log="true" is-critical="false" is-enabled="true" logical-id="devEMS" partition="Streaming" quality-ceiling="good" rtd-reference-channel="" signal-id="" subsystem-name="IDDS" subsystem-type="iDDS" topic="ParameterDataSeries">
                    <alarm-limits/>
                </instance>
                <instance name="EMSParm_1302" acquisition-rate="10" alternate-name="" calibration-group="" calibration-sensor="" customer-sensor="" data-type="float" deadband="0" description="" display-format="4.2f" display-range-maximum="100" display-range-minimum="0" domain-id="10" engineering-unit="%" export-for-steady-state="true" fixed-sensor="" fullset-stability="false" gid="3302" group="" idds-hardware-name="EMSParm_1302" is-continuous-log="true" is-critical="false" is-enabled="true" logical-id="devEMS" partition="Streaming" quality-ceiling="good" rtd-reference-channel="" signal-id="" subsystem-name="IDDS" subsystem-type="iDDS" topic="ParameterDataSeries">
                    <alarm-limits/>
                </instance>
                <instance name="EMSParm_1411" acquisition-rate="10" alternate-name="" calibration-group="" calibration-sensor="" customer-sensor="" data-type="float" deadband="0" description="" display-format="4.2f" display-range-maximum="100" display-range-minimum="0" domain-id="10" engineering-unit="%" export-for-steady-state="true" fixed-sensor="" fullset-stability="false" gid="3411" group="" idds-hardware-name="EMSParm_1411" is-continuous-log="true" is-critical="false" is-enabled="true" logical-id="devEMS" partition="Streaming" quality-ceiling="good" rtd-reference-channel="" signal-id="" subsystem-name="IDDS" subsystem-type="iDDS" topic="ParameterDataSeries">
                    <alarm-limits/>
                </instance>
                <instance name="EMSParm_1505" acquisition-rate="10" alternate-name="" calibration-group="" calibration-sensor="" customer-sensor="" data-type="float" deadband="0" description="" display-format="4.2f" display-range-maximum="100" display-range-minimum="0" domain-id="10" engineering-unit="%" export-for-steady-state="true" fixed-sensor="" fullset-stability="false" gid="3505" group="" idds-hardware-name="EMSParm_1505" is-continuous-log="true" is-critical="false" is-enabled="true" logical-id="devEMS" partition="Streaming" quality-ceiling="good" rtd-reference-channel="" signal-id="" subsystem-name="IDDS" subsystem-type="iDDS" topic="ParameterDataSeries">
                    <alarm-limits/>
                </instance>
                <instance name="EMSParm_647" acquisition-rate="10" alternate-name="" calibration-group="" calibration-sensor="" customer-sensor="" data-type="float" deadband="0" description="" display-format="4.2f" display-range-maximum="100" display-range-minimum="0" domain-id="10" engineering-unit="%" export-for-steady-state="true" fixed-sensor="" fullset-stability="false" gid="2647" group="" idds-hardware-name="EMSParm_647" is-continuous-log="true" is-critical="false" is-enabled="true" logical-id="devEMS" partition="Streaming" quality-ceiling="good" rtd-reference-channel="" signal-id="" subsystem-name="IDDS" subsystem-type="iDDS" topic="ParameterDataSeries">
                    <alarm-limits/>
                </instance>
                <instance name="EMSParm_1203" acquisition-rate="10" alternate-name="" calibration-group="" calibration-sensor="" customer-sensor="" data-type="float" deadband="0" description="" display-format="4.2f" display-range-maximum="100" display-range-minimum="0" domain-id="10" engineering-unit="%" export-for-steady-state="true" fixed-sensor="" fullset-stability="false" gid="3203" group="" idds-hardware-name="EMSParm_1203" is-continuous-log="true" is-critical="false" is-enabled="true" logical-id="devEMS" partition="Streaming" quality-ceiling="good" rtd-reference-channel="" signal-id="" subsystem-name="IDDS" subsystem-type="iDDS" topic="ParameterDataSeries">
                    <alarm-limits/>
                </instance>
                <instance name="EMSParm_28" acquisition-rate="10" alternate-name="" calibration-group="" calibration-sensor="" customer-sensor="" data-type="float" deadband="0" description="" display-format="4.2f" display-range-maximum="100" display-range-minimum="0" domain-id="10" engineering-unit="%" export-for-steady-state="true" fixed-sensor="" fullset-stability="false" gid="2028" group="" idds-hardware-name="EMSParm_28" is-continuous-log="true" is-critical="false" is-enabled="true" logical-id="devEMS" partition="Streaming" quality-ceiling="good" rtd-reference-channel="" signal-id="" subsystem-name="IDDS" subsystem-type="iDDS" topic="ParameterDataSeries">
                    <alarm-limits/>
                </instance>
                <instance name="EMSParm_771" acquisition-rate="10" alternate-name="" calibration-group="" calibration-sensor="" customer-sensor="" data-type="float" deadband="0" description="" display-format="4.2f" display-range-maximum="100" display-range-minimum="0" domain-id="10" engineering-unit="%" export-for-steady-state="true" fixed-sensor="" fullset-stability="false" gid="2771" group="" idds-hardware-name="EMSParm_771" is-continuous-log="true" is-critical="false" is-enabled="true" logical-id="devEMS" partition="Streaming" quality-ceiling="good" rtd-reference-channel="" signal-id="" subsystem-name="IDDS" subsystem-type="iDDS" topic="ParameterDataSeries">
                    <alarm-limits/>
                </instance>
                <instance name="EMSParm_975" acquisition-rate="10" alternate-name="" calibration-group="" calibration-sensor="" customer-sensor="" data-type="float" deadband="0" description="" display-format="4.2f" display-range-maximum="100" display-range-minimum="0" domain-id="10" engineering-unit="%" export-for-steady-state="true" fixed-sensor="" fullset-stability="false" gid="2975" group="" idds-hardware-name="EMSParm_975" is-continuous-log="true" is-critical="false" is-enabled="true" logical-id="devEMS" partition="Streaming" quality-ceiling="good" rtd-reference-channel="" signal-id="" subsystem-name="IDDS" subsystem-type="iDDS" topic="ParameterDataSeries">
                    <alarm-limits/>
                </instance>
                <instance name="EMSParm_1454" acquisition-rate="10" alternate-name="" calibration-group="" calibration-sensor="" customer-sensor="" data-type="float" deadband="0" description="" display-format="4.2f" display-range-maximum="100" display-range-minimum="0" domain-id="10" engineering-unit="%" export-for-steady-state="true" fixed-sensor="" fullset-stability="false" gid="3454" group="" idds-hardware-name="EMSParm_1454" is-continuous-log="true" is-critical="false" is-enabled="true" logical-id="devEMS" partition="Streaming" quality-ceiling="good" rtd-reference-channel="" signal-id="" subsystem-name="IDDS" subsystem-type="iDDS" topic="ParameterDataSeries">
                    <alarm-limits/>
                </instance>
                <instance name="EMSParm_792" acquisition-rate="10" alternate-name="" calibration-group="" calibration-sensor="" customer-sensor="" data-type="float" deadband="0" description="" display-format="4.2f" display-range-maximum="100" display-range-minimum="0" domain-id="10" engineering-unit="%" export-for-steady-state="true" fixed-sensor="" fullset-stability="false" gid="2792" group="" idds-hardware-name="EMSParm_792" is-continuous-log="true" is-critical="false" is-enabled="true" logical-id="devEMS" partition="Streaming" quality-ceiling="good" rtd-reference-channel="" signal-id="" subsystem-name="IDDS" subsystem-type="iDDS" topic="ParameterDataSeries">
                    <alarm-limits/>
                </instance>
                <instance name="EMSParm_228" acquisition-rate="10" alternate-name="" calibration-group="" calibration-sensor="" customer-sensor="" data-type="float" deadband="0" description="" display-format="4.2f" display-range-maximum="100" display-range-minimum="0" domain-id="10" engineering-unit="%" export-for-steady-state="true" fixed-sensor="" fullset-stability="false" gid="2228" group="" idds-hardware-name="EMSParm_228" is-continuous-log="true" is-critical="false" is-enabled="true" logical-id="devEMS" partition="Streaming" quality-ceiling="good" rtd-reference-channel="" signal-id="" subsystem-name="IDDS" subsystem-type="iDDS" topic="ParameterDataSeries">
                    <alarm-limits/>
                </instance>
                <instance name="EMSParm_871" acquisition-rate="10" alternate-name="" calibration-group="" calibration-sensor="" customer-sensor="" data-type="float" deadband="0" description="" display-format="4.2f" display-range-maximum="100" display-range-minimum="0" domain-id="10" engineering-unit="%" export-for-steady-state="true" fixed-sensor="" fullset-stability="false" gid="2871" group="" idds-hardware-name="EMSParm_871" is-continuous-log="true" is-critical="false" is-enabled="true" logical-id="devEMS" partition="Streaming" quality-ceiling="good" rtd-reference-channel="" signal-id="" subsystem-name="IDDS" subsystem-type="iDDS" topic="ParameterDataSeries">
                    <alarm-limits/>
                </instance>
                <instance name="EMSParm_358" acquisition-rate="10" alternate-name="" calibration-group="" calibration-sensor="" customer-sensor="" data-type="float" deadband="0" description="" display-format="4.2f" display-range-maximum="100" display-range-minimum="0" domain-id="10" engineering-unit="%" export-for-steady-state="true" fixed-sensor="" fullset-stability="false" gid="2358" group="" idds-hardware-name="EMSParm_358" is-continuous-log="true" is-critical="false" is-enabled="true" logical-id="devEMS" partition="Streaming" quality-ceiling="good" rtd-reference-channel="" signal-id="" subsystem-name="IDDS" subsystem-type="iDDS" topic="ParameterDataSeries">
                    <alarm-limits/>
                </instance>
                <instance name="EMSParm_1347" acquisition-rate="10" alternate-name="" calibration-group="" calibration-sensor="" customer-sensor="" data-type="float" deadband="0" description="" display-format="4.2f" display-range-maximum="100" display-range-minimum="0" domain-id="10" engineering-unit="%" export-for-steady-state="true" fixed-sensor="" fullset-stability="false" gid="3347" group="" idds-hardware-name="EMSParm_1347" is-continuous-log="true" is-critical="false" is-enabled="true" logical-id="devEMS" partition="Streaming" quality-ceiling="good" rtd-reference-channel="" signal-id="" subsystem-name="IDDS" subsystem-type="iDDS" topic="ParameterDataSeries">
                    <alarm-limits/>
                </instance>
                <instance name="EMSParm_1425" acquisition-rate="10" alternate-name="" calibration-group="" calibration-sensor="" customer-sensor="" data-type="float" deadband="0" description="" display-format="4.2f" display-range-maximum="100" display-range-minimum="0" domain-id="10" engineering-unit="%" export-for-steady-state="true" fixed-sensor="" fullset-stability="false" gid="3425" group="" idds-hardware-name="EMSParm_1425" is-continuous-log="true" is-critical="false" is-enabled="true" logical-id="devEMS" partition="Streaming" quality-ceiling="good" rtd-reference-channel="" signal-id="" subsystem-name="IDDS" subsystem-type="iDDS" topic="ParameterDataSeries">
                    <alarm-limits/>
                </instance>
                <instance name="EMSParm_1006" acquisition-rate="10" alternate-name="" calibration-group="" calibration-sensor="" customer-sensor="" data-type="float" deadband="0" description="" display-format="4.2f" display-range-maximum="100" display-range-minimum="0" domain-id="10" engineering-unit="%" export-for-steady-state="true" fixed-sensor="" fullset-stability="false" gid="3006" group="" idds-hardware-name="EMSParm_1006" is-continuous-log="true" is-critical="false" is-enabled="true" logical-id="devEMS" partition="Streaming" quality-ceiling="good" rtd-reference-channel="" signal-id="" subsystem-name="IDDS" subsystem-type="iDDS" topic="ParameterDataSeries">
                    <alarm-limits/>
                </instance>
                <instance name="EMSParm_396" acquisition-rate="10" alternate-name="" calibration-group="" calibration-sensor="" customer-sensor="" data-type="float" deadband="0" description="" display-format="4.2f" display-range-maximum="100" display-range-minimum="0" domain-id="10" engineering-unit="%" export-for-steady-state="true" fixed-sensor="" fullset-stability="false" gid="2396" group="" idds-hardware-name="EMSParm_396" is-continuous-log="true" is-critical="false" is-enabled="true" logical-id="devEMS" partition="Streaming" quality-ceiling="good" rtd-reference-channel="" signal-id="" subsystem-name="IDDS" subsystem-type="iDDS" topic="ParameterDataSeries">
                    <alarm-limits/>
                </instance>
                <instance name="EMSParm_1499" acquisition-rate="10" alternate-name="" calibration-group="" calibration-sensor="" customer-sensor="" data-type="float" deadband="0" description="" display-format="4.2f" display-range-maximum="100" display-range-minimum="0" domain-id="10" engineering-unit="%" export-for-steady-state="true" fixed-sensor="" fullset-stability="false" gid="3499" group="" idds-hardware-name="EMSParm_1499" is-continuous-log="true" is-critical="false" is-enabled="true" logical-id="devEMS" partition="Streaming" quality-ceiling="good" rtd-reference-channel="" signal-id="" subsystem-name="IDDS" subsystem-type="iDDS" topic="ParameterDataSeries">
                    <alarm-limits/>
                </instance>
                <instance name="EMSParm_1226" acquisition-rate="10" alternate-name="" calibration-group="" calibration-sensor="" customer-sensor="" data-type="float" deadband="0" description="" display-format="4.2f" display-range-maximum="100" display-range-minimum="0" domain-id="10" engineering-unit="%" export-for-steady-state="true" fixed-sensor="" fullset-stability="false" gid="3226" group="" idds-hardware-name="EMSParm_1226" is-continuous-log="true" is-critical="false" is-enabled="true" logical-id="devEMS" partition="Streaming" quality-ceiling="good" rtd-reference-channel="" signal-id="" subsystem-name="IDDS" subsystem-type="iDDS" topic="ParameterDataSeries">
                    <alarm-limits/>
                </instance>
                <instance name="EMSParm_1592" acquisition-rate="10" alternate-name="" calibration-group="" calibration-sensor="" customer-sensor="" data-type="float" deadband="0" description="" display-format="4.2f" display-range-maximum="100" display-range-minimum="0" domain-id="10" engineering-unit="%" export-for-steady-state="true" fixed-sensor="" fullset-stability="false" gid="3592" group="" idds-hardware-name="EMSParm_1592" is-continuous-log="true" is-critical="false" is-enabled="true" logical-id="devEMS" partition="Streaming" quality-ceiling="good" rtd-reference-channel="" signal-id="" subsystem-name="IDDS" subsystem-type="iDDS" topic="ParameterDataSeries">
                    <alarm-limits/>
                </instance>
                <instance name="EMSParm_703" acquisition-rate="10" alternate-name="" calibration-group="" calibration-sensor="" customer-sensor="" data-type="float" deadband="0" description="" display-format="4.2f" display-range-maximum="100" display-range-minimum="0" domain-id="10" engineering-unit="%" export-for-steady-state="true" fixed-sensor="" fullset-stability="false" gid="2703" group="" idds-hardware-name="EMSParm_703" is-continuous-log="true" is-critical="false" is-enabled="true" logical-id="devEMS" partition="Streaming" quality-ceiling="good" rtd-reference-channel="" signal-id="" subsystem-name="IDDS" subsystem-type="iDDS" topic="ParameterDataSeries">
                    <alarm-limits/>
                </instance>
                <instance name="EMSParm_777" acquisition-rate="10" alternate-name="" calibration-group="" calibration-sensor="" customer-sensor="" data-type="float" deadband="0" description="" display-format="4.2f" display-range-maximum="100" display-range-minimum="0" domain-id="10" engineering-unit="%" export-for-steady-state="true" fixed-sensor="" fullset-stability="false" gid="2777" group="" idds-hardware-name="EMSParm_777" is-continuous-log="true" is-critical="false" is-enabled="true" logical-id="devEMS" partition="Streaming" quality-ceiling="good" rtd-reference-channel="" signal-id="" subsystem-name="IDDS" subsystem-type="iDDS" topic="ParameterDataSeries">
                    <alarm-limits/>
                </instance>
                <instance name="EMSParm_252" acquisition-rate="10" alternate-name="" calibration-group="" calibration-sensor="" customer-sensor="" data-type="float" deadband="0" description="" display-format="4.2f" display-range-maximum="100" display-range-minimum="0" domain-id="10" engineering-unit="%" export-for-steady-state="true" fixed-sensor="" fullset-stability="false" gid="2252" group="" idds-hardware-name="EMSParm_252" is-continuous-log="true" is-critical="false" is-enabled="true" logical-id="devEMS" partition="Streaming" quality-ceiling="good" rtd-reference-channel="" signal-id="" subsystem-name="IDDS" subsystem-type="iDDS" topic="ParameterDataSeries">
                    <alarm-limits/>
                </instance>
                <instance name="EMSParm_969" acquisition-rate="10" alternate-name="" calibration-group="" calibration-sensor="" customer-sensor="" data-type="float" deadband="0" description="" display-format="4.2f" display-range-maximum="100" display-range-minimum="0" domain-id="10" engineering-unit="%" export-for-steady-state="true" fixed-sensor="" fullset-stability="false" gid="2969" group="" idds-hardware-name="EMSParm_969" is-continuous-log="true" is-critical="false" is-enabled="true" logical-id="devEMS" partition="Streaming" quality-ceiling="good" rtd-reference-channel="" signal-id="" subsystem-name="IDDS" subsystem-type="iDDS" topic="ParameterDataSeries">
                    <alarm-limits/>
                </instance>
                <instance name="calcAI00006" acquisition-rate="200" alternate-name="" calculated-equation="dnaAI00006" calculated-persistency="volatile" calibration-group="" calibration-sensor="" customer-sensor="" data-type="float" deadband="0" description="" display-format="4.2f" display-range-maximum="100" display-range-minimum="0" domain-id="4" engineering-unit="V" export-for-steady-state="true" fixed-sensor="" fullset-stability="false" gid="6010" group="" idds-hardware-name="calcAI00006" is-continuous-log="true" is-critical="false" is-enabled="true" is-output="false" logical-id="RTE" partition="Streaming" quality-ceiling="good" rtd-reference-channel="" signal-id="" subsystem-name="calculated" subsystem-type="calculated" topic="ParameterDataValue">
                    <alarm-limits/>
                </instance>
                <instance name="EMSParm_356" acquisition-rate="10" alternate-name="" calibration-group="" calibration-sensor="" customer-sensor="" data-type="float" deadband="0" description="" display-format="4.2f" display-range-maximum="100" display-range-minimum="0" domain-id="10" engineering-unit="%" export-for-steady-state="true" fixed-sensor="" fullset-stability="false" gid="2356" group="" idds-hardware-name="EMSParm_356" is-continuous-log="true" is-critical="false" is-enabled="true" logical-id="devEMS" partition="Streaming" quality-ceiling="good" rtd-reference-channel="" signal-id="" subsystem-name="IDDS" subsystem-type="iDDS" topic="ParameterDataSeries">
                    <alarm-limits/>
                </instance>
                <instance name="EMSParm_638" acquisition-rate="10" alternate-name="" calibration-group="" calibration-sensor="" customer-sensor="" data-type="float" deadband="0" description="" display-format="4.2f" display-range-maximum="100" display-range-minimum="0" domain-id="10" engineering-unit="%" export-for-steady-state="true" fixed-sensor="" fullset-stability="false" gid="2638" group="" idds-hardware-name="EMSParm_638" is-continuous-log="true" is-critical="false" is-enabled="true" logical-id="devEMS" partition="Streaming" quality-ceiling="good" rtd-reference-channel="" signal-id="" subsystem-name="IDDS" subsystem-type="iDDS" topic="ParameterDataSeries">
                    <alarm-limits/>
                </instance>
                <instance name="EMSParm_207" acquisition-rate="10" alternate-name="" calibration-group="" calibration-sensor="" customer-sensor="" data-type="float" deadband="0" description="" display-format="4.2f" display-range-maximum="100" display-range-minimum="0" domain-id="10" engineering-unit="%" export-for-steady-state="true" fixed-sensor="" fullset-stability="false" gid="2207" group="" idds-hardware-name="EMSParm_207" is-continuous-log="true" is-critical="false" is-enabled="true" logical-id="devEMS" partition="Streaming" quality-ceiling="good" rtd-reference-channel="" signal-id="" subsystem-name="IDDS" subsystem-type="iDDS" topic="ParameterDataSeries">
                    <alarm-limits/>
                </instance>
                <instance name="EMSParm_385" acquisition-rate="10" alternate-name="" calibration-group="" calibration-sensor="" customer-sensor="" data-type="float" deadband="0" description="" display-format="4.2f" display-range-maximum="100" display-range-minimum="0" domain-id="10" engineering-unit="%" export-for-steady-state="true" fixed-sensor="" fullset-stability="false" gid="2385" group="" idds-hardware-name="EMSParm_385" is-continuous-log="true" is-critical="false" is-enabled="true" logical-id="devEMS" partition="Streaming" quality-ceiling="good" rtd-reference-channel="" signal-id="" subsystem-name="IDDS" subsystem-type="iDDS" topic="ParameterDataSeries">
                    <alarm-limits/>
                </instance>
                <instance name="pb91162ch9" acquisition-rate="1" alternate-name="" calibration-group="" calibration-sensor="" customer-sensor="" data-type="float" deadband="0" description="" display-format="4.2f" display-range-maximum="100" display-range-minimum="0" domain-id="2" engineering-unit="psi" export-for-steady-state="true" fixed-sensor="" fullset-stability="false" gid="-1" group="" idds-hardware-name="" is-continuous-log="true" is-critical="false" is-enabled="true" is-output="false" logical-id="" partition="" pbs-amb-press-channel="" pbs-avg-samples="4" pbs-input-type="pressure" pbs-port="9" pbs-serial-number="PB8793" quality-ceiling="good" rtd-reference-channel="" signal-id="" subsystem-name="PBS" subsystem-type="pbs" topic="">
                    <alarm-limits/>
                </instance>
                <instance name="EMSParm_1282" acquisition-rate="10" alternate-name="" calibration-group="" calibration-sensor="" customer-sensor="" data-type="float" deadband="0" description="" display-format="4.2f" display-range-maximum="100" display-range-minimum="0" domain-id="10" engineering-unit="%" export-for-steady-state="true" fixed-sensor="" fullset-stability="false" gid="3282" group="" idds-hardware-name="EMSParm_1282" is-continuous-log="true" is-critical="false" is-enabled="true" logical-id="devEMS" partition="Streaming" quality-ceiling="good" rtd-reference-channel="" signal-id="" subsystem-name="IDDS" subsystem-type="iDDS" topic="ParameterDataSeries">
                    <alarm-limits/>
                </instance>
                <instance name="EMSParm_517" acquisition-rate="10" alternate-name="" calibration-group="" calibration-sensor="" customer-sensor="" data-type="float" deadband="0" description="" display-format="4.2f" display-range-maximum="100" display-range-minimum="0" domain-id="10" engineering-unit="%" export-for-steady-state="true" fixed-sensor="" fullset-stability="false" gid="2517" group="" idds-hardware-name="EMSParm_517" is-continuous-log="true" is-critical="false" is-enabled="true" logical-id="devEMS" partition="Streaming" quality-ceiling="good" rtd-reference-channel="" signal-id="" subsystem-name="IDDS" subsystem-type="iDDS" topic="ParameterDataSeries">
                    <alarm-limits/>
                </instance>
                <instance name="EMSParm_718" acquisition-rate="10" alternate-name="" calibration-group="" calibration-sensor="" customer-sensor="" data-type="float" deadband="0" description="" display-format="4.2f" display-range-maximum="100" display-range-minimum="0" domain-id="10" engineering-unit="%" export-for-steady-state="true" fixed-sensor="" fullset-stability="false" gid="2718" group="" idds-hardware-name="EMSParm_718" is-continuous-log="true" is-critical="false" is-enabled="true" logical-id="devEMS" partition="Streaming" quality-ceiling="good" rtd-reference-channel="" signal-id="" subsystem-name="IDDS" subsystem-type="iDDS" topic="ParameterDataSeries">
                    <alarm-limits/>
                </instance>
                <instance name="EMSParm_1218" acquisition-rate="10" alternate-name="" calibration-group="" calibration-sensor="" customer-sensor="" data-type="float" deadband="0" description="" display-format="4.2f" display-range-maximum="100" display-range-minimum="0" domain-id="10" engineering-unit="%" export-for-steady-state="true" fixed-sensor="" fullset-stability="false" gid="3218" group="" idds-hardware-name="EMSParm_1218" is-continuous-log="true" is-critical="false" is-enabled="true" logical-id="devEMS" partition="Streaming" quality-ceiling="good" rtd-reference-channel="" signal-id="" subsystem-name="IDDS" subsystem-type="iDDS" topic="ParameterDataSeries">
                    <alarm-limits/>
                </instance>
                <instance name="EMSParm_447" acquisition-rate="10" alternate-name="" calibration-group="" calibration-sensor="" customer-sensor="" data-type="float" deadband="0" description="" display-format="4.2f" display-range-maximum="100" display-range-minimum="0" domain-id="10" engineering-unit="%" export-for-steady-state="true" fixed-sensor="" fullset-stability="false" gid="2447" group="" idds-hardware-name="EMSParm_447" is-continuous-log="true" is-critical="false" is-enabled="true" logical-id="devEMS" partition="Streaming" quality-ceiling="good" rtd-reference-channel="" signal-id="" subsystem-name="IDDS" subsystem-type="iDDS" topic="ParameterDataSeries">
                    <alarm-limits/>
                </instance>
                <instance name="EMSParm_355" acquisition-rate="10" alternate-name="" calibration-group="" calibration-sensor="" customer-sensor="" data-type="float" deadband="0" description="" display-format="4.2f" display-range-maximum="100" display-range-minimum="0" domain-id="10" engineering-unit="%" export-for-steady-state="true" fixed-sensor="" fullset-stability="false" gid="2355" group="" idds-hardware-name="EMSParm_355" is-continuous-log="true" is-critical="false" is-enabled="true" logical-id="devEMS" partition="Streaming" quality-ceiling="good" rtd-reference-channel="" signal-id="" subsystem-name="IDDS" subsystem-type="iDDS" topic="ParameterDataSeries">
                    <alarm-limits/>
                </instance>
                <instance name="T000020" acquisition-rate="10" alternate-name="" calibration-group="" calibration-sensor="" customer-sensor="" data-type="float" deadband="0" description="" display-format="4.2f" display-range-maximum="100" display-range-minimum="0" domain-id="2" engineering-unit="degC" export-for-steady-state="true" fixed-sensor="" fullset-stability="false" gid="5020" group="" idds-hardware-name="SCUTRDEMO_Ch20" is-continuous-log="true" is-critical="false" is-enabled="true" logical-id="scutrsim" partition="Streaming" quality-ceiling="good" rtd-reference-channel="" signal-id="" subsystem-name="IDDS" subsystem-type="iDDS" topic="ParameterDataSeries">
                    <alarm-limits/>
                </instance>
                <instance name="YB1_Ch26" acquisition-rate="1" alternate-name="" calibration-group="" calibration-sensor="" customer-sensor="" data-type="float" deadband="0" description="" display-format="4.2f" display-range-maximum="100" display-range-minimum="0" domain-id="3" engineering-unit="-" export-for-steady-state="true" fixed-sensor="" fullset-stability="false" gid="9026" group="" idds-hardware-name="CH26" is-continuous-log="true" is-critical="false" is-enabled="true" logical-id="rx3036-1" partition="Streaming" quality-ceiling="good" rtd-reference-channel="" signal-id="" subsystem-name="IDDS" subsystem-type="iDDS" topic="ParameterDataSeries">
                    <alarm-limits/>
                </instance>
                <instance name="EMSParm_714" acquisition-rate="10" alternate-name="" calibration-group="" calibration-sensor="" customer-sensor="" data-type="float" deadband="0" description="" display-format="4.2f" display-range-maximum="100" display-range-minimum="0" domain-id="10" engineering-unit="%" export-for-steady-state="true" fixed-sensor="" fullset-stability="false" gid="2714" group="" idds-hardware-name="EMSParm_714" is-continuous-log="true" is-critical="false" is-enabled="true" logical-id="devEMS" partition="Streaming" quality-ceiling="good" rtd-reference-channel="" signal-id="" subsystem-name="IDDS" subsystem-type="iDDS" topic="ParameterDataSeries">
                    <alarm-limits/>
                </instance>
                <instance name="EMSParm_1521" acquisition-rate="10" alternate-name="" calibration-group="" calibration-sensor="" customer-sensor="" data-type="float" deadband="0" description="" display-format="4.2f" display-range-maximum="100" display-range-minimum="0" domain-id="10" engineering-unit="%" export-for-steady-state="true" fixed-sensor="" fullset-stability="false" gid="3521" group="" idds-hardware-name="EMSParm_1521" is-continuous-log="true" is-critical="false" is-enabled="true" logical-id="devEMS" partition="Streaming" quality-ceiling="good" rtd-reference-channel="" signal-id="" subsystem-name="IDDS" subsystem-type="iDDS" topic="ParameterDataSeries">
                    <alarm-limits/>
                </instance>
                <instance name="EMSParm_1431" acquisition-rate="10" alternate-name="" calibration-group="" calibration-sensor="" customer-sensor="" data-type="float" deadband="0" description="" display-format="4.2f" display-range-maximum="100" display-range-minimum="0" domain-id="10" engineering-unit="%" export-for-steady-state="true" fixed-sensor="" fullset-stability="false" gid="3431" group="" idds-hardware-name="EMSParm_1431" is-continuous-log="true" is-critical="false" is-enabled="true" logical-id="devEMS" partition="Streaming" quality-ceiling="good" rtd-reference-channel="" signal-id="" subsystem-name="IDDS" subsystem-type="iDDS" topic="ParameterDataSeries">
                    <alarm-limits/>
                </instance>
                <instance name="EMSParm_1032" acquisition-rate="10" alternate-name="" calibration-group="" calibration-sensor="" customer-sensor="" data-type="float" deadband="0" description="" display-format="4.2f" display-range-maximum="100" display-range-minimum="0" domain-id="10" engineering-unit="%" export-for-steady-state="true" fixed-sensor="" fullset-stability="false" gid="3032" group="" idds-hardware-name="EMSParm_1032" is-continuous-log="true" is-critical="false" is-enabled="true" logical-id="devEMS" partition="Streaming" quality-ceiling="good" rtd-reference-channel="" signal-id="" subsystem-name="IDDS" subsystem-type="iDDS" topic="ParameterDataSeries">
                    <alarm-limits/>
                </instance>
                <instance name="EMSParm_346" acquisition-rate="10" alternate-name="" calibration-group="" calibration-sensor="" customer-sensor="" data-type="float" deadband="0" description="" display-format="4.2f" display-range-maximum="100" display-range-minimum="0" domain-id="10" engineering-unit="%" export-for-steady-state="true" fixed-sensor="" fullset-stability="false" gid="2346" group="" idds-hardware-name="EMSParm_346" is-continuous-log="true" is-critical="false" is-enabled="true" logical-id="devEMS" partition="Streaming" quality-ceiling="good" rtd-reference-channel="" signal-id="" subsystem-name="IDDS" subsystem-type="iDDS" topic="ParameterDataSeries">
                    <alarm-limits/>
                </instance>
                <instance name="calcFn5" acquisition-rate="10" alternate-name="" calculated-equation="0.0" calculated-persistency="volatile" calibration-group="" calibration-sensor="" customer-sensor="" data-type="float" deadband="0" description="" display-format="4.2f" display-range-maximum="100" display-range-minimum="0" domain-id="4" engineering-unit="V" export-for-steady-state="true" fixed-sensor="" fullset-stability="false" gid="6018" group="" idds-hardware-name="calcFn5" is-continuous-log="true" is-critical="false" is-enabled="true" is-output="false" logical-id="RTE" partition="Streaming" quality-ceiling="good" rtd-reference-channel="" signal-id="" subsystem-name="calculated" subsystem-type="calculated" topic="ParameterDataValue">
                    <alarm-limits/>
                </instance>
                <instance name="EMSParm_42" acquisition-rate="10" alternate-name="" calibration-group="" calibration-sensor="" customer-sensor="" data-type="float" deadband="0" description="" display-format="4.2f" display-range-maximum="100" display-range-minimum="0" domain-id="10" engineering-unit="%" export-for-steady-state="true" fixed-sensor="" fullset-stability="false" gid="2042" group="" idds-hardware-name="EMSParm_42" is-continuous-log="true" is-critical="false" is-enabled="true" logical-id="devEMS" partition="Streaming" quality-ceiling="good" rtd-reference-channel="" signal-id="" subsystem-name="IDDS" subsystem-type="iDDS" topic="ParameterDataSeries">
                    <alarm-limits/>
                </instance>
                <instance name="EMSParm_1432" acquisition-rate="10" alternate-name="" calibration-group="" calibration-sensor="" customer-sensor="" data-type="float" deadband="0" description="" display-format="4.2f" display-range-maximum="100" display-range-minimum="0" domain-id="10" engineering-unit="%" export-for-steady-state="true" fixed-sensor="" fullset-stability="false" gid="3432" group="" idds-hardware-name="EMSParm_1432" is-continuous-log="true" is-critical="false" is-enabled="true" logical-id="devEMS" partition="Streaming" quality-ceiling="good" rtd-reference-channel="" signal-id="" subsystem-name="IDDS" subsystem-type="iDDS" topic="ParameterDataSeries">
                    <alarm-limits/>
                </instance>
                <instance name="EMSParm_1240" acquisition-rate="10" alternate-name="" calibration-group="" calibration-sensor="" customer-sensor="" data-type="float" deadband="0" description="" display-format="4.2f" display-range-maximum="100" display-range-minimum="0" domain-id="10" engineering-unit="%" export-for-steady-state="true" fixed-sensor="" fullset-stability="false" gid="3240" group="" idds-hardware-name="EMSParm_1240" is-continuous-log="true" is-critical="false" is-enabled="true" logical-id="devEMS" partition="Streaming" quality-ceiling="good" rtd-reference-channel="" signal-id="" subsystem-name="IDDS" subsystem-type="iDDS" topic="ParameterDataSeries">
                    <alarm-limits/>
                </instance>
                <instance name="EMSParm_406" acquisition-rate="10" alternate-name="" calibration-group="" calibration-sensor="" customer-sensor="" data-type="float" deadband="0" description="" display-format="4.2f" display-range-maximum="100" display-range-minimum="0" domain-id="10" engineering-unit="%" export-for-steady-state="true" fixed-sensor="" fullset-stability="false" gid="2406" group="" idds-hardware-name="EMSParm_406" is-continuous-log="true" is-critical="false" is-enabled="true" logical-id="devEMS" partition="Streaming" quality-ceiling="good" rtd-reference-channel="" signal-id="" subsystem-name="IDDS" subsystem-type="iDDS" topic="ParameterDataSeries">
                    <alarm-limits/>
                </instance>
                <instance name="EMSParm_1058" acquisition-rate="10" alternate-name="" calibration-group="" calibration-sensor="" customer-sensor="" data-type="float" deadband="0" description="" display-format="4.2f" display-range-maximum="100" display-range-minimum="0" domain-id="10" engineering-unit="%" export-for-steady-state="true" fixed-sensor="" fullset-stability="false" gid="3058" group="" idds-hardware-name="EMSParm_1058" is-continuous-log="true" is-critical="false" is-enabled="true" logical-id="devEMS" partition="Streaming" quality-ceiling="good" rtd-reference-channel="" signal-id="" subsystem-name="IDDS" subsystem-type="iDDS" topic="ParameterDataSeries">
                    <alarm-limits/>
                </instance>
                <instance name="EMSParm_1044" acquisition-rate="10" alternate-name="" calibration-group="" calibration-sensor="" customer-sensor="" data-type="float" deadband="0" description="" display-format="4.2f" display-range-maximum="100" display-range-minimum="0" domain-id="10" engineering-unit="%" export-for-steady-state="true" fixed-sensor="" fullset-stability="false" gid="3044" group="" idds-hardware-name="EMSParm_1044" is-continuous-log="true" is-critical="false" is-enabled="true" logical-id="devEMS" partition="Streaming" quality-ceiling="good" rtd-reference-channel="" signal-id="" subsystem-name="IDDS" subsystem-type="iDDS" topic="ParameterDataSeries">
                    <alarm-limits/>
                </instance>
                <instance name="EMSParm_294" acquisition-rate="10" alternate-name="" calibration-group="" calibration-sensor="" customer-sensor="" data-type="float" deadband="0" description="" display-format="4.2f" display-range-maximum="100" display-range-minimum="0" domain-id="10" engineering-unit="%" export-for-steady-state="true" fixed-sensor="" fullset-stability="false" gid="2294" group="" idds-hardware-name="EMSParm_294" is-continuous-log="true" is-critical="false" is-enabled="true" logical-id="devEMS" partition="Streaming" quality-ceiling="good" rtd-reference-channel="" signal-id="" subsystem-name="IDDS" subsystem-type="iDDS" topic="ParameterDataSeries">
                    <alarm-limits/>
                </instance>
                <instance name="EMSParm_231" acquisition-rate="10" alternate-name="" calibration-group="" calibration-sensor="" customer-sensor="" data-type="float" deadband="0" description="" display-format="4.2f" display-range-maximum="100" display-range-minimum="0" domain-id="10" engineering-unit="%" export-for-steady-state="true" fixed-sensor="" fullset-stability="false" gid="2231" group="" idds-hardware-name="EMSParm_231" is-continuous-log="true" is-critical="false" is-enabled="true" logical-id="devEMS" partition="Streaming" quality-ceiling="good" rtd-reference-channel="" signal-id="" subsystem-name="IDDS" subsystem-type="iDDS" topic="ParameterDataSeries">
                    <alarm-limits/>
                </instance>
                <instance name="EMSParm_661" acquisition-rate="10" alternate-name="" calibration-group="" calibration-sensor="" customer-sensor="" data-type="float" deadband="0" description="" display-format="4.2f" display-range-maximum="100" display-range-minimum="0" domain-id="10" engineering-unit="%" export-for-steady-state="true" fixed-sensor="" fullset-stability="false" gid="2661" group="" idds-hardware-name="EMSParm_661" is-continuous-log="true" is-critical="false" is-enabled="true" logical-id="devEMS" partition="Streaming" quality-ceiling="good" rtd-reference-channel="" signal-id="" subsystem-name="IDDS" subsystem-type="iDDS" topic="ParameterDataSeries">
                    <alarm-limits/>
                </instance>
                <instance name="EMSParm_915" acquisition-rate="10" alternate-name="" calibration-group="" calibration-sensor="" customer-sensor="" data-type="float" deadband="0" description="" display-format="4.2f" display-range-maximum="100" display-range-minimum="0" domain-id="10" engineering-unit="%" export-for-steady-state="true" fixed-sensor="" fullset-stability="false" gid="2915" group="" idds-hardware-name="EMSParm_915" is-continuous-log="true" is-critical="false" is-enabled="true" logical-id="devEMS" partition="Streaming" quality-ceiling="good" rtd-reference-channel="" signal-id="" subsystem-name="IDDS" subsystem-type="iDDS" topic="ParameterDataSeries">
                    <alarm-limits/>
                </instance>
                <instance name="EMSParm_327" acquisition-rate="10" alternate-name="" calibration-group="" calibration-sensor="" customer-sensor="" data-type="float" deadband="0" description="" display-format="4.2f" display-range-maximum="100" display-range-minimum="0" domain-id="10" engineering-unit="%" export-for-steady-state="true" fixed-sensor="" fullset-stability="false" gid="2327" group="" idds-hardware-name="EMSParm_327" is-continuous-log="true" is-critical="false" is-enabled="true" logical-id="devEMS" partition="Streaming" quality-ceiling="good" rtd-reference-channel="" signal-id="" subsystem-name="IDDS" subsystem-type="iDDS" topic="ParameterDataSeries">
                    <alarm-limits/>
                </instance>
                <instance name="EMSParm_747" acquisition-rate="10" alternate-name="" calibration-group="" calibration-sensor="" customer-sensor="" data-type="float" deadband="0" description="" display-format="4.2f" display-range-maximum="100" display-range-minimum="0" domain-id="10" engineering-unit="%" export-for-steady-state="true" fixed-sensor="" fullset-stability="false" gid="2747" group="" idds-hardware-name="EMSParm_747" is-continuous-log="true" is-critical="false" is-enabled="true" logical-id="devEMS" partition="Streaming" quality-ceiling="good" rtd-reference-channel="" signal-id="" subsystem-name="IDDS" subsystem-type="iDDS" topic="ParameterDataSeries">
                    <alarm-limits/>
                </instance>
                <instance name="EMSParm_421" acquisition-rate="10" alternate-name="" calibration-group="" calibration-sensor="" customer-sensor="" data-type="float" deadband="0" description="" display-format="4.2f" display-range-maximum="100" display-range-minimum="0" domain-id="10" engineering-unit="%" export-for-steady-state="true" fixed-sensor="" fullset-stability="false" gid="2421" group="" idds-hardware-name="EMSParm_421" is-continuous-log="true" is-critical="false" is-enabled="true" logical-id="devEMS" partition="Streaming" quality-ceiling="good" rtd-reference-channel="" signal-id="" subsystem-name="IDDS" subsystem-type="iDDS" topic="ParameterDataSeries">
                    <alarm-limits/>
                </instance>
                <instance name="EMSParm_1289" acquisition-rate="10" alternate-name="" calibration-group="" calibration-sensor="" customer-sensor="" data-type="float" deadband="0" description="" display-format="4.2f" display-range-maximum="100" display-range-minimum="0" domain-id="10" engineering-unit="%" export-for-steady-state="true" fixed-sensor="" fullset-stability="false" gid="3289" group="" idds-hardware-name="EMSParm_1289" is-continuous-log="true" is-critical="false" is-enabled="true" logical-id="devEMS" partition="Streaming" quality-ceiling="good" rtd-reference-channel="" signal-id="" subsystem-name="IDDS" subsystem-type="iDDS" topic="ParameterDataSeries">
                    <alarm-limits/>
                </instance>
                <instance name="EMSParm_363" acquisition-rate="10" alternate-name="" calibration-group="" calibration-sensor="" customer-sensor="" data-type="float" deadband="0" description="" display-format="4.2f" display-range-maximum="100" display-range-minimum="0" domain-id="10" engineering-unit="%" export-for-steady-state="true" fixed-sensor="" fullset-stability="false" gid="2363" group="" idds-hardware-name="EMSParm_363" is-continuous-log="true" is-critical="false" is-enabled="true" logical-id="devEMS" partition="Streaming" quality-ceiling="good" rtd-reference-channel="" signal-id="" subsystem-name="IDDS" subsystem-type="iDDS" topic="ParameterDataSeries">
                    <alarm-limits/>
                </instance>
                <instance name="EMSParm_389" acquisition-rate="10" alternate-name="" calibration-group="" calibration-sensor="" customer-sensor="" data-type="float" deadband="0" description="" display-format="4.2f" display-range-maximum="100" display-range-minimum="0" domain-id="10" engineering-unit="%" export-for-steady-state="true" fixed-sensor="" fullset-stability="false" gid="2389" group="" idds-hardware-name="EMSParm_389" is-continuous-log="true" is-critical="false" is-enabled="true" logical-id="devEMS" partition="Streaming" quality-ceiling="good" rtd-reference-channel="" signal-id="" subsystem-name="IDDS" subsystem-type="iDDS" topic="ParameterDataSeries">
                    <alarm-limits/>
                </instance>
                <instance name="EMSParm_1414" acquisition-rate="10" alternate-name="" calibration-group="" calibration-sensor="" customer-sensor="" data-type="float" deadband="0" description="" display-format="4.2f" display-range-maximum="100" display-range-minimum="0" domain-id="10" engineering-unit="%" export-for-steady-state="true" fixed-sensor="" fullset-stability="false" gid="3414" group="" idds-hardware-name="EMSParm_1414" is-continuous-log="true" is-critical="false" is-enabled="true" logical-id="devEMS" partition="Streaming" quality-ceiling="good" rtd-reference-channel="" signal-id="" subsystem-name="IDDS" subsystem-type="iDDS" topic="ParameterDataSeries">
                    <alarm-limits/>
                </instance>
                <instance name="EMSParm_979" acquisition-rate="10" alternate-name="" calibration-group="" calibration-sensor="" customer-sensor="" data-type="float" deadband="0" description="" display-format="4.2f" display-range-maximum="100" display-range-minimum="0" domain-id="10" engineering-unit="%" export-for-steady-state="true" fixed-sensor="" fullset-stability="false" gid="2979" group="" idds-hardware-name="EMSParm_979" is-continuous-log="true" is-critical="false" is-enabled="true" logical-id="devEMS" partition="Streaming" quality-ceiling="good" rtd-reference-channel="" signal-id="" subsystem-name="IDDS" subsystem-type="iDDS" topic="ParameterDataSeries">
                    <alarm-limits/>
                </instance>
                <instance name="EMSParm_416" acquisition-rate="10" alternate-name="" calibration-group="" calibration-sensor="" customer-sensor="" data-type="float" deadband="0" description="" display-format="4.2f" display-range-maximum="100" display-range-minimum="0" domain-id="10" engineering-unit="%" export-for-steady-state="true" fixed-sensor="" fullset-stability="false" gid="2416" group="" idds-hardware-name="EMSParm_416" is-continuous-log="true" is-critical="false" is-enabled="true" logical-id="devEMS" partition="Streaming" quality-ceiling="good" rtd-reference-channel="" signal-id="" subsystem-name="IDDS" subsystem-type="iDDS" topic="ParameterDataSeries">
                    <alarm-limits/>
                </instance>
                <instance name="EMSParm_1259" acquisition-rate="10" alternate-name="" calibration-group="" calibration-sensor="" customer-sensor="" data-type="float" deadband="0" description="" display-format="4.2f" display-range-maximum="100" display-range-minimum="0" domain-id="10" engineering-unit="%" export-for-steady-state="true" fixed-sensor="" fullset-stability="false" gid="3259" group="" idds-hardware-name="EMSParm_1259" is-continuous-log="true" is-critical="false" is-enabled="true" logical-id="devEMS" partition="Streaming" quality-ceiling="good" rtd-reference-channel="" signal-id="" subsystem-name="IDDS" subsystem-type="iDDS" topic="ParameterDataSeries">
                    <alarm-limits/>
                </instance>
                <instance name="EMSParm_735" acquisition-rate="10" alternate-name="" calibration-group="" calibration-sensor="" customer-sensor="" data-type="float" deadband="0" description="" display-format="4.2f" display-range-maximum="100" display-range-minimum="0" domain-id="10" engineering-unit="%" export-for-steady-state="true" fixed-sensor="" fullset-stability="false" gid="2735" group="" idds-hardware-name="EMSParm_735" is-continuous-log="true" is-critical="false" is-enabled="true" logical-id="devEMS" partition="Streaming" quality-ceiling="good" rtd-reference-channel="" signal-id="" subsystem-name="IDDS" subsystem-type="iDDS" topic="ParameterDataSeries">
                    <alarm-limits/>
                </instance>
                <instance name="EMSParm_1280" acquisition-rate="10" alternate-name="" calibration-group="" calibration-sensor="" customer-sensor="" data-type="float" deadband="0" description="" display-format="4.2f" display-range-maximum="100" display-range-minimum="0" domain-id="10" engineering-unit="%" export-for-steady-state="true" fixed-sensor="" fullset-stability="false" gid="3280" group="" idds-hardware-name="EMSParm_1280" is-continuous-log="true" is-critical="false" is-enabled="true" logical-id="devEMS" partition="Streaming" quality-ceiling="good" rtd-reference-channel="" signal-id="" subsystem-name="IDDS" subsystem-type="iDDS" topic="ParameterDataSeries">
                    <alarm-limits/>
                </instance>
                <instance name="calcAI00007" acquisition-rate="200" alternate-name="" calculated-equation="dnaAI00007" calculated-persistency="volatile" calibration-group="" calibration-sensor="" customer-sensor="" data-type="float" deadband="0" description="" display-format="4.2f" display-range-maximum="100" display-range-minimum="0" domain-id="4" engineering-unit="V" export-for-steady-state="true" fixed-sensor="" fullset-stability="false" gid="6011" group="" idds-hardware-name="calcAI00007" is-continuous-log="true" is-critical="false" is-enabled="true" is-output="false" logical-id="RTE" partition="Streaming" quality-ceiling="good" rtd-reference-channel="" signal-id="" subsystem-name="calculated" subsystem-type="calculated" topic="ParameterDataValue">
                    <alarm-limits/>
                </instance>
                <instance name="EMSParm_684" acquisition-rate="10" alternate-name="" calibration-group="" calibration-sensor="" customer-sensor="" data-type="float" deadband="0" description="" display-format="4.2f" display-range-maximum="100" display-range-minimum="0" domain-id="10" engineering-unit="%" export-for-steady-state="true" fixed-sensor="" fullset-stability="false" gid="2684" group="" idds-hardware-name="EMSParm_684" is-continuous-log="true" is-critical="false" is-enabled="true" logical-id="devEMS" partition="Streaming" quality-ceiling="good" rtd-reference-channel="" signal-id="" subsystem-name="IDDS" subsystem-type="iDDS" topic="ParameterDataSeries">
                    <alarm-limits/>
                </instance>
                <instance name="EMSParm_1367" acquisition-rate="10" alternate-name="" calibration-group="" calibration-sensor="" customer-sensor="" data-type="float" deadband="0" description="" display-format="4.2f" display-range-maximum="100" display-range-minimum="0" domain-id="10" engineering-unit="%" export-for-steady-state="true" fixed-sensor="" fullset-stability="false" gid="3367" group="" idds-hardware-name="EMSParm_1367" is-continuous-log="true" is-critical="false" is-enabled="true" logical-id="devEMS" partition="Streaming" quality-ceiling="good" rtd-reference-channel="" signal-id="" subsystem-name="IDDS" subsystem-type="iDDS" topic="ParameterDataSeries">
                    <alarm-limits/>
                </instance>
                <instance name="pb91162ch13" acquisition-rate="1" alternate-name="" calibration-group="" calibration-sensor="" customer-sensor="" data-type="float" deadband="0" description="" display-format="4.2f" display-range-maximum="100" display-range-minimum="0" domain-id="2" engineering-unit="psi" export-for-steady-state="true" fixed-sensor="" fullset-stability="false" gid="-1" group="" idds-hardware-name="" is-continuous-log="true" is-critical="false" is-enabled="true" is-output="false" logical-id="" partition="" pbs-amb-press-channel="" pbs-avg-samples="4" pbs-input-type="pressure" pbs-port="13" pbs-serial-number="PB8793" quality-ceiling="good" rtd-reference-channel="" signal-id="" subsystem-name="PBS" subsystem-type="pbs" topic="">
                    <alarm-limits/>
                </instance>
                <instance name="EMSParm_16" acquisition-rate="10" alternate-name="" calibration-group="" calibration-sensor="" customer-sensor="" data-type="float" deadband="0" description="" display-format="4.2f" display-range-maximum="100" display-range-minimum="0" domain-id="10" engineering-unit="%" export-for-steady-state="true" fixed-sensor="" fullset-stability="false" gid="2016" group="" idds-hardware-name="EMSParm_16" is-continuous-log="true" is-critical="false" is-enabled="true" logical-id="devEMS" partition="Streaming" quality-ceiling="good" rtd-reference-channel="" signal-id="" subsystem-name="IDDS" subsystem-type="iDDS" topic="ParameterDataSeries">
                    <alarm-limits/>
                </instance>
                <instance name="T000022" acquisition-rate="10" alternate-name="" calibration-group="" calibration-sensor="" customer-sensor="" data-type="float" deadband="0" description="" display-format="4.2f" display-range-maximum="100" display-range-minimum="0" domain-id="2" engineering-unit="degC" export-for-steady-state="true" fixed-sensor="" fullset-stability="false" gid="5022" group="" idds-hardware-name="SCUTRDEMO_Ch22" is-continuous-log="true" is-critical="false" is-enabled="true" logical-id="scutrsim" partition="Streaming" quality-ceiling="good" rtd-reference-channel="" signal-id="" subsystem-name="IDDS" subsystem-type="iDDS" topic="ParameterDataSeries">
                    <alarm-limits/>
                </instance>
                <instance name="EMSParm_1023" acquisition-rate="10" alternate-name="" calibration-group="" calibration-sensor="" customer-sensor="" data-type="float" deadband="0" description="" display-format="4.2f" display-range-maximum="100" display-range-minimum="0" domain-id="10" engineering-unit="%" export-for-steady-state="true" fixed-sensor="" fullset-stability="false" gid="3023" group="" idds-hardware-name="EMSParm_1023" is-continuous-log="true" is-critical="false" is-enabled="true" logical-id="devEMS" partition="Streaming" quality-ceiling="good" rtd-reference-channel="" signal-id="" subsystem-name="IDDS" subsystem-type="iDDS" topic="ParameterDataSeries">
                    <alarm-limits/>
                </instance>
                <instance name="EMSParm_1002" acquisition-rate="10" alternate-name="" calibration-group="" calibration-sensor="" customer-sensor="" data-type="float" deadband="0" description="" display-format="4.2f" display-range-maximum="100" display-range-minimum="0" domain-id="10" engineering-unit="%" export-for-steady-state="true" fixed-sensor="" fullset-stability="false" gid="3002" group="" idds-hardware-name="EMSParm_1002" is-continuous-log="true" is-critical="false" is-enabled="true" logical-id="devEMS" partition="Streaming" quality-ceiling="good" rtd-reference-channel="" signal-id="" subsystem-name="IDDS" subsystem-type="iDDS" topic="ParameterDataSeries">
                    <alarm-limits/>
                </instance>
                <instance name="EMSParm_219" acquisition-rate="10" alternate-name="" calibration-group="" calibration-sensor="" customer-sensor="" data-type="float" deadband="0" description="" display-format="4.2f" display-range-maximum="100" display-range-minimum="0" domain-id="10" engineering-unit="%" export-for-steady-state="true" fixed-sensor="" fullset-stability="false" gid="2219" group="" idds-hardware-name="EMSParm_219" is-continuous-log="true" is-critical="false" is-enabled="true" logical-id="devEMS" partition="Streaming" quality-ceiling="good" rtd-reference-channel="" signal-id="" subsystem-name="IDDS" subsystem-type="iDDS" topic="ParameterDataSeries">
                    <alarm-limits/>
                </instance>
                <instance name="EMSParm_1295" acquisition-rate="10" alternate-name="" calibration-group="" calibration-sensor="" customer-sensor="" data-type="float" deadband="0" description="" display-format="4.2f" display-range-maximum="100" display-range-minimum="0" domain-id="10" engineering-unit="%" export-for-steady-state="true" fixed-sensor="" fullset-stability="false" gid="3295" group="" idds-hardware-name="EMSParm_1295" is-continuous-log="true" is-critical="false" is-enabled="true" logical-id="devEMS" partition="Streaming" quality-ceiling="good" rtd-reference-channel="" signal-id="" subsystem-name="IDDS" subsystem-type="iDDS" topic="ParameterDataSeries">
                    <alarm-limits/>
                </instance>
                <instance name="EMSParm_1130" acquisition-rate="10" alternate-name="" calibration-group="" calibration-sensor="" customer-sensor="" data-type="float" deadband="0" description="" display-format="4.2f" display-range-maximum="100" display-range-minimum="0" domain-id="10" engineering-unit="%" export-for-steady-state="true" fixed-sensor="" fullset-stability="false" gid="3130" group="" idds-hardware-name="EMSParm_1130" is-continuous-log="true" is-critical="false" is-enabled="true" logical-id="devEMS" partition="Streaming" quality-ceiling="good" rtd-reference-channel="" signal-id="" subsystem-name="IDDS" subsystem-type="iDDS" topic="ParameterDataSeries">
                    <alarm-limits/>
                </instance>
                <instance name="EMSParm_1102" acquisition-rate="10" alternate-name="" calibration-group="" calibration-sensor="" customer-sensor="" data-type="float" deadband="0" description="" display-format="4.2f" display-range-maximum="100" display-range-minimum="0" domain-id="10" engineering-unit="%" export-for-steady-state="true" fixed-sensor="" fullset-stability="false" gid="3102" group="" idds-hardware-name="EMSParm_1102" is-continuous-log="true" is-critical="false" is-enabled="true" logical-id="devEMS" partition="Streaming" quality-ceiling="good" rtd-reference-channel="" signal-id="" subsystem-name="IDDS" subsystem-type="iDDS" topic="ParameterDataSeries">
                    <alarm-limits/>
                </instance>
                <instance name="EMSParm_149" acquisition-rate="10" alternate-name="" calibration-group="" calibration-sensor="" customer-sensor="" data-type="float" deadband="0" description="" display-format="4.2f" display-range-maximum="100" display-range-minimum="0" domain-id="10" engineering-unit="%" export-for-steady-state="true" fixed-sensor="" fullset-stability="false" gid="2149" group="" idds-hardware-name="EMSParm_149" is-continuous-log="true" is-critical="false" is-enabled="true" logical-id="devEMS" partition="Streaming" quality-ceiling="good" rtd-reference-channel="" signal-id="" subsystem-name="IDDS" subsystem-type="iDDS" topic="ParameterDataSeries">
                    <alarm-limits/>
                </instance>
                <instance name="EMSParm_40" acquisition-rate="10" alternate-name="" calibration-group="" calibration-sensor="" customer-sensor="" data-type="float" deadband="0" description="" display-format="4.2f" display-range-maximum="100" display-range-minimum="0" domain-id="10" engineering-unit="%" export-for-steady-state="true" fixed-sensor="" fullset-stability="false" gid="2040" group="" idds-hardware-name="EMSParm_40" is-continuous-log="true" is-critical="false" is-enabled="true" logical-id="devEMS" partition="Streaming" quality-ceiling="good" rtd-reference-channel="" signal-id="" subsystem-name="IDDS" subsystem-type="iDDS" topic="ParameterDataSeries">
                    <alarm-limits/>
                </instance>
                <instance name="EMSParm_713" acquisition-rate="10" alternate-name="" calibration-group="" calibration-sensor="" customer-sensor="" data-type="float" deadband="0" description="" display-format="4.2f" display-range-maximum="100" display-range-minimum="0" domain-id="10" engineering-unit="%" export-for-steady-state="true" fixed-sensor="" fullset-stability="false" gid="2713" group="" idds-hardware-name="EMSParm_713" is-continuous-log="true" is-critical="false" is-enabled="true" logical-id="devEMS" partition="Streaming" quality-ceiling="good" rtd-reference-channel="" signal-id="" subsystem-name="IDDS" subsystem-type="iDDS" topic="ParameterDataSeries">
                    <alarm-limits/>
                </instance>
                <instance name="EMSParm_634" acquisition-rate="10" alternate-name="" calibration-group="" calibration-sensor="" customer-sensor="" data-type="float" deadband="0" description="" display-format="4.2f" display-range-maximum="100" display-range-minimum="0" domain-id="10" engineering-unit="%" export-for-steady-state="true" fixed-sensor="" fullset-stability="false" gid="2634" group="" idds-hardware-name="EMSParm_634" is-continuous-log="true" is-critical="false" is-enabled="true" logical-id="devEMS" partition="Streaming" quality-ceiling="good" rtd-reference-channel="" signal-id="" subsystem-name="IDDS" subsystem-type="iDDS" topic="ParameterDataSeries">
                    <alarm-limits/>
                </instance>
                <instance name="EMSParm_953" acquisition-rate="10" alternate-name="" calibration-group="" calibration-sensor="" customer-sensor="" data-type="float" deadband="0" description="" display-format="4.2f" display-range-maximum="100" display-range-minimum="0" domain-id="10" engineering-unit="%" export-for-steady-state="true" fixed-sensor="" fullset-stability="false" gid="2953" group="" idds-hardware-name="EMSParm_953" is-continuous-log="true" is-critical="false" is-enabled="true" logical-id="devEMS" partition="Streaming" quality-ceiling="good" rtd-reference-channel="" signal-id="" subsystem-name="IDDS" subsystem-type="iDDS" topic="ParameterDataSeries">
                    <alarm-limits/>
                </instance>
                <instance name="EMSParm_115" acquisition-rate="10" alternate-name="" calibration-group="" calibration-sensor="" customer-sensor="" data-type="float" deadband="0" description="" display-format="4.2f" display-range-maximum="100" display-range-minimum="0" domain-id="10" engineering-unit="%" export-for-steady-state="true" fixed-sensor="" fullset-stability="false" gid="2115" group="" idds-hardware-name="EMSParm_115" is-continuous-log="true" is-critical="false" is-enabled="true" logical-id="devEMS" partition="Streaming" quality-ceiling="good" rtd-reference-channel="" signal-id="" subsystem-name="IDDS" subsystem-type="iDDS" topic="ParameterDataSeries">
                    <alarm-limits/>
                </instance>
                <instance name="EMSParm_1571" acquisition-rate="10" alternate-name="" calibration-group="" calibration-sensor="" customer-sensor="" data-type="float" deadband="0" description="" display-format="4.2f" display-range-maximum="100" display-range-minimum="0" domain-id="10" engineering-unit="%" export-for-steady-state="true" fixed-sensor="" fullset-stability="false" gid="3571" group="" idds-hardware-name="EMSParm_1571" is-continuous-log="true" is-critical="false" is-enabled="true" logical-id="devEMS" partition="Streaming" quality-ceiling="good" rtd-reference-channel="" signal-id="" subsystem-name="IDDS" subsystem-type="iDDS" topic="ParameterDataSeries">
                    <alarm-limits/>
                </instance>
                <instance name="EMSParm_696" acquisition-rate="10" alternate-name="" calibration-group="" calibration-sensor="" customer-sensor="" data-type="float" deadband="0" description="" display-format="4.2f" display-range-maximum="100" display-range-minimum="0" domain-id="10" engineering-unit="%" export-for-steady-state="true" fixed-sensor="" fullset-stability="false" gid="2696" group="" idds-hardware-name="EMSParm_696" is-continuous-log="true" is-critical="false" is-enabled="true" logical-id="devEMS" partition="Streaming" quality-ceiling="good" rtd-reference-channel="" signal-id="" subsystem-name="IDDS" subsystem-type="iDDS" topic="ParameterDataSeries">
                    <alarm-limits/>
                </instance>
                <instance name="EMSParm_240" acquisition-rate="10" alternate-name="" calibration-group="" calibration-sensor="" customer-sensor="" data-type="float" deadband="0" description="" display-format="4.2f" display-range-maximum="100" display-range-minimum="0" domain-id="10" engineering-unit="%" export-for-steady-state="true" fixed-sensor="" fullset-stability="false" gid="2240" group="" idds-hardware-name="EMSParm_240" is-continuous-log="true" is-critical="false" is-enabled="true" logical-id="devEMS" partition="Streaming" quality-ceiling="good" rtd-reference-channel="" signal-id="" subsystem-name="IDDS" subsystem-type="iDDS" topic="ParameterDataSeries">
                    <alarm-limits/>
                </instance>
                <instance name="EMSParm_927" acquisition-rate="10" alternate-name="" calibration-group="" calibration-sensor="" customer-sensor="" data-type="float" deadband="0" description="" display-format="4.2f" display-range-maximum="100" display-range-minimum="0" domain-id="10" engineering-unit="%" export-for-steady-state="true" fixed-sensor="" fullset-stability="false" gid="2927" group="" idds-hardware-name="EMSParm_927" is-continuous-log="true" is-critical="false" is-enabled="true" logical-id="devEMS" partition="Streaming" quality-ceiling="good" rtd-reference-channel="" signal-id="" subsystem-name="IDDS" subsystem-type="iDDS" topic="ParameterDataSeries">
                    <alarm-limits/>
                </instance>
                <instance name="dnaDIO00001" acquisition-rate="200" alternate-name="" calibration-group="" calibration-sensor="" customer-sensor="" data-type="float" deadband="0" description="Input channel 1" display-format="4.2f" display-range-maximum="100" display-range-minimum="0" domain-id="3" engineering-unit="V" export-for-steady-state="true" fixed-sensor="" fullset-stability="false" gid="1" group="" idds-hardware-name="dev03/ch00001" is-continuous-log="true" is-critical="false" is-enabled="true" logical-id="devCube999" partition="Streaming" quality-ceiling="good" rtd-reference-channel="" signal-id="" subsystem-name="IDDS" subsystem-type="iDDS" topic="ParameterDataValue">
                    <alarm-limits/>
                </instance>
                <instance name="EMSParm_984" acquisition-rate="10" alternate-name="" calibration-group="" calibration-sensor="" customer-sensor="" data-type="float" deadband="0" description="" display-format="4.2f" display-range-maximum="100" display-range-minimum="0" domain-id="10" engineering-unit="%" export-for-steady-state="true" fixed-sensor="" fullset-stability="false" gid="2984" group="" idds-hardware-name="EMSParm_984" is-continuous-log="true" is-critical="false" is-enabled="true" logical-id="devEMS" partition="Streaming" quality-ceiling="good" rtd-reference-channel="" signal-id="" subsystem-name="IDDS" subsystem-type="iDDS" topic="ParameterDataSeries">
                    <alarm-limits/>
                </instance>
                <instance name="EMSParm_70" acquisition-rate="10" alternate-name="" calibration-group="" calibration-sensor="" customer-sensor="" data-type="float" deadband="0" description="" display-format="4.2f" display-range-maximum="100" display-range-minimum="0" domain-id="10" engineering-unit="%" export-for-steady-state="true" fixed-sensor="" fullset-stability="false" gid="2070" group="" idds-hardware-name="EMSParm_70" is-continuous-log="true" is-critical="false" is-enabled="true" logical-id="devEMS" partition="Streaming" quality-ceiling="good" rtd-reference-channel="" signal-id="" subsystem-name="IDDS" subsystem-type="iDDS" topic="ParameterDataSeries">
                    <alarm-limits/>
                </instance>
                <instance name="EMSParm_580" acquisition-rate="10" alternate-name="" calibration-group="" calibration-sensor="" customer-sensor="" data-type="float" deadband="0" description="" display-format="4.2f" display-range-maximum="100" display-range-minimum="0" domain-id="10" engineering-unit="%" export-for-steady-state="true" fixed-sensor="" fullset-stability="false" gid="2580" group="" idds-hardware-name="EMSParm_580" is-continuous-log="true" is-critical="false" is-enabled="true" logical-id="devEMS" partition="Streaming" quality-ceiling="good" rtd-reference-channel="" signal-id="" subsystem-name="IDDS" subsystem-type="iDDS" topic="ParameterDataSeries">
                    <alarm-limits/>
                </instance>
                <instance name="EMSParm_1527" acquisition-rate="10" alternate-name="" calibration-group="" calibration-sensor="" customer-sensor="" data-type="float" deadband="0" description="" display-format="4.2f" display-range-maximum="100" display-range-minimum="0" domain-id="10" engineering-unit="%" export-for-steady-state="true" fixed-sensor="" fullset-stability="false" gid="3527" group="" idds-hardware-name="EMSParm_1527" is-continuous-log="true" is-critical="false" is-enabled="true" logical-id="devEMS" partition="Streaming" quality-ceiling="good" rtd-reference-channel="" signal-id="" subsystem-name="IDDS" subsystem-type="iDDS" topic="ParameterDataSeries">
                    <alarm-limits/>
                </instance>
                <instance name="EMSParm_350" acquisition-rate="10" alternate-name="" calibration-group="" calibration-sensor="" customer-sensor="" data-type="float" deadband="0" description="" display-format="4.2f" display-range-maximum="100" display-range-minimum="0" domain-id="10" engineering-unit="%" export-for-steady-state="true" fixed-sensor="" fullset-stability="false" gid="2350" group="" idds-hardware-name="EMSParm_350" is-continuous-log="true" is-critical="false" is-enabled="true" logical-id="devEMS" partition="Streaming" quality-ceiling="good" rtd-reference-channel="" signal-id="" subsystem-name="IDDS" subsystem-type="iDDS" topic="ParameterDataSeries">
                    <alarm-limits/>
                </instance>
                <instance name="EMSParm_1509" acquisition-rate="10" alternate-name="" calibration-group="" calibration-sensor="" customer-sensor="" data-type="float" deadband="0" description="" display-format="4.2f" display-range-maximum="100" display-range-minimum="0" domain-id="10" engineering-unit="%" export-for-steady-state="true" fixed-sensor="" fullset-stability="false" gid="3509" group="" idds-hardware-name="EMSParm_1509" is-continuous-log="true" is-critical="false" is-enabled="true" logical-id="devEMS" partition="Streaming" quality-ceiling="good" rtd-reference-channel="" signal-id="" subsystem-name="IDDS" subsystem-type="iDDS" topic="ParameterDataSeries">
                    <alarm-limits/>
                </instance>
                <instance name="EMSParm_1175" acquisition-rate="10" alternate-name="" calibration-group="" calibration-sensor="" customer-sensor="" data-type="float" deadband="0" description="" display-format="4.2f" display-range-maximum="100" display-range-minimum="0" domain-id="10" engineering-unit="%" export-for-steady-state="true" fixed-sensor="" fullset-stability="false" gid="3175" group="" idds-hardware-name="EMSParm_1175" is-continuous-log="true" is-critical="false" is-enabled="true" logical-id="devEMS" partition="Streaming" quality-ceiling="good" rtd-reference-channel="" signal-id="" subsystem-name="IDDS" subsystem-type="iDDS" topic="ParameterDataSeries">
                    <alarm-limits/>
                </instance>
                <instance name="EMSParm_557" acquisition-rate="10" alternate-name="" calibration-group="" calibration-sensor="" customer-sensor="" data-type="float" deadband="0" description="" display-format="4.2f" display-range-maximum="100" display-range-minimum="0" domain-id="10" engineering-unit="%" export-for-steady-state="true" fixed-sensor="" fullset-stability="false" gid="2557" group="" idds-hardware-name="EMSParm_557" is-continuous-log="true" is-critical="false" is-enabled="true" logical-id="devEMS" partition="Streaming" quality-ceiling="good" rtd-reference-channel="" signal-id="" subsystem-name="IDDS" subsystem-type="iDDS" topic="ParameterDataSeries">
                    <alarm-limits/>
                </instance>
                <instance name="EMSParm_706" acquisition-rate="10" alternate-name="" calibration-group="" calibration-sensor="" customer-sensor="" data-type="float" deadband="0" description="" display-format="4.2f" display-range-maximum="100" display-range-minimum="0" domain-id="10" engineering-unit="%" export-for-steady-state="true" fixed-sensor="" fullset-stability="false" gid="2706" group="" idds-hardware-name="EMSParm_706" is-continuous-log="true" is-critical="false" is-enabled="true" logical-id="devEMS" partition="Streaming" quality-ceiling="good" rtd-reference-channel="" signal-id="" subsystem-name="IDDS" subsystem-type="iDDS" topic="ParameterDataSeries">
                    <alarm-limits/>
                </instance>
                <instance name="EMSParm_29" acquisition-rate="10" alternate-name="" calibration-group="" calibration-sensor="" customer-sensor="" data-type="float" deadband="0" description="" display-format="4.2f" display-range-maximum="100" display-range-minimum="0" domain-id="10" engineering-unit="%" export-for-steady-state="true" fixed-sensor="" fullset-stability="false" gid="2029" group="" idds-hardware-name="EMSParm_29" is-continuous-log="true" is-critical="false" is-enabled="true" logical-id="devEMS" partition="Streaming" quality-ceiling="good" rtd-reference-channel="" signal-id="" subsystem-name="IDDS" subsystem-type="iDDS" topic="ParameterDataSeries">
                    <alarm-limits/>
                </instance>
                <instance name="EMSParm_133" acquisition-rate="10" alternate-name="" calibration-group="" calibration-sensor="" customer-sensor="" data-type="float" deadband="0" description="" display-format="4.2f" display-range-maximum="100" display-range-minimum="0" domain-id="10" engineering-unit="%" export-for-steady-state="true" fixed-sensor="" fullset-stability="false" gid="2133" group="" idds-hardware-name="EMSParm_133" is-continuous-log="true" is-critical="false" is-enabled="true" logical-id="devEMS" partition="Streaming" quality-ceiling="good" rtd-reference-channel="" signal-id="" subsystem-name="IDDS" subsystem-type="iDDS" topic="ParameterDataSeries">
                    <alarm-limits/>
                </instance>
                <instance name="EMSParm_1555" acquisition-rate="10" alternate-name="" calibration-group="" calibration-sensor="" customer-sensor="" data-type="float" deadband="0" description="" display-format="4.2f" display-range-maximum="100" display-range-minimum="0" domain-id="10" engineering-unit="%" export-for-steady-state="true" fixed-sensor="" fullset-stability="false" gid="3555" group="" idds-hardware-name="EMSParm_1555" is-continuous-log="true" is-critical="false" is-enabled="true" logical-id="devEMS" partition="Streaming" quality-ceiling="good" rtd-reference-channel="" signal-id="" subsystem-name="IDDS" subsystem-type="iDDS" topic="ParameterDataSeries">
                    <alarm-limits/>
                </instance>
                <instance name="EMSParm_419" acquisition-rate="10" alternate-name="" calibration-group="" calibration-sensor="" customer-sensor="" data-type="float" deadband="0" description="" display-format="4.2f" display-range-maximum="100" display-range-minimum="0" domain-id="10" engineering-unit="%" export-for-steady-state="true" fixed-sensor="" fullset-stability="false" gid="2419" group="" idds-hardware-name="EMSParm_419" is-continuous-log="true" is-critical="false" is-enabled="true" logical-id="devEMS" partition="Streaming" quality-ceiling="good" rtd-reference-channel="" signal-id="" subsystem-name="IDDS" subsystem-type="iDDS" topic="ParameterDataSeries">
                    <alarm-limits/>
                </instance>
                <instance name="EMSParm_67" acquisition-rate="10" alternate-name="" calibration-group="" calibration-sensor="" customer-sensor="" data-type="float" deadband="0" description="" display-format="4.2f" display-range-maximum="100" display-range-minimum="0" domain-id="10" engineering-unit="%" export-for-steady-state="true" fixed-sensor="" fullset-stability="false" gid="2067" group="" idds-hardware-name="EMSParm_67" is-continuous-log="true" is-critical="false" is-enabled="true" logical-id="devEMS" partition="Streaming" quality-ceiling="good" rtd-reference-channel="" signal-id="" subsystem-name="IDDS" subsystem-type="iDDS" topic="ParameterDataSeries">
                    <alarm-limits/>
                </instance>
                <instance name="EMSParm_1578" acquisition-rate="10" alternate-name="" calibration-group="" calibration-sensor="" customer-sensor="" data-type="float" deadband="0" description="" display-format="4.2f" display-range-maximum="100" display-range-minimum="0" domain-id="10" engineering-unit="%" export-for-steady-state="true" fixed-sensor="" fullset-stability="false" gid="3578" group="" idds-hardware-name="EMSParm_1578" is-continuous-log="true" is-critical="false" is-enabled="true" logical-id="devEMS" partition="Streaming" quality-ceiling="good" rtd-reference-channel="" signal-id="" subsystem-name="IDDS" subsystem-type="iDDS" topic="ParameterDataSeries">
                    <alarm-limits/>
                </instance>
                <instance name="EMSParm_485" acquisition-rate="10" alternate-name="" calibration-group="" calibration-sensor="" customer-sensor="" data-type="float" deadband="0" description="" display-format="4.2f" display-range-maximum="100" display-range-minimum="0" domain-id="10" engineering-unit="%" export-for-steady-state="true" fixed-sensor="" fullset-stability="false" gid="2485" group="" idds-hardware-name="EMSParm_485" is-continuous-log="true" is-critical="false" is-enabled="true" logical-id="devEMS" partition="Streaming" quality-ceiling="good" rtd-reference-channel="" signal-id="" subsystem-name="IDDS" subsystem-type="iDDS" topic="ParameterDataSeries">
                    <alarm-limits/>
                </instance>
                <instance name="EMSParm_874" acquisition-rate="10" alternate-name="" calibration-group="" calibration-sensor="" customer-sensor="" data-type="float" deadband="0" description="" display-format="4.2f" display-range-maximum="100" display-range-minimum="0" domain-id="10" engineering-unit="%" export-for-steady-state="true" fixed-sensor="" fullset-stability="false" gid="2874" group="" idds-hardware-name="EMSParm_874" is-continuous-log="true" is-critical="false" is-enabled="true" logical-id="devEMS" partition="Streaming" quality-ceiling="good" rtd-reference-channel="" signal-id="" subsystem-name="IDDS" subsystem-type="iDDS" topic="ParameterDataSeries">
                    <alarm-limits/>
                </instance>
                <instance name="EMSParm_1138" acquisition-rate="10" alternate-name="" calibration-group="" calibration-sensor="" customer-sensor="" data-type="float" deadband="0" description="" display-format="4.2f" display-range-maximum="100" display-range-minimum="0" domain-id="10" engineering-unit="%" export-for-steady-state="true" fixed-sensor="" fullset-stability="false" gid="3138" group="" idds-hardware-name="EMSParm_1138" is-continuous-log="true" is-critical="false" is-enabled="true" logical-id="devEMS" partition="Streaming" quality-ceiling="good" rtd-reference-channel="" signal-id="" subsystem-name="IDDS" subsystem-type="iDDS" topic="ParameterDataSeries">
                    <alarm-limits/>
                </instance>
                <instance name="EMSParm_617" acquisition-rate="10" alternate-name="" calibration-group="" calibration-sensor="" customer-sensor="" data-type="float" deadband="0" description="" display-format="4.2f" display-range-maximum="100" display-range-minimum="0" domain-id="10" engineering-unit="%" export-for-steady-state="true" fixed-sensor="" fullset-stability="false" gid="2617" group="" idds-hardware-name="EMSParm_617" is-continuous-log="true" is-critical="false" is-enabled="true" logical-id="devEMS" partition="Streaming" quality-ceiling="good" rtd-reference-channel="" signal-id="" subsystem-name="IDDS" subsystem-type="iDDS" topic="ParameterDataSeries">
                    <alarm-limits/>
                </instance>
                <instance name="EMSParm_1111" acquisition-rate="10" alternate-name="" calibration-group="" calibration-sensor="" customer-sensor="" data-type="float" deadband="0" description="" display-format="4.2f" display-range-maximum="100" display-range-minimum="0" domain-id="10" engineering-unit="%" export-for-steady-state="true" fixed-sensor="" fullset-stability="false" gid="3111" group="" idds-hardware-name="EMSParm_1111" is-continuous-log="true" is-critical="false" is-enabled="true" logical-id="devEMS" partition="Streaming" quality-ceiling="good" rtd-reference-channel="" signal-id="" subsystem-name="IDDS" subsystem-type="iDDS" topic="ParameterDataSeries">
                    <alarm-limits/>
                </instance>
                <instance name="EMSParm_437" acquisition-rate="10" alternate-name="" calibration-group="" calibration-sensor="" customer-sensor="" data-type="float" deadband="0" description="" display-format="4.2f" display-range-maximum="100" display-range-minimum="0" domain-id="10" engineering-unit="%" export-for-steady-state="true" fixed-sensor="" fullset-stability="false" gid="2437" group="" idds-hardware-name="EMSParm_437" is-continuous-log="true" is-critical="false" is-enabled="true" logical-id="devEMS" partition="Streaming" quality-ceiling="good" rtd-reference-channel="" signal-id="" subsystem-name="IDDS" subsystem-type="iDDS" topic="ParameterDataSeries">
                    <alarm-limits/>
                </instance>
                <instance name="EMSParm_1242" acquisition-rate="10" alternate-name="" calibration-group="" calibration-sensor="" customer-sensor="" data-type="float" deadband="0" description="" display-format="4.2f" display-range-maximum="100" display-range-minimum="0" domain-id="10" engineering-unit="%" export-for-steady-state="true" fixed-sensor="" fullset-stability="false" gid="3242" group="" idds-hardware-name="EMSParm_1242" is-continuous-log="true" is-critical="false" is-enabled="true" logical-id="devEMS" partition="Streaming" quality-ceiling="good" rtd-reference-channel="" signal-id="" subsystem-name="IDDS" subsystem-type="iDDS" topic="ParameterDataSeries">
                    <alarm-limits/>
                </instance>
                <instance name="EMSParm_23" acquisition-rate="10" alternate-name="" calibration-group="" calibration-sensor="" customer-sensor="" data-type="float" deadband="0" description="" display-format="4.2f" display-range-maximum="100" display-range-minimum="0" domain-id="10" engineering-unit="%" export-for-steady-state="true" fixed-sensor="" fullset-stability="false" gid="2023" group="" idds-hardware-name="EMSParm_23" is-continuous-log="true" is-critical="false" is-enabled="true" logical-id="devEMS" partition="Streaming" quality-ceiling="good" rtd-reference-channel="" signal-id="" subsystem-name="IDDS" subsystem-type="iDDS" topic="ParameterDataSeries">
                    <alarm-limits/>
                </instance>
                <instance name="EMSParm_879" acquisition-rate="10" alternate-name="" calibration-group="" calibration-sensor="" customer-sensor="" data-type="float" deadband="0" description="" display-format="4.2f" display-range-maximum="100" display-range-minimum="0" domain-id="10" engineering-unit="%" export-for-steady-state="true" fixed-sensor="" fullset-stability="false" gid="2879" group="" idds-hardware-name="EMSParm_879" is-continuous-log="true" is-critical="false" is-enabled="true" logical-id="devEMS" partition="Streaming" quality-ceiling="good" rtd-reference-channel="" signal-id="" subsystem-name="IDDS" subsystem-type="iDDS" topic="ParameterDataSeries">
                    <alarm-limits/>
                </instance>
                <instance name="EMSParm_900" acquisition-rate="10" alternate-name="" calibration-group="" calibration-sensor="" customer-sensor="" data-type="float" deadband="0" description="" display-format="4.2f" display-range-maximum="100" display-range-minimum="0" domain-id="10" engineering-unit="%" export-for-steady-state="true" fixed-sensor="" fullset-stability="false" gid="2900" group="" idds-hardware-name="EMSParm_900" is-continuous-log="true" is-critical="false" is-enabled="true" logical-id="devEMS" partition="Streaming" quality-ceiling="good" rtd-reference-channel="" signal-id="" subsystem-name="IDDS" subsystem-type="iDDS" topic="ParameterDataSeries">
                    <alarm-limits/>
                </instance>
                <instance name="dnaDIO00009" acquisition-rate="200" alternate-name="" calibration-group="" calibration-sensor="" customer-sensor="" data-type="float" deadband="0" description="Input channel 9" display-format="4.2f" display-range-maximum="100" display-range-minimum="0" domain-id="3" engineering-unit="V" export-for-steady-state="true" fixed-sensor="" fullset-stability="false" gid="9" group="" idds-hardware-name="dev03/ch00009" is-continuous-log="true" is-critical="false" is-enabled="true" logical-id="devCube999" partition="Streaming" quality-ceiling="good" rtd-reference-channel="" signal-id="" subsystem-name="IDDS" subsystem-type="iDDS" topic="ParameterDataValue">
                    <alarm-limits/>
                </instance>
                <instance name="EMSParm_1184" acquisition-rate="10" alternate-name="" calibration-group="" calibration-sensor="" customer-sensor="" data-type="float" deadband="0" description="" display-format="4.2f" display-range-maximum="100" display-range-minimum="0" domain-id="10" engineering-unit="%" export-for-steady-state="true" fixed-sensor="" fullset-stability="false" gid="3184" group="" idds-hardware-name="EMSParm_1184" is-continuous-log="true" is-critical="false" is-enabled="true" logical-id="devEMS" partition="Streaming" quality-ceiling="good" rtd-reference-channel="" signal-id="" subsystem-name="IDDS" subsystem-type="iDDS" topic="ParameterDataSeries">
                    <alarm-limits/>
                </instance>
                <instance name="EMSParm_1488" acquisition-rate="10" alternate-name="" calibration-group="" calibration-sensor="" customer-sensor="" data-type="float" deadband="0" description="" display-format="4.2f" display-range-maximum="100" display-range-minimum="0" domain-id="10" engineering-unit="%" export-for-steady-state="true" fixed-sensor="" fullset-stability="false" gid="3488" group="" idds-hardware-name="EMSParm_1488" is-continuous-log="true" is-critical="false" is-enabled="true" logical-id="devEMS" partition="Streaming" quality-ceiling="good" rtd-reference-channel="" signal-id="" subsystem-name="IDDS" subsystem-type="iDDS" topic="ParameterDataSeries">
                    <alarm-limits/>
                </instance>
                <instance name="EMSParm_1153" acquisition-rate="10" alternate-name="" calibration-group="" calibration-sensor="" customer-sensor="" data-type="float" deadband="0" description="" display-format="4.2f" display-range-maximum="100" display-range-minimum="0" domain-id="10" engineering-unit="%" export-for-steady-state="true" fixed-sensor="" fullset-stability="false" gid="3153" group="" idds-hardware-name="EMSParm_1153" is-continuous-log="true" is-critical="false" is-enabled="true" logical-id="devEMS" partition="Streaming" quality-ceiling="good" rtd-reference-channel="" signal-id="" subsystem-name="IDDS" subsystem-type="iDDS" topic="ParameterDataSeries">
                    <alarm-limits/>
                </instance>
                <instance name="EMSParm_1250" acquisition-rate="10" alternate-name="" calibration-group="" calibration-sensor="" customer-sensor="" data-type="float" deadband="0" description="" display-format="4.2f" display-range-maximum="100" display-range-minimum="0" domain-id="10" engineering-unit="%" export-for-steady-state="true" fixed-sensor="" fullset-stability="false" gid="3250" group="" idds-hardware-name="EMSParm_1250" is-continuous-log="true" is-critical="false" is-enabled="true" logical-id="devEMS" partition="Streaming" quality-ceiling="good" rtd-reference-channel="" signal-id="" subsystem-name="IDDS" subsystem-type="iDDS" topic="ParameterDataSeries">
                    <alarm-limits/>
                </instance>
                <instance name="T000048" acquisition-rate="10" alternate-name="" calibration-group="" calibration-sensor="" customer-sensor="" data-type="float" deadband="0" description="" display-format="4.2f" display-range-maximum="100" display-range-minimum="0" domain-id="2" engineering-unit="degC" export-for-steady-state="true" fixed-sensor="" fullset-stability="false" gid="5048" group="" idds-hardware-name="SCUTRDEMO_Ch48" is-continuous-log="true" is-critical="false" is-enabled="true" logical-id="scutrsim" partition="Streaming" quality-ceiling="good" rtd-reference-channel="" signal-id="" subsystem-name="IDDS" subsystem-type="iDDS" topic="ParameterDataSeries">
                    <alarm-limits/>
                </instance>
                <instance name="EMSParm_1148" acquisition-rate="10" alternate-name="" calibration-group="" calibration-sensor="" customer-sensor="" data-type="float" deadband="0" description="" display-format="4.2f" display-range-maximum="100" display-range-minimum="0" domain-id="10" engineering-unit="%" export-for-steady-state="true" fixed-sensor="" fullset-stability="false" gid="3148" group="" idds-hardware-name="EMSParm_1148" is-continuous-log="true" is-critical="false" is-enabled="true" logical-id="devEMS" partition="Streaming" quality-ceiling="good" rtd-reference-channel="" signal-id="" subsystem-name="IDDS" subsystem-type="iDDS" topic="ParameterDataSeries">
                    <alarm-limits/>
                </instance>
                <instance name="EMSParm_1301" acquisition-rate="10" alternate-name="" calibration-group="" calibration-sensor="" customer-sensor="" data-type="float" deadband="0" description="" display-format="4.2f" display-range-maximum="100" display-range-minimum="0" domain-id="10" engineering-unit="%" export-for-steady-state="true" fixed-sensor="" fullset-stability="false" gid="3301" group="" idds-hardware-name="EMSParm_1301" is-continuous-log="true" is-critical="false" is-enabled="true" logical-id="devEMS" partition="Streaming" quality-ceiling="good" rtd-reference-channel="" signal-id="" subsystem-name="IDDS" subsystem-type="iDDS" topic="ParameterDataSeries">
                    <alarm-limits/>
                </instance>
                <instance name="T000027" acquisition-rate="10" alternate-name="" calibration-group="" calibration-sensor="" customer-sensor="" data-type="float" deadband="0" description="" display-format="4.2f" display-range-maximum="100" display-range-minimum="0" domain-id="2" engineering-unit="degC" export-for-steady-state="true" fixed-sensor="" fullset-stability="false" gid="5027" group="" idds-hardware-name="SCUTRDEMO_Ch27" is-continuous-log="true" is-critical="false" is-enabled="true" logical-id="scutrsim" partition="Streaming" quality-ceiling="good" rtd-reference-channel="" signal-id="" subsystem-name="IDDS" subsystem-type="iDDS" topic="ParameterDataSeries">
                    <alarm-limits/>
                </instance>
                <instance name="EMSParm_1477" acquisition-rate="10" alternate-name="" calibration-group="" calibration-sensor="" customer-sensor="" data-type="float" deadband="0" description="" display-format="4.2f" display-range-maximum="100" display-range-minimum="0" domain-id="10" engineering-unit="%" export-for-steady-state="true" fixed-sensor="" fullset-stability="false" gid="3477" group="" idds-hardware-name="EMSParm_1477" is-continuous-log="true" is-critical="false" is-enabled="true" logical-id="devEMS" partition="Streaming" quality-ceiling="good" rtd-reference-channel="" signal-id="" subsystem-name="IDDS" subsystem-type="iDDS" topic="ParameterDataSeries">
                    <alarm-limits/>
                </instance>
                <instance name="EMSParm_1579" acquisition-rate="10" alternate-name="" calibration-group="" calibration-sensor="" customer-sensor="" data-type="float" deadband="0" description="" display-format="4.2f" display-range-maximum="100" display-range-minimum="0" domain-id="10" engineering-unit="%" export-for-steady-state="true" fixed-sensor="" fullset-stability="false" gid="3579" group="" idds-hardware-name="EMSParm_1579" is-continuous-log="true" is-critical="false" is-enabled="true" logical-id="devEMS" partition="Streaming" quality-ceiling="good" rtd-reference-channel="" signal-id="" subsystem-name="IDDS" subsystem-type="iDDS" topic="ParameterDataSeries">
                    <alarm-limits/>
                </instance>
                <instance name="EMSParm_541" acquisition-rate="10" alternate-name="" calibration-group="" calibration-sensor="" customer-sensor="" data-type="float" deadband="0" description="" display-format="4.2f" display-range-maximum="100" display-range-minimum="0" domain-id="10" engineering-unit="%" export-for-steady-state="true" fixed-sensor="" fullset-stability="false" gid="2541" group="" idds-hardware-name="EMSParm_541" is-continuous-log="true" is-critical="false" is-enabled="true" logical-id="devEMS" partition="Streaming" quality-ceiling="good" rtd-reference-channel="" signal-id="" subsystem-name="IDDS" subsystem-type="iDDS" topic="ParameterDataSeries">
                    <alarm-limits/>
                </instance>
                <instance name="EMSParm_784" acquisition-rate="10" alternate-name="" calibration-group="" calibration-sensor="" customer-sensor="" data-type="float" deadband="0" description="" display-format="4.2f" display-range-maximum="100" display-range-minimum="0" domain-id="10" engineering-unit="%" export-for-steady-state="true" fixed-sensor="" fullset-stability="false" gid="2784" group="" idds-hardware-name="EMSParm_784" is-continuous-log="true" is-critical="false" is-enabled="true" logical-id="devEMS" partition="Streaming" quality-ceiling="good" rtd-reference-channel="" signal-id="" subsystem-name="IDDS" subsystem-type="iDDS" topic="ParameterDataSeries">
                    <alarm-limits/>
                </instance>
                <instance name="EMSParm_828" acquisition-rate="10" alternate-name="" calibration-group="" calibration-sensor="" customer-sensor="" data-type="float" deadband="0" description="" display-format="4.2f" display-range-maximum="100" display-range-minimum="0" domain-id="10" engineering-unit="%" export-for-steady-state="true" fixed-sensor="" fullset-stability="false" gid="2828" group="" idds-hardware-name="EMSParm_828" is-continuous-log="true" is-critical="false" is-enabled="true" logical-id="devEMS" partition="Streaming" quality-ceiling="good" rtd-reference-channel="" signal-id="" subsystem-name="IDDS" subsystem-type="iDDS" topic="ParameterDataSeries">
                    <alarm-limits/>
                </instance>
                <instance name="EMSParm_1003" acquisition-rate="10" alternate-name="" calibration-group="" calibration-sensor="" customer-sensor="" data-type="float" deadband="0" description="" display-format="4.2f" display-range-maximum="100" display-range-minimum="0" domain-id="10" engineering-unit="%" export-for-steady-state="true" fixed-sensor="" fullset-stability="false" gid="3003" group="" idds-hardware-name="EMSParm_1003" is-continuous-log="true" is-critical="false" is-enabled="true" logical-id="devEMS" partition="Streaming" quality-ceiling="good" rtd-reference-channel="" signal-id="" subsystem-name="IDDS" subsystem-type="iDDS" topic="ParameterDataSeries">
                    <alarm-limits/>
                </instance>
                <instance name="EMSParm_769" acquisition-rate="10" alternate-name="" calibration-group="" calibration-sensor="" customer-sensor="" data-type="float" deadband="0" description="" display-format="4.2f" display-range-maximum="100" display-range-minimum="0" domain-id="10" engineering-unit="%" export-for-steady-state="true" fixed-sensor="" fullset-stability="false" gid="2769" group="" idds-hardware-name="EMSParm_769" is-continuous-log="true" is-critical="false" is-enabled="true" logical-id="devEMS" partition="Streaming" quality-ceiling="good" rtd-reference-channel="" signal-id="" subsystem-name="IDDS" subsystem-type="iDDS" topic="ParameterDataSeries">
                    <alarm-limits/>
                </instance>
                <instance name="calcFn7" acquisition-rate="10" alternate-name="" calculated-equation="0.0" calculated-persistency="volatile" calibration-group="" calibration-sensor="" customer-sensor="" data-type="float" deadband="0" description="" display-format="4.2f" display-range-maximum="100" display-range-minimum="0" domain-id="4" engineering-unit="V" export-for-steady-state="true" fixed-sensor="" fullset-stability="false" gid="6020" group="" idds-hardware-name="calcFn7" is-continuous-log="true" is-critical="false" is-enabled="true" is-output="false" logical-id="RTE" partition="Streaming" quality-ceiling="good" rtd-reference-channel="" signal-id="" subsystem-name="calculated" subsystem-type="calculated" topic="ParameterDataValue">
                    <alarm-limits/>
                </instance>
                <instance name="EMSParm_1324" acquisition-rate="10" alternate-name="" calibration-group="" calibration-sensor="" customer-sensor="" data-type="float" deadband="0" description="" display-format="4.2f" display-range-maximum="100" display-range-minimum="0" domain-id="10" engineering-unit="%" export-for-steady-state="true" fixed-sensor="" fullset-stability="false" gid="3324" group="" idds-hardware-name="EMSParm_1324" is-continuous-log="true" is-critical="false" is-enabled="true" logical-id="devEMS" partition="Streaming" quality-ceiling="good" rtd-reference-channel="" signal-id="" subsystem-name="IDDS" subsystem-type="iDDS" topic="ParameterDataSeries">
                    <alarm-limits/>
                </instance>
                <instance name="EMSParm_321" acquisition-rate="10" alternate-name="" calibration-group="" calibration-sensor="" customer-sensor="" data-type="float" deadband="0" description="" display-format="4.2f" display-range-maximum="100" display-range-minimum="0" domain-id="10" engineering-unit="%" export-for-steady-state="true" fixed-sensor="" fullset-stability="false" gid="2321" group="" idds-hardware-name="EMSParm_321" is-continuous-log="true" is-critical="false" is-enabled="true" logical-id="devEMS" partition="Streaming" quality-ceiling="good" rtd-reference-channel="" signal-id="" subsystem-name="IDDS" subsystem-type="iDDS" topic="ParameterDataSeries">
                    <alarm-limits/>
                </instance>
                <instance name="EMSParm_508" acquisition-rate="10" alternate-name="" calibration-group="" calibration-sensor="" customer-sensor="" data-type="float" deadband="0" description="" display-format="4.2f" display-range-maximum="100" display-range-minimum="0" domain-id="10" engineering-unit="%" export-for-steady-state="true" fixed-sensor="" fullset-stability="false" gid="2508" group="" idds-hardware-name="EMSParm_508" is-continuous-log="true" is-critical="false" is-enabled="true" logical-id="devEMS" partition="Streaming" quality-ceiling="good" rtd-reference-channel="" signal-id="" subsystem-name="IDDS" subsystem-type="iDDS" topic="ParameterDataSeries">
                    <alarm-limits/>
                </instance>
                <instance name="EMSParm_1239" acquisition-rate="10" alternate-name="" calibration-group="" calibration-sensor="" customer-sensor="" data-type="float" deadband="0" description="" display-format="4.2f" display-range-maximum="100" display-range-minimum="0" domain-id="10" engineering-unit="%" export-for-steady-state="true" fixed-sensor="" fullset-stability="false" gid="3239" group="" idds-hardware-name="EMSParm_1239" is-continuous-log="true" is-critical="false" is-enabled="true" logical-id="devEMS" partition="Streaming" quality-ceiling="good" rtd-reference-channel="" signal-id="" subsystem-name="IDDS" subsystem-type="iDDS" topic="ParameterDataSeries">
                    <alarm-limits/>
                </instance>
                <instance name="EMSParm_577" acquisition-rate="10" alternate-name="" calibration-group="" calibration-sensor="" customer-sensor="" data-type="float" deadband="0" description="" display-format="4.2f" display-range-maximum="100" display-range-minimum="0" domain-id="10" engineering-unit="%" export-for-steady-state="true" fixed-sensor="" fullset-stability="false" gid="2577" group="" idds-hardware-name="EMSParm_577" is-continuous-log="true" is-critical="false" is-enabled="true" logical-id="devEMS" partition="Streaming" quality-ceiling="good" rtd-reference-channel="" signal-id="" subsystem-name="IDDS" subsystem-type="iDDS" topic="ParameterDataSeries">
                    <alarm-limits/>
                </instance>
                <instance name="EMSParm_1458" acquisition-rate="10" alternate-name="" calibration-group="" calibration-sensor="" customer-sensor="" data-type="float" deadband="0" description="" display-format="4.2f" display-range-maximum="100" display-range-minimum="0" domain-id="10" engineering-unit="%" export-for-steady-state="true" fixed-sensor="" fullset-stability="false" gid="3458" group="" idds-hardware-name="EMSParm_1458" is-continuous-log="true" is-critical="false" is-enabled="true" logical-id="devEMS" partition="Streaming" quality-ceiling="good" rtd-reference-channel="" signal-id="" subsystem-name="IDDS" subsystem-type="iDDS" topic="ParameterDataSeries">
                    <alarm-limits/>
                </instance>
                <instance name="EMSParm_159" acquisition-rate="10" alternate-name="" calibration-group="" calibration-sensor="" customer-sensor="" data-type="float" deadband="0" description="" display-format="4.2f" display-range-maximum="100" display-range-minimum="0" domain-id="10" engineering-unit="%" export-for-steady-state="true" fixed-sensor="" fullset-stability="false" gid="2159" group="" idds-hardware-name="EMSParm_159" is-continuous-log="true" is-critical="false" is-enabled="true" logical-id="devEMS" partition="Streaming" quality-ceiling="good" rtd-reference-channel="" signal-id="" subsystem-name="IDDS" subsystem-type="iDDS" topic="ParameterDataSeries">
                    <alarm-limits/>
                </instance>
                <instance name="EMSParm_1174" acquisition-rate="10" alternate-name="" calibration-group="" calibration-sensor="" customer-sensor="" data-type="float" deadband="0" description="" display-format="4.2f" display-range-maximum="100" display-range-minimum="0" domain-id="10" engineering-unit="%" export-for-steady-state="true" fixed-sensor="" fullset-stability="false" gid="3174" group="" idds-hardware-name="EMSParm_1174" is-continuous-log="true" is-critical="false" is-enabled="true" logical-id="devEMS" partition="Streaming" quality-ceiling="good" rtd-reference-channel="" signal-id="" subsystem-name="IDDS" subsystem-type="iDDS" topic="ParameterDataSeries">
                    <alarm-limits/>
                </instance>
                <instance name="EMSParm_1052" acquisition-rate="10" alternate-name="" calibration-group="" calibration-sensor="" customer-sensor="" data-type="float" deadband="0" description="" display-format="4.2f" display-range-maximum="100" display-range-minimum="0" domain-id="10" engineering-unit="%" export-for-steady-state="true" fixed-sensor="" fullset-stability="false" gid="3052" group="" idds-hardware-name="EMSParm_1052" is-continuous-log="true" is-critical="false" is-enabled="true" logical-id="devEMS" partition="Streaming" quality-ceiling="good" rtd-reference-channel="" signal-id="" subsystem-name="IDDS" subsystem-type="iDDS" topic="ParameterDataSeries">
                    <alarm-limits/>
                </instance>
                <instance name="EMSParm_880" acquisition-rate="10" alternate-name="" calibration-group="" calibration-sensor="" customer-sensor="" data-type="float" deadband="0" description="" display-format="4.2f" display-range-maximum="100" display-range-minimum="0" domain-id="10" engineering-unit="%" export-for-steady-state="true" fixed-sensor="" fullset-stability="false" gid="2880" group="" idds-hardware-name="EMSParm_880" is-continuous-log="true" is-critical="false" is-enabled="true" logical-id="devEMS" partition="Streaming" quality-ceiling="good" rtd-reference-channel="" signal-id="" subsystem-name="IDDS" subsystem-type="iDDS" topic="ParameterDataSeries">
                    <alarm-limits/>
                </instance>
                <instance name="EMSParm_1092" acquisition-rate="10" alternate-name="" calibration-group="" calibration-sensor="" customer-sensor="" data-type="float" deadband="0" description="" display-format="4.2f" display-range-maximum="100" display-range-minimum="0" domain-id="10" engineering-unit="%" export-for-steady-state="true" fixed-sensor="" fullset-stability="false" gid="3092" group="" idds-hardware-name="EMSParm_1092" is-continuous-log="true" is-critical="false" is-enabled="true" logical-id="devEMS" partition="Streaming" quality-ceiling="good" rtd-reference-channel="" signal-id="" subsystem-name="IDDS" subsystem-type="iDDS" topic="ParameterDataSeries">
                    <alarm-limits/>
                </instance>
                <instance name="EMSParm_1529" acquisition-rate="10" alternate-name="" calibration-group="" calibration-sensor="" customer-sensor="" data-type="float" deadband="0" description="" display-format="4.2f" display-range-maximum="100" display-range-minimum="0" domain-id="10" engineering-unit="%" export-for-steady-state="true" fixed-sensor="" fullset-stability="false" gid="3529" group="" idds-hardware-name="EMSParm_1529" is-continuous-log="true" is-critical="false" is-enabled="true" logical-id="devEMS" partition="Streaming" quality-ceiling="good" rtd-reference-channel="" signal-id="" subsystem-name="IDDS" subsystem-type="iDDS" topic="ParameterDataSeries">
                    <alarm-limits/>
                </instance>
                <instance name="EMSParm_620" acquisition-rate="10" alternate-name="" calibration-group="" calibration-sensor="" customer-sensor="" data-type="float" deadband="0" description="" display-format="4.2f" display-range-maximum="100" display-range-minimum="0" domain-id="10" engineering-unit="%" export-for-steady-state="true" fixed-sensor="" fullset-stability="false" gid="2620" group="" idds-hardware-name="EMSParm_620" is-continuous-log="true" is-critical="false" is-enabled="true" logical-id="devEMS" partition="Streaming" quality-ceiling="good" rtd-reference-channel="" signal-id="" subsystem-name="IDDS" subsystem-type="iDDS" topic="ParameterDataSeries">
                    <alarm-limits/>
                </instance>
                <instance name="T000025" acquisition-rate="10" alternate-name="" calibration-group="" calibration-sensor="" customer-sensor="" data-type="float" deadband="0" description="" display-format="4.2f" display-range-maximum="100" display-range-minimum="0" domain-id="2" engineering-unit="degC" export-for-steady-state="true" fixed-sensor="" fullset-stability="false" gid="5025" group="" idds-hardware-name="SCUTRDEMO_Ch25" is-continuous-log="true" is-critical="false" is-enabled="true" logical-id="scutrsim" partition="Streaming" quality-ceiling="good" rtd-reference-channel="" signal-id="" subsystem-name="IDDS" subsystem-type="iDDS" topic="ParameterDataSeries">
                    <alarm-limits/>
                </instance>
                <instance name="EMSParm_1279" acquisition-rate="10" alternate-name="" calibration-group="" calibration-sensor="" customer-sensor="" data-type="float" deadband="0" description="" display-format="4.2f" display-range-maximum="100" display-range-minimum="0" domain-id="10" engineering-unit="%" export-for-steady-state="true" fixed-sensor="" fullset-stability="false" gid="3279" group="" idds-hardware-name="EMSParm_1279" is-continuous-log="true" is-critical="false" is-enabled="true" logical-id="devEMS" partition="Streaming" quality-ceiling="good" rtd-reference-channel="" signal-id="" subsystem-name="IDDS" subsystem-type="iDDS" topic="ParameterDataSeries">
                    <alarm-limits/>
                </instance>
                <instance name="EMSParm_640" acquisition-rate="10" alternate-name="" calibration-group="" calibration-sensor="" customer-sensor="" data-type="float" deadband="0" description="" display-format="4.2f" display-range-maximum="100" display-range-minimum="0" domain-id="10" engineering-unit="%" export-for-steady-state="true" fixed-sensor="" fullset-stability="false" gid="2640" group="" idds-hardware-name="EMSParm_640" is-continuous-log="true" is-critical="false" is-enabled="true" logical-id="devEMS" partition="Streaming" quality-ceiling="good" rtd-reference-channel="" signal-id="" subsystem-name="IDDS" subsystem-type="iDDS" topic="ParameterDataSeries">
                    <alarm-limits/>
                </instance>
                <instance name="T000019" acquisition-rate="10" alternate-name="" calibration-group="" calibration-sensor="" customer-sensor="" data-type="float" deadband="0" description="" display-format="4.2f" display-range-maximum="100" display-range-minimum="0" domain-id="2" engineering-unit="degC" export-for-steady-state="true" fixed-sensor="" fullset-stability="false" gid="5019" group="" idds-hardware-name="SCUTRDEMO_Ch19" is-continuous-log="true" is-critical="false" is-enabled="true" logical-id="scutrsim" partition="Streaming" quality-ceiling="good" rtd-reference-channel="" signal-id="" subsystem-name="IDDS" subsystem-type="iDDS" topic="ParameterDataSeries">
                    <alarm-limits/>
                </instance>
                <instance name="EMSParm_980" acquisition-rate="10" alternate-name="" calibration-group="" calibration-sensor="" customer-sensor="" data-type="float" deadband="0" description="" display-format="4.2f" display-range-maximum="100" display-range-minimum="0" domain-id="10" engineering-unit="%" export-for-steady-state="true" fixed-sensor="" fullset-stability="false" gid="2980" group="" idds-hardware-name="EMSParm_980" is-continuous-log="true" is-critical="false" is-enabled="true" logical-id="devEMS" partition="Streaming" quality-ceiling="good" rtd-reference-channel="" signal-id="" subsystem-name="IDDS" subsystem-type="iDDS" topic="ParameterDataSeries">
                    <alarm-limits/>
                </instance>
                <instance name="EMSParm_117" acquisition-rate="10" alternate-name="" calibration-group="" calibration-sensor="" customer-sensor="" data-type="float" deadband="0" description="" display-format="4.2f" display-range-maximum="100" display-range-minimum="0" domain-id="10" engineering-unit="%" export-for-steady-state="true" fixed-sensor="" fullset-stability="false" gid="2117" group="" idds-hardware-name="EMSParm_117" is-continuous-log="true" is-critical="false" is-enabled="true" logical-id="devEMS" partition="Streaming" quality-ceiling="good" rtd-reference-channel="" signal-id="" subsystem-name="IDDS" subsystem-type="iDDS" topic="ParameterDataSeries">
                    <alarm-limits/>
                </instance>
                <instance name="EMSParm_297" acquisition-rate="10" alternate-name="" calibration-group="" calibration-sensor="" customer-sensor="" data-type="float" deadband="0" description="" display-format="4.2f" display-range-maximum="100" display-range-minimum="0" domain-id="10" engineering-unit="%" export-for-steady-state="true" fixed-sensor="" fullset-stability="false" gid="2297" group="" idds-hardware-name="EMSParm_297" is-continuous-log="true" is-critical="false" is-enabled="true" logical-id="devEMS" partition="Streaming" quality-ceiling="good" rtd-reference-channel="" signal-id="" subsystem-name="IDDS" subsystem-type="iDDS" topic="ParameterDataSeries">
                    <alarm-limits/>
                </instance>
                <instance name="EMSParm_731" acquisition-rate="10" alternate-name="" calibration-group="" calibration-sensor="" customer-sensor="" data-type="float" deadband="0" description="" display-format="4.2f" display-range-maximum="100" display-range-minimum="0" domain-id="10" engineering-unit="%" export-for-steady-state="true" fixed-sensor="" fullset-stability="false" gid="2731" group="" idds-hardware-name="EMSParm_731" is-continuous-log="true" is-critical="false" is-enabled="true" logical-id="devEMS" partition="Streaming" quality-ceiling="good" rtd-reference-channel="" signal-id="" subsystem-name="IDDS" subsystem-type="iDDS" topic="ParameterDataSeries">
                    <alarm-limits/>
                </instance>
                <instance name="EMSParm_860" acquisition-rate="10" alternate-name="" calibration-group="" calibration-sensor="" customer-sensor="" data-type="float" deadband="0" description="" display-format="4.2f" display-range-maximum="100" display-range-minimum="0" domain-id="10" engineering-unit="%" export-for-steady-state="true" fixed-sensor="" fullset-stability="false" gid="2860" group="" idds-hardware-name="EMSParm_860" is-continuous-log="true" is-critical="false" is-enabled="true" logical-id="devEMS" partition="Streaming" quality-ceiling="good" rtd-reference-channel="" signal-id="" subsystem-name="IDDS" subsystem-type="iDDS" topic="ParameterDataSeries">
                    <alarm-limits/>
                </instance>
                <instance name="EMSParm_566" acquisition-rate="10" alternate-name="" calibration-group="" calibration-sensor="" customer-sensor="" data-type="float" deadband="0" description="" display-format="4.2f" display-range-maximum="100" display-range-minimum="0" domain-id="10" engineering-unit="%" export-for-steady-state="true" fixed-sensor="" fullset-stability="false" gid="2566" group="" idds-hardware-name="EMSParm_566" is-continuous-log="true" is-critical="false" is-enabled="true" logical-id="devEMS" partition="Streaming" quality-ceiling="good" rtd-reference-channel="" signal-id="" subsystem-name="IDDS" subsystem-type="iDDS" topic="ParameterDataSeries">
                    <alarm-limits/>
                </instance>
                <instance name="EMSParm_454" acquisition-rate="10" alternate-name="" calibration-group="" calibration-sensor="" customer-sensor="" data-type="float" deadband="0" description="" display-format="4.2f" display-range-maximum="100" display-range-minimum="0" domain-id="10" engineering-unit="%" export-for-steady-state="true" fixed-sensor="" fullset-stability="false" gid="2454" group="" idds-hardware-name="EMSParm_454" is-continuous-log="true" is-critical="false" is-enabled="true" logical-id="devEMS" partition="Streaming" quality-ceiling="good" rtd-reference-channel="" signal-id="" subsystem-name="IDDS" subsystem-type="iDDS" topic="ParameterDataSeries">
                    <alarm-limits/>
                </instance>
                <instance name="T000040" acquisition-rate="10" alternate-name="" calibration-group="" calibration-sensor="" customer-sensor="" data-type="float" deadband="0" description="" display-format="4.2f" display-range-maximum="100" display-range-minimum="0" domain-id="2" engineering-unit="degC" export-for-steady-state="true" fixed-sensor="" fullset-stability="false" gid="5040" group="" idds-hardware-name="SCUTRDEMO_Ch40" is-continuous-log="true" is-critical="false" is-enabled="true" logical-id="scutrsim" partition="Streaming" quality-ceiling="good" rtd-reference-channel="" signal-id="" subsystem-name="IDDS" subsystem-type="iDDS" topic="ParameterDataSeries">
                    <alarm-limits/>
                </instance>
                <instance name="EMSParm_178" acquisition-rate="10" alternate-name="" calibration-group="" calibration-sensor="" customer-sensor="" data-type="float" deadband="0" description="" display-format="4.2f" display-range-maximum="100" display-range-minimum="0" domain-id="10" engineering-unit="%" export-for-steady-state="true" fixed-sensor="" fullset-stability="false" gid="2178" group="" idds-hardware-name="EMSParm_178" is-continuous-log="true" is-critical="false" is-enabled="true" logical-id="devEMS" partition="Streaming" quality-ceiling="good" rtd-reference-channel="" signal-id="" subsystem-name="IDDS" subsystem-type="iDDS" topic="ParameterDataSeries">
                    <alarm-limits/>
                </instance>
                <instance name="EMSParm_1584" acquisition-rate="10" alternate-name="" calibration-group="" calibration-sensor="" customer-sensor="" data-type="float" deadband="0" description="" display-format="4.2f" display-range-maximum="100" display-range-minimum="0" domain-id="10" engineering-unit="%" export-for-steady-state="true" fixed-sensor="" fullset-stability="false" gid="3584" group="" idds-hardware-name="EMSParm_1584" is-continuous-log="true" is-critical="false" is-enabled="true" logical-id="devEMS" partition="Streaming" quality-ceiling="good" rtd-reference-channel="" signal-id="" subsystem-name="IDDS" subsystem-type="iDDS" topic="ParameterDataSeries">
                    <alarm-limits/>
                </instance>
                <instance name="EMSParm_444" acquisition-rate="10" alternate-name="" calibration-group="" calibration-sensor="" customer-sensor="" data-type="float" deadband="0" description="" display-format="4.2f" display-range-maximum="100" display-range-minimum="0" domain-id="10" engineering-unit="%" export-for-steady-state="true" fixed-sensor="" fullset-stability="false" gid="2444" group="" idds-hardware-name="EMSParm_444" is-continuous-log="true" is-critical="false" is-enabled="true" logical-id="devEMS" partition="Streaming" quality-ceiling="good" rtd-reference-channel="" signal-id="" subsystem-name="IDDS" subsystem-type="iDDS" topic="ParameterDataSeries">
                    <alarm-limits/>
                </instance>
                <instance name="EMSParm_907" acquisition-rate="10" alternate-name="" calibration-group="" calibration-sensor="" customer-sensor="" data-type="float" deadband="0" description="" display-format="4.2f" display-range-maximum="100" display-range-minimum="0" domain-id="10" engineering-unit="%" export-for-steady-state="true" fixed-sensor="" fullset-stability="false" gid="2907" group="" idds-hardware-name="EMSParm_907" is-continuous-log="true" is-critical="false" is-enabled="true" logical-id="devEMS" partition="Streaming" quality-ceiling="good" rtd-reference-channel="" signal-id="" subsystem-name="IDDS" subsystem-type="iDDS" topic="ParameterDataSeries">
                    <alarm-limits/>
                </instance>
                <instance name="EMSParm_1433" acquisition-rate="10" alternate-name="" calibration-group="" calibration-sensor="" customer-sensor="" data-type="float" deadband="0" description="" display-format="4.2f" display-range-maximum="100" display-range-minimum="0" domain-id="10" engineering-unit="%" export-for-steady-state="true" fixed-sensor="" fullset-stability="false" gid="3433" group="" idds-hardware-name="EMSParm_1433" is-continuous-log="true" is-critical="false" is-enabled="true" logical-id="devEMS" partition="Streaming" quality-ceiling="good" rtd-reference-channel="" signal-id="" subsystem-name="IDDS" subsystem-type="iDDS" topic="ParameterDataSeries">
                    <alarm-limits/>
                </instance>
                <instance name="EMSParm_1022" acquisition-rate="10" alternate-name="" calibration-group="" calibration-sensor="" customer-sensor="" data-type="float" deadband="0" description="" display-format="4.2f" display-range-maximum="100" display-range-minimum="0" domain-id="10" engineering-unit="%" export-for-steady-state="true" fixed-sensor="" fullset-stability="false" gid="3022" group="" idds-hardware-name="EMSParm_1022" is-continuous-log="true" is-critical="false" is-enabled="true" logical-id="devEMS" partition="Streaming" quality-ceiling="good" rtd-reference-channel="" signal-id="" subsystem-name="IDDS" subsystem-type="iDDS" topic="ParameterDataSeries">
                    <alarm-limits/>
                </instance>
                <instance name="EMSParm_273" acquisition-rate="10" alternate-name="" calibration-group="" calibration-sensor="" customer-sensor="" data-type="float" deadband="0" description="" display-format="4.2f" display-range-maximum="100" display-range-minimum="0" domain-id="10" engineering-unit="%" export-for-steady-state="true" fixed-sensor="" fullset-stability="false" gid="2273" group="" idds-hardware-name="EMSParm_273" is-continuous-log="true" is-critical="false" is-enabled="true" logical-id="devEMS" partition="Streaming" quality-ceiling="good" rtd-reference-channel="" signal-id="" subsystem-name="IDDS" subsystem-type="iDDS" topic="ParameterDataSeries">
                    <alarm-limits/>
                </instance>
                <instance name="EMSParm_622" acquisition-rate="10" alternate-name="" calibration-group="" calibration-sensor="" customer-sensor="" data-type="float" deadband="0" description="" display-format="4.2f" display-range-maximum="100" display-range-minimum="0" domain-id="10" engineering-unit="%" export-for-steady-state="true" fixed-sensor="" fullset-stability="false" gid="2622" group="" idds-hardware-name="EMSParm_622" is-continuous-log="true" is-critical="false" is-enabled="true" logical-id="devEMS" partition="Streaming" quality-ceiling="good" rtd-reference-channel="" signal-id="" subsystem-name="IDDS" subsystem-type="iDDS" topic="ParameterDataSeries">
                    <alarm-limits/>
                </instance>
                <instance name="EMSParm_415" acquisition-rate="10" alternate-name="" calibration-group="" calibration-sensor="" customer-sensor="" data-type="float" deadband="0" description="" display-format="4.2f" display-range-maximum="100" display-range-minimum="0" domain-id="10" engineering-unit="%" export-for-steady-state="true" fixed-sensor="" fullset-stability="false" gid="2415" group="" idds-hardware-name="EMSParm_415" is-continuous-log="true" is-critical="false" is-enabled="true" logical-id="devEMS" partition="Streaming" quality-ceiling="good" rtd-reference-channel="" signal-id="" subsystem-name="IDDS" subsystem-type="iDDS" topic="ParameterDataSeries">
                    <alarm-limits/>
                </instance>
                <instance name="EMSParm_425" acquisition-rate="10" alternate-name="" calibration-group="" calibration-sensor="" customer-sensor="" data-type="float" deadband="0" description="" display-format="4.2f" display-range-maximum="100" display-range-minimum="0" domain-id="10" engineering-unit="%" export-for-steady-state="true" fixed-sensor="" fullset-stability="false" gid="2425" group="" idds-hardware-name="EMSParm_425" is-continuous-log="true" is-critical="false" is-enabled="true" logical-id="devEMS" partition="Streaming" quality-ceiling="good" rtd-reference-channel="" signal-id="" subsystem-name="IDDS" subsystem-type="iDDS" topic="ParameterDataSeries">
                    <alarm-limits/>
                </instance>
                <instance name="EMSParm_457" acquisition-rate="10" alternate-name="" calibration-group="" calibration-sensor="" customer-sensor="" data-type="float" deadband="0" description="" display-format="4.2f" display-range-maximum="100" display-range-minimum="0" domain-id="10" engineering-unit="%" export-for-steady-state="true" fixed-sensor="" fullset-stability="false" gid="2457" group="" idds-hardware-name="EMSParm_457" is-continuous-log="true" is-critical="false" is-enabled="true" logical-id="devEMS" partition="Streaming" quality-ceiling="good" rtd-reference-channel="" signal-id="" subsystem-name="IDDS" subsystem-type="iDDS" topic="ParameterDataSeries">
                    <alarm-limits/>
                </instance>
                <instance name="EMSParm_898" acquisition-rate="10" alternate-name="" calibration-group="" calibration-sensor="" customer-sensor="" data-type="float" deadband="0" description="" display-format="4.2f" display-range-maximum="100" display-range-minimum="0" domain-id="10" engineering-unit="%" export-for-steady-state="true" fixed-sensor="" fullset-stability="false" gid="2898" group="" idds-hardware-name="EMSParm_898" is-continuous-log="true" is-critical="false" is-enabled="true" logical-id="devEMS" partition="Streaming" quality-ceiling="good" rtd-reference-channel="" signal-id="" subsystem-name="IDDS" subsystem-type="iDDS" topic="ParameterDataSeries">
                    <alarm-limits/>
                </instance>
                <instance name="T000030" acquisition-rate="10" alternate-name="" calibration-group="" calibration-sensor="" customer-sensor="" data-type="float" deadband="0" description="" display-format="4.2f" display-range-maximum="100" display-range-minimum="0" domain-id="2" engineering-unit="degC" export-for-steady-state="true" fixed-sensor="" fullset-stability="false" gid="5030" group="" idds-hardware-name="SCUTRDEMO_Ch30" is-continuous-log="true" is-critical="false" is-enabled="true" logical-id="scutrsim" partition="Streaming" quality-ceiling="good" rtd-reference-channel="" signal-id="" subsystem-name="IDDS" subsystem-type="iDDS" topic="ParameterDataSeries">
                    <alarm-limits/>
                </instance>
                <instance name="EMSParm_1035" acquisition-rate="10" alternate-name="" calibration-group="" calibration-sensor="" customer-sensor="" data-type="float" deadband="0" description="" display-format="4.2f" display-range-maximum="100" display-range-minimum="0" domain-id="10" engineering-unit="%" export-for-steady-state="true" fixed-sensor="" fullset-stability="false" gid="3035" group="" idds-hardware-name="EMSParm_1035" is-continuous-log="true" is-critical="false" is-enabled="true" logical-id="devEMS" partition="Streaming" quality-ceiling="good" rtd-reference-channel="" signal-id="" subsystem-name="IDDS" subsystem-type="iDDS" topic="ParameterDataSeries">
                    <alarm-limits/>
                </instance>
                <instance name="EMSParm_1243" acquisition-rate="10" alternate-name="" calibration-group="" calibration-sensor="" customer-sensor="" data-type="float" deadband="0" description="" display-format="4.2f" display-range-maximum="100" display-range-minimum="0" domain-id="10" engineering-unit="%" export-for-steady-state="true" fixed-sensor="" fullset-stability="false" gid="3243" group="" idds-hardware-name="EMSParm_1243" is-continuous-log="true" is-critical="false" is-enabled="true" logical-id="devEMS" partition="Streaming" quality-ceiling="good" rtd-reference-channel="" signal-id="" subsystem-name="IDDS" subsystem-type="iDDS" topic="ParameterDataSeries">
                    <alarm-limits/>
                </instance>
                <instance name="EMSParm_523" acquisition-rate="10" alternate-name="" calibration-group="" calibration-sensor="" customer-sensor="" data-type="float" deadband="0" description="" display-format="4.2f" display-range-maximum="100" display-range-minimum="0" domain-id="10" engineering-unit="%" export-for-steady-state="true" fixed-sensor="" fullset-stability="false" gid="2523" group="" idds-hardware-name="EMSParm_523" is-continuous-log="true" is-critical="false" is-enabled="true" logical-id="devEMS" partition="Streaming" quality-ceiling="good" rtd-reference-channel="" signal-id="" subsystem-name="IDDS" subsystem-type="iDDS" topic="ParameterDataSeries">
                    <alarm-limits/>
                </instance>
                <instance name="EMSParm_1165" acquisition-rate="10" alternate-name="" calibration-group="" calibration-sensor="" customer-sensor="" data-type="float" deadband="0" description="" display-format="4.2f" display-range-maximum="100" display-range-minimum="0" domain-id="10" engineering-unit="%" export-for-steady-state="true" fixed-sensor="" fullset-stability="false" gid="3165" group="" idds-hardware-name="EMSParm_1165" is-continuous-log="true" is-critical="false" is-enabled="true" logical-id="devEMS" partition="Streaming" quality-ceiling="good" rtd-reference-channel="" signal-id="" subsystem-name="IDDS" subsystem-type="iDDS" topic="ParameterDataSeries">
                    <alarm-limits/>
                </instance>
                <instance name="EMSParm_189" acquisition-rate="10" alternate-name="" calibration-group="" calibration-sensor="" customer-sensor="" data-type="float" deadband="0" description="" display-format="4.2f" display-range-maximum="100" display-range-minimum="0" domain-id="10" engineering-unit="%" export-for-steady-state="true" fixed-sensor="" fullset-stability="false" gid="2189" group="" idds-hardware-name="EMSParm_189" is-continuous-log="true" is-critical="false" is-enabled="true" logical-id="devEMS" partition="Streaming" quality-ceiling="good" rtd-reference-channel="" signal-id="" subsystem-name="IDDS" subsystem-type="iDDS" topic="ParameterDataSeries">
                    <alarm-limits/>
                </instance>
                <instance name="EMSParm_1256" acquisition-rate="10" alternate-name="" calibration-group="" calibration-sensor="" customer-sensor="" data-type="float" deadband="0" description="" display-format="4.2f" display-range-maximum="100" display-range-minimum="0" domain-id="10" engineering-unit="%" export-for-steady-state="true" fixed-sensor="" fullset-stability="false" gid="3256" group="" idds-hardware-name="EMSParm_1256" is-continuous-log="true" is-critical="false" is-enabled="true" logical-id="devEMS" partition="Streaming" quality-ceiling="good" rtd-reference-channel="" signal-id="" subsystem-name="IDDS" subsystem-type="iDDS" topic="ParameterDataSeries">
                    <alarm-limits/>
                </instance>
                <instance name="EMSParm_1394" acquisition-rate="10" alternate-name="" calibration-group="" calibration-sensor="" customer-sensor="" data-type="float" deadband="0" description="" display-format="4.2f" display-range-maximum="100" display-range-minimum="0" domain-id="10" engineering-unit="%" export-for-steady-state="true" fixed-sensor="" fullset-stability="false" gid="3394" group="" idds-hardware-name="EMSParm_1394" is-continuous-log="true" is-critical="false" is-enabled="true" logical-id="devEMS" partition="Streaming" quality-ceiling="good" rtd-reference-channel="" signal-id="" subsystem-name="IDDS" subsystem-type="iDDS" topic="ParameterDataSeries">
                    <alarm-limits/>
                </instance>
                <instance name="EMSParm_1478" acquisition-rate="10" alternate-name="" calibration-group="" calibration-sensor="" customer-sensor="" data-type="float" deadband="0" description="" display-format="4.2f" display-range-maximum="100" display-range-minimum="0" domain-id="10" engineering-unit="%" export-for-steady-state="true" fixed-sensor="" fullset-stability="false" gid="3478" group="" idds-hardware-name="EMSParm_1478" is-continuous-log="true" is-critical="false" is-enabled="true" logical-id="devEMS" partition="Streaming" quality-ceiling="good" rtd-reference-channel="" signal-id="" subsystem-name="IDDS" subsystem-type="iDDS" topic="ParameterDataSeries">
                    <alarm-limits/>
                </instance>
                <instance name="EMSParm_1179" acquisition-rate="10" alternate-name="" calibration-group="" calibration-sensor="" customer-sensor="" data-type="float" deadband="0" description="" display-format="4.2f" display-range-maximum="100" display-range-minimum="0" domain-id="10" engineering-unit="%" export-for-steady-state="true" fixed-sensor="" fullset-stability="false" gid="3179" group="" idds-hardware-name="EMSParm_1179" is-continuous-log="true" is-critical="false" is-enabled="true" logical-id="devEMS" partition="Streaming" quality-ceiling="good" rtd-reference-channel="" signal-id="" subsystem-name="IDDS" subsystem-type="iDDS" topic="ParameterDataSeries">
                    <alarm-limits/>
                </instance>
                <instance name="EMSParm_1286" acquisition-rate="10" alternate-name="" calibration-group="" calibration-sensor="" customer-sensor="" data-type="float" deadband="0" description="" display-format="4.2f" display-range-maximum="100" display-range-minimum="0" domain-id="10" engineering-unit="%" export-for-steady-state="true" fixed-sensor="" fullset-stability="false" gid="3286" group="" idds-hardware-name="EMSParm_1286" is-continuous-log="true" is-critical="false" is-enabled="true" logical-id="devEMS" partition="Streaming" quality-ceiling="good" rtd-reference-channel="" signal-id="" subsystem-name="IDDS" subsystem-type="iDDS" topic="ParameterDataSeries">
                    <alarm-limits/>
                </instance>
                <instance name="EMSParm_295" acquisition-rate="10" alternate-name="" calibration-group="" calibration-sensor="" customer-sensor="" data-type="float" deadband="0" description="" display-format="4.2f" display-range-maximum="100" display-range-minimum="0" domain-id="10" engineering-unit="%" export-for-steady-state="true" fixed-sensor="" fullset-stability="false" gid="2295" group="" idds-hardware-name="EMSParm_295" is-continuous-log="true" is-critical="false" is-enabled="true" logical-id="devEMS" partition="Streaming" quality-ceiling="good" rtd-reference-channel="" signal-id="" subsystem-name="IDDS" subsystem-type="iDDS" topic="ParameterDataSeries">
                    <alarm-limits/>
                </instance>
                <instance name="EMSParm_1481" acquisition-rate="10" alternate-name="" calibration-group="" calibration-sensor="" customer-sensor="" data-type="float" deadband="0" description="" display-format="4.2f" display-range-maximum="100" display-range-minimum="0" domain-id="10" engineering-unit="%" export-for-steady-state="true" fixed-sensor="" fullset-stability="false" gid="3481" group="" idds-hardware-name="EMSParm_1481" is-continuous-log="true" is-critical="false" is-enabled="true" logical-id="devEMS" partition="Streaming" quality-ceiling="good" rtd-reference-channel="" signal-id="" subsystem-name="IDDS" subsystem-type="iDDS" topic="ParameterDataSeries">
                    <alarm-limits/>
                </instance>
                <instance name="YB1_Ch36" acquisition-rate="1" alternate-name="" calibration-group="" calibration-sensor="" customer-sensor="" data-type="float" deadband="0" description="" display-format="4.2f" display-range-maximum="100" display-range-minimum="0" domain-id="3" engineering-unit="-" export-for-steady-state="true" fixed-sensor="" fullset-stability="false" gid="9036" group="" idds-hardware-name="CH36" is-continuous-log="true" is-critical="false" is-enabled="true" logical-id="rx3036-1" partition="Streaming" quality-ceiling="good" rtd-reference-channel="" signal-id="" subsystem-name="IDDS" subsystem-type="iDDS" topic="ParameterDataSeries">
                    <alarm-limits/>
                </instance>
                <instance name="EMSParm_1502" acquisition-rate="10" alternate-name="" calibration-group="" calibration-sensor="" customer-sensor="" data-type="float" deadband="0" description="" display-format="4.2f" display-range-maximum="100" display-range-minimum="0" domain-id="10" engineering-unit="%" export-for-steady-state="true" fixed-sensor="" fullset-stability="false" gid="3502" group="" idds-hardware-name="EMSParm_1502" is-continuous-log="true" is-critical="false" is-enabled="true" logical-id="devEMS" partition="Streaming" quality-ceiling="good" rtd-reference-channel="" signal-id="" subsystem-name="IDDS" subsystem-type="iDDS" topic="ParameterDataSeries">
                    <alarm-limits/>
                </instance>
                <instance name="EMSParm_1086" acquisition-rate="10" alternate-name="" calibration-group="" calibration-sensor="" customer-sensor="" data-type="float" deadband="0" description="" display-format="4.2f" display-range-maximum="100" display-range-minimum="0" domain-id="10" engineering-unit="%" export-for-steady-state="true" fixed-sensor="" fullset-stability="false" gid="3086" group="" idds-hardware-name="EMSParm_1086" is-continuous-log="true" is-critical="false" is-enabled="true" logical-id="devEMS" partition="Streaming" quality-ceiling="good" rtd-reference-channel="" signal-id="" subsystem-name="IDDS" subsystem-type="iDDS" topic="ParameterDataSeries">
                    <alarm-limits/>
                </instance>
                <instance name="PB8793" acquisition-rate="10" alternate-name="" calculated-equation="0" calculated-persistency="volatile" calibration-group="" calibration-sensor="" customer-sensor="" data-type="boolean" description="" display-format="Failed/Active" domain-id="2" export-for-steady-state="true" fixed-sensor="" fullset-stability="false" gid="-1" group="" idds-hardware-name="" is-continuous-log="true" is-critical="false" is-enabled="true" is-output="false" logical-id="" partition="" quality-ceiling="good" rtd-reference-channel="" signal-id="" subsystem-name="calculated" subsystem-type="calculated" topic="">
                    <alarm-limits/>
                </instance>
                <instance name="EMSParm_167" acquisition-rate="10" alternate-name="" calibration-group="" calibration-sensor="" customer-sensor="" data-type="float" deadband="0" description="" display-format="4.2f" display-range-maximum="100" display-range-minimum="0" domain-id="10" engineering-unit="%" export-for-steady-state="true" fixed-sensor="" fullset-stability="false" gid="2167" group="" idds-hardware-name="EMSParm_167" is-continuous-log="true" is-critical="false" is-enabled="true" logical-id="devEMS" partition="Streaming" quality-ceiling="good" rtd-reference-channel="" signal-id="" subsystem-name="IDDS" subsystem-type="iDDS" topic="ParameterDataSeries">
                    <alarm-limits/>
                </instance>
                <instance name="EMSParm_1134" acquisition-rate="10" alternate-name="" calibration-group="" calibration-sensor="" customer-sensor="" data-type="float" deadband="0" description="" display-format="4.2f" display-range-maximum="100" display-range-minimum="0" domain-id="10" engineering-unit="%" export-for-steady-state="true" fixed-sensor="" fullset-stability="false" gid="3134" group="" idds-hardware-name="EMSParm_1134" is-continuous-log="true" is-critical="false" is-enabled="true" logical-id="devEMS" partition="Streaming" quality-ceiling="good" rtd-reference-channel="" signal-id="" subsystem-name="IDDS" subsystem-type="iDDS" topic="ParameterDataSeries">
                    <alarm-limits/>
                </instance>
                <instance name="EMSParm_584" acquisition-rate="10" alternate-name="" calibration-group="" calibration-sensor="" customer-sensor="" data-type="float" deadband="0" description="" display-format="4.2f" display-range-maximum="100" display-range-minimum="0" domain-id="10" engineering-unit="%" export-for-steady-state="true" fixed-sensor="" fullset-stability="false" gid="2584" group="" idds-hardware-name="EMSParm_584" is-continuous-log="true" is-critical="false" is-enabled="true" logical-id="devEMS" partition="Streaming" quality-ceiling="good" rtd-reference-channel="" signal-id="" subsystem-name="IDDS" subsystem-type="iDDS" topic="ParameterDataSeries">
                    <alarm-limits/>
                </instance>
                <instance name="EMSParm_1383" acquisition-rate="10" alternate-name="" calibration-group="" calibration-sensor="" customer-sensor="" data-type="float" deadband="0" description="" display-format="4.2f" display-range-maximum="100" display-range-minimum="0" domain-id="10" engineering-unit="%" export-for-steady-state="true" fixed-sensor="" fullset-stability="false" gid="3383" group="" idds-hardware-name="EMSParm_1383" is-continuous-log="true" is-critical="false" is-enabled="true" logical-id="devEMS" partition="Streaming" quality-ceiling="good" rtd-reference-channel="" signal-id="" subsystem-name="IDDS" subsystem-type="iDDS" topic="ParameterDataSeries">
                    <alarm-limits/>
                </instance>
                <instance name="EMSParm_222" acquisition-rate="10" alternate-name="" calibration-group="" calibration-sensor="" customer-sensor="" data-type="float" deadband="0" description="" display-format="4.2f" display-range-maximum="100" display-range-minimum="0" domain-id="10" engineering-unit="%" export-for-steady-state="true" fixed-sensor="" fullset-stability="false" gid="2222" group="" idds-hardware-name="EMSParm_222" is-continuous-log="true" is-critical="false" is-enabled="true" logical-id="devEMS" partition="Streaming" quality-ceiling="good" rtd-reference-channel="" signal-id="" subsystem-name="IDDS" subsystem-type="iDDS" topic="ParameterDataSeries">
                    <alarm-limits/>
                </instance>
                <instance name="EMSParm_1216" acquisition-rate="10" alternate-name="" calibration-group="" calibration-sensor="" customer-sensor="" data-type="float" deadband="0" description="" display-format="4.2f" display-range-maximum="100" display-range-minimum="0" domain-id="10" engineering-unit="%" export-for-steady-state="true" fixed-sensor="" fullset-stability="false" gid="3216" group="" idds-hardware-name="EMSParm_1216" is-continuous-log="true" is-critical="false" is-enabled="true" logical-id="devEMS" partition="Streaming" quality-ceiling="good" rtd-reference-channel="" signal-id="" subsystem-name="IDDS" subsystem-type="iDDS" topic="ParameterDataSeries">
                    <alarm-limits/>
                </instance>
                <instance name="EMSParm_894" acquisition-rate="10" alternate-name="" calibration-group="" calibration-sensor="" customer-sensor="" data-type="float" deadband="0" description="" display-format="4.2f" display-range-maximum="100" display-range-minimum="0" domain-id="10" engineering-unit="%" export-for-steady-state="true" fixed-sensor="" fullset-stability="false" gid="2894" group="" idds-hardware-name="EMSParm_894" is-continuous-log="true" is-critical="false" is-enabled="true" logical-id="devEMS" partition="Streaming" quality-ceiling="good" rtd-reference-channel="" signal-id="" subsystem-name="IDDS" subsystem-type="iDDS" topic="ParameterDataSeries">
                    <alarm-limits/>
                </instance>
                <instance name="EMSParm_1452" acquisition-rate="10" alternate-name="" calibration-group="" calibration-sensor="" customer-sensor="" data-type="float" deadband="0" description="" display-format="4.2f" display-range-maximum="100" display-range-minimum="0" domain-id="10" engineering-unit="%" export-for-steady-state="true" fixed-sensor="" fullset-stability="false" gid="3452" group="" idds-hardware-name="EMSParm_1452" is-continuous-log="true" is-critical="false" is-enabled="true" logical-id="devEMS" partition="Streaming" quality-ceiling="good" rtd-reference-channel="" signal-id="" subsystem-name="IDDS" subsystem-type="iDDS" topic="ParameterDataSeries">
                    <alarm-limits/>
                </instance>
                <instance name="EMSParm_833" acquisition-rate="10" alternate-name="" calibration-group="" calibration-sensor="" customer-sensor="" data-type="float" deadband="0" description="" display-format="4.2f" display-range-maximum="100" display-range-minimum="0" domain-id="10" engineering-unit="%" export-for-steady-state="true" fixed-sensor="" fullset-stability="false" gid="2833" group="" idds-hardware-name="EMSParm_833" is-continuous-log="true" is-critical="false" is-enabled="true" logical-id="devEMS" partition="Streaming" quality-ceiling="good" rtd-reference-channel="" signal-id="" subsystem-name="IDDS" subsystem-type="iDDS" topic="ParameterDataSeries">
                    <alarm-limits/>
                </instance>
                <instance name="EMSParm_1308" acquisition-rate="10" alternate-name="" calibration-group="" calibration-sensor="" customer-sensor="" data-type="float" deadband="0" description="" display-format="4.2f" display-range-maximum="100" display-range-minimum="0" domain-id="10" engineering-unit="%" export-for-steady-state="true" fixed-sensor="" fullset-stability="false" gid="3308" group="" idds-hardware-name="EMSParm_1308" is-continuous-log="true" is-critical="false" is-enabled="true" logical-id="devEMS" partition="Streaming" quality-ceiling="good" rtd-reference-channel="" signal-id="" subsystem-name="IDDS" subsystem-type="iDDS" topic="ParameterDataSeries">
                    <alarm-limits/>
                </instance>
                <instance name="EMSParm_85" acquisition-rate="10" alternate-name="" calibration-group="" calibration-sensor="" customer-sensor="" data-type="float" deadband="0" description="" display-format="4.2f" display-range-maximum="100" display-range-minimum="0" domain-id="10" engineering-unit="%" export-for-steady-state="true" fixed-sensor="" fullset-stability="false" gid="2085" group="" idds-hardware-name="EMSParm_85" is-continuous-log="true" is-critical="false" is-enabled="true" logical-id="devEMS" partition="Streaming" quality-ceiling="good" rtd-reference-channel="" signal-id="" subsystem-name="IDDS" subsystem-type="iDDS" topic="ParameterDataSeries">
                    <alarm-limits/>
                </instance>
                <instance name="EMSParm_903" acquisition-rate="10" alternate-name="" calibration-group="" calibration-sensor="" customer-sensor="" data-type="float" deadband="0" description="" display-format="4.2f" display-range-maximum="100" display-range-minimum="0" domain-id="10" engineering-unit="%" export-for-steady-state="true" fixed-sensor="" fullset-stability="false" gid="2903" group="" idds-hardware-name="EMSParm_903" is-continuous-log="true" is-critical="false" is-enabled="true" logical-id="devEMS" partition="Streaming" quality-ceiling="good" rtd-reference-channel="" signal-id="" subsystem-name="IDDS" subsystem-type="iDDS" topic="ParameterDataSeries">
                    <alarm-limits/>
                </instance>
                <instance name="EMSParm_596" acquisition-rate="10" alternate-name="" calibration-group="" calibration-sensor="" customer-sensor="" data-type="float" deadband="0" description="" display-format="4.2f" display-range-maximum="100" display-range-minimum="0" domain-id="10" engineering-unit="%" export-for-steady-state="true" fixed-sensor="" fullset-stability="false" gid="2596" group="" idds-hardware-name="EMSParm_596" is-continuous-log="true" is-critical="false" is-enabled="true" logical-id="devEMS" partition="Streaming" quality-ceiling="good" rtd-reference-channel="" signal-id="" subsystem-name="IDDS" subsystem-type="iDDS" topic="ParameterDataSeries">
                    <alarm-limits/>
                </instance>
                <instance name="EMSParm_867" acquisition-rate="10" alternate-name="" calibration-group="" calibration-sensor="" customer-sensor="" data-type="float" deadband="0" description="" display-format="4.2f" display-range-maximum="100" display-range-minimum="0" domain-id="10" engineering-unit="%" export-for-steady-state="true" fixed-sensor="" fullset-stability="false" gid="2867" group="" idds-hardware-name="EMSParm_867" is-continuous-log="true" is-critical="false" is-enabled="true" logical-id="devEMS" partition="Streaming" quality-ceiling="good" rtd-reference-channel="" signal-id="" subsystem-name="IDDS" subsystem-type="iDDS" topic="ParameterDataSeries">
                    <alarm-limits/>
                </instance>
                <instance name="EMSParm_32" acquisition-rate="10" alternate-name="" calibration-group="" calibration-sensor="" customer-sensor="" data-type="float" deadband="0" description="" display-format="4.2f" display-range-maximum="100" display-range-minimum="0" domain-id="10" engineering-unit="%" export-for-steady-state="true" fixed-sensor="" fullset-stability="false" gid="2032" group="" idds-hardware-name="EMSParm_32" is-continuous-log="true" is-critical="false" is-enabled="true" logical-id="devEMS" partition="Streaming" quality-ceiling="good" rtd-reference-channel="" signal-id="" subsystem-name="IDDS" subsystem-type="iDDS" topic="ParameterDataSeries">
                    <alarm-limits/>
                </instance>
                <instance name="EMSParm_1195" acquisition-rate="10" alternate-name="" calibration-group="" calibration-sensor="" customer-sensor="" data-type="float" deadband="0" description="" display-format="4.2f" display-range-maximum="100" display-range-minimum="0" domain-id="10" engineering-unit="%" export-for-steady-state="true" fixed-sensor="" fullset-stability="false" gid="3195" group="" idds-hardware-name="EMSParm_1195" is-continuous-log="true" is-critical="false" is-enabled="true" logical-id="devEMS" partition="Streaming" quality-ceiling="good" rtd-reference-channel="" signal-id="" subsystem-name="IDDS" subsystem-type="iDDS" topic="ParameterDataSeries">
                    <alarm-limits/>
                </instance>
                <instance name="EMSParm_338" acquisition-rate="10" alternate-name="" calibration-group="" calibration-sensor="" customer-sensor="" data-type="float" deadband="0" description="" display-format="4.2f" display-range-maximum="100" display-range-minimum="0" domain-id="10" engineering-unit="%" export-for-steady-state="true" fixed-sensor="" fullset-stability="false" gid="2338" group="" idds-hardware-name="EMSParm_338" is-continuous-log="true" is-critical="false" is-enabled="true" logical-id="devEMS" partition="Streaming" quality-ceiling="good" rtd-reference-channel="" signal-id="" subsystem-name="IDDS" subsystem-type="iDDS" topic="ParameterDataSeries">
                    <alarm-limits/>
                </instance>
                <instance name="EMSParm_613" acquisition-rate="10" alternate-name="" calibration-group="" calibration-sensor="" customer-sensor="" data-type="float" deadband="0" description="" display-format="4.2f" display-range-maximum="100" display-range-minimum="0" domain-id="10" engineering-unit="%" export-for-steady-state="true" fixed-sensor="" fullset-stability="false" gid="2613" group="" idds-hardware-name="EMSParm_613" is-continuous-log="true" is-critical="false" is-enabled="true" logical-id="devEMS" partition="Streaming" quality-ceiling="good" rtd-reference-channel="" signal-id="" subsystem-name="IDDS" subsystem-type="iDDS" topic="ParameterDataSeries">
                    <alarm-limits/>
                </instance>
                <instance name="EMSParm_369" acquisition-rate="10" alternate-name="" calibration-group="" calibration-sensor="" customer-sensor="" data-type="float" deadband="0" description="" display-format="4.2f" display-range-maximum="100" display-range-minimum="0" domain-id="10" engineering-unit="%" export-for-steady-state="true" fixed-sensor="" fullset-stability="false" gid="2369" group="" idds-hardware-name="EMSParm_369" is-continuous-log="true" is-critical="false" is-enabled="true" logical-id="devEMS" partition="Streaming" quality-ceiling="good" rtd-reference-channel="" signal-id="" subsystem-name="IDDS" subsystem-type="iDDS" topic="ParameterDataSeries">
                    <alarm-limits/>
                </instance>
                <instance name="EMSParm_547" acquisition-rate="10" alternate-name="" calibration-group="" calibration-sensor="" customer-sensor="" data-type="float" deadband="0" description="" display-format="4.2f" display-range-maximum="100" display-range-minimum="0" domain-id="10" engineering-unit="%" export-for-steady-state="true" fixed-sensor="" fullset-stability="false" gid="2547" group="" idds-hardware-name="EMSParm_547" is-continuous-log="true" is-critical="false" is-enabled="true" logical-id="devEMS" partition="Streaming" quality-ceiling="good" rtd-reference-channel="" signal-id="" subsystem-name="IDDS" subsystem-type="iDDS" topic="ParameterDataSeries">
                    <alarm-limits/>
                </instance>
                <instance name="EMSParm_323" acquisition-rate="10" alternate-name="" calibration-group="" calibration-sensor="" customer-sensor="" data-type="float" deadband="0" description="" display-format="4.2f" display-range-maximum="100" display-range-minimum="0" domain-id="10" engineering-unit="%" export-for-steady-state="true" fixed-sensor="" fullset-stability="false" gid="2323" group="" idds-hardware-name="EMSParm_323" is-continuous-log="true" is-critical="false" is-enabled="true" logical-id="devEMS" partition="Streaming" quality-ceiling="good" rtd-reference-channel="" signal-id="" subsystem-name="IDDS" subsystem-type="iDDS" topic="ParameterDataSeries">
                    <alarm-limits/>
                </instance>
                <instance name="EMSParm_482" acquisition-rate="10" alternate-name="" calibration-group="" calibration-sensor="" customer-sensor="" data-type="float" deadband="0" description="" display-format="4.2f" display-range-maximum="100" display-range-minimum="0" domain-id="10" engineering-unit="%" export-for-steady-state="true" fixed-sensor="" fullset-stability="false" gid="2482" group="" idds-hardware-name="EMSParm_482" is-continuous-log="true" is-critical="false" is-enabled="true" logical-id="devEMS" partition="Streaming" quality-ceiling="good" rtd-reference-channel="" signal-id="" subsystem-name="IDDS" subsystem-type="iDDS" topic="ParameterDataSeries">
                    <alarm-limits/>
                </instance>
                <instance name="EMSParm_726" acquisition-rate="10" alternate-name="" calibration-group="" calibration-sensor="" customer-sensor="" data-type="float" deadband="0" description="" display-format="4.2f" display-range-maximum="100" display-range-minimum="0" domain-id="10" engineering-unit="%" export-for-steady-state="true" fixed-sensor="" fullset-stability="false" gid="2726" group="" idds-hardware-name="EMSParm_726" is-continuous-log="true" is-critical="false" is-enabled="true" logical-id="devEMS" partition="Streaming" quality-ceiling="good" rtd-reference-channel="" signal-id="" subsystem-name="IDDS" subsystem-type="iDDS" topic="ParameterDataSeries">
                    <alarm-limits/>
                </instance>
                <instance name="EMSParm_1294" acquisition-rate="10" alternate-name="" calibration-group="" calibration-sensor="" customer-sensor="" data-type="float" deadband="0" description="" display-format="4.2f" display-range-maximum="100" display-range-minimum="0" domain-id="10" engineering-unit="%" export-for-steady-state="true" fixed-sensor="" fullset-stability="false" gid="3294" group="" idds-hardware-name="EMSParm_1294" is-continuous-log="true" is-critical="false" is-enabled="true" logical-id="devEMS" partition="Streaming" quality-ceiling="good" rtd-reference-channel="" signal-id="" subsystem-name="IDDS" subsystem-type="iDDS" topic="ParameterDataSeries">
                    <alarm-limits/>
                </instance>
                <instance name="EMSParm_422" acquisition-rate="10" alternate-name="" calibration-group="" calibration-sensor="" customer-sensor="" data-type="float" deadband="0" description="" display-format="4.2f" display-range-maximum="100" display-range-minimum="0" domain-id="10" engineering-unit="%" export-for-steady-state="true" fixed-sensor="" fullset-stability="false" gid="2422" group="" idds-hardware-name="EMSParm_422" is-continuous-log="true" is-critical="false" is-enabled="true" logical-id="devEMS" partition="Streaming" quality-ceiling="good" rtd-reference-channel="" signal-id="" subsystem-name="IDDS" subsystem-type="iDDS" topic="ParameterDataSeries">
                    <alarm-limits/>
                </instance>
                <instance name="EMSParm_313" acquisition-rate="10" alternate-name="" calibration-group="" calibration-sensor="" customer-sensor="" data-type="float" deadband="0" description="" display-format="4.2f" display-range-maximum="100" display-range-minimum="0" domain-id="10" engineering-unit="%" export-for-steady-state="true" fixed-sensor="" fullset-stability="false" gid="2313" group="" idds-hardware-name="EMSParm_313" is-continuous-log="true" is-critical="false" is-enabled="true" logical-id="devEMS" partition="Streaming" quality-ceiling="good" rtd-reference-channel="" signal-id="" subsystem-name="IDDS" subsystem-type="iDDS" topic="ParameterDataSeries">
                    <alarm-limits/>
                </instance>
                <instance name="EMSParm_486" acquisition-rate="10" alternate-name="" calibration-group="" calibration-sensor="" customer-sensor="" data-type="float" deadband="0" description="" display-format="4.2f" display-range-maximum="100" display-range-minimum="0" domain-id="10" engineering-unit="%" export-for-steady-state="true" fixed-sensor="" fullset-stability="false" gid="2486" group="" idds-hardware-name="EMSParm_486" is-continuous-log="true" is-critical="false" is-enabled="true" logical-id="devEMS" partition="Streaming" quality-ceiling="good" rtd-reference-channel="" signal-id="" subsystem-name="IDDS" subsystem-type="iDDS" topic="ParameterDataSeries">
                    <alarm-limits/>
                </instance>
                <instance name="EMSParm_1298" acquisition-rate="10" alternate-name="" calibration-group="" calibration-sensor="" customer-sensor="" data-type="float" deadband="0" description="" display-format="4.2f" display-range-maximum="100" display-range-minimum="0" domain-id="10" engineering-unit="%" export-for-steady-state="true" fixed-sensor="" fullset-stability="false" gid="3298" group="" idds-hardware-name="EMSParm_1298" is-continuous-log="true" is-critical="false" is-enabled="true" logical-id="devEMS" partition="Streaming" quality-ceiling="good" rtd-reference-channel="" signal-id="" subsystem-name="IDDS" subsystem-type="iDDS" topic="ParameterDataSeries">
                    <alarm-limits/>
                </instance>
                <instance name="T000037" acquisition-rate="10" alternate-name="" calibration-group="" calibration-sensor="" customer-sensor="" data-type="float" deadband="0" description="" display-format="4.2f" display-range-maximum="100" display-range-minimum="0" domain-id="2" engineering-unit="degC" export-for-steady-state="true" fixed-sensor="" fullset-stability="false" gid="5037" group="" idds-hardware-name="SCUTRDEMO_Ch37" is-continuous-log="true" is-critical="false" is-enabled="true" logical-id="scutrsim" partition="Streaming" quality-ceiling="good" rtd-reference-channel="" signal-id="" subsystem-name="IDDS" subsystem-type="iDDS" topic="ParameterDataSeries">
                    <alarm-limits/>
                </instance>
                <instance name="EMSParm_1405" acquisition-rate="10" alternate-name="" calibration-group="" calibration-sensor="" customer-sensor="" data-type="float" deadband="0" description="" display-format="4.2f" display-range-maximum="100" display-range-minimum="0" domain-id="10" engineering-unit="%" export-for-steady-state="true" fixed-sensor="" fullset-stability="false" gid="3405" group="" idds-hardware-name="EMSParm_1405" is-continuous-log="true" is-critical="false" is-enabled="true" logical-id="devEMS" partition="Streaming" quality-ceiling="good" rtd-reference-channel="" signal-id="" subsystem-name="IDDS" subsystem-type="iDDS" topic="ParameterDataSeries">
                    <alarm-limits/>
                </instance>
                <instance name="EMSParm_864" acquisition-rate="10" alternate-name="" calibration-group="" calibration-sensor="" customer-sensor="" data-type="float" deadband="0" description="" display-format="4.2f" display-range-maximum="100" display-range-minimum="0" domain-id="10" engineering-unit="%" export-for-steady-state="true" fixed-sensor="" fullset-stability="false" gid="2864" group="" idds-hardware-name="EMSParm_864" is-continuous-log="true" is-critical="false" is-enabled="true" logical-id="devEMS" partition="Streaming" quality-ceiling="good" rtd-reference-channel="" signal-id="" subsystem-name="IDDS" subsystem-type="iDDS" topic="ParameterDataSeries">
                    <alarm-limits/>
                </instance>
                <instance name="EMSParm_1091" acquisition-rate="10" alternate-name="" calibration-group="" calibration-sensor="" customer-sensor="" data-type="float" deadband="0" description="" display-format="4.2f" display-range-maximum="100" display-range-minimum="0" domain-id="10" engineering-unit="%" export-for-steady-state="true" fixed-sensor="" fullset-stability="false" gid="3091" group="" idds-hardware-name="EMSParm_1091" is-continuous-log="true" is-critical="false" is-enabled="true" logical-id="devEMS" partition="Streaming" quality-ceiling="good" rtd-reference-channel="" signal-id="" subsystem-name="IDDS" subsystem-type="iDDS" topic="ParameterDataSeries">
                    <alarm-limits/>
                </instance>
                <instance name="EMSParm_1598" acquisition-rate="10" alternate-name="" calibration-group="" calibration-sensor="" customer-sensor="" data-type="float" deadband="0" description="" display-format="4.2f" display-range-maximum="100" display-range-minimum="0" domain-id="10" engineering-unit="%" export-for-steady-state="true" fixed-sensor="" fullset-stability="false" gid="3598" group="" idds-hardware-name="EMSParm_1598" is-continuous-log="true" is-critical="false" is-enabled="true" logical-id="devEMS" partition="Streaming" quality-ceiling="good" rtd-reference-channel="" signal-id="" subsystem-name="IDDS" subsystem-type="iDDS" topic="ParameterDataSeries">
                    <alarm-limits/>
                </instance>
                <instance name="EMSParm_1443" acquisition-rate="10" alternate-name="" calibration-group="" calibration-sensor="" customer-sensor="" data-type="float" deadband="0" description="" display-format="4.2f" display-range-maximum="100" display-range-minimum="0" domain-id="10" engineering-unit="%" export-for-steady-state="true" fixed-sensor="" fullset-stability="false" gid="3443" group="" idds-hardware-name="EMSParm_1443" is-continuous-log="true" is-critical="false" is-enabled="true" logical-id="devEMS" partition="Streaming" quality-ceiling="good" rtd-reference-channel="" signal-id="" subsystem-name="IDDS" subsystem-type="iDDS" topic="ParameterDataSeries">
                    <alarm-limits/>
                </instance>
                <instance name="EMSParm_744" acquisition-rate="10" alternate-name="" calibration-group="" calibration-sensor="" customer-sensor="" data-type="float" deadband="0" description="" display-format="4.2f" display-range-maximum="100" display-range-minimum="0" domain-id="10" engineering-unit="%" export-for-steady-state="true" fixed-sensor="" fullset-stability="false" gid="2744" group="" idds-hardware-name="EMSParm_744" is-continuous-log="true" is-critical="false" is-enabled="true" logical-id="devEMS" partition="Streaming" quality-ceiling="good" rtd-reference-channel="" signal-id="" subsystem-name="IDDS" subsystem-type="iDDS" topic="ParameterDataSeries">
                    <alarm-limits/>
                </instance>
                <instance name="EMSParm_498" acquisition-rate="10" alternate-name="" calibration-group="" calibration-sensor="" customer-sensor="" data-type="float" deadband="0" description="" display-format="4.2f" display-range-maximum="100" display-range-minimum="0" domain-id="10" engineering-unit="%" export-for-steady-state="true" fixed-sensor="" fullset-stability="false" gid="2498" group="" idds-hardware-name="EMSParm_498" is-continuous-log="true" is-critical="false" is-enabled="true" logical-id="devEMS" partition="Streaming" quality-ceiling="good" rtd-reference-channel="" signal-id="" subsystem-name="IDDS" subsystem-type="iDDS" topic="ParameterDataSeries">
                    <alarm-limits/>
                </instance>
                <instance name="EMSParm_339" acquisition-rate="10" alternate-name="" calibration-group="" calibration-sensor="" customer-sensor="" data-type="float" deadband="0" description="" display-format="4.2f" display-range-maximum="100" display-range-minimum="0" domain-id="10" engineering-unit="%" export-for-steady-state="true" fixed-sensor="" fullset-stability="false" gid="2339" group="" idds-hardware-name="EMSParm_339" is-continuous-log="true" is-critical="false" is-enabled="true" logical-id="devEMS" partition="Streaming" quality-ceiling="good" rtd-reference-channel="" signal-id="" subsystem-name="IDDS" subsystem-type="iDDS" topic="ParameterDataSeries">
                    <alarm-limits/>
                </instance>
                <instance name="EMSParm_280" acquisition-rate="10" alternate-name="" calibration-group="" calibration-sensor="" customer-sensor="" data-type="float" deadband="0" description="" display-format="4.2f" display-range-maximum="100" display-range-minimum="0" domain-id="10" engineering-unit="%" export-for-steady-state="true" fixed-sensor="" fullset-stability="false" gid="2280" group="" idds-hardware-name="EMSParm_280" is-continuous-log="true" is-critical="false" is-enabled="true" logical-id="devEMS" partition="Streaming" quality-ceiling="good" rtd-reference-channel="" signal-id="" subsystem-name="IDDS" subsystem-type="iDDS" topic="ParameterDataSeries">
                    <alarm-limits/>
                </instance>
                <instance name="EMSParm_1034" acquisition-rate="10" alternate-name="" calibration-group="" calibration-sensor="" customer-sensor="" data-type="float" deadband="0" description="" display-format="4.2f" display-range-maximum="100" display-range-minimum="0" domain-id="10" engineering-unit="%" export-for-steady-state="true" fixed-sensor="" fullset-stability="false" gid="3034" group="" idds-hardware-name="EMSParm_1034" is-continuous-log="true" is-critical="false" is-enabled="true" logical-id="devEMS" partition="Streaming" quality-ceiling="good" rtd-reference-channel="" signal-id="" subsystem-name="IDDS" subsystem-type="iDDS" topic="ParameterDataSeries">
                    <alarm-limits/>
                </instance>
                <instance name="calcFn11" acquisition-rate="10" alternate-name="" calculated-equation="0.0" calculated-persistency="volatile" calibration-group="" calibration-sensor="" customer-sensor="" data-type="float" deadband="0" description="" display-format="4.2f" display-range-maximum="100" display-range-minimum="0" domain-id="4" engineering-unit="V" export-for-steady-state="true" fixed-sensor="" fullset-stability="false" gid="6024" group="" idds-hardware-name="calcFn11" is-continuous-log="true" is-critical="false" is-enabled="true" is-output="false" logical-id="RTE" partition="Streaming" quality-ceiling="good" rtd-reference-channel="" signal-id="" subsystem-name="calculated" subsystem-type="calculated" topic="ParameterDataValue">
                    <alarm-limits/>
                </instance>
                <instance name="T000042" acquisition-rate="10" alternate-name="" calibration-group="" calibration-sensor="" customer-sensor="" data-type="float" deadband="0" description="" display-format="4.2f" display-range-maximum="100" display-range-minimum="0" domain-id="2" engineering-unit="degC" export-for-steady-state="true" fixed-sensor="" fullset-stability="false" gid="5042" group="" idds-hardware-name="SCUTRDEMO_Ch42" is-continuous-log="true" is-critical="false" is-enabled="true" logical-id="scutrsim" partition="Streaming" quality-ceiling="good" rtd-reference-channel="" signal-id="" subsystem-name="IDDS" subsystem-type="iDDS" topic="ParameterDataSeries">
                    <alarm-limits/>
                </instance>
                <instance name="EMSParm_1281" acquisition-rate="10" alternate-name="" calibration-group="" calibration-sensor="" customer-sensor="" data-type="float" deadband="0" description="" display-format="4.2f" display-range-maximum="100" display-range-minimum="0" domain-id="10" engineering-unit="%" export-for-steady-state="true" fixed-sensor="" fullset-stability="false" gid="3281" group="" idds-hardware-name="EMSParm_1281" is-continuous-log="true" is-critical="false" is-enabled="true" logical-id="devEMS" partition="Streaming" quality-ceiling="good" rtd-reference-channel="" signal-id="" subsystem-name="IDDS" subsystem-type="iDDS" topic="ParameterDataSeries">
                    <alarm-limits/>
                </instance>
                <instance name="EMSParm_1375" acquisition-rate="10" alternate-name="" calibration-group="" calibration-sensor="" customer-sensor="" data-type="float" deadband="0" description="" display-format="4.2f" display-range-maximum="100" display-range-minimum="0" domain-id="10" engineering-unit="%" export-for-steady-state="true" fixed-sensor="" fullset-stability="false" gid="3375" group="" idds-hardware-name="EMSParm_1375" is-continuous-log="true" is-critical="false" is-enabled="true" logical-id="devEMS" partition="Streaming" quality-ceiling="good" rtd-reference-channel="" signal-id="" subsystem-name="IDDS" subsystem-type="iDDS" topic="ParameterDataSeries">
                    <alarm-limits/>
                </instance>
                <instance name="EMSParm_555" acquisition-rate="10" alternate-name="" calibration-group="" calibration-sensor="" customer-sensor="" data-type="float" deadband="0" description="" display-format="4.2f" display-range-maximum="100" display-range-minimum="0" domain-id="10" engineering-unit="%" export-for-steady-state="true" fixed-sensor="" fullset-stability="false" gid="2555" group="" idds-hardware-name="EMSParm_555" is-continuous-log="true" is-critical="false" is-enabled="true" logical-id="devEMS" partition="Streaming" quality-ceiling="good" rtd-reference-channel="" signal-id="" subsystem-name="IDDS" subsystem-type="iDDS" topic="ParameterDataSeries">
                    <alarm-limits/>
                </instance>
                <instance name="EMSParm_1413" acquisition-rate="10" alternate-name="" calibration-group="" calibration-sensor="" customer-sensor="" data-type="float" deadband="0" description="" display-format="4.2f" display-range-maximum="100" display-range-minimum="0" domain-id="10" engineering-unit="%" export-for-steady-state="true" fixed-sensor="" fullset-stability="false" gid="3413" group="" idds-hardware-name="EMSParm_1413" is-continuous-log="true" is-critical="false" is-enabled="true" logical-id="devEMS" partition="Streaming" quality-ceiling="good" rtd-reference-channel="" signal-id="" subsystem-name="IDDS" subsystem-type="iDDS" topic="ParameterDataSeries">
                    <alarm-limits/>
                </instance>
                <instance name="EMSParm_95" acquisition-rate="10" alternate-name="" calibration-group="" calibration-sensor="" customer-sensor="" data-type="float" deadband="0" description="" display-format="4.2f" display-range-maximum="100" display-range-minimum="0" domain-id="10" engineering-unit="%" export-for-steady-state="true" fixed-sensor="" fullset-stability="false" gid="2095" group="" idds-hardware-name="EMSParm_95" is-continuous-log="true" is-critical="false" is-enabled="true" logical-id="devEMS" partition="Streaming" quality-ceiling="good" rtd-reference-channel="" signal-id="" subsystem-name="IDDS" subsystem-type="iDDS" topic="ParameterDataSeries">
                    <alarm-limits/>
                </instance>
                <instance name="EMSParm_654" acquisition-rate="10" alternate-name="" calibration-group="" calibration-sensor="" customer-sensor="" data-type="float" deadband="0" description="" display-format="4.2f" display-range-maximum="100" display-range-minimum="0" domain-id="10" engineering-unit="%" export-for-steady-state="true" fixed-sensor="" fullset-stability="false" gid="2654" group="" idds-hardware-name="EMSParm_654" is-continuous-log="true" is-critical="false" is-enabled="true" logical-id="devEMS" partition="Streaming" quality-ceiling="good" rtd-reference-channel="" signal-id="" subsystem-name="IDDS" subsystem-type="iDDS" topic="ParameterDataSeries">
                    <alarm-limits/>
                </instance>
                <instance name="EMSParm_137" acquisition-rate="10" alternate-name="" calibration-group="" calibration-sensor="" customer-sensor="" data-type="float" deadband="0" description="" display-format="4.2f" display-range-maximum="100" display-range-minimum="0" domain-id="10" engineering-unit="%" export-for-steady-state="true" fixed-sensor="" fullset-stability="false" gid="2137" group="" idds-hardware-name="EMSParm_137" is-continuous-log="true" is-critical="false" is-enabled="true" logical-id="devEMS" partition="Streaming" quality-ceiling="good" rtd-reference-channel="" signal-id="" subsystem-name="IDDS" subsystem-type="iDDS" topic="ParameterDataSeries">
                    <alarm-limits/>
                </instance>
                <instance name="EMSParm_795" acquisition-rate="10" alternate-name="" calibration-group="" calibration-sensor="" customer-sensor="" data-type="float" deadband="0" description="" display-format="4.2f" display-range-maximum="100" display-range-minimum="0" domain-id="10" engineering-unit="%" export-for-steady-state="true" fixed-sensor="" fullset-stability="false" gid="2795" group="" idds-hardware-name="EMSParm_795" is-continuous-log="true" is-critical="false" is-enabled="true" logical-id="devEMS" partition="Streaming" quality-ceiling="good" rtd-reference-channel="" signal-id="" subsystem-name="IDDS" subsystem-type="iDDS" topic="ParameterDataSeries">
                    <alarm-limits/>
                </instance>
                <instance name="EMSParm_1317" acquisition-rate="10" alternate-name="" calibration-group="" calibration-sensor="" customer-sensor="" data-type="float" deadband="0" description="" display-format="4.2f" display-range-maximum="100" display-range-minimum="0" domain-id="10" engineering-unit="%" export-for-steady-state="true" fixed-sensor="" fullset-stability="false" gid="3317" group="" idds-hardware-name="EMSParm_1317" is-continuous-log="true" is-critical="false" is-enabled="true" logical-id="devEMS" partition="Streaming" quality-ceiling="good" rtd-reference-channel="" signal-id="" subsystem-name="IDDS" subsystem-type="iDDS" topic="ParameterDataSeries">
                    <alarm-limits/>
                </instance>
                <instance name="EMSParm_94" acquisition-rate="10" alternate-name="" calibration-group="" calibration-sensor="" customer-sensor="" data-type="float" deadband="0" description="" display-format="4.2f" display-range-maximum="100" display-range-minimum="0" domain-id="10" engineering-unit="%" export-for-steady-state="true" fixed-sensor="" fullset-stability="false" gid="2094" group="" idds-hardware-name="EMSParm_94" is-continuous-log="true" is-critical="false" is-enabled="true" logical-id="devEMS" partition="Streaming" quality-ceiling="good" rtd-reference-channel="" signal-id="" subsystem-name="IDDS" subsystem-type="iDDS" topic="ParameterDataSeries">
                    <alarm-limits/>
                </instance>
                <instance name="EMSParm_354" acquisition-rate="10" alternate-name="" calibration-group="" calibration-sensor="" customer-sensor="" data-type="float" deadband="0" description="" display-format="4.2f" display-range-maximum="100" display-range-minimum="0" domain-id="10" engineering-unit="%" export-for-steady-state="true" fixed-sensor="" fullset-stability="false" gid="2354" group="" idds-hardware-name="EMSParm_354" is-continuous-log="true" is-critical="false" is-enabled="true" logical-id="devEMS" partition="Streaming" quality-ceiling="good" rtd-reference-channel="" signal-id="" subsystem-name="IDDS" subsystem-type="iDDS" topic="ParameterDataSeries">
                    <alarm-limits/>
                </instance>
                <instance name="EMSParm_1150" acquisition-rate="10" alternate-name="" calibration-group="" calibration-sensor="" customer-sensor="" data-type="float" deadband="0" description="" display-format="4.2f" display-range-maximum="100" display-range-minimum="0" domain-id="10" engineering-unit="%" export-for-steady-state="true" fixed-sensor="" fullset-stability="false" gid="3150" group="" idds-hardware-name="EMSParm_1150" is-continuous-log="true" is-critical="false" is-enabled="true" logical-id="devEMS" partition="Streaming" quality-ceiling="good" rtd-reference-channel="" signal-id="" subsystem-name="IDDS" subsystem-type="iDDS" topic="ParameterDataSeries">
                    <alarm-limits/>
                </instance>
                <instance name="EMSParm_1207" acquisition-rate="10" alternate-name="" calibration-group="" calibration-sensor="" customer-sensor="" data-type="float" deadband="0" description="" display-format="4.2f" display-range-maximum="100" display-range-minimum="0" domain-id="10" engineering-unit="%" export-for-steady-state="true" fixed-sensor="" fullset-stability="false" gid="3207" group="" idds-hardware-name="EMSParm_1207" is-continuous-log="true" is-critical="false" is-enabled="true" logical-id="devEMS" partition="Streaming" quality-ceiling="good" rtd-reference-channel="" signal-id="" subsystem-name="IDDS" subsystem-type="iDDS" topic="ParameterDataSeries">
                    <alarm-limits/>
                </instance>
                <instance name="EMSParm_603" acquisition-rate="10" alternate-name="" calibration-group="" calibration-sensor="" customer-sensor="" data-type="float" deadband="0" description="" display-format="4.2f" display-range-maximum="100" display-range-minimum="0" domain-id="10" engineering-unit="%" export-for-steady-state="true" fixed-sensor="" fullset-stability="false" gid="2603" group="" idds-hardware-name="EMSParm_603" is-continuous-log="true" is-critical="false" is-enabled="true" logical-id="devEMS" partition="Streaming" quality-ceiling="good" rtd-reference-channel="" signal-id="" subsystem-name="IDDS" subsystem-type="iDDS" topic="ParameterDataSeries">
                    <alarm-limits/>
                </instance>
                <instance name="EMSParm_1451" acquisition-rate="10" alternate-name="" calibration-group="" calibration-sensor="" customer-sensor="" data-type="float" deadband="0" description="" display-format="4.2f" display-range-maximum="100" display-range-minimum="0" domain-id="10" engineering-unit="%" export-for-steady-state="true" fixed-sensor="" fullset-stability="false" gid="3451" group="" idds-hardware-name="EMSParm_1451" is-continuous-log="true" is-critical="false" is-enabled="true" logical-id="devEMS" partition="Streaming" quality-ceiling="good" rtd-reference-channel="" signal-id="" subsystem-name="IDDS" subsystem-type="iDDS" topic="ParameterDataSeries">
                    <alarm-limits/>
                </instance>
                <instance name="EMSParm_397" acquisition-rate="10" alternate-name="" calibration-group="" calibration-sensor="" customer-sensor="" data-type="float" deadband="0" description="" display-format="4.2f" display-range-maximum="100" display-range-minimum="0" domain-id="10" engineering-unit="%" export-for-steady-state="true" fixed-sensor="" fullset-stability="false" gid="2397" group="" idds-hardware-name="EMSParm_397" is-continuous-log="true" is-critical="false" is-enabled="true" logical-id="devEMS" partition="Streaming" quality-ceiling="good" rtd-reference-channel="" signal-id="" subsystem-name="IDDS" subsystem-type="iDDS" topic="ParameterDataSeries">
                    <alarm-limits/>
                </instance>
                <instance name="EMSParm_1442" acquisition-rate="10" alternate-name="" calibration-group="" calibration-sensor="" customer-sensor="" data-type="float" deadband="0" description="" display-format="4.2f" display-range-maximum="100" display-range-minimum="0" domain-id="10" engineering-unit="%" export-for-steady-state="true" fixed-sensor="" fullset-stability="false" gid="3442" group="" idds-hardware-name="EMSParm_1442" is-continuous-log="true" is-critical="false" is-enabled="true" logical-id="devEMS" partition="Streaming" quality-ceiling="good" rtd-reference-channel="" signal-id="" subsystem-name="IDDS" subsystem-type="iDDS" topic="ParameterDataSeries">
                    <alarm-limits/>
                </instance>
                <instance name="EMSParm_767" acquisition-rate="10" alternate-name="" calibration-group="" calibration-sensor="" customer-sensor="" data-type="float" deadband="0" description="" display-format="4.2f" display-range-maximum="100" display-range-minimum="0" domain-id="10" engineering-unit="%" export-for-steady-state="true" fixed-sensor="" fullset-stability="false" gid="2767" group="" idds-hardware-name="EMSParm_767" is-continuous-log="true" is-critical="false" is-enabled="true" logical-id="devEMS" partition="Streaming" quality-ceiling="good" rtd-reference-channel="" signal-id="" subsystem-name="IDDS" subsystem-type="iDDS" topic="ParameterDataSeries">
                    <alarm-limits/>
                </instance>
                <instance name="EMSParm_1556" acquisition-rate="10" alternate-name="" calibration-group="" calibration-sensor="" customer-sensor="" data-type="float" deadband="0" description="" display-format="4.2f" display-range-maximum="100" display-range-minimum="0" domain-id="10" engineering-unit="%" export-for-steady-state="true" fixed-sensor="" fullset-stability="false" gid="3556" group="" idds-hardware-name="EMSParm_1556" is-continuous-log="true" is-critical="false" is-enabled="true" logical-id="devEMS" partition="Streaming" quality-ceiling="good" rtd-reference-channel="" signal-id="" subsystem-name="IDDS" subsystem-type="iDDS" topic="ParameterDataSeries">
                    <alarm-limits/>
                </instance>
                <instance name="EMSParm_1236" acquisition-rate="10" alternate-name="" calibration-group="" calibration-sensor="" customer-sensor="" data-type="float" deadband="0" description="" display-format="4.2f" display-range-maximum="100" display-range-minimum="0" domain-id="10" engineering-unit="%" export-for-steady-state="true" fixed-sensor="" fullset-stability="false" gid="3236" group="" idds-hardware-name="EMSParm_1236" is-continuous-log="true" is-critical="false" is-enabled="true" logical-id="devEMS" partition="Streaming" quality-ceiling="good" rtd-reference-channel="" signal-id="" subsystem-name="IDDS" subsystem-type="iDDS" topic="ParameterDataSeries">
                    <alarm-limits/>
                </instance>
                <instance name="calcFn10" acquisition-rate="10" alternate-name="" calculated-equation="0.0" calculated-persistency="volatile" calibration-group="" calibration-sensor="" customer-sensor="" data-type="float" deadband="0" description="" display-format="4.2f" display-range-maximum="100" display-range-minimum="0" domain-id="4" engineering-unit="V" export-for-steady-state="true" fixed-sensor="" fullset-stability="false" gid="6023" group="" idds-hardware-name="calcFn10" is-continuous-log="true" is-critical="false" is-enabled="true" is-output="false" logical-id="RTE" partition="Streaming" quality-ceiling="good" rtd-reference-channel="" signal-id="" subsystem-name="calculated" subsystem-type="calculated" topic="ParameterDataValue">
                    <alarm-limits/>
                </instance>
                <instance name="EMSParm_1299" acquisition-rate="10" alternate-name="" calibration-group="" calibration-sensor="" customer-sensor="" data-type="float" deadband="0" description="" display-format="4.2f" display-range-maximum="100" display-range-minimum="0" domain-id="10" engineering-unit="%" export-for-steady-state="true" fixed-sensor="" fullset-stability="false" gid="3299" group="" idds-hardware-name="EMSParm_1299" is-continuous-log="true" is-critical="false" is-enabled="true" logical-id="devEMS" partition="Streaming" quality-ceiling="good" rtd-reference-channel="" signal-id="" subsystem-name="IDDS" subsystem-type="iDDS" topic="ParameterDataSeries">
                    <alarm-limits/>
                </instance>
                <instance name="EMSParm_33" acquisition-rate="10" alternate-name="" calibration-group="" calibration-sensor="" customer-sensor="" data-type="float" deadband="0" description="" display-format="4.2f" display-range-maximum="100" display-range-minimum="0" domain-id="10" engineering-unit="%" export-for-steady-state="true" fixed-sensor="" fullset-stability="false" gid="2033" group="" idds-hardware-name="EMSParm_33" is-continuous-log="true" is-critical="false" is-enabled="true" logical-id="devEMS" partition="Streaming" quality-ceiling="good" rtd-reference-channel="" signal-id="" subsystem-name="IDDS" subsystem-type="iDDS" topic="ParameterDataSeries">
                    <alarm-limits/>
                </instance>
                <instance name="EMSParm_180" acquisition-rate="10" alternate-name="" calibration-group="" calibration-sensor="" customer-sensor="" data-type="float" deadband="0" description="" display-format="4.2f" display-range-maximum="100" display-range-minimum="0" domain-id="10" engineering-unit="%" export-for-steady-state="true" fixed-sensor="" fullset-stability="false" gid="2180" group="" idds-hardware-name="EMSParm_180" is-continuous-log="true" is-critical="false" is-enabled="true" logical-id="devEMS" partition="Streaming" quality-ceiling="good" rtd-reference-channel="" signal-id="" subsystem-name="IDDS" subsystem-type="iDDS" topic="ParameterDataSeries">
                    <alarm-limits/>
                </instance>
                <instance name="EMSParm_594" acquisition-rate="10" alternate-name="" calibration-group="" calibration-sensor="" customer-sensor="" data-type="float" deadband="0" description="" display-format="4.2f" display-range-maximum="100" display-range-minimum="0" domain-id="10" engineering-unit="%" export-for-steady-state="true" fixed-sensor="" fullset-stability="false" gid="2594" group="" idds-hardware-name="EMSParm_594" is-continuous-log="true" is-critical="false" is-enabled="true" logical-id="devEMS" partition="Streaming" quality-ceiling="good" rtd-reference-channel="" signal-id="" subsystem-name="IDDS" subsystem-type="iDDS" topic="ParameterDataSeries">
                    <alarm-limits/>
                </instance>
                <instance name="EMSParm_1585" acquisition-rate="10" alternate-name="" calibration-group="" calibration-sensor="" customer-sensor="" data-type="float" deadband="0" description="" display-format="4.2f" display-range-maximum="100" display-range-minimum="0" domain-id="10" engineering-unit="%" export-for-steady-state="true" fixed-sensor="" fullset-stability="false" gid="3585" group="" idds-hardware-name="EMSParm_1585" is-continuous-log="true" is-critical="false" is-enabled="true" logical-id="devEMS" partition="Streaming" quality-ceiling="good" rtd-reference-channel="" signal-id="" subsystem-name="IDDS" subsystem-type="iDDS" topic="ParameterDataSeries">
                    <alarm-limits/>
                </instance>
                <instance name="EMSParm_1208" acquisition-rate="10" alternate-name="" calibration-group="" calibration-sensor="" customer-sensor="" data-type="float" deadband="0" description="" display-format="4.2f" display-range-maximum="100" display-range-minimum="0" domain-id="10" engineering-unit="%" export-for-steady-state="true" fixed-sensor="" fullset-stability="false" gid="3208" group="" idds-hardware-name="EMSParm_1208" is-continuous-log="true" is-critical="false" is-enabled="true" logical-id="devEMS" partition="Streaming" quality-ceiling="good" rtd-reference-channel="" signal-id="" subsystem-name="IDDS" subsystem-type="iDDS" topic="ParameterDataSeries">
                    <alarm-limits/>
                </instance>
                <instance name="EMSParm_1296" acquisition-rate="10" alternate-name="" calibration-group="" calibration-sensor="" customer-sensor="" data-type="float" deadband="0" description="" display-format="4.2f" display-range-maximum="100" display-range-minimum="0" domain-id="10" engineering-unit="%" export-for-steady-state="true" fixed-sensor="" fullset-stability="false" gid="3296" group="" idds-hardware-name="EMSParm_1296" is-continuous-log="true" is-critical="false" is-enabled="true" logical-id="devEMS" partition="Streaming" quality-ceiling="good" rtd-reference-channel="" signal-id="" subsystem-name="IDDS" subsystem-type="iDDS" topic="ParameterDataSeries">
                    <alarm-limits/>
                </instance>
                <instance name="EMSParm_968" acquisition-rate="10" alternate-name="" calibration-group="" calibration-sensor="" customer-sensor="" data-type="float" deadband="0" description="" display-format="4.2f" display-range-maximum="100" display-range-minimum="0" domain-id="10" engineering-unit="%" export-for-steady-state="true" fixed-sensor="" fullset-stability="false" gid="2968" group="" idds-hardware-name="EMSParm_968" is-continuous-log="true" is-critical="false" is-enabled="true" logical-id="devEMS" partition="Streaming" quality-ceiling="good" rtd-reference-channel="" signal-id="" subsystem-name="IDDS" subsystem-type="iDDS" topic="ParameterDataSeries">
                    <alarm-limits/>
                </instance>
                <instance name="EMSParm_187" acquisition-rate="10" alternate-name="" calibration-group="" calibration-sensor="" customer-sensor="" data-type="float" deadband="0" description="" display-format="4.2f" display-range-maximum="100" display-range-minimum="0" domain-id="10" engineering-unit="%" export-for-steady-state="true" fixed-sensor="" fullset-stability="false" gid="2187" group="" idds-hardware-name="EMSParm_187" is-continuous-log="true" is-critical="false" is-enabled="true" logical-id="devEMS" partition="Streaming" quality-ceiling="good" rtd-reference-channel="" signal-id="" subsystem-name="IDDS" subsystem-type="iDDS" topic="ParameterDataSeries">
                    <alarm-limits/>
                </instance>
                <instance name="EMSParm_126" acquisition-rate="10" alternate-name="" calibration-group="" calibration-sensor="" customer-sensor="" data-type="float" deadband="0" description="" display-format="4.2f" display-range-maximum="100" display-range-minimum="0" domain-id="10" engineering-unit="%" export-for-steady-state="true" fixed-sensor="" fullset-stability="false" gid="2126" group="" idds-hardware-name="EMSParm_126" is-continuous-log="true" is-critical="false" is-enabled="true" logical-id="devEMS" partition="Streaming" quality-ceiling="good" rtd-reference-channel="" signal-id="" subsystem-name="IDDS" subsystem-type="iDDS" topic="ParameterDataSeries">
                    <alarm-limits/>
                </instance>
                <instance name="dnaDIO00003" acquisition-rate="200" alternate-name="" calibration-group="" calibration-sensor="" customer-sensor="" data-type="float" deadband="0" description="Output channel 8" display-format="4.2f" display-range-maximum="100" display-range-minimum="0" domain-id="3" engineering-unit="V" export-for-steady-state="true" fixed-sensor="" fullset-stability="false" gid="3" group="" idds-hardware-name="dev03/ch00003" is-continuous-log="true" is-critical="false" is-enabled="true" logical-id="devCube999" partition="Streaming" quality-ceiling="good" rtd-reference-channel="" signal-id="" subsystem-name="IDDS" subsystem-type="iDDS" topic="ParameterDataValue">
                    <alarm-limits/>
                </instance>
                <instance name="EMSParm_399" acquisition-rate="10" alternate-name="" calibration-group="" calibration-sensor="" customer-sensor="" data-type="float" deadband="0" description="" display-format="4.2f" display-range-maximum="100" display-range-minimum="0" domain-id="10" engineering-unit="%" export-for-steady-state="true" fixed-sensor="" fullset-stability="false" gid="2399" group="" idds-hardware-name="EMSParm_399" is-continuous-log="true" is-critical="false" is-enabled="true" logical-id="devEMS" partition="Streaming" quality-ceiling="good" rtd-reference-channel="" signal-id="" subsystem-name="IDDS" subsystem-type="iDDS" topic="ParameterDataSeries">
                    <alarm-limits/>
                </instance>
                <instance name="EMSParm_312" acquisition-rate="10" alternate-name="" calibration-group="" calibration-sensor="" customer-sensor="" data-type="float" deadband="0" description="" display-format="4.2f" display-range-maximum="100" display-range-minimum="0" domain-id="10" engineering-unit="%" export-for-steady-state="true" fixed-sensor="" fullset-stability="false" gid="2312" group="" idds-hardware-name="EMSParm_312" is-continuous-log="true" is-critical="false" is-enabled="true" logical-id="devEMS" partition="Streaming" quality-ceiling="good" rtd-reference-channel="" signal-id="" subsystem-name="IDDS" subsystem-type="iDDS" topic="ParameterDataSeries">
                    <alarm-limits/>
                </instance>
                <instance name="EMSParm_872" acquisition-rate="10" alternate-name="" calibration-group="" calibration-sensor="" customer-sensor="" data-type="float" deadband="0" description="" display-format="4.2f" display-range-maximum="100" display-range-minimum="0" domain-id="10" engineering-unit="%" export-for-steady-state="true" fixed-sensor="" fullset-stability="false" gid="2872" group="" idds-hardware-name="EMSParm_872" is-continuous-log="true" is-critical="false" is-enabled="true" logical-id="devEMS" partition="Streaming" quality-ceiling="good" rtd-reference-channel="" signal-id="" subsystem-name="IDDS" subsystem-type="iDDS" topic="ParameterDataSeries">
                    <alarm-limits/>
                </instance>
                <instance name="EMSParm_110" acquisition-rate="10" alternate-name="" calibration-group="" calibration-sensor="" customer-sensor="" data-type="float" deadband="0" description="" display-format="4.2f" display-range-maximum="100" display-range-minimum="0" domain-id="10" engineering-unit="%" export-for-steady-state="true" fixed-sensor="" fullset-stability="false" gid="2110" group="" idds-hardware-name="EMSParm_110" is-continuous-log="true" is-critical="false" is-enabled="true" logical-id="devEMS" partition="Streaming" quality-ceiling="good" rtd-reference-channel="" signal-id="" subsystem-name="IDDS" subsystem-type="iDDS" topic="ParameterDataSeries">
                    <alarm-limits/>
                </instance>
                <instance name="EMSParm_1098" acquisition-rate="10" alternate-name="" calibration-group="" calibration-sensor="" customer-sensor="" data-type="float" deadband="0" description="" display-format="4.2f" display-range-maximum="100" display-range-minimum="0" domain-id="10" engineering-unit="%" export-for-steady-state="true" fixed-sensor="" fullset-stability="false" gid="3098" group="" idds-hardware-name="EMSParm_1098" is-continuous-log="true" is-critical="false" is-enabled="true" logical-id="devEMS" partition="Streaming" quality-ceiling="good" rtd-reference-channel="" signal-id="" subsystem-name="IDDS" subsystem-type="iDDS" topic="ParameterDataSeries">
                    <alarm-limits/>
                </instance>
                <instance name="EMSParm_1355" acquisition-rate="10" alternate-name="" calibration-group="" calibration-sensor="" customer-sensor="" data-type="float" deadband="0" description="" display-format="4.2f" display-range-maximum="100" display-range-minimum="0" domain-id="10" engineering-unit="%" export-for-steady-state="true" fixed-sensor="" fullset-stability="false" gid="3355" group="" idds-hardware-name="EMSParm_1355" is-continuous-log="true" is-critical="false" is-enabled="true" logical-id="devEMS" partition="Streaming" quality-ceiling="good" rtd-reference-channel="" signal-id="" subsystem-name="IDDS" subsystem-type="iDDS" topic="ParameterDataSeries">
                    <alarm-limits/>
                </instance>
                <instance name="a429rxch1" acquisition-rate="1" alternate-name="" arinc429-bit="22" arinc429-coding="BNR" arinc429-label="307" arinc429-output-rate="" arinc429-pinout="ArincRx01" arinc429-scale="100" arinc429-sdi="0" arinc429-sig-bits="8" arinc429-ssm="3" arinc429-timeout="200" calibration-group="" calibration-sensor="" customer-sensor="" data-type="float" deadband="0" description="" display-format="4.2f" display-range-maximum="100" display-range-minimum="0" domain-id="2" engineering-unit="-" export-for-steady-state="true" fixed-sensor="" fullset-stability="false" gid="-1" group="" idds-hardware-name="" is-continuous-log="true" is-critical="false" is-enabled="true" is-output="false" logical-id="" partition="" quality-ceiling="good" rtd-reference-channel="" signal-id="" subsystem-name="arinc429" subsystem-type="arinc429" topic="ParameterDataSeries">
                    <alarm-limits/>
                </instance>
                <instance name="a429txch1" acquisition-rate="1" alternate-name="" arinc429-bit="22" arinc429-coding="BNR" arinc429-label="307" arinc429-output-rate="200" arinc429-pinout="ArincTx01" arinc429-scale="100" arinc429-sdi="0" arinc429-sig-bits="8" arinc429-ssm="3" arinc429-timeout="" calibration-group="" calibration-sensor="" customer-sensor="" data-type="float" deadband="0" description="" display-format="4.2f" display-range-maximum="100" display-range-minimum="0" domain-id="2" engineering-unit="-" export-for-steady-state="true" fixed-sensor="" fullset-stability="false" gid="-1" group="" idds-hardware-name="" initial-value="0" is-continuous-log="true" is-critical="false" is-enabled="true" is-output="true" logical-id="" partition="" quality-ceiling="good" reference-channel="" rtd-reference-channel="" signal-id="" subsystem-name="arinc429" subsystem-type="arinc429" topic="ParameterDataSeries">
                    <alarm-limits/>
                </instance>
                <instance name="EMSParm_510" acquisition-rate="10" alternate-name="" calibration-group="" calibration-sensor="" customer-sensor="" data-type="float" deadband="0" description="" display-format="4.2f" display-range-maximum="100" display-range-minimum="0" domain-id="10" engineering-unit="%" export-for-steady-state="true" fixed-sensor="" fullset-stability="false" gid="2510" group="" idds-hardware-name="EMSParm_510" is-continuous-log="true" is-critical="false" is-enabled="true" logical-id="devEMS" partition="Streaming" quality-ceiling="good" rtd-reference-channel="" signal-id="" subsystem-name="IDDS" subsystem-type="iDDS" topic="ParameterDataSeries">
                    <alarm-limits/>
                </instance>
                <instance name="EMSParm_688" acquisition-rate="10" alternate-name="" calibration-group="" calibration-sensor="" customer-sensor="" data-type="float" deadband="0" description="" display-format="4.2f" display-range-maximum="100" display-range-minimum="0" domain-id="10" engineering-unit="%" export-for-steady-state="true" fixed-sensor="" fullset-stability="false" gid="2688" group="" idds-hardware-name="EMSParm_688" is-continuous-log="true" is-critical="false" is-enabled="true" logical-id="devEMS" partition="Streaming" quality-ceiling="good" rtd-reference-channel="" signal-id="" subsystem-name="IDDS" subsystem-type="iDDS" topic="ParameterDataSeries">
                    <alarm-limits/>
                </instance>
                <instance name="EMSParm_1466" acquisition-rate="10" alternate-name="" calibration-group="" calibration-sensor="" customer-sensor="" data-type="float" deadband="0" description="" display-format="4.2f" display-range-maximum="100" display-range-minimum="0" domain-id="10" engineering-unit="%" export-for-steady-state="true" fixed-sensor="" fullset-stability="false" gid="3466" group="" idds-hardware-name="EMSParm_1466" is-continuous-log="true" is-critical="false" is-enabled="true" logical-id="devEMS" partition="Streaming" quality-ceiling="good" rtd-reference-channel="" signal-id="" subsystem-name="IDDS" subsystem-type="iDDS" topic="ParameterDataSeries">
                    <alarm-limits/>
                </instance>
                <instance name="EMSParm_544" acquisition-rate="10" alternate-name="" calibration-group="" calibration-sensor="" customer-sensor="" data-type="float" deadband="0" description="" display-format="4.2f" display-range-maximum="100" display-range-minimum="0" domain-id="10" engineering-unit="%" export-for-steady-state="true" fixed-sensor="" fullset-stability="false" gid="2544" group="" idds-hardware-name="EMSParm_544" is-continuous-log="true" is-critical="false" is-enabled="true" logical-id="devEMS" partition="Streaming" quality-ceiling="good" rtd-reference-channel="" signal-id="" subsystem-name="IDDS" subsystem-type="iDDS" topic="ParameterDataSeries">
                    <alarm-limits/>
                </instance>
                <instance name="EMSParm_153" acquisition-rate="10" alternate-name="" calibration-group="" calibration-sensor="" customer-sensor="" data-type="float" deadband="0" description="" display-format="4.2f" display-range-maximum="100" display-range-minimum="0" domain-id="10" engineering-unit="%" export-for-steady-state="true" fixed-sensor="" fullset-stability="false" gid="2153" group="" idds-hardware-name="EMSParm_153" is-continuous-log="true" is-critical="false" is-enabled="true" logical-id="devEMS" partition="Streaming" quality-ceiling="good" rtd-reference-channel="" signal-id="" subsystem-name="IDDS" subsystem-type="iDDS" topic="ParameterDataSeries">
                    <alarm-limits/>
                </instance>
                <instance name="dnaAO00002" acquisition-rate="200" alternate-name="" calibration-group="" calibration-sensor="" customer-sensor="" data-type="float" deadband="0" description="Input channel 2" display-format="4.2f" display-range-maximum="100" display-range-minimum="0" domain-id="3" engineering-unit="V" export-for-steady-state="true" fixed-sensor="" fullset-stability="false" gid="290" group="" idds-hardware-name="dev02/ch00002" is-continuous-log="true" is-critical="false" is-enabled="true" logical-id="devCube999" partition="Streaming" quality-ceiling="good" rtd-reference-channel="" signal-id="" subsystem-name="IDDS" subsystem-type="iDDS" topic="ParameterDataValue">
                    <alarm-limits/>
                </instance>
                <instance name="T000049" acquisition-rate="10" alternate-name="" calibration-group="" calibration-sensor="" customer-sensor="" data-type="float" deadband="0" description="" display-format="4.2f" display-range-maximum="100" display-range-minimum="0" domain-id="2" engineering-unit="degC" export-for-steady-state="true" fixed-sensor="" fullset-stability="false" gid="5049" group="" idds-hardware-name="SCUTRDEMO_Ch49" is-continuous-log="true" is-critical="false" is-enabled="true" logical-id="scutrsim" partition="Streaming" quality-ceiling="good" rtd-reference-channel="" signal-id="" subsystem-name="IDDS" subsystem-type="iDDS" topic="ParameterDataSeries">
                    <alarm-limits/>
                </instance>
                <instance name="YB1_Ch33" acquisition-rate="1" alternate-name="" calibration-group="" calibration-sensor="" customer-sensor="" data-type="float" deadband="0" description="" display-format="4.2f" display-range-maximum="100" display-range-minimum="0" domain-id="3" engineering-unit="-" export-for-steady-state="true" fixed-sensor="" fullset-stability="false" gid="9033" group="" idds-hardware-name="CH33" is-continuous-log="true" is-critical="false" is-enabled="true" logical-id="rx3036-1" partition="Streaming" quality-ceiling="good" rtd-reference-channel="" signal-id="" subsystem-name="IDDS" subsystem-type="iDDS" topic="ParameterDataSeries">
                    <alarm-limits/>
                </instance>
                <instance name="EMSParm_1173" acquisition-rate="10" alternate-name="" calibration-group="" calibration-sensor="" customer-sensor="" data-type="float" deadband="0" description="" display-format="4.2f" display-range-maximum="100" display-range-minimum="0" domain-id="10" engineering-unit="%" export-for-steady-state="true" fixed-sensor="" fullset-stability="false" gid="3173" group="" idds-hardware-name="EMSParm_1173" is-continuous-log="true" is-critical="false" is-enabled="true" logical-id="devEMS" partition="Streaming" quality-ceiling="good" rtd-reference-channel="" signal-id="" subsystem-name="IDDS" subsystem-type="iDDS" topic="ParameterDataSeries">
                    <alarm-limits/>
                </instance>
                <instance name="EMSParm_452" acquisition-rate="10" alternate-name="" calibration-group="" calibration-sensor="" customer-sensor="" data-type="float" deadband="0" description="" display-format="4.2f" display-range-maximum="100" display-range-minimum="0" domain-id="10" engineering-unit="%" export-for-steady-state="true" fixed-sensor="" fullset-stability="false" gid="2452" group="" idds-hardware-name="EMSParm_452" is-continuous-log="true" is-critical="false" is-enabled="true" logical-id="devEMS" partition="Streaming" quality-ceiling="good" rtd-reference-channel="" signal-id="" subsystem-name="IDDS" subsystem-type="iDDS" topic="ParameterDataSeries">
                    <alarm-limits/>
                </instance>
                <instance name="EMSParm_976" acquisition-rate="10" alternate-name="" calibration-group="" calibration-sensor="" customer-sensor="" data-type="float" deadband="0" description="" display-format="4.2f" display-range-maximum="100" display-range-minimum="0" domain-id="10" engineering-unit="%" export-for-steady-state="true" fixed-sensor="" fullset-stability="false" gid="2976" group="" idds-hardware-name="EMSParm_976" is-continuous-log="true" is-critical="false" is-enabled="true" logical-id="devEMS" partition="Streaming" quality-ceiling="good" rtd-reference-channel="" signal-id="" subsystem-name="IDDS" subsystem-type="iDDS" topic="ParameterDataSeries">
                    <alarm-limits/>
                </instance>
                <instance name="EMSParm_1122" acquisition-rate="10" alternate-name="" calibration-group="" calibration-sensor="" customer-sensor="" data-type="float" deadband="0" description="" display-format="4.2f" display-range-maximum="100" display-range-minimum="0" domain-id="10" engineering-unit="%" export-for-steady-state="true" fixed-sensor="" fullset-stability="false" gid="3122" group="" idds-hardware-name="EMSParm_1122" is-continuous-log="true" is-critical="false" is-enabled="true" logical-id="devEMS" partition="Streaming" quality-ceiling="good" rtd-reference-channel="" signal-id="" subsystem-name="IDDS" subsystem-type="iDDS" topic="ParameterDataSeries">
                    <alarm-limits/>
                </instance>
                <instance name="EMSParm_332" acquisition-rate="10" alternate-name="" calibration-group="" calibration-sensor="" customer-sensor="" data-type="float" deadband="0" description="" display-format="4.2f" display-range-maximum="100" display-range-minimum="0" domain-id="10" engineering-unit="%" export-for-steady-state="true" fixed-sensor="" fullset-stability="false" gid="2332" group="" idds-hardware-name="EMSParm_332" is-continuous-log="true" is-critical="false" is-enabled="true" logical-id="devEMS" partition="Streaming" quality-ceiling="good" rtd-reference-channel="" signal-id="" subsystem-name="IDDS" subsystem-type="iDDS" topic="ParameterDataSeries">
                    <alarm-limits/>
                </instance>
                <instance name="EMSParm_301" acquisition-rate="10" alternate-name="" calibration-group="" calibration-sensor="" customer-sensor="" data-type="float" deadband="0" description="" display-format="4.2f" display-range-maximum="100" display-range-minimum="0" domain-id="10" engineering-unit="%" export-for-steady-state="true" fixed-sensor="" fullset-stability="false" gid="2301" group="" idds-hardware-name="EMSParm_301" is-continuous-log="true" is-critical="false" is-enabled="true" logical-id="devEMS" partition="Streaming" quality-ceiling="good" rtd-reference-channel="" signal-id="" subsystem-name="IDDS" subsystem-type="iDDS" topic="ParameterDataSeries">
                    <alarm-limits/>
                </instance>
                <instance name="T000059" acquisition-rate="10" alternate-name="" calibration-group="" calibration-sensor="" customer-sensor="" data-type="float" deadband="0" description="" display-format="4.2f" display-range-maximum="100" display-range-minimum="0" domain-id="2" engineering-unit="degC" export-for-steady-state="true" fixed-sensor="" fullset-stability="false" gid="5059" group="" idds-hardware-name="SCUTRDEMO_Ch59" is-continuous-log="true" is-critical="false" is-enabled="true" logical-id="scutrsim" partition="Streaming" quality-ceiling="good" rtd-reference-channel="" signal-id="" subsystem-name="IDDS" subsystem-type="iDDS" topic="ParameterDataSeries">
                    <alarm-limits/>
                </instance>
                <instance name="EMSParm_1334" acquisition-rate="10" alternate-name="" calibration-group="" calibration-sensor="" customer-sensor="" data-type="float" deadband="0" description="" display-format="4.2f" display-range-maximum="100" display-range-minimum="0" domain-id="10" engineering-unit="%" export-for-steady-state="true" fixed-sensor="" fullset-stability="false" gid="3334" group="" idds-hardware-name="EMSParm_1334" is-continuous-log="true" is-critical="false" is-enabled="true" logical-id="devEMS" partition="Streaming" quality-ceiling="good" rtd-reference-channel="" signal-id="" subsystem-name="IDDS" subsystem-type="iDDS" topic="ParameterDataSeries">
                    <alarm-limits/>
                </instance>
                <instance name="EMSParm_1542" acquisition-rate="10" alternate-name="" calibration-group="" calibration-sensor="" customer-sensor="" data-type="float" deadband="0" description="" display-format="4.2f" display-range-maximum="100" display-range-minimum="0" domain-id="10" engineering-unit="%" export-for-steady-state="true" fixed-sensor="" fullset-stability="false" gid="3542" group="" idds-hardware-name="EMSParm_1542" is-continuous-log="true" is-critical="false" is-enabled="true" logical-id="devEMS" partition="Streaming" quality-ceiling="good" rtd-reference-channel="" signal-id="" subsystem-name="IDDS" subsystem-type="iDDS" topic="ParameterDataSeries">
                    <alarm-limits/>
                </instance>
                <instance name="EMSParm_365" acquisition-rate="10" alternate-name="" calibration-group="" calibration-sensor="" customer-sensor="" data-type="float" deadband="0" description="" display-format="4.2f" display-range-maximum="100" display-range-minimum="0" domain-id="10" engineering-unit="%" export-for-steady-state="true" fixed-sensor="" fullset-stability="false" gid="2365" group="" idds-hardware-name="EMSParm_365" is-continuous-log="true" is-critical="false" is-enabled="true" logical-id="devEMS" partition="Streaming" quality-ceiling="good" rtd-reference-channel="" signal-id="" subsystem-name="IDDS" subsystem-type="iDDS" topic="ParameterDataSeries">
                    <alarm-limits/>
                </instance>
                <instance name="EMSParm_635" acquisition-rate="10" alternate-name="" calibration-group="" calibration-sensor="" customer-sensor="" data-type="float" deadband="0" description="" display-format="4.2f" display-range-maximum="100" display-range-minimum="0" domain-id="10" engineering-unit="%" export-for-steady-state="true" fixed-sensor="" fullset-stability="false" gid="2635" group="" idds-hardware-name="EMSParm_635" is-continuous-log="true" is-critical="false" is-enabled="true" logical-id="devEMS" partition="Streaming" quality-ceiling="good" rtd-reference-channel="" signal-id="" subsystem-name="IDDS" subsystem-type="iDDS" topic="ParameterDataSeries">
                    <alarm-limits/>
                </instance>
                <instance name="EMSParm_1543" acquisition-rate="10" alternate-name="" calibration-group="" calibration-sensor="" customer-sensor="" data-type="float" deadband="0" description="" display-format="4.2f" display-range-maximum="100" display-range-minimum="0" domain-id="10" engineering-unit="%" export-for-steady-state="true" fixed-sensor="" fullset-stability="false" gid="3543" group="" idds-hardware-name="EMSParm_1543" is-continuous-log="true" is-critical="false" is-enabled="true" logical-id="devEMS" partition="Streaming" quality-ceiling="good" rtd-reference-channel="" signal-id="" subsystem-name="IDDS" subsystem-type="iDDS" topic="ParameterDataSeries">
                    <alarm-limits/>
                </instance>
                <instance name="EMSParm_845" acquisition-rate="10" alternate-name="" calibration-group="" calibration-sensor="" customer-sensor="" data-type="float" deadband="0" description="" display-format="4.2f" display-range-maximum="100" display-range-minimum="0" domain-id="10" engineering-unit="%" export-for-steady-state="true" fixed-sensor="" fullset-stability="false" gid="2845" group="" idds-hardware-name="EMSParm_845" is-continuous-log="true" is-critical="false" is-enabled="true" logical-id="devEMS" partition="Streaming" quality-ceiling="good" rtd-reference-channel="" signal-id="" subsystem-name="IDDS" subsystem-type="iDDS" topic="ParameterDataSeries">
                    <alarm-limits/>
                </instance>
                <instance name="EMSParm_1197" acquisition-rate="10" alternate-name="" calibration-group="" calibration-sensor="" customer-sensor="" data-type="float" deadband="0" description="" display-format="4.2f" display-range-maximum="100" display-range-minimum="0" domain-id="10" engineering-unit="%" export-for-steady-state="true" fixed-sensor="" fullset-stability="false" gid="3197" group="" idds-hardware-name="EMSParm_1197" is-continuous-log="true" is-critical="false" is-enabled="true" logical-id="devEMS" partition="Streaming" quality-ceiling="good" rtd-reference-channel="" signal-id="" subsystem-name="IDDS" subsystem-type="iDDS" topic="ParameterDataSeries">
                    <alarm-limits/>
                </instance>
                <instance name="T000060" acquisition-rate="10" alternate-name="" calibration-group="" calibration-sensor="" customer-sensor="" data-type="float" deadband="0" description="" display-format="4.2f" display-range-maximum="100" display-range-minimum="0" domain-id="2" engineering-unit="degC" export-for-steady-state="true" fixed-sensor="" fullset-stability="false" gid="5060" group="" idds-hardware-name="SCUTRDEMO_Ch60" is-continuous-log="true" is-critical="false" is-enabled="true" logical-id="scutrsim" partition="Streaming" quality-ceiling="good" rtd-reference-channel="" signal-id="" subsystem-name="IDDS" subsystem-type="iDDS" topic="ParameterDataSeries">
                    <alarm-limits/>
                </instance>
                <instance name="EMSParm_1017" acquisition-rate="10" alternate-name="" calibration-group="" calibration-sensor="" customer-sensor="" data-type="float" deadband="0" description="" display-format="4.2f" display-range-maximum="100" display-range-minimum="0" domain-id="10" engineering-unit="%" export-for-steady-state="true" fixed-sensor="" fullset-stability="false" gid="3017" group="" idds-hardware-name="EMSParm_1017" is-continuous-log="true" is-critical="false" is-enabled="true" logical-id="devEMS" partition="Streaming" quality-ceiling="good" rtd-reference-channel="" signal-id="" subsystem-name="IDDS" subsystem-type="iDDS" topic="ParameterDataSeries">
                    <alarm-limits/>
                </instance>
                <instance name="EMSParm_556" acquisition-rate="10" alternate-name="" calibration-group="" calibration-sensor="" customer-sensor="" data-type="float" deadband="0" description="" display-format="4.2f" display-range-maximum="100" display-range-minimum="0" domain-id="10" engineering-unit="%" export-for-steady-state="true" fixed-sensor="" fullset-stability="false" gid="2556" group="" idds-hardware-name="EMSParm_556" is-continuous-log="true" is-critical="false" is-enabled="true" logical-id="devEMS" partition="Streaming" quality-ceiling="good" rtd-reference-channel="" signal-id="" subsystem-name="IDDS" subsystem-type="iDDS" topic="ParameterDataSeries">
                    <alarm-limits/>
                </instance>
                <instance name="EMSParm_1088" acquisition-rate="10" alternate-name="" calibration-group="" calibration-sensor="" customer-sensor="" data-type="float" deadband="0" description="" display-format="4.2f" display-range-maximum="100" display-range-minimum="0" domain-id="10" engineering-unit="%" export-for-steady-state="true" fixed-sensor="" fullset-stability="false" gid="3088" group="" idds-hardware-name="EMSParm_1088" is-continuous-log="true" is-critical="false" is-enabled="true" logical-id="devEMS" partition="Streaming" quality-ceiling="good" rtd-reference-channel="" signal-id="" subsystem-name="IDDS" subsystem-type="iDDS" topic="ParameterDataSeries">
                    <alarm-limits/>
                </instance>
                <instance name="EMSParm_1460" acquisition-rate="10" alternate-name="" calibration-group="" calibration-sensor="" customer-sensor="" data-type="float" deadband="0" description="" display-format="4.2f" display-range-maximum="100" display-range-minimum="0" domain-id="10" engineering-unit="%" export-for-steady-state="true" fixed-sensor="" fullset-stability="false" gid="3460" group="" idds-hardware-name="EMSParm_1460" is-continuous-log="true" is-critical="false" is-enabled="true" logical-id="devEMS" partition="Streaming" quality-ceiling="good" rtd-reference-channel="" signal-id="" subsystem-name="IDDS" subsystem-type="iDDS" topic="ParameterDataSeries">
                    <alarm-limits/>
                </instance>
                <instance name="EMSParm_1142" acquisition-rate="10" alternate-name="" calibration-group="" calibration-sensor="" customer-sensor="" data-type="float" deadband="0" description="" display-format="4.2f" display-range-maximum="100" display-range-minimum="0" domain-id="10" engineering-unit="%" export-for-steady-state="true" fixed-sensor="" fullset-stability="false" gid="3142" group="" idds-hardware-name="EMSParm_1142" is-continuous-log="true" is-critical="false" is-enabled="true" logical-id="devEMS" partition="Streaming" quality-ceiling="good" rtd-reference-channel="" signal-id="" subsystem-name="IDDS" subsystem-type="iDDS" topic="ParameterDataSeries">
                    <alarm-limits/>
                </instance>
                <instance name="EMSParm_662" acquisition-rate="10" alternate-name="" calibration-group="" calibration-sensor="" customer-sensor="" data-type="float" deadband="0" description="" display-format="4.2f" display-range-maximum="100" display-range-minimum="0" domain-id="10" engineering-unit="%" export-for-steady-state="true" fixed-sensor="" fullset-stability="false" gid="2662" group="" idds-hardware-name="EMSParm_662" is-continuous-log="true" is-critical="false" is-enabled="true" logical-id="devEMS" partition="Streaming" quality-ceiling="good" rtd-reference-channel="" signal-id="" subsystem-name="IDDS" subsystem-type="iDDS" topic="ParameterDataSeries">
                    <alarm-limits/>
                </instance>
                <instance name="EMSParm_1518" acquisition-rate="10" alternate-name="" calibration-group="" calibration-sensor="" customer-sensor="" data-type="float" deadband="0" description="" display-format="4.2f" display-range-maximum="100" display-range-minimum="0" domain-id="10" engineering-unit="%" export-for-steady-state="true" fixed-sensor="" fullset-stability="false" gid="3518" group="" idds-hardware-name="EMSParm_1518" is-continuous-log="true" is-critical="false" is-enabled="true" logical-id="devEMS" partition="Streaming" quality-ceiling="good" rtd-reference-channel="" signal-id="" subsystem-name="IDDS" subsystem-type="iDDS" topic="ParameterDataSeries">
                    <alarm-limits/>
                </instance>
                <instance name="EMSParm_587" acquisition-rate="10" alternate-name="" calibration-group="" calibration-sensor="" customer-sensor="" data-type="float" deadband="0" description="" display-format="4.2f" display-range-maximum="100" display-range-minimum="0" domain-id="10" engineering-unit="%" export-for-steady-state="true" fixed-sensor="" fullset-stability="false" gid="2587" group="" idds-hardware-name="EMSParm_587" is-continuous-log="true" is-critical="false" is-enabled="true" logical-id="devEMS" partition="Streaming" quality-ceiling="good" rtd-reference-channel="" signal-id="" subsystem-name="IDDS" subsystem-type="iDDS" topic="ParameterDataSeries">
                    <alarm-limits/>
                </instance>
                <instance name="EMSParm_1018" acquisition-rate="10" alternate-name="" calibration-group="" calibration-sensor="" customer-sensor="" data-type="float" deadband="0" description="" display-format="4.2f" display-range-maximum="100" display-range-minimum="0" domain-id="10" engineering-unit="%" export-for-steady-state="true" fixed-sensor="" fullset-stability="false" gid="3018" group="" idds-hardware-name="EMSParm_1018" is-continuous-log="true" is-critical="false" is-enabled="true" logical-id="devEMS" partition="Streaming" quality-ceiling="good" rtd-reference-channel="" signal-id="" subsystem-name="IDDS" subsystem-type="iDDS" topic="ParameterDataSeries">
                    <alarm-limits/>
                </instance>
                <instance name="EMSParm_283" acquisition-rate="10" alternate-name="" calibration-group="" calibration-sensor="" customer-sensor="" data-type="float" deadband="0" description="" display-format="4.2f" display-range-maximum="100" display-range-minimum="0" domain-id="10" engineering-unit="%" export-for-steady-state="true" fixed-sensor="" fullset-stability="false" gid="2283" group="" idds-hardware-name="EMSParm_283" is-continuous-log="true" is-critical="false" is-enabled="true" logical-id="devEMS" partition="Streaming" quality-ceiling="good" rtd-reference-channel="" signal-id="" subsystem-name="IDDS" subsystem-type="iDDS" topic="ParameterDataSeries">
                    <alarm-limits/>
                </instance>
                <instance name="EMSParm_1247" acquisition-rate="10" alternate-name="" calibration-group="" calibration-sensor="" customer-sensor="" data-type="float" deadband="0" description="" display-format="4.2f" display-range-maximum="100" display-range-minimum="0" domain-id="10" engineering-unit="%" export-for-steady-state="true" fixed-sensor="" fullset-stability="false" gid="3247" group="" idds-hardware-name="EMSParm_1247" is-continuous-log="true" is-critical="false" is-enabled="true" logical-id="devEMS" partition="Streaming" quality-ceiling="good" rtd-reference-channel="" signal-id="" subsystem-name="IDDS" subsystem-type="iDDS" topic="ParameterDataSeries">
                    <alarm-limits/>
                </instance>
                <instance name="EMSParm_525" acquisition-rate="10" alternate-name="" calibration-group="" calibration-sensor="" customer-sensor="" data-type="float" deadband="0" description="" display-format="4.2f" display-range-maximum="100" display-range-minimum="0" domain-id="10" engineering-unit="%" export-for-steady-state="true" fixed-sensor="" fullset-stability="false" gid="2525" group="" idds-hardware-name="EMSParm_525" is-continuous-log="true" is-critical="false" is-enabled="true" logical-id="devEMS" partition="Streaming" quality-ceiling="good" rtd-reference-channel="" signal-id="" subsystem-name="IDDS" subsystem-type="iDDS" topic="ParameterDataSeries">
                    <alarm-limits/>
                </instance>
                <instance name="EMSParm_1084" acquisition-rate="10" alternate-name="" calibration-group="" calibration-sensor="" customer-sensor="" data-type="float" deadband="0" description="" display-format="4.2f" display-range-maximum="100" display-range-minimum="0" domain-id="10" engineering-unit="%" export-for-steady-state="true" fixed-sensor="" fullset-stability="false" gid="3084" group="" idds-hardware-name="EMSParm_1084" is-continuous-log="true" is-critical="false" is-enabled="true" logical-id="devEMS" partition="Streaming" quality-ceiling="good" rtd-reference-channel="" signal-id="" subsystem-name="IDDS" subsystem-type="iDDS" topic="ParameterDataSeries">
                    <alarm-limits/>
                </instance>
                <instance name="EMSParm_403" acquisition-rate="10" alternate-name="" calibration-group="" calibration-sensor="" customer-sensor="" data-type="float" deadband="0" description="" display-format="4.2f" display-range-maximum="100" display-range-minimum="0" domain-id="10" engineering-unit="%" export-for-steady-state="true" fixed-sensor="" fullset-stability="false" gid="2403" group="" idds-hardware-name="EMSParm_403" is-continuous-log="true" is-critical="false" is-enabled="true" logical-id="devEMS" partition="Streaming" quality-ceiling="good" rtd-reference-channel="" signal-id="" subsystem-name="IDDS" subsystem-type="iDDS" topic="ParameterDataSeries">
                    <alarm-limits/>
                </instance>
                <instance name="dnaAI00003" acquisition-rate="200" alternate-name="" calibration-group="" calibration-sensor="" customer-sensor="" data-type="float" deadband="0" description="Input channel 3" display-format="4.2f" display-range-maximum="100" display-range-minimum="0" domain-id="3" engineering-unit="V" export-for-steady-state="true" fixed-sensor="" fullset-stability="false" gid="219" group="" idds-hardware-name="dev01/ch00003" is-continuous-log="true" is-critical="false" is-enabled="true" logical-id="devCube999" partition="Streaming" quality-ceiling="good" rtd-reference-channel="" signal-id="" subsystem-name="IDDS" subsystem-type="iDDS" topic="ParameterDataValue">
                    <alarm-limits/>
                </instance>
                <instance name="EMSParm_99" acquisition-rate="10" alternate-name="" calibration-group="" calibration-sensor="" customer-sensor="" data-type="float" deadband="0" description="" display-format="4.2f" display-range-maximum="100" display-range-minimum="0" domain-id="10" engineering-unit="%" export-for-steady-state="true" fixed-sensor="" fullset-stability="false" gid="2099" group="" idds-hardware-name="EMSParm_99" is-continuous-log="true" is-critical="false" is-enabled="true" logical-id="devEMS" partition="Streaming" quality-ceiling="good" rtd-reference-channel="" signal-id="" subsystem-name="IDDS" subsystem-type="iDDS" topic="ParameterDataSeries">
                    <alarm-limits/>
                </instance>
                <instance name="EMSParm_757" acquisition-rate="10" alternate-name="" calibration-group="" calibration-sensor="" customer-sensor="" data-type="float" deadband="0" description="" display-format="4.2f" display-range-maximum="100" display-range-minimum="0" domain-id="10" engineering-unit="%" export-for-steady-state="true" fixed-sensor="" fullset-stability="false" gid="2757" group="" idds-hardware-name="EMSParm_757" is-continuous-log="true" is-critical="false" is-enabled="true" logical-id="devEMS" partition="Streaming" quality-ceiling="good" rtd-reference-channel="" signal-id="" subsystem-name="IDDS" subsystem-type="iDDS" topic="ParameterDataSeries">
                    <alarm-limits/>
                </instance>
                <instance name="EMSParm_609" acquisition-rate="10" alternate-name="" calibration-group="" calibration-sensor="" customer-sensor="" data-type="float" deadband="0" description="" display-format="4.2f" display-range-maximum="100" display-range-minimum="0" domain-id="10" engineering-unit="%" export-for-steady-state="true" fixed-sensor="" fullset-stability="false" gid="2609" group="" idds-hardware-name="EMSParm_609" is-continuous-log="true" is-critical="false" is-enabled="true" logical-id="devEMS" partition="Streaming" quality-ceiling="good" rtd-reference-channel="" signal-id="" subsystem-name="IDDS" subsystem-type="iDDS" topic="ParameterDataSeries">
                    <alarm-limits/>
                </instance>
                <instance name="EMSParm_7" acquisition-rate="10" alternate-name="" calibration-group="" calibration-sensor="" customer-sensor="" data-type="float" deadband="0" description="" display-format="4.2f" display-range-maximum="100" display-range-minimum="0" domain-id="10" engineering-unit="%" export-for-steady-state="true" fixed-sensor="" fullset-stability="false" gid="2007" group="" idds-hardware-name="EMSParm_7" is-continuous-log="true" is-critical="false" is-enabled="true" logical-id="devEMS" partition="Streaming" quality-ceiling="good" rtd-reference-channel="" signal-id="" subsystem-name="IDDS" subsystem-type="iDDS" topic="ParameterDataSeries">
                    <alarm-limits/>
                </instance>
                <instance name="EMSParm_1283" acquisition-rate="10" alternate-name="" calibration-group="" calibration-sensor="" customer-sensor="" data-type="float" deadband="0" description="" display-format="4.2f" display-range-maximum="100" display-range-minimum="0" domain-id="10" engineering-unit="%" export-for-steady-state="true" fixed-sensor="" fullset-stability="false" gid="3283" group="" idds-hardware-name="EMSParm_1283" is-continuous-log="true" is-critical="false" is-enabled="true" logical-id="devEMS" partition="Streaming" quality-ceiling="good" rtd-reference-channel="" signal-id="" subsystem-name="IDDS" subsystem-type="iDDS" topic="ParameterDataSeries">
                    <alarm-limits/>
                </instance>
                <instance name="T000056" acquisition-rate="10" alternate-name="" calibration-group="" calibration-sensor="" customer-sensor="" data-type="float" deadband="0" description="" display-format="4.2f" display-range-maximum="100" display-range-minimum="0" domain-id="2" engineering-unit="degC" export-for-steady-state="true" fixed-sensor="" fullset-stability="false" gid="5056" group="" idds-hardware-name="SCUTRDEMO_Ch56" is-continuous-log="true" is-critical="false" is-enabled="true" logical-id="scutrsim" partition="Streaming" quality-ceiling="good" rtd-reference-channel="" signal-id="" subsystem-name="IDDS" subsystem-type="iDDS" topic="ParameterDataSeries">
                    <alarm-limits/>
                </instance>
                <instance name="EMSParm_1589" acquisition-rate="10" alternate-name="" calibration-group="" calibration-sensor="" customer-sensor="" data-type="float" deadband="0" description="" display-format="4.2f" display-range-maximum="100" display-range-minimum="0" domain-id="10" engineering-unit="%" export-for-steady-state="true" fixed-sensor="" fullset-stability="false" gid="3589" group="" idds-hardware-name="EMSParm_1589" is-continuous-log="true" is-critical="false" is-enabled="true" logical-id="devEMS" partition="Streaming" quality-ceiling="good" rtd-reference-channel="" signal-id="" subsystem-name="IDDS" subsystem-type="iDDS" topic="ParameterDataSeries">
                    <alarm-limits/>
                </instance>
                <instance name="EMSParm_962" acquisition-rate="10" alternate-name="" calibration-group="" calibration-sensor="" customer-sensor="" data-type="float" deadband="0" description="" display-format="4.2f" display-range-maximum="100" display-range-minimum="0" domain-id="10" engineering-unit="%" export-for-steady-state="true" fixed-sensor="" fullset-stability="false" gid="2962" group="" idds-hardware-name="EMSParm_962" is-continuous-log="true" is-critical="false" is-enabled="true" logical-id="devEMS" partition="Streaming" quality-ceiling="good" rtd-reference-channel="" signal-id="" subsystem-name="IDDS" subsystem-type="iDDS" topic="ParameterDataSeries">
                    <alarm-limits/>
                </instance>
                <instance name="EMSParm_426" acquisition-rate="10" alternate-name="" calibration-group="" calibration-sensor="" customer-sensor="" data-type="float" deadband="0" description="" display-format="4.2f" display-range-maximum="100" display-range-minimum="0" domain-id="10" engineering-unit="%" export-for-steady-state="true" fixed-sensor="" fullset-stability="false" gid="2426" group="" idds-hardware-name="EMSParm_426" is-continuous-log="true" is-critical="false" is-enabled="true" logical-id="devEMS" partition="Streaming" quality-ceiling="good" rtd-reference-channel="" signal-id="" subsystem-name="IDDS" subsystem-type="iDDS" topic="ParameterDataSeries">
                    <alarm-limits/>
                </instance>
                <instance name="EMSParm_712" acquisition-rate="10" alternate-name="" calibration-group="" calibration-sensor="" customer-sensor="" data-type="float" deadband="0" description="" display-format="4.2f" display-range-maximum="100" display-range-minimum="0" domain-id="10" engineering-unit="%" export-for-steady-state="true" fixed-sensor="" fullset-stability="false" gid="2712" group="" idds-hardware-name="EMSParm_712" is-continuous-log="true" is-critical="false" is-enabled="true" logical-id="devEMS" partition="Streaming" quality-ceiling="good" rtd-reference-channel="" signal-id="" subsystem-name="IDDS" subsystem-type="iDDS" topic="ParameterDataSeries">
                    <alarm-limits/>
                </instance>
                <instance name="EMSParm_21" acquisition-rate="10" alternate-name="" calibration-group="" calibration-sensor="" customer-sensor="" data-type="float" deadband="0" description="" display-format="4.2f" display-range-maximum="100" display-range-minimum="0" domain-id="10" engineering-unit="%" export-for-steady-state="true" fixed-sensor="" fullset-stability="false" gid="2021" group="" idds-hardware-name="EMSParm_21" is-continuous-log="true" is-critical="false" is-enabled="true" logical-id="devEMS" partition="Streaming" quality-ceiling="good" rtd-reference-channel="" signal-id="" subsystem-name="IDDS" subsystem-type="iDDS" topic="ParameterDataSeries">
                    <alarm-limits/>
                </instance>
                <instance name="EMSParm_1410" acquisition-rate="10" alternate-name="" calibration-group="" calibration-sensor="" customer-sensor="" data-type="float" deadband="0" description="" display-format="4.2f" display-range-maximum="100" display-range-minimum="0" domain-id="10" engineering-unit="%" export-for-steady-state="true" fixed-sensor="" fullset-stability="false" gid="3410" group="" idds-hardware-name="EMSParm_1410" is-continuous-log="true" is-critical="false" is-enabled="true" logical-id="devEMS" partition="Streaming" quality-ceiling="good" rtd-reference-channel="" signal-id="" subsystem-name="IDDS" subsystem-type="iDDS" topic="ParameterDataSeries">
                    <alarm-limits/>
                </instance>
                <instance name="YB1_Ch34" acquisition-rate="1" alternate-name="" calibration-group="" calibration-sensor="" customer-sensor="" data-type="float" deadband="0" description="" display-format="4.2f" display-range-maximum="100" display-range-minimum="0" domain-id="3" engineering-unit="-" export-for-steady-state="true" fixed-sensor="" fullset-stability="false" gid="9034" group="" idds-hardware-name="CH34" is-continuous-log="true" is-critical="false" is-enabled="true" logical-id="rx3036-1" partition="Streaming" quality-ceiling="good" rtd-reference-channel="" signal-id="" subsystem-name="IDDS" subsystem-type="iDDS" topic="ParameterDataSeries">
                    <alarm-limits/>
                </instance>
                <instance name="dnaDIO00008" acquisition-rate="200" alternate-name="" calibration-group="" calibration-sensor="" customer-sensor="" data-type="float" deadband="0" description="Input channel 8" display-format="4.2f" display-range-maximum="100" display-range-minimum="0" domain-id="3" engineering-unit="V" export-for-steady-state="true" fixed-sensor="" fullset-stability="false" gid="8" group="" idds-hardware-name="dev03/ch00008" is-continuous-log="true" is-critical="false" is-enabled="true" logical-id="devCube999" partition="Streaming" quality-ceiling="good" rtd-reference-channel="" signal-id="" subsystem-name="IDDS" subsystem-type="iDDS" topic="ParameterDataValue">
                    <alarm-limits/>
                </instance>
                <instance name="EMSParm_724" acquisition-rate="10" alternate-name="" calibration-group="" calibration-sensor="" customer-sensor="" data-type="float" deadband="0" description="" display-format="4.2f" display-range-maximum="100" display-range-minimum="0" domain-id="10" engineering-unit="%" export-for-steady-state="true" fixed-sensor="" fullset-stability="false" gid="2724" group="" idds-hardware-name="EMSParm_724" is-continuous-log="true" is-critical="false" is-enabled="true" logical-id="devEMS" partition="Streaming" quality-ceiling="good" rtd-reference-channel="" signal-id="" subsystem-name="IDDS" subsystem-type="iDDS" topic="ParameterDataSeries">
                    <alarm-limits/>
                </instance>
                <instance name="EMSParm_737" acquisition-rate="10" alternate-name="" calibration-group="" calibration-sensor="" customer-sensor="" data-type="float" deadband="0" description="" display-format="4.2f" display-range-maximum="100" display-range-minimum="0" domain-id="10" engineering-unit="%" export-for-steady-state="true" fixed-sensor="" fullset-stability="false" gid="2737" group="" idds-hardware-name="EMSParm_737" is-continuous-log="true" is-critical="false" is-enabled="true" logical-id="devEMS" partition="Streaming" quality-ceiling="good" rtd-reference-channel="" signal-id="" subsystem-name="IDDS" subsystem-type="iDDS" topic="ParameterDataSeries">
                    <alarm-limits/>
                </instance>
                <instance name="EMSParm_428" acquisition-rate="10" alternate-name="" calibration-group="" calibration-sensor="" customer-sensor="" data-type="float" deadband="0" description="" display-format="4.2f" display-range-maximum="100" display-range-minimum="0" domain-id="10" engineering-unit="%" export-for-steady-state="true" fixed-sensor="" fullset-stability="false" gid="2428" group="" idds-hardware-name="EMSParm_428" is-continuous-log="true" is-critical="false" is-enabled="true" logical-id="devEMS" partition="Streaming" quality-ceiling="good" rtd-reference-channel="" signal-id="" subsystem-name="IDDS" subsystem-type="iDDS" topic="ParameterDataSeries">
                    <alarm-limits/>
                </instance>
                <instance name="EMSParm_987" acquisition-rate="10" alternate-name="" calibration-group="" calibration-sensor="" customer-sensor="" data-type="float" deadband="0" description="" display-format="4.2f" display-range-maximum="100" display-range-minimum="0" domain-id="10" engineering-unit="%" export-for-steady-state="true" fixed-sensor="" fullset-stability="false" gid="2987" group="" idds-hardware-name="EMSParm_987" is-continuous-log="true" is-critical="false" is-enabled="true" logical-id="devEMS" partition="Streaming" quality-ceiling="good" rtd-reference-channel="" signal-id="" subsystem-name="IDDS" subsystem-type="iDDS" topic="ParameterDataSeries">
                    <alarm-limits/>
                </instance>
                <instance name="EMSParm_753" acquisition-rate="10" alternate-name="" calibration-group="" calibration-sensor="" customer-sensor="" data-type="float" deadband="0" description="" display-format="4.2f" display-range-maximum="100" display-range-minimum="0" domain-id="10" engineering-unit="%" export-for-steady-state="true" fixed-sensor="" fullset-stability="false" gid="2753" group="" idds-hardware-name="EMSParm_753" is-continuous-log="true" is-critical="false" is-enabled="true" logical-id="devEMS" partition="Streaming" quality-ceiling="good" rtd-reference-channel="" signal-id="" subsystem-name="IDDS" subsystem-type="iDDS" topic="ParameterDataSeries">
                    <alarm-limits/>
                </instance>
                <instance name="EMSParm_1059" acquisition-rate="10" alternate-name="" calibration-group="" calibration-sensor="" customer-sensor="" data-type="float" deadband="0" description="" display-format="4.2f" display-range-maximum="100" display-range-minimum="0" domain-id="10" engineering-unit="%" export-for-steady-state="true" fixed-sensor="" fullset-stability="false" gid="3059" group="" idds-hardware-name="EMSParm_1059" is-continuous-log="true" is-critical="false" is-enabled="true" logical-id="devEMS" partition="Streaming" quality-ceiling="good" rtd-reference-channel="" signal-id="" subsystem-name="IDDS" subsystem-type="iDDS" topic="ParameterDataSeries">
                    <alarm-limits/>
                </instance>
                <instance name="EMSParm_1196" acquisition-rate="10" alternate-name="" calibration-group="" calibration-sensor="" customer-sensor="" data-type="float" deadband="0" description="" display-format="4.2f" display-range-maximum="100" display-range-minimum="0" domain-id="10" engineering-unit="%" export-for-steady-state="true" fixed-sensor="" fullset-stability="false" gid="3196" group="" idds-hardware-name="EMSParm_1196" is-continuous-log="true" is-critical="false" is-enabled="true" logical-id="devEMS" partition="Streaming" quality-ceiling="good" rtd-reference-channel="" signal-id="" subsystem-name="IDDS" subsystem-type="iDDS" topic="ParameterDataSeries">
                    <alarm-limits/>
                </instance>
                <instance name="EMSParm_17" acquisition-rate="10" alternate-name="" calibration-group="" calibration-sensor="" customer-sensor="" data-type="float" deadband="0" description="" display-format="4.2f" display-range-maximum="100" display-range-minimum="0" domain-id="10" engineering-unit="%" export-for-steady-state="true" fixed-sensor="" fullset-stability="false" gid="2017" group="" idds-hardware-name="EMSParm_17" is-continuous-log="true" is-critical="false" is-enabled="true" logical-id="devEMS" partition="Streaming" quality-ceiling="good" rtd-reference-channel="" signal-id="" subsystem-name="IDDS" subsystem-type="iDDS" topic="ParameterDataSeries">
                    <alarm-limits/>
                </instance>
                <instance name="EMSParm_827" acquisition-rate="10" alternate-name="" calibration-group="" calibration-sensor="" customer-sensor="" data-type="float" deadband="0" description="" display-format="4.2f" display-range-maximum="100" display-range-minimum="0" domain-id="10" engineering-unit="%" export-for-steady-state="true" fixed-sensor="" fullset-stability="false" gid="2827" group="" idds-hardware-name="EMSParm_827" is-continuous-log="true" is-critical="false" is-enabled="true" logical-id="devEMS" partition="Streaming" quality-ceiling="good" rtd-reference-channel="" signal-id="" subsystem-name="IDDS" subsystem-type="iDDS" topic="ParameterDataSeries">
                    <alarm-limits/>
                </instance>
                <instance name="pb91162ch15" acquisition-rate="1" alternate-name="" calibration-group="" calibration-sensor="" customer-sensor="" data-type="float" deadband="0" description="" display-format="4.2f" display-range-maximum="100" display-range-minimum="0" domain-id="2" engineering-unit="psi" export-for-steady-state="true" fixed-sensor="" fullset-stability="false" gid="-1" group="" idds-hardware-name="" is-continuous-log="true" is-critical="false" is-enabled="true" is-output="false" logical-id="" partition="" pbs-amb-press-channel="" pbs-avg-samples="4" pbs-input-type="pressure" pbs-port="15" pbs-serial-number="PB8793" quality-ceiling="good" rtd-reference-channel="" signal-id="" subsystem-name="PBS" subsystem-type="pbs" topic="">
                    <alarm-limits/>
                </instance>
                <instance name="dnaDO00013" acquisition-rate="200" alternate-name="" calibration-group="" calibration-sensor="" customer-sensor="" data-type="float" deadband="0" description="Input channel 2" display-format="4.2f" display-range-maximum="100" display-range-minimum="0" domain-id="3" engineering-unit="-" export-for-steady-state="true" fixed-sensor="" fullset-stability="false" gid="225" group="" idds-hardware-name="dev03/ch00013" is-continuous-log="true" is-critical="false" is-enabled="true" logical-id="devCube999" partition="Streaming" quality-ceiling="good" rtd-reference-channel="" signal-id="" subsystem-name="IDDS" subsystem-type="iDDS" topic="ParameterDataValue">
                    <alarm-limits/>
                </instance>
                <instance name="EMSParm_1396" acquisition-rate="10" alternate-name="" calibration-group="" calibration-sensor="" customer-sensor="" data-type="float" deadband="0" description="" display-format="4.2f" display-range-maximum="100" display-range-minimum="0" domain-id="10" engineering-unit="%" export-for-steady-state="true" fixed-sensor="" fullset-stability="false" gid="3396" group="" idds-hardware-name="EMSParm_1396" is-continuous-log="true" is-critical="false" is-enabled="true" logical-id="devEMS" partition="Streaming" quality-ceiling="good" rtd-reference-channel="" signal-id="" subsystem-name="IDDS" subsystem-type="iDDS" topic="ParameterDataSeries">
                    <alarm-limits/>
                </instance>
                <instance name="EMSParm_802" acquisition-rate="10" alternate-name="" calibration-group="" calibration-sensor="" customer-sensor="" data-type="float" deadband="0" description="" display-format="4.2f" display-range-maximum="100" display-range-minimum="0" domain-id="10" engineering-unit="%" export-for-steady-state="true" fixed-sensor="" fullset-stability="false" gid="2802" group="" idds-hardware-name="EMSParm_802" is-continuous-log="true" is-critical="false" is-enabled="true" logical-id="devEMS" partition="Streaming" quality-ceiling="good" rtd-reference-channel="" signal-id="" subsystem-name="IDDS" subsystem-type="iDDS" topic="ParameterDataSeries">
                    <alarm-limits/>
                </instance>
                <instance name="EMSParm_458" acquisition-rate="10" alternate-name="" calibration-group="" calibration-sensor="" customer-sensor="" data-type="float" deadband="0" description="" display-format="4.2f" display-range-maximum="100" display-range-minimum="0" domain-id="10" engineering-unit="%" export-for-steady-state="true" fixed-sensor="" fullset-stability="false" gid="2458" group="" idds-hardware-name="EMSParm_458" is-continuous-log="true" is-critical="false" is-enabled="true" logical-id="devEMS" partition="Streaming" quality-ceiling="good" rtd-reference-channel="" signal-id="" subsystem-name="IDDS" subsystem-type="iDDS" topic="ParameterDataSeries">
                    <alarm-limits/>
                </instance>
                <instance name="EMSParm_1246" acquisition-rate="10" alternate-name="" calibration-group="" calibration-sensor="" customer-sensor="" data-type="float" deadband="0" description="" display-format="4.2f" display-range-maximum="100" display-range-minimum="0" domain-id="10" engineering-unit="%" export-for-steady-state="true" fixed-sensor="" fullset-stability="false" gid="3246" group="" idds-hardware-name="EMSParm_1246" is-continuous-log="true" is-critical="false" is-enabled="true" logical-id="devEMS" partition="Streaming" quality-ceiling="good" rtd-reference-channel="" signal-id="" subsystem-name="IDDS" subsystem-type="iDDS" topic="ParameterDataSeries">
                    <alarm-limits/>
                </instance>
                <instance name="EMSParm_1361" acquisition-rate="10" alternate-name="" calibration-group="" calibration-sensor="" customer-sensor="" data-type="float" deadband="0" description="" display-format="4.2f" display-range-maximum="100" display-range-minimum="0" domain-id="10" engineering-unit="%" export-for-steady-state="true" fixed-sensor="" fullset-stability="false" gid="3361" group="" idds-hardware-name="EMSParm_1361" is-continuous-log="true" is-critical="false" is-enabled="true" logical-id="devEMS" partition="Streaming" quality-ceiling="good" rtd-reference-channel="" signal-id="" subsystem-name="IDDS" subsystem-type="iDDS" topic="ParameterDataSeries">
                    <alarm-limits/>
                </instance>
                <instance name="EMSParm_642" acquisition-rate="10" alternate-name="" calibration-group="" calibration-sensor="" customer-sensor="" data-type="float" deadband="0" description="" display-format="4.2f" display-range-maximum="100" display-range-minimum="0" domain-id="10" engineering-unit="%" export-for-steady-state="true" fixed-sensor="" fullset-stability="false" gid="2642" group="" idds-hardware-name="EMSParm_642" is-continuous-log="true" is-critical="false" is-enabled="true" logical-id="devEMS" partition="Streaming" quality-ceiling="good" rtd-reference-channel="" signal-id="" subsystem-name="IDDS" subsystem-type="iDDS" topic="ParameterDataSeries">
                    <alarm-limits/>
                </instance>
                <instance name="T000035" acquisition-rate="10" alternate-name="" calibration-group="" calibration-sensor="" customer-sensor="" data-type="float" deadband="0" description="" display-format="4.2f" display-range-maximum="100" display-range-minimum="0" domain-id="2" engineering-unit="degC" export-for-steady-state="true" fixed-sensor="" fullset-stability="false" gid="5035" group="" idds-hardware-name="SCUTRDEMO_Ch35" is-continuous-log="true" is-critical="false" is-enabled="true" logical-id="scutrsim" partition="Streaming" quality-ceiling="good" rtd-reference-channel="" signal-id="" subsystem-name="IDDS" subsystem-type="iDDS" topic="ParameterDataSeries">
                    <alarm-limits/>
                </instance>
                <instance name="EMSParm_739" acquisition-rate="10" alternate-name="" calibration-group="" calibration-sensor="" customer-sensor="" data-type="float" deadband="0" description="" display-format="4.2f" display-range-maximum="100" display-range-minimum="0" domain-id="10" engineering-unit="%" export-for-steady-state="true" fixed-sensor="" fullset-stability="false" gid="2739" group="" idds-hardware-name="EMSParm_739" is-continuous-log="true" is-critical="false" is-enabled="true" logical-id="devEMS" partition="Streaming" quality-ceiling="good" rtd-reference-channel="" signal-id="" subsystem-name="IDDS" subsystem-type="iDDS" topic="ParameterDataSeries">
                    <alarm-limits/>
                </instance>
                <instance name="EMSParm_304" acquisition-rate="10" alternate-name="" calibration-group="" calibration-sensor="" customer-sensor="" data-type="float" deadband="0" description="" display-format="4.2f" display-range-maximum="100" display-range-minimum="0" domain-id="10" engineering-unit="%" export-for-steady-state="true" fixed-sensor="" fullset-stability="false" gid="2304" group="" idds-hardware-name="EMSParm_304" is-continuous-log="true" is-critical="false" is-enabled="true" logical-id="devEMS" partition="Streaming" quality-ceiling="good" rtd-reference-channel="" signal-id="" subsystem-name="IDDS" subsystem-type="iDDS" topic="ParameterDataSeries">
                    <alarm-limits/>
                </instance>
                <instance name="EMSParm_929" acquisition-rate="10" alternate-name="" calibration-group="" calibration-sensor="" customer-sensor="" data-type="float" deadband="0" description="" display-format="4.2f" display-range-maximum="100" display-range-minimum="0" domain-id="10" engineering-unit="%" export-for-steady-state="true" fixed-sensor="" fullset-stability="false" gid="2929" group="" idds-hardware-name="EMSParm_929" is-continuous-log="true" is-critical="false" is-enabled="true" logical-id="devEMS" partition="Streaming" quality-ceiling="good" rtd-reference-channel="" signal-id="" subsystem-name="IDDS" subsystem-type="iDDS" topic="ParameterDataSeries">
                    <alarm-limits/>
                </instance>
                <instance name="EMSParm_1328" acquisition-rate="10" alternate-name="" calibration-group="" calibration-sensor="" customer-sensor="" data-type="float" deadband="0" description="" display-format="4.2f" display-range-maximum="100" display-range-minimum="0" domain-id="10" engineering-unit="%" export-for-steady-state="true" fixed-sensor="" fullset-stability="false" gid="3328" group="" idds-hardware-name="EMSParm_1328" is-continuous-log="true" is-critical="false" is-enabled="true" logical-id="devEMS" partition="Streaming" quality-ceiling="good" rtd-reference-channel="" signal-id="" subsystem-name="IDDS" subsystem-type="iDDS" topic="ParameterDataSeries">
                    <alarm-limits/>
                </instance>
                <instance name="EMSParm_948" acquisition-rate="10" alternate-name="" calibration-group="" calibration-sensor="" customer-sensor="" data-type="float" deadband="0" description="" display-format="4.2f" display-range-maximum="100" display-range-minimum="0" domain-id="10" engineering-unit="%" export-for-steady-state="true" fixed-sensor="" fullset-stability="false" gid="2948" group="" idds-hardware-name="EMSParm_948" is-continuous-log="true" is-critical="false" is-enabled="true" logical-id="devEMS" partition="Streaming" quality-ceiling="good" rtd-reference-channel="" signal-id="" subsystem-name="IDDS" subsystem-type="iDDS" topic="ParameterDataSeries">
                    <alarm-limits/>
                </instance>
                <instance name="EMSParm_862" acquisition-rate="10" alternate-name="" calibration-group="" calibration-sensor="" customer-sensor="" data-type="float" deadband="0" description="" display-format="4.2f" display-range-maximum="100" display-range-minimum="0" domain-id="10" engineering-unit="%" export-for-steady-state="true" fixed-sensor="" fullset-stability="false" gid="2862" group="" idds-hardware-name="EMSParm_862" is-continuous-log="true" is-critical="false" is-enabled="true" logical-id="devEMS" partition="Streaming" quality-ceiling="good" rtd-reference-channel="" signal-id="" subsystem-name="IDDS" subsystem-type="iDDS" topic="ParameterDataSeries">
                    <alarm-limits/>
                </instance>
                <instance name="EMSParm_855" acquisition-rate="10" alternate-name="" calibration-group="" calibration-sensor="" customer-sensor="" data-type="float" deadband="0" description="" display-format="4.2f" display-range-maximum="100" display-range-minimum="0" domain-id="10" engineering-unit="%" export-for-steady-state="true" fixed-sensor="" fullset-stability="false" gid="2855" group="" idds-hardware-name="EMSParm_855" is-continuous-log="true" is-critical="false" is-enabled="true" logical-id="devEMS" partition="Streaming" quality-ceiling="good" rtd-reference-channel="" signal-id="" subsystem-name="IDDS" subsystem-type="iDDS" topic="ParameterDataSeries">
                    <alarm-limits/>
                </instance>
                <instance name="EMSParm_773" acquisition-rate="10" alternate-name="" calibration-group="" calibration-sensor="" customer-sensor="" data-type="float" deadband="0" description="" display-format="4.2f" display-range-maximum="100" display-range-minimum="0" domain-id="10" engineering-unit="%" export-for-steady-state="true" fixed-sensor="" fullset-stability="false" gid="2773" group="" idds-hardware-name="EMSParm_773" is-continuous-log="true" is-critical="false" is-enabled="true" logical-id="devEMS" partition="Streaming" quality-ceiling="good" rtd-reference-channel="" signal-id="" subsystem-name="IDDS" subsystem-type="iDDS" topic="ParameterDataSeries">
                    <alarm-limits/>
                </instance>
                <instance name="EMSParm_511" acquisition-rate="10" alternate-name="" calibration-group="" calibration-sensor="" customer-sensor="" data-type="float" deadband="0" description="" display-format="4.2f" display-range-maximum="100" display-range-minimum="0" domain-id="10" engineering-unit="%" export-for-steady-state="true" fixed-sensor="" fullset-stability="false" gid="2511" group="" idds-hardware-name="EMSParm_511" is-continuous-log="true" is-critical="false" is-enabled="true" logical-id="devEMS" partition="Streaming" quality-ceiling="good" rtd-reference-channel="" signal-id="" subsystem-name="IDDS" subsystem-type="iDDS" topic="ParameterDataSeries">
                    <alarm-limits/>
                </instance>
                <instance name="T000033" acquisition-rate="10" alternate-name="" calibration-group="" calibration-sensor="" customer-sensor="" data-type="float" deadband="0" description="" display-format="4.2f" display-range-maximum="100" display-range-minimum="0" domain-id="2" engineering-unit="degC" export-for-steady-state="true" fixed-sensor="" fullset-stability="false" gid="5033" group="" idds-hardware-name="SCUTRDEMO_Ch33" is-continuous-log="true" is-critical="false" is-enabled="true" logical-id="scutrsim" partition="Streaming" quality-ceiling="good" rtd-reference-channel="" signal-id="" subsystem-name="IDDS" subsystem-type="iDDS" topic="ParameterDataSeries">
                    <alarm-limits/>
                </instance>
                <instance name="EMSParm_1054" acquisition-rate="10" alternate-name="" calibration-group="" calibration-sensor="" customer-sensor="" data-type="float" deadband="0" description="" display-format="4.2f" display-range-maximum="100" display-range-minimum="0" domain-id="10" engineering-unit="%" export-for-steady-state="true" fixed-sensor="" fullset-stability="false" gid="3054" group="" idds-hardware-name="EMSParm_1054" is-continuous-log="true" is-critical="false" is-enabled="true" logical-id="devEMS" partition="Streaming" quality-ceiling="good" rtd-reference-channel="" signal-id="" subsystem-name="IDDS" subsystem-type="iDDS" topic="ParameterDataSeries">
                    <alarm-limits/>
                </instance>
                <instance name="EMSParm_155" acquisition-rate="10" alternate-name="" calibration-group="" calibration-sensor="" customer-sensor="" data-type="float" deadband="0" description="" display-format="4.2f" display-range-maximum="100" display-range-minimum="0" domain-id="10" engineering-unit="%" export-for-steady-state="true" fixed-sensor="" fullset-stability="false" gid="2155" group="" idds-hardware-name="EMSParm_155" is-continuous-log="true" is-critical="false" is-enabled="true" logical-id="devEMS" partition="Streaming" quality-ceiling="good" rtd-reference-channel="" signal-id="" subsystem-name="IDDS" subsystem-type="iDDS" topic="ParameterDataSeries">
                    <alarm-limits/>
                </instance>
                <instance name="EMSParm_826" acquisition-rate="10" alternate-name="" calibration-group="" calibration-sensor="" customer-sensor="" data-type="float" deadband="0" description="" display-format="4.2f" display-range-maximum="100" display-range-minimum="0" domain-id="10" engineering-unit="%" export-for-steady-state="true" fixed-sensor="" fullset-stability="false" gid="2826" group="" idds-hardware-name="EMSParm_826" is-continuous-log="true" is-critical="false" is-enabled="true" logical-id="devEMS" partition="Streaming" quality-ceiling="good" rtd-reference-channel="" signal-id="" subsystem-name="IDDS" subsystem-type="iDDS" topic="ParameterDataSeries">
                    <alarm-limits/>
                </instance>
                <instance name="EMSParm_1349" acquisition-rate="10" alternate-name="" calibration-group="" calibration-sensor="" customer-sensor="" data-type="float" deadband="0" description="" display-format="4.2f" display-range-maximum="100" display-range-minimum="0" domain-id="10" engineering-unit="%" export-for-steady-state="true" fixed-sensor="" fullset-stability="false" gid="3349" group="" idds-hardware-name="EMSParm_1349" is-continuous-log="true" is-critical="false" is-enabled="true" logical-id="devEMS" partition="Streaming" quality-ceiling="good" rtd-reference-channel="" signal-id="" subsystem-name="IDDS" subsystem-type="iDDS" topic="ParameterDataSeries">
                    <alarm-limits/>
                </instance>
                <instance name="EMSParm_618" acquisition-rate="10" alternate-name="" calibration-group="" calibration-sensor="" customer-sensor="" data-type="float" deadband="0" description="" display-format="4.2f" display-range-maximum="100" display-range-minimum="0" domain-id="10" engineering-unit="%" export-for-steady-state="true" fixed-sensor="" fullset-stability="false" gid="2618" group="" idds-hardware-name="EMSParm_618" is-continuous-log="true" is-critical="false" is-enabled="true" logical-id="devEMS" partition="Streaming" quality-ceiling="good" rtd-reference-channel="" signal-id="" subsystem-name="IDDS" subsystem-type="iDDS" topic="ParameterDataSeries">
                    <alarm-limits/>
                </instance>
                <instance name="EMSParm_1389" acquisition-rate="10" alternate-name="" calibration-group="" calibration-sensor="" customer-sensor="" data-type="float" deadband="0" description="" display-format="4.2f" display-range-maximum="100" display-range-minimum="0" domain-id="10" engineering-unit="%" export-for-steady-state="true" fixed-sensor="" fullset-stability="false" gid="3389" group="" idds-hardware-name="EMSParm_1389" is-continuous-log="true" is-critical="false" is-enabled="true" logical-id="devEMS" partition="Streaming" quality-ceiling="good" rtd-reference-channel="" signal-id="" subsystem-name="IDDS" subsystem-type="iDDS" topic="ParameterDataSeries">
                    <alarm-limits/>
                </instance>
                <instance name="EMSParm_184" acquisition-rate="10" alternate-name="" calibration-group="" calibration-sensor="" customer-sensor="" data-type="float" deadband="0" description="" display-format="4.2f" display-range-maximum="100" display-range-minimum="0" domain-id="10" engineering-unit="%" export-for-steady-state="true" fixed-sensor="" fullset-stability="false" gid="2184" group="" idds-hardware-name="EMSParm_184" is-continuous-log="true" is-critical="false" is-enabled="true" logical-id="devEMS" partition="Streaming" quality-ceiling="good" rtd-reference-channel="" signal-id="" subsystem-name="IDDS" subsystem-type="iDDS" topic="ParameterDataSeries">
                    <alarm-limits/>
                </instance>
                <instance name="EMSParm_145" acquisition-rate="10" alternate-name="" calibration-group="" calibration-sensor="" customer-sensor="" data-type="float" deadband="0" description="" display-format="4.2f" display-range-maximum="100" display-range-minimum="0" domain-id="10" engineering-unit="%" export-for-steady-state="true" fixed-sensor="" fullset-stability="false" gid="2145" group="" idds-hardware-name="EMSParm_145" is-continuous-log="true" is-critical="false" is-enabled="true" logical-id="devEMS" partition="Streaming" quality-ceiling="good" rtd-reference-channel="" signal-id="" subsystem-name="IDDS" subsystem-type="iDDS" topic="ParameterDataSeries">
                    <alarm-limits/>
                </instance>
                <instance name="EMSParm_1189" acquisition-rate="10" alternate-name="" calibration-group="" calibration-sensor="" customer-sensor="" data-type="float" deadband="0" description="" display-format="4.2f" display-range-maximum="100" display-range-minimum="0" domain-id="10" engineering-unit="%" export-for-steady-state="true" fixed-sensor="" fullset-stability="false" gid="3189" group="" idds-hardware-name="EMSParm_1189" is-continuous-log="true" is-critical="false" is-enabled="true" logical-id="devEMS" partition="Streaming" quality-ceiling="good" rtd-reference-channel="" signal-id="" subsystem-name="IDDS" subsystem-type="iDDS" topic="ParameterDataSeries">
                    <alarm-limits/>
                </instance>
                <instance name="EMSParm_623" acquisition-rate="10" alternate-name="" calibration-group="" calibration-sensor="" customer-sensor="" data-type="float" deadband="0" description="" display-format="4.2f" display-range-maximum="100" display-range-minimum="0" domain-id="10" engineering-unit="%" export-for-steady-state="true" fixed-sensor="" fullset-stability="false" gid="2623" group="" idds-hardware-name="EMSParm_623" is-continuous-log="true" is-critical="false" is-enabled="true" logical-id="devEMS" partition="Streaming" quality-ceiling="good" rtd-reference-channel="" signal-id="" subsystem-name="IDDS" subsystem-type="iDDS" topic="ParameterDataSeries">
                    <alarm-limits/>
                </instance>
                <instance name="EMSParm_681" acquisition-rate="10" alternate-name="" calibration-group="" calibration-sensor="" customer-sensor="" data-type="float" deadband="0" description="" display-format="4.2f" display-range-maximum="100" display-range-minimum="0" domain-id="10" engineering-unit="%" export-for-steady-state="true" fixed-sensor="" fullset-stability="false" gid="2681" group="" idds-hardware-name="EMSParm_681" is-continuous-log="true" is-critical="false" is-enabled="true" logical-id="devEMS" partition="Streaming" quality-ceiling="good" rtd-reference-channel="" signal-id="" subsystem-name="IDDS" subsystem-type="iDDS" topic="ParameterDataSeries">
                    <alarm-limits/>
                </instance>
                <instance name="EMSParm_578" acquisition-rate="10" alternate-name="" calibration-group="" calibration-sensor="" customer-sensor="" data-type="float" deadband="0" description="" display-format="4.2f" display-range-maximum="100" display-range-minimum="0" domain-id="10" engineering-unit="%" export-for-steady-state="true" fixed-sensor="" fullset-stability="false" gid="2578" group="" idds-hardware-name="EMSParm_578" is-continuous-log="true" is-critical="false" is-enabled="true" logical-id="devEMS" partition="Streaming" quality-ceiling="good" rtd-reference-channel="" signal-id="" subsystem-name="IDDS" subsystem-type="iDDS" topic="ParameterDataSeries">
                    <alarm-limits/>
                </instance>
                <instance name="pb91162ch7" acquisition-rate="1" alternate-name="" calibration-group="" calibration-sensor="" customer-sensor="" data-type="float" deadband="0" description="" display-format="4.2f" display-range-maximum="100" display-range-minimum="0" domain-id="2" engineering-unit="psi" export-for-steady-state="true" fixed-sensor="" fullset-stability="false" gid="-1" group="" idds-hardware-name="" is-continuous-log="true" is-critical="false" is-enabled="true" is-output="false" logical-id="" partition="" pbs-amb-press-channel="" pbs-avg-samples="4" pbs-input-type="pressure" pbs-port="7" pbs-serial-number="PB8793" quality-ceiling="good" rtd-reference-channel="" signal-id="" subsystem-name="PBS" subsystem-type="pbs" topic="">
                    <alarm-limits/>
                </instance>
                <instance name="EMSParm_166" acquisition-rate="10" alternate-name="" calibration-group="" calibration-sensor="" customer-sensor="" data-type="float" deadband="0" description="" display-format="4.2f" display-range-maximum="100" display-range-minimum="0" domain-id="10" engineering-unit="%" export-for-steady-state="true" fixed-sensor="" fullset-stability="false" gid="2166" group="" idds-hardware-name="EMSParm_166" is-continuous-log="true" is-critical="false" is-enabled="true" logical-id="devEMS" partition="Streaming" quality-ceiling="good" rtd-reference-channel="" signal-id="" subsystem-name="IDDS" subsystem-type="iDDS" topic="ParameterDataSeries">
                    <alarm-limits/>
                </instance>
                <instance name="EMSParm_926" acquisition-rate="10" alternate-name="" calibration-group="" calibration-sensor="" customer-sensor="" data-type="float" deadband="0" description="" display-format="4.2f" display-range-maximum="100" display-range-minimum="0" domain-id="10" engineering-unit="%" export-for-steady-state="true" fixed-sensor="" fullset-stability="false" gid="2926" group="" idds-hardware-name="EMSParm_926" is-continuous-log="true" is-critical="false" is-enabled="true" logical-id="devEMS" partition="Streaming" quality-ceiling="good" rtd-reference-channel="" signal-id="" subsystem-name="IDDS" subsystem-type="iDDS" topic="ParameterDataSeries">
                    <alarm-limits/>
                </instance>
                <instance name="EMSParm_1202" acquisition-rate="10" alternate-name="" calibration-group="" calibration-sensor="" customer-sensor="" data-type="float" deadband="0" description="" display-format="4.2f" display-range-maximum="100" display-range-minimum="0" domain-id="10" engineering-unit="%" export-for-steady-state="true" fixed-sensor="" fullset-stability="false" gid="3202" group="" idds-hardware-name="EMSParm_1202" is-continuous-log="true" is-critical="false" is-enabled="true" logical-id="devEMS" partition="Streaming" quality-ceiling="good" rtd-reference-channel="" signal-id="" subsystem-name="IDDS" subsystem-type="iDDS" topic="ParameterDataSeries">
                    <alarm-limits/>
                </instance>
                <instance name="EMSParm_963" acquisition-rate="10" alternate-name="" calibration-group="" calibration-sensor="" customer-sensor="" data-type="float" deadband="0" description="" display-format="4.2f" display-range-maximum="100" display-range-minimum="0" domain-id="10" engineering-unit="%" export-for-steady-state="true" fixed-sensor="" fullset-stability="false" gid="2963" group="" idds-hardware-name="EMSParm_963" is-continuous-log="true" is-critical="false" is-enabled="true" logical-id="devEMS" partition="Streaming" quality-ceiling="good" rtd-reference-channel="" signal-id="" subsystem-name="IDDS" subsystem-type="iDDS" topic="ParameterDataSeries">
                    <alarm-limits/>
                </instance>
                <instance name="EMSParm_1268" acquisition-rate="10" alternate-name="" calibration-group="" calibration-sensor="" customer-sensor="" data-type="float" deadband="0" description="" display-format="4.2f" display-range-maximum="100" display-range-minimum="0" domain-id="10" engineering-unit="%" export-for-steady-state="true" fixed-sensor="" fullset-stability="false" gid="3268" group="" idds-hardware-name="EMSParm_1268" is-continuous-log="true" is-critical="false" is-enabled="true" logical-id="devEMS" partition="Streaming" quality-ceiling="good" rtd-reference-channel="" signal-id="" subsystem-name="IDDS" subsystem-type="iDDS" topic="ParameterDataSeries">
                    <alarm-limits/>
                </instance>
                <instance name="EMSParm_1000" acquisition-rate="10" alternate-name="" calibration-group="" calibration-sensor="" customer-sensor="" data-type="float" deadband="0" description="" display-format="4.2f" display-range-maximum="100" display-range-minimum="0" domain-id="10" engineering-unit="%" export-for-steady-state="true" fixed-sensor="" fullset-stability="false" gid="3000" group="" idds-hardware-name="EMSParm_1000" is-continuous-log="true" is-critical="false" is-enabled="true" logical-id="devEMS" partition="Streaming" quality-ceiling="good" rtd-reference-channel="" signal-id="" subsystem-name="IDDS" subsystem-type="iDDS" topic="ParameterDataSeries">
                    <alarm-limits/>
                </instance>
                <instance name="EMSParm_89" acquisition-rate="10" alternate-name="" calibration-group="" calibration-sensor="" customer-sensor="" data-type="float" deadband="0" description="" display-format="4.2f" display-range-maximum="100" display-range-minimum="0" domain-id="10" engineering-unit="%" export-for-steady-state="true" fixed-sensor="" fullset-stability="false" gid="2089" group="" idds-hardware-name="EMSParm_89" is-continuous-log="true" is-critical="false" is-enabled="true" logical-id="devEMS" partition="Streaming" quality-ceiling="good" rtd-reference-channel="" signal-id="" subsystem-name="IDDS" subsystem-type="iDDS" topic="ParameterDataSeries">
                    <alarm-limits/>
                </instance>
                <instance name="EMSParm_407" acquisition-rate="10" alternate-name="" calibration-group="" calibration-sensor="" customer-sensor="" data-type="float" deadband="0" description="" display-format="4.2f" display-range-maximum="100" display-range-minimum="0" domain-id="10" engineering-unit="%" export-for-steady-state="true" fixed-sensor="" fullset-stability="false" gid="2407" group="" idds-hardware-name="EMSParm_407" is-continuous-log="true" is-critical="false" is-enabled="true" logical-id="devEMS" partition="Streaming" quality-ceiling="good" rtd-reference-channel="" signal-id="" subsystem-name="IDDS" subsystem-type="iDDS" topic="ParameterDataSeries">
                    <alarm-limits/>
                </instance>
                <instance name="EMSParm_949" acquisition-rate="10" alternate-name="" calibration-group="" calibration-sensor="" customer-sensor="" data-type="float" deadband="0" description="" display-format="4.2f" display-range-maximum="100" display-range-minimum="0" domain-id="10" engineering-unit="%" export-for-steady-state="true" fixed-sensor="" fullset-stability="false" gid="2949" group="" idds-hardware-name="EMSParm_949" is-continuous-log="true" is-critical="false" is-enabled="true" logical-id="devEMS" partition="Streaming" quality-ceiling="good" rtd-reference-channel="" signal-id="" subsystem-name="IDDS" subsystem-type="iDDS" topic="ParameterDataSeries">
                    <alarm-limits/>
                </instance>
                <instance name="dnaAI00006" acquisition-rate="200" alternate-name="" calibration-group="" calibration-sensor="" customer-sensor="" data-type="float" deadband="0" description="Input channel 6" display-format="4.2f" display-range-maximum="100" display-range-minimum="0" domain-id="3" engineering-unit="V" export-for-steady-state="true" fixed-sensor="" fullset-stability="false" gid="222" group="" idds-hardware-name="dev01/ch00006" is-continuous-log="true" is-critical="false" is-enabled="true" logical-id="devCube999" partition="Streaming" quality-ceiling="good" rtd-reference-channel="" signal-id="" subsystem-name="IDDS" subsystem-type="iDDS" topic="ParameterDataValue">
                    <alarm-limits/>
                </instance>
                <instance name="EMSParm_1255" acquisition-rate="10" alternate-name="" calibration-group="" calibration-sensor="" customer-sensor="" data-type="float" deadband="0" description="" display-format="4.2f" display-range-maximum="100" display-range-minimum="0" domain-id="10" engineering-unit="%" export-for-steady-state="true" fixed-sensor="" fullset-stability="false" gid="3255" group="" idds-hardware-name="EMSParm_1255" is-continuous-log="true" is-critical="false" is-enabled="true" logical-id="devEMS" partition="Streaming" quality-ceiling="good" rtd-reference-channel="" signal-id="" subsystem-name="IDDS" subsystem-type="iDDS" topic="ParameterDataSeries">
                    <alarm-limits/>
                </instance>
                <instance name="EMSParm_719" acquisition-rate="10" alternate-name="" calibration-group="" calibration-sensor="" customer-sensor="" data-type="float" deadband="0" description="" display-format="4.2f" display-range-maximum="100" display-range-minimum="0" domain-id="10" engineering-unit="%" export-for-steady-state="true" fixed-sensor="" fullset-stability="false" gid="2719" group="" idds-hardware-name="EMSParm_719" is-continuous-log="true" is-critical="false" is-enabled="true" logical-id="devEMS" partition="Streaming" quality-ceiling="good" rtd-reference-channel="" signal-id="" subsystem-name="IDDS" subsystem-type="iDDS" topic="ParameterDataSeries">
                    <alarm-limits/>
                </instance>
                <instance name="EMSParm_477" acquisition-rate="10" alternate-name="" calibration-group="" calibration-sensor="" customer-sensor="" data-type="float" deadband="0" description="" display-format="4.2f" display-range-maximum="100" display-range-minimum="0" domain-id="10" engineering-unit="%" export-for-steady-state="true" fixed-sensor="" fullset-stability="false" gid="2477" group="" idds-hardware-name="EMSParm_477" is-continuous-log="true" is-critical="false" is-enabled="true" logical-id="devEMS" partition="Streaming" quality-ceiling="good" rtd-reference-channel="" signal-id="" subsystem-name="IDDS" subsystem-type="iDDS" topic="ParameterDataSeries">
                    <alarm-limits/>
                </instance>
                <instance name="EMSParm_212" acquisition-rate="10" alternate-name="" calibration-group="" calibration-sensor="" customer-sensor="" data-type="float" deadband="0" description="" display-format="4.2f" display-range-maximum="100" display-range-minimum="0" domain-id="10" engineering-unit="%" export-for-steady-state="true" fixed-sensor="" fullset-stability="false" gid="2212" group="" idds-hardware-name="EMSParm_212" is-continuous-log="true" is-critical="false" is-enabled="true" logical-id="devEMS" partition="Streaming" quality-ceiling="good" rtd-reference-channel="" signal-id="" subsystem-name="IDDS" subsystem-type="iDDS" topic="ParameterDataSeries">
                    <alarm-limits/>
                </instance>
                <instance name="EMSParm_721" acquisition-rate="10" alternate-name="" calibration-group="" calibration-sensor="" customer-sensor="" data-type="float" deadband="0" description="" display-format="4.2f" display-range-maximum="100" display-range-minimum="0" domain-id="10" engineering-unit="%" export-for-steady-state="true" fixed-sensor="" fullset-stability="false" gid="2721" group="" idds-hardware-name="EMSParm_721" is-continuous-log="true" is-critical="false" is-enabled="true" logical-id="devEMS" partition="Streaming" quality-ceiling="good" rtd-reference-channel="" signal-id="" subsystem-name="IDDS" subsystem-type="iDDS" topic="ParameterDataSeries">
                    <alarm-limits/>
                </instance>
                <instance name="EMSParm_443" acquisition-rate="10" alternate-name="" calibration-group="" calibration-sensor="" customer-sensor="" data-type="float" deadband="0" description="" display-format="4.2f" display-range-maximum="100" display-range-minimum="0" domain-id="10" engineering-unit="%" export-for-steady-state="true" fixed-sensor="" fullset-stability="false" gid="2443" group="" idds-hardware-name="EMSParm_443" is-continuous-log="true" is-critical="false" is-enabled="true" logical-id="devEMS" partition="Streaming" quality-ceiling="good" rtd-reference-channel="" signal-id="" subsystem-name="IDDS" subsystem-type="iDDS" topic="ParameterDataSeries">
                    <alarm-limits/>
                </instance>
                <instance name="EMSParm_838" acquisition-rate="10" alternate-name="" calibration-group="" calibration-sensor="" customer-sensor="" data-type="float" deadband="0" description="" display-format="4.2f" display-range-maximum="100" display-range-minimum="0" domain-id="10" engineering-unit="%" export-for-steady-state="true" fixed-sensor="" fullset-stability="false" gid="2838" group="" idds-hardware-name="EMSParm_838" is-continuous-log="true" is-critical="false" is-enabled="true" logical-id="devEMS" partition="Streaming" quality-ceiling="good" rtd-reference-channel="" signal-id="" subsystem-name="IDDS" subsystem-type="iDDS" topic="ParameterDataSeries">
                    <alarm-limits/>
                </instance>
                <instance name="EMSParm_839" acquisition-rate="10" alternate-name="" calibration-group="" calibration-sensor="" customer-sensor="" data-type="float" deadband="0" description="" display-format="4.2f" display-range-maximum="100" display-range-minimum="0" domain-id="10" engineering-unit="%" export-for-steady-state="true" fixed-sensor="" fullset-stability="false" gid="2839" group="" idds-hardware-name="EMSParm_839" is-continuous-log="true" is-critical="false" is-enabled="true" logical-id="devEMS" partition="Streaming" quality-ceiling="good" rtd-reference-channel="" signal-id="" subsystem-name="IDDS" subsystem-type="iDDS" topic="ParameterDataSeries">
                    <alarm-limits/>
                </instance>
                <instance name="EMSParm_1368" acquisition-rate="10" alternate-name="" calibration-group="" calibration-sensor="" customer-sensor="" data-type="float" deadband="0" description="" display-format="4.2f" display-range-maximum="100" display-range-minimum="0" domain-id="10" engineering-unit="%" export-for-steady-state="true" fixed-sensor="" fullset-stability="false" gid="3368" group="" idds-hardware-name="EMSParm_1368" is-continuous-log="true" is-critical="false" is-enabled="true" logical-id="devEMS" partition="Streaming" quality-ceiling="good" rtd-reference-channel="" signal-id="" subsystem-name="IDDS" subsystem-type="iDDS" topic="ParameterDataSeries">
                    <alarm-limits/>
                </instance>
                <instance name="EMSParm_104" acquisition-rate="10" alternate-name="" calibration-group="" calibration-sensor="" customer-sensor="" data-type="float" deadband="0" description="" display-format="4.2f" display-range-maximum="100" display-range-minimum="0" domain-id="10" engineering-unit="%" export-for-steady-state="true" fixed-sensor="" fullset-stability="false" gid="2104" group="" idds-hardware-name="EMSParm_104" is-continuous-log="true" is-critical="false" is-enabled="true" logical-id="devEMS" partition="Streaming" quality-ceiling="good" rtd-reference-channel="" signal-id="" subsystem-name="IDDS" subsystem-type="iDDS" topic="ParameterDataSeries">
                    <alarm-limits/>
                </instance>
                <instance name="EMSParm_649" acquisition-rate="10" alternate-name="" calibration-group="" calibration-sensor="" customer-sensor="" data-type="float" deadband="0" description="" display-format="4.2f" display-range-maximum="100" display-range-minimum="0" domain-id="10" engineering-unit="%" export-for-steady-state="true" fixed-sensor="" fullset-stability="false" gid="2649" group="" idds-hardware-name="EMSParm_649" is-continuous-log="true" is-critical="false" is-enabled="true" logical-id="devEMS" partition="Streaming" quality-ceiling="good" rtd-reference-channel="" signal-id="" subsystem-name="IDDS" subsystem-type="iDDS" topic="ParameterDataSeries">
                    <alarm-limits/>
                </instance>
                <instance name="EMSParm_748" acquisition-rate="10" alternate-name="" calibration-group="" calibration-sensor="" customer-sensor="" data-type="float" deadband="0" description="" display-format="4.2f" display-range-maximum="100" display-range-minimum="0" domain-id="10" engineering-unit="%" export-for-steady-state="true" fixed-sensor="" fullset-stability="false" gid="2748" group="" idds-hardware-name="EMSParm_748" is-continuous-log="true" is-critical="false" is-enabled="true" logical-id="devEMS" partition="Streaming" quality-ceiling="good" rtd-reference-channel="" signal-id="" subsystem-name="IDDS" subsystem-type="iDDS" topic="ParameterDataSeries">
                    <alarm-limits/>
                </instance>
                <instance name="EMSParm_685" acquisition-rate="10" alternate-name="" calibration-group="" calibration-sensor="" customer-sensor="" data-type="float" deadband="0" description="" display-format="4.2f" display-range-maximum="100" display-range-minimum="0" domain-id="10" engineering-unit="%" export-for-steady-state="true" fixed-sensor="" fullset-stability="false" gid="2685" group="" idds-hardware-name="EMSParm_685" is-continuous-log="true" is-critical="false" is-enabled="true" logical-id="devEMS" partition="Streaming" quality-ceiling="good" rtd-reference-channel="" signal-id="" subsystem-name="IDDS" subsystem-type="iDDS" topic="ParameterDataSeries">
                    <alarm-limits/>
                </instance>
                <instance name="EMSParm_384" acquisition-rate="10" alternate-name="" calibration-group="" calibration-sensor="" customer-sensor="" data-type="float" deadband="0" description="" display-format="4.2f" display-range-maximum="100" display-range-minimum="0" domain-id="10" engineering-unit="%" export-for-steady-state="true" fixed-sensor="" fullset-stability="false" gid="2384" group="" idds-hardware-name="EMSParm_384" is-continuous-log="true" is-critical="false" is-enabled="true" logical-id="devEMS" partition="Streaming" quality-ceiling="good" rtd-reference-channel="" signal-id="" subsystem-name="IDDS" subsystem-type="iDDS" topic="ParameterDataSeries">
                    <alarm-limits/>
                </instance>
                <instance name="EMSParm_1200" acquisition-rate="10" alternate-name="" calibration-group="" calibration-sensor="" customer-sensor="" data-type="float" deadband="0" description="" display-format="4.2f" display-range-maximum="100" display-range-minimum="0" domain-id="10" engineering-unit="%" export-for-steady-state="true" fixed-sensor="" fullset-stability="false" gid="3200" group="" idds-hardware-name="EMSParm_1200" is-continuous-log="true" is-critical="false" is-enabled="true" logical-id="devEMS" partition="Streaming" quality-ceiling="good" rtd-reference-channel="" signal-id="" subsystem-name="IDDS" subsystem-type="iDDS" topic="ParameterDataSeries">
                    <alarm-limits/>
                </instance>
                <instance name="dnaAO00008" acquisition-rate="200" alternate-name="" calibration-group="" calibration-sensor="" customer-sensor="" data-type="float" deadband="0" description="Output channel 8" display-format="4.2f" display-range-maximum="100" display-range-minimum="0" domain-id="3" engineering-unit="V" export-for-steady-state="true" fixed-sensor="" fullset-stability="false" gid="296" group="" idds-hardware-name="dev02/ch00008" is-continuous-log="true" is-critical="false" is-enabled="true" logical-id="devCube999" partition="Streaming" quality-ceiling="good" rtd-reference-channel="" signal-id="" subsystem-name="IDDS" subsystem-type="iDDS" topic="ParameterDataValue">
                    <alarm-limits/>
                </instance>
                <instance name="EMSParm_1113" acquisition-rate="10" alternate-name="" calibration-group="" calibration-sensor="" customer-sensor="" data-type="float" deadband="0" description="" display-format="4.2f" display-range-maximum="100" display-range-minimum="0" domain-id="10" engineering-unit="%" export-for-steady-state="true" fixed-sensor="" fullset-stability="false" gid="3113" group="" idds-hardware-name="EMSParm_1113" is-continuous-log="true" is-critical="false" is-enabled="true" logical-id="devEMS" partition="Streaming" quality-ceiling="good" rtd-reference-channel="" signal-id="" subsystem-name="IDDS" subsystem-type="iDDS" topic="ParameterDataSeries">
                    <alarm-limits/>
                </instance>
                <instance name="EMSParm_1402" acquisition-rate="10" alternate-name="" calibration-group="" calibration-sensor="" customer-sensor="" data-type="float" deadband="0" description="" display-format="4.2f" display-range-maximum="100" display-range-minimum="0" domain-id="10" engineering-unit="%" export-for-steady-state="true" fixed-sensor="" fullset-stability="false" gid="3402" group="" idds-hardware-name="EMSParm_1402" is-continuous-log="true" is-critical="false" is-enabled="true" logical-id="devEMS" partition="Streaming" quality-ceiling="good" rtd-reference-channel="" signal-id="" subsystem-name="IDDS" subsystem-type="iDDS" topic="ParameterDataSeries">
                    <alarm-limits/>
                </instance>
                <instance name="EMSParm_967" acquisition-rate="10" alternate-name="" calibration-group="" calibration-sensor="" customer-sensor="" data-type="float" deadband="0" description="" display-format="4.2f" display-range-maximum="100" display-range-minimum="0" domain-id="10" engineering-unit="%" export-for-steady-state="true" fixed-sensor="" fullset-stability="false" gid="2967" group="" idds-hardware-name="EMSParm_967" is-continuous-log="true" is-critical="false" is-enabled="true" logical-id="devEMS" partition="Streaming" quality-ceiling="good" rtd-reference-channel="" signal-id="" subsystem-name="IDDS" subsystem-type="iDDS" topic="ParameterDataSeries">
                    <alarm-limits/>
                </instance>
                <instance name="EMSParm_1156" acquisition-rate="10" alternate-name="" calibration-group="" calibration-sensor="" customer-sensor="" data-type="float" deadband="0" description="" display-format="4.2f" display-range-maximum="100" display-range-minimum="0" domain-id="10" engineering-unit="%" export-for-steady-state="true" fixed-sensor="" fullset-stability="false" gid="3156" group="" idds-hardware-name="EMSParm_1156" is-continuous-log="true" is-critical="false" is-enabled="true" logical-id="devEMS" partition="Streaming" quality-ceiling="good" rtd-reference-channel="" signal-id="" subsystem-name="IDDS" subsystem-type="iDDS" topic="ParameterDataSeries">
                    <alarm-limits/>
                </instance>
                <instance name="EMSParm_575" acquisition-rate="10" alternate-name="" calibration-group="" calibration-sensor="" customer-sensor="" data-type="float" deadband="0" description="" display-format="4.2f" display-range-maximum="100" display-range-minimum="0" domain-id="10" engineering-unit="%" export-for-steady-state="true" fixed-sensor="" fullset-stability="false" gid="2575" group="" idds-hardware-name="EMSParm_575" is-continuous-log="true" is-critical="false" is-enabled="true" logical-id="devEMS" partition="Streaming" quality-ceiling="good" rtd-reference-channel="" signal-id="" subsystem-name="IDDS" subsystem-type="iDDS" topic="ParameterDataSeries">
                    <alarm-limits/>
                </instance>
                <instance name="EMSParm_291" acquisition-rate="10" alternate-name="" calibration-group="" calibration-sensor="" customer-sensor="" data-type="float" deadband="0" description="" display-format="4.2f" display-range-maximum="100" display-range-minimum="0" domain-id="10" engineering-unit="%" export-for-steady-state="true" fixed-sensor="" fullset-stability="false" gid="2291" group="" idds-hardware-name="EMSParm_291" is-continuous-log="true" is-critical="false" is-enabled="true" logical-id="devEMS" partition="Streaming" quality-ceiling="good" rtd-reference-channel="" signal-id="" subsystem-name="IDDS" subsystem-type="iDDS" topic="ParameterDataSeries">
                    <alarm-limits/>
                </instance>
                <instance name="EMSParm_1045" acquisition-rate="10" alternate-name="" calibration-group="" calibration-sensor="" customer-sensor="" data-type="float" deadband="0" description="" display-format="4.2f" display-range-maximum="100" display-range-minimum="0" domain-id="10" engineering-unit="%" export-for-steady-state="true" fixed-sensor="" fullset-stability="false" gid="3045" group="" idds-hardware-name="EMSParm_1045" is-continuous-log="true" is-critical="false" is-enabled="true" logical-id="devEMS" partition="Streaming" quality-ceiling="good" rtd-reference-channel="" signal-id="" subsystem-name="IDDS" subsystem-type="iDDS" topic="ParameterDataSeries">
                    <alarm-limits/>
                </instance>
                <instance name="EMSParm_1320" acquisition-rate="10" alternate-name="" calibration-group="" calibration-sensor="" customer-sensor="" data-type="float" deadband="0" description="" display-format="4.2f" display-range-maximum="100" display-range-minimum="0" domain-id="10" engineering-unit="%" export-for-steady-state="true" fixed-sensor="" fullset-stability="false" gid="3320" group="" idds-hardware-name="EMSParm_1320" is-continuous-log="true" is-critical="false" is-enabled="true" logical-id="devEMS" partition="Streaming" quality-ceiling="good" rtd-reference-channel="" signal-id="" subsystem-name="IDDS" subsystem-type="iDDS" topic="ParameterDataSeries">
                    <alarm-limits/>
                </instance>
                <instance name="EMSParm_1144" acquisition-rate="10" alternate-name="" calibration-group="" calibration-sensor="" customer-sensor="" data-type="float" deadband="0" description="" display-format="4.2f" display-range-maximum="100" display-range-minimum="0" domain-id="10" engineering-unit="%" export-for-steady-state="true" fixed-sensor="" fullset-stability="false" gid="3144" group="" idds-hardware-name="EMSParm_1144" is-continuous-log="true" is-critical="false" is-enabled="true" logical-id="devEMS" partition="Streaming" quality-ceiling="good" rtd-reference-channel="" signal-id="" subsystem-name="IDDS" subsystem-type="iDDS" topic="ParameterDataSeries">
                    <alarm-limits/>
                </instance>
                <instance name="EMSParm_41" acquisition-rate="10" alternate-name="" calibration-group="" calibration-sensor="" customer-sensor="" data-type="float" deadband="0" description="" display-format="4.2f" display-range-maximum="100" display-range-minimum="0" domain-id="10" engineering-unit="%" export-for-steady-state="true" fixed-sensor="" fullset-stability="false" gid="2041" group="" idds-hardware-name="EMSParm_41" is-continuous-log="true" is-critical="false" is-enabled="true" logical-id="devEMS" partition="Streaming" quality-ceiling="good" rtd-reference-channel="" signal-id="" subsystem-name="IDDS" subsystem-type="iDDS" topic="ParameterDataSeries">
                    <alarm-limits/>
                </instance>
                <instance name="EMSParm_1535" acquisition-rate="10" alternate-name="" calibration-group="" calibration-sensor="" customer-sensor="" data-type="float" deadband="0" description="" display-format="4.2f" display-range-maximum="100" display-range-minimum="0" domain-id="10" engineering-unit="%" export-for-steady-state="true" fixed-sensor="" fullset-stability="false" gid="3535" group="" idds-hardware-name="EMSParm_1535" is-continuous-log="true" is-critical="false" is-enabled="true" logical-id="devEMS" partition="Streaming" quality-ceiling="good" rtd-reference-channel="" signal-id="" subsystem-name="IDDS" subsystem-type="iDDS" topic="ParameterDataSeries">
                    <alarm-limits/>
                </instance>
                <instance name="EMSParm_1506" acquisition-rate="10" alternate-name="" calibration-group="" calibration-sensor="" customer-sensor="" data-type="float" deadband="0" description="" display-format="4.2f" display-range-maximum="100" display-range-minimum="0" domain-id="10" engineering-unit="%" export-for-steady-state="true" fixed-sensor="" fullset-stability="false" gid="3506" group="" idds-hardware-name="EMSParm_1506" is-continuous-log="true" is-critical="false" is-enabled="true" logical-id="devEMS" partition="Streaming" quality-ceiling="good" rtd-reference-channel="" signal-id="" subsystem-name="IDDS" subsystem-type="iDDS" topic="ParameterDataSeries">
                    <alarm-limits/>
                </instance>
                <instance name="EMSParm_1073" acquisition-rate="10" alternate-name="" calibration-group="" calibration-sensor="" customer-sensor="" data-type="float" deadband="0" description="" display-format="4.2f" display-range-maximum="100" display-range-minimum="0" domain-id="10" engineering-unit="%" export-for-steady-state="true" fixed-sensor="" fullset-stability="false" gid="3073" group="" idds-hardware-name="EMSParm_1073" is-continuous-log="true" is-critical="false" is-enabled="true" logical-id="devEMS" partition="Streaming" quality-ceiling="good" rtd-reference-channel="" signal-id="" subsystem-name="IDDS" subsystem-type="iDDS" topic="ParameterDataSeries">
                    <alarm-limits/>
                </instance>
                <instance name="EMSParm_272" acquisition-rate="10" alternate-name="" calibration-group="" calibration-sensor="" customer-sensor="" data-type="float" deadband="0" description="" display-format="4.2f" display-range-maximum="100" display-range-minimum="0" domain-id="10" engineering-unit="%" export-for-steady-state="true" fixed-sensor="" fullset-stability="false" gid="2272" group="" idds-hardware-name="EMSParm_272" is-continuous-log="true" is-critical="false" is-enabled="true" logical-id="devEMS" partition="Streaming" quality-ceiling="good" rtd-reference-channel="" signal-id="" subsystem-name="IDDS" subsystem-type="iDDS" topic="ParameterDataSeries">
                    <alarm-limits/>
                </instance>
                <instance name="EMSParm_917" acquisition-rate="10" alternate-name="" calibration-group="" calibration-sensor="" customer-sensor="" data-type="float" deadband="0" description="" display-format="4.2f" display-range-maximum="100" display-range-minimum="0" domain-id="10" engineering-unit="%" export-for-steady-state="true" fixed-sensor="" fullset-stability="false" gid="2917" group="" idds-hardware-name="EMSParm_917" is-continuous-log="true" is-critical="false" is-enabled="true" logical-id="devEMS" partition="Streaming" quality-ceiling="good" rtd-reference-channel="" signal-id="" subsystem-name="IDDS" subsystem-type="iDDS" topic="ParameterDataSeries">
                    <alarm-limits/>
                </instance>
                <instance name="EMSParm_1404" acquisition-rate="10" alternate-name="" calibration-group="" calibration-sensor="" customer-sensor="" data-type="float" deadband="0" description="" display-format="4.2f" display-range-maximum="100" display-range-minimum="0" domain-id="10" engineering-unit="%" export-for-steady-state="true" fixed-sensor="" fullset-stability="false" gid="3404" group="" idds-hardware-name="EMSParm_1404" is-continuous-log="true" is-critical="false" is-enabled="true" logical-id="devEMS" partition="Streaming" quality-ceiling="good" rtd-reference-channel="" signal-id="" subsystem-name="IDDS" subsystem-type="iDDS" topic="ParameterDataSeries">
                    <alarm-limits/>
                </instance>
                <instance name="EMSParm_759" acquisition-rate="10" alternate-name="" calibration-group="" calibration-sensor="" customer-sensor="" data-type="float" deadband="0" description="" display-format="4.2f" display-range-maximum="100" display-range-minimum="0" domain-id="10" engineering-unit="%" export-for-steady-state="true" fixed-sensor="" fullset-stability="false" gid="2759" group="" idds-hardware-name="EMSParm_759" is-continuous-log="true" is-critical="false" is-enabled="true" logical-id="devEMS" partition="Streaming" quality-ceiling="good" rtd-reference-channel="" signal-id="" subsystem-name="IDDS" subsystem-type="iDDS" topic="ParameterDataSeries">
                    <alarm-limits/>
                </instance>
                <instance name="EMSParm_630" acquisition-rate="10" alternate-name="" calibration-group="" calibration-sensor="" customer-sensor="" data-type="float" deadband="0" description="" display-format="4.2f" display-range-maximum="100" display-range-minimum="0" domain-id="10" engineering-unit="%" export-for-steady-state="true" fixed-sensor="" fullset-stability="false" gid="2630" group="" idds-hardware-name="EMSParm_630" is-continuous-log="true" is-critical="false" is-enabled="true" logical-id="devEMS" partition="Streaming" quality-ceiling="good" rtd-reference-channel="" signal-id="" subsystem-name="IDDS" subsystem-type="iDDS" topic="ParameterDataSeries">
                    <alarm-limits/>
                </instance>
                <instance name="EMSParm_5" acquisition-rate="10" alternate-name="" calibration-group="" calibration-sensor="" customer-sensor="" data-type="float" deadband="0" description="" display-format="4.2f" display-range-maximum="100" display-range-minimum="0" domain-id="10" engineering-unit="%" export-for-steady-state="true" fixed-sensor="" fullset-stability="false" gid="2005" group="" idds-hardware-name="EMSParm_5" is-continuous-log="true" is-critical="false" is-enabled="true" logical-id="devEMS" partition="Streaming" quality-ceiling="good" rtd-reference-channel="" signal-id="" subsystem-name="IDDS" subsystem-type="iDDS" topic="ParameterDataSeries">
                    <alarm-limits/>
                </instance>
                <instance name="EMSParm_971" acquisition-rate="10" alternate-name="" calibration-group="" calibration-sensor="" customer-sensor="" data-type="float" deadband="0" description="" display-format="4.2f" display-range-maximum="100" display-range-minimum="0" domain-id="10" engineering-unit="%" export-for-steady-state="true" fixed-sensor="" fullset-stability="false" gid="2971" group="" idds-hardware-name="EMSParm_971" is-continuous-log="true" is-critical="false" is-enabled="true" logical-id="devEMS" partition="Streaming" quality-ceiling="good" rtd-reference-channel="" signal-id="" subsystem-name="IDDS" subsystem-type="iDDS" topic="ParameterDataSeries">
                    <alarm-limits/>
                </instance>
                <instance name="EMSParm_1038" acquisition-rate="10" alternate-name="" calibration-group="" calibration-sensor="" customer-sensor="" data-type="float" deadband="0" description="" display-format="4.2f" display-range-maximum="100" display-range-minimum="0" domain-id="10" engineering-unit="%" export-for-steady-state="true" fixed-sensor="" fullset-stability="false" gid="3038" group="" idds-hardware-name="EMSParm_1038" is-continuous-log="true" is-critical="false" is-enabled="true" logical-id="devEMS" partition="Streaming" quality-ceiling="good" rtd-reference-channel="" signal-id="" subsystem-name="IDDS" subsystem-type="iDDS" topic="ParameterDataSeries">
                    <alarm-limits/>
                </instance>
                <instance name="EMSParm_715" acquisition-rate="10" alternate-name="" calibration-group="" calibration-sensor="" customer-sensor="" data-type="float" deadband="0" description="" display-format="4.2f" display-range-maximum="100" display-range-minimum="0" domain-id="10" engineering-unit="%" export-for-steady-state="true" fixed-sensor="" fullset-stability="false" gid="2715" group="" idds-hardware-name="EMSParm_715" is-continuous-log="true" is-critical="false" is-enabled="true" logical-id="devEMS" partition="Streaming" quality-ceiling="good" rtd-reference-channel="" signal-id="" subsystem-name="IDDS" subsystem-type="iDDS" topic="ParameterDataSeries">
                    <alarm-limits/>
                </instance>
                <instance name="EMSParm_666" acquisition-rate="10" alternate-name="" calibration-group="" calibration-sensor="" customer-sensor="" data-type="float" deadband="0" description="" display-format="4.2f" display-range-maximum="100" display-range-minimum="0" domain-id="10" engineering-unit="%" export-for-steady-state="true" fixed-sensor="" fullset-stability="false" gid="2666" group="" idds-hardware-name="EMSParm_666" is-continuous-log="true" is-critical="false" is-enabled="true" logical-id="devEMS" partition="Streaming" quality-ceiling="good" rtd-reference-channel="" signal-id="" subsystem-name="IDDS" subsystem-type="iDDS" topic="ParameterDataSeries">
                    <alarm-limits/>
                </instance>
                <instance name="EMSParm_935" acquisition-rate="10" alternate-name="" calibration-group="" calibration-sensor="" customer-sensor="" data-type="float" deadband="0" description="" display-format="4.2f" display-range-maximum="100" display-range-minimum="0" domain-id="10" engineering-unit="%" export-for-steady-state="true" fixed-sensor="" fullset-stability="false" gid="2935" group="" idds-hardware-name="EMSParm_935" is-continuous-log="true" is-critical="false" is-enabled="true" logical-id="devEMS" partition="Streaming" quality-ceiling="good" rtd-reference-channel="" signal-id="" subsystem-name="IDDS" subsystem-type="iDDS" topic="ParameterDataSeries">
                    <alarm-limits/>
                </instance>
                <instance name="EMSParm_616" acquisition-rate="10" alternate-name="" calibration-group="" calibration-sensor="" customer-sensor="" data-type="float" deadband="0" description="" display-format="4.2f" display-range-maximum="100" display-range-minimum="0" domain-id="10" engineering-unit="%" export-for-steady-state="true" fixed-sensor="" fullset-stability="false" gid="2616" group="" idds-hardware-name="EMSParm_616" is-continuous-log="true" is-critical="false" is-enabled="true" logical-id="devEMS" partition="Streaming" quality-ceiling="good" rtd-reference-channel="" signal-id="" subsystem-name="IDDS" subsystem-type="iDDS" topic="ParameterDataSeries">
                    <alarm-limits/>
                </instance>
                <instance name="EMSParm_34" acquisition-rate="10" alternate-name="" calibration-group="" calibration-sensor="" customer-sensor="" data-type="float" deadband="0" description="" display-format="4.2f" display-range-maximum="100" display-range-minimum="0" domain-id="10" engineering-unit="%" export-for-steady-state="true" fixed-sensor="" fullset-stability="false" gid="2034" group="" idds-hardware-name="EMSParm_34" is-continuous-log="true" is-critical="false" is-enabled="true" logical-id="devEMS" partition="Streaming" quality-ceiling="good" rtd-reference-channel="" signal-id="" subsystem-name="IDDS" subsystem-type="iDDS" topic="ParameterDataSeries">
                    <alarm-limits/>
                </instance>
                <instance name="EMSParm_1212" acquisition-rate="10" alternate-name="" calibration-group="" calibration-sensor="" customer-sensor="" data-type="float" deadband="0" description="" display-format="4.2f" display-range-maximum="100" display-range-minimum="0" domain-id="10" engineering-unit="%" export-for-steady-state="true" fixed-sensor="" fullset-stability="false" gid="3212" group="" idds-hardware-name="EMSParm_1212" is-continuous-log="true" is-critical="false" is-enabled="true" logical-id="devEMS" partition="Streaming" quality-ceiling="good" rtd-reference-channel="" signal-id="" subsystem-name="IDDS" subsystem-type="iDDS" topic="ParameterDataSeries">
                    <alarm-limits/>
                </instance>
                <instance name="EMSParm_1485" acquisition-rate="10" alternate-name="" calibration-group="" calibration-sensor="" customer-sensor="" data-type="float" deadband="0" description="" display-format="4.2f" display-range-maximum="100" display-range-minimum="0" domain-id="10" engineering-unit="%" export-for-steady-state="true" fixed-sensor="" fullset-stability="false" gid="3485" group="" idds-hardware-name="EMSParm_1485" is-continuous-log="true" is-critical="false" is-enabled="true" logical-id="devEMS" partition="Streaming" quality-ceiling="good" rtd-reference-channel="" signal-id="" subsystem-name="IDDS" subsystem-type="iDDS" topic="ParameterDataSeries">
                    <alarm-limits/>
                </instance>
                <instance name="EMSParm_1201" acquisition-rate="10" alternate-name="" calibration-group="" calibration-sensor="" customer-sensor="" data-type="float" deadband="0" description="" display-format="4.2f" display-range-maximum="100" display-range-minimum="0" domain-id="10" engineering-unit="%" export-for-steady-state="true" fixed-sensor="" fullset-stability="false" gid="3201" group="" idds-hardware-name="EMSParm_1201" is-continuous-log="true" is-critical="false" is-enabled="true" logical-id="devEMS" partition="Streaming" quality-ceiling="good" rtd-reference-channel="" signal-id="" subsystem-name="IDDS" subsystem-type="iDDS" topic="ParameterDataSeries">
                    <alarm-limits/>
                </instance>
                <instance name="EMSParm_157" acquisition-rate="10" alternate-name="" calibration-group="" calibration-sensor="" customer-sensor="" data-type="float" deadband="0" description="" display-format="4.2f" display-range-maximum="100" display-range-minimum="0" domain-id="10" engineering-unit="%" export-for-steady-state="true" fixed-sensor="" fullset-stability="false" gid="2157" group="" idds-hardware-name="EMSParm_157" is-continuous-log="true" is-critical="false" is-enabled="true" logical-id="devEMS" partition="Streaming" quality-ceiling="good" rtd-reference-channel="" signal-id="" subsystem-name="IDDS" subsystem-type="iDDS" topic="ParameterDataSeries">
                    <alarm-limits/>
                </instance>
                <instance name="EMSParm_811" acquisition-rate="10" alternate-name="" calibration-group="" calibration-sensor="" customer-sensor="" data-type="float" deadband="0" description="" display-format="4.2f" display-range-maximum="100" display-range-minimum="0" domain-id="10" engineering-unit="%" export-for-steady-state="true" fixed-sensor="" fullset-stability="false" gid="2811" group="" idds-hardware-name="EMSParm_811" is-continuous-log="true" is-critical="false" is-enabled="true" logical-id="devEMS" partition="Streaming" quality-ceiling="good" rtd-reference-channel="" signal-id="" subsystem-name="IDDS" subsystem-type="iDDS" topic="ParameterDataSeries">
                    <alarm-limits/>
                </instance>
                <instance name="T000013" acquisition-rate="10" alternate-name="" calibration-group="" calibration-sensor="" customer-sensor="" data-type="float" deadband="0" description="" display-format="4.2f" display-range-maximum="100" display-range-minimum="0" domain-id="2" engineering-unit="degC" export-for-steady-state="true" fixed-sensor="" fullset-stability="false" gid="5013" group="" idds-hardware-name="SCUTRDEMO_Ch13" is-continuous-log="true" is-critical="false" is-enabled="true" logical-id="scutrsim" partition="Streaming" quality-ceiling="good" rtd-reference-channel="" signal-id="" subsystem-name="IDDS" subsystem-type="iDDS" topic="ParameterDataSeries">
                    <alarm-limits/>
                </instance>
                <instance name="EMSParm_689" acquisition-rate="10" alternate-name="" calibration-group="" calibration-sensor="" customer-sensor="" data-type="float" deadband="0" description="" display-format="4.2f" display-range-maximum="100" display-range-minimum="0" domain-id="10" engineering-unit="%" export-for-steady-state="true" fixed-sensor="" fullset-stability="false" gid="2689" group="" idds-hardware-name="EMSParm_689" is-continuous-log="true" is-critical="false" is-enabled="true" logical-id="devEMS" partition="Streaming" quality-ceiling="good" rtd-reference-channel="" signal-id="" subsystem-name="IDDS" subsystem-type="iDDS" topic="ParameterDataSeries">
                    <alarm-limits/>
                </instance>
                <instance name="YB1_Ch35" acquisition-rate="1" alternate-name="" calibration-group="" calibration-sensor="" customer-sensor="" data-type="float" deadband="0" description="" display-format="4.2f" display-range-maximum="100" display-range-minimum="0" domain-id="3" engineering-unit="-" export-for-steady-state="true" fixed-sensor="" fullset-stability="false" gid="9035" group="" idds-hardware-name="CH35" is-continuous-log="true" is-critical="false" is-enabled="true" logical-id="rx3036-1" partition="Streaming" quality-ceiling="good" rtd-reference-channel="" signal-id="" subsystem-name="IDDS" subsystem-type="iDDS" topic="ParameterDataSeries">
                    <alarm-limits/>
                </instance>
                <instance name="EMSParm_234" acquisition-rate="10" alternate-name="" calibration-group="" calibration-sensor="" customer-sensor="" data-type="float" deadband="0" description="" display-format="4.2f" display-range-maximum="100" display-range-minimum="0" domain-id="10" engineering-unit="%" export-for-steady-state="true" fixed-sensor="" fullset-stability="false" gid="2234" group="" idds-hardware-name="EMSParm_234" is-continuous-log="true" is-critical="false" is-enabled="true" logical-id="devEMS" partition="Streaming" quality-ceiling="good" rtd-reference-channel="" signal-id="" subsystem-name="IDDS" subsystem-type="iDDS" topic="ParameterDataSeries">
                    <alarm-limits/>
                </instance>
                <instance name="EMSParm_1261" acquisition-rate="10" alternate-name="" calibration-group="" calibration-sensor="" customer-sensor="" data-type="float" deadband="0" description="" display-format="4.2f" display-range-maximum="100" display-range-minimum="0" domain-id="10" engineering-unit="%" export-for-steady-state="true" fixed-sensor="" fullset-stability="false" gid="3261" group="" idds-hardware-name="EMSParm_1261" is-continuous-log="true" is-critical="false" is-enabled="true" logical-id="devEMS" partition="Streaming" quality-ceiling="good" rtd-reference-channel="" signal-id="" subsystem-name="IDDS" subsystem-type="iDDS" topic="ParameterDataSeries">
                    <alarm-limits/>
                </instance>
                <instance name="T000058" acquisition-rate="10" alternate-name="" calibration-group="" calibration-sensor="" customer-sensor="" data-type="float" deadband="0" description="" display-format="4.2f" display-range-maximum="100" display-range-minimum="0" domain-id="2" engineering-unit="degC" export-for-steady-state="true" fixed-sensor="" fullset-stability="false" gid="5058" group="" idds-hardware-name="SCUTRDEMO_Ch58" is-continuous-log="true" is-critical="false" is-enabled="true" logical-id="scutrsim" partition="Streaming" quality-ceiling="good" rtd-reference-channel="" signal-id="" subsystem-name="IDDS" subsystem-type="iDDS" topic="ParameterDataSeries">
                    <alarm-limits/>
                </instance>
                <instance name="EMSParm_858" acquisition-rate="10" alternate-name="" calibration-group="" calibration-sensor="" customer-sensor="" data-type="float" deadband="0" description="" display-format="4.2f" display-range-maximum="100" display-range-minimum="0" domain-id="10" engineering-unit="%" export-for-steady-state="true" fixed-sensor="" fullset-stability="false" gid="2858" group="" idds-hardware-name="EMSParm_858" is-continuous-log="true" is-critical="false" is-enabled="true" logical-id="devEMS" partition="Streaming" quality-ceiling="good" rtd-reference-channel="" signal-id="" subsystem-name="IDDS" subsystem-type="iDDS" topic="ParameterDataSeries">
                    <alarm-limits/>
                </instance>
                <instance name="EMSParm_182" acquisition-rate="10" alternate-name="" calibration-group="" calibration-sensor="" customer-sensor="" data-type="float" deadband="0" description="" display-format="4.2f" display-range-maximum="100" display-range-minimum="0" domain-id="10" engineering-unit="%" export-for-steady-state="true" fixed-sensor="" fullset-stability="false" gid="2182" group="" idds-hardware-name="EMSParm_182" is-continuous-log="true" is-critical="false" is-enabled="true" logical-id="devEMS" partition="Streaming" quality-ceiling="good" rtd-reference-channel="" signal-id="" subsystem-name="IDDS" subsystem-type="iDDS" topic="ParameterDataSeries">
                    <alarm-limits/>
                </instance>
                <instance name="EMSParm_1077" acquisition-rate="10" alternate-name="" calibration-group="" calibration-sensor="" customer-sensor="" data-type="float" deadband="0" description="" display-format="4.2f" display-range-maximum="100" display-range-minimum="0" domain-id="10" engineering-unit="%" export-for-steady-state="true" fixed-sensor="" fullset-stability="false" gid="3077" group="" idds-hardware-name="EMSParm_1077" is-continuous-log="true" is-critical="false" is-enabled="true" logical-id="devEMS" partition="Streaming" quality-ceiling="good" rtd-reference-channel="" signal-id="" subsystem-name="IDDS" subsystem-type="iDDS" topic="ParameterDataSeries">
                    <alarm-limits/>
                </instance>
                <instance name="EMSParm_245" acquisition-rate="10" alternate-name="" calibration-group="" calibration-sensor="" customer-sensor="" data-type="float" deadband="0" description="" display-format="4.2f" display-range-maximum="100" display-range-minimum="0" domain-id="10" engineering-unit="%" export-for-steady-state="true" fixed-sensor="" fullset-stability="false" gid="2245" group="" idds-hardware-name="EMSParm_245" is-continuous-log="true" is-critical="false" is-enabled="true" logical-id="devEMS" partition="Streaming" quality-ceiling="good" rtd-reference-channel="" signal-id="" subsystem-name="IDDS" subsystem-type="iDDS" topic="ParameterDataSeries">
                    <alarm-limits/>
                </instance>
                <instance name="EMSParm_539" acquisition-rate="10" alternate-name="" calibration-group="" calibration-sensor="" customer-sensor="" data-type="float" deadband="0" description="" display-format="4.2f" display-range-maximum="100" display-range-minimum="0" domain-id="10" engineering-unit="%" export-for-steady-state="true" fixed-sensor="" fullset-stability="false" gid="2539" group="" idds-hardware-name="EMSParm_539" is-continuous-log="true" is-critical="false" is-enabled="true" logical-id="devEMS" partition="Streaming" quality-ceiling="good" rtd-reference-channel="" signal-id="" subsystem-name="IDDS" subsystem-type="iDDS" topic="ParameterDataSeries">
                    <alarm-limits/>
                </instance>
                <instance name="EMSParm_1090" acquisition-rate="10" alternate-name="" calibration-group="" calibration-sensor="" customer-sensor="" data-type="float" deadband="0" description="" display-format="4.2f" display-range-maximum="100" display-range-minimum="0" domain-id="10" engineering-unit="%" export-for-steady-state="true" fixed-sensor="" fullset-stability="false" gid="3090" group="" idds-hardware-name="EMSParm_1090" is-continuous-log="true" is-critical="false" is-enabled="true" logical-id="devEMS" partition="Streaming" quality-ceiling="good" rtd-reference-channel="" signal-id="" subsystem-name="IDDS" subsystem-type="iDDS" topic="ParameterDataSeries">
                    <alarm-limits/>
                </instance>
                <instance name="EMSParm_224" acquisition-rate="10" alternate-name="" calibration-group="" calibration-sensor="" customer-sensor="" data-type="float" deadband="0" description="" display-format="4.2f" display-range-maximum="100" display-range-minimum="0" domain-id="10" engineering-unit="%" export-for-steady-state="true" fixed-sensor="" fullset-stability="false" gid="2224" group="" idds-hardware-name="EMSParm_224" is-continuous-log="true" is-critical="false" is-enabled="true" logical-id="devEMS" partition="Streaming" quality-ceiling="good" rtd-reference-channel="" signal-id="" subsystem-name="IDDS" subsystem-type="iDDS" topic="ParameterDataSeries">
                    <alarm-limits/>
                </instance>
                <instance name="EMSParm_235" acquisition-rate="10" alternate-name="" calibration-group="" calibration-sensor="" customer-sensor="" data-type="float" deadband="0" description="" display-format="4.2f" display-range-maximum="100" display-range-minimum="0" domain-id="10" engineering-unit="%" export-for-steady-state="true" fixed-sensor="" fullset-stability="false" gid="2235" group="" idds-hardware-name="EMSParm_235" is-continuous-log="true" is-critical="false" is-enabled="true" logical-id="devEMS" partition="Streaming" quality-ceiling="good" rtd-reference-channel="" signal-id="" subsystem-name="IDDS" subsystem-type="iDDS" topic="ParameterDataSeries">
                    <alarm-limits/>
                </instance>
                <instance name="EMSParm_62" acquisition-rate="10" alternate-name="" calibration-group="" calibration-sensor="" customer-sensor="" data-type="float" deadband="0" description="" display-format="4.2f" display-range-maximum="100" display-range-minimum="0" domain-id="10" engineering-unit="%" export-for-steady-state="true" fixed-sensor="" fullset-stability="false" gid="2062" group="" idds-hardware-name="EMSParm_62" is-continuous-log="true" is-critical="false" is-enabled="true" logical-id="devEMS" partition="Streaming" quality-ceiling="good" rtd-reference-channel="" signal-id="" subsystem-name="IDDS" subsystem-type="iDDS" topic="ParameterDataSeries">
                    <alarm-limits/>
                </instance>
                <instance name="EMSParm_199" acquisition-rate="10" alternate-name="" calibration-group="" calibration-sensor="" customer-sensor="" data-type="float" deadband="0" description="" display-format="4.2f" display-range-maximum="100" display-range-minimum="0" domain-id="10" engineering-unit="%" export-for-steady-state="true" fixed-sensor="" fullset-stability="false" gid="2199" group="" idds-hardware-name="EMSParm_199" is-continuous-log="true" is-critical="false" is-enabled="true" logical-id="devEMS" partition="Streaming" quality-ceiling="good" rtd-reference-channel="" signal-id="" subsystem-name="IDDS" subsystem-type="iDDS" topic="ParameterDataSeries">
                    <alarm-limits/>
                </instance>
                <instance name="EMSParm_277" acquisition-rate="10" alternate-name="" calibration-group="" calibration-sensor="" customer-sensor="" data-type="float" deadband="0" description="" display-format="4.2f" display-range-maximum="100" display-range-minimum="0" domain-id="10" engineering-unit="%" export-for-steady-state="true" fixed-sensor="" fullset-stability="false" gid="2277" group="" idds-hardware-name="EMSParm_277" is-continuous-log="true" is-critical="false" is-enabled="true" logical-id="devEMS" partition="Streaming" quality-ceiling="good" rtd-reference-channel="" signal-id="" subsystem-name="IDDS" subsystem-type="iDDS" topic="ParameterDataSeries">
                    <alarm-limits/>
                </instance>
                <instance name="EMSParm_1339" acquisition-rate="10" alternate-name="" calibration-group="" calibration-sensor="" customer-sensor="" data-type="float" deadband="0" description="" display-format="4.2f" display-range-maximum="100" display-range-minimum="0" domain-id="10" engineering-unit="%" export-for-steady-state="true" fixed-sensor="" fullset-stability="false" gid="3339" group="" idds-hardware-name="EMSParm_1339" is-continuous-log="true" is-critical="false" is-enabled="true" logical-id="devEMS" partition="Streaming" quality-ceiling="good" rtd-reference-channel="" signal-id="" subsystem-name="IDDS" subsystem-type="iDDS" topic="ParameterDataSeries">
                    <alarm-limits/>
                </instance>
                <instance name="EMSParm_1421" acquisition-rate="10" alternate-name="" calibration-group="" calibration-sensor="" customer-sensor="" data-type="float" deadband="0" description="" display-format="4.2f" display-range-maximum="100" display-range-minimum="0" domain-id="10" engineering-unit="%" export-for-steady-state="true" fixed-sensor="" fullset-stability="false" gid="3421" group="" idds-hardware-name="EMSParm_1421" is-continuous-log="true" is-critical="false" is-enabled="true" logical-id="devEMS" partition="Streaming" quality-ceiling="good" rtd-reference-channel="" signal-id="" subsystem-name="IDDS" subsystem-type="iDDS" topic="ParameterDataSeries">
                    <alarm-limits/>
                </instance>
                <instance name="EMSParm_31" acquisition-rate="10" alternate-name="" calibration-group="" calibration-sensor="" customer-sensor="" data-type="float" deadband="0" description="" display-format="4.2f" display-range-maximum="100" display-range-minimum="0" domain-id="10" engineering-unit="%" export-for-steady-state="true" fixed-sensor="" fullset-stability="false" gid="2031" group="" idds-hardware-name="EMSParm_31" is-continuous-log="true" is-critical="false" is-enabled="true" logical-id="devEMS" partition="Streaming" quality-ceiling="good" rtd-reference-channel="" signal-id="" subsystem-name="IDDS" subsystem-type="iDDS" topic="ParameterDataSeries">
                    <alarm-limits/>
                </instance>
                <instance name="EMSParm_1028" acquisition-rate="10" alternate-name="" calibration-group="" calibration-sensor="" customer-sensor="" data-type="float" deadband="0" description="" display-format="4.2f" display-range-maximum="100" display-range-minimum="0" domain-id="10" engineering-unit="%" export-for-steady-state="true" fixed-sensor="" fullset-stability="false" gid="3028" group="" idds-hardware-name="EMSParm_1028" is-continuous-log="true" is-critical="false" is-enabled="true" logical-id="devEMS" partition="Streaming" quality-ceiling="good" rtd-reference-channel="" signal-id="" subsystem-name="IDDS" subsystem-type="iDDS" topic="ParameterDataSeries">
                    <alarm-limits/>
                </instance>
                <instance name="EMSParm_491" acquisition-rate="10" alternate-name="" calibration-group="" calibration-sensor="" customer-sensor="" data-type="float" deadband="0" description="" display-format="4.2f" display-range-maximum="100" display-range-minimum="0" domain-id="10" engineering-unit="%" export-for-steady-state="true" fixed-sensor="" fullset-stability="false" gid="2491" group="" idds-hardware-name="EMSParm_491" is-continuous-log="true" is-critical="false" is-enabled="true" logical-id="devEMS" partition="Streaming" quality-ceiling="good" rtd-reference-channel="" signal-id="" subsystem-name="IDDS" subsystem-type="iDDS" topic="ParameterDataSeries">
                    <alarm-limits/>
                </instance>
                <instance name="EMSParm_1462" acquisition-rate="10" alternate-name="" calibration-group="" calibration-sensor="" customer-sensor="" data-type="float" deadband="0" description="" display-format="4.2f" display-range-maximum="100" display-range-minimum="0" domain-id="10" engineering-unit="%" export-for-steady-state="true" fixed-sensor="" fullset-stability="false" gid="3462" group="" idds-hardware-name="EMSParm_1462" is-continuous-log="true" is-critical="false" is-enabled="true" logical-id="devEMS" partition="Streaming" quality-ceiling="good" rtd-reference-channel="" signal-id="" subsystem-name="IDDS" subsystem-type="iDDS" topic="ParameterDataSeries">
                    <alarm-limits/>
                </instance>
                <instance name="EMSParm_1185" acquisition-rate="10" alternate-name="" calibration-group="" calibration-sensor="" customer-sensor="" data-type="float" deadband="0" description="" display-format="4.2f" display-range-maximum="100" display-range-minimum="0" domain-id="10" engineering-unit="%" export-for-steady-state="true" fixed-sensor="" fullset-stability="false" gid="3185" group="" idds-hardware-name="EMSParm_1185" is-continuous-log="true" is-critical="false" is-enabled="true" logical-id="devEMS" partition="Streaming" quality-ceiling="good" rtd-reference-channel="" signal-id="" subsystem-name="IDDS" subsystem-type="iDDS" topic="ParameterDataSeries">
                    <alarm-limits/>
                </instance>
                <instance name="EMSParm_1381" acquisition-rate="10" alternate-name="" calibration-group="" calibration-sensor="" customer-sensor="" data-type="float" deadband="0" description="" display-format="4.2f" display-range-maximum="100" display-range-minimum="0" domain-id="10" engineering-unit="%" export-for-steady-state="true" fixed-sensor="" fullset-stability="false" gid="3381" group="" idds-hardware-name="EMSParm_1381" is-continuous-log="true" is-critical="false" is-enabled="true" logical-id="devEMS" partition="Streaming" quality-ceiling="good" rtd-reference-channel="" signal-id="" subsystem-name="IDDS" subsystem-type="iDDS" topic="ParameterDataSeries">
                    <alarm-limits/>
                </instance>
                <instance name="EMSParm_901" acquisition-rate="10" alternate-name="" calibration-group="" calibration-sensor="" customer-sensor="" data-type="float" deadband="0" description="" display-format="4.2f" display-range-maximum="100" display-range-minimum="0" domain-id="10" engineering-unit="%" export-for-steady-state="true" fixed-sensor="" fullset-stability="false" gid="2901" group="" idds-hardware-name="EMSParm_901" is-continuous-log="true" is-critical="false" is-enabled="true" logical-id="devEMS" partition="Streaming" quality-ceiling="good" rtd-reference-channel="" signal-id="" subsystem-name="IDDS" subsystem-type="iDDS" topic="ParameterDataSeries">
                    <alarm-limits/>
                </instance>
                <instance name="EMSParm_74" acquisition-rate="10" alternate-name="" calibration-group="" calibration-sensor="" customer-sensor="" data-type="float" deadband="0" description="" display-format="4.2f" display-range-maximum="100" display-range-minimum="0" domain-id="10" engineering-unit="%" export-for-steady-state="true" fixed-sensor="" fullset-stability="false" gid="2074" group="" idds-hardware-name="EMSParm_74" is-continuous-log="true" is-critical="false" is-enabled="true" logical-id="devEMS" partition="Streaming" quality-ceiling="good" rtd-reference-channel="" signal-id="" subsystem-name="IDDS" subsystem-type="iDDS" topic="ParameterDataSeries">
                    <alarm-limits/>
                </instance>
                <instance name="EMSParm_418" acquisition-rate="10" alternate-name="" calibration-group="" calibration-sensor="" customer-sensor="" data-type="float" deadband="0" description="" display-format="4.2f" display-range-maximum="100" display-range-minimum="0" domain-id="10" engineering-unit="%" export-for-steady-state="true" fixed-sensor="" fullset-stability="false" gid="2418" group="" idds-hardware-name="EMSParm_418" is-continuous-log="true" is-critical="false" is-enabled="true" logical-id="devEMS" partition="Streaming" quality-ceiling="good" rtd-reference-channel="" signal-id="" subsystem-name="IDDS" subsystem-type="iDDS" topic="ParameterDataSeries">
                    <alarm-limits/>
                </instance>
                <instance name="EMSParm_1108" acquisition-rate="10" alternate-name="" calibration-group="" calibration-sensor="" customer-sensor="" data-type="float" deadband="0" description="" display-format="4.2f" display-range-maximum="100" display-range-minimum="0" domain-id="10" engineering-unit="%" export-for-steady-state="true" fixed-sensor="" fullset-stability="false" gid="3108" group="" idds-hardware-name="EMSParm_1108" is-continuous-log="true" is-critical="false" is-enabled="true" logical-id="devEMS" partition="Streaming" quality-ceiling="good" rtd-reference-channel="" signal-id="" subsystem-name="IDDS" subsystem-type="iDDS" topic="ParameterDataSeries">
                    <alarm-limits/>
                </instance>
                <instance name="EMSParm_560" acquisition-rate="10" alternate-name="" calibration-group="" calibration-sensor="" customer-sensor="" data-type="float" deadband="0" description="" display-format="4.2f" display-range-maximum="100" display-range-minimum="0" domain-id="10" engineering-unit="%" export-for-steady-state="true" fixed-sensor="" fullset-stability="false" gid="2560" group="" idds-hardware-name="EMSParm_560" is-continuous-log="true" is-critical="false" is-enabled="true" logical-id="devEMS" partition="Streaming" quality-ceiling="good" rtd-reference-channel="" signal-id="" subsystem-name="IDDS" subsystem-type="iDDS" topic="ParameterDataSeries">
                    <alarm-limits/>
                </instance>
                <instance name="EMSParm_73" acquisition-rate="10" alternate-name="" calibration-group="" calibration-sensor="" customer-sensor="" data-type="float" deadband="0" description="" display-format="4.2f" display-range-maximum="100" display-range-minimum="0" domain-id="10" engineering-unit="%" export-for-steady-state="true" fixed-sensor="" fullset-stability="false" gid="2073" group="" idds-hardware-name="EMSParm_73" is-continuous-log="true" is-critical="false" is-enabled="true" logical-id="devEMS" partition="Streaming" quality-ceiling="good" rtd-reference-channel="" signal-id="" subsystem-name="IDDS" subsystem-type="iDDS" topic="ParameterDataSeries">
                    <alarm-limits/>
                </instance>
                <instance name="EMSParm_465" acquisition-rate="10" alternate-name="" calibration-group="" calibration-sensor="" customer-sensor="" data-type="float" deadband="0" description="" display-format="4.2f" display-range-maximum="100" display-range-minimum="0" domain-id="10" engineering-unit="%" export-for-steady-state="true" fixed-sensor="" fullset-stability="false" gid="2465" group="" idds-hardware-name="EMSParm_465" is-continuous-log="true" is-critical="false" is-enabled="true" logical-id="devEMS" partition="Streaming" quality-ceiling="good" rtd-reference-channel="" signal-id="" subsystem-name="IDDS" subsystem-type="iDDS" topic="ParameterDataSeries">
                    <alarm-limits/>
                </instance>
                <instance name="EMSParm_1190" acquisition-rate="10" alternate-name="" calibration-group="" calibration-sensor="" customer-sensor="" data-type="float" deadband="0" description="" display-format="4.2f" display-range-maximum="100" display-range-minimum="0" domain-id="10" engineering-unit="%" export-for-steady-state="true" fixed-sensor="" fullset-stability="false" gid="3190" group="" idds-hardware-name="EMSParm_1190" is-continuous-log="true" is-critical="false" is-enabled="true" logical-id="devEMS" partition="Streaming" quality-ceiling="good" rtd-reference-channel="" signal-id="" subsystem-name="IDDS" subsystem-type="iDDS" topic="ParameterDataSeries">
                    <alarm-limits/>
                </instance>
                <instance name="EMSParm_750" acquisition-rate="10" alternate-name="" calibration-group="" calibration-sensor="" customer-sensor="" data-type="float" deadband="0" description="" display-format="4.2f" display-range-maximum="100" display-range-minimum="0" domain-id="10" engineering-unit="%" export-for-steady-state="true" fixed-sensor="" fullset-stability="false" gid="2750" group="" idds-hardware-name="EMSParm_750" is-continuous-log="true" is-critical="false" is-enabled="true" logical-id="devEMS" partition="Streaming" quality-ceiling="good" rtd-reference-channel="" signal-id="" subsystem-name="IDDS" subsystem-type="iDDS" topic="ParameterDataSeries">
                    <alarm-limits/>
                </instance>
                <instance name="EMSParm_288" acquisition-rate="10" alternate-name="" calibration-group="" calibration-sensor="" customer-sensor="" data-type="float" deadband="0" description="" display-format="4.2f" display-range-maximum="100" display-range-minimum="0" domain-id="10" engineering-unit="%" export-for-steady-state="true" fixed-sensor="" fullset-stability="false" gid="2288" group="" idds-hardware-name="EMSParm_288" is-continuous-log="true" is-critical="false" is-enabled="true" logical-id="devEMS" partition="Streaming" quality-ceiling="good" rtd-reference-channel="" signal-id="" subsystem-name="IDDS" subsystem-type="iDDS" topic="ParameterDataSeries">
                    <alarm-limits/>
                </instance>
                <instance name="dnaDIO00005" acquisition-rate="200" alternate-name="" calibration-group="" calibration-sensor="" customer-sensor="" data-type="float" deadband="0" description="Input channel 5" display-format="4.2f" display-range-maximum="100" display-range-minimum="0" domain-id="3" engineering-unit="V" export-for-steady-state="true" fixed-sensor="" fullset-stability="false" gid="5" group="" idds-hardware-name="dev03/ch00005" is-continuous-log="true" is-critical="false" is-enabled="true" logical-id="devCube999" partition="Streaming" quality-ceiling="good" rtd-reference-channel="" signal-id="" subsystem-name="IDDS" subsystem-type="iDDS" topic="ParameterDataValue">
                    <alarm-limits/>
                </instance>
                <instance name="EMSParm_381" acquisition-rate="10" alternate-name="" calibration-group="" calibration-sensor="" customer-sensor="" data-type="float" deadband="0" description="" display-format="4.2f" display-range-maximum="100" display-range-minimum="0" domain-id="10" engineering-unit="%" export-for-steady-state="true" fixed-sensor="" fullset-stability="false" gid="2381" group="" idds-hardware-name="EMSParm_381" is-continuous-log="true" is-critical="false" is-enabled="true" logical-id="devEMS" partition="Streaming" quality-ceiling="good" rtd-reference-channel="" signal-id="" subsystem-name="IDDS" subsystem-type="iDDS" topic="ParameterDataSeries">
                    <alarm-limits/>
                </instance>
                <instance name="EMSParm_208" acquisition-rate="10" alternate-name="" calibration-group="" calibration-sensor="" customer-sensor="" data-type="float" deadband="0" description="" display-format="4.2f" display-range-maximum="100" display-range-minimum="0" domain-id="10" engineering-unit="%" export-for-steady-state="true" fixed-sensor="" fullset-stability="false" gid="2208" group="" idds-hardware-name="EMSParm_208" is-continuous-log="true" is-critical="false" is-enabled="true" logical-id="devEMS" partition="Streaming" quality-ceiling="good" rtd-reference-channel="" signal-id="" subsystem-name="IDDS" subsystem-type="iDDS" topic="ParameterDataSeries">
                    <alarm-limits/>
                </instance>
                <instance name="EMSParm_819" acquisition-rate="10" alternate-name="" calibration-group="" calibration-sensor="" customer-sensor="" data-type="float" deadband="0" description="" display-format="4.2f" display-range-maximum="100" display-range-minimum="0" domain-id="10" engineering-unit="%" export-for-steady-state="true" fixed-sensor="" fullset-stability="false" gid="2819" group="" idds-hardware-name="EMSParm_819" is-continuous-log="true" is-critical="false" is-enabled="true" logical-id="devEMS" partition="Streaming" quality-ceiling="good" rtd-reference-channel="" signal-id="" subsystem-name="IDDS" subsystem-type="iDDS" topic="ParameterDataSeries">
                    <alarm-limits/>
                </instance>
                <instance name="EMSParm_129" acquisition-rate="10" alternate-name="" calibration-group="" calibration-sensor="" customer-sensor="" data-type="float" deadband="0" description="" display-format="4.2f" display-range-maximum="100" display-range-minimum="0" domain-id="10" engineering-unit="%" export-for-steady-state="true" fixed-sensor="" fullset-stability="false" gid="2129" group="" idds-hardware-name="EMSParm_129" is-continuous-log="true" is-critical="false" is-enabled="true" logical-id="devEMS" partition="Streaming" quality-ceiling="good" rtd-reference-channel="" signal-id="" subsystem-name="IDDS" subsystem-type="iDDS" topic="ParameterDataSeries">
                    <alarm-limits/>
                </instance>
                <instance name="PurgeCtrlCh" acquisition-rate="0" alternate-name="" calculated-equation="0" calculated-persistency="volatile" calibration-group="" calibration-sensor="" customer-sensor="" data-type="boolean" description="" display-format="false/true" domain-id="2" export-for-steady-state="true" fixed-sensor="" fullset-stability="false" gid="-1" group="" idds-hardware-name="" is-continuous-log="true" is-critical="false" is-enabled="true" is-output="false" logical-id="" partition="" quality-ceiling="good" rtd-reference-channel="" signal-id="" subsystem-name="calculated" subsystem-type="calculated" topic="">
                    <alarm-limits/>
                </instance>
                <instance name="EMSParm_44" acquisition-rate="10" alternate-name="" calibration-group="" calibration-sensor="" customer-sensor="" data-type="float" deadband="0" description="" display-format="4.2f" display-range-maximum="100" display-range-minimum="0" domain-id="10" engineering-unit="%" export-for-steady-state="true" fixed-sensor="" fullset-stability="false" gid="2044" group="" idds-hardware-name="EMSParm_44" is-continuous-log="true" is-critical="false" is-enabled="true" logical-id="devEMS" partition="Streaming" quality-ceiling="good" rtd-reference-channel="" signal-id="" subsystem-name="IDDS" subsystem-type="iDDS" topic="ParameterDataSeries">
                    <alarm-limits/>
                </instance>
                <instance name="calcFn3" acquisition-rate="10" alternate-name="" calculated-equation="0.0" calculated-persistency="volatile" calibration-group="" calibration-sensor="" customer-sensor="" data-type="float" deadband="0" description="" display-format="4.2f" display-range-maximum="100" display-range-minimum="0" domain-id="4" engineering-unit="V" export-for-steady-state="true" fixed-sensor="" fullset-stability="false" gid="6016" group="" idds-hardware-name="calcFn3" is-continuous-log="true" is-critical="false" is-enabled="true" is-output="false" logical-id="RTE" partition="Streaming" quality-ceiling="good" rtd-reference-channel="" signal-id="" subsystem-name="calculated" subsystem-type="calculated" topic="ParameterDataValue">
                    <alarm-limits/>
                </instance>
                <instance name="EMSParm_1547" acquisition-rate="10" alternate-name="" calibration-group="" calibration-sensor="" customer-sensor="" data-type="float" deadband="0" description="" display-format="4.2f" display-range-maximum="100" display-range-minimum="0" domain-id="10" engineering-unit="%" export-for-steady-state="true" fixed-sensor="" fullset-stability="false" gid="3547" group="" idds-hardware-name="EMSParm_1547" is-continuous-log="true" is-critical="false" is-enabled="true" logical-id="devEMS" partition="Streaming" quality-ceiling="good" rtd-reference-channel="" signal-id="" subsystem-name="IDDS" subsystem-type="iDDS" topic="ParameterDataSeries">
                    <alarm-limits/>
                </instance>
                <instance name="EMSParm_1388" acquisition-rate="10" alternate-name="" calibration-group="" calibration-sensor="" customer-sensor="" data-type="float" deadband="0" description="" display-format="4.2f" display-range-maximum="100" display-range-minimum="0" domain-id="10" engineering-unit="%" export-for-steady-state="true" fixed-sensor="" fullset-stability="false" gid="3388" group="" idds-hardware-name="EMSParm_1388" is-continuous-log="true" is-critical="false" is-enabled="true" logical-id="devEMS" partition="Streaming" quality-ceiling="good" rtd-reference-channel="" signal-id="" subsystem-name="IDDS" subsystem-type="iDDS" topic="ParameterDataSeries">
                    <alarm-limits/>
                </instance>
                <instance name="EMSParm_446" acquisition-rate="10" alternate-name="" calibration-group="" calibration-sensor="" customer-sensor="" data-type="float" deadband="0" description="" display-format="4.2f" display-range-maximum="100" display-range-minimum="0" domain-id="10" engineering-unit="%" export-for-steady-state="true" fixed-sensor="" fullset-stability="false" gid="2446" group="" idds-hardware-name="EMSParm_446" is-continuous-log="true" is-critical="false" is-enabled="true" logical-id="devEMS" partition="Streaming" quality-ceiling="good" rtd-reference-channel="" signal-id="" subsystem-name="IDDS" subsystem-type="iDDS" topic="ParameterDataSeries">
                    <alarm-limits/>
                </instance>
                <instance name="EMSParm_305" acquisition-rate="10" alternate-name="" calibration-group="" calibration-sensor="" customer-sensor="" data-type="float" deadband="0" description="" display-format="4.2f" display-range-maximum="100" display-range-minimum="0" domain-id="10" engineering-unit="%" export-for-steady-state="true" fixed-sensor="" fullset-stability="false" gid="2305" group="" idds-hardware-name="EMSParm_305" is-continuous-log="true" is-critical="false" is-enabled="true" logical-id="devEMS" partition="Streaming" quality-ceiling="good" rtd-reference-channel="" signal-id="" subsystem-name="IDDS" subsystem-type="iDDS" topic="ParameterDataSeries">
                    <alarm-limits/>
                </instance>
                <instance name="T000003" acquisition-rate="10" alternate-name="" calibration-group="" calibration-sensor="" customer-sensor="" data-type="float" deadband="0" description="" display-format="4.2f" display-range-maximum="100" display-range-minimum="0" domain-id="2" engineering-unit="degC" export-for-steady-state="true" fixed-sensor="" fullset-stability="false" gid="5003" group="" idds-hardware-name="SCUTRDEMO_Ch03" is-continuous-log="true" is-critical="false" is-enabled="true" logical-id="scutrsim" partition="Streaming" quality-ceiling="good" rtd-reference-channel="" signal-id="" subsystem-name="IDDS" subsystem-type="iDDS" topic="ParameterDataSeries">
                    <alarm-limits/>
                </instance>
                <instance name="EMSParm_918" acquisition-rate="10" alternate-name="" calibration-group="" calibration-sensor="" customer-sensor="" data-type="float" deadband="0" description="" display-format="4.2f" display-range-maximum="100" display-range-minimum="0" domain-id="10" engineering-unit="%" export-for-steady-state="true" fixed-sensor="" fullset-stability="false" gid="2918" group="" idds-hardware-name="EMSParm_918" is-continuous-log="true" is-critical="false" is-enabled="true" logical-id="devEMS" partition="Streaming" quality-ceiling="good" rtd-reference-channel="" signal-id="" subsystem-name="IDDS" subsystem-type="iDDS" topic="ParameterDataSeries">
                    <alarm-limits/>
                </instance>
                <instance name="T000006" acquisition-rate="10" alternate-name="" calibration-group="" calibration-sensor="" customer-sensor="" data-type="float" deadband="0" description="" display-format="4.2f" display-range-maximum="100" display-range-minimum="0" domain-id="2" engineering-unit="degC" export-for-steady-state="true" fixed-sensor="" fullset-stability="false" gid="5006" group="" idds-hardware-name="SCUTRDEMO_Ch06" is-continuous-log="true" is-critical="false" is-enabled="true" logical-id="scutrsim" partition="Streaming" quality-ceiling="good" rtd-reference-channel="" signal-id="" subsystem-name="IDDS" subsystem-type="iDDS" topic="ParameterDataSeries">
                    <alarm-limits/>
                </instance>
                <instance name="EMSParm_185" acquisition-rate="10" alternate-name="" calibration-group="" calibration-sensor="" customer-sensor="" data-type="float" deadband="0" description="" display-format="4.2f" display-range-maximum="100" display-range-minimum="0" domain-id="10" engineering-unit="%" export-for-steady-state="true" fixed-sensor="" fullset-stability="false" gid="2185" group="" idds-hardware-name="EMSParm_185" is-continuous-log="true" is-critical="false" is-enabled="true" logical-id="devEMS" partition="Streaming" quality-ceiling="good" rtd-reference-channel="" signal-id="" subsystem-name="IDDS" subsystem-type="iDDS" topic="ParameterDataSeries">
                    <alarm-limits/>
                </instance>
                <instance name="EMSParm_268" acquisition-rate="10" alternate-name="" calibration-group="" calibration-sensor="" customer-sensor="" data-type="float" deadband="0" description="" display-format="4.2f" display-range-maximum="100" display-range-minimum="0" domain-id="10" engineering-unit="%" export-for-steady-state="true" fixed-sensor="" fullset-stability="false" gid="2268" group="" idds-hardware-name="EMSParm_268" is-continuous-log="true" is-critical="false" is-enabled="true" logical-id="devEMS" partition="Streaming" quality-ceiling="good" rtd-reference-channel="" signal-id="" subsystem-name="IDDS" subsystem-type="iDDS" topic="ParameterDataSeries">
                    <alarm-limits/>
                </instance>
                <instance name="EMSParm_223" acquisition-rate="10" alternate-name="" calibration-group="" calibration-sensor="" customer-sensor="" data-type="float" deadband="0" description="" display-format="4.2f" display-range-maximum="100" display-range-minimum="0" domain-id="10" engineering-unit="%" export-for-steady-state="true" fixed-sensor="" fullset-stability="false" gid="2223" group="" idds-hardware-name="EMSParm_223" is-continuous-log="true" is-critical="false" is-enabled="true" logical-id="devEMS" partition="Streaming" quality-ceiling="good" rtd-reference-channel="" signal-id="" subsystem-name="IDDS" subsystem-type="iDDS" topic="ParameterDataSeries">
                    <alarm-limits/>
                </instance>
                <instance name="EMSParm_1495" acquisition-rate="10" alternate-name="" calibration-group="" calibration-sensor="" customer-sensor="" data-type="float" deadband="0" description="" display-format="4.2f" display-range-maximum="100" display-range-minimum="0" domain-id="10" engineering-unit="%" export-for-steady-state="true" fixed-sensor="" fullset-stability="false" gid="3495" group="" idds-hardware-name="EMSParm_1495" is-continuous-log="true" is-critical="false" is-enabled="true" logical-id="devEMS" partition="Streaming" quality-ceiling="good" rtd-reference-channel="" signal-id="" subsystem-name="IDDS" subsystem-type="iDDS" topic="ParameterDataSeries">
                    <alarm-limits/>
                </instance>
                <instance name="EMSParm_1029" acquisition-rate="10" alternate-name="" calibration-group="" calibration-sensor="" customer-sensor="" data-type="float" deadband="0" description="" display-format="4.2f" display-range-maximum="100" display-range-minimum="0" domain-id="10" engineering-unit="%" export-for-steady-state="true" fixed-sensor="" fullset-stability="false" gid="3029" group="" idds-hardware-name="EMSParm_1029" is-continuous-log="true" is-critical="false" is-enabled="true" logical-id="devEMS" partition="Streaming" quality-ceiling="good" rtd-reference-channel="" signal-id="" subsystem-name="IDDS" subsystem-type="iDDS" topic="ParameterDataSeries">
                    <alarm-limits/>
                </instance>
                <instance name="EMSParm_1056" acquisition-rate="10" alternate-name="" calibration-group="" calibration-sensor="" customer-sensor="" data-type="float" deadband="0" description="" display-format="4.2f" display-range-maximum="100" display-range-minimum="0" domain-id="10" engineering-unit="%" export-for-steady-state="true" fixed-sensor="" fullset-stability="false" gid="3056" group="" idds-hardware-name="EMSParm_1056" is-continuous-log="true" is-critical="false" is-enabled="true" logical-id="devEMS" partition="Streaming" quality-ceiling="good" rtd-reference-channel="" signal-id="" subsystem-name="IDDS" subsystem-type="iDDS" topic="ParameterDataSeries">
                    <alarm-limits/>
                </instance>
                <instance name="EMSParm_1096" acquisition-rate="10" alternate-name="" calibration-group="" calibration-sensor="" customer-sensor="" data-type="float" deadband="0" description="" display-format="4.2f" display-range-maximum="100" display-range-minimum="0" domain-id="10" engineering-unit="%" export-for-steady-state="true" fixed-sensor="" fullset-stability="false" gid="3096" group="" idds-hardware-name="EMSParm_1096" is-continuous-log="true" is-critical="false" is-enabled="true" logical-id="devEMS" partition="Streaming" quality-ceiling="good" rtd-reference-channel="" signal-id="" subsystem-name="IDDS" subsystem-type="iDDS" topic="ParameterDataSeries">
                    <alarm-limits/>
                </instance>
                <instance name="EMSParm_50" acquisition-rate="10" alternate-name="" calibration-group="" calibration-sensor="" customer-sensor="" data-type="float" deadband="0" description="" display-format="4.2f" display-range-maximum="100" display-range-minimum="0" domain-id="10" engineering-unit="%" export-for-steady-state="true" fixed-sensor="" fullset-stability="false" gid="2050" group="" idds-hardware-name="EMSParm_50" is-continuous-log="true" is-critical="false" is-enabled="true" logical-id="devEMS" partition="Streaming" quality-ceiling="good" rtd-reference-channel="" signal-id="" subsystem-name="IDDS" subsystem-type="iDDS" topic="ParameterDataSeries">
                    <alarm-limits/>
                </instance>
                <instance name="EMSParm_495" acquisition-rate="10" alternate-name="" calibration-group="" calibration-sensor="" customer-sensor="" data-type="float" deadband="0" description="" display-format="4.2f" display-range-maximum="100" display-range-minimum="0" domain-id="10" engineering-unit="%" export-for-steady-state="true" fixed-sensor="" fullset-stability="false" gid="2495" group="" idds-hardware-name="EMSParm_495" is-continuous-log="true" is-critical="false" is-enabled="true" logical-id="devEMS" partition="Streaming" quality-ceiling="good" rtd-reference-channel="" signal-id="" subsystem-name="IDDS" subsystem-type="iDDS" topic="ParameterDataSeries">
                    <alarm-limits/>
                </instance>
                <instance name="EMSParm_362" acquisition-rate="10" alternate-name="" calibration-group="" calibration-sensor="" customer-sensor="" data-type="float" deadband="0" description="" display-format="4.2f" display-range-maximum="100" display-range-minimum="0" domain-id="10" engineering-unit="%" export-for-steady-state="true" fixed-sensor="" fullset-stability="false" gid="2362" group="" idds-hardware-name="EMSParm_362" is-continuous-log="true" is-critical="false" is-enabled="true" logical-id="devEMS" partition="Streaming" quality-ceiling="good" rtd-reference-channel="" signal-id="" subsystem-name="IDDS" subsystem-type="iDDS" topic="ParameterDataSeries">
                    <alarm-limits/>
                </instance>
                <instance name="EMSParm_1522" acquisition-rate="10" alternate-name="" calibration-group="" calibration-sensor="" customer-sensor="" data-type="float" deadband="0" description="" display-format="4.2f" display-range-maximum="100" display-range-minimum="0" domain-id="10" engineering-unit="%" export-for-steady-state="true" fixed-sensor="" fullset-stability="false" gid="3522" group="" idds-hardware-name="EMSParm_1522" is-continuous-log="true" is-critical="false" is-enabled="true" logical-id="devEMS" partition="Streaming" quality-ceiling="good" rtd-reference-channel="" signal-id="" subsystem-name="IDDS" subsystem-type="iDDS" topic="ParameterDataSeries">
                    <alarm-limits/>
                </instance>
                <instance name="EMSParm_1093" acquisition-rate="10" alternate-name="" calibration-group="" calibration-sensor="" customer-sensor="" data-type="float" deadband="0" description="" display-format="4.2f" display-range-maximum="100" display-range-minimum="0" domain-id="10" engineering-unit="%" export-for-steady-state="true" fixed-sensor="" fullset-stability="false" gid="3093" group="" idds-hardware-name="EMSParm_1093" is-continuous-log="true" is-critical="false" is-enabled="true" logical-id="devEMS" partition="Streaming" quality-ceiling="good" rtd-reference-channel="" signal-id="" subsystem-name="IDDS" subsystem-type="iDDS" topic="ParameterDataSeries">
                    <alarm-limits/>
                </instance>
                <instance name="EMSParm_101" acquisition-rate="10" alternate-name="" calibration-group="" calibration-sensor="" customer-sensor="" data-type="float" deadband="0" description="" display-format="4.2f" display-range-maximum="100" display-range-minimum="0" domain-id="10" engineering-unit="%" export-for-steady-state="true" fixed-sensor="" fullset-stability="false" gid="2101" group="" idds-hardware-name="EMSParm_101" is-continuous-log="true" is-critical="false" is-enabled="true" logical-id="devEMS" partition="Streaming" quality-ceiling="good" rtd-reference-channel="" signal-id="" subsystem-name="IDDS" subsystem-type="iDDS" topic="ParameterDataSeries">
                    <alarm-limits/>
                </instance>
                <instance name="EMSParm_278" acquisition-rate="10" alternate-name="" calibration-group="" calibration-sensor="" customer-sensor="" data-type="float" deadband="0" description="" display-format="4.2f" display-range-maximum="100" display-range-minimum="0" domain-id="10" engineering-unit="%" export-for-steady-state="true" fixed-sensor="" fullset-stability="false" gid="2278" group="" idds-hardware-name="EMSParm_278" is-continuous-log="true" is-critical="false" is-enabled="true" logical-id="devEMS" partition="Streaming" quality-ceiling="good" rtd-reference-channel="" signal-id="" subsystem-name="IDDS" subsystem-type="iDDS" topic="ParameterDataSeries">
                    <alarm-limits/>
                </instance>
                <instance name="EMSParm_1187" acquisition-rate="10" alternate-name="" calibration-group="" calibration-sensor="" customer-sensor="" data-type="float" deadband="0" description="" display-format="4.2f" display-range-maximum="100" display-range-minimum="0" domain-id="10" engineering-unit="%" export-for-steady-state="true" fixed-sensor="" fullset-stability="false" gid="3187" group="" idds-hardware-name="EMSParm_1187" is-continuous-log="true" is-critical="false" is-enabled="true" logical-id="devEMS" partition="Streaming" quality-ceiling="good" rtd-reference-channel="" signal-id="" subsystem-name="IDDS" subsystem-type="iDDS" topic="ParameterDataSeries">
                    <alarm-limits/>
                </instance>
                <instance name="EMSParm_368" acquisition-rate="10" alternate-name="" calibration-group="" calibration-sensor="" customer-sensor="" data-type="float" deadband="0" description="" display-format="4.2f" display-range-maximum="100" display-range-minimum="0" domain-id="10" engineering-unit="%" export-for-steady-state="true" fixed-sensor="" fullset-stability="false" gid="2368" group="" idds-hardware-name="EMSParm_368" is-continuous-log="true" is-critical="false" is-enabled="true" logical-id="devEMS" partition="Streaming" quality-ceiling="good" rtd-reference-channel="" signal-id="" subsystem-name="IDDS" subsystem-type="iDDS" topic="ParameterDataSeries">
                    <alarm-limits/>
                </instance>
                <instance name="EMSParm_1154" acquisition-rate="10" alternate-name="" calibration-group="" calibration-sensor="" customer-sensor="" data-type="float" deadband="0" description="" display-format="4.2f" display-range-maximum="100" display-range-minimum="0" domain-id="10" engineering-unit="%" export-for-steady-state="true" fixed-sensor="" fullset-stability="false" gid="3154" group="" idds-hardware-name="EMSParm_1154" is-continuous-log="true" is-critical="false" is-enabled="true" logical-id="devEMS" partition="Streaming" quality-ceiling="good" rtd-reference-channel="" signal-id="" subsystem-name="IDDS" subsystem-type="iDDS" topic="ParameterDataSeries">
                    <alarm-limits/>
                </instance>
                <instance name="EMSParm_1377" acquisition-rate="10" alternate-name="" calibration-group="" calibration-sensor="" customer-sensor="" data-type="float" deadband="0" description="" display-format="4.2f" display-range-maximum="100" display-range-minimum="0" domain-id="10" engineering-unit="%" export-for-steady-state="true" fixed-sensor="" fullset-stability="false" gid="3377" group="" idds-hardware-name="EMSParm_1377" is-continuous-log="true" is-critical="false" is-enabled="true" logical-id="devEMS" partition="Streaming" quality-ceiling="good" rtd-reference-channel="" signal-id="" subsystem-name="IDDS" subsystem-type="iDDS" topic="ParameterDataSeries">
                    <alarm-limits/>
                </instance>
                <instance name="EMSParm_904" acquisition-rate="10" alternate-name="" calibration-group="" calibration-sensor="" customer-sensor="" data-type="float" deadband="0" description="" display-format="4.2f" display-range-maximum="100" display-range-minimum="0" domain-id="10" engineering-unit="%" export-for-steady-state="true" fixed-sensor="" fullset-stability="false" gid="2904" group="" idds-hardware-name="EMSParm_904" is-continuous-log="true" is-critical="false" is-enabled="true" logical-id="devEMS" partition="Streaming" quality-ceiling="good" rtd-reference-channel="" signal-id="" subsystem-name="IDDS" subsystem-type="iDDS" topic="ParameterDataSeries">
                    <alarm-limits/>
                </instance>
                <instance name="T000002" acquisition-rate="10" alternate-name="" calibration-group="" calibration-sensor="" customer-sensor="" data-type="float" deadband="0" description="" display-format="4.2f" display-range-maximum="100" display-range-minimum="0" domain-id="2" engineering-unit="degC" export-for-steady-state="true" fixed-sensor="" fullset-stability="false" gid="5002" group="" idds-hardware-name="SCUTRDEMO_Ch02" is-continuous-log="true" is-critical="false" is-enabled="true" logical-id="scutrsim" partition="Streaming" quality-ceiling="good" rtd-reference-channel="" signal-id="" subsystem-name="IDDS" subsystem-type="iDDS" topic="ParameterDataSeries">
                    <alarm-limits/>
                </instance>
                <instance name="EMSParm_300" acquisition-rate="10" alternate-name="" calibration-group="" calibration-sensor="" customer-sensor="" data-type="float" deadband="0" description="" display-format="4.2f" display-range-maximum="100" display-range-minimum="0" domain-id="10" engineering-unit="%" export-for-steady-state="true" fixed-sensor="" fullset-stability="false" gid="2300" group="" idds-hardware-name="EMSParm_300" is-continuous-log="true" is-critical="false" is-enabled="true" logical-id="devEMS" partition="Streaming" quality-ceiling="good" rtd-reference-channel="" signal-id="" subsystem-name="IDDS" subsystem-type="iDDS" topic="ParameterDataSeries">
                    <alarm-limits/>
                </instance>
                <instance name="EMSParm_1303" acquisition-rate="10" alternate-name="" calibration-group="" calibration-sensor="" customer-sensor="" data-type="float" deadband="0" description="" display-format="4.2f" display-range-maximum="100" display-range-minimum="0" domain-id="10" engineering-unit="%" export-for-steady-state="true" fixed-sensor="" fullset-stability="false" gid="3303" group="" idds-hardware-name="EMSParm_1303" is-continuous-log="true" is-critical="false" is-enabled="true" logical-id="devEMS" partition="Streaming" quality-ceiling="good" rtd-reference-channel="" signal-id="" subsystem-name="IDDS" subsystem-type="iDDS" topic="ParameterDataSeries">
                    <alarm-limits/>
                </instance>
                <instance name="EMSParm_924" acquisition-rate="10" alternate-name="" calibration-group="" calibration-sensor="" customer-sensor="" data-type="float" deadband="0" description="" display-format="4.2f" display-range-maximum="100" display-range-minimum="0" domain-id="10" engineering-unit="%" export-for-steady-state="true" fixed-sensor="" fullset-stability="false" gid="2924" group="" idds-hardware-name="EMSParm_924" is-continuous-log="true" is-critical="false" is-enabled="true" logical-id="devEMS" partition="Streaming" quality-ceiling="good" rtd-reference-channel="" signal-id="" subsystem-name="IDDS" subsystem-type="iDDS" topic="ParameterDataSeries">
                    <alarm-limits/>
                </instance>
                <instance name="EMSParm_683" acquisition-rate="10" alternate-name="" calibration-group="" calibration-sensor="" customer-sensor="" data-type="float" deadband="0" description="" display-format="4.2f" display-range-maximum="100" display-range-minimum="0" domain-id="10" engineering-unit="%" export-for-steady-state="true" fixed-sensor="" fullset-stability="false" gid="2683" group="" idds-hardware-name="EMSParm_683" is-continuous-log="true" is-critical="false" is-enabled="true" logical-id="devEMS" partition="Streaming" quality-ceiling="good" rtd-reference-channel="" signal-id="" subsystem-name="IDDS" subsystem-type="iDDS" topic="ParameterDataSeries">
                    <alarm-limits/>
                </instance>
                <instance name="dnaAO00001" acquisition-rate="200" alternate-name="" calibration-group="" calibration-sensor="" customer-sensor="" data-type="float" deadband="0" description="Output channel 1" display-format="4.2f" display-range-maximum="100" display-range-minimum="0" domain-id="3" engineering-unit="V" export-for-steady-state="true" fixed-sensor="" fullset-stability="false" gid="289" group="" idds-hardware-name="dev02/ch00001" is-continuous-log="true" is-critical="false" is-enabled="true" logical-id="devCube999" partition="Streaming" quality-ceiling="good" rtd-reference-channel="" signal-id="" subsystem-name="IDDS" subsystem-type="iDDS" topic="ParameterDataValue">
                    <alarm-limits/>
                </instance>
                <instance name="EMSParm_1407" acquisition-rate="10" alternate-name="" calibration-group="" calibration-sensor="" customer-sensor="" data-type="float" deadband="0" description="" display-format="4.2f" display-range-maximum="100" display-range-minimum="0" domain-id="10" engineering-unit="%" export-for-steady-state="true" fixed-sensor="" fullset-stability="false" gid="3407" group="" idds-hardware-name="EMSParm_1407" is-continuous-log="true" is-critical="false" is-enabled="true" logical-id="devEMS" partition="Streaming" quality-ceiling="good" rtd-reference-channel="" signal-id="" subsystem-name="IDDS" subsystem-type="iDDS" topic="ParameterDataSeries">
                    <alarm-limits/>
                </instance>
                <instance name="EMSParm_480" acquisition-rate="10" alternate-name="" calibration-group="" calibration-sensor="" customer-sensor="" data-type="float" deadband="0" description="" display-format="4.2f" display-range-maximum="100" display-range-minimum="0" domain-id="10" engineering-unit="%" export-for-steady-state="true" fixed-sensor="" fullset-stability="false" gid="2480" group="" idds-hardware-name="EMSParm_480" is-continuous-log="true" is-critical="false" is-enabled="true" logical-id="devEMS" partition="Streaming" quality-ceiling="good" rtd-reference-channel="" signal-id="" subsystem-name="IDDS" subsystem-type="iDDS" topic="ParameterDataSeries">
                    <alarm-limits/>
                </instance>
                <instance name="EMSParm_251" acquisition-rate="10" alternate-name="" calibration-group="" calibration-sensor="" customer-sensor="" data-type="float" deadband="0" description="" display-format="4.2f" display-range-maximum="100" display-range-minimum="0" domain-id="10" engineering-unit="%" export-for-steady-state="true" fixed-sensor="" fullset-stability="false" gid="2251" group="" idds-hardware-name="EMSParm_251" is-continuous-log="true" is-critical="false" is-enabled="true" logical-id="devEMS" partition="Streaming" quality-ceiling="good" rtd-reference-channel="" signal-id="" subsystem-name="IDDS" subsystem-type="iDDS" topic="ParameterDataSeries">
                    <alarm-limits/>
                </instance>
                <instance name="EMSParm_982" acquisition-rate="10" alternate-name="" calibration-group="" calibration-sensor="" customer-sensor="" data-type="float" deadband="0" description="" display-format="4.2f" display-range-maximum="100" display-range-minimum="0" domain-id="10" engineering-unit="%" export-for-steady-state="true" fixed-sensor="" fullset-stability="false" gid="2982" group="" idds-hardware-name="EMSParm_982" is-continuous-log="true" is-critical="false" is-enabled="true" logical-id="devEMS" partition="Streaming" quality-ceiling="good" rtd-reference-channel="" signal-id="" subsystem-name="IDDS" subsystem-type="iDDS" topic="ParameterDataSeries">
                    <alarm-limits/>
                </instance>
                <instance name="EMSParm_310" acquisition-rate="10" alternate-name="" calibration-group="" calibration-sensor="" customer-sensor="" data-type="float" deadband="0" description="" display-format="4.2f" display-range-maximum="100" display-range-minimum="0" domain-id="10" engineering-unit="%" export-for-steady-state="true" fixed-sensor="" fullset-stability="false" gid="2310" group="" idds-hardware-name="EMSParm_310" is-continuous-log="true" is-critical="false" is-enabled="true" logical-id="devEMS" partition="Streaming" quality-ceiling="good" rtd-reference-channel="" signal-id="" subsystem-name="IDDS" subsystem-type="iDDS" topic="ParameterDataSeries">
                    <alarm-limits/>
                </instance>
                <instance name="EMSParm_462" acquisition-rate="10" alternate-name="" calibration-group="" calibration-sensor="" customer-sensor="" data-type="float" deadband="0" description="" display-format="4.2f" display-range-maximum="100" display-range-minimum="0" domain-id="10" engineering-unit="%" export-for-steady-state="true" fixed-sensor="" fullset-stability="false" gid="2462" group="" idds-hardware-name="EMSParm_462" is-continuous-log="true" is-critical="false" is-enabled="true" logical-id="devEMS" partition="Streaming" quality-ceiling="good" rtd-reference-channel="" signal-id="" subsystem-name="IDDS" subsystem-type="iDDS" topic="ParameterDataSeries">
                    <alarm-limits/>
                </instance>
                <instance name="EMSParm_978" acquisition-rate="10" alternate-name="" calibration-group="" calibration-sensor="" customer-sensor="" data-type="float" deadband="0" description="" display-format="4.2f" display-range-maximum="100" display-range-minimum="0" domain-id="10" engineering-unit="%" export-for-steady-state="true" fixed-sensor="" fullset-stability="false" gid="2978" group="" idds-hardware-name="EMSParm_978" is-continuous-log="true" is-critical="false" is-enabled="true" logical-id="devEMS" partition="Streaming" quality-ceiling="good" rtd-reference-channel="" signal-id="" subsystem-name="IDDS" subsystem-type="iDDS" topic="ParameterDataSeries">
                    <alarm-limits/>
                </instance>
                <instance name="EMSParm_1494" acquisition-rate="10" alternate-name="" calibration-group="" calibration-sensor="" customer-sensor="" data-type="float" deadband="0" description="" display-format="4.2f" display-range-maximum="100" display-range-minimum="0" domain-id="10" engineering-unit="%" export-for-steady-state="true" fixed-sensor="" fullset-stability="false" gid="3494" group="" idds-hardware-name="EMSParm_1494" is-continuous-log="true" is-critical="false" is-enabled="true" logical-id="devEMS" partition="Streaming" quality-ceiling="good" rtd-reference-channel="" signal-id="" subsystem-name="IDDS" subsystem-type="iDDS" topic="ParameterDataSeries">
                    <alarm-limits/>
                </instance>
                <instance name="EMSParm_840" acquisition-rate="10" alternate-name="" calibration-group="" calibration-sensor="" customer-sensor="" data-type="float" deadband="0" description="" display-format="4.2f" display-range-maximum="100" display-range-minimum="0" domain-id="10" engineering-unit="%" export-for-steady-state="true" fixed-sensor="" fullset-stability="false" gid="2840" group="" idds-hardware-name="EMSParm_840" is-continuous-log="true" is-critical="false" is-enabled="true" logical-id="devEMS" partition="Streaming" quality-ceiling="good" rtd-reference-channel="" signal-id="" subsystem-name="IDDS" subsystem-type="iDDS" topic="ParameterDataSeries">
                    <alarm-limits/>
                </instance>
                <instance name="EMSParm_765" acquisition-rate="10" alternate-name="" calibration-group="" calibration-sensor="" customer-sensor="" data-type="float" deadband="0" description="" display-format="4.2f" display-range-maximum="100" display-range-minimum="0" domain-id="10" engineering-unit="%" export-for-steady-state="true" fixed-sensor="" fullset-stability="false" gid="2765" group="" idds-hardware-name="EMSParm_765" is-continuous-log="true" is-critical="false" is-enabled="true" logical-id="devEMS" partition="Streaming" quality-ceiling="good" rtd-reference-channel="" signal-id="" subsystem-name="IDDS" subsystem-type="iDDS" topic="ParameterDataSeries">
                    <alarm-limits/>
                </instance>
                <instance name="EMSParm_293" acquisition-rate="10" alternate-name="" calibration-group="" calibration-sensor="" customer-sensor="" data-type="float" deadband="0" description="" display-format="4.2f" display-range-maximum="100" display-range-minimum="0" domain-id="10" engineering-unit="%" export-for-steady-state="true" fixed-sensor="" fullset-stability="false" gid="2293" group="" idds-hardware-name="EMSParm_293" is-continuous-log="true" is-critical="false" is-enabled="true" logical-id="devEMS" partition="Streaming" quality-ceiling="good" rtd-reference-channel="" signal-id="" subsystem-name="IDDS" subsystem-type="iDDS" topic="ParameterDataSeries">
                    <alarm-limits/>
                </instance>
                <instance name="EMSParm_1061" acquisition-rate="10" alternate-name="" calibration-group="" calibration-sensor="" customer-sensor="" data-type="float" deadband="0" description="" display-format="4.2f" display-range-maximum="100" display-range-minimum="0" domain-id="10" engineering-unit="%" export-for-steady-state="true" fixed-sensor="" fullset-stability="false" gid="3061" group="" idds-hardware-name="EMSParm_1061" is-continuous-log="true" is-critical="false" is-enabled="true" logical-id="devEMS" partition="Streaming" quality-ceiling="good" rtd-reference-channel="" signal-id="" subsystem-name="IDDS" subsystem-type="iDDS" topic="ParameterDataSeries">
                    <alarm-limits/>
                </instance>
                <instance name="EMSParm_391" acquisition-rate="10" alternate-name="" calibration-group="" calibration-sensor="" customer-sensor="" data-type="float" deadband="0" description="" display-format="4.2f" display-range-maximum="100" display-range-minimum="0" domain-id="10" engineering-unit="%" export-for-steady-state="true" fixed-sensor="" fullset-stability="false" gid="2391" group="" idds-hardware-name="EMSParm_391" is-continuous-log="true" is-critical="false" is-enabled="true" logical-id="devEMS" partition="Streaming" quality-ceiling="good" rtd-reference-channel="" signal-id="" subsystem-name="IDDS" subsystem-type="iDDS" topic="ParameterDataSeries">
                    <alarm-limits/>
                </instance>
                <instance name="EMSParm_1254" acquisition-rate="10" alternate-name="" calibration-group="" calibration-sensor="" customer-sensor="" data-type="float" deadband="0" description="" display-format="4.2f" display-range-maximum="100" display-range-minimum="0" domain-id="10" engineering-unit="%" export-for-steady-state="true" fixed-sensor="" fullset-stability="false" gid="3254" group="" idds-hardware-name="EMSParm_1254" is-continuous-log="true" is-critical="false" is-enabled="true" logical-id="devEMS" partition="Streaming" quality-ceiling="good" rtd-reference-channel="" signal-id="" subsystem-name="IDDS" subsystem-type="iDDS" topic="ParameterDataSeries">
                    <alarm-limits/>
                </instance>
                <instance name="EMSParm_1551" acquisition-rate="10" alternate-name="" calibration-group="" calibration-sensor="" customer-sensor="" data-type="float" deadband="0" description="" display-format="4.2f" display-range-maximum="100" display-range-minimum="0" domain-id="10" engineering-unit="%" export-for-steady-state="true" fixed-sensor="" fullset-stability="false" gid="3551" group="" idds-hardware-name="EMSParm_1551" is-continuous-log="true" is-critical="false" is-enabled="true" logical-id="devEMS" partition="Streaming" quality-ceiling="good" rtd-reference-channel="" signal-id="" subsystem-name="IDDS" subsystem-type="iDDS" topic="ParameterDataSeries">
                    <alarm-limits/>
                </instance>
                <instance name="EMSParm_1214" acquisition-rate="10" alternate-name="" calibration-group="" calibration-sensor="" customer-sensor="" data-type="float" deadband="0" description="" display-format="4.2f" display-range-maximum="100" display-range-minimum="0" domain-id="10" engineering-unit="%" export-for-steady-state="true" fixed-sensor="" fullset-stability="false" gid="3214" group="" idds-hardware-name="EMSParm_1214" is-continuous-log="true" is-critical="false" is-enabled="true" logical-id="devEMS" partition="Streaming" quality-ceiling="good" rtd-reference-channel="" signal-id="" subsystem-name="IDDS" subsystem-type="iDDS" topic="ParameterDataSeries">
                    <alarm-limits/>
                </instance>
                <instance name="EMSParm_602" acquisition-rate="10" alternate-name="" calibration-group="" calibration-sensor="" customer-sensor="" data-type="float" deadband="0" description="" display-format="4.2f" display-range-maximum="100" display-range-minimum="0" domain-id="10" engineering-unit="%" export-for-steady-state="true" fixed-sensor="" fullset-stability="false" gid="2602" group="" idds-hardware-name="EMSParm_602" is-continuous-log="true" is-critical="false" is-enabled="true" logical-id="devEMS" partition="Streaming" quality-ceiling="good" rtd-reference-channel="" signal-id="" subsystem-name="IDDS" subsystem-type="iDDS" topic="ParameterDataSeries">
                    <alarm-limits/>
                </instance>
                <instance name="EMSParm_592" acquisition-rate="10" alternate-name="" calibration-group="" calibration-sensor="" customer-sensor="" data-type="float" deadband="0" description="" display-format="4.2f" display-range-maximum="100" display-range-minimum="0" domain-id="10" engineering-unit="%" export-for-steady-state="true" fixed-sensor="" fullset-stability="false" gid="2592" group="" idds-hardware-name="EMSParm_592" is-continuous-log="true" is-critical="false" is-enabled="true" logical-id="devEMS" partition="Streaming" quality-ceiling="good" rtd-reference-channel="" signal-id="" subsystem-name="IDDS" subsystem-type="iDDS" topic="ParameterDataSeries">
                    <alarm-limits/>
                </instance>
                <instance name="EMSParm_1544" acquisition-rate="10" alternate-name="" calibration-group="" calibration-sensor="" customer-sensor="" data-type="float" deadband="0" description="" display-format="4.2f" display-range-maximum="100" display-range-minimum="0" domain-id="10" engineering-unit="%" export-for-steady-state="true" fixed-sensor="" fullset-stability="false" gid="3544" group="" idds-hardware-name="EMSParm_1544" is-continuous-log="true" is-critical="false" is-enabled="true" logical-id="devEMS" partition="Streaming" quality-ceiling="good" rtd-reference-channel="" signal-id="" subsystem-name="IDDS" subsystem-type="iDDS" topic="ParameterDataSeries">
                    <alarm-limits/>
                </instance>
                <instance name="EMSParm_995" acquisition-rate="10" alternate-name="" calibration-group="" calibration-sensor="" customer-sensor="" data-type="float" deadband="0" description="" display-format="4.2f" display-range-maximum="100" display-range-minimum="0" domain-id="10" engineering-unit="%" export-for-steady-state="true" fixed-sensor="" fullset-stability="false" gid="2995" group="" idds-hardware-name="EMSParm_995" is-continuous-log="true" is-critical="false" is-enabled="true" logical-id="devEMS" partition="Streaming" quality-ceiling="good" rtd-reference-channel="" signal-id="" subsystem-name="IDDS" subsystem-type="iDDS" topic="ParameterDataSeries">
                    <alarm-limits/>
                </instance>
                <instance name="EMSParm_716" acquisition-rate="10" alternate-name="" calibration-group="" calibration-sensor="" customer-sensor="" data-type="float" deadband="0" description="" display-format="4.2f" display-range-maximum="100" display-range-minimum="0" domain-id="10" engineering-unit="%" export-for-steady-state="true" fixed-sensor="" fullset-stability="false" gid="2716" group="" idds-hardware-name="EMSParm_716" is-continuous-log="true" is-critical="false" is-enabled="true" logical-id="devEMS" partition="Streaming" quality-ceiling="good" rtd-reference-channel="" signal-id="" subsystem-name="IDDS" subsystem-type="iDDS" topic="ParameterDataSeries">
                    <alarm-limits/>
                </instance>
                <instance name="EMSParm_80" acquisition-rate="10" alternate-name="" calibration-group="" calibration-sensor="" customer-sensor="" data-type="float" deadband="0" description="" display-format="4.2f" display-range-maximum="100" display-range-minimum="0" domain-id="10" engineering-unit="%" export-for-steady-state="true" fixed-sensor="" fullset-stability="false" gid="2080" group="" idds-hardware-name="EMSParm_80" is-continuous-log="true" is-critical="false" is-enabled="true" logical-id="devEMS" partition="Streaming" quality-ceiling="good" rtd-reference-channel="" signal-id="" subsystem-name="IDDS" subsystem-type="iDDS" topic="ParameterDataSeries">
                    <alarm-limits/>
                </instance>
                <instance name="EMSParm_514" acquisition-rate="10" alternate-name="" calibration-group="" calibration-sensor="" customer-sensor="" data-type="float" deadband="0" description="" display-format="4.2f" display-range-maximum="100" display-range-minimum="0" domain-id="10" engineering-unit="%" export-for-steady-state="true" fixed-sensor="" fullset-stability="false" gid="2514" group="" idds-hardware-name="EMSParm_514" is-continuous-log="true" is-critical="false" is-enabled="true" logical-id="devEMS" partition="Streaming" quality-ceiling="good" rtd-reference-channel="" signal-id="" subsystem-name="IDDS" subsystem-type="iDDS" topic="ParameterDataSeries">
                    <alarm-limits/>
                </instance>
                <instance name="EMSParm_71" acquisition-rate="10" alternate-name="" calibration-group="" calibration-sensor="" customer-sensor="" data-type="float" deadband="0" description="" display-format="4.2f" display-range-maximum="100" display-range-minimum="0" domain-id="10" engineering-unit="%" export-for-steady-state="true" fixed-sensor="" fullset-stability="false" gid="2071" group="" idds-hardware-name="EMSParm_71" is-continuous-log="true" is-critical="false" is-enabled="true" logical-id="devEMS" partition="Streaming" quality-ceiling="good" rtd-reference-channel="" signal-id="" subsystem-name="IDDS" subsystem-type="iDDS" topic="ParameterDataSeries">
                    <alarm-limits/>
                </instance>
                <instance name="EMSParm_625" acquisition-rate="10" alternate-name="" calibration-group="" calibration-sensor="" customer-sensor="" data-type="float" deadband="0" description="" display-format="4.2f" display-range-maximum="100" display-range-minimum="0" domain-id="10" engineering-unit="%" export-for-steady-state="true" fixed-sensor="" fullset-stability="false" gid="2625" group="" idds-hardware-name="EMSParm_625" is-continuous-log="true" is-critical="false" is-enabled="true" logical-id="devEMS" partition="Streaming" quality-ceiling="good" rtd-reference-channel="" signal-id="" subsystem-name="IDDS" subsystem-type="iDDS" topic="ParameterDataSeries">
                    <alarm-limits/>
                </instance>
                <instance name="EMSParm_1439" acquisition-rate="10" alternate-name="" calibration-group="" calibration-sensor="" customer-sensor="" data-type="float" deadband="0" description="" display-format="4.2f" display-range-maximum="100" display-range-minimum="0" domain-id="10" engineering-unit="%" export-for-steady-state="true" fixed-sensor="" fullset-stability="false" gid="3439" group="" idds-hardware-name="EMSParm_1439" is-continuous-log="true" is-critical="false" is-enabled="true" logical-id="devEMS" partition="Streaming" quality-ceiling="good" rtd-reference-channel="" signal-id="" subsystem-name="IDDS" subsystem-type="iDDS" topic="ParameterDataSeries">
                    <alarm-limits/>
                </instance>
                <instance name="EMSParm_964" acquisition-rate="10" alternate-name="" calibration-group="" calibration-sensor="" customer-sensor="" data-type="float" deadband="0" description="" display-format="4.2f" display-range-maximum="100" display-range-minimum="0" domain-id="10" engineering-unit="%" export-for-steady-state="true" fixed-sensor="" fullset-stability="false" gid="2964" group="" idds-hardware-name="EMSParm_964" is-continuous-log="true" is-critical="false" is-enabled="true" logical-id="devEMS" partition="Streaming" quality-ceiling="good" rtd-reference-channel="" signal-id="" subsystem-name="IDDS" subsystem-type="iDDS" topic="ParameterDataSeries">
                    <alarm-limits/>
                </instance>
                <instance name="EMSParm_993" acquisition-rate="10" alternate-name="" calibration-group="" calibration-sensor="" customer-sensor="" data-type="float" deadband="0" description="" display-format="4.2f" display-range-maximum="100" display-range-minimum="0" domain-id="10" engineering-unit="%" export-for-steady-state="true" fixed-sensor="" fullset-stability="false" gid="2993" group="" idds-hardware-name="EMSParm_993" is-continuous-log="true" is-critical="false" is-enabled="true" logical-id="devEMS" partition="Streaming" quality-ceiling="good" rtd-reference-channel="" signal-id="" subsystem-name="IDDS" subsystem-type="iDDS" topic="ParameterDataSeries">
                    <alarm-limits/>
                </instance>
                <instance name="EMSParm_471" acquisition-rate="10" alternate-name="" calibration-group="" calibration-sensor="" customer-sensor="" data-type="float" deadband="0" description="" display-format="4.2f" display-range-maximum="100" display-range-minimum="0" domain-id="10" engineering-unit="%" export-for-steady-state="true" fixed-sensor="" fullset-stability="false" gid="2471" group="" idds-hardware-name="EMSParm_471" is-continuous-log="true" is-critical="false" is-enabled="true" logical-id="devEMS" partition="Streaming" quality-ceiling="good" rtd-reference-channel="" signal-id="" subsystem-name="IDDS" subsystem-type="iDDS" topic="ParameterDataSeries">
                    <alarm-limits/>
                </instance>
                <instance name="EMSParm_161" acquisition-rate="10" alternate-name="" calibration-group="" calibration-sensor="" customer-sensor="" data-type="float" deadband="0" description="" display-format="4.2f" display-range-maximum="100" display-range-minimum="0" domain-id="10" engineering-unit="%" export-for-steady-state="true" fixed-sensor="" fullset-stability="false" gid="2161" group="" idds-hardware-name="EMSParm_161" is-continuous-log="true" is-critical="false" is-enabled="true" logical-id="devEMS" partition="Streaming" quality-ceiling="good" rtd-reference-channel="" signal-id="" subsystem-name="IDDS" subsystem-type="iDDS" topic="ParameterDataSeries">
                    <alarm-limits/>
                </instance>
                <instance name="EMSParm_1011" acquisition-rate="10" alternate-name="" calibration-group="" calibration-sensor="" customer-sensor="" data-type="float" deadband="0" description="" display-format="4.2f" display-range-maximum="100" display-range-minimum="0" domain-id="10" engineering-unit="%" export-for-steady-state="true" fixed-sensor="" fullset-stability="false" gid="3011" group="" idds-hardware-name="EMSParm_1011" is-continuous-log="true" is-critical="false" is-enabled="true" logical-id="devEMS" partition="Streaming" quality-ceiling="good" rtd-reference-channel="" signal-id="" subsystem-name="IDDS" subsystem-type="iDDS" topic="ParameterDataSeries">
                    <alarm-limits/>
                </instance>
                <instance name="EMSParm_675" acquisition-rate="10" alternate-name="" calibration-group="" calibration-sensor="" customer-sensor="" data-type="float" deadband="0" description="" display-format="4.2f" display-range-maximum="100" display-range-minimum="0" domain-id="10" engineering-unit="%" export-for-steady-state="true" fixed-sensor="" fullset-stability="false" gid="2675" group="" idds-hardware-name="EMSParm_675" is-continuous-log="true" is-critical="false" is-enabled="true" logical-id="devEMS" partition="Streaming" quality-ceiling="good" rtd-reference-channel="" signal-id="" subsystem-name="IDDS" subsystem-type="iDDS" topic="ParameterDataSeries">
                    <alarm-limits/>
                </instance>
                <instance name="EMSParm_433" acquisition-rate="10" alternate-name="" calibration-group="" calibration-sensor="" customer-sensor="" data-type="float" deadband="0" description="" display-format="4.2f" display-range-maximum="100" display-range-minimum="0" domain-id="10" engineering-unit="%" export-for-steady-state="true" fixed-sensor="" fullset-stability="false" gid="2433" group="" idds-hardware-name="EMSParm_433" is-continuous-log="true" is-critical="false" is-enabled="true" logical-id="devEMS" partition="Streaming" quality-ceiling="good" rtd-reference-channel="" signal-id="" subsystem-name="IDDS" subsystem-type="iDDS" topic="ParameterDataSeries">
                    <alarm-limits/>
                </instance>
                <instance name="EMSParm_108" acquisition-rate="10" alternate-name="" calibration-group="" calibration-sensor="" customer-sensor="" data-type="float" deadband="0" description="" display-format="4.2f" display-range-maximum="100" display-range-minimum="0" domain-id="10" engineering-unit="%" export-for-steady-state="true" fixed-sensor="" fullset-stability="false" gid="2108" group="" idds-hardware-name="EMSParm_108" is-continuous-log="true" is-critical="false" is-enabled="true" logical-id="devEMS" partition="Streaming" quality-ceiling="good" rtd-reference-channel="" signal-id="" subsystem-name="IDDS" subsystem-type="iDDS" topic="ParameterDataSeries">
                    <alarm-limits/>
                </instance>
                <instance name="EMSParm_475" acquisition-rate="10" alternate-name="" calibration-group="" calibration-sensor="" customer-sensor="" data-type="float" deadband="0" description="" display-format="4.2f" display-range-maximum="100" display-range-minimum="0" domain-id="10" engineering-unit="%" export-for-steady-state="true" fixed-sensor="" fullset-stability="false" gid="2475" group="" idds-hardware-name="EMSParm_475" is-continuous-log="true" is-critical="false" is-enabled="true" logical-id="devEMS" partition="Streaming" quality-ceiling="good" rtd-reference-channel="" signal-id="" subsystem-name="IDDS" subsystem-type="iDDS" topic="ParameterDataSeries">
                    <alarm-limits/>
                </instance>
                <instance name="EMSParm_923" acquisition-rate="10" alternate-name="" calibration-group="" calibration-sensor="" customer-sensor="" data-type="float" deadband="0" description="" display-format="4.2f" display-range-maximum="100" display-range-minimum="0" domain-id="10" engineering-unit="%" export-for-steady-state="true" fixed-sensor="" fullset-stability="false" gid="2923" group="" idds-hardware-name="EMSParm_923" is-continuous-log="true" is-critical="false" is-enabled="true" logical-id="devEMS" partition="Streaming" quality-ceiling="good" rtd-reference-channel="" signal-id="" subsystem-name="IDDS" subsystem-type="iDDS" topic="ParameterDataSeries">
                    <alarm-limits/>
                </instance>
                <instance name="EMSParm_628" acquisition-rate="10" alternate-name="" calibration-group="" calibration-sensor="" customer-sensor="" data-type="float" deadband="0" description="" display-format="4.2f" display-range-maximum="100" display-range-minimum="0" domain-id="10" engineering-unit="%" export-for-steady-state="true" fixed-sensor="" fullset-stability="false" gid="2628" group="" idds-hardware-name="EMSParm_628" is-continuous-log="true" is-critical="false" is-enabled="true" logical-id="devEMS" partition="Streaming" quality-ceiling="good" rtd-reference-channel="" signal-id="" subsystem-name="IDDS" subsystem-type="iDDS" topic="ParameterDataSeries">
                    <alarm-limits/>
                </instance>
                <instance name="T000007" acquisition-rate="10" alternate-name="" calibration-group="" calibration-sensor="" customer-sensor="" data-type="float" deadband="0" description="" display-format="4.2f" display-range-maximum="100" display-range-minimum="0" domain-id="2" engineering-unit="degC" export-for-steady-state="true" fixed-sensor="" fullset-stability="false" gid="5007" group="" idds-hardware-name="SCUTRDEMO_Ch07" is-continuous-log="true" is-critical="false" is-enabled="true" logical-id="scutrsim" partition="Streaming" quality-ceiling="good" rtd-reference-channel="" signal-id="" subsystem-name="IDDS" subsystem-type="iDDS" topic="ParameterDataSeries">
                    <alarm-limits/>
                </instance>
                <instance name="EMSParm_329" acquisition-rate="10" alternate-name="" calibration-group="" calibration-sensor="" customer-sensor="" data-type="float" deadband="0" description="" display-format="4.2f" display-range-maximum="100" display-range-minimum="0" domain-id="10" engineering-unit="%" export-for-steady-state="true" fixed-sensor="" fullset-stability="false" gid="2329" group="" idds-hardware-name="EMSParm_329" is-continuous-log="true" is-critical="false" is-enabled="true" logical-id="devEMS" partition="Streaming" quality-ceiling="good" rtd-reference-channel="" signal-id="" subsystem-name="IDDS" subsystem-type="iDDS" topic="ParameterDataSeries">
                    <alarm-limits/>
                </instance>
                <instance name="EMSParm_808" acquisition-rate="10" alternate-name="" calibration-group="" calibration-sensor="" customer-sensor="" data-type="float" deadband="0" description="" display-format="4.2f" display-range-maximum="100" display-range-minimum="0" domain-id="10" engineering-unit="%" export-for-steady-state="true" fixed-sensor="" fullset-stability="false" gid="2808" group="" idds-hardware-name="EMSParm_808" is-continuous-log="true" is-critical="false" is-enabled="true" logical-id="devEMS" partition="Streaming" quality-ceiling="good" rtd-reference-channel="" signal-id="" subsystem-name="IDDS" subsystem-type="iDDS" topic="ParameterDataSeries">
                    <alarm-limits/>
                </instance>
                <instance name="EMSParm_112" acquisition-rate="10" alternate-name="" calibration-group="" calibration-sensor="" customer-sensor="" data-type="float" deadband="0" description="" display-format="4.2f" display-range-maximum="100" display-range-minimum="0" domain-id="10" engineering-unit="%" export-for-steady-state="true" fixed-sensor="" fullset-stability="false" gid="2112" group="" idds-hardware-name="EMSParm_112" is-continuous-log="true" is-critical="false" is-enabled="true" logical-id="devEMS" partition="Streaming" quality-ceiling="good" rtd-reference-channel="" signal-id="" subsystem-name="IDDS" subsystem-type="iDDS" topic="ParameterDataSeries">
                    <alarm-limits/>
                </instance>
                <instance name="EMSParm_772" acquisition-rate="10" alternate-name="" calibration-group="" calibration-sensor="" customer-sensor="" data-type="float" deadband="0" description="" display-format="4.2f" display-range-maximum="100" display-range-minimum="0" domain-id="10" engineering-unit="%" export-for-steady-state="true" fixed-sensor="" fullset-stability="false" gid="2772" group="" idds-hardware-name="EMSParm_772" is-continuous-log="true" is-critical="false" is-enabled="true" logical-id="devEMS" partition="Streaming" quality-ceiling="good" rtd-reference-channel="" signal-id="" subsystem-name="IDDS" subsystem-type="iDDS" topic="ParameterDataSeries">
                    <alarm-limits/>
                </instance>
                <instance name="EMSParm_1231" acquisition-rate="10" alternate-name="" calibration-group="" calibration-sensor="" customer-sensor="" data-type="float" deadband="0" description="" display-format="4.2f" display-range-maximum="100" display-range-minimum="0" domain-id="10" engineering-unit="%" export-for-steady-state="true" fixed-sensor="" fullset-stability="false" gid="3231" group="" idds-hardware-name="EMSParm_1231" is-continuous-log="true" is-critical="false" is-enabled="true" logical-id="devEMS" partition="Streaming" quality-ceiling="good" rtd-reference-channel="" signal-id="" subsystem-name="IDDS" subsystem-type="iDDS" topic="ParameterDataSeries">
                    <alarm-limits/>
                </instance>
                <instance name="EMSParm_1211" acquisition-rate="10" alternate-name="" calibration-group="" calibration-sensor="" customer-sensor="" data-type="float" deadband="0" description="" display-format="4.2f" display-range-maximum="100" display-range-minimum="0" domain-id="10" engineering-unit="%" export-for-steady-state="true" fixed-sensor="" fullset-stability="false" gid="3211" group="" idds-hardware-name="EMSParm_1211" is-continuous-log="true" is-critical="false" is-enabled="true" logical-id="devEMS" partition="Streaming" quality-ceiling="good" rtd-reference-channel="" signal-id="" subsystem-name="IDDS" subsystem-type="iDDS" topic="ParameterDataSeries">
                    <alarm-limits/>
                </instance>
                <instance name="EMSParm_972" acquisition-rate="10" alternate-name="" calibration-group="" calibration-sensor="" customer-sensor="" data-type="float" deadband="0" description="" display-format="4.2f" display-range-maximum="100" display-range-minimum="0" domain-id="10" engineering-unit="%" export-for-steady-state="true" fixed-sensor="" fullset-stability="false" gid="2972" group="" idds-hardware-name="EMSParm_972" is-continuous-log="true" is-critical="false" is-enabled="true" logical-id="devEMS" partition="Streaming" quality-ceiling="good" rtd-reference-channel="" signal-id="" subsystem-name="IDDS" subsystem-type="iDDS" topic="ParameterDataSeries">
                    <alarm-limits/>
                </instance>
                <instance name="EMSParm_372" acquisition-rate="10" alternate-name="" calibration-group="" calibration-sensor="" customer-sensor="" data-type="float" deadband="0" description="" display-format="4.2f" display-range-maximum="100" display-range-minimum="0" domain-id="10" engineering-unit="%" export-for-steady-state="true" fixed-sensor="" fullset-stability="false" gid="2372" group="" idds-hardware-name="EMSParm_372" is-continuous-log="true" is-critical="false" is-enabled="true" logical-id="devEMS" partition="Streaming" quality-ceiling="good" rtd-reference-channel="" signal-id="" subsystem-name="IDDS" subsystem-type="iDDS" topic="ParameterDataSeries">
                    <alarm-limits/>
                </instance>
                <instance name="EMSParm_1424" acquisition-rate="10" alternate-name="" calibration-group="" calibration-sensor="" customer-sensor="" data-type="float" deadband="0" description="" display-format="4.2f" display-range-maximum="100" display-range-minimum="0" domain-id="10" engineering-unit="%" export-for-steady-state="true" fixed-sensor="" fullset-stability="false" gid="3424" group="" idds-hardware-name="EMSParm_1424" is-continuous-log="true" is-critical="false" is-enabled="true" logical-id="devEMS" partition="Streaming" quality-ceiling="good" rtd-reference-channel="" signal-id="" subsystem-name="IDDS" subsystem-type="iDDS" topic="ParameterDataSeries">
                    <alarm-limits/>
                </instance>
                <instance name="EMSParm_1160" acquisition-rate="10" alternate-name="" calibration-group="" calibration-sensor="" customer-sensor="" data-type="float" deadband="0" description="" display-format="4.2f" display-range-maximum="100" display-range-minimum="0" domain-id="10" engineering-unit="%" export-for-steady-state="true" fixed-sensor="" fullset-stability="false" gid="3160" group="" idds-hardware-name="EMSParm_1160" is-continuous-log="true" is-critical="false" is-enabled="true" logical-id="devEMS" partition="Streaming" quality-ceiling="good" rtd-reference-channel="" signal-id="" subsystem-name="IDDS" subsystem-type="iDDS" topic="ParameterDataSeries">
                    <alarm-limits/>
                </instance>
                <instance name="EMSParm_341" acquisition-rate="10" alternate-name="" calibration-group="" calibration-sensor="" customer-sensor="" data-type="float" deadband="0" description="" display-format="4.2f" display-range-maximum="100" display-range-minimum="0" domain-id="10" engineering-unit="%" export-for-steady-state="true" fixed-sensor="" fullset-stability="false" gid="2341" group="" idds-hardware-name="EMSParm_341" is-continuous-log="true" is-critical="false" is-enabled="true" logical-id="devEMS" partition="Streaming" quality-ceiling="good" rtd-reference-channel="" signal-id="" subsystem-name="IDDS" subsystem-type="iDDS" topic="ParameterDataSeries">
                    <alarm-limits/>
                </instance>
                <instance name="EMSParm_928" acquisition-rate="10" alternate-name="" calibration-group="" calibration-sensor="" customer-sensor="" data-type="float" deadband="0" description="" display-format="4.2f" display-range-maximum="100" display-range-minimum="0" domain-id="10" engineering-unit="%" export-for-steady-state="true" fixed-sensor="" fullset-stability="false" gid="2928" group="" idds-hardware-name="EMSParm_928" is-continuous-log="true" is-critical="false" is-enabled="true" logical-id="devEMS" partition="Streaming" quality-ceiling="good" rtd-reference-channel="" signal-id="" subsystem-name="IDDS" subsystem-type="iDDS" topic="ParameterDataSeries">
                    <alarm-limits/>
                </instance>
                <instance name="EMSParm_106" acquisition-rate="10" alternate-name="" calibration-group="" calibration-sensor="" customer-sensor="" data-type="float" deadband="0" description="" display-format="4.2f" display-range-maximum="100" display-range-minimum="0" domain-id="10" engineering-unit="%" export-for-steady-state="true" fixed-sensor="" fullset-stability="false" gid="2106" group="" idds-hardware-name="EMSParm_106" is-continuous-log="true" is-critical="false" is-enabled="true" logical-id="devEMS" partition="Streaming" quality-ceiling="good" rtd-reference-channel="" signal-id="" subsystem-name="IDDS" subsystem-type="iDDS" topic="ParameterDataSeries">
                    <alarm-limits/>
                </instance>
                <instance name="EMSParm_619" acquisition-rate="10" alternate-name="" calibration-group="" calibration-sensor="" customer-sensor="" data-type="float" deadband="0" description="" display-format="4.2f" display-range-maximum="100" display-range-minimum="0" domain-id="10" engineering-unit="%" export-for-steady-state="true" fixed-sensor="" fullset-stability="false" gid="2619" group="" idds-hardware-name="EMSParm_619" is-continuous-log="true" is-critical="false" is-enabled="true" logical-id="devEMS" partition="Streaming" quality-ceiling="good" rtd-reference-channel="" signal-id="" subsystem-name="IDDS" subsystem-type="iDDS" topic="ParameterDataSeries">
                    <alarm-limits/>
                </instance>
                <instance name="EMSParm_261" acquisition-rate="10" alternate-name="" calibration-group="" calibration-sensor="" customer-sensor="" data-type="float" deadband="0" description="" display-format="4.2f" display-range-maximum="100" display-range-minimum="0" domain-id="10" engineering-unit="%" export-for-steady-state="true" fixed-sensor="" fullset-stability="false" gid="2261" group="" idds-hardware-name="EMSParm_261" is-continuous-log="true" is-critical="false" is-enabled="true" logical-id="devEMS" partition="Streaming" quality-ceiling="good" rtd-reference-channel="" signal-id="" subsystem-name="IDDS" subsystem-type="iDDS" topic="ParameterDataSeries">
                    <alarm-limits/>
                </instance>
                <instance name="EMSParm_631" acquisition-rate="10" alternate-name="" calibration-group="" calibration-sensor="" customer-sensor="" data-type="float" deadband="0" description="" display-format="4.2f" display-range-maximum="100" display-range-minimum="0" domain-id="10" engineering-unit="%" export-for-steady-state="true" fixed-sensor="" fullset-stability="false" gid="2631" group="" idds-hardware-name="EMSParm_631" is-continuous-log="true" is-critical="false" is-enabled="true" logical-id="devEMS" partition="Streaming" quality-ceiling="good" rtd-reference-channel="" signal-id="" subsystem-name="IDDS" subsystem-type="iDDS" topic="ParameterDataSeries">
                    <alarm-limits/>
                </instance>
                <instance name="EMSParm_701" acquisition-rate="10" alternate-name="" calibration-group="" calibration-sensor="" customer-sensor="" data-type="float" deadband="0" description="" display-format="4.2f" display-range-maximum="100" display-range-minimum="0" domain-id="10" engineering-unit="%" export-for-steady-state="true" fixed-sensor="" fullset-stability="false" gid="2701" group="" idds-hardware-name="EMSParm_701" is-continuous-log="true" is-critical="false" is-enabled="true" logical-id="devEMS" partition="Streaming" quality-ceiling="good" rtd-reference-channel="" signal-id="" subsystem-name="IDDS" subsystem-type="iDDS" topic="ParameterDataSeries">
                    <alarm-limits/>
                </instance>
                <instance name="EMSParm_591" acquisition-rate="10" alternate-name="" calibration-group="" calibration-sensor="" customer-sensor="" data-type="float" deadband="0" description="" display-format="4.2f" display-range-maximum="100" display-range-minimum="0" domain-id="10" engineering-unit="%" export-for-steady-state="true" fixed-sensor="" fullset-stability="false" gid="2591" group="" idds-hardware-name="EMSParm_591" is-continuous-log="true" is-critical="false" is-enabled="true" logical-id="devEMS" partition="Streaming" quality-ceiling="good" rtd-reference-channel="" signal-id="" subsystem-name="IDDS" subsystem-type="iDDS" topic="ParameterDataSeries">
                    <alarm-limits/>
                </instance>
                <instance name="EMSParm_775" acquisition-rate="10" alternate-name="" calibration-group="" calibration-sensor="" customer-sensor="" data-type="float" deadband="0" description="" display-format="4.2f" display-range-maximum="100" display-range-minimum="0" domain-id="10" engineering-unit="%" export-for-steady-state="true" fixed-sensor="" fullset-stability="false" gid="2775" group="" idds-hardware-name="EMSParm_775" is-continuous-log="true" is-critical="false" is-enabled="true" logical-id="devEMS" partition="Streaming" quality-ceiling="good" rtd-reference-channel="" signal-id="" subsystem-name="IDDS" subsystem-type="iDDS" topic="ParameterDataSeries">
                    <alarm-limits/>
                </instance>
                <instance name="EMSParm_120" acquisition-rate="10" alternate-name="" calibration-group="" calibration-sensor="" customer-sensor="" data-type="float" deadband="0" description="" display-format="4.2f" display-range-maximum="100" display-range-minimum="0" domain-id="10" engineering-unit="%" export-for-steady-state="true" fixed-sensor="" fullset-stability="false" gid="2120" group="" idds-hardware-name="EMSParm_120" is-continuous-log="true" is-critical="false" is-enabled="true" logical-id="devEMS" partition="Streaming" quality-ceiling="good" rtd-reference-channel="" signal-id="" subsystem-name="IDDS" subsystem-type="iDDS" topic="ParameterDataSeries">
                    <alarm-limits/>
                </instance>
                <instance name="EMSParm_1593" acquisition-rate="10" alternate-name="" calibration-group="" calibration-sensor="" customer-sensor="" data-type="float" deadband="0" description="" display-format="4.2f" display-range-maximum="100" display-range-minimum="0" domain-id="10" engineering-unit="%" export-for-steady-state="true" fixed-sensor="" fullset-stability="false" gid="3593" group="" idds-hardware-name="EMSParm_1593" is-continuous-log="true" is-critical="false" is-enabled="true" logical-id="devEMS" partition="Streaming" quality-ceiling="good" rtd-reference-channel="" signal-id="" subsystem-name="IDDS" subsystem-type="iDDS" topic="ParameterDataSeries">
                    <alarm-limits/>
                </instance>
                <instance name="EMSParm_1109" acquisition-rate="10" alternate-name="" calibration-group="" calibration-sensor="" customer-sensor="" data-type="float" deadband="0" description="" display-format="4.2f" display-range-maximum="100" display-range-minimum="0" domain-id="10" engineering-unit="%" export-for-steady-state="true" fixed-sensor="" fullset-stability="false" gid="3109" group="" idds-hardware-name="EMSParm_1109" is-continuous-log="true" is-critical="false" is-enabled="true" logical-id="devEMS" partition="Streaming" quality-ceiling="good" rtd-reference-channel="" signal-id="" subsystem-name="IDDS" subsystem-type="iDDS" topic="ParameterDataSeries">
                    <alarm-limits/>
                </instance>
                <instance name="EMSParm_1321" acquisition-rate="10" alternate-name="" calibration-group="" calibration-sensor="" customer-sensor="" data-type="float" deadband="0" description="" display-format="4.2f" display-range-maximum="100" display-range-minimum="0" domain-id="10" engineering-unit="%" export-for-steady-state="true" fixed-sensor="" fullset-stability="false" gid="3321" group="" idds-hardware-name="EMSParm_1321" is-continuous-log="true" is-critical="false" is-enabled="true" logical-id="devEMS" partition="Streaming" quality-ceiling="good" rtd-reference-channel="" signal-id="" subsystem-name="IDDS" subsystem-type="iDDS" topic="ParameterDataSeries">
                    <alarm-limits/>
                </instance>
                <instance name="EMSParm_1248" acquisition-rate="10" alternate-name="" calibration-group="" calibration-sensor="" customer-sensor="" data-type="float" deadband="0" description="" display-format="4.2f" display-range-maximum="100" display-range-minimum="0" domain-id="10" engineering-unit="%" export-for-steady-state="true" fixed-sensor="" fullset-stability="false" gid="3248" group="" idds-hardware-name="EMSParm_1248" is-continuous-log="true" is-critical="false" is-enabled="true" logical-id="devEMS" partition="Streaming" quality-ceiling="good" rtd-reference-channel="" signal-id="" subsystem-name="IDDS" subsystem-type="iDDS" topic="ParameterDataSeries">
                    <alarm-limits/>
                </instance>
                <instance name="EMSParm_908" acquisition-rate="10" alternate-name="" calibration-group="" calibration-sensor="" customer-sensor="" data-type="float" deadband="0" description="" display-format="4.2f" display-range-maximum="100" display-range-minimum="0" domain-id="10" engineering-unit="%" export-for-steady-state="true" fixed-sensor="" fullset-stability="false" gid="2908" group="" idds-hardware-name="EMSParm_908" is-continuous-log="true" is-critical="false" is-enabled="true" logical-id="devEMS" partition="Streaming" quality-ceiling="good" rtd-reference-channel="" signal-id="" subsystem-name="IDDS" subsystem-type="iDDS" topic="ParameterDataSeries">
                    <alarm-limits/>
                </instance>
                <instance name="EMSParm_1234" acquisition-rate="10" alternate-name="" calibration-group="" calibration-sensor="" customer-sensor="" data-type="float" deadband="0" description="" display-format="4.2f" display-range-maximum="100" display-range-minimum="0" domain-id="10" engineering-unit="%" export-for-steady-state="true" fixed-sensor="" fullset-stability="false" gid="3234" group="" idds-hardware-name="EMSParm_1234" is-continuous-log="true" is-critical="false" is-enabled="true" logical-id="devEMS" partition="Streaming" quality-ceiling="good" rtd-reference-channel="" signal-id="" subsystem-name="IDDS" subsystem-type="iDDS" topic="ParameterDataSeries">
                    <alarm-limits/>
                </instance>
                <instance name="EMSParm_192" acquisition-rate="10" alternate-name="" calibration-group="" calibration-sensor="" customer-sensor="" data-type="float" deadband="0" description="" display-format="4.2f" display-range-maximum="100" display-range-minimum="0" domain-id="10" engineering-unit="%" export-for-steady-state="true" fixed-sensor="" fullset-stability="false" gid="2192" group="" idds-hardware-name="EMSParm_192" is-continuous-log="true" is-critical="false" is-enabled="true" logical-id="devEMS" partition="Streaming" quality-ceiling="good" rtd-reference-channel="" signal-id="" subsystem-name="IDDS" subsystem-type="iDDS" topic="ParameterDataSeries">
                    <alarm-limits/>
                </instance>
                <instance name="EMSParm_1163" acquisition-rate="10" alternate-name="" calibration-group="" calibration-sensor="" customer-sensor="" data-type="float" deadband="0" description="" display-format="4.2f" display-range-maximum="100" display-range-minimum="0" domain-id="10" engineering-unit="%" export-for-steady-state="true" fixed-sensor="" fullset-stability="false" gid="3163" group="" idds-hardware-name="EMSParm_1163" is-continuous-log="true" is-critical="false" is-enabled="true" logical-id="devEMS" partition="Streaming" quality-ceiling="good" rtd-reference-channel="" signal-id="" subsystem-name="IDDS" subsystem-type="iDDS" topic="ParameterDataSeries">
                    <alarm-limits/>
                </instance>
                <instance name="EMSParm_608" acquisition-rate="10" alternate-name="" calibration-group="" calibration-sensor="" customer-sensor="" data-type="float" deadband="0" description="" display-format="4.2f" display-range-maximum="100" display-range-minimum="0" domain-id="10" engineering-unit="%" export-for-steady-state="true" fixed-sensor="" fullset-stability="false" gid="2608" group="" idds-hardware-name="EMSParm_608" is-continuous-log="true" is-critical="false" is-enabled="true" logical-id="devEMS" partition="Streaming" quality-ceiling="good" rtd-reference-channel="" signal-id="" subsystem-name="IDDS" subsystem-type="iDDS" topic="ParameterDataSeries">
                    <alarm-limits/>
                </instance>
                <instance name="EMSParm_1412" acquisition-rate="10" alternate-name="" calibration-group="" calibration-sensor="" customer-sensor="" data-type="float" deadband="0" description="" display-format="4.2f" display-range-maximum="100" display-range-minimum="0" domain-id="10" engineering-unit="%" export-for-steady-state="true" fixed-sensor="" fullset-stability="false" gid="3412" group="" idds-hardware-name="EMSParm_1412" is-continuous-log="true" is-critical="false" is-enabled="true" logical-id="devEMS" partition="Streaming" quality-ceiling="good" rtd-reference-channel="" signal-id="" subsystem-name="IDDS" subsystem-type="iDDS" topic="ParameterDataSeries">
                    <alarm-limits/>
                </instance>
                <instance name="EMSParm_296" acquisition-rate="10" alternate-name="" calibration-group="" calibration-sensor="" customer-sensor="" data-type="float" deadband="0" description="" display-format="4.2f" display-range-maximum="100" display-range-minimum="0" domain-id="10" engineering-unit="%" export-for-steady-state="true" fixed-sensor="" fullset-stability="false" gid="2296" group="" idds-hardware-name="EMSParm_296" is-continuous-log="true" is-critical="false" is-enabled="true" logical-id="devEMS" partition="Streaming" quality-ceiling="good" rtd-reference-channel="" signal-id="" subsystem-name="IDDS" subsystem-type="iDDS" topic="ParameterDataSeries">
                    <alarm-limits/>
                </instance>
                <instance name="YB1_Ch21" acquisition-rate="1" alternate-name="" calibration-group="" calibration-sensor="" customer-sensor="" data-type="float" deadband="0" description="" display-format="4.2f" display-range-maximum="100" display-range-minimum="0" domain-id="3" engineering-unit="-" export-for-steady-state="true" fixed-sensor="" fullset-stability="false" gid="9021" group="" idds-hardware-name="CH21" is-continuous-log="true" is-critical="false" is-enabled="true" logical-id="rx3036-1" partition="Streaming" quality-ceiling="good" rtd-reference-channel="" signal-id="" subsystem-name="IDDS" subsystem-type="iDDS" topic="ParameterDataSeries">
                    <alarm-limits/>
                </instance>
                <instance name="EMSParm_1124" acquisition-rate="10" alternate-name="" calibration-group="" calibration-sensor="" customer-sensor="" data-type="float" deadband="0" description="" display-format="4.2f" display-range-maximum="100" display-range-minimum="0" domain-id="10" engineering-unit="%" export-for-steady-state="true" fixed-sensor="" fullset-stability="false" gid="3124" group="" idds-hardware-name="EMSParm_1124" is-continuous-log="true" is-critical="false" is-enabled="true" logical-id="devEMS" partition="Streaming" quality-ceiling="good" rtd-reference-channel="" signal-id="" subsystem-name="IDDS" subsystem-type="iDDS" topic="ParameterDataSeries">
                    <alarm-limits/>
                </instance>
                <instance name="EMSParm_1194" acquisition-rate="10" alternate-name="" calibration-group="" calibration-sensor="" customer-sensor="" data-type="float" deadband="0" description="" display-format="4.2f" display-range-maximum="100" display-range-minimum="0" domain-id="10" engineering-unit="%" export-for-steady-state="true" fixed-sensor="" fullset-stability="false" gid="3194" group="" idds-hardware-name="EMSParm_1194" is-continuous-log="true" is-critical="false" is-enabled="true" logical-id="devEMS" partition="Streaming" quality-ceiling="good" rtd-reference-channel="" signal-id="" subsystem-name="IDDS" subsystem-type="iDDS" topic="ParameterDataSeries">
                    <alarm-limits/>
                </instance>
                <instance name="EMSParm_63" acquisition-rate="10" alternate-name="" calibration-group="" calibration-sensor="" customer-sensor="" data-type="float" deadband="0" description="" display-format="4.2f" display-range-maximum="100" display-range-minimum="0" domain-id="10" engineering-unit="%" export-for-steady-state="true" fixed-sensor="" fullset-stability="false" gid="2063" group="" idds-hardware-name="EMSParm_63" is-continuous-log="true" is-critical="false" is-enabled="true" logical-id="devEMS" partition="Streaming" quality-ceiling="good" rtd-reference-channel="" signal-id="" subsystem-name="IDDS" subsystem-type="iDDS" topic="ParameterDataSeries">
                    <alarm-limits/>
                </instance>
                <instance name="EMSParm_914" acquisition-rate="10" alternate-name="" calibration-group="" calibration-sensor="" customer-sensor="" data-type="float" deadband="0" description="" display-format="4.2f" display-range-maximum="100" display-range-minimum="0" domain-id="10" engineering-unit="%" export-for-steady-state="true" fixed-sensor="" fullset-stability="false" gid="2914" group="" idds-hardware-name="EMSParm_914" is-continuous-log="true" is-critical="false" is-enabled="true" logical-id="devEMS" partition="Streaming" quality-ceiling="good" rtd-reference-channel="" signal-id="" subsystem-name="IDDS" subsystem-type="iDDS" topic="ParameterDataSeries">
                    <alarm-limits/>
                </instance>
                <instance name="EMSParm_1037" acquisition-rate="10" alternate-name="" calibration-group="" calibration-sensor="" customer-sensor="" data-type="float" deadband="0" description="" display-format="4.2f" display-range-maximum="100" display-range-minimum="0" domain-id="10" engineering-unit="%" export-for-steady-state="true" fixed-sensor="" fullset-stability="false" gid="3037" group="" idds-hardware-name="EMSParm_1037" is-continuous-log="true" is-critical="false" is-enabled="true" logical-id="devEMS" partition="Streaming" quality-ceiling="good" rtd-reference-channel="" signal-id="" subsystem-name="IDDS" subsystem-type="iDDS" topic="ParameterDataSeries">
                    <alarm-limits/>
                </instance>
                <instance name="PurgeDelayCh" acquisition-rate="0" alternate-name="" calculated-equation="10" calculated-persistency="volatile" calibration-group="" calibration-sensor="" customer-sensor="" data-type="float" deadband="0" description="" display-format="4.2f" display-range-maximum="100" display-range-minimum="0" domain-id="2" engineering-unit="-" export-for-steady-state="true" fixed-sensor="" fullset-stability="false" gid="-1" group="" idds-hardware-name="" is-continuous-log="true" is-critical="false" is-enabled="true" is-output="false" logical-id="" partition="" quality-ceiling="good" rtd-reference-channel="" signal-id="" subsystem-name="calculated" subsystem-type="calculated" topic="">
                    <alarm-limits/>
                </instance>
                <instance name="EMSParm_130" acquisition-rate="10" alternate-name="" calibration-group="" calibration-sensor="" customer-sensor="" data-type="float" deadband="0" description="" display-format="4.2f" display-range-maximum="100" display-range-minimum="0" domain-id="10" engineering-unit="%" export-for-steady-state="true" fixed-sensor="" fullset-stability="false" gid="2130" group="" idds-hardware-name="EMSParm_130" is-continuous-log="true" is-critical="false" is-enabled="true" logical-id="devEMS" partition="Streaming" quality-ceiling="good" rtd-reference-channel="" signal-id="" subsystem-name="IDDS" subsystem-type="iDDS" topic="ParameterDataSeries">
                    <alarm-limits/>
                </instance>
                <instance name="EMSParm_333" acquisition-rate="10" alternate-name="" calibration-group="" calibration-sensor="" customer-sensor="" data-type="float" deadband="0" description="" display-format="4.2f" display-range-maximum="100" display-range-minimum="0" domain-id="10" engineering-unit="%" export-for-steady-state="true" fixed-sensor="" fullset-stability="false" gid="2333" group="" idds-hardware-name="EMSParm_333" is-continuous-log="true" is-critical="false" is-enabled="true" logical-id="devEMS" partition="Streaming" quality-ceiling="good" rtd-reference-channel="" signal-id="" subsystem-name="IDDS" subsystem-type="iDDS" topic="ParameterDataSeries">
                    <alarm-limits/>
                </instance>
                <instance name="EMSParm_553" acquisition-rate="10" alternate-name="" calibration-group="" calibration-sensor="" customer-sensor="" data-type="float" deadband="0" description="" display-format="4.2f" display-range-maximum="100" display-range-minimum="0" domain-id="10" engineering-unit="%" export-for-steady-state="true" fixed-sensor="" fullset-stability="false" gid="2553" group="" idds-hardware-name="EMSParm_553" is-continuous-log="true" is-critical="false" is-enabled="true" logical-id="devEMS" partition="Streaming" quality-ceiling="good" rtd-reference-channel="" signal-id="" subsystem-name="IDDS" subsystem-type="iDDS" topic="ParameterDataSeries">
                    <alarm-limits/>
                </instance>
                <instance name="EMSParm_740" acquisition-rate="10" alternate-name="" calibration-group="" calibration-sensor="" customer-sensor="" data-type="float" deadband="0" description="" display-format="4.2f" display-range-maximum="100" display-range-minimum="0" domain-id="10" engineering-unit="%" export-for-steady-state="true" fixed-sensor="" fullset-stability="false" gid="2740" group="" idds-hardware-name="EMSParm_740" is-continuous-log="true" is-critical="false" is-enabled="true" logical-id="devEMS" partition="Streaming" quality-ceiling="good" rtd-reference-channel="" signal-id="" subsystem-name="IDDS" subsystem-type="iDDS" topic="ParameterDataSeries">
                    <alarm-limits/>
                </instance>
                <instance name="EMSParm_315" acquisition-rate="10" alternate-name="" calibration-group="" calibration-sensor="" customer-sensor="" data-type="float" deadband="0" description="" display-format="4.2f" display-range-maximum="100" display-range-minimum="0" domain-id="10" engineering-unit="%" export-for-steady-state="true" fixed-sensor="" fullset-stability="false" gid="2315" group="" idds-hardware-name="EMSParm_315" is-continuous-log="true" is-critical="false" is-enabled="true" logical-id="devEMS" partition="Streaming" quality-ceiling="good" rtd-reference-channel="" signal-id="" subsystem-name="IDDS" subsystem-type="iDDS" topic="ParameterDataSeries">
                    <alarm-limits/>
                </instance>
                <instance name="EMSParm_264" acquisition-rate="10" alternate-name="" calibration-group="" calibration-sensor="" customer-sensor="" data-type="float" deadband="0" description="" display-format="4.2f" display-range-maximum="100" display-range-minimum="0" domain-id="10" engineering-unit="%" export-for-steady-state="true" fixed-sensor="" fullset-stability="false" gid="2264" group="" idds-hardware-name="EMSParm_264" is-continuous-log="true" is-critical="false" is-enabled="true" logical-id="devEMS" partition="Streaming" quality-ceiling="good" rtd-reference-channel="" signal-id="" subsystem-name="IDDS" subsystem-type="iDDS" topic="ParameterDataSeries">
                    <alarm-limits/>
                </instance>
                <instance name="EMSParm_1292" acquisition-rate="10" alternate-name="" calibration-group="" calibration-sensor="" customer-sensor="" data-type="float" deadband="0" description="" display-format="4.2f" display-range-maximum="100" display-range-minimum="0" domain-id="10" engineering-unit="%" export-for-steady-state="true" fixed-sensor="" fullset-stability="false" gid="3292" group="" idds-hardware-name="EMSParm_1292" is-continuous-log="true" is-critical="false" is-enabled="true" logical-id="devEMS" partition="Streaming" quality-ceiling="good" rtd-reference-channel="" signal-id="" subsystem-name="IDDS" subsystem-type="iDDS" topic="ParameterDataSeries">
                    <alarm-limits/>
                </instance>
                <instance name="EMSParm_1356" acquisition-rate="10" alternate-name="" calibration-group="" calibration-sensor="" customer-sensor="" data-type="float" deadband="0" description="" display-format="4.2f" display-range-maximum="100" display-range-minimum="0" domain-id="10" engineering-unit="%" export-for-steady-state="true" fixed-sensor="" fullset-stability="false" gid="3356" group="" idds-hardware-name="EMSParm_1356" is-continuous-log="true" is-critical="false" is-enabled="true" logical-id="devEMS" partition="Streaming" quality-ceiling="good" rtd-reference-channel="" signal-id="" subsystem-name="IDDS" subsystem-type="iDDS" topic="ParameterDataSeries">
                    <alarm-limits/>
                </instance>
                <instance name="EMSParm_1230" acquisition-rate="10" alternate-name="" calibration-group="" calibration-sensor="" customer-sensor="" data-type="float" deadband="0" description="" display-format="4.2f" display-range-maximum="100" display-range-minimum="0" domain-id="10" engineering-unit="%" export-for-steady-state="true" fixed-sensor="" fullset-stability="false" gid="3230" group="" idds-hardware-name="EMSParm_1230" is-continuous-log="true" is-critical="false" is-enabled="true" logical-id="devEMS" partition="Streaming" quality-ceiling="good" rtd-reference-channel="" signal-id="" subsystem-name="IDDS" subsystem-type="iDDS" topic="ParameterDataSeries">
                    <alarm-limits/>
                </instance>
                <instance name="EMSParm_10" acquisition-rate="10" alternate-name="" calibration-group="" calibration-sensor="" customer-sensor="" data-type="float" deadband="0" description="" display-format="4.2f" display-range-maximum="100" display-range-minimum="0" domain-id="10" engineering-unit="%" export-for-steady-state="true" fixed-sensor="" fullset-stability="false" gid="2010" group="" idds-hardware-name="EMSParm_10" is-continuous-log="true" is-critical="false" is-enabled="true" logical-id="devEMS" partition="Streaming" quality-ceiling="good" rtd-reference-channel="" signal-id="" subsystem-name="IDDS" subsystem-type="iDDS" topic="ParameterDataSeries">
                    <alarm-limits/>
                </instance>
                <instance name="EMSParm_258" acquisition-rate="10" alternate-name="" calibration-group="" calibration-sensor="" customer-sensor="" data-type="float" deadband="0" description="" display-format="4.2f" display-range-maximum="100" display-range-minimum="0" domain-id="10" engineering-unit="%" export-for-steady-state="true" fixed-sensor="" fullset-stability="false" gid="2258" group="" idds-hardware-name="EMSParm_258" is-continuous-log="true" is-critical="false" is-enabled="true" logical-id="devEMS" partition="Streaming" quality-ceiling="good" rtd-reference-channel="" signal-id="" subsystem-name="IDDS" subsystem-type="iDDS" topic="ParameterDataSeries">
                    <alarm-limits/>
                </instance>
                <instance name="EMSParm_1504" acquisition-rate="10" alternate-name="" calibration-group="" calibration-sensor="" customer-sensor="" data-type="float" deadband="0" description="" display-format="4.2f" display-range-maximum="100" display-range-minimum="0" domain-id="10" engineering-unit="%" export-for-steady-state="true" fixed-sensor="" fullset-stability="false" gid="3504" group="" idds-hardware-name="EMSParm_1504" is-continuous-log="true" is-critical="false" is-enabled="true" logical-id="devEMS" partition="Streaming" quality-ceiling="good" rtd-reference-channel="" signal-id="" subsystem-name="IDDS" subsystem-type="iDDS" topic="ParameterDataSeries">
                    <alarm-limits/>
                </instance>
                <instance name="EMSParm_1426" acquisition-rate="10" alternate-name="" calibration-group="" calibration-sensor="" customer-sensor="" data-type="float" deadband="0" description="" display-format="4.2f" display-range-maximum="100" display-range-minimum="0" domain-id="10" engineering-unit="%" export-for-steady-state="true" fixed-sensor="" fullset-stability="false" gid="3426" group="" idds-hardware-name="EMSParm_1426" is-continuous-log="true" is-critical="false" is-enabled="true" logical-id="devEMS" partition="Streaming" quality-ceiling="good" rtd-reference-channel="" signal-id="" subsystem-name="IDDS" subsystem-type="iDDS" topic="ParameterDataSeries">
                    <alarm-limits/>
                </instance>
                <instance name="EMSParm_127" acquisition-rate="10" alternate-name="" calibration-group="" calibration-sensor="" customer-sensor="" data-type="float" deadband="0" description="" display-format="4.2f" display-range-maximum="100" display-range-minimum="0" domain-id="10" engineering-unit="%" export-for-steady-state="true" fixed-sensor="" fullset-stability="false" gid="2127" group="" idds-hardware-name="EMSParm_127" is-continuous-log="true" is-critical="false" is-enabled="true" logical-id="devEMS" partition="Streaming" quality-ceiling="good" rtd-reference-channel="" signal-id="" subsystem-name="IDDS" subsystem-type="iDDS" topic="ParameterDataSeries">
                    <alarm-limits/>
                </instance>
                <instance name="EMSParm_22" acquisition-rate="10" alternate-name="" calibration-group="" calibration-sensor="" customer-sensor="" data-type="float" deadband="0" description="" display-format="4.2f" display-range-maximum="100" display-range-minimum="0" domain-id="10" engineering-unit="%" export-for-steady-state="true" fixed-sensor="" fullset-stability="false" gid="2022" group="" idds-hardware-name="EMSParm_22" is-continuous-log="true" is-critical="false" is-enabled="true" logical-id="devEMS" partition="Streaming" quality-ceiling="good" rtd-reference-channel="" signal-id="" subsystem-name="IDDS" subsystem-type="iDDS" topic="ParameterDataSeries">
                    <alarm-limits/>
                </instance>
                <instance name="EMSParm_169" acquisition-rate="10" alternate-name="" calibration-group="" calibration-sensor="" customer-sensor="" data-type="float" deadband="0" description="" display-format="4.2f" display-range-maximum="100" display-range-minimum="0" domain-id="10" engineering-unit="%" export-for-steady-state="true" fixed-sensor="" fullset-stability="false" gid="2169" group="" idds-hardware-name="EMSParm_169" is-continuous-log="true" is-critical="false" is-enabled="true" logical-id="devEMS" partition="Streaming" quality-ceiling="good" rtd-reference-channel="" signal-id="" subsystem-name="IDDS" subsystem-type="iDDS" topic="ParameterDataSeries">
                    <alarm-limits/>
                </instance>
                <instance name="T000026" acquisition-rate="10" alternate-name="" calibration-group="" calibration-sensor="" customer-sensor="" data-type="float" deadband="0" description="" display-format="4.2f" display-range-maximum="100" display-range-minimum="0" domain-id="2" engineering-unit="degC" export-for-steady-state="true" fixed-sensor="" fullset-stability="false" gid="5026" group="" idds-hardware-name="SCUTRDEMO_Ch26" is-continuous-log="true" is-critical="false" is-enabled="true" logical-id="scutrsim" partition="Streaming" quality-ceiling="good" rtd-reference-channel="" signal-id="" subsystem-name="IDDS" subsystem-type="iDDS" topic="ParameterDataSeries">
                    <alarm-limits/>
                </instance>
                <instance name="EMSParm_164" acquisition-rate="10" alternate-name="" calibration-group="" calibration-sensor="" customer-sensor="" data-type="float" deadband="0" description="" display-format="4.2f" display-range-maximum="100" display-range-minimum="0" domain-id="10" engineering-unit="%" export-for-steady-state="true" fixed-sensor="" fullset-stability="false" gid="2164" group="" idds-hardware-name="EMSParm_164" is-continuous-log="true" is-critical="false" is-enabled="true" logical-id="devEMS" partition="Streaming" quality-ceiling="good" rtd-reference-channel="" signal-id="" subsystem-name="IDDS" subsystem-type="iDDS" topic="ParameterDataSeries">
                    <alarm-limits/>
                </instance>
                <instance name="EMSParm_678" acquisition-rate="10" alternate-name="" calibration-group="" calibration-sensor="" customer-sensor="" data-type="float" deadband="0" description="" display-format="4.2f" display-range-maximum="100" display-range-minimum="0" domain-id="10" engineering-unit="%" export-for-steady-state="true" fixed-sensor="" fullset-stability="false" gid="2678" group="" idds-hardware-name="EMSParm_678" is-continuous-log="true" is-critical="false" is-enabled="true" logical-id="devEMS" partition="Streaming" quality-ceiling="good" rtd-reference-channel="" signal-id="" subsystem-name="IDDS" subsystem-type="iDDS" topic="ParameterDataSeries">
                    <alarm-limits/>
                </instance>
                <instance name="EMSParm_1526" acquisition-rate="10" alternate-name="" calibration-group="" calibration-sensor="" customer-sensor="" data-type="float" deadband="0" description="" display-format="4.2f" display-range-maximum="100" display-range-minimum="0" domain-id="10" engineering-unit="%" export-for-steady-state="true" fixed-sensor="" fullset-stability="false" gid="3526" group="" idds-hardware-name="EMSParm_1526" is-continuous-log="true" is-critical="false" is-enabled="true" logical-id="devEMS" partition="Streaming" quality-ceiling="good" rtd-reference-channel="" signal-id="" subsystem-name="IDDS" subsystem-type="iDDS" topic="ParameterDataSeries">
                    <alarm-limits/>
                </instance>
                <instance name="EMSParm_394" acquisition-rate="10" alternate-name="" calibration-group="" calibration-sensor="" customer-sensor="" data-type="float" deadband="0" description="" display-format="4.2f" display-range-maximum="100" display-range-minimum="0" domain-id="10" engineering-unit="%" export-for-steady-state="true" fixed-sensor="" fullset-stability="false" gid="2394" group="" idds-hardware-name="EMSParm_394" is-continuous-log="true" is-critical="false" is-enabled="true" logical-id="devEMS" partition="Streaming" quality-ceiling="good" rtd-reference-channel="" signal-id="" subsystem-name="IDDS" subsystem-type="iDDS" topic="ParameterDataSeries">
                    <alarm-limits/>
                </instance>
                <instance name="EMSParm_1326" acquisition-rate="10" alternate-name="" calibration-group="" calibration-sensor="" customer-sensor="" data-type="float" deadband="0" description="" display-format="4.2f" display-range-maximum="100" display-range-minimum="0" domain-id="10" engineering-unit="%" export-for-steady-state="true" fixed-sensor="" fullset-stability="false" gid="3326" group="" idds-hardware-name="EMSParm_1326" is-continuous-log="true" is-critical="false" is-enabled="true" logical-id="devEMS" partition="Streaming" quality-ceiling="good" rtd-reference-channel="" signal-id="" subsystem-name="IDDS" subsystem-type="iDDS" topic="ParameterDataSeries">
                    <alarm-limits/>
                </instance>
                <instance name="EMSParm_86" acquisition-rate="10" alternate-name="" calibration-group="" calibration-sensor="" customer-sensor="" data-type="float" deadband="0" description="" display-format="4.2f" display-range-maximum="100" display-range-minimum="0" domain-id="10" engineering-unit="%" export-for-steady-state="true" fixed-sensor="" fullset-stability="false" gid="2086" group="" idds-hardware-name="EMSParm_86" is-continuous-log="true" is-critical="false" is-enabled="true" logical-id="devEMS" partition="Streaming" quality-ceiling="good" rtd-reference-channel="" signal-id="" subsystem-name="IDDS" subsystem-type="iDDS" topic="ParameterDataSeries">
                    <alarm-limits/>
                </instance>
                <instance name="EMSParm_842" acquisition-rate="10" alternate-name="" calibration-group="" calibration-sensor="" customer-sensor="" data-type="float" deadband="0" description="" display-format="4.2f" display-range-maximum="100" display-range-minimum="0" domain-id="10" engineering-unit="%" export-for-steady-state="true" fixed-sensor="" fullset-stability="false" gid="2842" group="" idds-hardware-name="EMSParm_842" is-continuous-log="true" is-critical="false" is-enabled="true" logical-id="devEMS" partition="Streaming" quality-ceiling="good" rtd-reference-channel="" signal-id="" subsystem-name="IDDS" subsystem-type="iDDS" topic="ParameterDataSeries">
                    <alarm-limits/>
                </instance>
                <instance name="EMSParm_359" acquisition-rate="10" alternate-name="" calibration-group="" calibration-sensor="" customer-sensor="" data-type="float" deadband="0" description="" display-format="4.2f" display-range-maximum="100" display-range-minimum="0" domain-id="10" engineering-unit="%" export-for-steady-state="true" fixed-sensor="" fullset-stability="false" gid="2359" group="" idds-hardware-name="EMSParm_359" is-continuous-log="true" is-critical="false" is-enabled="true" logical-id="devEMS" partition="Streaming" quality-ceiling="good" rtd-reference-channel="" signal-id="" subsystem-name="IDDS" subsystem-type="iDDS" topic="ParameterDataSeries">
                    <alarm-limits/>
                </instance>
                <instance name="EMSParm_636" acquisition-rate="10" alternate-name="" calibration-group="" calibration-sensor="" customer-sensor="" data-type="float" deadband="0" description="" display-format="4.2f" display-range-maximum="100" display-range-minimum="0" domain-id="10" engineering-unit="%" export-for-steady-state="true" fixed-sensor="" fullset-stability="false" gid="2636" group="" idds-hardware-name="EMSParm_636" is-continuous-log="true" is-critical="false" is-enabled="true" logical-id="devEMS" partition="Streaming" quality-ceiling="good" rtd-reference-channel="" signal-id="" subsystem-name="IDDS" subsystem-type="iDDS" topic="ParameterDataSeries">
                    <alarm-limits/>
                </instance>
                <instance name="EMSParm_583" acquisition-rate="10" alternate-name="" calibration-group="" calibration-sensor="" customer-sensor="" data-type="float" deadband="0" description="" display-format="4.2f" display-range-maximum="100" display-range-minimum="0" domain-id="10" engineering-unit="%" export-for-steady-state="true" fixed-sensor="" fullset-stability="false" gid="2583" group="" idds-hardware-name="EMSParm_583" is-continuous-log="true" is-critical="false" is-enabled="true" logical-id="devEMS" partition="Streaming" quality-ceiling="good" rtd-reference-channel="" signal-id="" subsystem-name="IDDS" subsystem-type="iDDS" topic="ParameterDataSeries">
                    <alarm-limits/>
                </instance>
                <instance name="EMSParm_576" acquisition-rate="10" alternate-name="" calibration-group="" calibration-sensor="" customer-sensor="" data-type="float" deadband="0" description="" display-format="4.2f" display-range-maximum="100" display-range-minimum="0" domain-id="10" engineering-unit="%" export-for-steady-state="true" fixed-sensor="" fullset-stability="false" gid="2576" group="" idds-hardware-name="EMSParm_576" is-continuous-log="true" is-critical="false" is-enabled="true" logical-id="devEMS" partition="Streaming" quality-ceiling="good" rtd-reference-channel="" signal-id="" subsystem-name="IDDS" subsystem-type="iDDS" topic="ParameterDataSeries">
                    <alarm-limits/>
                </instance>
                <instance name="EMSParm_785" acquisition-rate="10" alternate-name="" calibration-group="" calibration-sensor="" customer-sensor="" data-type="float" deadband="0" description="" display-format="4.2f" display-range-maximum="100" display-range-minimum="0" domain-id="10" engineering-unit="%" export-for-steady-state="true" fixed-sensor="" fullset-stability="false" gid="2785" group="" idds-hardware-name="EMSParm_785" is-continuous-log="true" is-critical="false" is-enabled="true" logical-id="devEMS" partition="Streaming" quality-ceiling="good" rtd-reference-channel="" signal-id="" subsystem-name="IDDS" subsystem-type="iDDS" topic="ParameterDataSeries">
                    <alarm-limits/>
                </instance>
                <instance name="dnaAI00007" acquisition-rate="200" alternate-name="" calibration-group="" calibration-sensor="" customer-sensor="" data-type="float" deadband="0" description="Input channel 7" display-format="4.2f" display-range-maximum="100" display-range-minimum="0" domain-id="3" engineering-unit="V" export-for-steady-state="true" fixed-sensor="" fullset-stability="false" gid="223" group="" idds-hardware-name="dev01/ch00007" is-continuous-log="true" is-critical="false" is-enabled="true" logical-id="devCube999" partition="Streaming" quality-ceiling="good" rtd-reference-channel="" signal-id="" subsystem-name="IDDS" subsystem-type="iDDS" topic="ParameterDataValue">
                    <alarm-limits/>
                </instance>
                <instance name="EMSParm_885" acquisition-rate="10" alternate-name="" calibration-group="" calibration-sensor="" customer-sensor="" data-type="float" deadband="0" description="" display-format="4.2f" display-range-maximum="100" display-range-minimum="0" domain-id="10" engineering-unit="%" export-for-steady-state="true" fixed-sensor="" fullset-stability="false" gid="2885" group="" idds-hardware-name="EMSParm_885" is-continuous-log="true" is-critical="false" is-enabled="true" logical-id="devEMS" partition="Streaming" quality-ceiling="good" rtd-reference-channel="" signal-id="" subsystem-name="IDDS" subsystem-type="iDDS" topic="ParameterDataSeries">
                    <alarm-limits/>
                </instance>
                <instance name="EMSParm_1559" acquisition-rate="10" alternate-name="" calibration-group="" calibration-sensor="" customer-sensor="" data-type="float" deadband="0" description="" display-format="4.2f" display-range-maximum="100" display-range-minimum="0" domain-id="10" engineering-unit="%" export-for-steady-state="true" fixed-sensor="" fullset-stability="false" gid="3559" group="" idds-hardware-name="EMSParm_1559" is-continuous-log="true" is-critical="false" is-enabled="true" logical-id="devEMS" partition="Streaming" quality-ceiling="good" rtd-reference-channel="" signal-id="" subsystem-name="IDDS" subsystem-type="iDDS" topic="ParameterDataSeries">
                    <alarm-limits/>
                </instance>
                <instance name="EMSParm_932" acquisition-rate="10" alternate-name="" calibration-group="" calibration-sensor="" customer-sensor="" data-type="float" deadband="0" description="" display-format="4.2f" display-range-maximum="100" display-range-minimum="0" domain-id="10" engineering-unit="%" export-for-steady-state="true" fixed-sensor="" fullset-stability="false" gid="2932" group="" idds-hardware-name="EMSParm_932" is-continuous-log="true" is-critical="false" is-enabled="true" logical-id="devEMS" partition="Streaming" quality-ceiling="good" rtd-reference-channel="" signal-id="" subsystem-name="IDDS" subsystem-type="iDDS" topic="ParameterDataSeries">
                    <alarm-limits/>
                </instance>
                <instance name="EMSParm_1370" acquisition-rate="10" alternate-name="" calibration-group="" calibration-sensor="" customer-sensor="" data-type="float" deadband="0" description="" display-format="4.2f" display-range-maximum="100" display-range-minimum="0" domain-id="10" engineering-unit="%" export-for-steady-state="true" fixed-sensor="" fullset-stability="false" gid="3370" group="" idds-hardware-name="EMSParm_1370" is-continuous-log="true" is-critical="false" is-enabled="true" logical-id="devEMS" partition="Streaming" quality-ceiling="good" rtd-reference-channel="" signal-id="" subsystem-name="IDDS" subsystem-type="iDDS" topic="ParameterDataSeries">
                    <alarm-limits/>
                </instance>
                <instance name="EMSParm_1233" acquisition-rate="10" alternate-name="" calibration-group="" calibration-sensor="" customer-sensor="" data-type="float" deadband="0" description="" display-format="4.2f" display-range-maximum="100" display-range-minimum="0" domain-id="10" engineering-unit="%" export-for-steady-state="true" fixed-sensor="" fullset-stability="false" gid="3233" group="" idds-hardware-name="EMSParm_1233" is-continuous-log="true" is-critical="false" is-enabled="true" logical-id="devEMS" partition="Streaming" quality-ceiling="good" rtd-reference-channel="" signal-id="" subsystem-name="IDDS" subsystem-type="iDDS" topic="ParameterDataSeries">
                    <alarm-limits/>
                </instance>
                <instance name="EMSParm_877" acquisition-rate="10" alternate-name="" calibration-group="" calibration-sensor="" customer-sensor="" data-type="float" deadband="0" description="" display-format="4.2f" display-range-maximum="100" display-range-minimum="0" domain-id="10" engineering-unit="%" export-for-steady-state="true" fixed-sensor="" fullset-stability="false" gid="2877" group="" idds-hardware-name="EMSParm_877" is-continuous-log="true" is-critical="false" is-enabled="true" logical-id="devEMS" partition="Streaming" quality-ceiling="good" rtd-reference-channel="" signal-id="" subsystem-name="IDDS" subsystem-type="iDDS" topic="ParameterDataSeries">
                    <alarm-limits/>
                </instance>
                <instance name="EMSParm_163" acquisition-rate="10" alternate-name="" calibration-group="" calibration-sensor="" customer-sensor="" data-type="float" deadband="0" description="" display-format="4.2f" display-range-maximum="100" display-range-minimum="0" domain-id="10" engineering-unit="%" export-for-steady-state="true" fixed-sensor="" fullset-stability="false" gid="2163" group="" idds-hardware-name="EMSParm_163" is-continuous-log="true" is-critical="false" is-enabled="true" logical-id="devEMS" partition="Streaming" quality-ceiling="good" rtd-reference-channel="" signal-id="" subsystem-name="IDDS" subsystem-type="iDDS" topic="ParameterDataSeries">
                    <alarm-limits/>
                </instance>
                <instance name="EMSParm_1395" acquisition-rate="10" alternate-name="" calibration-group="" calibration-sensor="" customer-sensor="" data-type="float" deadband="0" description="" display-format="4.2f" display-range-maximum="100" display-range-minimum="0" domain-id="10" engineering-unit="%" export-for-steady-state="true" fixed-sensor="" fullset-stability="false" gid="3395" group="" idds-hardware-name="EMSParm_1395" is-continuous-log="true" is-critical="false" is-enabled="true" logical-id="devEMS" partition="Streaming" quality-ceiling="good" rtd-reference-channel="" signal-id="" subsystem-name="IDDS" subsystem-type="iDDS" topic="ParameterDataSeries">
                    <alarm-limits/>
                </instance>
                <instance name="EMSParm_320" acquisition-rate="10" alternate-name="" calibration-group="" calibration-sensor="" customer-sensor="" data-type="float" deadband="0" description="" display-format="4.2f" display-range-maximum="100" display-range-minimum="0" domain-id="10" engineering-unit="%" export-for-steady-state="true" fixed-sensor="" fullset-stability="false" gid="2320" group="" idds-hardware-name="EMSParm_320" is-continuous-log="true" is-critical="false" is-enabled="true" logical-id="devEMS" partition="Streaming" quality-ceiling="good" rtd-reference-channel="" signal-id="" subsystem-name="IDDS" subsystem-type="iDDS" topic="ParameterDataSeries">
                    <alarm-limits/>
                </instance>
                <instance name="EMSParm_52" acquisition-rate="10" alternate-name="" calibration-group="" calibration-sensor="" customer-sensor="" data-type="float" deadband="0" description="" display-format="4.2f" display-range-maximum="100" display-range-minimum="0" domain-id="10" engineering-unit="%" export-for-steady-state="true" fixed-sensor="" fullset-stability="false" gid="2052" group="" idds-hardware-name="EMSParm_52" is-continuous-log="true" is-critical="false" is-enabled="true" logical-id="devEMS" partition="Streaming" quality-ceiling="good" rtd-reference-channel="" signal-id="" subsystem-name="IDDS" subsystem-type="iDDS" topic="ParameterDataSeries">
                    <alarm-limits/>
                </instance>
                <instance name="EMSParm_512" acquisition-rate="10" alternate-name="" calibration-group="" calibration-sensor="" customer-sensor="" data-type="float" deadband="0" description="" display-format="4.2f" display-range-maximum="100" display-range-minimum="0" domain-id="10" engineering-unit="%" export-for-steady-state="true" fixed-sensor="" fullset-stability="false" gid="2512" group="" idds-hardware-name="EMSParm_512" is-continuous-log="true" is-critical="false" is-enabled="true" logical-id="devEMS" partition="Streaming" quality-ceiling="good" rtd-reference-channel="" signal-id="" subsystem-name="IDDS" subsystem-type="iDDS" topic="ParameterDataSeries">
                    <alarm-limits/>
                </instance>
                <instance name="EMSParm_160" acquisition-rate="10" alternate-name="" calibration-group="" calibration-sensor="" customer-sensor="" data-type="float" deadband="0" description="" display-format="4.2f" display-range-maximum="100" display-range-minimum="0" domain-id="10" engineering-unit="%" export-for-steady-state="true" fixed-sensor="" fullset-stability="false" gid="2160" group="" idds-hardware-name="EMSParm_160" is-continuous-log="true" is-critical="false" is-enabled="true" logical-id="devEMS" partition="Streaming" quality-ceiling="good" rtd-reference-channel="" signal-id="" subsystem-name="IDDS" subsystem-type="iDDS" topic="ParameterDataSeries">
                    <alarm-limits/>
                </instance>
                <instance name="EMSParm_996" acquisition-rate="10" alternate-name="" calibration-group="" calibration-sensor="" customer-sensor="" data-type="float" deadband="0" description="" display-format="4.2f" display-range-maximum="100" display-range-minimum="0" domain-id="10" engineering-unit="%" export-for-steady-state="true" fixed-sensor="" fullset-stability="false" gid="2996" group="" idds-hardware-name="EMSParm_996" is-continuous-log="true" is-critical="false" is-enabled="true" logical-id="devEMS" partition="Streaming" quality-ceiling="good" rtd-reference-channel="" signal-id="" subsystem-name="IDDS" subsystem-type="iDDS" topic="ParameterDataSeries">
                    <alarm-limits/>
                </instance>
                <instance name="EMSParm_709" acquisition-rate="10" alternate-name="" calibration-group="" calibration-sensor="" customer-sensor="" data-type="float" deadband="0" description="" display-format="4.2f" display-range-maximum="100" display-range-minimum="0" domain-id="10" engineering-unit="%" export-for-steady-state="true" fixed-sensor="" fullset-stability="false" gid="2709" group="" idds-hardware-name="EMSParm_709" is-continuous-log="true" is-critical="false" is-enabled="true" logical-id="devEMS" partition="Streaming" quality-ceiling="good" rtd-reference-channel="" signal-id="" subsystem-name="IDDS" subsystem-type="iDDS" topic="ParameterDataSeries">
                    <alarm-limits/>
                </instance>
                <instance name="EMSParm_274" acquisition-rate="10" alternate-name="" calibration-group="" calibration-sensor="" customer-sensor="" data-type="float" deadband="0" description="" display-format="4.2f" display-range-maximum="100" display-range-minimum="0" domain-id="10" engineering-unit="%" export-for-steady-state="true" fixed-sensor="" fullset-stability="false" gid="2274" group="" idds-hardware-name="EMSParm_274" is-continuous-log="true" is-critical="false" is-enabled="true" logical-id="devEMS" partition="Streaming" quality-ceiling="good" rtd-reference-channel="" signal-id="" subsystem-name="IDDS" subsystem-type="iDDS" topic="ParameterDataSeries">
                    <alarm-limits/>
                </instance>
                <instance name="EMSParm_227" acquisition-rate="10" alternate-name="" calibration-group="" calibration-sensor="" customer-sensor="" data-type="float" deadband="0" description="" display-format="4.2f" display-range-maximum="100" display-range-minimum="0" domain-id="10" engineering-unit="%" export-for-steady-state="true" fixed-sensor="" fullset-stability="false" gid="2227" group="" idds-hardware-name="EMSParm_227" is-continuous-log="true" is-critical="false" is-enabled="true" logical-id="devEMS" partition="Streaming" quality-ceiling="good" rtd-reference-channel="" signal-id="" subsystem-name="IDDS" subsystem-type="iDDS" topic="ParameterDataSeries">
                    <alarm-limits/>
                </instance>
                <instance name="EMSParm_1082" acquisition-rate="10" alternate-name="" calibration-group="" calibration-sensor="" customer-sensor="" data-type="float" deadband="0" description="" display-format="4.2f" display-range-maximum="100" display-range-minimum="0" domain-id="10" engineering-unit="%" export-for-steady-state="true" fixed-sensor="" fullset-stability="false" gid="3082" group="" idds-hardware-name="EMSParm_1082" is-continuous-log="true" is-critical="false" is-enabled="true" logical-id="devEMS" partition="Streaming" quality-ceiling="good" rtd-reference-channel="" signal-id="" subsystem-name="IDDS" subsystem-type="iDDS" topic="ParameterDataSeries">
                    <alarm-limits/>
                </instance>
                <instance name="EMSParm_30" acquisition-rate="10" alternate-name="" calibration-group="" calibration-sensor="" customer-sensor="" data-type="float" deadband="0" description="" display-format="4.2f" display-range-maximum="100" display-range-minimum="0" domain-id="10" engineering-unit="%" export-for-steady-state="true" fixed-sensor="" fullset-stability="false" gid="2030" group="" idds-hardware-name="EMSParm_30" is-continuous-log="true" is-critical="false" is-enabled="true" logical-id="devEMS" partition="Streaming" quality-ceiling="good" rtd-reference-channel="" signal-id="" subsystem-name="IDDS" subsystem-type="iDDS" topic="ParameterDataSeries">
                    <alarm-limits/>
                </instance>
                <instance name="EMSParm_531" acquisition-rate="10" alternate-name="" calibration-group="" calibration-sensor="" customer-sensor="" data-type="float" deadband="0" description="" display-format="4.2f" display-range-maximum="100" display-range-minimum="0" domain-id="10" engineering-unit="%" export-for-steady-state="true" fixed-sensor="" fullset-stability="false" gid="2531" group="" idds-hardware-name="EMSParm_531" is-continuous-log="true" is-critical="false" is-enabled="true" logical-id="devEMS" partition="Streaming" quality-ceiling="good" rtd-reference-channel="" signal-id="" subsystem-name="IDDS" subsystem-type="iDDS" topic="ParameterDataSeries">
                    <alarm-limits/>
                </instance>
                <instance name="EMSParm_186" acquisition-rate="10" alternate-name="" calibration-group="" calibration-sensor="" customer-sensor="" data-type="float" deadband="0" description="" display-format="4.2f" display-range-maximum="100" display-range-minimum="0" domain-id="10" engineering-unit="%" export-for-steady-state="true" fixed-sensor="" fullset-stability="false" gid="2186" group="" idds-hardware-name="EMSParm_186" is-continuous-log="true" is-critical="false" is-enabled="true" logical-id="devEMS" partition="Streaming" quality-ceiling="good" rtd-reference-channel="" signal-id="" subsystem-name="IDDS" subsystem-type="iDDS" topic="ParameterDataSeries">
                    <alarm-limits/>
                </instance>
                <instance name="EMSParm_1539" acquisition-rate="10" alternate-name="" calibration-group="" calibration-sensor="" customer-sensor="" data-type="float" deadband="0" description="" display-format="4.2f" display-range-maximum="100" display-range-minimum="0" domain-id="10" engineering-unit="%" export-for-steady-state="true" fixed-sensor="" fullset-stability="false" gid="3539" group="" idds-hardware-name="EMSParm_1539" is-continuous-log="true" is-critical="false" is-enabled="true" logical-id="devEMS" partition="Streaming" quality-ceiling="good" rtd-reference-channel="" signal-id="" subsystem-name="IDDS" subsystem-type="iDDS" topic="ParameterDataSeries">
                    <alarm-limits/>
                </instance>
                <instance name="EMSParm_1371" acquisition-rate="10" alternate-name="" calibration-group="" calibration-sensor="" customer-sensor="" data-type="float" deadband="0" description="" display-format="4.2f" display-range-maximum="100" display-range-minimum="0" domain-id="10" engineering-unit="%" export-for-steady-state="true" fixed-sensor="" fullset-stability="false" gid="3371" group="" idds-hardware-name="EMSParm_1371" is-continuous-log="true" is-critical="false" is-enabled="true" logical-id="devEMS" partition="Streaming" quality-ceiling="good" rtd-reference-channel="" signal-id="" subsystem-name="IDDS" subsystem-type="iDDS" topic="ParameterDataSeries">
                    <alarm-limits/>
                </instance>
                <instance name="EMSParm_913" acquisition-rate="10" alternate-name="" calibration-group="" calibration-sensor="" customer-sensor="" data-type="float" deadband="0" description="" display-format="4.2f" display-range-maximum="100" display-range-minimum="0" domain-id="10" engineering-unit="%" export-for-steady-state="true" fixed-sensor="" fullset-stability="false" gid="2913" group="" idds-hardware-name="EMSParm_913" is-continuous-log="true" is-critical="false" is-enabled="true" logical-id="devEMS" partition="Streaming" quality-ceiling="good" rtd-reference-channel="" signal-id="" subsystem-name="IDDS" subsystem-type="iDDS" topic="ParameterDataSeries">
                    <alarm-limits/>
                </instance>
                <instance name="YB1_Ch01" acquisition-rate="1" alternate-name="" calibration-group="" calibration-sensor="" customer-sensor="" data-type="float" deadband="0" description="" display-format="4.2f" display-range-maximum="100" display-range-minimum="0" domain-id="3" engineering-unit="-" export-for-steady-state="true" fixed-sensor="" fullset-stability="false" gid="9001" group="" idds-hardware-name="CH1" is-continuous-log="true" is-critical="false" is-enabled="true" logical-id="rx3036-1" partition="Streaming" quality-ceiling="good" rtd-reference-channel="" signal-id="" subsystem-name="IDDS" subsystem-type="iDDS" topic="ParameterDataSeries">
                    <alarm-limits/>
                </instance>
                <instance name="EMSParm_1340" acquisition-rate="10" alternate-name="" calibration-group="" calibration-sensor="" customer-sensor="" data-type="float" deadband="0" description="" display-format="4.2f" display-range-maximum="100" display-range-minimum="0" domain-id="10" engineering-unit="%" export-for-steady-state="true" fixed-sensor="" fullset-stability="false" gid="3340" group="" idds-hardware-name="EMSParm_1340" is-continuous-log="true" is-critical="false" is-enabled="true" logical-id="devEMS" partition="Streaming" quality-ceiling="good" rtd-reference-channel="" signal-id="" subsystem-name="IDDS" subsystem-type="iDDS" topic="ParameterDataSeries">
                    <alarm-limits/>
                </instance>
                <instance name="EMSParm_1227" acquisition-rate="10" alternate-name="" calibration-group="" calibration-sensor="" customer-sensor="" data-type="float" deadband="0" description="" display-format="4.2f" display-range-maximum="100" display-range-minimum="0" domain-id="10" engineering-unit="%" export-for-steady-state="true" fixed-sensor="" fullset-stability="false" gid="3227" group="" idds-hardware-name="EMSParm_1227" is-continuous-log="true" is-critical="false" is-enabled="true" logical-id="devEMS" partition="Streaming" quality-ceiling="good" rtd-reference-channel="" signal-id="" subsystem-name="IDDS" subsystem-type="iDDS" topic="ParameterDataSeries">
                    <alarm-limits/>
                </instance>
                <instance name="EMSParm_2" acquisition-rate="10" alternate-name="" calibration-group="" calibration-sensor="" customer-sensor="" data-type="float" deadband="0" description="" display-format="4.2f" display-range-maximum="100" display-range-minimum="0" domain-id="10" engineering-unit="%" export-for-steady-state="true" fixed-sensor="" fullset-stability="false" gid="2002" group="" idds-hardware-name="EMSParm_2" is-continuous-log="true" is-critical="false" is-enabled="true" logical-id="devEMS" partition="Streaming" quality-ceiling="good" rtd-reference-channel="" signal-id="" subsystem-name="IDDS" subsystem-type="iDDS" topic="ParameterDataSeries">
                    <alarm-limits/>
                </instance>
                <instance name="EMSParm_1323" acquisition-rate="10" alternate-name="" calibration-group="" calibration-sensor="" customer-sensor="" data-type="float" deadband="0" description="" display-format="4.2f" display-range-maximum="100" display-range-minimum="0" domain-id="10" engineering-unit="%" export-for-steady-state="true" fixed-sensor="" fullset-stability="false" gid="3323" group="" idds-hardware-name="EMSParm_1323" is-continuous-log="true" is-critical="false" is-enabled="true" logical-id="devEMS" partition="Streaming" quality-ceiling="good" rtd-reference-channel="" signal-id="" subsystem-name="IDDS" subsystem-type="iDDS" topic="ParameterDataSeries">
                    <alarm-limits/>
                </instance>
                <instance name="EMSParm_604" acquisition-rate="10" alternate-name="" calibration-group="" calibration-sensor="" customer-sensor="" data-type="float" deadband="0" description="" display-format="4.2f" display-range-maximum="100" display-range-minimum="0" domain-id="10" engineering-unit="%" export-for-steady-state="true" fixed-sensor="" fullset-stability="false" gid="2604" group="" idds-hardware-name="EMSParm_604" is-continuous-log="true" is-critical="false" is-enabled="true" logical-id="devEMS" partition="Streaming" quality-ceiling="good" rtd-reference-channel="" signal-id="" subsystem-name="IDDS" subsystem-type="iDDS" topic="ParameterDataSeries">
                    <alarm-limits/>
                </instance>
                <instance name="EMSParm_1468" acquisition-rate="10" alternate-name="" calibration-group="" calibration-sensor="" customer-sensor="" data-type="float" deadband="0" description="" display-format="4.2f" display-range-maximum="100" display-range-minimum="0" domain-id="10" engineering-unit="%" export-for-steady-state="true" fixed-sensor="" fullset-stability="false" gid="3468" group="" idds-hardware-name="EMSParm_1468" is-continuous-log="true" is-critical="false" is-enabled="true" logical-id="devEMS" partition="Streaming" quality-ceiling="good" rtd-reference-channel="" signal-id="" subsystem-name="IDDS" subsystem-type="iDDS" topic="ParameterDataSeries">
                    <alarm-limits/>
                </instance>
                <instance name="EMSParm_375" acquisition-rate="10" alternate-name="" calibration-group="" calibration-sensor="" customer-sensor="" data-type="float" deadband="0" description="" display-format="4.2f" display-range-maximum="100" display-range-minimum="0" domain-id="10" engineering-unit="%" export-for-steady-state="true" fixed-sensor="" fullset-stability="false" gid="2375" group="" idds-hardware-name="EMSParm_375" is-continuous-log="true" is-critical="false" is-enabled="true" logical-id="devEMS" partition="Streaming" quality-ceiling="good" rtd-reference-channel="" signal-id="" subsystem-name="IDDS" subsystem-type="iDDS" topic="ParameterDataSeries">
                    <alarm-limits/>
                </instance>
                <instance name="EMSParm_1512" acquisition-rate="10" alternate-name="" calibration-group="" calibration-sensor="" customer-sensor="" data-type="float" deadband="0" description="" display-format="4.2f" display-range-maximum="100" display-range-minimum="0" domain-id="10" engineering-unit="%" export-for-steady-state="true" fixed-sensor="" fullset-stability="false" gid="3512" group="" idds-hardware-name="EMSParm_1512" is-continuous-log="true" is-critical="false" is-enabled="true" logical-id="devEMS" partition="Streaming" quality-ceiling="good" rtd-reference-channel="" signal-id="" subsystem-name="IDDS" subsystem-type="iDDS" topic="ParameterDataSeries">
                    <alarm-limits/>
                </instance>
                <instance name="EMSParm_1346" acquisition-rate="10" alternate-name="" calibration-group="" calibration-sensor="" customer-sensor="" data-type="float" deadband="0" description="" display-format="4.2f" display-range-maximum="100" display-range-minimum="0" domain-id="10" engineering-unit="%" export-for-steady-state="true" fixed-sensor="" fullset-stability="false" gid="3346" group="" idds-hardware-name="EMSParm_1346" is-continuous-log="true" is-critical="false" is-enabled="true" logical-id="devEMS" partition="Streaming" quality-ceiling="good" rtd-reference-channel="" signal-id="" subsystem-name="IDDS" subsystem-type="iDDS" topic="ParameterDataSeries">
                    <alarm-limits/>
                </instance>
                <instance name="EMSParm_954" acquisition-rate="10" alternate-name="" calibration-group="" calibration-sensor="" customer-sensor="" data-type="float" deadband="0" description="" display-format="4.2f" display-range-maximum="100" display-range-minimum="0" domain-id="10" engineering-unit="%" export-for-steady-state="true" fixed-sensor="" fullset-stability="false" gid="2954" group="" idds-hardware-name="EMSParm_954" is-continuous-log="true" is-critical="false" is-enabled="true" logical-id="devEMS" partition="Streaming" quality-ceiling="good" rtd-reference-channel="" signal-id="" subsystem-name="IDDS" subsystem-type="iDDS" topic="ParameterDataSeries">
                    <alarm-limits/>
                </instance>
                <instance name="EMSParm_1434" acquisition-rate="10" alternate-name="" calibration-group="" calibration-sensor="" customer-sensor="" data-type="float" deadband="0" description="" display-format="4.2f" display-range-maximum="100" display-range-minimum="0" domain-id="10" engineering-unit="%" export-for-steady-state="true" fixed-sensor="" fullset-stability="false" gid="3434" group="" idds-hardware-name="EMSParm_1434" is-continuous-log="true" is-critical="false" is-enabled="true" logical-id="devEMS" partition="Streaming" quality-ceiling="good" rtd-reference-channel="" signal-id="" subsystem-name="IDDS" subsystem-type="iDDS" topic="ParameterDataSeries">
                    <alarm-limits/>
                </instance>
                <instance name="EMSParm_1232" acquisition-rate="10" alternate-name="" calibration-group="" calibration-sensor="" customer-sensor="" data-type="float" deadband="0" description="" display-format="4.2f" display-range-maximum="100" display-range-minimum="0" domain-id="10" engineering-unit="%" export-for-steady-state="true" fixed-sensor="" fullset-stability="false" gid="3232" group="" idds-hardware-name="EMSParm_1232" is-continuous-log="true" is-critical="false" is-enabled="true" logical-id="devEMS" partition="Streaming" quality-ceiling="good" rtd-reference-channel="" signal-id="" subsystem-name="IDDS" subsystem-type="iDDS" topic="ParameterDataSeries">
                    <alarm-limits/>
                </instance>
                <instance name="EMSParm_204" acquisition-rate="10" alternate-name="" calibration-group="" calibration-sensor="" customer-sensor="" data-type="float" deadband="0" description="" display-format="4.2f" display-range-maximum="100" display-range-minimum="0" domain-id="10" engineering-unit="%" export-for-steady-state="true" fixed-sensor="" fullset-stability="false" gid="2204" group="" idds-hardware-name="EMSParm_204" is-continuous-log="true" is-critical="false" is-enabled="true" logical-id="devEMS" partition="Streaming" quality-ceiling="good" rtd-reference-channel="" signal-id="" subsystem-name="IDDS" subsystem-type="iDDS" topic="ParameterDataSeries">
                    <alarm-limits/>
                </instance>
                <instance name="EMSParm_1514" acquisition-rate="10" alternate-name="" calibration-group="" calibration-sensor="" customer-sensor="" data-type="float" deadband="0" description="" display-format="4.2f" display-range-maximum="100" display-range-minimum="0" domain-id="10" engineering-unit="%" export-for-steady-state="true" fixed-sensor="" fullset-stability="false" gid="3514" group="" idds-hardware-name="EMSParm_1514" is-continuous-log="true" is-critical="false" is-enabled="true" logical-id="devEMS" partition="Streaming" quality-ceiling="good" rtd-reference-channel="" signal-id="" subsystem-name="IDDS" subsystem-type="iDDS" topic="ParameterDataSeries">
                    <alarm-limits/>
                </instance>
                <instance name="EMSParm_1331" acquisition-rate="10" alternate-name="" calibration-group="" calibration-sensor="" customer-sensor="" data-type="float" deadband="0" description="" display-format="4.2f" display-range-maximum="100" display-range-minimum="0" domain-id="10" engineering-unit="%" export-for-steady-state="true" fixed-sensor="" fullset-stability="false" gid="3331" group="" idds-hardware-name="EMSParm_1331" is-continuous-log="true" is-critical="false" is-enabled="true" logical-id="devEMS" partition="Streaming" quality-ceiling="good" rtd-reference-channel="" signal-id="" subsystem-name="IDDS" subsystem-type="iDDS" topic="ParameterDataSeries">
                    <alarm-limits/>
                </instance>
                <instance name="EMSParm_119" acquisition-rate="10" alternate-name="" calibration-group="" calibration-sensor="" customer-sensor="" data-type="float" deadband="0" description="" display-format="4.2f" display-range-maximum="100" display-range-minimum="0" domain-id="10" engineering-unit="%" export-for-steady-state="true" fixed-sensor="" fullset-stability="false" gid="2119" group="" idds-hardware-name="EMSParm_119" is-continuous-log="true" is-critical="false" is-enabled="true" logical-id="devEMS" partition="Streaming" quality-ceiling="good" rtd-reference-channel="" signal-id="" subsystem-name="IDDS" subsystem-type="iDDS" topic="ParameterDataSeries">
                    <alarm-limits/>
                </instance>
                <instance name="EMSParm_401" acquisition-rate="10" alternate-name="" calibration-group="" calibration-sensor="" customer-sensor="" data-type="float" deadband="0" description="" display-format="4.2f" display-range-maximum="100" display-range-minimum="0" domain-id="10" engineering-unit="%" export-for-steady-state="true" fixed-sensor="" fullset-stability="false" gid="2401" group="" idds-hardware-name="EMSParm_401" is-continuous-log="true" is-critical="false" is-enabled="true" logical-id="devEMS" partition="Streaming" quality-ceiling="good" rtd-reference-channel="" signal-id="" subsystem-name="IDDS" subsystem-type="iDDS" topic="ParameterDataSeries">
                    <alarm-limits/>
                </instance>
                <instance name="EMSParm_1558" acquisition-rate="10" alternate-name="" calibration-group="" calibration-sensor="" customer-sensor="" data-type="float" deadband="0" description="" display-format="4.2f" display-range-maximum="100" display-range-minimum="0" domain-id="10" engineering-unit="%" export-for-steady-state="true" fixed-sensor="" fullset-stability="false" gid="3558" group="" idds-hardware-name="EMSParm_1558" is-continuous-log="true" is-critical="false" is-enabled="true" logical-id="devEMS" partition="Streaming" quality-ceiling="good" rtd-reference-channel="" signal-id="" subsystem-name="IDDS" subsystem-type="iDDS" topic="ParameterDataSeries">
                    <alarm-limits/>
                </instance>
                <instance name="EMSParm_673" acquisition-rate="10" alternate-name="" calibration-group="" calibration-sensor="" customer-sensor="" data-type="float" deadband="0" description="" display-format="4.2f" display-range-maximum="100" display-range-minimum="0" domain-id="10" engineering-unit="%" export-for-steady-state="true" fixed-sensor="" fullset-stability="false" gid="2673" group="" idds-hardware-name="EMSParm_673" is-continuous-log="true" is-critical="false" is-enabled="true" logical-id="devEMS" partition="Streaming" quality-ceiling="good" rtd-reference-channel="" signal-id="" subsystem-name="IDDS" subsystem-type="iDDS" topic="ParameterDataSeries">
                    <alarm-limits/>
                </instance>
                <instance name="EMSParm_1330" acquisition-rate="10" alternate-name="" calibration-group="" calibration-sensor="" customer-sensor="" data-type="float" deadband="0" description="" display-format="4.2f" display-range-maximum="100" display-range-minimum="0" domain-id="10" engineering-unit="%" export-for-steady-state="true" fixed-sensor="" fullset-stability="false" gid="3330" group="" idds-hardware-name="EMSParm_1330" is-continuous-log="true" is-critical="false" is-enabled="true" logical-id="devEMS" partition="Streaming" quality-ceiling="good" rtd-reference-channel="" signal-id="" subsystem-name="IDDS" subsystem-type="iDDS" topic="ParameterDataSeries">
                    <alarm-limits/>
                </instance>
                <instance name="T000008" acquisition-rate="10" alternate-name="" calibration-group="" calibration-sensor="" customer-sensor="" data-type="float" deadband="0" description="" display-format="4.2f" display-range-maximum="100" display-range-minimum="0" domain-id="2" engineering-unit="degC" export-for-steady-state="true" fixed-sensor="" fullset-stability="false" gid="5008" group="" idds-hardware-name="SCUTRDEMO_Ch08" is-continuous-log="true" is-critical="false" is-enabled="true" logical-id="scutrsim" partition="Streaming" quality-ceiling="good" rtd-reference-channel="" signal-id="" subsystem-name="IDDS" subsystem-type="iDDS" topic="ParameterDataSeries">
                    <alarm-limits/>
                </instance>
                <instance name="EMSParm_81" acquisition-rate="10" alternate-name="" calibration-group="" calibration-sensor="" customer-sensor="" data-type="float" deadband="0" description="" display-format="4.2f" display-range-maximum="100" display-range-minimum="0" domain-id="10" engineering-unit="%" export-for-steady-state="true" fixed-sensor="" fullset-stability="false" gid="2081" group="" idds-hardware-name="EMSParm_81" is-continuous-log="true" is-critical="false" is-enabled="true" logical-id="devEMS" partition="Streaming" quality-ceiling="good" rtd-reference-channel="" signal-id="" subsystem-name="IDDS" subsystem-type="iDDS" topic="ParameterDataSeries">
                    <alarm-limits/>
                </instance>
                <instance name="EMSParm_150" acquisition-rate="10" alternate-name="" calibration-group="" calibration-sensor="" customer-sensor="" data-type="float" deadband="0" description="" display-format="4.2f" display-range-maximum="100" display-range-minimum="0" domain-id="10" engineering-unit="%" export-for-steady-state="true" fixed-sensor="" fullset-stability="false" gid="2150" group="" idds-hardware-name="EMSParm_150" is-continuous-log="true" is-critical="false" is-enabled="true" logical-id="devEMS" partition="Streaming" quality-ceiling="good" rtd-reference-channel="" signal-id="" subsystem-name="IDDS" subsystem-type="iDDS" topic="ParameterDataSeries">
                    <alarm-limits/>
                </instance>
                <instance name="EMSParm_116" acquisition-rate="10" alternate-name="" calibration-group="" calibration-sensor="" customer-sensor="" data-type="float" deadband="0" description="" display-format="4.2f" display-range-maximum="100" display-range-minimum="0" domain-id="10" engineering-unit="%" export-for-steady-state="true" fixed-sensor="" fullset-stability="false" gid="2116" group="" idds-hardware-name="EMSParm_116" is-continuous-log="true" is-critical="false" is-enabled="true" logical-id="devEMS" partition="Streaming" quality-ceiling="good" rtd-reference-channel="" signal-id="" subsystem-name="IDDS" subsystem-type="iDDS" topic="ParameterDataSeries">
                    <alarm-limits/>
                </instance>
                <instance name="EMSParm_284" acquisition-rate="10" alternate-name="" calibration-group="" calibration-sensor="" customer-sensor="" data-type="float" deadband="0" description="" display-format="4.2f" display-range-maximum="100" display-range-minimum="0" domain-id="10" engineering-unit="%" export-for-steady-state="true" fixed-sensor="" fullset-stability="false" gid="2284" group="" idds-hardware-name="EMSParm_284" is-continuous-log="true" is-critical="false" is-enabled="true" logical-id="devEMS" partition="Streaming" quality-ceiling="good" rtd-reference-channel="" signal-id="" subsystem-name="IDDS" subsystem-type="iDDS" topic="ParameterDataSeries">
                    <alarm-limits/>
                </instance>
                <instance name="EMSParm_430" acquisition-rate="10" alternate-name="" calibration-group="" calibration-sensor="" customer-sensor="" data-type="float" deadband="0" description="" display-format="4.2f" display-range-maximum="100" display-range-minimum="0" domain-id="10" engineering-unit="%" export-for-steady-state="true" fixed-sensor="" fullset-stability="false" gid="2430" group="" idds-hardware-name="EMSParm_430" is-continuous-log="true" is-critical="false" is-enabled="true" logical-id="devEMS" partition="Streaming" quality-ceiling="good" rtd-reference-channel="" signal-id="" subsystem-name="IDDS" subsystem-type="iDDS" topic="ParameterDataSeries">
                    <alarm-limits/>
                </instance>
            </channels>
            <macros>
                <instance name="MyTestProcedure1" category="Test Procedure" description="" file-name="\\rtehost\RTE\configuration\uut1\scripts\TPS-Test1.py" is-enabled="false" order="0"/>
            </macros>
            <polynomials/>
            <spte>
                <instance name="spte1" spte-description="">
                    <bpts/>
                    <channels>
                        <instance name="dev204dev01ch21" acquisition-rate="100" alternate-name="" calibration-group="" calibration-sensor="" customer-sensor="" data-type="float" deadband="0" description="Fuel density 01" display-format="4.2f" display-range-maximum="820" display-range-minimum="780" domain-id="6" engineering-unit="kg/m3" export-for-steady-state="true" fixed-sensor="" fullset-stability="false" gid="4020" group="Facility" idds-hardware-name="dev01/ch00021" is-continuous-log="true" is-critical="false" is-enabled="true" logical-id="devCubeRack" partition="Streaming" quality-ceiling="good" rtd-reference-channel="" signal-id="DCU13_PosA8-2_IO01" subsystem-name="IDDS" subsystem-type="iDDS" topic="ParameterDataValue">
                            <alarm-limits/>
                        </instance>
                        <instance name="dev4041dev04ch21" acquisition-rate="200" alternate-name="" calibration-group="" calibration-sensor="" customer-sensor="" data-type="boolean" description="Cube ID 22 Digital Output Facility Spare" display-format="False/True" domain-id="6" export-for-steady-state="false" fixed-sensor="" fullset-stability="false" gid="4064" group="ATP Calibration" idds-hardware-name="dev04/ch00021" is-continuous-log="true" is-critical="false" is-enabled="true" logical-id="devCubeRack" partition="Streaming" quality-ceiling="good" rtd-reference-channel="" signal-id="DCU13_PosA2-2_IO01" subsystem-name="IDDS" subsystem-type="iDDS" topic="ParameterDataValue">
                            <alarm-limits/>
                        </instance>
                        <instance name="dev608dev06ch04" acquisition-rate="33" alternate-name="" calibration-group="" calibration-sensor="" customer-sensor="" data-type="float" deadband="0" description="Engine turbine flow meter 12" display-format="5.2f" display-range-maximum="20000" display-range-minimum="0" domain-id="6" engineering-unit="Hz" export-for-steady-state="true" fixed-sensor="" fullset-stability="false" gid="4095" group="ATP Calibration" idds-hardware-name="dev06/ch00004" is-continuous-log="true" is-critical="false" is-enabled="true" logical-id="devCubeRack" partition="Streaming" quality-ceiling="good" rtd-reference-channel="" signal-id="JB1001_Pos1_IO02" subsystem-name="IDDS" subsystem-type="iDDS" topic="ParameterDataValue">
                            <alarm-limits/>
                        </instance>
                        <instance name="dev608dev06ch08" acquisition-rate="33" alternate-name="" calibration-group="" calibration-sensor="" customer-sensor="" data-type="float" deadband="0" description="Engine turbine flow meter 16" display-format="5.2f" display-range-maximum="20000" display-range-minimum="0" domain-id="6" engineering-unit="Hz" export-for-steady-state="true" fixed-sensor="" fullset-stability="false" gid="4099" group="ATP Calibration" idds-hardware-name="dev06/ch00008" is-continuous-log="true" is-critical="false" is-enabled="true" logical-id="devCubeRack" partition="Streaming" quality-ceiling="good" rtd-reference-channel="" signal-id="JB1001_Pos1_IO02" subsystem-name="IDDS" subsystem-type="iDDS" topic="ParameterDataValue">
                            <alarm-limits/>
                        </instance>
                        <instance name="dev204dev01ch09" acquisition-rate="100" alternate-name="" calibration-group="" calibration-sensor="" customer-sensor="" data-type="float" deadband="0" description="Hydraulic loading 09 - HP Flow 1" display-format="4.2f" display-range-maximum="3960" display-range-minimum="0" domain-id="6" engineering-unit="UKgal/h" export-for-steady-state="true" fixed-sensor="" fullset-stability="false" gid="4008" group="Hydraulic Loading Cabinet" idds-hardware-name="dev01/ch00009" is-continuous-log="true" is-critical="false" is-enabled="true" logical-id="devCubeRack" partition="Streaming" quality-ceiling="good" rtd-reference-channel="" signal-id="DCU13_PosA8-2_IO01" subsystem-name="IDDS" subsystem-type="iDDS" topic="ParameterDataValue">
                            <alarm-limits/>
                        </instance>
                        <instance name="dev4041dev04ch12" acquisition-rate="200" alternate-name="" calibration-group="" calibration-sensor="" customer-sensor="" data-type="boolean" description="Cube ID 22 Digital Input Facility Spare" display-format="False/True" domain-id="6" export-for-steady-state="false" fixed-sensor="" fullset-stability="false" gid="4055" group="ATP Calibration" idds-hardware-name="dev04/ch00012" is-continuous-log="true" is-critical="false" is-enabled="true" logical-id="devCubeRack" partition="Streaming" quality-ceiling="good" rtd-reference-channel="" signal-id="DCU13_PosA2-2_IO01" subsystem-name="IDDS" subsystem-type="iDDS" topic="ParameterDataValue">
                            <alarm-limits/>
                        </instance>
                        <instance name="dev204dev01ch10" acquisition-rate="100" alternate-name="" calibration-group="" calibration-sensor="" customer-sensor="" data-type="float" deadband="0" description="Hydraulic loading 10  - Case Drain Flow 1" display-format="4.2f" display-range-maximum="700" display-range-minimum="0" domain-id="6" engineering-unit="UKgal/h" export-for-steady-state="true" fixed-sensor="" fullset-stability="false" gid="4009" group="Hydraulic Loading Cabinet" idds-hardware-name="dev01/ch00010" is-continuous-log="true" is-critical="false" is-enabled="true" logical-id="devCubeRack" partition="Streaming" quality-ceiling="good" rtd-reference-channel="" signal-id="DCU13_PosA8-2_IO01" subsystem-name="IDDS" subsystem-type="iDDS" topic="ParameterDataValue">
                            <alarm-limits/>
                        </instance>
                        <instance name="dev204dev01ch11" acquisition-rate="100" alternate-name="" calibration-group="" calibration-sensor="" customer-sensor="" data-type="float" deadband="0" description="Hydraulic loading 11 - Case Drain Temp 2" display-format="4.2f" display-range-maximum="373" display-range-minimum="263" domain-id="6" engineering-unit="K" export-for-steady-state="true" fixed-sensor="" fullset-stability="false" gid="4010" group="Hydraulic Loading Cabinet" idds-hardware-name="dev01/ch00011" is-continuous-log="true" is-critical="false" is-enabled="true" logical-id="devCubeRack" partition="Streaming" quality-ceiling="good" rtd-reference-channel="" signal-id="DCU13_PosA8-2_IO01" subsystem-name="IDDS" subsystem-type="iDDS" topic="ParameterDataValue">
                            <alarm-limits/>
                        </instance>
                        <instance name="dev204dev01ch12" acquisition-rate="100" alternate-name="" calibration-group="" calibration-sensor="" customer-sensor="" data-type="float" deadband="0" description="Hydraulic loading 12 - Reservoir Level Tank 2" display-format="4.2f" display-range-maximum="100" display-range-minimum="0" domain-id="6" engineering-unit="%" export-for-steady-state="true" fixed-sensor="" fullset-stability="false" gid="4011" group="Hydraulic Loading Cabinet" idds-hardware-name="dev01/ch00012" is-continuous-log="true" is-critical="false" is-enabled="true" logical-id="devCubeRack" partition="Streaming" quality-ceiling="good" rtd-reference-channel="" signal-id="DCU13_PosA8-2_IO01" subsystem-name="IDDS" subsystem-type="iDDS" topic="ParameterDataValue">
                            <alarm-limits/>
                        </instance>
                        <instance name="dev204dev01ch13" acquisition-rate="100" alternate-name="" calibration-group="" calibration-sensor="" customer-sensor="" data-type="float" deadband="0" description="Hydraulic loading 13 - HP Temperature 2" display-format="4.2f" display-range-maximum="373" display-range-minimum="263" domain-id="6" engineering-unit="K" export-for-steady-state="true" fixed-sensor="" fullset-stability="false" gid="4012" group="Hydraulic Loading Cabinet" idds-hardware-name="dev01/ch00013" is-continuous-log="true" is-critical="false" is-enabled="true" logical-id="devCubeRack" partition="Streaming" quality-ceiling="good" rtd-reference-channel="" signal-id="DCU13_PosA8-2_IO01" subsystem-name="IDDS" subsystem-type="iDDS" topic="ParameterDataValue">
                            <alarm-limits/>
                        </instance>
                        <instance name="dev608dev06ch07" acquisition-rate="33" alternate-name="" calibration-group="" calibration-sensor="" customer-sensor="" data-type="float" deadband="0" description="Engine turbine flow meter 15" display-format="5.2f" display-range-maximum="20000" display-range-minimum="0" domain-id="6" engineering-unit="Hz" export-for-steady-state="true" fixed-sensor="" fullset-stability="false" gid="4098" group="ATP Calibration" idds-hardware-name="dev06/ch00007" is-continuous-log="true" is-critical="false" is-enabled="true" logical-id="devCubeRack" partition="Streaming" quality-ceiling="good" rtd-reference-channel="" signal-id="JB1001_Pos1_IO02" subsystem-name="IDDS" subsystem-type="iDDS" topic="ParameterDataValue">
                            <alarm-limits/>
                        </instance>
                        <instance name="dev204dev01ch14" acquisition-rate="100" alternate-name="" calibration-group="" calibration-sensor="" customer-sensor="" data-type="float" deadband="0" description="Hydraulic loading 14 - LP Temerpature 2" display-format="4.2f" display-range-maximum="373" display-range-minimum="263" domain-id="6" engineering-unit="K" export-for-steady-state="true" fixed-sensor="" fullset-stability="false" gid="4013" group="Hydraulic Loading Cabinet" idds-hardware-name="dev01/ch00014" is-continuous-log="true" is-critical="false" is-enabled="true" logical-id="devCubeRack" partition="Streaming" quality-ceiling="good" rtd-reference-channel="" signal-id="DCU13_PosA8-2_IO01" subsystem-name="IDDS" subsystem-type="iDDS" topic="ParameterDataValue">
                            <alarm-limits/>
                        </instance>
                        <instance name="dev4041dev04ch16" acquisition-rate="200" alternate-name="" calibration-group="" calibration-sensor="" customer-sensor="" data-type="boolean" description="Digital Output - RR Use 16" display-format="False/True" domain-id="6" export-for-steady-state="false" fixed-sensor="" fullset-stability="false" gid="4059" group="ATP Calibration" idds-hardware-name="dev04/ch00016" is-continuous-log="true" is-critical="false" is-enabled="true" logical-id="devCubeRack" partition="Streaming" quality-ceiling="good" rtd-reference-channel="" signal-id="DCU13_PosA2-2_IO01" subsystem-name="IDDS" subsystem-type="iDDS" topic="ParameterDataValue">
                            <alarm-limits/>
                        </instance>
                        <instance name="dev204dev01ch15" acquisition-rate="100" alternate-name="" calibration-group="" calibration-sensor="" customer-sensor="" data-type="float" deadband="0" description="Hydraulic loading 15 - Reservoir Temp Tank 2" display-format="4.2f" display-range-maximum="373" display-range-minimum="263" domain-id="6" engineering-unit="K" export-for-steady-state="true" fixed-sensor="" fullset-stability="false" gid="4014" group="Hydraulic Loading Cabinet" idds-hardware-name="dev01/ch00015" is-continuous-log="true" is-critical="false" is-enabled="true" logical-id="devCubeRack" partition="Streaming" quality-ceiling="good" rtd-reference-channel="" signal-id="DCU13_PosA8-2_IO01" subsystem-name="IDDS" subsystem-type="iDDS" topic="ParameterDataValue">
                            <alarm-limits/>
                        </instance>
                        <instance name="dev204dev01ch23" acquisition-rate="100" alternate-name="" calibration-group="" calibration-sensor="" customer-sensor="" data-type="float" deadband="0" description="Plant fuel pressure 02 (downstream of Coriolis skid) - PT101" display-format="4.2f" display-range-maximum="150" display-range-minimum="0" domain-id="6" engineering-unit="psig" export-for-steady-state="true" fixed-sensor="" fullset-stability="false" gid="4022" group="Facility" idds-hardware-name="dev01/ch00023" is-continuous-log="true" is-critical="false" is-enabled="true" logical-id="devCubeRack" partition="Streaming" quality-ceiling="good" rtd-reference-channel="" signal-id="DCU13_PosA8-2_IO01" subsystem-name="IDDS" subsystem-type="iDDS" topic="ParameterDataValue">
                            <alarm-limits>
                                <instance alarm-type="lo">
                                    <severity>
                                        <instance alarm-severity="alarm" constant-limit-value="10" delay-time="0" is-constant="true">
                                            <alarm-actions/>
                                        </instance>
                                    </severity>
                                </instance>
                                <instance alarm-type="hi">
                                    <severity>
                                        <instance alarm-severity="alarm" constant-limit-value="130" delay-time="0" is-constant="true">
                                            <alarm-actions/>
                                        </instance>
                                    </severity>
                                </instance>
                            </alarm-limits>
                        </instance>
                        <instance name="dev204dev01ch16" acquisition-rate="100" alternate-name="" calibration-group="" calibration-sensor="" customer-sensor="" data-type="float" deadband="0" description="Hydraulic loading 16 - HP Pressure 2" display-format="4.2f" display-range-maximum="5800" display-range-minimum="15" domain-id="6" engineering-unit="psia" export-for-steady-state="true" fixed-sensor="" fullset-stability="false" gid="4015" group="Hydraulic Loading Cabinet" idds-hardware-name="dev01/ch00016" is-continuous-log="true" is-critical="false" is-enabled="true" logical-id="devCubeRack" partition="Streaming" quality-ceiling="good" rtd-reference-channel="" signal-id="DCU13_PosA8-2_IO01" subsystem-name="IDDS" subsystem-type="iDDS" topic="ParameterDataValue">
                            <alarm-limits/>
                        </instance>
                        <instance name="dev204dev01ch17" acquisition-rate="100" alternate-name="" calibration-group="" calibration-sensor="" customer-sensor="" data-type="float" deadband="0" description="Hydraulic loading 17 - LP Pressure 2" display-format="4.2f" display-range-maximum="160" display-range-minimum="15" domain-id="6" engineering-unit="psia" export-for-steady-state="true" fixed-sensor="" fullset-stability="false" gid="4016" group="Hydraulic Loading Cabinet" idds-hardware-name="dev01/ch00017" is-continuous-log="true" is-critical="false" is-enabled="true" logical-id="devCubeRack" partition="Streaming" quality-ceiling="good" rtd-reference-channel="" signal-id="DCU13_PosA8-2_IO01" subsystem-name="IDDS" subsystem-type="iDDS" topic="ParameterDataValue">
                            <alarm-limits/>
                        </instance>
                        <instance name="dev608dev06ch06" acquisition-rate="33" alternate-name="" calibration-group="" calibration-sensor="" customer-sensor="" data-type="float" deadband="0" description="Engine turbine flow meter 14" display-format="5.2f" display-range-maximum="20000" display-range-minimum="0" domain-id="6" engineering-unit="Hz" export-for-steady-state="true" fixed-sensor="" fullset-stability="false" gid="4097" group="ATP Calibration" idds-hardware-name="dev06/ch00006" is-continuous-log="true" is-critical="false" is-enabled="true" logical-id="devCubeRack" partition="Streaming" quality-ceiling="good" rtd-reference-channel="" signal-id="JB1001_Pos1_IO02" subsystem-name="IDDS" subsystem-type="iDDS" topic="ParameterDataValue">
                            <alarm-limits/>
                        </instance>
                        <instance name="dev4041dev04ch03" acquisition-rate="200" alternate-name="" calibration-group="" calibration-sensor="" customer-sensor="" data-type="boolean" description="Digital Input - RR Use 15" display-format="False/True" domain-id="6" export-for-steady-state="false" fixed-sensor="" fullset-stability="false" gid="4046" group="ATP Calibration" idds-hardware-name="dev04/ch00003" is-continuous-log="true" is-critical="false" is-enabled="true" logical-id="devCubeRack" partition="Streaming" quality-ceiling="good" rtd-reference-channel="" signal-id="DCU13_PosA2-2_IO01" subsystem-name="IDDS" subsystem-type="iDDS" topic="ParameterDataValue">
                            <alarm-limits/>
                        </instance>
                        <instance name="dev204dev01ch18" acquisition-rate="100" alternate-name="" calibration-group="" calibration-sensor="" customer-sensor="" data-type="float" deadband="0" description="Hydraulic loading 18 - Case Drain Pressure 2" display-format="4.2f" display-range-maximum="160" display-range-minimum="15" domain-id="6" engineering-unit="psia" export-for-steady-state="true" fixed-sensor="" fullset-stability="false" gid="4017" group="Hydraulic Loading Cabinet" idds-hardware-name="dev01/ch00018" is-continuous-log="true" is-critical="false" is-enabled="true" logical-id="devCubeRack" partition="Streaming" quality-ceiling="good" rtd-reference-channel="" signal-id="DCU13_PosA8-2_IO01" subsystem-name="IDDS" subsystem-type="iDDS" topic="ParameterDataValue">
                            <alarm-limits/>
                        </instance>
                        <instance name="dev204dev01ch19" acquisition-rate="100" alternate-name="" calibration-group="" calibration-sensor="" customer-sensor="" data-type="float" deadband="0" description="Hydraulic loading 19 - HP Flow 2" display-format="4.2f" display-range-maximum="3960" display-range-minimum="0" domain-id="6" engineering-unit="UKgal/h" export-for-steady-state="true" fixed-sensor="" fullset-stability="false" gid="4018" group="Hydraulic Loading Cabinet" idds-hardware-name="dev01/ch00019" is-continuous-log="true" is-critical="false" is-enabled="true" logical-id="devCubeRack" partition="Streaming" quality-ceiling="good" rtd-reference-channel="" signal-id="DCU13_PosA8-2_IO01" subsystem-name="IDDS" subsystem-type="iDDS" topic="ParameterDataValue">
                            <alarm-limits/>
                        </instance>
                        <instance name="dev204dev01ch20" acquisition-rate="100" alternate-name="" calibration-group="" calibration-sensor="" customer-sensor="" data-type="float" deadband="0" description="Hydraulic loading 20 - Case Drain Flow 2" display-format="4.2f" display-range-maximum="700" display-range-minimum="0" domain-id="6" engineering-unit="UKgal/h" export-for-steady-state="true" fixed-sensor="" fullset-stability="false" gid="4019" group="Hydraulic Loading Cabinet" idds-hardware-name="dev01/ch00020" is-continuous-log="true" is-critical="false" is-enabled="true" logical-id="devCubeRack" partition="Streaming" quality-ceiling="good" rtd-reference-channel="" signal-id="DCU13_PosA8-2_IO01" subsystem-name="IDDS" subsystem-type="iDDS" topic="ParameterDataValue">
                            <alarm-limits/>
                        </instance>
                        <instance name="dev218dev02ch01" acquisition-rate="200" alternate-name="" calibration-group="" calibration-sensor="" customer-sensor="" data-type="float" deadband="0" description="Engine Liquid Air Pressures 09" display-format="4.2f" display-range-maximum="5" display-range-minimum="0" domain-id="6" engineering-unit="Vdc" export-for-steady-state="true" fixed-sensor="" fullset-stability="false" gid="4024" group="ATP Calibration" idds-hardware-name="dev02/ch00001" is-continuous-log="true" is-critical="false" is-enabled="true" logical-id="devCubeRack" partition="Streaming" quality-ceiling="good" rtd-reference-channel="" signal-id="JB1002_Pos5_IO02" subsystem-name="IDDS" subsystem-type="iDDS" topic="ParameterDataValue">
                            <alarm-limits/>
                        </instance>
                        <instance name="dev608dev06ch05" acquisition-rate="33" alternate-name="" calibration-group="" calibration-sensor="" customer-sensor="" data-type="float" deadband="0" description="Engine turbine flow meter 13" display-format="5.2f" display-range-maximum="20000" display-range-minimum="0" domain-id="6" engineering-unit="Hz" export-for-steady-state="true" fixed-sensor="" fullset-stability="false" gid="4096" group="ATP Calibration" idds-hardware-name="dev06/ch00005" is-continuous-log="true" is-critical="false" is-enabled="true" logical-id="devCubeRack" partition="Streaming" quality-ceiling="good" rtd-reference-channel="" signal-id="JB1001_Pos1_IO02" subsystem-name="IDDS" subsystem-type="iDDS" topic="ParameterDataValue">
                            <alarm-limits/>
                        </instance>
                        <instance name="dev4041dev04ch07" acquisition-rate="200" alternate-name="" calibration-group="" calibration-sensor="" customer-sensor="" data-type="boolean" description="Slave set with auto recognition 03" display-format="False/True" domain-id="6" export-for-steady-state="true" fixed-sensor="" fullset-stability="false" gid="4050" group="ATP Calibration" idds-hardware-name="dev04/ch00007" is-continuous-log="true" is-critical="false" is-enabled="true" logical-id="devCubeRack" partition="Streaming" quality-ceiling="good" rtd-reference-channel="" signal-id="DCU13_PosA2-2_IO01" subsystem-name="IDDS" subsystem-type="iDDS" topic="ParameterDataValue">
                            <alarm-limits/>
                        </instance>
                        <instance name="dev218dev02ch03" acquisition-rate="200" alternate-name="" calibration-group="" calibration-sensor="" customer-sensor="" data-type="float" deadband="0" description="Engine Liquid Air Pressures 11" display-format="4.2f" display-range-maximum="5" display-range-minimum="0" domain-id="6" engineering-unit="Vdc" export-for-steady-state="true" fixed-sensor="" fullset-stability="false" gid="4026" group="ATP Calibration" idds-hardware-name="dev02/ch00003" is-continuous-log="true" is-critical="false" is-enabled="true" logical-id="devCubeRack" partition="Streaming" quality-ceiling="good" rtd-reference-channel="" signal-id="JB1002_Pos5_IO02" subsystem-name="IDDS" subsystem-type="iDDS" topic="ParameterDataValue">
                            <alarm-limits/>
                        </instance>
                        <instance name="dev218dev02ch08" acquisition-rate="200" alternate-name="" calibration-group="" calibration-sensor="" customer-sensor="" data-type="float" deadband="0" description="Engine Liquid Air Pressures 16" display-format="4.2f" display-range-maximum="5" display-range-minimum="0" domain-id="6" engineering-unit="Vdc" export-for-steady-state="true" fixed-sensor="" fullset-stability="false" gid="4031" group="ATP Calibration" idds-hardware-name="dev02/ch00008" is-continuous-log="true" is-critical="false" is-enabled="true" logical-id="devCubeRack" partition="Streaming" quality-ceiling="good" rtd-reference-channel="" signal-id="JB1002_Pos5_IO02" subsystem-name="IDDS" subsystem-type="iDDS" topic="ParameterDataValue">
                            <alarm-limits/>
                        </instance>
                        <instance name="dev218dev02ch02" acquisition-rate="200" alternate-name="" calibration-group="" calibration-sensor="" customer-sensor="" data-type="float" deadband="0" description="Engine Liquid Air Pressures 10" display-format="4.2f" display-range-maximum="5" display-range-minimum="0" domain-id="6" engineering-unit="Vdc" export-for-steady-state="true" fixed-sensor="" fullset-stability="false" gid="4025" group="ATP Calibration" idds-hardware-name="dev02/ch00002" is-continuous-log="true" is-critical="false" is-enabled="true" logical-id="devCubeRack" partition="Streaming" quality-ceiling="good" rtd-reference-channel="" signal-id="JB1002_Pos5_IO02" subsystem-name="IDDS" subsystem-type="iDDS" topic="ParameterDataValue">
                            <alarm-limits/>
                        </instance>
                        <instance name="dev218dev02ch04" acquisition-rate="200" alternate-name="" calibration-group="" calibration-sensor="" customer-sensor="" data-type="float" deadband="0" description="Engine Liquid Air Pressures 12" display-format="4.2f" display-range-maximum="5" display-range-minimum="0" domain-id="6" engineering-unit="Vdc" export-for-steady-state="true" fixed-sensor="" fullset-stability="false" gid="4027" group="ATP Calibration" idds-hardware-name="dev02/ch00004" is-continuous-log="true" is-critical="false" is-enabled="true" logical-id="devCubeRack" partition="Streaming" quality-ceiling="good" rtd-reference-channel="" signal-id="JB1002_Pos5_IO02" subsystem-name="IDDS" subsystem-type="iDDS" topic="ParameterDataValue">
                            <alarm-limits/>
                        </instance>
                        <instance name="dev4041dev04ch08" acquisition-rate="200" alternate-name="" calibration-group="" calibration-sensor="" customer-sensor="" data-type="boolean" description="Slave set with auto recognition 04" display-format="False/True" domain-id="6" export-for-steady-state="true" fixed-sensor="" fullset-stability="false" gid="4051" group="ATP Calibration" idds-hardware-name="dev04/ch00008" is-continuous-log="true" is-critical="false" is-enabled="true" logical-id="devCubeRack" partition="Streaming" quality-ceiling="good" rtd-reference-channel="" signal-id="DCU13_PosA2-2_IO01" subsystem-name="IDDS" subsystem-type="iDDS" topic="ParameterDataValue">
                            <alarm-limits/>
                        </instance>
                        <instance name="dev204dev01ch24" acquisition-rate="100" alternate-name="" calibration-group="" calibration-sensor="" customer-sensor="" data-type="float" deadband="0" description="Plant fuel pressure 01 (upstream of Coriolis skid) - PT108" display-format="4.2f" display-range-maximum="150" display-range-minimum="0" domain-id="6" engineering-unit="psig" export-for-steady-state="true" fixed-sensor="" fullset-stability="false" gid="4023" group="Facility" idds-hardware-name="dev01/ch00024" is-continuous-log="true" is-critical="false" is-enabled="true" logical-id="devCubeRack" partition="Streaming" quality-ceiling="good" rtd-reference-channel="" signal-id="DCU13_PosA8-2_IO01" subsystem-name="IDDS" subsystem-type="iDDS" topic="ParameterDataValue">
                            <alarm-limits>
                                <instance alarm-type="lo">
                                    <severity>
                                        <instance alarm-severity="alarm" constant-limit-value="0" delay-time="0" is-constant="true">
                                            <alarm-actions/>
                                        </instance>
                                    </severity>
                                </instance>
                                <instance alarm-type="hi">
                                    <severity>
                                        <instance alarm-severity="alarm" constant-limit-value="120" delay-time="0" is-constant="true">
                                            <alarm-actions/>
                                        </instance>
                                    </severity>
                                </instance>
                            </alarm-limits>
                        </instance>
                        <instance name="dev218dev02ch05" acquisition-rate="200" alternate-name="" calibration-group="" calibration-sensor="" customer-sensor="" data-type="float" deadband="0" description="Engine Liquid Air Pressures 13" display-format="4.2f" display-range-maximum="5" display-range-minimum="0" domain-id="6" engineering-unit="Vdc" export-for-steady-state="true" fixed-sensor="" fullset-stability="false" gid="4028" group="ATP Calibration" idds-hardware-name="dev02/ch00005" is-continuous-log="true" is-critical="false" is-enabled="true" logical-id="devCubeRack" partition="Streaming" quality-ceiling="good" rtd-reference-channel="" signal-id="JB1002_Pos5_IO02" subsystem-name="IDDS" subsystem-type="iDDS" topic="ParameterDataValue">
                            <alarm-limits/>
                        </instance>
                        <instance name="dev4041dev04ch22" acquisition-rate="200" alternate-name="" calibration-group="" calibration-sensor="" customer-sensor="" data-type="boolean" description="Cube ID 22 Digital Output Facility Spare" display-format="False/True" domain-id="6" export-for-steady-state="false" fixed-sensor="" fullset-stability="false" gid="4065" group="ATP Calibration" idds-hardware-name="dev04/ch00022" is-continuous-log="true" is-critical="false" is-enabled="true" logical-id="devCubeRack" partition="Streaming" quality-ceiling="good" rtd-reference-channel="" signal-id="DCU13_PosA2-2_IO01" subsystem-name="IDDS" subsystem-type="iDDS" topic="ParameterDataValue">
                            <alarm-limits/>
                        </instance>
                        <instance name="dev218dev02ch06" acquisition-rate="200" alternate-name="" calibration-group="" calibration-sensor="" customer-sensor="" data-type="float" deadband="0" description="Engine Liquid Air Pressures 14" display-format="4.2f" display-range-maximum="5" display-range-minimum="0" domain-id="6" engineering-unit="Vdc" export-for-steady-state="true" fixed-sensor="" fullset-stability="false" gid="4029" group="ATP Calibration" idds-hardware-name="dev02/ch00006" is-continuous-log="true" is-critical="false" is-enabled="true" logical-id="devCubeRack" partition="Streaming" quality-ceiling="good" rtd-reference-channel="" signal-id="JB1002_Pos5_IO02" subsystem-name="IDDS" subsystem-type="iDDS" topic="ParameterDataValue">
                            <alarm-limits/>
                        </instance>
                        <instance name="dev204dev01ch08" acquisition-rate="100" alternate-name="" calibration-group="" calibration-sensor="" customer-sensor="" data-type="float" deadband="0" description="Hydraulic loading 08 - Case Drain Pressure 1" display-format="4.2f" display-range-maximum="160" display-range-minimum="15" domain-id="6" engineering-unit="psia" export-for-steady-state="true" fixed-sensor="" fullset-stability="false" gid="4007" group="Hydraulic Loading Cabinet" idds-hardware-name="dev01/ch00008" is-continuous-log="true" is-critical="false" is-enabled="true" logical-id="devCubeRack" partition="Streaming" quality-ceiling="good" rtd-reference-channel="" signal-id="DCU13_PosA8-2_IO01" subsystem-name="IDDS" subsystem-type="iDDS" topic="ParameterDataValue">
                            <alarm-limits/>
                        </instance>
                        <instance name="dev218dev02ch07" acquisition-rate="200" alternate-name="" calibration-group="" calibration-sensor="" customer-sensor="" data-type="float" deadband="0" description="Engine Liquid Air Pressures 15" display-format="4.2f" display-range-maximum="5" display-range-minimum="0" domain-id="6" engineering-unit="Vdc" export-for-steady-state="true" fixed-sensor="" fullset-stability="false" gid="4030" group="ATP Calibration" idds-hardware-name="dev02/ch00007" is-continuous-log="true" is-critical="false" is-enabled="true" logical-id="devCubeRack" partition="Streaming" quality-ceiling="good" rtd-reference-channel="" signal-id="JB1002_Pos5_IO02" subsystem-name="IDDS" subsystem-type="iDDS" topic="ParameterDataValue">
                            <alarm-limits/>
                        </instance>
                        <instance name="dev222dev03ch06" acquisition-rate="100" alternate-name="" calibration-group="" calibration-sensor="" customer-sensor="" data-type="float" deadband="0" description="EngineRBT17" display-format="4.2f" display-range-maximum="1200" display-range-minimum="-20" domain-id="6" engineering-unit="Ohm" export-for-steady-state="true" fixed-sensor="" fullset-stability="false" gid="4037" group="ATP Calibration" idds-hardware-name="dev03/ch00006" is-continuous-log="true" is-critical="false" is-enabled="true" logical-id="devCubeRack" partition="Streaming" quality-ceiling="good" rtd-reference-channel="" signal-id="JB1001_Pos5_IO02" subsystem-name="IDDS" subsystem-type="iDDS" topic="ParameterDataValue">
                            <alarm-limits/>
                        </instance>
                        <instance name="dev4041dev04ch02" acquisition-rate="200" alternate-name="" calibration-group="" calibration-sensor="" customer-sensor="" data-type="boolean" description="Digital Input - RR Use 14" display-format="False/True" domain-id="6" export-for-steady-state="false" fixed-sensor="" fullset-stability="false" gid="4045" group="ATP Calibration" idds-hardware-name="dev04/ch00002" is-continuous-log="true" is-critical="false" is-enabled="true" logical-id="devCubeRack" partition="Streaming" quality-ceiling="good" rtd-reference-channel="" signal-id="DCU13_PosA2-2_IO01" subsystem-name="IDDS" subsystem-type="iDDS" topic="ParameterDataValue">
                            <alarm-limits/>
                        </instance>
                        <instance name="dev222dev03ch08" acquisition-rate="100" alternate-name="" calibration-group="" calibration-sensor="" customer-sensor="" data-type="float" deadband="0" description="CradlePortRear" display-format="4.2f" display-range-maximum="333" display-range-minimum="253" domain-id="6" engineering-unit="K" export-for-steady-state="true" fixed-sensor="" fullset-stability="false" gid="4039" group="Facility" idds-hardware-name="dev03/ch00008" is-continuous-log="true" is-critical="false" is-enabled="true" logical-id="devCubeRack" partition="Streaming" quality-ceiling="good" rtd-reference-channel="" signal-id="JB1001_Pos5_IO02" subsystem-name="IDDS" subsystem-type="iDDS" topic="ParameterDataValue">
                            <alarm-limits/>
                        </instance>
                        <instance name="dev222dev03ch05" acquisition-rate="100" alternate-name="" calibration-group="" calibration-sensor="" customer-sensor="" data-type="float" deadband="0" description="EngineRBT16" display-format="4.2f" display-range-maximum="1200" display-range-minimum="-20" domain-id="6" engineering-unit="Ohm" export-for-steady-state="true" fixed-sensor="" fullset-stability="false" gid="4036" group="ATP Calibration" idds-hardware-name="dev03/ch00005" is-continuous-log="true" is-critical="false" is-enabled="true" logical-id="devCubeRack" partition="Streaming" quality-ceiling="good" rtd-reference-channel="" signal-id="JB1001_Pos5_IO02" subsystem-name="IDDS" subsystem-type="iDDS" topic="ParameterDataValue">
                            <alarm-limits/>
                        </instance>
                        <instance name="dev222dev03ch09" acquisition-rate="100" alternate-name="" calibration-group="" calibration-sensor="" customer-sensor="" data-type="float" deadband="0" description="CradleStarboardRear" display-format="4.2f" display-range-maximum="333" display-range-minimum="253" domain-id="6" engineering-unit="K" export-for-steady-state="true" fixed-sensor="" fullset-stability="false" gid="4040" group="Facility" idds-hardware-name="dev03/ch00009" is-continuous-log="true" is-critical="false" is-enabled="true" logical-id="devCubeRack" partition="Streaming" quality-ceiling="good" rtd-reference-channel="" signal-id="JB1001_Pos5_IO02" subsystem-name="IDDS" subsystem-type="iDDS" topic="ParameterDataValue">
                            <alarm-limits/>
                        </instance>
                        <instance name="dev4041dev04ch09" acquisition-rate="200" alternate-name="" calibration-group="" calibration-sensor="" customer-sensor="" data-type="boolean" description="Cube ID 22 Digital Input Facility Spare" display-format="False/True" domain-id="6" export-for-steady-state="false" fixed-sensor="" fullset-stability="false" gid="4052" group="ATP Calibration" idds-hardware-name="dev04/ch00009" is-continuous-log="true" is-critical="false" is-enabled="true" logical-id="devCubeRack" partition="Streaming" quality-ceiling="good" rtd-reference-channel="" signal-id="DCU13_PosA2-2_IO01" subsystem-name="IDDS" subsystem-type="iDDS" topic="ParameterDataValue">
                            <alarm-limits/>
                        </instance>
                        <instance name="dev222dev03ch10" acquisition-rate="100" alternate-name="" calibration-group="" calibration-sensor="" customer-sensor="" data-type="float" deadband="0" description="CradlePortMiddleForward" display-format="4.2f" display-range-maximum="333" display-range-minimum="253" domain-id="6" engineering-unit="K" export-for-steady-state="false" fixed-sensor="" fullset-stability="false" gid="4041" group="Facility" idds-hardware-name="dev03/ch00010" is-continuous-log="true" is-critical="false" is-enabled="true" logical-id="devCubeRack" partition="Streaming" quality-ceiling="good" rtd-reference-channel="" signal-id="JB1001_Pos5_IO02" subsystem-name="IDDS" subsystem-type="iDDS" topic="ParameterDataValue">
                            <alarm-limits/>
                        </instance>
                        <instance name="dev222dev03ch11" acquisition-rate="100" alternate-name="" calibration-group="" calibration-sensor="" customer-sensor="" data-type="float" deadband="0" description="CradleStarboardMiddleForward" display-format="4.2f" display-range-maximum="333" display-range-minimum="253" domain-id="6" engineering-unit="K" export-for-steady-state="false" fixed-sensor="" fullset-stability="false" gid="4042" group="Facility" idds-hardware-name="dev03/ch00011" is-continuous-log="true" is-critical="false" is-enabled="true" logical-id="devCubeRack" partition="Streaming" quality-ceiling="good" rtd-reference-channel="" signal-id="JB1001_Pos5_IO02" subsystem-name="IDDS" subsystem-type="iDDS" topic="ParameterDataValue">
                            <alarm-limits/>
                        </instance>
                        <instance name="dev222dev03ch02" acquisition-rate="100" alternate-name="" calibration-group="" calibration-sensor="" customer-sensor="" data-type="float" deadband="0" description="EngineRBT13" display-format="4.2f" display-range-maximum="1200" display-range-minimum="-20" domain-id="6" engineering-unit="Ohm" export-for-steady-state="true" fixed-sensor="" fullset-stability="false" gid="4033" group="ATP Calibration" idds-hardware-name="dev03/ch00002" is-continuous-log="true" is-critical="false" is-enabled="true" logical-id="devCubeRack" partition="Streaming" quality-ceiling="good" rtd-reference-channel="" signal-id="JB1001_Pos5_IO02" subsystem-name="IDDS" subsystem-type="iDDS" topic="ParameterDataValue">
                            <alarm-limits/>
                        </instance>
                        <instance name="dev4041dev04ch15" acquisition-rate="200" alternate-name="" calibration-group="" calibration-sensor="" customer-sensor="" data-type="boolean" description="Digital Output - RR Use 15" display-format="False/True" domain-id="6" export-for-steady-state="false" fixed-sensor="" fullset-stability="false" gid="4058" group="ATP Calibration" idds-hardware-name="dev04/ch00015" is-continuous-log="true" is-critical="false" is-enabled="true" logical-id="devCubeRack" partition="Streaming" quality-ceiling="good" rtd-reference-channel="" signal-id="DCU13_PosA2-2_IO01" subsystem-name="IDDS" subsystem-type="iDDS" topic="ParameterDataValue">
                            <alarm-limits/>
                        </instance>
                        <instance name="dev204dev01ch22" acquisition-rate="100" alternate-name="" calibration-group="" calibration-sensor="" customer-sensor="" data-type="float" deadband="0" description="Fuel density 02" display-format="4.2f" display-range-maximum="820" display-range-minimum="780" domain-id="6" engineering-unit="kg/m3" export-for-steady-state="true" fixed-sensor="" fullset-stability="false" gid="4021" group="Facility" idds-hardware-name="dev01/ch00022" is-continuous-log="true" is-critical="false" is-enabled="true" logical-id="devCubeRack" partition="Streaming" quality-ceiling="good" rtd-reference-channel="" signal-id="DCU13_PosA8-2_IO01" subsystem-name="IDDS" subsystem-type="iDDS" topic="ParameterDataValue">
                            <alarm-limits/>
                        </instance>
                        <instance name="dev4041dev04ch23" acquisition-rate="200" alternate-name="" calibration-group="" calibration-sensor="" customer-sensor="" data-type="boolean" description="Cube ID 22 Digital Output Facility Spare" display-format="False/True" domain-id="6" export-for-steady-state="false" fixed-sensor="" fullset-stability="false" gid="4066" group="ATP Calibration" idds-hardware-name="dev04/ch00023" is-continuous-log="true" is-critical="false" is-enabled="true" logical-id="devCubeRack" partition="Streaming" quality-ceiling="good" rtd-reference-channel="" signal-id="DCU13_PosA2-2_IO01" subsystem-name="IDDS" subsystem-type="iDDS" topic="ParameterDataValue">
                            <alarm-limits/>
                        </instance>
                        <instance name="dev222dev03ch12" acquisition-rate="100" alternate-name="" calibration-group="" calibration-sensor="" customer-sensor="" data-type="float" deadband="0" description="Cube ID 01 I/O 2 Confidence Resistor" display-format="4.2f" display-range-maximum="230" display-range-minimum="80" domain-id="6" engineering-unit="K" export-for-steady-state="false" fixed-sensor="" fullset-stability="false" gid="4043" group="ATP Calibration" idds-hardware-name="dev03/ch00012" is-continuous-log="true" is-critical="false" is-enabled="true" logical-id="devCubeRack" partition="Streaming" quality-ceiling="good" rtd-reference-channel="" signal-id="JB1001_Pos5_IO02" subsystem-name="IDDS" subsystem-type="iDDS" topic="ParameterDataValue">
                            <alarm-limits/>
                        </instance>
                        <instance name="dev222dev03ch03" acquisition-rate="100" alternate-name="" calibration-group="" calibration-sensor="" customer-sensor="" data-type="float" deadband="0" description="EngineRBT14" display-format="4.2f" display-range-maximum="1200" display-range-minimum="-20" domain-id="6" engineering-unit="Ohm" export-for-steady-state="true" fixed-sensor="" fullset-stability="false" gid="4034" group="ATP Calibration" idds-hardware-name="dev03/ch00003" is-continuous-log="true" is-critical="false" is-enabled="true" logical-id="devCubeRack" partition="Streaming" quality-ceiling="good" rtd-reference-channel="" signal-id="JB1001_Pos5_IO02" subsystem-name="IDDS" subsystem-type="iDDS" topic="ParameterDataValue">
                            <alarm-limits/>
                        </instance>
                        <instance name="dev204dev01ch07" acquisition-rate="100" alternate-name="" calibration-group="" calibration-sensor="" customer-sensor="" data-type="float" deadband="0" description="Hydraulic loading 07 - LP Pressure 1" display-format="4.2f" display-range-maximum="160" display-range-minimum="15" domain-id="6" engineering-unit="psia" export-for-steady-state="true" fixed-sensor="" fullset-stability="false" gid="4006" group="Hydraulic Loading Cabinet" idds-hardware-name="dev01/ch00007" is-continuous-log="true" is-critical="false" is-enabled="true" logical-id="devCubeRack" partition="Streaming" quality-ceiling="good" rtd-reference-channel="" signal-id="DCU13_PosA8-2_IO01" subsystem-name="IDDS" subsystem-type="iDDS" topic="ParameterDataValue">
                            <alarm-limits/>
                        </instance>
                        <instance name="dev222dev03ch07" acquisition-rate="100" alternate-name="" calibration-group="" calibration-sensor="" customer-sensor="" data-type="float" deadband="0" description="EngineRBT18" display-format="4.2f" display-range-maximum="1200" display-range-minimum="-20" domain-id="6" engineering-unit="Ohm" export-for-steady-state="true" fixed-sensor="" fullset-stability="false" gid="4038" group="ATP Calibration" idds-hardware-name="dev03/ch00007" is-continuous-log="true" is-critical="false" is-enabled="true" logical-id="devCubeRack" partition="Streaming" quality-ceiling="good" rtd-reference-channel="" signal-id="JB1001_Pos5_IO02" subsystem-name="IDDS" subsystem-type="iDDS" topic="ParameterDataValue">
                            <alarm-limits/>
                        </instance>
                        <instance name="dev222dev03ch01" acquisition-rate="100" alternate-name="" calibration-group="" calibration-sensor="" customer-sensor="" data-type="float" deadband="0" description="EngineRBT12" display-format="4.2f" display-range-maximum="1200" display-range-minimum="-20" domain-id="6" engineering-unit="Ohm" export-for-steady-state="true" fixed-sensor="" fullset-stability="false" gid="4032" group="ATP Calibration" idds-hardware-name="dev03/ch00001" is-continuous-log="true" is-critical="false" is-enabled="true" logical-id="devCubeRack" partition="Streaming" quality-ceiling="good" rtd-reference-channel="" signal-id="JB1001_Pos5_IO01" subsystem-name="IDDS" subsystem-type="iDDS" topic="ParameterDataValue">
                            <alarm-limits/>
                        </instance>
                        <instance name="dev204dev01ch06" acquisition-rate="100" alternate-name="" calibration-group="" calibration-sensor="" customer-sensor="" data-type="float" deadband="0" description="Hydraulic loading 06 - HP Pressure 1" display-format="4.2f" display-range-maximum="5800" display-range-minimum="15" domain-id="6" engineering-unit="psia" export-for-steady-state="true" fixed-sensor="" fullset-stability="false" gid="4005" group="Hydraulic Loading Cabinet" idds-hardware-name="dev01/ch00006" is-continuous-log="true" is-critical="false" is-enabled="true" logical-id="devCubeRack" partition="Streaming" quality-ceiling="good" rtd-reference-channel="" signal-id="DCU13_PosA8-2_IO01" subsystem-name="IDDS" subsystem-type="iDDS" topic="ParameterDataValue">
                            <alarm-limits/>
                        </instance>
                        <instance name="dev222dev03ch04" acquisition-rate="100" alternate-name="" calibration-group="" calibration-sensor="" customer-sensor="" data-type="float" deadband="0" description="EngineRBT15" display-format="4.2f" display-range-maximum="1200" display-range-minimum="-20" domain-id="6" engineering-unit="Ohm" export-for-steady-state="true" fixed-sensor="" fullset-stability="false" gid="4035" group="ATP Calibration" idds-hardware-name="dev03/ch00004" is-continuous-log="true" is-critical="false" is-enabled="true" logical-id="devCubeRack" partition="Streaming" quality-ceiling="good" rtd-reference-channel="" signal-id="JB1001_Pos5_IO02" subsystem-name="IDDS" subsystem-type="iDDS" topic="ParameterDataValue">
                            <alarm-limits/>
                        </instance>
                        <instance name="dev204dev01ch01" acquisition-rate="100" alternate-name="" calibration-group="" calibration-sensor="" customer-sensor="" data-type="float" deadband="0" description="Hydraulic loading 01 - Case Drain Temp 1" display-format="4.2f" display-range-maximum="373" display-range-minimum="263" domain-id="6" engineering-unit="K" export-for-steady-state="true" fixed-sensor="" fullset-stability="false" gid="4000" group="Hydraulic Loading Cabinet" idds-hardware-name="dev01/ch00001" is-continuous-log="true" is-critical="false" is-enabled="true" logical-id="devCubeRack" partition="Streaming" quality-ceiling="good" rtd-reference-channel="" signal-id="DCU13_PosA8-2_IO01" subsystem-name="IDDS" subsystem-type="iDDS" topic="ParameterDataValue">
                            <alarm-limits/>
                        </instance>
                        <instance name="dev4041dev04ch10" acquisition-rate="200" alternate-name="" calibration-group="" calibration-sensor="" customer-sensor="" data-type="boolean" description="Cube ID 22 Digital Input Facility Spare" display-format="False/True" domain-id="6" export-for-steady-state="false" fixed-sensor="" fullset-stability="false" gid="4053" group="ATP Calibration" idds-hardware-name="dev04/ch00010" is-continuous-log="true" is-critical="false" is-enabled="true" logical-id="devCubeRack" partition="Streaming" quality-ceiling="good" rtd-reference-channel="" signal-id="DCU13_PosA2-2_IO01" subsystem-name="IDDS" subsystem-type="iDDS" topic="ParameterDataValue">
                            <alarm-limits/>
                        </instance>
                        <instance name="dev204dev01ch02" acquisition-rate="100" alternate-name="" calibration-group="" calibration-sensor="" customer-sensor="" data-type="float" deadband="0" description="Hydraulic loading 02 - Reservoir Level Tank 1" display-format="4.2f" display-range-maximum="100" display-range-minimum="0" domain-id="6" engineering-unit="%" export-for-steady-state="true" fixed-sensor="" fullset-stability="false" gid="4001" group="Hydraulic Loading Cabinet" idds-hardware-name="dev01/ch00002" is-continuous-log="true" is-critical="false" is-enabled="true" logical-id="devCubeRack" partition="Streaming" quality-ceiling="good" rtd-reference-channel="" signal-id="DCU13_PosA8-2_IO01" subsystem-name="IDDS" subsystem-type="iDDS" topic="ParameterDataValue">
                            <alarm-limits/>
                        </instance>
                        <instance name="dev4042dev05ch17" acquisition-rate="200" alternate-name="" calibration-group="" calibration-sensor="" customer-sensor="" data-type="boolean" description="BarRefSOV1Out - input from cube to RTE. Reference maifold isolation reference feedback" display-format="False/Reference Manifold Isolated" domain-id="6" export-for-steady-state="false" fixed-sensor="" fullset-stability="false" gid="4084" group="Facility" idds-hardware-name="dev05/ch00017" is-continuous-log="true" is-critical="false" is-enabled="true" logical-id="devCubeRack" partition="Streaming" quality-ceiling="good" rtd-reference-channel="" signal-id="DCU13_PosA2-3_IO01" subsystem-name="IDDS" subsystem-type="iDDS" topic="ParameterDataValue">
                            <alarm-limits/>
                        </instance>
                        <instance name="dev204dev01ch03" acquisition-rate="100" alternate-name="" calibration-group="" calibration-sensor="" customer-sensor="" data-type="float" deadband="0" description="Hydraulic loading 03 - HP Temperature 1" display-format="4.2f" display-range-maximum="373" display-range-minimum="263" domain-id="6" engineering-unit="K" export-for-steady-state="true" fixed-sensor="" fullset-stability="false" gid="4002" group="Hydraulic Loading Cabinet" idds-hardware-name="dev01/ch00003" is-continuous-log="true" is-critical="false" is-enabled="true" logical-id="devCubeRack" partition="Streaming" quality-ceiling="good" rtd-reference-channel="" signal-id="DCU13_PosA8-2_IO01" subsystem-name="IDDS" subsystem-type="iDDS" topic="ParameterDataValue">
                            <alarm-limits/>
                        </instance>
                        <instance name="dev4042dev05ch05" acquisition-rate="200" alternate-name="" calibration-group="" calibration-sensor="" customer-sensor="" data-type="boolean" description="PBS High Pressure Purge Air / Press Low = True." display-format="False/Purge Air High Source has Low Pressure" domain-id="6" export-for-steady-state="false" fixed-sensor="" fullset-stability="false" gid="4072" group="Facility" idds-hardware-name="dev05/ch00005" is-continuous-log="true" is-critical="false" is-enabled="true" logical-id="devCubeRack" partition="Streaming" quality-ceiling="good" rtd-reference-channel="" signal-id="DCU13_PosA2-3_IO01" subsystem-name="IDDS" subsystem-type="iDDS" topic="ParameterDataValue">
                            <alarm-limits>
                                <instance alarm-type="disc">
                                    <severity>
                                        <instance alarm-severity="alarm" constant-limit-value="true" is-constant="true">
                                            <alarm-actions>
                                                <instance action-type="event-comment" event-comment="Warning - PBS High pressure purge supply pressure below limit" priority="high" trigger-on-positive="true"/>
                                            </alarm-actions>
                                        </instance>
                                    </severity>
                                </instance>
                            </alarm-limits>
                        </instance>
                        <instance name="dev4041dev04ch05" acquisition-rate="200" alternate-name="" calibration-group="" calibration-sensor="" customer-sensor="" data-type="boolean" description="Slave set with auto recognition 01" display-format="False/True" domain-id="6" export-for-steady-state="true" fixed-sensor="" fullset-stability="false" gid="4048" group="ATP Calibration" idds-hardware-name="dev04/ch00005" is-continuous-log="true" is-critical="false" is-enabled="true" logical-id="devCubeRack" partition="Streaming" quality-ceiling="good" rtd-reference-channel="" signal-id="DCU13_PosA2-2_IO01" subsystem-name="IDDS" subsystem-type="iDDS" topic="ParameterDataValue">
                            <alarm-limits/>
                        </instance>
                        <instance name="dev4042dev05ch01" acquisition-rate="200" alternate-name="" calibration-group="" calibration-sensor="" customer-sensor="" data-type="boolean" description="EStopAct - input from cube to RTE. Emergency Stop Activated indication" display-format="False/Emergency Stop Active" domain-id="6" export-for-steady-state="false" fixed-sensor="" fullset-stability="false" gid="4068" group="Facility" idds-hardware-name="dev05/ch00001" is-continuous-log="true" is-critical="false" is-enabled="true" logical-id="devCubeRack" partition="Streaming" quality-ceiling="good" rtd-reference-channel="" signal-id="DCU13_PosA2-3_IO01" subsystem-name="IDDS" subsystem-type="iDDS" topic="ParameterDataValue">
                            <alarm-limits/>
                        </instance>
                        <instance name="dev4041dev04ch19" acquisition-rate="200" alternate-name="" calibration-group="" calibration-sensor="" customer-sensor="" data-type="boolean" description="Cube ID 22 Digital Output Facility Spare" display-format="False/True" domain-id="6" export-for-steady-state="false" fixed-sensor="" fullset-stability="false" gid="4062" group="ATP Calibration" idds-hardware-name="dev04/ch00019" is-continuous-log="true" is-critical="false" is-enabled="true" logical-id="devCubeRack" partition="Streaming" quality-ceiling="good" rtd-reference-channel="" signal-id="DCU13_PosA2-2_IO01" subsystem-name="IDDS" subsystem-type="iDDS" topic="ParameterDataValue">
                            <alarm-limits/>
                        </instance>
                        <instance name="dev4042dev05ch19" acquisition-rate="200" alternate-name="" calibration-group="" calibration-sensor="" customer-sensor="" data-type="boolean" description="PurgeAirHLPressure - input from cube to RTE. Purge Air High/Low Pressure feedback" display-format="Purge Air Low Pressure/Purge Air High Pressure" domain-id="6" export-for-steady-state="false" fixed-sensor="" fullset-stability="false" gid="4086" group="Facility" idds-hardware-name="dev05/ch00019" is-continuous-log="true" is-critical="false" is-enabled="true" logical-id="devCubeRack" partition="Streaming" quality-ceiling="good" rtd-reference-channel="" signal-id="DCU13_PosA2-3_IO01" subsystem-name="IDDS" subsystem-type="iDDS" topic="ParameterDataValue">
                            <alarm-limits/>
                        </instance>
                        <instance name="dev4041dev04ch14" acquisition-rate="200" alternate-name="" calibration-group="" calibration-sensor="" customer-sensor="" data-type="boolean" description="Digital Output - RR Use 14" display-format="False/True" domain-id="6" export-for-steady-state="false" fixed-sensor="" fullset-stability="false" gid="4057" group="ATP Calibration" idds-hardware-name="dev04/ch00014" is-continuous-log="true" is-critical="false" is-enabled="true" logical-id="devCubeRack" partition="Streaming" quality-ceiling="good" rtd-reference-channel="" signal-id="DCU13_PosA2-2_IO01" subsystem-name="IDDS" subsystem-type="iDDS" topic="ParameterDataValue">
                            <alarm-limits/>
                        </instance>
                        <instance name="dev4042dev05ch02" acquisition-rate="200" alternate-name="" calibration-group="" calibration-sensor="" customer-sensor="" data-type="boolean" description="AirCrankPBAct - input from cube to RTE. Air crank push button active" display-format="False/Air Crank Push Button Active" domain-id="6" export-for-steady-state="true" fixed-sensor="" fullset-stability="false" gid="4069" group="Facility" idds-hardware-name="dev05/ch00002" is-continuous-log="true" is-critical="false" is-enabled="true" logical-id="devCubeRack" partition="Streaming" quality-ceiling="good" rtd-reference-channel="" signal-id="DCU13_PosA2-3_IO01" subsystem-name="IDDS" subsystem-type="iDDS" topic="ParameterDataValue">
                            <alarm-limits/>
                        </instance>
                        <instance name="dev4041dev04ch24" acquisition-rate="200" alternate-name="" calibration-group="" calibration-sensor="" customer-sensor="" data-type="boolean" description="Cube ID 22 Digital Output Facility Spare" display-format="False/True" domain-id="6" export-for-steady-state="false" fixed-sensor="" fullset-stability="false" gid="4067" group="ATP Calibration" idds-hardware-name="dev04/ch00024" is-continuous-log="true" is-critical="false" is-enabled="true" logical-id="devCubeRack" partition="Streaming" quality-ceiling="good" rtd-reference-channel="" signal-id="DCU13_PosA2-2_IO01" subsystem-name="IDDS" subsystem-type="iDDS" topic="ParameterDataValue">
                            <alarm-limits/>
                        </instance>
                        <instance name="dev4042dev05ch06" acquisition-rate="200" alternate-name="" calibration-group="" calibration-sensor="" customer-sensor="" data-type="boolean" description="PBS Low Pressure Purge Air / Press Low = True." display-format="False/Purge Air Low Source has Low Pressure" domain-id="6" export-for-steady-state="false" fixed-sensor="" fullset-stability="false" gid="4073" group="Facility" idds-hardware-name="dev05/ch00006" is-continuous-log="true" is-critical="false" is-enabled="true" logical-id="devCubeRack" partition="Streaming" quality-ceiling="good" rtd-reference-channel="" signal-id="DCU13_PosA2-3_IO01" subsystem-name="IDDS" subsystem-type="iDDS" topic="ParameterDataValue">
                            <alarm-limits>
                                <instance alarm-type="disc">
                                    <severity>
                                        <instance alarm-severity="alarm" constant-limit-value="true" is-constant="true">
                                            <alarm-actions>
                                                <instance action-type="event-comment" event-comment="Warning - PBS Low pressure purge supply pressure below limit" priority="high" trigger-on-positive="true"/>
                                            </alarm-actions>
                                        </instance>
                                    </severity>
                                </instance>
                            </alarm-limits>
                        </instance>
                        <instance name="dev4042dev05ch07" acquisition-rate="200" alternate-name="" calibration-group="" calibration-sensor="" customer-sensor="" data-type="boolean" description="PressScanAirSupplyLow - input from cube to RTE. PBS Purge Air Supply pressure low" display-format="False/Purge Air Supply Source has Low Pressure" domain-id="6" export-for-steady-state="false" fixed-sensor="" fullset-stability="false" gid="4074" group="Facility" idds-hardware-name="dev05/ch00007" is-continuous-log="true" is-critical="false" is-enabled="true" logical-id="devCubeRack" partition="Streaming" quality-ceiling="good" rtd-reference-channel="" signal-id="DCU13_PosA2-3_IO01" subsystem-name="IDDS" subsystem-type="iDDS" topic="ParameterDataValue">
                            <alarm-limits>
                                <instance alarm-type="disc">
                                    <severity>
                                        <instance alarm-severity="alarm" constant-limit-value="true" is-constant="true">
                                            <alarm-actions>
                                                <instance action-type="event-comment" event-comment="Warning - PBS purge air supply pressure below limit" priority="high" trigger-on-positive="true"/>
                                            </alarm-actions>
                                        </instance>
                                    </severity>
                                </instance>
                            </alarm-limits>
                        </instance>
                        <instance name="dev4042dev05ch16" acquisition-rate="200" alternate-name="" calibration-group="" calibration-sensor="" customer-sensor="" data-type="boolean" description="BuzzerDIO - input from cube to RTE. Buzzer feedback" display-format="Buzzer OFF/Buzzer ON!" domain-id="6" export-for-steady-state="false" fixed-sensor="" fullset-stability="false" gid="4083" group="Facility" idds-hardware-name="dev05/ch00016" is-continuous-log="true" is-critical="false" is-enabled="true" logical-id="devCubeRack" partition="Streaming" quality-ceiling="good" rtd-reference-channel="" signal-id="DCU13_PosA2-3_IO01" subsystem-name="IDDS" subsystem-type="iDDS" topic="ParameterDataValue">
                            <alarm-limits/>
                        </instance>
                        <instance name="dev4042dev05ch20" acquisition-rate="200" alternate-name="" calibration-group="" calibration-sensor="" customer-sensor="" data-type="boolean" description="XJ802PUR - input from cube to RTE. Status of pressure brick purge (feedback)" display-format="Purge Air Off/Purge Air On" domain-id="6" export-for-steady-state="true" fixed-sensor="" fullset-stability="false" gid="4087" group="Facility" idds-hardware-name="dev05/ch00020" is-continuous-log="true" is-critical="false" is-enabled="true" logical-id="devCubeRack" partition="Streaming" quality-ceiling="good" rtd-reference-channel="" signal-id="DCU13_PosA2-3_IO01" subsystem-name="IDDS" subsystem-type="iDDS" topic="ParameterDataValue">
                            <alarm-limits/>
                        </instance>
                        <instance name="dev4042dev05ch09" acquisition-rate="200" alternate-name="" calibration-group="" calibration-sensor="" customer-sensor="" data-type="boolean" description="PBSTriggerMonitor - input from cube to RTE. Scanner trigger monitor" display-format="False/True" domain-id="6" export-for-steady-state="false" fixed-sensor="" fullset-stability="false" gid="4076" group="Facility" idds-hardware-name="dev05/ch00009" is-continuous-log="true" is-critical="false" is-enabled="true" logical-id="devCubeRack" partition="Streaming" quality-ceiling="good" rtd-reference-channel="" signal-id="DCU13_PosA2-3_IO01" subsystem-name="IDDS" subsystem-type="iDDS" topic="ParameterDataValue">
                            <alarm-limits/>
                        </instance>
                        <instance name="dev4042dev05ch18" acquisition-rate="200" alternate-name="" calibration-group="" calibration-sensor="" customer-sensor="" data-type="boolean" description="BarRefSOV2Out - input from cube to RTE. Reference maifold source reference feedback" display-format="BAR Reference Manifold Source/EXT Reference Manifold Source" domain-id="6" export-for-steady-state="false" fixed-sensor="" fullset-stability="false" gid="4085" group="Facility" idds-hardware-name="dev05/ch00018" is-continuous-log="true" is-critical="false" is-enabled="true" logical-id="devCubeRack" partition="Streaming" quality-ceiling="good" rtd-reference-channel="" signal-id="DCU13_PosA2-3_IO01" subsystem-name="IDDS" subsystem-type="iDDS" topic="ParameterDataValue">
                            <alarm-limits/>
                        </instance>
                        <instance name="dev204dev01ch04" acquisition-rate="100" alternate-name="" calibration-group="" calibration-sensor="" customer-sensor="" data-type="float" deadband="0" description="Hydraulic loading 04 - LP Temerpature 1" display-format="4.2f" display-range-maximum="373" display-range-minimum="263" domain-id="6" engineering-unit="K" export-for-steady-state="true" fixed-sensor="" fullset-stability="false" gid="4003" group="Hydraulic Loading Cabinet" idds-hardware-name="dev01/ch00004" is-continuous-log="true" is-critical="false" is-enabled="true" logical-id="devCubeRack" partition="Streaming" quality-ceiling="good" rtd-reference-channel="" signal-id="DCU13_PosA8-2_IO01" subsystem-name="IDDS" subsystem-type="iDDS" topic="ParameterDataValue">
                            <alarm-limits/>
                        </instance>
                        <instance name="dev4041dev04ch11" acquisition-rate="200" alternate-name="" calibration-group="" calibration-sensor="" customer-sensor="" data-type="boolean" description="Cube ID 22 Digital Input Facility Spare" display-format="False/True" domain-id="6" export-for-steady-state="false" fixed-sensor="" fullset-stability="false" gid="4054" group="ATP Calibration" idds-hardware-name="dev04/ch00011" is-continuous-log="true" is-critical="false" is-enabled="true" logical-id="devCubeRack" partition="Streaming" quality-ceiling="good" rtd-reference-channel="" signal-id="DCU13_PosA2-2_IO01" subsystem-name="IDDS" subsystem-type="iDDS" topic="ParameterDataValue">
                            <alarm-limits/>
                        </instance>
                        <instance name="dev4041dev04ch04" acquisition-rate="200" alternate-name="" calibration-group="" calibration-sensor="" customer-sensor="" data-type="boolean" description="Digital Input - RR Use 16" display-format="False/True" domain-id="6" export-for-steady-state="false" fixed-sensor="" fullset-stability="false" gid="4047" group="ATP Calibration" idds-hardware-name="dev04/ch00004" is-continuous-log="true" is-critical="false" is-enabled="true" logical-id="devCubeRack" partition="Streaming" quality-ceiling="good" rtd-reference-channel="" signal-id="DCU13_PosA2-2_IO01" subsystem-name="IDDS" subsystem-type="iDDS" topic="ParameterDataValue">
                            <alarm-limits/>
                        </instance>
                        <instance name="dev4041dev04ch13" acquisition-rate="200" alternate-name="" calibration-group="" calibration-sensor="" customer-sensor="" data-type="boolean" description="Digital Output - RR Use 13" display-format="False/True" domain-id="6" export-for-steady-state="false" fixed-sensor="" fullset-stability="false" gid="4056" group="ATP Calibration" idds-hardware-name="dev04/ch00013" is-continuous-log="true" is-critical="false" is-enabled="true" logical-id="devCubeRack" partition="Streaming" quality-ceiling="good" rtd-reference-channel="" signal-id="DCU13_PosA2-2_IO01" subsystem-name="IDDS" subsystem-type="iDDS" topic="ParameterDataValue">
                            <alarm-limits/>
                        </instance>
                        <instance name="dev4041dev04ch18" acquisition-rate="200" alternate-name="" calibration-group="" calibration-sensor="" customer-sensor="" data-type="boolean" description="Cube ID 22 Digital Output Facility Spare" display-format="False/True" domain-id="6" export-for-steady-state="false" fixed-sensor="" fullset-stability="false" gid="4061" group="ATP Calibration" idds-hardware-name="dev04/ch00018" is-continuous-log="true" is-critical="false" is-enabled="true" logical-id="devCubeRack" partition="Streaming" quality-ceiling="good" rtd-reference-channel="" signal-id="DCU13_PosA2-2_IO01" subsystem-name="IDDS" subsystem-type="iDDS" topic="ParameterDataValue">
                            <alarm-limits/>
                        </instance>
                        <instance name="dev4042dev05ch03" acquisition-rate="200" alternate-name="" calibration-group="" calibration-sensor="" customer-sensor="" data-type="boolean" description="Cube ID 23 Digital Input MDS Spare" display-format="False/True" domain-id="6" export-for-steady-state="false" fixed-sensor="" fullset-stability="false" gid="4070" group="ATP Calibration" idds-hardware-name="dev05/ch00003" is-continuous-log="true" is-critical="false" is-enabled="true" logical-id="devCubeRack" partition="Streaming" quality-ceiling="good" rtd-reference-channel="" signal-id="DCU13_PosA2-3_IO01" subsystem-name="IDDS" subsystem-type="iDDS" topic="ParameterDataValue">
                            <alarm-limits/>
                        </instance>
                        <instance name="dev4042dev05ch04" acquisition-rate="200" alternate-name="" calibration-group="" calibration-sensor="" customer-sensor="" data-type="boolean" description="Cube ID 23 Digital Input MDS Spare" display-format="False/True" domain-id="6" export-for-steady-state="false" fixed-sensor="" fullset-stability="false" gid="4071" group="ATP Calibration" idds-hardware-name="dev05/ch00004" is-continuous-log="true" is-critical="false" is-enabled="true" logical-id="devCubeRack" partition="Streaming" quality-ceiling="good" rtd-reference-channel="" signal-id="DCU13_PosA2-3_IO01" subsystem-name="IDDS" subsystem-type="iDDS" topic="ParameterDataValue">
                            <alarm-limits/>
                        </instance>
                        <instance name="dev4042dev05ch08" acquisition-rate="200" alternate-name="" calibration-group="" calibration-sensor="" customer-sensor="" data-type="boolean" description="Cube ID 23 Digital Input MDS Spare" display-format="False/True" domain-id="6" export-for-steady-state="false" fixed-sensor="" fullset-stability="false" gid="4075" group="ATP Calibration" idds-hardware-name="dev05/ch00008" is-continuous-log="true" is-critical="false" is-enabled="true" logical-id="devCubeRack" partition="Streaming" quality-ceiling="good" rtd-reference-channel="" signal-id="DCU13_PosA2-3_IO01" subsystem-name="IDDS" subsystem-type="iDDS" topic="ParameterDataValue">
                            <alarm-limits/>
                        </instance>
                        <instance name="dev4042dev05ch10" acquisition-rate="200" alternate-name="" calibration-group="" calibration-sensor="" customer-sensor="" data-type="boolean" description="Cube ID 23 Digital Input MDS Spare" display-format="False/True" domain-id="6" export-for-steady-state="false" fixed-sensor="" fullset-stability="false" gid="4077" group="ATP Calibration" idds-hardware-name="dev05/ch00010" is-continuous-log="true" is-critical="false" is-enabled="true" logical-id="devCubeRack" partition="Streaming" quality-ceiling="good" rtd-reference-channel="" signal-id="DCU13_PosA2-3_IO01" subsystem-name="IDDS" subsystem-type="iDDS" topic="ParameterDataValue">
                            <alarm-limits/>
                        </instance>
                        <instance name="dev4042dev05ch11" acquisition-rate="200" alternate-name="" calibration-group="" calibration-sensor="" customer-sensor="" data-type="boolean" description="Cube ID 23 Digital Input MDS Spare" display-format="False/True" domain-id="6" export-for-steady-state="false" fixed-sensor="" fullset-stability="false" gid="4078" group="ATP Calibration" idds-hardware-name="dev05/ch00011" is-continuous-log="true" is-critical="false" is-enabled="true" logical-id="devCubeRack" partition="Streaming" quality-ceiling="good" rtd-reference-channel="" signal-id="DCU13_PosA2-3_IO01" subsystem-name="IDDS" subsystem-type="iDDS" topic="ParameterDataValue">
                            <alarm-limits/>
                        </instance>
                        <instance name="dev4042dev05ch12" acquisition-rate="200" alternate-name="" calibration-group="" calibration-sensor="" customer-sensor="" data-type="boolean" description="Cube ID 23 Digital Input MDS Spare" display-format="False/True" domain-id="6" export-for-steady-state="false" fixed-sensor="" fullset-stability="false" gid="4079" group="ATP Calibration" idds-hardware-name="dev05/ch00012" is-continuous-log="true" is-critical="false" is-enabled="true" logical-id="devCubeRack" partition="Streaming" quality-ceiling="good" rtd-reference-channel="" signal-id="DCU13_PosA2-3_IO01" subsystem-name="IDDS" subsystem-type="iDDS" topic="ParameterDataValue">
                            <alarm-limits/>
                        </instance>
                        <instance name="dev4042dev05ch13" acquisition-rate="200" alternate-name="" calibration-group="" calibration-sensor="" customer-sensor="" data-type="boolean" description="Cube ID 23 Digital Output MDS Spare" display-format="False/True" domain-id="6" export-for-steady-state="false" fixed-sensor="" fullset-stability="false" gid="4080" group="ATP Calibration" idds-hardware-name="dev05/ch00013" is-continuous-log="true" is-critical="false" is-enabled="true" logical-id="devCubeRack" partition="Streaming" quality-ceiling="good" rtd-reference-channel="" signal-id="DCU13_PosA2-3_IO01" subsystem-name="IDDS" subsystem-type="iDDS" topic="ParameterDataValue">
                            <alarm-limits/>
                        </instance>
                        <instance name="dev4042dev05ch14" acquisition-rate="200" alternate-name="" calibration-group="" calibration-sensor="" customer-sensor="" data-type="boolean" description="Cube ID 23 Digital Output MDS Spare" display-format="False/True" domain-id="6" export-for-steady-state="false" fixed-sensor="" fullset-stability="false" gid="4081" group="ATP Calibration" idds-hardware-name="dev05/ch00014" is-continuous-log="true" is-critical="false" is-enabled="true" logical-id="devCubeRack" partition="Streaming" quality-ceiling="good" rtd-reference-channel="" signal-id="DCU13_PosA2-3_IO01" subsystem-name="IDDS" subsystem-type="iDDS" topic="ParameterDataValue">
                            <alarm-limits/>
                        </instance>
                        <instance name="dev4042dev05ch15" acquisition-rate="200" alternate-name="" calibration-group="" calibration-sensor="" customer-sensor="" data-type="boolean" description="Cube ID 23 Digital Output MDS Spare" display-format="False/True" domain-id="6" export-for-steady-state="false" fixed-sensor="" fullset-stability="false" gid="4082" group="ATP Calibration" idds-hardware-name="dev05/ch00015" is-continuous-log="true" is-critical="false" is-enabled="true" logical-id="devCubeRack" partition="Streaming" quality-ceiling="good" rtd-reference-channel="" signal-id="DCU13_PosA2-3_IO01" subsystem-name="IDDS" subsystem-type="iDDS" topic="ParameterDataValue">
                            <alarm-limits/>
                        </instance>
                        <instance name="dev4042dev05ch22" acquisition-rate="200" alternate-name="" calibration-group="" calibration-sensor="" customer-sensor="" data-type="boolean" description="Cube ID 23 Digital Output MDS Spare" display-format="False/True" domain-id="6" export-for-steady-state="false" fixed-sensor="" fullset-stability="false" gid="4089" group="ATP Calibration" idds-hardware-name="dev05/ch00022" is-continuous-log="true" is-critical="false" is-enabled="true" logical-id="devCubeRack" partition="Streaming" quality-ceiling="good" rtd-reference-channel="" signal-id="DCU13_PosA2-3_IO01" subsystem-name="IDDS" subsystem-type="iDDS" topic="ParameterDataValue">
                            <alarm-limits/>
                        </instance>
                        <instance name="dev4041dev04ch17" acquisition-rate="200" alternate-name="" calibration-group="" calibration-sensor="" customer-sensor="" data-type="boolean" description="Cube ID 22 Digital Output Facility Spare" display-format="False/True" domain-id="6" export-for-steady-state="false" fixed-sensor="" fullset-stability="false" gid="4060" group="ATP Calibration" idds-hardware-name="dev04/ch00017" is-continuous-log="true" is-critical="false" is-enabled="true" logical-id="devCubeRack" partition="Streaming" quality-ceiling="good" rtd-reference-channel="" signal-id="DCU13_PosA2-2_IO01" subsystem-name="IDDS" subsystem-type="iDDS" topic="ParameterDataValue">
                            <alarm-limits/>
                        </instance>
                        <instance name="dev4041dev04ch01" acquisition-rate="200" alternate-name="" calibration-group="" calibration-sensor="" customer-sensor="" data-type="boolean" description="Digital Input - RR Use 13" display-format="False/True" domain-id="6" export-for-steady-state="false" fixed-sensor="" fullset-stability="false" gid="4044" group="ATP Calibration" idds-hardware-name="dev04/ch00001" is-continuous-log="true" is-critical="false" is-enabled="true" logical-id="devCubeRack" partition="Streaming" quality-ceiling="good" rtd-reference-channel="" signal-id="DCU13_PosA2-2_IO01" subsystem-name="IDDS" subsystem-type="iDDS" topic="ParameterDataValue">
                            <alarm-limits/>
                        </instance>
                        <instance name="dev4041dev04ch20" acquisition-rate="200" alternate-name="" calibration-group="" calibration-sensor="" customer-sensor="" data-type="boolean" description="Cube ID 22 Digital Output Facility Spare" display-format="False/True" domain-id="6" export-for-steady-state="false" fixed-sensor="" fullset-stability="false" gid="4063" group="ATP Calibration" idds-hardware-name="dev04/ch00020" is-continuous-log="true" is-critical="false" is-enabled="true" logical-id="devCubeRack" partition="Streaming" quality-ceiling="good" rtd-reference-channel="" signal-id="DCU13_PosA2-2_IO01" subsystem-name="IDDS" subsystem-type="iDDS" topic="ParameterDataValue">
                            <alarm-limits/>
                        </instance>
                        <instance name="dev4041dev04ch06" acquisition-rate="200" alternate-name="" calibration-group="" calibration-sensor="" customer-sensor="" data-type="boolean" description="Slave set with auto recognition 02" display-format="False/True" domain-id="6" export-for-steady-state="true" fixed-sensor="" fullset-stability="false" gid="4049" group="ATP Calibration" idds-hardware-name="dev04/ch00006" is-continuous-log="true" is-critical="false" is-enabled="true" logical-id="devCubeRack" partition="Streaming" quality-ceiling="good" rtd-reference-channel="" signal-id="DCU13_PosA2-2_IO01" subsystem-name="IDDS" subsystem-type="iDDS" topic="ParameterDataValue">
                            <alarm-limits/>
                        </instance>
                        <instance name="dev204dev01ch05" acquisition-rate="100" alternate-name="" calibration-group="" calibration-sensor="" customer-sensor="" data-type="float" deadband="0" description="Hydraulic loading 05 - Reservoir Temp Tank 1" display-format="4.2f" display-range-maximum="373" display-range-minimum="263" domain-id="6" engineering-unit="K" export-for-steady-state="true" fixed-sensor="" fullset-stability="false" gid="4004" group="Hydraulic Loading Cabinet" idds-hardware-name="dev01/ch00005" is-continuous-log="true" is-critical="false" is-enabled="true" logical-id="devCubeRack" partition="Streaming" quality-ceiling="good" rtd-reference-channel="" signal-id="DCU13_PosA8-2_IO01" subsystem-name="IDDS" subsystem-type="iDDS" topic="ParameterDataValue">
                            <alarm-limits/>
                        </instance>
                        <instance name="dev4042dev05ch23" acquisition-rate="200" alternate-name="" calibration-group="" calibration-sensor="" customer-sensor="" data-type="boolean" description="Cube ID 23 Digital Output MDS Spare" display-format="False/True" domain-id="6" export-for-steady-state="false" fixed-sensor="" fullset-stability="false" gid="4090" group="ATP Calibration" idds-hardware-name="dev05/ch00023" is-continuous-log="true" is-critical="false" is-enabled="true" logical-id="devCubeRack" partition="Streaming" quality-ceiling="good" rtd-reference-channel="" signal-id="DCU13_PosA2-3_IO01" subsystem-name="IDDS" subsystem-type="iDDS" topic="ParameterDataValue">
                            <alarm-limits/>
                        </instance>
                        <instance name="dev4042dev05ch24" acquisition-rate="200" alternate-name="" calibration-group="" calibration-sensor="" customer-sensor="" data-type="boolean" description="Cube ID 23 Digital Output MDS Spare" display-format="False/True" domain-id="6" export-for-steady-state="false" fixed-sensor="" fullset-stability="false" gid="4091" group="ATP Calibration" idds-hardware-name="dev05/ch00024" is-continuous-log="true" is-critical="false" is-enabled="true" logical-id="devCubeRack" partition="Streaming" quality-ceiling="good" rtd-reference-channel="" signal-id="DCU13_PosA2-3_IO01" subsystem-name="IDDS" subsystem-type="iDDS" topic="ParameterDataValue">
                            <alarm-limits/>
                        </instance>
                        <instance name="dev4042dev05ch21" acquisition-rate="200" alternate-name="" calibration-group="" calibration-sensor="" customer-sensor="" data-type="boolean" description="PressTriggerOut - input from cube to RTE. Scanner trigger feedback" display-format="False/True" domain-id="6" export-for-steady-state="false" fixed-sensor="" fullset-stability="false" gid="4088" group="Facility" idds-hardware-name="dev05/ch00021" is-continuous-log="true" is-critical="false" is-enabled="true" logical-id="devCubeRack" partition="Streaming" quality-ceiling="good" rtd-reference-channel="" signal-id="DCU13_PosA2-3_IO01" subsystem-name="IDDS" subsystem-type="iDDS" topic="ParameterDataValue">
                            <alarm-limits/>
                        </instance>
                        <instance name="dev608dev06ch01" acquisition-rate="33" alternate-name="" calibration-group="" calibration-sensor="" customer-sensor="" data-type="float" deadband="0" description="Engine turbine flow meter 09" display-format="5.2f" display-range-maximum="20000" display-range-minimum="0" domain-id="6" engineering-unit="Hz" export-for-steady-state="true" fixed-sensor="" fullset-stability="false" gid="4092" group="ATP Calibration" idds-hardware-name="dev06/ch00001" is-continuous-log="true" is-critical="false" is-enabled="true" logical-id="devCubeRack" partition="Streaming" quality-ceiling="good" rtd-reference-channel="" signal-id="JB1001_Pos1_IO02" subsystem-name="IDDS" subsystem-type="iDDS" topic="ParameterDataValue">
                            <alarm-limits/>
                        </instance>
                        <instance name="dev608dev06ch02" acquisition-rate="33" alternate-name="" calibration-group="" calibration-sensor="" customer-sensor="" data-type="float" deadband="0" description="Engine turbine flow meter 10" display-format="5.2f" display-range-maximum="20000" display-range-minimum="0" domain-id="6" engineering-unit="Hz" export-for-steady-state="true" fixed-sensor="" fullset-stability="false" gid="4093" group="ATP Calibration" idds-hardware-name="dev06/ch00002" is-continuous-log="true" is-critical="false" is-enabled="true" logical-id="devCubeRack" partition="Streaming" quality-ceiling="good" rtd-reference-channel="" signal-id="JB1001_Pos1_IO02" subsystem-name="IDDS" subsystem-type="iDDS" topic="ParameterDataValue">
                            <alarm-limits/>
                        </instance>
                        <instance name="dev608dev06ch03" acquisition-rate="33" alternate-name="" calibration-group="" calibration-sensor="" customer-sensor="" data-type="float" deadband="0" description="Engine turbine flow meter 11" display-format="5.2f" display-range-maximum="20000" display-range-minimum="0" domain-id="6" engineering-unit="Hz" export-for-steady-state="true" fixed-sensor="" fullset-stability="false" gid="4094" group="ATP Calibration" idds-hardware-name="dev06/ch00003" is-continuous-log="true" is-critical="false" is-enabled="true" logical-id="devCubeRack" partition="Streaming" quality-ceiling="good" rtd-reference-channel="" signal-id="JB1001_Pos1_IO02" subsystem-name="IDDS" subsystem-type="iDDS" topic="ParameterDataValue">
                            <alarm-limits/>
                        </instance>
                    </channels>
                    <macros/>
                    <polynomials/>
                    <subsystems>
                        <instance name="IDDSnode" description="" is-enabled="true" subsystem-type="iDDSnode">
                            <vendors>
                                <instance name="UEI">
                                    <models>
                                        <instance name="IOM-225624">
                                            <serial-numbers>
                                                <instance name="00225624" backbone-config-data="6,239.255.0.6,239.255.0.1,5" logicalid="devCubeRack" node-config-data="1.0,1.0,map,1.0,rtehost:6603/channelmap 1.0,1.0,attrv,1.0,rtehost/devCubeRack 1.0,1.0,attrv,1.0,rtehost:6603/devCubeRack">
                                                    <attributes>
                                                        <instance name="dev01/Config/ch00001/enable" order="1" value="1"/>
                                                        <instance name="dev03/Config/ch00001/enable" order="1" value="1"/>
                                                        <instance name="dev03/Config/ch00007/LeadRes" order="0" value="0"/>
                                                        <instance name="dev01/Config/ch00023/Calibration_Sensor_Minimum_Range" order="0" value="-10"/>
                                                        <instance name="dev01/Config/ch00022/Calibration_Sensor_Curve" order="0" value="&quot;{0,770}{1,2.5}&quot;"/>
                                                        <instance name="dev03/Config/ch00008/LeadRes" order="0" value="0"/>
                                                        <instance name="dev03/Config/ch00009/LeadRes" order="0" value="0"/>
                                                        <instance name="dev03/Config/ch00010/LeadRes" order="0" value="0"/>
                                                        <instance name="dev03/Config/ch00011/LeadRes" order="0" value="0"/>
                                                        <instance name="dev03/Config/ch00010/RTDRange" order="0" value="0"/>
                                                        <instance name="dev01/Config/ch00009/Minimum_Range" order="0" value="-24"/>
                                                        <instance name="dev03/Config/ch00003/RTDWireScheme" order="0" value="4"/>
                                                        <instance name="dev03/Config/ch00005/RTDRange" order="0" value="0"/>
                                                        <instance name="dev03/Config/ch00011/RTDRange" order="0" value="0"/>
                                                        <instance name="dev03/Config/ch00001/Calibration_Sensor_Calibration_Date" order="0" value="2020-01-01"/>
                                                        <instance name="dev01/Config/ch00012/Calibration_Sensor_Curve" order="0" value="&quot;{0,-25}{1,6.25}&quot;"/>
                                                        <instance name="dev01/Config/ch00024/Calibration_Sensor_Table_Type" order="2" value="1"/>
                                                        <instance name="dev01/Config/ch00004/Calibration_Sensor_Input_Units" order="0" value="mA"/>
                                                        <instance name="dev01/Config/ch00023/Calibration_Sensor_Curve" order="0" value="&quot;{0,4.00014,0}{1,4.00078,0.0058}{2,11.9346,71.92131}{3,20.0883,145.83254}{4,20.54804,150}&quot;"/>
                                                        <instance name="dev03/Config/ch00011/Calibration_Sensor_Maximum_Range" order="0" value="1123.15"/>
                                                        <instance name="dev03/Config/ch00002/Calibration_Sensor_Calibration_Date" order="0" value="2020-01-01"/>
                                                        <instance name="dev03/Config/ch00003/Calibration_Sensor_Calibration_Date" order="0" value="2020-01-01"/>
                                                        <instance name="dev03/Config/ch00004/Calibration_Sensor_Calibration_Date" order="0" value="2020-01-01"/>
                                                        <instance name="dev03/Config/ch00009/Calibration_Sensor_Output_Units" order="0" value="K"/>
                                                        <instance name="dev03/Config/ch00005/Calibration_Sensor_Calibration_Date" order="0" value="2020-01-01"/>
                                                        <instance name="dev03/Config/ch00001/Calibration_Sensor_Minimum_Range" order="0" value="73.15"/>
                                                        <instance name="dev03/Config/ch00006/Calibration_Sensor_Calibration_Date" order="0" value="2020-01-01"/>
                                                        <instance name="dev01/Config/ch00009/Calibration_Sensor_Name" order="0" value="CalSensor9"/>
                                                        <instance name="dev01/Config/ch00003/Calibration_Sensor_Maximum_Range" order="0" value="423"/>
                                                        <instance name="dev03/Config/ch00007/Calibration_Sensor_Calibration_Date" order="0" value="2020-01-01"/>
                                                        <instance name="dev03/Config/ch00008/Calibration_Sensor_Calibration_Date" order="0" value="2020-01-01"/>
                                                        <instance name="dev01/Config/ch00017/Calibration_Sensor_Minimum_Range" order="0" value="13"/>
                                                        <instance name="dev01/Config/ch00002/Maximum_Range" order="0" value="24"/>
                                                        <instance name="dev03/Config/ch00009/Calibration_Sensor_Calibration_Date" order="0" value="2020-01-01"/>
                                                        <instance name="dev01/Config/ch00004/rate" order="0" value="100"/>
                                                        <instance name="dev03/Config/ch00004/RTDWireScheme" order="0" value="4"/>
                                                        <instance name="dev03/Config/ch00012/LeadRes" order="0" value="0"/>
                                                        <instance name="dev03/Config/ch00010/Calibration_Sensor_Calibration_Date" order="0" value="2020-01-01"/>
                                                        <instance name="dev03/Config/ch00011/Calibration_Sensor_Calibration_Date" order="0" value="2020-01-01"/>
                                                        <instance name="dev03/Config/ch00012/Calibration_Sensor_Calibration_Date" order="0" value="2020-01-01"/>
                                                        <instance name="dev01/Config/ch00004/Calibration_Sensor_Maximum_Range" order="0" value="423"/>
                                                        <instance name="dev03/Config/ch00001/Calibration_Sensor_Curve" order="0" value="&quot;{0,18.52,73.15}{1,18.96,74.15}{2,19.39,75.15}{3,19.82,76.15}{4,20.25,77.15}{5,20.68,78.15}{6,21.11,79.15}{7,21.54,80.15}{8,21.97,81.15}{9,22.4,82.15}{10,22.83,83.15}{11,23.26,84.15}{12,23.69,85.15}{13,24.12,86.15}{14,24.55,87.15}{15,24.97,88.15}{16,25.39,89.15}{17,25.82,90.15}{18,26.25,91.15}{19,26.67,92.15}{20,27.1,93.15}{21,27.52,94.15}{22,27.95,95.15}{23,28.37,96.15}{24,28.8,97.15}{25,29.22,98.15}{26,29.65,99.15}{27,30.07,100.15}{28,30.49,101.15}{29,30.92,102.15}{30,31.34,103.15}{31,31.76,104.15}{32,32.18,105.15}{33,32.61,106.15}{34,33.03,107.15}{35,33.45,108.15}{36,33.86,109.15}{37,34.28,110.15}{38,34.7,111.15}{39,35.12,112.15}{40,35.54,113.15}{41,35.96,114.15}{42,36.38,115.15}{43,36.8,116.15}{44,37.22,117.15}{45,37.63,118.15}{46,38.05,119.15}{47,38.47,120.15}{48,38.89,121.15}{49,39.31,122.15}{50,39.72,123.15}{51,40.14,124.15}{52,40.56,125.15}{53,40.97,126.15}{54,41.39,127.15}{55,41.8,128.15}{56,42.22,129.15}{57,42.64,130.15}{58,43.05,131.15}{59,43.46,132.15}{60,43.88,133.15}{61,44.29,134.15}{62,44.71,135.15}{63,45.12,136.15}{64,45.53,137.15}{65,45.95,138.15}{66,46.35,139.15}{67,46.76,140.15}{68,47.18,141.15}{69,47.59,142.15}{70,48,143.15}{71,48.41,144.15}{72,48.82,145.15}{73,49.23,146.15}{74,49.64,147.15}{75,50.06,148.15}{76,50.47,149.15}{77,50.88,150.15}{78,51.29,151.15}{79,51.7,152.15}{80,52.11,153.15}{81,52.52,154.15}{82,52.92,155.15}{83,53.33,156.15}{84,53.74,157.15}{85,54.15,158.15}{86,54.56,159.15}{87,54.97,160.15}{88,55.38,161.15}{89,55.78,162.15}{90,56.19,163.15}{91,56.6,164.15}{92,57,165.15}{93,57.41,166.15}{94,57.82,167.15}{95,58.22,168.15}{96,58.63,169.15}{97,59.04,170.15}{98,59.44,171.15}{99,59.85,172.15}{100,60.26,173.15}{101,60.67,174.15}{102,61.07,175.15}{103,61.48,176.15}{104,61.87,177.15}{105,62.29,178.15}{106,62.69,179.15}{107,63.1,180.15}{108,63.5,181.15}{109,63.91,182.15}{110,64.3,183.15}{111,64.7,184.15}{112,65.11,185.15}{113,65.51,186.15}{114,65.91,187.15}{115,66.31,188.15}{116,66.72,189.15}{117,67.12,190.15}{118,67.52,191.15}{119,67.92,192.15}{120,68.33,193.15}{121,68.73,194.15}{122,69.13,195.15}{123,69.53,196.15}{124,69.93,197.15}{125,70.33,198.15}{126,70.73,199.15}{127,71.13,200.15}{128,71.53,201.15}{129,71.93,202.15}{130,72.33,203.15}{131,72.73,204.15}{132,73.13,205.15}{133,73.53,206.15}{134,73.93,207.15}{135,74.33,208.15}{136,74.73,209.15}{137,75.13,210.15}{138,75.53,211.15}{139,75.93,212.15}{140,76.33,213.15}{141,76.73,214.15}{142,77.13,215.15}{143,77.52,216.15}{144,77.92,217.15}{145,78.32,218.15}{146,78.72,219.15}{147,79.11,220.15}{148,79.51,221.15}{149,79.91,222.15}{150,80.31,223.15}{151,80.7,224.15}{152,81.1,225.15}{153,81.5,226.15}{154,81.89,227.15}{155,82.29,228.15}{156,82.69,229.15}{157,83.08,230.15}{158,83.48,231.15}{159,83.88,232.15}{160,84.27,233.15}{161,84.67,234.15}{162,85.06,235.15}{163,85.46,236.15}{164,85.85,237.15}{165,86.25,238.15}{166,86.64,239.15}{167,87.04,240.15}{168,87.43,241.15}{169,87.83,242.15}{170,88.22,243.15}{171,88.62,244.15}{172,89.01,245.15}{173,89.4,246.15}{174,89.8,247.15}{175,90.19,248.15}{176,90.59,249.15}{177,90.98,250.15}{178,91.37,251.15}{179,91.77,252.15}{180,92.16,253.15}{181,92.55,254.15}{182,92.95,255.15}{183,93.34,256.15}{184,93.73,257.15}{185,94.12,258.15}{186,94.52,259.15}{187,94.91,260.15}{188,95.3,261.15}{189,95.69,262.15}{190,96.09,263.15}{191,96.48,264.15}{192,96.87,265.15}{193,97.26,266.15}{194,97.65,267.15}{195,98.04,268.15}{196,98.44,269.15}{197,98.83,270.15}{198,99.22,271.15}{199,99.61,272.15}{200,100,273.15}{201,100.39,274.15}{202,100.78,275.15}{203,101.17,276.15}{204,101.56,277.15}{205,101.95,278.15}{206,102.34,279.15}{207,102.73,280.15}{208,103.12,281.15}{209,103.51,282.15}{210,103.9,283.15}{211,104.29,284.15}{212,104.68,285.15}{213,105.07,286.15}{214,105.46,287.15}{215,105.85,288.15}{216,106.24,289.15}{217,106.63,290.15}{218,107.02,291.15}{219,107.4,292.15}{220,107.79,293.15}{221,108.18,294.15}{222,108.57,295.15}{223,108.96,296.15}{224,109.35,297.15}{225,109.73,298.15}{226,110.12,299.15}{227,110.51,300.15}{228,110.9,301.15}{229,111.28,302.15}{230,111.67,303.15}{231,112.06,304.15}{232,112.45,305.15}{233,112.83,306.15}{234,113.22,307.15}{235,113.61,308.15}{236,113.99,309.15}{237,114.38,310.15}{238,114.77,311.15}{239,115.15,312.15}{240,115.54,313.15}{241,115.93,314.15}{242,116.31,315.15}{243,116.7,316.15}{244,117.08,317.15}{245,117.47,318.15}{246,117.85,319.15}{247,118.24,320.15}{248,118.62,321.15}{249,119.01,322.15}{250,119.4,323.15}{251,119.78,324.15}{252,120.16,325.15}{253,120.55,326.15}{254,120.93,327.15}{255,121.32,328.15}{256,121.7,329.15}{257,122.09,330.15}{258,122.47,331.15}{259,122.86,332.15}{260,123.24,333.15}{261,123.62,334.15}{262,124.01,335.15}{263,124.39,336.15}{264,124.77,337.15}{265,125.17,338.15}{266,125.55,339.15}{267,125.93,340.15}{268,126.32,341.15}{269,126.7,342.15}{270,127.08,343.15}{271,127.46,344.15}{272,127.85,345.15}{273,128.23,346.15}{274,128.61,347.15}{275,128.99,348.15}{276,129.38,349.15}{277,129.76,350.15}{278,130.14,351.15}{279,130.52,352.15}{280,130.9,353.15}{281,131.28,354.15}{282,131.67,355.15}{283,132.05,356.15}{284,132.43,357.15}{285,132.81,358.15}{286,133.19,359.15}{287,133.57,360.15}{288,133.95,361.15}{289,134.33,362.15}{290,134.71,363.15}{291,135.09,364.15}{292,135.47,365.15}{293,135.85,366.15}{294,136.23,367.15}{295,136.61,368.15}{296,136.99,369.15}{297,137.37,370.15}{298,137.75,371.15}{299,138.13,372.15}{300,138.51,373.15}{301,138.89,374.15}{302,139.27,375.15}{303,139.65,376.15}{304,140.03,377.15}{305,140.39,378.15}{306,140.77,379.15}{307,141.15,380.15}{308,141.53,381.15}{309,141.91,382.15}{310,142.29,383.15}{311,142.66,384.15}{312,143.04,385.15}{313,143.42,386.15}{314,143.8,387.15}{315,144.18,388.15}{316,144.56,389.15}{317,144.94,390.15}{318,145.32,391.15}{319,145.69,392.15}{320,146.07,393.15}{321,146.45,394.15}{322,146.82,395.15}{323,147.2,396.15}{324,147.58,397.15}{325,147.95,398.15}{326,148.33,399.15}{327,148.71,400.15}{328,149.08,401.15}{329,149.46,402.15}{330,149.83,403.15}{331,150.21,404.15}{332,150.58,405.15}{333,150.96,406.15}{334,151.34,407.15}{335,151.71,408.15}{336,152.09,409.15}{337,152.46,410.15}{338,152.84,411.15}{339,153.21,412.15}{340,153.58,413.15}{341,153.95,414.15}{342,154.32,415.15}{343,154.71,416.15}{344,155.08,417.15}{345,155.46,418.15}{346,155.83,419.15}{347,156.21,420.15}{348,156.58,421.15}{349,156.96,422.15}{350,157.33,423.15}{351,157.71,424.15}{352,158.08,425.15}{353,158.45,426.15}{354,158.83,427.15}{355,159.2,428.15}{356,159.56,429.15}{357,159.94,430.15}{358,160.31,431.15}{359,160.68,432.15}{360,161.05,433.15}{361,161.43,434.15}{362,161.8,435.15}{363,162.17,436.15}{364,162.54,437.15}{365,162.91,438.15}{366,163.28,439.15}{367,163.66,440.15}{368,164.03,441.15}{369,164.4,442.15}{370,164.77,443.15}{371,165.14,444.15}{372,165.51,445.15}{373,165.88,446.15}{374,166.25,447.15}{375,166.62,448.15}{376,167,449.15}{377,167.37,450.15}{378,167.74,451.15}{379,168.11,452.15}{380,168.48,453.15}{381,168.85,454.15}{382,169.22,455.15}{383,169.59,456.15}{384,169.96,457.15}{385,170.33,458.15}{386,170.69,459.15}{387,171.06,460.15}{388,171.43,461.15}{389,171.8,462.15}{390,172.17,463.15}{391,172.54,464.15}{392,172.91,465.15}{393,173.27,466.15}{394,173.64,467.15}{395,174.01,468.15}{396,174.39,469.15}{397,174.75,470.15}{398,175.12,471.15}{399,175.49,472.15}{400,175.86,473.15}{401,176.23,474.15}{402,176.59,475.15}{403,176.96,476.15}{404,177.33,477.15}{405,177.7,478.15}{406,178.06,479.15}{407,178.43,480.15}{408,178.8,481.15}{409,179.16,482.15}{410,179.53,483.15}{411,179.9,484.15}{412,180.26,485.15}{413,180.63,486.15}{414,180.99,487.15}{415,181.36,488.15}{416,181.73,489.15}{417,182.09,490.15}{418,182.46,491.15}{419,182.82,492.15}{420,183.19,493.15}{421,183.55,494.15}{422,183.92,495.15}{423,184.28,496.15}{424,184.65,497.15}{425,185.01,498.15}{426,185.38,499.15}{427,185.74,500.15}{428,186.11,501.15}{429,186.47,502.15}{430,186.84,503.15}{431,187.2,504.15}{432,187.56,505.15}{433,187.93,506.15}{434,188.29,507.15}{435,188.65,508.15}{436,189.02,509.15}{437,189.38,510.15}{438,189.74,511.15}{439,190.11,512.15}{440,190.47,513.15}{441,190.83,514.15}{442,191.2,515.15}{443,191.56,516.15}{444,191.92,517.15}{445,192.28,518.15}{446,192.66,519.15}{447,193.02,520.15}{448,193.38,521.15}{449,193.74,522.15}{450,194.1,523.15}{451,194.47,524.15}{452,194.83,525.15}{453,195.19,526.15}{454,195.55,527.15}{455,195.9,528.15}{456,196.26,529.15}{457,196.62,530.15}{458,196.98,531.15}{459,197.35,532.15}{460,197.71,533.15}{461,198.07,534.15}{462,198.43,535.15}{463,198.79,536.15}{464,199.15,537.15}{465,199.51,538.15}{466,199.87,539.15}{467,200.23,540.15}{468,200.59,541.15}{469,200.95,542.15}{470,201.31,543.15}{471,201.67,544.15}{472,202.03,545.15}{473,202.38,546.15}{474,202.74,547.15}{475,203.1,548.15}{476,203.46,549.15}{477,203.82,550.15}{478,204.18,551.15}{479,204.54,552.15}{480,204.9,553.15}{481,205.25,554.15}{482,205.61,555.15}{483,205.97,556.15}{484,206.33,557.15}{485,206.7,558.15}{486,207.05,559.15}{487,207.41,560.15}{488,207.77,561.15}{489,208.13,562.15}{490,208.48,563.15}{491,208.84,564.15}{492,209.2,565.15}{493,209.55,566.15}{494,209.91,567.15}{495,210.27,568.15}{496,210.62,569.15}{497,210.98,570.15}{498,211.34,571.15}{499,211.69,572.15}{500,212.05,573.15}{501,212.4,574.15}{502,212.76,575.15}{503,213.12,576.15}{504,213.47,577.15}{505,213.83,578.15}{506,214.19,579.15}{507,214.55,580.15}{508,214.9,581.15}{509,215.26,582.15}{510,215.61,583.15}{511,215.97,584.15}{512,216.32,585.15}{513,216.68,586.15}{514,217.03,587.15}{515,217.39,588.15}{516,217.73,589.15}{517,218.08,590.15}{518,218.44,591.15}{519,218.79,592.15}{520,219.15,593.15}{521,219.5,594.15}{522,219.85,595.15}{523,220.21,596.15}{524,220.56,597.15}{525,220.91,598.15}{526,221.27,599.15}{527,221.62,600.15}{528,221.97,601.15}{529,222.32,602.15}{530,222.68,603.15}{531,223.03,604.15}{532,223.38,605.15}{533,223.73,606.15}{534,224.09,607.15}{535,224.45,608.15}{536,224.8,609.15}{537,225.15,610.15}{538,225.5,611.15}{539,225.85,612.15}{540,226.21,613.15}{541,226.56,614.15}{542,226.91,615.15}{543,227.26,616.15}{544,227.61,617.15}{545,227.96,618.15}{546,228.31,619.15}{547,228.66,620.15}{548,229.01,621.15}{549,229.36,622.15}{550,229.72,623.15}{551,230.07,624.15}{552,230.42,625.15}{553,230.77,626.15}{554,231.12,627.15}{555,231.47,628.15}{556,231.81,629.15}{557,232.16,630.15}{558,232.51,631.15}{559,232.86,632.15}{560,233.21,633.15}{561,233.56,634.15}{562,233.91,635.15}{563,234.26,636.15}{564,234.6,637.15}{565,234.95,638.15}{566,235.3,639.15}{567,235.65,640.15}{568,236,641.15}{569,236.35,642.15}{570,236.7,643.15}{571,237.05,644.15}{572,237.4,645.15}{573,237.75,646.15}{574,238.09,647.15}{575,238.44,648.15}{576,238.79,649.15}{577,239.14,650.15}{578,239.48,651.15}{579,239.83,652.15}{580,240.18,653.15}{581,240.52,654.15}{582,240.87,655.15}{583,241.22,656.15}{584,241.56,657.15}{585,241.91,658.15}{586,242.25,659.15}{587,242.6,660.15}{588,242.95,661.15}{589,243.29,662.15}{590,243.64,663.15}{591,243.98,664.15}{592,244.33,665.15}{593,244.67,666.15}{594,245.02,667.15}{595,245.36,668.15}{596,245.71,669.15}{597,246.05,670.15}{598,246.4,671.15}{599,246.74,672.15}{600,247.09,673.15}{601,247.43,674.15}{602,247.78,675.15}{603,248.12,676.15}{604,248.46,677.15}{605,248.81,678.15}{606,249.15,679.15}{607,249.5,680.15}{608,249.84,681.15}{609,250.18,682.15}{610,250.53,683.15}{611,250.89,684.15}{612,251.21,685.15}{613,251.55,686.15}{614,251.9,687.15}{615,252.24,688.15}{616,252.59,689.15}{617,252.94,690.15}{618,253.28,691.15}{619,253.62,692.15}{620,253.96,693.15}{621,254.3,694.15}{622,254.65,695.15}{623,254.99,696.15}{624,255.33,697.15}{625,255.67,698.15}{626,256.01,699.15}{627,256.35,700.15}{628,256.7,701.15}{629,257.04,702.15}{630,257.38,703.15}{631,257.72,704.15}{632,258.06,705.15}{633,258.4,706.15}{634,258.74,707.15}{635,259.08,708.15}{636,259.42,709.15}{637,259.76,710.15}{638,260.1,711.15}{639,260.44,712.15}{640,260.78,713.15}{641,261.12,714.15}{642,261.46,715.15}{643,261.8,716.15}{644,262.14,717.15}{645,262.48,718.15}{646,262.83,719.15}{647,263.17,720.15}{648,263.5,721.15}{649,263.84,722.15}{650,264.18,723.15}{651,264.52,724.15}{652,264.86,725.15}{653,265.2,726.15}{654,265.54,727.15}{655,265.87,728.15}{656,266.21,729.15}{657,266.55,730.15}{658,266.89,731.15}{659,267.22,732.15}{660,267.56,733.15}{661,267.9,734.15}{662,268.24,735.15}{663,268.57,736.15}{664,268.91,737.15}{665,269.25,738.15}{666,269.58,739.15}{667,269.92,740.15}{668,270.26,741.15}{669,270.59,742.15}{670,270.93,743.15}{671,271.27,744.15}{672,271.6,745.15}{673,271.94,746.15}{674,272.27,747.15}{675,272.61,748.15}{676,272.95,749.15}{677,273.28,750.15}{678,273.62,751.15}{679,273.95,752.15}{680,274.29,753.15}{681,274.62,754.15}{682,274.96,755.15}{683,275.29,756.15}{684,275.63,757.15}{685,275.96,758.15}{686,276.31,759.15}{687,276.64,760.15}{688,276.97,761.15}{689,277.31,762.15}{690,277.64,763.15}{691,277.98,764.15}{692,278.31,765.15}{693,278.64,766.15}{694,278.98,767.15}{695,279.31,768.15}{696,279.64,769.15}{697,279.98,770.15}{698,280.31,771.15}{699,280.64,772.15}{700,280.98,773.15}{701,281.31,774.15}{702,281.64,775.15}{703,281.97,776.15}{704,282.31,777.15}{705,282.64,778.15}{706,282.97,779.15}{707,283.3,780.15}{708,283.63,781.15}{709,283.97,782.15}{710,284.3,783.15}{711,284.63,784.15}{712,284.96,785.15}{713,285.29,786.15}{714,285.62,787.15}{715,285.95,788.15}{716,286.3,789.15}{717,286.63,790.15}{718,286.96,791.15}{719,287.29,792.15}{720,287.62,793.15}{721,287.95,794.15}{722,288.28,795.15}{723,288.61,796.15}{724,288.94,797.15}{725,289.27,798.15}{726,289.6,799.15}{727,289.93,800.15}{728,290.26,801.15}{729,290.59,802.15}{730,290.92,803.15}{731,291.25,804.15}{732,291.58,805.15}{733,291.9,806.15}{734,292.23,807.15}{735,292.56,808.15}{736,292.9,809.15}{737,293.23,810.15}{738,293.56,811.15}{739,293.89,812.15}{740,294.21,813.15}{741,294.54,814.15}{742,294.87,815.15}{743,295.2,816.15}{744,295.53,817.15}{745,295.85,818.15}{746,296.18,819.15}{747,296.51,820.15}{748,296.84,821.15}{749,297.16,822.15}{750,297.49,823.15}{751,297.82,824.15}{752,298.14,825.15}{753,298.47,826.15}{754,298.8,827.15}{755,299.12,828.15}{756,299.45,829.15}{757,299.78,830.15}{758,300.1,831.15}{759,300.43,832.15}{760,300.75,833.15}{761,301.08,834.15}{762,301.41,835.15}{763,301.73,836.15}{764,302.06,837.15}{765,302.38,838.15}{766,302.71,839.15}{767,303.03,840.15}{768,303.36,841.15}{769,303.68,842.15}{770,304.01,843.15}{771,304.33,844.15}{772,304.66,845.15}{773,304.98,846.15}{774,305.3,847.15}{775,305.63,848.15}{776,305.95,849.15}{777,306.28,850.15}{778,306.6,851.15}{779,306.92,852.15}{780,307.25,853.15}{781,307.57,854.15}{782,307.89,855.15}{783,308.22,856.15}{784,308.54,857.15}{785,308.86,858.15}{786,309.19,859.15}{787,309.51,860.15}{788,309.83,861.15}{789,310.15,862.15}{790,310.48,863.15}{791,310.8,864.15}{792,311.12,865.15}{793,311.45,866.15}{794,311.78,867.15}{795,312.1,868.15}{796,312.43,869.15}{797,312.75,870.15}{798,313.07,871.15}{799,313.39,872.15}{800,313.71,873.15}{801,314.04,874.15}{802,314.36,875.15}{803,314.68,876.15}{804,315,877.15}{805,315.32,878.15}{806,315.64,879.15}{807,315.96,880.15}{808,316.28,881.15}{809,316.6,882.15}{810,316.92,883.15}{811,317.24,884.15}{812,317.56,885.15}{813,317.88,886.15}{814,318.2,887.15}{815,318.52,888.15}{816,318.85,889.15}{817,319.17,890.15}{818,319.49,891.15}{819,319.81,892.15}{820,320.12,893.15}{821,320.44,894.15}{822,320.76,895.15}{823,321.08,896.15}{824,321.4,897.15}{825,321.72,898.15}{826,322.03,899.15}{827,322.34,900.15}{828,322.66,901.15}{829,322.98,902.15}{830,323.3,903.15}{831,323.61,904.15}{832,323.93,905.15}{833,324.25,906.15}{834,324.57,907.15}{835,324.88,908.15}{836,325.21,909.15}{837,325.53,910.15}{838,325.85,911.15}{839,326.16,912.15}{840,326.48,913.15}{841,326.79,914.15}{842,327.11,915.15}{843,327.43,916.15}{844,327.74,917.15}{845,328.06,918.15}{846,328.38,919.15}{847,328.69,920.15}{848,329.01,921.15}{849,329.32,922.15}{850,329.64,923.15}{851,329.95,924.15}{852,330.27,925.15}{853,330.58,926.15}{854,330.9,927.15}{855,331.21,928.15}{856,331.53,929.15}{857,331.84,930.15}{858,332.16,931.15}{859,332.47,932.15}{860,332.79,933.15}{861,333.1,934.15}{862,333.41,935.15}{863,333.73,936.15}{864,334.04,937.15}{865,334.36,938.15}{866,334.68,939.15}{867,334.99,940.15}{868,335.31,941.15}{869,335.62,942.15}{870,335.93,943.15}{871,336.25,944.15}{872,336.56,945.15}{873,336.87,946.15}{874,337.18,947.15}{875,337.5,948.15}{876,337.81,949.15}{877,338.12,950.15}{878,338.43,951.15}{879,338.75,952.15}{880,339.06,953.15}{881,339.37,954.15}{882,339.68,955.15}{883,339.99,956.15}{884,340.3,957.15}{885,340.62,958.15}{886,340.94,959.15}{887,341.25,960.15}{888,341.55,961.15}{889,341.87,962.15}{890,342.18,963.15}{891,342.49,964.15}{892,342.8,965.15}{893,343.11,966.15}{894,343.42,967.15}{895,343.73,968.15}{896,344.04,969.15}{897,344.35,970.15}{898,344.66,971.15}{899,344.97,972.15}{900,345.28,973.15}{901,345.59,974.15}{902,345.9,975.15}{903,346.21,976.15}{904,346.52,977.15}{905,346.83,978.15}{906,347.15,979.15}{907,347.46,980.15}{908,347.76,981.15}{909,348.07,982.15}{910,348.38,983.15}{911,348.69,984.15}{912,349,985.15}{913,349.31,986.15}{914,349.61,987.15}{915,349.92,988.15}{916,350.23,989.15}{917,350.54,990.15}{918,350.85,991.15}{919,351.15,992.15}{920,351.46,993.15}{921,351.77,994.15}{922,352.07,995.15}{923,352.38,996.15}{924,352.69,997.15}{925,352.99,998.15}{926,353.3,999.15}{927,353.61,1000.15}{928,353.91,1001.15}{929,354.22,1002.15}{930,354.53,1003.15}{931,354.83,1004.15}{932,355.14,1005.15}{933,355.44,1006.15}{934,355.75,1007.15}{935,356.06,1008.15}{936,356.37,1009.15}{937,356.68,1010.15}{938,356.98,1011.15}{939,357.29,1012.15}{940,357.59,1013.15}{941,357.9,1014.15}{942,358.2,1015.15}{943,358.51,1016.15}{944,358.81,1017.15}{945,359.12,1018.15}{946,359.42,1019.15}{947,359.72,1020.15}{948,360.03,1021.15}{949,360.33,1022.15}{950,360.64,1023.15}{951,360.94,1024.15}{952,361.24,1025.15}{953,361.55,1026.15}{954,361.85,1027.15}{955,362.15,1028.15}{956,362.46,1029.15}{957,362.76,1030.15}{958,363.06,1031.15}{959,363.36,1032.15}{960,363.67,1033.15}{961,363.97,1034.15}{962,364.27,1035.15}{963,364.57,1036.15}{964,364.88,1037.15}{965,365.18,1038.15}{966,365.49,1039.15}{967,365.79,1040.15}{968,366.09,1041.15}{969,366.4,1042.15}{970,366.7,1043.15}{971,367,1044.15}{972,367.3,1045.15}{973,367.6,1046.15}{974,367.9,1047.15}{975,368.2,1048.15}{976,368.5,1049.15}{977,368.81,1050.15}{978,369.11,1051.15}{979,369.41,1052.15}{980,369.71,1053.15}{981,370.01,1054.15}{982,370.31,1055.15}{983,370.61,1056.15}{984,370.91,1057.15}{985,371.21,1058.15}{986,371.52,1059.15}{987,371.82,1060.15}{988,372.12,1061.15}{989,372.41,1062.15}{990,372.71,1063.15}{991,373.01,1064.15}{992,373.31,1065.15}{993,373.61,1066.15}{994,373.91,1067.15}{995,374.21,1068.15}{996,374.51,1069.15}{997,374.8,1070.15}{998,375.1,1071.15}{999,375.4,1072.15}{1000,375.7,1073.15}{1001,376,1074.15}{1002,376.29,1075.15}{1003,376.59,1076.15}{1004,376.89,1077.15}{1005,377.19,1078.15}{1006,377.49,1079.15}{1007,377.79,1080.15}{1008,378.09,1081.15}{1009,378.39,1082.15}{1010,378.68,1083.15}{1011,378.98,1084.15}{1012,379.28,1085.15}{1013,379.57,1086.15}{1014,379.87,1087.15}{1015,380.17,1088.15}{1016,380.46,1089.15}{1017,380.76,1090.15}{1018,381.05,1091.15}{1019,381.35,1092.15}{1020,381.65,1093.15}{1021,381.94,1094.15}{1022,382.24,1095.15}{1023,382.53,1096.15}{1024,382.83,1097.15}{1025,383.12,1098.15}{1026,383.42,1099.15}{1027,383.71,1100.15}{1028,384.01,1101.15}{1029,384.3,1102.15}{1030,384.6,1103.15}{1031,384.89,1104.15}{1032,385.18,1105.15}{1033,385.48,1106.15}{1034,385.77,1107.15}{1035,386.07,1108.15}{1036,386.37,1109.15}{1037,386.66,1110.15}{1038,386.96,1111.15}{1039,387.25,1112.15}{1040,387.55,1113.15}{1041,387.84,1114.15}{1042,388.13,1115.15}{1043,388.42,1116.15}{1044,388.72,1117.15}{1045,389.01,1118.15}{1046,389.31,1119.15}{1047,389.61,1120.15}{1048,389.9,1121.15}{1049,390.19,1122.15}{1050,390.48,1123.15}&quot;"/>
                                                        <instance name="dev03/Config/ch00002/Calibration_Sensor_Curve" order="0" value="&quot;{0,18.52,73.15}{1,18.96,74.15}{2,19.39,75.15}{3,19.82,76.15}{4,20.25,77.15}{5,20.68,78.15}{6,21.11,79.15}{7,21.54,80.15}{8,21.97,81.15}{9,22.4,82.15}{10,22.83,83.15}{11,23.26,84.15}{12,23.69,85.15}{13,24.12,86.15}{14,24.55,87.15}{15,24.97,88.15}{16,25.39,89.15}{17,25.82,90.15}{18,26.25,91.15}{19,26.67,92.15}{20,27.1,93.15}{21,27.52,94.15}{22,27.95,95.15}{23,28.37,96.15}{24,28.8,97.15}{25,29.22,98.15}{26,29.65,99.15}{27,30.07,100.15}{28,30.49,101.15}{29,30.92,102.15}{30,31.34,103.15}{31,31.76,104.15}{32,32.18,105.15}{33,32.61,106.15}{34,33.03,107.15}{35,33.45,108.15}{36,33.86,109.15}{37,34.28,110.15}{38,34.7,111.15}{39,35.12,112.15}{40,35.54,113.15}{41,35.96,114.15}{42,36.38,115.15}{43,36.8,116.15}{44,37.22,117.15}{45,37.63,118.15}{46,38.05,119.15}{47,38.47,120.15}{48,38.89,121.15}{49,39.31,122.15}{50,39.72,123.15}{51,40.14,124.15}{52,40.56,125.15}{53,40.97,126.15}{54,41.39,127.15}{55,41.8,128.15}{56,42.22,129.15}{57,42.64,130.15}{58,43.05,131.15}{59,43.46,132.15}{60,43.88,133.15}{61,44.29,134.15}{62,44.71,135.15}{63,45.12,136.15}{64,45.53,137.15}{65,45.95,138.15}{66,46.35,139.15}{67,46.76,140.15}{68,47.18,141.15}{69,47.59,142.15}{70,48,143.15}{71,48.41,144.15}{72,48.82,145.15}{73,49.23,146.15}{74,49.64,147.15}{75,50.06,148.15}{76,50.47,149.15}{77,50.88,150.15}{78,51.29,151.15}{79,51.7,152.15}{80,52.11,153.15}{81,52.52,154.15}{82,52.92,155.15}{83,53.33,156.15}{84,53.74,157.15}{85,54.15,158.15}{86,54.56,159.15}{87,54.97,160.15}{88,55.38,161.15}{89,55.78,162.15}{90,56.19,163.15}{91,56.6,164.15}{92,57,165.15}{93,57.41,166.15}{94,57.82,167.15}{95,58.22,168.15}{96,58.63,169.15}{97,59.04,170.15}{98,59.44,171.15}{99,59.85,172.15}{100,60.26,173.15}{101,60.67,174.15}{102,61.07,175.15}{103,61.48,176.15}{104,61.87,177.15}{105,62.29,178.15}{106,62.69,179.15}{107,63.1,180.15}{108,63.5,181.15}{109,63.91,182.15}{110,64.3,183.15}{111,64.7,184.15}{112,65.11,185.15}{113,65.51,186.15}{114,65.91,187.15}{115,66.31,188.15}{116,66.72,189.15}{117,67.12,190.15}{118,67.52,191.15}{119,67.92,192.15}{120,68.33,193.15}{121,68.73,194.15}{122,69.13,195.15}{123,69.53,196.15}{124,69.93,197.15}{125,70.33,198.15}{126,70.73,199.15}{127,71.13,200.15}{128,71.53,201.15}{129,71.93,202.15}{130,72.33,203.15}{131,72.73,204.15}{132,73.13,205.15}{133,73.53,206.15}{134,73.93,207.15}{135,74.33,208.15}{136,74.73,209.15}{137,75.13,210.15}{138,75.53,211.15}{139,75.93,212.15}{140,76.33,213.15}{141,76.73,214.15}{142,77.13,215.15}{143,77.52,216.15}{144,77.92,217.15}{145,78.32,218.15}{146,78.72,219.15}{147,79.11,220.15}{148,79.51,221.15}{149,79.91,222.15}{150,80.31,223.15}{151,80.7,224.15}{152,81.1,225.15}{153,81.5,226.15}{154,81.89,227.15}{155,82.29,228.15}{156,82.69,229.15}{157,83.08,230.15}{158,83.48,231.15}{159,83.88,232.15}{160,84.27,233.15}{161,84.67,234.15}{162,85.06,235.15}{163,85.46,236.15}{164,85.85,237.15}{165,86.25,238.15}{166,86.64,239.15}{167,87.04,240.15}{168,87.43,241.15}{169,87.83,242.15}{170,88.22,243.15}{171,88.62,244.15}{172,89.01,245.15}{173,89.4,246.15}{174,89.8,247.15}{175,90.19,248.15}{176,90.59,249.15}{177,90.98,250.15}{178,91.37,251.15}{179,91.77,252.15}{180,92.16,253.15}{181,92.55,254.15}{182,92.95,255.15}{183,93.34,256.15}{184,93.73,257.15}{185,94.12,258.15}{186,94.52,259.15}{187,94.91,260.15}{188,95.3,261.15}{189,95.69,262.15}{190,96.09,263.15}{191,96.48,264.15}{192,96.87,265.15}{193,97.26,266.15}{194,97.65,267.15}{195,98.04,268.15}{196,98.44,269.15}{197,98.83,270.15}{198,99.22,271.15}{199,99.61,272.15}{200,100,273.15}{201,100.39,274.15}{202,100.78,275.15}{203,101.17,276.15}{204,101.56,277.15}{205,101.95,278.15}{206,102.34,279.15}{207,102.73,280.15}{208,103.12,281.15}{209,103.51,282.15}{210,103.9,283.15}{211,104.29,284.15}{212,104.68,285.15}{213,105.07,286.15}{214,105.46,287.15}{215,105.85,288.15}{216,106.24,289.15}{217,106.63,290.15}{218,107.02,291.15}{219,107.4,292.15}{220,107.79,293.15}{221,108.18,294.15}{222,108.57,295.15}{223,108.96,296.15}{224,109.35,297.15}{225,109.73,298.15}{226,110.12,299.15}{227,110.51,300.15}{228,110.9,301.15}{229,111.28,302.15}{230,111.67,303.15}{231,112.06,304.15}{232,112.45,305.15}{233,112.83,306.15}{234,113.22,307.15}{235,113.61,308.15}{236,113.99,309.15}{237,114.38,310.15}{238,114.77,311.15}{239,115.15,312.15}{240,115.54,313.15}{241,115.93,314.15}{242,116.31,315.15}{243,116.7,316.15}{244,117.08,317.15}{245,117.47,318.15}{246,117.85,319.15}{247,118.24,320.15}{248,118.62,321.15}{249,119.01,322.15}{250,119.4,323.15}{251,119.78,324.15}{252,120.16,325.15}{253,120.55,326.15}{254,120.93,327.15}{255,121.32,328.15}{256,121.7,329.15}{257,122.09,330.15}{258,122.47,331.15}{259,122.86,332.15}{260,123.24,333.15}{261,123.62,334.15}{262,124.01,335.15}{263,124.39,336.15}{264,124.77,337.15}{265,125.17,338.15}{266,125.55,339.15}{267,125.93,340.15}{268,126.32,341.15}{269,126.7,342.15}{270,127.08,343.15}{271,127.46,344.15}{272,127.85,345.15}{273,128.23,346.15}{274,128.61,347.15}{275,128.99,348.15}{276,129.38,349.15}{277,129.76,350.15}{278,130.14,351.15}{279,130.52,352.15}{280,130.9,353.15}{281,131.28,354.15}{282,131.67,355.15}{283,132.05,356.15}{284,132.43,357.15}{285,132.81,358.15}{286,133.19,359.15}{287,133.57,360.15}{288,133.95,361.15}{289,134.33,362.15}{290,134.71,363.15}{291,135.09,364.15}{292,135.47,365.15}{293,135.85,366.15}{294,136.23,367.15}{295,136.61,368.15}{296,136.99,369.15}{297,137.37,370.15}{298,137.75,371.15}{299,138.13,372.15}{300,138.51,373.15}{301,138.89,374.15}{302,139.27,375.15}{303,139.65,376.15}{304,140.03,377.15}{305,140.39,378.15}{306,140.77,379.15}{307,141.15,380.15}{308,141.53,381.15}{309,141.91,382.15}{310,142.29,383.15}{311,142.66,384.15}{312,143.04,385.15}{313,143.42,386.15}{314,143.8,387.15}{315,144.18,388.15}{316,144.56,389.15}{317,144.94,390.15}{318,145.32,391.15}{319,145.69,392.15}{320,146.07,393.15}{321,146.45,394.15}{322,146.82,395.15}{323,147.2,396.15}{324,147.58,397.15}{325,147.95,398.15}{326,148.33,399.15}{327,148.71,400.15}{328,149.08,401.15}{329,149.46,402.15}{330,149.83,403.15}{331,150.21,404.15}{332,150.58,405.15}{333,150.96,406.15}{334,151.34,407.15}{335,151.71,408.15}{336,152.09,409.15}{337,152.46,410.15}{338,152.84,411.15}{339,153.21,412.15}{340,153.58,413.15}{341,153.95,414.15}{342,154.32,415.15}{343,154.71,416.15}{344,155.08,417.15}{345,155.46,418.15}{346,155.83,419.15}{347,156.21,420.15}{348,156.58,421.15}{349,156.96,422.15}{350,157.33,423.15}{351,157.71,424.15}{352,158.08,425.15}{353,158.45,426.15}{354,158.83,427.15}{355,159.2,428.15}{356,159.56,429.15}{357,159.94,430.15}{358,160.31,431.15}{359,160.68,432.15}{360,161.05,433.15}{361,161.43,434.15}{362,161.8,435.15}{363,162.17,436.15}{364,162.54,437.15}{365,162.91,438.15}{366,163.28,439.15}{367,163.66,440.15}{368,164.03,441.15}{369,164.4,442.15}{370,164.77,443.15}{371,165.14,444.15}{372,165.51,445.15}{373,165.88,446.15}{374,166.25,447.15}{375,166.62,448.15}{376,167,449.15}{377,167.37,450.15}{378,167.74,451.15}{379,168.11,452.15}{380,168.48,453.15}{381,168.85,454.15}{382,169.22,455.15}{383,169.59,456.15}{384,169.96,457.15}{385,170.33,458.15}{386,170.69,459.15}{387,171.06,460.15}{388,171.43,461.15}{389,171.8,462.15}{390,172.17,463.15}{391,172.54,464.15}{392,172.91,465.15}{393,173.27,466.15}{394,173.64,467.15}{395,174.01,468.15}{396,174.39,469.15}{397,174.75,470.15}{398,175.12,471.15}{399,175.49,472.15}{400,175.86,473.15}{401,176.23,474.15}{402,176.59,475.15}{403,176.96,476.15}{404,177.33,477.15}{405,177.7,478.15}{406,178.06,479.15}{407,178.43,480.15}{408,178.8,481.15}{409,179.16,482.15}{410,179.53,483.15}{411,179.9,484.15}{412,180.26,485.15}{413,180.63,486.15}{414,180.99,487.15}{415,181.36,488.15}{416,181.73,489.15}{417,182.09,490.15}{418,182.46,491.15}{419,182.82,492.15}{420,183.19,493.15}{421,183.55,494.15}{422,183.92,495.15}{423,184.28,496.15}{424,184.65,497.15}{425,185.01,498.15}{426,185.38,499.15}{427,185.74,500.15}{428,186.11,501.15}{429,186.47,502.15}{430,186.84,503.15}{431,187.2,504.15}{432,187.56,505.15}{433,187.93,506.15}{434,188.29,507.15}{435,188.65,508.15}{436,189.02,509.15}{437,189.38,510.15}{438,189.74,511.15}{439,190.11,512.15}{440,190.47,513.15}{441,190.83,514.15}{442,191.2,515.15}{443,191.56,516.15}{444,191.92,517.15}{445,192.28,518.15}{446,192.66,519.15}{447,193.02,520.15}{448,193.38,521.15}{449,193.74,522.15}{450,194.1,523.15}{451,194.47,524.15}{452,194.83,525.15}{453,195.19,526.15}{454,195.55,527.15}{455,195.9,528.15}{456,196.26,529.15}{457,196.62,530.15}{458,196.98,531.15}{459,197.35,532.15}{460,197.71,533.15}{461,198.07,534.15}{462,198.43,535.15}{463,198.79,536.15}{464,199.15,537.15}{465,199.51,538.15}{466,199.87,539.15}{467,200.23,540.15}{468,200.59,541.15}{469,200.95,542.15}{470,201.31,543.15}{471,201.67,544.15}{472,202.03,545.15}{473,202.38,546.15}{474,202.74,547.15}{475,203.1,548.15}{476,203.46,549.15}{477,203.82,550.15}{478,204.18,551.15}{479,204.54,552.15}{480,204.9,553.15}{481,205.25,554.15}{482,205.61,555.15}{483,205.97,556.15}{484,206.33,557.15}{485,206.7,558.15}{486,207.05,559.15}{487,207.41,560.15}{488,207.77,561.15}{489,208.13,562.15}{490,208.48,563.15}{491,208.84,564.15}{492,209.2,565.15}{493,209.55,566.15}{494,209.91,567.15}{495,210.27,568.15}{496,210.62,569.15}{497,210.98,570.15}{498,211.34,571.15}{499,211.69,572.15}{500,212.05,573.15}{501,212.4,574.15}{502,212.76,575.15}{503,213.12,576.15}{504,213.47,577.15}{505,213.83,578.15}{506,214.19,579.15}{507,214.55,580.15}{508,214.9,581.15}{509,215.26,582.15}{510,215.61,583.15}{511,215.97,584.15}{512,216.32,585.15}{513,216.68,586.15}{514,217.03,587.15}{515,217.39,588.15}{516,217.73,589.15}{517,218.08,590.15}{518,218.44,591.15}{519,218.79,592.15}{520,219.15,593.15}{521,219.5,594.15}{522,219.85,595.15}{523,220.21,596.15}{524,220.56,597.15}{525,220.91,598.15}{526,221.27,599.15}{527,221.62,600.15}{528,221.97,601.15}{529,222.32,602.15}{530,222.68,603.15}{531,223.03,604.15}{532,223.38,605.15}{533,223.73,606.15}{534,224.09,607.15}{535,224.45,608.15}{536,224.8,609.15}{537,225.15,610.15}{538,225.5,611.15}{539,225.85,612.15}{540,226.21,613.15}{541,226.56,614.15}{542,226.91,615.15}{543,227.26,616.15}{544,227.61,617.15}{545,227.96,618.15}{546,228.31,619.15}{547,228.66,620.15}{548,229.01,621.15}{549,229.36,622.15}{550,229.72,623.15}{551,230.07,624.15}{552,230.42,625.15}{553,230.77,626.15}{554,231.12,627.15}{555,231.47,628.15}{556,231.81,629.15}{557,232.16,630.15}{558,232.51,631.15}{559,232.86,632.15}{560,233.21,633.15}{561,233.56,634.15}{562,233.91,635.15}{563,234.26,636.15}{564,234.6,637.15}{565,234.95,638.15}{566,235.3,639.15}{567,235.65,640.15}{568,236,641.15}{569,236.35,642.15}{570,236.7,643.15}{571,237.05,644.15}{572,237.4,645.15}{573,237.75,646.15}{574,238.09,647.15}{575,238.44,648.15}{576,238.79,649.15}{577,239.14,650.15}{578,239.48,651.15}{579,239.83,652.15}{580,240.18,653.15}{581,240.52,654.15}{582,240.87,655.15}{583,241.22,656.15}{584,241.56,657.15}{585,241.91,658.15}{586,242.25,659.15}{587,242.6,660.15}{588,242.95,661.15}{589,243.29,662.15}{590,243.64,663.15}{591,243.98,664.15}{592,244.33,665.15}{593,244.67,666.15}{594,245.02,667.15}{595,245.36,668.15}{596,245.71,669.15}{597,246.05,670.15}{598,246.4,671.15}{599,246.74,672.15}{600,247.09,673.15}{601,247.43,674.15}{602,247.78,675.15}{603,248.12,676.15}{604,248.46,677.15}{605,248.81,678.15}{606,249.15,679.15}{607,249.5,680.15}{608,249.84,681.15}{609,250.18,682.15}{610,250.53,683.15}{611,250.89,684.15}{612,251.21,685.15}{613,251.55,686.15}{614,251.9,687.15}{615,252.24,688.15}{616,252.59,689.15}{617,252.94,690.15}{618,253.28,691.15}{619,253.62,692.15}{620,253.96,693.15}{621,254.3,694.15}{622,254.65,695.15}{623,254.99,696.15}{624,255.33,697.15}{625,255.67,698.15}{626,256.01,699.15}{627,256.35,700.15}{628,256.7,701.15}{629,257.04,702.15}{630,257.38,703.15}{631,257.72,704.15}{632,258.06,705.15}{633,258.4,706.15}{634,258.74,707.15}{635,259.08,708.15}{636,259.42,709.15}{637,259.76,710.15}{638,260.1,711.15}{639,260.44,712.15}{640,260.78,713.15}{641,261.12,714.15}{642,261.46,715.15}{643,261.8,716.15}{644,262.14,717.15}{645,262.48,718.15}{646,262.83,719.15}{647,263.17,720.15}{648,263.5,721.15}{649,263.84,722.15}{650,264.18,723.15}{651,264.52,724.15}{652,264.86,725.15}{653,265.2,726.15}{654,265.54,727.15}{655,265.87,728.15}{656,266.21,729.15}{657,266.55,730.15}{658,266.89,731.15}{659,267.22,732.15}{660,267.56,733.15}{661,267.9,734.15}{662,268.24,735.15}{663,268.57,736.15}{664,268.91,737.15}{665,269.25,738.15}{666,269.58,739.15}{667,269.92,740.15}{668,270.26,741.15}{669,270.59,742.15}{670,270.93,743.15}{671,271.27,744.15}{672,271.6,745.15}{673,271.94,746.15}{674,272.27,747.15}{675,272.61,748.15}{676,272.95,749.15}{677,273.28,750.15}{678,273.62,751.15}{679,273.95,752.15}{680,274.29,753.15}{681,274.62,754.15}{682,274.96,755.15}{683,275.29,756.15}{684,275.63,757.15}{685,275.96,758.15}{686,276.31,759.15}{687,276.64,760.15}{688,276.97,761.15}{689,277.31,762.15}{690,277.64,763.15}{691,277.98,764.15}{692,278.31,765.15}{693,278.64,766.15}{694,278.98,767.15}{695,279.31,768.15}{696,279.64,769.15}{697,279.98,770.15}{698,280.31,771.15}{699,280.64,772.15}{700,280.98,773.15}{701,281.31,774.15}{702,281.64,775.15}{703,281.97,776.15}{704,282.31,777.15}{705,282.64,778.15}{706,282.97,779.15}{707,283.3,780.15}{708,283.63,781.15}{709,283.97,782.15}{710,284.3,783.15}{711,284.63,784.15}{712,284.96,785.15}{713,285.29,786.15}{714,285.62,787.15}{715,285.95,788.15}{716,286.3,789.15}{717,286.63,790.15}{718,286.96,791.15}{719,287.29,792.15}{720,287.62,793.15}{721,287.95,794.15}{722,288.28,795.15}{723,288.61,796.15}{724,288.94,797.15}{725,289.27,798.15}{726,289.6,799.15}{727,289.93,800.15}{728,290.26,801.15}{729,290.59,802.15}{730,290.92,803.15}{731,291.25,804.15}{732,291.58,805.15}{733,291.9,806.15}{734,292.23,807.15}{735,292.56,808.15}{736,292.9,809.15}{737,293.23,810.15}{738,293.56,811.15}{739,293.89,812.15}{740,294.21,813.15}{741,294.54,814.15}{742,294.87,815.15}{743,295.2,816.15}{744,295.53,817.15}{745,295.85,818.15}{746,296.18,819.15}{747,296.51,820.15}{748,296.84,821.15}{749,297.16,822.15}{750,297.49,823.15}{751,297.82,824.15}{752,298.14,825.15}{753,298.47,826.15}{754,298.8,827.15}{755,299.12,828.15}{756,299.45,829.15}{757,299.78,830.15}{758,300.1,831.15}{759,300.43,832.15}{760,300.75,833.15}{761,301.08,834.15}{762,301.41,835.15}{763,301.73,836.15}{764,302.06,837.15}{765,302.38,838.15}{766,302.71,839.15}{767,303.03,840.15}{768,303.36,841.15}{769,303.68,842.15}{770,304.01,843.15}{771,304.33,844.15}{772,304.66,845.15}{773,304.98,846.15}{774,305.3,847.15}{775,305.63,848.15}{776,305.95,849.15}{777,306.28,850.15}{778,306.6,851.15}{779,306.92,852.15}{780,307.25,853.15}{781,307.57,854.15}{782,307.89,855.15}{783,308.22,856.15}{784,308.54,857.15}{785,308.86,858.15}{786,309.19,859.15}{787,309.51,860.15}{788,309.83,861.15}{789,310.15,862.15}{790,310.48,863.15}{791,310.8,864.15}{792,311.12,865.15}{793,311.45,866.15}{794,311.78,867.15}{795,312.1,868.15}{796,312.43,869.15}{797,312.75,870.15}{798,313.07,871.15}{799,313.39,872.15}{800,313.71,873.15}{801,314.04,874.15}{802,314.36,875.15}{803,314.68,876.15}{804,315,877.15}{805,315.32,878.15}{806,315.64,879.15}{807,315.96,880.15}{808,316.28,881.15}{809,316.6,882.15}{810,316.92,883.15}{811,317.24,884.15}{812,317.56,885.15}{813,317.88,886.15}{814,318.2,887.15}{815,318.52,888.15}{816,318.85,889.15}{817,319.17,890.15}{818,319.49,891.15}{819,319.81,892.15}{820,320.12,893.15}{821,320.44,894.15}{822,320.76,895.15}{823,321.08,896.15}{824,321.4,897.15}{825,321.72,898.15}{826,322.03,899.15}{827,322.34,900.15}{828,322.66,901.15}{829,322.98,902.15}{830,323.3,903.15}{831,323.61,904.15}{832,323.93,905.15}{833,324.25,906.15}{834,324.57,907.15}{835,324.88,908.15}{836,325.21,909.15}{837,325.53,910.15}{838,325.85,911.15}{839,326.16,912.15}{840,326.48,913.15}{841,326.79,914.15}{842,327.11,915.15}{843,327.43,916.15}{844,327.74,917.15}{845,328.06,918.15}{846,328.38,919.15}{847,328.69,920.15}{848,329.01,921.15}{849,329.32,922.15}{850,329.64,923.15}{851,329.95,924.15}{852,330.27,925.15}{853,330.58,926.15}{854,330.9,927.15}{855,331.21,928.15}{856,331.53,929.15}{857,331.84,930.15}{858,332.16,931.15}{859,332.47,932.15}{860,332.79,933.15}{861,333.1,934.15}{862,333.41,935.15}{863,333.73,936.15}{864,334.04,937.15}{865,334.36,938.15}{866,334.68,939.15}{867,334.99,940.15}{868,335.31,941.15}{869,335.62,942.15}{870,335.93,943.15}{871,336.25,944.15}{872,336.56,945.15}{873,336.87,946.15}{874,337.18,947.15}{875,337.5,948.15}{876,337.81,949.15}{877,338.12,950.15}{878,338.43,951.15}{879,338.75,952.15}{880,339.06,953.15}{881,339.37,954.15}{882,339.68,955.15}{883,339.99,956.15}{884,340.3,957.15}{885,340.62,958.15}{886,340.94,959.15}{887,341.25,960.15}{888,341.55,961.15}{889,341.87,962.15}{890,342.18,963.15}{891,342.49,964.15}{892,342.8,965.15}{893,343.11,966.15}{894,343.42,967.15}{895,343.73,968.15}{896,344.04,969.15}{897,344.35,970.15}{898,344.66,971.15}{899,344.97,972.15}{900,345.28,973.15}{901,345.59,974.15}{902,345.9,975.15}{903,346.21,976.15}{904,346.52,977.15}{905,346.83,978.15}{906,347.15,979.15}{907,347.46,980.15}{908,347.76,981.15}{909,348.07,982.15}{910,348.38,983.15}{911,348.69,984.15}{912,349,985.15}{913,349.31,986.15}{914,349.61,987.15}{915,349.92,988.15}{916,350.23,989.15}{917,350.54,990.15}{918,350.85,991.15}{919,351.15,992.15}{920,351.46,993.15}{921,351.77,994.15}{922,352.07,995.15}{923,352.38,996.15}{924,352.69,997.15}{925,352.99,998.15}{926,353.3,999.15}{927,353.61,1000.15}{928,353.91,1001.15}{929,354.22,1002.15}{930,354.53,1003.15}{931,354.83,1004.15}{932,355.14,1005.15}{933,355.44,1006.15}{934,355.75,1007.15}{935,356.06,1008.15}{936,356.37,1009.15}{937,356.68,1010.15}{938,356.98,1011.15}{939,357.29,1012.15}{940,357.59,1013.15}{941,357.9,1014.15}{942,358.2,1015.15}{943,358.51,1016.15}{944,358.81,1017.15}{945,359.12,1018.15}{946,359.42,1019.15}{947,359.72,1020.15}{948,360.03,1021.15}{949,360.33,1022.15}{950,360.64,1023.15}{951,360.94,1024.15}{952,361.24,1025.15}{953,361.55,1026.15}{954,361.85,1027.15}{955,362.15,1028.15}{956,362.46,1029.15}{957,362.76,1030.15}{958,363.06,1031.15}{959,363.36,1032.15}{960,363.67,1033.15}{961,363.97,1034.15}{962,364.27,1035.15}{963,364.57,1036.15}{964,364.88,1037.15}{965,365.18,1038.15}{966,365.49,1039.15}{967,365.79,1040.15}{968,366.09,1041.15}{969,366.4,1042.15}{970,366.7,1043.15}{971,367,1044.15}{972,367.3,1045.15}{973,367.6,1046.15}{974,367.9,1047.15}{975,368.2,1048.15}{976,368.5,1049.15}{977,368.81,1050.15}{978,369.11,1051.15}{979,369.41,1052.15}{980,369.71,1053.15}{981,370.01,1054.15}{982,370.31,1055.15}{983,370.61,1056.15}{984,370.91,1057.15}{985,371.21,1058.15}{986,371.52,1059.15}{987,371.82,1060.15}{988,372.12,1061.15}{989,372.41,1062.15}{990,372.71,1063.15}{991,373.01,1064.15}{992,373.31,1065.15}{993,373.61,1066.15}{994,373.91,1067.15}{995,374.21,1068.15}{996,374.51,1069.15}{997,374.8,1070.15}{998,375.1,1071.15}{999,375.4,1072.15}{1000,375.7,1073.15}{1001,376,1074.15}{1002,376.29,1075.15}{1003,376.59,1076.15}{1004,376.89,1077.15}{1005,377.19,1078.15}{1006,377.49,1079.15}{1007,377.79,1080.15}{1008,378.09,1081.15}{1009,378.39,1082.15}{1010,378.68,1083.15}{1011,378.98,1084.15}{1012,379.28,1085.15}{1013,379.57,1086.15}{1014,379.87,1087.15}{1015,380.17,1088.15}{1016,380.46,1089.15}{1017,380.76,1090.15}{1018,381.05,1091.15}{1019,381.35,1092.15}{1020,381.65,1093.15}{1021,381.94,1094.15}{1022,382.24,1095.15}{1023,382.53,1096.15}{1024,382.83,1097.15}{1025,383.12,1098.15}{1026,383.42,1099.15}{1027,383.71,1100.15}{1028,384.01,1101.15}{1029,384.3,1102.15}{1030,384.6,1103.15}{1031,384.89,1104.15}{1032,385.18,1105.15}{1033,385.48,1106.15}{1034,385.77,1107.15}{1035,386.07,1108.15}{1036,386.37,1109.15}{1037,386.66,1110.15}{1038,386.96,1111.15}{1039,387.25,1112.15}{1040,387.55,1113.15}{1041,387.84,1114.15}{1042,388.13,1115.15}{1043,388.42,1116.15}{1044,388.72,1117.15}{1045,389.01,1118.15}{1046,389.31,1119.15}{1047,389.61,1120.15}{1048,389.9,1121.15}{1049,390.19,1122.15}{1050,390.48,1123.15}&quot;"/>
                                                        <instance name="dev01/Config/ch00010/Calibration_Sensor_Name" order="0" value="CalSensor10"/>
                                                        <instance name="dev01/Config/ch00022/Maximum_Range" order="0" value="24"/>
                                                        <instance name="dev03/Config/ch00010/Calibration_Sensor_Output_Units" order="0" value="K"/>
                                                        <instance name="dev01/Config/ch00024/Calibration_Sensor_Curve" order="0" value="&quot;{0,3.99971,0}{1,4.00051,0.00725}{2,11.9348,71.92712}{3,20.0913,145.85865}{4,20.54819,150}&quot;"/>
                                                        <instance name="dev03/Config/ch00008/RTDWireScheme" order="0" value="4"/>
                                                        <instance name="dev01/Config/ch00003/Maximum_Range" order="0" value="24"/>
                                                        <instance name="dev03/Config/ch00003/Calibration_Sensor_Curve" order="0" value="&quot;{0,18.52,73.15}{1,18.96,74.15}{2,19.39,75.15}{3,19.82,76.15}{4,20.25,77.15}{5,20.68,78.15}{6,21.11,79.15}{7,21.54,80.15}{8,21.97,81.15}{9,22.4,82.15}{10,22.83,83.15}{11,23.26,84.15}{12,23.69,85.15}{13,24.12,86.15}{14,24.55,87.15}{15,24.97,88.15}{16,25.39,89.15}{17,25.82,90.15}{18,26.25,91.15}{19,26.67,92.15}{20,27.1,93.15}{21,27.52,94.15}{22,27.95,95.15}{23,28.37,96.15}{24,28.8,97.15}{25,29.22,98.15}{26,29.65,99.15}{27,30.07,100.15}{28,30.49,101.15}{29,30.92,102.15}{30,31.34,103.15}{31,31.76,104.15}{32,32.18,105.15}{33,32.61,106.15}{34,33.03,107.15}{35,33.45,108.15}{36,33.86,109.15}{37,34.28,110.15}{38,34.7,111.15}{39,35.12,112.15}{40,35.54,113.15}{41,35.96,114.15}{42,36.38,115.15}{43,36.8,116.15}{44,37.22,117.15}{45,37.63,118.15}{46,38.05,119.15}{47,38.47,120.15}{48,38.89,121.15}{49,39.31,122.15}{50,39.72,123.15}{51,40.14,124.15}{52,40.56,125.15}{53,40.97,126.15}{54,41.39,127.15}{55,41.8,128.15}{56,42.22,129.15}{57,42.64,130.15}{58,43.05,131.15}{59,43.46,132.15}{60,43.88,133.15}{61,44.29,134.15}{62,44.71,135.15}{63,45.12,136.15}{64,45.53,137.15}{65,45.95,138.15}{66,46.35,139.15}{67,46.76,140.15}{68,47.18,141.15}{69,47.59,142.15}{70,48,143.15}{71,48.41,144.15}{72,48.82,145.15}{73,49.23,146.15}{74,49.64,147.15}{75,50.06,148.15}{76,50.47,149.15}{77,50.88,150.15}{78,51.29,151.15}{79,51.7,152.15}{80,52.11,153.15}{81,52.52,154.15}{82,52.92,155.15}{83,53.33,156.15}{84,53.74,157.15}{85,54.15,158.15}{86,54.56,159.15}{87,54.97,160.15}{88,55.38,161.15}{89,55.78,162.15}{90,56.19,163.15}{91,56.6,164.15}{92,57,165.15}{93,57.41,166.15}{94,57.82,167.15}{95,58.22,168.15}{96,58.63,169.15}{97,59.04,170.15}{98,59.44,171.15}{99,59.85,172.15}{100,60.26,173.15}{101,60.67,174.15}{102,61.07,175.15}{103,61.48,176.15}{104,61.87,177.15}{105,62.29,178.15}{106,62.69,179.15}{107,63.1,180.15}{108,63.5,181.15}{109,63.91,182.15}{110,64.3,183.15}{111,64.7,184.15}{112,65.11,185.15}{113,65.51,186.15}{114,65.91,187.15}{115,66.31,188.15}{116,66.72,189.15}{117,67.12,190.15}{118,67.52,191.15}{119,67.92,192.15}{120,68.33,193.15}{121,68.73,194.15}{122,69.13,195.15}{123,69.53,196.15}{124,69.93,197.15}{125,70.33,198.15}{126,70.73,199.15}{127,71.13,200.15}{128,71.53,201.15}{129,71.93,202.15}{130,72.33,203.15}{131,72.73,204.15}{132,73.13,205.15}{133,73.53,206.15}{134,73.93,207.15}{135,74.33,208.15}{136,74.73,209.15}{137,75.13,210.15}{138,75.53,211.15}{139,75.93,212.15}{140,76.33,213.15}{141,76.73,214.15}{142,77.13,215.15}{143,77.52,216.15}{144,77.92,217.15}{145,78.32,218.15}{146,78.72,219.15}{147,79.11,220.15}{148,79.51,221.15}{149,79.91,222.15}{150,80.31,223.15}{151,80.7,224.15}{152,81.1,225.15}{153,81.5,226.15}{154,81.89,227.15}{155,82.29,228.15}{156,82.69,229.15}{157,83.08,230.15}{158,83.48,231.15}{159,83.88,232.15}{160,84.27,233.15}{161,84.67,234.15}{162,85.06,235.15}{163,85.46,236.15}{164,85.85,237.15}{165,86.25,238.15}{166,86.64,239.15}{167,87.04,240.15}{168,87.43,241.15}{169,87.83,242.15}{170,88.22,243.15}{171,88.62,244.15}{172,89.01,245.15}{173,89.4,246.15}{174,89.8,247.15}{175,90.19,248.15}{176,90.59,249.15}{177,90.98,250.15}{178,91.37,251.15}{179,91.77,252.15}{180,92.16,253.15}{181,92.55,254.15}{182,92.95,255.15}{183,93.34,256.15}{184,93.73,257.15}{185,94.12,258.15}{186,94.52,259.15}{187,94.91,260.15}{188,95.3,261.15}{189,95.69,262.15}{190,96.09,263.15}{191,96.48,264.15}{192,96.87,265.15}{193,97.26,266.15}{194,97.65,267.15}{195,98.04,268.15}{196,98.44,269.15}{197,98.83,270.15}{198,99.22,271.15}{199,99.61,272.15}{200,100,273.15}{201,100.39,274.15}{202,100.78,275.15}{203,101.17,276.15}{204,101.56,277.15}{205,101.95,278.15}{206,102.34,279.15}{207,102.73,280.15}{208,103.12,281.15}{209,103.51,282.15}{210,103.9,283.15}{211,104.29,284.15}{212,104.68,285.15}{213,105.07,286.15}{214,105.46,287.15}{215,105.85,288.15}{216,106.24,289.15}{217,106.63,290.15}{218,107.02,291.15}{219,107.4,292.15}{220,107.79,293.15}{221,108.18,294.15}{222,108.57,295.15}{223,108.96,296.15}{224,109.35,297.15}{225,109.73,298.15}{226,110.12,299.15}{227,110.51,300.15}{228,110.9,301.15}{229,111.28,302.15}{230,111.67,303.15}{231,112.06,304.15}{232,112.45,305.15}{233,112.83,306.15}{234,113.22,307.15}{235,113.61,308.15}{236,113.99,309.15}{237,114.38,310.15}{238,114.77,311.15}{239,115.15,312.15}{240,115.54,313.15}{241,115.93,314.15}{242,116.31,315.15}{243,116.7,316.15}{244,117.08,317.15}{245,117.47,318.15}{246,117.85,319.15}{247,118.24,320.15}{248,118.62,321.15}{249,119.01,322.15}{250,119.4,323.15}{251,119.78,324.15}{252,120.16,325.15}{253,120.55,326.15}{254,120.93,327.15}{255,121.32,328.15}{256,121.7,329.15}{257,122.09,330.15}{258,122.47,331.15}{259,122.86,332.15}{260,123.24,333.15}{261,123.62,334.15}{262,124.01,335.15}{263,124.39,336.15}{264,124.77,337.15}{265,125.17,338.15}{266,125.55,339.15}{267,125.93,340.15}{268,126.32,341.15}{269,126.7,342.15}{270,127.08,343.15}{271,127.46,344.15}{272,127.85,345.15}{273,128.23,346.15}{274,128.61,347.15}{275,128.99,348.15}{276,129.38,349.15}{277,129.76,350.15}{278,130.14,351.15}{279,130.52,352.15}{280,130.9,353.15}{281,131.28,354.15}{282,131.67,355.15}{283,132.05,356.15}{284,132.43,357.15}{285,132.81,358.15}{286,133.19,359.15}{287,133.57,360.15}{288,133.95,361.15}{289,134.33,362.15}{290,134.71,363.15}{291,135.09,364.15}{292,135.47,365.15}{293,135.85,366.15}{294,136.23,367.15}{295,136.61,368.15}{296,136.99,369.15}{297,137.37,370.15}{298,137.75,371.15}{299,138.13,372.15}{300,138.51,373.15}{301,138.89,374.15}{302,139.27,375.15}{303,139.65,376.15}{304,140.03,377.15}{305,140.39,378.15}{306,140.77,379.15}{307,141.15,380.15}{308,141.53,381.15}{309,141.91,382.15}{310,142.29,383.15}{311,142.66,384.15}{312,143.04,385.15}{313,143.42,386.15}{314,143.8,387.15}{315,144.18,388.15}{316,144.56,389.15}{317,144.94,390.15}{318,145.32,391.15}{319,145.69,392.15}{320,146.07,393.15}{321,146.45,394.15}{322,146.82,395.15}{323,147.2,396.15}{324,147.58,397.15}{325,147.95,398.15}{326,148.33,399.15}{327,148.71,400.15}{328,149.08,401.15}{329,149.46,402.15}{330,149.83,403.15}{331,150.21,404.15}{332,150.58,405.15}{333,150.96,406.15}{334,151.34,407.15}{335,151.71,408.15}{336,152.09,409.15}{337,152.46,410.15}{338,152.84,411.15}{339,153.21,412.15}{340,153.58,413.15}{341,153.95,414.15}{342,154.32,415.15}{343,154.71,416.15}{344,155.08,417.15}{345,155.46,418.15}{346,155.83,419.15}{347,156.21,420.15}{348,156.58,421.15}{349,156.96,422.15}{350,157.33,423.15}{351,157.71,424.15}{352,158.08,425.15}{353,158.45,426.15}{354,158.83,427.15}{355,159.2,428.15}{356,159.56,429.15}{357,159.94,430.15}{358,160.31,431.15}{359,160.68,432.15}{360,161.05,433.15}{361,161.43,434.15}{362,161.8,435.15}{363,162.17,436.15}{364,162.54,437.15}{365,162.91,438.15}{366,163.28,439.15}{367,163.66,440.15}{368,164.03,441.15}{369,164.4,442.15}{370,164.77,443.15}{371,165.14,444.15}{372,165.51,445.15}{373,165.88,446.15}{374,166.25,447.15}{375,166.62,448.15}{376,167,449.15}{377,167.37,450.15}{378,167.74,451.15}{379,168.11,452.15}{380,168.48,453.15}{381,168.85,454.15}{382,169.22,455.15}{383,169.59,456.15}{384,169.96,457.15}{385,170.33,458.15}{386,170.69,459.15}{387,171.06,460.15}{388,171.43,461.15}{389,171.8,462.15}{390,172.17,463.15}{391,172.54,464.15}{392,172.91,465.15}{393,173.27,466.15}{394,173.64,467.15}{395,174.01,468.15}{396,174.39,469.15}{397,174.75,470.15}{398,175.12,471.15}{399,175.49,472.15}{400,175.86,473.15}{401,176.23,474.15}{402,176.59,475.15}{403,176.96,476.15}{404,177.33,477.15}{405,177.7,478.15}{406,178.06,479.15}{407,178.43,480.15}{408,178.8,481.15}{409,179.16,482.15}{410,179.53,483.15}{411,179.9,484.15}{412,180.26,485.15}{413,180.63,486.15}{414,180.99,487.15}{415,181.36,488.15}{416,181.73,489.15}{417,182.09,490.15}{418,182.46,491.15}{419,182.82,492.15}{420,183.19,493.15}{421,183.55,494.15}{422,183.92,495.15}{423,184.28,496.15}{424,184.65,497.15}{425,185.01,498.15}{426,185.38,499.15}{427,185.74,500.15}{428,186.11,501.15}{429,186.47,502.15}{430,186.84,503.15}{431,187.2,504.15}{432,187.56,505.15}{433,187.93,506.15}{434,188.29,507.15}{435,188.65,508.15}{436,189.02,509.15}{437,189.38,510.15}{438,189.74,511.15}{439,190.11,512.15}{440,190.47,513.15}{441,190.83,514.15}{442,191.2,515.15}{443,191.56,516.15}{444,191.92,517.15}{445,192.28,518.15}{446,192.66,519.15}{447,193.02,520.15}{448,193.38,521.15}{449,193.74,522.15}{450,194.1,523.15}{451,194.47,524.15}{452,194.83,525.15}{453,195.19,526.15}{454,195.55,527.15}{455,195.9,528.15}{456,196.26,529.15}{457,196.62,530.15}{458,196.98,531.15}{459,197.35,532.15}{460,197.71,533.15}{461,198.07,534.15}{462,198.43,535.15}{463,198.79,536.15}{464,199.15,537.15}{465,199.51,538.15}{466,199.87,539.15}{467,200.23,540.15}{468,200.59,541.15}{469,200.95,542.15}{470,201.31,543.15}{471,201.67,544.15}{472,202.03,545.15}{473,202.38,546.15}{474,202.74,547.15}{475,203.1,548.15}{476,203.46,549.15}{477,203.82,550.15}{478,204.18,551.15}{479,204.54,552.15}{480,204.9,553.15}{481,205.25,554.15}{482,205.61,555.15}{483,205.97,556.15}{484,206.33,557.15}{485,206.7,558.15}{486,207.05,559.15}{487,207.41,560.15}{488,207.77,561.15}{489,208.13,562.15}{490,208.48,563.15}{491,208.84,564.15}{492,209.2,565.15}{493,209.55,566.15}{494,209.91,567.15}{495,210.27,568.15}{496,210.62,569.15}{497,210.98,570.15}{498,211.34,571.15}{499,211.69,572.15}{500,212.05,573.15}{501,212.4,574.15}{502,212.76,575.15}{503,213.12,576.15}{504,213.47,577.15}{505,213.83,578.15}{506,214.19,579.15}{507,214.55,580.15}{508,214.9,581.15}{509,215.26,582.15}{510,215.61,583.15}{511,215.97,584.15}{512,216.32,585.15}{513,216.68,586.15}{514,217.03,587.15}{515,217.39,588.15}{516,217.73,589.15}{517,218.08,590.15}{518,218.44,591.15}{519,218.79,592.15}{520,219.15,593.15}{521,219.5,594.15}{522,219.85,595.15}{523,220.21,596.15}{524,220.56,597.15}{525,220.91,598.15}{526,221.27,599.15}{527,221.62,600.15}{528,221.97,601.15}{529,222.32,602.15}{530,222.68,603.15}{531,223.03,604.15}{532,223.38,605.15}{533,223.73,606.15}{534,224.09,607.15}{535,224.45,608.15}{536,224.8,609.15}{537,225.15,610.15}{538,225.5,611.15}{539,225.85,612.15}{540,226.21,613.15}{541,226.56,614.15}{542,226.91,615.15}{543,227.26,616.15}{544,227.61,617.15}{545,227.96,618.15}{546,228.31,619.15}{547,228.66,620.15}{548,229.01,621.15}{549,229.36,622.15}{550,229.72,623.15}{551,230.07,624.15}{552,230.42,625.15}{553,230.77,626.15}{554,231.12,627.15}{555,231.47,628.15}{556,231.81,629.15}{557,232.16,630.15}{558,232.51,631.15}{559,232.86,632.15}{560,233.21,633.15}{561,233.56,634.15}{562,233.91,635.15}{563,234.26,636.15}{564,234.6,637.15}{565,234.95,638.15}{566,235.3,639.15}{567,235.65,640.15}{568,236,641.15}{569,236.35,642.15}{570,236.7,643.15}{571,237.05,644.15}{572,237.4,645.15}{573,237.75,646.15}{574,238.09,647.15}{575,238.44,648.15}{576,238.79,649.15}{577,239.14,650.15}{578,239.48,651.15}{579,239.83,652.15}{580,240.18,653.15}{581,240.52,654.15}{582,240.87,655.15}{583,241.22,656.15}{584,241.56,657.15}{585,241.91,658.15}{586,242.25,659.15}{587,242.6,660.15}{588,242.95,661.15}{589,243.29,662.15}{590,243.64,663.15}{591,243.98,664.15}{592,244.33,665.15}{593,244.67,666.15}{594,245.02,667.15}{595,245.36,668.15}{596,245.71,669.15}{597,246.05,670.15}{598,246.4,671.15}{599,246.74,672.15}{600,247.09,673.15}{601,247.43,674.15}{602,247.78,675.15}{603,248.12,676.15}{604,248.46,677.15}{605,248.81,678.15}{606,249.15,679.15}{607,249.5,680.15}{608,249.84,681.15}{609,250.18,682.15}{610,250.53,683.15}{611,250.89,684.15}{612,251.21,685.15}{613,251.55,686.15}{614,251.9,687.15}{615,252.24,688.15}{616,252.59,689.15}{617,252.94,690.15}{618,253.28,691.15}{619,253.62,692.15}{620,253.96,693.15}{621,254.3,694.15}{622,254.65,695.15}{623,254.99,696.15}{624,255.33,697.15}{625,255.67,698.15}{626,256.01,699.15}{627,256.35,700.15}{628,256.7,701.15}{629,257.04,702.15}{630,257.38,703.15}{631,257.72,704.15}{632,258.06,705.15}{633,258.4,706.15}{634,258.74,707.15}{635,259.08,708.15}{636,259.42,709.15}{637,259.76,710.15}{638,260.1,711.15}{639,260.44,712.15}{640,260.78,713.15}{641,261.12,714.15}{642,261.46,715.15}{643,261.8,716.15}{644,262.14,717.15}{645,262.48,718.15}{646,262.83,719.15}{647,263.17,720.15}{648,263.5,721.15}{649,263.84,722.15}{650,264.18,723.15}{651,264.52,724.15}{652,264.86,725.15}{653,265.2,726.15}{654,265.54,727.15}{655,265.87,728.15}{656,266.21,729.15}{657,266.55,730.15}{658,266.89,731.15}{659,267.22,732.15}{660,267.56,733.15}{661,267.9,734.15}{662,268.24,735.15}{663,268.57,736.15}{664,268.91,737.15}{665,269.25,738.15}{666,269.58,739.15}{667,269.92,740.15}{668,270.26,741.15}{669,270.59,742.15}{670,270.93,743.15}{671,271.27,744.15}{672,271.6,745.15}{673,271.94,746.15}{674,272.27,747.15}{675,272.61,748.15}{676,272.95,749.15}{677,273.28,750.15}{678,273.62,751.15}{679,273.95,752.15}{680,274.29,753.15}{681,274.62,754.15}{682,274.96,755.15}{683,275.29,756.15}{684,275.63,757.15}{685,275.96,758.15}{686,276.31,759.15}{687,276.64,760.15}{688,276.97,761.15}{689,277.31,762.15}{690,277.64,763.15}{691,277.98,764.15}{692,278.31,765.15}{693,278.64,766.15}{694,278.98,767.15}{695,279.31,768.15}{696,279.64,769.15}{697,279.98,770.15}{698,280.31,771.15}{699,280.64,772.15}{700,280.98,773.15}{701,281.31,774.15}{702,281.64,775.15}{703,281.97,776.15}{704,282.31,777.15}{705,282.64,778.15}{706,282.97,779.15}{707,283.3,780.15}{708,283.63,781.15}{709,283.97,782.15}{710,284.3,783.15}{711,284.63,784.15}{712,284.96,785.15}{713,285.29,786.15}{714,285.62,787.15}{715,285.95,788.15}{716,286.3,789.15}{717,286.63,790.15}{718,286.96,791.15}{719,287.29,792.15}{720,287.62,793.15}{721,287.95,794.15}{722,288.28,795.15}{723,288.61,796.15}{724,288.94,797.15}{725,289.27,798.15}{726,289.6,799.15}{727,289.93,800.15}{728,290.26,801.15}{729,290.59,802.15}{730,290.92,803.15}{731,291.25,804.15}{732,291.58,805.15}{733,291.9,806.15}{734,292.23,807.15}{735,292.56,808.15}{736,292.9,809.15}{737,293.23,810.15}{738,293.56,811.15}{739,293.89,812.15}{740,294.21,813.15}{741,294.54,814.15}{742,294.87,815.15}{743,295.2,816.15}{744,295.53,817.15}{745,295.85,818.15}{746,296.18,819.15}{747,296.51,820.15}{748,296.84,821.15}{749,297.16,822.15}{750,297.49,823.15}{751,297.82,824.15}{752,298.14,825.15}{753,298.47,826.15}{754,298.8,827.15}{755,299.12,828.15}{756,299.45,829.15}{757,299.78,830.15}{758,300.1,831.15}{759,300.43,832.15}{760,300.75,833.15}{761,301.08,834.15}{762,301.41,835.15}{763,301.73,836.15}{764,302.06,837.15}{765,302.38,838.15}{766,302.71,839.15}{767,303.03,840.15}{768,303.36,841.15}{769,303.68,842.15}{770,304.01,843.15}{771,304.33,844.15}{772,304.66,845.15}{773,304.98,846.15}{774,305.3,847.15}{775,305.63,848.15}{776,305.95,849.15}{777,306.28,850.15}{778,306.6,851.15}{779,306.92,852.15}{780,307.25,853.15}{781,307.57,854.15}{782,307.89,855.15}{783,308.22,856.15}{784,308.54,857.15}{785,308.86,858.15}{786,309.19,859.15}{787,309.51,860.15}{788,309.83,861.15}{789,310.15,862.15}{790,310.48,863.15}{791,310.8,864.15}{792,311.12,865.15}{793,311.45,866.15}{794,311.78,867.15}{795,312.1,868.15}{796,312.43,869.15}{797,312.75,870.15}{798,313.07,871.15}{799,313.39,872.15}{800,313.71,873.15}{801,314.04,874.15}{802,314.36,875.15}{803,314.68,876.15}{804,315,877.15}{805,315.32,878.15}{806,315.64,879.15}{807,315.96,880.15}{808,316.28,881.15}{809,316.6,882.15}{810,316.92,883.15}{811,317.24,884.15}{812,317.56,885.15}{813,317.88,886.15}{814,318.2,887.15}{815,318.52,888.15}{816,318.85,889.15}{817,319.17,890.15}{818,319.49,891.15}{819,319.81,892.15}{820,320.12,893.15}{821,320.44,894.15}{822,320.76,895.15}{823,321.08,896.15}{824,321.4,897.15}{825,321.72,898.15}{826,322.03,899.15}{827,322.34,900.15}{828,322.66,901.15}{829,322.98,902.15}{830,323.3,903.15}{831,323.61,904.15}{832,323.93,905.15}{833,324.25,906.15}{834,324.57,907.15}{835,324.88,908.15}{836,325.21,909.15}{837,325.53,910.15}{838,325.85,911.15}{839,326.16,912.15}{840,326.48,913.15}{841,326.79,914.15}{842,327.11,915.15}{843,327.43,916.15}{844,327.74,917.15}{845,328.06,918.15}{846,328.38,919.15}{847,328.69,920.15}{848,329.01,921.15}{849,329.32,922.15}{850,329.64,923.15}{851,329.95,924.15}{852,330.27,925.15}{853,330.58,926.15}{854,330.9,927.15}{855,331.21,928.15}{856,331.53,929.15}{857,331.84,930.15}{858,332.16,931.15}{859,332.47,932.15}{860,332.79,933.15}{861,333.1,934.15}{862,333.41,935.15}{863,333.73,936.15}{864,334.04,937.15}{865,334.36,938.15}{866,334.68,939.15}{867,334.99,940.15}{868,335.31,941.15}{869,335.62,942.15}{870,335.93,943.15}{871,336.25,944.15}{872,336.56,945.15}{873,336.87,946.15}{874,337.18,947.15}{875,337.5,948.15}{876,337.81,949.15}{877,338.12,950.15}{878,338.43,951.15}{879,338.75,952.15}{880,339.06,953.15}{881,339.37,954.15}{882,339.68,955.15}{883,339.99,956.15}{884,340.3,957.15}{885,340.62,958.15}{886,340.94,959.15}{887,341.25,960.15}{888,341.55,961.15}{889,341.87,962.15}{890,342.18,963.15}{891,342.49,964.15}{892,342.8,965.15}{893,343.11,966.15}{894,343.42,967.15}{895,343.73,968.15}{896,344.04,969.15}{897,344.35,970.15}{898,344.66,971.15}{899,344.97,972.15}{900,345.28,973.15}{901,345.59,974.15}{902,345.9,975.15}{903,346.21,976.15}{904,346.52,977.15}{905,346.83,978.15}{906,347.15,979.15}{907,347.46,980.15}{908,347.76,981.15}{909,348.07,982.15}{910,348.38,983.15}{911,348.69,984.15}{912,349,985.15}{913,349.31,986.15}{914,349.61,987.15}{915,349.92,988.15}{916,350.23,989.15}{917,350.54,990.15}{918,350.85,991.15}{919,351.15,992.15}{920,351.46,993.15}{921,351.77,994.15}{922,352.07,995.15}{923,352.38,996.15}{924,352.69,997.15}{925,352.99,998.15}{926,353.3,999.15}{927,353.61,1000.15}{928,353.91,1001.15}{929,354.22,1002.15}{930,354.53,1003.15}{931,354.83,1004.15}{932,355.14,1005.15}{933,355.44,1006.15}{934,355.75,1007.15}{935,356.06,1008.15}{936,356.37,1009.15}{937,356.68,1010.15}{938,356.98,1011.15}{939,357.29,1012.15}{940,357.59,1013.15}{941,357.9,1014.15}{942,358.2,1015.15}{943,358.51,1016.15}{944,358.81,1017.15}{945,359.12,1018.15}{946,359.42,1019.15}{947,359.72,1020.15}{948,360.03,1021.15}{949,360.33,1022.15}{950,360.64,1023.15}{951,360.94,1024.15}{952,361.24,1025.15}{953,361.55,1026.15}{954,361.85,1027.15}{955,362.15,1028.15}{956,362.46,1029.15}{957,362.76,1030.15}{958,363.06,1031.15}{959,363.36,1032.15}{960,363.67,1033.15}{961,363.97,1034.15}{962,364.27,1035.15}{963,364.57,1036.15}{964,364.88,1037.15}{965,365.18,1038.15}{966,365.49,1039.15}{967,365.79,1040.15}{968,366.09,1041.15}{969,366.4,1042.15}{970,366.7,1043.15}{971,367,1044.15}{972,367.3,1045.15}{973,367.6,1046.15}{974,367.9,1047.15}{975,368.2,1048.15}{976,368.5,1049.15}{977,368.81,1050.15}{978,369.11,1051.15}{979,369.41,1052.15}{980,369.71,1053.15}{981,370.01,1054.15}{982,370.31,1055.15}{983,370.61,1056.15}{984,370.91,1057.15}{985,371.21,1058.15}{986,371.52,1059.15}{987,371.82,1060.15}{988,372.12,1061.15}{989,372.41,1062.15}{990,372.71,1063.15}{991,373.01,1064.15}{992,373.31,1065.15}{993,373.61,1066.15}{994,373.91,1067.15}{995,374.21,1068.15}{996,374.51,1069.15}{997,374.8,1070.15}{998,375.1,1071.15}{999,375.4,1072.15}{1000,375.7,1073.15}{1001,376,1074.15}{1002,376.29,1075.15}{1003,376.59,1076.15}{1004,376.89,1077.15}{1005,377.19,1078.15}{1006,377.49,1079.15}{1007,377.79,1080.15}{1008,378.09,1081.15}{1009,378.39,1082.15}{1010,378.68,1083.15}{1011,378.98,1084.15}{1012,379.28,1085.15}{1013,379.57,1086.15}{1014,379.87,1087.15}{1015,380.17,1088.15}{1016,380.46,1089.15}{1017,380.76,1090.15}{1018,381.05,1091.15}{1019,381.35,1092.15}{1020,381.65,1093.15}{1021,381.94,1094.15}{1022,382.24,1095.15}{1023,382.53,1096.15}{1024,382.83,1097.15}{1025,383.12,1098.15}{1026,383.42,1099.15}{1027,383.71,1100.15}{1028,384.01,1101.15}{1029,384.3,1102.15}{1030,384.6,1103.15}{1031,384.89,1104.15}{1032,385.18,1105.15}{1033,385.48,1106.15}{1034,385.77,1107.15}{1035,386.07,1108.15}{1036,386.37,1109.15}{1037,386.66,1110.15}{1038,386.96,1111.15}{1039,387.25,1112.15}{1040,387.55,1113.15}{1041,387.84,1114.15}{1042,388.13,1115.15}{1043,388.42,1116.15}{1044,388.72,1117.15}{1045,389.01,1118.15}{1046,389.31,1119.15}{1047,389.61,1120.15}{1048,389.9,1121.15}{1049,390.19,1122.15}{1050,390.48,1123.15}&quot;"/>
                                                        <instance name="dev03/Config/ch00004/Calibration_Sensor_Curve" order="0" value="&quot;{0,18.52,73.15}{1,18.96,74.15}{2,19.39,75.15}{3,19.82,76.15}{4,20.25,77.15}{5,20.68,78.15}{6,21.11,79.15}{7,21.54,80.15}{8,21.97,81.15}{9,22.4,82.15}{10,22.83,83.15}{11,23.26,84.15}{12,23.69,85.15}{13,24.12,86.15}{14,24.55,87.15}{15,24.97,88.15}{16,25.39,89.15}{17,25.82,90.15}{18,26.25,91.15}{19,26.67,92.15}{20,27.1,93.15}{21,27.52,94.15}{22,27.95,95.15}{23,28.37,96.15}{24,28.8,97.15}{25,29.22,98.15}{26,29.65,99.15}{27,30.07,100.15}{28,30.49,101.15}{29,30.92,102.15}{30,31.34,103.15}{31,31.76,104.15}{32,32.18,105.15}{33,32.61,106.15}{34,33.03,107.15}{35,33.45,108.15}{36,33.86,109.15}{37,34.28,110.15}{38,34.7,111.15}{39,35.12,112.15}{40,35.54,113.15}{41,35.96,114.15}{42,36.38,115.15}{43,36.8,116.15}{44,37.22,117.15}{45,37.63,118.15}{46,38.05,119.15}{47,38.47,120.15}{48,38.89,121.15}{49,39.31,122.15}{50,39.72,123.15}{51,40.14,124.15}{52,40.56,125.15}{53,40.97,126.15}{54,41.39,127.15}{55,41.8,128.15}{56,42.22,129.15}{57,42.64,130.15}{58,43.05,131.15}{59,43.46,132.15}{60,43.88,133.15}{61,44.29,134.15}{62,44.71,135.15}{63,45.12,136.15}{64,45.53,137.15}{65,45.95,138.15}{66,46.35,139.15}{67,46.76,140.15}{68,47.18,141.15}{69,47.59,142.15}{70,48,143.15}{71,48.41,144.15}{72,48.82,145.15}{73,49.23,146.15}{74,49.64,147.15}{75,50.06,148.15}{76,50.47,149.15}{77,50.88,150.15}{78,51.29,151.15}{79,51.7,152.15}{80,52.11,153.15}{81,52.52,154.15}{82,52.92,155.15}{83,53.33,156.15}{84,53.74,157.15}{85,54.15,158.15}{86,54.56,159.15}{87,54.97,160.15}{88,55.38,161.15}{89,55.78,162.15}{90,56.19,163.15}{91,56.6,164.15}{92,57,165.15}{93,57.41,166.15}{94,57.82,167.15}{95,58.22,168.15}{96,58.63,169.15}{97,59.04,170.15}{98,59.44,171.15}{99,59.85,172.15}{100,60.26,173.15}{101,60.67,174.15}{102,61.07,175.15}{103,61.48,176.15}{104,61.87,177.15}{105,62.29,178.15}{106,62.69,179.15}{107,63.1,180.15}{108,63.5,181.15}{109,63.91,182.15}{110,64.3,183.15}{111,64.7,184.15}{112,65.11,185.15}{113,65.51,186.15}{114,65.91,187.15}{115,66.31,188.15}{116,66.72,189.15}{117,67.12,190.15}{118,67.52,191.15}{119,67.92,192.15}{120,68.33,193.15}{121,68.73,194.15}{122,69.13,195.15}{123,69.53,196.15}{124,69.93,197.15}{125,70.33,198.15}{126,70.73,199.15}{127,71.13,200.15}{128,71.53,201.15}{129,71.93,202.15}{130,72.33,203.15}{131,72.73,204.15}{132,73.13,205.15}{133,73.53,206.15}{134,73.93,207.15}{135,74.33,208.15}{136,74.73,209.15}{137,75.13,210.15}{138,75.53,211.15}{139,75.93,212.15}{140,76.33,213.15}{141,76.73,214.15}{142,77.13,215.15}{143,77.52,216.15}{144,77.92,217.15}{145,78.32,218.15}{146,78.72,219.15}{147,79.11,220.15}{148,79.51,221.15}{149,79.91,222.15}{150,80.31,223.15}{151,80.7,224.15}{152,81.1,225.15}{153,81.5,226.15}{154,81.89,227.15}{155,82.29,228.15}{156,82.69,229.15}{157,83.08,230.15}{158,83.48,231.15}{159,83.88,232.15}{160,84.27,233.15}{161,84.67,234.15}{162,85.06,235.15}{163,85.46,236.15}{164,85.85,237.15}{165,86.25,238.15}{166,86.64,239.15}{167,87.04,240.15}{168,87.43,241.15}{169,87.83,242.15}{170,88.22,243.15}{171,88.62,244.15}{172,89.01,245.15}{173,89.4,246.15}{174,89.8,247.15}{175,90.19,248.15}{176,90.59,249.15}{177,90.98,250.15}{178,91.37,251.15}{179,91.77,252.15}{180,92.16,253.15}{181,92.55,254.15}{182,92.95,255.15}{183,93.34,256.15}{184,93.73,257.15}{185,94.12,258.15}{186,94.52,259.15}{187,94.91,260.15}{188,95.3,261.15}{189,95.69,262.15}{190,96.09,263.15}{191,96.48,264.15}{192,96.87,265.15}{193,97.26,266.15}{194,97.65,267.15}{195,98.04,268.15}{196,98.44,269.15}{197,98.83,270.15}{198,99.22,271.15}{199,99.61,272.15}{200,100,273.15}{201,100.39,274.15}{202,100.78,275.15}{203,101.17,276.15}{204,101.56,277.15}{205,101.95,278.15}{206,102.34,279.15}{207,102.73,280.15}{208,103.12,281.15}{209,103.51,282.15}{210,103.9,283.15}{211,104.29,284.15}{212,104.68,285.15}{213,105.07,286.15}{214,105.46,287.15}{215,105.85,288.15}{216,106.24,289.15}{217,106.63,290.15}{218,107.02,291.15}{219,107.4,292.15}{220,107.79,293.15}{221,108.18,294.15}{222,108.57,295.15}{223,108.96,296.15}{224,109.35,297.15}{225,109.73,298.15}{226,110.12,299.15}{227,110.51,300.15}{228,110.9,301.15}{229,111.28,302.15}{230,111.67,303.15}{231,112.06,304.15}{232,112.45,305.15}{233,112.83,306.15}{234,113.22,307.15}{235,113.61,308.15}{236,113.99,309.15}{237,114.38,310.15}{238,114.77,311.15}{239,115.15,312.15}{240,115.54,313.15}{241,115.93,314.15}{242,116.31,315.15}{243,116.7,316.15}{244,117.08,317.15}{245,117.47,318.15}{246,117.85,319.15}{247,118.24,320.15}{248,118.62,321.15}{249,119.01,322.15}{250,119.4,323.15}{251,119.78,324.15}{252,120.16,325.15}{253,120.55,326.15}{254,120.93,327.15}{255,121.32,328.15}{256,121.7,329.15}{257,122.09,330.15}{258,122.47,331.15}{259,122.86,332.15}{260,123.24,333.15}{261,123.62,334.15}{262,124.01,335.15}{263,124.39,336.15}{264,124.77,337.15}{265,125.17,338.15}{266,125.55,339.15}{267,125.93,340.15}{268,126.32,341.15}{269,126.7,342.15}{270,127.08,343.15}{271,127.46,344.15}{272,127.85,345.15}{273,128.23,346.15}{274,128.61,347.15}{275,128.99,348.15}{276,129.38,349.15}{277,129.76,350.15}{278,130.14,351.15}{279,130.52,352.15}{280,130.9,353.15}{281,131.28,354.15}{282,131.67,355.15}{283,132.05,356.15}{284,132.43,357.15}{285,132.81,358.15}{286,133.19,359.15}{287,133.57,360.15}{288,133.95,361.15}{289,134.33,362.15}{290,134.71,363.15}{291,135.09,364.15}{292,135.47,365.15}{293,135.85,366.15}{294,136.23,367.15}{295,136.61,368.15}{296,136.99,369.15}{297,137.37,370.15}{298,137.75,371.15}{299,138.13,372.15}{300,138.51,373.15}{301,138.89,374.15}{302,139.27,375.15}{303,139.65,376.15}{304,140.03,377.15}{305,140.39,378.15}{306,140.77,379.15}{307,141.15,380.15}{308,141.53,381.15}{309,141.91,382.15}{310,142.29,383.15}{311,142.66,384.15}{312,143.04,385.15}{313,143.42,386.15}{314,143.8,387.15}{315,144.18,388.15}{316,144.56,389.15}{317,144.94,390.15}{318,145.32,391.15}{319,145.69,392.15}{320,146.07,393.15}{321,146.45,394.15}{322,146.82,395.15}{323,147.2,396.15}{324,147.58,397.15}{325,147.95,398.15}{326,148.33,399.15}{327,148.71,400.15}{328,149.08,401.15}{329,149.46,402.15}{330,149.83,403.15}{331,150.21,404.15}{332,150.58,405.15}{333,150.96,406.15}{334,151.34,407.15}{335,151.71,408.15}{336,152.09,409.15}{337,152.46,410.15}{338,152.84,411.15}{339,153.21,412.15}{340,153.58,413.15}{341,153.95,414.15}{342,154.32,415.15}{343,154.71,416.15}{344,155.08,417.15}{345,155.46,418.15}{346,155.83,419.15}{347,156.21,420.15}{348,156.58,421.15}{349,156.96,422.15}{350,157.33,423.15}{351,157.71,424.15}{352,158.08,425.15}{353,158.45,426.15}{354,158.83,427.15}{355,159.2,428.15}{356,159.56,429.15}{357,159.94,430.15}{358,160.31,431.15}{359,160.68,432.15}{360,161.05,433.15}{361,161.43,434.15}{362,161.8,435.15}{363,162.17,436.15}{364,162.54,437.15}{365,162.91,438.15}{366,163.28,439.15}{367,163.66,440.15}{368,164.03,441.15}{369,164.4,442.15}{370,164.77,443.15}{371,165.14,444.15}{372,165.51,445.15}{373,165.88,446.15}{374,166.25,447.15}{375,166.62,448.15}{376,167,449.15}{377,167.37,450.15}{378,167.74,451.15}{379,168.11,452.15}{380,168.48,453.15}{381,168.85,454.15}{382,169.22,455.15}{383,169.59,456.15}{384,169.96,457.15}{385,170.33,458.15}{386,170.69,459.15}{387,171.06,460.15}{388,171.43,461.15}{389,171.8,462.15}{390,172.17,463.15}{391,172.54,464.15}{392,172.91,465.15}{393,173.27,466.15}{394,173.64,467.15}{395,174.01,468.15}{396,174.39,469.15}{397,174.75,470.15}{398,175.12,471.15}{399,175.49,472.15}{400,175.86,473.15}{401,176.23,474.15}{402,176.59,475.15}{403,176.96,476.15}{404,177.33,477.15}{405,177.7,478.15}{406,178.06,479.15}{407,178.43,480.15}{408,178.8,481.15}{409,179.16,482.15}{410,179.53,483.15}{411,179.9,484.15}{412,180.26,485.15}{413,180.63,486.15}{414,180.99,487.15}{415,181.36,488.15}{416,181.73,489.15}{417,182.09,490.15}{418,182.46,491.15}{419,182.82,492.15}{420,183.19,493.15}{421,183.55,494.15}{422,183.92,495.15}{423,184.28,496.15}{424,184.65,497.15}{425,185.01,498.15}{426,185.38,499.15}{427,185.74,500.15}{428,186.11,501.15}{429,186.47,502.15}{430,186.84,503.15}{431,187.2,504.15}{432,187.56,505.15}{433,187.93,506.15}{434,188.29,507.15}{435,188.65,508.15}{436,189.02,509.15}{437,189.38,510.15}{438,189.74,511.15}{439,190.11,512.15}{440,190.47,513.15}{441,190.83,514.15}{442,191.2,515.15}{443,191.56,516.15}{444,191.92,517.15}{445,192.28,518.15}{446,192.66,519.15}{447,193.02,520.15}{448,193.38,521.15}{449,193.74,522.15}{450,194.1,523.15}{451,194.47,524.15}{452,194.83,525.15}{453,195.19,526.15}{454,195.55,527.15}{455,195.9,528.15}{456,196.26,529.15}{457,196.62,530.15}{458,196.98,531.15}{459,197.35,532.15}{460,197.71,533.15}{461,198.07,534.15}{462,198.43,535.15}{463,198.79,536.15}{464,199.15,537.15}{465,199.51,538.15}{466,199.87,539.15}{467,200.23,540.15}{468,200.59,541.15}{469,200.95,542.15}{470,201.31,543.15}{471,201.67,544.15}{472,202.03,545.15}{473,202.38,546.15}{474,202.74,547.15}{475,203.1,548.15}{476,203.46,549.15}{477,203.82,550.15}{478,204.18,551.15}{479,204.54,552.15}{480,204.9,553.15}{481,205.25,554.15}{482,205.61,555.15}{483,205.97,556.15}{484,206.33,557.15}{485,206.7,558.15}{486,207.05,559.15}{487,207.41,560.15}{488,207.77,561.15}{489,208.13,562.15}{490,208.48,563.15}{491,208.84,564.15}{492,209.2,565.15}{493,209.55,566.15}{494,209.91,567.15}{495,210.27,568.15}{496,210.62,569.15}{497,210.98,570.15}{498,211.34,571.15}{499,211.69,572.15}{500,212.05,573.15}{501,212.4,574.15}{502,212.76,575.15}{503,213.12,576.15}{504,213.47,577.15}{505,213.83,578.15}{506,214.19,579.15}{507,214.55,580.15}{508,214.9,581.15}{509,215.26,582.15}{510,215.61,583.15}{511,215.97,584.15}{512,216.32,585.15}{513,216.68,586.15}{514,217.03,587.15}{515,217.39,588.15}{516,217.73,589.15}{517,218.08,590.15}{518,218.44,591.15}{519,218.79,592.15}{520,219.15,593.15}{521,219.5,594.15}{522,219.85,595.15}{523,220.21,596.15}{524,220.56,597.15}{525,220.91,598.15}{526,221.27,599.15}{527,221.62,600.15}{528,221.97,601.15}{529,222.32,602.15}{530,222.68,603.15}{531,223.03,604.15}{532,223.38,605.15}{533,223.73,606.15}{534,224.09,607.15}{535,224.45,608.15}{536,224.8,609.15}{537,225.15,610.15}{538,225.5,611.15}{539,225.85,612.15}{540,226.21,613.15}{541,226.56,614.15}{542,226.91,615.15}{543,227.26,616.15}{544,227.61,617.15}{545,227.96,618.15}{546,228.31,619.15}{547,228.66,620.15}{548,229.01,621.15}{549,229.36,622.15}{550,229.72,623.15}{551,230.07,624.15}{552,230.42,625.15}{553,230.77,626.15}{554,231.12,627.15}{555,231.47,628.15}{556,231.81,629.15}{557,232.16,630.15}{558,232.51,631.15}{559,232.86,632.15}{560,233.21,633.15}{561,233.56,634.15}{562,233.91,635.15}{563,234.26,636.15}{564,234.6,637.15}{565,234.95,638.15}{566,235.3,639.15}{567,235.65,640.15}{568,236,641.15}{569,236.35,642.15}{570,236.7,643.15}{571,237.05,644.15}{572,237.4,645.15}{573,237.75,646.15}{574,238.09,647.15}{575,238.44,648.15}{576,238.79,649.15}{577,239.14,650.15}{578,239.48,651.15}{579,239.83,652.15}{580,240.18,653.15}{581,240.52,654.15}{582,240.87,655.15}{583,241.22,656.15}{584,241.56,657.15}{585,241.91,658.15}{586,242.25,659.15}{587,242.6,660.15}{588,242.95,661.15}{589,243.29,662.15}{590,243.64,663.15}{591,243.98,664.15}{592,244.33,665.15}{593,244.67,666.15}{594,245.02,667.15}{595,245.36,668.15}{596,245.71,669.15}{597,246.05,670.15}{598,246.4,671.15}{599,246.74,672.15}{600,247.09,673.15}{601,247.43,674.15}{602,247.78,675.15}{603,248.12,676.15}{604,248.46,677.15}{605,248.81,678.15}{606,249.15,679.15}{607,249.5,680.15}{608,249.84,681.15}{609,250.18,682.15}{610,250.53,683.15}{611,250.89,684.15}{612,251.21,685.15}{613,251.55,686.15}{614,251.9,687.15}{615,252.24,688.15}{616,252.59,689.15}{617,252.94,690.15}{618,253.28,691.15}{619,253.62,692.15}{620,253.96,693.15}{621,254.3,694.15}{622,254.65,695.15}{623,254.99,696.15}{624,255.33,697.15}{625,255.67,698.15}{626,256.01,699.15}{627,256.35,700.15}{628,256.7,701.15}{629,257.04,702.15}{630,257.38,703.15}{631,257.72,704.15}{632,258.06,705.15}{633,258.4,706.15}{634,258.74,707.15}{635,259.08,708.15}{636,259.42,709.15}{637,259.76,710.15}{638,260.1,711.15}{639,260.44,712.15}{640,260.78,713.15}{641,261.12,714.15}{642,261.46,715.15}{643,261.8,716.15}{644,262.14,717.15}{645,262.48,718.15}{646,262.83,719.15}{647,263.17,720.15}{648,263.5,721.15}{649,263.84,722.15}{650,264.18,723.15}{651,264.52,724.15}{652,264.86,725.15}{653,265.2,726.15}{654,265.54,727.15}{655,265.87,728.15}{656,266.21,729.15}{657,266.55,730.15}{658,266.89,731.15}{659,267.22,732.15}{660,267.56,733.15}{661,267.9,734.15}{662,268.24,735.15}{663,268.57,736.15}{664,268.91,737.15}{665,269.25,738.15}{666,269.58,739.15}{667,269.92,740.15}{668,270.26,741.15}{669,270.59,742.15}{670,270.93,743.15}{671,271.27,744.15}{672,271.6,745.15}{673,271.94,746.15}{674,272.27,747.15}{675,272.61,748.15}{676,272.95,749.15}{677,273.28,750.15}{678,273.62,751.15}{679,273.95,752.15}{680,274.29,753.15}{681,274.62,754.15}{682,274.96,755.15}{683,275.29,756.15}{684,275.63,757.15}{685,275.96,758.15}{686,276.31,759.15}{687,276.64,760.15}{688,276.97,761.15}{689,277.31,762.15}{690,277.64,763.15}{691,277.98,764.15}{692,278.31,765.15}{693,278.64,766.15}{694,278.98,767.15}{695,279.31,768.15}{696,279.64,769.15}{697,279.98,770.15}{698,280.31,771.15}{699,280.64,772.15}{700,280.98,773.15}{701,281.31,774.15}{702,281.64,775.15}{703,281.97,776.15}{704,282.31,777.15}{705,282.64,778.15}{706,282.97,779.15}{707,283.3,780.15}{708,283.63,781.15}{709,283.97,782.15}{710,284.3,783.15}{711,284.63,784.15}{712,284.96,785.15}{713,285.29,786.15}{714,285.62,787.15}{715,285.95,788.15}{716,286.3,789.15}{717,286.63,790.15}{718,286.96,791.15}{719,287.29,792.15}{720,287.62,793.15}{721,287.95,794.15}{722,288.28,795.15}{723,288.61,796.15}{724,288.94,797.15}{725,289.27,798.15}{726,289.6,799.15}{727,289.93,800.15}{728,290.26,801.15}{729,290.59,802.15}{730,290.92,803.15}{731,291.25,804.15}{732,291.58,805.15}{733,291.9,806.15}{734,292.23,807.15}{735,292.56,808.15}{736,292.9,809.15}{737,293.23,810.15}{738,293.56,811.15}{739,293.89,812.15}{740,294.21,813.15}{741,294.54,814.15}{742,294.87,815.15}{743,295.2,816.15}{744,295.53,817.15}{745,295.85,818.15}{746,296.18,819.15}{747,296.51,820.15}{748,296.84,821.15}{749,297.16,822.15}{750,297.49,823.15}{751,297.82,824.15}{752,298.14,825.15}{753,298.47,826.15}{754,298.8,827.15}{755,299.12,828.15}{756,299.45,829.15}{757,299.78,830.15}{758,300.1,831.15}{759,300.43,832.15}{760,300.75,833.15}{761,301.08,834.15}{762,301.41,835.15}{763,301.73,836.15}{764,302.06,837.15}{765,302.38,838.15}{766,302.71,839.15}{767,303.03,840.15}{768,303.36,841.15}{769,303.68,842.15}{770,304.01,843.15}{771,304.33,844.15}{772,304.66,845.15}{773,304.98,846.15}{774,305.3,847.15}{775,305.63,848.15}{776,305.95,849.15}{777,306.28,850.15}{778,306.6,851.15}{779,306.92,852.15}{780,307.25,853.15}{781,307.57,854.15}{782,307.89,855.15}{783,308.22,856.15}{784,308.54,857.15}{785,308.86,858.15}{786,309.19,859.15}{787,309.51,860.15}{788,309.83,861.15}{789,310.15,862.15}{790,310.48,863.15}{791,310.8,864.15}{792,311.12,865.15}{793,311.45,866.15}{794,311.78,867.15}{795,312.1,868.15}{796,312.43,869.15}{797,312.75,870.15}{798,313.07,871.15}{799,313.39,872.15}{800,313.71,873.15}{801,314.04,874.15}{802,314.36,875.15}{803,314.68,876.15}{804,315,877.15}{805,315.32,878.15}{806,315.64,879.15}{807,315.96,880.15}{808,316.28,881.15}{809,316.6,882.15}{810,316.92,883.15}{811,317.24,884.15}{812,317.56,885.15}{813,317.88,886.15}{814,318.2,887.15}{815,318.52,888.15}{816,318.85,889.15}{817,319.17,890.15}{818,319.49,891.15}{819,319.81,892.15}{820,320.12,893.15}{821,320.44,894.15}{822,320.76,895.15}{823,321.08,896.15}{824,321.4,897.15}{825,321.72,898.15}{826,322.03,899.15}{827,322.34,900.15}{828,322.66,901.15}{829,322.98,902.15}{830,323.3,903.15}{831,323.61,904.15}{832,323.93,905.15}{833,324.25,906.15}{834,324.57,907.15}{835,324.88,908.15}{836,325.21,909.15}{837,325.53,910.15}{838,325.85,911.15}{839,326.16,912.15}{840,326.48,913.15}{841,326.79,914.15}{842,327.11,915.15}{843,327.43,916.15}{844,327.74,917.15}{845,328.06,918.15}{846,328.38,919.15}{847,328.69,920.15}{848,329.01,921.15}{849,329.32,922.15}{850,329.64,923.15}{851,329.95,924.15}{852,330.27,925.15}{853,330.58,926.15}{854,330.9,927.15}{855,331.21,928.15}{856,331.53,929.15}{857,331.84,930.15}{858,332.16,931.15}{859,332.47,932.15}{860,332.79,933.15}{861,333.1,934.15}{862,333.41,935.15}{863,333.73,936.15}{864,334.04,937.15}{865,334.36,938.15}{866,334.68,939.15}{867,334.99,940.15}{868,335.31,941.15}{869,335.62,942.15}{870,335.93,943.15}{871,336.25,944.15}{872,336.56,945.15}{873,336.87,946.15}{874,337.18,947.15}{875,337.5,948.15}{876,337.81,949.15}{877,338.12,950.15}{878,338.43,951.15}{879,338.75,952.15}{880,339.06,953.15}{881,339.37,954.15}{882,339.68,955.15}{883,339.99,956.15}{884,340.3,957.15}{885,340.62,958.15}{886,340.94,959.15}{887,341.25,960.15}{888,341.55,961.15}{889,341.87,962.15}{890,342.18,963.15}{891,342.49,964.15}{892,342.8,965.15}{893,343.11,966.15}{894,343.42,967.15}{895,343.73,968.15}{896,344.04,969.15}{897,344.35,970.15}{898,344.66,971.15}{899,344.97,972.15}{900,345.28,973.15}{901,345.59,974.15}{902,345.9,975.15}{903,346.21,976.15}{904,346.52,977.15}{905,346.83,978.15}{906,347.15,979.15}{907,347.46,980.15}{908,347.76,981.15}{909,348.07,982.15}{910,348.38,983.15}{911,348.69,984.15}{912,349,985.15}{913,349.31,986.15}{914,349.61,987.15}{915,349.92,988.15}{916,350.23,989.15}{917,350.54,990.15}{918,350.85,991.15}{919,351.15,992.15}{920,351.46,993.15}{921,351.77,994.15}{922,352.07,995.15}{923,352.38,996.15}{924,352.69,997.15}{925,352.99,998.15}{926,353.3,999.15}{927,353.61,1000.15}{928,353.91,1001.15}{929,354.22,1002.15}{930,354.53,1003.15}{931,354.83,1004.15}{932,355.14,1005.15}{933,355.44,1006.15}{934,355.75,1007.15}{935,356.06,1008.15}{936,356.37,1009.15}{937,356.68,1010.15}{938,356.98,1011.15}{939,357.29,1012.15}{940,357.59,1013.15}{941,357.9,1014.15}{942,358.2,1015.15}{943,358.51,1016.15}{944,358.81,1017.15}{945,359.12,1018.15}{946,359.42,1019.15}{947,359.72,1020.15}{948,360.03,1021.15}{949,360.33,1022.15}{950,360.64,1023.15}{951,360.94,1024.15}{952,361.24,1025.15}{953,361.55,1026.15}{954,361.85,1027.15}{955,362.15,1028.15}{956,362.46,1029.15}{957,362.76,1030.15}{958,363.06,1031.15}{959,363.36,1032.15}{960,363.67,1033.15}{961,363.97,1034.15}{962,364.27,1035.15}{963,364.57,1036.15}{964,364.88,1037.15}{965,365.18,1038.15}{966,365.49,1039.15}{967,365.79,1040.15}{968,366.09,1041.15}{969,366.4,1042.15}{970,366.7,1043.15}{971,367,1044.15}{972,367.3,1045.15}{973,367.6,1046.15}{974,367.9,1047.15}{975,368.2,1048.15}{976,368.5,1049.15}{977,368.81,1050.15}{978,369.11,1051.15}{979,369.41,1052.15}{980,369.71,1053.15}{981,370.01,1054.15}{982,370.31,1055.15}{983,370.61,1056.15}{984,370.91,1057.15}{985,371.21,1058.15}{986,371.52,1059.15}{987,371.82,1060.15}{988,372.12,1061.15}{989,372.41,1062.15}{990,372.71,1063.15}{991,373.01,1064.15}{992,373.31,1065.15}{993,373.61,1066.15}{994,373.91,1067.15}{995,374.21,1068.15}{996,374.51,1069.15}{997,374.8,1070.15}{998,375.1,1071.15}{999,375.4,1072.15}{1000,375.7,1073.15}{1001,376,1074.15}{1002,376.29,1075.15}{1003,376.59,1076.15}{1004,376.89,1077.15}{1005,377.19,1078.15}{1006,377.49,1079.15}{1007,377.79,1080.15}{1008,378.09,1081.15}{1009,378.39,1082.15}{1010,378.68,1083.15}{1011,378.98,1084.15}{1012,379.28,1085.15}{1013,379.57,1086.15}{1014,379.87,1087.15}{1015,380.17,1088.15}{1016,380.46,1089.15}{1017,380.76,1090.15}{1018,381.05,1091.15}{1019,381.35,1092.15}{1020,381.65,1093.15}{1021,381.94,1094.15}{1022,382.24,1095.15}{1023,382.53,1096.15}{1024,382.83,1097.15}{1025,383.12,1098.15}{1026,383.42,1099.15}{1027,383.71,1100.15}{1028,384.01,1101.15}{1029,384.3,1102.15}{1030,384.6,1103.15}{1031,384.89,1104.15}{1032,385.18,1105.15}{1033,385.48,1106.15}{1034,385.77,1107.15}{1035,386.07,1108.15}{1036,386.37,1109.15}{1037,386.66,1110.15}{1038,386.96,1111.15}{1039,387.25,1112.15}{1040,387.55,1113.15}{1041,387.84,1114.15}{1042,388.13,1115.15}{1043,388.42,1116.15}{1044,388.72,1117.15}{1045,389.01,1118.15}{1046,389.31,1119.15}{1047,389.61,1120.15}{1048,389.9,1121.15}{1049,390.19,1122.15}{1050,390.48,1123.15}&quot;"/>
                                                        <instance name="dev03/Config/ch00005/Calibration_Sensor_Curve" order="0" value="&quot;{0,18.52,73.15}{1,18.96,74.15}{2,19.39,75.15}{3,19.82,76.15}{4,20.25,77.15}{5,20.68,78.15}{6,21.11,79.15}{7,21.54,80.15}{8,21.97,81.15}{9,22.4,82.15}{10,22.83,83.15}{11,23.26,84.15}{12,23.69,85.15}{13,24.12,86.15}{14,24.55,87.15}{15,24.97,88.15}{16,25.39,89.15}{17,25.82,90.15}{18,26.25,91.15}{19,26.67,92.15}{20,27.1,93.15}{21,27.52,94.15}{22,27.95,95.15}{23,28.37,96.15}{24,28.8,97.15}{25,29.22,98.15}{26,29.65,99.15}{27,30.07,100.15}{28,30.49,101.15}{29,30.92,102.15}{30,31.34,103.15}{31,31.76,104.15}{32,32.18,105.15}{33,32.61,106.15}{34,33.03,107.15}{35,33.45,108.15}{36,33.86,109.15}{37,34.28,110.15}{38,34.7,111.15}{39,35.12,112.15}{40,35.54,113.15}{41,35.96,114.15}{42,36.38,115.15}{43,36.8,116.15}{44,37.22,117.15}{45,37.63,118.15}{46,38.05,119.15}{47,38.47,120.15}{48,38.89,121.15}{49,39.31,122.15}{50,39.72,123.15}{51,40.14,124.15}{52,40.56,125.15}{53,40.97,126.15}{54,41.39,127.15}{55,41.8,128.15}{56,42.22,129.15}{57,42.64,130.15}{58,43.05,131.15}{59,43.46,132.15}{60,43.88,133.15}{61,44.29,134.15}{62,44.71,135.15}{63,45.12,136.15}{64,45.53,137.15}{65,45.95,138.15}{66,46.35,139.15}{67,46.76,140.15}{68,47.18,141.15}{69,47.59,142.15}{70,48,143.15}{71,48.41,144.15}{72,48.82,145.15}{73,49.23,146.15}{74,49.64,147.15}{75,50.06,148.15}{76,50.47,149.15}{77,50.88,150.15}{78,51.29,151.15}{79,51.7,152.15}{80,52.11,153.15}{81,52.52,154.15}{82,52.92,155.15}{83,53.33,156.15}{84,53.74,157.15}{85,54.15,158.15}{86,54.56,159.15}{87,54.97,160.15}{88,55.38,161.15}{89,55.78,162.15}{90,56.19,163.15}{91,56.6,164.15}{92,57,165.15}{93,57.41,166.15}{94,57.82,167.15}{95,58.22,168.15}{96,58.63,169.15}{97,59.04,170.15}{98,59.44,171.15}{99,59.85,172.15}{100,60.26,173.15}{101,60.67,174.15}{102,61.07,175.15}{103,61.48,176.15}{104,61.87,177.15}{105,62.29,178.15}{106,62.69,179.15}{107,63.1,180.15}{108,63.5,181.15}{109,63.91,182.15}{110,64.3,183.15}{111,64.7,184.15}{112,65.11,185.15}{113,65.51,186.15}{114,65.91,187.15}{115,66.31,188.15}{116,66.72,189.15}{117,67.12,190.15}{118,67.52,191.15}{119,67.92,192.15}{120,68.33,193.15}{121,68.73,194.15}{122,69.13,195.15}{123,69.53,196.15}{124,69.93,197.15}{125,70.33,198.15}{126,70.73,199.15}{127,71.13,200.15}{128,71.53,201.15}{129,71.93,202.15}{130,72.33,203.15}{131,72.73,204.15}{132,73.13,205.15}{133,73.53,206.15}{134,73.93,207.15}{135,74.33,208.15}{136,74.73,209.15}{137,75.13,210.15}{138,75.53,211.15}{139,75.93,212.15}{140,76.33,213.15}{141,76.73,214.15}{142,77.13,215.15}{143,77.52,216.15}{144,77.92,217.15}{145,78.32,218.15}{146,78.72,219.15}{147,79.11,220.15}{148,79.51,221.15}{149,79.91,222.15}{150,80.31,223.15}{151,80.7,224.15}{152,81.1,225.15}{153,81.5,226.15}{154,81.89,227.15}{155,82.29,228.15}{156,82.69,229.15}{157,83.08,230.15}{158,83.48,231.15}{159,83.88,232.15}{160,84.27,233.15}{161,84.67,234.15}{162,85.06,235.15}{163,85.46,236.15}{164,85.85,237.15}{165,86.25,238.15}{166,86.64,239.15}{167,87.04,240.15}{168,87.43,241.15}{169,87.83,242.15}{170,88.22,243.15}{171,88.62,244.15}{172,89.01,245.15}{173,89.4,246.15}{174,89.8,247.15}{175,90.19,248.15}{176,90.59,249.15}{177,90.98,250.15}{178,91.37,251.15}{179,91.77,252.15}{180,92.16,253.15}{181,92.55,254.15}{182,92.95,255.15}{183,93.34,256.15}{184,93.73,257.15}{185,94.12,258.15}{186,94.52,259.15}{187,94.91,260.15}{188,95.3,261.15}{189,95.69,262.15}{190,96.09,263.15}{191,96.48,264.15}{192,96.87,265.15}{193,97.26,266.15}{194,97.65,267.15}{195,98.04,268.15}{196,98.44,269.15}{197,98.83,270.15}{198,99.22,271.15}{199,99.61,272.15}{200,100,273.15}{201,100.39,274.15}{202,100.78,275.15}{203,101.17,276.15}{204,101.56,277.15}{205,101.95,278.15}{206,102.34,279.15}{207,102.73,280.15}{208,103.12,281.15}{209,103.51,282.15}{210,103.9,283.15}{211,104.29,284.15}{212,104.68,285.15}{213,105.07,286.15}{214,105.46,287.15}{215,105.85,288.15}{216,106.24,289.15}{217,106.63,290.15}{218,107.02,291.15}{219,107.4,292.15}{220,107.79,293.15}{221,108.18,294.15}{222,108.57,295.15}{223,108.96,296.15}{224,109.35,297.15}{225,109.73,298.15}{226,110.12,299.15}{227,110.51,300.15}{228,110.9,301.15}{229,111.28,302.15}{230,111.67,303.15}{231,112.06,304.15}{232,112.45,305.15}{233,112.83,306.15}{234,113.22,307.15}{235,113.61,308.15}{236,113.99,309.15}{237,114.38,310.15}{238,114.77,311.15}{239,115.15,312.15}{240,115.54,313.15}{241,115.93,314.15}{242,116.31,315.15}{243,116.7,316.15}{244,117.08,317.15}{245,117.47,318.15}{246,117.85,319.15}{247,118.24,320.15}{248,118.62,321.15}{249,119.01,322.15}{250,119.4,323.15}{251,119.78,324.15}{252,120.16,325.15}{253,120.55,326.15}{254,120.93,327.15}{255,121.32,328.15}{256,121.7,329.15}{257,122.09,330.15}{258,122.47,331.15}{259,122.86,332.15}{260,123.24,333.15}{261,123.62,334.15}{262,124.01,335.15}{263,124.39,336.15}{264,124.77,337.15}{265,125.17,338.15}{266,125.55,339.15}{267,125.93,340.15}{268,126.32,341.15}{269,126.7,342.15}{270,127.08,343.15}{271,127.46,344.15}{272,127.85,345.15}{273,128.23,346.15}{274,128.61,347.15}{275,128.99,348.15}{276,129.38,349.15}{277,129.76,350.15}{278,130.14,351.15}{279,130.52,352.15}{280,130.9,353.15}{281,131.28,354.15}{282,131.67,355.15}{283,132.05,356.15}{284,132.43,357.15}{285,132.81,358.15}{286,133.19,359.15}{287,133.57,360.15}{288,133.95,361.15}{289,134.33,362.15}{290,134.71,363.15}{291,135.09,364.15}{292,135.47,365.15}{293,135.85,366.15}{294,136.23,367.15}{295,136.61,368.15}{296,136.99,369.15}{297,137.37,370.15}{298,137.75,371.15}{299,138.13,372.15}{300,138.51,373.15}{301,138.89,374.15}{302,139.27,375.15}{303,139.65,376.15}{304,140.03,377.15}{305,140.39,378.15}{306,140.77,379.15}{307,141.15,380.15}{308,141.53,381.15}{309,141.91,382.15}{310,142.29,383.15}{311,142.66,384.15}{312,143.04,385.15}{313,143.42,386.15}{314,143.8,387.15}{315,144.18,388.15}{316,144.56,389.15}{317,144.94,390.15}{318,145.32,391.15}{319,145.69,392.15}{320,146.07,393.15}{321,146.45,394.15}{322,146.82,395.15}{323,147.2,396.15}{324,147.58,397.15}{325,147.95,398.15}{326,148.33,399.15}{327,148.71,400.15}{328,149.08,401.15}{329,149.46,402.15}{330,149.83,403.15}{331,150.21,404.15}{332,150.58,405.15}{333,150.96,406.15}{334,151.34,407.15}{335,151.71,408.15}{336,152.09,409.15}{337,152.46,410.15}{338,152.84,411.15}{339,153.21,412.15}{340,153.58,413.15}{341,153.95,414.15}{342,154.32,415.15}{343,154.71,416.15}{344,155.08,417.15}{345,155.46,418.15}{346,155.83,419.15}{347,156.21,420.15}{348,156.58,421.15}{349,156.96,422.15}{350,157.33,423.15}{351,157.71,424.15}{352,158.08,425.15}{353,158.45,426.15}{354,158.83,427.15}{355,159.2,428.15}{356,159.56,429.15}{357,159.94,430.15}{358,160.31,431.15}{359,160.68,432.15}{360,161.05,433.15}{361,161.43,434.15}{362,161.8,435.15}{363,162.17,436.15}{364,162.54,437.15}{365,162.91,438.15}{366,163.28,439.15}{367,163.66,440.15}{368,164.03,441.15}{369,164.4,442.15}{370,164.77,443.15}{371,165.14,444.15}{372,165.51,445.15}{373,165.88,446.15}{374,166.25,447.15}{375,166.62,448.15}{376,167,449.15}{377,167.37,450.15}{378,167.74,451.15}{379,168.11,452.15}{380,168.48,453.15}{381,168.85,454.15}{382,169.22,455.15}{383,169.59,456.15}{384,169.96,457.15}{385,170.33,458.15}{386,170.69,459.15}{387,171.06,460.15}{388,171.43,461.15}{389,171.8,462.15}{390,172.17,463.15}{391,172.54,464.15}{392,172.91,465.15}{393,173.27,466.15}{394,173.64,467.15}{395,174.01,468.15}{396,174.39,469.15}{397,174.75,470.15}{398,175.12,471.15}{399,175.49,472.15}{400,175.86,473.15}{401,176.23,474.15}{402,176.59,475.15}{403,176.96,476.15}{404,177.33,477.15}{405,177.7,478.15}{406,178.06,479.15}{407,178.43,480.15}{408,178.8,481.15}{409,179.16,482.15}{410,179.53,483.15}{411,179.9,484.15}{412,180.26,485.15}{413,180.63,486.15}{414,180.99,487.15}{415,181.36,488.15}{416,181.73,489.15}{417,182.09,490.15}{418,182.46,491.15}{419,182.82,492.15}{420,183.19,493.15}{421,183.55,494.15}{422,183.92,495.15}{423,184.28,496.15}{424,184.65,497.15}{425,185.01,498.15}{426,185.38,499.15}{427,185.74,500.15}{428,186.11,501.15}{429,186.47,502.15}{430,186.84,503.15}{431,187.2,504.15}{432,187.56,505.15}{433,187.93,506.15}{434,188.29,507.15}{435,188.65,508.15}{436,189.02,509.15}{437,189.38,510.15}{438,189.74,511.15}{439,190.11,512.15}{440,190.47,513.15}{441,190.83,514.15}{442,191.2,515.15}{443,191.56,516.15}{444,191.92,517.15}{445,192.28,518.15}{446,192.66,519.15}{447,193.02,520.15}{448,193.38,521.15}{449,193.74,522.15}{450,194.1,523.15}{451,194.47,524.15}{452,194.83,525.15}{453,195.19,526.15}{454,195.55,527.15}{455,195.9,528.15}{456,196.26,529.15}{457,196.62,530.15}{458,196.98,531.15}{459,197.35,532.15}{460,197.71,533.15}{461,198.07,534.15}{462,198.43,535.15}{463,198.79,536.15}{464,199.15,537.15}{465,199.51,538.15}{466,199.87,539.15}{467,200.23,540.15}{468,200.59,541.15}{469,200.95,542.15}{470,201.31,543.15}{471,201.67,544.15}{472,202.03,545.15}{473,202.38,546.15}{474,202.74,547.15}{475,203.1,548.15}{476,203.46,549.15}{477,203.82,550.15}{478,204.18,551.15}{479,204.54,552.15}{480,204.9,553.15}{481,205.25,554.15}{482,205.61,555.15}{483,205.97,556.15}{484,206.33,557.15}{485,206.7,558.15}{486,207.05,559.15}{487,207.41,560.15}{488,207.77,561.15}{489,208.13,562.15}{490,208.48,563.15}{491,208.84,564.15}{492,209.2,565.15}{493,209.55,566.15}{494,209.91,567.15}{495,210.27,568.15}{496,210.62,569.15}{497,210.98,570.15}{498,211.34,571.15}{499,211.69,572.15}{500,212.05,573.15}{501,212.4,574.15}{502,212.76,575.15}{503,213.12,576.15}{504,213.47,577.15}{505,213.83,578.15}{506,214.19,579.15}{507,214.55,580.15}{508,214.9,581.15}{509,215.26,582.15}{510,215.61,583.15}{511,215.97,584.15}{512,216.32,585.15}{513,216.68,586.15}{514,217.03,587.15}{515,217.39,588.15}{516,217.73,589.15}{517,218.08,590.15}{518,218.44,591.15}{519,218.79,592.15}{520,219.15,593.15}{521,219.5,594.15}{522,219.85,595.15}{523,220.21,596.15}{524,220.56,597.15}{525,220.91,598.15}{526,221.27,599.15}{527,221.62,600.15}{528,221.97,601.15}{529,222.32,602.15}{530,222.68,603.15}{531,223.03,604.15}{532,223.38,605.15}{533,223.73,606.15}{534,224.09,607.15}{535,224.45,608.15}{536,224.8,609.15}{537,225.15,610.15}{538,225.5,611.15}{539,225.85,612.15}{540,226.21,613.15}{541,226.56,614.15}{542,226.91,615.15}{543,227.26,616.15}{544,227.61,617.15}{545,227.96,618.15}{546,228.31,619.15}{547,228.66,620.15}{548,229.01,621.15}{549,229.36,622.15}{550,229.72,623.15}{551,230.07,624.15}{552,230.42,625.15}{553,230.77,626.15}{554,231.12,627.15}{555,231.47,628.15}{556,231.81,629.15}{557,232.16,630.15}{558,232.51,631.15}{559,232.86,632.15}{560,233.21,633.15}{561,233.56,634.15}{562,233.91,635.15}{563,234.26,636.15}{564,234.6,637.15}{565,234.95,638.15}{566,235.3,639.15}{567,235.65,640.15}{568,236,641.15}{569,236.35,642.15}{570,236.7,643.15}{571,237.05,644.15}{572,237.4,645.15}{573,237.75,646.15}{574,238.09,647.15}{575,238.44,648.15}{576,238.79,649.15}{577,239.14,650.15}{578,239.48,651.15}{579,239.83,652.15}{580,240.18,653.15}{581,240.52,654.15}{582,240.87,655.15}{583,241.22,656.15}{584,241.56,657.15}{585,241.91,658.15}{586,242.25,659.15}{587,242.6,660.15}{588,242.95,661.15}{589,243.29,662.15}{590,243.64,663.15}{591,243.98,664.15}{592,244.33,665.15}{593,244.67,666.15}{594,245.02,667.15}{595,245.36,668.15}{596,245.71,669.15}{597,246.05,670.15}{598,246.4,671.15}{599,246.74,672.15}{600,247.09,673.15}{601,247.43,674.15}{602,247.78,675.15}{603,248.12,676.15}{604,248.46,677.15}{605,248.81,678.15}{606,249.15,679.15}{607,249.5,680.15}{608,249.84,681.15}{609,250.18,682.15}{610,250.53,683.15}{611,250.89,684.15}{612,251.21,685.15}{613,251.55,686.15}{614,251.9,687.15}{615,252.24,688.15}{616,252.59,689.15}{617,252.94,690.15}{618,253.28,691.15}{619,253.62,692.15}{620,253.96,693.15}{621,254.3,694.15}{622,254.65,695.15}{623,254.99,696.15}{624,255.33,697.15}{625,255.67,698.15}{626,256.01,699.15}{627,256.35,700.15}{628,256.7,701.15}{629,257.04,702.15}{630,257.38,703.15}{631,257.72,704.15}{632,258.06,705.15}{633,258.4,706.15}{634,258.74,707.15}{635,259.08,708.15}{636,259.42,709.15}{637,259.76,710.15}{638,260.1,711.15}{639,260.44,712.15}{640,260.78,713.15}{641,261.12,714.15}{642,261.46,715.15}{643,261.8,716.15}{644,262.14,717.15}{645,262.48,718.15}{646,262.83,719.15}{647,263.17,720.15}{648,263.5,721.15}{649,263.84,722.15}{650,264.18,723.15}{651,264.52,724.15}{652,264.86,725.15}{653,265.2,726.15}{654,265.54,727.15}{655,265.87,728.15}{656,266.21,729.15}{657,266.55,730.15}{658,266.89,731.15}{659,267.22,732.15}{660,267.56,733.15}{661,267.9,734.15}{662,268.24,735.15}{663,268.57,736.15}{664,268.91,737.15}{665,269.25,738.15}{666,269.58,739.15}{667,269.92,740.15}{668,270.26,741.15}{669,270.59,742.15}{670,270.93,743.15}{671,271.27,744.15}{672,271.6,745.15}{673,271.94,746.15}{674,272.27,747.15}{675,272.61,748.15}{676,272.95,749.15}{677,273.28,750.15}{678,273.62,751.15}{679,273.95,752.15}{680,274.29,753.15}{681,274.62,754.15}{682,274.96,755.15}{683,275.29,756.15}{684,275.63,757.15}{685,275.96,758.15}{686,276.31,759.15}{687,276.64,760.15}{688,276.97,761.15}{689,277.31,762.15}{690,277.64,763.15}{691,277.98,764.15}{692,278.31,765.15}{693,278.64,766.15}{694,278.98,767.15}{695,279.31,768.15}{696,279.64,769.15}{697,279.98,770.15}{698,280.31,771.15}{699,280.64,772.15}{700,280.98,773.15}{701,281.31,774.15}{702,281.64,775.15}{703,281.97,776.15}{704,282.31,777.15}{705,282.64,778.15}{706,282.97,779.15}{707,283.3,780.15}{708,283.63,781.15}{709,283.97,782.15}{710,284.3,783.15}{711,284.63,784.15}{712,284.96,785.15}{713,285.29,786.15}{714,285.62,787.15}{715,285.95,788.15}{716,286.3,789.15}{717,286.63,790.15}{718,286.96,791.15}{719,287.29,792.15}{720,287.62,793.15}{721,287.95,794.15}{722,288.28,795.15}{723,288.61,796.15}{724,288.94,797.15}{725,289.27,798.15}{726,289.6,799.15}{727,289.93,800.15}{728,290.26,801.15}{729,290.59,802.15}{730,290.92,803.15}{731,291.25,804.15}{732,291.58,805.15}{733,291.9,806.15}{734,292.23,807.15}{735,292.56,808.15}{736,292.9,809.15}{737,293.23,810.15}{738,293.56,811.15}{739,293.89,812.15}{740,294.21,813.15}{741,294.54,814.15}{742,294.87,815.15}{743,295.2,816.15}{744,295.53,817.15}{745,295.85,818.15}{746,296.18,819.15}{747,296.51,820.15}{748,296.84,821.15}{749,297.16,822.15}{750,297.49,823.15}{751,297.82,824.15}{752,298.14,825.15}{753,298.47,826.15}{754,298.8,827.15}{755,299.12,828.15}{756,299.45,829.15}{757,299.78,830.15}{758,300.1,831.15}{759,300.43,832.15}{760,300.75,833.15}{761,301.08,834.15}{762,301.41,835.15}{763,301.73,836.15}{764,302.06,837.15}{765,302.38,838.15}{766,302.71,839.15}{767,303.03,840.15}{768,303.36,841.15}{769,303.68,842.15}{770,304.01,843.15}{771,304.33,844.15}{772,304.66,845.15}{773,304.98,846.15}{774,305.3,847.15}{775,305.63,848.15}{776,305.95,849.15}{777,306.28,850.15}{778,306.6,851.15}{779,306.92,852.15}{780,307.25,853.15}{781,307.57,854.15}{782,307.89,855.15}{783,308.22,856.15}{784,308.54,857.15}{785,308.86,858.15}{786,309.19,859.15}{787,309.51,860.15}{788,309.83,861.15}{789,310.15,862.15}{790,310.48,863.15}{791,310.8,864.15}{792,311.12,865.15}{793,311.45,866.15}{794,311.78,867.15}{795,312.1,868.15}{796,312.43,869.15}{797,312.75,870.15}{798,313.07,871.15}{799,313.39,872.15}{800,313.71,873.15}{801,314.04,874.15}{802,314.36,875.15}{803,314.68,876.15}{804,315,877.15}{805,315.32,878.15}{806,315.64,879.15}{807,315.96,880.15}{808,316.28,881.15}{809,316.6,882.15}{810,316.92,883.15}{811,317.24,884.15}{812,317.56,885.15}{813,317.88,886.15}{814,318.2,887.15}{815,318.52,888.15}{816,318.85,889.15}{817,319.17,890.15}{818,319.49,891.15}{819,319.81,892.15}{820,320.12,893.15}{821,320.44,894.15}{822,320.76,895.15}{823,321.08,896.15}{824,321.4,897.15}{825,321.72,898.15}{826,322.03,899.15}{827,322.34,900.15}{828,322.66,901.15}{829,322.98,902.15}{830,323.3,903.15}{831,323.61,904.15}{832,323.93,905.15}{833,324.25,906.15}{834,324.57,907.15}{835,324.88,908.15}{836,325.21,909.15}{837,325.53,910.15}{838,325.85,911.15}{839,326.16,912.15}{840,326.48,913.15}{841,326.79,914.15}{842,327.11,915.15}{843,327.43,916.15}{844,327.74,917.15}{845,328.06,918.15}{846,328.38,919.15}{847,328.69,920.15}{848,329.01,921.15}{849,329.32,922.15}{850,329.64,923.15}{851,329.95,924.15}{852,330.27,925.15}{853,330.58,926.15}{854,330.9,927.15}{855,331.21,928.15}{856,331.53,929.15}{857,331.84,930.15}{858,332.16,931.15}{859,332.47,932.15}{860,332.79,933.15}{861,333.1,934.15}{862,333.41,935.15}{863,333.73,936.15}{864,334.04,937.15}{865,334.36,938.15}{866,334.68,939.15}{867,334.99,940.15}{868,335.31,941.15}{869,335.62,942.15}{870,335.93,943.15}{871,336.25,944.15}{872,336.56,945.15}{873,336.87,946.15}{874,337.18,947.15}{875,337.5,948.15}{876,337.81,949.15}{877,338.12,950.15}{878,338.43,951.15}{879,338.75,952.15}{880,339.06,953.15}{881,339.37,954.15}{882,339.68,955.15}{883,339.99,956.15}{884,340.3,957.15}{885,340.62,958.15}{886,340.94,959.15}{887,341.25,960.15}{888,341.55,961.15}{889,341.87,962.15}{890,342.18,963.15}{891,342.49,964.15}{892,342.8,965.15}{893,343.11,966.15}{894,343.42,967.15}{895,343.73,968.15}{896,344.04,969.15}{897,344.35,970.15}{898,344.66,971.15}{899,344.97,972.15}{900,345.28,973.15}{901,345.59,974.15}{902,345.9,975.15}{903,346.21,976.15}{904,346.52,977.15}{905,346.83,978.15}{906,347.15,979.15}{907,347.46,980.15}{908,347.76,981.15}{909,348.07,982.15}{910,348.38,983.15}{911,348.69,984.15}{912,349,985.15}{913,349.31,986.15}{914,349.61,987.15}{915,349.92,988.15}{916,350.23,989.15}{917,350.54,990.15}{918,350.85,991.15}{919,351.15,992.15}{920,351.46,993.15}{921,351.77,994.15}{922,352.07,995.15}{923,352.38,996.15}{924,352.69,997.15}{925,352.99,998.15}{926,353.3,999.15}{927,353.61,1000.15}{928,353.91,1001.15}{929,354.22,1002.15}{930,354.53,1003.15}{931,354.83,1004.15}{932,355.14,1005.15}{933,355.44,1006.15}{934,355.75,1007.15}{935,356.06,1008.15}{936,356.37,1009.15}{937,356.68,1010.15}{938,356.98,1011.15}{939,357.29,1012.15}{940,357.59,1013.15}{941,357.9,1014.15}{942,358.2,1015.15}{943,358.51,1016.15}{944,358.81,1017.15}{945,359.12,1018.15}{946,359.42,1019.15}{947,359.72,1020.15}{948,360.03,1021.15}{949,360.33,1022.15}{950,360.64,1023.15}{951,360.94,1024.15}{952,361.24,1025.15}{953,361.55,1026.15}{954,361.85,1027.15}{955,362.15,1028.15}{956,362.46,1029.15}{957,362.76,1030.15}{958,363.06,1031.15}{959,363.36,1032.15}{960,363.67,1033.15}{961,363.97,1034.15}{962,364.27,1035.15}{963,364.57,1036.15}{964,364.88,1037.15}{965,365.18,1038.15}{966,365.49,1039.15}{967,365.79,1040.15}{968,366.09,1041.15}{969,366.4,1042.15}{970,366.7,1043.15}{971,367,1044.15}{972,367.3,1045.15}{973,367.6,1046.15}{974,367.9,1047.15}{975,368.2,1048.15}{976,368.5,1049.15}{977,368.81,1050.15}{978,369.11,1051.15}{979,369.41,1052.15}{980,369.71,1053.15}{981,370.01,1054.15}{982,370.31,1055.15}{983,370.61,1056.15}{984,370.91,1057.15}{985,371.21,1058.15}{986,371.52,1059.15}{987,371.82,1060.15}{988,372.12,1061.15}{989,372.41,1062.15}{990,372.71,1063.15}{991,373.01,1064.15}{992,373.31,1065.15}{993,373.61,1066.15}{994,373.91,1067.15}{995,374.21,1068.15}{996,374.51,1069.15}{997,374.8,1070.15}{998,375.1,1071.15}{999,375.4,1072.15}{1000,375.7,1073.15}{1001,376,1074.15}{1002,376.29,1075.15}{1003,376.59,1076.15}{1004,376.89,1077.15}{1005,377.19,1078.15}{1006,377.49,1079.15}{1007,377.79,1080.15}{1008,378.09,1081.15}{1009,378.39,1082.15}{1010,378.68,1083.15}{1011,378.98,1084.15}{1012,379.28,1085.15}{1013,379.57,1086.15}{1014,379.87,1087.15}{1015,380.17,1088.15}{1016,380.46,1089.15}{1017,380.76,1090.15}{1018,381.05,1091.15}{1019,381.35,1092.15}{1020,381.65,1093.15}{1021,381.94,1094.15}{1022,382.24,1095.15}{1023,382.53,1096.15}{1024,382.83,1097.15}{1025,383.12,1098.15}{1026,383.42,1099.15}{1027,383.71,1100.15}{1028,384.01,1101.15}{1029,384.3,1102.15}{1030,384.6,1103.15}{1031,384.89,1104.15}{1032,385.18,1105.15}{1033,385.48,1106.15}{1034,385.77,1107.15}{1035,386.07,1108.15}{1036,386.37,1109.15}{1037,386.66,1110.15}{1038,386.96,1111.15}{1039,387.25,1112.15}{1040,387.55,1113.15}{1041,387.84,1114.15}{1042,388.13,1115.15}{1043,388.42,1116.15}{1044,388.72,1117.15}{1045,389.01,1118.15}{1046,389.31,1119.15}{1047,389.61,1120.15}{1048,389.9,1121.15}{1049,390.19,1122.15}{1050,390.48,1123.15}&quot;"/>
                                                        <instance name="dev01/Config/ch00005/Calibration_Sensor_Maximum_Range" order="0" value="423"/>
                                                        <instance name="dev03/Config/ch00006/Calibration_Sensor_Curve" order="0" value="&quot;{0,18.52,73.15}{1,18.96,74.15}{2,19.39,75.15}{3,19.82,76.15}{4,20.25,77.15}{5,20.68,78.15}{6,21.11,79.15}{7,21.54,80.15}{8,21.97,81.15}{9,22.4,82.15}{10,22.83,83.15}{11,23.26,84.15}{12,23.69,85.15}{13,24.12,86.15}{14,24.55,87.15}{15,24.97,88.15}{16,25.39,89.15}{17,25.82,90.15}{18,26.25,91.15}{19,26.67,92.15}{20,27.1,93.15}{21,27.52,94.15}{22,27.95,95.15}{23,28.37,96.15}{24,28.8,97.15}{25,29.22,98.15}{26,29.65,99.15}{27,30.07,100.15}{28,30.49,101.15}{29,30.92,102.15}{30,31.34,103.15}{31,31.76,104.15}{32,32.18,105.15}{33,32.61,106.15}{34,33.03,107.15}{35,33.45,108.15}{36,33.86,109.15}{37,34.28,110.15}{38,34.7,111.15}{39,35.12,112.15}{40,35.54,113.15}{41,35.96,114.15}{42,36.38,115.15}{43,36.8,116.15}{44,37.22,117.15}{45,37.63,118.15}{46,38.05,119.15}{47,38.47,120.15}{48,38.89,121.15}{49,39.31,122.15}{50,39.72,123.15}{51,40.14,124.15}{52,40.56,125.15}{53,40.97,126.15}{54,41.39,127.15}{55,41.8,128.15}{56,42.22,129.15}{57,42.64,130.15}{58,43.05,131.15}{59,43.46,132.15}{60,43.88,133.15}{61,44.29,134.15}{62,44.71,135.15}{63,45.12,136.15}{64,45.53,137.15}{65,45.95,138.15}{66,46.35,139.15}{67,46.76,140.15}{68,47.18,141.15}{69,47.59,142.15}{70,48,143.15}{71,48.41,144.15}{72,48.82,145.15}{73,49.23,146.15}{74,49.64,147.15}{75,50.06,148.15}{76,50.47,149.15}{77,50.88,150.15}{78,51.29,151.15}{79,51.7,152.15}{80,52.11,153.15}{81,52.52,154.15}{82,52.92,155.15}{83,53.33,156.15}{84,53.74,157.15}{85,54.15,158.15}{86,54.56,159.15}{87,54.97,160.15}{88,55.38,161.15}{89,55.78,162.15}{90,56.19,163.15}{91,56.6,164.15}{92,57,165.15}{93,57.41,166.15}{94,57.82,167.15}{95,58.22,168.15}{96,58.63,169.15}{97,59.04,170.15}{98,59.44,171.15}{99,59.85,172.15}{100,60.26,173.15}{101,60.67,174.15}{102,61.07,175.15}{103,61.48,176.15}{104,61.87,177.15}{105,62.29,178.15}{106,62.69,179.15}{107,63.1,180.15}{108,63.5,181.15}{109,63.91,182.15}{110,64.3,183.15}{111,64.7,184.15}{112,65.11,185.15}{113,65.51,186.15}{114,65.91,187.15}{115,66.31,188.15}{116,66.72,189.15}{117,67.12,190.15}{118,67.52,191.15}{119,67.92,192.15}{120,68.33,193.15}{121,68.73,194.15}{122,69.13,195.15}{123,69.53,196.15}{124,69.93,197.15}{125,70.33,198.15}{126,70.73,199.15}{127,71.13,200.15}{128,71.53,201.15}{129,71.93,202.15}{130,72.33,203.15}{131,72.73,204.15}{132,73.13,205.15}{133,73.53,206.15}{134,73.93,207.15}{135,74.33,208.15}{136,74.73,209.15}{137,75.13,210.15}{138,75.53,211.15}{139,75.93,212.15}{140,76.33,213.15}{141,76.73,214.15}{142,77.13,215.15}{143,77.52,216.15}{144,77.92,217.15}{145,78.32,218.15}{146,78.72,219.15}{147,79.11,220.15}{148,79.51,221.15}{149,79.91,222.15}{150,80.31,223.15}{151,80.7,224.15}{152,81.1,225.15}{153,81.5,226.15}{154,81.89,227.15}{155,82.29,228.15}{156,82.69,229.15}{157,83.08,230.15}{158,83.48,231.15}{159,83.88,232.15}{160,84.27,233.15}{161,84.67,234.15}{162,85.06,235.15}{163,85.46,236.15}{164,85.85,237.15}{165,86.25,238.15}{166,86.64,239.15}{167,87.04,240.15}{168,87.43,241.15}{169,87.83,242.15}{170,88.22,243.15}{171,88.62,244.15}{172,89.01,245.15}{173,89.4,246.15}{174,89.8,247.15}{175,90.19,248.15}{176,90.59,249.15}{177,90.98,250.15}{178,91.37,251.15}{179,91.77,252.15}{180,92.16,253.15}{181,92.55,254.15}{182,92.95,255.15}{183,93.34,256.15}{184,93.73,257.15}{185,94.12,258.15}{186,94.52,259.15}{187,94.91,260.15}{188,95.3,261.15}{189,95.69,262.15}{190,96.09,263.15}{191,96.48,264.15}{192,96.87,265.15}{193,97.26,266.15}{194,97.65,267.15}{195,98.04,268.15}{196,98.44,269.15}{197,98.83,270.15}{198,99.22,271.15}{199,99.61,272.15}{200,100,273.15}{201,100.39,274.15}{202,100.78,275.15}{203,101.17,276.15}{204,101.56,277.15}{205,101.95,278.15}{206,102.34,279.15}{207,102.73,280.15}{208,103.12,281.15}{209,103.51,282.15}{210,103.9,283.15}{211,104.29,284.15}{212,104.68,285.15}{213,105.07,286.15}{214,105.46,287.15}{215,105.85,288.15}{216,106.24,289.15}{217,106.63,290.15}{218,107.02,291.15}{219,107.4,292.15}{220,107.79,293.15}{221,108.18,294.15}{222,108.57,295.15}{223,108.96,296.15}{224,109.35,297.15}{225,109.73,298.15}{226,110.12,299.15}{227,110.51,300.15}{228,110.9,301.15}{229,111.28,302.15}{230,111.67,303.15}{231,112.06,304.15}{232,112.45,305.15}{233,112.83,306.15}{234,113.22,307.15}{235,113.61,308.15}{236,113.99,309.15}{237,114.38,310.15}{238,114.77,311.15}{239,115.15,312.15}{240,115.54,313.15}{241,115.93,314.15}{242,116.31,315.15}{243,116.7,316.15}{244,117.08,317.15}{245,117.47,318.15}{246,117.85,319.15}{247,118.24,320.15}{248,118.62,321.15}{249,119.01,322.15}{250,119.4,323.15}{251,119.78,324.15}{252,120.16,325.15}{253,120.55,326.15}{254,120.93,327.15}{255,121.32,328.15}{256,121.7,329.15}{257,122.09,330.15}{258,122.47,331.15}{259,122.86,332.15}{260,123.24,333.15}{261,123.62,334.15}{262,124.01,335.15}{263,124.39,336.15}{264,124.77,337.15}{265,125.17,338.15}{266,125.55,339.15}{267,125.93,340.15}{268,126.32,341.15}{269,126.7,342.15}{270,127.08,343.15}{271,127.46,344.15}{272,127.85,345.15}{273,128.23,346.15}{274,128.61,347.15}{275,128.99,348.15}{276,129.38,349.15}{277,129.76,350.15}{278,130.14,351.15}{279,130.52,352.15}{280,130.9,353.15}{281,131.28,354.15}{282,131.67,355.15}{283,132.05,356.15}{284,132.43,357.15}{285,132.81,358.15}{286,133.19,359.15}{287,133.57,360.15}{288,133.95,361.15}{289,134.33,362.15}{290,134.71,363.15}{291,135.09,364.15}{292,135.47,365.15}{293,135.85,366.15}{294,136.23,367.15}{295,136.61,368.15}{296,136.99,369.15}{297,137.37,370.15}{298,137.75,371.15}{299,138.13,372.15}{300,138.51,373.15}{301,138.89,374.15}{302,139.27,375.15}{303,139.65,376.15}{304,140.03,377.15}{305,140.39,378.15}{306,140.77,379.15}{307,141.15,380.15}{308,141.53,381.15}{309,141.91,382.15}{310,142.29,383.15}{311,142.66,384.15}{312,143.04,385.15}{313,143.42,386.15}{314,143.8,387.15}{315,144.18,388.15}{316,144.56,389.15}{317,144.94,390.15}{318,145.32,391.15}{319,145.69,392.15}{320,146.07,393.15}{321,146.45,394.15}{322,146.82,395.15}{323,147.2,396.15}{324,147.58,397.15}{325,147.95,398.15}{326,148.33,399.15}{327,148.71,400.15}{328,149.08,401.15}{329,149.46,402.15}{330,149.83,403.15}{331,150.21,404.15}{332,150.58,405.15}{333,150.96,406.15}{334,151.34,407.15}{335,151.71,408.15}{336,152.09,409.15}{337,152.46,410.15}{338,152.84,411.15}{339,153.21,412.15}{340,153.58,413.15}{341,153.95,414.15}{342,154.32,415.15}{343,154.71,416.15}{344,155.08,417.15}{345,155.46,418.15}{346,155.83,419.15}{347,156.21,420.15}{348,156.58,421.15}{349,156.96,422.15}{350,157.33,423.15}{351,157.71,424.15}{352,158.08,425.15}{353,158.45,426.15}{354,158.83,427.15}{355,159.2,428.15}{356,159.56,429.15}{357,159.94,430.15}{358,160.31,431.15}{359,160.68,432.15}{360,161.05,433.15}{361,161.43,434.15}{362,161.8,435.15}{363,162.17,436.15}{364,162.54,437.15}{365,162.91,438.15}{366,163.28,439.15}{367,163.66,440.15}{368,164.03,441.15}{369,164.4,442.15}{370,164.77,443.15}{371,165.14,444.15}{372,165.51,445.15}{373,165.88,446.15}{374,166.25,447.15}{375,166.62,448.15}{376,167,449.15}{377,167.37,450.15}{378,167.74,451.15}{379,168.11,452.15}{380,168.48,453.15}{381,168.85,454.15}{382,169.22,455.15}{383,169.59,456.15}{384,169.96,457.15}{385,170.33,458.15}{386,170.69,459.15}{387,171.06,460.15}{388,171.43,461.15}{389,171.8,462.15}{390,172.17,463.15}{391,172.54,464.15}{392,172.91,465.15}{393,173.27,466.15}{394,173.64,467.15}{395,174.01,468.15}{396,174.39,469.15}{397,174.75,470.15}{398,175.12,471.15}{399,175.49,472.15}{400,175.86,473.15}{401,176.23,474.15}{402,176.59,475.15}{403,176.96,476.15}{404,177.33,477.15}{405,177.7,478.15}{406,178.06,479.15}{407,178.43,480.15}{408,178.8,481.15}{409,179.16,482.15}{410,179.53,483.15}{411,179.9,484.15}{412,180.26,485.15}{413,180.63,486.15}{414,180.99,487.15}{415,181.36,488.15}{416,181.73,489.15}{417,182.09,490.15}{418,182.46,491.15}{419,182.82,492.15}{420,183.19,493.15}{421,183.55,494.15}{422,183.92,495.15}{423,184.28,496.15}{424,184.65,497.15}{425,185.01,498.15}{426,185.38,499.15}{427,185.74,500.15}{428,186.11,501.15}{429,186.47,502.15}{430,186.84,503.15}{431,187.2,504.15}{432,187.56,505.15}{433,187.93,506.15}{434,188.29,507.15}{435,188.65,508.15}{436,189.02,509.15}{437,189.38,510.15}{438,189.74,511.15}{439,190.11,512.15}{440,190.47,513.15}{441,190.83,514.15}{442,191.2,515.15}{443,191.56,516.15}{444,191.92,517.15}{445,192.28,518.15}{446,192.66,519.15}{447,193.02,520.15}{448,193.38,521.15}{449,193.74,522.15}{450,194.1,523.15}{451,194.47,524.15}{452,194.83,525.15}{453,195.19,526.15}{454,195.55,527.15}{455,195.9,528.15}{456,196.26,529.15}{457,196.62,530.15}{458,196.98,531.15}{459,197.35,532.15}{460,197.71,533.15}{461,198.07,534.15}{462,198.43,535.15}{463,198.79,536.15}{464,199.15,537.15}{465,199.51,538.15}{466,199.87,539.15}{467,200.23,540.15}{468,200.59,541.15}{469,200.95,542.15}{470,201.31,543.15}{471,201.67,544.15}{472,202.03,545.15}{473,202.38,546.15}{474,202.74,547.15}{475,203.1,548.15}{476,203.46,549.15}{477,203.82,550.15}{478,204.18,551.15}{479,204.54,552.15}{480,204.9,553.15}{481,205.25,554.15}{482,205.61,555.15}{483,205.97,556.15}{484,206.33,557.15}{485,206.7,558.15}{486,207.05,559.15}{487,207.41,560.15}{488,207.77,561.15}{489,208.13,562.15}{490,208.48,563.15}{491,208.84,564.15}{492,209.2,565.15}{493,209.55,566.15}{494,209.91,567.15}{495,210.27,568.15}{496,210.62,569.15}{497,210.98,570.15}{498,211.34,571.15}{499,211.69,572.15}{500,212.05,573.15}{501,212.4,574.15}{502,212.76,575.15}{503,213.12,576.15}{504,213.47,577.15}{505,213.83,578.15}{506,214.19,579.15}{507,214.55,580.15}{508,214.9,581.15}{509,215.26,582.15}{510,215.61,583.15}{511,215.97,584.15}{512,216.32,585.15}{513,216.68,586.15}{514,217.03,587.15}{515,217.39,588.15}{516,217.73,589.15}{517,218.08,590.15}{518,218.44,591.15}{519,218.79,592.15}{520,219.15,593.15}{521,219.5,594.15}{522,219.85,595.15}{523,220.21,596.15}{524,220.56,597.15}{525,220.91,598.15}{526,221.27,599.15}{527,221.62,600.15}{528,221.97,601.15}{529,222.32,602.15}{530,222.68,603.15}{531,223.03,604.15}{532,223.38,605.15}{533,223.73,606.15}{534,224.09,607.15}{535,224.45,608.15}{536,224.8,609.15}{537,225.15,610.15}{538,225.5,611.15}{539,225.85,612.15}{540,226.21,613.15}{541,226.56,614.15}{542,226.91,615.15}{543,227.26,616.15}{544,227.61,617.15}{545,227.96,618.15}{546,228.31,619.15}{547,228.66,620.15}{548,229.01,621.15}{549,229.36,622.15}{550,229.72,623.15}{551,230.07,624.15}{552,230.42,625.15}{553,230.77,626.15}{554,231.12,627.15}{555,231.47,628.15}{556,231.81,629.15}{557,232.16,630.15}{558,232.51,631.15}{559,232.86,632.15}{560,233.21,633.15}{561,233.56,634.15}{562,233.91,635.15}{563,234.26,636.15}{564,234.6,637.15}{565,234.95,638.15}{566,235.3,639.15}{567,235.65,640.15}{568,236,641.15}{569,236.35,642.15}{570,236.7,643.15}{571,237.05,644.15}{572,237.4,645.15}{573,237.75,646.15}{574,238.09,647.15}{575,238.44,648.15}{576,238.79,649.15}{577,239.14,650.15}{578,239.48,651.15}{579,239.83,652.15}{580,240.18,653.15}{581,240.52,654.15}{582,240.87,655.15}{583,241.22,656.15}{584,241.56,657.15}{585,241.91,658.15}{586,242.25,659.15}{587,242.6,660.15}{588,242.95,661.15}{589,243.29,662.15}{590,243.64,663.15}{591,243.98,664.15}{592,244.33,665.15}{593,244.67,666.15}{594,245.02,667.15}{595,245.36,668.15}{596,245.71,669.15}{597,246.05,670.15}{598,246.4,671.15}{599,246.74,672.15}{600,247.09,673.15}{601,247.43,674.15}{602,247.78,675.15}{603,248.12,676.15}{604,248.46,677.15}{605,248.81,678.15}{606,249.15,679.15}{607,249.5,680.15}{608,249.84,681.15}{609,250.18,682.15}{610,250.53,683.15}{611,250.89,684.15}{612,251.21,685.15}{613,251.55,686.15}{614,251.9,687.15}{615,252.24,688.15}{616,252.59,689.15}{617,252.94,690.15}{618,253.28,691.15}{619,253.62,692.15}{620,253.96,693.15}{621,254.3,694.15}{622,254.65,695.15}{623,254.99,696.15}{624,255.33,697.15}{625,255.67,698.15}{626,256.01,699.15}{627,256.35,700.15}{628,256.7,701.15}{629,257.04,702.15}{630,257.38,703.15}{631,257.72,704.15}{632,258.06,705.15}{633,258.4,706.15}{634,258.74,707.15}{635,259.08,708.15}{636,259.42,709.15}{637,259.76,710.15}{638,260.1,711.15}{639,260.44,712.15}{640,260.78,713.15}{641,261.12,714.15}{642,261.46,715.15}{643,261.8,716.15}{644,262.14,717.15}{645,262.48,718.15}{646,262.83,719.15}{647,263.17,720.15}{648,263.5,721.15}{649,263.84,722.15}{650,264.18,723.15}{651,264.52,724.15}{652,264.86,725.15}{653,265.2,726.15}{654,265.54,727.15}{655,265.87,728.15}{656,266.21,729.15}{657,266.55,730.15}{658,266.89,731.15}{659,267.22,732.15}{660,267.56,733.15}{661,267.9,734.15}{662,268.24,735.15}{663,268.57,736.15}{664,268.91,737.15}{665,269.25,738.15}{666,269.58,739.15}{667,269.92,740.15}{668,270.26,741.15}{669,270.59,742.15}{670,270.93,743.15}{671,271.27,744.15}{672,271.6,745.15}{673,271.94,746.15}{674,272.27,747.15}{675,272.61,748.15}{676,272.95,749.15}{677,273.28,750.15}{678,273.62,751.15}{679,273.95,752.15}{680,274.29,753.15}{681,274.62,754.15}{682,274.96,755.15}{683,275.29,756.15}{684,275.63,757.15}{685,275.96,758.15}{686,276.31,759.15}{687,276.64,760.15}{688,276.97,761.15}{689,277.31,762.15}{690,277.64,763.15}{691,277.98,764.15}{692,278.31,765.15}{693,278.64,766.15}{694,278.98,767.15}{695,279.31,768.15}{696,279.64,769.15}{697,279.98,770.15}{698,280.31,771.15}{699,280.64,772.15}{700,280.98,773.15}{701,281.31,774.15}{702,281.64,775.15}{703,281.97,776.15}{704,282.31,777.15}{705,282.64,778.15}{706,282.97,779.15}{707,283.3,780.15}{708,283.63,781.15}{709,283.97,782.15}{710,284.3,783.15}{711,284.63,784.15}{712,284.96,785.15}{713,285.29,786.15}{714,285.62,787.15}{715,285.95,788.15}{716,286.3,789.15}{717,286.63,790.15}{718,286.96,791.15}{719,287.29,792.15}{720,287.62,793.15}{721,287.95,794.15}{722,288.28,795.15}{723,288.61,796.15}{724,288.94,797.15}{725,289.27,798.15}{726,289.6,799.15}{727,289.93,800.15}{728,290.26,801.15}{729,290.59,802.15}{730,290.92,803.15}{731,291.25,804.15}{732,291.58,805.15}{733,291.9,806.15}{734,292.23,807.15}{735,292.56,808.15}{736,292.9,809.15}{737,293.23,810.15}{738,293.56,811.15}{739,293.89,812.15}{740,294.21,813.15}{741,294.54,814.15}{742,294.87,815.15}{743,295.2,816.15}{744,295.53,817.15}{745,295.85,818.15}{746,296.18,819.15}{747,296.51,820.15}{748,296.84,821.15}{749,297.16,822.15}{750,297.49,823.15}{751,297.82,824.15}{752,298.14,825.15}{753,298.47,826.15}{754,298.8,827.15}{755,299.12,828.15}{756,299.45,829.15}{757,299.78,830.15}{758,300.1,831.15}{759,300.43,832.15}{760,300.75,833.15}{761,301.08,834.15}{762,301.41,835.15}{763,301.73,836.15}{764,302.06,837.15}{765,302.38,838.15}{766,302.71,839.15}{767,303.03,840.15}{768,303.36,841.15}{769,303.68,842.15}{770,304.01,843.15}{771,304.33,844.15}{772,304.66,845.15}{773,304.98,846.15}{774,305.3,847.15}{775,305.63,848.15}{776,305.95,849.15}{777,306.28,850.15}{778,306.6,851.15}{779,306.92,852.15}{780,307.25,853.15}{781,307.57,854.15}{782,307.89,855.15}{783,308.22,856.15}{784,308.54,857.15}{785,308.86,858.15}{786,309.19,859.15}{787,309.51,860.15}{788,309.83,861.15}{789,310.15,862.15}{790,310.48,863.15}{791,310.8,864.15}{792,311.12,865.15}{793,311.45,866.15}{794,311.78,867.15}{795,312.1,868.15}{796,312.43,869.15}{797,312.75,870.15}{798,313.07,871.15}{799,313.39,872.15}{800,313.71,873.15}{801,314.04,874.15}{802,314.36,875.15}{803,314.68,876.15}{804,315,877.15}{805,315.32,878.15}{806,315.64,879.15}{807,315.96,880.15}{808,316.28,881.15}{809,316.6,882.15}{810,316.92,883.15}{811,317.24,884.15}{812,317.56,885.15}{813,317.88,886.15}{814,318.2,887.15}{815,318.52,888.15}{816,318.85,889.15}{817,319.17,890.15}{818,319.49,891.15}{819,319.81,892.15}{820,320.12,893.15}{821,320.44,894.15}{822,320.76,895.15}{823,321.08,896.15}{824,321.4,897.15}{825,321.72,898.15}{826,322.03,899.15}{827,322.34,900.15}{828,322.66,901.15}{829,322.98,902.15}{830,323.3,903.15}{831,323.61,904.15}{832,323.93,905.15}{833,324.25,906.15}{834,324.57,907.15}{835,324.88,908.15}{836,325.21,909.15}{837,325.53,910.15}{838,325.85,911.15}{839,326.16,912.15}{840,326.48,913.15}{841,326.79,914.15}{842,327.11,915.15}{843,327.43,916.15}{844,327.74,917.15}{845,328.06,918.15}{846,328.38,919.15}{847,328.69,920.15}{848,329.01,921.15}{849,329.32,922.15}{850,329.64,923.15}{851,329.95,924.15}{852,330.27,925.15}{853,330.58,926.15}{854,330.9,927.15}{855,331.21,928.15}{856,331.53,929.15}{857,331.84,930.15}{858,332.16,931.15}{859,332.47,932.15}{860,332.79,933.15}{861,333.1,934.15}{862,333.41,935.15}{863,333.73,936.15}{864,334.04,937.15}{865,334.36,938.15}{866,334.68,939.15}{867,334.99,940.15}{868,335.31,941.15}{869,335.62,942.15}{870,335.93,943.15}{871,336.25,944.15}{872,336.56,945.15}{873,336.87,946.15}{874,337.18,947.15}{875,337.5,948.15}{876,337.81,949.15}{877,338.12,950.15}{878,338.43,951.15}{879,338.75,952.15}{880,339.06,953.15}{881,339.37,954.15}{882,339.68,955.15}{883,339.99,956.15}{884,340.3,957.15}{885,340.62,958.15}{886,340.94,959.15}{887,341.25,960.15}{888,341.55,961.15}{889,341.87,962.15}{890,342.18,963.15}{891,342.49,964.15}{892,342.8,965.15}{893,343.11,966.15}{894,343.42,967.15}{895,343.73,968.15}{896,344.04,969.15}{897,344.35,970.15}{898,344.66,971.15}{899,344.97,972.15}{900,345.28,973.15}{901,345.59,974.15}{902,345.9,975.15}{903,346.21,976.15}{904,346.52,977.15}{905,346.83,978.15}{906,347.15,979.15}{907,347.46,980.15}{908,347.76,981.15}{909,348.07,982.15}{910,348.38,983.15}{911,348.69,984.15}{912,349,985.15}{913,349.31,986.15}{914,349.61,987.15}{915,349.92,988.15}{916,350.23,989.15}{917,350.54,990.15}{918,350.85,991.15}{919,351.15,992.15}{920,351.46,993.15}{921,351.77,994.15}{922,352.07,995.15}{923,352.38,996.15}{924,352.69,997.15}{925,352.99,998.15}{926,353.3,999.15}{927,353.61,1000.15}{928,353.91,1001.15}{929,354.22,1002.15}{930,354.53,1003.15}{931,354.83,1004.15}{932,355.14,1005.15}{933,355.44,1006.15}{934,355.75,1007.15}{935,356.06,1008.15}{936,356.37,1009.15}{937,356.68,1010.15}{938,356.98,1011.15}{939,357.29,1012.15}{940,357.59,1013.15}{941,357.9,1014.15}{942,358.2,1015.15}{943,358.51,1016.15}{944,358.81,1017.15}{945,359.12,1018.15}{946,359.42,1019.15}{947,359.72,1020.15}{948,360.03,1021.15}{949,360.33,1022.15}{950,360.64,1023.15}{951,360.94,1024.15}{952,361.24,1025.15}{953,361.55,1026.15}{954,361.85,1027.15}{955,362.15,1028.15}{956,362.46,1029.15}{957,362.76,1030.15}{958,363.06,1031.15}{959,363.36,1032.15}{960,363.67,1033.15}{961,363.97,1034.15}{962,364.27,1035.15}{963,364.57,1036.15}{964,364.88,1037.15}{965,365.18,1038.15}{966,365.49,1039.15}{967,365.79,1040.15}{968,366.09,1041.15}{969,366.4,1042.15}{970,366.7,1043.15}{971,367,1044.15}{972,367.3,1045.15}{973,367.6,1046.15}{974,367.9,1047.15}{975,368.2,1048.15}{976,368.5,1049.15}{977,368.81,1050.15}{978,369.11,1051.15}{979,369.41,1052.15}{980,369.71,1053.15}{981,370.01,1054.15}{982,370.31,1055.15}{983,370.61,1056.15}{984,370.91,1057.15}{985,371.21,1058.15}{986,371.52,1059.15}{987,371.82,1060.15}{988,372.12,1061.15}{989,372.41,1062.15}{990,372.71,1063.15}{991,373.01,1064.15}{992,373.31,1065.15}{993,373.61,1066.15}{994,373.91,1067.15}{995,374.21,1068.15}{996,374.51,1069.15}{997,374.8,1070.15}{998,375.1,1071.15}{999,375.4,1072.15}{1000,375.7,1073.15}{1001,376,1074.15}{1002,376.29,1075.15}{1003,376.59,1076.15}{1004,376.89,1077.15}{1005,377.19,1078.15}{1006,377.49,1079.15}{1007,377.79,1080.15}{1008,378.09,1081.15}{1009,378.39,1082.15}{1010,378.68,1083.15}{1011,378.98,1084.15}{1012,379.28,1085.15}{1013,379.57,1086.15}{1014,379.87,1087.15}{1015,380.17,1088.15}{1016,380.46,1089.15}{1017,380.76,1090.15}{1018,381.05,1091.15}{1019,381.35,1092.15}{1020,381.65,1093.15}{1021,381.94,1094.15}{1022,382.24,1095.15}{1023,382.53,1096.15}{1024,382.83,1097.15}{1025,383.12,1098.15}{1026,383.42,1099.15}{1027,383.71,1100.15}{1028,384.01,1101.15}{1029,384.3,1102.15}{1030,384.6,1103.15}{1031,384.89,1104.15}{1032,385.18,1105.15}{1033,385.48,1106.15}{1034,385.77,1107.15}{1035,386.07,1108.15}{1036,386.37,1109.15}{1037,386.66,1110.15}{1038,386.96,1111.15}{1039,387.25,1112.15}{1040,387.55,1113.15}{1041,387.84,1114.15}{1042,388.13,1115.15}{1043,388.42,1116.15}{1044,388.72,1117.15}{1045,389.01,1118.15}{1046,389.31,1119.15}{1047,389.61,1120.15}{1048,389.9,1121.15}{1049,390.19,1122.15}{1050,390.48,1123.15}&quot;"/>
                                                        <instance name="dev03/Config/ch00001/RTDRange" order="0" value="0"/>
                                                        <instance name="dev03/Config/ch00007/Calibration_Sensor_Curve" order="0" value="&quot;{0,18.52,73.15}{1,18.96,74.15}{2,19.39,75.15}{3,19.82,76.15}{4,20.25,77.15}{5,20.68,78.15}{6,21.11,79.15}{7,21.54,80.15}{8,21.97,81.15}{9,22.4,82.15}{10,22.83,83.15}{11,23.26,84.15}{12,23.69,85.15}{13,24.12,86.15}{14,24.55,87.15}{15,24.97,88.15}{16,25.39,89.15}{17,25.82,90.15}{18,26.25,91.15}{19,26.67,92.15}{20,27.1,93.15}{21,27.52,94.15}{22,27.95,95.15}{23,28.37,96.15}{24,28.8,97.15}{25,29.22,98.15}{26,29.65,99.15}{27,30.07,100.15}{28,30.49,101.15}{29,30.92,102.15}{30,31.34,103.15}{31,31.76,104.15}{32,32.18,105.15}{33,32.61,106.15}{34,33.03,107.15}{35,33.45,108.15}{36,33.86,109.15}{37,34.28,110.15}{38,34.7,111.15}{39,35.12,112.15}{40,35.54,113.15}{41,35.96,114.15}{42,36.38,115.15}{43,36.8,116.15}{44,37.22,117.15}{45,37.63,118.15}{46,38.05,119.15}{47,38.47,120.15}{48,38.89,121.15}{49,39.31,122.15}{50,39.72,123.15}{51,40.14,124.15}{52,40.56,125.15}{53,40.97,126.15}{54,41.39,127.15}{55,41.8,128.15}{56,42.22,129.15}{57,42.64,130.15}{58,43.05,131.15}{59,43.46,132.15}{60,43.88,133.15}{61,44.29,134.15}{62,44.71,135.15}{63,45.12,136.15}{64,45.53,137.15}{65,45.95,138.15}{66,46.35,139.15}{67,46.76,140.15}{68,47.18,141.15}{69,47.59,142.15}{70,48,143.15}{71,48.41,144.15}{72,48.82,145.15}{73,49.23,146.15}{74,49.64,147.15}{75,50.06,148.15}{76,50.47,149.15}{77,50.88,150.15}{78,51.29,151.15}{79,51.7,152.15}{80,52.11,153.15}{81,52.52,154.15}{82,52.92,155.15}{83,53.33,156.15}{84,53.74,157.15}{85,54.15,158.15}{86,54.56,159.15}{87,54.97,160.15}{88,55.38,161.15}{89,55.78,162.15}{90,56.19,163.15}{91,56.6,164.15}{92,57,165.15}{93,57.41,166.15}{94,57.82,167.15}{95,58.22,168.15}{96,58.63,169.15}{97,59.04,170.15}{98,59.44,171.15}{99,59.85,172.15}{100,60.26,173.15}{101,60.67,174.15}{102,61.07,175.15}{103,61.48,176.15}{104,61.87,177.15}{105,62.29,178.15}{106,62.69,179.15}{107,63.1,180.15}{108,63.5,181.15}{109,63.91,182.15}{110,64.3,183.15}{111,64.7,184.15}{112,65.11,185.15}{113,65.51,186.15}{114,65.91,187.15}{115,66.31,188.15}{116,66.72,189.15}{117,67.12,190.15}{118,67.52,191.15}{119,67.92,192.15}{120,68.33,193.15}{121,68.73,194.15}{122,69.13,195.15}{123,69.53,196.15}{124,69.93,197.15}{125,70.33,198.15}{126,70.73,199.15}{127,71.13,200.15}{128,71.53,201.15}{129,71.93,202.15}{130,72.33,203.15}{131,72.73,204.15}{132,73.13,205.15}{133,73.53,206.15}{134,73.93,207.15}{135,74.33,208.15}{136,74.73,209.15}{137,75.13,210.15}{138,75.53,211.15}{139,75.93,212.15}{140,76.33,213.15}{141,76.73,214.15}{142,77.13,215.15}{143,77.52,216.15}{144,77.92,217.15}{145,78.32,218.15}{146,78.72,219.15}{147,79.11,220.15}{148,79.51,221.15}{149,79.91,222.15}{150,80.31,223.15}{151,80.7,224.15}{152,81.1,225.15}{153,81.5,226.15}{154,81.89,227.15}{155,82.29,228.15}{156,82.69,229.15}{157,83.08,230.15}{158,83.48,231.15}{159,83.88,232.15}{160,84.27,233.15}{161,84.67,234.15}{162,85.06,235.15}{163,85.46,236.15}{164,85.85,237.15}{165,86.25,238.15}{166,86.64,239.15}{167,87.04,240.15}{168,87.43,241.15}{169,87.83,242.15}{170,88.22,243.15}{171,88.62,244.15}{172,89.01,245.15}{173,89.4,246.15}{174,89.8,247.15}{175,90.19,248.15}{176,90.59,249.15}{177,90.98,250.15}{178,91.37,251.15}{179,91.77,252.15}{180,92.16,253.15}{181,92.55,254.15}{182,92.95,255.15}{183,93.34,256.15}{184,93.73,257.15}{185,94.12,258.15}{186,94.52,259.15}{187,94.91,260.15}{188,95.3,261.15}{189,95.69,262.15}{190,96.09,263.15}{191,96.48,264.15}{192,96.87,265.15}{193,97.26,266.15}{194,97.65,267.15}{195,98.04,268.15}{196,98.44,269.15}{197,98.83,270.15}{198,99.22,271.15}{199,99.61,272.15}{200,100,273.15}{201,100.39,274.15}{202,100.78,275.15}{203,101.17,276.15}{204,101.56,277.15}{205,101.95,278.15}{206,102.34,279.15}{207,102.73,280.15}{208,103.12,281.15}{209,103.51,282.15}{210,103.9,283.15}{211,104.29,284.15}{212,104.68,285.15}{213,105.07,286.15}{214,105.46,287.15}{215,105.85,288.15}{216,106.24,289.15}{217,106.63,290.15}{218,107.02,291.15}{219,107.4,292.15}{220,107.79,293.15}{221,108.18,294.15}{222,108.57,295.15}{223,108.96,296.15}{224,109.35,297.15}{225,109.73,298.15}{226,110.12,299.15}{227,110.51,300.15}{228,110.9,301.15}{229,111.28,302.15}{230,111.67,303.15}{231,112.06,304.15}{232,112.45,305.15}{233,112.83,306.15}{234,113.22,307.15}{235,113.61,308.15}{236,113.99,309.15}{237,114.38,310.15}{238,114.77,311.15}{239,115.15,312.15}{240,115.54,313.15}{241,115.93,314.15}{242,116.31,315.15}{243,116.7,316.15}{244,117.08,317.15}{245,117.47,318.15}{246,117.85,319.15}{247,118.24,320.15}{248,118.62,321.15}{249,119.01,322.15}{250,119.4,323.15}{251,119.78,324.15}{252,120.16,325.15}{253,120.55,326.15}{254,120.93,327.15}{255,121.32,328.15}{256,121.7,329.15}{257,122.09,330.15}{258,122.47,331.15}{259,122.86,332.15}{260,123.24,333.15}{261,123.62,334.15}{262,124.01,335.15}{263,124.39,336.15}{264,124.77,337.15}{265,125.17,338.15}{266,125.55,339.15}{267,125.93,340.15}{268,126.32,341.15}{269,126.7,342.15}{270,127.08,343.15}{271,127.46,344.15}{272,127.85,345.15}{273,128.23,346.15}{274,128.61,347.15}{275,128.99,348.15}{276,129.38,349.15}{277,129.76,350.15}{278,130.14,351.15}{279,130.52,352.15}{280,130.9,353.15}{281,131.28,354.15}{282,131.67,355.15}{283,132.05,356.15}{284,132.43,357.15}{285,132.81,358.15}{286,133.19,359.15}{287,133.57,360.15}{288,133.95,361.15}{289,134.33,362.15}{290,134.71,363.15}{291,135.09,364.15}{292,135.47,365.15}{293,135.85,366.15}{294,136.23,367.15}{295,136.61,368.15}{296,136.99,369.15}{297,137.37,370.15}{298,137.75,371.15}{299,138.13,372.15}{300,138.51,373.15}{301,138.89,374.15}{302,139.27,375.15}{303,139.65,376.15}{304,140.03,377.15}{305,140.39,378.15}{306,140.77,379.15}{307,141.15,380.15}{308,141.53,381.15}{309,141.91,382.15}{310,142.29,383.15}{311,142.66,384.15}{312,143.04,385.15}{313,143.42,386.15}{314,143.8,387.15}{315,144.18,388.15}{316,144.56,389.15}{317,144.94,390.15}{318,145.32,391.15}{319,145.69,392.15}{320,146.07,393.15}{321,146.45,394.15}{322,146.82,395.15}{323,147.2,396.15}{324,147.58,397.15}{325,147.95,398.15}{326,148.33,399.15}{327,148.71,400.15}{328,149.08,401.15}{329,149.46,402.15}{330,149.83,403.15}{331,150.21,404.15}{332,150.58,405.15}{333,150.96,406.15}{334,151.34,407.15}{335,151.71,408.15}{336,152.09,409.15}{337,152.46,410.15}{338,152.84,411.15}{339,153.21,412.15}{340,153.58,413.15}{341,153.95,414.15}{342,154.32,415.15}{343,154.71,416.15}{344,155.08,417.15}{345,155.46,418.15}{346,155.83,419.15}{347,156.21,420.15}{348,156.58,421.15}{349,156.96,422.15}{350,157.33,423.15}{351,157.71,424.15}{352,158.08,425.15}{353,158.45,426.15}{354,158.83,427.15}{355,159.2,428.15}{356,159.56,429.15}{357,159.94,430.15}{358,160.31,431.15}{359,160.68,432.15}{360,161.05,433.15}{361,161.43,434.15}{362,161.8,435.15}{363,162.17,436.15}{364,162.54,437.15}{365,162.91,438.15}{366,163.28,439.15}{367,163.66,440.15}{368,164.03,441.15}{369,164.4,442.15}{370,164.77,443.15}{371,165.14,444.15}{372,165.51,445.15}{373,165.88,446.15}{374,166.25,447.15}{375,166.62,448.15}{376,167,449.15}{377,167.37,450.15}{378,167.74,451.15}{379,168.11,452.15}{380,168.48,453.15}{381,168.85,454.15}{382,169.22,455.15}{383,169.59,456.15}{384,169.96,457.15}{385,170.33,458.15}{386,170.69,459.15}{387,171.06,460.15}{388,171.43,461.15}{389,171.8,462.15}{390,172.17,463.15}{391,172.54,464.15}{392,172.91,465.15}{393,173.27,466.15}{394,173.64,467.15}{395,174.01,468.15}{396,174.39,469.15}{397,174.75,470.15}{398,175.12,471.15}{399,175.49,472.15}{400,175.86,473.15}{401,176.23,474.15}{402,176.59,475.15}{403,176.96,476.15}{404,177.33,477.15}{405,177.7,478.15}{406,178.06,479.15}{407,178.43,480.15}{408,178.8,481.15}{409,179.16,482.15}{410,179.53,483.15}{411,179.9,484.15}{412,180.26,485.15}{413,180.63,486.15}{414,180.99,487.15}{415,181.36,488.15}{416,181.73,489.15}{417,182.09,490.15}{418,182.46,491.15}{419,182.82,492.15}{420,183.19,493.15}{421,183.55,494.15}{422,183.92,495.15}{423,184.28,496.15}{424,184.65,497.15}{425,185.01,498.15}{426,185.38,499.15}{427,185.74,500.15}{428,186.11,501.15}{429,186.47,502.15}{430,186.84,503.15}{431,187.2,504.15}{432,187.56,505.15}{433,187.93,506.15}{434,188.29,507.15}{435,188.65,508.15}{436,189.02,509.15}{437,189.38,510.15}{438,189.74,511.15}{439,190.11,512.15}{440,190.47,513.15}{441,190.83,514.15}{442,191.2,515.15}{443,191.56,516.15}{444,191.92,517.15}{445,192.28,518.15}{446,192.66,519.15}{447,193.02,520.15}{448,193.38,521.15}{449,193.74,522.15}{450,194.1,523.15}{451,194.47,524.15}{452,194.83,525.15}{453,195.19,526.15}{454,195.55,527.15}{455,195.9,528.15}{456,196.26,529.15}{457,196.62,530.15}{458,196.98,531.15}{459,197.35,532.15}{460,197.71,533.15}{461,198.07,534.15}{462,198.43,535.15}{463,198.79,536.15}{464,199.15,537.15}{465,199.51,538.15}{466,199.87,539.15}{467,200.23,540.15}{468,200.59,541.15}{469,200.95,542.15}{470,201.31,543.15}{471,201.67,544.15}{472,202.03,545.15}{473,202.38,546.15}{474,202.74,547.15}{475,203.1,548.15}{476,203.46,549.15}{477,203.82,550.15}{478,204.18,551.15}{479,204.54,552.15}{480,204.9,553.15}{481,205.25,554.15}{482,205.61,555.15}{483,205.97,556.15}{484,206.33,557.15}{485,206.7,558.15}{486,207.05,559.15}{487,207.41,560.15}{488,207.77,561.15}{489,208.13,562.15}{490,208.48,563.15}{491,208.84,564.15}{492,209.2,565.15}{493,209.55,566.15}{494,209.91,567.15}{495,210.27,568.15}{496,210.62,569.15}{497,210.98,570.15}{498,211.34,571.15}{499,211.69,572.15}{500,212.05,573.15}{501,212.4,574.15}{502,212.76,575.15}{503,213.12,576.15}{504,213.47,577.15}{505,213.83,578.15}{506,214.19,579.15}{507,214.55,580.15}{508,214.9,581.15}{509,215.26,582.15}{510,215.61,583.15}{511,215.97,584.15}{512,216.32,585.15}{513,216.68,586.15}{514,217.03,587.15}{515,217.39,588.15}{516,217.73,589.15}{517,218.08,590.15}{518,218.44,591.15}{519,218.79,592.15}{520,219.15,593.15}{521,219.5,594.15}{522,219.85,595.15}{523,220.21,596.15}{524,220.56,597.15}{525,220.91,598.15}{526,221.27,599.15}{527,221.62,600.15}{528,221.97,601.15}{529,222.32,602.15}{530,222.68,603.15}{531,223.03,604.15}{532,223.38,605.15}{533,223.73,606.15}{534,224.09,607.15}{535,224.45,608.15}{536,224.8,609.15}{537,225.15,610.15}{538,225.5,611.15}{539,225.85,612.15}{540,226.21,613.15}{541,226.56,614.15}{542,226.91,615.15}{543,227.26,616.15}{544,227.61,617.15}{545,227.96,618.15}{546,228.31,619.15}{547,228.66,620.15}{548,229.01,621.15}{549,229.36,622.15}{550,229.72,623.15}{551,230.07,624.15}{552,230.42,625.15}{553,230.77,626.15}{554,231.12,627.15}{555,231.47,628.15}{556,231.81,629.15}{557,232.16,630.15}{558,232.51,631.15}{559,232.86,632.15}{560,233.21,633.15}{561,233.56,634.15}{562,233.91,635.15}{563,234.26,636.15}{564,234.6,637.15}{565,234.95,638.15}{566,235.3,639.15}{567,235.65,640.15}{568,236,641.15}{569,236.35,642.15}{570,236.7,643.15}{571,237.05,644.15}{572,237.4,645.15}{573,237.75,646.15}{574,238.09,647.15}{575,238.44,648.15}{576,238.79,649.15}{577,239.14,650.15}{578,239.48,651.15}{579,239.83,652.15}{580,240.18,653.15}{581,240.52,654.15}{582,240.87,655.15}{583,241.22,656.15}{584,241.56,657.15}{585,241.91,658.15}{586,242.25,659.15}{587,242.6,660.15}{588,242.95,661.15}{589,243.29,662.15}{590,243.64,663.15}{591,243.98,664.15}{592,244.33,665.15}{593,244.67,666.15}{594,245.02,667.15}{595,245.36,668.15}{596,245.71,669.15}{597,246.05,670.15}{598,246.4,671.15}{599,246.74,672.15}{600,247.09,673.15}{601,247.43,674.15}{602,247.78,675.15}{603,248.12,676.15}{604,248.46,677.15}{605,248.81,678.15}{606,249.15,679.15}{607,249.5,680.15}{608,249.84,681.15}{609,250.18,682.15}{610,250.53,683.15}{611,250.89,684.15}{612,251.21,685.15}{613,251.55,686.15}{614,251.9,687.15}{615,252.24,688.15}{616,252.59,689.15}{617,252.94,690.15}{618,253.28,691.15}{619,253.62,692.15}{620,253.96,693.15}{621,254.3,694.15}{622,254.65,695.15}{623,254.99,696.15}{624,255.33,697.15}{625,255.67,698.15}{626,256.01,699.15}{627,256.35,700.15}{628,256.7,701.15}{629,257.04,702.15}{630,257.38,703.15}{631,257.72,704.15}{632,258.06,705.15}{633,258.4,706.15}{634,258.74,707.15}{635,259.08,708.15}{636,259.42,709.15}{637,259.76,710.15}{638,260.1,711.15}{639,260.44,712.15}{640,260.78,713.15}{641,261.12,714.15}{642,261.46,715.15}{643,261.8,716.15}{644,262.14,717.15}{645,262.48,718.15}{646,262.83,719.15}{647,263.17,720.15}{648,263.5,721.15}{649,263.84,722.15}{650,264.18,723.15}{651,264.52,724.15}{652,264.86,725.15}{653,265.2,726.15}{654,265.54,727.15}{655,265.87,728.15}{656,266.21,729.15}{657,266.55,730.15}{658,266.89,731.15}{659,267.22,732.15}{660,267.56,733.15}{661,267.9,734.15}{662,268.24,735.15}{663,268.57,736.15}{664,268.91,737.15}{665,269.25,738.15}{666,269.58,739.15}{667,269.92,740.15}{668,270.26,741.15}{669,270.59,742.15}{670,270.93,743.15}{671,271.27,744.15}{672,271.6,745.15}{673,271.94,746.15}{674,272.27,747.15}{675,272.61,748.15}{676,272.95,749.15}{677,273.28,750.15}{678,273.62,751.15}{679,273.95,752.15}{680,274.29,753.15}{681,274.62,754.15}{682,274.96,755.15}{683,275.29,756.15}{684,275.63,757.15}{685,275.96,758.15}{686,276.31,759.15}{687,276.64,760.15}{688,276.97,761.15}{689,277.31,762.15}{690,277.64,763.15}{691,277.98,764.15}{692,278.31,765.15}{693,278.64,766.15}{694,278.98,767.15}{695,279.31,768.15}{696,279.64,769.15}{697,279.98,770.15}{698,280.31,771.15}{699,280.64,772.15}{700,280.98,773.15}{701,281.31,774.15}{702,281.64,775.15}{703,281.97,776.15}{704,282.31,777.15}{705,282.64,778.15}{706,282.97,779.15}{707,283.3,780.15}{708,283.63,781.15}{709,283.97,782.15}{710,284.3,783.15}{711,284.63,784.15}{712,284.96,785.15}{713,285.29,786.15}{714,285.62,787.15}{715,285.95,788.15}{716,286.3,789.15}{717,286.63,790.15}{718,286.96,791.15}{719,287.29,792.15}{720,287.62,793.15}{721,287.95,794.15}{722,288.28,795.15}{723,288.61,796.15}{724,288.94,797.15}{725,289.27,798.15}{726,289.6,799.15}{727,289.93,800.15}{728,290.26,801.15}{729,290.59,802.15}{730,290.92,803.15}{731,291.25,804.15}{732,291.58,805.15}{733,291.9,806.15}{734,292.23,807.15}{735,292.56,808.15}{736,292.9,809.15}{737,293.23,810.15}{738,293.56,811.15}{739,293.89,812.15}{740,294.21,813.15}{741,294.54,814.15}{742,294.87,815.15}{743,295.2,816.15}{744,295.53,817.15}{745,295.85,818.15}{746,296.18,819.15}{747,296.51,820.15}{748,296.84,821.15}{749,297.16,822.15}{750,297.49,823.15}{751,297.82,824.15}{752,298.14,825.15}{753,298.47,826.15}{754,298.8,827.15}{755,299.12,828.15}{756,299.45,829.15}{757,299.78,830.15}{758,300.1,831.15}{759,300.43,832.15}{760,300.75,833.15}{761,301.08,834.15}{762,301.41,835.15}{763,301.73,836.15}{764,302.06,837.15}{765,302.38,838.15}{766,302.71,839.15}{767,303.03,840.15}{768,303.36,841.15}{769,303.68,842.15}{770,304.01,843.15}{771,304.33,844.15}{772,304.66,845.15}{773,304.98,846.15}{774,305.3,847.15}{775,305.63,848.15}{776,305.95,849.15}{777,306.28,850.15}{778,306.6,851.15}{779,306.92,852.15}{780,307.25,853.15}{781,307.57,854.15}{782,307.89,855.15}{783,308.22,856.15}{784,308.54,857.15}{785,308.86,858.15}{786,309.19,859.15}{787,309.51,860.15}{788,309.83,861.15}{789,310.15,862.15}{790,310.48,863.15}{791,310.8,864.15}{792,311.12,865.15}{793,311.45,866.15}{794,311.78,867.15}{795,312.1,868.15}{796,312.43,869.15}{797,312.75,870.15}{798,313.07,871.15}{799,313.39,872.15}{800,313.71,873.15}{801,314.04,874.15}{802,314.36,875.15}{803,314.68,876.15}{804,315,877.15}{805,315.32,878.15}{806,315.64,879.15}{807,315.96,880.15}{808,316.28,881.15}{809,316.6,882.15}{810,316.92,883.15}{811,317.24,884.15}{812,317.56,885.15}{813,317.88,886.15}{814,318.2,887.15}{815,318.52,888.15}{816,318.85,889.15}{817,319.17,890.15}{818,319.49,891.15}{819,319.81,892.15}{820,320.12,893.15}{821,320.44,894.15}{822,320.76,895.15}{823,321.08,896.15}{824,321.4,897.15}{825,321.72,898.15}{826,322.03,899.15}{827,322.34,900.15}{828,322.66,901.15}{829,322.98,902.15}{830,323.3,903.15}{831,323.61,904.15}{832,323.93,905.15}{833,324.25,906.15}{834,324.57,907.15}{835,324.88,908.15}{836,325.21,909.15}{837,325.53,910.15}{838,325.85,911.15}{839,326.16,912.15}{840,326.48,913.15}{841,326.79,914.15}{842,327.11,915.15}{843,327.43,916.15}{844,327.74,917.15}{845,328.06,918.15}{846,328.38,919.15}{847,328.69,920.15}{848,329.01,921.15}{849,329.32,922.15}{850,329.64,923.15}{851,329.95,924.15}{852,330.27,925.15}{853,330.58,926.15}{854,330.9,927.15}{855,331.21,928.15}{856,331.53,929.15}{857,331.84,930.15}{858,332.16,931.15}{859,332.47,932.15}{860,332.79,933.15}{861,333.1,934.15}{862,333.41,935.15}{863,333.73,936.15}{864,334.04,937.15}{865,334.36,938.15}{866,334.68,939.15}{867,334.99,940.15}{868,335.31,941.15}{869,335.62,942.15}{870,335.93,943.15}{871,336.25,944.15}{872,336.56,945.15}{873,336.87,946.15}{874,337.18,947.15}{875,337.5,948.15}{876,337.81,949.15}{877,338.12,950.15}{878,338.43,951.15}{879,338.75,952.15}{880,339.06,953.15}{881,339.37,954.15}{882,339.68,955.15}{883,339.99,956.15}{884,340.3,957.15}{885,340.62,958.15}{886,340.94,959.15}{887,341.25,960.15}{888,341.55,961.15}{889,341.87,962.15}{890,342.18,963.15}{891,342.49,964.15}{892,342.8,965.15}{893,343.11,966.15}{894,343.42,967.15}{895,343.73,968.15}{896,344.04,969.15}{897,344.35,970.15}{898,344.66,971.15}{899,344.97,972.15}{900,345.28,973.15}{901,345.59,974.15}{902,345.9,975.15}{903,346.21,976.15}{904,346.52,977.15}{905,346.83,978.15}{906,347.15,979.15}{907,347.46,980.15}{908,347.76,981.15}{909,348.07,982.15}{910,348.38,983.15}{911,348.69,984.15}{912,349,985.15}{913,349.31,986.15}{914,349.61,987.15}{915,349.92,988.15}{916,350.23,989.15}{917,350.54,990.15}{918,350.85,991.15}{919,351.15,992.15}{920,351.46,993.15}{921,351.77,994.15}{922,352.07,995.15}{923,352.38,996.15}{924,352.69,997.15}{925,352.99,998.15}{926,353.3,999.15}{927,353.61,1000.15}{928,353.91,1001.15}{929,354.22,1002.15}{930,354.53,1003.15}{931,354.83,1004.15}{932,355.14,1005.15}{933,355.44,1006.15}{934,355.75,1007.15}{935,356.06,1008.15}{936,356.37,1009.15}{937,356.68,1010.15}{938,356.98,1011.15}{939,357.29,1012.15}{940,357.59,1013.15}{941,357.9,1014.15}{942,358.2,1015.15}{943,358.51,1016.15}{944,358.81,1017.15}{945,359.12,1018.15}{946,359.42,1019.15}{947,359.72,1020.15}{948,360.03,1021.15}{949,360.33,1022.15}{950,360.64,1023.15}{951,360.94,1024.15}{952,361.24,1025.15}{953,361.55,1026.15}{954,361.85,1027.15}{955,362.15,1028.15}{956,362.46,1029.15}{957,362.76,1030.15}{958,363.06,1031.15}{959,363.36,1032.15}{960,363.67,1033.15}{961,363.97,1034.15}{962,364.27,1035.15}{963,364.57,1036.15}{964,364.88,1037.15}{965,365.18,1038.15}{966,365.49,1039.15}{967,365.79,1040.15}{968,366.09,1041.15}{969,366.4,1042.15}{970,366.7,1043.15}{971,367,1044.15}{972,367.3,1045.15}{973,367.6,1046.15}{974,367.9,1047.15}{975,368.2,1048.15}{976,368.5,1049.15}{977,368.81,1050.15}{978,369.11,1051.15}{979,369.41,1052.15}{980,369.71,1053.15}{981,370.01,1054.15}{982,370.31,1055.15}{983,370.61,1056.15}{984,370.91,1057.15}{985,371.21,1058.15}{986,371.52,1059.15}{987,371.82,1060.15}{988,372.12,1061.15}{989,372.41,1062.15}{990,372.71,1063.15}{991,373.01,1064.15}{992,373.31,1065.15}{993,373.61,1066.15}{994,373.91,1067.15}{995,374.21,1068.15}{996,374.51,1069.15}{997,374.8,1070.15}{998,375.1,1071.15}{999,375.4,1072.15}{1000,375.7,1073.15}{1001,376,1074.15}{1002,376.29,1075.15}{1003,376.59,1076.15}{1004,376.89,1077.15}{1005,377.19,1078.15}{1006,377.49,1079.15}{1007,377.79,1080.15}{1008,378.09,1081.15}{1009,378.39,1082.15}{1010,378.68,1083.15}{1011,378.98,1084.15}{1012,379.28,1085.15}{1013,379.57,1086.15}{1014,379.87,1087.15}{1015,380.17,1088.15}{1016,380.46,1089.15}{1017,380.76,1090.15}{1018,381.05,1091.15}{1019,381.35,1092.15}{1020,381.65,1093.15}{1021,381.94,1094.15}{1022,382.24,1095.15}{1023,382.53,1096.15}{1024,382.83,1097.15}{1025,383.12,1098.15}{1026,383.42,1099.15}{1027,383.71,1100.15}{1028,384.01,1101.15}{1029,384.3,1102.15}{1030,384.6,1103.15}{1031,384.89,1104.15}{1032,385.18,1105.15}{1033,385.48,1106.15}{1034,385.77,1107.15}{1035,386.07,1108.15}{1036,386.37,1109.15}{1037,386.66,1110.15}{1038,386.96,1111.15}{1039,387.25,1112.15}{1040,387.55,1113.15}{1041,387.84,1114.15}{1042,388.13,1115.15}{1043,388.42,1116.15}{1044,388.72,1117.15}{1045,389.01,1118.15}{1046,389.31,1119.15}{1047,389.61,1120.15}{1048,389.9,1121.15}{1049,390.19,1122.15}{1050,390.48,1123.15}&quot;"/>
                                                        <instance name="dev03/Config/ch00006/Calibration_Sensor_Maximum_Range" order="0" value="1123.15"/>
                                                        <instance name="dev03/Config/ch00005/RTDWireScheme" order="0" value="4"/>
                                                        <instance name="dev03/Config/ch00008/Calibration_Sensor_Curve" order="0" value="&quot;{0,18.52,73.15}{1,18.96,74.15}{2,19.39,75.15}{3,19.82,76.15}{4,20.25,77.15}{5,20.68,78.15}{6,21.11,79.15}{7,21.54,80.15}{8,21.97,81.15}{9,22.4,82.15}{10,22.83,83.15}{11,23.26,84.15}{12,23.69,85.15}{13,24.12,86.15}{14,24.55,87.15}{15,24.97,88.15}{16,25.39,89.15}{17,25.82,90.15}{18,26.25,91.15}{19,26.67,92.15}{20,27.1,93.15}{21,27.52,94.15}{22,27.95,95.15}{23,28.37,96.15}{24,28.8,97.15}{25,29.22,98.15}{26,29.65,99.15}{27,30.07,100.15}{28,30.49,101.15}{29,30.92,102.15}{30,31.34,103.15}{31,31.76,104.15}{32,32.18,105.15}{33,32.61,106.15}{34,33.03,107.15}{35,33.45,108.15}{36,33.86,109.15}{37,34.28,110.15}{38,34.7,111.15}{39,35.12,112.15}{40,35.54,113.15}{41,35.96,114.15}{42,36.38,115.15}{43,36.8,116.15}{44,37.22,117.15}{45,37.63,118.15}{46,38.05,119.15}{47,38.47,120.15}{48,38.89,121.15}{49,39.31,122.15}{50,39.72,123.15}{51,40.14,124.15}{52,40.56,125.15}{53,40.97,126.15}{54,41.39,127.15}{55,41.8,128.15}{56,42.22,129.15}{57,42.64,130.15}{58,43.05,131.15}{59,43.46,132.15}{60,43.88,133.15}{61,44.29,134.15}{62,44.71,135.15}{63,45.12,136.15}{64,45.53,137.15}{65,45.95,138.15}{66,46.35,139.15}{67,46.76,140.15}{68,47.18,141.15}{69,47.59,142.15}{70,48,143.15}{71,48.41,144.15}{72,48.82,145.15}{73,49.23,146.15}{74,49.64,147.15}{75,50.06,148.15}{76,50.47,149.15}{77,50.88,150.15}{78,51.29,151.15}{79,51.7,152.15}{80,52.11,153.15}{81,52.52,154.15}{82,52.92,155.15}{83,53.33,156.15}{84,53.74,157.15}{85,54.15,158.15}{86,54.56,159.15}{87,54.97,160.15}{88,55.38,161.15}{89,55.78,162.15}{90,56.19,163.15}{91,56.6,164.15}{92,57,165.15}{93,57.41,166.15}{94,57.82,167.15}{95,58.22,168.15}{96,58.63,169.15}{97,59.04,170.15}{98,59.44,171.15}{99,59.85,172.15}{100,60.26,173.15}{101,60.67,174.15}{102,61.07,175.15}{103,61.48,176.15}{104,61.87,177.15}{105,62.29,178.15}{106,62.69,179.15}{107,63.1,180.15}{108,63.5,181.15}{109,63.91,182.15}{110,64.3,183.15}{111,64.7,184.15}{112,65.11,185.15}{113,65.51,186.15}{114,65.91,187.15}{115,66.31,188.15}{116,66.72,189.15}{117,67.12,190.15}{118,67.52,191.15}{119,67.92,192.15}{120,68.33,193.15}{121,68.73,194.15}{122,69.13,195.15}{123,69.53,196.15}{124,69.93,197.15}{125,70.33,198.15}{126,70.73,199.15}{127,71.13,200.15}{128,71.53,201.15}{129,71.93,202.15}{130,72.33,203.15}{131,72.73,204.15}{132,73.13,205.15}{133,73.53,206.15}{134,73.93,207.15}{135,74.33,208.15}{136,74.73,209.15}{137,75.13,210.15}{138,75.53,211.15}{139,75.93,212.15}{140,76.33,213.15}{141,76.73,214.15}{142,77.13,215.15}{143,77.52,216.15}{144,77.92,217.15}{145,78.32,218.15}{146,78.72,219.15}{147,79.11,220.15}{148,79.51,221.15}{149,79.91,222.15}{150,80.31,223.15}{151,80.7,224.15}{152,81.1,225.15}{153,81.5,226.15}{154,81.89,227.15}{155,82.29,228.15}{156,82.69,229.15}{157,83.08,230.15}{158,83.48,231.15}{159,83.88,232.15}{160,84.27,233.15}{161,84.67,234.15}{162,85.06,235.15}{163,85.46,236.15}{164,85.85,237.15}{165,86.25,238.15}{166,86.64,239.15}{167,87.04,240.15}{168,87.43,241.15}{169,87.83,242.15}{170,88.22,243.15}{171,88.62,244.15}{172,89.01,245.15}{173,89.4,246.15}{174,89.8,247.15}{175,90.19,248.15}{176,90.59,249.15}{177,90.98,250.15}{178,91.37,251.15}{179,91.77,252.15}{180,92.16,253.15}{181,92.55,254.15}{182,92.95,255.15}{183,93.34,256.15}{184,93.73,257.15}{185,94.12,258.15}{186,94.52,259.15}{187,94.91,260.15}{188,95.3,261.15}{189,95.69,262.15}{190,96.09,263.15}{191,96.48,264.15}{192,96.87,265.15}{193,97.26,266.15}{194,97.65,267.15}{195,98.04,268.15}{196,98.44,269.15}{197,98.83,270.15}{198,99.22,271.15}{199,99.61,272.15}{200,100,273.15}{201,100.39,274.15}{202,100.78,275.15}{203,101.17,276.15}{204,101.56,277.15}{205,101.95,278.15}{206,102.34,279.15}{207,102.73,280.15}{208,103.12,281.15}{209,103.51,282.15}{210,103.9,283.15}{211,104.29,284.15}{212,104.68,285.15}{213,105.07,286.15}{214,105.46,287.15}{215,105.85,288.15}{216,106.24,289.15}{217,106.63,290.15}{218,107.02,291.15}{219,107.4,292.15}{220,107.79,293.15}{221,108.18,294.15}{222,108.57,295.15}{223,108.96,296.15}{224,109.35,297.15}{225,109.73,298.15}{226,110.12,299.15}{227,110.51,300.15}{228,110.9,301.15}{229,111.28,302.15}{230,111.67,303.15}{231,112.06,304.15}{232,112.45,305.15}{233,112.83,306.15}{234,113.22,307.15}{235,113.61,308.15}{236,113.99,309.15}{237,114.38,310.15}{238,114.77,311.15}{239,115.15,312.15}{240,115.54,313.15}{241,115.93,314.15}{242,116.31,315.15}{243,116.7,316.15}{244,117.08,317.15}{245,117.47,318.15}{246,117.85,319.15}{247,118.24,320.15}{248,118.62,321.15}{249,119.01,322.15}{250,119.4,323.15}{251,119.78,324.15}{252,120.16,325.15}{253,120.55,326.15}{254,120.93,327.15}{255,121.32,328.15}{256,121.7,329.15}{257,122.09,330.15}{258,122.47,331.15}{259,122.86,332.15}{260,123.24,333.15}{261,123.62,334.15}{262,124.01,335.15}{263,124.39,336.15}{264,124.77,337.15}{265,125.17,338.15}{266,125.55,339.15}{267,125.93,340.15}{268,126.32,341.15}{269,126.7,342.15}{270,127.08,343.15}{271,127.46,344.15}{272,127.85,345.15}{273,128.23,346.15}{274,128.61,347.15}{275,128.99,348.15}{276,129.38,349.15}{277,129.76,350.15}{278,130.14,351.15}{279,130.52,352.15}{280,130.9,353.15}{281,131.28,354.15}{282,131.67,355.15}{283,132.05,356.15}{284,132.43,357.15}{285,132.81,358.15}{286,133.19,359.15}{287,133.57,360.15}{288,133.95,361.15}{289,134.33,362.15}{290,134.71,363.15}{291,135.09,364.15}{292,135.47,365.15}{293,135.85,366.15}{294,136.23,367.15}{295,136.61,368.15}{296,136.99,369.15}{297,137.37,370.15}{298,137.75,371.15}{299,138.13,372.15}{300,138.51,373.15}{301,138.89,374.15}{302,139.27,375.15}{303,139.65,376.15}{304,140.03,377.15}{305,140.39,378.15}{306,140.77,379.15}{307,141.15,380.15}{308,141.53,381.15}{309,141.91,382.15}{310,142.29,383.15}{311,142.66,384.15}{312,143.04,385.15}{313,143.42,386.15}{314,143.8,387.15}{315,144.18,388.15}{316,144.56,389.15}{317,144.94,390.15}{318,145.32,391.15}{319,145.69,392.15}{320,146.07,393.15}{321,146.45,394.15}{322,146.82,395.15}{323,147.2,396.15}{324,147.58,397.15}{325,147.95,398.15}{326,148.33,399.15}{327,148.71,400.15}{328,149.08,401.15}{329,149.46,402.15}{330,149.83,403.15}{331,150.21,404.15}{332,150.58,405.15}{333,150.96,406.15}{334,151.34,407.15}{335,151.71,408.15}{336,152.09,409.15}{337,152.46,410.15}{338,152.84,411.15}{339,153.21,412.15}{340,153.58,413.15}{341,153.95,414.15}{342,154.32,415.15}{343,154.71,416.15}{344,155.08,417.15}{345,155.46,418.15}{346,155.83,419.15}{347,156.21,420.15}{348,156.58,421.15}{349,156.96,422.15}{350,157.33,423.15}{351,157.71,424.15}{352,158.08,425.15}{353,158.45,426.15}{354,158.83,427.15}{355,159.2,428.15}{356,159.56,429.15}{357,159.94,430.15}{358,160.31,431.15}{359,160.68,432.15}{360,161.05,433.15}{361,161.43,434.15}{362,161.8,435.15}{363,162.17,436.15}{364,162.54,437.15}{365,162.91,438.15}{366,163.28,439.15}{367,163.66,440.15}{368,164.03,441.15}{369,164.4,442.15}{370,164.77,443.15}{371,165.14,444.15}{372,165.51,445.15}{373,165.88,446.15}{374,166.25,447.15}{375,166.62,448.15}{376,167,449.15}{377,167.37,450.15}{378,167.74,451.15}{379,168.11,452.15}{380,168.48,453.15}{381,168.85,454.15}{382,169.22,455.15}{383,169.59,456.15}{384,169.96,457.15}{385,170.33,458.15}{386,170.69,459.15}{387,171.06,460.15}{388,171.43,461.15}{389,171.8,462.15}{390,172.17,463.15}{391,172.54,464.15}{392,172.91,465.15}{393,173.27,466.15}{394,173.64,467.15}{395,174.01,468.15}{396,174.39,469.15}{397,174.75,470.15}{398,175.12,471.15}{399,175.49,472.15}{400,175.86,473.15}{401,176.23,474.15}{402,176.59,475.15}{403,176.96,476.15}{404,177.33,477.15}{405,177.7,478.15}{406,178.06,479.15}{407,178.43,480.15}{408,178.8,481.15}{409,179.16,482.15}{410,179.53,483.15}{411,179.9,484.15}{412,180.26,485.15}{413,180.63,486.15}{414,180.99,487.15}{415,181.36,488.15}{416,181.73,489.15}{417,182.09,490.15}{418,182.46,491.15}{419,182.82,492.15}{420,183.19,493.15}{421,183.55,494.15}{422,183.92,495.15}{423,184.28,496.15}{424,184.65,497.15}{425,185.01,498.15}{426,185.38,499.15}{427,185.74,500.15}{428,186.11,501.15}{429,186.47,502.15}{430,186.84,503.15}{431,187.2,504.15}{432,187.56,505.15}{433,187.93,506.15}{434,188.29,507.15}{435,188.65,508.15}{436,189.02,509.15}{437,189.38,510.15}{438,189.74,511.15}{439,190.11,512.15}{440,190.47,513.15}{441,190.83,514.15}{442,191.2,515.15}{443,191.56,516.15}{444,191.92,517.15}{445,192.28,518.15}{446,192.66,519.15}{447,193.02,520.15}{448,193.38,521.15}{449,193.74,522.15}{450,194.1,523.15}{451,194.47,524.15}{452,194.83,525.15}{453,195.19,526.15}{454,195.55,527.15}{455,195.9,528.15}{456,196.26,529.15}{457,196.62,530.15}{458,196.98,531.15}{459,197.35,532.15}{460,197.71,533.15}{461,198.07,534.15}{462,198.43,535.15}{463,198.79,536.15}{464,199.15,537.15}{465,199.51,538.15}{466,199.87,539.15}{467,200.23,540.15}{468,200.59,541.15}{469,200.95,542.15}{470,201.31,543.15}{471,201.67,544.15}{472,202.03,545.15}{473,202.38,546.15}{474,202.74,547.15}{475,203.1,548.15}{476,203.46,549.15}{477,203.82,550.15}{478,204.18,551.15}{479,204.54,552.15}{480,204.9,553.15}{481,205.25,554.15}{482,205.61,555.15}{483,205.97,556.15}{484,206.33,557.15}{485,206.7,558.15}{486,207.05,559.15}{487,207.41,560.15}{488,207.77,561.15}{489,208.13,562.15}{490,208.48,563.15}{491,208.84,564.15}{492,209.2,565.15}{493,209.55,566.15}{494,209.91,567.15}{495,210.27,568.15}{496,210.62,569.15}{497,210.98,570.15}{498,211.34,571.15}{499,211.69,572.15}{500,212.05,573.15}{501,212.4,574.15}{502,212.76,575.15}{503,213.12,576.15}{504,213.47,577.15}{505,213.83,578.15}{506,214.19,579.15}{507,214.55,580.15}{508,214.9,581.15}{509,215.26,582.15}{510,215.61,583.15}{511,215.97,584.15}{512,216.32,585.15}{513,216.68,586.15}{514,217.03,587.15}{515,217.39,588.15}{516,217.73,589.15}{517,218.08,590.15}{518,218.44,591.15}{519,218.79,592.15}{520,219.15,593.15}{521,219.5,594.15}{522,219.85,595.15}{523,220.21,596.15}{524,220.56,597.15}{525,220.91,598.15}{526,221.27,599.15}{527,221.62,600.15}{528,221.97,601.15}{529,222.32,602.15}{530,222.68,603.15}{531,223.03,604.15}{532,223.38,605.15}{533,223.73,606.15}{534,224.09,607.15}{535,224.45,608.15}{536,224.8,609.15}{537,225.15,610.15}{538,225.5,611.15}{539,225.85,612.15}{540,226.21,613.15}{541,226.56,614.15}{542,226.91,615.15}{543,227.26,616.15}{544,227.61,617.15}{545,227.96,618.15}{546,228.31,619.15}{547,228.66,620.15}{548,229.01,621.15}{549,229.36,622.15}{550,229.72,623.15}{551,230.07,624.15}{552,230.42,625.15}{553,230.77,626.15}{554,231.12,627.15}{555,231.47,628.15}{556,231.81,629.15}{557,232.16,630.15}{558,232.51,631.15}{559,232.86,632.15}{560,233.21,633.15}{561,233.56,634.15}{562,233.91,635.15}{563,234.26,636.15}{564,234.6,637.15}{565,234.95,638.15}{566,235.3,639.15}{567,235.65,640.15}{568,236,641.15}{569,236.35,642.15}{570,236.7,643.15}{571,237.05,644.15}{572,237.4,645.15}{573,237.75,646.15}{574,238.09,647.15}{575,238.44,648.15}{576,238.79,649.15}{577,239.14,650.15}{578,239.48,651.15}{579,239.83,652.15}{580,240.18,653.15}{581,240.52,654.15}{582,240.87,655.15}{583,241.22,656.15}{584,241.56,657.15}{585,241.91,658.15}{586,242.25,659.15}{587,242.6,660.15}{588,242.95,661.15}{589,243.29,662.15}{590,243.64,663.15}{591,243.98,664.15}{592,244.33,665.15}{593,244.67,666.15}{594,245.02,667.15}{595,245.36,668.15}{596,245.71,669.15}{597,246.05,670.15}{598,246.4,671.15}{599,246.74,672.15}{600,247.09,673.15}{601,247.43,674.15}{602,247.78,675.15}{603,248.12,676.15}{604,248.46,677.15}{605,248.81,678.15}{606,249.15,679.15}{607,249.5,680.15}{608,249.84,681.15}{609,250.18,682.15}{610,250.53,683.15}{611,250.89,684.15}{612,251.21,685.15}{613,251.55,686.15}{614,251.9,687.15}{615,252.24,688.15}{616,252.59,689.15}{617,252.94,690.15}{618,253.28,691.15}{619,253.62,692.15}{620,253.96,693.15}{621,254.3,694.15}{622,254.65,695.15}{623,254.99,696.15}{624,255.33,697.15}{625,255.67,698.15}{626,256.01,699.15}{627,256.35,700.15}{628,256.7,701.15}{629,257.04,702.15}{630,257.38,703.15}{631,257.72,704.15}{632,258.06,705.15}{633,258.4,706.15}{634,258.74,707.15}{635,259.08,708.15}{636,259.42,709.15}{637,259.76,710.15}{638,260.1,711.15}{639,260.44,712.15}{640,260.78,713.15}{641,261.12,714.15}{642,261.46,715.15}{643,261.8,716.15}{644,262.14,717.15}{645,262.48,718.15}{646,262.83,719.15}{647,263.17,720.15}{648,263.5,721.15}{649,263.84,722.15}{650,264.18,723.15}{651,264.52,724.15}{652,264.86,725.15}{653,265.2,726.15}{654,265.54,727.15}{655,265.87,728.15}{656,266.21,729.15}{657,266.55,730.15}{658,266.89,731.15}{659,267.22,732.15}{660,267.56,733.15}{661,267.9,734.15}{662,268.24,735.15}{663,268.57,736.15}{664,268.91,737.15}{665,269.25,738.15}{666,269.58,739.15}{667,269.92,740.15}{668,270.26,741.15}{669,270.59,742.15}{670,270.93,743.15}{671,271.27,744.15}{672,271.6,745.15}{673,271.94,746.15}{674,272.27,747.15}{675,272.61,748.15}{676,272.95,749.15}{677,273.28,750.15}{678,273.62,751.15}{679,273.95,752.15}{680,274.29,753.15}{681,274.62,754.15}{682,274.96,755.15}{683,275.29,756.15}{684,275.63,757.15}{685,275.96,758.15}{686,276.31,759.15}{687,276.64,760.15}{688,276.97,761.15}{689,277.31,762.15}{690,277.64,763.15}{691,277.98,764.15}{692,278.31,765.15}{693,278.64,766.15}{694,278.98,767.15}{695,279.31,768.15}{696,279.64,769.15}{697,279.98,770.15}{698,280.31,771.15}{699,280.64,772.15}{700,280.98,773.15}{701,281.31,774.15}{702,281.64,775.15}{703,281.97,776.15}{704,282.31,777.15}{705,282.64,778.15}{706,282.97,779.15}{707,283.3,780.15}{708,283.63,781.15}{709,283.97,782.15}{710,284.3,783.15}{711,284.63,784.15}{712,284.96,785.15}{713,285.29,786.15}{714,285.62,787.15}{715,285.95,788.15}{716,286.3,789.15}{717,286.63,790.15}{718,286.96,791.15}{719,287.29,792.15}{720,287.62,793.15}{721,287.95,794.15}{722,288.28,795.15}{723,288.61,796.15}{724,288.94,797.15}{725,289.27,798.15}{726,289.6,799.15}{727,289.93,800.15}{728,290.26,801.15}{729,290.59,802.15}{730,290.92,803.15}{731,291.25,804.15}{732,291.58,805.15}{733,291.9,806.15}{734,292.23,807.15}{735,292.56,808.15}{736,292.9,809.15}{737,293.23,810.15}{738,293.56,811.15}{739,293.89,812.15}{740,294.21,813.15}{741,294.54,814.15}{742,294.87,815.15}{743,295.2,816.15}{744,295.53,817.15}{745,295.85,818.15}{746,296.18,819.15}{747,296.51,820.15}{748,296.84,821.15}{749,297.16,822.15}{750,297.49,823.15}{751,297.82,824.15}{752,298.14,825.15}{753,298.47,826.15}{754,298.8,827.15}{755,299.12,828.15}{756,299.45,829.15}{757,299.78,830.15}{758,300.1,831.15}{759,300.43,832.15}{760,300.75,833.15}{761,301.08,834.15}{762,301.41,835.15}{763,301.73,836.15}{764,302.06,837.15}{765,302.38,838.15}{766,302.71,839.15}{767,303.03,840.15}{768,303.36,841.15}{769,303.68,842.15}{770,304.01,843.15}{771,304.33,844.15}{772,304.66,845.15}{773,304.98,846.15}{774,305.3,847.15}{775,305.63,848.15}{776,305.95,849.15}{777,306.28,850.15}{778,306.6,851.15}{779,306.92,852.15}{780,307.25,853.15}{781,307.57,854.15}{782,307.89,855.15}{783,308.22,856.15}{784,308.54,857.15}{785,308.86,858.15}{786,309.19,859.15}{787,309.51,860.15}{788,309.83,861.15}{789,310.15,862.15}{790,310.48,863.15}{791,310.8,864.15}{792,311.12,865.15}{793,311.45,866.15}{794,311.78,867.15}{795,312.1,868.15}{796,312.43,869.15}{797,312.75,870.15}{798,313.07,871.15}{799,313.39,872.15}{800,313.71,873.15}{801,314.04,874.15}{802,314.36,875.15}{803,314.68,876.15}{804,315,877.15}{805,315.32,878.15}{806,315.64,879.15}{807,315.96,880.15}{808,316.28,881.15}{809,316.6,882.15}{810,316.92,883.15}{811,317.24,884.15}{812,317.56,885.15}{813,317.88,886.15}{814,318.2,887.15}{815,318.52,888.15}{816,318.85,889.15}{817,319.17,890.15}{818,319.49,891.15}{819,319.81,892.15}{820,320.12,893.15}{821,320.44,894.15}{822,320.76,895.15}{823,321.08,896.15}{824,321.4,897.15}{825,321.72,898.15}{826,322.03,899.15}{827,322.34,900.15}{828,322.66,901.15}{829,322.98,902.15}{830,323.3,903.15}{831,323.61,904.15}{832,323.93,905.15}{833,324.25,906.15}{834,324.57,907.15}{835,324.88,908.15}{836,325.21,909.15}{837,325.53,910.15}{838,325.85,911.15}{839,326.16,912.15}{840,326.48,913.15}{841,326.79,914.15}{842,327.11,915.15}{843,327.43,916.15}{844,327.74,917.15}{845,328.06,918.15}{846,328.38,919.15}{847,328.69,920.15}{848,329.01,921.15}{849,329.32,922.15}{850,329.64,923.15}{851,329.95,924.15}{852,330.27,925.15}{853,330.58,926.15}{854,330.9,927.15}{855,331.21,928.15}{856,331.53,929.15}{857,331.84,930.15}{858,332.16,931.15}{859,332.47,932.15}{860,332.79,933.15}{861,333.1,934.15}{862,333.41,935.15}{863,333.73,936.15}{864,334.04,937.15}{865,334.36,938.15}{866,334.68,939.15}{867,334.99,940.15}{868,335.31,941.15}{869,335.62,942.15}{870,335.93,943.15}{871,336.25,944.15}{872,336.56,945.15}{873,336.87,946.15}{874,337.18,947.15}{875,337.5,948.15}{876,337.81,949.15}{877,338.12,950.15}{878,338.43,951.15}{879,338.75,952.15}{880,339.06,953.15}{881,339.37,954.15}{882,339.68,955.15}{883,339.99,956.15}{884,340.3,957.15}{885,340.62,958.15}{886,340.94,959.15}{887,341.25,960.15}{888,341.55,961.15}{889,341.87,962.15}{890,342.18,963.15}{891,342.49,964.15}{892,342.8,965.15}{893,343.11,966.15}{894,343.42,967.15}{895,343.73,968.15}{896,344.04,969.15}{897,344.35,970.15}{898,344.66,971.15}{899,344.97,972.15}{900,345.28,973.15}{901,345.59,974.15}{902,345.9,975.15}{903,346.21,976.15}{904,346.52,977.15}{905,346.83,978.15}{906,347.15,979.15}{907,347.46,980.15}{908,347.76,981.15}{909,348.07,982.15}{910,348.38,983.15}{911,348.69,984.15}{912,349,985.15}{913,349.31,986.15}{914,349.61,987.15}{915,349.92,988.15}{916,350.23,989.15}{917,350.54,990.15}{918,350.85,991.15}{919,351.15,992.15}{920,351.46,993.15}{921,351.77,994.15}{922,352.07,995.15}{923,352.38,996.15}{924,352.69,997.15}{925,352.99,998.15}{926,353.3,999.15}{927,353.61,1000.15}{928,353.91,1001.15}{929,354.22,1002.15}{930,354.53,1003.15}{931,354.83,1004.15}{932,355.14,1005.15}{933,355.44,1006.15}{934,355.75,1007.15}{935,356.06,1008.15}{936,356.37,1009.15}{937,356.68,1010.15}{938,356.98,1011.15}{939,357.29,1012.15}{940,357.59,1013.15}{941,357.9,1014.15}{942,358.2,1015.15}{943,358.51,1016.15}{944,358.81,1017.15}{945,359.12,1018.15}{946,359.42,1019.15}{947,359.72,1020.15}{948,360.03,1021.15}{949,360.33,1022.15}{950,360.64,1023.15}{951,360.94,1024.15}{952,361.24,1025.15}{953,361.55,1026.15}{954,361.85,1027.15}{955,362.15,1028.15}{956,362.46,1029.15}{957,362.76,1030.15}{958,363.06,1031.15}{959,363.36,1032.15}{960,363.67,1033.15}{961,363.97,1034.15}{962,364.27,1035.15}{963,364.57,1036.15}{964,364.88,1037.15}{965,365.18,1038.15}{966,365.49,1039.15}{967,365.79,1040.15}{968,366.09,1041.15}{969,366.4,1042.15}{970,366.7,1043.15}{971,367,1044.15}{972,367.3,1045.15}{973,367.6,1046.15}{974,367.9,1047.15}{975,368.2,1048.15}{976,368.5,1049.15}{977,368.81,1050.15}{978,369.11,1051.15}{979,369.41,1052.15}{980,369.71,1053.15}{981,370.01,1054.15}{982,370.31,1055.15}{983,370.61,1056.15}{984,370.91,1057.15}{985,371.21,1058.15}{986,371.52,1059.15}{987,371.82,1060.15}{988,372.12,1061.15}{989,372.41,1062.15}{990,372.71,1063.15}{991,373.01,1064.15}{992,373.31,1065.15}{993,373.61,1066.15}{994,373.91,1067.15}{995,374.21,1068.15}{996,374.51,1069.15}{997,374.8,1070.15}{998,375.1,1071.15}{999,375.4,1072.15}{1000,375.7,1073.15}{1001,376,1074.15}{1002,376.29,1075.15}{1003,376.59,1076.15}{1004,376.89,1077.15}{1005,377.19,1078.15}{1006,377.49,1079.15}{1007,377.79,1080.15}{1008,378.09,1081.15}{1009,378.39,1082.15}{1010,378.68,1083.15}{1011,378.98,1084.15}{1012,379.28,1085.15}{1013,379.57,1086.15}{1014,379.87,1087.15}{1015,380.17,1088.15}{1016,380.46,1089.15}{1017,380.76,1090.15}{1018,381.05,1091.15}{1019,381.35,1092.15}{1020,381.65,1093.15}{1021,381.94,1094.15}{1022,382.24,1095.15}{1023,382.53,1096.15}{1024,382.83,1097.15}{1025,383.12,1098.15}{1026,383.42,1099.15}{1027,383.71,1100.15}{1028,384.01,1101.15}{1029,384.3,1102.15}{1030,384.6,1103.15}{1031,384.89,1104.15}{1032,385.18,1105.15}{1033,385.48,1106.15}{1034,385.77,1107.15}{1035,386.07,1108.15}{1036,386.37,1109.15}{1037,386.66,1110.15}{1038,386.96,1111.15}{1039,387.25,1112.15}{1040,387.55,1113.15}{1041,387.84,1114.15}{1042,388.13,1115.15}{1043,388.42,1116.15}{1044,388.72,1117.15}{1045,389.01,1118.15}{1046,389.31,1119.15}{1047,389.61,1120.15}{1048,389.9,1121.15}{1049,390.19,1122.15}{1050,390.48,1123.15}&quot;"/>
                                                        <instance name="dev01/Config/ch00001/Calibration_Sensor_Table_Type" order="2" value="0"/>
                                                        <instance name="dev03/Config/ch00009/Calibration_Sensor_Curve" order="0" value="&quot;{0,18.52,73.15}{1,18.96,74.15}{2,19.39,75.15}{3,19.82,76.15}{4,20.25,77.15}{5,20.68,78.15}{6,21.11,79.15}{7,21.54,80.15}{8,21.97,81.15}{9,22.4,82.15}{10,22.83,83.15}{11,23.26,84.15}{12,23.69,85.15}{13,24.12,86.15}{14,24.55,87.15}{15,24.97,88.15}{16,25.39,89.15}{17,25.82,90.15}{18,26.25,91.15}{19,26.67,92.15}{20,27.1,93.15}{21,27.52,94.15}{22,27.95,95.15}{23,28.37,96.15}{24,28.8,97.15}{25,29.22,98.15}{26,29.65,99.15}{27,30.07,100.15}{28,30.49,101.15}{29,30.92,102.15}{30,31.34,103.15}{31,31.76,104.15}{32,32.18,105.15}{33,32.61,106.15}{34,33.03,107.15}{35,33.45,108.15}{36,33.86,109.15}{37,34.28,110.15}{38,34.7,111.15}{39,35.12,112.15}{40,35.54,113.15}{41,35.96,114.15}{42,36.38,115.15}{43,36.8,116.15}{44,37.22,117.15}{45,37.63,118.15}{46,38.05,119.15}{47,38.47,120.15}{48,38.89,121.15}{49,39.31,122.15}{50,39.72,123.15}{51,40.14,124.15}{52,40.56,125.15}{53,40.97,126.15}{54,41.39,127.15}{55,41.8,128.15}{56,42.22,129.15}{57,42.64,130.15}{58,43.05,131.15}{59,43.46,132.15}{60,43.88,133.15}{61,44.29,134.15}{62,44.71,135.15}{63,45.12,136.15}{64,45.53,137.15}{65,45.95,138.15}{66,46.35,139.15}{67,46.76,140.15}{68,47.18,141.15}{69,47.59,142.15}{70,48,143.15}{71,48.41,144.15}{72,48.82,145.15}{73,49.23,146.15}{74,49.64,147.15}{75,50.06,148.15}{76,50.47,149.15}{77,50.88,150.15}{78,51.29,151.15}{79,51.7,152.15}{80,52.11,153.15}{81,52.52,154.15}{82,52.92,155.15}{83,53.33,156.15}{84,53.74,157.15}{85,54.15,158.15}{86,54.56,159.15}{87,54.97,160.15}{88,55.38,161.15}{89,55.78,162.15}{90,56.19,163.15}{91,56.6,164.15}{92,57,165.15}{93,57.41,166.15}{94,57.82,167.15}{95,58.22,168.15}{96,58.63,169.15}{97,59.04,170.15}{98,59.44,171.15}{99,59.85,172.15}{100,60.26,173.15}{101,60.67,174.15}{102,61.07,175.15}{103,61.48,176.15}{104,61.87,177.15}{105,62.29,178.15}{106,62.69,179.15}{107,63.1,180.15}{108,63.5,181.15}{109,63.91,182.15}{110,64.3,183.15}{111,64.7,184.15}{112,65.11,185.15}{113,65.51,186.15}{114,65.91,187.15}{115,66.31,188.15}{116,66.72,189.15}{117,67.12,190.15}{118,67.52,191.15}{119,67.92,192.15}{120,68.33,193.15}{121,68.73,194.15}{122,69.13,195.15}{123,69.53,196.15}{124,69.93,197.15}{125,70.33,198.15}{126,70.73,199.15}{127,71.13,200.15}{128,71.53,201.15}{129,71.93,202.15}{130,72.33,203.15}{131,72.73,204.15}{132,73.13,205.15}{133,73.53,206.15}{134,73.93,207.15}{135,74.33,208.15}{136,74.73,209.15}{137,75.13,210.15}{138,75.53,211.15}{139,75.93,212.15}{140,76.33,213.15}{141,76.73,214.15}{142,77.13,215.15}{143,77.52,216.15}{144,77.92,217.15}{145,78.32,218.15}{146,78.72,219.15}{147,79.11,220.15}{148,79.51,221.15}{149,79.91,222.15}{150,80.31,223.15}{151,80.7,224.15}{152,81.1,225.15}{153,81.5,226.15}{154,81.89,227.15}{155,82.29,228.15}{156,82.69,229.15}{157,83.08,230.15}{158,83.48,231.15}{159,83.88,232.15}{160,84.27,233.15}{161,84.67,234.15}{162,85.06,235.15}{163,85.46,236.15}{164,85.85,237.15}{165,86.25,238.15}{166,86.64,239.15}{167,87.04,240.15}{168,87.43,241.15}{169,87.83,242.15}{170,88.22,243.15}{171,88.62,244.15}{172,89.01,245.15}{173,89.4,246.15}{174,89.8,247.15}{175,90.19,248.15}{176,90.59,249.15}{177,90.98,250.15}{178,91.37,251.15}{179,91.77,252.15}{180,92.16,253.15}{181,92.55,254.15}{182,92.95,255.15}{183,93.34,256.15}{184,93.73,257.15}{185,94.12,258.15}{186,94.52,259.15}{187,94.91,260.15}{188,95.3,261.15}{189,95.69,262.15}{190,96.09,263.15}{191,96.48,264.15}{192,96.87,265.15}{193,97.26,266.15}{194,97.65,267.15}{195,98.04,268.15}{196,98.44,269.15}{197,98.83,270.15}{198,99.22,271.15}{199,99.61,272.15}{200,100,273.15}{201,100.39,274.15}{202,100.78,275.15}{203,101.17,276.15}{204,101.56,277.15}{205,101.95,278.15}{206,102.34,279.15}{207,102.73,280.15}{208,103.12,281.15}{209,103.51,282.15}{210,103.9,283.15}{211,104.29,284.15}{212,104.68,285.15}{213,105.07,286.15}{214,105.46,287.15}{215,105.85,288.15}{216,106.24,289.15}{217,106.63,290.15}{218,107.02,291.15}{219,107.4,292.15}{220,107.79,293.15}{221,108.18,294.15}{222,108.57,295.15}{223,108.96,296.15}{224,109.35,297.15}{225,109.73,298.15}{226,110.12,299.15}{227,110.51,300.15}{228,110.9,301.15}{229,111.28,302.15}{230,111.67,303.15}{231,112.06,304.15}{232,112.45,305.15}{233,112.83,306.15}{234,113.22,307.15}{235,113.61,308.15}{236,113.99,309.15}{237,114.38,310.15}{238,114.77,311.15}{239,115.15,312.15}{240,115.54,313.15}{241,115.93,314.15}{242,116.31,315.15}{243,116.7,316.15}{244,117.08,317.15}{245,117.47,318.15}{246,117.85,319.15}{247,118.24,320.15}{248,118.62,321.15}{249,119.01,322.15}{250,119.4,323.15}{251,119.78,324.15}{252,120.16,325.15}{253,120.55,326.15}{254,120.93,327.15}{255,121.32,328.15}{256,121.7,329.15}{257,122.09,330.15}{258,122.47,331.15}{259,122.86,332.15}{260,123.24,333.15}{261,123.62,334.15}{262,124.01,335.15}{263,124.39,336.15}{264,124.77,337.15}{265,125.17,338.15}{266,125.55,339.15}{267,125.93,340.15}{268,126.32,341.15}{269,126.7,342.15}{270,127.08,343.15}{271,127.46,344.15}{272,127.85,345.15}{273,128.23,346.15}{274,128.61,347.15}{275,128.99,348.15}{276,129.38,349.15}{277,129.76,350.15}{278,130.14,351.15}{279,130.52,352.15}{280,130.9,353.15}{281,131.28,354.15}{282,131.67,355.15}{283,132.05,356.15}{284,132.43,357.15}{285,132.81,358.15}{286,133.19,359.15}{287,133.57,360.15}{288,133.95,361.15}{289,134.33,362.15}{290,134.71,363.15}{291,135.09,364.15}{292,135.47,365.15}{293,135.85,366.15}{294,136.23,367.15}{295,136.61,368.15}{296,136.99,369.15}{297,137.37,370.15}{298,137.75,371.15}{299,138.13,372.15}{300,138.51,373.15}{301,138.89,374.15}{302,139.27,375.15}{303,139.65,376.15}{304,140.03,377.15}{305,140.39,378.15}{306,140.77,379.15}{307,141.15,380.15}{308,141.53,381.15}{309,141.91,382.15}{310,142.29,383.15}{311,142.66,384.15}{312,143.04,385.15}{313,143.42,386.15}{314,143.8,387.15}{315,144.18,388.15}{316,144.56,389.15}{317,144.94,390.15}{318,145.32,391.15}{319,145.69,392.15}{320,146.07,393.15}{321,146.45,394.15}{322,146.82,395.15}{323,147.2,396.15}{324,147.58,397.15}{325,147.95,398.15}{326,148.33,399.15}{327,148.71,400.15}{328,149.08,401.15}{329,149.46,402.15}{330,149.83,403.15}{331,150.21,404.15}{332,150.58,405.15}{333,150.96,406.15}{334,151.34,407.15}{335,151.71,408.15}{336,152.09,409.15}{337,152.46,410.15}{338,152.84,411.15}{339,153.21,412.15}{340,153.58,413.15}{341,153.95,414.15}{342,154.32,415.15}{343,154.71,416.15}{344,155.08,417.15}{345,155.46,418.15}{346,155.83,419.15}{347,156.21,420.15}{348,156.58,421.15}{349,156.96,422.15}{350,157.33,423.15}{351,157.71,424.15}{352,158.08,425.15}{353,158.45,426.15}{354,158.83,427.15}{355,159.2,428.15}{356,159.56,429.15}{357,159.94,430.15}{358,160.31,431.15}{359,160.68,432.15}{360,161.05,433.15}{361,161.43,434.15}{362,161.8,435.15}{363,162.17,436.15}{364,162.54,437.15}{365,162.91,438.15}{366,163.28,439.15}{367,163.66,440.15}{368,164.03,441.15}{369,164.4,442.15}{370,164.77,443.15}{371,165.14,444.15}{372,165.51,445.15}{373,165.88,446.15}{374,166.25,447.15}{375,166.62,448.15}{376,167,449.15}{377,167.37,450.15}{378,167.74,451.15}{379,168.11,452.15}{380,168.48,453.15}{381,168.85,454.15}{382,169.22,455.15}{383,169.59,456.15}{384,169.96,457.15}{385,170.33,458.15}{386,170.69,459.15}{387,171.06,460.15}{388,171.43,461.15}{389,171.8,462.15}{390,172.17,463.15}{391,172.54,464.15}{392,172.91,465.15}{393,173.27,466.15}{394,173.64,467.15}{395,174.01,468.15}{396,174.39,469.15}{397,174.75,470.15}{398,175.12,471.15}{399,175.49,472.15}{400,175.86,473.15}{401,176.23,474.15}{402,176.59,475.15}{403,176.96,476.15}{404,177.33,477.15}{405,177.7,478.15}{406,178.06,479.15}{407,178.43,480.15}{408,178.8,481.15}{409,179.16,482.15}{410,179.53,483.15}{411,179.9,484.15}{412,180.26,485.15}{413,180.63,486.15}{414,180.99,487.15}{415,181.36,488.15}{416,181.73,489.15}{417,182.09,490.15}{418,182.46,491.15}{419,182.82,492.15}{420,183.19,493.15}{421,183.55,494.15}{422,183.92,495.15}{423,184.28,496.15}{424,184.65,497.15}{425,185.01,498.15}{426,185.38,499.15}{427,185.74,500.15}{428,186.11,501.15}{429,186.47,502.15}{430,186.84,503.15}{431,187.2,504.15}{432,187.56,505.15}{433,187.93,506.15}{434,188.29,507.15}{435,188.65,508.15}{436,189.02,509.15}{437,189.38,510.15}{438,189.74,511.15}{439,190.11,512.15}{440,190.47,513.15}{441,190.83,514.15}{442,191.2,515.15}{443,191.56,516.15}{444,191.92,517.15}{445,192.28,518.15}{446,192.66,519.15}{447,193.02,520.15}{448,193.38,521.15}{449,193.74,522.15}{450,194.1,523.15}{451,194.47,524.15}{452,194.83,525.15}{453,195.19,526.15}{454,195.55,527.15}{455,195.9,528.15}{456,196.26,529.15}{457,196.62,530.15}{458,196.98,531.15}{459,197.35,532.15}{460,197.71,533.15}{461,198.07,534.15}{462,198.43,535.15}{463,198.79,536.15}{464,199.15,537.15}{465,199.51,538.15}{466,199.87,539.15}{467,200.23,540.15}{468,200.59,541.15}{469,200.95,542.15}{470,201.31,543.15}{471,201.67,544.15}{472,202.03,545.15}{473,202.38,546.15}{474,202.74,547.15}{475,203.1,548.15}{476,203.46,549.15}{477,203.82,550.15}{478,204.18,551.15}{479,204.54,552.15}{480,204.9,553.15}{481,205.25,554.15}{482,205.61,555.15}{483,205.97,556.15}{484,206.33,557.15}{485,206.7,558.15}{486,207.05,559.15}{487,207.41,560.15}{488,207.77,561.15}{489,208.13,562.15}{490,208.48,563.15}{491,208.84,564.15}{492,209.2,565.15}{493,209.55,566.15}{494,209.91,567.15}{495,210.27,568.15}{496,210.62,569.15}{497,210.98,570.15}{498,211.34,571.15}{499,211.69,572.15}{500,212.05,573.15}{501,212.4,574.15}{502,212.76,575.15}{503,213.12,576.15}{504,213.47,577.15}{505,213.83,578.15}{506,214.19,579.15}{507,214.55,580.15}{508,214.9,581.15}{509,215.26,582.15}{510,215.61,583.15}{511,215.97,584.15}{512,216.32,585.15}{513,216.68,586.15}{514,217.03,587.15}{515,217.39,588.15}{516,217.73,589.15}{517,218.08,590.15}{518,218.44,591.15}{519,218.79,592.15}{520,219.15,593.15}{521,219.5,594.15}{522,219.85,595.15}{523,220.21,596.15}{524,220.56,597.15}{525,220.91,598.15}{526,221.27,599.15}{527,221.62,600.15}{528,221.97,601.15}{529,222.32,602.15}{530,222.68,603.15}{531,223.03,604.15}{532,223.38,605.15}{533,223.73,606.15}{534,224.09,607.15}{535,224.45,608.15}{536,224.8,609.15}{537,225.15,610.15}{538,225.5,611.15}{539,225.85,612.15}{540,226.21,613.15}{541,226.56,614.15}{542,226.91,615.15}{543,227.26,616.15}{544,227.61,617.15}{545,227.96,618.15}{546,228.31,619.15}{547,228.66,620.15}{548,229.01,621.15}{549,229.36,622.15}{550,229.72,623.15}{551,230.07,624.15}{552,230.42,625.15}{553,230.77,626.15}{554,231.12,627.15}{555,231.47,628.15}{556,231.81,629.15}{557,232.16,630.15}{558,232.51,631.15}{559,232.86,632.15}{560,233.21,633.15}{561,233.56,634.15}{562,233.91,635.15}{563,234.26,636.15}{564,234.6,637.15}{565,234.95,638.15}{566,235.3,639.15}{567,235.65,640.15}{568,236,641.15}{569,236.35,642.15}{570,236.7,643.15}{571,237.05,644.15}{572,237.4,645.15}{573,237.75,646.15}{574,238.09,647.15}{575,238.44,648.15}{576,238.79,649.15}{577,239.14,650.15}{578,239.48,651.15}{579,239.83,652.15}{580,240.18,653.15}{581,240.52,654.15}{582,240.87,655.15}{583,241.22,656.15}{584,241.56,657.15}{585,241.91,658.15}{586,242.25,659.15}{587,242.6,660.15}{588,242.95,661.15}{589,243.29,662.15}{590,243.64,663.15}{591,243.98,664.15}{592,244.33,665.15}{593,244.67,666.15}{594,245.02,667.15}{595,245.36,668.15}{596,245.71,669.15}{597,246.05,670.15}{598,246.4,671.15}{599,246.74,672.15}{600,247.09,673.15}{601,247.43,674.15}{602,247.78,675.15}{603,248.12,676.15}{604,248.46,677.15}{605,248.81,678.15}{606,249.15,679.15}{607,249.5,680.15}{608,249.84,681.15}{609,250.18,682.15}{610,250.53,683.15}{611,250.89,684.15}{612,251.21,685.15}{613,251.55,686.15}{614,251.9,687.15}{615,252.24,688.15}{616,252.59,689.15}{617,252.94,690.15}{618,253.28,691.15}{619,253.62,692.15}{620,253.96,693.15}{621,254.3,694.15}{622,254.65,695.15}{623,254.99,696.15}{624,255.33,697.15}{625,255.67,698.15}{626,256.01,699.15}{627,256.35,700.15}{628,256.7,701.15}{629,257.04,702.15}{630,257.38,703.15}{631,257.72,704.15}{632,258.06,705.15}{633,258.4,706.15}{634,258.74,707.15}{635,259.08,708.15}{636,259.42,709.15}{637,259.76,710.15}{638,260.1,711.15}{639,260.44,712.15}{640,260.78,713.15}{641,261.12,714.15}{642,261.46,715.15}{643,261.8,716.15}{644,262.14,717.15}{645,262.48,718.15}{646,262.83,719.15}{647,263.17,720.15}{648,263.5,721.15}{649,263.84,722.15}{650,264.18,723.15}{651,264.52,724.15}{652,264.86,725.15}{653,265.2,726.15}{654,265.54,727.15}{655,265.87,728.15}{656,266.21,729.15}{657,266.55,730.15}{658,266.89,731.15}{659,267.22,732.15}{660,267.56,733.15}{661,267.9,734.15}{662,268.24,735.15}{663,268.57,736.15}{664,268.91,737.15}{665,269.25,738.15}{666,269.58,739.15}{667,269.92,740.15}{668,270.26,741.15}{669,270.59,742.15}{670,270.93,743.15}{671,271.27,744.15}{672,271.6,745.15}{673,271.94,746.15}{674,272.27,747.15}{675,272.61,748.15}{676,272.95,749.15}{677,273.28,750.15}{678,273.62,751.15}{679,273.95,752.15}{680,274.29,753.15}{681,274.62,754.15}{682,274.96,755.15}{683,275.29,756.15}{684,275.63,757.15}{685,275.96,758.15}{686,276.31,759.15}{687,276.64,760.15}{688,276.97,761.15}{689,277.31,762.15}{690,277.64,763.15}{691,277.98,764.15}{692,278.31,765.15}{693,278.64,766.15}{694,278.98,767.15}{695,279.31,768.15}{696,279.64,769.15}{697,279.98,770.15}{698,280.31,771.15}{699,280.64,772.15}{700,280.98,773.15}{701,281.31,774.15}{702,281.64,775.15}{703,281.97,776.15}{704,282.31,777.15}{705,282.64,778.15}{706,282.97,779.15}{707,283.3,780.15}{708,283.63,781.15}{709,283.97,782.15}{710,284.3,783.15}{711,284.63,784.15}{712,284.96,785.15}{713,285.29,786.15}{714,285.62,787.15}{715,285.95,788.15}{716,286.3,789.15}{717,286.63,790.15}{718,286.96,791.15}{719,287.29,792.15}{720,287.62,793.15}{721,287.95,794.15}{722,288.28,795.15}{723,288.61,796.15}{724,288.94,797.15}{725,289.27,798.15}{726,289.6,799.15}{727,289.93,800.15}{728,290.26,801.15}{729,290.59,802.15}{730,290.92,803.15}{731,291.25,804.15}{732,291.58,805.15}{733,291.9,806.15}{734,292.23,807.15}{735,292.56,808.15}{736,292.9,809.15}{737,293.23,810.15}{738,293.56,811.15}{739,293.89,812.15}{740,294.21,813.15}{741,294.54,814.15}{742,294.87,815.15}{743,295.2,816.15}{744,295.53,817.15}{745,295.85,818.15}{746,296.18,819.15}{747,296.51,820.15}{748,296.84,821.15}{749,297.16,822.15}{750,297.49,823.15}{751,297.82,824.15}{752,298.14,825.15}{753,298.47,826.15}{754,298.8,827.15}{755,299.12,828.15}{756,299.45,829.15}{757,299.78,830.15}{758,300.1,831.15}{759,300.43,832.15}{760,300.75,833.15}{761,301.08,834.15}{762,301.41,835.15}{763,301.73,836.15}{764,302.06,837.15}{765,302.38,838.15}{766,302.71,839.15}{767,303.03,840.15}{768,303.36,841.15}{769,303.68,842.15}{770,304.01,843.15}{771,304.33,844.15}{772,304.66,845.15}{773,304.98,846.15}{774,305.3,847.15}{775,305.63,848.15}{776,305.95,849.15}{777,306.28,850.15}{778,306.6,851.15}{779,306.92,852.15}{780,307.25,853.15}{781,307.57,854.15}{782,307.89,855.15}{783,308.22,856.15}{784,308.54,857.15}{785,308.86,858.15}{786,309.19,859.15}{787,309.51,860.15}{788,309.83,861.15}{789,310.15,862.15}{790,310.48,863.15}{791,310.8,864.15}{792,311.12,865.15}{793,311.45,866.15}{794,311.78,867.15}{795,312.1,868.15}{796,312.43,869.15}{797,312.75,870.15}{798,313.07,871.15}{799,313.39,872.15}{800,313.71,873.15}{801,314.04,874.15}{802,314.36,875.15}{803,314.68,876.15}{804,315,877.15}{805,315.32,878.15}{806,315.64,879.15}{807,315.96,880.15}{808,316.28,881.15}{809,316.6,882.15}{810,316.92,883.15}{811,317.24,884.15}{812,317.56,885.15}{813,317.88,886.15}{814,318.2,887.15}{815,318.52,888.15}{816,318.85,889.15}{817,319.17,890.15}{818,319.49,891.15}{819,319.81,892.15}{820,320.12,893.15}{821,320.44,894.15}{822,320.76,895.15}{823,321.08,896.15}{824,321.4,897.15}{825,321.72,898.15}{826,322.03,899.15}{827,322.34,900.15}{828,322.66,901.15}{829,322.98,902.15}{830,323.3,903.15}{831,323.61,904.15}{832,323.93,905.15}{833,324.25,906.15}{834,324.57,907.15}{835,324.88,908.15}{836,325.21,909.15}{837,325.53,910.15}{838,325.85,911.15}{839,326.16,912.15}{840,326.48,913.15}{841,326.79,914.15}{842,327.11,915.15}{843,327.43,916.15}{844,327.74,917.15}{845,328.06,918.15}{846,328.38,919.15}{847,328.69,920.15}{848,329.01,921.15}{849,329.32,922.15}{850,329.64,923.15}{851,329.95,924.15}{852,330.27,925.15}{853,330.58,926.15}{854,330.9,927.15}{855,331.21,928.15}{856,331.53,929.15}{857,331.84,930.15}{858,332.16,931.15}{859,332.47,932.15}{860,332.79,933.15}{861,333.1,934.15}{862,333.41,935.15}{863,333.73,936.15}{864,334.04,937.15}{865,334.36,938.15}{866,334.68,939.15}{867,334.99,940.15}{868,335.31,941.15}{869,335.62,942.15}{870,335.93,943.15}{871,336.25,944.15}{872,336.56,945.15}{873,336.87,946.15}{874,337.18,947.15}{875,337.5,948.15}{876,337.81,949.15}{877,338.12,950.15}{878,338.43,951.15}{879,338.75,952.15}{880,339.06,953.15}{881,339.37,954.15}{882,339.68,955.15}{883,339.99,956.15}{884,340.3,957.15}{885,340.62,958.15}{886,340.94,959.15}{887,341.25,960.15}{888,341.55,961.15}{889,341.87,962.15}{890,342.18,963.15}{891,342.49,964.15}{892,342.8,965.15}{893,343.11,966.15}{894,343.42,967.15}{895,343.73,968.15}{896,344.04,969.15}{897,344.35,970.15}{898,344.66,971.15}{899,344.97,972.15}{900,345.28,973.15}{901,345.59,974.15}{902,345.9,975.15}{903,346.21,976.15}{904,346.52,977.15}{905,346.83,978.15}{906,347.15,979.15}{907,347.46,980.15}{908,347.76,981.15}{909,348.07,982.15}{910,348.38,983.15}{911,348.69,984.15}{912,349,985.15}{913,349.31,986.15}{914,349.61,987.15}{915,349.92,988.15}{916,350.23,989.15}{917,350.54,990.15}{918,350.85,991.15}{919,351.15,992.15}{920,351.46,993.15}{921,351.77,994.15}{922,352.07,995.15}{923,352.38,996.15}{924,352.69,997.15}{925,352.99,998.15}{926,353.3,999.15}{927,353.61,1000.15}{928,353.91,1001.15}{929,354.22,1002.15}{930,354.53,1003.15}{931,354.83,1004.15}{932,355.14,1005.15}{933,355.44,1006.15}{934,355.75,1007.15}{935,356.06,1008.15}{936,356.37,1009.15}{937,356.68,1010.15}{938,356.98,1011.15}{939,357.29,1012.15}{940,357.59,1013.15}{941,357.9,1014.15}{942,358.2,1015.15}{943,358.51,1016.15}{944,358.81,1017.15}{945,359.12,1018.15}{946,359.42,1019.15}{947,359.72,1020.15}{948,360.03,1021.15}{949,360.33,1022.15}{950,360.64,1023.15}{951,360.94,1024.15}{952,361.24,1025.15}{953,361.55,1026.15}{954,361.85,1027.15}{955,362.15,1028.15}{956,362.46,1029.15}{957,362.76,1030.15}{958,363.06,1031.15}{959,363.36,1032.15}{960,363.67,1033.15}{961,363.97,1034.15}{962,364.27,1035.15}{963,364.57,1036.15}{964,364.88,1037.15}{965,365.18,1038.15}{966,365.49,1039.15}{967,365.79,1040.15}{968,366.09,1041.15}{969,366.4,1042.15}{970,366.7,1043.15}{971,367,1044.15}{972,367.3,1045.15}{973,367.6,1046.15}{974,367.9,1047.15}{975,368.2,1048.15}{976,368.5,1049.15}{977,368.81,1050.15}{978,369.11,1051.15}{979,369.41,1052.15}{980,369.71,1053.15}{981,370.01,1054.15}{982,370.31,1055.15}{983,370.61,1056.15}{984,370.91,1057.15}{985,371.21,1058.15}{986,371.52,1059.15}{987,371.82,1060.15}{988,372.12,1061.15}{989,372.41,1062.15}{990,372.71,1063.15}{991,373.01,1064.15}{992,373.31,1065.15}{993,373.61,1066.15}{994,373.91,1067.15}{995,374.21,1068.15}{996,374.51,1069.15}{997,374.8,1070.15}{998,375.1,1071.15}{999,375.4,1072.15}{1000,375.7,1073.15}{1001,376,1074.15}{1002,376.29,1075.15}{1003,376.59,1076.15}{1004,376.89,1077.15}{1005,377.19,1078.15}{1006,377.49,1079.15}{1007,377.79,1080.15}{1008,378.09,1081.15}{1009,378.39,1082.15}{1010,378.68,1083.15}{1011,378.98,1084.15}{1012,379.28,1085.15}{1013,379.57,1086.15}{1014,379.87,1087.15}{1015,380.17,1088.15}{1016,380.46,1089.15}{1017,380.76,1090.15}{1018,381.05,1091.15}{1019,381.35,1092.15}{1020,381.65,1093.15}{1021,381.94,1094.15}{1022,382.24,1095.15}{1023,382.53,1096.15}{1024,382.83,1097.15}{1025,383.12,1098.15}{1026,383.42,1099.15}{1027,383.71,1100.15}{1028,384.01,1101.15}{1029,384.3,1102.15}{1030,384.6,1103.15}{1031,384.89,1104.15}{1032,385.18,1105.15}{1033,385.48,1106.15}{1034,385.77,1107.15}{1035,386.07,1108.15}{1036,386.37,1109.15}{1037,386.66,1110.15}{1038,386.96,1111.15}{1039,387.25,1112.15}{1040,387.55,1113.15}{1041,387.84,1114.15}{1042,388.13,1115.15}{1043,388.42,1116.15}{1044,388.72,1117.15}{1045,389.01,1118.15}{1046,389.31,1119.15}{1047,389.61,1120.15}{1048,389.9,1121.15}{1049,390.19,1122.15}{1050,390.48,1123.15}&quot;"/>
                                                        <instance name="dev01/Config/ch00011/Calibration_Sensor_Name" order="0" value="CalSensor11"/>
                                                        <instance name="dev01/Config/ch00004/Maximum_Range" order="0" value="24"/>
                                                        <instance name="dev03/Config/ch00010/Calibration_Sensor_Curve" order="0" value="&quot;{0,18.52,73.15}{1,18.96,74.15}{2,19.39,75.15}{3,19.82,76.15}{4,20.25,77.15}{5,20.68,78.15}{6,21.11,79.15}{7,21.54,80.15}{8,21.97,81.15}{9,22.4,82.15}{10,22.83,83.15}{11,23.26,84.15}{12,23.69,85.15}{13,24.12,86.15}{14,24.55,87.15}{15,24.97,88.15}{16,25.39,89.15}{17,25.82,90.15}{18,26.25,91.15}{19,26.67,92.15}{20,27.1,93.15}{21,27.52,94.15}{22,27.95,95.15}{23,28.37,96.15}{24,28.8,97.15}{25,29.22,98.15}{26,29.65,99.15}{27,30.07,100.15}{28,30.49,101.15}{29,30.92,102.15}{30,31.34,103.15}{31,31.76,104.15}{32,32.18,105.15}{33,32.61,106.15}{34,33.03,107.15}{35,33.45,108.15}{36,33.86,109.15}{37,34.28,110.15}{38,34.7,111.15}{39,35.12,112.15}{40,35.54,113.15}{41,35.96,114.15}{42,36.38,115.15}{43,36.8,116.15}{44,37.22,117.15}{45,37.63,118.15}{46,38.05,119.15}{47,38.47,120.15}{48,38.89,121.15}{49,39.31,122.15}{50,39.72,123.15}{51,40.14,124.15}{52,40.56,125.15}{53,40.97,126.15}{54,41.39,127.15}{55,41.8,128.15}{56,42.22,129.15}{57,42.64,130.15}{58,43.05,131.15}{59,43.46,132.15}{60,43.88,133.15}{61,44.29,134.15}{62,44.71,135.15}{63,45.12,136.15}{64,45.53,137.15}{65,45.95,138.15}{66,46.35,139.15}{67,46.76,140.15}{68,47.18,141.15}{69,47.59,142.15}{70,48,143.15}{71,48.41,144.15}{72,48.82,145.15}{73,49.23,146.15}{74,49.64,147.15}{75,50.06,148.15}{76,50.47,149.15}{77,50.88,150.15}{78,51.29,151.15}{79,51.7,152.15}{80,52.11,153.15}{81,52.52,154.15}{82,52.92,155.15}{83,53.33,156.15}{84,53.74,157.15}{85,54.15,158.15}{86,54.56,159.15}{87,54.97,160.15}{88,55.38,161.15}{89,55.78,162.15}{90,56.19,163.15}{91,56.6,164.15}{92,57,165.15}{93,57.41,166.15}{94,57.82,167.15}{95,58.22,168.15}{96,58.63,169.15}{97,59.04,170.15}{98,59.44,171.15}{99,59.85,172.15}{100,60.26,173.15}{101,60.67,174.15}{102,61.07,175.15}{103,61.48,176.15}{104,61.87,177.15}{105,62.29,178.15}{106,62.69,179.15}{107,63.1,180.15}{108,63.5,181.15}{109,63.91,182.15}{110,64.3,183.15}{111,64.7,184.15}{112,65.11,185.15}{113,65.51,186.15}{114,65.91,187.15}{115,66.31,188.15}{116,66.72,189.15}{117,67.12,190.15}{118,67.52,191.15}{119,67.92,192.15}{120,68.33,193.15}{121,68.73,194.15}{122,69.13,195.15}{123,69.53,196.15}{124,69.93,197.15}{125,70.33,198.15}{126,70.73,199.15}{127,71.13,200.15}{128,71.53,201.15}{129,71.93,202.15}{130,72.33,203.15}{131,72.73,204.15}{132,73.13,205.15}{133,73.53,206.15}{134,73.93,207.15}{135,74.33,208.15}{136,74.73,209.15}{137,75.13,210.15}{138,75.53,211.15}{139,75.93,212.15}{140,76.33,213.15}{141,76.73,214.15}{142,77.13,215.15}{143,77.52,216.15}{144,77.92,217.15}{145,78.32,218.15}{146,78.72,219.15}{147,79.11,220.15}{148,79.51,221.15}{149,79.91,222.15}{150,80.31,223.15}{151,80.7,224.15}{152,81.1,225.15}{153,81.5,226.15}{154,81.89,227.15}{155,82.29,228.15}{156,82.69,229.15}{157,83.08,230.15}{158,83.48,231.15}{159,83.88,232.15}{160,84.27,233.15}{161,84.67,234.15}{162,85.06,235.15}{163,85.46,236.15}{164,85.85,237.15}{165,86.25,238.15}{166,86.64,239.15}{167,87.04,240.15}{168,87.43,241.15}{169,87.83,242.15}{170,88.22,243.15}{171,88.62,244.15}{172,89.01,245.15}{173,89.4,246.15}{174,89.8,247.15}{175,90.19,248.15}{176,90.59,249.15}{177,90.98,250.15}{178,91.37,251.15}{179,91.77,252.15}{180,92.16,253.15}{181,92.55,254.15}{182,92.95,255.15}{183,93.34,256.15}{184,93.73,257.15}{185,94.12,258.15}{186,94.52,259.15}{187,94.91,260.15}{188,95.3,261.15}{189,95.69,262.15}{190,96.09,263.15}{191,96.48,264.15}{192,96.87,265.15}{193,97.26,266.15}{194,97.65,267.15}{195,98.04,268.15}{196,98.44,269.15}{197,98.83,270.15}{198,99.22,271.15}{199,99.61,272.15}{200,100,273.15}{201,100.39,274.15}{202,100.78,275.15}{203,101.17,276.15}{204,101.56,277.15}{205,101.95,278.15}{206,102.34,279.15}{207,102.73,280.15}{208,103.12,281.15}{209,103.51,282.15}{210,103.9,283.15}{211,104.29,284.15}{212,104.68,285.15}{213,105.07,286.15}{214,105.46,287.15}{215,105.85,288.15}{216,106.24,289.15}{217,106.63,290.15}{218,107.02,291.15}{219,107.4,292.15}{220,107.79,293.15}{221,108.18,294.15}{222,108.57,295.15}{223,108.96,296.15}{224,109.35,297.15}{225,109.73,298.15}{226,110.12,299.15}{227,110.51,300.15}{228,110.9,301.15}{229,111.28,302.15}{230,111.67,303.15}{231,112.06,304.15}{232,112.45,305.15}{233,112.83,306.15}{234,113.22,307.15}{235,113.61,308.15}{236,113.99,309.15}{237,114.38,310.15}{238,114.77,311.15}{239,115.15,312.15}{240,115.54,313.15}{241,115.93,314.15}{242,116.31,315.15}{243,116.7,316.15}{244,117.08,317.15}{245,117.47,318.15}{246,117.85,319.15}{247,118.24,320.15}{248,118.62,321.15}{249,119.01,322.15}{250,119.4,323.15}{251,119.78,324.15}{252,120.16,325.15}{253,120.55,326.15}{254,120.93,327.15}{255,121.32,328.15}{256,121.7,329.15}{257,122.09,330.15}{258,122.47,331.15}{259,122.86,332.15}{260,123.24,333.15}{261,123.62,334.15}{262,124.01,335.15}{263,124.39,336.15}{264,124.77,337.15}{265,125.17,338.15}{266,125.55,339.15}{267,125.93,340.15}{268,126.32,341.15}{269,126.7,342.15}{270,127.08,343.15}{271,127.46,344.15}{272,127.85,345.15}{273,128.23,346.15}{274,128.61,347.15}{275,128.99,348.15}{276,129.38,349.15}{277,129.76,350.15}{278,130.14,351.15}{279,130.52,352.15}{280,130.9,353.15}{281,131.28,354.15}{282,131.67,355.15}{283,132.05,356.15}{284,132.43,357.15}{285,132.81,358.15}{286,133.19,359.15}{287,133.57,360.15}{288,133.95,361.15}{289,134.33,362.15}{290,134.71,363.15}{291,135.09,364.15}{292,135.47,365.15}{293,135.85,366.15}{294,136.23,367.15}{295,136.61,368.15}{296,136.99,369.15}{297,137.37,370.15}{298,137.75,371.15}{299,138.13,372.15}{300,138.51,373.15}{301,138.89,374.15}{302,139.27,375.15}{303,139.65,376.15}{304,140.03,377.15}{305,140.39,378.15}{306,140.77,379.15}{307,141.15,380.15}{308,141.53,381.15}{309,141.91,382.15}{310,142.29,383.15}{311,142.66,384.15}{312,143.04,385.15}{313,143.42,386.15}{314,143.8,387.15}{315,144.18,388.15}{316,144.56,389.15}{317,144.94,390.15}{318,145.32,391.15}{319,145.69,392.15}{320,146.07,393.15}{321,146.45,394.15}{322,146.82,395.15}{323,147.2,396.15}{324,147.58,397.15}{325,147.95,398.15}{326,148.33,399.15}{327,148.71,400.15}{328,149.08,401.15}{329,149.46,402.15}{330,149.83,403.15}{331,150.21,404.15}{332,150.58,405.15}{333,150.96,406.15}{334,151.34,407.15}{335,151.71,408.15}{336,152.09,409.15}{337,152.46,410.15}{338,152.84,411.15}{339,153.21,412.15}{340,153.58,413.15}{341,153.95,414.15}{342,154.32,415.15}{343,154.71,416.15}{344,155.08,417.15}{345,155.46,418.15}{346,155.83,419.15}{347,156.21,420.15}{348,156.58,421.15}{349,156.96,422.15}{350,157.33,423.15}{351,157.71,424.15}{352,158.08,425.15}{353,158.45,426.15}{354,158.83,427.15}{355,159.2,428.15}{356,159.56,429.15}{357,159.94,430.15}{358,160.31,431.15}{359,160.68,432.15}{360,161.05,433.15}{361,161.43,434.15}{362,161.8,435.15}{363,162.17,436.15}{364,162.54,437.15}{365,162.91,438.15}{366,163.28,439.15}{367,163.66,440.15}{368,164.03,441.15}{369,164.4,442.15}{370,164.77,443.15}{371,165.14,444.15}{372,165.51,445.15}{373,165.88,446.15}{374,166.25,447.15}{375,166.62,448.15}{376,167,449.15}{377,167.37,450.15}{378,167.74,451.15}{379,168.11,452.15}{380,168.48,453.15}{381,168.85,454.15}{382,169.22,455.15}{383,169.59,456.15}{384,169.96,457.15}{385,170.33,458.15}{386,170.69,459.15}{387,171.06,460.15}{388,171.43,461.15}{389,171.8,462.15}{390,172.17,463.15}{391,172.54,464.15}{392,172.91,465.15}{393,173.27,466.15}{394,173.64,467.15}{395,174.01,468.15}{396,174.39,469.15}{397,174.75,470.15}{398,175.12,471.15}{399,175.49,472.15}{400,175.86,473.15}{401,176.23,474.15}{402,176.59,475.15}{403,176.96,476.15}{404,177.33,477.15}{405,177.7,478.15}{406,178.06,479.15}{407,178.43,480.15}{408,178.8,481.15}{409,179.16,482.15}{410,179.53,483.15}{411,179.9,484.15}{412,180.26,485.15}{413,180.63,486.15}{414,180.99,487.15}{415,181.36,488.15}{416,181.73,489.15}{417,182.09,490.15}{418,182.46,491.15}{419,182.82,492.15}{420,183.19,493.15}{421,183.55,494.15}{422,183.92,495.15}{423,184.28,496.15}{424,184.65,497.15}{425,185.01,498.15}{426,185.38,499.15}{427,185.74,500.15}{428,186.11,501.15}{429,186.47,502.15}{430,186.84,503.15}{431,187.2,504.15}{432,187.56,505.15}{433,187.93,506.15}{434,188.29,507.15}{435,188.65,508.15}{436,189.02,509.15}{437,189.38,510.15}{438,189.74,511.15}{439,190.11,512.15}{440,190.47,513.15}{441,190.83,514.15}{442,191.2,515.15}{443,191.56,516.15}{444,191.92,517.15}{445,192.28,518.15}{446,192.66,519.15}{447,193.02,520.15}{448,193.38,521.15}{449,193.74,522.15}{450,194.1,523.15}{451,194.47,524.15}{452,194.83,525.15}{453,195.19,526.15}{454,195.55,527.15}{455,195.9,528.15}{456,196.26,529.15}{457,196.62,530.15}{458,196.98,531.15}{459,197.35,532.15}{460,197.71,533.15}{461,198.07,534.15}{462,198.43,535.15}{463,198.79,536.15}{464,199.15,537.15}{465,199.51,538.15}{466,199.87,539.15}{467,200.23,540.15}{468,200.59,541.15}{469,200.95,542.15}{470,201.31,543.15}{471,201.67,544.15}{472,202.03,545.15}{473,202.38,546.15}{474,202.74,547.15}{475,203.1,548.15}{476,203.46,549.15}{477,203.82,550.15}{478,204.18,551.15}{479,204.54,552.15}{480,204.9,553.15}{481,205.25,554.15}{482,205.61,555.15}{483,205.97,556.15}{484,206.33,557.15}{485,206.7,558.15}{486,207.05,559.15}{487,207.41,560.15}{488,207.77,561.15}{489,208.13,562.15}{490,208.48,563.15}{491,208.84,564.15}{492,209.2,565.15}{493,209.55,566.15}{494,209.91,567.15}{495,210.27,568.15}{496,210.62,569.15}{497,210.98,570.15}{498,211.34,571.15}{499,211.69,572.15}{500,212.05,573.15}{501,212.4,574.15}{502,212.76,575.15}{503,213.12,576.15}{504,213.47,577.15}{505,213.83,578.15}{506,214.19,579.15}{507,214.55,580.15}{508,214.9,581.15}{509,215.26,582.15}{510,215.61,583.15}{511,215.97,584.15}{512,216.32,585.15}{513,216.68,586.15}{514,217.03,587.15}{515,217.39,588.15}{516,217.73,589.15}{517,218.08,590.15}{518,218.44,591.15}{519,218.79,592.15}{520,219.15,593.15}{521,219.5,594.15}{522,219.85,595.15}{523,220.21,596.15}{524,220.56,597.15}{525,220.91,598.15}{526,221.27,599.15}{527,221.62,600.15}{528,221.97,601.15}{529,222.32,602.15}{530,222.68,603.15}{531,223.03,604.15}{532,223.38,605.15}{533,223.73,606.15}{534,224.09,607.15}{535,224.45,608.15}{536,224.8,609.15}{537,225.15,610.15}{538,225.5,611.15}{539,225.85,612.15}{540,226.21,613.15}{541,226.56,614.15}{542,226.91,615.15}{543,227.26,616.15}{544,227.61,617.15}{545,227.96,618.15}{546,228.31,619.15}{547,228.66,620.15}{548,229.01,621.15}{549,229.36,622.15}{550,229.72,623.15}{551,230.07,624.15}{552,230.42,625.15}{553,230.77,626.15}{554,231.12,627.15}{555,231.47,628.15}{556,231.81,629.15}{557,232.16,630.15}{558,232.51,631.15}{559,232.86,632.15}{560,233.21,633.15}{561,233.56,634.15}{562,233.91,635.15}{563,234.26,636.15}{564,234.6,637.15}{565,234.95,638.15}{566,235.3,639.15}{567,235.65,640.15}{568,236,641.15}{569,236.35,642.15}{570,236.7,643.15}{571,237.05,644.15}{572,237.4,645.15}{573,237.75,646.15}{574,238.09,647.15}{575,238.44,648.15}{576,238.79,649.15}{577,239.14,650.15}{578,239.48,651.15}{579,239.83,652.15}{580,240.18,653.15}{581,240.52,654.15}{582,240.87,655.15}{583,241.22,656.15}{584,241.56,657.15}{585,241.91,658.15}{586,242.25,659.15}{587,242.6,660.15}{588,242.95,661.15}{589,243.29,662.15}{590,243.64,663.15}{591,243.98,664.15}{592,244.33,665.15}{593,244.67,666.15}{594,245.02,667.15}{595,245.36,668.15}{596,245.71,669.15}{597,246.05,670.15}{598,246.4,671.15}{599,246.74,672.15}{600,247.09,673.15}{601,247.43,674.15}{602,247.78,675.15}{603,248.12,676.15}{604,248.46,677.15}{605,248.81,678.15}{606,249.15,679.15}{607,249.5,680.15}{608,249.84,681.15}{609,250.18,682.15}{610,250.53,683.15}{611,250.89,684.15}{612,251.21,685.15}{613,251.55,686.15}{614,251.9,687.15}{615,252.24,688.15}{616,252.59,689.15}{617,252.94,690.15}{618,253.28,691.15}{619,253.62,692.15}{620,253.96,693.15}{621,254.3,694.15}{622,254.65,695.15}{623,254.99,696.15}{624,255.33,697.15}{625,255.67,698.15}{626,256.01,699.15}{627,256.35,700.15}{628,256.7,701.15}{629,257.04,702.15}{630,257.38,703.15}{631,257.72,704.15}{632,258.06,705.15}{633,258.4,706.15}{634,258.74,707.15}{635,259.08,708.15}{636,259.42,709.15}{637,259.76,710.15}{638,260.1,711.15}{639,260.44,712.15}{640,260.78,713.15}{641,261.12,714.15}{642,261.46,715.15}{643,261.8,716.15}{644,262.14,717.15}{645,262.48,718.15}{646,262.83,719.15}{647,263.17,720.15}{648,263.5,721.15}{649,263.84,722.15}{650,264.18,723.15}{651,264.52,724.15}{652,264.86,725.15}{653,265.2,726.15}{654,265.54,727.15}{655,265.87,728.15}{656,266.21,729.15}{657,266.55,730.15}{658,266.89,731.15}{659,267.22,732.15}{660,267.56,733.15}{661,267.9,734.15}{662,268.24,735.15}{663,268.57,736.15}{664,268.91,737.15}{665,269.25,738.15}{666,269.58,739.15}{667,269.92,740.15}{668,270.26,741.15}{669,270.59,742.15}{670,270.93,743.15}{671,271.27,744.15}{672,271.6,745.15}{673,271.94,746.15}{674,272.27,747.15}{675,272.61,748.15}{676,272.95,749.15}{677,273.28,750.15}{678,273.62,751.15}{679,273.95,752.15}{680,274.29,753.15}{681,274.62,754.15}{682,274.96,755.15}{683,275.29,756.15}{684,275.63,757.15}{685,275.96,758.15}{686,276.31,759.15}{687,276.64,760.15}{688,276.97,761.15}{689,277.31,762.15}{690,277.64,763.15}{691,277.98,764.15}{692,278.31,765.15}{693,278.64,766.15}{694,278.98,767.15}{695,279.31,768.15}{696,279.64,769.15}{697,279.98,770.15}{698,280.31,771.15}{699,280.64,772.15}{700,280.98,773.15}{701,281.31,774.15}{702,281.64,775.15}{703,281.97,776.15}{704,282.31,777.15}{705,282.64,778.15}{706,282.97,779.15}{707,283.3,780.15}{708,283.63,781.15}{709,283.97,782.15}{710,284.3,783.15}{711,284.63,784.15}{712,284.96,785.15}{713,285.29,786.15}{714,285.62,787.15}{715,285.95,788.15}{716,286.3,789.15}{717,286.63,790.15}{718,286.96,791.15}{719,287.29,792.15}{720,287.62,793.15}{721,287.95,794.15}{722,288.28,795.15}{723,288.61,796.15}{724,288.94,797.15}{725,289.27,798.15}{726,289.6,799.15}{727,289.93,800.15}{728,290.26,801.15}{729,290.59,802.15}{730,290.92,803.15}{731,291.25,804.15}{732,291.58,805.15}{733,291.9,806.15}{734,292.23,807.15}{735,292.56,808.15}{736,292.9,809.15}{737,293.23,810.15}{738,293.56,811.15}{739,293.89,812.15}{740,294.21,813.15}{741,294.54,814.15}{742,294.87,815.15}{743,295.2,816.15}{744,295.53,817.15}{745,295.85,818.15}{746,296.18,819.15}{747,296.51,820.15}{748,296.84,821.15}{749,297.16,822.15}{750,297.49,823.15}{751,297.82,824.15}{752,298.14,825.15}{753,298.47,826.15}{754,298.8,827.15}{755,299.12,828.15}{756,299.45,829.15}{757,299.78,830.15}{758,300.1,831.15}{759,300.43,832.15}{760,300.75,833.15}{761,301.08,834.15}{762,301.41,835.15}{763,301.73,836.15}{764,302.06,837.15}{765,302.38,838.15}{766,302.71,839.15}{767,303.03,840.15}{768,303.36,841.15}{769,303.68,842.15}{770,304.01,843.15}{771,304.33,844.15}{772,304.66,845.15}{773,304.98,846.15}{774,305.3,847.15}{775,305.63,848.15}{776,305.95,849.15}{777,306.28,850.15}{778,306.6,851.15}{779,306.92,852.15}{780,307.25,853.15}{781,307.57,854.15}{782,307.89,855.15}{783,308.22,856.15}{784,308.54,857.15}{785,308.86,858.15}{786,309.19,859.15}{787,309.51,860.15}{788,309.83,861.15}{789,310.15,862.15}{790,310.48,863.15}{791,310.8,864.15}{792,311.12,865.15}{793,311.45,866.15}{794,311.78,867.15}{795,312.1,868.15}{796,312.43,869.15}{797,312.75,870.15}{798,313.07,871.15}{799,313.39,872.15}{800,313.71,873.15}{801,314.04,874.15}{802,314.36,875.15}{803,314.68,876.15}{804,315,877.15}{805,315.32,878.15}{806,315.64,879.15}{807,315.96,880.15}{808,316.28,881.15}{809,316.6,882.15}{810,316.92,883.15}{811,317.24,884.15}{812,317.56,885.15}{813,317.88,886.15}{814,318.2,887.15}{815,318.52,888.15}{816,318.85,889.15}{817,319.17,890.15}{818,319.49,891.15}{819,319.81,892.15}{820,320.12,893.15}{821,320.44,894.15}{822,320.76,895.15}{823,321.08,896.15}{824,321.4,897.15}{825,321.72,898.15}{826,322.03,899.15}{827,322.34,900.15}{828,322.66,901.15}{829,322.98,902.15}{830,323.3,903.15}{831,323.61,904.15}{832,323.93,905.15}{833,324.25,906.15}{834,324.57,907.15}{835,324.88,908.15}{836,325.21,909.15}{837,325.53,910.15}{838,325.85,911.15}{839,326.16,912.15}{840,326.48,913.15}{841,326.79,914.15}{842,327.11,915.15}{843,327.43,916.15}{844,327.74,917.15}{845,328.06,918.15}{846,328.38,919.15}{847,328.69,920.15}{848,329.01,921.15}{849,329.32,922.15}{850,329.64,923.15}{851,329.95,924.15}{852,330.27,925.15}{853,330.58,926.15}{854,330.9,927.15}{855,331.21,928.15}{856,331.53,929.15}{857,331.84,930.15}{858,332.16,931.15}{859,332.47,932.15}{860,332.79,933.15}{861,333.1,934.15}{862,333.41,935.15}{863,333.73,936.15}{864,334.04,937.15}{865,334.36,938.15}{866,334.68,939.15}{867,334.99,940.15}{868,335.31,941.15}{869,335.62,942.15}{870,335.93,943.15}{871,336.25,944.15}{872,336.56,945.15}{873,336.87,946.15}{874,337.18,947.15}{875,337.5,948.15}{876,337.81,949.15}{877,338.12,950.15}{878,338.43,951.15}{879,338.75,952.15}{880,339.06,953.15}{881,339.37,954.15}{882,339.68,955.15}{883,339.99,956.15}{884,340.3,957.15}{885,340.62,958.15}{886,340.94,959.15}{887,341.25,960.15}{888,341.55,961.15}{889,341.87,962.15}{890,342.18,963.15}{891,342.49,964.15}{892,342.8,965.15}{893,343.11,966.15}{894,343.42,967.15}{895,343.73,968.15}{896,344.04,969.15}{897,344.35,970.15}{898,344.66,971.15}{899,344.97,972.15}{900,345.28,973.15}{901,345.59,974.15}{902,345.9,975.15}{903,346.21,976.15}{904,346.52,977.15}{905,346.83,978.15}{906,347.15,979.15}{907,347.46,980.15}{908,347.76,981.15}{909,348.07,982.15}{910,348.38,983.15}{911,348.69,984.15}{912,349,985.15}{913,349.31,986.15}{914,349.61,987.15}{915,349.92,988.15}{916,350.23,989.15}{917,350.54,990.15}{918,350.85,991.15}{919,351.15,992.15}{920,351.46,993.15}{921,351.77,994.15}{922,352.07,995.15}{923,352.38,996.15}{924,352.69,997.15}{925,352.99,998.15}{926,353.3,999.15}{927,353.61,1000.15}{928,353.91,1001.15}{929,354.22,1002.15}{930,354.53,1003.15}{931,354.83,1004.15}{932,355.14,1005.15}{933,355.44,1006.15}{934,355.75,1007.15}{935,356.06,1008.15}{936,356.37,1009.15}{937,356.68,1010.15}{938,356.98,1011.15}{939,357.29,1012.15}{940,357.59,1013.15}{941,357.9,1014.15}{942,358.2,1015.15}{943,358.51,1016.15}{944,358.81,1017.15}{945,359.12,1018.15}{946,359.42,1019.15}{947,359.72,1020.15}{948,360.03,1021.15}{949,360.33,1022.15}{950,360.64,1023.15}{951,360.94,1024.15}{952,361.24,1025.15}{953,361.55,1026.15}{954,361.85,1027.15}{955,362.15,1028.15}{956,362.46,1029.15}{957,362.76,1030.15}{958,363.06,1031.15}{959,363.36,1032.15}{960,363.67,1033.15}{961,363.97,1034.15}{962,364.27,1035.15}{963,364.57,1036.15}{964,364.88,1037.15}{965,365.18,1038.15}{966,365.49,1039.15}{967,365.79,1040.15}{968,366.09,1041.15}{969,366.4,1042.15}{970,366.7,1043.15}{971,367,1044.15}{972,367.3,1045.15}{973,367.6,1046.15}{974,367.9,1047.15}{975,368.2,1048.15}{976,368.5,1049.15}{977,368.81,1050.15}{978,369.11,1051.15}{979,369.41,1052.15}{980,369.71,1053.15}{981,370.01,1054.15}{982,370.31,1055.15}{983,370.61,1056.15}{984,370.91,1057.15}{985,371.21,1058.15}{986,371.52,1059.15}{987,371.82,1060.15}{988,372.12,1061.15}{989,372.41,1062.15}{990,372.71,1063.15}{991,373.01,1064.15}{992,373.31,1065.15}{993,373.61,1066.15}{994,373.91,1067.15}{995,374.21,1068.15}{996,374.51,1069.15}{997,374.8,1070.15}{998,375.1,1071.15}{999,375.4,1072.15}{1000,375.7,1073.15}{1001,376,1074.15}{1002,376.29,1075.15}{1003,376.59,1076.15}{1004,376.89,1077.15}{1005,377.19,1078.15}{1006,377.49,1079.15}{1007,377.79,1080.15}{1008,378.09,1081.15}{1009,378.39,1082.15}{1010,378.68,1083.15}{1011,378.98,1084.15}{1012,379.28,1085.15}{1013,379.57,1086.15}{1014,379.87,1087.15}{1015,380.17,1088.15}{1016,380.46,1089.15}{1017,380.76,1090.15}{1018,381.05,1091.15}{1019,381.35,1092.15}{1020,381.65,1093.15}{1021,381.94,1094.15}{1022,382.24,1095.15}{1023,382.53,1096.15}{1024,382.83,1097.15}{1025,383.12,1098.15}{1026,383.42,1099.15}{1027,383.71,1100.15}{1028,384.01,1101.15}{1029,384.3,1102.15}{1030,384.6,1103.15}{1031,384.89,1104.15}{1032,385.18,1105.15}{1033,385.48,1106.15}{1034,385.77,1107.15}{1035,386.07,1108.15}{1036,386.37,1109.15}{1037,386.66,1110.15}{1038,386.96,1111.15}{1039,387.25,1112.15}{1040,387.55,1113.15}{1041,387.84,1114.15}{1042,388.13,1115.15}{1043,388.42,1116.15}{1044,388.72,1117.15}{1045,389.01,1118.15}{1046,389.31,1119.15}{1047,389.61,1120.15}{1048,389.9,1121.15}{1049,390.19,1122.15}{1050,390.48,1123.15}&quot;"/>
                                                        <instance name="dev01/Config/ch00014/Calibration_Sensor_Curve" order="0" value="&quot;{0,235.5}{1,6.875}&quot;"/>
                                                        <instance name="dev03/Config/ch00011/Calibration_Sensor_Curve" order="0" value="&quot;{0,18.52,73.15}{1,18.96,74.15}{2,19.39,75.15}{3,19.82,76.15}{4,20.25,77.15}{5,20.68,78.15}{6,21.11,79.15}{7,21.54,80.15}{8,21.97,81.15}{9,22.4,82.15}{10,22.83,83.15}{11,23.26,84.15}{12,23.69,85.15}{13,24.12,86.15}{14,24.55,87.15}{15,24.97,88.15}{16,25.39,89.15}{17,25.82,90.15}{18,26.25,91.15}{19,26.67,92.15}{20,27.1,93.15}{21,27.52,94.15}{22,27.95,95.15}{23,28.37,96.15}{24,28.8,97.15}{25,29.22,98.15}{26,29.65,99.15}{27,30.07,100.15}{28,30.49,101.15}{29,30.92,102.15}{30,31.34,103.15}{31,31.76,104.15}{32,32.18,105.15}{33,32.61,106.15}{34,33.03,107.15}{35,33.45,108.15}{36,33.86,109.15}{37,34.28,110.15}{38,34.7,111.15}{39,35.12,112.15}{40,35.54,113.15}{41,35.96,114.15}{42,36.38,115.15}{43,36.8,116.15}{44,37.22,117.15}{45,37.63,118.15}{46,38.05,119.15}{47,38.47,120.15}{48,38.89,121.15}{49,39.31,122.15}{50,39.72,123.15}{51,40.14,124.15}{52,40.56,125.15}{53,40.97,126.15}{54,41.39,127.15}{55,41.8,128.15}{56,42.22,129.15}{57,42.64,130.15}{58,43.05,131.15}{59,43.46,132.15}{60,43.88,133.15}{61,44.29,134.15}{62,44.71,135.15}{63,45.12,136.15}{64,45.53,137.15}{65,45.95,138.15}{66,46.35,139.15}{67,46.76,140.15}{68,47.18,141.15}{69,47.59,142.15}{70,48,143.15}{71,48.41,144.15}{72,48.82,145.15}{73,49.23,146.15}{74,49.64,147.15}{75,50.06,148.15}{76,50.47,149.15}{77,50.88,150.15}{78,51.29,151.15}{79,51.7,152.15}{80,52.11,153.15}{81,52.52,154.15}{82,52.92,155.15}{83,53.33,156.15}{84,53.74,157.15}{85,54.15,158.15}{86,54.56,159.15}{87,54.97,160.15}{88,55.38,161.15}{89,55.78,162.15}{90,56.19,163.15}{91,56.6,164.15}{92,57,165.15}{93,57.41,166.15}{94,57.82,167.15}{95,58.22,168.15}{96,58.63,169.15}{97,59.04,170.15}{98,59.44,171.15}{99,59.85,172.15}{100,60.26,173.15}{101,60.67,174.15}{102,61.07,175.15}{103,61.48,176.15}{104,61.87,177.15}{105,62.29,178.15}{106,62.69,179.15}{107,63.1,180.15}{108,63.5,181.15}{109,63.91,182.15}{110,64.3,183.15}{111,64.7,184.15}{112,65.11,185.15}{113,65.51,186.15}{114,65.91,187.15}{115,66.31,188.15}{116,66.72,189.15}{117,67.12,190.15}{118,67.52,191.15}{119,67.92,192.15}{120,68.33,193.15}{121,68.73,194.15}{122,69.13,195.15}{123,69.53,196.15}{124,69.93,197.15}{125,70.33,198.15}{126,70.73,199.15}{127,71.13,200.15}{128,71.53,201.15}{129,71.93,202.15}{130,72.33,203.15}{131,72.73,204.15}{132,73.13,205.15}{133,73.53,206.15}{134,73.93,207.15}{135,74.33,208.15}{136,74.73,209.15}{137,75.13,210.15}{138,75.53,211.15}{139,75.93,212.15}{140,76.33,213.15}{141,76.73,214.15}{142,77.13,215.15}{143,77.52,216.15}{144,77.92,217.15}{145,78.32,218.15}{146,78.72,219.15}{147,79.11,220.15}{148,79.51,221.15}{149,79.91,222.15}{150,80.31,223.15}{151,80.7,224.15}{152,81.1,225.15}{153,81.5,226.15}{154,81.89,227.15}{155,82.29,228.15}{156,82.69,229.15}{157,83.08,230.15}{158,83.48,231.15}{159,83.88,232.15}{160,84.27,233.15}{161,84.67,234.15}{162,85.06,235.15}{163,85.46,236.15}{164,85.85,237.15}{165,86.25,238.15}{166,86.64,239.15}{167,87.04,240.15}{168,87.43,241.15}{169,87.83,242.15}{170,88.22,243.15}{171,88.62,244.15}{172,89.01,245.15}{173,89.4,246.15}{174,89.8,247.15}{175,90.19,248.15}{176,90.59,249.15}{177,90.98,250.15}{178,91.37,251.15}{179,91.77,252.15}{180,92.16,253.15}{181,92.55,254.15}{182,92.95,255.15}{183,93.34,256.15}{184,93.73,257.15}{185,94.12,258.15}{186,94.52,259.15}{187,94.91,260.15}{188,95.3,261.15}{189,95.69,262.15}{190,96.09,263.15}{191,96.48,264.15}{192,96.87,265.15}{193,97.26,266.15}{194,97.65,267.15}{195,98.04,268.15}{196,98.44,269.15}{197,98.83,270.15}{198,99.22,271.15}{199,99.61,272.15}{200,100,273.15}{201,100.39,274.15}{202,100.78,275.15}{203,101.17,276.15}{204,101.56,277.15}{205,101.95,278.15}{206,102.34,279.15}{207,102.73,280.15}{208,103.12,281.15}{209,103.51,282.15}{210,103.9,283.15}{211,104.29,284.15}{212,104.68,285.15}{213,105.07,286.15}{214,105.46,287.15}{215,105.85,288.15}{216,106.24,289.15}{217,106.63,290.15}{218,107.02,291.15}{219,107.4,292.15}{220,107.79,293.15}{221,108.18,294.15}{222,108.57,295.15}{223,108.96,296.15}{224,109.35,297.15}{225,109.73,298.15}{226,110.12,299.15}{227,110.51,300.15}{228,110.9,301.15}{229,111.28,302.15}{230,111.67,303.15}{231,112.06,304.15}{232,112.45,305.15}{233,112.83,306.15}{234,113.22,307.15}{235,113.61,308.15}{236,113.99,309.15}{237,114.38,310.15}{238,114.77,311.15}{239,115.15,312.15}{240,115.54,313.15}{241,115.93,314.15}{242,116.31,315.15}{243,116.7,316.15}{244,117.08,317.15}{245,117.47,318.15}{246,117.85,319.15}{247,118.24,320.15}{248,118.62,321.15}{249,119.01,322.15}{250,119.4,323.15}{251,119.78,324.15}{252,120.16,325.15}{253,120.55,326.15}{254,120.93,327.15}{255,121.32,328.15}{256,121.7,329.15}{257,122.09,330.15}{258,122.47,331.15}{259,122.86,332.15}{260,123.24,333.15}{261,123.62,334.15}{262,124.01,335.15}{263,124.39,336.15}{264,124.77,337.15}{265,125.17,338.15}{266,125.55,339.15}{267,125.93,340.15}{268,126.32,341.15}{269,126.7,342.15}{270,127.08,343.15}{271,127.46,344.15}{272,127.85,345.15}{273,128.23,346.15}{274,128.61,347.15}{275,128.99,348.15}{276,129.38,349.15}{277,129.76,350.15}{278,130.14,351.15}{279,130.52,352.15}{280,130.9,353.15}{281,131.28,354.15}{282,131.67,355.15}{283,132.05,356.15}{284,132.43,357.15}{285,132.81,358.15}{286,133.19,359.15}{287,133.57,360.15}{288,133.95,361.15}{289,134.33,362.15}{290,134.71,363.15}{291,135.09,364.15}{292,135.47,365.15}{293,135.85,366.15}{294,136.23,367.15}{295,136.61,368.15}{296,136.99,369.15}{297,137.37,370.15}{298,137.75,371.15}{299,138.13,372.15}{300,138.51,373.15}{301,138.89,374.15}{302,139.27,375.15}{303,139.65,376.15}{304,140.03,377.15}{305,140.39,378.15}{306,140.77,379.15}{307,141.15,380.15}{308,141.53,381.15}{309,141.91,382.15}{310,142.29,383.15}{311,142.66,384.15}{312,143.04,385.15}{313,143.42,386.15}{314,143.8,387.15}{315,144.18,388.15}{316,144.56,389.15}{317,144.94,390.15}{318,145.32,391.15}{319,145.69,392.15}{320,146.07,393.15}{321,146.45,394.15}{322,146.82,395.15}{323,147.2,396.15}{324,147.58,397.15}{325,147.95,398.15}{326,148.33,399.15}{327,148.71,400.15}{328,149.08,401.15}{329,149.46,402.15}{330,149.83,403.15}{331,150.21,404.15}{332,150.58,405.15}{333,150.96,406.15}{334,151.34,407.15}{335,151.71,408.15}{336,152.09,409.15}{337,152.46,410.15}{338,152.84,411.15}{339,153.21,412.15}{340,153.58,413.15}{341,153.95,414.15}{342,154.32,415.15}{343,154.71,416.15}{344,155.08,417.15}{345,155.46,418.15}{346,155.83,419.15}{347,156.21,420.15}{348,156.58,421.15}{349,156.96,422.15}{350,157.33,423.15}{351,157.71,424.15}{352,158.08,425.15}{353,158.45,426.15}{354,158.83,427.15}{355,159.2,428.15}{356,159.56,429.15}{357,159.94,430.15}{358,160.31,431.15}{359,160.68,432.15}{360,161.05,433.15}{361,161.43,434.15}{362,161.8,435.15}{363,162.17,436.15}{364,162.54,437.15}{365,162.91,438.15}{366,163.28,439.15}{367,163.66,440.15}{368,164.03,441.15}{369,164.4,442.15}{370,164.77,443.15}{371,165.14,444.15}{372,165.51,445.15}{373,165.88,446.15}{374,166.25,447.15}{375,166.62,448.15}{376,167,449.15}{377,167.37,450.15}{378,167.74,451.15}{379,168.11,452.15}{380,168.48,453.15}{381,168.85,454.15}{382,169.22,455.15}{383,169.59,456.15}{384,169.96,457.15}{385,170.33,458.15}{386,170.69,459.15}{387,171.06,460.15}{388,171.43,461.15}{389,171.8,462.15}{390,172.17,463.15}{391,172.54,464.15}{392,172.91,465.15}{393,173.27,466.15}{394,173.64,467.15}{395,174.01,468.15}{396,174.39,469.15}{397,174.75,470.15}{398,175.12,471.15}{399,175.49,472.15}{400,175.86,473.15}{401,176.23,474.15}{402,176.59,475.15}{403,176.96,476.15}{404,177.33,477.15}{405,177.7,478.15}{406,178.06,479.15}{407,178.43,480.15}{408,178.8,481.15}{409,179.16,482.15}{410,179.53,483.15}{411,179.9,484.15}{412,180.26,485.15}{413,180.63,486.15}{414,180.99,487.15}{415,181.36,488.15}{416,181.73,489.15}{417,182.09,490.15}{418,182.46,491.15}{419,182.82,492.15}{420,183.19,493.15}{421,183.55,494.15}{422,183.92,495.15}{423,184.28,496.15}{424,184.65,497.15}{425,185.01,498.15}{426,185.38,499.15}{427,185.74,500.15}{428,186.11,501.15}{429,186.47,502.15}{430,186.84,503.15}{431,187.2,504.15}{432,187.56,505.15}{433,187.93,506.15}{434,188.29,507.15}{435,188.65,508.15}{436,189.02,509.15}{437,189.38,510.15}{438,189.74,511.15}{439,190.11,512.15}{440,190.47,513.15}{441,190.83,514.15}{442,191.2,515.15}{443,191.56,516.15}{444,191.92,517.15}{445,192.28,518.15}{446,192.66,519.15}{447,193.02,520.15}{448,193.38,521.15}{449,193.74,522.15}{450,194.1,523.15}{451,194.47,524.15}{452,194.83,525.15}{453,195.19,526.15}{454,195.55,527.15}{455,195.9,528.15}{456,196.26,529.15}{457,196.62,530.15}{458,196.98,531.15}{459,197.35,532.15}{460,197.71,533.15}{461,198.07,534.15}{462,198.43,535.15}{463,198.79,536.15}{464,199.15,537.15}{465,199.51,538.15}{466,199.87,539.15}{467,200.23,540.15}{468,200.59,541.15}{469,200.95,542.15}{470,201.31,543.15}{471,201.67,544.15}{472,202.03,545.15}{473,202.38,546.15}{474,202.74,547.15}{475,203.1,548.15}{476,203.46,549.15}{477,203.82,550.15}{478,204.18,551.15}{479,204.54,552.15}{480,204.9,553.15}{481,205.25,554.15}{482,205.61,555.15}{483,205.97,556.15}{484,206.33,557.15}{485,206.7,558.15}{486,207.05,559.15}{487,207.41,560.15}{488,207.77,561.15}{489,208.13,562.15}{490,208.48,563.15}{491,208.84,564.15}{492,209.2,565.15}{493,209.55,566.15}{494,209.91,567.15}{495,210.27,568.15}{496,210.62,569.15}{497,210.98,570.15}{498,211.34,571.15}{499,211.69,572.15}{500,212.05,573.15}{501,212.4,574.15}{502,212.76,575.15}{503,213.12,576.15}{504,213.47,577.15}{505,213.83,578.15}{506,214.19,579.15}{507,214.55,580.15}{508,214.9,581.15}{509,215.26,582.15}{510,215.61,583.15}{511,215.97,584.15}{512,216.32,585.15}{513,216.68,586.15}{514,217.03,587.15}{515,217.39,588.15}{516,217.73,589.15}{517,218.08,590.15}{518,218.44,591.15}{519,218.79,592.15}{520,219.15,593.15}{521,219.5,594.15}{522,219.85,595.15}{523,220.21,596.15}{524,220.56,597.15}{525,220.91,598.15}{526,221.27,599.15}{527,221.62,600.15}{528,221.97,601.15}{529,222.32,602.15}{530,222.68,603.15}{531,223.03,604.15}{532,223.38,605.15}{533,223.73,606.15}{534,224.09,607.15}{535,224.45,608.15}{536,224.8,609.15}{537,225.15,610.15}{538,225.5,611.15}{539,225.85,612.15}{540,226.21,613.15}{541,226.56,614.15}{542,226.91,615.15}{543,227.26,616.15}{544,227.61,617.15}{545,227.96,618.15}{546,228.31,619.15}{547,228.66,620.15}{548,229.01,621.15}{549,229.36,622.15}{550,229.72,623.15}{551,230.07,624.15}{552,230.42,625.15}{553,230.77,626.15}{554,231.12,627.15}{555,231.47,628.15}{556,231.81,629.15}{557,232.16,630.15}{558,232.51,631.15}{559,232.86,632.15}{560,233.21,633.15}{561,233.56,634.15}{562,233.91,635.15}{563,234.26,636.15}{564,234.6,637.15}{565,234.95,638.15}{566,235.3,639.15}{567,235.65,640.15}{568,236,641.15}{569,236.35,642.15}{570,236.7,643.15}{571,237.05,644.15}{572,237.4,645.15}{573,237.75,646.15}{574,238.09,647.15}{575,238.44,648.15}{576,238.79,649.15}{577,239.14,650.15}{578,239.48,651.15}{579,239.83,652.15}{580,240.18,653.15}{581,240.52,654.15}{582,240.87,655.15}{583,241.22,656.15}{584,241.56,657.15}{585,241.91,658.15}{586,242.25,659.15}{587,242.6,660.15}{588,242.95,661.15}{589,243.29,662.15}{590,243.64,663.15}{591,243.98,664.15}{592,244.33,665.15}{593,244.67,666.15}{594,245.02,667.15}{595,245.36,668.15}{596,245.71,669.15}{597,246.05,670.15}{598,246.4,671.15}{599,246.74,672.15}{600,247.09,673.15}{601,247.43,674.15}{602,247.78,675.15}{603,248.12,676.15}{604,248.46,677.15}{605,248.81,678.15}{606,249.15,679.15}{607,249.5,680.15}{608,249.84,681.15}{609,250.18,682.15}{610,250.53,683.15}{611,250.89,684.15}{612,251.21,685.15}{613,251.55,686.15}{614,251.9,687.15}{615,252.24,688.15}{616,252.59,689.15}{617,252.94,690.15}{618,253.28,691.15}{619,253.62,692.15}{620,253.96,693.15}{621,254.3,694.15}{622,254.65,695.15}{623,254.99,696.15}{624,255.33,697.15}{625,255.67,698.15}{626,256.01,699.15}{627,256.35,700.15}{628,256.7,701.15}{629,257.04,702.15}{630,257.38,703.15}{631,257.72,704.15}{632,258.06,705.15}{633,258.4,706.15}{634,258.74,707.15}{635,259.08,708.15}{636,259.42,709.15}{637,259.76,710.15}{638,260.1,711.15}{639,260.44,712.15}{640,260.78,713.15}{641,261.12,714.15}{642,261.46,715.15}{643,261.8,716.15}{644,262.14,717.15}{645,262.48,718.15}{646,262.83,719.15}{647,263.17,720.15}{648,263.5,721.15}{649,263.84,722.15}{650,264.18,723.15}{651,264.52,724.15}{652,264.86,725.15}{653,265.2,726.15}{654,265.54,727.15}{655,265.87,728.15}{656,266.21,729.15}{657,266.55,730.15}{658,266.89,731.15}{659,267.22,732.15}{660,267.56,733.15}{661,267.9,734.15}{662,268.24,735.15}{663,268.57,736.15}{664,268.91,737.15}{665,269.25,738.15}{666,269.58,739.15}{667,269.92,740.15}{668,270.26,741.15}{669,270.59,742.15}{670,270.93,743.15}{671,271.27,744.15}{672,271.6,745.15}{673,271.94,746.15}{674,272.27,747.15}{675,272.61,748.15}{676,272.95,749.15}{677,273.28,750.15}{678,273.62,751.15}{679,273.95,752.15}{680,274.29,753.15}{681,274.62,754.15}{682,274.96,755.15}{683,275.29,756.15}{684,275.63,757.15}{685,275.96,758.15}{686,276.31,759.15}{687,276.64,760.15}{688,276.97,761.15}{689,277.31,762.15}{690,277.64,763.15}{691,277.98,764.15}{692,278.31,765.15}{693,278.64,766.15}{694,278.98,767.15}{695,279.31,768.15}{696,279.64,769.15}{697,279.98,770.15}{698,280.31,771.15}{699,280.64,772.15}{700,280.98,773.15}{701,281.31,774.15}{702,281.64,775.15}{703,281.97,776.15}{704,282.31,777.15}{705,282.64,778.15}{706,282.97,779.15}{707,283.3,780.15}{708,283.63,781.15}{709,283.97,782.15}{710,284.3,783.15}{711,284.63,784.15}{712,284.96,785.15}{713,285.29,786.15}{714,285.62,787.15}{715,285.95,788.15}{716,286.3,789.15}{717,286.63,790.15}{718,286.96,791.15}{719,287.29,792.15}{720,287.62,793.15}{721,287.95,794.15}{722,288.28,795.15}{723,288.61,796.15}{724,288.94,797.15}{725,289.27,798.15}{726,289.6,799.15}{727,289.93,800.15}{728,290.26,801.15}{729,290.59,802.15}{730,290.92,803.15}{731,291.25,804.15}{732,291.58,805.15}{733,291.9,806.15}{734,292.23,807.15}{735,292.56,808.15}{736,292.9,809.15}{737,293.23,810.15}{738,293.56,811.15}{739,293.89,812.15}{740,294.21,813.15}{741,294.54,814.15}{742,294.87,815.15}{743,295.2,816.15}{744,295.53,817.15}{745,295.85,818.15}{746,296.18,819.15}{747,296.51,820.15}{748,296.84,821.15}{749,297.16,822.15}{750,297.49,823.15}{751,297.82,824.15}{752,298.14,825.15}{753,298.47,826.15}{754,298.8,827.15}{755,299.12,828.15}{756,299.45,829.15}{757,299.78,830.15}{758,300.1,831.15}{759,300.43,832.15}{760,300.75,833.15}{761,301.08,834.15}{762,301.41,835.15}{763,301.73,836.15}{764,302.06,837.15}{765,302.38,838.15}{766,302.71,839.15}{767,303.03,840.15}{768,303.36,841.15}{769,303.68,842.15}{770,304.01,843.15}{771,304.33,844.15}{772,304.66,845.15}{773,304.98,846.15}{774,305.3,847.15}{775,305.63,848.15}{776,305.95,849.15}{777,306.28,850.15}{778,306.6,851.15}{779,306.92,852.15}{780,307.25,853.15}{781,307.57,854.15}{782,307.89,855.15}{783,308.22,856.15}{784,308.54,857.15}{785,308.86,858.15}{786,309.19,859.15}{787,309.51,860.15}{788,309.83,861.15}{789,310.15,862.15}{790,310.48,863.15}{791,310.8,864.15}{792,311.12,865.15}{793,311.45,866.15}{794,311.78,867.15}{795,312.1,868.15}{796,312.43,869.15}{797,312.75,870.15}{798,313.07,871.15}{799,313.39,872.15}{800,313.71,873.15}{801,314.04,874.15}{802,314.36,875.15}{803,314.68,876.15}{804,315,877.15}{805,315.32,878.15}{806,315.64,879.15}{807,315.96,880.15}{808,316.28,881.15}{809,316.6,882.15}{810,316.92,883.15}{811,317.24,884.15}{812,317.56,885.15}{813,317.88,886.15}{814,318.2,887.15}{815,318.52,888.15}{816,318.85,889.15}{817,319.17,890.15}{818,319.49,891.15}{819,319.81,892.15}{820,320.12,893.15}{821,320.44,894.15}{822,320.76,895.15}{823,321.08,896.15}{824,321.4,897.15}{825,321.72,898.15}{826,322.03,899.15}{827,322.34,900.15}{828,322.66,901.15}{829,322.98,902.15}{830,323.3,903.15}{831,323.61,904.15}{832,323.93,905.15}{833,324.25,906.15}{834,324.57,907.15}{835,324.88,908.15}{836,325.21,909.15}{837,325.53,910.15}{838,325.85,911.15}{839,326.16,912.15}{840,326.48,913.15}{841,326.79,914.15}{842,327.11,915.15}{843,327.43,916.15}{844,327.74,917.15}{845,328.06,918.15}{846,328.38,919.15}{847,328.69,920.15}{848,329.01,921.15}{849,329.32,922.15}{850,329.64,923.15}{851,329.95,924.15}{852,330.27,925.15}{853,330.58,926.15}{854,330.9,927.15}{855,331.21,928.15}{856,331.53,929.15}{857,331.84,930.15}{858,332.16,931.15}{859,332.47,932.15}{860,332.79,933.15}{861,333.1,934.15}{862,333.41,935.15}{863,333.73,936.15}{864,334.04,937.15}{865,334.36,938.15}{866,334.68,939.15}{867,334.99,940.15}{868,335.31,941.15}{869,335.62,942.15}{870,335.93,943.15}{871,336.25,944.15}{872,336.56,945.15}{873,336.87,946.15}{874,337.18,947.15}{875,337.5,948.15}{876,337.81,949.15}{877,338.12,950.15}{878,338.43,951.15}{879,338.75,952.15}{880,339.06,953.15}{881,339.37,954.15}{882,339.68,955.15}{883,339.99,956.15}{884,340.3,957.15}{885,340.62,958.15}{886,340.94,959.15}{887,341.25,960.15}{888,341.55,961.15}{889,341.87,962.15}{890,342.18,963.15}{891,342.49,964.15}{892,342.8,965.15}{893,343.11,966.15}{894,343.42,967.15}{895,343.73,968.15}{896,344.04,969.15}{897,344.35,970.15}{898,344.66,971.15}{899,344.97,972.15}{900,345.28,973.15}{901,345.59,974.15}{902,345.9,975.15}{903,346.21,976.15}{904,346.52,977.15}{905,346.83,978.15}{906,347.15,979.15}{907,347.46,980.15}{908,347.76,981.15}{909,348.07,982.15}{910,348.38,983.15}{911,348.69,984.15}{912,349,985.15}{913,349.31,986.15}{914,349.61,987.15}{915,349.92,988.15}{916,350.23,989.15}{917,350.54,990.15}{918,350.85,991.15}{919,351.15,992.15}{920,351.46,993.15}{921,351.77,994.15}{922,352.07,995.15}{923,352.38,996.15}{924,352.69,997.15}{925,352.99,998.15}{926,353.3,999.15}{927,353.61,1000.15}{928,353.91,1001.15}{929,354.22,1002.15}{930,354.53,1003.15}{931,354.83,1004.15}{932,355.14,1005.15}{933,355.44,1006.15}{934,355.75,1007.15}{935,356.06,1008.15}{936,356.37,1009.15}{937,356.68,1010.15}{938,356.98,1011.15}{939,357.29,1012.15}{940,357.59,1013.15}{941,357.9,1014.15}{942,358.2,1015.15}{943,358.51,1016.15}{944,358.81,1017.15}{945,359.12,1018.15}{946,359.42,1019.15}{947,359.72,1020.15}{948,360.03,1021.15}{949,360.33,1022.15}{950,360.64,1023.15}{951,360.94,1024.15}{952,361.24,1025.15}{953,361.55,1026.15}{954,361.85,1027.15}{955,362.15,1028.15}{956,362.46,1029.15}{957,362.76,1030.15}{958,363.06,1031.15}{959,363.36,1032.15}{960,363.67,1033.15}{961,363.97,1034.15}{962,364.27,1035.15}{963,364.57,1036.15}{964,364.88,1037.15}{965,365.18,1038.15}{966,365.49,1039.15}{967,365.79,1040.15}{968,366.09,1041.15}{969,366.4,1042.15}{970,366.7,1043.15}{971,367,1044.15}{972,367.3,1045.15}{973,367.6,1046.15}{974,367.9,1047.15}{975,368.2,1048.15}{976,368.5,1049.15}{977,368.81,1050.15}{978,369.11,1051.15}{979,369.41,1052.15}{980,369.71,1053.15}{981,370.01,1054.15}{982,370.31,1055.15}{983,370.61,1056.15}{984,370.91,1057.15}{985,371.21,1058.15}{986,371.52,1059.15}{987,371.82,1060.15}{988,372.12,1061.15}{989,372.41,1062.15}{990,372.71,1063.15}{991,373.01,1064.15}{992,373.31,1065.15}{993,373.61,1066.15}{994,373.91,1067.15}{995,374.21,1068.15}{996,374.51,1069.15}{997,374.8,1070.15}{998,375.1,1071.15}{999,375.4,1072.15}{1000,375.7,1073.15}{1001,376,1074.15}{1002,376.29,1075.15}{1003,376.59,1076.15}{1004,376.89,1077.15}{1005,377.19,1078.15}{1006,377.49,1079.15}{1007,377.79,1080.15}{1008,378.09,1081.15}{1009,378.39,1082.15}{1010,378.68,1083.15}{1011,378.98,1084.15}{1012,379.28,1085.15}{1013,379.57,1086.15}{1014,379.87,1087.15}{1015,380.17,1088.15}{1016,380.46,1089.15}{1017,380.76,1090.15}{1018,381.05,1091.15}{1019,381.35,1092.15}{1020,381.65,1093.15}{1021,381.94,1094.15}{1022,382.24,1095.15}{1023,382.53,1096.15}{1024,382.83,1097.15}{1025,383.12,1098.15}{1026,383.42,1099.15}{1027,383.71,1100.15}{1028,384.01,1101.15}{1029,384.3,1102.15}{1030,384.6,1103.15}{1031,384.89,1104.15}{1032,385.18,1105.15}{1033,385.48,1106.15}{1034,385.77,1107.15}{1035,386.07,1108.15}{1036,386.37,1109.15}{1037,386.66,1110.15}{1038,386.96,1111.15}{1039,387.25,1112.15}{1040,387.55,1113.15}{1041,387.84,1114.15}{1042,388.13,1115.15}{1043,388.42,1116.15}{1044,388.72,1117.15}{1045,389.01,1118.15}{1046,389.31,1119.15}{1047,389.61,1120.15}{1048,389.9,1121.15}{1049,390.19,1122.15}{1050,390.48,1123.15}&quot;"/>
                                                        <instance name="dev03/Config/ch00002/Calibration_Sensor_Minimum_Range" order="0" value="73.15"/>
                                                        <instance name="dev01/Config/ch00006/enable" order="1" value="1"/>
                                                        <instance name="dev03/Config/ch00012/Calibration_Sensor_Curve" order="0" value="&quot;{0,18.52,73.15}{1,18.96,74.15}{2,19.39,75.15}{3,19.82,76.15}{4,20.25,77.15}{5,20.68,78.15}{6,21.11,79.15}{7,21.54,80.15}{8,21.97,81.15}{9,22.4,82.15}{10,22.83,83.15}{11,23.26,84.15}{12,23.69,85.15}{13,24.12,86.15}{14,24.55,87.15}{15,24.97,88.15}{16,25.39,89.15}{17,25.82,90.15}{18,26.25,91.15}{19,26.67,92.15}{20,27.1,93.15}{21,27.52,94.15}{22,27.95,95.15}{23,28.37,96.15}{24,28.8,97.15}{25,29.22,98.15}{26,29.65,99.15}{27,30.07,100.15}{28,30.49,101.15}{29,30.92,102.15}{30,31.34,103.15}{31,31.76,104.15}{32,32.18,105.15}{33,32.61,106.15}{34,33.03,107.15}{35,33.45,108.15}{36,33.86,109.15}{37,34.28,110.15}{38,34.7,111.15}{39,35.12,112.15}{40,35.54,113.15}{41,35.96,114.15}{42,36.38,115.15}{43,36.8,116.15}{44,37.22,117.15}{45,37.63,118.15}{46,38.05,119.15}{47,38.47,120.15}{48,38.89,121.15}{49,39.31,122.15}{50,39.72,123.15}{51,40.14,124.15}{52,40.56,125.15}{53,40.97,126.15}{54,41.39,127.15}{55,41.8,128.15}{56,42.22,129.15}{57,42.64,130.15}{58,43.05,131.15}{59,43.46,132.15}{60,43.88,133.15}{61,44.29,134.15}{62,44.71,135.15}{63,45.12,136.15}{64,45.53,137.15}{65,45.95,138.15}{66,46.35,139.15}{67,46.76,140.15}{68,47.18,141.15}{69,47.59,142.15}{70,48,143.15}{71,48.41,144.15}{72,48.82,145.15}{73,49.23,146.15}{74,49.64,147.15}{75,50.06,148.15}{76,50.47,149.15}{77,50.88,150.15}{78,51.29,151.15}{79,51.7,152.15}{80,52.11,153.15}{81,52.52,154.15}{82,52.92,155.15}{83,53.33,156.15}{84,53.74,157.15}{85,54.15,158.15}{86,54.56,159.15}{87,54.97,160.15}{88,55.38,161.15}{89,55.78,162.15}{90,56.19,163.15}{91,56.6,164.15}{92,57,165.15}{93,57.41,166.15}{94,57.82,167.15}{95,58.22,168.15}{96,58.63,169.15}{97,59.04,170.15}{98,59.44,171.15}{99,59.85,172.15}{100,60.26,173.15}{101,60.67,174.15}{102,61.07,175.15}{103,61.48,176.15}{104,61.87,177.15}{105,62.29,178.15}{106,62.69,179.15}{107,63.1,180.15}{108,63.5,181.15}{109,63.91,182.15}{110,64.3,183.15}{111,64.7,184.15}{112,65.11,185.15}{113,65.51,186.15}{114,65.91,187.15}{115,66.31,188.15}{116,66.72,189.15}{117,67.12,190.15}{118,67.52,191.15}{119,67.92,192.15}{120,68.33,193.15}{121,68.73,194.15}{122,69.13,195.15}{123,69.53,196.15}{124,69.93,197.15}{125,70.33,198.15}{126,70.73,199.15}{127,71.13,200.15}{128,71.53,201.15}{129,71.93,202.15}{130,72.33,203.15}{131,72.73,204.15}{132,73.13,205.15}{133,73.53,206.15}{134,73.93,207.15}{135,74.33,208.15}{136,74.73,209.15}{137,75.13,210.15}{138,75.53,211.15}{139,75.93,212.15}{140,76.33,213.15}{141,76.73,214.15}{142,77.13,215.15}{143,77.52,216.15}{144,77.92,217.15}{145,78.32,218.15}{146,78.72,219.15}{147,79.11,220.15}{148,79.51,221.15}{149,79.91,222.15}{150,80.31,223.15}{151,80.7,224.15}{152,81.1,225.15}{153,81.5,226.15}{154,81.89,227.15}{155,82.29,228.15}{156,82.69,229.15}{157,83.08,230.15}{158,83.48,231.15}{159,83.88,232.15}{160,84.27,233.15}{161,84.67,234.15}{162,85.06,235.15}{163,85.46,236.15}{164,85.85,237.15}{165,86.25,238.15}{166,86.64,239.15}{167,87.04,240.15}{168,87.43,241.15}{169,87.83,242.15}{170,88.22,243.15}{171,88.62,244.15}{172,89.01,245.15}{173,89.4,246.15}{174,89.8,247.15}{175,90.19,248.15}{176,90.59,249.15}{177,90.98,250.15}{178,91.37,251.15}{179,91.77,252.15}{180,92.16,253.15}{181,92.55,254.15}{182,92.95,255.15}{183,93.34,256.15}{184,93.73,257.15}{185,94.12,258.15}{186,94.52,259.15}{187,94.91,260.15}{188,95.3,261.15}{189,95.69,262.15}{190,96.09,263.15}{191,96.48,264.15}{192,96.87,265.15}{193,97.26,266.15}{194,97.65,267.15}{195,98.04,268.15}{196,98.44,269.15}{197,98.83,270.15}{198,99.22,271.15}{199,99.61,272.15}{200,100,273.15}{201,100.39,274.15}{202,100.78,275.15}{203,101.17,276.15}{204,101.56,277.15}{205,101.95,278.15}{206,102.34,279.15}{207,102.73,280.15}{208,103.12,281.15}{209,103.51,282.15}{210,103.9,283.15}{211,104.29,284.15}{212,104.68,285.15}{213,105.07,286.15}{214,105.46,287.15}{215,105.85,288.15}{216,106.24,289.15}{217,106.63,290.15}{218,107.02,291.15}{219,107.4,292.15}{220,107.79,293.15}{221,108.18,294.15}{222,108.57,295.15}{223,108.96,296.15}{224,109.35,297.15}{225,109.73,298.15}{226,110.12,299.15}{227,110.51,300.15}{228,110.9,301.15}{229,111.28,302.15}{230,111.67,303.15}{231,112.06,304.15}{232,112.45,305.15}{233,112.83,306.15}{234,113.22,307.15}{235,113.61,308.15}{236,113.99,309.15}{237,114.38,310.15}{238,114.77,311.15}{239,115.15,312.15}{240,115.54,313.15}{241,115.93,314.15}{242,116.31,315.15}{243,116.7,316.15}{244,117.08,317.15}{245,117.47,318.15}{246,117.85,319.15}{247,118.24,320.15}{248,118.62,321.15}{249,119.01,322.15}{250,119.4,323.15}{251,119.78,324.15}{252,120.16,325.15}{253,120.55,326.15}{254,120.93,327.15}{255,121.32,328.15}{256,121.7,329.15}{257,122.09,330.15}{258,122.47,331.15}{259,122.86,332.15}{260,123.24,333.15}{261,123.62,334.15}{262,124.01,335.15}{263,124.39,336.15}{264,124.77,337.15}{265,125.17,338.15}{266,125.55,339.15}{267,125.93,340.15}{268,126.32,341.15}{269,126.7,342.15}{270,127.08,343.15}{271,127.46,344.15}{272,127.85,345.15}{273,128.23,346.15}{274,128.61,347.15}{275,128.99,348.15}{276,129.38,349.15}{277,129.76,350.15}{278,130.14,351.15}{279,130.52,352.15}{280,130.9,353.15}{281,131.28,354.15}{282,131.67,355.15}{283,132.05,356.15}{284,132.43,357.15}{285,132.81,358.15}{286,133.19,359.15}{287,133.57,360.15}{288,133.95,361.15}{289,134.33,362.15}{290,134.71,363.15}{291,135.09,364.15}{292,135.47,365.15}{293,135.85,366.15}{294,136.23,367.15}{295,136.61,368.15}{296,136.99,369.15}{297,137.37,370.15}{298,137.75,371.15}{299,138.13,372.15}{300,138.51,373.15}{301,138.89,374.15}{302,139.27,375.15}{303,139.65,376.15}{304,140.03,377.15}{305,140.39,378.15}{306,140.77,379.15}{307,141.15,380.15}{308,141.53,381.15}{309,141.91,382.15}{310,142.29,383.15}{311,142.66,384.15}{312,143.04,385.15}{313,143.42,386.15}{314,143.8,387.15}{315,144.18,388.15}{316,144.56,389.15}{317,144.94,390.15}{318,145.32,391.15}{319,145.69,392.15}{320,146.07,393.15}{321,146.45,394.15}{322,146.82,395.15}{323,147.2,396.15}{324,147.58,397.15}{325,147.95,398.15}{326,148.33,399.15}{327,148.71,400.15}{328,149.08,401.15}{329,149.46,402.15}{330,149.83,403.15}{331,150.21,404.15}{332,150.58,405.15}{333,150.96,406.15}{334,151.34,407.15}{335,151.71,408.15}{336,152.09,409.15}{337,152.46,410.15}{338,152.84,411.15}{339,153.21,412.15}{340,153.58,413.15}{341,153.95,414.15}{342,154.32,415.15}{343,154.71,416.15}{344,155.08,417.15}{345,155.46,418.15}{346,155.83,419.15}{347,156.21,420.15}{348,156.58,421.15}{349,156.96,422.15}{350,157.33,423.15}{351,157.71,424.15}{352,158.08,425.15}{353,158.45,426.15}{354,158.83,427.15}{355,159.2,428.15}{356,159.56,429.15}{357,159.94,430.15}{358,160.31,431.15}{359,160.68,432.15}{360,161.05,433.15}{361,161.43,434.15}{362,161.8,435.15}{363,162.17,436.15}{364,162.54,437.15}{365,162.91,438.15}{366,163.28,439.15}{367,163.66,440.15}{368,164.03,441.15}{369,164.4,442.15}{370,164.77,443.15}{371,165.14,444.15}{372,165.51,445.15}{373,165.88,446.15}{374,166.25,447.15}{375,166.62,448.15}{376,167,449.15}{377,167.37,450.15}{378,167.74,451.15}{379,168.11,452.15}{380,168.48,453.15}{381,168.85,454.15}{382,169.22,455.15}{383,169.59,456.15}{384,169.96,457.15}{385,170.33,458.15}{386,170.69,459.15}{387,171.06,460.15}{388,171.43,461.15}{389,171.8,462.15}{390,172.17,463.15}{391,172.54,464.15}{392,172.91,465.15}{393,173.27,466.15}{394,173.64,467.15}{395,174.01,468.15}{396,174.39,469.15}{397,174.75,470.15}{398,175.12,471.15}{399,175.49,472.15}{400,175.86,473.15}{401,176.23,474.15}{402,176.59,475.15}{403,176.96,476.15}{404,177.33,477.15}{405,177.7,478.15}{406,178.06,479.15}{407,178.43,480.15}{408,178.8,481.15}{409,179.16,482.15}{410,179.53,483.15}{411,179.9,484.15}{412,180.26,485.15}{413,180.63,486.15}{414,180.99,487.15}{415,181.36,488.15}{416,181.73,489.15}{417,182.09,490.15}{418,182.46,491.15}{419,182.82,492.15}{420,183.19,493.15}{421,183.55,494.15}{422,183.92,495.15}{423,184.28,496.15}{424,184.65,497.15}{425,185.01,498.15}{426,185.38,499.15}{427,185.74,500.15}{428,186.11,501.15}{429,186.47,502.15}{430,186.84,503.15}{431,187.2,504.15}{432,187.56,505.15}{433,187.93,506.15}{434,188.29,507.15}{435,188.65,508.15}{436,189.02,509.15}{437,189.38,510.15}{438,189.74,511.15}{439,190.11,512.15}{440,190.47,513.15}{441,190.83,514.15}{442,191.2,515.15}{443,191.56,516.15}{444,191.92,517.15}{445,192.28,518.15}{446,192.66,519.15}{447,193.02,520.15}{448,193.38,521.15}{449,193.74,522.15}{450,194.1,523.15}{451,194.47,524.15}{452,194.83,525.15}{453,195.19,526.15}{454,195.55,527.15}{455,195.9,528.15}{456,196.26,529.15}{457,196.62,530.15}{458,196.98,531.15}{459,197.35,532.15}{460,197.71,533.15}{461,198.07,534.15}{462,198.43,535.15}{463,198.79,536.15}{464,199.15,537.15}{465,199.51,538.15}{466,199.87,539.15}{467,200.23,540.15}{468,200.59,541.15}{469,200.95,542.15}{470,201.31,543.15}{471,201.67,544.15}{472,202.03,545.15}{473,202.38,546.15}{474,202.74,547.15}{475,203.1,548.15}{476,203.46,549.15}{477,203.82,550.15}{478,204.18,551.15}{479,204.54,552.15}{480,204.9,553.15}{481,205.25,554.15}{482,205.61,555.15}{483,205.97,556.15}{484,206.33,557.15}{485,206.7,558.15}{486,207.05,559.15}{487,207.41,560.15}{488,207.77,561.15}{489,208.13,562.15}{490,208.48,563.15}{491,208.84,564.15}{492,209.2,565.15}{493,209.55,566.15}{494,209.91,567.15}{495,210.27,568.15}{496,210.62,569.15}{497,210.98,570.15}{498,211.34,571.15}{499,211.69,572.15}{500,212.05,573.15}{501,212.4,574.15}{502,212.76,575.15}{503,213.12,576.15}{504,213.47,577.15}{505,213.83,578.15}{506,214.19,579.15}{507,214.55,580.15}{508,214.9,581.15}{509,215.26,582.15}{510,215.61,583.15}{511,215.97,584.15}{512,216.32,585.15}{513,216.68,586.15}{514,217.03,587.15}{515,217.39,588.15}{516,217.73,589.15}{517,218.08,590.15}{518,218.44,591.15}{519,218.79,592.15}{520,219.15,593.15}{521,219.5,594.15}{522,219.85,595.15}{523,220.21,596.15}{524,220.56,597.15}{525,220.91,598.15}{526,221.27,599.15}{527,221.62,600.15}{528,221.97,601.15}{529,222.32,602.15}{530,222.68,603.15}{531,223.03,604.15}{532,223.38,605.15}{533,223.73,606.15}{534,224.09,607.15}{535,224.45,608.15}{536,224.8,609.15}{537,225.15,610.15}{538,225.5,611.15}{539,225.85,612.15}{540,226.21,613.15}{541,226.56,614.15}{542,226.91,615.15}{543,227.26,616.15}{544,227.61,617.15}{545,227.96,618.15}{546,228.31,619.15}{547,228.66,620.15}{548,229.01,621.15}{549,229.36,622.15}{550,229.72,623.15}{551,230.07,624.15}{552,230.42,625.15}{553,230.77,626.15}{554,231.12,627.15}{555,231.47,628.15}{556,231.81,629.15}{557,232.16,630.15}{558,232.51,631.15}{559,232.86,632.15}{560,233.21,633.15}{561,233.56,634.15}{562,233.91,635.15}{563,234.26,636.15}{564,234.6,637.15}{565,234.95,638.15}{566,235.3,639.15}{567,235.65,640.15}{568,236,641.15}{569,236.35,642.15}{570,236.7,643.15}{571,237.05,644.15}{572,237.4,645.15}{573,237.75,646.15}{574,238.09,647.15}{575,238.44,648.15}{576,238.79,649.15}{577,239.14,650.15}{578,239.48,651.15}{579,239.83,652.15}{580,240.18,653.15}{581,240.52,654.15}{582,240.87,655.15}{583,241.22,656.15}{584,241.56,657.15}{585,241.91,658.15}{586,242.25,659.15}{587,242.6,660.15}{588,242.95,661.15}{589,243.29,662.15}{590,243.64,663.15}{591,243.98,664.15}{592,244.33,665.15}{593,244.67,666.15}{594,245.02,667.15}{595,245.36,668.15}{596,245.71,669.15}{597,246.05,670.15}{598,246.4,671.15}{599,246.74,672.15}{600,247.09,673.15}{601,247.43,674.15}{602,247.78,675.15}{603,248.12,676.15}{604,248.46,677.15}{605,248.81,678.15}{606,249.15,679.15}{607,249.5,680.15}{608,249.84,681.15}{609,250.18,682.15}{610,250.53,683.15}{611,250.89,684.15}{612,251.21,685.15}{613,251.55,686.15}{614,251.9,687.15}{615,252.24,688.15}{616,252.59,689.15}{617,252.94,690.15}{618,253.28,691.15}{619,253.62,692.15}{620,253.96,693.15}{621,254.3,694.15}{622,254.65,695.15}{623,254.99,696.15}{624,255.33,697.15}{625,255.67,698.15}{626,256.01,699.15}{627,256.35,700.15}{628,256.7,701.15}{629,257.04,702.15}{630,257.38,703.15}{631,257.72,704.15}{632,258.06,705.15}{633,258.4,706.15}{634,258.74,707.15}{635,259.08,708.15}{636,259.42,709.15}{637,259.76,710.15}{638,260.1,711.15}{639,260.44,712.15}{640,260.78,713.15}{641,261.12,714.15}{642,261.46,715.15}{643,261.8,716.15}{644,262.14,717.15}{645,262.48,718.15}{646,262.83,719.15}{647,263.17,720.15}{648,263.5,721.15}{649,263.84,722.15}{650,264.18,723.15}{651,264.52,724.15}{652,264.86,725.15}{653,265.2,726.15}{654,265.54,727.15}{655,265.87,728.15}{656,266.21,729.15}{657,266.55,730.15}{658,266.89,731.15}{659,267.22,732.15}{660,267.56,733.15}{661,267.9,734.15}{662,268.24,735.15}{663,268.57,736.15}{664,268.91,737.15}{665,269.25,738.15}{666,269.58,739.15}{667,269.92,740.15}{668,270.26,741.15}{669,270.59,742.15}{670,270.93,743.15}{671,271.27,744.15}{672,271.6,745.15}{673,271.94,746.15}{674,272.27,747.15}{675,272.61,748.15}{676,272.95,749.15}{677,273.28,750.15}{678,273.62,751.15}{679,273.95,752.15}{680,274.29,753.15}{681,274.62,754.15}{682,274.96,755.15}{683,275.29,756.15}{684,275.63,757.15}{685,275.96,758.15}{686,276.31,759.15}{687,276.64,760.15}{688,276.97,761.15}{689,277.31,762.15}{690,277.64,763.15}{691,277.98,764.15}{692,278.31,765.15}{693,278.64,766.15}{694,278.98,767.15}{695,279.31,768.15}{696,279.64,769.15}{697,279.98,770.15}{698,280.31,771.15}{699,280.64,772.15}{700,280.98,773.15}{701,281.31,774.15}{702,281.64,775.15}{703,281.97,776.15}{704,282.31,777.15}{705,282.64,778.15}{706,282.97,779.15}{707,283.3,780.15}{708,283.63,781.15}{709,283.97,782.15}{710,284.3,783.15}{711,284.63,784.15}{712,284.96,785.15}{713,285.29,786.15}{714,285.62,787.15}{715,285.95,788.15}{716,286.3,789.15}{717,286.63,790.15}{718,286.96,791.15}{719,287.29,792.15}{720,287.62,793.15}{721,287.95,794.15}{722,288.28,795.15}{723,288.61,796.15}{724,288.94,797.15}{725,289.27,798.15}{726,289.6,799.15}{727,289.93,800.15}{728,290.26,801.15}{729,290.59,802.15}{730,290.92,803.15}{731,291.25,804.15}{732,291.58,805.15}{733,291.9,806.15}{734,292.23,807.15}{735,292.56,808.15}{736,292.9,809.15}{737,293.23,810.15}{738,293.56,811.15}{739,293.89,812.15}{740,294.21,813.15}{741,294.54,814.15}{742,294.87,815.15}{743,295.2,816.15}{744,295.53,817.15}{745,295.85,818.15}{746,296.18,819.15}{747,296.51,820.15}{748,296.84,821.15}{749,297.16,822.15}{750,297.49,823.15}{751,297.82,824.15}{752,298.14,825.15}{753,298.47,826.15}{754,298.8,827.15}{755,299.12,828.15}{756,299.45,829.15}{757,299.78,830.15}{758,300.1,831.15}{759,300.43,832.15}{760,300.75,833.15}{761,301.08,834.15}{762,301.41,835.15}{763,301.73,836.15}{764,302.06,837.15}{765,302.38,838.15}{766,302.71,839.15}{767,303.03,840.15}{768,303.36,841.15}{769,303.68,842.15}{770,304.01,843.15}{771,304.33,844.15}{772,304.66,845.15}{773,304.98,846.15}{774,305.3,847.15}{775,305.63,848.15}{776,305.95,849.15}{777,306.28,850.15}{778,306.6,851.15}{779,306.92,852.15}{780,307.25,853.15}{781,307.57,854.15}{782,307.89,855.15}{783,308.22,856.15}{784,308.54,857.15}{785,308.86,858.15}{786,309.19,859.15}{787,309.51,860.15}{788,309.83,861.15}{789,310.15,862.15}{790,310.48,863.15}{791,310.8,864.15}{792,311.12,865.15}{793,311.45,866.15}{794,311.78,867.15}{795,312.1,868.15}{796,312.43,869.15}{797,312.75,870.15}{798,313.07,871.15}{799,313.39,872.15}{800,313.71,873.15}{801,314.04,874.15}{802,314.36,875.15}{803,314.68,876.15}{804,315,877.15}{805,315.32,878.15}{806,315.64,879.15}{807,315.96,880.15}{808,316.28,881.15}{809,316.6,882.15}{810,316.92,883.15}{811,317.24,884.15}{812,317.56,885.15}{813,317.88,886.15}{814,318.2,887.15}{815,318.52,888.15}{816,318.85,889.15}{817,319.17,890.15}{818,319.49,891.15}{819,319.81,892.15}{820,320.12,893.15}{821,320.44,894.15}{822,320.76,895.15}{823,321.08,896.15}{824,321.4,897.15}{825,321.72,898.15}{826,322.03,899.15}{827,322.34,900.15}{828,322.66,901.15}{829,322.98,902.15}{830,323.3,903.15}{831,323.61,904.15}{832,323.93,905.15}{833,324.25,906.15}{834,324.57,907.15}{835,324.88,908.15}{836,325.21,909.15}{837,325.53,910.15}{838,325.85,911.15}{839,326.16,912.15}{840,326.48,913.15}{841,326.79,914.15}{842,327.11,915.15}{843,327.43,916.15}{844,327.74,917.15}{845,328.06,918.15}{846,328.38,919.15}{847,328.69,920.15}{848,329.01,921.15}{849,329.32,922.15}{850,329.64,923.15}{851,329.95,924.15}{852,330.27,925.15}{853,330.58,926.15}{854,330.9,927.15}{855,331.21,928.15}{856,331.53,929.15}{857,331.84,930.15}{858,332.16,931.15}{859,332.47,932.15}{860,332.79,933.15}{861,333.1,934.15}{862,333.41,935.15}{863,333.73,936.15}{864,334.04,937.15}{865,334.36,938.15}{866,334.68,939.15}{867,334.99,940.15}{868,335.31,941.15}{869,335.62,942.15}{870,335.93,943.15}{871,336.25,944.15}{872,336.56,945.15}{873,336.87,946.15}{874,337.18,947.15}{875,337.5,948.15}{876,337.81,949.15}{877,338.12,950.15}{878,338.43,951.15}{879,338.75,952.15}{880,339.06,953.15}{881,339.37,954.15}{882,339.68,955.15}{883,339.99,956.15}{884,340.3,957.15}{885,340.62,958.15}{886,340.94,959.15}{887,341.25,960.15}{888,341.55,961.15}{889,341.87,962.15}{890,342.18,963.15}{891,342.49,964.15}{892,342.8,965.15}{893,343.11,966.15}{894,343.42,967.15}{895,343.73,968.15}{896,344.04,969.15}{897,344.35,970.15}{898,344.66,971.15}{899,344.97,972.15}{900,345.28,973.15}{901,345.59,974.15}{902,345.9,975.15}{903,346.21,976.15}{904,346.52,977.15}{905,346.83,978.15}{906,347.15,979.15}{907,347.46,980.15}{908,347.76,981.15}{909,348.07,982.15}{910,348.38,983.15}{911,348.69,984.15}{912,349,985.15}{913,349.31,986.15}{914,349.61,987.15}{915,349.92,988.15}{916,350.23,989.15}{917,350.54,990.15}{918,350.85,991.15}{919,351.15,992.15}{920,351.46,993.15}{921,351.77,994.15}{922,352.07,995.15}{923,352.38,996.15}{924,352.69,997.15}{925,352.99,998.15}{926,353.3,999.15}{927,353.61,1000.15}{928,353.91,1001.15}{929,354.22,1002.15}{930,354.53,1003.15}{931,354.83,1004.15}{932,355.14,1005.15}{933,355.44,1006.15}{934,355.75,1007.15}{935,356.06,1008.15}{936,356.37,1009.15}{937,356.68,1010.15}{938,356.98,1011.15}{939,357.29,1012.15}{940,357.59,1013.15}{941,357.9,1014.15}{942,358.2,1015.15}{943,358.51,1016.15}{944,358.81,1017.15}{945,359.12,1018.15}{946,359.42,1019.15}{947,359.72,1020.15}{948,360.03,1021.15}{949,360.33,1022.15}{950,360.64,1023.15}{951,360.94,1024.15}{952,361.24,1025.15}{953,361.55,1026.15}{954,361.85,1027.15}{955,362.15,1028.15}{956,362.46,1029.15}{957,362.76,1030.15}{958,363.06,1031.15}{959,363.36,1032.15}{960,363.67,1033.15}{961,363.97,1034.15}{962,364.27,1035.15}{963,364.57,1036.15}{964,364.88,1037.15}{965,365.18,1038.15}{966,365.49,1039.15}{967,365.79,1040.15}{968,366.09,1041.15}{969,366.4,1042.15}{970,366.7,1043.15}{971,367,1044.15}{972,367.3,1045.15}{973,367.6,1046.15}{974,367.9,1047.15}{975,368.2,1048.15}{976,368.5,1049.15}{977,368.81,1050.15}{978,369.11,1051.15}{979,369.41,1052.15}{980,369.71,1053.15}{981,370.01,1054.15}{982,370.31,1055.15}{983,370.61,1056.15}{984,370.91,1057.15}{985,371.21,1058.15}{986,371.52,1059.15}{987,371.82,1060.15}{988,372.12,1061.15}{989,372.41,1062.15}{990,372.71,1063.15}{991,373.01,1064.15}{992,373.31,1065.15}{993,373.61,1066.15}{994,373.91,1067.15}{995,374.21,1068.15}{996,374.51,1069.15}{997,374.8,1070.15}{998,375.1,1071.15}{999,375.4,1072.15}{1000,375.7,1073.15}{1001,376,1074.15}{1002,376.29,1075.15}{1003,376.59,1076.15}{1004,376.89,1077.15}{1005,377.19,1078.15}{1006,377.49,1079.15}{1007,377.79,1080.15}{1008,378.09,1081.15}{1009,378.39,1082.15}{1010,378.68,1083.15}{1011,378.98,1084.15}{1012,379.28,1085.15}{1013,379.57,1086.15}{1014,379.87,1087.15}{1015,380.17,1088.15}{1016,380.46,1089.15}{1017,380.76,1090.15}{1018,381.05,1091.15}{1019,381.35,1092.15}{1020,381.65,1093.15}{1021,381.94,1094.15}{1022,382.24,1095.15}{1023,382.53,1096.15}{1024,382.83,1097.15}{1025,383.12,1098.15}{1026,383.42,1099.15}{1027,383.71,1100.15}{1028,384.01,1101.15}{1029,384.3,1102.15}{1030,384.6,1103.15}{1031,384.89,1104.15}{1032,385.18,1105.15}{1033,385.48,1106.15}{1034,385.77,1107.15}{1035,386.07,1108.15}{1036,386.37,1109.15}{1037,386.66,1110.15}{1038,386.96,1111.15}{1039,387.25,1112.15}{1040,387.55,1113.15}{1041,387.84,1114.15}{1042,388.13,1115.15}{1043,388.42,1116.15}{1044,388.72,1117.15}{1045,389.01,1118.15}{1046,389.31,1119.15}{1047,389.61,1120.15}{1048,389.9,1121.15}{1049,390.19,1122.15}{1050,390.48,1123.15}&quot;"/>
                                                        <instance name="dev03/Config/ch00001/Calibration_Sensor_Input_Units" order="0" value="Ohm"/>
                                                        <instance name="dev03/Config/ch00002/Calibration_Sensor_Input_Units" order="0" value="Ohm"/>
                                                        <instance name="dev03/Config/ch00002/RTDWireScheme" order="0" value="4"/>
                                                        <instance name="dev01/Config/ch00003/rate" order="0" value="100"/>
                                                        <instance name="dev03/Config/ch00003/Calibration_Sensor_Input_Units" order="0" value="Ohm"/>
                                                        <instance name="dev03/Config/ch00004/Calibration_Sensor_Input_Units" order="0" value="Ohm"/>
                                                        <instance name="dev03/Config/ch00005/Calibration_Sensor_Input_Units" order="0" value="Ohm"/>
                                                        <instance name="dev01/Config/ch00006/Calibration_Sensor_Maximum_Range" order="0" value="6000"/>
                                                        <instance name="dev01/Config/ch00005/Maximum_Range" order="0" value="24"/>
                                                        <instance name="dev01/Config/ch00023/Maximum_Range" order="0" value="24"/>
                                                        <instance name="dev01/Config/ch00019/enable" order="1" value="1"/>
                                                        <instance name="dev03/Config/ch00006/RTDWireScheme" order="0" value="4"/>
                                                        <instance name="dev03/Config/ch00006/Calibration_Sensor_Input_Units" order="0" value="Ohm"/>
                                                        <instance name="dev03/Config/ch00007/Calibration_Sensor_Input_Units" order="0" value="Ohm"/>
                                                        <instance name="dev03/Config/ch00008/Calibration_Sensor_Input_Units" order="0" value="Ohm"/>
                                                        <instance name="dev03/Config/ch00003/Calibration_Sensor_Minimum_Range" order="0" value="73.15"/>
                                                        <instance name="dev01/Config/ch00017/Minimum_Range" order="0" value="-24"/>
                                                        <instance name="dev03/Config/ch00009/Calibration_Sensor_Input_Units" order="0" value="Ohm"/>
                                                        <instance name="dev03/Config/ch00010/Calibration_Sensor_Input_Units" order="0" value="Ohm"/>
                                                        <instance name="dev01/Config/ch00007/Calibration_Sensor_Maximum_Range" order="0" value="180"/>
                                                        <instance name="dev01/Config/ch00003/Minimum_Range" order="0" value="-24"/>
                                                        <instance name="dev03/Config/ch00002/RTDRange" order="0" value="0"/>
                                                        <instance name="dev03/Config/ch00011/Calibration_Sensor_Input_Units" order="0" value="Ohm"/>
                                                        <instance name="dev01/Config/ch00009/Calibration_Sensor_Input_Units" order="0" value="mA"/>
                                                        <instance name="dev01/Config/ch00006/Maximum_Range" order="0" value="24"/>
                                                        <instance name="dev03/Config/ch00012/Calibration_Sensor_Input_Units" order="0" value="Ohm"/>
                                                        <instance name="dev01/Config/ch00006/Calibration_Sensor_Input_Units" order="0" value="mA"/>
                                                        <instance name="dev03/Config/ch00001/Calibration_Sensor_Maximum_Range" order="0" value="1123.15"/>
                                                        <instance name="dev03/Config/ch00002/Calibration_Sensor_Maximum_Range" order="0" value="1123.15"/>
                                                        <instance name="dev01/Config/ch00024/Maximum_Range" order="0" value="24"/>
                                                        <instance name="dev03/Config/ch00003/Calibration_Sensor_Maximum_Range" order="0" value="1123.15"/>
                                                        <instance name="dev01/Config/ch00022/EnableCB" order="0" value="1"/>
                                                        <instance name="dev01/Config/ch00008/Calibration_Sensor_Maximum_Range" order="0" value="180"/>
                                                        <instance name="dev03/Config/ch00004/Calibration_Sensor_Minimum_Range" order="0" value="73.15"/>
                                                        <instance name="dev03/Config/ch00005/Calibration_Sensor_Minimum_Range" order="0" value="73.15"/>
                                                        <instance name="dev03/Config/ch00006/Calibration_Sensor_Minimum_Range" order="0" value="73.15"/>
                                                        <instance name="dev03/Config/ch00007/Calibration_Sensor_Minimum_Range" order="0" value="73.15"/>
                                                        <instance name="dev03/Config/ch00007/RTDWireScheme" order="0" value="4"/>
                                                        <instance name="dev01/Config/ch00012/Calibration_Sensor_Input_Units" order="0" value="mA"/>
                                                        <instance name="dev03/Config/ch00003/RTDRange" order="0" value="0"/>
                                                        <instance name="dev03/Config/ch00008/Calibration_Sensor_Minimum_Range" order="0" value="73.15"/>
                                                        <instance name="dev01/Config/ch00023/Minimum_Range" order="0" value="-24"/>
                                                        <instance name="dev01/Config/ch00023/Calibration_Sensor_Output_Units" order="0" value="psig"/>
                                                        <instance name="dev03/Config/ch00011/Calibration_Sensor_Output_Units" order="0" value="K"/>
                                                        <instance name="dev01/Config/ch00011/Calibration_Sensor_Minimum_Range" order="0" value="0"/>
                                                        <instance name="dev01/Config/ch00009/Calibration_Sensor_Maximum_Range" order="0" value="4400"/>
                                                        <instance name="dev03/Config/ch00009/Calibration_Sensor_Minimum_Range" order="0" value="73.15"/>
                                                        <instance name="dev03/Config/ch00010/Calibration_Sensor_Minimum_Range" order="0" value="73.15"/>
                                                        <instance name="dev03/Config/ch00011/Calibration_Sensor_Minimum_Range" order="0" value="73.15"/>
                                                        <instance name="dev03/Config/ch00009/RTDWireScheme" order="0" value="4"/>
                                                        <instance name="dev03/Config/ch00012/Calibration_Sensor_Minimum_Range" order="0" value="73.15"/>
                                                        <instance name="dev03/Config/ch00001/Calibration_Sensor_Name" order="0" value="CalSensor1"/>
                                                        <instance name="dev03/Config/ch00002/Calibration_Sensor_Name" order="0" value="CalSensor2"/>
                                                        <instance name="dev01/Config/ch00007/Maximum_Range" order="0" value="24"/>
                                                        <instance name="dev03/Config/ch00012/Calibration_Sensor_Output_Units" order="0" value="K"/>
                                                        <instance name="dev03/Config/ch00003/Calibration_Sensor_Name" order="0" value="CalSensor3"/>
                                                        <instance name="dev03/Config/ch00004/Calibration_Sensor_Name" order="0" value="CalSensor4"/>
                                                        <instance name="dev01/Config/ch00017/EnableCB" order="0" value="1"/>
                                                        <instance name="dev01/Config/ch00002/Calibration_Sensor_Table_Type" order="2" value="0"/>
                                                        <instance name="dev03/Config/ch00004/enable" order="1" value="1"/>
                                                        <instance name="dev01/Config/ch00012/Calibration_Sensor_Name" order="0" value="CalSensor12"/>
                                                        <instance name="dev03/Config/ch00004/Calibration_Sensor_Maximum_Range" order="0" value="1123.15"/>
                                                        <instance name="dev03/Config/ch00005/Calibration_Sensor_Name" order="0" value="CalSensor5"/>
                                                        <instance name="dev03/Config/ch00006/Calibration_Sensor_Name" order="0" value="CalSensor6"/>
                                                        <instance name="dev03/Config/ch00007/Calibration_Sensor_Name" order="0" value="CalSensor7"/>
                                                        <instance name="dev03/Config/ch00001/Calibration_Sensor_Table_Type" order="2" value="1"/>
                                                        <instance name="dev03/Config/ch00008/Calibration_Sensor_Name" order="0" value="CalSensor8"/>
                                                        <instance name="dev03/Config/ch00009/Calibration_Sensor_Name" order="0" value="CalSensor9"/>
                                                        <instance name="dev01/Config/ch00008/enable" order="1" value="1"/>
                                                        <instance name="dev01/Config/ch00023/Calibration_Sensor_Table_Type" order="2" value="1"/>
                                                        <instance name="dev01/Config/ch00021/Minimum_Range" order="0" value="-24"/>
                                                        <instance name="dev03/Config/ch00010/RTDWireScheme" order="0" value="4"/>
                                                        <instance name="dev01/Config/ch00003/Calibration_Sensor_Table_Type" order="2" value="0"/>
                                                        <instance name="dev03/Config/ch00010/Calibration_Sensor_Name" order="0" value="CalSensor10"/>
                                                        <instance name="dev03/Config/ch00011/Calibration_Sensor_Name" order="0" value="CalSensor11"/>
                                                        <instance name="dev03/Config/ch00012/Calibration_Sensor_Name" order="0" value="CalSensor12"/>
                                                        <instance name="dev03/Config/ch00002/Calibration_Sensor_Table_Type" order="2" value="1"/>
                                                        <instance name="dev01/Config/ch00013/Calibration_Sensor_Name" order="0" value="CalSensor13"/>
                                                        <instance name="dev03/Config/ch00004/RTDRange" order="0" value="0"/>
                                                        <instance name="dev03/Config/ch00001/Calibration_Sensor_Output_Units" order="0" value="K"/>
                                                        <instance name="dev03/Config/ch00005/Calibration_Sensor_Maximum_Range" order="0" value="1123.15"/>
                                                        <instance name="dev03/Config/ch00002/Calibration_Sensor_Output_Units" order="0" value="K"/>
                                                        <instance name="dev01/Config/ch00010/Calibration_Sensor_Maximum_Range" order="0" value="800"/>
                                                        <instance name="dev03/Config/ch00003/Calibration_Sensor_Output_Units" order="0" value="K"/>
                                                        <instance name="dev01/Config/ch00008/Maximum_Range" order="0" value="24"/>
                                                        <instance name="dev01/Config/ch00004/Calibration_Sensor_Table_Type" order="2" value="0"/>
                                                        <instance name="dev03/Config/ch00004/Calibration_Sensor_Output_Units" order="0" value="K"/>
                                                        <instance name="dev01/Config/ch00024/Calibration_Sensor_Output_Units" order="0" value="psig"/>
                                                        <instance name="dev03/Config/ch00005/Calibration_Sensor_Output_Units" order="0" value="K"/>
                                                        <instance name="dev03/Config/ch00006/Calibration_Sensor_Output_Units" order="0" value="K"/>
                                                        <instance name="dev03/Config/ch00007/Calibration_Sensor_Output_Units" order="0" value="K"/>
                                                        <instance name="dev03/Config/ch00011/RTDWireScheme" order="0" value="4"/>
                                                        <instance name="dev01/Config/ch00022/Minimum_Range" order="0" value="-24"/>
                                                        <instance name="dev01/Config/ch00014/Calibration_Sensor_Name" order="0" value="CalSensor14"/>
                                                        <instance name="dev01/Config/ch00017/enable" order="1" value="1"/>
                                                        <instance name="dev03/Config/ch00008/Calibration_Sensor_Output_Units" order="0" value="K"/>
                                                        <instance name="dev04/Config/ch00005/enable" order="1" value="1"/>
                                                        <instance name="dev04/Config/ch00001/enable" order="1" value="1"/>
                                                        <instance name="dev03/Config/ch00003/Calibration_Sensor_Table_Type" order="2" value="1"/>
                                                        <instance name="dev01/Config/ch00005/Calibration_Sensor_Table_Type" order="2" value="0"/>
                                                        <instance name="dev01/Config/ch00019/Maximum_Range" order="0" value="24"/>
                                                        <instance name="dev04/Config/ch00021/DOut" order="0" value="0"/>
                                                        <instance name="dev04/Config/ch00022/rate" order="0" value="200"/>
                                                        <instance name="dev04/Config/ch00017/enable" order="1" value="1"/>
                                                        <instance name="dev04/Config/ch00007/rate" order="0" value="200"/>
                                                        <instance name="dev04/Config/ch00022/DOut" order="0" value="0"/>
                                                        <instance name="dev01/Config/ch00015/enable" order="1" value="1"/>
                                                        <instance name="dev04/Config/ch00014/enable" order="1" value="1"/>
                                                        <instance name="dev04/Config/ch00010/enable" order="1" value="1"/>
                                                        <instance name="dev03/Config/ch00004/Calibration_Sensor_Table_Type" order="2" value="1"/>
                                                        <instance name="dev01/Config/ch00015/Calibration_Sensor_Name" order="0" value="CalSensor15"/>
                                                        <instance name="dev04/Config/ch00019/source" order="0" value="DO_devCube022_dev04_ch00019:48:b"/>
                                                        <instance name="dev01/Config/ch00003/enable" order="1" value="1"/>
                                                        <instance name="dev01/Config/ch00006/Calibration_Sensor_Table_Type" order="2" value="0"/>
                                                        <instance name="dev04/Config/ch00006/enable" order="1" value="1"/>
                                                        <instance name="dev01/Config/ch00013/Calibration_Sensor_Minimum_Range" order="0" value="0"/>
                                                        <instance name="dev04/Config/ch00011/rate" order="0" value="200"/>
                                                        <instance name="dev04/Config/ch00012/rate" order="0" value="200"/>
                                                        <instance name="dev01/Config/ch00001/Calibration_Sensor_Input_Units" order="0" value="mA"/>
                                                        <instance name="dev04/Config/ch00023/rate" order="0" value="200"/>
                                                        <instance name="dev03/Config/ch00005/Calibration_Sensor_Table_Type" order="2" value="1"/>
                                                        <instance name="dev04/Config/Reference_Voltage" order="0" value="5"/>
                                                        <instance name="dev04/Config/ch00002/enable" order="1" value="1"/>
                                                        <instance name="dev04/Config/ch00013/source" order="0" value="DO_RRDigOut13:48:b"/>
                                                        <instance name="dev04/Config/ch00018/source" order="0" value="DO_devCube022_dev04_ch00018:48:b"/>
                                                        <instance name="dev04/Config/ch00014/rate" order="0" value="200"/>
                                                        <instance name="dev01/Config/ch00018/Calibration_Sensor_Minimum_Range" order="0" value="13"/>
                                                        <instance name="dev01/Config/ch00016/Calibration_Sensor_Name" order="0" value="CalSensor16"/>
                                                        <instance name="dev04/Config/ch00015/rate" order="0" value="200"/>
                                                        <instance name="dev01/Config/ch00005/Calibration_Sensor_Calibration_Date" order="0" value="2020-01-01"/>
                                                        <instance name="dev01/Config/ch00012/EnableCB" order="0" value="1"/>
                                                        <instance name="dev03/Config/ch00006/RTDRange" order="0" value="0"/>
                                                        <instance name="dev04/Config/ch00016/source" order="0" value="DO_RRDigOut16:48:b"/>
                                                        <instance name="dev04/Config/ch00017/source" order="0" value="DO_devCube022_dev04_ch00017:48:b"/>
                                                        <instance name="dev04/Config/ch00011/enable" order="1" value="1"/>
                                                        <instance name="dev04/Config/ch00009/rate" order="0" value="200"/>
                                                        <instance name="dev04/Config/ch00007/enable" order="1" value="1"/>
                                                        <instance name="dev04/Config/ch00018/rate" order="0" value="200"/>
                                                        <instance name="dev04/Config/ch00020/rate" order="0" value="200"/>
                                                        <instance name="dev01/Config/ch00007/Calibration_Sensor_Table_Type" order="2" value="0"/>
                                                        <instance name="dev04/Config/ch00020/enable" order="1" value="1"/>
                                                        <instance name="dev04/Config/ch00018/enable" order="1" value="1"/>
                                                        <instance name="dev01/Config/ch00017/Calibration_Sensor_Curve" order="0" value="&quot;{0,-21.25}{1,9.0625}&quot;"/>
                                                        <instance name="dev01/Config/ch00011/Calibration_Sensor_Maximum_Range" order="0" value="423"/>
                                                        <instance name="dev01/Config/ch00010/Minimum_Range" order="0" value="-24"/>
                                                        <instance name="dev01/Config/ch00009/Maximum_Range" order="0" value="24"/>
                                                        <instance name="dev04/Config/ch00014/source" order="0" value="DO_RRDigOut14:48:b"/>
                                                        <instance name="dev04/Config/ch00013/DOut" order="0" value="0"/>
                                                        <instance name="dev04/Config/ch00015/source" order="0" value="DO_RRDigOut15:48:b"/>
                                                        <instance name="dev04/Config/ch00024/DOut" order="0" value="0"/>
                                                        <instance name="dev04/Config/ch00001/rate" order="0" value="200"/>
                                                        <instance name="dev04/Config/ch00014/DOut" order="0" value="0"/>
                                                        <instance name="dev01/Config/ch00008/Calibration_Sensor_Table_Type" order="2" value="0"/>
                                                        <instance name="dev02/Config/ch00007/rate" order="0" value="200"/>
                                                        <instance name="dev03/Config/ch00006/enable" order="1" value="1"/>
                                                        <instance name="dev04/Config/ch00008/enable" order="1" value="1"/>
                                                        <instance name="dev01/Config/ch00012/Calibration_Sensor_Maximum_Range" order="0" value="110"/>
                                                        <instance name="dev04/Config/ch00015/enable" order="1" value="1"/>
                                                        <instance name="dev04/Config/ch00024/rate" order="0" value="200"/>
                                                        <instance name="dev04/Config/ch00005/rate" order="0" value="200"/>
                                                        <instance name="dev01/Config/ch00010/Maximum_Range" order="0" value="24"/>
                                                        <instance name="dev01/Config/ch00017/Calibration_Sensor_Name" order="0" value="CalSensor17"/>
                                                        <instance name="dev04/Config/ch00015/DOut" order="0" value="0"/>
                                                        <instance name="dev04/Config/ch00013/enable" order="1" value="1"/>
                                                        <instance name="dev04/Config/ch00003/enable" order="1" value="1"/>
                                                        <instance name="dev03/Config/ch00006/Calibration_Sensor_Table_Type" order="2" value="1"/>
                                                        <instance name="dev04/Config/Low_Hysteresis" order="0" value="2.4"/>
                                                        <instance name="dev01/Config/ch00009/Calibration_Sensor_Table_Type" order="2" value="0"/>
                                                        <instance name="dev01/Config/ch00013/Calibration_Sensor_Maximum_Range" order="0" value="423"/>
                                                        <instance name="dev04/Config/ch00010/rate" order="0" value="200"/>
                                                        <instance name="dev04/Config/ch00016/DOut" order="0" value="0"/>
                                                        <instance name="dev04/Config/ch00019/enable" order="1" value="1"/>
                                                        <instance name="dev04/Config/ch00012/enable" order="1" value="1"/>
                                                        <instance name="dev04/Config/ch00013/rate" order="0" value="200"/>
                                                        <instance name="dev01/Config/ch00002/Calibration_Sensor_Calibration_Date" order="0" value="2020-01-01"/>
                                                        <instance name="dev01/Config/ch00011/enable" order="1" value="1"/>
                                                        <instance name="dev01/Config/ch00011/Calibration_Sensor_Input_Units" order="0" value="mA"/>
                                                        <instance name="dev04/Config/ch00017/DOut" order="0" value="0"/>
                                                        <instance name="dev01/Config/ch00018/Calibration_Sensor_Name" order="0" value="CalSensor18"/>
                                                        <instance name="dev04/Config/ch00022/enable" order="1" value="1"/>
                                                        <instance name="dev01/Config/ch00014/Calibration_Sensor_Maximum_Range" order="0" value="423"/>
                                                        <instance name="dev01/Config/ch00021/Calibration_Sensor_Table_Type" order="2" value="0"/>
                                                        <instance name="dev04/Config/ch00018/DOut" order="0" value="0"/>
                                                        <instance name="dev04/Config/ch00016/rate" order="0" value="200"/>
                                                        <instance name="dev04/Config/ch00009/enable" order="1" value="1"/>
                                                        <instance name="dev04/Config/ch00020/source" order="0" value="DO_devCube022_dev04_ch00020:48:b"/>
                                                        <instance name="dev04/Config/ch00021/enable" order="1" value="1"/>
                                                        <instance name="dev01/Config/ch00004/Calibration_Sensor_Name" order="0" value="CalSensor4"/>
                                                        <instance name="dev04/Config/ch00023/source" order="0" value="DO_devCube022_dev04_ch00023:48:b"/>
                                                        <instance name="dev04/Config/ch00016/enable" order="1" value="1"/>
                                                        <instance name="dev01/Config/ch00011/Maximum_Range" order="0" value="24"/>
                                                        <instance name="dev04/Config/ch00002/rate" order="0" value="200"/>
                                                        <instance name="dev01/Config/ch00003/Calibration_Sensor_Calibration_Date" order="0" value="2020-01-01"/>
                                                        <instance name="dev01/Config/ch00015/Calibration_Sensor_Maximum_Range" order="0" value="423"/>
                                                        <instance name="dev04/Config/ch00020/DOut" order="0" value="0"/>
                                                        <instance name="dev01/Config/ch00014/EnableCB" order="0" value="1"/>
                                                        <instance name="dev01/Config/ch00019/Calibration_Sensor_Name" order="0" value="CalSensor19"/>
                                                        <instance name="dev04/Config/ch00006/rate" order="0" value="200"/>
                                                        <instance name="dev03/Config/ch00007/Calibration_Sensor_Table_Type" order="2" value="1"/>
                                                        <instance name="dev04/Config/ch00024/enable" order="1" value="1"/>
                                                        <instance name="dev04/Config/ch00019/DOut" order="0" value="0"/>
                                                        <instance name="dev04/Config/ch00021/source" order="0" value="DO_devCube022_dev04_ch00021:48:b"/>
                                                        <instance name="dev04/Config/ch00004/rate" order="0" value="200"/>
                                                        <instance name="dev04/Config/ch00023/enable" order="1" value="1"/>
                                                        <instance name="dev04/Config/ch00004/enable" order="1" value="1"/>
                                                        <instance name="dev01/Config/ch00018/EnableCB" order="0" value="1"/>
                                                        <instance name="dev01/Config/ch00012/Maximum_Range" order="0" value="24"/>
                                                        <instance name="dev04/Config/ch00003/rate" order="0" value="200"/>
                                                        <instance name="dev01/Config/ch00018/Calibration_Sensor_Input_Units" order="0" value="mA"/>
                                                        <instance name="dev01/Config/ch00013/Calibration_Sensor_Curve" order="0" value="&quot;{0,235.5}{1,6.875}&quot;"/>
                                                        <instance name="dev04/Config/ch00017/rate" order="0" value="200"/>
                                                        <instance name="dev04/Config/ch00008/rate" order="0" value="200"/>
                                                        <instance name="dev01/Config/ch00007/Calibration_Sensor_Input_Units" order="0" value="mA"/>
                                                        <instance name="dev04/Config/ch00024/source" order="0" value="DO_devCube022_dev04_ch00024:48:b"/>
                                                        <instance name="dev04/Config/ch00022/source" order="0" value="DO_devCube022_dev04_ch00022:48:b"/>
                                                        <instance name="dev04/Config/ch00021/rate" order="0" value="200"/>
                                                        <instance name="dev04/Config/ch00023/DOut" order="0" value="0"/>
                                                        <instance name="dev01/Config/ch00016/Calibration_Sensor_Maximum_Range" order="0" value="6000"/>
                                                        <instance name="dev04/Config/enable" order="1" value="1"/>
                                                        <instance name="dev04/Config/ch00019/rate" order="0" value="200"/>
                                                        <instance name="dev03/Config/ch00007/Calibration_Sensor_Maximum_Range" order="0" value="1123.15"/>
                                                        <instance name="dev01/Config/ch00013/Calibration_Sensor_Input_Units" order="0" value="mA"/>
                                                        <instance name="dev01/Config/ch00010/Calibration_Sensor_Table_Type" order="2" value="0"/>
                                                        <instance name="dev04/Config/High_Hysteresis" order="0" value="2.6"/>
                                                        <instance name="dev05/Config/ch00005/enable" order="1" value="1"/>
                                                        <instance name="dev05/Config/ch00001/enable" order="1" value="1"/>
                                                        <instance name="dev05/Config/ch00021/DOut" order="0" value="0"/>
                                                        <instance name="dev01/Config/ch00020/Calibration_Sensor_Name" order="0" value="CalSensor20"/>
                                                        <instance name="dev05/Config/ch00022/rate" order="0" value="200"/>
                                                        <instance name="dev01/Config/ch00017/Calibration_Sensor_Maximum_Range" order="0" value="180"/>
                                                        <instance name="dev05/Config/ch00017/enable" order="1" value="1"/>
                                                        <instance name="dev03/Config/ch00008/Calibration_Sensor_Table_Type" order="2" value="1"/>
                                                        <instance name="dev05/Config/ch00007/rate" order="0" value="200"/>
                                                        <instance name="dev05/Config/ch00022/DOut" order="0" value="0"/>
                                                        <instance name="dev05/Config/ch00014/enable" order="1" value="1"/>
                                                        <instance name="dev01/Config/ch00011/Calibration_Sensor_Table_Type" order="2" value="0"/>
                                                        <instance name="dev01/Config/ch00013/Maximum_Range" order="0" value="24"/>
                                                        <instance name="dev05/Config/ch00010/enable" order="1" value="1"/>
                                                        <instance name="dev05/Config/ch00019/source" order="0" value="DO_devCube022_dev05_ch00019:48:b"/>
                                                        <instance name="dev05/Config/ch00006/enable" order="1" value="1"/>
                                                        <instance name="dev05/Config/ch00011/rate" order="0" value="200"/>
                                                        <instance name="dev01/Config/ch00018/Calibration_Sensor_Maximum_Range" order="0" value="180"/>
                                                        <instance name="dev03/Config/ch00009/Calibration_Sensor_Table_Type" order="2" value="1"/>
                                                        <instance name="dev05/Config/ch00012/rate" order="0" value="200"/>
                                                        <instance name="dev01/Config/ch00021/Calibration_Sensor_Name" order="0" value="CalSensor21"/>
                                                        <instance name="dev05/Config/ch00023/rate" order="0" value="200"/>
                                                        <instance name="dev05/Config/Reference_Voltage" order="0" value="5"/>
                                                        <instance name="dev05/Config/ch00002/enable" order="1" value="1"/>
                                                        <instance name="dev01/Config/ch00016/Calibration_Sensor_Input_Units" order="0" value="mA"/>
                                                        <instance name="dev01/Config/ch00001/Minimum_Range" order="0" value="-24"/>
                                                        <instance name="dev05/Config/ch00013/source" order="0" value="DO_RRDigOut13:48:b"/>
                                                        <instance name="dev01/Config/ch00014/Maximum_Range" order="0" value="24"/>
                                                        <instance name="dev05/Config/ch00018/source" order="0" value="DO_devCube022_dev05_ch00018:48:b"/>
                                                        <instance name="dev03/Config/ch00010/Calibration_Sensor_Table_Type" order="2" value="1"/>
                                                        <instance name="dev01/Config/ch00005/Calibration_Sensor_Minimum_Range" order="0" value="0"/>
                                                        <instance name="dev05/Config/ch00014/rate" order="0" value="200"/>
                                                        <instance name="dev05/Config/ch00015/rate" order="0" value="200"/>
                                                        <instance name="dev05/Config/ch00016/source" order="0" value="DO_RRDigOut16:48:b"/>
                                                        <instance name="dev05/Config/ch00017/source" order="0" value="DO_devCube022_dev05_ch00017:48:b"/>
                                                        <instance name="dev05/Config/ch00011/enable" order="1" value="1"/>
                                                        <instance name="dev01/Config/ch00006/Calibration_Sensor_Minimum_Range" order="0" value="13"/>
                                                        <instance name="dev01/Config/ch00007/rate" order="0" value="100"/>
                                                        <instance name="dev01/Config/ch00002/rate" order="0" value="100"/>
                                                        <instance name="dev05/Config/ch00009/rate" order="0" value="200"/>
                                                        <instance name="dev01/Config/ch00017/Calibration_Sensor_Input_Units" order="0" value="mA"/>
                                                        <instance name="dev03/Config/ch00011/Calibration_Sensor_Table_Type" order="2" value="1"/>
                                                        <instance name="dev05/Config/ch00007/enable" order="1" value="1"/>
                                                        <instance name="dev01/Config/ch00015/Calibration_Sensor_Curve" order="0" value="&quot;{0,235.5}{1,6.875}&quot;"/>
                                                        <instance name="dev01/Config/ch00015/Maximum_Range" order="0" value="24"/>
                                                        <instance name="dev05/Config/ch00018/rate" order="0" value="200"/>
                                                        <instance name="dev05/Config/ch00020/rate" order="0" value="200"/>
                                                        <instance name="dev05/Config/ch00020/enable" order="1" value="1"/>
                                                        <instance name="dev05/Config/ch00018/enable" order="1" value="1"/>
                                                        <instance name="dev05/Config/ch00014/source" order="0" value="DO_RRDigOut14:48:b"/>
                                                        <instance name="dev05/Config/ch00013/DOut" order="0" value="0"/>
                                                        <instance name="dev05/Config/ch00015/source" order="0" value="DO_RRDigOut15:48:b"/>
                                                        <instance name="dev01/Config/ch00018/Calibration_Sensor_Curve" order="0" value="&quot;{0,-21.25}{1,9.0625}&quot;"/>
                                                        <instance name="dev01/Config/ch00012/Calibration_Sensor_Table_Type" order="2" value="0"/>
                                                        <instance name="dev05/Config/ch00024/DOut" order="0" value="0"/>
                                                        <instance name="dev01/Config/ch00024/Calibration_Sensor_Minimum_Range" order="0" value="-10"/>
                                                        <instance name="dev01/Config/ch00022/Calibration_Sensor_Name" order="0" value="CalSensor22"/>
                                                        <instance name="dev05/Config/ch00001/rate" order="0" value="200"/>
                                                        <instance name="dev01/Config/ch00014/Calibration_Sensor_Minimum_Range" order="0" value="0"/>
                                                        <instance name="dev05/Config/ch00014/DOut" order="0" value="0"/>
                                                        <instance name="dev05/Config/ch00008/enable" order="1" value="1"/>
                                                        <instance name="dev05/Config/ch00015/enable" order="1" value="1"/>
                                                        <instance name="dev05/Config/ch00024/rate" order="0" value="200"/>
                                                        <instance name="dev03/Config/ch00012/Calibration_Sensor_Table_Type" order="2" value="1"/>
                                                        <instance name="dev05/Config/ch00005/rate" order="0" value="200"/>
                                                        <instance name="dev05/Config/ch00015/DOut" order="0" value="0"/>
                                                        <instance name="dev01/Config/ch00019/Calibration_Sensor_Minimum_Range" order="0" value="0"/>
                                                        <instance name="dev01/Config/ch00019/Calibration_Sensor_Maximum_Range" order="0" value="4400"/>
                                                        <instance name="dev05/Config/ch00013/enable" order="1" value="1"/>
                                                        <instance name="dev05/Config/ch00003/enable" order="1" value="1"/>
                                                        <instance name="dev05/Config/Low_Hysteresis" order="0" value="2.4"/>
                                                        <instance name="dev01/Config/ch00023/Calibration_Sensor_Name" order="0" value="CalSensor23"/>
                                                        <instance name="dev01/Config/ch00004/Minimum_Range" order="0" value="-24"/>
                                                        <instance name="dev05/Config/ch00010/rate" order="0" value="200"/>
                                                        <instance name="dev03/Config/ch00012/RTDWireScheme" order="0" value="4"/>
                                                        <instance name="dev05/Config/ch00016/DOut" order="0" value="0"/>
                                                        <instance name="dev05/Config/ch00019/enable" order="1" value="1"/>
                                                        <instance name="dev05/Config/ch00012/enable" order="1" value="1"/>
                                                        <instance name="dev05/Config/ch00013/rate" order="0" value="200"/>
                                                        <instance name="dev01/Config/ch00005/rate" order="0" value="100"/>
                                                        <instance name="dev01/Config/ch00013/Calibration_Sensor_Table_Type" order="2" value="0"/>
                                                        <instance name="dev05/Config/ch00017/DOut" order="0" value="0"/>
                                                        <instance name="dev05/Config/ch00022/enable" order="1" value="1"/>
                                                        <instance name="dev05/Config/ch00018/DOut" order="0" value="0"/>
                                                        <instance name="dev05/Config/ch00016/rate" order="0" value="200"/>
                                                        <instance name="dev03/Config/ch00007/RTDRange" order="0" value="0"/>
                                                        <instance name="dev05/Config/ch00009/enable" order="1" value="1"/>
                                                        <instance name="dev01/Config/ch00016/Maximum_Range" order="0" value="24"/>
                                                        <instance name="dev01/Config/ch00024/Calibration_Sensor_Name" order="0" value="CalSensor24"/>
                                                        <instance name="dev05/Config/ch00020/source" order="0" value="DO_devCube022_dev05_ch00020:48:b"/>
                                                        <instance name="dev05/Config/ch00021/enable" order="1" value="1"/>
                                                        <instance name="dev01/Config/ch00022/Calibration_Sensor_Minimum_Range" order="0" value="0"/>
                                                        <instance name="dev01/Config/ch00002/Calibration_Sensor_Input_Units" order="0" value="mA"/>
                                                        <instance name="dev05/Config/ch00023/source" order="0" value="DO_devCube022_dev05_ch00023:48:b"/>
                                                        <instance name="dev01/Config/ch00014/Calibration_Sensor_Table_Type" order="2" value="0"/>
                                                        <instance name="dev05/Config/ch00016/enable" order="1" value="1"/>
                                                        <instance name="dev01/Config/ch00020/enable" order="1" value="1"/>
                                                        <instance name="dev05/Config/ch00002/rate" order="0" value="200"/>
                                                        <instance name="dev05/Config/ch00020/DOut" order="0" value="0"/>
                                                        <instance name="dev05/Config/ch00006/rate" order="0" value="200"/>
                                                        <instance name="dev05/Config/ch00024/enable" order="1" value="1"/>
                                                        <instance name="dev05/Config/ch00019/DOut" order="0" value="0"/>
                                                        <instance name="dev01/Config/ch00008/EnableCB" order="0" value="1"/>
                                                        <instance name="dev01/Config/ch00006/Calibration_Sensor_Calibration_Date" order="0" value="2020-01-01"/>
                                                        <instance name="dev01/Config/ch00007/Minimum_Range" order="0" value="-24"/>
                                                        <instance name="dev05/Config/ch00021/source" order="0" value="DO_devCube022_dev05_ch00021:48:b"/>
                                                        <instance name="dev01/Config/ch00008/rate" order="0" value="100"/>
                                                        <instance name="dev01/Config/ch00001/Calibration_Sensor_Maximum_Range" order="0" value="423"/>
                                                        <instance name="dev01/Config/ch00015/Calibration_Sensor_Table_Type" order="2" value="0"/>
                                                        <instance name="dev05/Config/ch00004/rate" order="0" value="200"/>
                                                        <instance name="dev05/Config/ch00023/enable" order="1" value="1"/>
                                                        <instance name="dev05/Config/ch00004/enable" order="1" value="1"/>
                                                        <instance name="dev05/Config/ch00003/rate" order="0" value="200"/>
                                                        <instance name="dev05/Config/ch00017/rate" order="0" value="200"/>
                                                        <instance name="dev05/Config/ch00008/rate" order="0" value="200"/>
                                                        <instance name="dev05/Config/ch00024/source" order="0" value="DO_devCube022_dev05_ch00024:48:b"/>
                                                        <instance name="dev01/Config/ch00020/Calibration_Sensor_Maximum_Range" order="0" value="800"/>
                                                        <instance name="dev05/Config/ch00022/source" order="0" value="DO_devCube022_dev05_ch00022:48:b"/>
                                                        <instance name="dev01/Config/ch00023/EnableCB" order="0" value="1"/>
                                                        <instance name="dev01/Config/ch00017/Maximum_Range" order="0" value="24"/>
                                                        <instance name="dev05/Config/ch00021/rate" order="0" value="200"/>
                                                        <instance name="dev01/Config/ch00015/EnableCB" order="0" value="1"/>
                                                        <instance name="dev05/Config/ch00023/DOut" order="0" value="0"/>
                                                        <instance name="dev01/Config/ch00023/enable" order="1" value="1"/>
                                                        <instance name="dev05/Config/enable" order="1" value="1"/>
                                                        <instance name="dev05/Config/ch00019/rate" order="0" value="200"/>
                                                        <instance name="dev05/Config/High_Hysteresis" order="0" value="2.6"/>
                                                        <instance name="dev06/Config/ch00001/enable" order="1" value="1"/>
                                                        <instance name="dev01/Config/ch00019/EnableCB" order="0" value="1"/>
                                                        <instance name="dev03/Config/ch00007/enable" order="1" value="1"/>
                                                        <instance name="dev06/Config/ch00002/z_tooth_sz" order="0" value="0"/>
                                                        <instance name="dev06/Config/ch00004/enable" order="1" value="1"/>
                                                        <instance name="dev06/Config/ch00002/cntr_latch" order="0" value="1"/>
                                                        <instance name="dev01/Config/ch00009/enable" order="1" value="1"/>
                                                        <instance name="dev01/Config/ch00016/Calibration_Sensor_Table_Type" order="2" value="0"/>
                                                        <instance name="dev06/Config/ch00004/rate" order="0" value="33"/>
                                                        <instance name="dev06/Config/ch00005/enable" order="1" value="1"/>
                                                        <instance name="dev06/Config/ch00005/rate" order="0" value="33"/>
                                                        <instance name="dev01/Config/ch00012/enable" order="1" value="1"/>
                                                        <instance name="dev06/Config/ch00002/adaptive_threshold" order="0" value="0"/>
                                                        <instance name="dev01/Config/ch00005/Calibration_Sensor_Name" order="0" value="CalSensor5"/>
                                                        <instance name="dev01/Config/ch00021/Calibration_Sensor_Maximum_Range" order="0" value="820"/>
                                                        <instance name="dev06/Config/ch00006/enable" order="1" value="1"/>
                                                        <instance name="dev06/Config/ch00007/enable" order="1" value="1"/>
                                                        <instance name="dev06/Config/ch00008/enable" order="1" value="1"/>
                                                        <instance name="dev06/Config/ch00002/num_teeth" order="0" value="60"/>
                                                        <instance name="dev06/Config/ch00001/rate" order="0" value="33"/>
                                                        <instance name="dev01/Config/ch00017/Calibration_Sensor_Table_Type" order="2" value="0"/>
                                                        <instance name="dev01/Config/ch00018/Maximum_Range" order="0" value="24"/>
                                                        <instance name="dev06/Config/ch00001/cntr_timeout" order="0" value="2"/>
                                                        <instance name="dev06/Config/ch00002/cntr_timeout" order="0" value="2"/>
                                                        <instance name="dev01/Config/ch00007/enable" order="1" value="1"/>
                                                        <instance name="dev03/Config/ch00011/enable" order="1" value="1"/>
                                                        <instance name="dev06/Config/ch00001/front_cfg" order="0" value="0"/>
                                                        <instance name="dev01/Config/ch00022/Calibration_Sensor_Maximum_Range" order="0" value="820"/>
                                                        <instance name="dev06/Config/ch00006/rate" order="0" value="33"/>
                                                        <instance name="dev01/Config/ch00009/rate" order="0" value="100"/>
                                                        <instance name="dev06/Config/ch00007/rate" order="0" value="33"/>
                                                        <instance name="dev06/Config/ch00008/rate" order="0" value="33"/>
                                                        <instance name="dev06/Config/adc_rate" order="1" value="10000"/>
                                                        <instance name="dev06/Config/ch00002/enable" order="1" value="1"/>
                                                        <instance name="dev01/Config/ch00008/Calibration_Sensor_Curve" order="0" value="&quot;{0,-21.25}{1,9.0625}&quot;"/>
                                                        <instance name="dev01/Config/ch00019/Calibration_Sensor_Input_Units" order="0" value="mA"/>
                                                        <instance name="dev03/Config/ch00008/enable" order="1" value="1"/>
                                                        <instance name="dev06/Config/ch00001/apt_th" order="0" value="1"/>
                                                        <instance name="dev01/Config/ch00007/Calibration_Sensor_Calibration_Date" order="0" value="2020-01-01"/>
                                                        <instance name="dev01/Config/ch00023/Calibration_Sensor_Maximum_Range" order="0" value="200"/>
                                                        <instance name="dev06/Config/ch00001/timed_rate" order="0" value="0.1"/>
                                                        <instance name="dev06/Config/ch00002/apt_th" order="0" value="1"/>
                                                        <instance name="dev06/Config/ch00001/apt_div" order="0" value="2"/>
                                                        <instance name="dev06/Config/ch00002/apt_div" order="0" value="2"/>
                                                        <instance name="dev06/Config/ch00001/cntr_latch" order="0" value="1"/>
                                                        <instance name="dev01/Config/ch00011/Minimum_Range" order="0" value="-24"/>
                                                        <instance name="dev06/Config/ch00002/rate" order="0" value="33"/>
                                                        <instance name="dev03/Config/ch00012/RTDRange" order="0" value="0"/>
                                                        <instance name="dev06/Config/ch00002/front_cfg" order="0" value="0"/>
                                                        <instance name="dev01/Config/ch00018/Calibration_Sensor_Table_Type" order="2" value="0"/>
                                                        <instance name="dev06/Config/ch00001/mv_avg" order="0" value="0"/>
                                                        <instance name="dev01/Config/ch00001/rate" order="0" value="100"/>
                                                        <instance name="dev06/Config/ch00002/mv_avg" order="0" value="0"/>
                                                        <instance name="dev01/Config/ch00013/enable" order="1" value="1"/>
                                                        <instance name="dev06/Config/ch00003/enable" order="1" value="1"/>
                                                        <instance name="dev06/Config/ch00001/num_teeth" order="0" value="60"/>
                                                        <instance name="dev06/Config/ch00001/adaptive_threshold" order="0" value="0"/>
                                                        <instance name="dev06/Config/ch00002/timed_rate" order="0" value="0.1"/>
                                                        <instance name="dev01/Config/ch00019/Calibration_Sensor_Curve" order="0" value="&quot;{0,-990}{1,247.5}&quot;"/>
                                                        <instance name="dev06/Config/ch00001/zc_level" order="0" value="0"/>
                                                        <instance name="dev06/Config/ch00002/zc_level" order="0" value="0"/>
                                                        <instance name="dev01/Config/ch00010/rate" order="0" value="100"/>
                                                        <instance name="dev01/Config/ch00019/Calibration_Sensor_Table_Type" order="2" value="0"/>
                                                        <instance name="dev01/Config/ch00024/Calibration_Sensor_Maximum_Range" order="0" value="200"/>
                                                        <instance name="dev06/Config/ch00003/rate" order="0" value="33"/>
                                                        <instance name="dev06/Config/ch00001/z_tooth_sz" order="0" value="0"/>
                                                        <instance name="dev01/Config/ch00007/Calibration_Sensor_Minimum_Range" order="0" value="13"/>
                                                        <instance name="dev01/Config/ch00008/Calibration_Sensor_Calibration_Date" order="0" value="2020-01-01"/>
                                                        <instance name="dev01/Config/ch00011/rate" order="0" value="100"/>
                                                        <instance name="dev03/Config/ch00008/Calibration_Sensor_Maximum_Range" order="0" value="1123.15"/>
                                                        <instance name="dev01/Config/ch00012/rate" order="0" value="100"/>
                                                        <instance name="dev01/Config/ch00013/rate" order="0" value="100"/>
                                                        <instance name="dev01/Config/ch00014/rate" order="0" value="100"/>
                                                        <instance name="dev01/Config/ch00012/Minimum_Range" order="0" value="-24"/>
                                                        <instance name="dev01/Config/ch00015/rate" order="0" value="100"/>
                                                        <instance name="dev01/Config/ch00001/Calibration_Sensor_Minimum_Range" order="0" value="0"/>
                                                        <instance name="dev01/Config/ch00020/Calibration_Sensor_Table_Type" order="2" value="0"/>
                                                        <instance name="dev01/Config/ch00004/enable" order="1" value="1"/>
                                                        <instance name="dev01/Config/ch00018/enable" order="1" value="1"/>
                                                        <instance name="dev01/Config/ch00016/rate" order="0" value="100"/>
                                                        <instance name="dev03/Config/ch00009/enable" order="1" value="1"/>
                                                        <instance name="dev01/Config/ch00019/Minimum_Range" order="0" value="-24"/>
                                                        <instance name="dev01/Config/ch00009/Calibration_Sensor_Calibration_Date" order="0" value="2020-01-01"/>
                                                        <instance name="dev01/Config/ch00008/Calibration_Sensor_Minimum_Range" order="0" value="13"/>
                                                        <instance name="dev01/Config/ch00017/rate" order="0" value="100"/>
                                                        <instance name="dev01/Config/ch00024/Minimum_Range" order="0" value="-24"/>
                                                        <instance name="dev01/Config/ch00018/rate" order="0" value="100"/>
                                                        <instance name="dev01/Config/ch00019/Calibration_Sensor_Output_Units" order="0" value="gph_UK"/>
                                                        <instance name="dev01/Config/ch00001/Calibration_Sensor_Name" order="0" value="CalSensor1"/>
                                                        <instance name="dev01/Config/ch00019/rate" order="0" value="100"/>
                                                        <instance name="dev01/Config/ch00020/Calibration_Sensor_Input_Units" order="0" value="mA"/>
                                                        <instance name="dev03/Config/ch00010/enable" order="1" value="1"/>
                                                        <instance name="dev01/Config/ch00020/rate" order="0" value="100"/>
                                                        <instance name="dev01/Config/ch00021/rate" order="0" value="100"/>
                                                        <instance name="dev01/Config/ch00022/rate" order="0" value="100"/>
                                                        <instance name="dev01/Config/ch00002/enable" order="1" value="1"/>
                                                        <instance name="dev01/Config/ch00023/rate" order="0" value="100"/>
                                                        <instance name="dev01/Config/ch00022/enable" order="1" value="1"/>
                                                        <instance name="dev01/Config/ch00001/Calibration_Sensor_Calibration_Date" order="0" value="2020-01-01"/>
                                                        <instance name="dev01/Config/ch00009/Calibration_Sensor_Minimum_Range" order="0" value="0"/>
                                                        <instance name="dev01/Config/ch00002/Calibration_Sensor_Minimum_Range" order="0" value="0"/>
                                                        <instance name="dev01/Config/ch00008/Calibration_Sensor_Input_Units" order="0" value="mA"/>
                                                        <instance name="dev01/Config/ch00006/Minimum_Range" order="0" value="-24"/>
                                                        <instance name="dev01/Config/ch00024/rate" order="0" value="100"/>
                                                        <instance name="dev01/Config/ch00005/Calibration_Sensor_Input_Units" order="0" value="mA"/>
                                                        <instance name="dev01/Config/ch00001/EnableCB" order="0" value="1"/>
                                                        <instance name="dev01/Config/ch00005/enable" order="1" value="1"/>
                                                        <instance name="dev01/Config/ch00002/EnableCB" order="0" value="1"/>
                                                        <instance name="dev01/Config/ch00003/EnableCB" order="0" value="1"/>
                                                        <instance name="dev01/Config/ch00004/EnableCB" order="0" value="1"/>
                                                        <instance name="dev01/Config/ch00005/EnableCB" order="0" value="1"/>
                                                        <instance name="dev01/Config/ch00015/Minimum_Range" order="0" value="-24"/>
                                                        <instance name="dev01/Config/ch00003/Calibration_Sensor_Minimum_Range" order="0" value="0"/>
                                                        <instance name="dev03/Config/ch00012/enable" order="1" value="1"/>
                                                        <instance name="dev01/Config/ch00006/EnableCB" order="0" value="1"/>
                                                        <instance name="dev01/Config/ch00007/EnableCB" order="0" value="1"/>
                                                        <instance name="dev01/Config/ch00009/EnableCB" order="0" value="1"/>
                                                        <instance name="dev01/Config/ch00021/Calibration_Sensor_Input_Units" order="0" value="mA"/>
                                                        <instance name="dev01/Config/ch00010/Calibration_Sensor_Calibration_Date" order="0" value="2020-01-01"/>
                                                        <instance name="dev01/Config/ch00011/Calibration_Sensor_Calibration_Date" order="0" value="2020-01-01"/>
                                                        <instance name="dev01/Config/ch00012/Calibration_Sensor_Calibration_Date" order="0" value="2020-01-01"/>
                                                        <instance name="dev01/Config/ch00013/Calibration_Sensor_Calibration_Date" order="0" value="2020-01-01"/>
                                                        <instance name="dev01/Config/ch00020/Maximum_Range" order="0" value="24"/>
                                                        <instance name="dev01/Config/ch00014/Calibration_Sensor_Calibration_Date" order="0" value="2020-01-01"/>
                                                        <instance name="dev03/Config/ch00001/rate" order="0" value="100"/>
                                                        <instance name="dev01/Config/ch00004/Calibration_Sensor_Minimum_Range" order="0" value="0"/>
                                                        <instance name="dev01/Config/ch00015/Calibration_Sensor_Calibration_Date" order="0" value="2020-01-01"/>
                                                        <instance name="dev01/Config/ch00014/Calibration_Sensor_Input_Units" order="0" value="mA"/>
                                                        <instance name="dev01/Config/ch00016/Calibration_Sensor_Calibration_Date" order="0" value="2020-01-01"/>
                                                        <instance name="dev01/Config/ch00008/Minimum_Range" order="0" value="-24"/>
                                                        <instance name="dev01/Config/ch00022/Calibration_Sensor_Input_Units" order="0" value="mA"/>
                                                        <instance name="dev01/Config/ch00010/EnableCB" order="0" value="1"/>
                                                        <instance name="dev01/Config/ch00017/Calibration_Sensor_Calibration_Date" order="0" value="2020-01-01"/>
                                                        <instance name="dev01/Config/ch00018/Calibration_Sensor_Calibration_Date" order="0" value="2020-01-01"/>
                                                        <instance name="dev01/Config/ch00019/Calibration_Sensor_Calibration_Date" order="0" value="2020-01-01"/>
                                                        <instance name="dev02/Config/ch00008/enable" order="1" value="1"/>
                                                        <instance name="dev01/Config/ch00024/EnableCB" order="0" value="1"/>
                                                        <instance name="dev01/Config/ch00024/enable" order="1" value="1"/>
                                                        <instance name="dev02/Config/ch00001/enable" order="1" value="1"/>
                                                        <instance name="dev01/Config/ch00020/Calibration_Sensor_Calibration_Date" order="0" value="2020-01-01"/>
                                                        <instance name="dev01/Config/ch00021/Calibration_Sensor_Calibration_Date" order="0" value="2020-01-01"/>
                                                        <instance name="dev01/Config/ch00022/Calibration_Sensor_Calibration_Date" order="0" value="2020-01-01"/>
                                                        <instance name="dev01/Config/ch00021/Maximum_Range" order="0" value="24"/>
                                                        <instance name="dev01/Config/ch00023/Calibration_Sensor_Calibration_Date" order="0" value="2020-01-01"/>
                                                        <instance name="dev01/Config/ch00002/Minimum_Range" order="0" value="-24"/>
                                                        <instance name="dev01/Config/ch00015/Calibration_Sensor_Input_Units" order="0" value="mA"/>
                                                        <instance name="dev01/Config/ch00011/EnableCB" order="0" value="1"/>
                                                        <instance name="dev03/Config/ch00002/rate" order="0" value="100"/>
                                                        <instance name="dev01/Config/ch00015/Calibration_Sensor_Minimum_Range" order="0" value="0"/>
                                                        <instance name="dev01/Config/ch00024/Calibration_Sensor_Calibration_Date" order="0" value="2020-01-01"/>
                                                        <instance name="dev01/Config/ch00012/Calibration_Sensor_Minimum_Range" order="0" value="0"/>
                                                        <instance name="dev01/Config/ch00001/Calibration_Sensor_Curve" order="0" value="&quot;{0,235.5}{1,6.875}&quot;"/>
                                                        <instance name="dev01/Config/ch00002/Calibration_Sensor_Curve" order="0" value="&quot;{0,-25}{1,6.25}&quot;"/>
                                                        <instance name="dev01/Config/ch00003/Calibration_Sensor_Curve" order="0" value="&quot;{0,235.5}{1,6.875}&quot;"/>
                                                        <instance name="dev01/Config/ch00004/Calibration_Sensor_Curve" order="0" value="&quot;{0,235.5}{1,6.875}&quot;"/>
                                                        <instance name="dev01/Config/ch00005/Calibration_Sensor_Curve" order="0" value="&quot;{0,235.5}{1,6.875}&quot;"/>
                                                        <instance name="dev01/Config/ch00016/Minimum_Range" order="0" value="-24"/>
                                                        <instance name="dev01/Config/ch00014/Minimum_Range" order="0" value="-24"/>
                                                        <instance name="dev03/Config/ch00012/Calibration_Sensor_Maximum_Range" order="0" value="1123.15"/>
                                                        <instance name="dev01/Config/ch00006/Calibration_Sensor_Curve" order="0" value="&quot;{0,-1431.25}{1,361.5625}&quot;"/>
                                                        <instance name="dev01/Config/ch00007/Calibration_Sensor_Curve" order="0" value="&quot;{0,-21.25}{1,9.0625}&quot;"/>
                                                        <instance name="dev01/Config/ch00009/Calibration_Sensor_Curve" order="0" value="&quot;{0,-990}{1,247.5}&quot;"/>
                                                        <instance name="dev02/Config/ch00001/Maximum_Range" order="0" value="5"/>
                                                        <instance name="dev01/Config/ch00023/Calibration_Sensor_Input_Units" order="0" value="mA"/>
                                                        <instance name="dev01/Config/ch00024/Calibration_Sensor_Input_Units" order="0" value="mA"/>
                                                        <instance name="dev01/Config/ch00001/Calibration_Sensor_Output_Units" order="0" value="K"/>
                                                        <instance name="dev01/Config/ch00002/Calibration_Sensor_Output_Units" order="0" value="%"/>
                                                        <instance name="dev01/Config/ch00018/Minimum_Range" order="0" value="-24"/>
                                                        <instance name="dev01/Config/ch00003/Calibration_Sensor_Output_Units" order="0" value="K"/>
                                                        <instance name="dev01/Config/ch00006/Calibration_Sensor_Name" order="0" value="CalSensor6"/>
                                                        <instance name="dev01/Config/ch00010/enable" order="1" value="1"/>
                                                        <instance name="dev01/Config/ch00020/Calibration_Sensor_Minimum_Range" order="0" value="0"/>
                                                        <instance name="dev01/Config/ch00004/Calibration_Sensor_Output_Units" order="0" value="K"/>
                                                        <instance name="dev01/Config/ch00010/Calibration_Sensor_Input_Units" order="0" value="mA"/>
                                                        <instance name="dev02/Config/ch00001/Minimum_Range" order="0" value="-5"/>
                                                        <instance name="dev01/Config/ch00010/Calibration_Sensor_Curve" order="0" value="&quot;{0,-175}{1,43.75}&quot;"/>
                                                        <instance name="dev01/Config/ch00005/Calibration_Sensor_Output_Units" order="0" value="K"/>
                                                        <instance name="dev01/Config/ch00006/Calibration_Sensor_Output_Units" order="0" value="psia"/>
                                                        <instance name="dev01/Config/ch00007/Calibration_Sensor_Output_Units" order="0" value="psia"/>
                                                        <instance name="dev01/Config/ch00005/Minimum_Range" order="0" value="-24"/>
                                                        <instance name="dev03/Config/ch00003/rate" order="0" value="100"/>
                                                        <instance name="dev01/Config/ch00008/Calibration_Sensor_Output_Units" order="0" value="psia"/>
                                                        <instance name="dev01/Config/ch00009/Calibration_Sensor_Output_Units" order="0" value="gph_UK"/>
                                                        <instance name="dev01/Config/ch00010/Calibration_Sensor_Output_Units" order="0" value="gph_UK"/>
                                                        <instance name="dev01/Config/ch00022/Calibration_Sensor_Table_Type" order="2" value="0"/>
                                                        <instance name="dev01/Config/ch00011/Calibration_Sensor_Output_Units" order="0" value="K"/>
                                                        <instance name="dev01/Config/ch00003/Calibration_Sensor_Input_Units" order="0" value="mA"/>
                                                        <instance name="dev01/Config/ch00021/Calibration_Sensor_Minimum_Range" order="0" value="0"/>
                                                        <instance name="dev01/Config/ch00011/Calibration_Sensor_Curve" order="0" value="&quot;{0,235.5}{1,6.875}&quot;"/>
                                                        <instance name="dev01/Config/ch00016/EnableCB" order="0" value="1"/>
                                                        <instance name="dev01/Config/ch00012/Calibration_Sensor_Output_Units" order="0" value="%"/>
                                                        <instance name="dev01/Config/ch00013/EnableCB" order="0" value="1"/>
                                                        <instance name="dev01/Config/ch00013/Calibration_Sensor_Output_Units" order="0" value="K"/>
                                                        <instance name="dev01/Config/ch00020/Minimum_Range" order="0" value="-24"/>
                                                        <instance name="dev01/Config/ch00014/Calibration_Sensor_Output_Units" order="0" value="K"/>
                                                        <instance name="dev01/Config/ch00015/Calibration_Sensor_Output_Units" order="0" value="K"/>
                                                        <instance name="dev01/Config/ch00016/Calibration_Sensor_Output_Units" order="0" value="psia"/>
                                                        <instance name="dev01/Config/ch00014/enable" order="1" value="1"/>
                                                        <instance name="dev02/Config/ch00001/rate" order="0" value="200"/>
                                                        <instance name="dev01/Config/ch00017/Calibration_Sensor_Output_Units" order="0" value="psia"/>
                                                        <instance name="dev01/Config/ch00018/Calibration_Sensor_Output_Units" order="0" value="psia"/>
                                                        <instance name="dev01/Config/ch00020/Calibration_Sensor_Output_Units" order="0" value="gph_UK"/>
                                                        <instance name="dev03/Config/ch00004/rate" order="0" value="100"/>
                                                        <instance name="dev02/Config/ch00002/enable" order="1" value="1"/>
                                                        <instance name="dev02/Config/ch00002/Maximum_Range" order="0" value="5"/>
                                                        <instance name="dev02/Config/ch00002/Minimum_Range" order="0" value="-5"/>
                                                        <instance name="dev01/Config/ch00006/rate" order="0" value="100"/>
                                                        <instance name="dev02/Config/ch00002/rate" order="0" value="200"/>
                                                        <instance name="dev02/Config/ch00003/enable" order="1" value="1"/>
                                                        <instance name="dev02/Config/ch00003/Maximum_Range" order="0" value="5"/>
                                                        <instance name="dev01/Config/ch00020/EnableCB" order="0" value="1"/>
                                                        <instance name="dev02/Config/ch00003/Minimum_Range" order="0" value="-5"/>
                                                        <instance name="dev01/Config/ch00016/Calibration_Sensor_Minimum_Range" order="0" value="13"/>
                                                        <instance name="dev03/Config/ch00005/rate" order="0" value="100"/>
                                                        <instance name="dev01/Config/ch00021/Calibration_Sensor_Output_Units" order="0" value="kg/m^3"/>
                                                        <instance name="dev02/Config/ch00003/rate" order="0" value="200"/>
                                                        <instance name="dev02/Config/ch00004/enable" order="1" value="1"/>
                                                        <instance name="dev02/Config/ch00004/Maximum_Range" order="0" value="5"/>
                                                        <instance name="dev02/Config/ch00004/Minimum_Range" order="0" value="-5"/>
                                                        <instance name="dev02/Config/ch00004/rate" order="0" value="200"/>
                                                        <instance name="dev02/Config/ch00005/enable" order="1" value="1"/>
                                                        <instance name="dev01/Config/ch00002/Calibration_Sensor_Name" order="0" value="CalSensor2"/>
                                                        <instance name="dev02/Config/ch00005/Maximum_Range" order="0" value="5"/>
                                                        <instance name="dev02/Config/ch00005/Minimum_Range" order="0" value="-5"/>
                                                        <instance name="dev01/Config/ch00010/Calibration_Sensor_Minimum_Range" order="0" value="0"/>
                                                        <instance name="dev01/Config/ch00021/EnableCB" order="0" value="1"/>
                                                        <instance name="dev01/Config/ch00022/Calibration_Sensor_Output_Units" order="0" value="kg/m^3"/>
                                                        <instance name="dev01/Config/ch00016/Calibration_Sensor_Curve" order="0" value="&quot;{0,-1431.25}{1,361.5625}&quot;"/>
                                                        <instance name="dev02/Config/ch00005/rate" order="0" value="200"/>
                                                        <instance name="dev02/Config/ch00006/enable" order="1" value="1"/>
                                                        <instance name="dev02/Config/ch00006/Maximum_Range" order="0" value="5"/>
                                                        <instance name="dev02/Config/ch00006/Minimum_Range" order="0" value="-5"/>
                                                        <instance name="dev02/Config/ch00006/rate" order="0" value="200"/>
                                                        <instance name="dev02/Config/ch00007/enable" order="1" value="1"/>
                                                        <instance name="dev02/Config/ch00007/Maximum_Range" order="0" value="5"/>
                                                        <instance name="dev03/Config/ch00006/rate" order="0" value="100"/>
                                                        <instance name="dev02/Config/ch00007/Minimum_Range" order="0" value="-5"/>
                                                        <instance name="dev01/Config/ch00003/Calibration_Sensor_Name" order="0" value="CalSensor3"/>
                                                        <instance name="dev02/Config/ch00008/Maximum_Range" order="0" value="5"/>
                                                        <instance name="dev03/Config/ch00007/rate" order="0" value="100"/>
                                                        <instance name="dev03/Config/ch00009/Calibration_Sensor_Maximum_Range" order="0" value="1123.15"/>
                                                        <instance name="dev03/Config/ch00001/RTDWireScheme" order="0" value="4"/>
                                                        <instance name="dev01/Config/ch00004/Calibration_Sensor_Calibration_Date" order="0" value="2020-01-01"/>
                                                        <instance name="dev03/Config/ch00002/enable" order="1" value="1"/>
                                                        <instance name="dev03/Config/ch00008/rate" order="0" value="100"/>
                                                        <instance name="dev03/Config/ch00009/rate" order="0" value="100"/>
                                                        <instance name="dev01/Config/ch00020/Calibration_Sensor_Curve" order="0" value="&quot;{0,-175}{1,43.75}&quot;"/>
                                                        <instance name="dev01/Config/ch00007/Calibration_Sensor_Name" order="0" value="CalSensor7"/>
                                                        <instance name="dev01/Config/ch00013/Minimum_Range" order="0" value="-24"/>
                                                        <instance name="dev02/Config/ch00008/Minimum_Range" order="0" value="-5"/>
                                                        <instance name="dev03/Config/ch00008/RTDRange" order="0" value="0"/>
                                                        <instance name="dev03/Config/ch00010/rate" order="0" value="100"/>
                                                        <instance name="dev03/Config/ch00011/rate" order="0" value="100"/>
                                                        <instance name="dev03/Config/ch00012/rate" order="0" value="100"/>
                                                        <instance name="dev03/Config/ch00001/LeadRes" order="0" value="0"/>
                                                        <instance name="dev03/Config/ch00002/LeadRes" order="0" value="0"/>
                                                        <instance name="dev01/Config/ch00001/Maximum_Range" order="0" value="24"/>
                                                        <instance name="dev03/Config/ch00003/LeadRes" order="0" value="0"/>
                                                        <instance name="dev03/Config/ch00010/Calibration_Sensor_Maximum_Range" order="0" value="1123.15"/>
                                                        <instance name="dev01/Config/ch00021/Calibration_Sensor_Curve" order="0" value="&quot;{0,770}{1,2.5}&quot;"/>
                                                        <instance name="dev02/Config/ch00008/rate" order="0" value="200"/>
                                                        <instance name="dev01/Config/ch00002/Calibration_Sensor_Maximum_Range" order="0" value="110"/>
                                                        <instance name="dev03/Config/ch00004/LeadRes" order="0" value="0"/>
                                                        <instance name="dev03/Config/ch00005/enable" order="1" value="1"/>
                                                        <instance name="dev01/Config/ch00016/enable" order="1" value="1"/>
                                                        <instance name="dev01/Config/ch00008/Calibration_Sensor_Name" order="0" value="CalSensor8"/>
                                                        <instance name="dev03/Config/ch00005/LeadRes" order="0" value="0"/>
                                                        <instance name="dev03/Config/ch00009/RTDRange" order="0" value="0"/>
                                                        <instance name="dev03/Config/ch00003/enable" order="1" value="1"/>
                                                        <instance name="dev03/Config/ch00006/LeadRes" order="0" value="0"/>
                                                        <instance name="dev01/Config/ch00021/enable" order="1" value="1"/>
                                                    </attributes>
                                                </instance>
                                            </serial-numbers>
                                        </instance>
                                    </models>
                                </instance>
                            </vendors>
                        </instance>
                    </subsystems>
                    <transient-logs/>
                    <uuts>
                        <instance name="uut1" uut-description="">
                            <bpts/>
                            <channels>
                                <instance name="r1dev204dev02ch21" acquisition-rate="100" alternate-name="" calibration-group="" calibration-sensor="" customer-sensor="" data-type="float" deadband="0" description="Fuel density 01" display-format="4.2f" display-range-maximum="820" display-range-minimum="780" domain-id="6" engineering-unit="kg/m3" export-for-steady-state="true" fixed-sensor="" fullset-stability="false" gid="4232" group="Facility" idds-hardware-name="dev02/ch00021" is-continuous-log="true" is-critical="false" is-enabled="true" logical-id="devCubeRugged1" partition="Streaming" quality-ceiling="good" rtd-reference-channel="" signal-id="DCU13_PosA8-2_IO01" subsystem-name="IDDS" subsystem-type="iDDS" topic="ParameterDataValue">
                                    <alarm-limits/>
                                </instance>
                                <instance name="r1dev4042dev04ch17" acquisition-rate="200" alternate-name="" calibration-group="" calibration-sensor="" customer-sensor="" data-type="boolean" description="BarRefSOV1Out - input from cube to RTE. Reference maifold isolation reference feedback" display-format="False/Reference Manifold Isolated" domain-id="6" export-for-steady-state="false" fixed-sensor="" fullset-stability="false" gid="4276" group="Facility" idds-hardware-name="dev04/ch00017" is-continuous-log="true" is-critical="false" is-enabled="true" logical-id="devCubeRugged1" partition="Streaming" quality-ceiling="good" rtd-reference-channel="" signal-id="DCU13_PosA2-3_IO01" subsystem-name="IDDS" subsystem-type="iDDS" topic="ParameterDataValue">
                                    <alarm-limits/>
                                </instance>
                                <instance name="r1dev4042dev04ch05" acquisition-rate="200" alternate-name="" calibration-group="" calibration-sensor="" customer-sensor="" data-type="boolean" description="PBS High Pressure Purge Air / Press Low = True." display-format="False/Purge Air High Source has Low Pressure" domain-id="6" export-for-steady-state="false" fixed-sensor="" fullset-stability="false" gid="4264" group="Facility" idds-hardware-name="dev04/ch00005" is-continuous-log="true" is-critical="false" is-enabled="true" logical-id="devCubeRugged1" partition="Streaming" quality-ceiling="good" rtd-reference-channel="" signal-id="DCU13_PosA2-3_IO01" subsystem-name="IDDS" subsystem-type="iDDS" topic="ParameterDataValue">
                                    <alarm-limits>
                                        <instance alarm-type="disc">
                                            <severity>
                                                <instance alarm-severity="alarm" constant-limit-value="true" is-constant="true">
                                                    <alarm-actions>
                                                        <instance action-type="event-comment" event-comment="Warning - PBS High pressure purge supply pressure below limit" priority="high" trigger-on-positive="true"/>
                                                    </alarm-actions>
                                                </instance>
                                            </severity>
                                        </instance>
                                    </alarm-limits>
                                </instance>
                                <instance name="r1dev222dev01ch06" acquisition-rate="100" alternate-name="" calibration-group="" calibration-sensor="" customer-sensor="" data-type="float" deadband="0" description="EngineRBT17" display-format="4.2f" display-range-maximum="1200" display-range-minimum="-20" domain-id="6" engineering-unit="Ohm" export-for-steady-state="true" fixed-sensor="" fullset-stability="false" gid="4205" group="ATP Calibration" idds-hardware-name="dev01/ch00006" is-continuous-log="true" is-critical="false" is-enabled="true" logical-id="devCubeRugged1" partition="Streaming" quality-ceiling="good" rtd-reference-channel="" signal-id="JB1001_Pos5_IO02" subsystem-name="IDDS" subsystem-type="iDDS" topic="ParameterDataValue">
                                    <alarm-limits/>
                                </instance>
                                <instance name="r1dev4042dev04ch01" acquisition-rate="200" alternate-name="" calibration-group="" calibration-sensor="" customer-sensor="" data-type="boolean" description="EStopAct - input from cube to RTE. Emergency Stop Activated indication" display-format="False/Emergency Stop Active" domain-id="6" export-for-steady-state="false" fixed-sensor="" fullset-stability="false" gid="4260" group="Facility" idds-hardware-name="dev04/ch00001" is-continuous-log="true" is-critical="false" is-enabled="true" logical-id="devCubeRugged1" partition="Streaming" quality-ceiling="good" rtd-reference-channel="" signal-id="DCU13_PosA2-3_IO01" subsystem-name="IDDS" subsystem-type="iDDS" topic="ParameterDataValue">
                                    <alarm-limits/>
                                </instance>
                                <instance name="r1dev204dev02ch22" acquisition-rate="100" alternate-name="" calibration-group="" calibration-sensor="" customer-sensor="" data-type="float" deadband="0" description="Fuel density 02" display-format="4.2f" display-range-maximum="820" display-range-minimum="780" domain-id="6" engineering-unit="kg/m3" export-for-steady-state="true" fixed-sensor="" fullset-stability="false" gid="4233" group="Facility" idds-hardware-name="dev02/ch00022" is-continuous-log="true" is-critical="false" is-enabled="true" logical-id="devCubeRugged1" partition="Streaming" quality-ceiling="good" rtd-reference-channel="" signal-id="DCU13_PosA8-2_IO01" subsystem-name="IDDS" subsystem-type="iDDS" topic="ParameterDataValue">
                                    <alarm-limits/>
                                </instance>
                                <instance name="r1dev4042dev04ch19" acquisition-rate="200" alternate-name="" calibration-group="" calibration-sensor="" customer-sensor="" data-type="boolean" description="PurgeAirHLPressure - input from cube to RTE. Purge Air High/Low Pressure feedback" display-format="Purge Air Low Pressure/Purge Air High Pressure" domain-id="6" export-for-steady-state="false" fixed-sensor="" fullset-stability="false" gid="4278" group="Facility" idds-hardware-name="dev04/ch00019" is-continuous-log="true" is-critical="false" is-enabled="true" logical-id="devCubeRugged1" partition="Streaming" quality-ceiling="good" rtd-reference-channel="" signal-id="DCU13_PosA2-3_IO01" subsystem-name="IDDS" subsystem-type="iDDS" topic="ParameterDataValue">
                                    <alarm-limits/>
                                </instance>
                                <instance name="r1dev204dev02ch15" acquisition-rate="100" alternate-name="" calibration-group="" calibration-sensor="" customer-sensor="" data-type="float" deadband="0" description="Hydraulic loading 15 - Reservoir Temp Tank 2" display-format="4.2f" display-range-maximum="373" display-range-minimum="263" domain-id="6" engineering-unit="K" export-for-steady-state="true" fixed-sensor="" fullset-stability="false" gid="4226" group="Hydraulic Loading Cabinet" idds-hardware-name="dev02/ch00015" is-continuous-log="true" is-critical="false" is-enabled="true" logical-id="devCubeRugged1" partition="Streaming" quality-ceiling="good" rtd-reference-channel="" signal-id="DCU13_PosA8-2_IO01" subsystem-name="IDDS" subsystem-type="iDDS" topic="ParameterDataValue">
                                    <alarm-limits/>
                                </instance>
                                <instance name="r1dev4042dev04ch02" acquisition-rate="200" alternate-name="" calibration-group="" calibration-sensor="" customer-sensor="" data-type="boolean" description="AirCrankPBAct - input from cube to RTE. Air crank push button active" display-format="False/Air Crank Push Button Active" domain-id="6" export-for-steady-state="true" fixed-sensor="" fullset-stability="false" gid="4261" group="Facility" idds-hardware-name="dev04/ch00002" is-continuous-log="true" is-critical="false" is-enabled="true" logical-id="devCubeRugged1" partition="Streaming" quality-ceiling="good" rtd-reference-channel="" signal-id="DCU13_PosA2-3_IO01" subsystem-name="IDDS" subsystem-type="iDDS" topic="ParameterDataValue">
                                    <alarm-limits/>
                                </instance>
                                <instance name="r1dev4042dev04ch06" acquisition-rate="200" alternate-name="" calibration-group="" calibration-sensor="" customer-sensor="" data-type="boolean" description="PBS Low Pressure Purge Air / Press Low = True." display-format="False/Purge Air Low Source has Low Pressure" domain-id="6" export-for-steady-state="false" fixed-sensor="" fullset-stability="false" gid="4265" group="Facility" idds-hardware-name="dev04/ch00006" is-continuous-log="true" is-critical="false" is-enabled="true" logical-id="devCubeRugged1" partition="Streaming" quality-ceiling="good" rtd-reference-channel="" signal-id="DCU13_PosA2-3_IO01" subsystem-name="IDDS" subsystem-type="iDDS" topic="ParameterDataValue">
                                    <alarm-limits>
                                        <instance alarm-type="disc">
                                            <severity>
                                                <instance alarm-severity="alarm" constant-limit-value="true" is-constant="true">
                                                    <alarm-actions>
                                                        <instance action-type="event-comment" event-comment="Warning - PBS Low pressure purge supply pressure below limit" priority="high" trigger-on-positive="true"/>
                                                    </alarm-actions>
                                                </instance>
                                            </severity>
                                        </instance>
                                    </alarm-limits>
                                </instance>
                                <instance name="r1dev4042dev04ch07" acquisition-rate="200" alternate-name="" calibration-group="" calibration-sensor="" customer-sensor="" data-type="boolean" description="PressScanAirSupplyLow - input from cube to RTE. PBS Purge Air Supply pressure low" display-format="False/Purge Air Supply Source has Low Pressure" domain-id="6" export-for-steady-state="false" fixed-sensor="" fullset-stability="false" gid="4266" group="Facility" idds-hardware-name="dev04/ch00007" is-continuous-log="true" is-critical="false" is-enabled="true" logical-id="devCubeRugged1" partition="Streaming" quality-ceiling="good" rtd-reference-channel="" signal-id="DCU13_PosA2-3_IO01" subsystem-name="IDDS" subsystem-type="iDDS" topic="ParameterDataValue">
                                    <alarm-limits>
                                        <instance alarm-type="disc">
                                            <severity>
                                                <instance alarm-severity="alarm" constant-limit-value="true" is-constant="true">
                                                    <alarm-actions>
                                                        <instance action-type="event-comment" event-comment="Warning - PBS purge air supply pressure below limit" priority="high" trigger-on-positive="true"/>
                                                    </alarm-actions>
                                                </instance>
                                            </severity>
                                        </instance>
                                    </alarm-limits>
                                </instance>
                                <instance name="r1dev222dev01ch02" acquisition-rate="100" alternate-name="" calibration-group="" calibration-sensor="" customer-sensor="" data-type="float" deadband="0" description="EngineRBT13" display-format="4.2f" display-range-maximum="1200" display-range-minimum="-20" domain-id="6" engineering-unit="Ohm" export-for-steady-state="true" fixed-sensor="" fullset-stability="false" gid="4201" group="ATP Calibration" idds-hardware-name="dev01/ch00002" is-continuous-log="true" is-critical="false" is-enabled="true" logical-id="devCubeRugged1" partition="Streaming" quality-ceiling="good" rtd-reference-channel="" signal-id="JB1001_Pos5_IO02" subsystem-name="IDDS" subsystem-type="iDDS" topic="ParameterDataValue">
                                    <alarm-limits/>
                                </instance>
                                <instance name="r1dev4042dev04ch16" acquisition-rate="200" alternate-name="" calibration-group="" calibration-sensor="" customer-sensor="" data-type="boolean" description="BuzzerDIO - input from cube to RTE. Buzzer feedback" display-format="Buzzer OFF/Buzzer ON!" domain-id="6" export-for-steady-state="false" fixed-sensor="" fullset-stability="false" gid="4275" group="Facility" idds-hardware-name="dev04/ch00016" is-continuous-log="true" is-critical="false" is-enabled="true" logical-id="devCubeRugged1" partition="Streaming" quality-ceiling="good" rtd-reference-channel="" signal-id="DCU13_PosA2-3_IO01" subsystem-name="IDDS" subsystem-type="iDDS" topic="ParameterDataValue">
                                    <alarm-limits/>
                                </instance>
                                <instance name="r1dev204dev02ch08" acquisition-rate="100" alternate-name="" calibration-group="" calibration-sensor="" customer-sensor="" data-type="float" deadband="0" description="Hydraulic loading 08 - Case Drain Pressure 1" display-format="4.2f" display-range-maximum="160" display-range-minimum="15" domain-id="6" engineering-unit="psia" export-for-steady-state="true" fixed-sensor="" fullset-stability="false" gid="4219" group="Hydraulic Loading Cabinet" idds-hardware-name="dev02/ch00008" is-continuous-log="true" is-critical="false" is-enabled="true" logical-id="devCubeRugged1" partition="Streaming" quality-ceiling="good" rtd-reference-channel="" signal-id="DCU13_PosA8-2_IO01" subsystem-name="IDDS" subsystem-type="iDDS" topic="ParameterDataValue">
                                    <alarm-limits/>
                                </instance>
                                <instance name="r1dev4042dev04ch20" acquisition-rate="200" alternate-name="" calibration-group="" calibration-sensor="" customer-sensor="" data-type="boolean" description="XJ802PUR - input from cube to RTE. Status of pressure brick purge (feedback)" display-format="Purge Air Off/Purge Air On" domain-id="6" export-for-steady-state="true" fixed-sensor="" fullset-stability="false" gid="4279" group="Facility" idds-hardware-name="dev04/ch00020" is-continuous-log="true" is-critical="false" is-enabled="true" logical-id="devCubeRugged1" partition="Streaming" quality-ceiling="good" rtd-reference-channel="" signal-id="DCU13_PosA2-3_IO01" subsystem-name="IDDS" subsystem-type="iDDS" topic="ParameterDataValue">
                                    <alarm-limits/>
                                </instance>
                                <instance name="r1dev222dev01ch08" acquisition-rate="100" alternate-name="" calibration-group="" calibration-sensor="" customer-sensor="" data-type="float" deadband="0" description="CradlePortRear" display-format="4.2f" display-range-maximum="333" display-range-minimum="253" domain-id="6" engineering-unit="K" export-for-steady-state="true" fixed-sensor="" fullset-stability="false" gid="4207" group="Facility" idds-hardware-name="dev01/ch00008" is-continuous-log="true" is-critical="false" is-enabled="true" logical-id="devCubeRugged1" partition="Streaming" quality-ceiling="good" rtd-reference-channel="" signal-id="JB1001_Pos5_IO02" subsystem-name="IDDS" subsystem-type="iDDS" topic="ParameterDataValue">
                                    <alarm-limits/>
                                </instance>
                                <instance name="r1dev4042dev04ch09" acquisition-rate="200" alternate-name="" calibration-group="" calibration-sensor="" customer-sensor="" data-type="boolean" description="PBSTriggerMonitor - input from cube to RTE. Scanner trigger monitor" display-format="False/True" domain-id="6" export-for-steady-state="false" fixed-sensor="" fullset-stability="false" gid="4268" group="Facility" idds-hardware-name="dev04/ch00009" is-continuous-log="true" is-critical="false" is-enabled="true" logical-id="devCubeRugged1" partition="Streaming" quality-ceiling="good" rtd-reference-channel="" signal-id="DCU13_PosA2-3_IO01" subsystem-name="IDDS" subsystem-type="iDDS" topic="ParameterDataValue">
                                    <alarm-limits/>
                                </instance>
                                <instance name="r1dev4042dev04ch18" acquisition-rate="200" alternate-name="" calibration-group="" calibration-sensor="" customer-sensor="" data-type="boolean" description="BarRefSOV2Out - input from cube to RTE. Reference maifold source reference feedback" display-format="BAR Reference Manifold Source/EXT Reference Manifold Source" domain-id="6" export-for-steady-state="false" fixed-sensor="" fullset-stability="false" gid="4277" group="Facility" idds-hardware-name="dev04/ch00018" is-continuous-log="true" is-critical="false" is-enabled="true" logical-id="devCubeRugged1" partition="Streaming" quality-ceiling="good" rtd-reference-channel="" signal-id="DCU13_PosA2-3_IO01" subsystem-name="IDDS" subsystem-type="iDDS" topic="ParameterDataValue">
                                    <alarm-limits/>
                                </instance>
                                <instance name="r1dev4042dev04ch03" acquisition-rate="200" alternate-name="" calibration-group="" calibration-sensor="" customer-sensor="" data-type="boolean" description="Cube ID 23 Digital Input MDS Spare" display-format="False/True" domain-id="6" export-for-steady-state="false" fixed-sensor="" fullset-stability="false" gid="4262" group="ATP Calibration" idds-hardware-name="dev04/ch00003" is-continuous-log="true" is-critical="false" is-enabled="true" logical-id="devCubeRugged1" partition="Streaming" quality-ceiling="good" rtd-reference-channel="" signal-id="DCU13_PosA2-3_IO01" subsystem-name="IDDS" subsystem-type="iDDS" topic="ParameterDataValue">
                                    <alarm-limits/>
                                </instance>
                                <instance name="r1dev4042dev04ch04" acquisition-rate="200" alternate-name="" calibration-group="" calibration-sensor="" customer-sensor="" data-type="boolean" description="Cube ID 23 Digital Input MDS Spare" display-format="False/True" domain-id="6" export-for-steady-state="false" fixed-sensor="" fullset-stability="false" gid="4263" group="ATP Calibration" idds-hardware-name="dev04/ch00004" is-continuous-log="true" is-critical="false" is-enabled="true" logical-id="devCubeRugged1" partition="Streaming" quality-ceiling="good" rtd-reference-channel="" signal-id="DCU13_PosA2-3_IO01" subsystem-name="IDDS" subsystem-type="iDDS" topic="ParameterDataValue">
                                    <alarm-limits/>
                                </instance>
                                <instance name="r1dev204dev02ch23" acquisition-rate="100" alternate-name="" calibration-group="" calibration-sensor="" customer-sensor="" data-type="float" deadband="0" description="Plant fuel pressure 02 (downstream of Coriolis skid) - PT101" display-format="4.2f" display-range-maximum="150" display-range-minimum="0" domain-id="6" engineering-unit="psig" export-for-steady-state="true" fixed-sensor="" fullset-stability="false" gid="4234" group="Facility" idds-hardware-name="dev02/ch00023" is-continuous-log="true" is-critical="false" is-enabled="true" logical-id="devCubeRugged1" partition="Streaming" quality-ceiling="good" rtd-reference-channel="" signal-id="DCU13_PosA8-2_IO01" subsystem-name="IDDS" subsystem-type="iDDS" topic="ParameterDataValue">
                                    <alarm-limits>
                                        <instance alarm-type="lo">
                                            <severity>
                                                <instance alarm-severity="alarm" constant-limit-value="10" delay-time="0" is-constant="true">
                                                    <alarm-actions/>
                                                </instance>
                                            </severity>
                                        </instance>
                                        <instance alarm-type="hi">
                                            <severity>
                                                <instance alarm-severity="alarm" constant-limit-value="130" delay-time="0" is-constant="true">
                                                    <alarm-actions/>
                                                </instance>
                                            </severity>
                                        </instance>
                                    </alarm-limits>
                                </instance>
                                <instance name="r1dev204dev02ch01" acquisition-rate="100" alternate-name="" calibration-group="" calibration-sensor="" customer-sensor="" data-type="float" deadband="0" description="Hydraulic loading 01 - Case Drain Temp 1" display-format="4.2f" display-range-maximum="373" display-range-minimum="263" domain-id="6" engineering-unit="K" export-for-steady-state="true" fixed-sensor="" fullset-stability="false" gid="4212" group="Hydraulic Loading Cabinet" idds-hardware-name="dev02/ch00001" is-continuous-log="true" is-critical="false" is-enabled="true" logical-id="devCubeRugged1" partition="Streaming" quality-ceiling="good" rtd-reference-channel="" signal-id="DCU13_PosA8-2_IO01" subsystem-name="IDDS" subsystem-type="iDDS" topic="ParameterDataValue">
                                    <alarm-limits/>
                                </instance>
                                <instance name="r1dev222dev01ch12" acquisition-rate="100" alternate-name="" calibration-group="" calibration-sensor="" customer-sensor="" data-type="float" deadband="0" description="Cube ID 01 I/O 2 Confidence Resistor" display-format="4.2f" display-range-maximum="230" display-range-minimum="80" domain-id="6" engineering-unit="K" export-for-steady-state="false" fixed-sensor="" fullset-stability="false" gid="4211" group="ATP Calibration" idds-hardware-name="dev01/ch00012" is-continuous-log="true" is-critical="false" is-enabled="true" logical-id="devCubeRugged1" partition="Streaming" quality-ceiling="good" rtd-reference-channel="" signal-id="JB1001_Pos5_IO02" subsystem-name="IDDS" subsystem-type="iDDS" topic="ParameterDataValue">
                                    <alarm-limits/>
                                </instance>
                                <instance name="r1dev4042dev04ch08" acquisition-rate="200" alternate-name="" calibration-group="" calibration-sensor="" customer-sensor="" data-type="boolean" description="Cube ID 23 Digital Input MDS Spare" display-format="False/True" domain-id="6" export-for-steady-state="false" fixed-sensor="" fullset-stability="false" gid="4267" group="ATP Calibration" idds-hardware-name="dev04/ch00008" is-continuous-log="true" is-critical="false" is-enabled="true" logical-id="devCubeRugged1" partition="Streaming" quality-ceiling="good" rtd-reference-channel="" signal-id="DCU13_PosA2-3_IO01" subsystem-name="IDDS" subsystem-type="iDDS" topic="ParameterDataValue">
                                    <alarm-limits/>
                                </instance>
                                <instance name="r1dev4042dev04ch10" acquisition-rate="200" alternate-name="" calibration-group="" calibration-sensor="" customer-sensor="" data-type="boolean" description="Cube ID 23 Digital Input MDS Spare" display-format="False/True" domain-id="6" export-for-steady-state="false" fixed-sensor="" fullset-stability="false" gid="4269" group="ATP Calibration" idds-hardware-name="dev04/ch00010" is-continuous-log="true" is-critical="false" is-enabled="true" logical-id="devCubeRugged1" partition="Streaming" quality-ceiling="good" rtd-reference-channel="" signal-id="DCU13_PosA2-3_IO01" subsystem-name="IDDS" subsystem-type="iDDS" topic="ParameterDataValue">
                                    <alarm-limits/>
                                </instance>
                                <instance name="r1dev4042dev04ch11" acquisition-rate="200" alternate-name="" calibration-group="" calibration-sensor="" customer-sensor="" data-type="boolean" description="Cube ID 23 Digital Input MDS Spare" display-format="False/True" domain-id="6" export-for-steady-state="false" fixed-sensor="" fullset-stability="false" gid="4270" group="ATP Calibration" idds-hardware-name="dev04/ch00011" is-continuous-log="true" is-critical="false" is-enabled="true" logical-id="devCubeRugged1" partition="Streaming" quality-ceiling="good" rtd-reference-channel="" signal-id="DCU13_PosA2-3_IO01" subsystem-name="IDDS" subsystem-type="iDDS" topic="ParameterDataValue">
                                    <alarm-limits/>
                                </instance>
                                <instance name="r1dev4042dev04ch12" acquisition-rate="200" alternate-name="" calibration-group="" calibration-sensor="" customer-sensor="" data-type="boolean" description="Cube ID 23 Digital Input MDS Spare" display-format="False/True" domain-id="6" export-for-steady-state="false" fixed-sensor="" fullset-stability="false" gid="4271" group="ATP Calibration" idds-hardware-name="dev04/ch00012" is-continuous-log="true" is-critical="false" is-enabled="true" logical-id="devCubeRugged1" partition="Streaming" quality-ceiling="good" rtd-reference-channel="" signal-id="DCU13_PosA2-3_IO01" subsystem-name="IDDS" subsystem-type="iDDS" topic="ParameterDataValue">
                                    <alarm-limits/>
                                </instance>
                                <instance name="r1dev204dev02ch06" acquisition-rate="100" alternate-name="" calibration-group="" calibration-sensor="" customer-sensor="" data-type="float" deadband="0" description="Hydraulic loading 06 - HP Pressure 1" display-format="4.2f" display-range-maximum="5800" display-range-minimum="15" domain-id="6" engineering-unit="psia" export-for-steady-state="true" fixed-sensor="" fullset-stability="false" gid="4217" group="Hydraulic Loading Cabinet" idds-hardware-name="dev02/ch00006" is-continuous-log="true" is-critical="false" is-enabled="true" logical-id="devCubeRugged1" partition="Streaming" quality-ceiling="good" rtd-reference-channel="" signal-id="DCU13_PosA8-2_IO01" subsystem-name="IDDS" subsystem-type="iDDS" topic="ParameterDataValue">
                                    <alarm-limits/>
                                </instance>
                                <instance name="r1dev204dev02ch09" acquisition-rate="100" alternate-name="" calibration-group="" calibration-sensor="" customer-sensor="" data-type="float" deadband="0" description="Hydraulic loading 09 - HP Flow 1" display-format="4.2f" display-range-maximum="3960" display-range-minimum="0" domain-id="6" engineering-unit="UKgal/h" export-for-steady-state="true" fixed-sensor="" fullset-stability="false" gid="4220" group="Hydraulic Loading Cabinet" idds-hardware-name="dev02/ch00009" is-continuous-log="true" is-critical="false" is-enabled="true" logical-id="devCubeRugged1" partition="Streaming" quality-ceiling="good" rtd-reference-channel="" signal-id="DCU13_PosA8-2_IO01" subsystem-name="IDDS" subsystem-type="iDDS" topic="ParameterDataValue">
                                    <alarm-limits/>
                                </instance>
                                <instance name="r1dev4042dev04ch13" acquisition-rate="200" alternate-name="" calibration-group="" calibration-sensor="" customer-sensor="" data-type="boolean" description="Cube ID 23 Digital Output MDS Spare" display-format="False/True" domain-id="6" export-for-steady-state="false" fixed-sensor="" fullset-stability="false" gid="4272" group="ATP Calibration" idds-hardware-name="dev04/ch00013" is-continuous-log="true" is-critical="false" is-enabled="true" logical-id="devCubeRugged1" partition="Streaming" quality-ceiling="good" rtd-reference-channel="" signal-id="DCU13_PosA2-3_IO01" subsystem-name="IDDS" subsystem-type="iDDS" topic="ParameterDataValue">
                                    <alarm-limits/>
                                </instance>
                                <instance name="r1dev4042dev04ch14" acquisition-rate="200" alternate-name="" calibration-group="" calibration-sensor="" customer-sensor="" data-type="boolean" description="Cube ID 23 Digital Output MDS Spare" display-format="False/True" domain-id="6" export-for-steady-state="false" fixed-sensor="" fullset-stability="false" gid="4273" group="ATP Calibration" idds-hardware-name="dev04/ch00014" is-continuous-log="true" is-critical="false" is-enabled="true" logical-id="devCubeRugged1" partition="Streaming" quality-ceiling="good" rtd-reference-channel="" signal-id="DCU13_PosA2-3_IO01" subsystem-name="IDDS" subsystem-type="iDDS" topic="ParameterDataValue">
                                    <alarm-limits/>
                                </instance>
                                <instance name="r1dev4042dev04ch15" acquisition-rate="200" alternate-name="" calibration-group="" calibration-sensor="" customer-sensor="" data-type="boolean" description="Cube ID 23 Digital Output MDS Spare" display-format="False/True" domain-id="6" export-for-steady-state="false" fixed-sensor="" fullset-stability="false" gid="4274" group="ATP Calibration" idds-hardware-name="dev04/ch00015" is-continuous-log="true" is-critical="false" is-enabled="true" logical-id="devCubeRugged1" partition="Streaming" quality-ceiling="good" rtd-reference-channel="" signal-id="DCU13_PosA2-3_IO01" subsystem-name="IDDS" subsystem-type="iDDS" topic="ParameterDataValue">
                                    <alarm-limits/>
                                </instance>
                                <instance name="r1dev4042dev04ch22" acquisition-rate="200" alternate-name="" calibration-group="" calibration-sensor="" customer-sensor="" data-type="boolean" description="Cube ID 23 Digital Output MDS Spare" display-format="False/True" domain-id="6" export-for-steady-state="false" fixed-sensor="" fullset-stability="false" gid="4281" group="ATP Calibration" idds-hardware-name="dev04/ch00022" is-continuous-log="true" is-critical="false" is-enabled="true" logical-id="devCubeRugged1" partition="Streaming" quality-ceiling="good" rtd-reference-channel="" signal-id="DCU13_PosA2-3_IO01" subsystem-name="IDDS" subsystem-type="iDDS" topic="ParameterDataValue">
                                    <alarm-limits/>
                                </instance>
                                <instance name="r1dev204dev02ch14" acquisition-rate="100" alternate-name="" calibration-group="" calibration-sensor="" customer-sensor="" data-type="float" deadband="0" description="Hydraulic loading 14 - LP Temerpature 2" display-format="4.2f" display-range-maximum="373" display-range-minimum="263" domain-id="6" engineering-unit="K" export-for-steady-state="true" fixed-sensor="" fullset-stability="false" gid="4225" group="Hydraulic Loading Cabinet" idds-hardware-name="dev02/ch00014" is-continuous-log="true" is-critical="false" is-enabled="true" logical-id="devCubeRugged1" partition="Streaming" quality-ceiling="good" rtd-reference-channel="" signal-id="DCU13_PosA8-2_IO01" subsystem-name="IDDS" subsystem-type="iDDS" topic="ParameterDataValue">
                                    <alarm-limits/>
                                </instance>
                                <instance name="r1dev204dev02ch16" acquisition-rate="100" alternate-name="" calibration-group="" calibration-sensor="" customer-sensor="" data-type="float" deadband="0" description="Hydraulic loading 16 - HP Pressure 2" display-format="4.2f" display-range-maximum="5800" display-range-minimum="15" domain-id="6" engineering-unit="psia" export-for-steady-state="true" fixed-sensor="" fullset-stability="false" gid="4227" group="Hydraulic Loading Cabinet" idds-hardware-name="dev02/ch00016" is-continuous-log="true" is-critical="false" is-enabled="true" logical-id="devCubeRugged1" partition="Streaming" quality-ceiling="good" rtd-reference-channel="" signal-id="DCU13_PosA8-2_IO01" subsystem-name="IDDS" subsystem-type="iDDS" topic="ParameterDataValue">
                                    <alarm-limits/>
                                </instance>
                                <instance name="r1dev4042dev04ch23" acquisition-rate="200" alternate-name="" calibration-group="" calibration-sensor="" customer-sensor="" data-type="boolean" description="Cube ID 23 Digital Output MDS Spare" display-format="False/True" domain-id="6" export-for-steady-state="false" fixed-sensor="" fullset-stability="false" gid="4282" group="ATP Calibration" idds-hardware-name="dev04/ch00023" is-continuous-log="true" is-critical="false" is-enabled="true" logical-id="devCubeRugged1" partition="Streaming" quality-ceiling="good" rtd-reference-channel="" signal-id="DCU13_PosA2-3_IO01" subsystem-name="IDDS" subsystem-type="iDDS" topic="ParameterDataValue">
                                    <alarm-limits/>
                                </instance>
                                <instance name="r1dev4042dev04ch24" acquisition-rate="200" alternate-name="" calibration-group="" calibration-sensor="" customer-sensor="" data-type="boolean" description="Cube ID 23 Digital Output MDS Spare" display-format="False/True" domain-id="6" export-for-steady-state="false" fixed-sensor="" fullset-stability="false" gid="4283" group="ATP Calibration" idds-hardware-name="dev04/ch00024" is-continuous-log="true" is-critical="false" is-enabled="true" logical-id="devCubeRugged1" partition="Streaming" quality-ceiling="good" rtd-reference-channel="" signal-id="DCU13_PosA2-3_IO01" subsystem-name="IDDS" subsystem-type="iDDS" topic="ParameterDataValue">
                                    <alarm-limits/>
                                </instance>
                                <instance name="r1dev204dev02ch02" acquisition-rate="100" alternate-name="" calibration-group="" calibration-sensor="" customer-sensor="" data-type="float" deadband="0" description="Hydraulic loading 02 - Reservoir Level Tank 1" display-format="4.2f" display-range-maximum="100" display-range-minimum="0" domain-id="6" engineering-unit="%" export-for-steady-state="true" fixed-sensor="" fullset-stability="false" gid="4213" group="Hydraulic Loading Cabinet" idds-hardware-name="dev02/ch00002" is-continuous-log="true" is-critical="false" is-enabled="true" logical-id="devCubeRugged1" partition="Streaming" quality-ceiling="good" rtd-reference-channel="" signal-id="DCU13_PosA8-2_IO01" subsystem-name="IDDS" subsystem-type="iDDS" topic="ParameterDataValue">
                                    <alarm-limits/>
                                </instance>
                                <instance name="r1dev4042dev04ch21" acquisition-rate="200" alternate-name="" calibration-group="" calibration-sensor="" customer-sensor="" data-type="boolean" description="PressTriggerOut - input from cube to RTE. Scanner trigger feedback" display-format="False/True" domain-id="6" export-for-steady-state="false" fixed-sensor="" fullset-stability="false" gid="4280" group="Facility" idds-hardware-name="dev04/ch00021" is-continuous-log="true" is-critical="false" is-enabled="true" logical-id="devCubeRugged1" partition="Streaming" quality-ceiling="good" rtd-reference-channel="" signal-id="DCU13_PosA2-3_IO01" subsystem-name="IDDS" subsystem-type="iDDS" topic="ParameterDataValue">
                                    <alarm-limits/>
                                </instance>
                                <instance name="r1dev222dev01ch05" acquisition-rate="100" alternate-name="" calibration-group="" calibration-sensor="" customer-sensor="" data-type="float" deadband="0" description="EngineRBT16" display-format="4.2f" display-range-maximum="1200" display-range-minimum="-20" domain-id="6" engineering-unit="Ohm" export-for-steady-state="true" fixed-sensor="" fullset-stability="false" gid="4204" group="ATP Calibration" idds-hardware-name="dev01/ch00005" is-continuous-log="true" is-critical="false" is-enabled="true" logical-id="devCubeRugged1" partition="Streaming" quality-ceiling="good" rtd-reference-channel="" signal-id="JB1001_Pos5_IO02" subsystem-name="IDDS" subsystem-type="iDDS" topic="ParameterDataValue">
                                    <alarm-limits/>
                                </instance>
                                <instance name="r1dev4041dev03ch03" acquisition-rate="200" alternate-name="" calibration-group="" calibration-sensor="" customer-sensor="" data-type="boolean" description="Digital Input - RR Use 15" display-format="False/True" domain-id="6" export-for-steady-state="false" fixed-sensor="" fullset-stability="false" gid="4238" group="ATP Calibration" idds-hardware-name="dev03/ch00003" is-continuous-log="true" is-critical="false" is-enabled="true" logical-id="devCubeRugged1" partition="Streaming" quality-ceiling="good" rtd-reference-channel="" signal-id="DCU13_PosA2-2_IO01" subsystem-name="IDDS" subsystem-type="iDDS" topic="ParameterDataValue">
                                    <alarm-limits/>
                                </instance>
                                <instance name="r1dev4041dev03ch22" acquisition-rate="200" alternate-name="" calibration-group="" calibration-sensor="" customer-sensor="" data-type="boolean" description="Cube ID 22 Digital Output Facility Spare" display-format="False/True" domain-id="6" export-for-steady-state="false" fixed-sensor="" fullset-stability="false" gid="4257" group="ATP Calibration" idds-hardware-name="dev03/ch00022" is-continuous-log="true" is-critical="false" is-enabled="true" logical-id="devCubeRugged1" partition="Streaming" quality-ceiling="good" rtd-reference-channel="" signal-id="DCU13_PosA2-2_IO01" subsystem-name="IDDS" subsystem-type="iDDS" topic="ParameterDataValue">
                                    <alarm-limits/>
                                </instance>
                                <instance name="r1dev204dev02ch10" acquisition-rate="100" alternate-name="" calibration-group="" calibration-sensor="" customer-sensor="" data-type="float" deadband="0" description="Hydraulic loading 10  - Case Drain Flow 1" display-format="4.2f" display-range-maximum="700" display-range-minimum="0" domain-id="6" engineering-unit="UKgal/h" export-for-steady-state="true" fixed-sensor="" fullset-stability="false" gid="4221" group="Hydraulic Loading Cabinet" idds-hardware-name="dev02/ch00010" is-continuous-log="true" is-critical="false" is-enabled="true" logical-id="devCubeRugged1" partition="Streaming" quality-ceiling="good" rtd-reference-channel="" signal-id="DCU13_PosA8-2_IO01" subsystem-name="IDDS" subsystem-type="iDDS" topic="ParameterDataValue">
                                    <alarm-limits/>
                                </instance>
                                <instance name="r1dev4041dev03ch23" acquisition-rate="200" alternate-name="" calibration-group="" calibration-sensor="" customer-sensor="" data-type="boolean" description="Cube ID 22 Digital Output Facility Spare" display-format="False/True" domain-id="6" export-for-steady-state="false" fixed-sensor="" fullset-stability="false" gid="4258" group="ATP Calibration" idds-hardware-name="dev03/ch00023" is-continuous-log="true" is-critical="false" is-enabled="true" logical-id="devCubeRugged1" partition="Streaming" quality-ceiling="good" rtd-reference-channel="" signal-id="DCU13_PosA2-2_IO01" subsystem-name="IDDS" subsystem-type="iDDS" topic="ParameterDataValue">
                                    <alarm-limits/>
                                </instance>
                                <instance name="r1dev222dev01ch03" acquisition-rate="100" alternate-name="" calibration-group="" calibration-sensor="" customer-sensor="" data-type="float" deadband="0" description="EngineRBT14" display-format="4.2f" display-range-maximum="1200" display-range-minimum="-20" domain-id="6" engineering-unit="Ohm" export-for-steady-state="true" fixed-sensor="" fullset-stability="false" gid="4202" group="ATP Calibration" idds-hardware-name="dev01/ch00003" is-continuous-log="true" is-critical="false" is-enabled="true" logical-id="devCubeRugged1" partition="Streaming" quality-ceiling="good" rtd-reference-channel="" signal-id="JB1001_Pos5_IO02" subsystem-name="IDDS" subsystem-type="iDDS" topic="ParameterDataValue">
                                    <alarm-limits/>
                                </instance>
                                <instance name="r1dev4041dev03ch05" acquisition-rate="200" alternate-name="" calibration-group="" calibration-sensor="" customer-sensor="" data-type="boolean" description="Slave set with auto recognition 01" display-format="False/True" domain-id="6" export-for-steady-state="true" fixed-sensor="" fullset-stability="false" gid="4240" group="ATP Calibration" idds-hardware-name="dev03/ch00005" is-continuous-log="true" is-critical="false" is-enabled="true" logical-id="devCubeRugged1" partition="Streaming" quality-ceiling="good" rtd-reference-channel="" signal-id="DCU13_PosA2-2_IO01" subsystem-name="IDDS" subsystem-type="iDDS" topic="ParameterDataValue">
                                    <alarm-limits/>
                                </instance>
                                <instance name="r1dev4041dev03ch11" acquisition-rate="200" alternate-name="" calibration-group="" calibration-sensor="" customer-sensor="" data-type="boolean" description="Cube ID 22 Digital Input Facility Spare" display-format="False/True" domain-id="6" export-for-steady-state="false" fixed-sensor="" fullset-stability="false" gid="4246" group="ATP Calibration" idds-hardware-name="dev03/ch00011" is-continuous-log="true" is-critical="false" is-enabled="true" logical-id="devCubeRugged1" partition="Streaming" quality-ceiling="good" rtd-reference-channel="" signal-id="DCU13_PosA2-2_IO01" subsystem-name="IDDS" subsystem-type="iDDS" topic="ParameterDataValue">
                                    <alarm-limits/>
                                </instance>
                                <instance name="r1dev204dev02ch17" acquisition-rate="100" alternate-name="" calibration-group="" calibration-sensor="" customer-sensor="" data-type="float" deadband="0" description="Hydraulic loading 17 - LP Pressure 2" display-format="4.2f" display-range-maximum="160" display-range-minimum="15" domain-id="6" engineering-unit="psia" export-for-steady-state="true" fixed-sensor="" fullset-stability="false" gid="4228" group="Hydraulic Loading Cabinet" idds-hardware-name="dev02/ch00017" is-continuous-log="true" is-critical="false" is-enabled="true" logical-id="devCubeRugged1" partition="Streaming" quality-ceiling="good" rtd-reference-channel="" signal-id="DCU13_PosA8-2_IO01" subsystem-name="IDDS" subsystem-type="iDDS" topic="ParameterDataValue">
                                    <alarm-limits/>
                                </instance>
                                <instance name="r1dev4041dev03ch06" acquisition-rate="200" alternate-name="" calibration-group="" calibration-sensor="" customer-sensor="" data-type="boolean" description="Slave set with auto recognition 02" display-format="False/True" domain-id="6" export-for-steady-state="true" fixed-sensor="" fullset-stability="false" gid="4241" group="ATP Calibration" idds-hardware-name="dev03/ch00006" is-continuous-log="true" is-critical="false" is-enabled="true" logical-id="devCubeRugged1" partition="Streaming" quality-ceiling="good" rtd-reference-channel="" signal-id="DCU13_PosA2-2_IO01" subsystem-name="IDDS" subsystem-type="iDDS" topic="ParameterDataValue">
                                    <alarm-limits/>
                                </instance>
                                <instance name="r1dev4041dev03ch10" acquisition-rate="200" alternate-name="" calibration-group="" calibration-sensor="" customer-sensor="" data-type="boolean" description="Cube ID 22 Digital Input Facility Spare" display-format="False/True" domain-id="6" export-for-steady-state="false" fixed-sensor="" fullset-stability="false" gid="4245" group="ATP Calibration" idds-hardware-name="dev03/ch00010" is-continuous-log="true" is-critical="false" is-enabled="true" logical-id="devCubeRugged1" partition="Streaming" quality-ceiling="good" rtd-reference-channel="" signal-id="DCU13_PosA2-2_IO01" subsystem-name="IDDS" subsystem-type="iDDS" topic="ParameterDataValue">
                                    <alarm-limits/>
                                </instance>
                                <instance name="r1dev4041dev03ch07" acquisition-rate="200" alternate-name="" calibration-group="" calibration-sensor="" customer-sensor="" data-type="boolean" description="Slave set with auto recognition 03" display-format="False/True" domain-id="6" export-for-steady-state="true" fixed-sensor="" fullset-stability="false" gid="4242" group="ATP Calibration" idds-hardware-name="dev03/ch00007" is-continuous-log="true" is-critical="false" is-enabled="true" logical-id="devCubeRugged1" partition="Streaming" quality-ceiling="good" rtd-reference-channel="" signal-id="DCU13_PosA2-2_IO01" subsystem-name="IDDS" subsystem-type="iDDS" topic="ParameterDataValue">
                                    <alarm-limits/>
                                </instance>
                                <instance name="r1dev222dev01ch09" acquisition-rate="100" alternate-name="" calibration-group="" calibration-sensor="" customer-sensor="" data-type="float" deadband="0" description="CradleStarboardRear" display-format="4.2f" display-range-maximum="333" display-range-minimum="253" domain-id="6" engineering-unit="K" export-for-steady-state="true" fixed-sensor="" fullset-stability="false" gid="4208" group="Facility" idds-hardware-name="dev01/ch00009" is-continuous-log="true" is-critical="false" is-enabled="true" logical-id="devCubeRugged1" partition="Streaming" quality-ceiling="good" rtd-reference-channel="" signal-id="JB1001_Pos5_IO02" subsystem-name="IDDS" subsystem-type="iDDS" topic="ParameterDataValue">
                                    <alarm-limits/>
                                </instance>
                                <instance name="r1dev4041dev03ch02" acquisition-rate="200" alternate-name="" calibration-group="" calibration-sensor="" customer-sensor="" data-type="boolean" description="Digital Input - RR Use 14" display-format="False/True" domain-id="6" export-for-steady-state="false" fixed-sensor="" fullset-stability="false" gid="4237" group="ATP Calibration" idds-hardware-name="dev03/ch00002" is-continuous-log="true" is-critical="false" is-enabled="true" logical-id="devCubeRugged1" partition="Streaming" quality-ceiling="good" rtd-reference-channel="" signal-id="DCU13_PosA2-2_IO01" subsystem-name="IDDS" subsystem-type="iDDS" topic="ParameterDataValue">
                                    <alarm-limits/>
                                </instance>
                                <instance name="r1dev204dev02ch03" acquisition-rate="100" alternate-name="" calibration-group="" calibration-sensor="" customer-sensor="" data-type="float" deadband="0" description="Hydraulic loading 03 - HP Temperature 1" display-format="4.2f" display-range-maximum="373" display-range-minimum="263" domain-id="6" engineering-unit="K" export-for-steady-state="true" fixed-sensor="" fullset-stability="false" gid="4214" group="Hydraulic Loading Cabinet" idds-hardware-name="dev02/ch00003" is-continuous-log="true" is-critical="false" is-enabled="true" logical-id="devCubeRugged1" partition="Streaming" quality-ceiling="good" rtd-reference-channel="" signal-id="DCU13_PosA8-2_IO01" subsystem-name="IDDS" subsystem-type="iDDS" topic="ParameterDataValue">
                                    <alarm-limits/>
                                </instance>
                                <instance name="r1dev4041dev03ch19" acquisition-rate="200" alternate-name="" calibration-group="" calibration-sensor="" customer-sensor="" data-type="boolean" description="Cube ID 22 Digital Output Facility Spare" display-format="False/True" domain-id="6" export-for-steady-state="false" fixed-sensor="" fullset-stability="false" gid="4254" group="ATP Calibration" idds-hardware-name="dev03/ch00019" is-continuous-log="true" is-critical="false" is-enabled="true" logical-id="devCubeRugged1" partition="Streaming" quality-ceiling="good" rtd-reference-channel="" signal-id="DCU13_PosA2-2_IO01" subsystem-name="IDDS" subsystem-type="iDDS" topic="ParameterDataValue">
                                    <alarm-limits/>
                                </instance>
                                <instance name="r1dev222dev01ch07" acquisition-rate="100" alternate-name="" calibration-group="" calibration-sensor="" customer-sensor="" data-type="float" deadband="0" description="EngineRBT18" display-format="4.2f" display-range-maximum="1200" display-range-minimum="-20" domain-id="6" engineering-unit="Ohm" export-for-steady-state="true" fixed-sensor="" fullset-stability="false" gid="4206" group="ATP Calibration" idds-hardware-name="dev01/ch00007" is-continuous-log="true" is-critical="false" is-enabled="true" logical-id="devCubeRugged1" partition="Streaming" quality-ceiling="good" rtd-reference-channel="" signal-id="JB1001_Pos5_IO02" subsystem-name="IDDS" subsystem-type="iDDS" topic="ParameterDataValue">
                                    <alarm-limits/>
                                </instance>
                                <instance name="r1dev4041dev03ch04" acquisition-rate="200" alternate-name="" calibration-group="" calibration-sensor="" customer-sensor="" data-type="boolean" description="Digital Input - RR Use 16" display-format="False/True" domain-id="6" export-for-steady-state="false" fixed-sensor="" fullset-stability="false" gid="4239" group="ATP Calibration" idds-hardware-name="dev03/ch00004" is-continuous-log="true" is-critical="false" is-enabled="true" logical-id="devCubeRugged1" partition="Streaming" quality-ceiling="good" rtd-reference-channel="" signal-id="DCU13_PosA2-2_IO01" subsystem-name="IDDS" subsystem-type="iDDS" topic="ParameterDataValue">
                                    <alarm-limits/>
                                </instance>
                                <instance name="r1dev204dev02ch11" acquisition-rate="100" alternate-name="" calibration-group="" calibration-sensor="" customer-sensor="" data-type="float" deadband="0" description="Hydraulic loading 11 - Case Drain Temp 2" display-format="4.2f" display-range-maximum="373" display-range-minimum="263" domain-id="6" engineering-unit="K" export-for-steady-state="true" fixed-sensor="" fullset-stability="false" gid="4222" group="Hydraulic Loading Cabinet" idds-hardware-name="dev02/ch00011" is-continuous-log="true" is-critical="false" is-enabled="true" logical-id="devCubeRugged1" partition="Streaming" quality-ceiling="good" rtd-reference-channel="" signal-id="DCU13_PosA8-2_IO01" subsystem-name="IDDS" subsystem-type="iDDS" topic="ParameterDataValue">
                                    <alarm-limits/>
                                </instance>
                                <instance name="r1dev4041dev03ch20" acquisition-rate="200" alternate-name="" calibration-group="" calibration-sensor="" customer-sensor="" data-type="boolean" description="Cube ID 22 Digital Output Facility Spare" display-format="False/True" domain-id="6" export-for-steady-state="false" fixed-sensor="" fullset-stability="false" gid="4255" group="ATP Calibration" idds-hardware-name="dev03/ch00020" is-continuous-log="true" is-critical="false" is-enabled="true" logical-id="devCubeRugged1" partition="Streaming" quality-ceiling="good" rtd-reference-channel="" signal-id="DCU13_PosA2-2_IO01" subsystem-name="IDDS" subsystem-type="iDDS" topic="ParameterDataValue">
                                    <alarm-limits/>
                                </instance>
                                <instance name="r1dev4041dev03ch12" acquisition-rate="200" alternate-name="" calibration-group="" calibration-sensor="" customer-sensor="" data-type="boolean" description="Cube ID 22 Digital Input Facility Spare" display-format="False/True" domain-id="6" export-for-steady-state="false" fixed-sensor="" fullset-stability="false" gid="4247" group="ATP Calibration" idds-hardware-name="dev03/ch00012" is-continuous-log="true" is-critical="false" is-enabled="true" logical-id="devCubeRugged1" partition="Streaming" quality-ceiling="good" rtd-reference-channel="" signal-id="DCU13_PosA2-2_IO01" subsystem-name="IDDS" subsystem-type="iDDS" topic="ParameterDataValue">
                                    <alarm-limits/>
                                </instance>
                                <instance name="r1dev204dev02ch18" acquisition-rate="100" alternate-name="" calibration-group="" calibration-sensor="" customer-sensor="" data-type="float" deadband="0" description="Hydraulic loading 18 - Case Drain Pressure 2" display-format="4.2f" display-range-maximum="160" display-range-minimum="15" domain-id="6" engineering-unit="psia" export-for-steady-state="true" fixed-sensor="" fullset-stability="false" gid="4229" group="Hydraulic Loading Cabinet" idds-hardware-name="dev02/ch00018" is-continuous-log="true" is-critical="false" is-enabled="true" logical-id="devCubeRugged1" partition="Streaming" quality-ceiling="good" rtd-reference-channel="" signal-id="DCU13_PosA8-2_IO01" subsystem-name="IDDS" subsystem-type="iDDS" topic="ParameterDataValue">
                                    <alarm-limits/>
                                </instance>
                                <instance name="r1dev4041dev03ch08" acquisition-rate="200" alternate-name="" calibration-group="" calibration-sensor="" customer-sensor="" data-type="boolean" description="Slave set with auto recognition 04" display-format="False/True" domain-id="6" export-for-steady-state="true" fixed-sensor="" fullset-stability="false" gid="4243" group="ATP Calibration" idds-hardware-name="dev03/ch00008" is-continuous-log="true" is-critical="false" is-enabled="true" logical-id="devCubeRugged1" partition="Streaming" quality-ceiling="good" rtd-reference-channel="" signal-id="DCU13_PosA2-2_IO01" subsystem-name="IDDS" subsystem-type="iDDS" topic="ParameterDataValue">
                                    <alarm-limits/>
                                </instance>
                                <instance name="r1dev4041dev03ch09" acquisition-rate="200" alternate-name="" calibration-group="" calibration-sensor="" customer-sensor="" data-type="boolean" description="Cube ID 22 Digital Input Facility Spare" display-format="False/True" domain-id="6" export-for-steady-state="false" fixed-sensor="" fullset-stability="false" gid="4244" group="ATP Calibration" idds-hardware-name="dev03/ch00009" is-continuous-log="true" is-critical="false" is-enabled="true" logical-id="devCubeRugged1" partition="Streaming" quality-ceiling="good" rtd-reference-channel="" signal-id="DCU13_PosA2-2_IO01" subsystem-name="IDDS" subsystem-type="iDDS" topic="ParameterDataValue">
                                    <alarm-limits/>
                                </instance>
                                <instance name="r1dev222dev01ch10" acquisition-rate="100" alternate-name="" calibration-group="" calibration-sensor="" customer-sensor="" data-type="float" deadband="0" description="CradlePortMiddleForward" display-format="4.2f" display-range-maximum="333" display-range-minimum="253" domain-id="6" engineering-unit="K" export-for-steady-state="false" fixed-sensor="" fullset-stability="false" gid="4209" group="Facility" idds-hardware-name="dev01/ch00010" is-continuous-log="true" is-critical="false" is-enabled="true" logical-id="devCubeRugged1" partition="Streaming" quality-ceiling="good" rtd-reference-channel="" signal-id="JB1001_Pos5_IO02" subsystem-name="IDDS" subsystem-type="iDDS" topic="ParameterDataValue">
                                    <alarm-limits/>
                                </instance>
                                <instance name="r1dev4041dev03ch14" acquisition-rate="200" alternate-name="" calibration-group="" calibration-sensor="" customer-sensor="" data-type="boolean" description="Digital Output - RR Use 14" display-format="False/True" domain-id="6" export-for-steady-state="false" fixed-sensor="" fullset-stability="false" gid="4249" group="ATP Calibration" idds-hardware-name="dev03/ch00014" is-continuous-log="true" is-critical="false" is-enabled="true" logical-id="devCubeRugged1" partition="Streaming" quality-ceiling="good" rtd-reference-channel="" signal-id="DCU13_PosA2-2_IO01" subsystem-name="IDDS" subsystem-type="iDDS" topic="ParameterDataValue">
                                    <alarm-limits/>
                                </instance>
                                <instance name="r1dev4041dev03ch13" acquisition-rate="200" alternate-name="" calibration-group="" calibration-sensor="" customer-sensor="" data-type="boolean" description="Digital Output - RR Use 13" display-format="False/True" domain-id="6" export-for-steady-state="false" fixed-sensor="" fullset-stability="false" gid="4248" group="ATP Calibration" idds-hardware-name="dev03/ch00013" is-continuous-log="true" is-critical="false" is-enabled="true" logical-id="devCubeRugged1" partition="Streaming" quality-ceiling="good" rtd-reference-channel="" signal-id="DCU13_PosA2-2_IO01" subsystem-name="IDDS" subsystem-type="iDDS" topic="ParameterDataValue">
                                    <alarm-limits/>
                                </instance>
                                <instance name="r1dev222dev01ch01" acquisition-rate="100" alternate-name="" calibration-group="" calibration-sensor="" customer-sensor="" data-type="float" deadband="0" description="EngineRBT12" display-format="4.2f" display-range-maximum="1200" display-range-minimum="-20" domain-id="6" engineering-unit="Ohm" export-for-steady-state="true" fixed-sensor="" fullset-stability="false" gid="4200" group="ATP Calibration" idds-hardware-name="dev01/ch00001" is-continuous-log="true" is-critical="false" is-enabled="true" logical-id="devCubeRugged1" partition="Streaming" quality-ceiling="good" rtd-reference-channel="" signal-id="JB1001_Pos5_IO01" subsystem-name="IDDS" subsystem-type="iDDS" topic="ParameterDataValue">
                                    <alarm-limits/>
                                </instance>
                                <instance name="r1dev4041dev03ch01" acquisition-rate="200" alternate-name="" calibration-group="" calibration-sensor="" customer-sensor="" data-type="boolean" description="Digital Input - RR Use 13" display-format="False/True" domain-id="6" export-for-steady-state="false" fixed-sensor="" fullset-stability="false" gid="4236" group="ATP Calibration" idds-hardware-name="dev03/ch00001" is-continuous-log="true" is-critical="false" is-enabled="true" logical-id="devCubeRugged1" partition="Streaming" quality-ceiling="good" rtd-reference-channel="" signal-id="DCU13_PosA2-2_IO01" subsystem-name="IDDS" subsystem-type="iDDS" topic="ParameterDataValue">
                                    <alarm-limits/>
                                </instance>
                                <instance name="r1dev4041dev03ch16" acquisition-rate="200" alternate-name="" calibration-group="" calibration-sensor="" customer-sensor="" data-type="boolean" description="Digital Output - RR Use 16" display-format="False/True" domain-id="6" export-for-steady-state="false" fixed-sensor="" fullset-stability="false" gid="4251" group="ATP Calibration" idds-hardware-name="dev03/ch00016" is-continuous-log="true" is-critical="false" is-enabled="true" logical-id="devCubeRugged1" partition="Streaming" quality-ceiling="good" rtd-reference-channel="" signal-id="DCU13_PosA2-2_IO01" subsystem-name="IDDS" subsystem-type="iDDS" topic="ParameterDataValue">
                                    <alarm-limits/>
                                </instance>
                                <instance name="r1dev204dev02ch04" acquisition-rate="100" alternate-name="" calibration-group="" calibration-sensor="" customer-sensor="" data-type="float" deadband="0" description="Hydraulic loading 04 - LP Temerpature 1" display-format="4.2f" display-range-maximum="373" display-range-minimum="263" domain-id="6" engineering-unit="K" export-for-steady-state="true" fixed-sensor="" fullset-stability="false" gid="4215" group="Hydraulic Loading Cabinet" idds-hardware-name="dev02/ch00004" is-continuous-log="true" is-critical="false" is-enabled="true" logical-id="devCubeRugged1" partition="Streaming" quality-ceiling="good" rtd-reference-channel="" signal-id="DCU13_PosA8-2_IO01" subsystem-name="IDDS" subsystem-type="iDDS" topic="ParameterDataValue">
                                    <alarm-limits/>
                                </instance>
                                <instance name="r1dev4041dev03ch15" acquisition-rate="200" alternate-name="" calibration-group="" calibration-sensor="" customer-sensor="" data-type="boolean" description="Digital Output - RR Use 15" display-format="False/True" domain-id="6" export-for-steady-state="false" fixed-sensor="" fullset-stability="false" gid="4250" group="ATP Calibration" idds-hardware-name="dev03/ch00015" is-continuous-log="true" is-critical="false" is-enabled="true" logical-id="devCubeRugged1" partition="Streaming" quality-ceiling="good" rtd-reference-channel="" signal-id="DCU13_PosA2-2_IO01" subsystem-name="IDDS" subsystem-type="iDDS" topic="ParameterDataValue">
                                    <alarm-limits/>
                                </instance>
                                <instance name="r1dev204dev02ch12" acquisition-rate="100" alternate-name="" calibration-group="" calibration-sensor="" customer-sensor="" data-type="float" deadband="0" description="Hydraulic loading 12 - Reservoir Level Tank 2" display-format="4.2f" display-range-maximum="100" display-range-minimum="0" domain-id="6" engineering-unit="%" export-for-steady-state="true" fixed-sensor="" fullset-stability="false" gid="4223" group="Hydraulic Loading Cabinet" idds-hardware-name="dev02/ch00012" is-continuous-log="true" is-critical="false" is-enabled="true" logical-id="devCubeRugged1" partition="Streaming" quality-ceiling="good" rtd-reference-channel="" signal-id="DCU13_PosA8-2_IO01" subsystem-name="IDDS" subsystem-type="iDDS" topic="ParameterDataValue">
                                    <alarm-limits/>
                                </instance>
                                <instance name="r1dev4041dev03ch24" acquisition-rate="200" alternate-name="" calibration-group="" calibration-sensor="" customer-sensor="" data-type="boolean" description="Cube ID 22 Digital Output Facility Spare" display-format="False/True" domain-id="6" export-for-steady-state="false" fixed-sensor="" fullset-stability="false" gid="4259" group="ATP Calibration" idds-hardware-name="dev03/ch00024" is-continuous-log="true" is-critical="false" is-enabled="true" logical-id="devCubeRugged1" partition="Streaming" quality-ceiling="good" rtd-reference-channel="" signal-id="DCU13_PosA2-2_IO01" subsystem-name="IDDS" subsystem-type="iDDS" topic="ParameterDataValue">
                                    <alarm-limits/>
                                </instance>
                                <instance name="r1dev204dev02ch19" acquisition-rate="100" alternate-name="" calibration-group="" calibration-sensor="" customer-sensor="" data-type="float" deadband="0" description="Hydraulic loading 19 - HP Flow 2" display-format="4.2f" display-range-maximum="3960" display-range-minimum="0" domain-id="6" engineering-unit="UKgal/h" export-for-steady-state="true" fixed-sensor="" fullset-stability="false" gid="4230" group="Hydraulic Loading Cabinet" idds-hardware-name="dev02/ch00019" is-continuous-log="true" is-critical="false" is-enabled="true" logical-id="devCubeRugged1" partition="Streaming" quality-ceiling="good" rtd-reference-channel="" signal-id="DCU13_PosA8-2_IO01" subsystem-name="IDDS" subsystem-type="iDDS" topic="ParameterDataValue">
                                    <alarm-limits/>
                                </instance>
                                <instance name="r1dev4041dev03ch18" acquisition-rate="200" alternate-name="" calibration-group="" calibration-sensor="" customer-sensor="" data-type="boolean" description="Cube ID 22 Digital Output Facility Spare" display-format="False/True" domain-id="6" export-for-steady-state="false" fixed-sensor="" fullset-stability="false" gid="4253" group="ATP Calibration" idds-hardware-name="dev03/ch00018" is-continuous-log="true" is-critical="false" is-enabled="true" logical-id="devCubeRugged1" partition="Streaming" quality-ceiling="good" rtd-reference-channel="" signal-id="DCU13_PosA2-2_IO01" subsystem-name="IDDS" subsystem-type="iDDS" topic="ParameterDataValue">
                                    <alarm-limits/>
                                </instance>
                                <instance name="r1dev204dev02ch24" acquisition-rate="100" alternate-name="" calibration-group="" calibration-sensor="" customer-sensor="" data-type="float" deadband="0" description="Plant fuel pressure 01 (upstream of Coriolis skid) - PT108" display-format="4.2f" display-range-maximum="150" display-range-minimum="0" domain-id="6" engineering-unit="psig" export-for-steady-state="true" fixed-sensor="" fullset-stability="false" gid="4235" group="Facility" idds-hardware-name="dev02/ch00024" is-continuous-log="true" is-critical="false" is-enabled="true" logical-id="devCubeRugged1" partition="Streaming" quality-ceiling="good" rtd-reference-channel="" signal-id="DCU13_PosA8-2_IO01" subsystem-name="IDDS" subsystem-type="iDDS" topic="ParameterDataValue">
                                    <alarm-limits>
                                        <instance alarm-type="lo">
                                            <severity>
                                                <instance alarm-severity="alarm" constant-limit-value="0" delay-time="0" is-constant="true">
                                                    <alarm-actions/>
                                                </instance>
                                            </severity>
                                        </instance>
                                        <instance alarm-type="hi">
                                            <severity>
                                                <instance alarm-severity="alarm" constant-limit-value="120" delay-time="0" is-constant="true">
                                                    <alarm-actions/>
                                                </instance>
                                            </severity>
                                        </instance>
                                    </alarm-limits>
                                </instance>
                                <instance name="r1dev4041dev03ch17" acquisition-rate="200" alternate-name="" calibration-group="" calibration-sensor="" customer-sensor="" data-type="boolean" description="Cube ID 22 Digital Output Facility Spare" display-format="False/True" domain-id="6" export-for-steady-state="false" fixed-sensor="" fullset-stability="false" gid="4252" group="ATP Calibration" idds-hardware-name="dev03/ch00017" is-continuous-log="true" is-critical="false" is-enabled="true" logical-id="devCubeRugged1" partition="Streaming" quality-ceiling="good" rtd-reference-channel="" signal-id="DCU13_PosA2-2_IO01" subsystem-name="IDDS" subsystem-type="iDDS" topic="ParameterDataValue">
                                    <alarm-limits/>
                                </instance>
                                <instance name="r1dev204dev02ch07" acquisition-rate="100" alternate-name="" calibration-group="" calibration-sensor="" customer-sensor="" data-type="float" deadband="0" description="Hydraulic loading 07 - LP Pressure 1" display-format="4.2f" display-range-maximum="160" display-range-minimum="15" domain-id="6" engineering-unit="psia" export-for-steady-state="true" fixed-sensor="" fullset-stability="false" gid="4218" group="Hydraulic Loading Cabinet" idds-hardware-name="dev02/ch00007" is-continuous-log="true" is-critical="false" is-enabled="true" logical-id="devCubeRugged1" partition="Streaming" quality-ceiling="good" rtd-reference-channel="" signal-id="DCU13_PosA8-2_IO01" subsystem-name="IDDS" subsystem-type="iDDS" topic="ParameterDataValue">
                                    <alarm-limits/>
                                </instance>
                                <instance name="r1dev4041dev03ch21" acquisition-rate="200" alternate-name="" calibration-group="" calibration-sensor="" customer-sensor="" data-type="boolean" description="Cube ID 22 Digital Output Facility Spare" display-format="False/True" domain-id="6" export-for-steady-state="false" fixed-sensor="" fullset-stability="false" gid="4256" group="ATP Calibration" idds-hardware-name="dev03/ch00021" is-continuous-log="true" is-critical="false" is-enabled="true" logical-id="devCubeRugged1" partition="Streaming" quality-ceiling="good" rtd-reference-channel="" signal-id="DCU13_PosA2-2_IO01" subsystem-name="IDDS" subsystem-type="iDDS" topic="ParameterDataValue">
                                    <alarm-limits/>
                                </instance>
                                <instance name="r1dev204dev02ch05" acquisition-rate="100" alternate-name="" calibration-group="" calibration-sensor="" customer-sensor="" data-type="float" deadband="0" description="Hydraulic loading 05 - Reservoir Temp Tank 1" display-format="4.2f" display-range-maximum="373" display-range-minimum="263" domain-id="6" engineering-unit="K" export-for-steady-state="true" fixed-sensor="" fullset-stability="false" gid="4216" group="Hydraulic Loading Cabinet" idds-hardware-name="dev02/ch00005" is-continuous-log="true" is-critical="false" is-enabled="true" logical-id="devCubeRugged1" partition="Streaming" quality-ceiling="good" rtd-reference-channel="" signal-id="DCU13_PosA8-2_IO01" subsystem-name="IDDS" subsystem-type="iDDS" topic="ParameterDataValue">
                                    <alarm-limits/>
                                </instance>
                                <instance name="r1dev204dev02ch13" acquisition-rate="100" alternate-name="" calibration-group="" calibration-sensor="" customer-sensor="" data-type="float" deadband="0" description="Hydraulic loading 13 - HP Temperature 2" display-format="4.2f" display-range-maximum="373" display-range-minimum="263" domain-id="6" engineering-unit="K" export-for-steady-state="true" fixed-sensor="" fullset-stability="false" gid="4224" group="Hydraulic Loading Cabinet" idds-hardware-name="dev02/ch00013" is-continuous-log="true" is-critical="false" is-enabled="true" logical-id="devCubeRugged1" partition="Streaming" quality-ceiling="good" rtd-reference-channel="" signal-id="DCU13_PosA8-2_IO01" subsystem-name="IDDS" subsystem-type="iDDS" topic="ParameterDataValue">
                                    <alarm-limits/>
                                </instance>
                                <instance name="r1dev204dev02ch20" acquisition-rate="100" alternate-name="" calibration-group="" calibration-sensor="" customer-sensor="" data-type="float" deadband="0" description="Hydraulic loading 20 - Case Drain Flow 2" display-format="4.2f" display-range-maximum="700" display-range-minimum="0" domain-id="6" engineering-unit="UKgal/h" export-for-steady-state="true" fixed-sensor="" fullset-stability="false" gid="4231" group="Hydraulic Loading Cabinet" idds-hardware-name="dev02/ch00020" is-continuous-log="true" is-critical="false" is-enabled="true" logical-id="devCubeRugged1" partition="Streaming" quality-ceiling="good" rtd-reference-channel="" signal-id="DCU13_PosA8-2_IO01" subsystem-name="IDDS" subsystem-type="iDDS" topic="ParameterDataValue">
                                    <alarm-limits/>
                                </instance>
                                <instance name="r1dev222dev01ch11" acquisition-rate="100" alternate-name="" calibration-group="" calibration-sensor="" customer-sensor="" data-type="float" deadband="0" description="CradleStarboardMiddleForward" display-format="4.2f" display-range-maximum="333" display-range-minimum="253" domain-id="6" engineering-unit="K" export-for-steady-state="false" fixed-sensor="" fullset-stability="false" gid="4210" group="Facility" idds-hardware-name="dev01/ch00011" is-continuous-log="true" is-critical="false" is-enabled="true" logical-id="devCubeRugged1" partition="Streaming" quality-ceiling="good" rtd-reference-channel="" signal-id="JB1001_Pos5_IO02" subsystem-name="IDDS" subsystem-type="iDDS" topic="ParameterDataValue">
                                    <alarm-limits/>
                                </instance>
                                <instance name="r1dev222dev01ch04" acquisition-rate="100" alternate-name="" calibration-group="" calibration-sensor="" customer-sensor="" data-type="float" deadband="0" description="EngineRBT15" display-format="4.2f" display-range-maximum="1200" display-range-minimum="-20" domain-id="6" engineering-unit="Ohm" export-for-steady-state="true" fixed-sensor="" fullset-stability="false" gid="4203" group="ATP Calibration" idds-hardware-name="dev01/ch00004" is-continuous-log="true" is-critical="false" is-enabled="true" logical-id="devCubeRugged1" partition="Streaming" quality-ceiling="good" rtd-reference-channel="" signal-id="JB1001_Pos5_IO02" subsystem-name="IDDS" subsystem-type="iDDS" topic="ParameterDataValue">
                                    <alarm-limits/>
                                </instance>
                            </channels>
                            <macros/>
                            <polynomials/>
                            <standards>
                                <instance name="standard1" standard-description="">
                                    <bpts/>
                                    <channels>
                                        <instance name="r2dev218dev02ch01" acquisition-rate="200" alternate-name="" calibration-group="" calibration-sensor="" customer-sensor="" data-type="float" deadband="0" description="Engine Liquid Air Pressures 09" display-format="4.2f" display-range-maximum="5" display-range-minimum="0" domain-id="6" engineering-unit="Vdc" export-for-steady-state="true" fixed-sensor="" fullset-stability="false" gid="4408" group="ATP Calibration" idds-hardware-name="dev02/ch00001" is-continuous-log="true" is-critical="false" is-enabled="true" logical-id="devCubeRugged2" partition="Streaming" quality-ceiling="good" rtd-reference-channel="" signal-id="JB1002_Pos5_IO02" subsystem-name="IDDS" subsystem-type="iDDS" topic="ParameterDataValue">
                                            <alarm-limits/>
                                        </instance>
                                        <instance name="r2dev608dev01ch05" acquisition-rate="33" alternate-name="" calibration-group="" calibration-sensor="" customer-sensor="" data-type="float" deadband="0" description="Engine turbine flow meter 13" display-format="5.2f" display-range-maximum="20000" display-range-minimum="0" domain-id="6" engineering-unit="Hz" export-for-steady-state="true" fixed-sensor="" fullset-stability="false" gid="4404" group="ATP Calibration" idds-hardware-name="dev01/ch00005" is-continuous-log="true" is-critical="false" is-enabled="true" logical-id="devCubeRugged2" partition="Streaming" quality-ceiling="good" rtd-reference-channel="" signal-id="JB1001_Pos1_IO02" subsystem-name="IDDS" subsystem-type="iDDS" topic="ParameterDataValue">
                                            <alarm-limits/>
                                        </instance>
                                        <instance name="r2dev608dev01ch06" acquisition-rate="33" alternate-name="" calibration-group="" calibration-sensor="" customer-sensor="" data-type="float" deadband="0" description="Engine turbine flow meter 14" display-format="5.2f" display-range-maximum="20000" display-range-minimum="0" domain-id="6" engineering-unit="Hz" export-for-steady-state="true" fixed-sensor="" fullset-stability="false" gid="4405" group="ATP Calibration" idds-hardware-name="dev01/ch00006" is-continuous-log="true" is-critical="false" is-enabled="true" logical-id="devCubeRugged2" partition="Streaming" quality-ceiling="good" rtd-reference-channel="" signal-id="JB1001_Pos1_IO02" subsystem-name="IDDS" subsystem-type="iDDS" topic="ParameterDataValue">
                                            <alarm-limits/>
                                        </instance>
                                        <instance name="r2dev4042dev04ch12" acquisition-rate="200" alternate-name="" calibration-group="" calibration-sensor="" customer-sensor="" data-type="boolean" description="Cube ID 23 Digital Input MDS Spare" display-format="False/True" domain-id="6" export-for-steady-state="false" fixed-sensor="" fullset-stability="false" gid="4451" group="ATP Calibration" idds-hardware-name="dev04/ch00012" is-continuous-log="true" is-critical="false" is-enabled="true" logical-id="devCubeRugged2" partition="Streaming" quality-ceiling="good" rtd-reference-channel="" signal-id="DCU13_PosA2-3_IO01" subsystem-name="IDDS" subsystem-type="iDDS" topic="ParameterDataValue">
                                            <alarm-limits/>
                                        </instance>
                                        <instance name="r2dev608dev01ch07" acquisition-rate="33" alternate-name="" calibration-group="" calibration-sensor="" customer-sensor="" data-type="float" deadband="0" description="Engine turbine flow meter 15" display-format="5.2f" display-range-maximum="20000" display-range-minimum="0" domain-id="6" engineering-unit="Hz" export-for-steady-state="true" fixed-sensor="" fullset-stability="false" gid="4406" group="ATP Calibration" idds-hardware-name="dev01/ch00007" is-continuous-log="true" is-critical="false" is-enabled="true" logical-id="devCubeRugged2" partition="Streaming" quality-ceiling="good" rtd-reference-channel="" signal-id="JB1001_Pos1_IO02" subsystem-name="IDDS" subsystem-type="iDDS" topic="ParameterDataValue">
                                            <alarm-limits/>
                                        </instance>
                                        <instance name="r2dev218dev02ch02" acquisition-rate="200" alternate-name="" calibration-group="" calibration-sensor="" customer-sensor="" data-type="float" deadband="0" description="Engine Liquid Air Pressures 10" display-format="4.2f" display-range-maximum="5" display-range-minimum="0" domain-id="6" engineering-unit="Vdc" export-for-steady-state="true" fixed-sensor="" fullset-stability="false" gid="4409" group="ATP Calibration" idds-hardware-name="dev02/ch00002" is-continuous-log="true" is-critical="false" is-enabled="true" logical-id="devCubeRugged2" partition="Streaming" quality-ceiling="good" rtd-reference-channel="" signal-id="JB1002_Pos5_IO02" subsystem-name="IDDS" subsystem-type="iDDS" topic="ParameterDataValue">
                                            <alarm-limits/>
                                        </instance>
                                        <instance name="r2dev608dev01ch08" acquisition-rate="33" alternate-name="" calibration-group="" calibration-sensor="" customer-sensor="" data-type="float" deadband="0" description="Engine turbine flow meter 16" display-format="5.2f" display-range-maximum="20000" display-range-minimum="0" domain-id="6" engineering-unit="Hz" export-for-steady-state="true" fixed-sensor="" fullset-stability="false" gid="4407" group="ATP Calibration" idds-hardware-name="dev01/ch00008" is-continuous-log="true" is-critical="false" is-enabled="true" logical-id="devCubeRugged2" partition="Streaming" quality-ceiling="good" rtd-reference-channel="" signal-id="JB1001_Pos1_IO02" subsystem-name="IDDS" subsystem-type="iDDS" topic="ParameterDataValue">
                                            <alarm-limits/>
                                        </instance>
                                        <instance name="r2dev4042dev04ch18" acquisition-rate="200" alternate-name="" calibration-group="" calibration-sensor="" customer-sensor="" data-type="boolean" description="BarRefSOV2Out - input from cube to RTE. Reference maifold source reference feedback" display-format="BAR Reference Manifold Source/EXT Reference Manifold Source" domain-id="6" export-for-steady-state="false" fixed-sensor="" fullset-stability="false" gid="4457" group="Facility" idds-hardware-name="dev04/ch00018" is-continuous-log="true" is-critical="false" is-enabled="true" logical-id="devCubeRugged2" partition="Streaming" quality-ceiling="good" rtd-reference-channel="" signal-id="DCU13_PosA2-3_IO01" subsystem-name="IDDS" subsystem-type="iDDS" topic="ParameterDataValue">
                                            <alarm-limits/>
                                        </instance>
                                        <instance name="r2dev4041dev03ch03" acquisition-rate="200" alternate-name="" calibration-group="" calibration-sensor="" customer-sensor="" data-type="boolean" description="Digital Input - RR Use 15" display-format="False/True" domain-id="6" export-for-steady-state="false" fixed-sensor="" fullset-stability="false" gid="4418" group="ATP Calibration" idds-hardware-name="dev03/ch00003" is-continuous-log="true" is-critical="false" is-enabled="true" logical-id="devCubeRugged2" partition="Streaming" quality-ceiling="good" rtd-reference-channel="" signal-id="DCU13_PosA2-2_IO01" subsystem-name="IDDS" subsystem-type="iDDS" topic="ParameterDataValue">
                                            <alarm-limits/>
                                        </instance>
                                        <instance name="r2dev4041dev03ch22" acquisition-rate="200" alternate-name="" calibration-group="" calibration-sensor="" customer-sensor="" data-type="boolean" description="Cube ID 22 Digital Output Facility Spare" display-format="False/True" domain-id="6" export-for-steady-state="false" fixed-sensor="" fullset-stability="false" gid="4437" group="ATP Calibration" idds-hardware-name="dev03/ch00022" is-continuous-log="true" is-critical="false" is-enabled="true" logical-id="devCubeRugged2" partition="Streaming" quality-ceiling="good" rtd-reference-channel="" signal-id="DCU13_PosA2-2_IO01" subsystem-name="IDDS" subsystem-type="iDDS" topic="ParameterDataValue">
                                            <alarm-limits/>
                                        </instance>
                                        <instance name="r2dev4041dev03ch23" acquisition-rate="200" alternate-name="" calibration-group="" calibration-sensor="" customer-sensor="" data-type="boolean" description="Cube ID 22 Digital Output Facility Spare" display-format="False/True" domain-id="6" export-for-steady-state="false" fixed-sensor="" fullset-stability="false" gid="4438" group="ATP Calibration" idds-hardware-name="dev03/ch00023" is-continuous-log="true" is-critical="false" is-enabled="true" logical-id="devCubeRugged2" partition="Streaming" quality-ceiling="good" rtd-reference-channel="" signal-id="DCU13_PosA2-2_IO01" subsystem-name="IDDS" subsystem-type="iDDS" topic="ParameterDataValue">
                                            <alarm-limits/>
                                        </instance>
                                        <instance name="r2dev4042dev04ch24" acquisition-rate="200" alternate-name="" calibration-group="" calibration-sensor="" customer-sensor="" data-type="boolean" description="Cube ID 23 Digital Output MDS Spare" display-format="False/True" domain-id="6" export-for-steady-state="false" fixed-sensor="" fullset-stability="false" gid="4463" group="ATP Calibration" idds-hardware-name="dev04/ch00024" is-continuous-log="true" is-critical="false" is-enabled="true" logical-id="devCubeRugged2" partition="Streaming" quality-ceiling="good" rtd-reference-channel="" signal-id="DCU13_PosA2-3_IO01" subsystem-name="IDDS" subsystem-type="iDDS" topic="ParameterDataValue">
                                            <alarm-limits/>
                                        </instance>
                                        <instance name="r2dev4041dev03ch05" acquisition-rate="200" alternate-name="" calibration-group="" calibration-sensor="" customer-sensor="" data-type="boolean" description="Slave set with auto recognition 01" display-format="False/True" domain-id="6" export-for-steady-state="true" fixed-sensor="" fullset-stability="false" gid="4420" group="ATP Calibration" idds-hardware-name="dev03/ch00005" is-continuous-log="true" is-critical="false" is-enabled="true" logical-id="devCubeRugged2" partition="Streaming" quality-ceiling="good" rtd-reference-channel="" signal-id="DCU13_PosA2-2_IO01" subsystem-name="IDDS" subsystem-type="iDDS" topic="ParameterDataValue">
                                            <alarm-limits/>
                                        </instance>
                                        <instance name="r2dev4042dev04ch19" acquisition-rate="200" alternate-name="" calibration-group="" calibration-sensor="" customer-sensor="" data-type="boolean" description="PurgeAirHLPressure - input from cube to RTE. Purge Air High/Low Pressure feedback" display-format="Purge Air Low Pressure/Purge Air High Pressure" domain-id="6" export-for-steady-state="false" fixed-sensor="" fullset-stability="false" gid="4458" group="Facility" idds-hardware-name="dev04/ch00019" is-continuous-log="true" is-critical="false" is-enabled="true" logical-id="devCubeRugged2" partition="Streaming" quality-ceiling="good" rtd-reference-channel="" signal-id="DCU13_PosA2-3_IO01" subsystem-name="IDDS" subsystem-type="iDDS" topic="ParameterDataValue">
                                            <alarm-limits/>
                                        </instance>
                                        <instance name="r2dev4041dev03ch11" acquisition-rate="200" alternate-name="" calibration-group="" calibration-sensor="" customer-sensor="" data-type="boolean" description="Cube ID 22 Digital Input Facility Spare" display-format="False/True" domain-id="6" export-for-steady-state="false" fixed-sensor="" fullset-stability="false" gid="4426" group="ATP Calibration" idds-hardware-name="dev03/ch00011" is-continuous-log="true" is-critical="false" is-enabled="true" logical-id="devCubeRugged2" partition="Streaming" quality-ceiling="good" rtd-reference-channel="" signal-id="DCU13_PosA2-2_IO01" subsystem-name="IDDS" subsystem-type="iDDS" topic="ParameterDataValue">
                                            <alarm-limits/>
                                        </instance>
                                        <instance name="r2dev4042dev04ch13" acquisition-rate="200" alternate-name="" calibration-group="" calibration-sensor="" customer-sensor="" data-type="boolean" description="Cube ID 23 Digital Output MDS Spare" display-format="False/True" domain-id="6" export-for-steady-state="false" fixed-sensor="" fullset-stability="false" gid="4452" group="ATP Calibration" idds-hardware-name="dev04/ch00013" is-continuous-log="true" is-critical="false" is-enabled="true" logical-id="devCubeRugged2" partition="Streaming" quality-ceiling="good" rtd-reference-channel="" signal-id="DCU13_PosA2-3_IO01" subsystem-name="IDDS" subsystem-type="iDDS" topic="ParameterDataValue">
                                            <alarm-limits/>
                                        </instance>
                                        <instance name="r2dev4041dev03ch06" acquisition-rate="200" alternate-name="" calibration-group="" calibration-sensor="" customer-sensor="" data-type="boolean" description="Slave set with auto recognition 02" display-format="False/True" domain-id="6" export-for-steady-state="true" fixed-sensor="" fullset-stability="false" gid="4421" group="ATP Calibration" idds-hardware-name="dev03/ch00006" is-continuous-log="true" is-critical="false" is-enabled="true" logical-id="devCubeRugged2" partition="Streaming" quality-ceiling="good" rtd-reference-channel="" signal-id="DCU13_PosA2-2_IO01" subsystem-name="IDDS" subsystem-type="iDDS" topic="ParameterDataValue">
                                            <alarm-limits/>
                                        </instance>
                                        <instance name="r2dev4041dev03ch10" acquisition-rate="200" alternate-name="" calibration-group="" calibration-sensor="" customer-sensor="" data-type="boolean" description="Cube ID 22 Digital Input Facility Spare" display-format="False/True" domain-id="6" export-for-steady-state="false" fixed-sensor="" fullset-stability="false" gid="4425" group="ATP Calibration" idds-hardware-name="dev03/ch00010" is-continuous-log="true" is-critical="false" is-enabled="true" logical-id="devCubeRugged2" partition="Streaming" quality-ceiling="good" rtd-reference-channel="" signal-id="DCU13_PosA2-2_IO01" subsystem-name="IDDS" subsystem-type="iDDS" topic="ParameterDataValue">
                                            <alarm-limits/>
                                        </instance>
                                        <instance name="r2dev4041dev03ch07" acquisition-rate="200" alternate-name="" calibration-group="" calibration-sensor="" customer-sensor="" data-type="boolean" description="Slave set with auto recognition 03" display-format="False/True" domain-id="6" export-for-steady-state="true" fixed-sensor="" fullset-stability="false" gid="4422" group="ATP Calibration" idds-hardware-name="dev03/ch00007" is-continuous-log="true" is-critical="false" is-enabled="true" logical-id="devCubeRugged2" partition="Streaming" quality-ceiling="good" rtd-reference-channel="" signal-id="DCU13_PosA2-2_IO01" subsystem-name="IDDS" subsystem-type="iDDS" topic="ParameterDataValue">
                                            <alarm-limits/>
                                        </instance>
                                        <instance name="r2dev4041dev03ch02" acquisition-rate="200" alternate-name="" calibration-group="" calibration-sensor="" customer-sensor="" data-type="boolean" description="Digital Input - RR Use 14" display-format="False/True" domain-id="6" export-for-steady-state="false" fixed-sensor="" fullset-stability="false" gid="4417" group="ATP Calibration" idds-hardware-name="dev03/ch00002" is-continuous-log="true" is-critical="false" is-enabled="true" logical-id="devCubeRugged2" partition="Streaming" quality-ceiling="good" rtd-reference-channel="" signal-id="DCU13_PosA2-2_IO01" subsystem-name="IDDS" subsystem-type="iDDS" topic="ParameterDataValue">
                                            <alarm-limits/>
                                        </instance>
                                        <instance name="r2dev218dev02ch03" acquisition-rate="200" alternate-name="" calibration-group="" calibration-sensor="" customer-sensor="" data-type="float" deadband="0" description="Engine Liquid Air Pressures 11" display-format="4.2f" display-range-maximum="5" display-range-minimum="0" domain-id="6" engineering-unit="Vdc" export-for-steady-state="true" fixed-sensor="" fullset-stability="false" gid="4410" group="ATP Calibration" idds-hardware-name="dev02/ch00003" is-continuous-log="true" is-critical="false" is-enabled="true" logical-id="devCubeRugged2" partition="Streaming" quality-ceiling="good" rtd-reference-channel="" signal-id="JB1002_Pos5_IO02" subsystem-name="IDDS" subsystem-type="iDDS" topic="ParameterDataValue">
                                            <alarm-limits/>
                                        </instance>
                                        <instance name="r2dev218dev02ch04" acquisition-rate="200" alternate-name="" calibration-group="" calibration-sensor="" customer-sensor="" data-type="float" deadband="0" description="Engine Liquid Air Pressures 12" display-format="4.2f" display-range-maximum="5" display-range-minimum="0" domain-id="6" engineering-unit="Vdc" export-for-steady-state="true" fixed-sensor="" fullset-stability="false" gid="4411" group="ATP Calibration" idds-hardware-name="dev02/ch00004" is-continuous-log="true" is-critical="false" is-enabled="true" logical-id="devCubeRugged2" partition="Streaming" quality-ceiling="good" rtd-reference-channel="" signal-id="JB1002_Pos5_IO02" subsystem-name="IDDS" subsystem-type="iDDS" topic="ParameterDataValue">
                                            <alarm-limits/>
                                        </instance>
                                        <instance name="r2dev4042dev04ch21" acquisition-rate="200" alternate-name="" calibration-group="" calibration-sensor="" customer-sensor="" data-type="boolean" description="PressTriggerOut - input from cube to RTE. Scanner trigger feedback" display-format="False/True" domain-id="6" export-for-steady-state="false" fixed-sensor="" fullset-stability="false" gid="4460" group="Facility" idds-hardware-name="dev04/ch00021" is-continuous-log="true" is-critical="false" is-enabled="true" logical-id="devCubeRugged2" partition="Streaming" quality-ceiling="good" rtd-reference-channel="" signal-id="DCU13_PosA2-3_IO01" subsystem-name="IDDS" subsystem-type="iDDS" topic="ParameterDataValue">
                                            <alarm-limits/>
                                        </instance>
                                        <instance name="r2dev4041dev03ch19" acquisition-rate="200" alternate-name="" calibration-group="" calibration-sensor="" customer-sensor="" data-type="boolean" description="Cube ID 22 Digital Output Facility Spare" display-format="False/True" domain-id="6" export-for-steady-state="false" fixed-sensor="" fullset-stability="false" gid="4434" group="ATP Calibration" idds-hardware-name="dev03/ch00019" is-continuous-log="true" is-critical="false" is-enabled="true" logical-id="devCubeRugged2" partition="Streaming" quality-ceiling="good" rtd-reference-channel="" signal-id="DCU13_PosA2-2_IO01" subsystem-name="IDDS" subsystem-type="iDDS" topic="ParameterDataValue">
                                            <alarm-limits/>
                                        </instance>
                                        <instance name="r2dev4041dev03ch04" acquisition-rate="200" alternate-name="" calibration-group="" calibration-sensor="" customer-sensor="" data-type="boolean" description="Digital Input - RR Use 16" display-format="False/True" domain-id="6" export-for-steady-state="false" fixed-sensor="" fullset-stability="false" gid="4419" group="ATP Calibration" idds-hardware-name="dev03/ch00004" is-continuous-log="true" is-critical="false" is-enabled="true" logical-id="devCubeRugged2" partition="Streaming" quality-ceiling="good" rtd-reference-channel="" signal-id="DCU13_PosA2-2_IO01" subsystem-name="IDDS" subsystem-type="iDDS" topic="ParameterDataValue">
                                            <alarm-limits/>
                                        </instance>
                                        <instance name="r2dev4041dev03ch20" acquisition-rate="200" alternate-name="" calibration-group="" calibration-sensor="" customer-sensor="" data-type="boolean" description="Cube ID 22 Digital Output Facility Spare" display-format="False/True" domain-id="6" export-for-steady-state="false" fixed-sensor="" fullset-stability="false" gid="4435" group="ATP Calibration" idds-hardware-name="dev03/ch00020" is-continuous-log="true" is-critical="false" is-enabled="true" logical-id="devCubeRugged2" partition="Streaming" quality-ceiling="good" rtd-reference-channel="" signal-id="DCU13_PosA2-2_IO01" subsystem-name="IDDS" subsystem-type="iDDS" topic="ParameterDataValue">
                                            <alarm-limits/>
                                        </instance>
                                        <instance name="r2dev4041dev03ch12" acquisition-rate="200" alternate-name="" calibration-group="" calibration-sensor="" customer-sensor="" data-type="boolean" description="Cube ID 22 Digital Input Facility Spare" display-format="False/True" domain-id="6" export-for-steady-state="false" fixed-sensor="" fullset-stability="false" gid="4427" group="ATP Calibration" idds-hardware-name="dev03/ch00012" is-continuous-log="true" is-critical="false" is-enabled="true" logical-id="devCubeRugged2" partition="Streaming" quality-ceiling="good" rtd-reference-channel="" signal-id="DCU13_PosA2-2_IO01" subsystem-name="IDDS" subsystem-type="iDDS" topic="ParameterDataValue">
                                            <alarm-limits/>
                                        </instance>
                                        <instance name="r2dev4042dev04ch05" acquisition-rate="200" alternate-name="" calibration-group="" calibration-sensor="" customer-sensor="" data-type="boolean" description="PBS High Pressure Purge Air / Press Low = True." display-format="False/Purge Air High Source has Low Pressure" domain-id="6" export-for-steady-state="false" fixed-sensor="" fullset-stability="false" gid="4444" group="Facility" idds-hardware-name="dev04/ch00005" is-continuous-log="true" is-critical="false" is-enabled="true" logical-id="devCubeRugged2" partition="Streaming" quality-ceiling="good" rtd-reference-channel="" signal-id="DCU13_PosA2-3_IO01" subsystem-name="IDDS" subsystem-type="iDDS" topic="ParameterDataValue">
                                            <alarm-limits>
                                                <instance alarm-type="disc">
                                                    <severity>
                                                        <instance alarm-severity="alarm" constant-limit-value="true" is-constant="true">
                                                            <alarm-actions>
                                                                <instance action-type="event-comment" event-comment="Warning - PBS High pressure purge supply pressure below limit" priority="high" trigger-on-positive="true"/>
                                                            </alarm-actions>
                                                        </instance>
                                                    </severity>
                                                </instance>
                                            </alarm-limits>
                                        </instance>
                                        <instance name="r2dev4042dev04ch02" acquisition-rate="200" alternate-name="" calibration-group="" calibration-sensor="" customer-sensor="" data-type="boolean" description="AirCrankPBAct - input from cube to RTE. Air crank push button active" display-format="False/Air Crank Push Button Active" domain-id="6" export-for-steady-state="true" fixed-sensor="" fullset-stability="false" gid="4441" group="Facility" idds-hardware-name="dev04/ch00002" is-continuous-log="true" is-critical="false" is-enabled="true" logical-id="devCubeRugged2" partition="Streaming" quality-ceiling="good" rtd-reference-channel="" signal-id="DCU13_PosA2-3_IO01" subsystem-name="IDDS" subsystem-type="iDDS" topic="ParameterDataValue">
                                            <alarm-limits/>
                                        </instance>
                                        <instance name="r2dev4041dev03ch08" acquisition-rate="200" alternate-name="" calibration-group="" calibration-sensor="" customer-sensor="" data-type="boolean" description="Slave set with auto recognition 04" display-format="False/True" domain-id="6" export-for-steady-state="true" fixed-sensor="" fullset-stability="false" gid="4423" group="ATP Calibration" idds-hardware-name="dev03/ch00008" is-continuous-log="true" is-critical="false" is-enabled="true" logical-id="devCubeRugged2" partition="Streaming" quality-ceiling="good" rtd-reference-channel="" signal-id="DCU13_PosA2-2_IO01" subsystem-name="IDDS" subsystem-type="iDDS" topic="ParameterDataValue">
                                            <alarm-limits/>
                                        </instance>
                                        <instance name="r2dev4041dev03ch09" acquisition-rate="200" alternate-name="" calibration-group="" calibration-sensor="" customer-sensor="" data-type="boolean" description="Cube ID 22 Digital Input Facility Spare" display-format="False/True" domain-id="6" export-for-steady-state="false" fixed-sensor="" fullset-stability="false" gid="4424" group="ATP Calibration" idds-hardware-name="dev03/ch00009" is-continuous-log="true" is-critical="false" is-enabled="true" logical-id="devCubeRugged2" partition="Streaming" quality-ceiling="good" rtd-reference-channel="" signal-id="DCU13_PosA2-2_IO01" subsystem-name="IDDS" subsystem-type="iDDS" topic="ParameterDataValue">
                                            <alarm-limits/>
                                        </instance>
                                        <instance name="r2dev4041dev03ch14" acquisition-rate="200" alternate-name="" calibration-group="" calibration-sensor="" customer-sensor="" data-type="boolean" description="Digital Output - RR Use 14" display-format="False/True" domain-id="6" export-for-steady-state="false" fixed-sensor="" fullset-stability="false" gid="4429" group="ATP Calibration" idds-hardware-name="dev03/ch00014" is-continuous-log="true" is-critical="false" is-enabled="true" logical-id="devCubeRugged2" partition="Streaming" quality-ceiling="good" rtd-reference-channel="" signal-id="DCU13_PosA2-2_IO01" subsystem-name="IDDS" subsystem-type="iDDS" topic="ParameterDataValue">
                                            <alarm-limits/>
                                        </instance>
                                        <instance name="r2dev4041dev03ch13" acquisition-rate="200" alternate-name="" calibration-group="" calibration-sensor="" customer-sensor="" data-type="boolean" description="Digital Output - RR Use 13" display-format="False/True" domain-id="6" export-for-steady-state="false" fixed-sensor="" fullset-stability="false" gid="4428" group="ATP Calibration" idds-hardware-name="dev03/ch00013" is-continuous-log="true" is-critical="false" is-enabled="true" logical-id="devCubeRugged2" partition="Streaming" quality-ceiling="good" rtd-reference-channel="" signal-id="DCU13_PosA2-2_IO01" subsystem-name="IDDS" subsystem-type="iDDS" topic="ParameterDataValue">
                                            <alarm-limits/>
                                        </instance>
                                        <instance name="r2dev4042dev04ch09" acquisition-rate="200" alternate-name="" calibration-group="" calibration-sensor="" customer-sensor="" data-type="boolean" description="PBSTriggerMonitor - input from cube to RTE. Scanner trigger monitor" display-format="False/True" domain-id="6" export-for-steady-state="false" fixed-sensor="" fullset-stability="false" gid="4448" group="Facility" idds-hardware-name="dev04/ch00009" is-continuous-log="true" is-critical="false" is-enabled="true" logical-id="devCubeRugged2" partition="Streaming" quality-ceiling="good" rtd-reference-channel="" signal-id="DCU13_PosA2-3_IO01" subsystem-name="IDDS" subsystem-type="iDDS" topic="ParameterDataValue">
                                            <alarm-limits/>
                                        </instance>
                                        <instance name="r2dev4042dev04ch03" acquisition-rate="200" alternate-name="" calibration-group="" calibration-sensor="" customer-sensor="" data-type="boolean" description="Cube ID 23 Digital Input MDS Spare" display-format="False/True" domain-id="6" export-for-steady-state="false" fixed-sensor="" fullset-stability="false" gid="4442" group="ATP Calibration" idds-hardware-name="dev04/ch00003" is-continuous-log="true" is-critical="false" is-enabled="true" logical-id="devCubeRugged2" partition="Streaming" quality-ceiling="good" rtd-reference-channel="" signal-id="DCU13_PosA2-3_IO01" subsystem-name="IDDS" subsystem-type="iDDS" topic="ParameterDataValue">
                                            <alarm-limits/>
                                        </instance>
                                        <instance name="r2dev4041dev03ch01" acquisition-rate="200" alternate-name="" calibration-group="" calibration-sensor="" customer-sensor="" data-type="boolean" description="Digital Input - RR Use 13" display-format="False/True" domain-id="6" export-for-steady-state="false" fixed-sensor="" fullset-stability="false" gid="4416" group="ATP Calibration" idds-hardware-name="dev03/ch00001" is-continuous-log="true" is-critical="false" is-enabled="true" logical-id="devCubeRugged2" partition="Streaming" quality-ceiling="good" rtd-reference-channel="" signal-id="DCU13_PosA2-2_IO01" subsystem-name="IDDS" subsystem-type="iDDS" topic="ParameterDataValue">
                                            <alarm-limits/>
                                        </instance>
                                        <instance name="r2dev4041dev03ch16" acquisition-rate="200" alternate-name="" calibration-group="" calibration-sensor="" customer-sensor="" data-type="boolean" description="Digital Output - RR Use 16" display-format="False/True" domain-id="6" export-for-steady-state="false" fixed-sensor="" fullset-stability="false" gid="4431" group="ATP Calibration" idds-hardware-name="dev03/ch00016" is-continuous-log="true" is-critical="false" is-enabled="true" logical-id="devCubeRugged2" partition="Streaming" quality-ceiling="good" rtd-reference-channel="" signal-id="DCU13_PosA2-2_IO01" subsystem-name="IDDS" subsystem-type="iDDS" topic="ParameterDataValue">
                                            <alarm-limits/>
                                        </instance>
                                        <instance name="r2dev218dev02ch05" acquisition-rate="200" alternate-name="" calibration-group="" calibration-sensor="" customer-sensor="" data-type="float" deadband="0" description="Engine Liquid Air Pressures 13" display-format="4.2f" display-range-maximum="5" display-range-minimum="0" domain-id="6" engineering-unit="Vdc" export-for-steady-state="true" fixed-sensor="" fullset-stability="false" gid="4412" group="ATP Calibration" idds-hardware-name="dev02/ch00005" is-continuous-log="true" is-critical="false" is-enabled="true" logical-id="devCubeRugged2" partition="Streaming" quality-ceiling="good" rtd-reference-channel="" signal-id="JB1002_Pos5_IO02" subsystem-name="IDDS" subsystem-type="iDDS" topic="ParameterDataValue">
                                            <alarm-limits/>
                                        </instance>
                                        <instance name="r2dev4041dev03ch15" acquisition-rate="200" alternate-name="" calibration-group="" calibration-sensor="" customer-sensor="" data-type="boolean" description="Digital Output - RR Use 15" display-format="False/True" domain-id="6" export-for-steady-state="false" fixed-sensor="" fullset-stability="false" gid="4430" group="ATP Calibration" idds-hardware-name="dev03/ch00015" is-continuous-log="true" is-critical="false" is-enabled="true" logical-id="devCubeRugged2" partition="Streaming" quality-ceiling="good" rtd-reference-channel="" signal-id="DCU13_PosA2-2_IO01" subsystem-name="IDDS" subsystem-type="iDDS" topic="ParameterDataValue">
                                            <alarm-limits/>
                                        </instance>
                                        <instance name="r2dev4042dev04ch14" acquisition-rate="200" alternate-name="" calibration-group="" calibration-sensor="" customer-sensor="" data-type="boolean" description="Cube ID 23 Digital Output MDS Spare" display-format="False/True" domain-id="6" export-for-steady-state="false" fixed-sensor="" fullset-stability="false" gid="4453" group="ATP Calibration" idds-hardware-name="dev04/ch00014" is-continuous-log="true" is-critical="false" is-enabled="true" logical-id="devCubeRugged2" partition="Streaming" quality-ceiling="good" rtd-reference-channel="" signal-id="DCU13_PosA2-3_IO01" subsystem-name="IDDS" subsystem-type="iDDS" topic="ParameterDataValue">
                                            <alarm-limits/>
                                        </instance>
                                        <instance name="r2dev4041dev03ch24" acquisition-rate="200" alternate-name="" calibration-group="" calibration-sensor="" customer-sensor="" data-type="boolean" description="Cube ID 22 Digital Output Facility Spare" display-format="False/True" domain-id="6" export-for-steady-state="false" fixed-sensor="" fullset-stability="false" gid="4439" group="ATP Calibration" idds-hardware-name="dev03/ch00024" is-continuous-log="true" is-critical="false" is-enabled="true" logical-id="devCubeRugged2" partition="Streaming" quality-ceiling="good" rtd-reference-channel="" signal-id="DCU13_PosA2-2_IO01" subsystem-name="IDDS" subsystem-type="iDDS" topic="ParameterDataValue">
                                            <alarm-limits/>
                                        </instance>
                                        <instance name="r2dev4041dev03ch18" acquisition-rate="200" alternate-name="" calibration-group="" calibration-sensor="" customer-sensor="" data-type="boolean" description="Cube ID 22 Digital Output Facility Spare" display-format="False/True" domain-id="6" export-for-steady-state="false" fixed-sensor="" fullset-stability="false" gid="4433" group="ATP Calibration" idds-hardware-name="dev03/ch00018" is-continuous-log="true" is-critical="false" is-enabled="true" logical-id="devCubeRugged2" partition="Streaming" quality-ceiling="good" rtd-reference-channel="" signal-id="DCU13_PosA2-2_IO01" subsystem-name="IDDS" subsystem-type="iDDS" topic="ParameterDataValue">
                                            <alarm-limits/>
                                        </instance>
                                        <instance name="r2dev4042dev04ch06" acquisition-rate="200" alternate-name="" calibration-group="" calibration-sensor="" customer-sensor="" data-type="boolean" description="PBS Low Pressure Purge Air / Press Low = True." display-format="False/Purge Air Low Source has Low Pressure" domain-id="6" export-for-steady-state="false" fixed-sensor="" fullset-stability="false" gid="4445" group="Facility" idds-hardware-name="dev04/ch00006" is-continuous-log="true" is-critical="false" is-enabled="true" logical-id="devCubeRugged2" partition="Streaming" quality-ceiling="good" rtd-reference-channel="" signal-id="DCU13_PosA2-3_IO01" subsystem-name="IDDS" subsystem-type="iDDS" topic="ParameterDataValue">
                                            <alarm-limits>
                                                <instance alarm-type="disc">
                                                    <severity>
                                                        <instance alarm-severity="alarm" constant-limit-value="true" is-constant="true">
                                                            <alarm-actions>
                                                                <instance action-type="event-comment" event-comment="Warning - PBS Low pressure purge supply pressure below limit" priority="high" trigger-on-positive="true"/>
                                                            </alarm-actions>
                                                        </instance>
                                                    </severity>
                                                </instance>
                                            </alarm-limits>
                                        </instance>
                                        <instance name="r2dev4041dev03ch17" acquisition-rate="200" alternate-name="" calibration-group="" calibration-sensor="" customer-sensor="" data-type="boolean" description="Cube ID 22 Digital Output Facility Spare" display-format="False/True" domain-id="6" export-for-steady-state="false" fixed-sensor="" fullset-stability="false" gid="4432" group="ATP Calibration" idds-hardware-name="dev03/ch00017" is-continuous-log="true" is-critical="false" is-enabled="true" logical-id="devCubeRugged2" partition="Streaming" quality-ceiling="good" rtd-reference-channel="" signal-id="DCU13_PosA2-2_IO01" subsystem-name="IDDS" subsystem-type="iDDS" topic="ParameterDataValue">
                                            <alarm-limits/>
                                        </instance>
                                        <instance name="r2dev608dev01ch01" acquisition-rate="33" alternate-name="" calibration-group="" calibration-sensor="" customer-sensor="" data-type="float" deadband="0" description="Engine turbine flow meter 09" display-format="5.2f" display-range-maximum="20000" display-range-minimum="0" domain-id="6" engineering-unit="Hz" export-for-steady-state="true" fixed-sensor="" fullset-stability="false" gid="4400" group="ATP Calibration" idds-hardware-name="dev01/ch00001" is-continuous-log="true" is-critical="false" is-enabled="true" logical-id="devCubeRugged2" partition="Streaming" quality-ceiling="good" rtd-reference-channel="" signal-id="JB1001_Pos1_IO02" subsystem-name="IDDS" subsystem-type="iDDS" topic="ParameterDataValue">
                                            <alarm-limits/>
                                        </instance>
                                        <instance name="r2dev4041dev03ch21" acquisition-rate="200" alternate-name="" calibration-group="" calibration-sensor="" customer-sensor="" data-type="boolean" description="Cube ID 22 Digital Output Facility Spare" display-format="False/True" domain-id="6" export-for-steady-state="false" fixed-sensor="" fullset-stability="false" gid="4436" group="ATP Calibration" idds-hardware-name="dev03/ch00021" is-continuous-log="true" is-critical="false" is-enabled="true" logical-id="devCubeRugged2" partition="Streaming" quality-ceiling="good" rtd-reference-channel="" signal-id="DCU13_PosA2-2_IO01" subsystem-name="IDDS" subsystem-type="iDDS" topic="ParameterDataValue">
                                            <alarm-limits/>
                                        </instance>
                                        <instance name="r2dev218dev02ch06" acquisition-rate="200" alternate-name="" calibration-group="" calibration-sensor="" customer-sensor="" data-type="float" deadband="0" description="Engine Liquid Air Pressures 14" display-format="4.2f" display-range-maximum="5" display-range-minimum="0" domain-id="6" engineering-unit="Vdc" export-for-steady-state="true" fixed-sensor="" fullset-stability="false" gid="4413" group="ATP Calibration" idds-hardware-name="dev02/ch00006" is-continuous-log="true" is-critical="false" is-enabled="true" logical-id="devCubeRugged2" partition="Streaming" quality-ceiling="good" rtd-reference-channel="" signal-id="JB1002_Pos5_IO02" subsystem-name="IDDS" subsystem-type="iDDS" topic="ParameterDataValue">
                                            <alarm-limits/>
                                        </instance>
                                        <instance name="r2dev4042dev04ch04" acquisition-rate="200" alternate-name="" calibration-group="" calibration-sensor="" customer-sensor="" data-type="boolean" description="Cube ID 23 Digital Input MDS Spare" display-format="False/True" domain-id="6" export-for-steady-state="false" fixed-sensor="" fullset-stability="false" gid="4443" group="ATP Calibration" idds-hardware-name="dev04/ch00004" is-continuous-log="true" is-critical="false" is-enabled="true" logical-id="devCubeRugged2" partition="Streaming" quality-ceiling="good" rtd-reference-channel="" signal-id="DCU13_PosA2-3_IO01" subsystem-name="IDDS" subsystem-type="iDDS" topic="ParameterDataValue">
                                            <alarm-limits/>
                                        </instance>
                                        <instance name="r2dev218dev02ch07" acquisition-rate="200" alternate-name="" calibration-group="" calibration-sensor="" customer-sensor="" data-type="float" deadband="0" description="Engine Liquid Air Pressures 15" display-format="4.2f" display-range-maximum="5" display-range-minimum="0" domain-id="6" engineering-unit="Vdc" export-for-steady-state="true" fixed-sensor="" fullset-stability="false" gid="4414" group="ATP Calibration" idds-hardware-name="dev02/ch00007" is-continuous-log="true" is-critical="false" is-enabled="true" logical-id="devCubeRugged2" partition="Streaming" quality-ceiling="good" rtd-reference-channel="" signal-id="JB1002_Pos5_IO02" subsystem-name="IDDS" subsystem-type="iDDS" topic="ParameterDataValue">
                                            <alarm-limits/>
                                        </instance>
                                        <instance name="r2dev4042dev04ch17" acquisition-rate="200" alternate-name="" calibration-group="" calibration-sensor="" customer-sensor="" data-type="boolean" description="BarRefSOV1Out - input from cube to RTE. Reference maifold isolation reference feedback" display-format="False/Reference Manifold Isolated" domain-id="6" export-for-steady-state="false" fixed-sensor="" fullset-stability="false" gid="4456" group="Facility" idds-hardware-name="dev04/ch00017" is-continuous-log="true" is-critical="false" is-enabled="true" logical-id="devCubeRugged2" partition="Streaming" quality-ceiling="good" rtd-reference-channel="" signal-id="DCU13_PosA2-3_IO01" subsystem-name="IDDS" subsystem-type="iDDS" topic="ParameterDataValue">
                                            <alarm-limits/>
                                        </instance>
                                        <instance name="r2dev4042dev04ch07" acquisition-rate="200" alternate-name="" calibration-group="" calibration-sensor="" customer-sensor="" data-type="boolean" description="PressScanAirSupplyLow - input from cube to RTE. PBS Purge Air Supply pressure low" display-format="False/Purge Air Supply Source has Low Pressure" domain-id="6" export-for-steady-state="false" fixed-sensor="" fullset-stability="false" gid="4446" group="Facility" idds-hardware-name="dev04/ch00007" is-continuous-log="true" is-critical="false" is-enabled="true" logical-id="devCubeRugged2" partition="Streaming" quality-ceiling="good" rtd-reference-channel="" signal-id="DCU13_PosA2-3_IO01" subsystem-name="IDDS" subsystem-type="iDDS" topic="ParameterDataValue">
                                            <alarm-limits>
                                                <instance alarm-type="disc">
                                                    <severity>
                                                        <instance alarm-severity="alarm" constant-limit-value="true" is-constant="true">
                                                            <alarm-actions>
                                                                <instance action-type="event-comment" event-comment="Warning - PBS purge air supply pressure below limit" priority="high" trigger-on-positive="true"/>
                                                            </alarm-actions>
                                                        </instance>
                                                    </severity>
                                                </instance>
                                            </alarm-limits>
                                        </instance>
                                        <instance name="r2dev4042dev04ch15" acquisition-rate="200" alternate-name="" calibration-group="" calibration-sensor="" customer-sensor="" data-type="boolean" description="Cube ID 23 Digital Output MDS Spare" display-format="False/True" domain-id="6" export-for-steady-state="false" fixed-sensor="" fullset-stability="false" gid="4454" group="ATP Calibration" idds-hardware-name="dev04/ch00015" is-continuous-log="true" is-critical="false" is-enabled="true" logical-id="devCubeRugged2" partition="Streaming" quality-ceiling="good" rtd-reference-channel="" signal-id="DCU13_PosA2-3_IO01" subsystem-name="IDDS" subsystem-type="iDDS" topic="ParameterDataValue">
                                            <alarm-limits/>
                                        </instance>
                                        <instance name="r2dev4042dev04ch16" acquisition-rate="200" alternate-name="" calibration-group="" calibration-sensor="" customer-sensor="" data-type="boolean" description="BuzzerDIO - input from cube to RTE. Buzzer feedback" display-format="Buzzer OFF/Buzzer ON!" domain-id="6" export-for-steady-state="false" fixed-sensor="" fullset-stability="false" gid="4455" group="Facility" idds-hardware-name="dev04/ch00016" is-continuous-log="true" is-critical="false" is-enabled="true" logical-id="devCubeRugged2" partition="Streaming" quality-ceiling="good" rtd-reference-channel="" signal-id="DCU13_PosA2-3_IO01" subsystem-name="IDDS" subsystem-type="iDDS" topic="ParameterDataValue">
                                            <alarm-limits/>
                                        </instance>
                                        <instance name="r2dev4042dev04ch20" acquisition-rate="200" alternate-name="" calibration-group="" calibration-sensor="" customer-sensor="" data-type="boolean" description="XJ802PUR - input from cube to RTE. Status of pressure brick purge (feedback)" display-format="Purge Air Off/Purge Air On" domain-id="6" export-for-steady-state="true" fixed-sensor="" fullset-stability="false" gid="4459" group="Facility" idds-hardware-name="dev04/ch00020" is-continuous-log="true" is-critical="false" is-enabled="true" logical-id="devCubeRugged2" partition="Streaming" quality-ceiling="good" rtd-reference-channel="" signal-id="DCU13_PosA2-3_IO01" subsystem-name="IDDS" subsystem-type="iDDS" topic="ParameterDataValue">
                                            <alarm-limits/>
                                        </instance>
                                        <instance name="r2dev4042dev04ch08" acquisition-rate="200" alternate-name="" calibration-group="" calibration-sensor="" customer-sensor="" data-type="boolean" description="Cube ID 23 Digital Input MDS Spare" display-format="False/True" domain-id="6" export-for-steady-state="false" fixed-sensor="" fullset-stability="false" gid="4447" group="ATP Calibration" idds-hardware-name="dev04/ch00008" is-continuous-log="true" is-critical="false" is-enabled="true" logical-id="devCubeRugged2" partition="Streaming" quality-ceiling="good" rtd-reference-channel="" signal-id="DCU13_PosA2-3_IO01" subsystem-name="IDDS" subsystem-type="iDDS" topic="ParameterDataValue">
                                            <alarm-limits/>
                                        </instance>
                                        <instance name="r2dev608dev01ch02" acquisition-rate="33" alternate-name="" calibration-group="" calibration-sensor="" customer-sensor="" data-type="float" deadband="0" description="Engine turbine flow meter 10" display-format="5.2f" display-range-maximum="20000" display-range-minimum="0" domain-id="6" engineering-unit="Hz" export-for-steady-state="true" fixed-sensor="" fullset-stability="false" gid="4401" group="ATP Calibration" idds-hardware-name="dev01/ch00002" is-continuous-log="true" is-critical="false" is-enabled="true" logical-id="devCubeRugged2" partition="Streaming" quality-ceiling="good" rtd-reference-channel="" signal-id="JB1001_Pos1_IO02" subsystem-name="IDDS" subsystem-type="iDDS" topic="ParameterDataValue">
                                            <alarm-limits/>
                                        </instance>
                                        <instance name="r2dev4042dev04ch10" acquisition-rate="200" alternate-name="" calibration-group="" calibration-sensor="" customer-sensor="" data-type="boolean" description="Cube ID 23 Digital Input MDS Spare" display-format="False/True" domain-id="6" export-for-steady-state="false" fixed-sensor="" fullset-stability="false" gid="4449" group="ATP Calibration" idds-hardware-name="dev04/ch00010" is-continuous-log="true" is-critical="false" is-enabled="true" logical-id="devCubeRugged2" partition="Streaming" quality-ceiling="good" rtd-reference-channel="" signal-id="DCU13_PosA2-3_IO01" subsystem-name="IDDS" subsystem-type="iDDS" topic="ParameterDataValue">
                                            <alarm-limits/>
                                        </instance>
                                        <instance name="r2dev4042dev04ch11" acquisition-rate="200" alternate-name="" calibration-group="" calibration-sensor="" customer-sensor="" data-type="boolean" description="Cube ID 23 Digital Input MDS Spare" display-format="False/True" domain-id="6" export-for-steady-state="false" fixed-sensor="" fullset-stability="false" gid="4450" group="ATP Calibration" idds-hardware-name="dev04/ch00011" is-continuous-log="true" is-critical="false" is-enabled="true" logical-id="devCubeRugged2" partition="Streaming" quality-ceiling="good" rtd-reference-channel="" signal-id="DCU13_PosA2-3_IO01" subsystem-name="IDDS" subsystem-type="iDDS" topic="ParameterDataValue">
                                            <alarm-limits/>
                                        </instance>
                                        <instance name="r2dev4042dev04ch22" acquisition-rate="200" alternate-name="" calibration-group="" calibration-sensor="" customer-sensor="" data-type="boolean" description="Cube ID 23 Digital Output MDS Spare" display-format="False/True" domain-id="6" export-for-steady-state="false" fixed-sensor="" fullset-stability="false" gid="4461" group="ATP Calibration" idds-hardware-name="dev04/ch00022" is-continuous-log="true" is-critical="false" is-enabled="true" logical-id="devCubeRugged2" partition="Streaming" quality-ceiling="good" rtd-reference-channel="" signal-id="DCU13_PosA2-3_IO01" subsystem-name="IDDS" subsystem-type="iDDS" topic="ParameterDataValue">
                                            <alarm-limits/>
                                        </instance>
                                        <instance name="r2dev218dev02ch08" acquisition-rate="200" alternate-name="" calibration-group="" calibration-sensor="" customer-sensor="" data-type="float" deadband="0" description="Engine Liquid Air Pressures 16" display-format="4.2f" display-range-maximum="5" display-range-minimum="0" domain-id="6" engineering-unit="Vdc" export-for-steady-state="true" fixed-sensor="" fullset-stability="false" gid="4415" group="ATP Calibration" idds-hardware-name="dev02/ch00008" is-continuous-log="true" is-critical="false" is-enabled="true" logical-id="devCubeRugged2" partition="Streaming" quality-ceiling="good" rtd-reference-channel="" signal-id="JB1002_Pos5_IO02" subsystem-name="IDDS" subsystem-type="iDDS" topic="ParameterDataValue">
                                            <alarm-limits/>
                                        </instance>
                                        <instance name="r2dev4042dev04ch23" acquisition-rate="200" alternate-name="" calibration-group="" calibration-sensor="" customer-sensor="" data-type="boolean" description="Cube ID 23 Digital Output MDS Spare" display-format="False/True" domain-id="6" export-for-steady-state="false" fixed-sensor="" fullset-stability="false" gid="4462" group="ATP Calibration" idds-hardware-name="dev04/ch00023" is-continuous-log="true" is-critical="false" is-enabled="true" logical-id="devCubeRugged2" partition="Streaming" quality-ceiling="good" rtd-reference-channel="" signal-id="DCU13_PosA2-3_IO01" subsystem-name="IDDS" subsystem-type="iDDS" topic="ParameterDataValue">
                                            <alarm-limits/>
                                        </instance>
                                        <instance name="r2dev608dev01ch03" acquisition-rate="33" alternate-name="" calibration-group="" calibration-sensor="" customer-sensor="" data-type="float" deadband="0" description="Engine turbine flow meter 11" display-format="5.2f" display-range-maximum="20000" display-range-minimum="0" domain-id="6" engineering-unit="Hz" export-for-steady-state="true" fixed-sensor="" fullset-stability="false" gid="4402" group="ATP Calibration" idds-hardware-name="dev01/ch00003" is-continuous-log="true" is-critical="false" is-enabled="true" logical-id="devCubeRugged2" partition="Streaming" quality-ceiling="good" rtd-reference-channel="" signal-id="JB1001_Pos1_IO02" subsystem-name="IDDS" subsystem-type="iDDS" topic="ParameterDataValue">
                                            <alarm-limits/>
                                        </instance>
                                        <instance name="r2dev4042dev04ch01" acquisition-rate="200" alternate-name="" calibration-group="" calibration-sensor="" customer-sensor="" data-type="boolean" description="EStopAct - input from cube to RTE. Emergency Stop Activated indication" display-format="False/Emergency Stop Active" domain-id="6" export-for-steady-state="false" fixed-sensor="" fullset-stability="false" gid="4440" group="Facility" idds-hardware-name="dev04/ch00001" is-continuous-log="true" is-critical="false" is-enabled="true" logical-id="devCubeRugged2" partition="Streaming" quality-ceiling="good" rtd-reference-channel="" signal-id="DCU13_PosA2-3_IO01" subsystem-name="IDDS" subsystem-type="iDDS" topic="ParameterDataValue">
                                            <alarm-limits/>
                                        </instance>
                                        <instance name="r2dev608dev01ch04" acquisition-rate="33" alternate-name="" calibration-group="" calibration-sensor="" customer-sensor="" data-type="float" deadband="0" description="Engine turbine flow meter 12" display-format="5.2f" display-range-maximum="20000" display-range-minimum="0" domain-id="6" engineering-unit="Hz" export-for-steady-state="true" fixed-sensor="" fullset-stability="false" gid="4403" group="ATP Calibration" idds-hardware-name="dev01/ch00004" is-continuous-log="true" is-critical="false" is-enabled="true" logical-id="devCubeRugged2" partition="Streaming" quality-ceiling="good" rtd-reference-channel="" signal-id="JB1001_Pos1_IO02" subsystem-name="IDDS" subsystem-type="iDDS" topic="ParameterDataValue">
                                            <alarm-limits/>
                                        </instance>
                                    </channels>
                                    <configs>
                                        <instance name="config1" config-description="">
                                            <bpts/>
                                            <channels/>
                                            <macros/>
                                            <polynomials/>
                                            <subsystems>
                                                <instance name="IDDSnode" description="iDDS node subsystem configuration" is-enabled="true" subsystem-type="iDDSnode">
                                                    <vendors>
                                                        <instance name="UEI">
                                                            <models>
                                                                <instance name="IOM-225593">
                                                                    <serial-numbers>
                                                                        <instance name="00225593" backbone-config-data="6,239.255.0.6,239.255.0.1,5" logicalid="devCube1" node-config-data="1.0,1.0,map,1.0,rtehost:6603/channelmap 1.0,1.0,attrv,1.0,rtehost/devCube1 1.0,1.0,attrv,1.0,rtehost:6603/devCube1">
                                                                            <attributes/>
                                                                        </instance>
                                                                    </serial-numbers>
                                                                </instance>
                                                            </models>
                                                        </instance>
                                                    </vendors>
                                                </instance>
                                            </subsystems>
                                            <transient-logs/>
                                        </instance>
                                        <instance name="config2" config-description="">
                                            <bpts/>
                                            <channels/>
                                            <macros/>
                                            <polynomials/>
                                            <subsystems/>
                                            <transient-logs/>
                                        </instance>
                                        <instance name="config3" config-description="">
                                            <bpts/>
                                            <channels/>
                                            <macros/>
                                            <polynomials/>
                                            <subsystems/>
                                            <transient-logs/>
                                        </instance>
                                    </configs>
                                    <macros/>
                                    <polynomials/>
                                    <subsystems>
                                        <instance name="IDDSnode" description="" is-enabled="true" subsystem-type="iDDSnode">
                                            <vendors>
                                                <instance name="UEI">
                                                    <models>
                                                        <instance name="IOM-226128">
                                                            <serial-numbers>
                                                                <instance name="00226128" backbone-config-data="6,239.255.0.6,239.255.0.1,5" logicalid="devCubeRugged2" node-config-data="1.0,1.0,map,1.0,rtehost:6603/channelmap 1.0,1.0,attrv,1.0,rtehost/devCubeRugged2 1.0,1.0,attrv,1.0,rtehost:6603/devCubeRugged2">
                                                                    <attributes>
                                                                        <instance name="dev02/Config/ch00001/enable" order="1" value="1"/>
                                                                        <instance name="dev04/Config/ch00023/source" order="0" value="DO_devCube022_dev04_ch00023:48:b"/>
                                                                        <instance name="dev04/Config/ch00022/rate" order="0" value="200"/>
                                                                        <instance name="dev03/Config/ch00012/enable" order="1" value="1"/>
                                                                        <instance name="dev03/Config/ch00010/enable" order="1" value="1"/>
                                                                        <instance name="dev01/Config/ch00002/adaptive_threshold" order="0" value="0"/>
                                                                        <instance name="dev03/Config/ch00019/source" order="0" value="DO_devCube022_dev03_ch00019:48:b"/>
                                                                        <instance name="dev03/Config/ch00006/enable" order="1" value="1"/>
                                                                        <instance name="dev03/Config/ch00011/rate" order="0" value="200"/>
                                                                        <instance name="dev03/Config/ch00012/rate" order="0" value="200"/>
                                                                        <instance name="dev03/Config/ch00023/rate" order="0" value="200"/>
                                                                        <instance name="dev03/Config/Reference_Voltage" order="0" value="5"/>
                                                                        <instance name="dev04/Config/ch00016/enable" order="1" value="1"/>
                                                                        <instance name="dev03/Config/ch00002/enable" order="1" value="1"/>
                                                                        <instance name="dev03/Config/ch00013/source" order="0" value="DO_RRDigOut13:48:b"/>
                                                                        <instance name="dev01/Config/ch00008/enable" order="1" value="1"/>
                                                                        <instance name="dev02/Config/ch00002/rate" order="0" value="200"/>
                                                                        <instance name="dev02/Config/ch00002/enable" order="1" value="1"/>
                                                                        <instance name="dev04/Config/ch00017/enable" order="1" value="1"/>
                                                                        <instance name="dev01/Config/ch00006/enable" order="1" value="1"/>
                                                                        <instance name="dev03/Config/ch00018/source" order="0" value="DO_devCube022_dev03_ch00018:48:b"/>
                                                                        <instance name="dev03/Config/ch00014/rate" order="0" value="200"/>
                                                                        <instance name="dev03/Config/ch00015/rate" order="0" value="200"/>
                                                                        <instance name="dev04/Config/ch00002/rate" order="0" value="200"/>
                                                                        <instance name="dev03/Config/ch00016/source" order="0" value="DO_RRDigOut16:48:b"/>
                                                                        <instance name="dev03/Config/ch00017/source" order="0" value="DO_devCube022_dev03_ch00017:48:b"/>
                                                                        <instance name="dev03/Config/ch00011/enable" order="1" value="1"/>
                                                                        <instance name="dev03/Config/ch00009/rate" order="0" value="200"/>
                                                                        <instance name="dev03/Config/ch00013/rate" order="0" value="200"/>
                                                                        <instance name="dev03/Config/ch00007/enable" order="1" value="1"/>
                                                                        <instance name="dev03/Config/ch00018/rate" order="0" value="200"/>
                                                                        <instance name="dev03/Config/ch00020/rate" order="0" value="200"/>
                                                                        <instance name="dev01/Config/ch00007/enable" order="1" value="1"/>
                                                                        <instance name="dev04/Config/ch00007/rate" order="0" value="200"/>
                                                                        <instance name="dev03/Config/ch00003/enable" order="1" value="1"/>
                                                                        <instance name="dev02/Config/ch00002/Maximum_Range" order="0" value="5"/>
                                                                        <instance name="dev03/Config/ch00020/enable" order="1" value="1"/>
                                                                        <instance name="dev03/Config/ch00018/enable" order="1" value="1"/>
                                                                        <instance name="dev03/Config/ch00014/source" order="0" value="DO_RRDigOut14:48:b"/>
                                                                        <instance name="dev03/Config/ch00013/DOut" order="0" value="0"/>
                                                                        <instance name="dev03/Config/ch00017/DOut" order="0" value="0"/>
                                                                        <instance name="dev03/Config/ch00015/source" order="0" value="DO_RRDigOut15:48:b"/>
                                                                        <instance name="dev03/Config/ch00024/DOut" order="0" value="0"/>
                                                                        <instance name="dev03/Config/ch00001/rate" order="0" value="200"/>
                                                                        <instance name="dev03/Config/ch00014/DOut" order="0" value="0"/>
                                                                        <instance name="dev04/Config/ch00020/DOut" order="0" value="0"/>
                                                                        <instance name="dev03/Config/ch00022/enable" order="1" value="1"/>
                                                                        <instance name="dev01/Config/ch00001/rate" order="0" value="33"/>
                                                                        <instance name="dev03/Config/ch00018/DOut" order="0" value="0"/>
                                                                        <instance name="dev03/Config/ch00016/rate" order="0" value="200"/>
                                                                        <instance name="dev03/Config/ch00009/enable" order="1" value="1"/>
                                                                        <instance name="dev03/Config/ch00020/source" order="0" value="DO_devCube022_dev03_ch00020:48:b"/>
                                                                        <instance name="dev04/Config/ch00010/enable" order="1" value="1"/>
                                                                        <instance name="dev03/Config/ch00008/enable" order="1" value="1"/>
                                                                        <instance name="dev03/Config/ch00021/enable" order="1" value="1"/>
                                                                        <instance name="dev03/Config/ch00023/source" order="0" value="DO_devCube022_dev03_ch00023:48:b"/>
                                                                        <instance name="dev04/Config/ch00006/rate" order="0" value="200"/>
                                                                        <instance name="dev03/Config/ch00016/enable" order="1" value="1"/>
                                                                        <instance name="dev02/Config/ch00003/enable" order="1" value="1"/>
                                                                        <instance name="dev03/Config/ch00002/rate" order="0" value="200"/>
                                                                        <instance name="dev03/Config/High_Hysteresis" order="0" value="2.6"/>
                                                                        <instance name="dev03/Config/ch00020/DOut" order="0" value="0"/>
                                                                        <instance name="dev03/Config/ch00006/rate" order="0" value="200"/>
                                                                        <instance name="dev03/Config/ch00024/enable" order="1" value="1"/>
                                                                        <instance name="dev03/Config/ch00019/DOut" order="0" value="0"/>
                                                                        <instance name="dev04/Config/ch00022/DOut" order="0" value="0"/>
                                                                        <instance name="dev03/Config/ch00021/source" order="0" value="DO_devCube022_dev03_ch00021:48:b"/>
                                                                        <instance name="dev03/Config/ch00019/rate" order="0" value="200"/>
                                                                        <instance name="dev04/Config/ch00019/source" order="0" value="DO_devCube022_dev04_ch00019:48:b"/>
                                                                        <instance name="dev03/Config/ch00004/rate" order="0" value="200"/>
                                                                        <instance name="dev03/Config/ch00023/enable" order="1" value="1"/>
                                                                        <instance name="dev03/Config/ch00004/enable" order="1" value="1"/>
                                                                        <instance name="dev03/Config/ch00003/rate" order="0" value="200"/>
                                                                        <instance name="dev01/Config/ch00001/cntr_timeout" order="0" value="2"/>
                                                                        <instance name="dev04/Config/ch00006/enable" order="1" value="1"/>
                                                                        <instance name="dev02/Config/ch00003/rate" order="0" value="200"/>
                                                                        <instance name="dev04/Config/ch00011/rate" order="0" value="200"/>
                                                                        <instance name="dev03/Config/ch00015/enable" order="1" value="1"/>
                                                                        <instance name="dev01/Config/ch00007/rate" order="0" value="33"/>
                                                                        <instance name="dev04/Config/ch00012/rate" order="0" value="200"/>
                                                                        <instance name="dev04/Config/ch00023/rate" order="0" value="200"/>
                                                                        <instance name="dev04/Config/Reference_Voltage" order="0" value="5"/>
                                                                        <instance name="dev04/Config/ch00002/enable" order="1" value="1"/>
                                                                        <instance name="dev03/Config/ch00017/rate" order="0" value="200"/>
                                                                        <instance name="dev04/Config/ch00013/source" order="0" value="DO_RRDigOut13:48:b"/>
                                                                        <instance name="dev04/Config/ch00018/source" order="0" value="DO_devCube022_dev04_ch00018:48:b"/>
                                                                        <instance name="dev01/Config/ch00002/cntr_timeout" order="0" value="2"/>
                                                                        <instance name="dev04/Config/ch00014/rate" order="0" value="200"/>
                                                                        <instance name="dev04/Config/ch00015/rate" order="0" value="200"/>
                                                                        <instance name="dev04/Config/ch00024/enable" order="1" value="1"/>
                                                                        <instance name="dev02/Config/ch00002/Minimum_Range" order="0" value="-5"/>
                                                                        <instance name="dev04/Config/ch00016/source" order="0" value="DO_RRDigOut16:48:b"/>
                                                                        <instance name="dev02/Config/ch00004/enable" order="1" value="1"/>
                                                                        <instance name="dev04/Config/ch00017/source" order="0" value="DO_devCube022_dev04_ch00017:48:b"/>
                                                                        <instance name="dev04/Config/ch00011/enable" order="1" value="1"/>
                                                                        <instance name="dev04/Config/ch00009/rate" order="0" value="200"/>
                                                                        <instance name="dev04/Config/ch00007/enable" order="1" value="1"/>
                                                                        <instance name="dev03/Config/ch00008/rate" order="0" value="200"/>
                                                                        <instance name="dev04/Config/ch00018/rate" order="0" value="200"/>
                                                                        <instance name="dev02/Config/ch00001/Maximum_Range" order="0" value="5"/>
                                                                        <instance name="dev02/Config/ch00005/enable" order="1" value="1"/>
                                                                        <instance name="dev04/Config/ch00020/rate" order="0" value="200"/>
                                                                        <instance name="dev03/Config/ch00024/rate" order="0" value="200"/>
                                                                        <instance name="dev04/Config/ch00020/enable" order="1" value="1"/>
                                                                        <instance name="dev04/Config/ch00018/enable" order="1" value="1"/>
                                                                        <instance name="dev04/Config/ch00014/source" order="0" value="DO_RRDigOut14:48:b"/>
                                                                        <instance name="dev04/Config/ch00013/DOut" order="0" value="0"/>
                                                                        <instance name="dev02/Config/ch00004/Maximum_Range" order="0" value="5"/>
                                                                        <instance name="dev04/Config/ch00015/source" order="0" value="DO_RRDigOut15:48:b"/>
                                                                        <instance name="dev04/Config/ch00024/DOut" order="0" value="0"/>
                                                                        <instance name="dev04/Config/ch00001/rate" order="0" value="200"/>
                                                                        <instance name="dev03/Config/ch00013/enable" order="1" value="1"/>
                                                                        <instance name="dev03/Config/ch00023/DOut" order="0" value="0"/>
                                                                        <instance name="dev03/Config/ch00024/source" order="0" value="DO_devCube022_dev03_ch00024:48:b"/>
                                                                        <instance name="dev02/Config/ch00005/rate" order="0" value="200"/>
                                                                        <instance name="dev03/Config/ch00005/rate" order="0" value="200"/>
                                                                        <instance name="dev04/Config/ch00014/DOut" order="0" value="0"/>
                                                                        <instance name="dev04/Config/ch00008/enable" order="1" value="1"/>
                                                                        <instance name="dev04/Config/ch00015/enable" order="1" value="1"/>
                                                                        <instance name="dev04/Config/ch00024/rate" order="0" value="200"/>
                                                                        <instance name="dev04/Config/ch00005/rate" order="0" value="200"/>
                                                                        <instance name="dev04/Config/ch00015/DOut" order="0" value="0"/>
                                                                        <instance name="dev04/Config/ch00013/enable" order="1" value="1"/>
                                                                        <instance name="dev04/Config/ch00019/DOut" order="0" value="0"/>
                                                                        <instance name="dev02/Config/ch00004/Minimum_Range" order="0" value="-5"/>
                                                                        <instance name="dev04/Config/ch00003/enable" order="1" value="1"/>
                                                                        <instance name="dev04/Config/Low_Hysteresis" order="0" value="2.4"/>
                                                                        <instance name="dev03/Config/ch00015/DOut" order="0" value="0"/>
                                                                        <instance name="dev01/Config/ch00001/front_cfg" order="0" value="0"/>
                                                                        <instance name="dev03/Config/ch00022/source" order="0" value="DO_devCube022_dev03_ch00022:48:b"/>
                                                                        <instance name="dev04/Config/ch00010/rate" order="0" value="200"/>
                                                                        <instance name="dev04/Config/ch00016/DOut" order="0" value="0"/>
                                                                        <instance name="dev04/Config/ch00019/enable" order="1" value="1"/>
                                                                        <instance name="dev04/Config/ch00012/enable" order="1" value="1"/>
                                                                        <instance name="dev04/Config/ch00021/source" order="0" value="DO_devCube022_dev04_ch00021:48:b"/>
                                                                        <instance name="dev04/Config/ch00013/rate" order="0" value="200"/>
                                                                        <instance name="dev04/Config/ch00017/DOut" order="0" value="0"/>
                                                                        <instance name="dev04/Config/ch00022/enable" order="1" value="1"/>
                                                                        <instance name="dev04/Config/ch00018/DOut" order="0" value="0"/>
                                                                        <instance name="dev04/Config/ch00004/rate" order="0" value="200"/>
                                                                        <instance name="dev03/Config/Low_Hysteresis" order="0" value="2.4"/>
                                                                        <instance name="dev04/Config/ch00023/enable" order="1" value="1"/>
                                                                        <instance name="dev04/Config/ch00004/enable" order="1" value="1"/>
                                                                        <instance name="dev04/Config/ch00003/rate" order="0" value="200"/>
                                                                        <instance name="dev04/Config/ch00017/rate" order="0" value="200"/>
                                                                        <instance name="dev01/Config/ch00008/rate" order="0" value="33"/>
                                                                        <instance name="dev02/Config/ch00004/rate" order="0" value="200"/>
                                                                        <instance name="dev04/Config/ch00008/rate" order="0" value="200"/>
                                                                        <instance name="dev04/Config/ch00024/source" order="0" value="DO_devCube022_dev04_ch00024:48:b"/>
                                                                        <instance name="dev04/Config/ch00022/source" order="0" value="DO_devCube022_dev04_ch00022:48:b"/>
                                                                        <instance name="dev03/Config/enable" order="1" value="1"/>
                                                                        <instance name="dev02/Config/ch00005/Maximum_Range" order="0" value="5"/>
                                                                        <instance name="dev01/Config/ch00002/num_teeth" order="0" value="60"/>
                                                                        <instance name="dev04/Config/ch00021/rate" order="0" value="200"/>
                                                                        <instance name="dev04/Config/ch00023/DOut" order="0" value="0"/>
                                                                        <instance name="dev04/Config/enable" order="1" value="1"/>
                                                                        <instance name="dev04/Config/ch00019/rate" order="0" value="200"/>
                                                                        <instance name="dev01/Config/ch00006/rate" order="0" value="33"/>
                                                                        <instance name="dev04/Config/High_Hysteresis" order="0" value="2.6"/>
                                                                        <instance name="dev01/Config/adc_rate" order="1" value="10000"/>
                                                                        <instance name="dev01/Config/ch00001/enable" order="1" value="1"/>
                                                                        <instance name="dev01/Config/ch00002/z_tooth_sz" order="0" value="0"/>
                                                                        <instance name="dev01/Config/ch00004/enable" order="1" value="1"/>
                                                                        <instance name="dev01/Config/ch00002/cntr_latch" order="0" value="1"/>
                                                                        <instance name="dev03/Config/ch00010/rate" order="0" value="200"/>
                                                                        <instance name="dev01/Config/ch00002/enable" order="1" value="1"/>
                                                                        <instance name="dev04/Config/ch00005/enable" order="1" value="1"/>
                                                                        <instance name="dev01/Config/ch00001/apt_th" order="0" value="1"/>
                                                                        <instance name="dev04/Config/ch00016/rate" order="0" value="200"/>
                                                                        <instance name="dev01/Config/ch00001/timed_rate" order="0" value="0.1"/>
                                                                        <instance name="dev01/Config/ch00002/apt_th" order="0" value="1"/>
                                                                        <instance name="dev01/Config/ch00001/apt_div" order="0" value="2"/>
                                                                        <instance name="dev02/Config/ch00006/enable" order="1" value="1"/>
                                                                        <instance name="dev01/Config/ch00004/rate" order="0" value="33"/>
                                                                        <instance name="dev01/Config/ch00002/apt_div" order="0" value="2"/>
                                                                        <instance name="dev01/Config/ch00001/cntr_latch" order="0" value="1"/>
                                                                        <instance name="dev03/Config/ch00016/DOut" order="0" value="0"/>
                                                                        <instance name="dev01/Config/ch00002/rate" order="0" value="33"/>
                                                                        <instance name="dev01/Config/ch00002/front_cfg" order="0" value="0"/>
                                                                        <instance name="dev03/Config/ch00021/rate" order="0" value="200"/>
                                                                        <instance name="dev01/Config/ch00001/mv_avg" order="0" value="0"/>
                                                                        <instance name="dev02/Config/ch00003/Minimum_Range" order="0" value="-5"/>
                                                                        <instance name="dev01/Config/ch00002/mv_avg" order="0" value="0"/>
                                                                        <instance name="dev01/Config/ch00003/enable" order="1" value="1"/>
                                                                        <instance name="dev01/Config/ch00001/num_teeth" order="0" value="60"/>
                                                                        <instance name="dev01/Config/ch00001/adaptive_threshold" order="0" value="0"/>
                                                                        <instance name="dev02/Config/ch00005/Minimum_Range" order="0" value="-5"/>
                                                                        <instance name="dev01/Config/ch00002/timed_rate" order="0" value="0.1"/>
                                                                        <instance name="dev02/Config/ch00003/Maximum_Range" order="0" value="5"/>
                                                                        <instance name="dev02/Config/ch00006/Maximum_Range" order="0" value="5"/>
                                                                        <instance name="dev04/Config/ch00009/enable" order="1" value="1"/>
                                                                        <instance name="dev01/Config/ch00001/zc_level" order="0" value="0"/>
                                                                        <instance name="dev01/Config/ch00002/zc_level" order="0" value="0"/>
                                                                        <instance name="dev01/Config/ch00003/rate" order="0" value="33"/>
                                                                        <instance name="dev01/Config/ch00001/z_tooth_sz" order="0" value="0"/>
                                                                        <instance name="dev04/Config/ch00001/enable" order="1" value="1"/>
                                                                        <instance name="dev02/Config/ch00006/Minimum_Range" order="0" value="-5"/>
                                                                        <instance name="dev02/Config/ch00006/rate" order="0" value="200"/>
                                                                        <instance name="dev02/Config/ch00007/enable" order="1" value="1"/>
                                                                        <instance name="dev01/Config/ch00005/enable" order="1" value="1"/>
                                                                        <instance name="dev04/Config/ch00014/enable" order="1" value="1"/>
                                                                        <instance name="dev04/Config/ch00020/source" order="0" value="DO_devCube022_dev04_ch00020:48:b"/>
                                                                        <instance name="dev02/Config/ch00007/Maximum_Range" order="0" value="5"/>
                                                                        <instance name="dev02/Config/ch00007/Minimum_Range" order="0" value="-5"/>
                                                                        <instance name="dev02/Config/ch00007/rate" order="0" value="200"/>
                                                                        <instance name="dev02/Config/ch00008/enable" order="1" value="1"/>
                                                                        <instance name="dev02/Config/ch00001/Minimum_Range" order="0" value="-5"/>
                                                                        <instance name="dev02/Config/ch00008/Maximum_Range" order="0" value="5"/>
                                                                        <instance name="dev02/Config/ch00008/Minimum_Range" order="0" value="-5"/>
                                                                        <instance name="dev04/Config/ch00021/DOut" order="0" value="0"/>
                                                                        <instance name="dev02/Config/ch00008/rate" order="0" value="200"/>
                                                                        <instance name="dev03/Config/ch00005/enable" order="1" value="1"/>
                                                                        <instance name="dev04/Config/ch00021/enable" order="1" value="1"/>
                                                                        <instance name="dev03/Config/ch00019/enable" order="1" value="1"/>
                                                                        <instance name="dev01/Config/ch00005/rate" order="0" value="33"/>
                                                                        <instance name="dev03/Config/ch00001/enable" order="1" value="1"/>
                                                                        <instance name="dev03/Config/ch00021/DOut" order="0" value="0"/>
                                                                        <instance name="dev03/Config/ch00022/rate" order="0" value="200"/>
                                                                        <instance name="dev03/Config/ch00017/enable" order="1" value="1"/>
                                                                        <instance name="dev03/Config/ch00007/rate" order="0" value="200"/>
                                                                        <instance name="dev03/Config/ch00022/DOut" order="0" value="0"/>
                                                                        <instance name="dev02/Config/ch00001/rate" order="0" value="200"/>
                                                                        <instance name="dev03/Config/ch00014/enable" order="1" value="1"/>
                                                                    </attributes>
                                                                </instance>
                                                            </serial-numbers>
                                                        </instance>
                                                    </models>
                                                </instance>
                                            </vendors>
                                        </instance>
                                    </subsystems>
                                    <transient-logs/>
                                </instance>
                            </standards>
                            <subsystems>
                                <instance name="IDDSnode" description="" is-enabled="true" subsystem-type="iDDSnode">
                                    <vendors>
                                        <instance name="UEI">
                                            <models>
                                                <instance name="IOM-225763">
                                                    <serial-numbers>
                                                        <instance name="00225763" backbone-config-data="6,239.255.0.6,239.255.0.1,5" logicalid="devCubeRugged1" node-config-data="1.0,1.0,map,1.0,rtehost:6603/channelmap 1.0,1.0,attrv,1.0,rtehost/devCubeRugged1 1.0,1.0,attrv,1.0,rtehost:6603/devCubeRugged1">
                                                            <attributes>
                                                                <instance name="dev02/Config/ch00001/enable" order="1" value="1"/>
                                                                <instance name="dev01/Config/ch00001/rate" order="0" value="100"/>
                                                                <instance name="dev01/Config/ch00007/Calibration_Sensor_Curve" order="0" value="&quot;{0,18.52,73.15}{1,18.96,74.15}{2,19.39,75.15}{3,19.82,76.15}{4,20.25,77.15}{5,20.68,78.15}{6,21.11,79.15}{7,21.54,80.15}{8,21.97,81.15}{9,22.4,82.15}{10,22.83,83.15}{11,23.26,84.15}{12,23.69,85.15}{13,24.12,86.15}{14,24.55,87.15}{15,24.97,88.15}{16,25.39,89.15}{17,25.82,90.15}{18,26.25,91.15}{19,26.67,92.15}{20,27.1,93.15}{21,27.52,94.15}{22,27.95,95.15}{23,28.37,96.15}{24,28.8,97.15}{25,29.22,98.15}{26,29.65,99.15}{27,30.07,100.15}{28,30.49,101.15}{29,30.92,102.15}{30,31.34,103.15}{31,31.76,104.15}{32,32.18,105.15}{33,32.61,106.15}{34,33.03,107.15}{35,33.45,108.15}{36,33.86,109.15}{37,34.28,110.15}{38,34.7,111.15}{39,35.12,112.15}{40,35.54,113.15}{41,35.96,114.15}{42,36.38,115.15}{43,36.8,116.15}{44,37.22,117.15}{45,37.63,118.15}{46,38.05,119.15}{47,38.47,120.15}{48,38.89,121.15}{49,39.31,122.15}{50,39.72,123.15}{51,40.14,124.15}{52,40.56,125.15}{53,40.97,126.15}{54,41.39,127.15}{55,41.8,128.15}{56,42.22,129.15}{57,42.64,130.15}{58,43.05,131.15}{59,43.46,132.15}{60,43.88,133.15}{61,44.29,134.15}{62,44.71,135.15}{63,45.12,136.15}{64,45.53,137.15}{65,45.95,138.15}{66,46.35,139.15}{67,46.76,140.15}{68,47.18,141.15}{69,47.59,142.15}{70,48,143.15}{71,48.41,144.15}{72,48.82,145.15}{73,49.23,146.15}{74,49.64,147.15}{75,50.06,148.15}{76,50.47,149.15}{77,50.88,150.15}{78,51.29,151.15}{79,51.7,152.15}{80,52.11,153.15}{81,52.52,154.15}{82,52.92,155.15}{83,53.33,156.15}{84,53.74,157.15}{85,54.15,158.15}{86,54.56,159.15}{87,54.97,160.15}{88,55.38,161.15}{89,55.78,162.15}{90,56.19,163.15}{91,56.6,164.15}{92,57,165.15}{93,57.41,166.15}{94,57.82,167.15}{95,58.22,168.15}{96,58.63,169.15}{97,59.04,170.15}{98,59.44,171.15}{99,59.85,172.15}{100,60.26,173.15}{101,60.67,174.15}{102,61.07,175.15}{103,61.48,176.15}{104,61.87,177.15}{105,62.29,178.15}{106,62.69,179.15}{107,63.1,180.15}{108,63.5,181.15}{109,63.91,182.15}{110,64.3,183.15}{111,64.7,184.15}{112,65.11,185.15}{113,65.51,186.15}{114,65.91,187.15}{115,66.31,188.15}{116,66.72,189.15}{117,67.12,190.15}{118,67.52,191.15}{119,67.92,192.15}{120,68.33,193.15}{121,68.73,194.15}{122,69.13,195.15}{123,69.53,196.15}{124,69.93,197.15}{125,70.33,198.15}{126,70.73,199.15}{127,71.13,200.15}{128,71.53,201.15}{129,71.93,202.15}{130,72.33,203.15}{131,72.73,204.15}{132,73.13,205.15}{133,73.53,206.15}{134,73.93,207.15}{135,74.33,208.15}{136,74.73,209.15}{137,75.13,210.15}{138,75.53,211.15}{139,75.93,212.15}{140,76.33,213.15}{141,76.73,214.15}{142,77.13,215.15}{143,77.52,216.15}{144,77.92,217.15}{145,78.32,218.15}{146,78.72,219.15}{147,79.11,220.15}{148,79.51,221.15}{149,79.91,222.15}{150,80.31,223.15}{151,80.7,224.15}{152,81.1,225.15}{153,81.5,226.15}{154,81.89,227.15}{155,82.29,228.15}{156,82.69,229.15}{157,83.08,230.15}{158,83.48,231.15}{159,83.88,232.15}{160,84.27,233.15}{161,84.67,234.15}{162,85.06,235.15}{163,85.46,236.15}{164,85.85,237.15}{165,86.25,238.15}{166,86.64,239.15}{167,87.04,240.15}{168,87.43,241.15}{169,87.83,242.15}{170,88.22,243.15}{171,88.62,244.15}{172,89.01,245.15}{173,89.4,246.15}{174,89.8,247.15}{175,90.19,248.15}{176,90.59,249.15}{177,90.98,250.15}{178,91.37,251.15}{179,91.77,252.15}{180,92.16,253.15}{181,92.55,254.15}{182,92.95,255.15}{183,93.34,256.15}{184,93.73,257.15}{185,94.12,258.15}{186,94.52,259.15}{187,94.91,260.15}{188,95.3,261.15}{189,95.69,262.15}{190,96.09,263.15}{191,96.48,264.15}{192,96.87,265.15}{193,97.26,266.15}{194,97.65,267.15}{195,98.04,268.15}{196,98.44,269.15}{197,98.83,270.15}{198,99.22,271.15}{199,99.61,272.15}{200,100,273.15}{201,100.39,274.15}{202,100.78,275.15}{203,101.17,276.15}{204,101.56,277.15}{205,101.95,278.15}{206,102.34,279.15}{207,102.73,280.15}{208,103.12,281.15}{209,103.51,282.15}{210,103.9,283.15}{211,104.29,284.15}{212,104.68,285.15}{213,105.07,286.15}{214,105.46,287.15}{215,105.85,288.15}{216,106.24,289.15}{217,106.63,290.15}{218,107.02,291.15}{219,107.4,292.15}{220,107.79,293.15}{221,108.18,294.15}{222,108.57,295.15}{223,108.96,296.15}{224,109.35,297.15}{225,109.73,298.15}{226,110.12,299.15}{227,110.51,300.15}{228,110.9,301.15}{229,111.28,302.15}{230,111.67,303.15}{231,112.06,304.15}{232,112.45,305.15}{233,112.83,306.15}{234,113.22,307.15}{235,113.61,308.15}{236,113.99,309.15}{237,114.38,310.15}{238,114.77,311.15}{239,115.15,312.15}{240,115.54,313.15}{241,115.93,314.15}{242,116.31,315.15}{243,116.7,316.15}{244,117.08,317.15}{245,117.47,318.15}{246,117.85,319.15}{247,118.24,320.15}{248,118.62,321.15}{249,119.01,322.15}{250,119.4,323.15}{251,119.78,324.15}{252,120.16,325.15}{253,120.55,326.15}{254,120.93,327.15}{255,121.32,328.15}{256,121.7,329.15}{257,122.09,330.15}{258,122.47,331.15}{259,122.86,332.15}{260,123.24,333.15}{261,123.62,334.15}{262,124.01,335.15}{263,124.39,336.15}{264,124.77,337.15}{265,125.17,338.15}{266,125.55,339.15}{267,125.93,340.15}{268,126.32,341.15}{269,126.7,342.15}{270,127.08,343.15}{271,127.46,344.15}{272,127.85,345.15}{273,128.23,346.15}{274,128.61,347.15}{275,128.99,348.15}{276,129.38,349.15}{277,129.76,350.15}{278,130.14,351.15}{279,130.52,352.15}{280,130.9,353.15}{281,131.28,354.15}{282,131.67,355.15}{283,132.05,356.15}{284,132.43,357.15}{285,132.81,358.15}{286,133.19,359.15}{287,133.57,360.15}{288,133.95,361.15}{289,134.33,362.15}{290,134.71,363.15}{291,135.09,364.15}{292,135.47,365.15}{293,135.85,366.15}{294,136.23,367.15}{295,136.61,368.15}{296,136.99,369.15}{297,137.37,370.15}{298,137.75,371.15}{299,138.13,372.15}{300,138.51,373.15}{301,138.89,374.15}{302,139.27,375.15}{303,139.65,376.15}{304,140.03,377.15}{305,140.39,378.15}{306,140.77,379.15}{307,141.15,380.15}{308,141.53,381.15}{309,141.91,382.15}{310,142.29,383.15}{311,142.66,384.15}{312,143.04,385.15}{313,143.42,386.15}{314,143.8,387.15}{315,144.18,388.15}{316,144.56,389.15}{317,144.94,390.15}{318,145.32,391.15}{319,145.69,392.15}{320,146.07,393.15}{321,146.45,394.15}{322,146.82,395.15}{323,147.2,396.15}{324,147.58,397.15}{325,147.95,398.15}{326,148.33,399.15}{327,148.71,400.15}{328,149.08,401.15}{329,149.46,402.15}{330,149.83,403.15}{331,150.21,404.15}{332,150.58,405.15}{333,150.96,406.15}{334,151.34,407.15}{335,151.71,408.15}{336,152.09,409.15}{337,152.46,410.15}{338,152.84,411.15}{339,153.21,412.15}{340,153.58,413.15}{341,153.95,414.15}{342,154.32,415.15}{343,154.71,416.15}{344,155.08,417.15}{345,155.46,418.15}{346,155.83,419.15}{347,156.21,420.15}{348,156.58,421.15}{349,156.96,422.15}{350,157.33,423.15}{351,157.71,424.15}{352,158.08,425.15}{353,158.45,426.15}{354,158.83,427.15}{355,159.2,428.15}{356,159.56,429.15}{357,159.94,430.15}{358,160.31,431.15}{359,160.68,432.15}{360,161.05,433.15}{361,161.43,434.15}{362,161.8,435.15}{363,162.17,436.15}{364,162.54,437.15}{365,162.91,438.15}{366,163.28,439.15}{367,163.66,440.15}{368,164.03,441.15}{369,164.4,442.15}{370,164.77,443.15}{371,165.14,444.15}{372,165.51,445.15}{373,165.88,446.15}{374,166.25,447.15}{375,166.62,448.15}{376,167,449.15}{377,167.37,450.15}{378,167.74,451.15}{379,168.11,452.15}{380,168.48,453.15}{381,168.85,454.15}{382,169.22,455.15}{383,169.59,456.15}{384,169.96,457.15}{385,170.33,458.15}{386,170.69,459.15}{387,171.06,460.15}{388,171.43,461.15}{389,171.8,462.15}{390,172.17,463.15}{391,172.54,464.15}{392,172.91,465.15}{393,173.27,466.15}{394,173.64,467.15}{395,174.01,468.15}{396,174.39,469.15}{397,174.75,470.15}{398,175.12,471.15}{399,175.49,472.15}{400,175.86,473.15}{401,176.23,474.15}{402,176.59,475.15}{403,176.96,476.15}{404,177.33,477.15}{405,177.7,478.15}{406,178.06,479.15}{407,178.43,480.15}{408,178.8,481.15}{409,179.16,482.15}{410,179.53,483.15}{411,179.9,484.15}{412,180.26,485.15}{413,180.63,486.15}{414,180.99,487.15}{415,181.36,488.15}{416,181.73,489.15}{417,182.09,490.15}{418,182.46,491.15}{419,182.82,492.15}{420,183.19,493.15}{421,183.55,494.15}{422,183.92,495.15}{423,184.28,496.15}{424,184.65,497.15}{425,185.01,498.15}{426,185.38,499.15}{427,185.74,500.15}{428,186.11,501.15}{429,186.47,502.15}{430,186.84,503.15}{431,187.2,504.15}{432,187.56,505.15}{433,187.93,506.15}{434,188.29,507.15}{435,188.65,508.15}{436,189.02,509.15}{437,189.38,510.15}{438,189.74,511.15}{439,190.11,512.15}{440,190.47,513.15}{441,190.83,514.15}{442,191.2,515.15}{443,191.56,516.15}{444,191.92,517.15}{445,192.28,518.15}{446,192.66,519.15}{447,193.02,520.15}{448,193.38,521.15}{449,193.74,522.15}{450,194.1,523.15}{451,194.47,524.15}{452,194.83,525.15}{453,195.19,526.15}{454,195.55,527.15}{455,195.9,528.15}{456,196.26,529.15}{457,196.62,530.15}{458,196.98,531.15}{459,197.35,532.15}{460,197.71,533.15}{461,198.07,534.15}{462,198.43,535.15}{463,198.79,536.15}{464,199.15,537.15}{465,199.51,538.15}{466,199.87,539.15}{467,200.23,540.15}{468,200.59,541.15}{469,200.95,542.15}{470,201.31,543.15}{471,201.67,544.15}{472,202.03,545.15}{473,202.38,546.15}{474,202.74,547.15}{475,203.1,548.15}{476,203.46,549.15}{477,203.82,550.15}{478,204.18,551.15}{479,204.54,552.15}{480,204.9,553.15}{481,205.25,554.15}{482,205.61,555.15}{483,205.97,556.15}{484,206.33,557.15}{485,206.7,558.15}{486,207.05,559.15}{487,207.41,560.15}{488,207.77,561.15}{489,208.13,562.15}{490,208.48,563.15}{491,208.84,564.15}{492,209.2,565.15}{493,209.55,566.15}{494,209.91,567.15}{495,210.27,568.15}{496,210.62,569.15}{497,210.98,570.15}{498,211.34,571.15}{499,211.69,572.15}{500,212.05,573.15}{501,212.4,574.15}{502,212.76,575.15}{503,213.12,576.15}{504,213.47,577.15}{505,213.83,578.15}{506,214.19,579.15}{507,214.55,580.15}{508,214.9,581.15}{509,215.26,582.15}{510,215.61,583.15}{511,215.97,584.15}{512,216.32,585.15}{513,216.68,586.15}{514,217.03,587.15}{515,217.39,588.15}{516,217.73,589.15}{517,218.08,590.15}{518,218.44,591.15}{519,218.79,592.15}{520,219.15,593.15}{521,219.5,594.15}{522,219.85,595.15}{523,220.21,596.15}{524,220.56,597.15}{525,220.91,598.15}{526,221.27,599.15}{527,221.62,600.15}{528,221.97,601.15}{529,222.32,602.15}{530,222.68,603.15}{531,223.03,604.15}{532,223.38,605.15}{533,223.73,606.15}{534,224.09,607.15}{535,224.45,608.15}{536,224.8,609.15}{537,225.15,610.15}{538,225.5,611.15}{539,225.85,612.15}{540,226.21,613.15}{541,226.56,614.15}{542,226.91,615.15}{543,227.26,616.15}{544,227.61,617.15}{545,227.96,618.15}{546,228.31,619.15}{547,228.66,620.15}{548,229.01,621.15}{549,229.36,622.15}{550,229.72,623.15}{551,230.07,624.15}{552,230.42,625.15}{553,230.77,626.15}{554,231.12,627.15}{555,231.47,628.15}{556,231.81,629.15}{557,232.16,630.15}{558,232.51,631.15}{559,232.86,632.15}{560,233.21,633.15}{561,233.56,634.15}{562,233.91,635.15}{563,234.26,636.15}{564,234.6,637.15}{565,234.95,638.15}{566,235.3,639.15}{567,235.65,640.15}{568,236,641.15}{569,236.35,642.15}{570,236.7,643.15}{571,237.05,644.15}{572,237.4,645.15}{573,237.75,646.15}{574,238.09,647.15}{575,238.44,648.15}{576,238.79,649.15}{577,239.14,650.15}{578,239.48,651.15}{579,239.83,652.15}{580,240.18,653.15}{581,240.52,654.15}{582,240.87,655.15}{583,241.22,656.15}{584,241.56,657.15}{585,241.91,658.15}{586,242.25,659.15}{587,242.6,660.15}{588,242.95,661.15}{589,243.29,662.15}{590,243.64,663.15}{591,243.98,664.15}{592,244.33,665.15}{593,244.67,666.15}{594,245.02,667.15}{595,245.36,668.15}{596,245.71,669.15}{597,246.05,670.15}{598,246.4,671.15}{599,246.74,672.15}{600,247.09,673.15}{601,247.43,674.15}{602,247.78,675.15}{603,248.12,676.15}{604,248.46,677.15}{605,248.81,678.15}{606,249.15,679.15}{607,249.5,680.15}{608,249.84,681.15}{609,250.18,682.15}{610,250.53,683.15}{611,250.89,684.15}{612,251.21,685.15}{613,251.55,686.15}{614,251.9,687.15}{615,252.24,688.15}{616,252.59,689.15}{617,252.94,690.15}{618,253.28,691.15}{619,253.62,692.15}{620,253.96,693.15}{621,254.3,694.15}{622,254.65,695.15}{623,254.99,696.15}{624,255.33,697.15}{625,255.67,698.15}{626,256.01,699.15}{627,256.35,700.15}{628,256.7,701.15}{629,257.04,702.15}{630,257.38,703.15}{631,257.72,704.15}{632,258.06,705.15}{633,258.4,706.15}{634,258.74,707.15}{635,259.08,708.15}{636,259.42,709.15}{637,259.76,710.15}{638,260.1,711.15}{639,260.44,712.15}{640,260.78,713.15}{641,261.12,714.15}{642,261.46,715.15}{643,261.8,716.15}{644,262.14,717.15}{645,262.48,718.15}{646,262.83,719.15}{647,263.17,720.15}{648,263.5,721.15}{649,263.84,722.15}{650,264.18,723.15}{651,264.52,724.15}{652,264.86,725.15}{653,265.2,726.15}{654,265.54,727.15}{655,265.87,728.15}{656,266.21,729.15}{657,266.55,730.15}{658,266.89,731.15}{659,267.22,732.15}{660,267.56,733.15}{661,267.9,734.15}{662,268.24,735.15}{663,268.57,736.15}{664,268.91,737.15}{665,269.25,738.15}{666,269.58,739.15}{667,269.92,740.15}{668,270.26,741.15}{669,270.59,742.15}{670,270.93,743.15}{671,271.27,744.15}{672,271.6,745.15}{673,271.94,746.15}{674,272.27,747.15}{675,272.61,748.15}{676,272.95,749.15}{677,273.28,750.15}{678,273.62,751.15}{679,273.95,752.15}{680,274.29,753.15}{681,274.62,754.15}{682,274.96,755.15}{683,275.29,756.15}{684,275.63,757.15}{685,275.96,758.15}{686,276.31,759.15}{687,276.64,760.15}{688,276.97,761.15}{689,277.31,762.15}{690,277.64,763.15}{691,277.98,764.15}{692,278.31,765.15}{693,278.64,766.15}{694,278.98,767.15}{695,279.31,768.15}{696,279.64,769.15}{697,279.98,770.15}{698,280.31,771.15}{699,280.64,772.15}{700,280.98,773.15}{701,281.31,774.15}{702,281.64,775.15}{703,281.97,776.15}{704,282.31,777.15}{705,282.64,778.15}{706,282.97,779.15}{707,283.3,780.15}{708,283.63,781.15}{709,283.97,782.15}{710,284.3,783.15}{711,284.63,784.15}{712,284.96,785.15}{713,285.29,786.15}{714,285.62,787.15}{715,285.95,788.15}{716,286.3,789.15}{717,286.63,790.15}{718,286.96,791.15}{719,287.29,792.15}{720,287.62,793.15}{721,287.95,794.15}{722,288.28,795.15}{723,288.61,796.15}{724,288.94,797.15}{725,289.27,798.15}{726,289.6,799.15}{727,289.93,800.15}{728,290.26,801.15}{729,290.59,802.15}{730,290.92,803.15}{731,291.25,804.15}{732,291.58,805.15}{733,291.9,806.15}{734,292.23,807.15}{735,292.56,808.15}{736,292.9,809.15}{737,293.23,810.15}{738,293.56,811.15}{739,293.89,812.15}{740,294.21,813.15}{741,294.54,814.15}{742,294.87,815.15}{743,295.2,816.15}{744,295.53,817.15}{745,295.85,818.15}{746,296.18,819.15}{747,296.51,820.15}{748,296.84,821.15}{749,297.16,822.15}{750,297.49,823.15}{751,297.82,824.15}{752,298.14,825.15}{753,298.47,826.15}{754,298.8,827.15}{755,299.12,828.15}{756,299.45,829.15}{757,299.78,830.15}{758,300.1,831.15}{759,300.43,832.15}{760,300.75,833.15}{761,301.08,834.15}{762,301.41,835.15}{763,301.73,836.15}{764,302.06,837.15}{765,302.38,838.15}{766,302.71,839.15}{767,303.03,840.15}{768,303.36,841.15}{769,303.68,842.15}{770,304.01,843.15}{771,304.33,844.15}{772,304.66,845.15}{773,304.98,846.15}{774,305.3,847.15}{775,305.63,848.15}{776,305.95,849.15}{777,306.28,850.15}{778,306.6,851.15}{779,306.92,852.15}{780,307.25,853.15}{781,307.57,854.15}{782,307.89,855.15}{783,308.22,856.15}{784,308.54,857.15}{785,308.86,858.15}{786,309.19,859.15}{787,309.51,860.15}{788,309.83,861.15}{789,310.15,862.15}{790,310.48,863.15}{791,310.8,864.15}{792,311.12,865.15}{793,311.45,866.15}{794,311.78,867.15}{795,312.1,868.15}{796,312.43,869.15}{797,312.75,870.15}{798,313.07,871.15}{799,313.39,872.15}{800,313.71,873.15}{801,314.04,874.15}{802,314.36,875.15}{803,314.68,876.15}{804,315,877.15}{805,315.32,878.15}{806,315.64,879.15}{807,315.96,880.15}{808,316.28,881.15}{809,316.6,882.15}{810,316.92,883.15}{811,317.24,884.15}{812,317.56,885.15}{813,317.88,886.15}{814,318.2,887.15}{815,318.52,888.15}{816,318.85,889.15}{817,319.17,890.15}{818,319.49,891.15}{819,319.81,892.15}{820,320.12,893.15}{821,320.44,894.15}{822,320.76,895.15}{823,321.08,896.15}{824,321.4,897.15}{825,321.72,898.15}{826,322.03,899.15}{827,322.34,900.15}{828,322.66,901.15}{829,322.98,902.15}{830,323.3,903.15}{831,323.61,904.15}{832,323.93,905.15}{833,324.25,906.15}{834,324.57,907.15}{835,324.88,908.15}{836,325.21,909.15}{837,325.53,910.15}{838,325.85,911.15}{839,326.16,912.15}{840,326.48,913.15}{841,326.79,914.15}{842,327.11,915.15}{843,327.43,916.15}{844,327.74,917.15}{845,328.06,918.15}{846,328.38,919.15}{847,328.69,920.15}{848,329.01,921.15}{849,329.32,922.15}{850,329.64,923.15}{851,329.95,924.15}{852,330.27,925.15}{853,330.58,926.15}{854,330.9,927.15}{855,331.21,928.15}{856,331.53,929.15}{857,331.84,930.15}{858,332.16,931.15}{859,332.47,932.15}{860,332.79,933.15}{861,333.1,934.15}{862,333.41,935.15}{863,333.73,936.15}{864,334.04,937.15}{865,334.36,938.15}{866,334.68,939.15}{867,334.99,940.15}{868,335.31,941.15}{869,335.62,942.15}{870,335.93,943.15}{871,336.25,944.15}{872,336.56,945.15}{873,336.87,946.15}{874,337.18,947.15}{875,337.5,948.15}{876,337.81,949.15}{877,338.12,950.15}{878,338.43,951.15}{879,338.75,952.15}{880,339.06,953.15}{881,339.37,954.15}{882,339.68,955.15}{883,339.99,956.15}{884,340.3,957.15}{885,340.62,958.15}{886,340.94,959.15}{887,341.25,960.15}{888,341.55,961.15}{889,341.87,962.15}{890,342.18,963.15}{891,342.49,964.15}{892,342.8,965.15}{893,343.11,966.15}{894,343.42,967.15}{895,343.73,968.15}{896,344.04,969.15}{897,344.35,970.15}{898,344.66,971.15}{899,344.97,972.15}{900,345.28,973.15}{901,345.59,974.15}{902,345.9,975.15}{903,346.21,976.15}{904,346.52,977.15}{905,346.83,978.15}{906,347.15,979.15}{907,347.46,980.15}{908,347.76,981.15}{909,348.07,982.15}{910,348.38,983.15}{911,348.69,984.15}{912,349,985.15}{913,349.31,986.15}{914,349.61,987.15}{915,349.92,988.15}{916,350.23,989.15}{917,350.54,990.15}{918,350.85,991.15}{919,351.15,992.15}{920,351.46,993.15}{921,351.77,994.15}{922,352.07,995.15}{923,352.38,996.15}{924,352.69,997.15}{925,352.99,998.15}{926,353.3,999.15}{927,353.61,1000.15}{928,353.91,1001.15}{929,354.22,1002.15}{930,354.53,1003.15}{931,354.83,1004.15}{932,355.14,1005.15}{933,355.44,1006.15}{934,355.75,1007.15}{935,356.06,1008.15}{936,356.37,1009.15}{937,356.68,1010.15}{938,356.98,1011.15}{939,357.29,1012.15}{940,357.59,1013.15}{941,357.9,1014.15}{942,358.2,1015.15}{943,358.51,1016.15}{944,358.81,1017.15}{945,359.12,1018.15}{946,359.42,1019.15}{947,359.72,1020.15}{948,360.03,1021.15}{949,360.33,1022.15}{950,360.64,1023.15}{951,360.94,1024.15}{952,361.24,1025.15}{953,361.55,1026.15}{954,361.85,1027.15}{955,362.15,1028.15}{956,362.46,1029.15}{957,362.76,1030.15}{958,363.06,1031.15}{959,363.36,1032.15}{960,363.67,1033.15}{961,363.97,1034.15}{962,364.27,1035.15}{963,364.57,1036.15}{964,364.88,1037.15}{965,365.18,1038.15}{966,365.49,1039.15}{967,365.79,1040.15}{968,366.09,1041.15}{969,366.4,1042.15}{970,366.7,1043.15}{971,367,1044.15}{972,367.3,1045.15}{973,367.6,1046.15}{974,367.9,1047.15}{975,368.2,1048.15}{976,368.5,1049.15}{977,368.81,1050.15}{978,369.11,1051.15}{979,369.41,1052.15}{980,369.71,1053.15}{981,370.01,1054.15}{982,370.31,1055.15}{983,370.61,1056.15}{984,370.91,1057.15}{985,371.21,1058.15}{986,371.52,1059.15}{987,371.82,1060.15}{988,372.12,1061.15}{989,372.41,1062.15}{990,372.71,1063.15}{991,373.01,1064.15}{992,373.31,1065.15}{993,373.61,1066.15}{994,373.91,1067.15}{995,374.21,1068.15}{996,374.51,1069.15}{997,374.8,1070.15}{998,375.1,1071.15}{999,375.4,1072.15}{1000,375.7,1073.15}{1001,376,1074.15}{1002,376.29,1075.15}{1003,376.59,1076.15}{1004,376.89,1077.15}{1005,377.19,1078.15}{1006,377.49,1079.15}{1007,377.79,1080.15}{1008,378.09,1081.15}{1009,378.39,1082.15}{1010,378.68,1083.15}{1011,378.98,1084.15}{1012,379.28,1085.15}{1013,379.57,1086.15}{1014,379.87,1087.15}{1015,380.17,1088.15}{1016,380.46,1089.15}{1017,380.76,1090.15}{1018,381.05,1091.15}{1019,381.35,1092.15}{1020,381.65,1093.15}{1021,381.94,1094.15}{1022,382.24,1095.15}{1023,382.53,1096.15}{1024,382.83,1097.15}{1025,383.12,1098.15}{1026,383.42,1099.15}{1027,383.71,1100.15}{1028,384.01,1101.15}{1029,384.3,1102.15}{1030,384.6,1103.15}{1031,384.89,1104.15}{1032,385.18,1105.15}{1033,385.48,1106.15}{1034,385.77,1107.15}{1035,386.07,1108.15}{1036,386.37,1109.15}{1037,386.66,1110.15}{1038,386.96,1111.15}{1039,387.25,1112.15}{1040,387.55,1113.15}{1041,387.84,1114.15}{1042,388.13,1115.15}{1043,388.42,1116.15}{1044,388.72,1117.15}{1045,389.01,1118.15}{1046,389.31,1119.15}{1047,389.61,1120.15}{1048,389.9,1121.15}{1049,390.19,1122.15}{1050,390.48,1123.15}&quot;"/>
                                                                <instance name="dev02/Config/ch00023/Calibration_Sensor_Minimum_Range" order="0" value="-10"/>
                                                                <instance name="dev02/Config/ch00022/Calibration_Sensor_Curve" order="0" value="&quot;{0,770}{1,2.5}&quot;"/>
                                                                <instance name="dev01/Config/ch00005/RTDWireScheme" order="0" value="4"/>
                                                                <instance name="dev01/Config/ch00008/Calibration_Sensor_Curve" order="0" value="&quot;{0,18.52,73.15}{1,18.96,74.15}{2,19.39,75.15}{3,19.82,76.15}{4,20.25,77.15}{5,20.68,78.15}{6,21.11,79.15}{7,21.54,80.15}{8,21.97,81.15}{9,22.4,82.15}{10,22.83,83.15}{11,23.26,84.15}{12,23.69,85.15}{13,24.12,86.15}{14,24.55,87.15}{15,24.97,88.15}{16,25.39,89.15}{17,25.82,90.15}{18,26.25,91.15}{19,26.67,92.15}{20,27.1,93.15}{21,27.52,94.15}{22,27.95,95.15}{23,28.37,96.15}{24,28.8,97.15}{25,29.22,98.15}{26,29.65,99.15}{27,30.07,100.15}{28,30.49,101.15}{29,30.92,102.15}{30,31.34,103.15}{31,31.76,104.15}{32,32.18,105.15}{33,32.61,106.15}{34,33.03,107.15}{35,33.45,108.15}{36,33.86,109.15}{37,34.28,110.15}{38,34.7,111.15}{39,35.12,112.15}{40,35.54,113.15}{41,35.96,114.15}{42,36.38,115.15}{43,36.8,116.15}{44,37.22,117.15}{45,37.63,118.15}{46,38.05,119.15}{47,38.47,120.15}{48,38.89,121.15}{49,39.31,122.15}{50,39.72,123.15}{51,40.14,124.15}{52,40.56,125.15}{53,40.97,126.15}{54,41.39,127.15}{55,41.8,128.15}{56,42.22,129.15}{57,42.64,130.15}{58,43.05,131.15}{59,43.46,132.15}{60,43.88,133.15}{61,44.29,134.15}{62,44.71,135.15}{63,45.12,136.15}{64,45.53,137.15}{65,45.95,138.15}{66,46.35,139.15}{67,46.76,140.15}{68,47.18,141.15}{69,47.59,142.15}{70,48,143.15}{71,48.41,144.15}{72,48.82,145.15}{73,49.23,146.15}{74,49.64,147.15}{75,50.06,148.15}{76,50.47,149.15}{77,50.88,150.15}{78,51.29,151.15}{79,51.7,152.15}{80,52.11,153.15}{81,52.52,154.15}{82,52.92,155.15}{83,53.33,156.15}{84,53.74,157.15}{85,54.15,158.15}{86,54.56,159.15}{87,54.97,160.15}{88,55.38,161.15}{89,55.78,162.15}{90,56.19,163.15}{91,56.6,164.15}{92,57,165.15}{93,57.41,166.15}{94,57.82,167.15}{95,58.22,168.15}{96,58.63,169.15}{97,59.04,170.15}{98,59.44,171.15}{99,59.85,172.15}{100,60.26,173.15}{101,60.67,174.15}{102,61.07,175.15}{103,61.48,176.15}{104,61.87,177.15}{105,62.29,178.15}{106,62.69,179.15}{107,63.1,180.15}{108,63.5,181.15}{109,63.91,182.15}{110,64.3,183.15}{111,64.7,184.15}{112,65.11,185.15}{113,65.51,186.15}{114,65.91,187.15}{115,66.31,188.15}{116,66.72,189.15}{117,67.12,190.15}{118,67.52,191.15}{119,67.92,192.15}{120,68.33,193.15}{121,68.73,194.15}{122,69.13,195.15}{123,69.53,196.15}{124,69.93,197.15}{125,70.33,198.15}{126,70.73,199.15}{127,71.13,200.15}{128,71.53,201.15}{129,71.93,202.15}{130,72.33,203.15}{131,72.73,204.15}{132,73.13,205.15}{133,73.53,206.15}{134,73.93,207.15}{135,74.33,208.15}{136,74.73,209.15}{137,75.13,210.15}{138,75.53,211.15}{139,75.93,212.15}{140,76.33,213.15}{141,76.73,214.15}{142,77.13,215.15}{143,77.52,216.15}{144,77.92,217.15}{145,78.32,218.15}{146,78.72,219.15}{147,79.11,220.15}{148,79.51,221.15}{149,79.91,222.15}{150,80.31,223.15}{151,80.7,224.15}{152,81.1,225.15}{153,81.5,226.15}{154,81.89,227.15}{155,82.29,228.15}{156,82.69,229.15}{157,83.08,230.15}{158,83.48,231.15}{159,83.88,232.15}{160,84.27,233.15}{161,84.67,234.15}{162,85.06,235.15}{163,85.46,236.15}{164,85.85,237.15}{165,86.25,238.15}{166,86.64,239.15}{167,87.04,240.15}{168,87.43,241.15}{169,87.83,242.15}{170,88.22,243.15}{171,88.62,244.15}{172,89.01,245.15}{173,89.4,246.15}{174,89.8,247.15}{175,90.19,248.15}{176,90.59,249.15}{177,90.98,250.15}{178,91.37,251.15}{179,91.77,252.15}{180,92.16,253.15}{181,92.55,254.15}{182,92.95,255.15}{183,93.34,256.15}{184,93.73,257.15}{185,94.12,258.15}{186,94.52,259.15}{187,94.91,260.15}{188,95.3,261.15}{189,95.69,262.15}{190,96.09,263.15}{191,96.48,264.15}{192,96.87,265.15}{193,97.26,266.15}{194,97.65,267.15}{195,98.04,268.15}{196,98.44,269.15}{197,98.83,270.15}{198,99.22,271.15}{199,99.61,272.15}{200,100,273.15}{201,100.39,274.15}{202,100.78,275.15}{203,101.17,276.15}{204,101.56,277.15}{205,101.95,278.15}{206,102.34,279.15}{207,102.73,280.15}{208,103.12,281.15}{209,103.51,282.15}{210,103.9,283.15}{211,104.29,284.15}{212,104.68,285.15}{213,105.07,286.15}{214,105.46,287.15}{215,105.85,288.15}{216,106.24,289.15}{217,106.63,290.15}{218,107.02,291.15}{219,107.4,292.15}{220,107.79,293.15}{221,108.18,294.15}{222,108.57,295.15}{223,108.96,296.15}{224,109.35,297.15}{225,109.73,298.15}{226,110.12,299.15}{227,110.51,300.15}{228,110.9,301.15}{229,111.28,302.15}{230,111.67,303.15}{231,112.06,304.15}{232,112.45,305.15}{233,112.83,306.15}{234,113.22,307.15}{235,113.61,308.15}{236,113.99,309.15}{237,114.38,310.15}{238,114.77,311.15}{239,115.15,312.15}{240,115.54,313.15}{241,115.93,314.15}{242,116.31,315.15}{243,116.7,316.15}{244,117.08,317.15}{245,117.47,318.15}{246,117.85,319.15}{247,118.24,320.15}{248,118.62,321.15}{249,119.01,322.15}{250,119.4,323.15}{251,119.78,324.15}{252,120.16,325.15}{253,120.55,326.15}{254,120.93,327.15}{255,121.32,328.15}{256,121.7,329.15}{257,122.09,330.15}{258,122.47,331.15}{259,122.86,332.15}{260,123.24,333.15}{261,123.62,334.15}{262,124.01,335.15}{263,124.39,336.15}{264,124.77,337.15}{265,125.17,338.15}{266,125.55,339.15}{267,125.93,340.15}{268,126.32,341.15}{269,126.7,342.15}{270,127.08,343.15}{271,127.46,344.15}{272,127.85,345.15}{273,128.23,346.15}{274,128.61,347.15}{275,128.99,348.15}{276,129.38,349.15}{277,129.76,350.15}{278,130.14,351.15}{279,130.52,352.15}{280,130.9,353.15}{281,131.28,354.15}{282,131.67,355.15}{283,132.05,356.15}{284,132.43,357.15}{285,132.81,358.15}{286,133.19,359.15}{287,133.57,360.15}{288,133.95,361.15}{289,134.33,362.15}{290,134.71,363.15}{291,135.09,364.15}{292,135.47,365.15}{293,135.85,366.15}{294,136.23,367.15}{295,136.61,368.15}{296,136.99,369.15}{297,137.37,370.15}{298,137.75,371.15}{299,138.13,372.15}{300,138.51,373.15}{301,138.89,374.15}{302,139.27,375.15}{303,139.65,376.15}{304,140.03,377.15}{305,140.39,378.15}{306,140.77,379.15}{307,141.15,380.15}{308,141.53,381.15}{309,141.91,382.15}{310,142.29,383.15}{311,142.66,384.15}{312,143.04,385.15}{313,143.42,386.15}{314,143.8,387.15}{315,144.18,388.15}{316,144.56,389.15}{317,144.94,390.15}{318,145.32,391.15}{319,145.69,392.15}{320,146.07,393.15}{321,146.45,394.15}{322,146.82,395.15}{323,147.2,396.15}{324,147.58,397.15}{325,147.95,398.15}{326,148.33,399.15}{327,148.71,400.15}{328,149.08,401.15}{329,149.46,402.15}{330,149.83,403.15}{331,150.21,404.15}{332,150.58,405.15}{333,150.96,406.15}{334,151.34,407.15}{335,151.71,408.15}{336,152.09,409.15}{337,152.46,410.15}{338,152.84,411.15}{339,153.21,412.15}{340,153.58,413.15}{341,153.95,414.15}{342,154.32,415.15}{343,154.71,416.15}{344,155.08,417.15}{345,155.46,418.15}{346,155.83,419.15}{347,156.21,420.15}{348,156.58,421.15}{349,156.96,422.15}{350,157.33,423.15}{351,157.71,424.15}{352,158.08,425.15}{353,158.45,426.15}{354,158.83,427.15}{355,159.2,428.15}{356,159.56,429.15}{357,159.94,430.15}{358,160.31,431.15}{359,160.68,432.15}{360,161.05,433.15}{361,161.43,434.15}{362,161.8,435.15}{363,162.17,436.15}{364,162.54,437.15}{365,162.91,438.15}{366,163.28,439.15}{367,163.66,440.15}{368,164.03,441.15}{369,164.4,442.15}{370,164.77,443.15}{371,165.14,444.15}{372,165.51,445.15}{373,165.88,446.15}{374,166.25,447.15}{375,166.62,448.15}{376,167,449.15}{377,167.37,450.15}{378,167.74,451.15}{379,168.11,452.15}{380,168.48,453.15}{381,168.85,454.15}{382,169.22,455.15}{383,169.59,456.15}{384,169.96,457.15}{385,170.33,458.15}{386,170.69,459.15}{387,171.06,460.15}{388,171.43,461.15}{389,171.8,462.15}{390,172.17,463.15}{391,172.54,464.15}{392,172.91,465.15}{393,173.27,466.15}{394,173.64,467.15}{395,174.01,468.15}{396,174.39,469.15}{397,174.75,470.15}{398,175.12,471.15}{399,175.49,472.15}{400,175.86,473.15}{401,176.23,474.15}{402,176.59,475.15}{403,176.96,476.15}{404,177.33,477.15}{405,177.7,478.15}{406,178.06,479.15}{407,178.43,480.15}{408,178.8,481.15}{409,179.16,482.15}{410,179.53,483.15}{411,179.9,484.15}{412,180.26,485.15}{413,180.63,486.15}{414,180.99,487.15}{415,181.36,488.15}{416,181.73,489.15}{417,182.09,490.15}{418,182.46,491.15}{419,182.82,492.15}{420,183.19,493.15}{421,183.55,494.15}{422,183.92,495.15}{423,184.28,496.15}{424,184.65,497.15}{425,185.01,498.15}{426,185.38,499.15}{427,185.74,500.15}{428,186.11,501.15}{429,186.47,502.15}{430,186.84,503.15}{431,187.2,504.15}{432,187.56,505.15}{433,187.93,506.15}{434,188.29,507.15}{435,188.65,508.15}{436,189.02,509.15}{437,189.38,510.15}{438,189.74,511.15}{439,190.11,512.15}{440,190.47,513.15}{441,190.83,514.15}{442,191.2,515.15}{443,191.56,516.15}{444,191.92,517.15}{445,192.28,518.15}{446,192.66,519.15}{447,193.02,520.15}{448,193.38,521.15}{449,193.74,522.15}{450,194.1,523.15}{451,194.47,524.15}{452,194.83,525.15}{453,195.19,526.15}{454,195.55,527.15}{455,195.9,528.15}{456,196.26,529.15}{457,196.62,530.15}{458,196.98,531.15}{459,197.35,532.15}{460,197.71,533.15}{461,198.07,534.15}{462,198.43,535.15}{463,198.79,536.15}{464,199.15,537.15}{465,199.51,538.15}{466,199.87,539.15}{467,200.23,540.15}{468,200.59,541.15}{469,200.95,542.15}{470,201.31,543.15}{471,201.67,544.15}{472,202.03,545.15}{473,202.38,546.15}{474,202.74,547.15}{475,203.1,548.15}{476,203.46,549.15}{477,203.82,550.15}{478,204.18,551.15}{479,204.54,552.15}{480,204.9,553.15}{481,205.25,554.15}{482,205.61,555.15}{483,205.97,556.15}{484,206.33,557.15}{485,206.7,558.15}{486,207.05,559.15}{487,207.41,560.15}{488,207.77,561.15}{489,208.13,562.15}{490,208.48,563.15}{491,208.84,564.15}{492,209.2,565.15}{493,209.55,566.15}{494,209.91,567.15}{495,210.27,568.15}{496,210.62,569.15}{497,210.98,570.15}{498,211.34,571.15}{499,211.69,572.15}{500,212.05,573.15}{501,212.4,574.15}{502,212.76,575.15}{503,213.12,576.15}{504,213.47,577.15}{505,213.83,578.15}{506,214.19,579.15}{507,214.55,580.15}{508,214.9,581.15}{509,215.26,582.15}{510,215.61,583.15}{511,215.97,584.15}{512,216.32,585.15}{513,216.68,586.15}{514,217.03,587.15}{515,217.39,588.15}{516,217.73,589.15}{517,218.08,590.15}{518,218.44,591.15}{519,218.79,592.15}{520,219.15,593.15}{521,219.5,594.15}{522,219.85,595.15}{523,220.21,596.15}{524,220.56,597.15}{525,220.91,598.15}{526,221.27,599.15}{527,221.62,600.15}{528,221.97,601.15}{529,222.32,602.15}{530,222.68,603.15}{531,223.03,604.15}{532,223.38,605.15}{533,223.73,606.15}{534,224.09,607.15}{535,224.45,608.15}{536,224.8,609.15}{537,225.15,610.15}{538,225.5,611.15}{539,225.85,612.15}{540,226.21,613.15}{541,226.56,614.15}{542,226.91,615.15}{543,227.26,616.15}{544,227.61,617.15}{545,227.96,618.15}{546,228.31,619.15}{547,228.66,620.15}{548,229.01,621.15}{549,229.36,622.15}{550,229.72,623.15}{551,230.07,624.15}{552,230.42,625.15}{553,230.77,626.15}{554,231.12,627.15}{555,231.47,628.15}{556,231.81,629.15}{557,232.16,630.15}{558,232.51,631.15}{559,232.86,632.15}{560,233.21,633.15}{561,233.56,634.15}{562,233.91,635.15}{563,234.26,636.15}{564,234.6,637.15}{565,234.95,638.15}{566,235.3,639.15}{567,235.65,640.15}{568,236,641.15}{569,236.35,642.15}{570,236.7,643.15}{571,237.05,644.15}{572,237.4,645.15}{573,237.75,646.15}{574,238.09,647.15}{575,238.44,648.15}{576,238.79,649.15}{577,239.14,650.15}{578,239.48,651.15}{579,239.83,652.15}{580,240.18,653.15}{581,240.52,654.15}{582,240.87,655.15}{583,241.22,656.15}{584,241.56,657.15}{585,241.91,658.15}{586,242.25,659.15}{587,242.6,660.15}{588,242.95,661.15}{589,243.29,662.15}{590,243.64,663.15}{591,243.98,664.15}{592,244.33,665.15}{593,244.67,666.15}{594,245.02,667.15}{595,245.36,668.15}{596,245.71,669.15}{597,246.05,670.15}{598,246.4,671.15}{599,246.74,672.15}{600,247.09,673.15}{601,247.43,674.15}{602,247.78,675.15}{603,248.12,676.15}{604,248.46,677.15}{605,248.81,678.15}{606,249.15,679.15}{607,249.5,680.15}{608,249.84,681.15}{609,250.18,682.15}{610,250.53,683.15}{611,250.89,684.15}{612,251.21,685.15}{613,251.55,686.15}{614,251.9,687.15}{615,252.24,688.15}{616,252.59,689.15}{617,252.94,690.15}{618,253.28,691.15}{619,253.62,692.15}{620,253.96,693.15}{621,254.3,694.15}{622,254.65,695.15}{623,254.99,696.15}{624,255.33,697.15}{625,255.67,698.15}{626,256.01,699.15}{627,256.35,700.15}{628,256.7,701.15}{629,257.04,702.15}{630,257.38,703.15}{631,257.72,704.15}{632,258.06,705.15}{633,258.4,706.15}{634,258.74,707.15}{635,259.08,708.15}{636,259.42,709.15}{637,259.76,710.15}{638,260.1,711.15}{639,260.44,712.15}{640,260.78,713.15}{641,261.12,714.15}{642,261.46,715.15}{643,261.8,716.15}{644,262.14,717.15}{645,262.48,718.15}{646,262.83,719.15}{647,263.17,720.15}{648,263.5,721.15}{649,263.84,722.15}{650,264.18,723.15}{651,264.52,724.15}{652,264.86,725.15}{653,265.2,726.15}{654,265.54,727.15}{655,265.87,728.15}{656,266.21,729.15}{657,266.55,730.15}{658,266.89,731.15}{659,267.22,732.15}{660,267.56,733.15}{661,267.9,734.15}{662,268.24,735.15}{663,268.57,736.15}{664,268.91,737.15}{665,269.25,738.15}{666,269.58,739.15}{667,269.92,740.15}{668,270.26,741.15}{669,270.59,742.15}{670,270.93,743.15}{671,271.27,744.15}{672,271.6,745.15}{673,271.94,746.15}{674,272.27,747.15}{675,272.61,748.15}{676,272.95,749.15}{677,273.28,750.15}{678,273.62,751.15}{679,273.95,752.15}{680,274.29,753.15}{681,274.62,754.15}{682,274.96,755.15}{683,275.29,756.15}{684,275.63,757.15}{685,275.96,758.15}{686,276.31,759.15}{687,276.64,760.15}{688,276.97,761.15}{689,277.31,762.15}{690,277.64,763.15}{691,277.98,764.15}{692,278.31,765.15}{693,278.64,766.15}{694,278.98,767.15}{695,279.31,768.15}{696,279.64,769.15}{697,279.98,770.15}{698,280.31,771.15}{699,280.64,772.15}{700,280.98,773.15}{701,281.31,774.15}{702,281.64,775.15}{703,281.97,776.15}{704,282.31,777.15}{705,282.64,778.15}{706,282.97,779.15}{707,283.3,780.15}{708,283.63,781.15}{709,283.97,782.15}{710,284.3,783.15}{711,284.63,784.15}{712,284.96,785.15}{713,285.29,786.15}{714,285.62,787.15}{715,285.95,788.15}{716,286.3,789.15}{717,286.63,790.15}{718,286.96,791.15}{719,287.29,792.15}{720,287.62,793.15}{721,287.95,794.15}{722,288.28,795.15}{723,288.61,796.15}{724,288.94,797.15}{725,289.27,798.15}{726,289.6,799.15}{727,289.93,800.15}{728,290.26,801.15}{729,290.59,802.15}{730,290.92,803.15}{731,291.25,804.15}{732,291.58,805.15}{733,291.9,806.15}{734,292.23,807.15}{735,292.56,808.15}{736,292.9,809.15}{737,293.23,810.15}{738,293.56,811.15}{739,293.89,812.15}{740,294.21,813.15}{741,294.54,814.15}{742,294.87,815.15}{743,295.2,816.15}{744,295.53,817.15}{745,295.85,818.15}{746,296.18,819.15}{747,296.51,820.15}{748,296.84,821.15}{749,297.16,822.15}{750,297.49,823.15}{751,297.82,824.15}{752,298.14,825.15}{753,298.47,826.15}{754,298.8,827.15}{755,299.12,828.15}{756,299.45,829.15}{757,299.78,830.15}{758,300.1,831.15}{759,300.43,832.15}{760,300.75,833.15}{761,301.08,834.15}{762,301.41,835.15}{763,301.73,836.15}{764,302.06,837.15}{765,302.38,838.15}{766,302.71,839.15}{767,303.03,840.15}{768,303.36,841.15}{769,303.68,842.15}{770,304.01,843.15}{771,304.33,844.15}{772,304.66,845.15}{773,304.98,846.15}{774,305.3,847.15}{775,305.63,848.15}{776,305.95,849.15}{777,306.28,850.15}{778,306.6,851.15}{779,306.92,852.15}{780,307.25,853.15}{781,307.57,854.15}{782,307.89,855.15}{783,308.22,856.15}{784,308.54,857.15}{785,308.86,858.15}{786,309.19,859.15}{787,309.51,860.15}{788,309.83,861.15}{789,310.15,862.15}{790,310.48,863.15}{791,310.8,864.15}{792,311.12,865.15}{793,311.45,866.15}{794,311.78,867.15}{795,312.1,868.15}{796,312.43,869.15}{797,312.75,870.15}{798,313.07,871.15}{799,313.39,872.15}{800,313.71,873.15}{801,314.04,874.15}{802,314.36,875.15}{803,314.68,876.15}{804,315,877.15}{805,315.32,878.15}{806,315.64,879.15}{807,315.96,880.15}{808,316.28,881.15}{809,316.6,882.15}{810,316.92,883.15}{811,317.24,884.15}{812,317.56,885.15}{813,317.88,886.15}{814,318.2,887.15}{815,318.52,888.15}{816,318.85,889.15}{817,319.17,890.15}{818,319.49,891.15}{819,319.81,892.15}{820,320.12,893.15}{821,320.44,894.15}{822,320.76,895.15}{823,321.08,896.15}{824,321.4,897.15}{825,321.72,898.15}{826,322.03,899.15}{827,322.34,900.15}{828,322.66,901.15}{829,322.98,902.15}{830,323.3,903.15}{831,323.61,904.15}{832,323.93,905.15}{833,324.25,906.15}{834,324.57,907.15}{835,324.88,908.15}{836,325.21,909.15}{837,325.53,910.15}{838,325.85,911.15}{839,326.16,912.15}{840,326.48,913.15}{841,326.79,914.15}{842,327.11,915.15}{843,327.43,916.15}{844,327.74,917.15}{845,328.06,918.15}{846,328.38,919.15}{847,328.69,920.15}{848,329.01,921.15}{849,329.32,922.15}{850,329.64,923.15}{851,329.95,924.15}{852,330.27,925.15}{853,330.58,926.15}{854,330.9,927.15}{855,331.21,928.15}{856,331.53,929.15}{857,331.84,930.15}{858,332.16,931.15}{859,332.47,932.15}{860,332.79,933.15}{861,333.1,934.15}{862,333.41,935.15}{863,333.73,936.15}{864,334.04,937.15}{865,334.36,938.15}{866,334.68,939.15}{867,334.99,940.15}{868,335.31,941.15}{869,335.62,942.15}{870,335.93,943.15}{871,336.25,944.15}{872,336.56,945.15}{873,336.87,946.15}{874,337.18,947.15}{875,337.5,948.15}{876,337.81,949.15}{877,338.12,950.15}{878,338.43,951.15}{879,338.75,952.15}{880,339.06,953.15}{881,339.37,954.15}{882,339.68,955.15}{883,339.99,956.15}{884,340.3,957.15}{885,340.62,958.15}{886,340.94,959.15}{887,341.25,960.15}{888,341.55,961.15}{889,341.87,962.15}{890,342.18,963.15}{891,342.49,964.15}{892,342.8,965.15}{893,343.11,966.15}{894,343.42,967.15}{895,343.73,968.15}{896,344.04,969.15}{897,344.35,970.15}{898,344.66,971.15}{899,344.97,972.15}{900,345.28,973.15}{901,345.59,974.15}{902,345.9,975.15}{903,346.21,976.15}{904,346.52,977.15}{905,346.83,978.15}{906,347.15,979.15}{907,347.46,980.15}{908,347.76,981.15}{909,348.07,982.15}{910,348.38,983.15}{911,348.69,984.15}{912,349,985.15}{913,349.31,986.15}{914,349.61,987.15}{915,349.92,988.15}{916,350.23,989.15}{917,350.54,990.15}{918,350.85,991.15}{919,351.15,992.15}{920,351.46,993.15}{921,351.77,994.15}{922,352.07,995.15}{923,352.38,996.15}{924,352.69,997.15}{925,352.99,998.15}{926,353.3,999.15}{927,353.61,1000.15}{928,353.91,1001.15}{929,354.22,1002.15}{930,354.53,1003.15}{931,354.83,1004.15}{932,355.14,1005.15}{933,355.44,1006.15}{934,355.75,1007.15}{935,356.06,1008.15}{936,356.37,1009.15}{937,356.68,1010.15}{938,356.98,1011.15}{939,357.29,1012.15}{940,357.59,1013.15}{941,357.9,1014.15}{942,358.2,1015.15}{943,358.51,1016.15}{944,358.81,1017.15}{945,359.12,1018.15}{946,359.42,1019.15}{947,359.72,1020.15}{948,360.03,1021.15}{949,360.33,1022.15}{950,360.64,1023.15}{951,360.94,1024.15}{952,361.24,1025.15}{953,361.55,1026.15}{954,361.85,1027.15}{955,362.15,1028.15}{956,362.46,1029.15}{957,362.76,1030.15}{958,363.06,1031.15}{959,363.36,1032.15}{960,363.67,1033.15}{961,363.97,1034.15}{962,364.27,1035.15}{963,364.57,1036.15}{964,364.88,1037.15}{965,365.18,1038.15}{966,365.49,1039.15}{967,365.79,1040.15}{968,366.09,1041.15}{969,366.4,1042.15}{970,366.7,1043.15}{971,367,1044.15}{972,367.3,1045.15}{973,367.6,1046.15}{974,367.9,1047.15}{975,368.2,1048.15}{976,368.5,1049.15}{977,368.81,1050.15}{978,369.11,1051.15}{979,369.41,1052.15}{980,369.71,1053.15}{981,370.01,1054.15}{982,370.31,1055.15}{983,370.61,1056.15}{984,370.91,1057.15}{985,371.21,1058.15}{986,371.52,1059.15}{987,371.82,1060.15}{988,372.12,1061.15}{989,372.41,1062.15}{990,372.71,1063.15}{991,373.01,1064.15}{992,373.31,1065.15}{993,373.61,1066.15}{994,373.91,1067.15}{995,374.21,1068.15}{996,374.51,1069.15}{997,374.8,1070.15}{998,375.1,1071.15}{999,375.4,1072.15}{1000,375.7,1073.15}{1001,376,1074.15}{1002,376.29,1075.15}{1003,376.59,1076.15}{1004,376.89,1077.15}{1005,377.19,1078.15}{1006,377.49,1079.15}{1007,377.79,1080.15}{1008,378.09,1081.15}{1009,378.39,1082.15}{1010,378.68,1083.15}{1011,378.98,1084.15}{1012,379.28,1085.15}{1013,379.57,1086.15}{1014,379.87,1087.15}{1015,380.17,1088.15}{1016,380.46,1089.15}{1017,380.76,1090.15}{1018,381.05,1091.15}{1019,381.35,1092.15}{1020,381.65,1093.15}{1021,381.94,1094.15}{1022,382.24,1095.15}{1023,382.53,1096.15}{1024,382.83,1097.15}{1025,383.12,1098.15}{1026,383.42,1099.15}{1027,383.71,1100.15}{1028,384.01,1101.15}{1029,384.3,1102.15}{1030,384.6,1103.15}{1031,384.89,1104.15}{1032,385.18,1105.15}{1033,385.48,1106.15}{1034,385.77,1107.15}{1035,386.07,1108.15}{1036,386.37,1109.15}{1037,386.66,1110.15}{1038,386.96,1111.15}{1039,387.25,1112.15}{1040,387.55,1113.15}{1041,387.84,1114.15}{1042,388.13,1115.15}{1043,388.42,1116.15}{1044,388.72,1117.15}{1045,389.01,1118.15}{1046,389.31,1119.15}{1047,389.61,1120.15}{1048,389.9,1121.15}{1049,390.19,1122.15}{1050,390.48,1123.15}&quot;"/>
                                                                <instance name="dev01/Config/ch00009/Calibration_Sensor_Curve" order="0" value="&quot;{0,18.52,73.15}{1,18.96,74.15}{2,19.39,75.15}{3,19.82,76.15}{4,20.25,77.15}{5,20.68,78.15}{6,21.11,79.15}{7,21.54,80.15}{8,21.97,81.15}{9,22.4,82.15}{10,22.83,83.15}{11,23.26,84.15}{12,23.69,85.15}{13,24.12,86.15}{14,24.55,87.15}{15,24.97,88.15}{16,25.39,89.15}{17,25.82,90.15}{18,26.25,91.15}{19,26.67,92.15}{20,27.1,93.15}{21,27.52,94.15}{22,27.95,95.15}{23,28.37,96.15}{24,28.8,97.15}{25,29.22,98.15}{26,29.65,99.15}{27,30.07,100.15}{28,30.49,101.15}{29,30.92,102.15}{30,31.34,103.15}{31,31.76,104.15}{32,32.18,105.15}{33,32.61,106.15}{34,33.03,107.15}{35,33.45,108.15}{36,33.86,109.15}{37,34.28,110.15}{38,34.7,111.15}{39,35.12,112.15}{40,35.54,113.15}{41,35.96,114.15}{42,36.38,115.15}{43,36.8,116.15}{44,37.22,117.15}{45,37.63,118.15}{46,38.05,119.15}{47,38.47,120.15}{48,38.89,121.15}{49,39.31,122.15}{50,39.72,123.15}{51,40.14,124.15}{52,40.56,125.15}{53,40.97,126.15}{54,41.39,127.15}{55,41.8,128.15}{56,42.22,129.15}{57,42.64,130.15}{58,43.05,131.15}{59,43.46,132.15}{60,43.88,133.15}{61,44.29,134.15}{62,44.71,135.15}{63,45.12,136.15}{64,45.53,137.15}{65,45.95,138.15}{66,46.35,139.15}{67,46.76,140.15}{68,47.18,141.15}{69,47.59,142.15}{70,48,143.15}{71,48.41,144.15}{72,48.82,145.15}{73,49.23,146.15}{74,49.64,147.15}{75,50.06,148.15}{76,50.47,149.15}{77,50.88,150.15}{78,51.29,151.15}{79,51.7,152.15}{80,52.11,153.15}{81,52.52,154.15}{82,52.92,155.15}{83,53.33,156.15}{84,53.74,157.15}{85,54.15,158.15}{86,54.56,159.15}{87,54.97,160.15}{88,55.38,161.15}{89,55.78,162.15}{90,56.19,163.15}{91,56.6,164.15}{92,57,165.15}{93,57.41,166.15}{94,57.82,167.15}{95,58.22,168.15}{96,58.63,169.15}{97,59.04,170.15}{98,59.44,171.15}{99,59.85,172.15}{100,60.26,173.15}{101,60.67,174.15}{102,61.07,175.15}{103,61.48,176.15}{104,61.87,177.15}{105,62.29,178.15}{106,62.69,179.15}{107,63.1,180.15}{108,63.5,181.15}{109,63.91,182.15}{110,64.3,183.15}{111,64.7,184.15}{112,65.11,185.15}{113,65.51,186.15}{114,65.91,187.15}{115,66.31,188.15}{116,66.72,189.15}{117,67.12,190.15}{118,67.52,191.15}{119,67.92,192.15}{120,68.33,193.15}{121,68.73,194.15}{122,69.13,195.15}{123,69.53,196.15}{124,69.93,197.15}{125,70.33,198.15}{126,70.73,199.15}{127,71.13,200.15}{128,71.53,201.15}{129,71.93,202.15}{130,72.33,203.15}{131,72.73,204.15}{132,73.13,205.15}{133,73.53,206.15}{134,73.93,207.15}{135,74.33,208.15}{136,74.73,209.15}{137,75.13,210.15}{138,75.53,211.15}{139,75.93,212.15}{140,76.33,213.15}{141,76.73,214.15}{142,77.13,215.15}{143,77.52,216.15}{144,77.92,217.15}{145,78.32,218.15}{146,78.72,219.15}{147,79.11,220.15}{148,79.51,221.15}{149,79.91,222.15}{150,80.31,223.15}{151,80.7,224.15}{152,81.1,225.15}{153,81.5,226.15}{154,81.89,227.15}{155,82.29,228.15}{156,82.69,229.15}{157,83.08,230.15}{158,83.48,231.15}{159,83.88,232.15}{160,84.27,233.15}{161,84.67,234.15}{162,85.06,235.15}{163,85.46,236.15}{164,85.85,237.15}{165,86.25,238.15}{166,86.64,239.15}{167,87.04,240.15}{168,87.43,241.15}{169,87.83,242.15}{170,88.22,243.15}{171,88.62,244.15}{172,89.01,245.15}{173,89.4,246.15}{174,89.8,247.15}{175,90.19,248.15}{176,90.59,249.15}{177,90.98,250.15}{178,91.37,251.15}{179,91.77,252.15}{180,92.16,253.15}{181,92.55,254.15}{182,92.95,255.15}{183,93.34,256.15}{184,93.73,257.15}{185,94.12,258.15}{186,94.52,259.15}{187,94.91,260.15}{188,95.3,261.15}{189,95.69,262.15}{190,96.09,263.15}{191,96.48,264.15}{192,96.87,265.15}{193,97.26,266.15}{194,97.65,267.15}{195,98.04,268.15}{196,98.44,269.15}{197,98.83,270.15}{198,99.22,271.15}{199,99.61,272.15}{200,100,273.15}{201,100.39,274.15}{202,100.78,275.15}{203,101.17,276.15}{204,101.56,277.15}{205,101.95,278.15}{206,102.34,279.15}{207,102.73,280.15}{208,103.12,281.15}{209,103.51,282.15}{210,103.9,283.15}{211,104.29,284.15}{212,104.68,285.15}{213,105.07,286.15}{214,105.46,287.15}{215,105.85,288.15}{216,106.24,289.15}{217,106.63,290.15}{218,107.02,291.15}{219,107.4,292.15}{220,107.79,293.15}{221,108.18,294.15}{222,108.57,295.15}{223,108.96,296.15}{224,109.35,297.15}{225,109.73,298.15}{226,110.12,299.15}{227,110.51,300.15}{228,110.9,301.15}{229,111.28,302.15}{230,111.67,303.15}{231,112.06,304.15}{232,112.45,305.15}{233,112.83,306.15}{234,113.22,307.15}{235,113.61,308.15}{236,113.99,309.15}{237,114.38,310.15}{238,114.77,311.15}{239,115.15,312.15}{240,115.54,313.15}{241,115.93,314.15}{242,116.31,315.15}{243,116.7,316.15}{244,117.08,317.15}{245,117.47,318.15}{246,117.85,319.15}{247,118.24,320.15}{248,118.62,321.15}{249,119.01,322.15}{250,119.4,323.15}{251,119.78,324.15}{252,120.16,325.15}{253,120.55,326.15}{254,120.93,327.15}{255,121.32,328.15}{256,121.7,329.15}{257,122.09,330.15}{258,122.47,331.15}{259,122.86,332.15}{260,123.24,333.15}{261,123.62,334.15}{262,124.01,335.15}{263,124.39,336.15}{264,124.77,337.15}{265,125.17,338.15}{266,125.55,339.15}{267,125.93,340.15}{268,126.32,341.15}{269,126.7,342.15}{270,127.08,343.15}{271,127.46,344.15}{272,127.85,345.15}{273,128.23,346.15}{274,128.61,347.15}{275,128.99,348.15}{276,129.38,349.15}{277,129.76,350.15}{278,130.14,351.15}{279,130.52,352.15}{280,130.9,353.15}{281,131.28,354.15}{282,131.67,355.15}{283,132.05,356.15}{284,132.43,357.15}{285,132.81,358.15}{286,133.19,359.15}{287,133.57,360.15}{288,133.95,361.15}{289,134.33,362.15}{290,134.71,363.15}{291,135.09,364.15}{292,135.47,365.15}{293,135.85,366.15}{294,136.23,367.15}{295,136.61,368.15}{296,136.99,369.15}{297,137.37,370.15}{298,137.75,371.15}{299,138.13,372.15}{300,138.51,373.15}{301,138.89,374.15}{302,139.27,375.15}{303,139.65,376.15}{304,140.03,377.15}{305,140.39,378.15}{306,140.77,379.15}{307,141.15,380.15}{308,141.53,381.15}{309,141.91,382.15}{310,142.29,383.15}{311,142.66,384.15}{312,143.04,385.15}{313,143.42,386.15}{314,143.8,387.15}{315,144.18,388.15}{316,144.56,389.15}{317,144.94,390.15}{318,145.32,391.15}{319,145.69,392.15}{320,146.07,393.15}{321,146.45,394.15}{322,146.82,395.15}{323,147.2,396.15}{324,147.58,397.15}{325,147.95,398.15}{326,148.33,399.15}{327,148.71,400.15}{328,149.08,401.15}{329,149.46,402.15}{330,149.83,403.15}{331,150.21,404.15}{332,150.58,405.15}{333,150.96,406.15}{334,151.34,407.15}{335,151.71,408.15}{336,152.09,409.15}{337,152.46,410.15}{338,152.84,411.15}{339,153.21,412.15}{340,153.58,413.15}{341,153.95,414.15}{342,154.32,415.15}{343,154.71,416.15}{344,155.08,417.15}{345,155.46,418.15}{346,155.83,419.15}{347,156.21,420.15}{348,156.58,421.15}{349,156.96,422.15}{350,157.33,423.15}{351,157.71,424.15}{352,158.08,425.15}{353,158.45,426.15}{354,158.83,427.15}{355,159.2,428.15}{356,159.56,429.15}{357,159.94,430.15}{358,160.31,431.15}{359,160.68,432.15}{360,161.05,433.15}{361,161.43,434.15}{362,161.8,435.15}{363,162.17,436.15}{364,162.54,437.15}{365,162.91,438.15}{366,163.28,439.15}{367,163.66,440.15}{368,164.03,441.15}{369,164.4,442.15}{370,164.77,443.15}{371,165.14,444.15}{372,165.51,445.15}{373,165.88,446.15}{374,166.25,447.15}{375,166.62,448.15}{376,167,449.15}{377,167.37,450.15}{378,167.74,451.15}{379,168.11,452.15}{380,168.48,453.15}{381,168.85,454.15}{382,169.22,455.15}{383,169.59,456.15}{384,169.96,457.15}{385,170.33,458.15}{386,170.69,459.15}{387,171.06,460.15}{388,171.43,461.15}{389,171.8,462.15}{390,172.17,463.15}{391,172.54,464.15}{392,172.91,465.15}{393,173.27,466.15}{394,173.64,467.15}{395,174.01,468.15}{396,174.39,469.15}{397,174.75,470.15}{398,175.12,471.15}{399,175.49,472.15}{400,175.86,473.15}{401,176.23,474.15}{402,176.59,475.15}{403,176.96,476.15}{404,177.33,477.15}{405,177.7,478.15}{406,178.06,479.15}{407,178.43,480.15}{408,178.8,481.15}{409,179.16,482.15}{410,179.53,483.15}{411,179.9,484.15}{412,180.26,485.15}{413,180.63,486.15}{414,180.99,487.15}{415,181.36,488.15}{416,181.73,489.15}{417,182.09,490.15}{418,182.46,491.15}{419,182.82,492.15}{420,183.19,493.15}{421,183.55,494.15}{422,183.92,495.15}{423,184.28,496.15}{424,184.65,497.15}{425,185.01,498.15}{426,185.38,499.15}{427,185.74,500.15}{428,186.11,501.15}{429,186.47,502.15}{430,186.84,503.15}{431,187.2,504.15}{432,187.56,505.15}{433,187.93,506.15}{434,188.29,507.15}{435,188.65,508.15}{436,189.02,509.15}{437,189.38,510.15}{438,189.74,511.15}{439,190.11,512.15}{440,190.47,513.15}{441,190.83,514.15}{442,191.2,515.15}{443,191.56,516.15}{444,191.92,517.15}{445,192.28,518.15}{446,192.66,519.15}{447,193.02,520.15}{448,193.38,521.15}{449,193.74,522.15}{450,194.1,523.15}{451,194.47,524.15}{452,194.83,525.15}{453,195.19,526.15}{454,195.55,527.15}{455,195.9,528.15}{456,196.26,529.15}{457,196.62,530.15}{458,196.98,531.15}{459,197.35,532.15}{460,197.71,533.15}{461,198.07,534.15}{462,198.43,535.15}{463,198.79,536.15}{464,199.15,537.15}{465,199.51,538.15}{466,199.87,539.15}{467,200.23,540.15}{468,200.59,541.15}{469,200.95,542.15}{470,201.31,543.15}{471,201.67,544.15}{472,202.03,545.15}{473,202.38,546.15}{474,202.74,547.15}{475,203.1,548.15}{476,203.46,549.15}{477,203.82,550.15}{478,204.18,551.15}{479,204.54,552.15}{480,204.9,553.15}{481,205.25,554.15}{482,205.61,555.15}{483,205.97,556.15}{484,206.33,557.15}{485,206.7,558.15}{486,207.05,559.15}{487,207.41,560.15}{488,207.77,561.15}{489,208.13,562.15}{490,208.48,563.15}{491,208.84,564.15}{492,209.2,565.15}{493,209.55,566.15}{494,209.91,567.15}{495,210.27,568.15}{496,210.62,569.15}{497,210.98,570.15}{498,211.34,571.15}{499,211.69,572.15}{500,212.05,573.15}{501,212.4,574.15}{502,212.76,575.15}{503,213.12,576.15}{504,213.47,577.15}{505,213.83,578.15}{506,214.19,579.15}{507,214.55,580.15}{508,214.9,581.15}{509,215.26,582.15}{510,215.61,583.15}{511,215.97,584.15}{512,216.32,585.15}{513,216.68,586.15}{514,217.03,587.15}{515,217.39,588.15}{516,217.73,589.15}{517,218.08,590.15}{518,218.44,591.15}{519,218.79,592.15}{520,219.15,593.15}{521,219.5,594.15}{522,219.85,595.15}{523,220.21,596.15}{524,220.56,597.15}{525,220.91,598.15}{526,221.27,599.15}{527,221.62,600.15}{528,221.97,601.15}{529,222.32,602.15}{530,222.68,603.15}{531,223.03,604.15}{532,223.38,605.15}{533,223.73,606.15}{534,224.09,607.15}{535,224.45,608.15}{536,224.8,609.15}{537,225.15,610.15}{538,225.5,611.15}{539,225.85,612.15}{540,226.21,613.15}{541,226.56,614.15}{542,226.91,615.15}{543,227.26,616.15}{544,227.61,617.15}{545,227.96,618.15}{546,228.31,619.15}{547,228.66,620.15}{548,229.01,621.15}{549,229.36,622.15}{550,229.72,623.15}{551,230.07,624.15}{552,230.42,625.15}{553,230.77,626.15}{554,231.12,627.15}{555,231.47,628.15}{556,231.81,629.15}{557,232.16,630.15}{558,232.51,631.15}{559,232.86,632.15}{560,233.21,633.15}{561,233.56,634.15}{562,233.91,635.15}{563,234.26,636.15}{564,234.6,637.15}{565,234.95,638.15}{566,235.3,639.15}{567,235.65,640.15}{568,236,641.15}{569,236.35,642.15}{570,236.7,643.15}{571,237.05,644.15}{572,237.4,645.15}{573,237.75,646.15}{574,238.09,647.15}{575,238.44,648.15}{576,238.79,649.15}{577,239.14,650.15}{578,239.48,651.15}{579,239.83,652.15}{580,240.18,653.15}{581,240.52,654.15}{582,240.87,655.15}{583,241.22,656.15}{584,241.56,657.15}{585,241.91,658.15}{586,242.25,659.15}{587,242.6,660.15}{588,242.95,661.15}{589,243.29,662.15}{590,243.64,663.15}{591,243.98,664.15}{592,244.33,665.15}{593,244.67,666.15}{594,245.02,667.15}{595,245.36,668.15}{596,245.71,669.15}{597,246.05,670.15}{598,246.4,671.15}{599,246.74,672.15}{600,247.09,673.15}{601,247.43,674.15}{602,247.78,675.15}{603,248.12,676.15}{604,248.46,677.15}{605,248.81,678.15}{606,249.15,679.15}{607,249.5,680.15}{608,249.84,681.15}{609,250.18,682.15}{610,250.53,683.15}{611,250.89,684.15}{612,251.21,685.15}{613,251.55,686.15}{614,251.9,687.15}{615,252.24,688.15}{616,252.59,689.15}{617,252.94,690.15}{618,253.28,691.15}{619,253.62,692.15}{620,253.96,693.15}{621,254.3,694.15}{622,254.65,695.15}{623,254.99,696.15}{624,255.33,697.15}{625,255.67,698.15}{626,256.01,699.15}{627,256.35,700.15}{628,256.7,701.15}{629,257.04,702.15}{630,257.38,703.15}{631,257.72,704.15}{632,258.06,705.15}{633,258.4,706.15}{634,258.74,707.15}{635,259.08,708.15}{636,259.42,709.15}{637,259.76,710.15}{638,260.1,711.15}{639,260.44,712.15}{640,260.78,713.15}{641,261.12,714.15}{642,261.46,715.15}{643,261.8,716.15}{644,262.14,717.15}{645,262.48,718.15}{646,262.83,719.15}{647,263.17,720.15}{648,263.5,721.15}{649,263.84,722.15}{650,264.18,723.15}{651,264.52,724.15}{652,264.86,725.15}{653,265.2,726.15}{654,265.54,727.15}{655,265.87,728.15}{656,266.21,729.15}{657,266.55,730.15}{658,266.89,731.15}{659,267.22,732.15}{660,267.56,733.15}{661,267.9,734.15}{662,268.24,735.15}{663,268.57,736.15}{664,268.91,737.15}{665,269.25,738.15}{666,269.58,739.15}{667,269.92,740.15}{668,270.26,741.15}{669,270.59,742.15}{670,270.93,743.15}{671,271.27,744.15}{672,271.6,745.15}{673,271.94,746.15}{674,272.27,747.15}{675,272.61,748.15}{676,272.95,749.15}{677,273.28,750.15}{678,273.62,751.15}{679,273.95,752.15}{680,274.29,753.15}{681,274.62,754.15}{682,274.96,755.15}{683,275.29,756.15}{684,275.63,757.15}{685,275.96,758.15}{686,276.31,759.15}{687,276.64,760.15}{688,276.97,761.15}{689,277.31,762.15}{690,277.64,763.15}{691,277.98,764.15}{692,278.31,765.15}{693,278.64,766.15}{694,278.98,767.15}{695,279.31,768.15}{696,279.64,769.15}{697,279.98,770.15}{698,280.31,771.15}{699,280.64,772.15}{700,280.98,773.15}{701,281.31,774.15}{702,281.64,775.15}{703,281.97,776.15}{704,282.31,777.15}{705,282.64,778.15}{706,282.97,779.15}{707,283.3,780.15}{708,283.63,781.15}{709,283.97,782.15}{710,284.3,783.15}{711,284.63,784.15}{712,284.96,785.15}{713,285.29,786.15}{714,285.62,787.15}{715,285.95,788.15}{716,286.3,789.15}{717,286.63,790.15}{718,286.96,791.15}{719,287.29,792.15}{720,287.62,793.15}{721,287.95,794.15}{722,288.28,795.15}{723,288.61,796.15}{724,288.94,797.15}{725,289.27,798.15}{726,289.6,799.15}{727,289.93,800.15}{728,290.26,801.15}{729,290.59,802.15}{730,290.92,803.15}{731,291.25,804.15}{732,291.58,805.15}{733,291.9,806.15}{734,292.23,807.15}{735,292.56,808.15}{736,292.9,809.15}{737,293.23,810.15}{738,293.56,811.15}{739,293.89,812.15}{740,294.21,813.15}{741,294.54,814.15}{742,294.87,815.15}{743,295.2,816.15}{744,295.53,817.15}{745,295.85,818.15}{746,296.18,819.15}{747,296.51,820.15}{748,296.84,821.15}{749,297.16,822.15}{750,297.49,823.15}{751,297.82,824.15}{752,298.14,825.15}{753,298.47,826.15}{754,298.8,827.15}{755,299.12,828.15}{756,299.45,829.15}{757,299.78,830.15}{758,300.1,831.15}{759,300.43,832.15}{760,300.75,833.15}{761,301.08,834.15}{762,301.41,835.15}{763,301.73,836.15}{764,302.06,837.15}{765,302.38,838.15}{766,302.71,839.15}{767,303.03,840.15}{768,303.36,841.15}{769,303.68,842.15}{770,304.01,843.15}{771,304.33,844.15}{772,304.66,845.15}{773,304.98,846.15}{774,305.3,847.15}{775,305.63,848.15}{776,305.95,849.15}{777,306.28,850.15}{778,306.6,851.15}{779,306.92,852.15}{780,307.25,853.15}{781,307.57,854.15}{782,307.89,855.15}{783,308.22,856.15}{784,308.54,857.15}{785,308.86,858.15}{786,309.19,859.15}{787,309.51,860.15}{788,309.83,861.15}{789,310.15,862.15}{790,310.48,863.15}{791,310.8,864.15}{792,311.12,865.15}{793,311.45,866.15}{794,311.78,867.15}{795,312.1,868.15}{796,312.43,869.15}{797,312.75,870.15}{798,313.07,871.15}{799,313.39,872.15}{800,313.71,873.15}{801,314.04,874.15}{802,314.36,875.15}{803,314.68,876.15}{804,315,877.15}{805,315.32,878.15}{806,315.64,879.15}{807,315.96,880.15}{808,316.28,881.15}{809,316.6,882.15}{810,316.92,883.15}{811,317.24,884.15}{812,317.56,885.15}{813,317.88,886.15}{814,318.2,887.15}{815,318.52,888.15}{816,318.85,889.15}{817,319.17,890.15}{818,319.49,891.15}{819,319.81,892.15}{820,320.12,893.15}{821,320.44,894.15}{822,320.76,895.15}{823,321.08,896.15}{824,321.4,897.15}{825,321.72,898.15}{826,322.03,899.15}{827,322.34,900.15}{828,322.66,901.15}{829,322.98,902.15}{830,323.3,903.15}{831,323.61,904.15}{832,323.93,905.15}{833,324.25,906.15}{834,324.57,907.15}{835,324.88,908.15}{836,325.21,909.15}{837,325.53,910.15}{838,325.85,911.15}{839,326.16,912.15}{840,326.48,913.15}{841,326.79,914.15}{842,327.11,915.15}{843,327.43,916.15}{844,327.74,917.15}{845,328.06,918.15}{846,328.38,919.15}{847,328.69,920.15}{848,329.01,921.15}{849,329.32,922.15}{850,329.64,923.15}{851,329.95,924.15}{852,330.27,925.15}{853,330.58,926.15}{854,330.9,927.15}{855,331.21,928.15}{856,331.53,929.15}{857,331.84,930.15}{858,332.16,931.15}{859,332.47,932.15}{860,332.79,933.15}{861,333.1,934.15}{862,333.41,935.15}{863,333.73,936.15}{864,334.04,937.15}{865,334.36,938.15}{866,334.68,939.15}{867,334.99,940.15}{868,335.31,941.15}{869,335.62,942.15}{870,335.93,943.15}{871,336.25,944.15}{872,336.56,945.15}{873,336.87,946.15}{874,337.18,947.15}{875,337.5,948.15}{876,337.81,949.15}{877,338.12,950.15}{878,338.43,951.15}{879,338.75,952.15}{880,339.06,953.15}{881,339.37,954.15}{882,339.68,955.15}{883,339.99,956.15}{884,340.3,957.15}{885,340.62,958.15}{886,340.94,959.15}{887,341.25,960.15}{888,341.55,961.15}{889,341.87,962.15}{890,342.18,963.15}{891,342.49,964.15}{892,342.8,965.15}{893,343.11,966.15}{894,343.42,967.15}{895,343.73,968.15}{896,344.04,969.15}{897,344.35,970.15}{898,344.66,971.15}{899,344.97,972.15}{900,345.28,973.15}{901,345.59,974.15}{902,345.9,975.15}{903,346.21,976.15}{904,346.52,977.15}{905,346.83,978.15}{906,347.15,979.15}{907,347.46,980.15}{908,347.76,981.15}{909,348.07,982.15}{910,348.38,983.15}{911,348.69,984.15}{912,349,985.15}{913,349.31,986.15}{914,349.61,987.15}{915,349.92,988.15}{916,350.23,989.15}{917,350.54,990.15}{918,350.85,991.15}{919,351.15,992.15}{920,351.46,993.15}{921,351.77,994.15}{922,352.07,995.15}{923,352.38,996.15}{924,352.69,997.15}{925,352.99,998.15}{926,353.3,999.15}{927,353.61,1000.15}{928,353.91,1001.15}{929,354.22,1002.15}{930,354.53,1003.15}{931,354.83,1004.15}{932,355.14,1005.15}{933,355.44,1006.15}{934,355.75,1007.15}{935,356.06,1008.15}{936,356.37,1009.15}{937,356.68,1010.15}{938,356.98,1011.15}{939,357.29,1012.15}{940,357.59,1013.15}{941,357.9,1014.15}{942,358.2,1015.15}{943,358.51,1016.15}{944,358.81,1017.15}{945,359.12,1018.15}{946,359.42,1019.15}{947,359.72,1020.15}{948,360.03,1021.15}{949,360.33,1022.15}{950,360.64,1023.15}{951,360.94,1024.15}{952,361.24,1025.15}{953,361.55,1026.15}{954,361.85,1027.15}{955,362.15,1028.15}{956,362.46,1029.15}{957,362.76,1030.15}{958,363.06,1031.15}{959,363.36,1032.15}{960,363.67,1033.15}{961,363.97,1034.15}{962,364.27,1035.15}{963,364.57,1036.15}{964,364.88,1037.15}{965,365.18,1038.15}{966,365.49,1039.15}{967,365.79,1040.15}{968,366.09,1041.15}{969,366.4,1042.15}{970,366.7,1043.15}{971,367,1044.15}{972,367.3,1045.15}{973,367.6,1046.15}{974,367.9,1047.15}{975,368.2,1048.15}{976,368.5,1049.15}{977,368.81,1050.15}{978,369.11,1051.15}{979,369.41,1052.15}{980,369.71,1053.15}{981,370.01,1054.15}{982,370.31,1055.15}{983,370.61,1056.15}{984,370.91,1057.15}{985,371.21,1058.15}{986,371.52,1059.15}{987,371.82,1060.15}{988,372.12,1061.15}{989,372.41,1062.15}{990,372.71,1063.15}{991,373.01,1064.15}{992,373.31,1065.15}{993,373.61,1066.15}{994,373.91,1067.15}{995,374.21,1068.15}{996,374.51,1069.15}{997,374.8,1070.15}{998,375.1,1071.15}{999,375.4,1072.15}{1000,375.7,1073.15}{1001,376,1074.15}{1002,376.29,1075.15}{1003,376.59,1076.15}{1004,376.89,1077.15}{1005,377.19,1078.15}{1006,377.49,1079.15}{1007,377.79,1080.15}{1008,378.09,1081.15}{1009,378.39,1082.15}{1010,378.68,1083.15}{1011,378.98,1084.15}{1012,379.28,1085.15}{1013,379.57,1086.15}{1014,379.87,1087.15}{1015,380.17,1088.15}{1016,380.46,1089.15}{1017,380.76,1090.15}{1018,381.05,1091.15}{1019,381.35,1092.15}{1020,381.65,1093.15}{1021,381.94,1094.15}{1022,382.24,1095.15}{1023,382.53,1096.15}{1024,382.83,1097.15}{1025,383.12,1098.15}{1026,383.42,1099.15}{1027,383.71,1100.15}{1028,384.01,1101.15}{1029,384.3,1102.15}{1030,384.6,1103.15}{1031,384.89,1104.15}{1032,385.18,1105.15}{1033,385.48,1106.15}{1034,385.77,1107.15}{1035,386.07,1108.15}{1036,386.37,1109.15}{1037,386.66,1110.15}{1038,386.96,1111.15}{1039,387.25,1112.15}{1040,387.55,1113.15}{1041,387.84,1114.15}{1042,388.13,1115.15}{1043,388.42,1116.15}{1044,388.72,1117.15}{1045,389.01,1118.15}{1046,389.31,1119.15}{1047,389.61,1120.15}{1048,389.9,1121.15}{1049,390.19,1122.15}{1050,390.48,1123.15}&quot;"/>
                                                                <instance name="dev01/Config/ch00010/Calibration_Sensor_Curve" order="0" value="&quot;{0,18.52,73.15}{1,18.96,74.15}{2,19.39,75.15}{3,19.82,76.15}{4,20.25,77.15}{5,20.68,78.15}{6,21.11,79.15}{7,21.54,80.15}{8,21.97,81.15}{9,22.4,82.15}{10,22.83,83.15}{11,23.26,84.15}{12,23.69,85.15}{13,24.12,86.15}{14,24.55,87.15}{15,24.97,88.15}{16,25.39,89.15}{17,25.82,90.15}{18,26.25,91.15}{19,26.67,92.15}{20,27.1,93.15}{21,27.52,94.15}{22,27.95,95.15}{23,28.37,96.15}{24,28.8,97.15}{25,29.22,98.15}{26,29.65,99.15}{27,30.07,100.15}{28,30.49,101.15}{29,30.92,102.15}{30,31.34,103.15}{31,31.76,104.15}{32,32.18,105.15}{33,32.61,106.15}{34,33.03,107.15}{35,33.45,108.15}{36,33.86,109.15}{37,34.28,110.15}{38,34.7,111.15}{39,35.12,112.15}{40,35.54,113.15}{41,35.96,114.15}{42,36.38,115.15}{43,36.8,116.15}{44,37.22,117.15}{45,37.63,118.15}{46,38.05,119.15}{47,38.47,120.15}{48,38.89,121.15}{49,39.31,122.15}{50,39.72,123.15}{51,40.14,124.15}{52,40.56,125.15}{53,40.97,126.15}{54,41.39,127.15}{55,41.8,128.15}{56,42.22,129.15}{57,42.64,130.15}{58,43.05,131.15}{59,43.46,132.15}{60,43.88,133.15}{61,44.29,134.15}{62,44.71,135.15}{63,45.12,136.15}{64,45.53,137.15}{65,45.95,138.15}{66,46.35,139.15}{67,46.76,140.15}{68,47.18,141.15}{69,47.59,142.15}{70,48,143.15}{71,48.41,144.15}{72,48.82,145.15}{73,49.23,146.15}{74,49.64,147.15}{75,50.06,148.15}{76,50.47,149.15}{77,50.88,150.15}{78,51.29,151.15}{79,51.7,152.15}{80,52.11,153.15}{81,52.52,154.15}{82,52.92,155.15}{83,53.33,156.15}{84,53.74,157.15}{85,54.15,158.15}{86,54.56,159.15}{87,54.97,160.15}{88,55.38,161.15}{89,55.78,162.15}{90,56.19,163.15}{91,56.6,164.15}{92,57,165.15}{93,57.41,166.15}{94,57.82,167.15}{95,58.22,168.15}{96,58.63,169.15}{97,59.04,170.15}{98,59.44,171.15}{99,59.85,172.15}{100,60.26,173.15}{101,60.67,174.15}{102,61.07,175.15}{103,61.48,176.15}{104,61.87,177.15}{105,62.29,178.15}{106,62.69,179.15}{107,63.1,180.15}{108,63.5,181.15}{109,63.91,182.15}{110,64.3,183.15}{111,64.7,184.15}{112,65.11,185.15}{113,65.51,186.15}{114,65.91,187.15}{115,66.31,188.15}{116,66.72,189.15}{117,67.12,190.15}{118,67.52,191.15}{119,67.92,192.15}{120,68.33,193.15}{121,68.73,194.15}{122,69.13,195.15}{123,69.53,196.15}{124,69.93,197.15}{125,70.33,198.15}{126,70.73,199.15}{127,71.13,200.15}{128,71.53,201.15}{129,71.93,202.15}{130,72.33,203.15}{131,72.73,204.15}{132,73.13,205.15}{133,73.53,206.15}{134,73.93,207.15}{135,74.33,208.15}{136,74.73,209.15}{137,75.13,210.15}{138,75.53,211.15}{139,75.93,212.15}{140,76.33,213.15}{141,76.73,214.15}{142,77.13,215.15}{143,77.52,216.15}{144,77.92,217.15}{145,78.32,218.15}{146,78.72,219.15}{147,79.11,220.15}{148,79.51,221.15}{149,79.91,222.15}{150,80.31,223.15}{151,80.7,224.15}{152,81.1,225.15}{153,81.5,226.15}{154,81.89,227.15}{155,82.29,228.15}{156,82.69,229.15}{157,83.08,230.15}{158,83.48,231.15}{159,83.88,232.15}{160,84.27,233.15}{161,84.67,234.15}{162,85.06,235.15}{163,85.46,236.15}{164,85.85,237.15}{165,86.25,238.15}{166,86.64,239.15}{167,87.04,240.15}{168,87.43,241.15}{169,87.83,242.15}{170,88.22,243.15}{171,88.62,244.15}{172,89.01,245.15}{173,89.4,246.15}{174,89.8,247.15}{175,90.19,248.15}{176,90.59,249.15}{177,90.98,250.15}{178,91.37,251.15}{179,91.77,252.15}{180,92.16,253.15}{181,92.55,254.15}{182,92.95,255.15}{183,93.34,256.15}{184,93.73,257.15}{185,94.12,258.15}{186,94.52,259.15}{187,94.91,260.15}{188,95.3,261.15}{189,95.69,262.15}{190,96.09,263.15}{191,96.48,264.15}{192,96.87,265.15}{193,97.26,266.15}{194,97.65,267.15}{195,98.04,268.15}{196,98.44,269.15}{197,98.83,270.15}{198,99.22,271.15}{199,99.61,272.15}{200,100,273.15}{201,100.39,274.15}{202,100.78,275.15}{203,101.17,276.15}{204,101.56,277.15}{205,101.95,278.15}{206,102.34,279.15}{207,102.73,280.15}{208,103.12,281.15}{209,103.51,282.15}{210,103.9,283.15}{211,104.29,284.15}{212,104.68,285.15}{213,105.07,286.15}{214,105.46,287.15}{215,105.85,288.15}{216,106.24,289.15}{217,106.63,290.15}{218,107.02,291.15}{219,107.4,292.15}{220,107.79,293.15}{221,108.18,294.15}{222,108.57,295.15}{223,108.96,296.15}{224,109.35,297.15}{225,109.73,298.15}{226,110.12,299.15}{227,110.51,300.15}{228,110.9,301.15}{229,111.28,302.15}{230,111.67,303.15}{231,112.06,304.15}{232,112.45,305.15}{233,112.83,306.15}{234,113.22,307.15}{235,113.61,308.15}{236,113.99,309.15}{237,114.38,310.15}{238,114.77,311.15}{239,115.15,312.15}{240,115.54,313.15}{241,115.93,314.15}{242,116.31,315.15}{243,116.7,316.15}{244,117.08,317.15}{245,117.47,318.15}{246,117.85,319.15}{247,118.24,320.15}{248,118.62,321.15}{249,119.01,322.15}{250,119.4,323.15}{251,119.78,324.15}{252,120.16,325.15}{253,120.55,326.15}{254,120.93,327.15}{255,121.32,328.15}{256,121.7,329.15}{257,122.09,330.15}{258,122.47,331.15}{259,122.86,332.15}{260,123.24,333.15}{261,123.62,334.15}{262,124.01,335.15}{263,124.39,336.15}{264,124.77,337.15}{265,125.17,338.15}{266,125.55,339.15}{267,125.93,340.15}{268,126.32,341.15}{269,126.7,342.15}{270,127.08,343.15}{271,127.46,344.15}{272,127.85,345.15}{273,128.23,346.15}{274,128.61,347.15}{275,128.99,348.15}{276,129.38,349.15}{277,129.76,350.15}{278,130.14,351.15}{279,130.52,352.15}{280,130.9,353.15}{281,131.28,354.15}{282,131.67,355.15}{283,132.05,356.15}{284,132.43,357.15}{285,132.81,358.15}{286,133.19,359.15}{287,133.57,360.15}{288,133.95,361.15}{289,134.33,362.15}{290,134.71,363.15}{291,135.09,364.15}{292,135.47,365.15}{293,135.85,366.15}{294,136.23,367.15}{295,136.61,368.15}{296,136.99,369.15}{297,137.37,370.15}{298,137.75,371.15}{299,138.13,372.15}{300,138.51,373.15}{301,138.89,374.15}{302,139.27,375.15}{303,139.65,376.15}{304,140.03,377.15}{305,140.39,378.15}{306,140.77,379.15}{307,141.15,380.15}{308,141.53,381.15}{309,141.91,382.15}{310,142.29,383.15}{311,142.66,384.15}{312,143.04,385.15}{313,143.42,386.15}{314,143.8,387.15}{315,144.18,388.15}{316,144.56,389.15}{317,144.94,390.15}{318,145.32,391.15}{319,145.69,392.15}{320,146.07,393.15}{321,146.45,394.15}{322,146.82,395.15}{323,147.2,396.15}{324,147.58,397.15}{325,147.95,398.15}{326,148.33,399.15}{327,148.71,400.15}{328,149.08,401.15}{329,149.46,402.15}{330,149.83,403.15}{331,150.21,404.15}{332,150.58,405.15}{333,150.96,406.15}{334,151.34,407.15}{335,151.71,408.15}{336,152.09,409.15}{337,152.46,410.15}{338,152.84,411.15}{339,153.21,412.15}{340,153.58,413.15}{341,153.95,414.15}{342,154.32,415.15}{343,154.71,416.15}{344,155.08,417.15}{345,155.46,418.15}{346,155.83,419.15}{347,156.21,420.15}{348,156.58,421.15}{349,156.96,422.15}{350,157.33,423.15}{351,157.71,424.15}{352,158.08,425.15}{353,158.45,426.15}{354,158.83,427.15}{355,159.2,428.15}{356,159.56,429.15}{357,159.94,430.15}{358,160.31,431.15}{359,160.68,432.15}{360,161.05,433.15}{361,161.43,434.15}{362,161.8,435.15}{363,162.17,436.15}{364,162.54,437.15}{365,162.91,438.15}{366,163.28,439.15}{367,163.66,440.15}{368,164.03,441.15}{369,164.4,442.15}{370,164.77,443.15}{371,165.14,444.15}{372,165.51,445.15}{373,165.88,446.15}{374,166.25,447.15}{375,166.62,448.15}{376,167,449.15}{377,167.37,450.15}{378,167.74,451.15}{379,168.11,452.15}{380,168.48,453.15}{381,168.85,454.15}{382,169.22,455.15}{383,169.59,456.15}{384,169.96,457.15}{385,170.33,458.15}{386,170.69,459.15}{387,171.06,460.15}{388,171.43,461.15}{389,171.8,462.15}{390,172.17,463.15}{391,172.54,464.15}{392,172.91,465.15}{393,173.27,466.15}{394,173.64,467.15}{395,174.01,468.15}{396,174.39,469.15}{397,174.75,470.15}{398,175.12,471.15}{399,175.49,472.15}{400,175.86,473.15}{401,176.23,474.15}{402,176.59,475.15}{403,176.96,476.15}{404,177.33,477.15}{405,177.7,478.15}{406,178.06,479.15}{407,178.43,480.15}{408,178.8,481.15}{409,179.16,482.15}{410,179.53,483.15}{411,179.9,484.15}{412,180.26,485.15}{413,180.63,486.15}{414,180.99,487.15}{415,181.36,488.15}{416,181.73,489.15}{417,182.09,490.15}{418,182.46,491.15}{419,182.82,492.15}{420,183.19,493.15}{421,183.55,494.15}{422,183.92,495.15}{423,184.28,496.15}{424,184.65,497.15}{425,185.01,498.15}{426,185.38,499.15}{427,185.74,500.15}{428,186.11,501.15}{429,186.47,502.15}{430,186.84,503.15}{431,187.2,504.15}{432,187.56,505.15}{433,187.93,506.15}{434,188.29,507.15}{435,188.65,508.15}{436,189.02,509.15}{437,189.38,510.15}{438,189.74,511.15}{439,190.11,512.15}{440,190.47,513.15}{441,190.83,514.15}{442,191.2,515.15}{443,191.56,516.15}{444,191.92,517.15}{445,192.28,518.15}{446,192.66,519.15}{447,193.02,520.15}{448,193.38,521.15}{449,193.74,522.15}{450,194.1,523.15}{451,194.47,524.15}{452,194.83,525.15}{453,195.19,526.15}{454,195.55,527.15}{455,195.9,528.15}{456,196.26,529.15}{457,196.62,530.15}{458,196.98,531.15}{459,197.35,532.15}{460,197.71,533.15}{461,198.07,534.15}{462,198.43,535.15}{463,198.79,536.15}{464,199.15,537.15}{465,199.51,538.15}{466,199.87,539.15}{467,200.23,540.15}{468,200.59,541.15}{469,200.95,542.15}{470,201.31,543.15}{471,201.67,544.15}{472,202.03,545.15}{473,202.38,546.15}{474,202.74,547.15}{475,203.1,548.15}{476,203.46,549.15}{477,203.82,550.15}{478,204.18,551.15}{479,204.54,552.15}{480,204.9,553.15}{481,205.25,554.15}{482,205.61,555.15}{483,205.97,556.15}{484,206.33,557.15}{485,206.7,558.15}{486,207.05,559.15}{487,207.41,560.15}{488,207.77,561.15}{489,208.13,562.15}{490,208.48,563.15}{491,208.84,564.15}{492,209.2,565.15}{493,209.55,566.15}{494,209.91,567.15}{495,210.27,568.15}{496,210.62,569.15}{497,210.98,570.15}{498,211.34,571.15}{499,211.69,572.15}{500,212.05,573.15}{501,212.4,574.15}{502,212.76,575.15}{503,213.12,576.15}{504,213.47,577.15}{505,213.83,578.15}{506,214.19,579.15}{507,214.55,580.15}{508,214.9,581.15}{509,215.26,582.15}{510,215.61,583.15}{511,215.97,584.15}{512,216.32,585.15}{513,216.68,586.15}{514,217.03,587.15}{515,217.39,588.15}{516,217.73,589.15}{517,218.08,590.15}{518,218.44,591.15}{519,218.79,592.15}{520,219.15,593.15}{521,219.5,594.15}{522,219.85,595.15}{523,220.21,596.15}{524,220.56,597.15}{525,220.91,598.15}{526,221.27,599.15}{527,221.62,600.15}{528,221.97,601.15}{529,222.32,602.15}{530,222.68,603.15}{531,223.03,604.15}{532,223.38,605.15}{533,223.73,606.15}{534,224.09,607.15}{535,224.45,608.15}{536,224.8,609.15}{537,225.15,610.15}{538,225.5,611.15}{539,225.85,612.15}{540,226.21,613.15}{541,226.56,614.15}{542,226.91,615.15}{543,227.26,616.15}{544,227.61,617.15}{545,227.96,618.15}{546,228.31,619.15}{547,228.66,620.15}{548,229.01,621.15}{549,229.36,622.15}{550,229.72,623.15}{551,230.07,624.15}{552,230.42,625.15}{553,230.77,626.15}{554,231.12,627.15}{555,231.47,628.15}{556,231.81,629.15}{557,232.16,630.15}{558,232.51,631.15}{559,232.86,632.15}{560,233.21,633.15}{561,233.56,634.15}{562,233.91,635.15}{563,234.26,636.15}{564,234.6,637.15}{565,234.95,638.15}{566,235.3,639.15}{567,235.65,640.15}{568,236,641.15}{569,236.35,642.15}{570,236.7,643.15}{571,237.05,644.15}{572,237.4,645.15}{573,237.75,646.15}{574,238.09,647.15}{575,238.44,648.15}{576,238.79,649.15}{577,239.14,650.15}{578,239.48,651.15}{579,239.83,652.15}{580,240.18,653.15}{581,240.52,654.15}{582,240.87,655.15}{583,241.22,656.15}{584,241.56,657.15}{585,241.91,658.15}{586,242.25,659.15}{587,242.6,660.15}{588,242.95,661.15}{589,243.29,662.15}{590,243.64,663.15}{591,243.98,664.15}{592,244.33,665.15}{593,244.67,666.15}{594,245.02,667.15}{595,245.36,668.15}{596,245.71,669.15}{597,246.05,670.15}{598,246.4,671.15}{599,246.74,672.15}{600,247.09,673.15}{601,247.43,674.15}{602,247.78,675.15}{603,248.12,676.15}{604,248.46,677.15}{605,248.81,678.15}{606,249.15,679.15}{607,249.5,680.15}{608,249.84,681.15}{609,250.18,682.15}{610,250.53,683.15}{611,250.89,684.15}{612,251.21,685.15}{613,251.55,686.15}{614,251.9,687.15}{615,252.24,688.15}{616,252.59,689.15}{617,252.94,690.15}{618,253.28,691.15}{619,253.62,692.15}{620,253.96,693.15}{621,254.3,694.15}{622,254.65,695.15}{623,254.99,696.15}{624,255.33,697.15}{625,255.67,698.15}{626,256.01,699.15}{627,256.35,700.15}{628,256.7,701.15}{629,257.04,702.15}{630,257.38,703.15}{631,257.72,704.15}{632,258.06,705.15}{633,258.4,706.15}{634,258.74,707.15}{635,259.08,708.15}{636,259.42,709.15}{637,259.76,710.15}{638,260.1,711.15}{639,260.44,712.15}{640,260.78,713.15}{641,261.12,714.15}{642,261.46,715.15}{643,261.8,716.15}{644,262.14,717.15}{645,262.48,718.15}{646,262.83,719.15}{647,263.17,720.15}{648,263.5,721.15}{649,263.84,722.15}{650,264.18,723.15}{651,264.52,724.15}{652,264.86,725.15}{653,265.2,726.15}{654,265.54,727.15}{655,265.87,728.15}{656,266.21,729.15}{657,266.55,730.15}{658,266.89,731.15}{659,267.22,732.15}{660,267.56,733.15}{661,267.9,734.15}{662,268.24,735.15}{663,268.57,736.15}{664,268.91,737.15}{665,269.25,738.15}{666,269.58,739.15}{667,269.92,740.15}{668,270.26,741.15}{669,270.59,742.15}{670,270.93,743.15}{671,271.27,744.15}{672,271.6,745.15}{673,271.94,746.15}{674,272.27,747.15}{675,272.61,748.15}{676,272.95,749.15}{677,273.28,750.15}{678,273.62,751.15}{679,273.95,752.15}{680,274.29,753.15}{681,274.62,754.15}{682,274.96,755.15}{683,275.29,756.15}{684,275.63,757.15}{685,275.96,758.15}{686,276.31,759.15}{687,276.64,760.15}{688,276.97,761.15}{689,277.31,762.15}{690,277.64,763.15}{691,277.98,764.15}{692,278.31,765.15}{693,278.64,766.15}{694,278.98,767.15}{695,279.31,768.15}{696,279.64,769.15}{697,279.98,770.15}{698,280.31,771.15}{699,280.64,772.15}{700,280.98,773.15}{701,281.31,774.15}{702,281.64,775.15}{703,281.97,776.15}{704,282.31,777.15}{705,282.64,778.15}{706,282.97,779.15}{707,283.3,780.15}{708,283.63,781.15}{709,283.97,782.15}{710,284.3,783.15}{711,284.63,784.15}{712,284.96,785.15}{713,285.29,786.15}{714,285.62,787.15}{715,285.95,788.15}{716,286.3,789.15}{717,286.63,790.15}{718,286.96,791.15}{719,287.29,792.15}{720,287.62,793.15}{721,287.95,794.15}{722,288.28,795.15}{723,288.61,796.15}{724,288.94,797.15}{725,289.27,798.15}{726,289.6,799.15}{727,289.93,800.15}{728,290.26,801.15}{729,290.59,802.15}{730,290.92,803.15}{731,291.25,804.15}{732,291.58,805.15}{733,291.9,806.15}{734,292.23,807.15}{735,292.56,808.15}{736,292.9,809.15}{737,293.23,810.15}{738,293.56,811.15}{739,293.89,812.15}{740,294.21,813.15}{741,294.54,814.15}{742,294.87,815.15}{743,295.2,816.15}{744,295.53,817.15}{745,295.85,818.15}{746,296.18,819.15}{747,296.51,820.15}{748,296.84,821.15}{749,297.16,822.15}{750,297.49,823.15}{751,297.82,824.15}{752,298.14,825.15}{753,298.47,826.15}{754,298.8,827.15}{755,299.12,828.15}{756,299.45,829.15}{757,299.78,830.15}{758,300.1,831.15}{759,300.43,832.15}{760,300.75,833.15}{761,301.08,834.15}{762,301.41,835.15}{763,301.73,836.15}{764,302.06,837.15}{765,302.38,838.15}{766,302.71,839.15}{767,303.03,840.15}{768,303.36,841.15}{769,303.68,842.15}{770,304.01,843.15}{771,304.33,844.15}{772,304.66,845.15}{773,304.98,846.15}{774,305.3,847.15}{775,305.63,848.15}{776,305.95,849.15}{777,306.28,850.15}{778,306.6,851.15}{779,306.92,852.15}{780,307.25,853.15}{781,307.57,854.15}{782,307.89,855.15}{783,308.22,856.15}{784,308.54,857.15}{785,308.86,858.15}{786,309.19,859.15}{787,309.51,860.15}{788,309.83,861.15}{789,310.15,862.15}{790,310.48,863.15}{791,310.8,864.15}{792,311.12,865.15}{793,311.45,866.15}{794,311.78,867.15}{795,312.1,868.15}{796,312.43,869.15}{797,312.75,870.15}{798,313.07,871.15}{799,313.39,872.15}{800,313.71,873.15}{801,314.04,874.15}{802,314.36,875.15}{803,314.68,876.15}{804,315,877.15}{805,315.32,878.15}{806,315.64,879.15}{807,315.96,880.15}{808,316.28,881.15}{809,316.6,882.15}{810,316.92,883.15}{811,317.24,884.15}{812,317.56,885.15}{813,317.88,886.15}{814,318.2,887.15}{815,318.52,888.15}{816,318.85,889.15}{817,319.17,890.15}{818,319.49,891.15}{819,319.81,892.15}{820,320.12,893.15}{821,320.44,894.15}{822,320.76,895.15}{823,321.08,896.15}{824,321.4,897.15}{825,321.72,898.15}{826,322.03,899.15}{827,322.34,900.15}{828,322.66,901.15}{829,322.98,902.15}{830,323.3,903.15}{831,323.61,904.15}{832,323.93,905.15}{833,324.25,906.15}{834,324.57,907.15}{835,324.88,908.15}{836,325.21,909.15}{837,325.53,910.15}{838,325.85,911.15}{839,326.16,912.15}{840,326.48,913.15}{841,326.79,914.15}{842,327.11,915.15}{843,327.43,916.15}{844,327.74,917.15}{845,328.06,918.15}{846,328.38,919.15}{847,328.69,920.15}{848,329.01,921.15}{849,329.32,922.15}{850,329.64,923.15}{851,329.95,924.15}{852,330.27,925.15}{853,330.58,926.15}{854,330.9,927.15}{855,331.21,928.15}{856,331.53,929.15}{857,331.84,930.15}{858,332.16,931.15}{859,332.47,932.15}{860,332.79,933.15}{861,333.1,934.15}{862,333.41,935.15}{863,333.73,936.15}{864,334.04,937.15}{865,334.36,938.15}{866,334.68,939.15}{867,334.99,940.15}{868,335.31,941.15}{869,335.62,942.15}{870,335.93,943.15}{871,336.25,944.15}{872,336.56,945.15}{873,336.87,946.15}{874,337.18,947.15}{875,337.5,948.15}{876,337.81,949.15}{877,338.12,950.15}{878,338.43,951.15}{879,338.75,952.15}{880,339.06,953.15}{881,339.37,954.15}{882,339.68,955.15}{883,339.99,956.15}{884,340.3,957.15}{885,340.62,958.15}{886,340.94,959.15}{887,341.25,960.15}{888,341.55,961.15}{889,341.87,962.15}{890,342.18,963.15}{891,342.49,964.15}{892,342.8,965.15}{893,343.11,966.15}{894,343.42,967.15}{895,343.73,968.15}{896,344.04,969.15}{897,344.35,970.15}{898,344.66,971.15}{899,344.97,972.15}{900,345.28,973.15}{901,345.59,974.15}{902,345.9,975.15}{903,346.21,976.15}{904,346.52,977.15}{905,346.83,978.15}{906,347.15,979.15}{907,347.46,980.15}{908,347.76,981.15}{909,348.07,982.15}{910,348.38,983.15}{911,348.69,984.15}{912,349,985.15}{913,349.31,986.15}{914,349.61,987.15}{915,349.92,988.15}{916,350.23,989.15}{917,350.54,990.15}{918,350.85,991.15}{919,351.15,992.15}{920,351.46,993.15}{921,351.77,994.15}{922,352.07,995.15}{923,352.38,996.15}{924,352.69,997.15}{925,352.99,998.15}{926,353.3,999.15}{927,353.61,1000.15}{928,353.91,1001.15}{929,354.22,1002.15}{930,354.53,1003.15}{931,354.83,1004.15}{932,355.14,1005.15}{933,355.44,1006.15}{934,355.75,1007.15}{935,356.06,1008.15}{936,356.37,1009.15}{937,356.68,1010.15}{938,356.98,1011.15}{939,357.29,1012.15}{940,357.59,1013.15}{941,357.9,1014.15}{942,358.2,1015.15}{943,358.51,1016.15}{944,358.81,1017.15}{945,359.12,1018.15}{946,359.42,1019.15}{947,359.72,1020.15}{948,360.03,1021.15}{949,360.33,1022.15}{950,360.64,1023.15}{951,360.94,1024.15}{952,361.24,1025.15}{953,361.55,1026.15}{954,361.85,1027.15}{955,362.15,1028.15}{956,362.46,1029.15}{957,362.76,1030.15}{958,363.06,1031.15}{959,363.36,1032.15}{960,363.67,1033.15}{961,363.97,1034.15}{962,364.27,1035.15}{963,364.57,1036.15}{964,364.88,1037.15}{965,365.18,1038.15}{966,365.49,1039.15}{967,365.79,1040.15}{968,366.09,1041.15}{969,366.4,1042.15}{970,366.7,1043.15}{971,367,1044.15}{972,367.3,1045.15}{973,367.6,1046.15}{974,367.9,1047.15}{975,368.2,1048.15}{976,368.5,1049.15}{977,368.81,1050.15}{978,369.11,1051.15}{979,369.41,1052.15}{980,369.71,1053.15}{981,370.01,1054.15}{982,370.31,1055.15}{983,370.61,1056.15}{984,370.91,1057.15}{985,371.21,1058.15}{986,371.52,1059.15}{987,371.82,1060.15}{988,372.12,1061.15}{989,372.41,1062.15}{990,372.71,1063.15}{991,373.01,1064.15}{992,373.31,1065.15}{993,373.61,1066.15}{994,373.91,1067.15}{995,374.21,1068.15}{996,374.51,1069.15}{997,374.8,1070.15}{998,375.1,1071.15}{999,375.4,1072.15}{1000,375.7,1073.15}{1001,376,1074.15}{1002,376.29,1075.15}{1003,376.59,1076.15}{1004,376.89,1077.15}{1005,377.19,1078.15}{1006,377.49,1079.15}{1007,377.79,1080.15}{1008,378.09,1081.15}{1009,378.39,1082.15}{1010,378.68,1083.15}{1011,378.98,1084.15}{1012,379.28,1085.15}{1013,379.57,1086.15}{1014,379.87,1087.15}{1015,380.17,1088.15}{1016,380.46,1089.15}{1017,380.76,1090.15}{1018,381.05,1091.15}{1019,381.35,1092.15}{1020,381.65,1093.15}{1021,381.94,1094.15}{1022,382.24,1095.15}{1023,382.53,1096.15}{1024,382.83,1097.15}{1025,383.12,1098.15}{1026,383.42,1099.15}{1027,383.71,1100.15}{1028,384.01,1101.15}{1029,384.3,1102.15}{1030,384.6,1103.15}{1031,384.89,1104.15}{1032,385.18,1105.15}{1033,385.48,1106.15}{1034,385.77,1107.15}{1035,386.07,1108.15}{1036,386.37,1109.15}{1037,386.66,1110.15}{1038,386.96,1111.15}{1039,387.25,1112.15}{1040,387.55,1113.15}{1041,387.84,1114.15}{1042,388.13,1115.15}{1043,388.42,1116.15}{1044,388.72,1117.15}{1045,389.01,1118.15}{1046,389.31,1119.15}{1047,389.61,1120.15}{1048,389.9,1121.15}{1049,390.19,1122.15}{1050,390.48,1123.15}&quot;"/>
                                                                <instance name="dev01/Config/ch00011/Calibration_Sensor_Curve" order="0" value="&quot;{0,18.52,73.15}{1,18.96,74.15}{2,19.39,75.15}{3,19.82,76.15}{4,20.25,77.15}{5,20.68,78.15}{6,21.11,79.15}{7,21.54,80.15}{8,21.97,81.15}{9,22.4,82.15}{10,22.83,83.15}{11,23.26,84.15}{12,23.69,85.15}{13,24.12,86.15}{14,24.55,87.15}{15,24.97,88.15}{16,25.39,89.15}{17,25.82,90.15}{18,26.25,91.15}{19,26.67,92.15}{20,27.1,93.15}{21,27.52,94.15}{22,27.95,95.15}{23,28.37,96.15}{24,28.8,97.15}{25,29.22,98.15}{26,29.65,99.15}{27,30.07,100.15}{28,30.49,101.15}{29,30.92,102.15}{30,31.34,103.15}{31,31.76,104.15}{32,32.18,105.15}{33,32.61,106.15}{34,33.03,107.15}{35,33.45,108.15}{36,33.86,109.15}{37,34.28,110.15}{38,34.7,111.15}{39,35.12,112.15}{40,35.54,113.15}{41,35.96,114.15}{42,36.38,115.15}{43,36.8,116.15}{44,37.22,117.15}{45,37.63,118.15}{46,38.05,119.15}{47,38.47,120.15}{48,38.89,121.15}{49,39.31,122.15}{50,39.72,123.15}{51,40.14,124.15}{52,40.56,125.15}{53,40.97,126.15}{54,41.39,127.15}{55,41.8,128.15}{56,42.22,129.15}{57,42.64,130.15}{58,43.05,131.15}{59,43.46,132.15}{60,43.88,133.15}{61,44.29,134.15}{62,44.71,135.15}{63,45.12,136.15}{64,45.53,137.15}{65,45.95,138.15}{66,46.35,139.15}{67,46.76,140.15}{68,47.18,141.15}{69,47.59,142.15}{70,48,143.15}{71,48.41,144.15}{72,48.82,145.15}{73,49.23,146.15}{74,49.64,147.15}{75,50.06,148.15}{76,50.47,149.15}{77,50.88,150.15}{78,51.29,151.15}{79,51.7,152.15}{80,52.11,153.15}{81,52.52,154.15}{82,52.92,155.15}{83,53.33,156.15}{84,53.74,157.15}{85,54.15,158.15}{86,54.56,159.15}{87,54.97,160.15}{88,55.38,161.15}{89,55.78,162.15}{90,56.19,163.15}{91,56.6,164.15}{92,57,165.15}{93,57.41,166.15}{94,57.82,167.15}{95,58.22,168.15}{96,58.63,169.15}{97,59.04,170.15}{98,59.44,171.15}{99,59.85,172.15}{100,60.26,173.15}{101,60.67,174.15}{102,61.07,175.15}{103,61.48,176.15}{104,61.87,177.15}{105,62.29,178.15}{106,62.69,179.15}{107,63.1,180.15}{108,63.5,181.15}{109,63.91,182.15}{110,64.3,183.15}{111,64.7,184.15}{112,65.11,185.15}{113,65.51,186.15}{114,65.91,187.15}{115,66.31,188.15}{116,66.72,189.15}{117,67.12,190.15}{118,67.52,191.15}{119,67.92,192.15}{120,68.33,193.15}{121,68.73,194.15}{122,69.13,195.15}{123,69.53,196.15}{124,69.93,197.15}{125,70.33,198.15}{126,70.73,199.15}{127,71.13,200.15}{128,71.53,201.15}{129,71.93,202.15}{130,72.33,203.15}{131,72.73,204.15}{132,73.13,205.15}{133,73.53,206.15}{134,73.93,207.15}{135,74.33,208.15}{136,74.73,209.15}{137,75.13,210.15}{138,75.53,211.15}{139,75.93,212.15}{140,76.33,213.15}{141,76.73,214.15}{142,77.13,215.15}{143,77.52,216.15}{144,77.92,217.15}{145,78.32,218.15}{146,78.72,219.15}{147,79.11,220.15}{148,79.51,221.15}{149,79.91,222.15}{150,80.31,223.15}{151,80.7,224.15}{152,81.1,225.15}{153,81.5,226.15}{154,81.89,227.15}{155,82.29,228.15}{156,82.69,229.15}{157,83.08,230.15}{158,83.48,231.15}{159,83.88,232.15}{160,84.27,233.15}{161,84.67,234.15}{162,85.06,235.15}{163,85.46,236.15}{164,85.85,237.15}{165,86.25,238.15}{166,86.64,239.15}{167,87.04,240.15}{168,87.43,241.15}{169,87.83,242.15}{170,88.22,243.15}{171,88.62,244.15}{172,89.01,245.15}{173,89.4,246.15}{174,89.8,247.15}{175,90.19,248.15}{176,90.59,249.15}{177,90.98,250.15}{178,91.37,251.15}{179,91.77,252.15}{180,92.16,253.15}{181,92.55,254.15}{182,92.95,255.15}{183,93.34,256.15}{184,93.73,257.15}{185,94.12,258.15}{186,94.52,259.15}{187,94.91,260.15}{188,95.3,261.15}{189,95.69,262.15}{190,96.09,263.15}{191,96.48,264.15}{192,96.87,265.15}{193,97.26,266.15}{194,97.65,267.15}{195,98.04,268.15}{196,98.44,269.15}{197,98.83,270.15}{198,99.22,271.15}{199,99.61,272.15}{200,100,273.15}{201,100.39,274.15}{202,100.78,275.15}{203,101.17,276.15}{204,101.56,277.15}{205,101.95,278.15}{206,102.34,279.15}{207,102.73,280.15}{208,103.12,281.15}{209,103.51,282.15}{210,103.9,283.15}{211,104.29,284.15}{212,104.68,285.15}{213,105.07,286.15}{214,105.46,287.15}{215,105.85,288.15}{216,106.24,289.15}{217,106.63,290.15}{218,107.02,291.15}{219,107.4,292.15}{220,107.79,293.15}{221,108.18,294.15}{222,108.57,295.15}{223,108.96,296.15}{224,109.35,297.15}{225,109.73,298.15}{226,110.12,299.15}{227,110.51,300.15}{228,110.9,301.15}{229,111.28,302.15}{230,111.67,303.15}{231,112.06,304.15}{232,112.45,305.15}{233,112.83,306.15}{234,113.22,307.15}{235,113.61,308.15}{236,113.99,309.15}{237,114.38,310.15}{238,114.77,311.15}{239,115.15,312.15}{240,115.54,313.15}{241,115.93,314.15}{242,116.31,315.15}{243,116.7,316.15}{244,117.08,317.15}{245,117.47,318.15}{246,117.85,319.15}{247,118.24,320.15}{248,118.62,321.15}{249,119.01,322.15}{250,119.4,323.15}{251,119.78,324.15}{252,120.16,325.15}{253,120.55,326.15}{254,120.93,327.15}{255,121.32,328.15}{256,121.7,329.15}{257,122.09,330.15}{258,122.47,331.15}{259,122.86,332.15}{260,123.24,333.15}{261,123.62,334.15}{262,124.01,335.15}{263,124.39,336.15}{264,124.77,337.15}{265,125.17,338.15}{266,125.55,339.15}{267,125.93,340.15}{268,126.32,341.15}{269,126.7,342.15}{270,127.08,343.15}{271,127.46,344.15}{272,127.85,345.15}{273,128.23,346.15}{274,128.61,347.15}{275,128.99,348.15}{276,129.38,349.15}{277,129.76,350.15}{278,130.14,351.15}{279,130.52,352.15}{280,130.9,353.15}{281,131.28,354.15}{282,131.67,355.15}{283,132.05,356.15}{284,132.43,357.15}{285,132.81,358.15}{286,133.19,359.15}{287,133.57,360.15}{288,133.95,361.15}{289,134.33,362.15}{290,134.71,363.15}{291,135.09,364.15}{292,135.47,365.15}{293,135.85,366.15}{294,136.23,367.15}{295,136.61,368.15}{296,136.99,369.15}{297,137.37,370.15}{298,137.75,371.15}{299,138.13,372.15}{300,138.51,373.15}{301,138.89,374.15}{302,139.27,375.15}{303,139.65,376.15}{304,140.03,377.15}{305,140.39,378.15}{306,140.77,379.15}{307,141.15,380.15}{308,141.53,381.15}{309,141.91,382.15}{310,142.29,383.15}{311,142.66,384.15}{312,143.04,385.15}{313,143.42,386.15}{314,143.8,387.15}{315,144.18,388.15}{316,144.56,389.15}{317,144.94,390.15}{318,145.32,391.15}{319,145.69,392.15}{320,146.07,393.15}{321,146.45,394.15}{322,146.82,395.15}{323,147.2,396.15}{324,147.58,397.15}{325,147.95,398.15}{326,148.33,399.15}{327,148.71,400.15}{328,149.08,401.15}{329,149.46,402.15}{330,149.83,403.15}{331,150.21,404.15}{332,150.58,405.15}{333,150.96,406.15}{334,151.34,407.15}{335,151.71,408.15}{336,152.09,409.15}{337,152.46,410.15}{338,152.84,411.15}{339,153.21,412.15}{340,153.58,413.15}{341,153.95,414.15}{342,154.32,415.15}{343,154.71,416.15}{344,155.08,417.15}{345,155.46,418.15}{346,155.83,419.15}{347,156.21,420.15}{348,156.58,421.15}{349,156.96,422.15}{350,157.33,423.15}{351,157.71,424.15}{352,158.08,425.15}{353,158.45,426.15}{354,158.83,427.15}{355,159.2,428.15}{356,159.56,429.15}{357,159.94,430.15}{358,160.31,431.15}{359,160.68,432.15}{360,161.05,433.15}{361,161.43,434.15}{362,161.8,435.15}{363,162.17,436.15}{364,162.54,437.15}{365,162.91,438.15}{366,163.28,439.15}{367,163.66,440.15}{368,164.03,441.15}{369,164.4,442.15}{370,164.77,443.15}{371,165.14,444.15}{372,165.51,445.15}{373,165.88,446.15}{374,166.25,447.15}{375,166.62,448.15}{376,167,449.15}{377,167.37,450.15}{378,167.74,451.15}{379,168.11,452.15}{380,168.48,453.15}{381,168.85,454.15}{382,169.22,455.15}{383,169.59,456.15}{384,169.96,457.15}{385,170.33,458.15}{386,170.69,459.15}{387,171.06,460.15}{388,171.43,461.15}{389,171.8,462.15}{390,172.17,463.15}{391,172.54,464.15}{392,172.91,465.15}{393,173.27,466.15}{394,173.64,467.15}{395,174.01,468.15}{396,174.39,469.15}{397,174.75,470.15}{398,175.12,471.15}{399,175.49,472.15}{400,175.86,473.15}{401,176.23,474.15}{402,176.59,475.15}{403,176.96,476.15}{404,177.33,477.15}{405,177.7,478.15}{406,178.06,479.15}{407,178.43,480.15}{408,178.8,481.15}{409,179.16,482.15}{410,179.53,483.15}{411,179.9,484.15}{412,180.26,485.15}{413,180.63,486.15}{414,180.99,487.15}{415,181.36,488.15}{416,181.73,489.15}{417,182.09,490.15}{418,182.46,491.15}{419,182.82,492.15}{420,183.19,493.15}{421,183.55,494.15}{422,183.92,495.15}{423,184.28,496.15}{424,184.65,497.15}{425,185.01,498.15}{426,185.38,499.15}{427,185.74,500.15}{428,186.11,501.15}{429,186.47,502.15}{430,186.84,503.15}{431,187.2,504.15}{432,187.56,505.15}{433,187.93,506.15}{434,188.29,507.15}{435,188.65,508.15}{436,189.02,509.15}{437,189.38,510.15}{438,189.74,511.15}{439,190.11,512.15}{440,190.47,513.15}{441,190.83,514.15}{442,191.2,515.15}{443,191.56,516.15}{444,191.92,517.15}{445,192.28,518.15}{446,192.66,519.15}{447,193.02,520.15}{448,193.38,521.15}{449,193.74,522.15}{450,194.1,523.15}{451,194.47,524.15}{452,194.83,525.15}{453,195.19,526.15}{454,195.55,527.15}{455,195.9,528.15}{456,196.26,529.15}{457,196.62,530.15}{458,196.98,531.15}{459,197.35,532.15}{460,197.71,533.15}{461,198.07,534.15}{462,198.43,535.15}{463,198.79,536.15}{464,199.15,537.15}{465,199.51,538.15}{466,199.87,539.15}{467,200.23,540.15}{468,200.59,541.15}{469,200.95,542.15}{470,201.31,543.15}{471,201.67,544.15}{472,202.03,545.15}{473,202.38,546.15}{474,202.74,547.15}{475,203.1,548.15}{476,203.46,549.15}{477,203.82,550.15}{478,204.18,551.15}{479,204.54,552.15}{480,204.9,553.15}{481,205.25,554.15}{482,205.61,555.15}{483,205.97,556.15}{484,206.33,557.15}{485,206.7,558.15}{486,207.05,559.15}{487,207.41,560.15}{488,207.77,561.15}{489,208.13,562.15}{490,208.48,563.15}{491,208.84,564.15}{492,209.2,565.15}{493,209.55,566.15}{494,209.91,567.15}{495,210.27,568.15}{496,210.62,569.15}{497,210.98,570.15}{498,211.34,571.15}{499,211.69,572.15}{500,212.05,573.15}{501,212.4,574.15}{502,212.76,575.15}{503,213.12,576.15}{504,213.47,577.15}{505,213.83,578.15}{506,214.19,579.15}{507,214.55,580.15}{508,214.9,581.15}{509,215.26,582.15}{510,215.61,583.15}{511,215.97,584.15}{512,216.32,585.15}{513,216.68,586.15}{514,217.03,587.15}{515,217.39,588.15}{516,217.73,589.15}{517,218.08,590.15}{518,218.44,591.15}{519,218.79,592.15}{520,219.15,593.15}{521,219.5,594.15}{522,219.85,595.15}{523,220.21,596.15}{524,220.56,597.15}{525,220.91,598.15}{526,221.27,599.15}{527,221.62,600.15}{528,221.97,601.15}{529,222.32,602.15}{530,222.68,603.15}{531,223.03,604.15}{532,223.38,605.15}{533,223.73,606.15}{534,224.09,607.15}{535,224.45,608.15}{536,224.8,609.15}{537,225.15,610.15}{538,225.5,611.15}{539,225.85,612.15}{540,226.21,613.15}{541,226.56,614.15}{542,226.91,615.15}{543,227.26,616.15}{544,227.61,617.15}{545,227.96,618.15}{546,228.31,619.15}{547,228.66,620.15}{548,229.01,621.15}{549,229.36,622.15}{550,229.72,623.15}{551,230.07,624.15}{552,230.42,625.15}{553,230.77,626.15}{554,231.12,627.15}{555,231.47,628.15}{556,231.81,629.15}{557,232.16,630.15}{558,232.51,631.15}{559,232.86,632.15}{560,233.21,633.15}{561,233.56,634.15}{562,233.91,635.15}{563,234.26,636.15}{564,234.6,637.15}{565,234.95,638.15}{566,235.3,639.15}{567,235.65,640.15}{568,236,641.15}{569,236.35,642.15}{570,236.7,643.15}{571,237.05,644.15}{572,237.4,645.15}{573,237.75,646.15}{574,238.09,647.15}{575,238.44,648.15}{576,238.79,649.15}{577,239.14,650.15}{578,239.48,651.15}{579,239.83,652.15}{580,240.18,653.15}{581,240.52,654.15}{582,240.87,655.15}{583,241.22,656.15}{584,241.56,657.15}{585,241.91,658.15}{586,242.25,659.15}{587,242.6,660.15}{588,242.95,661.15}{589,243.29,662.15}{590,243.64,663.15}{591,243.98,664.15}{592,244.33,665.15}{593,244.67,666.15}{594,245.02,667.15}{595,245.36,668.15}{596,245.71,669.15}{597,246.05,670.15}{598,246.4,671.15}{599,246.74,672.15}{600,247.09,673.15}{601,247.43,674.15}{602,247.78,675.15}{603,248.12,676.15}{604,248.46,677.15}{605,248.81,678.15}{606,249.15,679.15}{607,249.5,680.15}{608,249.84,681.15}{609,250.18,682.15}{610,250.53,683.15}{611,250.89,684.15}{612,251.21,685.15}{613,251.55,686.15}{614,251.9,687.15}{615,252.24,688.15}{616,252.59,689.15}{617,252.94,690.15}{618,253.28,691.15}{619,253.62,692.15}{620,253.96,693.15}{621,254.3,694.15}{622,254.65,695.15}{623,254.99,696.15}{624,255.33,697.15}{625,255.67,698.15}{626,256.01,699.15}{627,256.35,700.15}{628,256.7,701.15}{629,257.04,702.15}{630,257.38,703.15}{631,257.72,704.15}{632,258.06,705.15}{633,258.4,706.15}{634,258.74,707.15}{635,259.08,708.15}{636,259.42,709.15}{637,259.76,710.15}{638,260.1,711.15}{639,260.44,712.15}{640,260.78,713.15}{641,261.12,714.15}{642,261.46,715.15}{643,261.8,716.15}{644,262.14,717.15}{645,262.48,718.15}{646,262.83,719.15}{647,263.17,720.15}{648,263.5,721.15}{649,263.84,722.15}{650,264.18,723.15}{651,264.52,724.15}{652,264.86,725.15}{653,265.2,726.15}{654,265.54,727.15}{655,265.87,728.15}{656,266.21,729.15}{657,266.55,730.15}{658,266.89,731.15}{659,267.22,732.15}{660,267.56,733.15}{661,267.9,734.15}{662,268.24,735.15}{663,268.57,736.15}{664,268.91,737.15}{665,269.25,738.15}{666,269.58,739.15}{667,269.92,740.15}{668,270.26,741.15}{669,270.59,742.15}{670,270.93,743.15}{671,271.27,744.15}{672,271.6,745.15}{673,271.94,746.15}{674,272.27,747.15}{675,272.61,748.15}{676,272.95,749.15}{677,273.28,750.15}{678,273.62,751.15}{679,273.95,752.15}{680,274.29,753.15}{681,274.62,754.15}{682,274.96,755.15}{683,275.29,756.15}{684,275.63,757.15}{685,275.96,758.15}{686,276.31,759.15}{687,276.64,760.15}{688,276.97,761.15}{689,277.31,762.15}{690,277.64,763.15}{691,277.98,764.15}{692,278.31,765.15}{693,278.64,766.15}{694,278.98,767.15}{695,279.31,768.15}{696,279.64,769.15}{697,279.98,770.15}{698,280.31,771.15}{699,280.64,772.15}{700,280.98,773.15}{701,281.31,774.15}{702,281.64,775.15}{703,281.97,776.15}{704,282.31,777.15}{705,282.64,778.15}{706,282.97,779.15}{707,283.3,780.15}{708,283.63,781.15}{709,283.97,782.15}{710,284.3,783.15}{711,284.63,784.15}{712,284.96,785.15}{713,285.29,786.15}{714,285.62,787.15}{715,285.95,788.15}{716,286.3,789.15}{717,286.63,790.15}{718,286.96,791.15}{719,287.29,792.15}{720,287.62,793.15}{721,287.95,794.15}{722,288.28,795.15}{723,288.61,796.15}{724,288.94,797.15}{725,289.27,798.15}{726,289.6,799.15}{727,289.93,800.15}{728,290.26,801.15}{729,290.59,802.15}{730,290.92,803.15}{731,291.25,804.15}{732,291.58,805.15}{733,291.9,806.15}{734,292.23,807.15}{735,292.56,808.15}{736,292.9,809.15}{737,293.23,810.15}{738,293.56,811.15}{739,293.89,812.15}{740,294.21,813.15}{741,294.54,814.15}{742,294.87,815.15}{743,295.2,816.15}{744,295.53,817.15}{745,295.85,818.15}{746,296.18,819.15}{747,296.51,820.15}{748,296.84,821.15}{749,297.16,822.15}{750,297.49,823.15}{751,297.82,824.15}{752,298.14,825.15}{753,298.47,826.15}{754,298.8,827.15}{755,299.12,828.15}{756,299.45,829.15}{757,299.78,830.15}{758,300.1,831.15}{759,300.43,832.15}{760,300.75,833.15}{761,301.08,834.15}{762,301.41,835.15}{763,301.73,836.15}{764,302.06,837.15}{765,302.38,838.15}{766,302.71,839.15}{767,303.03,840.15}{768,303.36,841.15}{769,303.68,842.15}{770,304.01,843.15}{771,304.33,844.15}{772,304.66,845.15}{773,304.98,846.15}{774,305.3,847.15}{775,305.63,848.15}{776,305.95,849.15}{777,306.28,850.15}{778,306.6,851.15}{779,306.92,852.15}{780,307.25,853.15}{781,307.57,854.15}{782,307.89,855.15}{783,308.22,856.15}{784,308.54,857.15}{785,308.86,858.15}{786,309.19,859.15}{787,309.51,860.15}{788,309.83,861.15}{789,310.15,862.15}{790,310.48,863.15}{791,310.8,864.15}{792,311.12,865.15}{793,311.45,866.15}{794,311.78,867.15}{795,312.1,868.15}{796,312.43,869.15}{797,312.75,870.15}{798,313.07,871.15}{799,313.39,872.15}{800,313.71,873.15}{801,314.04,874.15}{802,314.36,875.15}{803,314.68,876.15}{804,315,877.15}{805,315.32,878.15}{806,315.64,879.15}{807,315.96,880.15}{808,316.28,881.15}{809,316.6,882.15}{810,316.92,883.15}{811,317.24,884.15}{812,317.56,885.15}{813,317.88,886.15}{814,318.2,887.15}{815,318.52,888.15}{816,318.85,889.15}{817,319.17,890.15}{818,319.49,891.15}{819,319.81,892.15}{820,320.12,893.15}{821,320.44,894.15}{822,320.76,895.15}{823,321.08,896.15}{824,321.4,897.15}{825,321.72,898.15}{826,322.03,899.15}{827,322.34,900.15}{828,322.66,901.15}{829,322.98,902.15}{830,323.3,903.15}{831,323.61,904.15}{832,323.93,905.15}{833,324.25,906.15}{834,324.57,907.15}{835,324.88,908.15}{836,325.21,909.15}{837,325.53,910.15}{838,325.85,911.15}{839,326.16,912.15}{840,326.48,913.15}{841,326.79,914.15}{842,327.11,915.15}{843,327.43,916.15}{844,327.74,917.15}{845,328.06,918.15}{846,328.38,919.15}{847,328.69,920.15}{848,329.01,921.15}{849,329.32,922.15}{850,329.64,923.15}{851,329.95,924.15}{852,330.27,925.15}{853,330.58,926.15}{854,330.9,927.15}{855,331.21,928.15}{856,331.53,929.15}{857,331.84,930.15}{858,332.16,931.15}{859,332.47,932.15}{860,332.79,933.15}{861,333.1,934.15}{862,333.41,935.15}{863,333.73,936.15}{864,334.04,937.15}{865,334.36,938.15}{866,334.68,939.15}{867,334.99,940.15}{868,335.31,941.15}{869,335.62,942.15}{870,335.93,943.15}{871,336.25,944.15}{872,336.56,945.15}{873,336.87,946.15}{874,337.18,947.15}{875,337.5,948.15}{876,337.81,949.15}{877,338.12,950.15}{878,338.43,951.15}{879,338.75,952.15}{880,339.06,953.15}{881,339.37,954.15}{882,339.68,955.15}{883,339.99,956.15}{884,340.3,957.15}{885,340.62,958.15}{886,340.94,959.15}{887,341.25,960.15}{888,341.55,961.15}{889,341.87,962.15}{890,342.18,963.15}{891,342.49,964.15}{892,342.8,965.15}{893,343.11,966.15}{894,343.42,967.15}{895,343.73,968.15}{896,344.04,969.15}{897,344.35,970.15}{898,344.66,971.15}{899,344.97,972.15}{900,345.28,973.15}{901,345.59,974.15}{902,345.9,975.15}{903,346.21,976.15}{904,346.52,977.15}{905,346.83,978.15}{906,347.15,979.15}{907,347.46,980.15}{908,347.76,981.15}{909,348.07,982.15}{910,348.38,983.15}{911,348.69,984.15}{912,349,985.15}{913,349.31,986.15}{914,349.61,987.15}{915,349.92,988.15}{916,350.23,989.15}{917,350.54,990.15}{918,350.85,991.15}{919,351.15,992.15}{920,351.46,993.15}{921,351.77,994.15}{922,352.07,995.15}{923,352.38,996.15}{924,352.69,997.15}{925,352.99,998.15}{926,353.3,999.15}{927,353.61,1000.15}{928,353.91,1001.15}{929,354.22,1002.15}{930,354.53,1003.15}{931,354.83,1004.15}{932,355.14,1005.15}{933,355.44,1006.15}{934,355.75,1007.15}{935,356.06,1008.15}{936,356.37,1009.15}{937,356.68,1010.15}{938,356.98,1011.15}{939,357.29,1012.15}{940,357.59,1013.15}{941,357.9,1014.15}{942,358.2,1015.15}{943,358.51,1016.15}{944,358.81,1017.15}{945,359.12,1018.15}{946,359.42,1019.15}{947,359.72,1020.15}{948,360.03,1021.15}{949,360.33,1022.15}{950,360.64,1023.15}{951,360.94,1024.15}{952,361.24,1025.15}{953,361.55,1026.15}{954,361.85,1027.15}{955,362.15,1028.15}{956,362.46,1029.15}{957,362.76,1030.15}{958,363.06,1031.15}{959,363.36,1032.15}{960,363.67,1033.15}{961,363.97,1034.15}{962,364.27,1035.15}{963,364.57,1036.15}{964,364.88,1037.15}{965,365.18,1038.15}{966,365.49,1039.15}{967,365.79,1040.15}{968,366.09,1041.15}{969,366.4,1042.15}{970,366.7,1043.15}{971,367,1044.15}{972,367.3,1045.15}{973,367.6,1046.15}{974,367.9,1047.15}{975,368.2,1048.15}{976,368.5,1049.15}{977,368.81,1050.15}{978,369.11,1051.15}{979,369.41,1052.15}{980,369.71,1053.15}{981,370.01,1054.15}{982,370.31,1055.15}{983,370.61,1056.15}{984,370.91,1057.15}{985,371.21,1058.15}{986,371.52,1059.15}{987,371.82,1060.15}{988,372.12,1061.15}{989,372.41,1062.15}{990,372.71,1063.15}{991,373.01,1064.15}{992,373.31,1065.15}{993,373.61,1066.15}{994,373.91,1067.15}{995,374.21,1068.15}{996,374.51,1069.15}{997,374.8,1070.15}{998,375.1,1071.15}{999,375.4,1072.15}{1000,375.7,1073.15}{1001,376,1074.15}{1002,376.29,1075.15}{1003,376.59,1076.15}{1004,376.89,1077.15}{1005,377.19,1078.15}{1006,377.49,1079.15}{1007,377.79,1080.15}{1008,378.09,1081.15}{1009,378.39,1082.15}{1010,378.68,1083.15}{1011,378.98,1084.15}{1012,379.28,1085.15}{1013,379.57,1086.15}{1014,379.87,1087.15}{1015,380.17,1088.15}{1016,380.46,1089.15}{1017,380.76,1090.15}{1018,381.05,1091.15}{1019,381.35,1092.15}{1020,381.65,1093.15}{1021,381.94,1094.15}{1022,382.24,1095.15}{1023,382.53,1096.15}{1024,382.83,1097.15}{1025,383.12,1098.15}{1026,383.42,1099.15}{1027,383.71,1100.15}{1028,384.01,1101.15}{1029,384.3,1102.15}{1030,384.6,1103.15}{1031,384.89,1104.15}{1032,385.18,1105.15}{1033,385.48,1106.15}{1034,385.77,1107.15}{1035,386.07,1108.15}{1036,386.37,1109.15}{1037,386.66,1110.15}{1038,386.96,1111.15}{1039,387.25,1112.15}{1040,387.55,1113.15}{1041,387.84,1114.15}{1042,388.13,1115.15}{1043,388.42,1116.15}{1044,388.72,1117.15}{1045,389.01,1118.15}{1046,389.31,1119.15}{1047,389.61,1120.15}{1048,389.9,1121.15}{1049,390.19,1122.15}{1050,390.48,1123.15}&quot;"/>
                                                                <instance name="dev02/Config/ch00009/Minimum_Range" order="0" value="-24"/>
                                                                <instance name="dev01/Config/ch00002/Calibration_Sensor_Minimum_Range" order="0" value="73.15"/>
                                                                <instance name="dev01/Config/ch00002/rate" order="0" value="100"/>
                                                                <instance name="dev01/Config/ch00012/Calibration_Sensor_Curve" order="0" value="&quot;{0,18.52,73.15}{1,18.96,74.15}{2,19.39,75.15}{3,19.82,76.15}{4,20.25,77.15}{5,20.68,78.15}{6,21.11,79.15}{7,21.54,80.15}{8,21.97,81.15}{9,22.4,82.15}{10,22.83,83.15}{11,23.26,84.15}{12,23.69,85.15}{13,24.12,86.15}{14,24.55,87.15}{15,24.97,88.15}{16,25.39,89.15}{17,25.82,90.15}{18,26.25,91.15}{19,26.67,92.15}{20,27.1,93.15}{21,27.52,94.15}{22,27.95,95.15}{23,28.37,96.15}{24,28.8,97.15}{25,29.22,98.15}{26,29.65,99.15}{27,30.07,100.15}{28,30.49,101.15}{29,30.92,102.15}{30,31.34,103.15}{31,31.76,104.15}{32,32.18,105.15}{33,32.61,106.15}{34,33.03,107.15}{35,33.45,108.15}{36,33.86,109.15}{37,34.28,110.15}{38,34.7,111.15}{39,35.12,112.15}{40,35.54,113.15}{41,35.96,114.15}{42,36.38,115.15}{43,36.8,116.15}{44,37.22,117.15}{45,37.63,118.15}{46,38.05,119.15}{47,38.47,120.15}{48,38.89,121.15}{49,39.31,122.15}{50,39.72,123.15}{51,40.14,124.15}{52,40.56,125.15}{53,40.97,126.15}{54,41.39,127.15}{55,41.8,128.15}{56,42.22,129.15}{57,42.64,130.15}{58,43.05,131.15}{59,43.46,132.15}{60,43.88,133.15}{61,44.29,134.15}{62,44.71,135.15}{63,45.12,136.15}{64,45.53,137.15}{65,45.95,138.15}{66,46.35,139.15}{67,46.76,140.15}{68,47.18,141.15}{69,47.59,142.15}{70,48,143.15}{71,48.41,144.15}{72,48.82,145.15}{73,49.23,146.15}{74,49.64,147.15}{75,50.06,148.15}{76,50.47,149.15}{77,50.88,150.15}{78,51.29,151.15}{79,51.7,152.15}{80,52.11,153.15}{81,52.52,154.15}{82,52.92,155.15}{83,53.33,156.15}{84,53.74,157.15}{85,54.15,158.15}{86,54.56,159.15}{87,54.97,160.15}{88,55.38,161.15}{89,55.78,162.15}{90,56.19,163.15}{91,56.6,164.15}{92,57,165.15}{93,57.41,166.15}{94,57.82,167.15}{95,58.22,168.15}{96,58.63,169.15}{97,59.04,170.15}{98,59.44,171.15}{99,59.85,172.15}{100,60.26,173.15}{101,60.67,174.15}{102,61.07,175.15}{103,61.48,176.15}{104,61.87,177.15}{105,62.29,178.15}{106,62.69,179.15}{107,63.1,180.15}{108,63.5,181.15}{109,63.91,182.15}{110,64.3,183.15}{111,64.7,184.15}{112,65.11,185.15}{113,65.51,186.15}{114,65.91,187.15}{115,66.31,188.15}{116,66.72,189.15}{117,67.12,190.15}{118,67.52,191.15}{119,67.92,192.15}{120,68.33,193.15}{121,68.73,194.15}{122,69.13,195.15}{123,69.53,196.15}{124,69.93,197.15}{125,70.33,198.15}{126,70.73,199.15}{127,71.13,200.15}{128,71.53,201.15}{129,71.93,202.15}{130,72.33,203.15}{131,72.73,204.15}{132,73.13,205.15}{133,73.53,206.15}{134,73.93,207.15}{135,74.33,208.15}{136,74.73,209.15}{137,75.13,210.15}{138,75.53,211.15}{139,75.93,212.15}{140,76.33,213.15}{141,76.73,214.15}{142,77.13,215.15}{143,77.52,216.15}{144,77.92,217.15}{145,78.32,218.15}{146,78.72,219.15}{147,79.11,220.15}{148,79.51,221.15}{149,79.91,222.15}{150,80.31,223.15}{151,80.7,224.15}{152,81.1,225.15}{153,81.5,226.15}{154,81.89,227.15}{155,82.29,228.15}{156,82.69,229.15}{157,83.08,230.15}{158,83.48,231.15}{159,83.88,232.15}{160,84.27,233.15}{161,84.67,234.15}{162,85.06,235.15}{163,85.46,236.15}{164,85.85,237.15}{165,86.25,238.15}{166,86.64,239.15}{167,87.04,240.15}{168,87.43,241.15}{169,87.83,242.15}{170,88.22,243.15}{171,88.62,244.15}{172,89.01,245.15}{173,89.4,246.15}{174,89.8,247.15}{175,90.19,248.15}{176,90.59,249.15}{177,90.98,250.15}{178,91.37,251.15}{179,91.77,252.15}{180,92.16,253.15}{181,92.55,254.15}{182,92.95,255.15}{183,93.34,256.15}{184,93.73,257.15}{185,94.12,258.15}{186,94.52,259.15}{187,94.91,260.15}{188,95.3,261.15}{189,95.69,262.15}{190,96.09,263.15}{191,96.48,264.15}{192,96.87,265.15}{193,97.26,266.15}{194,97.65,267.15}{195,98.04,268.15}{196,98.44,269.15}{197,98.83,270.15}{198,99.22,271.15}{199,99.61,272.15}{200,100,273.15}{201,100.39,274.15}{202,100.78,275.15}{203,101.17,276.15}{204,101.56,277.15}{205,101.95,278.15}{206,102.34,279.15}{207,102.73,280.15}{208,103.12,281.15}{209,103.51,282.15}{210,103.9,283.15}{211,104.29,284.15}{212,104.68,285.15}{213,105.07,286.15}{214,105.46,287.15}{215,105.85,288.15}{216,106.24,289.15}{217,106.63,290.15}{218,107.02,291.15}{219,107.4,292.15}{220,107.79,293.15}{221,108.18,294.15}{222,108.57,295.15}{223,108.96,296.15}{224,109.35,297.15}{225,109.73,298.15}{226,110.12,299.15}{227,110.51,300.15}{228,110.9,301.15}{229,111.28,302.15}{230,111.67,303.15}{231,112.06,304.15}{232,112.45,305.15}{233,112.83,306.15}{234,113.22,307.15}{235,113.61,308.15}{236,113.99,309.15}{237,114.38,310.15}{238,114.77,311.15}{239,115.15,312.15}{240,115.54,313.15}{241,115.93,314.15}{242,116.31,315.15}{243,116.7,316.15}{244,117.08,317.15}{245,117.47,318.15}{246,117.85,319.15}{247,118.24,320.15}{248,118.62,321.15}{249,119.01,322.15}{250,119.4,323.15}{251,119.78,324.15}{252,120.16,325.15}{253,120.55,326.15}{254,120.93,327.15}{255,121.32,328.15}{256,121.7,329.15}{257,122.09,330.15}{258,122.47,331.15}{259,122.86,332.15}{260,123.24,333.15}{261,123.62,334.15}{262,124.01,335.15}{263,124.39,336.15}{264,124.77,337.15}{265,125.17,338.15}{266,125.55,339.15}{267,125.93,340.15}{268,126.32,341.15}{269,126.7,342.15}{270,127.08,343.15}{271,127.46,344.15}{272,127.85,345.15}{273,128.23,346.15}{274,128.61,347.15}{275,128.99,348.15}{276,129.38,349.15}{277,129.76,350.15}{278,130.14,351.15}{279,130.52,352.15}{280,130.9,353.15}{281,131.28,354.15}{282,131.67,355.15}{283,132.05,356.15}{284,132.43,357.15}{285,132.81,358.15}{286,133.19,359.15}{287,133.57,360.15}{288,133.95,361.15}{289,134.33,362.15}{290,134.71,363.15}{291,135.09,364.15}{292,135.47,365.15}{293,135.85,366.15}{294,136.23,367.15}{295,136.61,368.15}{296,136.99,369.15}{297,137.37,370.15}{298,137.75,371.15}{299,138.13,372.15}{300,138.51,373.15}{301,138.89,374.15}{302,139.27,375.15}{303,139.65,376.15}{304,140.03,377.15}{305,140.39,378.15}{306,140.77,379.15}{307,141.15,380.15}{308,141.53,381.15}{309,141.91,382.15}{310,142.29,383.15}{311,142.66,384.15}{312,143.04,385.15}{313,143.42,386.15}{314,143.8,387.15}{315,144.18,388.15}{316,144.56,389.15}{317,144.94,390.15}{318,145.32,391.15}{319,145.69,392.15}{320,146.07,393.15}{321,146.45,394.15}{322,146.82,395.15}{323,147.2,396.15}{324,147.58,397.15}{325,147.95,398.15}{326,148.33,399.15}{327,148.71,400.15}{328,149.08,401.15}{329,149.46,402.15}{330,149.83,403.15}{331,150.21,404.15}{332,150.58,405.15}{333,150.96,406.15}{334,151.34,407.15}{335,151.71,408.15}{336,152.09,409.15}{337,152.46,410.15}{338,152.84,411.15}{339,153.21,412.15}{340,153.58,413.15}{341,153.95,414.15}{342,154.32,415.15}{343,154.71,416.15}{344,155.08,417.15}{345,155.46,418.15}{346,155.83,419.15}{347,156.21,420.15}{348,156.58,421.15}{349,156.96,422.15}{350,157.33,423.15}{351,157.71,424.15}{352,158.08,425.15}{353,158.45,426.15}{354,158.83,427.15}{355,159.2,428.15}{356,159.56,429.15}{357,159.94,430.15}{358,160.31,431.15}{359,160.68,432.15}{360,161.05,433.15}{361,161.43,434.15}{362,161.8,435.15}{363,162.17,436.15}{364,162.54,437.15}{365,162.91,438.15}{366,163.28,439.15}{367,163.66,440.15}{368,164.03,441.15}{369,164.4,442.15}{370,164.77,443.15}{371,165.14,444.15}{372,165.51,445.15}{373,165.88,446.15}{374,166.25,447.15}{375,166.62,448.15}{376,167,449.15}{377,167.37,450.15}{378,167.74,451.15}{379,168.11,452.15}{380,168.48,453.15}{381,168.85,454.15}{382,169.22,455.15}{383,169.59,456.15}{384,169.96,457.15}{385,170.33,458.15}{386,170.69,459.15}{387,171.06,460.15}{388,171.43,461.15}{389,171.8,462.15}{390,172.17,463.15}{391,172.54,464.15}{392,172.91,465.15}{393,173.27,466.15}{394,173.64,467.15}{395,174.01,468.15}{396,174.39,469.15}{397,174.75,470.15}{398,175.12,471.15}{399,175.49,472.15}{400,175.86,473.15}{401,176.23,474.15}{402,176.59,475.15}{403,176.96,476.15}{404,177.33,477.15}{405,177.7,478.15}{406,178.06,479.15}{407,178.43,480.15}{408,178.8,481.15}{409,179.16,482.15}{410,179.53,483.15}{411,179.9,484.15}{412,180.26,485.15}{413,180.63,486.15}{414,180.99,487.15}{415,181.36,488.15}{416,181.73,489.15}{417,182.09,490.15}{418,182.46,491.15}{419,182.82,492.15}{420,183.19,493.15}{421,183.55,494.15}{422,183.92,495.15}{423,184.28,496.15}{424,184.65,497.15}{425,185.01,498.15}{426,185.38,499.15}{427,185.74,500.15}{428,186.11,501.15}{429,186.47,502.15}{430,186.84,503.15}{431,187.2,504.15}{432,187.56,505.15}{433,187.93,506.15}{434,188.29,507.15}{435,188.65,508.15}{436,189.02,509.15}{437,189.38,510.15}{438,189.74,511.15}{439,190.11,512.15}{440,190.47,513.15}{441,190.83,514.15}{442,191.2,515.15}{443,191.56,516.15}{444,191.92,517.15}{445,192.28,518.15}{446,192.66,519.15}{447,193.02,520.15}{448,193.38,521.15}{449,193.74,522.15}{450,194.1,523.15}{451,194.47,524.15}{452,194.83,525.15}{453,195.19,526.15}{454,195.55,527.15}{455,195.9,528.15}{456,196.26,529.15}{457,196.62,530.15}{458,196.98,531.15}{459,197.35,532.15}{460,197.71,533.15}{461,198.07,534.15}{462,198.43,535.15}{463,198.79,536.15}{464,199.15,537.15}{465,199.51,538.15}{466,199.87,539.15}{467,200.23,540.15}{468,200.59,541.15}{469,200.95,542.15}{470,201.31,543.15}{471,201.67,544.15}{472,202.03,545.15}{473,202.38,546.15}{474,202.74,547.15}{475,203.1,548.15}{476,203.46,549.15}{477,203.82,550.15}{478,204.18,551.15}{479,204.54,552.15}{480,204.9,553.15}{481,205.25,554.15}{482,205.61,555.15}{483,205.97,556.15}{484,206.33,557.15}{485,206.7,558.15}{486,207.05,559.15}{487,207.41,560.15}{488,207.77,561.15}{489,208.13,562.15}{490,208.48,563.15}{491,208.84,564.15}{492,209.2,565.15}{493,209.55,566.15}{494,209.91,567.15}{495,210.27,568.15}{496,210.62,569.15}{497,210.98,570.15}{498,211.34,571.15}{499,211.69,572.15}{500,212.05,573.15}{501,212.4,574.15}{502,212.76,575.15}{503,213.12,576.15}{504,213.47,577.15}{505,213.83,578.15}{506,214.19,579.15}{507,214.55,580.15}{508,214.9,581.15}{509,215.26,582.15}{510,215.61,583.15}{511,215.97,584.15}{512,216.32,585.15}{513,216.68,586.15}{514,217.03,587.15}{515,217.39,588.15}{516,217.73,589.15}{517,218.08,590.15}{518,218.44,591.15}{519,218.79,592.15}{520,219.15,593.15}{521,219.5,594.15}{522,219.85,595.15}{523,220.21,596.15}{524,220.56,597.15}{525,220.91,598.15}{526,221.27,599.15}{527,221.62,600.15}{528,221.97,601.15}{529,222.32,602.15}{530,222.68,603.15}{531,223.03,604.15}{532,223.38,605.15}{533,223.73,606.15}{534,224.09,607.15}{535,224.45,608.15}{536,224.8,609.15}{537,225.15,610.15}{538,225.5,611.15}{539,225.85,612.15}{540,226.21,613.15}{541,226.56,614.15}{542,226.91,615.15}{543,227.26,616.15}{544,227.61,617.15}{545,227.96,618.15}{546,228.31,619.15}{547,228.66,620.15}{548,229.01,621.15}{549,229.36,622.15}{550,229.72,623.15}{551,230.07,624.15}{552,230.42,625.15}{553,230.77,626.15}{554,231.12,627.15}{555,231.47,628.15}{556,231.81,629.15}{557,232.16,630.15}{558,232.51,631.15}{559,232.86,632.15}{560,233.21,633.15}{561,233.56,634.15}{562,233.91,635.15}{563,234.26,636.15}{564,234.6,637.15}{565,234.95,638.15}{566,235.3,639.15}{567,235.65,640.15}{568,236,641.15}{569,236.35,642.15}{570,236.7,643.15}{571,237.05,644.15}{572,237.4,645.15}{573,237.75,646.15}{574,238.09,647.15}{575,238.44,648.15}{576,238.79,649.15}{577,239.14,650.15}{578,239.48,651.15}{579,239.83,652.15}{580,240.18,653.15}{581,240.52,654.15}{582,240.87,655.15}{583,241.22,656.15}{584,241.56,657.15}{585,241.91,658.15}{586,242.25,659.15}{587,242.6,660.15}{588,242.95,661.15}{589,243.29,662.15}{590,243.64,663.15}{591,243.98,664.15}{592,244.33,665.15}{593,244.67,666.15}{594,245.02,667.15}{595,245.36,668.15}{596,245.71,669.15}{597,246.05,670.15}{598,246.4,671.15}{599,246.74,672.15}{600,247.09,673.15}{601,247.43,674.15}{602,247.78,675.15}{603,248.12,676.15}{604,248.46,677.15}{605,248.81,678.15}{606,249.15,679.15}{607,249.5,680.15}{608,249.84,681.15}{609,250.18,682.15}{610,250.53,683.15}{611,250.89,684.15}{612,251.21,685.15}{613,251.55,686.15}{614,251.9,687.15}{615,252.24,688.15}{616,252.59,689.15}{617,252.94,690.15}{618,253.28,691.15}{619,253.62,692.15}{620,253.96,693.15}{621,254.3,694.15}{622,254.65,695.15}{623,254.99,696.15}{624,255.33,697.15}{625,255.67,698.15}{626,256.01,699.15}{627,256.35,700.15}{628,256.7,701.15}{629,257.04,702.15}{630,257.38,703.15}{631,257.72,704.15}{632,258.06,705.15}{633,258.4,706.15}{634,258.74,707.15}{635,259.08,708.15}{636,259.42,709.15}{637,259.76,710.15}{638,260.1,711.15}{639,260.44,712.15}{640,260.78,713.15}{641,261.12,714.15}{642,261.46,715.15}{643,261.8,716.15}{644,262.14,717.15}{645,262.48,718.15}{646,262.83,719.15}{647,263.17,720.15}{648,263.5,721.15}{649,263.84,722.15}{650,264.18,723.15}{651,264.52,724.15}{652,264.86,725.15}{653,265.2,726.15}{654,265.54,727.15}{655,265.87,728.15}{656,266.21,729.15}{657,266.55,730.15}{658,266.89,731.15}{659,267.22,732.15}{660,267.56,733.15}{661,267.9,734.15}{662,268.24,735.15}{663,268.57,736.15}{664,268.91,737.15}{665,269.25,738.15}{666,269.58,739.15}{667,269.92,740.15}{668,270.26,741.15}{669,270.59,742.15}{670,270.93,743.15}{671,271.27,744.15}{672,271.6,745.15}{673,271.94,746.15}{674,272.27,747.15}{675,272.61,748.15}{676,272.95,749.15}{677,273.28,750.15}{678,273.62,751.15}{679,273.95,752.15}{680,274.29,753.15}{681,274.62,754.15}{682,274.96,755.15}{683,275.29,756.15}{684,275.63,757.15}{685,275.96,758.15}{686,276.31,759.15}{687,276.64,760.15}{688,276.97,761.15}{689,277.31,762.15}{690,277.64,763.15}{691,277.98,764.15}{692,278.31,765.15}{693,278.64,766.15}{694,278.98,767.15}{695,279.31,768.15}{696,279.64,769.15}{697,279.98,770.15}{698,280.31,771.15}{699,280.64,772.15}{700,280.98,773.15}{701,281.31,774.15}{702,281.64,775.15}{703,281.97,776.15}{704,282.31,777.15}{705,282.64,778.15}{706,282.97,779.15}{707,283.3,780.15}{708,283.63,781.15}{709,283.97,782.15}{710,284.3,783.15}{711,284.63,784.15}{712,284.96,785.15}{713,285.29,786.15}{714,285.62,787.15}{715,285.95,788.15}{716,286.3,789.15}{717,286.63,790.15}{718,286.96,791.15}{719,287.29,792.15}{720,287.62,793.15}{721,287.95,794.15}{722,288.28,795.15}{723,288.61,796.15}{724,288.94,797.15}{725,289.27,798.15}{726,289.6,799.15}{727,289.93,800.15}{728,290.26,801.15}{729,290.59,802.15}{730,290.92,803.15}{731,291.25,804.15}{732,291.58,805.15}{733,291.9,806.15}{734,292.23,807.15}{735,292.56,808.15}{736,292.9,809.15}{737,293.23,810.15}{738,293.56,811.15}{739,293.89,812.15}{740,294.21,813.15}{741,294.54,814.15}{742,294.87,815.15}{743,295.2,816.15}{744,295.53,817.15}{745,295.85,818.15}{746,296.18,819.15}{747,296.51,820.15}{748,296.84,821.15}{749,297.16,822.15}{750,297.49,823.15}{751,297.82,824.15}{752,298.14,825.15}{753,298.47,826.15}{754,298.8,827.15}{755,299.12,828.15}{756,299.45,829.15}{757,299.78,830.15}{758,300.1,831.15}{759,300.43,832.15}{760,300.75,833.15}{761,301.08,834.15}{762,301.41,835.15}{763,301.73,836.15}{764,302.06,837.15}{765,302.38,838.15}{766,302.71,839.15}{767,303.03,840.15}{768,303.36,841.15}{769,303.68,842.15}{770,304.01,843.15}{771,304.33,844.15}{772,304.66,845.15}{773,304.98,846.15}{774,305.3,847.15}{775,305.63,848.15}{776,305.95,849.15}{777,306.28,850.15}{778,306.6,851.15}{779,306.92,852.15}{780,307.25,853.15}{781,307.57,854.15}{782,307.89,855.15}{783,308.22,856.15}{784,308.54,857.15}{785,308.86,858.15}{786,309.19,859.15}{787,309.51,860.15}{788,309.83,861.15}{789,310.15,862.15}{790,310.48,863.15}{791,310.8,864.15}{792,311.12,865.15}{793,311.45,866.15}{794,311.78,867.15}{795,312.1,868.15}{796,312.43,869.15}{797,312.75,870.15}{798,313.07,871.15}{799,313.39,872.15}{800,313.71,873.15}{801,314.04,874.15}{802,314.36,875.15}{803,314.68,876.15}{804,315,877.15}{805,315.32,878.15}{806,315.64,879.15}{807,315.96,880.15}{808,316.28,881.15}{809,316.6,882.15}{810,316.92,883.15}{811,317.24,884.15}{812,317.56,885.15}{813,317.88,886.15}{814,318.2,887.15}{815,318.52,888.15}{816,318.85,889.15}{817,319.17,890.15}{818,319.49,891.15}{819,319.81,892.15}{820,320.12,893.15}{821,320.44,894.15}{822,320.76,895.15}{823,321.08,896.15}{824,321.4,897.15}{825,321.72,898.15}{826,322.03,899.15}{827,322.34,900.15}{828,322.66,901.15}{829,322.98,902.15}{830,323.3,903.15}{831,323.61,904.15}{832,323.93,905.15}{833,324.25,906.15}{834,324.57,907.15}{835,324.88,908.15}{836,325.21,909.15}{837,325.53,910.15}{838,325.85,911.15}{839,326.16,912.15}{840,326.48,913.15}{841,326.79,914.15}{842,327.11,915.15}{843,327.43,916.15}{844,327.74,917.15}{845,328.06,918.15}{846,328.38,919.15}{847,328.69,920.15}{848,329.01,921.15}{849,329.32,922.15}{850,329.64,923.15}{851,329.95,924.15}{852,330.27,925.15}{853,330.58,926.15}{854,330.9,927.15}{855,331.21,928.15}{856,331.53,929.15}{857,331.84,930.15}{858,332.16,931.15}{859,332.47,932.15}{860,332.79,933.15}{861,333.1,934.15}{862,333.41,935.15}{863,333.73,936.15}{864,334.04,937.15}{865,334.36,938.15}{866,334.68,939.15}{867,334.99,940.15}{868,335.31,941.15}{869,335.62,942.15}{870,335.93,943.15}{871,336.25,944.15}{872,336.56,945.15}{873,336.87,946.15}{874,337.18,947.15}{875,337.5,948.15}{876,337.81,949.15}{877,338.12,950.15}{878,338.43,951.15}{879,338.75,952.15}{880,339.06,953.15}{881,339.37,954.15}{882,339.68,955.15}{883,339.99,956.15}{884,340.3,957.15}{885,340.62,958.15}{886,340.94,959.15}{887,341.25,960.15}{888,341.55,961.15}{889,341.87,962.15}{890,342.18,963.15}{891,342.49,964.15}{892,342.8,965.15}{893,343.11,966.15}{894,343.42,967.15}{895,343.73,968.15}{896,344.04,969.15}{897,344.35,970.15}{898,344.66,971.15}{899,344.97,972.15}{900,345.28,973.15}{901,345.59,974.15}{902,345.9,975.15}{903,346.21,976.15}{904,346.52,977.15}{905,346.83,978.15}{906,347.15,979.15}{907,347.46,980.15}{908,347.76,981.15}{909,348.07,982.15}{910,348.38,983.15}{911,348.69,984.15}{912,349,985.15}{913,349.31,986.15}{914,349.61,987.15}{915,349.92,988.15}{916,350.23,989.15}{917,350.54,990.15}{918,350.85,991.15}{919,351.15,992.15}{920,351.46,993.15}{921,351.77,994.15}{922,352.07,995.15}{923,352.38,996.15}{924,352.69,997.15}{925,352.99,998.15}{926,353.3,999.15}{927,353.61,1000.15}{928,353.91,1001.15}{929,354.22,1002.15}{930,354.53,1003.15}{931,354.83,1004.15}{932,355.14,1005.15}{933,355.44,1006.15}{934,355.75,1007.15}{935,356.06,1008.15}{936,356.37,1009.15}{937,356.68,1010.15}{938,356.98,1011.15}{939,357.29,1012.15}{940,357.59,1013.15}{941,357.9,1014.15}{942,358.2,1015.15}{943,358.51,1016.15}{944,358.81,1017.15}{945,359.12,1018.15}{946,359.42,1019.15}{947,359.72,1020.15}{948,360.03,1021.15}{949,360.33,1022.15}{950,360.64,1023.15}{951,360.94,1024.15}{952,361.24,1025.15}{953,361.55,1026.15}{954,361.85,1027.15}{955,362.15,1028.15}{956,362.46,1029.15}{957,362.76,1030.15}{958,363.06,1031.15}{959,363.36,1032.15}{960,363.67,1033.15}{961,363.97,1034.15}{962,364.27,1035.15}{963,364.57,1036.15}{964,364.88,1037.15}{965,365.18,1038.15}{966,365.49,1039.15}{967,365.79,1040.15}{968,366.09,1041.15}{969,366.4,1042.15}{970,366.7,1043.15}{971,367,1044.15}{972,367.3,1045.15}{973,367.6,1046.15}{974,367.9,1047.15}{975,368.2,1048.15}{976,368.5,1049.15}{977,368.81,1050.15}{978,369.11,1051.15}{979,369.41,1052.15}{980,369.71,1053.15}{981,370.01,1054.15}{982,370.31,1055.15}{983,370.61,1056.15}{984,370.91,1057.15}{985,371.21,1058.15}{986,371.52,1059.15}{987,371.82,1060.15}{988,372.12,1061.15}{989,372.41,1062.15}{990,372.71,1063.15}{991,373.01,1064.15}{992,373.31,1065.15}{993,373.61,1066.15}{994,373.91,1067.15}{995,374.21,1068.15}{996,374.51,1069.15}{997,374.8,1070.15}{998,375.1,1071.15}{999,375.4,1072.15}{1000,375.7,1073.15}{1001,376,1074.15}{1002,376.29,1075.15}{1003,376.59,1076.15}{1004,376.89,1077.15}{1005,377.19,1078.15}{1006,377.49,1079.15}{1007,377.79,1080.15}{1008,378.09,1081.15}{1009,378.39,1082.15}{1010,378.68,1083.15}{1011,378.98,1084.15}{1012,379.28,1085.15}{1013,379.57,1086.15}{1014,379.87,1087.15}{1015,380.17,1088.15}{1016,380.46,1089.15}{1017,380.76,1090.15}{1018,381.05,1091.15}{1019,381.35,1092.15}{1020,381.65,1093.15}{1021,381.94,1094.15}{1022,382.24,1095.15}{1023,382.53,1096.15}{1024,382.83,1097.15}{1025,383.12,1098.15}{1026,383.42,1099.15}{1027,383.71,1100.15}{1028,384.01,1101.15}{1029,384.3,1102.15}{1030,384.6,1103.15}{1031,384.89,1104.15}{1032,385.18,1105.15}{1033,385.48,1106.15}{1034,385.77,1107.15}{1035,386.07,1108.15}{1036,386.37,1109.15}{1037,386.66,1110.15}{1038,386.96,1111.15}{1039,387.25,1112.15}{1040,387.55,1113.15}{1041,387.84,1114.15}{1042,388.13,1115.15}{1043,388.42,1116.15}{1044,388.72,1117.15}{1045,389.01,1118.15}{1046,389.31,1119.15}{1047,389.61,1120.15}{1048,389.9,1121.15}{1049,390.19,1122.15}{1050,390.48,1123.15}&quot;"/>
                                                                <instance name="dev01/Config/ch00001/Calibration_Sensor_Input_Units" order="0" value="Ohm"/>
                                                                <instance name="dev02/Config/ch00012/Calibration_Sensor_Curve" order="0" value="&quot;{0,-25}{1,6.25}&quot;"/>
                                                                <instance name="dev02/Config/ch00024/Calibration_Sensor_Table_Type" order="2" value="1"/>
                                                                <instance name="dev02/Config/ch00004/Calibration_Sensor_Input_Units" order="0" value="mA"/>
                                                                <instance name="dev02/Config/ch00023/Calibration_Sensor_Curve" order="0" value="&quot;{0,4.00014,0}{1,4.00078,0.0058}{2,11.9346,71.92131}{3,20.0883,145.83254}{4,20.54804,150}&quot;"/>
                                                                <instance name="dev01/Config/ch00002/Calibration_Sensor_Input_Units" order="0" value="Ohm"/>
                                                                <instance name="dev01/Config/ch00002/RTDWireScheme" order="0" value="4"/>
                                                                <instance name="dev01/Config/ch00003/Calibration_Sensor_Input_Units" order="0" value="Ohm"/>
                                                                <instance name="dev01/Config/ch00004/Calibration_Sensor_Input_Units" order="0" value="Ohm"/>
                                                                <instance name="dev01/Config/ch00012/Calibration_Sensor_Maximum_Range" order="0" value="1123.15"/>
                                                                <instance name="dev01/Config/ch00005/Calibration_Sensor_Input_Units" order="0" value="Ohm"/>
                                                                <instance name="dev01/Config/ch00006/RTDWireScheme" order="0" value="4"/>
                                                                <instance name="dev01/Config/ch00006/Calibration_Sensor_Input_Units" order="0" value="Ohm"/>
                                                                <instance name="dev02/Config/ch00009/Calibration_Sensor_Name" order="0" value="CalSensor9"/>
                                                                <instance name="dev02/Config/ch00003/Calibration_Sensor_Maximum_Range" order="0" value="423"/>
                                                                <instance name="dev01/Config/ch00007/Calibration_Sensor_Input_Units" order="0" value="Ohm"/>
                                                                <instance name="dev01/Config/ch00008/Calibration_Sensor_Input_Units" order="0" value="Ohm"/>
                                                                <instance name="dev02/Config/ch00017/Calibration_Sensor_Minimum_Range" order="0" value="13"/>
                                                                <instance name="dev02/Config/ch00002/Maximum_Range" order="0" value="24"/>
                                                                <instance name="dev01/Config/ch00003/Calibration_Sensor_Minimum_Range" order="0" value="73.15"/>
                                                                <instance name="dev02/Config/ch00004/rate" order="0" value="100"/>
                                                                <instance name="dev01/Config/ch00009/Calibration_Sensor_Input_Units" order="0" value="Ohm"/>
                                                                <instance name="dev01/Config/ch00010/Calibration_Sensor_Input_Units" order="0" value="Ohm"/>
                                                                <instance name="dev01/Config/ch00002/RTDRange" order="0" value="0"/>
                                                                <instance name="dev01/Config/ch00011/Calibration_Sensor_Input_Units" order="0" value="Ohm"/>
                                                                <instance name="dev01/Config/ch00012/Calibration_Sensor_Input_Units" order="0" value="Ohm"/>
                                                                <instance name="dev02/Config/ch00004/Calibration_Sensor_Maximum_Range" order="0" value="423"/>
                                                                <instance name="dev01/Config/ch00001/Calibration_Sensor_Maximum_Range" order="0" value="1123.15"/>
                                                                <instance name="dev01/Config/ch00002/Calibration_Sensor_Maximum_Range" order="0" value="1123.15"/>
                                                                <instance name="dev02/Config/ch00010/Calibration_Sensor_Name" order="0" value="CalSensor10"/>
                                                                <instance name="dev02/Config/ch00022/Maximum_Range" order="0" value="24"/>
                                                                <instance name="dev01/Config/ch00003/rate" order="0" value="100"/>
                                                                <instance name="dev02/Config/ch00024/Calibration_Sensor_Curve" order="0" value="&quot;{0,3.99971,0}{1,4.00051,0.00725}{2,11.9348,71.92712}{3,20.0913,145.85865}{4,20.54819,150}&quot;"/>
                                                                <instance name="dev01/Config/ch00003/Calibration_Sensor_Maximum_Range" order="0" value="1123.15"/>
                                                                <instance name="dev02/Config/ch00003/Maximum_Range" order="0" value="24"/>
                                                                <instance name="dev01/Config/ch00004/Calibration_Sensor_Minimum_Range" order="0" value="73.15"/>
                                                                <instance name="dev01/Config/ch00005/Calibration_Sensor_Minimum_Range" order="0" value="73.15"/>
                                                                <instance name="dev01/Config/ch00006/Calibration_Sensor_Minimum_Range" order="0" value="73.15"/>
                                                                <instance name="dev02/Config/ch00005/Calibration_Sensor_Maximum_Range" order="0" value="423"/>
                                                                <instance name="dev01/Config/ch00007/Calibration_Sensor_Minimum_Range" order="0" value="73.15"/>
                                                                <instance name="dev01/Config/ch00007/RTDWireScheme" order="0" value="4"/>
                                                                <instance name="dev01/Config/ch00003/RTDRange" order="0" value="0"/>
                                                                <instance name="dev01/Config/ch00004/rate" order="0" value="100"/>
                                                                <instance name="dev01/Config/ch00008/Calibration_Sensor_Minimum_Range" order="0" value="73.15"/>
                                                                <instance name="dev01/Config/ch00009/Calibration_Sensor_Minimum_Range" order="0" value="73.15"/>
                                                                <instance name="dev02/Config/ch00001/Calibration_Sensor_Table_Type" order="2" value="0"/>
                                                                <instance name="dev01/Config/ch00010/Calibration_Sensor_Minimum_Range" order="0" value="73.15"/>
                                                                <instance name="dev02/Config/ch00011/Calibration_Sensor_Name" order="0" value="CalSensor11"/>
                                                                <instance name="dev02/Config/ch00004/Maximum_Range" order="0" value="24"/>
                                                                <instance name="dev01/Config/ch00011/Calibration_Sensor_Minimum_Range" order="0" value="73.15"/>
                                                                <instance name="dev02/Config/ch00014/Calibration_Sensor_Curve" order="0" value="&quot;{0,235.5}{1,6.875}&quot;"/>
                                                                <instance name="dev01/Config/ch00009/RTDWireScheme" order="0" value="4"/>
                                                                <instance name="dev01/Config/ch00012/Calibration_Sensor_Minimum_Range" order="0" value="73.15"/>
                                                                <instance name="dev02/Config/ch00006/enable" order="1" value="1"/>
                                                                <instance name="dev01/Config/ch00001/Calibration_Sensor_Name" order="0" value="CalSensor1"/>
                                                                <instance name="dev01/Config/ch00002/Calibration_Sensor_Name" order="0" value="CalSensor2"/>
                                                                <instance name="dev01/Config/ch00003/Calibration_Sensor_Name" order="0" value="CalSensor3"/>
                                                                <instance name="dev01/Config/ch00004/Calibration_Sensor_Name" order="0" value="CalSensor4"/>
                                                                <instance name="dev02/Config/ch00003/rate" order="0" value="100"/>
                                                                <instance name="dev01/Config/ch00004/enable" order="1" value="1"/>
                                                                <instance name="dev01/Config/ch00004/Calibration_Sensor_Maximum_Range" order="0" value="1123.15"/>
                                                                <instance name="dev01/Config/ch00005/Calibration_Sensor_Name" order="0" value="CalSensor5"/>
                                                                <instance name="dev02/Config/ch00006/Calibration_Sensor_Maximum_Range" order="0" value="6000"/>
                                                                <instance name="dev02/Config/ch00005/Maximum_Range" order="0" value="24"/>
                                                                <instance name="dev02/Config/ch00023/Maximum_Range" order="0" value="24"/>
                                                                <instance name="dev02/Config/ch00019/enable" order="1" value="1"/>
                                                                <instance name="dev01/Config/ch00006/Calibration_Sensor_Name" order="0" value="CalSensor6"/>
                                                                <instance name="dev01/Config/ch00007/Calibration_Sensor_Name" order="0" value="CalSensor7"/>
                                                                <instance name="dev01/Config/ch00008/Calibration_Sensor_Name" order="0" value="CalSensor8"/>
                                                                <instance name="dev01/Config/ch00009/Calibration_Sensor_Name" order="0" value="CalSensor9"/>
                                                                <instance name="dev01/Config/ch00010/RTDWireScheme" order="0" value="4"/>
                                                                <instance name="dev02/Config/ch00017/Minimum_Range" order="0" value="-24"/>
                                                                <instance name="dev01/Config/ch00010/Calibration_Sensor_Name" order="0" value="CalSensor10"/>
                                                                <instance name="dev01/Config/ch00011/Calibration_Sensor_Name" order="0" value="CalSensor11"/>
                                                                <instance name="dev02/Config/ch00007/Calibration_Sensor_Maximum_Range" order="0" value="180"/>
                                                                <instance name="dev02/Config/ch00003/Minimum_Range" order="0" value="-24"/>
                                                                <instance name="dev01/Config/ch00012/Calibration_Sensor_Name" order="0" value="CalSensor12"/>
                                                                <instance name="dev01/Config/ch00004/RTDRange" order="0" value="0"/>
                                                                <instance name="dev02/Config/ch00009/Calibration_Sensor_Input_Units" order="0" value="mA"/>
                                                                <instance name="dev02/Config/ch00006/Maximum_Range" order="0" value="24"/>
                                                                <instance name="dev01/Config/ch00001/Calibration_Sensor_Output_Units" order="0" value="K"/>
                                                                <instance name="dev02/Config/ch00006/Calibration_Sensor_Input_Units" order="0" value="mA"/>
                                                                <instance name="dev01/Config/ch00005/Calibration_Sensor_Maximum_Range" order="0" value="1123.15"/>
                                                                <instance name="dev01/Config/ch00002/Calibration_Sensor_Output_Units" order="0" value="K"/>
                                                                <instance name="dev02/Config/ch00024/Maximum_Range" order="0" value="24"/>
                                                                <instance name="dev01/Config/ch00003/Calibration_Sensor_Output_Units" order="0" value="K"/>
                                                                <instance name="dev02/Config/ch00022/EnableCB" order="0" value="1"/>
                                                                <instance name="dev02/Config/ch00008/Calibration_Sensor_Maximum_Range" order="0" value="180"/>
                                                                <instance name="dev01/Config/ch00004/Calibration_Sensor_Output_Units" order="0" value="K"/>
                                                                <instance name="dev01/Config/ch00005/Calibration_Sensor_Output_Units" order="0" value="K"/>
                                                                <instance name="dev01/Config/ch00006/Calibration_Sensor_Output_Units" order="0" value="K"/>
                                                                <instance name="dev01/Config/ch00007/Calibration_Sensor_Output_Units" order="0" value="K"/>
                                                                <instance name="dev01/Config/ch00011/RTDWireScheme" order="0" value="4"/>
                                                                <instance name="dev02/Config/ch00012/Calibration_Sensor_Input_Units" order="0" value="mA"/>
                                                                <instance name="dev01/Config/ch00008/Calibration_Sensor_Output_Units" order="0" value="K"/>
                                                                <instance name="dev03/Config/ch00005/enable" order="1" value="1"/>
                                                                <instance name="dev02/Config/ch00023/Minimum_Range" order="0" value="-24"/>
                                                                <instance name="dev02/Config/ch00023/Calibration_Sensor_Output_Units" order="0" value="psig"/>
                                                                <instance name="dev01/Config/ch00005/rate" order="0" value="100"/>
                                                                <instance name="dev02/Config/ch00011/Calibration_Sensor_Minimum_Range" order="0" value="0"/>
                                                                <instance name="dev02/Config/ch00009/Calibration_Sensor_Maximum_Range" order="0" value="4400"/>
                                                                <instance name="dev03/Config/ch00001/enable" order="1" value="1"/>
                                                                <instance name="dev03/Config/ch00021/DOut" order="0" value="0"/>
                                                                <instance name="dev03/Config/ch00022/rate" order="0" value="200"/>
                                                                <instance name="dev03/Config/ch00017/enable" order="1" value="1"/>
                                                                <instance name="dev03/Config/ch00007/rate" order="0" value="200"/>
                                                                <instance name="dev03/Config/ch00022/DOut" order="0" value="0"/>
                                                                <instance name="dev03/Config/ch00014/enable" order="1" value="1"/>
                                                                <instance name="dev02/Config/ch00007/Maximum_Range" order="0" value="24"/>
                                                                <instance name="dev01/Config/ch00006/rate" order="0" value="100"/>
                                                                <instance name="dev03/Config/ch00010/enable" order="1" value="1"/>
                                                                <instance name="dev03/Config/ch00019/source" order="0" value="DO_devCube022_dev03_ch00019:48:b"/>
                                                                <instance name="dev02/Config/ch00017/EnableCB" order="0" value="1"/>
                                                                <instance name="dev02/Config/ch00002/Calibration_Sensor_Table_Type" order="2" value="0"/>
                                                                <instance name="dev03/Config/ch00006/enable" order="1" value="1"/>
                                                                <instance name="dev02/Config/ch00012/Calibration_Sensor_Name" order="0" value="CalSensor12"/>
                                                                <instance name="dev03/Config/ch00011/rate" order="0" value="200"/>
                                                                <instance name="dev03/Config/ch00012/rate" order="0" value="200"/>
                                                                <instance name="dev03/Config/ch00023/rate" order="0" value="200"/>
                                                                <instance name="dev03/Config/Reference_Voltage" order="0" value="5"/>
                                                                <instance name="dev01/Config/ch00007/rate" order="0" value="100"/>
                                                                <instance name="dev03/Config/ch00002/enable" order="1" value="1"/>
                                                                <instance name="dev03/Config/ch00013/source" order="0" value="DO_RRDigOut13:48:b"/>
                                                                <instance name="dev02/Config/ch00008/enable" order="1" value="1"/>
                                                                <instance name="dev02/Config/ch00023/Calibration_Sensor_Table_Type" order="2" value="1"/>
                                                                <instance name="dev02/Config/ch00021/Minimum_Range" order="0" value="-24"/>
                                                                <instance name="dev03/Config/ch00018/source" order="0" value="DO_devCube022_dev03_ch00018:48:b"/>
                                                                <instance name="dev02/Config/ch00003/Calibration_Sensor_Table_Type" order="2" value="0"/>
                                                                <instance name="dev03/Config/ch00014/rate" order="0" value="200"/>
                                                                <instance name="dev03/Config/ch00015/rate" order="0" value="200"/>
                                                                <instance name="dev03/Config/ch00016/source" order="0" value="DO_RRDigOut16:48:b"/>
                                                                <instance name="dev01/Config/ch00009/Calibration_Sensor_Maximum_Range" order="0" value="1123.15"/>
                                                                <instance name="dev02/Config/ch00013/Calibration_Sensor_Name" order="0" value="CalSensor13"/>
                                                                <instance name="dev03/Config/ch00017/source" order="0" value="DO_devCube022_dev03_ch00017:48:b"/>
                                                                <instance name="dev03/Config/ch00011/enable" order="1" value="1"/>
                                                                <instance name="dev03/Config/ch00009/rate" order="0" value="200"/>
                                                                <instance name="dev03/Config/ch00007/enable" order="1" value="1"/>
                                                                <instance name="dev02/Config/ch00010/Calibration_Sensor_Maximum_Range" order="0" value="800"/>
                                                                <instance name="dev03/Config/ch00018/rate" order="0" value="200"/>
                                                                <instance name="dev02/Config/ch00008/Maximum_Range" order="0" value="24"/>
                                                                <instance name="dev02/Config/ch00004/Calibration_Sensor_Table_Type" order="2" value="0"/>
                                                                <instance name="dev03/Config/ch00020/rate" order="0" value="200"/>
                                                                <instance name="dev02/Config/ch00024/Calibration_Sensor_Output_Units" order="0" value="psig"/>
                                                                <instance name="dev03/Config/ch00020/enable" order="1" value="1"/>
                                                                <instance name="dev03/Config/ch00018/enable" order="1" value="1"/>
                                                                <instance name="dev03/Config/ch00014/source" order="0" value="DO_RRDigOut14:48:b"/>
                                                                <instance name="dev03/Config/ch00013/DOut" order="0" value="0"/>
                                                                <instance name="dev02/Config/ch00022/Minimum_Range" order="0" value="-24"/>
                                                                <instance name="dev02/Config/ch00014/Calibration_Sensor_Name" order="0" value="CalSensor14"/>
                                                                <instance name="dev02/Config/ch00017/enable" order="1" value="1"/>
                                                                <instance name="dev03/Config/ch00015/source" order="0" value="DO_RRDigOut15:48:b"/>
                                                                <instance name="dev03/Config/ch00024/DOut" order="0" value="0"/>
                                                                <instance name="dev03/Config/ch00001/rate" order="0" value="200"/>
                                                                <instance name="dev01/Config/ch00001/RTDWireScheme" order="0" value="4"/>
                                                                <instance name="dev02/Config/ch00005/Calibration_Sensor_Table_Type" order="2" value="0"/>
                                                                <instance name="dev02/Config/ch00019/Maximum_Range" order="0" value="24"/>
                                                                <instance name="dev03/Config/ch00014/DOut" order="0" value="0"/>
                                                                <instance name="dev03/Config/ch00008/enable" order="1" value="1"/>
                                                                <instance name="dev03/Config/ch00015/enable" order="1" value="1"/>
                                                                <instance name="dev03/Config/ch00024/rate" order="0" value="200"/>
                                                                <instance name="dev03/Config/ch00005/rate" order="0" value="200"/>
                                                                <instance name="dev02/Config/ch00015/enable" order="1" value="1"/>
                                                                <instance name="dev03/Config/ch00015/DOut" order="0" value="0"/>
                                                                <instance name="dev03/Config/ch00013/enable" order="1" value="1"/>
                                                                <instance name="dev01/Config/ch00002/enable" order="1" value="1"/>
                                                                <instance name="dev02/Config/ch00015/Calibration_Sensor_Name" order="0" value="CalSensor15"/>
                                                                <instance name="dev03/Config/ch00003/enable" order="1" value="1"/>
                                                                <instance name="dev02/Config/ch00003/enable" order="1" value="1"/>
                                                                <instance name="dev02/Config/ch00006/Calibration_Sensor_Table_Type" order="2" value="0"/>
                                                                <instance name="dev03/Config/Low_Hysteresis" order="0" value="2.4"/>
                                                                <instance name="dev02/Config/ch00013/Calibration_Sensor_Minimum_Range" order="0" value="0"/>
                                                                <instance name="dev03/Config/ch00010/rate" order="0" value="200"/>
                                                                <instance name="dev03/Config/ch00016/DOut" order="0" value="0"/>
                                                                <instance name="dev02/Config/ch00001/Calibration_Sensor_Input_Units" order="0" value="mA"/>
                                                                <instance name="dev03/Config/ch00019/enable" order="1" value="1"/>
                                                                <instance name="dev01/Config/ch00008/rate" order="0" value="100"/>
                                                                <instance name="dev03/Config/ch00012/enable" order="1" value="1"/>
                                                                <instance name="dev03/Config/ch00013/rate" order="0" value="200"/>
                                                                <instance name="dev03/Config/ch00017/DOut" order="0" value="0"/>
                                                                <instance name="dev03/Config/ch00022/enable" order="1" value="1"/>
                                                                <instance name="dev03/Config/ch00018/DOut" order="0" value="0"/>
                                                                <instance name="dev02/Config/ch00018/Calibration_Sensor_Minimum_Range" order="0" value="13"/>
                                                                <instance name="dev02/Config/ch00016/Calibration_Sensor_Name" order="0" value="CalSensor16"/>
                                                                <instance name="dev03/Config/ch00016/rate" order="0" value="200"/>
                                                                <instance name="dev02/Config/ch00005/Calibration_Sensor_Calibration_Date" order="0" value="2020-01-01"/>
                                                                <instance name="dev02/Config/ch00012/EnableCB" order="0" value="1"/>
                                                                <instance name="dev01/Config/ch00009/rate" order="0" value="100"/>
                                                                <instance name="dev03/Config/ch00009/enable" order="1" value="1"/>
                                                                <instance name="dev03/Config/ch00020/source" order="0" value="DO_devCube022_dev03_ch00020:48:b"/>
                                                                <instance name="dev03/Config/ch00021/enable" order="1" value="1"/>
                                                                <instance name="dev03/Config/ch00023/source" order="0" value="DO_devCube022_dev03_ch00023:48:b"/>
                                                                <instance name="dev03/Config/ch00016/enable" order="1" value="1"/>
                                                                <instance name="dev03/Config/ch00002/rate" order="0" value="200"/>
                                                                <instance name="dev03/Config/ch00020/DOut" order="0" value="0"/>
                                                                <instance name="dev02/Config/ch00007/Calibration_Sensor_Table_Type" order="2" value="0"/>
                                                                <instance name="dev03/Config/ch00006/rate" order="0" value="200"/>
                                                                <instance name="dev03/Config/ch00024/enable" order="1" value="1"/>
                                                                <instance name="dev02/Config/ch00017/Calibration_Sensor_Curve" order="0" value="&quot;{0,-21.25}{1,9.0625}&quot;"/>
                                                                <instance name="dev02/Config/ch00011/Calibration_Sensor_Maximum_Range" order="0" value="423"/>
                                                                <instance name="dev02/Config/ch00010/Minimum_Range" order="0" value="-24"/>
                                                                <instance name="dev02/Config/ch00009/Maximum_Range" order="0" value="24"/>
                                                                <instance name="dev03/Config/ch00019/DOut" order="0" value="0"/>
                                                                <instance name="dev03/Config/ch00021/source" order="0" value="DO_devCube022_dev03_ch00021:48:b"/>
                                                                <instance name="dev03/Config/ch00004/rate" order="0" value="200"/>
                                                                <instance name="dev03/Config/ch00023/enable" order="1" value="1"/>
                                                                <instance name="dev03/Config/ch00004/enable" order="1" value="1"/>
                                                                <instance name="dev03/Config/ch00003/rate" order="0" value="200"/>
                                                                <instance name="dev02/Config/ch00008/Calibration_Sensor_Table_Type" order="2" value="0"/>
                                                                <instance name="dev01/Config/ch00012/RTDRange" order="0" value="0"/>
                                                                <instance name="dev01/Config/ch00008/RTDRange" order="0" value="0"/>
                                                                <instance name="dev03/Config/ch00017/rate" order="0" value="200"/>
                                                                <instance name="dev02/Config/ch00012/Calibration_Sensor_Maximum_Range" order="0" value="110"/>
                                                                <instance name="dev03/Config/ch00008/rate" order="0" value="200"/>
                                                                <instance name="dev03/Config/ch00024/source" order="0" value="DO_devCube022_dev03_ch00024:48:b"/>
                                                                <instance name="dev03/Config/ch00022/source" order="0" value="DO_devCube022_dev03_ch00022:48:b"/>
                                                                <instance name="dev02/Config/ch00010/Maximum_Range" order="0" value="24"/>
                                                                <instance name="dev02/Config/ch00017/Calibration_Sensor_Name" order="0" value="CalSensor17"/>
                                                                <instance name="dev03/Config/ch00021/rate" order="0" value="200"/>
                                                                <instance name="dev03/Config/ch00023/DOut" order="0" value="0"/>
                                                                <instance name="dev03/Config/enable" order="1" value="1"/>
                                                                <instance name="dev01/Config/ch00010/rate" order="0" value="100"/>
                                                                <instance name="dev03/Config/ch00019/rate" order="0" value="200"/>
                                                                <instance name="dev02/Config/ch00009/Calibration_Sensor_Table_Type" order="2" value="0"/>
                                                                <instance name="dev02/Config/ch00013/Calibration_Sensor_Maximum_Range" order="0" value="423"/>
                                                                <instance name="dev03/Config/High_Hysteresis" order="0" value="2.6"/>
                                                                <instance name="dev04/Config/ch00005/enable" order="1" value="1"/>
                                                                <instance name="dev04/Config/ch00001/enable" order="1" value="1"/>
                                                                <instance name="dev04/Config/ch00021/DOut" order="0" value="0"/>
                                                                <instance name="dev04/Config/ch00022/rate" order="0" value="200"/>
                                                                <instance name="dev02/Config/ch00002/Calibration_Sensor_Calibration_Date" order="0" value="2020-01-01"/>
                                                                <instance name="dev02/Config/ch00011/enable" order="1" value="1"/>
                                                                <instance name="dev02/Config/ch00011/Calibration_Sensor_Input_Units" order="0" value="mA"/>
                                                                <instance name="dev04/Config/ch00017/enable" order="1" value="1"/>
                                                                <instance name="dev02/Config/ch00018/Calibration_Sensor_Name" order="0" value="CalSensor18"/>
                                                                <instance name="dev04/Config/ch00007/rate" order="0" value="200"/>
                                                                <instance name="dev02/Config/ch00014/Calibration_Sensor_Maximum_Range" order="0" value="423"/>
                                                                <instance name="dev02/Config/ch00021/Calibration_Sensor_Table_Type" order="2" value="0"/>
                                                                <instance name="dev04/Config/ch00022/DOut" order="0" value="0"/>
                                                                <instance name="dev04/Config/ch00014/enable" order="1" value="1"/>
                                                                <instance name="dev04/Config/ch00010/enable" order="1" value="1"/>
                                                                <instance name="dev04/Config/ch00019/source" order="0" value="DO_devCube022_dev04_ch00019:48:b"/>
                                                                <instance name="dev04/Config/ch00006/enable" order="1" value="1"/>
                                                                <instance name="dev02/Config/ch00004/Calibration_Sensor_Name" order="0" value="CalSensor4"/>
                                                                <instance name="dev04/Config/ch00011/rate" order="0" value="200"/>
                                                                <instance name="dev04/Config/ch00012/rate" order="0" value="200"/>
                                                                <instance name="dev02/Config/ch00011/Maximum_Range" order="0" value="24"/>
                                                                <instance name="dev04/Config/ch00023/rate" order="0" value="200"/>
                                                                <instance name="dev02/Config/ch00003/Calibration_Sensor_Calibration_Date" order="0" value="2020-01-01"/>
                                                                <instance name="dev02/Config/ch00015/Calibration_Sensor_Maximum_Range" order="0" value="423"/>
                                                                <instance name="dev04/Config/Reference_Voltage" order="0" value="5"/>
                                                                <instance name="dev02/Config/ch00014/EnableCB" order="0" value="1"/>
                                                                <instance name="dev02/Config/ch00019/Calibration_Sensor_Name" order="0" value="CalSensor19"/>
                                                                <instance name="dev04/Config/ch00002/enable" order="1" value="1"/>
                                                                <instance name="dev01/Config/ch00011/rate" order="0" value="100"/>
                                                                <instance name="dev04/Config/ch00013/source" order="0" value="DO_RRDigOut13:48:b"/>
                                                                <instance name="dev04/Config/ch00018/source" order="0" value="DO_devCube022_dev04_ch00018:48:b"/>
                                                                <instance name="dev04/Config/ch00014/rate" order="0" value="200"/>
                                                                <instance name="dev04/Config/ch00015/rate" order="0" value="200"/>
                                                                <instance name="dev04/Config/ch00016/source" order="0" value="DO_RRDigOut16:48:b"/>
                                                                <instance name="dev04/Config/ch00017/source" order="0" value="DO_devCube022_dev04_ch00017:48:b"/>
                                                                <instance name="dev02/Config/ch00018/EnableCB" order="0" value="1"/>
                                                                <instance name="dev02/Config/ch00012/Maximum_Range" order="0" value="24"/>
                                                                <instance name="dev04/Config/ch00011/enable" order="1" value="1"/>
                                                                <instance name="dev02/Config/ch00018/Calibration_Sensor_Input_Units" order="0" value="mA"/>
                                                                <instance name="dev02/Config/ch00013/Calibration_Sensor_Curve" order="0" value="&quot;{0,235.5}{1,6.875}&quot;"/>
                                                                <instance name="dev04/Config/ch00009/rate" order="0" value="200"/>
                                                                <instance name="dev04/Config/ch00007/enable" order="1" value="1"/>
                                                                <instance name="dev02/Config/ch00007/Calibration_Sensor_Input_Units" order="0" value="mA"/>
                                                                <instance name="dev04/Config/ch00018/rate" order="0" value="200"/>
                                                                <instance name="dev04/Config/ch00020/rate" order="0" value="200"/>
                                                                <instance name="dev04/Config/ch00020/enable" order="1" value="1"/>
                                                                <instance name="dev04/Config/ch00018/enable" order="1" value="1"/>
                                                                <instance name="dev02/Config/ch00016/Calibration_Sensor_Maximum_Range" order="0" value="6000"/>
                                                                <instance name="dev04/Config/ch00014/source" order="0" value="DO_RRDigOut14:48:b"/>
                                                                <instance name="dev04/Config/ch00013/DOut" order="0" value="0"/>
                                                                <instance name="dev01/Config/ch00012/rate" order="0" value="100"/>
                                                                <instance name="dev02/Config/ch00013/Calibration_Sensor_Input_Units" order="0" value="mA"/>
                                                                <instance name="dev02/Config/ch00010/Calibration_Sensor_Table_Type" order="2" value="0"/>
                                                                <instance name="dev04/Config/ch00015/source" order="0" value="DO_RRDigOut15:48:b"/>
                                                                <instance name="dev04/Config/ch00024/DOut" order="0" value="0"/>
                                                                <instance name="dev04/Config/ch00001/rate" order="0" value="200"/>
                                                                <instance name="dev04/Config/ch00014/DOut" order="0" value="0"/>
                                                                <instance name="dev02/Config/ch00020/Calibration_Sensor_Name" order="0" value="CalSensor20"/>
                                                                <instance name="dev04/Config/ch00008/enable" order="1" value="1"/>
                                                                <instance name="dev02/Config/ch00017/Calibration_Sensor_Maximum_Range" order="0" value="180"/>
                                                                <instance name="dev04/Config/ch00015/enable" order="1" value="1"/>
                                                                <instance name="dev01/Config/ch00001/LeadRes" order="0" value="0"/>
                                                                <instance name="dev04/Config/ch00024/rate" order="0" value="200"/>
                                                                <instance name="dev04/Config/ch00005/rate" order="0" value="200"/>
                                                                <instance name="dev04/Config/ch00015/DOut" order="0" value="0"/>
                                                                <instance name="dev02/Config/ch00011/Calibration_Sensor_Table_Type" order="2" value="0"/>
                                                                <instance name="dev02/Config/ch00013/Maximum_Range" order="0" value="24"/>
                                                                <instance name="dev04/Config/ch00013/enable" order="1" value="1"/>
                                                                <instance name="dev04/Config/ch00003/enable" order="1" value="1"/>
                                                                <instance name="dev04/Config/Low_Hysteresis" order="0" value="2.4"/>
                                                                <instance name="dev04/Config/ch00010/rate" order="0" value="200"/>
                                                                <instance name="dev02/Config/ch00018/Calibration_Sensor_Maximum_Range" order="0" value="180"/>
                                                                <instance name="dev01/Config/ch00002/LeadRes" order="0" value="0"/>
                                                                <instance name="dev04/Config/ch00016/DOut" order="0" value="0"/>
                                                                <instance name="dev02/Config/ch00021/Calibration_Sensor_Name" order="0" value="CalSensor21"/>
                                                                <instance name="dev04/Config/ch00019/enable" order="1" value="1"/>
                                                                <instance name="dev04/Config/ch00012/enable" order="1" value="1"/>
                                                                <instance name="dev04/Config/ch00013/rate" order="0" value="200"/>
                                                                <instance name="dev02/Config/ch00016/Calibration_Sensor_Input_Units" order="0" value="mA"/>
                                                                <instance name="dev02/Config/ch00001/Minimum_Range" order="0" value="-24"/>
                                                                <instance name="dev04/Config/ch00017/DOut" order="0" value="0"/>
                                                                <instance name="dev02/Config/ch00014/Maximum_Range" order="0" value="24"/>
                                                                <instance name="dev04/Config/ch00022/enable" order="1" value="1"/>
                                                                <instance name="dev01/Config/ch00003/LeadRes" order="0" value="0"/>
                                                                <instance name="dev02/Config/ch00005/Calibration_Sensor_Minimum_Range" order="0" value="0"/>
                                                                <instance name="dev04/Config/ch00018/DOut" order="0" value="0"/>
                                                                <instance name="dev04/Config/ch00016/rate" order="0" value="200"/>
                                                                <instance name="dev04/Config/ch00009/enable" order="1" value="1"/>
                                                                <instance name="dev04/Config/ch00020/source" order="0" value="DO_devCube022_dev04_ch00020:48:b"/>
                                                                <instance name="dev04/Config/ch00021/enable" order="1" value="1"/>
                                                                <instance name="dev02/Config/ch00006/Calibration_Sensor_Minimum_Range" order="0" value="13"/>
                                                                <instance name="dev02/Config/ch00007/rate" order="0" value="100"/>
                                                                <instance name="dev02/Config/ch00002/rate" order="0" value="100"/>
                                                                <instance name="dev04/Config/ch00023/source" order="0" value="DO_devCube022_dev04_ch00023:48:b"/>
                                                                <instance name="dev02/Config/ch00017/Calibration_Sensor_Input_Units" order="0" value="mA"/>
                                                                <instance name="dev01/Config/ch00010/Calibration_Sensor_Maximum_Range" order="0" value="1123.15"/>
                                                                <instance name="dev04/Config/ch00016/enable" order="1" value="1"/>
                                                                <instance name="dev02/Config/ch00015/Calibration_Sensor_Curve" order="0" value="&quot;{0,235.5}{1,6.875}&quot;"/>
                                                                <instance name="dev02/Config/ch00015/Maximum_Range" order="0" value="24"/>
                                                                <instance name="dev04/Config/ch00002/rate" order="0" value="200"/>
                                                                <instance name="dev04/Config/ch00020/DOut" order="0" value="0"/>
                                                                <instance name="dev04/Config/ch00006/rate" order="0" value="200"/>
                                                                <instance name="dev04/Config/ch00024/enable" order="1" value="1"/>
                                                                <instance name="dev04/Config/ch00019/DOut" order="0" value="0"/>
                                                                <instance name="dev04/Config/ch00021/source" order="0" value="DO_devCube022_dev04_ch00021:48:b"/>
                                                                <instance name="dev04/Config/ch00004/rate" order="0" value="200"/>
                                                                <instance name="dev02/Config/ch00018/Calibration_Sensor_Curve" order="0" value="&quot;{0,-21.25}{1,9.0625}&quot;"/>
                                                                <instance name="dev02/Config/ch00012/Calibration_Sensor_Table_Type" order="2" value="0"/>
                                                                <instance name="dev04/Config/ch00023/enable" order="1" value="1"/>
                                                                <instance name="dev02/Config/ch00024/Calibration_Sensor_Minimum_Range" order="0" value="-10"/>
                                                                <instance name="dev02/Config/ch00022/Calibration_Sensor_Name" order="0" value="CalSensor22"/>
                                                                <instance name="dev04/Config/ch00004/enable" order="1" value="1"/>
                                                                <instance name="dev02/Config/ch00014/Calibration_Sensor_Minimum_Range" order="0" value="0"/>
                                                                <instance name="dev04/Config/ch00003/rate" order="0" value="200"/>
                                                                <instance name="dev04/Config/ch00017/rate" order="0" value="200"/>
                                                                <instance name="dev04/Config/ch00008/rate" order="0" value="200"/>
                                                                <instance name="dev04/Config/ch00024/source" order="0" value="DO_devCube022_dev04_ch00024:48:b"/>
                                                                <instance name="dev01/Config/ch00004/LeadRes" order="0" value="0"/>
                                                                <instance name="dev04/Config/ch00022/source" order="0" value="DO_devCube022_dev04_ch00022:48:b"/>
                                                                <instance name="dev04/Config/ch00021/rate" order="0" value="200"/>
                                                                <instance name="dev02/Config/ch00019/Calibration_Sensor_Minimum_Range" order="0" value="0"/>
                                                                <instance name="dev02/Config/ch00019/Calibration_Sensor_Maximum_Range" order="0" value="4400"/>
                                                                <instance name="dev04/Config/ch00023/DOut" order="0" value="0"/>
                                                                <instance name="dev04/Config/enable" order="1" value="1"/>
                                                                <instance name="dev04/Config/ch00019/rate" order="0" value="200"/>
                                                                <instance name="dev02/Config/ch00023/Calibration_Sensor_Name" order="0" value="CalSensor23"/>
                                                                <instance name="dev02/Config/ch00004/Minimum_Range" order="0" value="-24"/>
                                                                <instance name="dev04/Config/High_Hysteresis" order="0" value="2.6"/>
                                                                <instance name="dev01/Config/ch00005/enable" order="1" value="1"/>
                                                                <instance name="dev02/Config/ch00024/Calibration_Sensor_Name" order="0" value="CalSensor24"/>
                                                                <instance name="dev02/Config/ch00008/rate" order="0" value="100"/>
                                                                <instance name="dev02/Config/ch00023/enable" order="1" value="1"/>
                                                                <instance name="dev02/Config/ch00012/enable" order="1" value="1"/>
                                                                <instance name="dev02/Config/ch00005/rate" order="0" value="100"/>
                                                                <instance name="dev02/Config/ch00013/Calibration_Sensor_Table_Type" order="2" value="0"/>
                                                                <instance name="dev02/Config/ch00009/rate" order="0" value="100"/>
                                                                <instance name="dev02/Config/ch00011/Minimum_Range" order="0" value="-24"/>
                                                                <instance name="dev02/Config/ch00010/rate" order="0" value="100"/>
                                                                <instance name="dev02/Config/ch00007/Calibration_Sensor_Minimum_Range" order="0" value="13"/>
                                                                <instance name="dev01/Config/ch00005/LeadRes" order="0" value="0"/>
                                                                <instance name="dev02/Config/ch00011/rate" order="0" value="100"/>
                                                                <instance name="dev02/Config/ch00016/Maximum_Range" order="0" value="24"/>
                                                                <instance name="dev02/Config/ch00012/rate" order="0" value="100"/>
                                                                <instance name="dev02/Config/ch00013/rate" order="0" value="100"/>
                                                                <instance name="dev02/Config/ch00014/rate" order="0" value="100"/>
                                                                <instance name="dev02/Config/ch00022/Calibration_Sensor_Minimum_Range" order="0" value="0"/>
                                                                <instance name="dev02/Config/ch00002/Calibration_Sensor_Input_Units" order="0" value="mA"/>
                                                                <instance name="dev02/Config/ch00012/Minimum_Range" order="0" value="-24"/>
                                                                <instance name="dev02/Config/ch00014/Calibration_Sensor_Table_Type" order="2" value="0"/>
                                                                <instance name="dev02/Config/ch00015/rate" order="0" value="100"/>
                                                                <instance name="dev02/Config/ch00020/enable" order="1" value="1"/>
                                                                <instance name="dev02/Config/ch00004/enable" order="1" value="1"/>
                                                                <instance name="dev02/Config/ch00018/enable" order="1" value="1"/>
                                                                <instance name="dev02/Config/ch00016/rate" order="0" value="100"/>
                                                                <instance name="dev02/Config/ch00019/Minimum_Range" order="0" value="-24"/>
                                                                <instance name="dev02/Config/ch00008/Calibration_Sensor_Minimum_Range" order="0" value="13"/>
                                                                <instance name="dev02/Config/ch00008/EnableCB" order="0" value="1"/>
                                                                <instance name="dev02/Config/ch00006/Calibration_Sensor_Calibration_Date" order="0" value="2020-01-01"/>
                                                                <instance name="dev02/Config/ch00007/Minimum_Range" order="0" value="-24"/>
                                                                <instance name="dev02/Config/ch00017/rate" order="0" value="100"/>
                                                                <instance name="dev02/Config/ch00024/Minimum_Range" order="0" value="-24"/>
                                                                <instance name="dev02/Config/ch00001/Calibration_Sensor_Maximum_Range" order="0" value="423"/>
                                                                <instance name="dev02/Config/ch00015/Calibration_Sensor_Table_Type" order="2" value="0"/>
                                                                <instance name="dev02/Config/ch00018/rate" order="0" value="100"/>
                                                                <instance name="dev02/Config/ch00019/rate" order="0" value="100"/>
                                                                <instance name="dev02/Config/ch00020/rate" order="0" value="100"/>
                                                                <instance name="dev02/Config/ch00021/rate" order="0" value="100"/>
                                                                <instance name="dev02/Config/ch00022/rate" order="0" value="100"/>
                                                                <instance name="dev02/Config/ch00002/enable" order="1" value="1"/>
                                                                <instance name="dev02/Config/ch00023/rate" order="0" value="100"/>
                                                                <instance name="dev02/Config/ch00020/Calibration_Sensor_Maximum_Range" order="0" value="800"/>
                                                                <instance name="dev02/Config/ch00001/Calibration_Sensor_Calibration_Date" order="0" value="2020-01-01"/>
                                                                <instance name="dev02/Config/ch00023/EnableCB" order="0" value="1"/>
                                                                <instance name="dev02/Config/ch00017/Maximum_Range" order="0" value="24"/>
                                                                <instance name="dev02/Config/ch00009/Calibration_Sensor_Minimum_Range" order="0" value="0"/>
                                                                <instance name="dev02/Config/ch00015/EnableCB" order="0" value="1"/>
                                                                <instance name="dev02/Config/ch00008/Calibration_Sensor_Input_Units" order="0" value="mA"/>
                                                                <instance name="dev02/Config/ch00024/rate" order="0" value="100"/>
                                                                <instance name="dev02/Config/ch00001/EnableCB" order="0" value="1"/>
                                                                <instance name="dev02/Config/ch00005/enable" order="1" value="1"/>
                                                                <instance name="dev02/Config/ch00002/EnableCB" order="0" value="1"/>
                                                                <instance name="dev02/Config/ch00003/EnableCB" order="0" value="1"/>
                                                                <instance name="dev02/Config/ch00019/EnableCB" order="0" value="1"/>
                                                                <instance name="dev01/Config/ch00009/RTDRange" order="0" value="0"/>
                                                                <instance name="dev02/Config/ch00004/EnableCB" order="0" value="1"/>
                                                                <instance name="dev02/Config/ch00005/EnableCB" order="0" value="1"/>
                                                                <instance name="dev02/Config/ch00006/EnableCB" order="0" value="1"/>
                                                                <instance name="dev02/Config/ch00009/enable" order="1" value="1"/>
                                                                <instance name="dev02/Config/ch00016/Calibration_Sensor_Table_Type" order="2" value="0"/>
                                                                <instance name="dev02/Config/ch00007/EnableCB" order="0" value="1"/>
                                                                <instance name="dev02/Config/ch00018/Maximum_Range" order="0" value="24"/>
                                                                <instance name="dev02/Config/ch00007/Calibration_Sensor_Calibration_Date" order="0" value="2020-01-01"/>
                                                                <instance name="dev02/Config/ch00013/enable" order="1" value="1"/>
                                                                <instance name="dev02/Config/ch00008/Calibration_Sensor_Calibration_Date" order="0" value="2020-01-01"/>
                                                                <instance name="dev02/Config/ch00005/Calibration_Sensor_Name" order="0" value="CalSensor5"/>
                                                                <instance name="dev02/Config/ch00021/Calibration_Sensor_Maximum_Range" order="0" value="820"/>
                                                                <instance name="dev02/Config/ch00009/Calibration_Sensor_Calibration_Date" order="0" value="2020-01-01"/>
                                                                <instance name="dev02/Config/ch00022/enable" order="1" value="1"/>
                                                                <instance name="dev02/Config/ch00015/Minimum_Range" order="0" value="-24"/>
                                                                <instance name="dev02/Config/ch00009/EnableCB" order="0" value="1"/>
                                                                <instance name="dev02/Config/ch00010/Calibration_Sensor_Calibration_Date" order="0" value="2020-01-01"/>
                                                                <instance name="dev02/Config/ch00017/Calibration_Sensor_Table_Type" order="2" value="0"/>
                                                                <instance name="dev02/Config/ch00011/Calibration_Sensor_Calibration_Date" order="0" value="2020-01-01"/>
                                                                <instance name="dev02/Config/ch00012/Calibration_Sensor_Calibration_Date" order="0" value="2020-01-01"/>
                                                                <instance name="dev02/Config/ch00013/Calibration_Sensor_Calibration_Date" order="0" value="2020-01-01"/>
                                                                <instance name="dev02/Config/ch00007/enable" order="1" value="1"/>
                                                                <instance name="dev01/Config/ch00003/enable" order="1" value="1"/>
                                                                <instance name="dev02/Config/ch00020/Maximum_Range" order="0" value="24"/>
                                                                <instance name="dev02/Config/ch00022/Calibration_Sensor_Maximum_Range" order="0" value="820"/>
                                                                <instance name="dev02/Config/ch00014/Calibration_Sensor_Calibration_Date" order="0" value="2020-01-01"/>
                                                                <instance name="dev02/Config/ch00015/Calibration_Sensor_Calibration_Date" order="0" value="2020-01-01"/>
                                                                <instance name="dev02/Config/ch00014/Calibration_Sensor_Input_Units" order="0" value="mA"/>
                                                                <instance name="dev02/Config/ch00016/Calibration_Sensor_Calibration_Date" order="0" value="2020-01-01"/>
                                                                <instance name="dev02/Config/ch00008/Minimum_Range" order="0" value="-24"/>
                                                                <instance name="dev02/Config/ch00010/EnableCB" order="0" value="1"/>
                                                                <instance name="dev02/Config/ch00008/Calibration_Sensor_Curve" order="0" value="&quot;{0,-21.25}{1,9.0625}&quot;"/>
                                                                <instance name="dev02/Config/ch00019/Calibration_Sensor_Input_Units" order="0" value="mA"/>
                                                                <instance name="dev01/Config/ch00006/LeadRes" order="0" value="0"/>
                                                                <instance name="dev02/Config/ch00017/Calibration_Sensor_Calibration_Date" order="0" value="2020-01-01"/>
                                                                <instance name="dev02/Config/ch00018/Calibration_Sensor_Calibration_Date" order="0" value="2020-01-01"/>
                                                                <instance name="dev02/Config/ch00023/Calibration_Sensor_Maximum_Range" order="0" value="200"/>
                                                                <instance name="dev02/Config/ch00019/Calibration_Sensor_Calibration_Date" order="0" value="2020-01-01"/>
                                                                <instance name="dev02/Config/ch00024/enable" order="1" value="1"/>
                                                                <instance name="dev02/Config/ch00020/Calibration_Sensor_Calibration_Date" order="0" value="2020-01-01"/>
                                                                <instance name="dev02/Config/ch00021/Calibration_Sensor_Calibration_Date" order="0" value="2020-01-01"/>
                                                                <instance name="dev02/Config/ch00022/Calibration_Sensor_Calibration_Date" order="0" value="2020-01-01"/>
                                                                <instance name="dev02/Config/ch00021/Maximum_Range" order="0" value="24"/>
                                                                <instance name="dev02/Config/ch00023/Calibration_Sensor_Calibration_Date" order="0" value="2020-01-01"/>
                                                                <instance name="dev01/Config/ch00007/LeadRes" order="0" value="0"/>
                                                                <instance name="dev02/Config/ch00015/Calibration_Sensor_Input_Units" order="0" value="mA"/>
                                                                <instance name="dev02/Config/ch00018/Calibration_Sensor_Table_Type" order="2" value="0"/>
                                                                <instance name="dev02/Config/ch00011/EnableCB" order="0" value="1"/>
                                                                <instance name="dev02/Config/ch00001/rate" order="0" value="100"/>
                                                                <instance name="dev02/Config/ch00015/Calibration_Sensor_Minimum_Range" order="0" value="0"/>
                                                                <instance name="dev02/Config/ch00024/Calibration_Sensor_Calibration_Date" order="0" value="2020-01-01"/>
                                                                <instance name="dev02/Config/ch00001/Calibration_Sensor_Curve" order="0" value="&quot;{0,235.5}{1,6.875}&quot;"/>
                                                                <instance name="dev02/Config/ch00002/Calibration_Sensor_Curve" order="0" value="&quot;{0,-25}{1,6.25}&quot;"/>
                                                                <instance name="dev02/Config/ch00003/Calibration_Sensor_Curve" order="0" value="&quot;{0,235.5}{1,6.875}&quot;"/>
                                                                <instance name="dev02/Config/ch00004/Calibration_Sensor_Curve" order="0" value="&quot;{0,235.5}{1,6.875}&quot;"/>
                                                                <instance name="dev02/Config/ch00019/Calibration_Sensor_Curve" order="0" value="&quot;{0,-990}{1,247.5}&quot;"/>
                                                                <instance name="dev02/Config/ch00005/Calibration_Sensor_Curve" order="0" value="&quot;{0,235.5}{1,6.875}&quot;"/>
                                                                <instance name="dev02/Config/ch00016/Minimum_Range" order="0" value="-24"/>
                                                                <instance name="dev02/Config/ch00006/Calibration_Sensor_Curve" order="0" value="&quot;{0,-1431.25}{1,361.5625}&quot;"/>
                                                                <instance name="dev02/Config/ch00019/Calibration_Sensor_Table_Type" order="2" value="0"/>
                                                                <instance name="dev02/Config/ch00024/Calibration_Sensor_Maximum_Range" order="0" value="200"/>
                                                                <instance name="dev02/Config/ch00007/Calibration_Sensor_Curve" order="0" value="&quot;{0,-21.25}{1,9.0625}&quot;"/>
                                                                <instance name="dev02/Config/ch00020/Calibration_Sensor_Table_Type" order="2" value="0"/>
                                                                <instance name="dev02/Config/ch00020/Calibration_Sensor_Input_Units" order="0" value="mA"/>
                                                                <instance name="dev02/Config/ch00005/Calibration_Sensor_Input_Units" order="0" value="mA"/>
                                                                <instance name="dev02/Config/ch00021/Calibration_Sensor_Input_Units" order="0" value="mA"/>
                                                                <instance name="dev01/Config/ch00008/LeadRes" order="0" value="0"/>
                                                                <instance name="dev02/Config/ch00022/Calibration_Sensor_Input_Units" order="0" value="mA"/>
                                                                <instance name="dev02/Config/ch00002/Minimum_Range" order="0" value="-24"/>
                                                                <instance name="dev02/Config/ch00014/Minimum_Range" order="0" value="-24"/>
                                                                <instance name="dev02/Config/ch00009/Calibration_Sensor_Curve" order="0" value="&quot;{0,-990}{1,247.5}&quot;"/>
                                                                <instance name="dev02/Config/ch00023/Calibration_Sensor_Input_Units" order="0" value="mA"/>
                                                                <instance name="dev02/Config/ch00001/Calibration_Sensor_Minimum_Range" order="0" value="0"/>
                                                                <instance name="dev02/Config/ch00024/Calibration_Sensor_Input_Units" order="0" value="mA"/>
                                                                <instance name="dev02/Config/ch00001/Calibration_Sensor_Output_Units" order="0" value="K"/>
                                                                <instance name="dev02/Config/ch00002/Calibration_Sensor_Output_Units" order="0" value="%"/>
                                                                <instance name="dev02/Config/ch00018/Minimum_Range" order="0" value="-24"/>
                                                                <instance name="dev01/Config/ch00009/LeadRes" order="0" value="0"/>
                                                                <instance name="dev02/Config/ch00003/Calibration_Sensor_Output_Units" order="0" value="K"/>
                                                                <instance name="dev02/Config/ch00010/enable" order="1" value="1"/>
                                                                <instance name="dev02/Config/ch00020/Calibration_Sensor_Minimum_Range" order="0" value="0"/>
                                                                <instance name="dev02/Config/ch00004/Calibration_Sensor_Output_Units" order="0" value="K"/>
                                                                <instance name="dev02/Config/ch00010/Calibration_Sensor_Input_Units" order="0" value="mA"/>
                                                                <instance name="dev02/Config/ch00010/Calibration_Sensor_Curve" order="0" value="&quot;{0,-175}{1,43.75}&quot;"/>
                                                                <instance name="dev02/Config/ch00019/Calibration_Sensor_Output_Units" order="0" value="gph_UK"/>
                                                                <instance name="dev02/Config/ch00001/Calibration_Sensor_Name" order="0" value="CalSensor1"/>
                                                                <instance name="dev02/Config/ch00005/Calibration_Sensor_Output_Units" order="0" value="K"/>
                                                                <instance name="dev02/Config/ch00006/Calibration_Sensor_Output_Units" order="0" value="psia"/>
                                                                <instance name="dev01/Config/ch00010/LeadRes" order="0" value="0"/>
                                                                <instance name="dev02/Config/ch00007/Calibration_Sensor_Output_Units" order="0" value="psia"/>
                                                                <instance name="dev02/Config/ch00005/Minimum_Range" order="0" value="-24"/>
                                                                <instance name="dev02/Config/ch00008/Calibration_Sensor_Output_Units" order="0" value="psia"/>
                                                                <instance name="dev02/Config/ch00009/Calibration_Sensor_Output_Units" order="0" value="gph_UK"/>
                                                                <instance name="dev02/Config/ch00010/Calibration_Sensor_Output_Units" order="0" value="gph_UK"/>
                                                                <instance name="dev02/Config/ch00022/Calibration_Sensor_Table_Type" order="2" value="0"/>
                                                                <instance name="dev02/Config/ch00011/Calibration_Sensor_Output_Units" order="0" value="K"/>
                                                                <instance name="dev02/Config/ch00021/Calibration_Sensor_Minimum_Range" order="0" value="0"/>
                                                                <instance name="dev02/Config/ch00002/Calibration_Sensor_Minimum_Range" order="0" value="0"/>
                                                                <instance name="dev02/Config/ch00011/Calibration_Sensor_Curve" order="0" value="&quot;{0,235.5}{1,6.875}&quot;"/>
                                                                <instance name="dev02/Config/ch00006/Minimum_Range" order="0" value="-24"/>
                                                                <instance name="dev02/Config/ch00016/EnableCB" order="0" value="1"/>
                                                                <instance name="dev02/Config/ch00012/Calibration_Sensor_Output_Units" order="0" value="%"/>
                                                                <instance name="dev02/Config/ch00013/Calibration_Sensor_Output_Units" order="0" value="K"/>
                                                                <instance name="dev02/Config/ch00020/Minimum_Range" order="0" value="-24"/>
                                                                <instance name="dev02/Config/ch00014/Calibration_Sensor_Output_Units" order="0" value="K"/>
                                                                <instance name="dev02/Config/ch00015/Calibration_Sensor_Output_Units" order="0" value="K"/>
                                                                <instance name="dev02/Config/ch00016/Calibration_Sensor_Output_Units" order="0" value="psia"/>
                                                                <instance name="dev02/Config/ch00014/enable" order="1" value="1"/>
                                                                <instance name="dev02/Config/ch00017/Calibration_Sensor_Output_Units" order="0" value="psia"/>
                                                                <instance name="dev02/Config/ch00003/Calibration_Sensor_Minimum_Range" order="0" value="0"/>
                                                                <instance name="dev01/Config/ch00011/LeadRes" order="0" value="0"/>
                                                                <instance name="dev02/Config/ch00018/Calibration_Sensor_Output_Units" order="0" value="psia"/>
                                                                <instance name="dev02/Config/ch00004/Calibration_Sensor_Minimum_Range" order="0" value="0"/>
                                                                <instance name="dev01/Config/ch00001/enable" order="1" value="1"/>
                                                                <instance name="dev02/Config/ch00012/Calibration_Sensor_Minimum_Range" order="0" value="0"/>
                                                                <instance name="dev01/Config/ch00005/RTDRange" order="0" value="0"/>
                                                                <instance name="dev01/Config/ch00009/Calibration_Sensor_Output_Units" order="0" value="K"/>
                                                                <instance name="dev02/Config/ch00003/Calibration_Sensor_Input_Units" order="0" value="mA"/>
                                                                <instance name="dev01/Config/ch00010/Calibration_Sensor_Output_Units" order="0" value="K"/>
                                                                <instance name="dev02/Config/ch00020/Calibration_Sensor_Output_Units" order="0" value="gph_UK"/>
                                                                <instance name="dev01/Config/ch00006/Calibration_Sensor_Maximum_Range" order="0" value="1123.15"/>
                                                                <instance name="dev01/Config/ch00010/RTDRange" order="0" value="0"/>
                                                                <instance name="dev01/Config/ch00011/Calibration_Sensor_Output_Units" order="0" value="K"/>
                                                                <instance name="dev01/Config/ch00012/Calibration_Sensor_Output_Units" order="0" value="K"/>
                                                                <instance name="dev02/Config/ch00006/rate" order="0" value="100"/>
                                                                <instance name="dev01/Config/ch00001/Calibration_Sensor_Table_Type" order="2" value="1"/>
                                                                <instance name="dev01/Config/ch00002/Calibration_Sensor_Table_Type" order="2" value="1"/>
                                                                <instance name="dev01/Config/ch00003/Calibration_Sensor_Table_Type" order="2" value="1"/>
                                                                <instance name="dev02/Config/ch00020/EnableCB" order="0" value="1"/>
                                                                <instance name="dev01/Config/ch00004/Calibration_Sensor_Table_Type" order="2" value="1"/>
                                                                <instance name="dev02/Config/ch00016/Calibration_Sensor_Minimum_Range" order="0" value="13"/>
                                                                <instance name="dev02/Config/ch00021/Calibration_Sensor_Output_Units" order="0" value="kg/m^3"/>
                                                                <instance name="dev01/Config/ch00008/Calibration_Sensor_Maximum_Range" order="0" value="1123.15"/>
                                                                <instance name="dev02/Config/ch00024/EnableCB" order="0" value="1"/>
                                                                <instance name="dev01/Config/ch00005/Calibration_Sensor_Table_Type" order="2" value="1"/>
                                                                <instance name="dev01/Config/ch00006/RTDRange" order="0" value="0"/>
                                                                <instance name="dev01/Config/ch00006/enable" order="1" value="1"/>
                                                                <instance name="dev01/Config/ch00006/Calibration_Sensor_Table_Type" order="2" value="1"/>
                                                                <instance name="dev01/Config/ch00007/Calibration_Sensor_Table_Type" order="2" value="1"/>
                                                                <instance name="dev01/Config/ch00007/Calibration_Sensor_Maximum_Range" order="0" value="1123.15"/>
                                                                <instance name="dev02/Config/ch00002/Calibration_Sensor_Name" order="0" value="CalSensor2"/>
                                                                <instance name="dev01/Config/ch00008/Calibration_Sensor_Table_Type" order="2" value="1"/>
                                                                <instance name="dev01/Config/ch00009/Calibration_Sensor_Table_Type" order="2" value="1"/>
                                                                <instance name="dev02/Config/ch00021/EnableCB" order="0" value="1"/>
                                                                <instance name="dev01/Config/ch00003/RTDWireScheme" order="0" value="4"/>
                                                                <instance name="dev02/Config/ch00022/Calibration_Sensor_Output_Units" order="0" value="kg/m^3"/>
                                                                <instance name="dev02/Config/ch00016/Calibration_Sensor_Curve" order="0" value="&quot;{0,-1431.25}{1,361.5625}&quot;"/>
                                                                <instance name="dev01/Config/ch00010/Calibration_Sensor_Table_Type" order="2" value="1"/>
                                                                <instance name="dev01/Config/ch00011/Calibration_Sensor_Table_Type" order="2" value="1"/>
                                                                <instance name="dev01/Config/ch00012/Calibration_Sensor_Table_Type" order="2" value="1"/>
                                                                <instance name="dev01/Config/ch00012/RTDWireScheme" order="0" value="4"/>
                                                                <instance name="dev01/Config/ch00007/RTDRange" order="0" value="0"/>
                                                                <instance name="dev01/Config/ch00007/enable" order="1" value="1"/>
                                                                <instance name="dev01/Config/ch00011/enable" order="1" value="1"/>
                                                                <instance name="dev01/Config/ch00008/enable" order="1" value="1"/>
                                                                <instance name="dev01/Config/ch00011/RTDRange" order="0" value="0"/>
                                                                <instance name="dev02/Config/ch00003/Calibration_Sensor_Name" order="0" value="CalSensor3"/>
                                                                <instance name="dev02/Config/ch00006/Calibration_Sensor_Name" order="0" value="CalSensor6"/>
                                                                <instance name="dev01/Config/ch00001/Calibration_Sensor_Calibration_Date" order="0" value="2020-01-01"/>
                                                                <instance name="dev02/Config/ch00013/EnableCB" order="0" value="1"/>
                                                                <instance name="dev01/Config/ch00011/Calibration_Sensor_Maximum_Range" order="0" value="1123.15"/>
                                                                <instance name="dev01/Config/ch00002/Calibration_Sensor_Calibration_Date" order="0" value="2020-01-01"/>
                                                                <instance name="dev02/Config/ch00010/Calibration_Sensor_Minimum_Range" order="0" value="0"/>
                                                                <instance name="dev01/Config/ch00003/Calibration_Sensor_Calibration_Date" order="0" value="2020-01-01"/>
                                                                <instance name="dev01/Config/ch00009/enable" order="1" value="1"/>
                                                                <instance name="dev01/Config/ch00004/Calibration_Sensor_Calibration_Date" order="0" value="2020-01-01"/>
                                                                <instance name="dev01/Config/ch00005/Calibration_Sensor_Calibration_Date" order="0" value="2020-01-01"/>
                                                                <instance name="dev01/Config/ch00001/Calibration_Sensor_Minimum_Range" order="0" value="73.15"/>
                                                                <instance name="dev02/Config/ch00004/Calibration_Sensor_Calibration_Date" order="0" value="2020-01-01"/>
                                                                <instance name="dev01/Config/ch00006/Calibration_Sensor_Calibration_Date" order="0" value="2020-01-01"/>
                                                                <instance name="dev01/Config/ch00007/Calibration_Sensor_Calibration_Date" order="0" value="2020-01-01"/>
                                                                <instance name="dev01/Config/ch00008/Calibration_Sensor_Calibration_Date" order="0" value="2020-01-01"/>
                                                                <instance name="dev02/Config/ch00020/Calibration_Sensor_Curve" order="0" value="&quot;{0,-175}{1,43.75}&quot;"/>
                                                                <instance name="dev02/Config/ch00007/Calibration_Sensor_Name" order="0" value="CalSensor7"/>
                                                                <instance name="dev02/Config/ch00013/Minimum_Range" order="0" value="-24"/>
                                                                <instance name="dev01/Config/ch00010/enable" order="1" value="1"/>
                                                                <instance name="dev01/Config/ch00009/Calibration_Sensor_Calibration_Date" order="0" value="2020-01-01"/>
                                                                <instance name="dev01/Config/ch00004/RTDWireScheme" order="0" value="4"/>
                                                                <instance name="dev01/Config/ch00012/LeadRes" order="0" value="0"/>
                                                                <instance name="dev01/Config/ch00010/Calibration_Sensor_Calibration_Date" order="0" value="2020-01-01"/>
                                                                <instance name="dev01/Config/ch00011/Calibration_Sensor_Calibration_Date" order="0" value="2020-01-01"/>
                                                                <instance name="dev01/Config/ch00012/Calibration_Sensor_Calibration_Date" order="0" value="2020-01-01"/>
                                                                <instance name="dev02/Config/ch00001/Maximum_Range" order="0" value="24"/>
                                                                <instance name="dev01/Config/ch00001/Calibration_Sensor_Curve" order="0" value="&quot;{0,18.52,73.15}{1,18.96,74.15}{2,19.39,75.15}{3,19.82,76.15}{4,20.25,77.15}{5,20.68,78.15}{6,21.11,79.15}{7,21.54,80.15}{8,21.97,81.15}{9,22.4,82.15}{10,22.83,83.15}{11,23.26,84.15}{12,23.69,85.15}{13,24.12,86.15}{14,24.55,87.15}{15,24.97,88.15}{16,25.39,89.15}{17,25.82,90.15}{18,26.25,91.15}{19,26.67,92.15}{20,27.1,93.15}{21,27.52,94.15}{22,27.95,95.15}{23,28.37,96.15}{24,28.8,97.15}{25,29.22,98.15}{26,29.65,99.15}{27,30.07,100.15}{28,30.49,101.15}{29,30.92,102.15}{30,31.34,103.15}{31,31.76,104.15}{32,32.18,105.15}{33,32.61,106.15}{34,33.03,107.15}{35,33.45,108.15}{36,33.86,109.15}{37,34.28,110.15}{38,34.7,111.15}{39,35.12,112.15}{40,35.54,113.15}{41,35.96,114.15}{42,36.38,115.15}{43,36.8,116.15}{44,37.22,117.15}{45,37.63,118.15}{46,38.05,119.15}{47,38.47,120.15}{48,38.89,121.15}{49,39.31,122.15}{50,39.72,123.15}{51,40.14,124.15}{52,40.56,125.15}{53,40.97,126.15}{54,41.39,127.15}{55,41.8,128.15}{56,42.22,129.15}{57,42.64,130.15}{58,43.05,131.15}{59,43.46,132.15}{60,43.88,133.15}{61,44.29,134.15}{62,44.71,135.15}{63,45.12,136.15}{64,45.53,137.15}{65,45.95,138.15}{66,46.35,139.15}{67,46.76,140.15}{68,47.18,141.15}{69,47.59,142.15}{70,48,143.15}{71,48.41,144.15}{72,48.82,145.15}{73,49.23,146.15}{74,49.64,147.15}{75,50.06,148.15}{76,50.47,149.15}{77,50.88,150.15}{78,51.29,151.15}{79,51.7,152.15}{80,52.11,153.15}{81,52.52,154.15}{82,52.92,155.15}{83,53.33,156.15}{84,53.74,157.15}{85,54.15,158.15}{86,54.56,159.15}{87,54.97,160.15}{88,55.38,161.15}{89,55.78,162.15}{90,56.19,163.15}{91,56.6,164.15}{92,57,165.15}{93,57.41,166.15}{94,57.82,167.15}{95,58.22,168.15}{96,58.63,169.15}{97,59.04,170.15}{98,59.44,171.15}{99,59.85,172.15}{100,60.26,173.15}{101,60.67,174.15}{102,61.07,175.15}{103,61.48,176.15}{104,61.87,177.15}{105,62.29,178.15}{106,62.69,179.15}{107,63.1,180.15}{108,63.5,181.15}{109,63.91,182.15}{110,64.3,183.15}{111,64.7,184.15}{112,65.11,185.15}{113,65.51,186.15}{114,65.91,187.15}{115,66.31,188.15}{116,66.72,189.15}{117,67.12,190.15}{118,67.52,191.15}{119,67.92,192.15}{120,68.33,193.15}{121,68.73,194.15}{122,69.13,195.15}{123,69.53,196.15}{124,69.93,197.15}{125,70.33,198.15}{126,70.73,199.15}{127,71.13,200.15}{128,71.53,201.15}{129,71.93,202.15}{130,72.33,203.15}{131,72.73,204.15}{132,73.13,205.15}{133,73.53,206.15}{134,73.93,207.15}{135,74.33,208.15}{136,74.73,209.15}{137,75.13,210.15}{138,75.53,211.15}{139,75.93,212.15}{140,76.33,213.15}{141,76.73,214.15}{142,77.13,215.15}{143,77.52,216.15}{144,77.92,217.15}{145,78.32,218.15}{146,78.72,219.15}{147,79.11,220.15}{148,79.51,221.15}{149,79.91,222.15}{150,80.31,223.15}{151,80.7,224.15}{152,81.1,225.15}{153,81.5,226.15}{154,81.89,227.15}{155,82.29,228.15}{156,82.69,229.15}{157,83.08,230.15}{158,83.48,231.15}{159,83.88,232.15}{160,84.27,233.15}{161,84.67,234.15}{162,85.06,235.15}{163,85.46,236.15}{164,85.85,237.15}{165,86.25,238.15}{166,86.64,239.15}{167,87.04,240.15}{168,87.43,241.15}{169,87.83,242.15}{170,88.22,243.15}{171,88.62,244.15}{172,89.01,245.15}{173,89.4,246.15}{174,89.8,247.15}{175,90.19,248.15}{176,90.59,249.15}{177,90.98,250.15}{178,91.37,251.15}{179,91.77,252.15}{180,92.16,253.15}{181,92.55,254.15}{182,92.95,255.15}{183,93.34,256.15}{184,93.73,257.15}{185,94.12,258.15}{186,94.52,259.15}{187,94.91,260.15}{188,95.3,261.15}{189,95.69,262.15}{190,96.09,263.15}{191,96.48,264.15}{192,96.87,265.15}{193,97.26,266.15}{194,97.65,267.15}{195,98.04,268.15}{196,98.44,269.15}{197,98.83,270.15}{198,99.22,271.15}{199,99.61,272.15}{200,100,273.15}{201,100.39,274.15}{202,100.78,275.15}{203,101.17,276.15}{204,101.56,277.15}{205,101.95,278.15}{206,102.34,279.15}{207,102.73,280.15}{208,103.12,281.15}{209,103.51,282.15}{210,103.9,283.15}{211,104.29,284.15}{212,104.68,285.15}{213,105.07,286.15}{214,105.46,287.15}{215,105.85,288.15}{216,106.24,289.15}{217,106.63,290.15}{218,107.02,291.15}{219,107.4,292.15}{220,107.79,293.15}{221,108.18,294.15}{222,108.57,295.15}{223,108.96,296.15}{224,109.35,297.15}{225,109.73,298.15}{226,110.12,299.15}{227,110.51,300.15}{228,110.9,301.15}{229,111.28,302.15}{230,111.67,303.15}{231,112.06,304.15}{232,112.45,305.15}{233,112.83,306.15}{234,113.22,307.15}{235,113.61,308.15}{236,113.99,309.15}{237,114.38,310.15}{238,114.77,311.15}{239,115.15,312.15}{240,115.54,313.15}{241,115.93,314.15}{242,116.31,315.15}{243,116.7,316.15}{244,117.08,317.15}{245,117.47,318.15}{246,117.85,319.15}{247,118.24,320.15}{248,118.62,321.15}{249,119.01,322.15}{250,119.4,323.15}{251,119.78,324.15}{252,120.16,325.15}{253,120.55,326.15}{254,120.93,327.15}{255,121.32,328.15}{256,121.7,329.15}{257,122.09,330.15}{258,122.47,331.15}{259,122.86,332.15}{260,123.24,333.15}{261,123.62,334.15}{262,124.01,335.15}{263,124.39,336.15}{264,124.77,337.15}{265,125.17,338.15}{266,125.55,339.15}{267,125.93,340.15}{268,126.32,341.15}{269,126.7,342.15}{270,127.08,343.15}{271,127.46,344.15}{272,127.85,345.15}{273,128.23,346.15}{274,128.61,347.15}{275,128.99,348.15}{276,129.38,349.15}{277,129.76,350.15}{278,130.14,351.15}{279,130.52,352.15}{280,130.9,353.15}{281,131.28,354.15}{282,131.67,355.15}{283,132.05,356.15}{284,132.43,357.15}{285,132.81,358.15}{286,133.19,359.15}{287,133.57,360.15}{288,133.95,361.15}{289,134.33,362.15}{290,134.71,363.15}{291,135.09,364.15}{292,135.47,365.15}{293,135.85,366.15}{294,136.23,367.15}{295,136.61,368.15}{296,136.99,369.15}{297,137.37,370.15}{298,137.75,371.15}{299,138.13,372.15}{300,138.51,373.15}{301,138.89,374.15}{302,139.27,375.15}{303,139.65,376.15}{304,140.03,377.15}{305,140.39,378.15}{306,140.77,379.15}{307,141.15,380.15}{308,141.53,381.15}{309,141.91,382.15}{310,142.29,383.15}{311,142.66,384.15}{312,143.04,385.15}{313,143.42,386.15}{314,143.8,387.15}{315,144.18,388.15}{316,144.56,389.15}{317,144.94,390.15}{318,145.32,391.15}{319,145.69,392.15}{320,146.07,393.15}{321,146.45,394.15}{322,146.82,395.15}{323,147.2,396.15}{324,147.58,397.15}{325,147.95,398.15}{326,148.33,399.15}{327,148.71,400.15}{328,149.08,401.15}{329,149.46,402.15}{330,149.83,403.15}{331,150.21,404.15}{332,150.58,405.15}{333,150.96,406.15}{334,151.34,407.15}{335,151.71,408.15}{336,152.09,409.15}{337,152.46,410.15}{338,152.84,411.15}{339,153.21,412.15}{340,153.58,413.15}{341,153.95,414.15}{342,154.32,415.15}{343,154.71,416.15}{344,155.08,417.15}{345,155.46,418.15}{346,155.83,419.15}{347,156.21,420.15}{348,156.58,421.15}{349,156.96,422.15}{350,157.33,423.15}{351,157.71,424.15}{352,158.08,425.15}{353,158.45,426.15}{354,158.83,427.15}{355,159.2,428.15}{356,159.56,429.15}{357,159.94,430.15}{358,160.31,431.15}{359,160.68,432.15}{360,161.05,433.15}{361,161.43,434.15}{362,161.8,435.15}{363,162.17,436.15}{364,162.54,437.15}{365,162.91,438.15}{366,163.28,439.15}{367,163.66,440.15}{368,164.03,441.15}{369,164.4,442.15}{370,164.77,443.15}{371,165.14,444.15}{372,165.51,445.15}{373,165.88,446.15}{374,166.25,447.15}{375,166.62,448.15}{376,167,449.15}{377,167.37,450.15}{378,167.74,451.15}{379,168.11,452.15}{380,168.48,453.15}{381,168.85,454.15}{382,169.22,455.15}{383,169.59,456.15}{384,169.96,457.15}{385,170.33,458.15}{386,170.69,459.15}{387,171.06,460.15}{388,171.43,461.15}{389,171.8,462.15}{390,172.17,463.15}{391,172.54,464.15}{392,172.91,465.15}{393,173.27,466.15}{394,173.64,467.15}{395,174.01,468.15}{396,174.39,469.15}{397,174.75,470.15}{398,175.12,471.15}{399,175.49,472.15}{400,175.86,473.15}{401,176.23,474.15}{402,176.59,475.15}{403,176.96,476.15}{404,177.33,477.15}{405,177.7,478.15}{406,178.06,479.15}{407,178.43,480.15}{408,178.8,481.15}{409,179.16,482.15}{410,179.53,483.15}{411,179.9,484.15}{412,180.26,485.15}{413,180.63,486.15}{414,180.99,487.15}{415,181.36,488.15}{416,181.73,489.15}{417,182.09,490.15}{418,182.46,491.15}{419,182.82,492.15}{420,183.19,493.15}{421,183.55,494.15}{422,183.92,495.15}{423,184.28,496.15}{424,184.65,497.15}{425,185.01,498.15}{426,185.38,499.15}{427,185.74,500.15}{428,186.11,501.15}{429,186.47,502.15}{430,186.84,503.15}{431,187.2,504.15}{432,187.56,505.15}{433,187.93,506.15}{434,188.29,507.15}{435,188.65,508.15}{436,189.02,509.15}{437,189.38,510.15}{438,189.74,511.15}{439,190.11,512.15}{440,190.47,513.15}{441,190.83,514.15}{442,191.2,515.15}{443,191.56,516.15}{444,191.92,517.15}{445,192.28,518.15}{446,192.66,519.15}{447,193.02,520.15}{448,193.38,521.15}{449,193.74,522.15}{450,194.1,523.15}{451,194.47,524.15}{452,194.83,525.15}{453,195.19,526.15}{454,195.55,527.15}{455,195.9,528.15}{456,196.26,529.15}{457,196.62,530.15}{458,196.98,531.15}{459,197.35,532.15}{460,197.71,533.15}{461,198.07,534.15}{462,198.43,535.15}{463,198.79,536.15}{464,199.15,537.15}{465,199.51,538.15}{466,199.87,539.15}{467,200.23,540.15}{468,200.59,541.15}{469,200.95,542.15}{470,201.31,543.15}{471,201.67,544.15}{472,202.03,545.15}{473,202.38,546.15}{474,202.74,547.15}{475,203.1,548.15}{476,203.46,549.15}{477,203.82,550.15}{478,204.18,551.15}{479,204.54,552.15}{480,204.9,553.15}{481,205.25,554.15}{482,205.61,555.15}{483,205.97,556.15}{484,206.33,557.15}{485,206.7,558.15}{486,207.05,559.15}{487,207.41,560.15}{488,207.77,561.15}{489,208.13,562.15}{490,208.48,563.15}{491,208.84,564.15}{492,209.2,565.15}{493,209.55,566.15}{494,209.91,567.15}{495,210.27,568.15}{496,210.62,569.15}{497,210.98,570.15}{498,211.34,571.15}{499,211.69,572.15}{500,212.05,573.15}{501,212.4,574.15}{502,212.76,575.15}{503,213.12,576.15}{504,213.47,577.15}{505,213.83,578.15}{506,214.19,579.15}{507,214.55,580.15}{508,214.9,581.15}{509,215.26,582.15}{510,215.61,583.15}{511,215.97,584.15}{512,216.32,585.15}{513,216.68,586.15}{514,217.03,587.15}{515,217.39,588.15}{516,217.73,589.15}{517,218.08,590.15}{518,218.44,591.15}{519,218.79,592.15}{520,219.15,593.15}{521,219.5,594.15}{522,219.85,595.15}{523,220.21,596.15}{524,220.56,597.15}{525,220.91,598.15}{526,221.27,599.15}{527,221.62,600.15}{528,221.97,601.15}{529,222.32,602.15}{530,222.68,603.15}{531,223.03,604.15}{532,223.38,605.15}{533,223.73,606.15}{534,224.09,607.15}{535,224.45,608.15}{536,224.8,609.15}{537,225.15,610.15}{538,225.5,611.15}{539,225.85,612.15}{540,226.21,613.15}{541,226.56,614.15}{542,226.91,615.15}{543,227.26,616.15}{544,227.61,617.15}{545,227.96,618.15}{546,228.31,619.15}{547,228.66,620.15}{548,229.01,621.15}{549,229.36,622.15}{550,229.72,623.15}{551,230.07,624.15}{552,230.42,625.15}{553,230.77,626.15}{554,231.12,627.15}{555,231.47,628.15}{556,231.81,629.15}{557,232.16,630.15}{558,232.51,631.15}{559,232.86,632.15}{560,233.21,633.15}{561,233.56,634.15}{562,233.91,635.15}{563,234.26,636.15}{564,234.6,637.15}{565,234.95,638.15}{566,235.3,639.15}{567,235.65,640.15}{568,236,641.15}{569,236.35,642.15}{570,236.7,643.15}{571,237.05,644.15}{572,237.4,645.15}{573,237.75,646.15}{574,238.09,647.15}{575,238.44,648.15}{576,238.79,649.15}{577,239.14,650.15}{578,239.48,651.15}{579,239.83,652.15}{580,240.18,653.15}{581,240.52,654.15}{582,240.87,655.15}{583,241.22,656.15}{584,241.56,657.15}{585,241.91,658.15}{586,242.25,659.15}{587,242.6,660.15}{588,242.95,661.15}{589,243.29,662.15}{590,243.64,663.15}{591,243.98,664.15}{592,244.33,665.15}{593,244.67,666.15}{594,245.02,667.15}{595,245.36,668.15}{596,245.71,669.15}{597,246.05,670.15}{598,246.4,671.15}{599,246.74,672.15}{600,247.09,673.15}{601,247.43,674.15}{602,247.78,675.15}{603,248.12,676.15}{604,248.46,677.15}{605,248.81,678.15}{606,249.15,679.15}{607,249.5,680.15}{608,249.84,681.15}{609,250.18,682.15}{610,250.53,683.15}{611,250.89,684.15}{612,251.21,685.15}{613,251.55,686.15}{614,251.9,687.15}{615,252.24,688.15}{616,252.59,689.15}{617,252.94,690.15}{618,253.28,691.15}{619,253.62,692.15}{620,253.96,693.15}{621,254.3,694.15}{622,254.65,695.15}{623,254.99,696.15}{624,255.33,697.15}{625,255.67,698.15}{626,256.01,699.15}{627,256.35,700.15}{628,256.7,701.15}{629,257.04,702.15}{630,257.38,703.15}{631,257.72,704.15}{632,258.06,705.15}{633,258.4,706.15}{634,258.74,707.15}{635,259.08,708.15}{636,259.42,709.15}{637,259.76,710.15}{638,260.1,711.15}{639,260.44,712.15}{640,260.78,713.15}{641,261.12,714.15}{642,261.46,715.15}{643,261.8,716.15}{644,262.14,717.15}{645,262.48,718.15}{646,262.83,719.15}{647,263.17,720.15}{648,263.5,721.15}{649,263.84,722.15}{650,264.18,723.15}{651,264.52,724.15}{652,264.86,725.15}{653,265.2,726.15}{654,265.54,727.15}{655,265.87,728.15}{656,266.21,729.15}{657,266.55,730.15}{658,266.89,731.15}{659,267.22,732.15}{660,267.56,733.15}{661,267.9,734.15}{662,268.24,735.15}{663,268.57,736.15}{664,268.91,737.15}{665,269.25,738.15}{666,269.58,739.15}{667,269.92,740.15}{668,270.26,741.15}{669,270.59,742.15}{670,270.93,743.15}{671,271.27,744.15}{672,271.6,745.15}{673,271.94,746.15}{674,272.27,747.15}{675,272.61,748.15}{676,272.95,749.15}{677,273.28,750.15}{678,273.62,751.15}{679,273.95,752.15}{680,274.29,753.15}{681,274.62,754.15}{682,274.96,755.15}{683,275.29,756.15}{684,275.63,757.15}{685,275.96,758.15}{686,276.31,759.15}{687,276.64,760.15}{688,276.97,761.15}{689,277.31,762.15}{690,277.64,763.15}{691,277.98,764.15}{692,278.31,765.15}{693,278.64,766.15}{694,278.98,767.15}{695,279.31,768.15}{696,279.64,769.15}{697,279.98,770.15}{698,280.31,771.15}{699,280.64,772.15}{700,280.98,773.15}{701,281.31,774.15}{702,281.64,775.15}{703,281.97,776.15}{704,282.31,777.15}{705,282.64,778.15}{706,282.97,779.15}{707,283.3,780.15}{708,283.63,781.15}{709,283.97,782.15}{710,284.3,783.15}{711,284.63,784.15}{712,284.96,785.15}{713,285.29,786.15}{714,285.62,787.15}{715,285.95,788.15}{716,286.3,789.15}{717,286.63,790.15}{718,286.96,791.15}{719,287.29,792.15}{720,287.62,793.15}{721,287.95,794.15}{722,288.28,795.15}{723,288.61,796.15}{724,288.94,797.15}{725,289.27,798.15}{726,289.6,799.15}{727,289.93,800.15}{728,290.26,801.15}{729,290.59,802.15}{730,290.92,803.15}{731,291.25,804.15}{732,291.58,805.15}{733,291.9,806.15}{734,292.23,807.15}{735,292.56,808.15}{736,292.9,809.15}{737,293.23,810.15}{738,293.56,811.15}{739,293.89,812.15}{740,294.21,813.15}{741,294.54,814.15}{742,294.87,815.15}{743,295.2,816.15}{744,295.53,817.15}{745,295.85,818.15}{746,296.18,819.15}{747,296.51,820.15}{748,296.84,821.15}{749,297.16,822.15}{750,297.49,823.15}{751,297.82,824.15}{752,298.14,825.15}{753,298.47,826.15}{754,298.8,827.15}{755,299.12,828.15}{756,299.45,829.15}{757,299.78,830.15}{758,300.1,831.15}{759,300.43,832.15}{760,300.75,833.15}{761,301.08,834.15}{762,301.41,835.15}{763,301.73,836.15}{764,302.06,837.15}{765,302.38,838.15}{766,302.71,839.15}{767,303.03,840.15}{768,303.36,841.15}{769,303.68,842.15}{770,304.01,843.15}{771,304.33,844.15}{772,304.66,845.15}{773,304.98,846.15}{774,305.3,847.15}{775,305.63,848.15}{776,305.95,849.15}{777,306.28,850.15}{778,306.6,851.15}{779,306.92,852.15}{780,307.25,853.15}{781,307.57,854.15}{782,307.89,855.15}{783,308.22,856.15}{784,308.54,857.15}{785,308.86,858.15}{786,309.19,859.15}{787,309.51,860.15}{788,309.83,861.15}{789,310.15,862.15}{790,310.48,863.15}{791,310.8,864.15}{792,311.12,865.15}{793,311.45,866.15}{794,311.78,867.15}{795,312.1,868.15}{796,312.43,869.15}{797,312.75,870.15}{798,313.07,871.15}{799,313.39,872.15}{800,313.71,873.15}{801,314.04,874.15}{802,314.36,875.15}{803,314.68,876.15}{804,315,877.15}{805,315.32,878.15}{806,315.64,879.15}{807,315.96,880.15}{808,316.28,881.15}{809,316.6,882.15}{810,316.92,883.15}{811,317.24,884.15}{812,317.56,885.15}{813,317.88,886.15}{814,318.2,887.15}{815,318.52,888.15}{816,318.85,889.15}{817,319.17,890.15}{818,319.49,891.15}{819,319.81,892.15}{820,320.12,893.15}{821,320.44,894.15}{822,320.76,895.15}{823,321.08,896.15}{824,321.4,897.15}{825,321.72,898.15}{826,322.03,899.15}{827,322.34,900.15}{828,322.66,901.15}{829,322.98,902.15}{830,323.3,903.15}{831,323.61,904.15}{832,323.93,905.15}{833,324.25,906.15}{834,324.57,907.15}{835,324.88,908.15}{836,325.21,909.15}{837,325.53,910.15}{838,325.85,911.15}{839,326.16,912.15}{840,326.48,913.15}{841,326.79,914.15}{842,327.11,915.15}{843,327.43,916.15}{844,327.74,917.15}{845,328.06,918.15}{846,328.38,919.15}{847,328.69,920.15}{848,329.01,921.15}{849,329.32,922.15}{850,329.64,923.15}{851,329.95,924.15}{852,330.27,925.15}{853,330.58,926.15}{854,330.9,927.15}{855,331.21,928.15}{856,331.53,929.15}{857,331.84,930.15}{858,332.16,931.15}{859,332.47,932.15}{860,332.79,933.15}{861,333.1,934.15}{862,333.41,935.15}{863,333.73,936.15}{864,334.04,937.15}{865,334.36,938.15}{866,334.68,939.15}{867,334.99,940.15}{868,335.31,941.15}{869,335.62,942.15}{870,335.93,943.15}{871,336.25,944.15}{872,336.56,945.15}{873,336.87,946.15}{874,337.18,947.15}{875,337.5,948.15}{876,337.81,949.15}{877,338.12,950.15}{878,338.43,951.15}{879,338.75,952.15}{880,339.06,953.15}{881,339.37,954.15}{882,339.68,955.15}{883,339.99,956.15}{884,340.3,957.15}{885,340.62,958.15}{886,340.94,959.15}{887,341.25,960.15}{888,341.55,961.15}{889,341.87,962.15}{890,342.18,963.15}{891,342.49,964.15}{892,342.8,965.15}{893,343.11,966.15}{894,343.42,967.15}{895,343.73,968.15}{896,344.04,969.15}{897,344.35,970.15}{898,344.66,971.15}{899,344.97,972.15}{900,345.28,973.15}{901,345.59,974.15}{902,345.9,975.15}{903,346.21,976.15}{904,346.52,977.15}{905,346.83,978.15}{906,347.15,979.15}{907,347.46,980.15}{908,347.76,981.15}{909,348.07,982.15}{910,348.38,983.15}{911,348.69,984.15}{912,349,985.15}{913,349.31,986.15}{914,349.61,987.15}{915,349.92,988.15}{916,350.23,989.15}{917,350.54,990.15}{918,350.85,991.15}{919,351.15,992.15}{920,351.46,993.15}{921,351.77,994.15}{922,352.07,995.15}{923,352.38,996.15}{924,352.69,997.15}{925,352.99,998.15}{926,353.3,999.15}{927,353.61,1000.15}{928,353.91,1001.15}{929,354.22,1002.15}{930,354.53,1003.15}{931,354.83,1004.15}{932,355.14,1005.15}{933,355.44,1006.15}{934,355.75,1007.15}{935,356.06,1008.15}{936,356.37,1009.15}{937,356.68,1010.15}{938,356.98,1011.15}{939,357.29,1012.15}{940,357.59,1013.15}{941,357.9,1014.15}{942,358.2,1015.15}{943,358.51,1016.15}{944,358.81,1017.15}{945,359.12,1018.15}{946,359.42,1019.15}{947,359.72,1020.15}{948,360.03,1021.15}{949,360.33,1022.15}{950,360.64,1023.15}{951,360.94,1024.15}{952,361.24,1025.15}{953,361.55,1026.15}{954,361.85,1027.15}{955,362.15,1028.15}{956,362.46,1029.15}{957,362.76,1030.15}{958,363.06,1031.15}{959,363.36,1032.15}{960,363.67,1033.15}{961,363.97,1034.15}{962,364.27,1035.15}{963,364.57,1036.15}{964,364.88,1037.15}{965,365.18,1038.15}{966,365.49,1039.15}{967,365.79,1040.15}{968,366.09,1041.15}{969,366.4,1042.15}{970,366.7,1043.15}{971,367,1044.15}{972,367.3,1045.15}{973,367.6,1046.15}{974,367.9,1047.15}{975,368.2,1048.15}{976,368.5,1049.15}{977,368.81,1050.15}{978,369.11,1051.15}{979,369.41,1052.15}{980,369.71,1053.15}{981,370.01,1054.15}{982,370.31,1055.15}{983,370.61,1056.15}{984,370.91,1057.15}{985,371.21,1058.15}{986,371.52,1059.15}{987,371.82,1060.15}{988,372.12,1061.15}{989,372.41,1062.15}{990,372.71,1063.15}{991,373.01,1064.15}{992,373.31,1065.15}{993,373.61,1066.15}{994,373.91,1067.15}{995,374.21,1068.15}{996,374.51,1069.15}{997,374.8,1070.15}{998,375.1,1071.15}{999,375.4,1072.15}{1000,375.7,1073.15}{1001,376,1074.15}{1002,376.29,1075.15}{1003,376.59,1076.15}{1004,376.89,1077.15}{1005,377.19,1078.15}{1006,377.49,1079.15}{1007,377.79,1080.15}{1008,378.09,1081.15}{1009,378.39,1082.15}{1010,378.68,1083.15}{1011,378.98,1084.15}{1012,379.28,1085.15}{1013,379.57,1086.15}{1014,379.87,1087.15}{1015,380.17,1088.15}{1016,380.46,1089.15}{1017,380.76,1090.15}{1018,381.05,1091.15}{1019,381.35,1092.15}{1020,381.65,1093.15}{1021,381.94,1094.15}{1022,382.24,1095.15}{1023,382.53,1096.15}{1024,382.83,1097.15}{1025,383.12,1098.15}{1026,383.42,1099.15}{1027,383.71,1100.15}{1028,384.01,1101.15}{1029,384.3,1102.15}{1030,384.6,1103.15}{1031,384.89,1104.15}{1032,385.18,1105.15}{1033,385.48,1106.15}{1034,385.77,1107.15}{1035,386.07,1108.15}{1036,386.37,1109.15}{1037,386.66,1110.15}{1038,386.96,1111.15}{1039,387.25,1112.15}{1040,387.55,1113.15}{1041,387.84,1114.15}{1042,388.13,1115.15}{1043,388.42,1116.15}{1044,388.72,1117.15}{1045,389.01,1118.15}{1046,389.31,1119.15}{1047,389.61,1120.15}{1048,389.9,1121.15}{1049,390.19,1122.15}{1050,390.48,1123.15}&quot;"/>
                                                                <instance name="dev01/Config/ch00002/Calibration_Sensor_Curve" order="0" value="&quot;{0,18.52,73.15}{1,18.96,74.15}{2,19.39,75.15}{3,19.82,76.15}{4,20.25,77.15}{5,20.68,78.15}{6,21.11,79.15}{7,21.54,80.15}{8,21.97,81.15}{9,22.4,82.15}{10,22.83,83.15}{11,23.26,84.15}{12,23.69,85.15}{13,24.12,86.15}{14,24.55,87.15}{15,24.97,88.15}{16,25.39,89.15}{17,25.82,90.15}{18,26.25,91.15}{19,26.67,92.15}{20,27.1,93.15}{21,27.52,94.15}{22,27.95,95.15}{23,28.37,96.15}{24,28.8,97.15}{25,29.22,98.15}{26,29.65,99.15}{27,30.07,100.15}{28,30.49,101.15}{29,30.92,102.15}{30,31.34,103.15}{31,31.76,104.15}{32,32.18,105.15}{33,32.61,106.15}{34,33.03,107.15}{35,33.45,108.15}{36,33.86,109.15}{37,34.28,110.15}{38,34.7,111.15}{39,35.12,112.15}{40,35.54,113.15}{41,35.96,114.15}{42,36.38,115.15}{43,36.8,116.15}{44,37.22,117.15}{45,37.63,118.15}{46,38.05,119.15}{47,38.47,120.15}{48,38.89,121.15}{49,39.31,122.15}{50,39.72,123.15}{51,40.14,124.15}{52,40.56,125.15}{53,40.97,126.15}{54,41.39,127.15}{55,41.8,128.15}{56,42.22,129.15}{57,42.64,130.15}{58,43.05,131.15}{59,43.46,132.15}{60,43.88,133.15}{61,44.29,134.15}{62,44.71,135.15}{63,45.12,136.15}{64,45.53,137.15}{65,45.95,138.15}{66,46.35,139.15}{67,46.76,140.15}{68,47.18,141.15}{69,47.59,142.15}{70,48,143.15}{71,48.41,144.15}{72,48.82,145.15}{73,49.23,146.15}{74,49.64,147.15}{75,50.06,148.15}{76,50.47,149.15}{77,50.88,150.15}{78,51.29,151.15}{79,51.7,152.15}{80,52.11,153.15}{81,52.52,154.15}{82,52.92,155.15}{83,53.33,156.15}{84,53.74,157.15}{85,54.15,158.15}{86,54.56,159.15}{87,54.97,160.15}{88,55.38,161.15}{89,55.78,162.15}{90,56.19,163.15}{91,56.6,164.15}{92,57,165.15}{93,57.41,166.15}{94,57.82,167.15}{95,58.22,168.15}{96,58.63,169.15}{97,59.04,170.15}{98,59.44,171.15}{99,59.85,172.15}{100,60.26,173.15}{101,60.67,174.15}{102,61.07,175.15}{103,61.48,176.15}{104,61.87,177.15}{105,62.29,178.15}{106,62.69,179.15}{107,63.1,180.15}{108,63.5,181.15}{109,63.91,182.15}{110,64.3,183.15}{111,64.7,184.15}{112,65.11,185.15}{113,65.51,186.15}{114,65.91,187.15}{115,66.31,188.15}{116,66.72,189.15}{117,67.12,190.15}{118,67.52,191.15}{119,67.92,192.15}{120,68.33,193.15}{121,68.73,194.15}{122,69.13,195.15}{123,69.53,196.15}{124,69.93,197.15}{125,70.33,198.15}{126,70.73,199.15}{127,71.13,200.15}{128,71.53,201.15}{129,71.93,202.15}{130,72.33,203.15}{131,72.73,204.15}{132,73.13,205.15}{133,73.53,206.15}{134,73.93,207.15}{135,74.33,208.15}{136,74.73,209.15}{137,75.13,210.15}{138,75.53,211.15}{139,75.93,212.15}{140,76.33,213.15}{141,76.73,214.15}{142,77.13,215.15}{143,77.52,216.15}{144,77.92,217.15}{145,78.32,218.15}{146,78.72,219.15}{147,79.11,220.15}{148,79.51,221.15}{149,79.91,222.15}{150,80.31,223.15}{151,80.7,224.15}{152,81.1,225.15}{153,81.5,226.15}{154,81.89,227.15}{155,82.29,228.15}{156,82.69,229.15}{157,83.08,230.15}{158,83.48,231.15}{159,83.88,232.15}{160,84.27,233.15}{161,84.67,234.15}{162,85.06,235.15}{163,85.46,236.15}{164,85.85,237.15}{165,86.25,238.15}{166,86.64,239.15}{167,87.04,240.15}{168,87.43,241.15}{169,87.83,242.15}{170,88.22,243.15}{171,88.62,244.15}{172,89.01,245.15}{173,89.4,246.15}{174,89.8,247.15}{175,90.19,248.15}{176,90.59,249.15}{177,90.98,250.15}{178,91.37,251.15}{179,91.77,252.15}{180,92.16,253.15}{181,92.55,254.15}{182,92.95,255.15}{183,93.34,256.15}{184,93.73,257.15}{185,94.12,258.15}{186,94.52,259.15}{187,94.91,260.15}{188,95.3,261.15}{189,95.69,262.15}{190,96.09,263.15}{191,96.48,264.15}{192,96.87,265.15}{193,97.26,266.15}{194,97.65,267.15}{195,98.04,268.15}{196,98.44,269.15}{197,98.83,270.15}{198,99.22,271.15}{199,99.61,272.15}{200,100,273.15}{201,100.39,274.15}{202,100.78,275.15}{203,101.17,276.15}{204,101.56,277.15}{205,101.95,278.15}{206,102.34,279.15}{207,102.73,280.15}{208,103.12,281.15}{209,103.51,282.15}{210,103.9,283.15}{211,104.29,284.15}{212,104.68,285.15}{213,105.07,286.15}{214,105.46,287.15}{215,105.85,288.15}{216,106.24,289.15}{217,106.63,290.15}{218,107.02,291.15}{219,107.4,292.15}{220,107.79,293.15}{221,108.18,294.15}{222,108.57,295.15}{223,108.96,296.15}{224,109.35,297.15}{225,109.73,298.15}{226,110.12,299.15}{227,110.51,300.15}{228,110.9,301.15}{229,111.28,302.15}{230,111.67,303.15}{231,112.06,304.15}{232,112.45,305.15}{233,112.83,306.15}{234,113.22,307.15}{235,113.61,308.15}{236,113.99,309.15}{237,114.38,310.15}{238,114.77,311.15}{239,115.15,312.15}{240,115.54,313.15}{241,115.93,314.15}{242,116.31,315.15}{243,116.7,316.15}{244,117.08,317.15}{245,117.47,318.15}{246,117.85,319.15}{247,118.24,320.15}{248,118.62,321.15}{249,119.01,322.15}{250,119.4,323.15}{251,119.78,324.15}{252,120.16,325.15}{253,120.55,326.15}{254,120.93,327.15}{255,121.32,328.15}{256,121.7,329.15}{257,122.09,330.15}{258,122.47,331.15}{259,122.86,332.15}{260,123.24,333.15}{261,123.62,334.15}{262,124.01,335.15}{263,124.39,336.15}{264,124.77,337.15}{265,125.17,338.15}{266,125.55,339.15}{267,125.93,340.15}{268,126.32,341.15}{269,126.7,342.15}{270,127.08,343.15}{271,127.46,344.15}{272,127.85,345.15}{273,128.23,346.15}{274,128.61,347.15}{275,128.99,348.15}{276,129.38,349.15}{277,129.76,350.15}{278,130.14,351.15}{279,130.52,352.15}{280,130.9,353.15}{281,131.28,354.15}{282,131.67,355.15}{283,132.05,356.15}{284,132.43,357.15}{285,132.81,358.15}{286,133.19,359.15}{287,133.57,360.15}{288,133.95,361.15}{289,134.33,362.15}{290,134.71,363.15}{291,135.09,364.15}{292,135.47,365.15}{293,135.85,366.15}{294,136.23,367.15}{295,136.61,368.15}{296,136.99,369.15}{297,137.37,370.15}{298,137.75,371.15}{299,138.13,372.15}{300,138.51,373.15}{301,138.89,374.15}{302,139.27,375.15}{303,139.65,376.15}{304,140.03,377.15}{305,140.39,378.15}{306,140.77,379.15}{307,141.15,380.15}{308,141.53,381.15}{309,141.91,382.15}{310,142.29,383.15}{311,142.66,384.15}{312,143.04,385.15}{313,143.42,386.15}{314,143.8,387.15}{315,144.18,388.15}{316,144.56,389.15}{317,144.94,390.15}{318,145.32,391.15}{319,145.69,392.15}{320,146.07,393.15}{321,146.45,394.15}{322,146.82,395.15}{323,147.2,396.15}{324,147.58,397.15}{325,147.95,398.15}{326,148.33,399.15}{327,148.71,400.15}{328,149.08,401.15}{329,149.46,402.15}{330,149.83,403.15}{331,150.21,404.15}{332,150.58,405.15}{333,150.96,406.15}{334,151.34,407.15}{335,151.71,408.15}{336,152.09,409.15}{337,152.46,410.15}{338,152.84,411.15}{339,153.21,412.15}{340,153.58,413.15}{341,153.95,414.15}{342,154.32,415.15}{343,154.71,416.15}{344,155.08,417.15}{345,155.46,418.15}{346,155.83,419.15}{347,156.21,420.15}{348,156.58,421.15}{349,156.96,422.15}{350,157.33,423.15}{351,157.71,424.15}{352,158.08,425.15}{353,158.45,426.15}{354,158.83,427.15}{355,159.2,428.15}{356,159.56,429.15}{357,159.94,430.15}{358,160.31,431.15}{359,160.68,432.15}{360,161.05,433.15}{361,161.43,434.15}{362,161.8,435.15}{363,162.17,436.15}{364,162.54,437.15}{365,162.91,438.15}{366,163.28,439.15}{367,163.66,440.15}{368,164.03,441.15}{369,164.4,442.15}{370,164.77,443.15}{371,165.14,444.15}{372,165.51,445.15}{373,165.88,446.15}{374,166.25,447.15}{375,166.62,448.15}{376,167,449.15}{377,167.37,450.15}{378,167.74,451.15}{379,168.11,452.15}{380,168.48,453.15}{381,168.85,454.15}{382,169.22,455.15}{383,169.59,456.15}{384,169.96,457.15}{385,170.33,458.15}{386,170.69,459.15}{387,171.06,460.15}{388,171.43,461.15}{389,171.8,462.15}{390,172.17,463.15}{391,172.54,464.15}{392,172.91,465.15}{393,173.27,466.15}{394,173.64,467.15}{395,174.01,468.15}{396,174.39,469.15}{397,174.75,470.15}{398,175.12,471.15}{399,175.49,472.15}{400,175.86,473.15}{401,176.23,474.15}{402,176.59,475.15}{403,176.96,476.15}{404,177.33,477.15}{405,177.7,478.15}{406,178.06,479.15}{407,178.43,480.15}{408,178.8,481.15}{409,179.16,482.15}{410,179.53,483.15}{411,179.9,484.15}{412,180.26,485.15}{413,180.63,486.15}{414,180.99,487.15}{415,181.36,488.15}{416,181.73,489.15}{417,182.09,490.15}{418,182.46,491.15}{419,182.82,492.15}{420,183.19,493.15}{421,183.55,494.15}{422,183.92,495.15}{423,184.28,496.15}{424,184.65,497.15}{425,185.01,498.15}{426,185.38,499.15}{427,185.74,500.15}{428,186.11,501.15}{429,186.47,502.15}{430,186.84,503.15}{431,187.2,504.15}{432,187.56,505.15}{433,187.93,506.15}{434,188.29,507.15}{435,188.65,508.15}{436,189.02,509.15}{437,189.38,510.15}{438,189.74,511.15}{439,190.11,512.15}{440,190.47,513.15}{441,190.83,514.15}{442,191.2,515.15}{443,191.56,516.15}{444,191.92,517.15}{445,192.28,518.15}{446,192.66,519.15}{447,193.02,520.15}{448,193.38,521.15}{449,193.74,522.15}{450,194.1,523.15}{451,194.47,524.15}{452,194.83,525.15}{453,195.19,526.15}{454,195.55,527.15}{455,195.9,528.15}{456,196.26,529.15}{457,196.62,530.15}{458,196.98,531.15}{459,197.35,532.15}{460,197.71,533.15}{461,198.07,534.15}{462,198.43,535.15}{463,198.79,536.15}{464,199.15,537.15}{465,199.51,538.15}{466,199.87,539.15}{467,200.23,540.15}{468,200.59,541.15}{469,200.95,542.15}{470,201.31,543.15}{471,201.67,544.15}{472,202.03,545.15}{473,202.38,546.15}{474,202.74,547.15}{475,203.1,548.15}{476,203.46,549.15}{477,203.82,550.15}{478,204.18,551.15}{479,204.54,552.15}{480,204.9,553.15}{481,205.25,554.15}{482,205.61,555.15}{483,205.97,556.15}{484,206.33,557.15}{485,206.7,558.15}{486,207.05,559.15}{487,207.41,560.15}{488,207.77,561.15}{489,208.13,562.15}{490,208.48,563.15}{491,208.84,564.15}{492,209.2,565.15}{493,209.55,566.15}{494,209.91,567.15}{495,210.27,568.15}{496,210.62,569.15}{497,210.98,570.15}{498,211.34,571.15}{499,211.69,572.15}{500,212.05,573.15}{501,212.4,574.15}{502,212.76,575.15}{503,213.12,576.15}{504,213.47,577.15}{505,213.83,578.15}{506,214.19,579.15}{507,214.55,580.15}{508,214.9,581.15}{509,215.26,582.15}{510,215.61,583.15}{511,215.97,584.15}{512,216.32,585.15}{513,216.68,586.15}{514,217.03,587.15}{515,217.39,588.15}{516,217.73,589.15}{517,218.08,590.15}{518,218.44,591.15}{519,218.79,592.15}{520,219.15,593.15}{521,219.5,594.15}{522,219.85,595.15}{523,220.21,596.15}{524,220.56,597.15}{525,220.91,598.15}{526,221.27,599.15}{527,221.62,600.15}{528,221.97,601.15}{529,222.32,602.15}{530,222.68,603.15}{531,223.03,604.15}{532,223.38,605.15}{533,223.73,606.15}{534,224.09,607.15}{535,224.45,608.15}{536,224.8,609.15}{537,225.15,610.15}{538,225.5,611.15}{539,225.85,612.15}{540,226.21,613.15}{541,226.56,614.15}{542,226.91,615.15}{543,227.26,616.15}{544,227.61,617.15}{545,227.96,618.15}{546,228.31,619.15}{547,228.66,620.15}{548,229.01,621.15}{549,229.36,622.15}{550,229.72,623.15}{551,230.07,624.15}{552,230.42,625.15}{553,230.77,626.15}{554,231.12,627.15}{555,231.47,628.15}{556,231.81,629.15}{557,232.16,630.15}{558,232.51,631.15}{559,232.86,632.15}{560,233.21,633.15}{561,233.56,634.15}{562,233.91,635.15}{563,234.26,636.15}{564,234.6,637.15}{565,234.95,638.15}{566,235.3,639.15}{567,235.65,640.15}{568,236,641.15}{569,236.35,642.15}{570,236.7,643.15}{571,237.05,644.15}{572,237.4,645.15}{573,237.75,646.15}{574,238.09,647.15}{575,238.44,648.15}{576,238.79,649.15}{577,239.14,650.15}{578,239.48,651.15}{579,239.83,652.15}{580,240.18,653.15}{581,240.52,654.15}{582,240.87,655.15}{583,241.22,656.15}{584,241.56,657.15}{585,241.91,658.15}{586,242.25,659.15}{587,242.6,660.15}{588,242.95,661.15}{589,243.29,662.15}{590,243.64,663.15}{591,243.98,664.15}{592,244.33,665.15}{593,244.67,666.15}{594,245.02,667.15}{595,245.36,668.15}{596,245.71,669.15}{597,246.05,670.15}{598,246.4,671.15}{599,246.74,672.15}{600,247.09,673.15}{601,247.43,674.15}{602,247.78,675.15}{603,248.12,676.15}{604,248.46,677.15}{605,248.81,678.15}{606,249.15,679.15}{607,249.5,680.15}{608,249.84,681.15}{609,250.18,682.15}{610,250.53,683.15}{611,250.89,684.15}{612,251.21,685.15}{613,251.55,686.15}{614,251.9,687.15}{615,252.24,688.15}{616,252.59,689.15}{617,252.94,690.15}{618,253.28,691.15}{619,253.62,692.15}{620,253.96,693.15}{621,254.3,694.15}{622,254.65,695.15}{623,254.99,696.15}{624,255.33,697.15}{625,255.67,698.15}{626,256.01,699.15}{627,256.35,700.15}{628,256.7,701.15}{629,257.04,702.15}{630,257.38,703.15}{631,257.72,704.15}{632,258.06,705.15}{633,258.4,706.15}{634,258.74,707.15}{635,259.08,708.15}{636,259.42,709.15}{637,259.76,710.15}{638,260.1,711.15}{639,260.44,712.15}{640,260.78,713.15}{641,261.12,714.15}{642,261.46,715.15}{643,261.8,716.15}{644,262.14,717.15}{645,262.48,718.15}{646,262.83,719.15}{647,263.17,720.15}{648,263.5,721.15}{649,263.84,722.15}{650,264.18,723.15}{651,264.52,724.15}{652,264.86,725.15}{653,265.2,726.15}{654,265.54,727.15}{655,265.87,728.15}{656,266.21,729.15}{657,266.55,730.15}{658,266.89,731.15}{659,267.22,732.15}{660,267.56,733.15}{661,267.9,734.15}{662,268.24,735.15}{663,268.57,736.15}{664,268.91,737.15}{665,269.25,738.15}{666,269.58,739.15}{667,269.92,740.15}{668,270.26,741.15}{669,270.59,742.15}{670,270.93,743.15}{671,271.27,744.15}{672,271.6,745.15}{673,271.94,746.15}{674,272.27,747.15}{675,272.61,748.15}{676,272.95,749.15}{677,273.28,750.15}{678,273.62,751.15}{679,273.95,752.15}{680,274.29,753.15}{681,274.62,754.15}{682,274.96,755.15}{683,275.29,756.15}{684,275.63,757.15}{685,275.96,758.15}{686,276.31,759.15}{687,276.64,760.15}{688,276.97,761.15}{689,277.31,762.15}{690,277.64,763.15}{691,277.98,764.15}{692,278.31,765.15}{693,278.64,766.15}{694,278.98,767.15}{695,279.31,768.15}{696,279.64,769.15}{697,279.98,770.15}{698,280.31,771.15}{699,280.64,772.15}{700,280.98,773.15}{701,281.31,774.15}{702,281.64,775.15}{703,281.97,776.15}{704,282.31,777.15}{705,282.64,778.15}{706,282.97,779.15}{707,283.3,780.15}{708,283.63,781.15}{709,283.97,782.15}{710,284.3,783.15}{711,284.63,784.15}{712,284.96,785.15}{713,285.29,786.15}{714,285.62,787.15}{715,285.95,788.15}{716,286.3,789.15}{717,286.63,790.15}{718,286.96,791.15}{719,287.29,792.15}{720,287.62,793.15}{721,287.95,794.15}{722,288.28,795.15}{723,288.61,796.15}{724,288.94,797.15}{725,289.27,798.15}{726,289.6,799.15}{727,289.93,800.15}{728,290.26,801.15}{729,290.59,802.15}{730,290.92,803.15}{731,291.25,804.15}{732,291.58,805.15}{733,291.9,806.15}{734,292.23,807.15}{735,292.56,808.15}{736,292.9,809.15}{737,293.23,810.15}{738,293.56,811.15}{739,293.89,812.15}{740,294.21,813.15}{741,294.54,814.15}{742,294.87,815.15}{743,295.2,816.15}{744,295.53,817.15}{745,295.85,818.15}{746,296.18,819.15}{747,296.51,820.15}{748,296.84,821.15}{749,297.16,822.15}{750,297.49,823.15}{751,297.82,824.15}{752,298.14,825.15}{753,298.47,826.15}{754,298.8,827.15}{755,299.12,828.15}{756,299.45,829.15}{757,299.78,830.15}{758,300.1,831.15}{759,300.43,832.15}{760,300.75,833.15}{761,301.08,834.15}{762,301.41,835.15}{763,301.73,836.15}{764,302.06,837.15}{765,302.38,838.15}{766,302.71,839.15}{767,303.03,840.15}{768,303.36,841.15}{769,303.68,842.15}{770,304.01,843.15}{771,304.33,844.15}{772,304.66,845.15}{773,304.98,846.15}{774,305.3,847.15}{775,305.63,848.15}{776,305.95,849.15}{777,306.28,850.15}{778,306.6,851.15}{779,306.92,852.15}{780,307.25,853.15}{781,307.57,854.15}{782,307.89,855.15}{783,308.22,856.15}{784,308.54,857.15}{785,308.86,858.15}{786,309.19,859.15}{787,309.51,860.15}{788,309.83,861.15}{789,310.15,862.15}{790,310.48,863.15}{791,310.8,864.15}{792,311.12,865.15}{793,311.45,866.15}{794,311.78,867.15}{795,312.1,868.15}{796,312.43,869.15}{797,312.75,870.15}{798,313.07,871.15}{799,313.39,872.15}{800,313.71,873.15}{801,314.04,874.15}{802,314.36,875.15}{803,314.68,876.15}{804,315,877.15}{805,315.32,878.15}{806,315.64,879.15}{807,315.96,880.15}{808,316.28,881.15}{809,316.6,882.15}{810,316.92,883.15}{811,317.24,884.15}{812,317.56,885.15}{813,317.88,886.15}{814,318.2,887.15}{815,318.52,888.15}{816,318.85,889.15}{817,319.17,890.15}{818,319.49,891.15}{819,319.81,892.15}{820,320.12,893.15}{821,320.44,894.15}{822,320.76,895.15}{823,321.08,896.15}{824,321.4,897.15}{825,321.72,898.15}{826,322.03,899.15}{827,322.34,900.15}{828,322.66,901.15}{829,322.98,902.15}{830,323.3,903.15}{831,323.61,904.15}{832,323.93,905.15}{833,324.25,906.15}{834,324.57,907.15}{835,324.88,908.15}{836,325.21,909.15}{837,325.53,910.15}{838,325.85,911.15}{839,326.16,912.15}{840,326.48,913.15}{841,326.79,914.15}{842,327.11,915.15}{843,327.43,916.15}{844,327.74,917.15}{845,328.06,918.15}{846,328.38,919.15}{847,328.69,920.15}{848,329.01,921.15}{849,329.32,922.15}{850,329.64,923.15}{851,329.95,924.15}{852,330.27,925.15}{853,330.58,926.15}{854,330.9,927.15}{855,331.21,928.15}{856,331.53,929.15}{857,331.84,930.15}{858,332.16,931.15}{859,332.47,932.15}{860,332.79,933.15}{861,333.1,934.15}{862,333.41,935.15}{863,333.73,936.15}{864,334.04,937.15}{865,334.36,938.15}{866,334.68,939.15}{867,334.99,940.15}{868,335.31,941.15}{869,335.62,942.15}{870,335.93,943.15}{871,336.25,944.15}{872,336.56,945.15}{873,336.87,946.15}{874,337.18,947.15}{875,337.5,948.15}{876,337.81,949.15}{877,338.12,950.15}{878,338.43,951.15}{879,338.75,952.15}{880,339.06,953.15}{881,339.37,954.15}{882,339.68,955.15}{883,339.99,956.15}{884,340.3,957.15}{885,340.62,958.15}{886,340.94,959.15}{887,341.25,960.15}{888,341.55,961.15}{889,341.87,962.15}{890,342.18,963.15}{891,342.49,964.15}{892,342.8,965.15}{893,343.11,966.15}{894,343.42,967.15}{895,343.73,968.15}{896,344.04,969.15}{897,344.35,970.15}{898,344.66,971.15}{899,344.97,972.15}{900,345.28,973.15}{901,345.59,974.15}{902,345.9,975.15}{903,346.21,976.15}{904,346.52,977.15}{905,346.83,978.15}{906,347.15,979.15}{907,347.46,980.15}{908,347.76,981.15}{909,348.07,982.15}{910,348.38,983.15}{911,348.69,984.15}{912,349,985.15}{913,349.31,986.15}{914,349.61,987.15}{915,349.92,988.15}{916,350.23,989.15}{917,350.54,990.15}{918,350.85,991.15}{919,351.15,992.15}{920,351.46,993.15}{921,351.77,994.15}{922,352.07,995.15}{923,352.38,996.15}{924,352.69,997.15}{925,352.99,998.15}{926,353.3,999.15}{927,353.61,1000.15}{928,353.91,1001.15}{929,354.22,1002.15}{930,354.53,1003.15}{931,354.83,1004.15}{932,355.14,1005.15}{933,355.44,1006.15}{934,355.75,1007.15}{935,356.06,1008.15}{936,356.37,1009.15}{937,356.68,1010.15}{938,356.98,1011.15}{939,357.29,1012.15}{940,357.59,1013.15}{941,357.9,1014.15}{942,358.2,1015.15}{943,358.51,1016.15}{944,358.81,1017.15}{945,359.12,1018.15}{946,359.42,1019.15}{947,359.72,1020.15}{948,360.03,1021.15}{949,360.33,1022.15}{950,360.64,1023.15}{951,360.94,1024.15}{952,361.24,1025.15}{953,361.55,1026.15}{954,361.85,1027.15}{955,362.15,1028.15}{956,362.46,1029.15}{957,362.76,1030.15}{958,363.06,1031.15}{959,363.36,1032.15}{960,363.67,1033.15}{961,363.97,1034.15}{962,364.27,1035.15}{963,364.57,1036.15}{964,364.88,1037.15}{965,365.18,1038.15}{966,365.49,1039.15}{967,365.79,1040.15}{968,366.09,1041.15}{969,366.4,1042.15}{970,366.7,1043.15}{971,367,1044.15}{972,367.3,1045.15}{973,367.6,1046.15}{974,367.9,1047.15}{975,368.2,1048.15}{976,368.5,1049.15}{977,368.81,1050.15}{978,369.11,1051.15}{979,369.41,1052.15}{980,369.71,1053.15}{981,370.01,1054.15}{982,370.31,1055.15}{983,370.61,1056.15}{984,370.91,1057.15}{985,371.21,1058.15}{986,371.52,1059.15}{987,371.82,1060.15}{988,372.12,1061.15}{989,372.41,1062.15}{990,372.71,1063.15}{991,373.01,1064.15}{992,373.31,1065.15}{993,373.61,1066.15}{994,373.91,1067.15}{995,374.21,1068.15}{996,374.51,1069.15}{997,374.8,1070.15}{998,375.1,1071.15}{999,375.4,1072.15}{1000,375.7,1073.15}{1001,376,1074.15}{1002,376.29,1075.15}{1003,376.59,1076.15}{1004,376.89,1077.15}{1005,377.19,1078.15}{1006,377.49,1079.15}{1007,377.79,1080.15}{1008,378.09,1081.15}{1009,378.39,1082.15}{1010,378.68,1083.15}{1011,378.98,1084.15}{1012,379.28,1085.15}{1013,379.57,1086.15}{1014,379.87,1087.15}{1015,380.17,1088.15}{1016,380.46,1089.15}{1017,380.76,1090.15}{1018,381.05,1091.15}{1019,381.35,1092.15}{1020,381.65,1093.15}{1021,381.94,1094.15}{1022,382.24,1095.15}{1023,382.53,1096.15}{1024,382.83,1097.15}{1025,383.12,1098.15}{1026,383.42,1099.15}{1027,383.71,1100.15}{1028,384.01,1101.15}{1029,384.3,1102.15}{1030,384.6,1103.15}{1031,384.89,1104.15}{1032,385.18,1105.15}{1033,385.48,1106.15}{1034,385.77,1107.15}{1035,386.07,1108.15}{1036,386.37,1109.15}{1037,386.66,1110.15}{1038,386.96,1111.15}{1039,387.25,1112.15}{1040,387.55,1113.15}{1041,387.84,1114.15}{1042,388.13,1115.15}{1043,388.42,1116.15}{1044,388.72,1117.15}{1045,389.01,1118.15}{1046,389.31,1119.15}{1047,389.61,1120.15}{1048,389.9,1121.15}{1049,390.19,1122.15}{1050,390.48,1123.15}&quot;"/>
                                                                <instance name="dev02/Config/ch00021/Calibration_Sensor_Curve" order="0" value="&quot;{0,770}{1,2.5}&quot;"/>
                                                                <instance name="dev01/Config/ch00012/enable" order="1" value="1"/>
                                                                <instance name="dev02/Config/ch00002/Calibration_Sensor_Maximum_Range" order="0" value="110"/>
                                                                <instance name="dev01/Config/ch00008/RTDWireScheme" order="0" value="4"/>
                                                                <instance name="dev01/Config/ch00003/Calibration_Sensor_Curve" order="0" value="&quot;{0,18.52,73.15}{1,18.96,74.15}{2,19.39,75.15}{3,19.82,76.15}{4,20.25,77.15}{5,20.68,78.15}{6,21.11,79.15}{7,21.54,80.15}{8,21.97,81.15}{9,22.4,82.15}{10,22.83,83.15}{11,23.26,84.15}{12,23.69,85.15}{13,24.12,86.15}{14,24.55,87.15}{15,24.97,88.15}{16,25.39,89.15}{17,25.82,90.15}{18,26.25,91.15}{19,26.67,92.15}{20,27.1,93.15}{21,27.52,94.15}{22,27.95,95.15}{23,28.37,96.15}{24,28.8,97.15}{25,29.22,98.15}{26,29.65,99.15}{27,30.07,100.15}{28,30.49,101.15}{29,30.92,102.15}{30,31.34,103.15}{31,31.76,104.15}{32,32.18,105.15}{33,32.61,106.15}{34,33.03,107.15}{35,33.45,108.15}{36,33.86,109.15}{37,34.28,110.15}{38,34.7,111.15}{39,35.12,112.15}{40,35.54,113.15}{41,35.96,114.15}{42,36.38,115.15}{43,36.8,116.15}{44,37.22,117.15}{45,37.63,118.15}{46,38.05,119.15}{47,38.47,120.15}{48,38.89,121.15}{49,39.31,122.15}{50,39.72,123.15}{51,40.14,124.15}{52,40.56,125.15}{53,40.97,126.15}{54,41.39,127.15}{55,41.8,128.15}{56,42.22,129.15}{57,42.64,130.15}{58,43.05,131.15}{59,43.46,132.15}{60,43.88,133.15}{61,44.29,134.15}{62,44.71,135.15}{63,45.12,136.15}{64,45.53,137.15}{65,45.95,138.15}{66,46.35,139.15}{67,46.76,140.15}{68,47.18,141.15}{69,47.59,142.15}{70,48,143.15}{71,48.41,144.15}{72,48.82,145.15}{73,49.23,146.15}{74,49.64,147.15}{75,50.06,148.15}{76,50.47,149.15}{77,50.88,150.15}{78,51.29,151.15}{79,51.7,152.15}{80,52.11,153.15}{81,52.52,154.15}{82,52.92,155.15}{83,53.33,156.15}{84,53.74,157.15}{85,54.15,158.15}{86,54.56,159.15}{87,54.97,160.15}{88,55.38,161.15}{89,55.78,162.15}{90,56.19,163.15}{91,56.6,164.15}{92,57,165.15}{93,57.41,166.15}{94,57.82,167.15}{95,58.22,168.15}{96,58.63,169.15}{97,59.04,170.15}{98,59.44,171.15}{99,59.85,172.15}{100,60.26,173.15}{101,60.67,174.15}{102,61.07,175.15}{103,61.48,176.15}{104,61.87,177.15}{105,62.29,178.15}{106,62.69,179.15}{107,63.1,180.15}{108,63.5,181.15}{109,63.91,182.15}{110,64.3,183.15}{111,64.7,184.15}{112,65.11,185.15}{113,65.51,186.15}{114,65.91,187.15}{115,66.31,188.15}{116,66.72,189.15}{117,67.12,190.15}{118,67.52,191.15}{119,67.92,192.15}{120,68.33,193.15}{121,68.73,194.15}{122,69.13,195.15}{123,69.53,196.15}{124,69.93,197.15}{125,70.33,198.15}{126,70.73,199.15}{127,71.13,200.15}{128,71.53,201.15}{129,71.93,202.15}{130,72.33,203.15}{131,72.73,204.15}{132,73.13,205.15}{133,73.53,206.15}{134,73.93,207.15}{135,74.33,208.15}{136,74.73,209.15}{137,75.13,210.15}{138,75.53,211.15}{139,75.93,212.15}{140,76.33,213.15}{141,76.73,214.15}{142,77.13,215.15}{143,77.52,216.15}{144,77.92,217.15}{145,78.32,218.15}{146,78.72,219.15}{147,79.11,220.15}{148,79.51,221.15}{149,79.91,222.15}{150,80.31,223.15}{151,80.7,224.15}{152,81.1,225.15}{153,81.5,226.15}{154,81.89,227.15}{155,82.29,228.15}{156,82.69,229.15}{157,83.08,230.15}{158,83.48,231.15}{159,83.88,232.15}{160,84.27,233.15}{161,84.67,234.15}{162,85.06,235.15}{163,85.46,236.15}{164,85.85,237.15}{165,86.25,238.15}{166,86.64,239.15}{167,87.04,240.15}{168,87.43,241.15}{169,87.83,242.15}{170,88.22,243.15}{171,88.62,244.15}{172,89.01,245.15}{173,89.4,246.15}{174,89.8,247.15}{175,90.19,248.15}{176,90.59,249.15}{177,90.98,250.15}{178,91.37,251.15}{179,91.77,252.15}{180,92.16,253.15}{181,92.55,254.15}{182,92.95,255.15}{183,93.34,256.15}{184,93.73,257.15}{185,94.12,258.15}{186,94.52,259.15}{187,94.91,260.15}{188,95.3,261.15}{189,95.69,262.15}{190,96.09,263.15}{191,96.48,264.15}{192,96.87,265.15}{193,97.26,266.15}{194,97.65,267.15}{195,98.04,268.15}{196,98.44,269.15}{197,98.83,270.15}{198,99.22,271.15}{199,99.61,272.15}{200,100,273.15}{201,100.39,274.15}{202,100.78,275.15}{203,101.17,276.15}{204,101.56,277.15}{205,101.95,278.15}{206,102.34,279.15}{207,102.73,280.15}{208,103.12,281.15}{209,103.51,282.15}{210,103.9,283.15}{211,104.29,284.15}{212,104.68,285.15}{213,105.07,286.15}{214,105.46,287.15}{215,105.85,288.15}{216,106.24,289.15}{217,106.63,290.15}{218,107.02,291.15}{219,107.4,292.15}{220,107.79,293.15}{221,108.18,294.15}{222,108.57,295.15}{223,108.96,296.15}{224,109.35,297.15}{225,109.73,298.15}{226,110.12,299.15}{227,110.51,300.15}{228,110.9,301.15}{229,111.28,302.15}{230,111.67,303.15}{231,112.06,304.15}{232,112.45,305.15}{233,112.83,306.15}{234,113.22,307.15}{235,113.61,308.15}{236,113.99,309.15}{237,114.38,310.15}{238,114.77,311.15}{239,115.15,312.15}{240,115.54,313.15}{241,115.93,314.15}{242,116.31,315.15}{243,116.7,316.15}{244,117.08,317.15}{245,117.47,318.15}{246,117.85,319.15}{247,118.24,320.15}{248,118.62,321.15}{249,119.01,322.15}{250,119.4,323.15}{251,119.78,324.15}{252,120.16,325.15}{253,120.55,326.15}{254,120.93,327.15}{255,121.32,328.15}{256,121.7,329.15}{257,122.09,330.15}{258,122.47,331.15}{259,122.86,332.15}{260,123.24,333.15}{261,123.62,334.15}{262,124.01,335.15}{263,124.39,336.15}{264,124.77,337.15}{265,125.17,338.15}{266,125.55,339.15}{267,125.93,340.15}{268,126.32,341.15}{269,126.7,342.15}{270,127.08,343.15}{271,127.46,344.15}{272,127.85,345.15}{273,128.23,346.15}{274,128.61,347.15}{275,128.99,348.15}{276,129.38,349.15}{277,129.76,350.15}{278,130.14,351.15}{279,130.52,352.15}{280,130.9,353.15}{281,131.28,354.15}{282,131.67,355.15}{283,132.05,356.15}{284,132.43,357.15}{285,132.81,358.15}{286,133.19,359.15}{287,133.57,360.15}{288,133.95,361.15}{289,134.33,362.15}{290,134.71,363.15}{291,135.09,364.15}{292,135.47,365.15}{293,135.85,366.15}{294,136.23,367.15}{295,136.61,368.15}{296,136.99,369.15}{297,137.37,370.15}{298,137.75,371.15}{299,138.13,372.15}{300,138.51,373.15}{301,138.89,374.15}{302,139.27,375.15}{303,139.65,376.15}{304,140.03,377.15}{305,140.39,378.15}{306,140.77,379.15}{307,141.15,380.15}{308,141.53,381.15}{309,141.91,382.15}{310,142.29,383.15}{311,142.66,384.15}{312,143.04,385.15}{313,143.42,386.15}{314,143.8,387.15}{315,144.18,388.15}{316,144.56,389.15}{317,144.94,390.15}{318,145.32,391.15}{319,145.69,392.15}{320,146.07,393.15}{321,146.45,394.15}{322,146.82,395.15}{323,147.2,396.15}{324,147.58,397.15}{325,147.95,398.15}{326,148.33,399.15}{327,148.71,400.15}{328,149.08,401.15}{329,149.46,402.15}{330,149.83,403.15}{331,150.21,404.15}{332,150.58,405.15}{333,150.96,406.15}{334,151.34,407.15}{335,151.71,408.15}{336,152.09,409.15}{337,152.46,410.15}{338,152.84,411.15}{339,153.21,412.15}{340,153.58,413.15}{341,153.95,414.15}{342,154.32,415.15}{343,154.71,416.15}{344,155.08,417.15}{345,155.46,418.15}{346,155.83,419.15}{347,156.21,420.15}{348,156.58,421.15}{349,156.96,422.15}{350,157.33,423.15}{351,157.71,424.15}{352,158.08,425.15}{353,158.45,426.15}{354,158.83,427.15}{355,159.2,428.15}{356,159.56,429.15}{357,159.94,430.15}{358,160.31,431.15}{359,160.68,432.15}{360,161.05,433.15}{361,161.43,434.15}{362,161.8,435.15}{363,162.17,436.15}{364,162.54,437.15}{365,162.91,438.15}{366,163.28,439.15}{367,163.66,440.15}{368,164.03,441.15}{369,164.4,442.15}{370,164.77,443.15}{371,165.14,444.15}{372,165.51,445.15}{373,165.88,446.15}{374,166.25,447.15}{375,166.62,448.15}{376,167,449.15}{377,167.37,450.15}{378,167.74,451.15}{379,168.11,452.15}{380,168.48,453.15}{381,168.85,454.15}{382,169.22,455.15}{383,169.59,456.15}{384,169.96,457.15}{385,170.33,458.15}{386,170.69,459.15}{387,171.06,460.15}{388,171.43,461.15}{389,171.8,462.15}{390,172.17,463.15}{391,172.54,464.15}{392,172.91,465.15}{393,173.27,466.15}{394,173.64,467.15}{395,174.01,468.15}{396,174.39,469.15}{397,174.75,470.15}{398,175.12,471.15}{399,175.49,472.15}{400,175.86,473.15}{401,176.23,474.15}{402,176.59,475.15}{403,176.96,476.15}{404,177.33,477.15}{405,177.7,478.15}{406,178.06,479.15}{407,178.43,480.15}{408,178.8,481.15}{409,179.16,482.15}{410,179.53,483.15}{411,179.9,484.15}{412,180.26,485.15}{413,180.63,486.15}{414,180.99,487.15}{415,181.36,488.15}{416,181.73,489.15}{417,182.09,490.15}{418,182.46,491.15}{419,182.82,492.15}{420,183.19,493.15}{421,183.55,494.15}{422,183.92,495.15}{423,184.28,496.15}{424,184.65,497.15}{425,185.01,498.15}{426,185.38,499.15}{427,185.74,500.15}{428,186.11,501.15}{429,186.47,502.15}{430,186.84,503.15}{431,187.2,504.15}{432,187.56,505.15}{433,187.93,506.15}{434,188.29,507.15}{435,188.65,508.15}{436,189.02,509.15}{437,189.38,510.15}{438,189.74,511.15}{439,190.11,512.15}{440,190.47,513.15}{441,190.83,514.15}{442,191.2,515.15}{443,191.56,516.15}{444,191.92,517.15}{445,192.28,518.15}{446,192.66,519.15}{447,193.02,520.15}{448,193.38,521.15}{449,193.74,522.15}{450,194.1,523.15}{451,194.47,524.15}{452,194.83,525.15}{453,195.19,526.15}{454,195.55,527.15}{455,195.9,528.15}{456,196.26,529.15}{457,196.62,530.15}{458,196.98,531.15}{459,197.35,532.15}{460,197.71,533.15}{461,198.07,534.15}{462,198.43,535.15}{463,198.79,536.15}{464,199.15,537.15}{465,199.51,538.15}{466,199.87,539.15}{467,200.23,540.15}{468,200.59,541.15}{469,200.95,542.15}{470,201.31,543.15}{471,201.67,544.15}{472,202.03,545.15}{473,202.38,546.15}{474,202.74,547.15}{475,203.1,548.15}{476,203.46,549.15}{477,203.82,550.15}{478,204.18,551.15}{479,204.54,552.15}{480,204.9,553.15}{481,205.25,554.15}{482,205.61,555.15}{483,205.97,556.15}{484,206.33,557.15}{485,206.7,558.15}{486,207.05,559.15}{487,207.41,560.15}{488,207.77,561.15}{489,208.13,562.15}{490,208.48,563.15}{491,208.84,564.15}{492,209.2,565.15}{493,209.55,566.15}{494,209.91,567.15}{495,210.27,568.15}{496,210.62,569.15}{497,210.98,570.15}{498,211.34,571.15}{499,211.69,572.15}{500,212.05,573.15}{501,212.4,574.15}{502,212.76,575.15}{503,213.12,576.15}{504,213.47,577.15}{505,213.83,578.15}{506,214.19,579.15}{507,214.55,580.15}{508,214.9,581.15}{509,215.26,582.15}{510,215.61,583.15}{511,215.97,584.15}{512,216.32,585.15}{513,216.68,586.15}{514,217.03,587.15}{515,217.39,588.15}{516,217.73,589.15}{517,218.08,590.15}{518,218.44,591.15}{519,218.79,592.15}{520,219.15,593.15}{521,219.5,594.15}{522,219.85,595.15}{523,220.21,596.15}{524,220.56,597.15}{525,220.91,598.15}{526,221.27,599.15}{527,221.62,600.15}{528,221.97,601.15}{529,222.32,602.15}{530,222.68,603.15}{531,223.03,604.15}{532,223.38,605.15}{533,223.73,606.15}{534,224.09,607.15}{535,224.45,608.15}{536,224.8,609.15}{537,225.15,610.15}{538,225.5,611.15}{539,225.85,612.15}{540,226.21,613.15}{541,226.56,614.15}{542,226.91,615.15}{543,227.26,616.15}{544,227.61,617.15}{545,227.96,618.15}{546,228.31,619.15}{547,228.66,620.15}{548,229.01,621.15}{549,229.36,622.15}{550,229.72,623.15}{551,230.07,624.15}{552,230.42,625.15}{553,230.77,626.15}{554,231.12,627.15}{555,231.47,628.15}{556,231.81,629.15}{557,232.16,630.15}{558,232.51,631.15}{559,232.86,632.15}{560,233.21,633.15}{561,233.56,634.15}{562,233.91,635.15}{563,234.26,636.15}{564,234.6,637.15}{565,234.95,638.15}{566,235.3,639.15}{567,235.65,640.15}{568,236,641.15}{569,236.35,642.15}{570,236.7,643.15}{571,237.05,644.15}{572,237.4,645.15}{573,237.75,646.15}{574,238.09,647.15}{575,238.44,648.15}{576,238.79,649.15}{577,239.14,650.15}{578,239.48,651.15}{579,239.83,652.15}{580,240.18,653.15}{581,240.52,654.15}{582,240.87,655.15}{583,241.22,656.15}{584,241.56,657.15}{585,241.91,658.15}{586,242.25,659.15}{587,242.6,660.15}{588,242.95,661.15}{589,243.29,662.15}{590,243.64,663.15}{591,243.98,664.15}{592,244.33,665.15}{593,244.67,666.15}{594,245.02,667.15}{595,245.36,668.15}{596,245.71,669.15}{597,246.05,670.15}{598,246.4,671.15}{599,246.74,672.15}{600,247.09,673.15}{601,247.43,674.15}{602,247.78,675.15}{603,248.12,676.15}{604,248.46,677.15}{605,248.81,678.15}{606,249.15,679.15}{607,249.5,680.15}{608,249.84,681.15}{609,250.18,682.15}{610,250.53,683.15}{611,250.89,684.15}{612,251.21,685.15}{613,251.55,686.15}{614,251.9,687.15}{615,252.24,688.15}{616,252.59,689.15}{617,252.94,690.15}{618,253.28,691.15}{619,253.62,692.15}{620,253.96,693.15}{621,254.3,694.15}{622,254.65,695.15}{623,254.99,696.15}{624,255.33,697.15}{625,255.67,698.15}{626,256.01,699.15}{627,256.35,700.15}{628,256.7,701.15}{629,257.04,702.15}{630,257.38,703.15}{631,257.72,704.15}{632,258.06,705.15}{633,258.4,706.15}{634,258.74,707.15}{635,259.08,708.15}{636,259.42,709.15}{637,259.76,710.15}{638,260.1,711.15}{639,260.44,712.15}{640,260.78,713.15}{641,261.12,714.15}{642,261.46,715.15}{643,261.8,716.15}{644,262.14,717.15}{645,262.48,718.15}{646,262.83,719.15}{647,263.17,720.15}{648,263.5,721.15}{649,263.84,722.15}{650,264.18,723.15}{651,264.52,724.15}{652,264.86,725.15}{653,265.2,726.15}{654,265.54,727.15}{655,265.87,728.15}{656,266.21,729.15}{657,266.55,730.15}{658,266.89,731.15}{659,267.22,732.15}{660,267.56,733.15}{661,267.9,734.15}{662,268.24,735.15}{663,268.57,736.15}{664,268.91,737.15}{665,269.25,738.15}{666,269.58,739.15}{667,269.92,740.15}{668,270.26,741.15}{669,270.59,742.15}{670,270.93,743.15}{671,271.27,744.15}{672,271.6,745.15}{673,271.94,746.15}{674,272.27,747.15}{675,272.61,748.15}{676,272.95,749.15}{677,273.28,750.15}{678,273.62,751.15}{679,273.95,752.15}{680,274.29,753.15}{681,274.62,754.15}{682,274.96,755.15}{683,275.29,756.15}{684,275.63,757.15}{685,275.96,758.15}{686,276.31,759.15}{687,276.64,760.15}{688,276.97,761.15}{689,277.31,762.15}{690,277.64,763.15}{691,277.98,764.15}{692,278.31,765.15}{693,278.64,766.15}{694,278.98,767.15}{695,279.31,768.15}{696,279.64,769.15}{697,279.98,770.15}{698,280.31,771.15}{699,280.64,772.15}{700,280.98,773.15}{701,281.31,774.15}{702,281.64,775.15}{703,281.97,776.15}{704,282.31,777.15}{705,282.64,778.15}{706,282.97,779.15}{707,283.3,780.15}{708,283.63,781.15}{709,283.97,782.15}{710,284.3,783.15}{711,284.63,784.15}{712,284.96,785.15}{713,285.29,786.15}{714,285.62,787.15}{715,285.95,788.15}{716,286.3,789.15}{717,286.63,790.15}{718,286.96,791.15}{719,287.29,792.15}{720,287.62,793.15}{721,287.95,794.15}{722,288.28,795.15}{723,288.61,796.15}{724,288.94,797.15}{725,289.27,798.15}{726,289.6,799.15}{727,289.93,800.15}{728,290.26,801.15}{729,290.59,802.15}{730,290.92,803.15}{731,291.25,804.15}{732,291.58,805.15}{733,291.9,806.15}{734,292.23,807.15}{735,292.56,808.15}{736,292.9,809.15}{737,293.23,810.15}{738,293.56,811.15}{739,293.89,812.15}{740,294.21,813.15}{741,294.54,814.15}{742,294.87,815.15}{743,295.2,816.15}{744,295.53,817.15}{745,295.85,818.15}{746,296.18,819.15}{747,296.51,820.15}{748,296.84,821.15}{749,297.16,822.15}{750,297.49,823.15}{751,297.82,824.15}{752,298.14,825.15}{753,298.47,826.15}{754,298.8,827.15}{755,299.12,828.15}{756,299.45,829.15}{757,299.78,830.15}{758,300.1,831.15}{759,300.43,832.15}{760,300.75,833.15}{761,301.08,834.15}{762,301.41,835.15}{763,301.73,836.15}{764,302.06,837.15}{765,302.38,838.15}{766,302.71,839.15}{767,303.03,840.15}{768,303.36,841.15}{769,303.68,842.15}{770,304.01,843.15}{771,304.33,844.15}{772,304.66,845.15}{773,304.98,846.15}{774,305.3,847.15}{775,305.63,848.15}{776,305.95,849.15}{777,306.28,850.15}{778,306.6,851.15}{779,306.92,852.15}{780,307.25,853.15}{781,307.57,854.15}{782,307.89,855.15}{783,308.22,856.15}{784,308.54,857.15}{785,308.86,858.15}{786,309.19,859.15}{787,309.51,860.15}{788,309.83,861.15}{789,310.15,862.15}{790,310.48,863.15}{791,310.8,864.15}{792,311.12,865.15}{793,311.45,866.15}{794,311.78,867.15}{795,312.1,868.15}{796,312.43,869.15}{797,312.75,870.15}{798,313.07,871.15}{799,313.39,872.15}{800,313.71,873.15}{801,314.04,874.15}{802,314.36,875.15}{803,314.68,876.15}{804,315,877.15}{805,315.32,878.15}{806,315.64,879.15}{807,315.96,880.15}{808,316.28,881.15}{809,316.6,882.15}{810,316.92,883.15}{811,317.24,884.15}{812,317.56,885.15}{813,317.88,886.15}{814,318.2,887.15}{815,318.52,888.15}{816,318.85,889.15}{817,319.17,890.15}{818,319.49,891.15}{819,319.81,892.15}{820,320.12,893.15}{821,320.44,894.15}{822,320.76,895.15}{823,321.08,896.15}{824,321.4,897.15}{825,321.72,898.15}{826,322.03,899.15}{827,322.34,900.15}{828,322.66,901.15}{829,322.98,902.15}{830,323.3,903.15}{831,323.61,904.15}{832,323.93,905.15}{833,324.25,906.15}{834,324.57,907.15}{835,324.88,908.15}{836,325.21,909.15}{837,325.53,910.15}{838,325.85,911.15}{839,326.16,912.15}{840,326.48,913.15}{841,326.79,914.15}{842,327.11,915.15}{843,327.43,916.15}{844,327.74,917.15}{845,328.06,918.15}{846,328.38,919.15}{847,328.69,920.15}{848,329.01,921.15}{849,329.32,922.15}{850,329.64,923.15}{851,329.95,924.15}{852,330.27,925.15}{853,330.58,926.15}{854,330.9,927.15}{855,331.21,928.15}{856,331.53,929.15}{857,331.84,930.15}{858,332.16,931.15}{859,332.47,932.15}{860,332.79,933.15}{861,333.1,934.15}{862,333.41,935.15}{863,333.73,936.15}{864,334.04,937.15}{865,334.36,938.15}{866,334.68,939.15}{867,334.99,940.15}{868,335.31,941.15}{869,335.62,942.15}{870,335.93,943.15}{871,336.25,944.15}{872,336.56,945.15}{873,336.87,946.15}{874,337.18,947.15}{875,337.5,948.15}{876,337.81,949.15}{877,338.12,950.15}{878,338.43,951.15}{879,338.75,952.15}{880,339.06,953.15}{881,339.37,954.15}{882,339.68,955.15}{883,339.99,956.15}{884,340.3,957.15}{885,340.62,958.15}{886,340.94,959.15}{887,341.25,960.15}{888,341.55,961.15}{889,341.87,962.15}{890,342.18,963.15}{891,342.49,964.15}{892,342.8,965.15}{893,343.11,966.15}{894,343.42,967.15}{895,343.73,968.15}{896,344.04,969.15}{897,344.35,970.15}{898,344.66,971.15}{899,344.97,972.15}{900,345.28,973.15}{901,345.59,974.15}{902,345.9,975.15}{903,346.21,976.15}{904,346.52,977.15}{905,346.83,978.15}{906,347.15,979.15}{907,347.46,980.15}{908,347.76,981.15}{909,348.07,982.15}{910,348.38,983.15}{911,348.69,984.15}{912,349,985.15}{913,349.31,986.15}{914,349.61,987.15}{915,349.92,988.15}{916,350.23,989.15}{917,350.54,990.15}{918,350.85,991.15}{919,351.15,992.15}{920,351.46,993.15}{921,351.77,994.15}{922,352.07,995.15}{923,352.38,996.15}{924,352.69,997.15}{925,352.99,998.15}{926,353.3,999.15}{927,353.61,1000.15}{928,353.91,1001.15}{929,354.22,1002.15}{930,354.53,1003.15}{931,354.83,1004.15}{932,355.14,1005.15}{933,355.44,1006.15}{934,355.75,1007.15}{935,356.06,1008.15}{936,356.37,1009.15}{937,356.68,1010.15}{938,356.98,1011.15}{939,357.29,1012.15}{940,357.59,1013.15}{941,357.9,1014.15}{942,358.2,1015.15}{943,358.51,1016.15}{944,358.81,1017.15}{945,359.12,1018.15}{946,359.42,1019.15}{947,359.72,1020.15}{948,360.03,1021.15}{949,360.33,1022.15}{950,360.64,1023.15}{951,360.94,1024.15}{952,361.24,1025.15}{953,361.55,1026.15}{954,361.85,1027.15}{955,362.15,1028.15}{956,362.46,1029.15}{957,362.76,1030.15}{958,363.06,1031.15}{959,363.36,1032.15}{960,363.67,1033.15}{961,363.97,1034.15}{962,364.27,1035.15}{963,364.57,1036.15}{964,364.88,1037.15}{965,365.18,1038.15}{966,365.49,1039.15}{967,365.79,1040.15}{968,366.09,1041.15}{969,366.4,1042.15}{970,366.7,1043.15}{971,367,1044.15}{972,367.3,1045.15}{973,367.6,1046.15}{974,367.9,1047.15}{975,368.2,1048.15}{976,368.5,1049.15}{977,368.81,1050.15}{978,369.11,1051.15}{979,369.41,1052.15}{980,369.71,1053.15}{981,370.01,1054.15}{982,370.31,1055.15}{983,370.61,1056.15}{984,370.91,1057.15}{985,371.21,1058.15}{986,371.52,1059.15}{987,371.82,1060.15}{988,372.12,1061.15}{989,372.41,1062.15}{990,372.71,1063.15}{991,373.01,1064.15}{992,373.31,1065.15}{993,373.61,1066.15}{994,373.91,1067.15}{995,374.21,1068.15}{996,374.51,1069.15}{997,374.8,1070.15}{998,375.1,1071.15}{999,375.4,1072.15}{1000,375.7,1073.15}{1001,376,1074.15}{1002,376.29,1075.15}{1003,376.59,1076.15}{1004,376.89,1077.15}{1005,377.19,1078.15}{1006,377.49,1079.15}{1007,377.79,1080.15}{1008,378.09,1081.15}{1009,378.39,1082.15}{1010,378.68,1083.15}{1011,378.98,1084.15}{1012,379.28,1085.15}{1013,379.57,1086.15}{1014,379.87,1087.15}{1015,380.17,1088.15}{1016,380.46,1089.15}{1017,380.76,1090.15}{1018,381.05,1091.15}{1019,381.35,1092.15}{1020,381.65,1093.15}{1021,381.94,1094.15}{1022,382.24,1095.15}{1023,382.53,1096.15}{1024,382.83,1097.15}{1025,383.12,1098.15}{1026,383.42,1099.15}{1027,383.71,1100.15}{1028,384.01,1101.15}{1029,384.3,1102.15}{1030,384.6,1103.15}{1031,384.89,1104.15}{1032,385.18,1105.15}{1033,385.48,1106.15}{1034,385.77,1107.15}{1035,386.07,1108.15}{1036,386.37,1109.15}{1037,386.66,1110.15}{1038,386.96,1111.15}{1039,387.25,1112.15}{1040,387.55,1113.15}{1041,387.84,1114.15}{1042,388.13,1115.15}{1043,388.42,1116.15}{1044,388.72,1117.15}{1045,389.01,1118.15}{1046,389.31,1119.15}{1047,389.61,1120.15}{1048,389.9,1121.15}{1049,390.19,1122.15}{1050,390.48,1123.15}&quot;"/>
                                                                <instance name="dev02/Config/ch00016/enable" order="1" value="1"/>
                                                                <instance name="dev02/Config/ch00008/Calibration_Sensor_Name" order="0" value="CalSensor8"/>
                                                                <instance name="dev01/Config/ch00004/Calibration_Sensor_Curve" order="0" value="&quot;{0,18.52,73.15}{1,18.96,74.15}{2,19.39,75.15}{3,19.82,76.15}{4,20.25,77.15}{5,20.68,78.15}{6,21.11,79.15}{7,21.54,80.15}{8,21.97,81.15}{9,22.4,82.15}{10,22.83,83.15}{11,23.26,84.15}{12,23.69,85.15}{13,24.12,86.15}{14,24.55,87.15}{15,24.97,88.15}{16,25.39,89.15}{17,25.82,90.15}{18,26.25,91.15}{19,26.67,92.15}{20,27.1,93.15}{21,27.52,94.15}{22,27.95,95.15}{23,28.37,96.15}{24,28.8,97.15}{25,29.22,98.15}{26,29.65,99.15}{27,30.07,100.15}{28,30.49,101.15}{29,30.92,102.15}{30,31.34,103.15}{31,31.76,104.15}{32,32.18,105.15}{33,32.61,106.15}{34,33.03,107.15}{35,33.45,108.15}{36,33.86,109.15}{37,34.28,110.15}{38,34.7,111.15}{39,35.12,112.15}{40,35.54,113.15}{41,35.96,114.15}{42,36.38,115.15}{43,36.8,116.15}{44,37.22,117.15}{45,37.63,118.15}{46,38.05,119.15}{47,38.47,120.15}{48,38.89,121.15}{49,39.31,122.15}{50,39.72,123.15}{51,40.14,124.15}{52,40.56,125.15}{53,40.97,126.15}{54,41.39,127.15}{55,41.8,128.15}{56,42.22,129.15}{57,42.64,130.15}{58,43.05,131.15}{59,43.46,132.15}{60,43.88,133.15}{61,44.29,134.15}{62,44.71,135.15}{63,45.12,136.15}{64,45.53,137.15}{65,45.95,138.15}{66,46.35,139.15}{67,46.76,140.15}{68,47.18,141.15}{69,47.59,142.15}{70,48,143.15}{71,48.41,144.15}{72,48.82,145.15}{73,49.23,146.15}{74,49.64,147.15}{75,50.06,148.15}{76,50.47,149.15}{77,50.88,150.15}{78,51.29,151.15}{79,51.7,152.15}{80,52.11,153.15}{81,52.52,154.15}{82,52.92,155.15}{83,53.33,156.15}{84,53.74,157.15}{85,54.15,158.15}{86,54.56,159.15}{87,54.97,160.15}{88,55.38,161.15}{89,55.78,162.15}{90,56.19,163.15}{91,56.6,164.15}{92,57,165.15}{93,57.41,166.15}{94,57.82,167.15}{95,58.22,168.15}{96,58.63,169.15}{97,59.04,170.15}{98,59.44,171.15}{99,59.85,172.15}{100,60.26,173.15}{101,60.67,174.15}{102,61.07,175.15}{103,61.48,176.15}{104,61.87,177.15}{105,62.29,178.15}{106,62.69,179.15}{107,63.1,180.15}{108,63.5,181.15}{109,63.91,182.15}{110,64.3,183.15}{111,64.7,184.15}{112,65.11,185.15}{113,65.51,186.15}{114,65.91,187.15}{115,66.31,188.15}{116,66.72,189.15}{117,67.12,190.15}{118,67.52,191.15}{119,67.92,192.15}{120,68.33,193.15}{121,68.73,194.15}{122,69.13,195.15}{123,69.53,196.15}{124,69.93,197.15}{125,70.33,198.15}{126,70.73,199.15}{127,71.13,200.15}{128,71.53,201.15}{129,71.93,202.15}{130,72.33,203.15}{131,72.73,204.15}{132,73.13,205.15}{133,73.53,206.15}{134,73.93,207.15}{135,74.33,208.15}{136,74.73,209.15}{137,75.13,210.15}{138,75.53,211.15}{139,75.93,212.15}{140,76.33,213.15}{141,76.73,214.15}{142,77.13,215.15}{143,77.52,216.15}{144,77.92,217.15}{145,78.32,218.15}{146,78.72,219.15}{147,79.11,220.15}{148,79.51,221.15}{149,79.91,222.15}{150,80.31,223.15}{151,80.7,224.15}{152,81.1,225.15}{153,81.5,226.15}{154,81.89,227.15}{155,82.29,228.15}{156,82.69,229.15}{157,83.08,230.15}{158,83.48,231.15}{159,83.88,232.15}{160,84.27,233.15}{161,84.67,234.15}{162,85.06,235.15}{163,85.46,236.15}{164,85.85,237.15}{165,86.25,238.15}{166,86.64,239.15}{167,87.04,240.15}{168,87.43,241.15}{169,87.83,242.15}{170,88.22,243.15}{171,88.62,244.15}{172,89.01,245.15}{173,89.4,246.15}{174,89.8,247.15}{175,90.19,248.15}{176,90.59,249.15}{177,90.98,250.15}{178,91.37,251.15}{179,91.77,252.15}{180,92.16,253.15}{181,92.55,254.15}{182,92.95,255.15}{183,93.34,256.15}{184,93.73,257.15}{185,94.12,258.15}{186,94.52,259.15}{187,94.91,260.15}{188,95.3,261.15}{189,95.69,262.15}{190,96.09,263.15}{191,96.48,264.15}{192,96.87,265.15}{193,97.26,266.15}{194,97.65,267.15}{195,98.04,268.15}{196,98.44,269.15}{197,98.83,270.15}{198,99.22,271.15}{199,99.61,272.15}{200,100,273.15}{201,100.39,274.15}{202,100.78,275.15}{203,101.17,276.15}{204,101.56,277.15}{205,101.95,278.15}{206,102.34,279.15}{207,102.73,280.15}{208,103.12,281.15}{209,103.51,282.15}{210,103.9,283.15}{211,104.29,284.15}{212,104.68,285.15}{213,105.07,286.15}{214,105.46,287.15}{215,105.85,288.15}{216,106.24,289.15}{217,106.63,290.15}{218,107.02,291.15}{219,107.4,292.15}{220,107.79,293.15}{221,108.18,294.15}{222,108.57,295.15}{223,108.96,296.15}{224,109.35,297.15}{225,109.73,298.15}{226,110.12,299.15}{227,110.51,300.15}{228,110.9,301.15}{229,111.28,302.15}{230,111.67,303.15}{231,112.06,304.15}{232,112.45,305.15}{233,112.83,306.15}{234,113.22,307.15}{235,113.61,308.15}{236,113.99,309.15}{237,114.38,310.15}{238,114.77,311.15}{239,115.15,312.15}{240,115.54,313.15}{241,115.93,314.15}{242,116.31,315.15}{243,116.7,316.15}{244,117.08,317.15}{245,117.47,318.15}{246,117.85,319.15}{247,118.24,320.15}{248,118.62,321.15}{249,119.01,322.15}{250,119.4,323.15}{251,119.78,324.15}{252,120.16,325.15}{253,120.55,326.15}{254,120.93,327.15}{255,121.32,328.15}{256,121.7,329.15}{257,122.09,330.15}{258,122.47,331.15}{259,122.86,332.15}{260,123.24,333.15}{261,123.62,334.15}{262,124.01,335.15}{263,124.39,336.15}{264,124.77,337.15}{265,125.17,338.15}{266,125.55,339.15}{267,125.93,340.15}{268,126.32,341.15}{269,126.7,342.15}{270,127.08,343.15}{271,127.46,344.15}{272,127.85,345.15}{273,128.23,346.15}{274,128.61,347.15}{275,128.99,348.15}{276,129.38,349.15}{277,129.76,350.15}{278,130.14,351.15}{279,130.52,352.15}{280,130.9,353.15}{281,131.28,354.15}{282,131.67,355.15}{283,132.05,356.15}{284,132.43,357.15}{285,132.81,358.15}{286,133.19,359.15}{287,133.57,360.15}{288,133.95,361.15}{289,134.33,362.15}{290,134.71,363.15}{291,135.09,364.15}{292,135.47,365.15}{293,135.85,366.15}{294,136.23,367.15}{295,136.61,368.15}{296,136.99,369.15}{297,137.37,370.15}{298,137.75,371.15}{299,138.13,372.15}{300,138.51,373.15}{301,138.89,374.15}{302,139.27,375.15}{303,139.65,376.15}{304,140.03,377.15}{305,140.39,378.15}{306,140.77,379.15}{307,141.15,380.15}{308,141.53,381.15}{309,141.91,382.15}{310,142.29,383.15}{311,142.66,384.15}{312,143.04,385.15}{313,143.42,386.15}{314,143.8,387.15}{315,144.18,388.15}{316,144.56,389.15}{317,144.94,390.15}{318,145.32,391.15}{319,145.69,392.15}{320,146.07,393.15}{321,146.45,394.15}{322,146.82,395.15}{323,147.2,396.15}{324,147.58,397.15}{325,147.95,398.15}{326,148.33,399.15}{327,148.71,400.15}{328,149.08,401.15}{329,149.46,402.15}{330,149.83,403.15}{331,150.21,404.15}{332,150.58,405.15}{333,150.96,406.15}{334,151.34,407.15}{335,151.71,408.15}{336,152.09,409.15}{337,152.46,410.15}{338,152.84,411.15}{339,153.21,412.15}{340,153.58,413.15}{341,153.95,414.15}{342,154.32,415.15}{343,154.71,416.15}{344,155.08,417.15}{345,155.46,418.15}{346,155.83,419.15}{347,156.21,420.15}{348,156.58,421.15}{349,156.96,422.15}{350,157.33,423.15}{351,157.71,424.15}{352,158.08,425.15}{353,158.45,426.15}{354,158.83,427.15}{355,159.2,428.15}{356,159.56,429.15}{357,159.94,430.15}{358,160.31,431.15}{359,160.68,432.15}{360,161.05,433.15}{361,161.43,434.15}{362,161.8,435.15}{363,162.17,436.15}{364,162.54,437.15}{365,162.91,438.15}{366,163.28,439.15}{367,163.66,440.15}{368,164.03,441.15}{369,164.4,442.15}{370,164.77,443.15}{371,165.14,444.15}{372,165.51,445.15}{373,165.88,446.15}{374,166.25,447.15}{375,166.62,448.15}{376,167,449.15}{377,167.37,450.15}{378,167.74,451.15}{379,168.11,452.15}{380,168.48,453.15}{381,168.85,454.15}{382,169.22,455.15}{383,169.59,456.15}{384,169.96,457.15}{385,170.33,458.15}{386,170.69,459.15}{387,171.06,460.15}{388,171.43,461.15}{389,171.8,462.15}{390,172.17,463.15}{391,172.54,464.15}{392,172.91,465.15}{393,173.27,466.15}{394,173.64,467.15}{395,174.01,468.15}{396,174.39,469.15}{397,174.75,470.15}{398,175.12,471.15}{399,175.49,472.15}{400,175.86,473.15}{401,176.23,474.15}{402,176.59,475.15}{403,176.96,476.15}{404,177.33,477.15}{405,177.7,478.15}{406,178.06,479.15}{407,178.43,480.15}{408,178.8,481.15}{409,179.16,482.15}{410,179.53,483.15}{411,179.9,484.15}{412,180.26,485.15}{413,180.63,486.15}{414,180.99,487.15}{415,181.36,488.15}{416,181.73,489.15}{417,182.09,490.15}{418,182.46,491.15}{419,182.82,492.15}{420,183.19,493.15}{421,183.55,494.15}{422,183.92,495.15}{423,184.28,496.15}{424,184.65,497.15}{425,185.01,498.15}{426,185.38,499.15}{427,185.74,500.15}{428,186.11,501.15}{429,186.47,502.15}{430,186.84,503.15}{431,187.2,504.15}{432,187.56,505.15}{433,187.93,506.15}{434,188.29,507.15}{435,188.65,508.15}{436,189.02,509.15}{437,189.38,510.15}{438,189.74,511.15}{439,190.11,512.15}{440,190.47,513.15}{441,190.83,514.15}{442,191.2,515.15}{443,191.56,516.15}{444,191.92,517.15}{445,192.28,518.15}{446,192.66,519.15}{447,193.02,520.15}{448,193.38,521.15}{449,193.74,522.15}{450,194.1,523.15}{451,194.47,524.15}{452,194.83,525.15}{453,195.19,526.15}{454,195.55,527.15}{455,195.9,528.15}{456,196.26,529.15}{457,196.62,530.15}{458,196.98,531.15}{459,197.35,532.15}{460,197.71,533.15}{461,198.07,534.15}{462,198.43,535.15}{463,198.79,536.15}{464,199.15,537.15}{465,199.51,538.15}{466,199.87,539.15}{467,200.23,540.15}{468,200.59,541.15}{469,200.95,542.15}{470,201.31,543.15}{471,201.67,544.15}{472,202.03,545.15}{473,202.38,546.15}{474,202.74,547.15}{475,203.1,548.15}{476,203.46,549.15}{477,203.82,550.15}{478,204.18,551.15}{479,204.54,552.15}{480,204.9,553.15}{481,205.25,554.15}{482,205.61,555.15}{483,205.97,556.15}{484,206.33,557.15}{485,206.7,558.15}{486,207.05,559.15}{487,207.41,560.15}{488,207.77,561.15}{489,208.13,562.15}{490,208.48,563.15}{491,208.84,564.15}{492,209.2,565.15}{493,209.55,566.15}{494,209.91,567.15}{495,210.27,568.15}{496,210.62,569.15}{497,210.98,570.15}{498,211.34,571.15}{499,211.69,572.15}{500,212.05,573.15}{501,212.4,574.15}{502,212.76,575.15}{503,213.12,576.15}{504,213.47,577.15}{505,213.83,578.15}{506,214.19,579.15}{507,214.55,580.15}{508,214.9,581.15}{509,215.26,582.15}{510,215.61,583.15}{511,215.97,584.15}{512,216.32,585.15}{513,216.68,586.15}{514,217.03,587.15}{515,217.39,588.15}{516,217.73,589.15}{517,218.08,590.15}{518,218.44,591.15}{519,218.79,592.15}{520,219.15,593.15}{521,219.5,594.15}{522,219.85,595.15}{523,220.21,596.15}{524,220.56,597.15}{525,220.91,598.15}{526,221.27,599.15}{527,221.62,600.15}{528,221.97,601.15}{529,222.32,602.15}{530,222.68,603.15}{531,223.03,604.15}{532,223.38,605.15}{533,223.73,606.15}{534,224.09,607.15}{535,224.45,608.15}{536,224.8,609.15}{537,225.15,610.15}{538,225.5,611.15}{539,225.85,612.15}{540,226.21,613.15}{541,226.56,614.15}{542,226.91,615.15}{543,227.26,616.15}{544,227.61,617.15}{545,227.96,618.15}{546,228.31,619.15}{547,228.66,620.15}{548,229.01,621.15}{549,229.36,622.15}{550,229.72,623.15}{551,230.07,624.15}{552,230.42,625.15}{553,230.77,626.15}{554,231.12,627.15}{555,231.47,628.15}{556,231.81,629.15}{557,232.16,630.15}{558,232.51,631.15}{559,232.86,632.15}{560,233.21,633.15}{561,233.56,634.15}{562,233.91,635.15}{563,234.26,636.15}{564,234.6,637.15}{565,234.95,638.15}{566,235.3,639.15}{567,235.65,640.15}{568,236,641.15}{569,236.35,642.15}{570,236.7,643.15}{571,237.05,644.15}{572,237.4,645.15}{573,237.75,646.15}{574,238.09,647.15}{575,238.44,648.15}{576,238.79,649.15}{577,239.14,650.15}{578,239.48,651.15}{579,239.83,652.15}{580,240.18,653.15}{581,240.52,654.15}{582,240.87,655.15}{583,241.22,656.15}{584,241.56,657.15}{585,241.91,658.15}{586,242.25,659.15}{587,242.6,660.15}{588,242.95,661.15}{589,243.29,662.15}{590,243.64,663.15}{591,243.98,664.15}{592,244.33,665.15}{593,244.67,666.15}{594,245.02,667.15}{595,245.36,668.15}{596,245.71,669.15}{597,246.05,670.15}{598,246.4,671.15}{599,246.74,672.15}{600,247.09,673.15}{601,247.43,674.15}{602,247.78,675.15}{603,248.12,676.15}{604,248.46,677.15}{605,248.81,678.15}{606,249.15,679.15}{607,249.5,680.15}{608,249.84,681.15}{609,250.18,682.15}{610,250.53,683.15}{611,250.89,684.15}{612,251.21,685.15}{613,251.55,686.15}{614,251.9,687.15}{615,252.24,688.15}{616,252.59,689.15}{617,252.94,690.15}{618,253.28,691.15}{619,253.62,692.15}{620,253.96,693.15}{621,254.3,694.15}{622,254.65,695.15}{623,254.99,696.15}{624,255.33,697.15}{625,255.67,698.15}{626,256.01,699.15}{627,256.35,700.15}{628,256.7,701.15}{629,257.04,702.15}{630,257.38,703.15}{631,257.72,704.15}{632,258.06,705.15}{633,258.4,706.15}{634,258.74,707.15}{635,259.08,708.15}{636,259.42,709.15}{637,259.76,710.15}{638,260.1,711.15}{639,260.44,712.15}{640,260.78,713.15}{641,261.12,714.15}{642,261.46,715.15}{643,261.8,716.15}{644,262.14,717.15}{645,262.48,718.15}{646,262.83,719.15}{647,263.17,720.15}{648,263.5,721.15}{649,263.84,722.15}{650,264.18,723.15}{651,264.52,724.15}{652,264.86,725.15}{653,265.2,726.15}{654,265.54,727.15}{655,265.87,728.15}{656,266.21,729.15}{657,266.55,730.15}{658,266.89,731.15}{659,267.22,732.15}{660,267.56,733.15}{661,267.9,734.15}{662,268.24,735.15}{663,268.57,736.15}{664,268.91,737.15}{665,269.25,738.15}{666,269.58,739.15}{667,269.92,740.15}{668,270.26,741.15}{669,270.59,742.15}{670,270.93,743.15}{671,271.27,744.15}{672,271.6,745.15}{673,271.94,746.15}{674,272.27,747.15}{675,272.61,748.15}{676,272.95,749.15}{677,273.28,750.15}{678,273.62,751.15}{679,273.95,752.15}{680,274.29,753.15}{681,274.62,754.15}{682,274.96,755.15}{683,275.29,756.15}{684,275.63,757.15}{685,275.96,758.15}{686,276.31,759.15}{687,276.64,760.15}{688,276.97,761.15}{689,277.31,762.15}{690,277.64,763.15}{691,277.98,764.15}{692,278.31,765.15}{693,278.64,766.15}{694,278.98,767.15}{695,279.31,768.15}{696,279.64,769.15}{697,279.98,770.15}{698,280.31,771.15}{699,280.64,772.15}{700,280.98,773.15}{701,281.31,774.15}{702,281.64,775.15}{703,281.97,776.15}{704,282.31,777.15}{705,282.64,778.15}{706,282.97,779.15}{707,283.3,780.15}{708,283.63,781.15}{709,283.97,782.15}{710,284.3,783.15}{711,284.63,784.15}{712,284.96,785.15}{713,285.29,786.15}{714,285.62,787.15}{715,285.95,788.15}{716,286.3,789.15}{717,286.63,790.15}{718,286.96,791.15}{719,287.29,792.15}{720,287.62,793.15}{721,287.95,794.15}{722,288.28,795.15}{723,288.61,796.15}{724,288.94,797.15}{725,289.27,798.15}{726,289.6,799.15}{727,289.93,800.15}{728,290.26,801.15}{729,290.59,802.15}{730,290.92,803.15}{731,291.25,804.15}{732,291.58,805.15}{733,291.9,806.15}{734,292.23,807.15}{735,292.56,808.15}{736,292.9,809.15}{737,293.23,810.15}{738,293.56,811.15}{739,293.89,812.15}{740,294.21,813.15}{741,294.54,814.15}{742,294.87,815.15}{743,295.2,816.15}{744,295.53,817.15}{745,295.85,818.15}{746,296.18,819.15}{747,296.51,820.15}{748,296.84,821.15}{749,297.16,822.15}{750,297.49,823.15}{751,297.82,824.15}{752,298.14,825.15}{753,298.47,826.15}{754,298.8,827.15}{755,299.12,828.15}{756,299.45,829.15}{757,299.78,830.15}{758,300.1,831.15}{759,300.43,832.15}{760,300.75,833.15}{761,301.08,834.15}{762,301.41,835.15}{763,301.73,836.15}{764,302.06,837.15}{765,302.38,838.15}{766,302.71,839.15}{767,303.03,840.15}{768,303.36,841.15}{769,303.68,842.15}{770,304.01,843.15}{771,304.33,844.15}{772,304.66,845.15}{773,304.98,846.15}{774,305.3,847.15}{775,305.63,848.15}{776,305.95,849.15}{777,306.28,850.15}{778,306.6,851.15}{779,306.92,852.15}{780,307.25,853.15}{781,307.57,854.15}{782,307.89,855.15}{783,308.22,856.15}{784,308.54,857.15}{785,308.86,858.15}{786,309.19,859.15}{787,309.51,860.15}{788,309.83,861.15}{789,310.15,862.15}{790,310.48,863.15}{791,310.8,864.15}{792,311.12,865.15}{793,311.45,866.15}{794,311.78,867.15}{795,312.1,868.15}{796,312.43,869.15}{797,312.75,870.15}{798,313.07,871.15}{799,313.39,872.15}{800,313.71,873.15}{801,314.04,874.15}{802,314.36,875.15}{803,314.68,876.15}{804,315,877.15}{805,315.32,878.15}{806,315.64,879.15}{807,315.96,880.15}{808,316.28,881.15}{809,316.6,882.15}{810,316.92,883.15}{811,317.24,884.15}{812,317.56,885.15}{813,317.88,886.15}{814,318.2,887.15}{815,318.52,888.15}{816,318.85,889.15}{817,319.17,890.15}{818,319.49,891.15}{819,319.81,892.15}{820,320.12,893.15}{821,320.44,894.15}{822,320.76,895.15}{823,321.08,896.15}{824,321.4,897.15}{825,321.72,898.15}{826,322.03,899.15}{827,322.34,900.15}{828,322.66,901.15}{829,322.98,902.15}{830,323.3,903.15}{831,323.61,904.15}{832,323.93,905.15}{833,324.25,906.15}{834,324.57,907.15}{835,324.88,908.15}{836,325.21,909.15}{837,325.53,910.15}{838,325.85,911.15}{839,326.16,912.15}{840,326.48,913.15}{841,326.79,914.15}{842,327.11,915.15}{843,327.43,916.15}{844,327.74,917.15}{845,328.06,918.15}{846,328.38,919.15}{847,328.69,920.15}{848,329.01,921.15}{849,329.32,922.15}{850,329.64,923.15}{851,329.95,924.15}{852,330.27,925.15}{853,330.58,926.15}{854,330.9,927.15}{855,331.21,928.15}{856,331.53,929.15}{857,331.84,930.15}{858,332.16,931.15}{859,332.47,932.15}{860,332.79,933.15}{861,333.1,934.15}{862,333.41,935.15}{863,333.73,936.15}{864,334.04,937.15}{865,334.36,938.15}{866,334.68,939.15}{867,334.99,940.15}{868,335.31,941.15}{869,335.62,942.15}{870,335.93,943.15}{871,336.25,944.15}{872,336.56,945.15}{873,336.87,946.15}{874,337.18,947.15}{875,337.5,948.15}{876,337.81,949.15}{877,338.12,950.15}{878,338.43,951.15}{879,338.75,952.15}{880,339.06,953.15}{881,339.37,954.15}{882,339.68,955.15}{883,339.99,956.15}{884,340.3,957.15}{885,340.62,958.15}{886,340.94,959.15}{887,341.25,960.15}{888,341.55,961.15}{889,341.87,962.15}{890,342.18,963.15}{891,342.49,964.15}{892,342.8,965.15}{893,343.11,966.15}{894,343.42,967.15}{895,343.73,968.15}{896,344.04,969.15}{897,344.35,970.15}{898,344.66,971.15}{899,344.97,972.15}{900,345.28,973.15}{901,345.59,974.15}{902,345.9,975.15}{903,346.21,976.15}{904,346.52,977.15}{905,346.83,978.15}{906,347.15,979.15}{907,347.46,980.15}{908,347.76,981.15}{909,348.07,982.15}{910,348.38,983.15}{911,348.69,984.15}{912,349,985.15}{913,349.31,986.15}{914,349.61,987.15}{915,349.92,988.15}{916,350.23,989.15}{917,350.54,990.15}{918,350.85,991.15}{919,351.15,992.15}{920,351.46,993.15}{921,351.77,994.15}{922,352.07,995.15}{923,352.38,996.15}{924,352.69,997.15}{925,352.99,998.15}{926,353.3,999.15}{927,353.61,1000.15}{928,353.91,1001.15}{929,354.22,1002.15}{930,354.53,1003.15}{931,354.83,1004.15}{932,355.14,1005.15}{933,355.44,1006.15}{934,355.75,1007.15}{935,356.06,1008.15}{936,356.37,1009.15}{937,356.68,1010.15}{938,356.98,1011.15}{939,357.29,1012.15}{940,357.59,1013.15}{941,357.9,1014.15}{942,358.2,1015.15}{943,358.51,1016.15}{944,358.81,1017.15}{945,359.12,1018.15}{946,359.42,1019.15}{947,359.72,1020.15}{948,360.03,1021.15}{949,360.33,1022.15}{950,360.64,1023.15}{951,360.94,1024.15}{952,361.24,1025.15}{953,361.55,1026.15}{954,361.85,1027.15}{955,362.15,1028.15}{956,362.46,1029.15}{957,362.76,1030.15}{958,363.06,1031.15}{959,363.36,1032.15}{960,363.67,1033.15}{961,363.97,1034.15}{962,364.27,1035.15}{963,364.57,1036.15}{964,364.88,1037.15}{965,365.18,1038.15}{966,365.49,1039.15}{967,365.79,1040.15}{968,366.09,1041.15}{969,366.4,1042.15}{970,366.7,1043.15}{971,367,1044.15}{972,367.3,1045.15}{973,367.6,1046.15}{974,367.9,1047.15}{975,368.2,1048.15}{976,368.5,1049.15}{977,368.81,1050.15}{978,369.11,1051.15}{979,369.41,1052.15}{980,369.71,1053.15}{981,370.01,1054.15}{982,370.31,1055.15}{983,370.61,1056.15}{984,370.91,1057.15}{985,371.21,1058.15}{986,371.52,1059.15}{987,371.82,1060.15}{988,372.12,1061.15}{989,372.41,1062.15}{990,372.71,1063.15}{991,373.01,1064.15}{992,373.31,1065.15}{993,373.61,1066.15}{994,373.91,1067.15}{995,374.21,1068.15}{996,374.51,1069.15}{997,374.8,1070.15}{998,375.1,1071.15}{999,375.4,1072.15}{1000,375.7,1073.15}{1001,376,1074.15}{1002,376.29,1075.15}{1003,376.59,1076.15}{1004,376.89,1077.15}{1005,377.19,1078.15}{1006,377.49,1079.15}{1007,377.79,1080.15}{1008,378.09,1081.15}{1009,378.39,1082.15}{1010,378.68,1083.15}{1011,378.98,1084.15}{1012,379.28,1085.15}{1013,379.57,1086.15}{1014,379.87,1087.15}{1015,380.17,1088.15}{1016,380.46,1089.15}{1017,380.76,1090.15}{1018,381.05,1091.15}{1019,381.35,1092.15}{1020,381.65,1093.15}{1021,381.94,1094.15}{1022,382.24,1095.15}{1023,382.53,1096.15}{1024,382.83,1097.15}{1025,383.12,1098.15}{1026,383.42,1099.15}{1027,383.71,1100.15}{1028,384.01,1101.15}{1029,384.3,1102.15}{1030,384.6,1103.15}{1031,384.89,1104.15}{1032,385.18,1105.15}{1033,385.48,1106.15}{1034,385.77,1107.15}{1035,386.07,1108.15}{1036,386.37,1109.15}{1037,386.66,1110.15}{1038,386.96,1111.15}{1039,387.25,1112.15}{1040,387.55,1113.15}{1041,387.84,1114.15}{1042,388.13,1115.15}{1043,388.42,1116.15}{1044,388.72,1117.15}{1045,389.01,1118.15}{1046,389.31,1119.15}{1047,389.61,1120.15}{1048,389.9,1121.15}{1049,390.19,1122.15}{1050,390.48,1123.15}&quot;"/>
                                                                <instance name="dev01/Config/ch00005/Calibration_Sensor_Curve" order="0" value="&quot;{0,18.52,73.15}{1,18.96,74.15}{2,19.39,75.15}{3,19.82,76.15}{4,20.25,77.15}{5,20.68,78.15}{6,21.11,79.15}{7,21.54,80.15}{8,21.97,81.15}{9,22.4,82.15}{10,22.83,83.15}{11,23.26,84.15}{12,23.69,85.15}{13,24.12,86.15}{14,24.55,87.15}{15,24.97,88.15}{16,25.39,89.15}{17,25.82,90.15}{18,26.25,91.15}{19,26.67,92.15}{20,27.1,93.15}{21,27.52,94.15}{22,27.95,95.15}{23,28.37,96.15}{24,28.8,97.15}{25,29.22,98.15}{26,29.65,99.15}{27,30.07,100.15}{28,30.49,101.15}{29,30.92,102.15}{30,31.34,103.15}{31,31.76,104.15}{32,32.18,105.15}{33,32.61,106.15}{34,33.03,107.15}{35,33.45,108.15}{36,33.86,109.15}{37,34.28,110.15}{38,34.7,111.15}{39,35.12,112.15}{40,35.54,113.15}{41,35.96,114.15}{42,36.38,115.15}{43,36.8,116.15}{44,37.22,117.15}{45,37.63,118.15}{46,38.05,119.15}{47,38.47,120.15}{48,38.89,121.15}{49,39.31,122.15}{50,39.72,123.15}{51,40.14,124.15}{52,40.56,125.15}{53,40.97,126.15}{54,41.39,127.15}{55,41.8,128.15}{56,42.22,129.15}{57,42.64,130.15}{58,43.05,131.15}{59,43.46,132.15}{60,43.88,133.15}{61,44.29,134.15}{62,44.71,135.15}{63,45.12,136.15}{64,45.53,137.15}{65,45.95,138.15}{66,46.35,139.15}{67,46.76,140.15}{68,47.18,141.15}{69,47.59,142.15}{70,48,143.15}{71,48.41,144.15}{72,48.82,145.15}{73,49.23,146.15}{74,49.64,147.15}{75,50.06,148.15}{76,50.47,149.15}{77,50.88,150.15}{78,51.29,151.15}{79,51.7,152.15}{80,52.11,153.15}{81,52.52,154.15}{82,52.92,155.15}{83,53.33,156.15}{84,53.74,157.15}{85,54.15,158.15}{86,54.56,159.15}{87,54.97,160.15}{88,55.38,161.15}{89,55.78,162.15}{90,56.19,163.15}{91,56.6,164.15}{92,57,165.15}{93,57.41,166.15}{94,57.82,167.15}{95,58.22,168.15}{96,58.63,169.15}{97,59.04,170.15}{98,59.44,171.15}{99,59.85,172.15}{100,60.26,173.15}{101,60.67,174.15}{102,61.07,175.15}{103,61.48,176.15}{104,61.87,177.15}{105,62.29,178.15}{106,62.69,179.15}{107,63.1,180.15}{108,63.5,181.15}{109,63.91,182.15}{110,64.3,183.15}{111,64.7,184.15}{112,65.11,185.15}{113,65.51,186.15}{114,65.91,187.15}{115,66.31,188.15}{116,66.72,189.15}{117,67.12,190.15}{118,67.52,191.15}{119,67.92,192.15}{120,68.33,193.15}{121,68.73,194.15}{122,69.13,195.15}{123,69.53,196.15}{124,69.93,197.15}{125,70.33,198.15}{126,70.73,199.15}{127,71.13,200.15}{128,71.53,201.15}{129,71.93,202.15}{130,72.33,203.15}{131,72.73,204.15}{132,73.13,205.15}{133,73.53,206.15}{134,73.93,207.15}{135,74.33,208.15}{136,74.73,209.15}{137,75.13,210.15}{138,75.53,211.15}{139,75.93,212.15}{140,76.33,213.15}{141,76.73,214.15}{142,77.13,215.15}{143,77.52,216.15}{144,77.92,217.15}{145,78.32,218.15}{146,78.72,219.15}{147,79.11,220.15}{148,79.51,221.15}{149,79.91,222.15}{150,80.31,223.15}{151,80.7,224.15}{152,81.1,225.15}{153,81.5,226.15}{154,81.89,227.15}{155,82.29,228.15}{156,82.69,229.15}{157,83.08,230.15}{158,83.48,231.15}{159,83.88,232.15}{160,84.27,233.15}{161,84.67,234.15}{162,85.06,235.15}{163,85.46,236.15}{164,85.85,237.15}{165,86.25,238.15}{166,86.64,239.15}{167,87.04,240.15}{168,87.43,241.15}{169,87.83,242.15}{170,88.22,243.15}{171,88.62,244.15}{172,89.01,245.15}{173,89.4,246.15}{174,89.8,247.15}{175,90.19,248.15}{176,90.59,249.15}{177,90.98,250.15}{178,91.37,251.15}{179,91.77,252.15}{180,92.16,253.15}{181,92.55,254.15}{182,92.95,255.15}{183,93.34,256.15}{184,93.73,257.15}{185,94.12,258.15}{186,94.52,259.15}{187,94.91,260.15}{188,95.3,261.15}{189,95.69,262.15}{190,96.09,263.15}{191,96.48,264.15}{192,96.87,265.15}{193,97.26,266.15}{194,97.65,267.15}{195,98.04,268.15}{196,98.44,269.15}{197,98.83,270.15}{198,99.22,271.15}{199,99.61,272.15}{200,100,273.15}{201,100.39,274.15}{202,100.78,275.15}{203,101.17,276.15}{204,101.56,277.15}{205,101.95,278.15}{206,102.34,279.15}{207,102.73,280.15}{208,103.12,281.15}{209,103.51,282.15}{210,103.9,283.15}{211,104.29,284.15}{212,104.68,285.15}{213,105.07,286.15}{214,105.46,287.15}{215,105.85,288.15}{216,106.24,289.15}{217,106.63,290.15}{218,107.02,291.15}{219,107.4,292.15}{220,107.79,293.15}{221,108.18,294.15}{222,108.57,295.15}{223,108.96,296.15}{224,109.35,297.15}{225,109.73,298.15}{226,110.12,299.15}{227,110.51,300.15}{228,110.9,301.15}{229,111.28,302.15}{230,111.67,303.15}{231,112.06,304.15}{232,112.45,305.15}{233,112.83,306.15}{234,113.22,307.15}{235,113.61,308.15}{236,113.99,309.15}{237,114.38,310.15}{238,114.77,311.15}{239,115.15,312.15}{240,115.54,313.15}{241,115.93,314.15}{242,116.31,315.15}{243,116.7,316.15}{244,117.08,317.15}{245,117.47,318.15}{246,117.85,319.15}{247,118.24,320.15}{248,118.62,321.15}{249,119.01,322.15}{250,119.4,323.15}{251,119.78,324.15}{252,120.16,325.15}{253,120.55,326.15}{254,120.93,327.15}{255,121.32,328.15}{256,121.7,329.15}{257,122.09,330.15}{258,122.47,331.15}{259,122.86,332.15}{260,123.24,333.15}{261,123.62,334.15}{262,124.01,335.15}{263,124.39,336.15}{264,124.77,337.15}{265,125.17,338.15}{266,125.55,339.15}{267,125.93,340.15}{268,126.32,341.15}{269,126.7,342.15}{270,127.08,343.15}{271,127.46,344.15}{272,127.85,345.15}{273,128.23,346.15}{274,128.61,347.15}{275,128.99,348.15}{276,129.38,349.15}{277,129.76,350.15}{278,130.14,351.15}{279,130.52,352.15}{280,130.9,353.15}{281,131.28,354.15}{282,131.67,355.15}{283,132.05,356.15}{284,132.43,357.15}{285,132.81,358.15}{286,133.19,359.15}{287,133.57,360.15}{288,133.95,361.15}{289,134.33,362.15}{290,134.71,363.15}{291,135.09,364.15}{292,135.47,365.15}{293,135.85,366.15}{294,136.23,367.15}{295,136.61,368.15}{296,136.99,369.15}{297,137.37,370.15}{298,137.75,371.15}{299,138.13,372.15}{300,138.51,373.15}{301,138.89,374.15}{302,139.27,375.15}{303,139.65,376.15}{304,140.03,377.15}{305,140.39,378.15}{306,140.77,379.15}{307,141.15,380.15}{308,141.53,381.15}{309,141.91,382.15}{310,142.29,383.15}{311,142.66,384.15}{312,143.04,385.15}{313,143.42,386.15}{314,143.8,387.15}{315,144.18,388.15}{316,144.56,389.15}{317,144.94,390.15}{318,145.32,391.15}{319,145.69,392.15}{320,146.07,393.15}{321,146.45,394.15}{322,146.82,395.15}{323,147.2,396.15}{324,147.58,397.15}{325,147.95,398.15}{326,148.33,399.15}{327,148.71,400.15}{328,149.08,401.15}{329,149.46,402.15}{330,149.83,403.15}{331,150.21,404.15}{332,150.58,405.15}{333,150.96,406.15}{334,151.34,407.15}{335,151.71,408.15}{336,152.09,409.15}{337,152.46,410.15}{338,152.84,411.15}{339,153.21,412.15}{340,153.58,413.15}{341,153.95,414.15}{342,154.32,415.15}{343,154.71,416.15}{344,155.08,417.15}{345,155.46,418.15}{346,155.83,419.15}{347,156.21,420.15}{348,156.58,421.15}{349,156.96,422.15}{350,157.33,423.15}{351,157.71,424.15}{352,158.08,425.15}{353,158.45,426.15}{354,158.83,427.15}{355,159.2,428.15}{356,159.56,429.15}{357,159.94,430.15}{358,160.31,431.15}{359,160.68,432.15}{360,161.05,433.15}{361,161.43,434.15}{362,161.8,435.15}{363,162.17,436.15}{364,162.54,437.15}{365,162.91,438.15}{366,163.28,439.15}{367,163.66,440.15}{368,164.03,441.15}{369,164.4,442.15}{370,164.77,443.15}{371,165.14,444.15}{372,165.51,445.15}{373,165.88,446.15}{374,166.25,447.15}{375,166.62,448.15}{376,167,449.15}{377,167.37,450.15}{378,167.74,451.15}{379,168.11,452.15}{380,168.48,453.15}{381,168.85,454.15}{382,169.22,455.15}{383,169.59,456.15}{384,169.96,457.15}{385,170.33,458.15}{386,170.69,459.15}{387,171.06,460.15}{388,171.43,461.15}{389,171.8,462.15}{390,172.17,463.15}{391,172.54,464.15}{392,172.91,465.15}{393,173.27,466.15}{394,173.64,467.15}{395,174.01,468.15}{396,174.39,469.15}{397,174.75,470.15}{398,175.12,471.15}{399,175.49,472.15}{400,175.86,473.15}{401,176.23,474.15}{402,176.59,475.15}{403,176.96,476.15}{404,177.33,477.15}{405,177.7,478.15}{406,178.06,479.15}{407,178.43,480.15}{408,178.8,481.15}{409,179.16,482.15}{410,179.53,483.15}{411,179.9,484.15}{412,180.26,485.15}{413,180.63,486.15}{414,180.99,487.15}{415,181.36,488.15}{416,181.73,489.15}{417,182.09,490.15}{418,182.46,491.15}{419,182.82,492.15}{420,183.19,493.15}{421,183.55,494.15}{422,183.92,495.15}{423,184.28,496.15}{424,184.65,497.15}{425,185.01,498.15}{426,185.38,499.15}{427,185.74,500.15}{428,186.11,501.15}{429,186.47,502.15}{430,186.84,503.15}{431,187.2,504.15}{432,187.56,505.15}{433,187.93,506.15}{434,188.29,507.15}{435,188.65,508.15}{436,189.02,509.15}{437,189.38,510.15}{438,189.74,511.15}{439,190.11,512.15}{440,190.47,513.15}{441,190.83,514.15}{442,191.2,515.15}{443,191.56,516.15}{444,191.92,517.15}{445,192.28,518.15}{446,192.66,519.15}{447,193.02,520.15}{448,193.38,521.15}{449,193.74,522.15}{450,194.1,523.15}{451,194.47,524.15}{452,194.83,525.15}{453,195.19,526.15}{454,195.55,527.15}{455,195.9,528.15}{456,196.26,529.15}{457,196.62,530.15}{458,196.98,531.15}{459,197.35,532.15}{460,197.71,533.15}{461,198.07,534.15}{462,198.43,535.15}{463,198.79,536.15}{464,199.15,537.15}{465,199.51,538.15}{466,199.87,539.15}{467,200.23,540.15}{468,200.59,541.15}{469,200.95,542.15}{470,201.31,543.15}{471,201.67,544.15}{472,202.03,545.15}{473,202.38,546.15}{474,202.74,547.15}{475,203.1,548.15}{476,203.46,549.15}{477,203.82,550.15}{478,204.18,551.15}{479,204.54,552.15}{480,204.9,553.15}{481,205.25,554.15}{482,205.61,555.15}{483,205.97,556.15}{484,206.33,557.15}{485,206.7,558.15}{486,207.05,559.15}{487,207.41,560.15}{488,207.77,561.15}{489,208.13,562.15}{490,208.48,563.15}{491,208.84,564.15}{492,209.2,565.15}{493,209.55,566.15}{494,209.91,567.15}{495,210.27,568.15}{496,210.62,569.15}{497,210.98,570.15}{498,211.34,571.15}{499,211.69,572.15}{500,212.05,573.15}{501,212.4,574.15}{502,212.76,575.15}{503,213.12,576.15}{504,213.47,577.15}{505,213.83,578.15}{506,214.19,579.15}{507,214.55,580.15}{508,214.9,581.15}{509,215.26,582.15}{510,215.61,583.15}{511,215.97,584.15}{512,216.32,585.15}{513,216.68,586.15}{514,217.03,587.15}{515,217.39,588.15}{516,217.73,589.15}{517,218.08,590.15}{518,218.44,591.15}{519,218.79,592.15}{520,219.15,593.15}{521,219.5,594.15}{522,219.85,595.15}{523,220.21,596.15}{524,220.56,597.15}{525,220.91,598.15}{526,221.27,599.15}{527,221.62,600.15}{528,221.97,601.15}{529,222.32,602.15}{530,222.68,603.15}{531,223.03,604.15}{532,223.38,605.15}{533,223.73,606.15}{534,224.09,607.15}{535,224.45,608.15}{536,224.8,609.15}{537,225.15,610.15}{538,225.5,611.15}{539,225.85,612.15}{540,226.21,613.15}{541,226.56,614.15}{542,226.91,615.15}{543,227.26,616.15}{544,227.61,617.15}{545,227.96,618.15}{546,228.31,619.15}{547,228.66,620.15}{548,229.01,621.15}{549,229.36,622.15}{550,229.72,623.15}{551,230.07,624.15}{552,230.42,625.15}{553,230.77,626.15}{554,231.12,627.15}{555,231.47,628.15}{556,231.81,629.15}{557,232.16,630.15}{558,232.51,631.15}{559,232.86,632.15}{560,233.21,633.15}{561,233.56,634.15}{562,233.91,635.15}{563,234.26,636.15}{564,234.6,637.15}{565,234.95,638.15}{566,235.3,639.15}{567,235.65,640.15}{568,236,641.15}{569,236.35,642.15}{570,236.7,643.15}{571,237.05,644.15}{572,237.4,645.15}{573,237.75,646.15}{574,238.09,647.15}{575,238.44,648.15}{576,238.79,649.15}{577,239.14,650.15}{578,239.48,651.15}{579,239.83,652.15}{580,240.18,653.15}{581,240.52,654.15}{582,240.87,655.15}{583,241.22,656.15}{584,241.56,657.15}{585,241.91,658.15}{586,242.25,659.15}{587,242.6,660.15}{588,242.95,661.15}{589,243.29,662.15}{590,243.64,663.15}{591,243.98,664.15}{592,244.33,665.15}{593,244.67,666.15}{594,245.02,667.15}{595,245.36,668.15}{596,245.71,669.15}{597,246.05,670.15}{598,246.4,671.15}{599,246.74,672.15}{600,247.09,673.15}{601,247.43,674.15}{602,247.78,675.15}{603,248.12,676.15}{604,248.46,677.15}{605,248.81,678.15}{606,249.15,679.15}{607,249.5,680.15}{608,249.84,681.15}{609,250.18,682.15}{610,250.53,683.15}{611,250.89,684.15}{612,251.21,685.15}{613,251.55,686.15}{614,251.9,687.15}{615,252.24,688.15}{616,252.59,689.15}{617,252.94,690.15}{618,253.28,691.15}{619,253.62,692.15}{620,253.96,693.15}{621,254.3,694.15}{622,254.65,695.15}{623,254.99,696.15}{624,255.33,697.15}{625,255.67,698.15}{626,256.01,699.15}{627,256.35,700.15}{628,256.7,701.15}{629,257.04,702.15}{630,257.38,703.15}{631,257.72,704.15}{632,258.06,705.15}{633,258.4,706.15}{634,258.74,707.15}{635,259.08,708.15}{636,259.42,709.15}{637,259.76,710.15}{638,260.1,711.15}{639,260.44,712.15}{640,260.78,713.15}{641,261.12,714.15}{642,261.46,715.15}{643,261.8,716.15}{644,262.14,717.15}{645,262.48,718.15}{646,262.83,719.15}{647,263.17,720.15}{648,263.5,721.15}{649,263.84,722.15}{650,264.18,723.15}{651,264.52,724.15}{652,264.86,725.15}{653,265.2,726.15}{654,265.54,727.15}{655,265.87,728.15}{656,266.21,729.15}{657,266.55,730.15}{658,266.89,731.15}{659,267.22,732.15}{660,267.56,733.15}{661,267.9,734.15}{662,268.24,735.15}{663,268.57,736.15}{664,268.91,737.15}{665,269.25,738.15}{666,269.58,739.15}{667,269.92,740.15}{668,270.26,741.15}{669,270.59,742.15}{670,270.93,743.15}{671,271.27,744.15}{672,271.6,745.15}{673,271.94,746.15}{674,272.27,747.15}{675,272.61,748.15}{676,272.95,749.15}{677,273.28,750.15}{678,273.62,751.15}{679,273.95,752.15}{680,274.29,753.15}{681,274.62,754.15}{682,274.96,755.15}{683,275.29,756.15}{684,275.63,757.15}{685,275.96,758.15}{686,276.31,759.15}{687,276.64,760.15}{688,276.97,761.15}{689,277.31,762.15}{690,277.64,763.15}{691,277.98,764.15}{692,278.31,765.15}{693,278.64,766.15}{694,278.98,767.15}{695,279.31,768.15}{696,279.64,769.15}{697,279.98,770.15}{698,280.31,771.15}{699,280.64,772.15}{700,280.98,773.15}{701,281.31,774.15}{702,281.64,775.15}{703,281.97,776.15}{704,282.31,777.15}{705,282.64,778.15}{706,282.97,779.15}{707,283.3,780.15}{708,283.63,781.15}{709,283.97,782.15}{710,284.3,783.15}{711,284.63,784.15}{712,284.96,785.15}{713,285.29,786.15}{714,285.62,787.15}{715,285.95,788.15}{716,286.3,789.15}{717,286.63,790.15}{718,286.96,791.15}{719,287.29,792.15}{720,287.62,793.15}{721,287.95,794.15}{722,288.28,795.15}{723,288.61,796.15}{724,288.94,797.15}{725,289.27,798.15}{726,289.6,799.15}{727,289.93,800.15}{728,290.26,801.15}{729,290.59,802.15}{730,290.92,803.15}{731,291.25,804.15}{732,291.58,805.15}{733,291.9,806.15}{734,292.23,807.15}{735,292.56,808.15}{736,292.9,809.15}{737,293.23,810.15}{738,293.56,811.15}{739,293.89,812.15}{740,294.21,813.15}{741,294.54,814.15}{742,294.87,815.15}{743,295.2,816.15}{744,295.53,817.15}{745,295.85,818.15}{746,296.18,819.15}{747,296.51,820.15}{748,296.84,821.15}{749,297.16,822.15}{750,297.49,823.15}{751,297.82,824.15}{752,298.14,825.15}{753,298.47,826.15}{754,298.8,827.15}{755,299.12,828.15}{756,299.45,829.15}{757,299.78,830.15}{758,300.1,831.15}{759,300.43,832.15}{760,300.75,833.15}{761,301.08,834.15}{762,301.41,835.15}{763,301.73,836.15}{764,302.06,837.15}{765,302.38,838.15}{766,302.71,839.15}{767,303.03,840.15}{768,303.36,841.15}{769,303.68,842.15}{770,304.01,843.15}{771,304.33,844.15}{772,304.66,845.15}{773,304.98,846.15}{774,305.3,847.15}{775,305.63,848.15}{776,305.95,849.15}{777,306.28,850.15}{778,306.6,851.15}{779,306.92,852.15}{780,307.25,853.15}{781,307.57,854.15}{782,307.89,855.15}{783,308.22,856.15}{784,308.54,857.15}{785,308.86,858.15}{786,309.19,859.15}{787,309.51,860.15}{788,309.83,861.15}{789,310.15,862.15}{790,310.48,863.15}{791,310.8,864.15}{792,311.12,865.15}{793,311.45,866.15}{794,311.78,867.15}{795,312.1,868.15}{796,312.43,869.15}{797,312.75,870.15}{798,313.07,871.15}{799,313.39,872.15}{800,313.71,873.15}{801,314.04,874.15}{802,314.36,875.15}{803,314.68,876.15}{804,315,877.15}{805,315.32,878.15}{806,315.64,879.15}{807,315.96,880.15}{808,316.28,881.15}{809,316.6,882.15}{810,316.92,883.15}{811,317.24,884.15}{812,317.56,885.15}{813,317.88,886.15}{814,318.2,887.15}{815,318.52,888.15}{816,318.85,889.15}{817,319.17,890.15}{818,319.49,891.15}{819,319.81,892.15}{820,320.12,893.15}{821,320.44,894.15}{822,320.76,895.15}{823,321.08,896.15}{824,321.4,897.15}{825,321.72,898.15}{826,322.03,899.15}{827,322.34,900.15}{828,322.66,901.15}{829,322.98,902.15}{830,323.3,903.15}{831,323.61,904.15}{832,323.93,905.15}{833,324.25,906.15}{834,324.57,907.15}{835,324.88,908.15}{836,325.21,909.15}{837,325.53,910.15}{838,325.85,911.15}{839,326.16,912.15}{840,326.48,913.15}{841,326.79,914.15}{842,327.11,915.15}{843,327.43,916.15}{844,327.74,917.15}{845,328.06,918.15}{846,328.38,919.15}{847,328.69,920.15}{848,329.01,921.15}{849,329.32,922.15}{850,329.64,923.15}{851,329.95,924.15}{852,330.27,925.15}{853,330.58,926.15}{854,330.9,927.15}{855,331.21,928.15}{856,331.53,929.15}{857,331.84,930.15}{858,332.16,931.15}{859,332.47,932.15}{860,332.79,933.15}{861,333.1,934.15}{862,333.41,935.15}{863,333.73,936.15}{864,334.04,937.15}{865,334.36,938.15}{866,334.68,939.15}{867,334.99,940.15}{868,335.31,941.15}{869,335.62,942.15}{870,335.93,943.15}{871,336.25,944.15}{872,336.56,945.15}{873,336.87,946.15}{874,337.18,947.15}{875,337.5,948.15}{876,337.81,949.15}{877,338.12,950.15}{878,338.43,951.15}{879,338.75,952.15}{880,339.06,953.15}{881,339.37,954.15}{882,339.68,955.15}{883,339.99,956.15}{884,340.3,957.15}{885,340.62,958.15}{886,340.94,959.15}{887,341.25,960.15}{888,341.55,961.15}{889,341.87,962.15}{890,342.18,963.15}{891,342.49,964.15}{892,342.8,965.15}{893,343.11,966.15}{894,343.42,967.15}{895,343.73,968.15}{896,344.04,969.15}{897,344.35,970.15}{898,344.66,971.15}{899,344.97,972.15}{900,345.28,973.15}{901,345.59,974.15}{902,345.9,975.15}{903,346.21,976.15}{904,346.52,977.15}{905,346.83,978.15}{906,347.15,979.15}{907,347.46,980.15}{908,347.76,981.15}{909,348.07,982.15}{910,348.38,983.15}{911,348.69,984.15}{912,349,985.15}{913,349.31,986.15}{914,349.61,987.15}{915,349.92,988.15}{916,350.23,989.15}{917,350.54,990.15}{918,350.85,991.15}{919,351.15,992.15}{920,351.46,993.15}{921,351.77,994.15}{922,352.07,995.15}{923,352.38,996.15}{924,352.69,997.15}{925,352.99,998.15}{926,353.3,999.15}{927,353.61,1000.15}{928,353.91,1001.15}{929,354.22,1002.15}{930,354.53,1003.15}{931,354.83,1004.15}{932,355.14,1005.15}{933,355.44,1006.15}{934,355.75,1007.15}{935,356.06,1008.15}{936,356.37,1009.15}{937,356.68,1010.15}{938,356.98,1011.15}{939,357.29,1012.15}{940,357.59,1013.15}{941,357.9,1014.15}{942,358.2,1015.15}{943,358.51,1016.15}{944,358.81,1017.15}{945,359.12,1018.15}{946,359.42,1019.15}{947,359.72,1020.15}{948,360.03,1021.15}{949,360.33,1022.15}{950,360.64,1023.15}{951,360.94,1024.15}{952,361.24,1025.15}{953,361.55,1026.15}{954,361.85,1027.15}{955,362.15,1028.15}{956,362.46,1029.15}{957,362.76,1030.15}{958,363.06,1031.15}{959,363.36,1032.15}{960,363.67,1033.15}{961,363.97,1034.15}{962,364.27,1035.15}{963,364.57,1036.15}{964,364.88,1037.15}{965,365.18,1038.15}{966,365.49,1039.15}{967,365.79,1040.15}{968,366.09,1041.15}{969,366.4,1042.15}{970,366.7,1043.15}{971,367,1044.15}{972,367.3,1045.15}{973,367.6,1046.15}{974,367.9,1047.15}{975,368.2,1048.15}{976,368.5,1049.15}{977,368.81,1050.15}{978,369.11,1051.15}{979,369.41,1052.15}{980,369.71,1053.15}{981,370.01,1054.15}{982,370.31,1055.15}{983,370.61,1056.15}{984,370.91,1057.15}{985,371.21,1058.15}{986,371.52,1059.15}{987,371.82,1060.15}{988,372.12,1061.15}{989,372.41,1062.15}{990,372.71,1063.15}{991,373.01,1064.15}{992,373.31,1065.15}{993,373.61,1066.15}{994,373.91,1067.15}{995,374.21,1068.15}{996,374.51,1069.15}{997,374.8,1070.15}{998,375.1,1071.15}{999,375.4,1072.15}{1000,375.7,1073.15}{1001,376,1074.15}{1002,376.29,1075.15}{1003,376.59,1076.15}{1004,376.89,1077.15}{1005,377.19,1078.15}{1006,377.49,1079.15}{1007,377.79,1080.15}{1008,378.09,1081.15}{1009,378.39,1082.15}{1010,378.68,1083.15}{1011,378.98,1084.15}{1012,379.28,1085.15}{1013,379.57,1086.15}{1014,379.87,1087.15}{1015,380.17,1088.15}{1016,380.46,1089.15}{1017,380.76,1090.15}{1018,381.05,1091.15}{1019,381.35,1092.15}{1020,381.65,1093.15}{1021,381.94,1094.15}{1022,382.24,1095.15}{1023,382.53,1096.15}{1024,382.83,1097.15}{1025,383.12,1098.15}{1026,383.42,1099.15}{1027,383.71,1100.15}{1028,384.01,1101.15}{1029,384.3,1102.15}{1030,384.6,1103.15}{1031,384.89,1104.15}{1032,385.18,1105.15}{1033,385.48,1106.15}{1034,385.77,1107.15}{1035,386.07,1108.15}{1036,386.37,1109.15}{1037,386.66,1110.15}{1038,386.96,1111.15}{1039,387.25,1112.15}{1040,387.55,1113.15}{1041,387.84,1114.15}{1042,388.13,1115.15}{1043,388.42,1116.15}{1044,388.72,1117.15}{1045,389.01,1118.15}{1046,389.31,1119.15}{1047,389.61,1120.15}{1048,389.9,1121.15}{1049,390.19,1122.15}{1050,390.48,1123.15}&quot;"/>
                                                                <instance name="dev01/Config/ch00006/Calibration_Sensor_Curve" order="0" value="&quot;{0,18.52,73.15}{1,18.96,74.15}{2,19.39,75.15}{3,19.82,76.15}{4,20.25,77.15}{5,20.68,78.15}{6,21.11,79.15}{7,21.54,80.15}{8,21.97,81.15}{9,22.4,82.15}{10,22.83,83.15}{11,23.26,84.15}{12,23.69,85.15}{13,24.12,86.15}{14,24.55,87.15}{15,24.97,88.15}{16,25.39,89.15}{17,25.82,90.15}{18,26.25,91.15}{19,26.67,92.15}{20,27.1,93.15}{21,27.52,94.15}{22,27.95,95.15}{23,28.37,96.15}{24,28.8,97.15}{25,29.22,98.15}{26,29.65,99.15}{27,30.07,100.15}{28,30.49,101.15}{29,30.92,102.15}{30,31.34,103.15}{31,31.76,104.15}{32,32.18,105.15}{33,32.61,106.15}{34,33.03,107.15}{35,33.45,108.15}{36,33.86,109.15}{37,34.28,110.15}{38,34.7,111.15}{39,35.12,112.15}{40,35.54,113.15}{41,35.96,114.15}{42,36.38,115.15}{43,36.8,116.15}{44,37.22,117.15}{45,37.63,118.15}{46,38.05,119.15}{47,38.47,120.15}{48,38.89,121.15}{49,39.31,122.15}{50,39.72,123.15}{51,40.14,124.15}{52,40.56,125.15}{53,40.97,126.15}{54,41.39,127.15}{55,41.8,128.15}{56,42.22,129.15}{57,42.64,130.15}{58,43.05,131.15}{59,43.46,132.15}{60,43.88,133.15}{61,44.29,134.15}{62,44.71,135.15}{63,45.12,136.15}{64,45.53,137.15}{65,45.95,138.15}{66,46.35,139.15}{67,46.76,140.15}{68,47.18,141.15}{69,47.59,142.15}{70,48,143.15}{71,48.41,144.15}{72,48.82,145.15}{73,49.23,146.15}{74,49.64,147.15}{75,50.06,148.15}{76,50.47,149.15}{77,50.88,150.15}{78,51.29,151.15}{79,51.7,152.15}{80,52.11,153.15}{81,52.52,154.15}{82,52.92,155.15}{83,53.33,156.15}{84,53.74,157.15}{85,54.15,158.15}{86,54.56,159.15}{87,54.97,160.15}{88,55.38,161.15}{89,55.78,162.15}{90,56.19,163.15}{91,56.6,164.15}{92,57,165.15}{93,57.41,166.15}{94,57.82,167.15}{95,58.22,168.15}{96,58.63,169.15}{97,59.04,170.15}{98,59.44,171.15}{99,59.85,172.15}{100,60.26,173.15}{101,60.67,174.15}{102,61.07,175.15}{103,61.48,176.15}{104,61.87,177.15}{105,62.29,178.15}{106,62.69,179.15}{107,63.1,180.15}{108,63.5,181.15}{109,63.91,182.15}{110,64.3,183.15}{111,64.7,184.15}{112,65.11,185.15}{113,65.51,186.15}{114,65.91,187.15}{115,66.31,188.15}{116,66.72,189.15}{117,67.12,190.15}{118,67.52,191.15}{119,67.92,192.15}{120,68.33,193.15}{121,68.73,194.15}{122,69.13,195.15}{123,69.53,196.15}{124,69.93,197.15}{125,70.33,198.15}{126,70.73,199.15}{127,71.13,200.15}{128,71.53,201.15}{129,71.93,202.15}{130,72.33,203.15}{131,72.73,204.15}{132,73.13,205.15}{133,73.53,206.15}{134,73.93,207.15}{135,74.33,208.15}{136,74.73,209.15}{137,75.13,210.15}{138,75.53,211.15}{139,75.93,212.15}{140,76.33,213.15}{141,76.73,214.15}{142,77.13,215.15}{143,77.52,216.15}{144,77.92,217.15}{145,78.32,218.15}{146,78.72,219.15}{147,79.11,220.15}{148,79.51,221.15}{149,79.91,222.15}{150,80.31,223.15}{151,80.7,224.15}{152,81.1,225.15}{153,81.5,226.15}{154,81.89,227.15}{155,82.29,228.15}{156,82.69,229.15}{157,83.08,230.15}{158,83.48,231.15}{159,83.88,232.15}{160,84.27,233.15}{161,84.67,234.15}{162,85.06,235.15}{163,85.46,236.15}{164,85.85,237.15}{165,86.25,238.15}{166,86.64,239.15}{167,87.04,240.15}{168,87.43,241.15}{169,87.83,242.15}{170,88.22,243.15}{171,88.62,244.15}{172,89.01,245.15}{173,89.4,246.15}{174,89.8,247.15}{175,90.19,248.15}{176,90.59,249.15}{177,90.98,250.15}{178,91.37,251.15}{179,91.77,252.15}{180,92.16,253.15}{181,92.55,254.15}{182,92.95,255.15}{183,93.34,256.15}{184,93.73,257.15}{185,94.12,258.15}{186,94.52,259.15}{187,94.91,260.15}{188,95.3,261.15}{189,95.69,262.15}{190,96.09,263.15}{191,96.48,264.15}{192,96.87,265.15}{193,97.26,266.15}{194,97.65,267.15}{195,98.04,268.15}{196,98.44,269.15}{197,98.83,270.15}{198,99.22,271.15}{199,99.61,272.15}{200,100,273.15}{201,100.39,274.15}{202,100.78,275.15}{203,101.17,276.15}{204,101.56,277.15}{205,101.95,278.15}{206,102.34,279.15}{207,102.73,280.15}{208,103.12,281.15}{209,103.51,282.15}{210,103.9,283.15}{211,104.29,284.15}{212,104.68,285.15}{213,105.07,286.15}{214,105.46,287.15}{215,105.85,288.15}{216,106.24,289.15}{217,106.63,290.15}{218,107.02,291.15}{219,107.4,292.15}{220,107.79,293.15}{221,108.18,294.15}{222,108.57,295.15}{223,108.96,296.15}{224,109.35,297.15}{225,109.73,298.15}{226,110.12,299.15}{227,110.51,300.15}{228,110.9,301.15}{229,111.28,302.15}{230,111.67,303.15}{231,112.06,304.15}{232,112.45,305.15}{233,112.83,306.15}{234,113.22,307.15}{235,113.61,308.15}{236,113.99,309.15}{237,114.38,310.15}{238,114.77,311.15}{239,115.15,312.15}{240,115.54,313.15}{241,115.93,314.15}{242,116.31,315.15}{243,116.7,316.15}{244,117.08,317.15}{245,117.47,318.15}{246,117.85,319.15}{247,118.24,320.15}{248,118.62,321.15}{249,119.01,322.15}{250,119.4,323.15}{251,119.78,324.15}{252,120.16,325.15}{253,120.55,326.15}{254,120.93,327.15}{255,121.32,328.15}{256,121.7,329.15}{257,122.09,330.15}{258,122.47,331.15}{259,122.86,332.15}{260,123.24,333.15}{261,123.62,334.15}{262,124.01,335.15}{263,124.39,336.15}{264,124.77,337.15}{265,125.17,338.15}{266,125.55,339.15}{267,125.93,340.15}{268,126.32,341.15}{269,126.7,342.15}{270,127.08,343.15}{271,127.46,344.15}{272,127.85,345.15}{273,128.23,346.15}{274,128.61,347.15}{275,128.99,348.15}{276,129.38,349.15}{277,129.76,350.15}{278,130.14,351.15}{279,130.52,352.15}{280,130.9,353.15}{281,131.28,354.15}{282,131.67,355.15}{283,132.05,356.15}{284,132.43,357.15}{285,132.81,358.15}{286,133.19,359.15}{287,133.57,360.15}{288,133.95,361.15}{289,134.33,362.15}{290,134.71,363.15}{291,135.09,364.15}{292,135.47,365.15}{293,135.85,366.15}{294,136.23,367.15}{295,136.61,368.15}{296,136.99,369.15}{297,137.37,370.15}{298,137.75,371.15}{299,138.13,372.15}{300,138.51,373.15}{301,138.89,374.15}{302,139.27,375.15}{303,139.65,376.15}{304,140.03,377.15}{305,140.39,378.15}{306,140.77,379.15}{307,141.15,380.15}{308,141.53,381.15}{309,141.91,382.15}{310,142.29,383.15}{311,142.66,384.15}{312,143.04,385.15}{313,143.42,386.15}{314,143.8,387.15}{315,144.18,388.15}{316,144.56,389.15}{317,144.94,390.15}{318,145.32,391.15}{319,145.69,392.15}{320,146.07,393.15}{321,146.45,394.15}{322,146.82,395.15}{323,147.2,396.15}{324,147.58,397.15}{325,147.95,398.15}{326,148.33,399.15}{327,148.71,400.15}{328,149.08,401.15}{329,149.46,402.15}{330,149.83,403.15}{331,150.21,404.15}{332,150.58,405.15}{333,150.96,406.15}{334,151.34,407.15}{335,151.71,408.15}{336,152.09,409.15}{337,152.46,410.15}{338,152.84,411.15}{339,153.21,412.15}{340,153.58,413.15}{341,153.95,414.15}{342,154.32,415.15}{343,154.71,416.15}{344,155.08,417.15}{345,155.46,418.15}{346,155.83,419.15}{347,156.21,420.15}{348,156.58,421.15}{349,156.96,422.15}{350,157.33,423.15}{351,157.71,424.15}{352,158.08,425.15}{353,158.45,426.15}{354,158.83,427.15}{355,159.2,428.15}{356,159.56,429.15}{357,159.94,430.15}{358,160.31,431.15}{359,160.68,432.15}{360,161.05,433.15}{361,161.43,434.15}{362,161.8,435.15}{363,162.17,436.15}{364,162.54,437.15}{365,162.91,438.15}{366,163.28,439.15}{367,163.66,440.15}{368,164.03,441.15}{369,164.4,442.15}{370,164.77,443.15}{371,165.14,444.15}{372,165.51,445.15}{373,165.88,446.15}{374,166.25,447.15}{375,166.62,448.15}{376,167,449.15}{377,167.37,450.15}{378,167.74,451.15}{379,168.11,452.15}{380,168.48,453.15}{381,168.85,454.15}{382,169.22,455.15}{383,169.59,456.15}{384,169.96,457.15}{385,170.33,458.15}{386,170.69,459.15}{387,171.06,460.15}{388,171.43,461.15}{389,171.8,462.15}{390,172.17,463.15}{391,172.54,464.15}{392,172.91,465.15}{393,173.27,466.15}{394,173.64,467.15}{395,174.01,468.15}{396,174.39,469.15}{397,174.75,470.15}{398,175.12,471.15}{399,175.49,472.15}{400,175.86,473.15}{401,176.23,474.15}{402,176.59,475.15}{403,176.96,476.15}{404,177.33,477.15}{405,177.7,478.15}{406,178.06,479.15}{407,178.43,480.15}{408,178.8,481.15}{409,179.16,482.15}{410,179.53,483.15}{411,179.9,484.15}{412,180.26,485.15}{413,180.63,486.15}{414,180.99,487.15}{415,181.36,488.15}{416,181.73,489.15}{417,182.09,490.15}{418,182.46,491.15}{419,182.82,492.15}{420,183.19,493.15}{421,183.55,494.15}{422,183.92,495.15}{423,184.28,496.15}{424,184.65,497.15}{425,185.01,498.15}{426,185.38,499.15}{427,185.74,500.15}{428,186.11,501.15}{429,186.47,502.15}{430,186.84,503.15}{431,187.2,504.15}{432,187.56,505.15}{433,187.93,506.15}{434,188.29,507.15}{435,188.65,508.15}{436,189.02,509.15}{437,189.38,510.15}{438,189.74,511.15}{439,190.11,512.15}{440,190.47,513.15}{441,190.83,514.15}{442,191.2,515.15}{443,191.56,516.15}{444,191.92,517.15}{445,192.28,518.15}{446,192.66,519.15}{447,193.02,520.15}{448,193.38,521.15}{449,193.74,522.15}{450,194.1,523.15}{451,194.47,524.15}{452,194.83,525.15}{453,195.19,526.15}{454,195.55,527.15}{455,195.9,528.15}{456,196.26,529.15}{457,196.62,530.15}{458,196.98,531.15}{459,197.35,532.15}{460,197.71,533.15}{461,198.07,534.15}{462,198.43,535.15}{463,198.79,536.15}{464,199.15,537.15}{465,199.51,538.15}{466,199.87,539.15}{467,200.23,540.15}{468,200.59,541.15}{469,200.95,542.15}{470,201.31,543.15}{471,201.67,544.15}{472,202.03,545.15}{473,202.38,546.15}{474,202.74,547.15}{475,203.1,548.15}{476,203.46,549.15}{477,203.82,550.15}{478,204.18,551.15}{479,204.54,552.15}{480,204.9,553.15}{481,205.25,554.15}{482,205.61,555.15}{483,205.97,556.15}{484,206.33,557.15}{485,206.7,558.15}{486,207.05,559.15}{487,207.41,560.15}{488,207.77,561.15}{489,208.13,562.15}{490,208.48,563.15}{491,208.84,564.15}{492,209.2,565.15}{493,209.55,566.15}{494,209.91,567.15}{495,210.27,568.15}{496,210.62,569.15}{497,210.98,570.15}{498,211.34,571.15}{499,211.69,572.15}{500,212.05,573.15}{501,212.4,574.15}{502,212.76,575.15}{503,213.12,576.15}{504,213.47,577.15}{505,213.83,578.15}{506,214.19,579.15}{507,214.55,580.15}{508,214.9,581.15}{509,215.26,582.15}{510,215.61,583.15}{511,215.97,584.15}{512,216.32,585.15}{513,216.68,586.15}{514,217.03,587.15}{515,217.39,588.15}{516,217.73,589.15}{517,218.08,590.15}{518,218.44,591.15}{519,218.79,592.15}{520,219.15,593.15}{521,219.5,594.15}{522,219.85,595.15}{523,220.21,596.15}{524,220.56,597.15}{525,220.91,598.15}{526,221.27,599.15}{527,221.62,600.15}{528,221.97,601.15}{529,222.32,602.15}{530,222.68,603.15}{531,223.03,604.15}{532,223.38,605.15}{533,223.73,606.15}{534,224.09,607.15}{535,224.45,608.15}{536,224.8,609.15}{537,225.15,610.15}{538,225.5,611.15}{539,225.85,612.15}{540,226.21,613.15}{541,226.56,614.15}{542,226.91,615.15}{543,227.26,616.15}{544,227.61,617.15}{545,227.96,618.15}{546,228.31,619.15}{547,228.66,620.15}{548,229.01,621.15}{549,229.36,622.15}{550,229.72,623.15}{551,230.07,624.15}{552,230.42,625.15}{553,230.77,626.15}{554,231.12,627.15}{555,231.47,628.15}{556,231.81,629.15}{557,232.16,630.15}{558,232.51,631.15}{559,232.86,632.15}{560,233.21,633.15}{561,233.56,634.15}{562,233.91,635.15}{563,234.26,636.15}{564,234.6,637.15}{565,234.95,638.15}{566,235.3,639.15}{567,235.65,640.15}{568,236,641.15}{569,236.35,642.15}{570,236.7,643.15}{571,237.05,644.15}{572,237.4,645.15}{573,237.75,646.15}{574,238.09,647.15}{575,238.44,648.15}{576,238.79,649.15}{577,239.14,650.15}{578,239.48,651.15}{579,239.83,652.15}{580,240.18,653.15}{581,240.52,654.15}{582,240.87,655.15}{583,241.22,656.15}{584,241.56,657.15}{585,241.91,658.15}{586,242.25,659.15}{587,242.6,660.15}{588,242.95,661.15}{589,243.29,662.15}{590,243.64,663.15}{591,243.98,664.15}{592,244.33,665.15}{593,244.67,666.15}{594,245.02,667.15}{595,245.36,668.15}{596,245.71,669.15}{597,246.05,670.15}{598,246.4,671.15}{599,246.74,672.15}{600,247.09,673.15}{601,247.43,674.15}{602,247.78,675.15}{603,248.12,676.15}{604,248.46,677.15}{605,248.81,678.15}{606,249.15,679.15}{607,249.5,680.15}{608,249.84,681.15}{609,250.18,682.15}{610,250.53,683.15}{611,250.89,684.15}{612,251.21,685.15}{613,251.55,686.15}{614,251.9,687.15}{615,252.24,688.15}{616,252.59,689.15}{617,252.94,690.15}{618,253.28,691.15}{619,253.62,692.15}{620,253.96,693.15}{621,254.3,694.15}{622,254.65,695.15}{623,254.99,696.15}{624,255.33,697.15}{625,255.67,698.15}{626,256.01,699.15}{627,256.35,700.15}{628,256.7,701.15}{629,257.04,702.15}{630,257.38,703.15}{631,257.72,704.15}{632,258.06,705.15}{633,258.4,706.15}{634,258.74,707.15}{635,259.08,708.15}{636,259.42,709.15}{637,259.76,710.15}{638,260.1,711.15}{639,260.44,712.15}{640,260.78,713.15}{641,261.12,714.15}{642,261.46,715.15}{643,261.8,716.15}{644,262.14,717.15}{645,262.48,718.15}{646,262.83,719.15}{647,263.17,720.15}{648,263.5,721.15}{649,263.84,722.15}{650,264.18,723.15}{651,264.52,724.15}{652,264.86,725.15}{653,265.2,726.15}{654,265.54,727.15}{655,265.87,728.15}{656,266.21,729.15}{657,266.55,730.15}{658,266.89,731.15}{659,267.22,732.15}{660,267.56,733.15}{661,267.9,734.15}{662,268.24,735.15}{663,268.57,736.15}{664,268.91,737.15}{665,269.25,738.15}{666,269.58,739.15}{667,269.92,740.15}{668,270.26,741.15}{669,270.59,742.15}{670,270.93,743.15}{671,271.27,744.15}{672,271.6,745.15}{673,271.94,746.15}{674,272.27,747.15}{675,272.61,748.15}{676,272.95,749.15}{677,273.28,750.15}{678,273.62,751.15}{679,273.95,752.15}{680,274.29,753.15}{681,274.62,754.15}{682,274.96,755.15}{683,275.29,756.15}{684,275.63,757.15}{685,275.96,758.15}{686,276.31,759.15}{687,276.64,760.15}{688,276.97,761.15}{689,277.31,762.15}{690,277.64,763.15}{691,277.98,764.15}{692,278.31,765.15}{693,278.64,766.15}{694,278.98,767.15}{695,279.31,768.15}{696,279.64,769.15}{697,279.98,770.15}{698,280.31,771.15}{699,280.64,772.15}{700,280.98,773.15}{701,281.31,774.15}{702,281.64,775.15}{703,281.97,776.15}{704,282.31,777.15}{705,282.64,778.15}{706,282.97,779.15}{707,283.3,780.15}{708,283.63,781.15}{709,283.97,782.15}{710,284.3,783.15}{711,284.63,784.15}{712,284.96,785.15}{713,285.29,786.15}{714,285.62,787.15}{715,285.95,788.15}{716,286.3,789.15}{717,286.63,790.15}{718,286.96,791.15}{719,287.29,792.15}{720,287.62,793.15}{721,287.95,794.15}{722,288.28,795.15}{723,288.61,796.15}{724,288.94,797.15}{725,289.27,798.15}{726,289.6,799.15}{727,289.93,800.15}{728,290.26,801.15}{729,290.59,802.15}{730,290.92,803.15}{731,291.25,804.15}{732,291.58,805.15}{733,291.9,806.15}{734,292.23,807.15}{735,292.56,808.15}{736,292.9,809.15}{737,293.23,810.15}{738,293.56,811.15}{739,293.89,812.15}{740,294.21,813.15}{741,294.54,814.15}{742,294.87,815.15}{743,295.2,816.15}{744,295.53,817.15}{745,295.85,818.15}{746,296.18,819.15}{747,296.51,820.15}{748,296.84,821.15}{749,297.16,822.15}{750,297.49,823.15}{751,297.82,824.15}{752,298.14,825.15}{753,298.47,826.15}{754,298.8,827.15}{755,299.12,828.15}{756,299.45,829.15}{757,299.78,830.15}{758,300.1,831.15}{759,300.43,832.15}{760,300.75,833.15}{761,301.08,834.15}{762,301.41,835.15}{763,301.73,836.15}{764,302.06,837.15}{765,302.38,838.15}{766,302.71,839.15}{767,303.03,840.15}{768,303.36,841.15}{769,303.68,842.15}{770,304.01,843.15}{771,304.33,844.15}{772,304.66,845.15}{773,304.98,846.15}{774,305.3,847.15}{775,305.63,848.15}{776,305.95,849.15}{777,306.28,850.15}{778,306.6,851.15}{779,306.92,852.15}{780,307.25,853.15}{781,307.57,854.15}{782,307.89,855.15}{783,308.22,856.15}{784,308.54,857.15}{785,308.86,858.15}{786,309.19,859.15}{787,309.51,860.15}{788,309.83,861.15}{789,310.15,862.15}{790,310.48,863.15}{791,310.8,864.15}{792,311.12,865.15}{793,311.45,866.15}{794,311.78,867.15}{795,312.1,868.15}{796,312.43,869.15}{797,312.75,870.15}{798,313.07,871.15}{799,313.39,872.15}{800,313.71,873.15}{801,314.04,874.15}{802,314.36,875.15}{803,314.68,876.15}{804,315,877.15}{805,315.32,878.15}{806,315.64,879.15}{807,315.96,880.15}{808,316.28,881.15}{809,316.6,882.15}{810,316.92,883.15}{811,317.24,884.15}{812,317.56,885.15}{813,317.88,886.15}{814,318.2,887.15}{815,318.52,888.15}{816,318.85,889.15}{817,319.17,890.15}{818,319.49,891.15}{819,319.81,892.15}{820,320.12,893.15}{821,320.44,894.15}{822,320.76,895.15}{823,321.08,896.15}{824,321.4,897.15}{825,321.72,898.15}{826,322.03,899.15}{827,322.34,900.15}{828,322.66,901.15}{829,322.98,902.15}{830,323.3,903.15}{831,323.61,904.15}{832,323.93,905.15}{833,324.25,906.15}{834,324.57,907.15}{835,324.88,908.15}{836,325.21,909.15}{837,325.53,910.15}{838,325.85,911.15}{839,326.16,912.15}{840,326.48,913.15}{841,326.79,914.15}{842,327.11,915.15}{843,327.43,916.15}{844,327.74,917.15}{845,328.06,918.15}{846,328.38,919.15}{847,328.69,920.15}{848,329.01,921.15}{849,329.32,922.15}{850,329.64,923.15}{851,329.95,924.15}{852,330.27,925.15}{853,330.58,926.15}{854,330.9,927.15}{855,331.21,928.15}{856,331.53,929.15}{857,331.84,930.15}{858,332.16,931.15}{859,332.47,932.15}{860,332.79,933.15}{861,333.1,934.15}{862,333.41,935.15}{863,333.73,936.15}{864,334.04,937.15}{865,334.36,938.15}{866,334.68,939.15}{867,334.99,940.15}{868,335.31,941.15}{869,335.62,942.15}{870,335.93,943.15}{871,336.25,944.15}{872,336.56,945.15}{873,336.87,946.15}{874,337.18,947.15}{875,337.5,948.15}{876,337.81,949.15}{877,338.12,950.15}{878,338.43,951.15}{879,338.75,952.15}{880,339.06,953.15}{881,339.37,954.15}{882,339.68,955.15}{883,339.99,956.15}{884,340.3,957.15}{885,340.62,958.15}{886,340.94,959.15}{887,341.25,960.15}{888,341.55,961.15}{889,341.87,962.15}{890,342.18,963.15}{891,342.49,964.15}{892,342.8,965.15}{893,343.11,966.15}{894,343.42,967.15}{895,343.73,968.15}{896,344.04,969.15}{897,344.35,970.15}{898,344.66,971.15}{899,344.97,972.15}{900,345.28,973.15}{901,345.59,974.15}{902,345.9,975.15}{903,346.21,976.15}{904,346.52,977.15}{905,346.83,978.15}{906,347.15,979.15}{907,347.46,980.15}{908,347.76,981.15}{909,348.07,982.15}{910,348.38,983.15}{911,348.69,984.15}{912,349,985.15}{913,349.31,986.15}{914,349.61,987.15}{915,349.92,988.15}{916,350.23,989.15}{917,350.54,990.15}{918,350.85,991.15}{919,351.15,992.15}{920,351.46,993.15}{921,351.77,994.15}{922,352.07,995.15}{923,352.38,996.15}{924,352.69,997.15}{925,352.99,998.15}{926,353.3,999.15}{927,353.61,1000.15}{928,353.91,1001.15}{929,354.22,1002.15}{930,354.53,1003.15}{931,354.83,1004.15}{932,355.14,1005.15}{933,355.44,1006.15}{934,355.75,1007.15}{935,356.06,1008.15}{936,356.37,1009.15}{937,356.68,1010.15}{938,356.98,1011.15}{939,357.29,1012.15}{940,357.59,1013.15}{941,357.9,1014.15}{942,358.2,1015.15}{943,358.51,1016.15}{944,358.81,1017.15}{945,359.12,1018.15}{946,359.42,1019.15}{947,359.72,1020.15}{948,360.03,1021.15}{949,360.33,1022.15}{950,360.64,1023.15}{951,360.94,1024.15}{952,361.24,1025.15}{953,361.55,1026.15}{954,361.85,1027.15}{955,362.15,1028.15}{956,362.46,1029.15}{957,362.76,1030.15}{958,363.06,1031.15}{959,363.36,1032.15}{960,363.67,1033.15}{961,363.97,1034.15}{962,364.27,1035.15}{963,364.57,1036.15}{964,364.88,1037.15}{965,365.18,1038.15}{966,365.49,1039.15}{967,365.79,1040.15}{968,366.09,1041.15}{969,366.4,1042.15}{970,366.7,1043.15}{971,367,1044.15}{972,367.3,1045.15}{973,367.6,1046.15}{974,367.9,1047.15}{975,368.2,1048.15}{976,368.5,1049.15}{977,368.81,1050.15}{978,369.11,1051.15}{979,369.41,1052.15}{980,369.71,1053.15}{981,370.01,1054.15}{982,370.31,1055.15}{983,370.61,1056.15}{984,370.91,1057.15}{985,371.21,1058.15}{986,371.52,1059.15}{987,371.82,1060.15}{988,372.12,1061.15}{989,372.41,1062.15}{990,372.71,1063.15}{991,373.01,1064.15}{992,373.31,1065.15}{993,373.61,1066.15}{994,373.91,1067.15}{995,374.21,1068.15}{996,374.51,1069.15}{997,374.8,1070.15}{998,375.1,1071.15}{999,375.4,1072.15}{1000,375.7,1073.15}{1001,376,1074.15}{1002,376.29,1075.15}{1003,376.59,1076.15}{1004,376.89,1077.15}{1005,377.19,1078.15}{1006,377.49,1079.15}{1007,377.79,1080.15}{1008,378.09,1081.15}{1009,378.39,1082.15}{1010,378.68,1083.15}{1011,378.98,1084.15}{1012,379.28,1085.15}{1013,379.57,1086.15}{1014,379.87,1087.15}{1015,380.17,1088.15}{1016,380.46,1089.15}{1017,380.76,1090.15}{1018,381.05,1091.15}{1019,381.35,1092.15}{1020,381.65,1093.15}{1021,381.94,1094.15}{1022,382.24,1095.15}{1023,382.53,1096.15}{1024,382.83,1097.15}{1025,383.12,1098.15}{1026,383.42,1099.15}{1027,383.71,1100.15}{1028,384.01,1101.15}{1029,384.3,1102.15}{1030,384.6,1103.15}{1031,384.89,1104.15}{1032,385.18,1105.15}{1033,385.48,1106.15}{1034,385.77,1107.15}{1035,386.07,1108.15}{1036,386.37,1109.15}{1037,386.66,1110.15}{1038,386.96,1111.15}{1039,387.25,1112.15}{1040,387.55,1113.15}{1041,387.84,1114.15}{1042,388.13,1115.15}{1043,388.42,1116.15}{1044,388.72,1117.15}{1045,389.01,1118.15}{1046,389.31,1119.15}{1047,389.61,1120.15}{1048,389.9,1121.15}{1049,390.19,1122.15}{1050,390.48,1123.15}&quot;"/>
                                                                <instance name="dev01/Config/ch00001/RTDRange" order="0" value="0"/>
                                                                <instance name="dev02/Config/ch00021/enable" order="1" value="1"/>
                                                            </attributes>
                                                        </instance>
                                                    </serial-numbers>
                                                </instance>
                                            </models>
                                        </instance>
                                    </vendors>
                                </instance>
                            </subsystems>
                            <transient-logs/>
                        </instance>
                    </uuts>
                </instance>
            </spte>
            <subsystems>
                <instance name="IDDS" description="iDDS subscriber subsystem definition" is-enabled="true" subsystem-type="iDDS"/>
                <instance name="calculated" description="calculated subsystem definition" is-enabled="true" subsystem-type="calculated"/>
                <instance name="IDDSnode" description="iDDS node subsystem configuration" is-enabled="true" subsystem-type="iDDSnode">
                    <vendors>
                        <instance name="UEI">
                            <models>
                                <instance name="mydevcube">
                                    <serial-numbers>
                                        <instance name="00197581" backbone-config-data="3,239.255.0.3,239.255.0.1,5" logicalid="devCubePPC" node-config-data="1.0,1.0,map,1.0,rtehost:6603/channelmap 1.0,1.0,attrv,1.0,rtehost/devCubePPC 1.0,1.0,attrv,1.0,rtehost:6603/devCubePPC">
                                            <attributes>
                                                <instance name="dev01/Config/ch00001/enable" order="0" value="1"/>
                                                <instance name="dev02/Config/ch00006/Calibration_Sensor_Calibration_Due_Date" order="0" value="2025-01-01"/>
                                                <instance name="dev01/Config/ch00001/Auxiliary_Sensor_Calibration_Due_Date" order="0" value="2025-01-01"/>
                                                <instance name="dev02/Config/enable" order="0" value="1"/>
                                                <instance name="dev02/Config/ch00007/Calibration_Sensor_Calibration_Due_Date" order="0" value="2025-01-01"/>
                                                <instance name="dev01/Config/ch00008/Calibration_Sensor_Calibration_Due_Date" order="0" value="2025-01-01"/>
                                                <instance name="dev01/Config/ch00001/rate" order="0" value="200"/>
                                                <instance name="dev01/Config/ch00006/Auxiliary_Sensor_Calibration_Due_Date" order="0" value="2025-01-01"/>
                                                <instance name="dev01/Config/ch00008/Auxiliary_Sensor_Calibration_Due_Date" order="0" value="2025-01-01"/>
                                                <instance name="dev01/Config/ch00002/Auxiliary_Sensor_Calibration_Due_Date" order="0" value="2025-01-01"/>
                                                <instance name="dev01/Config/ch00002/Calibration_Sensor_Calibration_Due_Date" order="0" value="2025-01-01"/>
                                                <instance name="dev01/Config/ch00004/Auxiliary_Sensor_Calibration_Due_Date" order="0" value="2025-01-01"/>
                                                <instance name="dev01/Config/ch00003/Auxiliary_Sensor_Calibration_Due_Date" order="0" value="2025-01-01"/>
                                                <instance name="dev03/Config/ch00013/source" order="0" value="calcTrigger:5:b"/>
                                                <instance name="dev01/Config/ch00007/Auxiliary_Sensor_Calibration_Due_Date" order="0" value="2025-01-01"/>
                                                <instance name="dev01/Config/ch00005/Calibration_Sensor_Calibration_Due_Date" order="0" value="2025-01-01"/>
                                                <instance name="dev01/Config/ch00007/Calibration_Sensor_Calibration_Due_Date" order="0" value="2025-01-01"/>
                                                <instance name="dev01/Config/ch00003/Calibration_Sensor_Calibration_Due_Date" order="0" value="2025-01-01"/>
                                                <instance name="dev02/Config/ch00001/Calibration_Sensor_Calibration_Due_Date" order="0" value="2025-01-01"/>
                                                <instance name="dev01/Config/ch00004/Calibration_Sensor_Calibration_Due_Date" order="0" value="2025-01-01"/>
                                                <instance name="dev02/Config/ch00008/Calibration_Sensor_Calibration_Due_Date" order="0" value="2025-01-01"/>
                                                <instance name="dev01/Config/ch00006/Calibration_Sensor_Calibration_Due_Date" order="0" value="2025-01-01"/>
                                                <instance name="dev02/Config/ch00005/Calibration_Sensor_Calibration_Due_Date" order="0" value="2025-01-01"/>
                                                <instance name="dev02/Config/ch00001/source" order="0" value="dnaAI00001:5:b"/>
                                                <instance name="dev02/Config/ch00002/Calibration_Sensor_Calibration_Due_Date" order="0" value="2025-01-01"/>
                                                <instance name="dev03/Config/ch00013/enable" order="0" value="1"/>
                                                <instance name="dev02/Config/ch00003/Calibration_Sensor_Calibration_Due_Date" order="0" value="2025-01-01"/>
                                                <instance name="dev01/Config/ch00005/Auxiliary_Sensor_Calibration_Due_Date" order="0" value="2025-01-01"/>
                                                <instance name="dev03/Config/ch00013/rate" order="0" value="200"/>
                                                <instance name="dev01/Config/ch00001/Calibration_Sensor_Calibration_Due_Date" order="0" value="2025-01-01"/>
                                                <instance name="dev03/Config/enable" order="0" value="1"/>
                                                <instance name="dev02/Config/rate" order="0" value="200"/>
                                                <instance name="dev02/Config/ch00004/Calibration_Sensor_Calibration_Due_Date" order="0" value="2025-01-01"/>
                                            </attributes>
                                        </instance>
                                    </serial-numbers>
                                </instance>
                                <instance name="UEI-005">
                                    <serial-numbers>
                                        <instance name="00220017" backbone-config-data="12,239.255.0.12,239.255.0.1,5" logicalid="UE220017" node-config-data="1.0,1.0,map,1.0,rtehost:6603/channelmap 1.0,1.0,attrv,1.0,rtehost:6603/UE220017">
                                            <attributes>
                                                <instance name="dev01/Config/ch00005/enable" order="1" value="1"/>
                                                <instance name="dev02/Config/ch00004/source" order="0" value="AO_SlaveAnOut12:44:b"/>
                                                <instance name="dev01/Config/ch00007/rate" order="0" value="200"/>
                                                <instance name="dev01/Config/ch00002/source" order="0" value="AO_SlaveAnOut02:44:b"/>
                                                <instance name="dev01/Config/ch00006/rate" order="0" value="200"/>
                                                <instance name="dev02/Config/ch00004/v_out" order="0" value="0"/>
                                                <instance name="dev02/Config/ch00006/v_out" order="0" value="0"/>
                                                <instance name="dev02/Config/ch00002/source" order="0" value="AO_SlaveAnOut10:44:b"/>
                                                <instance name="dev02/Config/ch00007/source" order="0" value="AO_SlaveAnOut15:44:b"/>
                                                <instance name="dev01/Config/ch00008/enable" order="1" value="1"/>
                                                <instance name="dev01/Config/ch00006/enable" order="1" value="1"/>
                                                <instance name="dev01/Config/ch00007/source" order="0" value="AO_SlaveAnOut07:44:b"/>
                                                <instance name="dev02/Config/ch00007/rate" order="0" value="200"/>
                                                <instance name="dev02/Config/ch00008/v_out" order="0" value="0"/>
                                                <instance name="dev01/Config/enable" order="1" value="1"/>
                                                <instance name="dev02/Config/ch00002/enable" order="1" value="1"/>
                                                <instance name="dev01/Config/ch00002/v_out" order="0" value="0"/>
                                                <instance name="dev01/Config/ch00005/source" order="0" value="AO_SlaveAnOut05:44:b"/>
                                                <instance name="dev02/Config/ch00005/rate" order="0" value="200"/>
                                                <instance name="dev01/Config/ch00003/v_out" order="0" value="0"/>
                                                <instance name="dev02/Config/enable" order="1" value="1"/>
                                                <instance name="dev02/Config/ch00003/rate" order="0" value="200"/>
                                                <instance name="dev01/Config/ch00001/v_out" order="0" value="0"/>
                                                <instance name="dev01/Config/ch00006/v_out" order="0" value="0"/>
                                                <instance name="dev01/Config/ch00001/rate" order="0" value="200"/>
                                                <instance name="dev01/Config/ch00004/source" order="0" value="AO_SlaveAnOut04:44:b"/>
                                                <instance name="dev02/Config/ch00008/rate" order="0" value="200"/>
                                                <instance name="dev01/Config/ch00007/enable" order="1" value="1"/>
                                                <instance name="dev02/Config/ch00005/enable" order="1" value="1"/>
                                                <instance name="dev02/Config/ch00001/v_out" order="0" value="0"/>
                                                <instance name="dev02/Config/ch00005/source" order="0" value="AO_SlaveAnOut13:44:b"/>
                                                <instance name="dev02/Config/ch00006/enable" order="1" value="1"/>
                                                <instance name="dev01/Config/ch00003/rate" order="0" value="200"/>
                                                <instance name="dev01/Config/ch00005/rate" order="0" value="200"/>
                                                <instance name="dev02/Config/ch00004/rate" order="0" value="200"/>
                                                <instance name="dev02/Config/ch00008/enable" order="1" value="1"/>
                                                <instance name="dev01/Config/ch00002/enable" order="1" value="1"/>
                                                <instance name="dev01/Config/ch00008/rate" order="0" value="200"/>
                                                <instance name="dev02/Config/ch00003/v_out" order="0" value="0"/>
                                                <instance name="dev01/Config/ch00003/source" order="0" value="AO_SlaveAnOut03:44:b"/>
                                                <instance name="dev02/Config/ch00001/enable" order="1" value="1"/>
                                                <instance name="dev01/Config/ch00004/v_out" order="0" value="0"/>
                                                <instance name="dev02/Config/ch00008/source" order="0" value="AO_SlaveAnOut16:44:b"/>
                                                <instance name="dev02/Config/ch00007/v_out" order="0" value="0"/>
                                                <instance name="dev01/Config/ch00008/source" order="0" value="AO_SlaveAnOut08:44:b"/>
                                                <instance name="dev02/Config/ch00001/source" order="0" value="AO_SlaveAnOut09:44:b"/>
                                                <instance name="dev02/Config/ch00003/enable" order="1" value="1"/>
                                                <instance name="dev02/Config/ch00001/rate" order="0" value="200"/>
                                                <instance name="dev01/Config/ch00004/rate" order="0" value="200"/>
                                                <instance name="dev02/Config/ch00006/source" order="0" value="AO_SlaveAnOut14:44:b"/>
                                                <instance name="dev01/Config/ch00003/enable" order="1" value="1"/>
                                                <instance name="dev01/Config/ch00007/v_out" order="0" value="0"/>
                                                <instance name="dev01/Config/ch00004/enable" order="1" value="1"/>
                                                <instance name="dev01/Config/ch00002/rate" order="0" value="200"/>
                                                <instance name="dev02/Config/ch00005/v_out" order="0" value="0"/>
                                                <instance name="dev02/Config/ch00002/v_out" order="0" value="0"/>
                                                <instance name="dev02/Config/ch00007/enable" order="1" value="1"/>
                                                <instance name="dev01/Config/ch00005/v_out" order="0" value="0"/>
                                                <instance name="dev02/Config/ch00004/enable" order="1" value="1"/>
                                                <instance name="dev02/Config/ch00006/rate" order="0" value="200"/>
                                                <instance name="dev01/Config/ch00008/v_out" order="0" value="0"/>
                                                <instance name="dev01/Config/ch00001/source" order="0" value="AO_SlaveAnOut01:44:b"/>
                                                <instance name="dev01/Config/ch00001/enable" order="1" value="1"/>
                                                <instance name="dev02/Config/ch00002/rate" order="0" value="200"/>
                                                <instance name="dev01/Config/ch00006/source" order="0" value="AO_SlaveAnOut06:44:b"/>
                                                <instance name="dev02/Config/ch00003/source" order="0" value="AO_SlaveAnOut11:44:b"/>
                                            </attributes>
                                        </instance>
                                        <instance name="00219970" backbone-config-data="12,239.255.0.12,239.255.0.1,5" logicalid="UE219970" node-config-data="1.0,1.0,map,1.0,rtehost:6603/channelmap 1.0,1.0,attrv,1.0,rtehost:6603/UE219970">
                                            <attributes>
                                                <instance name="dev01/Config/ch00005/enable" order="1" value="1"/>
                                                <instance name="dev02/Config/ch00004/source" order="0" value="AO_SlaveAnOut28:45:b"/>
                                                <instance name="dev01/Config/ch00007/rate" order="0" value="200"/>
                                                <instance name="dev01/Config/ch00002/source" order="0" value="AO_SlaveAnOut18:45:b"/>
                                                <instance name="dev01/Config/ch00006/rate" order="0" value="200"/>
                                                <instance name="dev02/Config/ch00004/v_out" order="0" value="0"/>
                                                <instance name="dev02/Config/ch00006/v_out" order="0" value="0"/>
                                                <instance name="dev02/Config/ch00002/source" order="0" value="AO_SlaveAnOut26:45:b"/>
                                                <instance name="dev02/Config/ch00007/source" order="0" value="AO_SlaveAnOut31:45:b"/>
                                                <instance name="dev01/Config/ch00008/enable" order="1" value="1"/>
                                                <instance name="dev01/Config/ch00006/enable" order="1" value="1"/>
                                                <instance name="dev01/Config/ch00007/source" order="0" value="AO_SlaveAnOut23:45:b"/>
                                                <instance name="dev02/Config/ch00007/rate" order="0" value="200"/>
                                                <instance name="dev02/Config/ch00008/v_out" order="0" value="0"/>
                                                <instance name="dev01/Config/enable" order="1" value="1"/>
                                                <instance name="dev02/Config/ch00002/enable" order="1" value="1"/>
                                                <instance name="dev01/Config/ch00002/v_out" order="0" value="0"/>
                                                <instance name="dev01/Config/ch00005/source" order="0" value="AO_SlaveAnOut21:45:b"/>
                                                <instance name="dev02/Config/ch00005/rate" order="0" value="200"/>
                                                <instance name="dev01/Config/ch00003/v_out" order="0" value="0"/>
                                                <instance name="dev02/Config/enable" order="1" value="1"/>
                                                <instance name="dev02/Config/ch00003/rate" order="0" value="200"/>
                                                <instance name="dev01/Config/ch00001/v_out" order="0" value="0"/>
                                                <instance name="dev01/Config/ch00006/v_out" order="0" value="0"/>
                                                <instance name="dev01/Config/ch00001/rate" order="0" value="200"/>
                                                <instance name="dev01/Config/ch00004/source" order="0" value="AO_SlaveAnOut20:45:b"/>
                                                <instance name="dev02/Config/ch00008/rate" order="0" value="200"/>
                                                <instance name="dev01/Config/ch00007/enable" order="1" value="1"/>
                                                <instance name="dev02/Config/ch00005/enable" order="1" value="1"/>
                                                <instance name="dev02/Config/ch00001/v_out" order="0" value="0"/>
                                                <instance name="dev02/Config/ch00005/source" order="0" value="AO_SlaveAnOut29:45:b"/>
                                                <instance name="dev02/Config/ch00006/enable" order="1" value="1"/>
                                                <instance name="dev01/Config/ch00003/rate" order="0" value="200"/>
                                                <instance name="dev01/Config/ch00005/rate" order="0" value="200"/>
                                                <instance name="dev02/Config/ch00004/rate" order="0" value="200"/>
                                                <instance name="dev02/Config/ch00008/enable" order="1" value="1"/>
                                                <instance name="dev01/Config/ch00002/enable" order="1" value="1"/>
                                                <instance name="dev01/Config/ch00008/rate" order="0" value="200"/>
                                                <instance name="dev02/Config/ch00003/v_out" order="0" value="0"/>
                                                <instance name="dev01/Config/ch00003/source" order="0" value="AO_SlaveAnOut19:45:b"/>
                                                <instance name="dev02/Config/ch00001/enable" order="1" value="1"/>
                                                <instance name="dev01/Config/ch00004/v_out" order="0" value="0"/>
                                                <instance name="dev02/Config/ch00008/source" order="0" value="AO_SlaveAnOut32:45:b"/>
                                                <instance name="dev02/Config/ch00007/v_out" order="0" value="0"/>
                                                <instance name="dev01/Config/ch00008/source" order="0" value="AO_SlaveAnOut24:45:b"/>
                                                <instance name="dev02/Config/ch00001/source" order="0" value="AO_SlaveAnOut25:45:b"/>
                                                <instance name="dev02/Config/ch00003/enable" order="1" value="1"/>
                                                <instance name="dev02/Config/ch00001/rate" order="0" value="200"/>
                                                <instance name="dev01/Config/ch00004/rate" order="0" value="200"/>
                                                <instance name="dev02/Config/ch00006/source" order="0" value="AO_SlaveAnOut30:45:b"/>
                                                <instance name="dev01/Config/ch00003/enable" order="1" value="1"/>
                                                <instance name="dev01/Config/ch00007/v_out" order="0" value="0"/>
                                                <instance name="dev01/Config/ch00004/enable" order="1" value="1"/>
                                                <instance name="dev01/Config/ch00002/rate" order="0" value="200"/>
                                                <instance name="dev02/Config/ch00005/v_out" order="0" value="0"/>
                                                <instance name="dev02/Config/ch00002/v_out" order="0" value="0"/>
                                                <instance name="dev02/Config/ch00007/enable" order="1" value="1"/>
                                                <instance name="dev01/Config/ch00005/v_out" order="0" value="0"/>
                                                <instance name="dev02/Config/ch00004/enable" order="1" value="1"/>
                                                <instance name="dev02/Config/ch00006/rate" order="0" value="200"/>
                                                <instance name="dev01/Config/ch00008/v_out" order="0" value="0"/>
                                                <instance name="dev01/Config/ch00001/source" order="0" value="AO_SlaveAnOut17:45:b"/>
                                                <instance name="dev01/Config/ch00001/enable" order="1" value="1"/>
                                                <instance name="dev02/Config/ch00002/rate" order="0" value="200"/>
                                                <instance name="dev01/Config/ch00006/source" order="0" value="AO_SlaveAnOut22:45:b"/>
                                                <instance name="dev02/Config/ch00003/source" order="0" value="AO_SlaveAnOut27:45:b"/>
                                            </attributes>
                                        </instance>
                                    </serial-numbers>
                                </instance>
                                <instance name="UEI-006">
                                    <serial-numbers>
                                        <instance name="00219971" backbone-config-data="12,239.255.0.12,239.255.0.1,5" logicalid="UE219971" node-config-data="1.0,1.0,map,1.0,rtehost:6603/channelmap 1.0,1.0,attrv,1.0,rtehost:6603/UE219971">
                                            <attributes>
                                                <instance name="dev01/Config/ch00001/enable" order="1" value="1"/>
                                                <instance name="dev01/Config/ch00007/rate" order="0" value="100"/>
                                                <instance name="dev01/Config/ch00008/rate" order="0" value="100"/>
                                                <instance name="dev01/Config/ch00003/rdcnt" order="0" value="2"/>
                                                <instance name="dev01/Config/ch00001/source" order="0" value="EngineCmdTCmA01:46:b"/>
                                                <instance name="dev01/Config/ch00001/i_out" order="0" value="0"/>
                                                <instance name="dev01/Config/ch00003/i_out" order="0" value="0"/>
                                                <instance name="dev01/Config/ch00004/CB_v_max" order="0" value="10"/>
                                                <instance name="dev01/Config/ch00005/source" order="0" value="AO_devCube015_dev01_ch00005:46:b"/>
                                                <instance name="dev01/Config/ch00006/source" order="0" value="AO_devCube015_dev01_ch00006:46:b"/>
                                                <instance name="dev01/Config/ch00007/source" order="0" value="AO_devCube015_dev01_ch00007:46:b"/>
                                                <instance name="dev01/Config/ch00007/enable" order="1" value="1"/>
                                                <instance name="dev01/Config/ch00008/source" order="0" value="AO_devCube015_dev01_ch00008:46:b"/>
                                                <instance name="dev01/Config/ch00007/i_out" order="0" value="0"/>
                                                <instance name="dev01/Config/ch00001/CB_i_min" order="0" value="-20"/>
                                                <instance name="dev01/Config/ch00004/rdcnt" order="0" value="2"/>
                                                <instance name="dev01/Config/ch00004/i_out" order="0" value="0"/>
                                                <instance name="dev01/Config/ch00005/i_out" order="0" value="0"/>
                                                <instance name="dev01/Config/ch00003/enable" order="1" value="1"/>
                                                <instance name="dev01/Config/ch00006/i_out" order="0" value="0"/>
                                                <instance name="dev01/Config/ch00001/CB_i_max" order="0" value="20"/>
                                                <instance name="dev01/Config/ch00003/CB_i_max" order="0" value="20"/>
                                                <instance name="dev01/Config/ch00008/enable" order="1" value="1"/>
                                                <instance name="dev01/Config/ch00002/CB_i_min" order="0" value="-20"/>
                                                <instance name="dev01/Config/ch00003/CB_i_min" order="0" value="-20"/>
                                                <instance name="dev01/Config/ch00003/rate" order="0" value="100"/>
                                                <instance name="dev01/Config/ch00004/CB_i_min" order="0" value="-20"/>
                                                <instance name="dev01/Config/ch00002/CB_v_min" order="0" value="-10"/>
                                                <instance name="dev01/Config/ch00004/CB_v_min" order="0" value="-10"/>
                                                <instance name="dev01/Config/ch00004/enable" order="1" value="1"/>
                                                <instance name="dev01/Config/ch00004/CB_i_max" order="0" value="20"/>
                                                <instance name="dev01/Config/ch00003/source" order="0" value="EngineCmdTCmA03:46:b"/>
                                                <instance name="dev01/Config/ch00001/CB_v_min" order="0" value="-10"/>
                                                <instance name="dev01/Config/ch00003/CB_v_max" order="0" value="10"/>
                                                <instance name="dev01/Config/ch00001/rdcnt" order="0" value="2"/>
                                                <instance name="dev01/Config/ch00004/rate" order="0" value="100"/>
                                                <instance name="dev01/Config/ch00001/CB_v_max" order="0" value="10"/>
                                                <instance name="dev01/Config/ch00002/i_out" order="0" value="0"/>
                                                <instance name="dev01/Config/ch00002/CB_v_max" order="0" value="10"/>
                                                <instance name="dev01/Config/enable" order="1" value="1"/>
                                                <instance name="dev01/Config/ch00002/enable" order="1" value="1"/>
                                                <instance name="dev01/Config/ch00005/enable" order="1" value="1"/>
                                                <instance name="dev01/Config/ch00008/i_out" order="0" value="0"/>
                                                <instance name="dev01/Config/ch00002/rdcnt" order="0" value="2"/>
                                                <instance name="dev01/Config/ch00001/rate" order="0" value="100"/>
                                                <instance name="dev01/Config/ch00002/rate" order="0" value="100"/>
                                                <instance name="dev01/Config/ch00005/rate" order="0" value="100"/>
                                                <instance name="dev01/Config/ch00002/CB_i_max" order="0" value="20"/>
                                                <instance name="dev01/Config/ch00006/enable" order="1" value="1"/>
                                                <instance name="dev01/Config/ch00002/source" order="0" value="EngineCmdTCmA02:46:b"/>
                                                <instance name="dev01/Config/ch00004/source" order="0" value="EngineCmdTCmA04:46:b"/>
                                                <instance name="dev01/Config/ch00003/CB_v_min" order="0" value="-10"/>
                                                <instance name="dev01/Config/ch00006/rate" order="0" value="100"/>
                                            </attributes>
                                        </instance>
                                    </serial-numbers>
                                </instance>
                                <instance name="UEI-007">
                                    <serial-numbers>
                                        <instance name="00220014" backbone-config-data="13,239.255.0.13,239.255.0.1,5" logicalid="UE220014" node-config-data="1.0,1.0,map,1.0,rtehost:6603/channelmap 1.0,1.0,attrv,1.0,rtehost:6603/UE220014">
                                            <attributes>
                                                <instance name="dev01/Config/ch00001/enable" order="1" value="1"/>
                                                <instance name="dev02/Config/ch00001/minSourceWidth" order="0" value="0"/>
                                                <instance name="dev01/Config/ch00007/Calibration_Sensor_Input_Units" order="0" value="Hz"/>
                                                <instance name="dev03/Config/ch00003/Calibration_Sensor_Maximum_Range" order="0" value="1000"/>
                                                <instance name="dev01/Config/ch00005/cntr_mode" order="0" value="3"/>
                                                <instance name="dev01/Config/ch00008/Calibration_Sensor_Input_Units" order="0" value="Hz"/>
                                                <instance name="dev02/Config/ch00001/Calibration_Sensor_Input_Units" order="0" value="Hz"/>
                                                <instance name="dev02/Config/ch00002/Calibration_Sensor_Input_Units" order="0" value="Hz"/>
                                                <instance name="dev02/Config/ch00003/Calibration_Sensor_Input_Units" order="0" value="Hz"/>
                                                <instance name="dev02/Config/ch00004/Calibration_Sensor_Input_Units" order="0" value="Hz"/>
                                                <instance name="dev02/Config/ch00007/gate" order="0" value="0"/>
                                                <instance name="dev02/Config/ch00005/Calibration_Sensor_Input_Units" order="0" value="Hz"/>
                                                <instance name="dev03/Config/ch00005/enable" order="1" value="1"/>
                                                <instance name="dev03/Config/ch00007/enable" order="1" value="1"/>
                                                <instance name="dev03/Config/ch00006/minSourceWidth" order="0" value="0"/>
                                                <instance name="dev03/Config/ch00005/rate" order="0" value="10"/>
                                                <instance name="dev02/Config/ch00005/Calibration_Sensor_Number_of_Points" order="0" value="9"/>
                                                <instance name="dev01/Config/ch00002/cntr_timeout" order="0" value="2"/>
                                                <instance name="dev02/Config/ch00005/cntr_timeout" order="0" value="2"/>
                                                <instance name="dev02/Config/ch00008/initial_count" order="0" value="0"/>
                                                <instance name="dev02/Config/ch00006/Calibration_Sensor_Input_Units" order="0" value="Hz"/>
                                                <instance name="dev02/Config/ch00007/Calibration_Sensor_Input_Units" order="0" value="Hz"/>
                                                <instance name="dev02/Config/ch00008/Calibration_Sensor_Input_Units" order="0" value="Hz"/>
                                                <instance name="dev02/Config/ch00002/minSourceWidth" order="0" value="0"/>
                                                <instance name="dev03/Config/ch00001/Calibration_Sensor_Input_Units" order="0" value="Hz"/>
                                                <instance name="dev03/Config/ch00002/Calibration_Sensor_Input_Units" order="0" value="Hz"/>
                                                <instance name="dev03/Config/ch00003/Calibration_Sensor_Input_Units" order="0" value="Hz"/>
                                                <instance name="dev01/Config/ch00007/Calibration_Sensor_Minimum_Range" order="0" value="0"/>
                                                <instance name="dev02/Config/ch00006/Calibration_Sensor_Number_of_Points" order="0" value="9"/>
                                                <instance name="dev03/Config/ch00004/Calibration_Sensor_Input_Units" order="0" value="Hz"/>
                                                <instance name="dev03/Config/ch00005/Calibration_Sensor_Input_Units" order="0" value="Hz"/>
                                                <instance name="dev02/Config/ch00005/Calibration_Sensor_Maximum_Range" order="0" value="1000"/>
                                                <instance name="dev01/Config/ch00005/Calibration_Sensor_Table_Type" order="2" value="1"/>
                                                <instance name="dev03/Config/ch00006/Calibration_Sensor_Input_Units" order="0" value="Hz"/>
                                                <instance name="dev02/Config/ch00001/Calibration_Sensor_Number_of_Points" order="0" value="2"/>
                                                <instance name="dev01/Config/ch00008/Calibration_Sensor_Minimum_Range" order="0" value="0"/>
                                                <instance name="dev02/Config/ch00001/Calibration_Sensor_Minimum_Range" order="0" value="0"/>
                                                <instance name="dev02/Config/ch00001/cntr_timeout" order="0" value="2"/>
                                                <instance name="dev01/Config/ch00004/cntr_timeout" order="0" value="2"/>
                                                <instance name="dev01/Config/ch00001/rate" order="0" value="10"/>
                                                <instance name="dev02/Config/ch00007/Calibration_Sensor_Number_of_Points" order="0" value="9"/>
                                                <instance name="dev02/Config/ch00002/Calibration_Sensor_Minimum_Range" order="0" value="0"/>
                                                <instance name="dev02/Config/ch00003/Calibration_Sensor_Minimum_Range" order="0" value="0"/>
                                                <instance name="dev03/Config/ch00003/in_invert" order="0" value="0"/>
                                                <instance name="dev02/Config/ch00008/rate" order="0" value="10"/>
                                                <instance name="dev02/Config/ch00003/minSourceWidth" order="0" value="0"/>
                                                <instance name="dev01/Config/ch00006/cntr_mode" order="0" value="3"/>
                                                <instance name="dev02/Config/ch00004/Calibration_Sensor_Minimum_Range" order="0" value="0"/>
                                                <instance name="dev01/Config/ch00006/Calibration_Sensor_Table_Type" order="2" value="1"/>
                                                <instance name="dev02/Config/ch00005/Calibration_Sensor_Minimum_Range" order="0" value="0"/>
                                                <instance name="dev02/Config/ch00006/Calibration_Sensor_Minimum_Range" order="0" value="0"/>
                                                <instance name="dev02/Config/ch00008/gate" order="0" value="0"/>
                                                <instance name="dev02/Config/ch00008/Calibration_Sensor_Number_of_Points" order="0" value="9"/>
                                                <instance name="dev02/Config/ch00007/Calibration_Sensor_Minimum_Range" order="0" value="0"/>
                                                <instance name="dev02/Config/ch00008/Calibration_Sensor_Minimum_Range" order="0" value="0"/>
                                                <instance name="dev03/Config/ch00001/Calibration_Sensor_Minimum_Range" order="0" value="0"/>
                                                <instance name="dev01/Config/ch00005/gate" order="0" value="0"/>
                                                <instance name="dev01/Config/ch00005/cntr_timeout" order="0" value="2"/>
                                                <instance name="dev03/Config/ch00002/Calibration_Sensor_Minimum_Range" order="0" value="0"/>
                                                <instance name="dev02/Config/ch00006/initial_count" order="0" value="0"/>
                                                <instance name="dev03/Config/ch00003/Calibration_Sensor_Minimum_Range" order="0" value="0"/>
                                                <instance name="dev01/Config/ch00002/Calibration_Sensor_Maximum_Range" order="0" value="1000"/>
                                                <instance name="dev01/Config/ch00007/Calibration_Sensor_Table_Type" order="2" value="1"/>
                                                <instance name="dev03/Config/ch00005/in_invert" order="0" value="0"/>
                                                <instance name="dev02/Config/ch00005/initial_count" order="0" value="0"/>
                                                <instance name="dev03/Config/ch00004/Calibration_Sensor_Minimum_Range" order="0" value="0"/>
                                                <instance name="dev03/Config/ch00005/Calibration_Sensor_Minimum_Range" order="0" value="0"/>
                                                <instance name="dev02/Config/ch00003/Calibration_Sensor_Output_Units" order="0" value="m/s"/>
                                                <instance name="dev03/Config/ch00006/Calibration_Sensor_Minimum_Range" order="0" value="0"/>
                                                <instance name="dev01/Config/ch00001/Calibration_Sensor_Name" order="0" value="19P259-17"/>
                                                <instance name="dev03/Config/ch00001/cntr_timeout" order="0" value="2"/>
                                                <instance name="dev01/Config/ch00002/Calibration_Sensor_Name" order="0" value="19P259-03"/>
                                                <instance name="dev03/Config/ch00001/in_invert" order="0" value="0"/>
                                                <instance name="dev01/Config/ch00003/Calibration_Sensor_Name" order="0" value="19P259-15"/>
                                                <instance name="dev02/Config/ch00007/in_invert" order="0" value="0"/>
                                                <instance name="dev01/Config/ch00004/Calibration_Sensor_Name" order="0" value="19P259-12"/>
                                                <instance name="dev03/Config/ch00001/Calibration_Sensor_Number_of_Points" order="0" value="9"/>
                                                <instance name="dev01/Config/ch00008/Calibration_Sensor_Table_Type" order="2" value="1"/>
                                                <instance name="dev03/Config/ch00008/rate" order="0" value="10"/>
                                                <instance name="dev01/Config/ch00003/Calibration_Sensor_Maximum_Range" order="0" value="1000"/>
                                                <instance name="dev01/Config/ch00005/Calibration_Sensor_Name" order="0" value="19P259-07"/>
                                                <instance name="dev01/Config/ch00006/Calibration_Sensor_Name" order="0" value="19P259-13"/>
                                                <instance name="dev01/Config/ch00007/Calibration_Sensor_Name" order="0" value="19P259-11"/>
                                                <instance name="dev01/Config/ch00002/rate" order="0" value="10"/>
                                                <instance name="dev01/Config/ch00008/Calibration_Sensor_Name" order="0" value="19P259-09"/>
                                                <instance name="dev01/Config/ch00003/in_invert" order="0" value="0"/>
                                                <instance name="dev02/Config/ch00001/Calibration_Sensor_Name" order="0" value="CalSensor9"/>
                                                <instance name="dev02/Config/ch00002/Calibration_Sensor_Name" order="0" value="CalSensor10"/>
                                                <instance name="dev03/Config/ch00003/initial_count" order="0" value="0"/>
                                                <instance name="dev01/Config/ch00007/gate" order="0" value="0"/>
                                                <instance name="dev03/Config/ch00001/gate" order="0" value="0"/>
                                                <instance name="dev02/Config/ch00003/Calibration_Sensor_Name" order="0" value="19P259-08"/>
                                                <instance name="dev01/Config/ch00007/cntr_timeout" order="0" value="2"/>
                                                <instance name="dev02/Config/ch00001/Calibration_Sensor_Table_Type" order="2" value="0"/>
                                                <instance name="dev03/Config/ch00006/cntr_timeout" order="0" value="2"/>
                                                <instance name="dev01/Config/ch00004/Calibration_Sensor_Maximum_Range" order="0" value="1000"/>
                                                <instance name="dev02/Config/ch00004/Calibration_Sensor_Name" order="0" value="19P259-16"/>
                                                <instance name="dev02/Config/ch00005/Calibration_Sensor_Name" order="0" value="19P259-05"/>
                                                <instance name="dev01/Config/ch00007/cntr_mode" order="0" value="3"/>
                                                <instance name="dev02/Config/ch00006/Calibration_Sensor_Name" order="0" value="19P259-04"/>
                                                <instance name="dev01/Config/ch00001/Calibration_Sensor_Table_Type" order="2" value="1"/>
                                                <instance name="dev03/Config/ch00002/Calibration_Sensor_Number_of_Points" order="0" value="9"/>
                                                <instance name="dev02/Config/ch00007/Calibration_Sensor_Name" order="0" value="19P259-02"/>
                                                <instance name="dev02/Config/ch00008/Calibration_Sensor_Name" order="0" value="19P259-01"/>
                                                <instance name="dev03/Config/ch00001/Calibration_Sensor_Name" order="0" value="19P259-14"/>
                                                <instance name="dev03/Config/ch00006/in_invert" order="0" value="0"/>
                                                <instance name="dev03/Config/ch00002/Calibration_Sensor_Name" order="0" value="19P259-06"/>
                                                <instance name="dev01/Config/ch00002/Calibration_Sensor_Calibration_Date" order="0" value="2019-12-03"/>
                                                <instance name="dev03/Config/ch00003/Calibration_Sensor_Name" order="0" value="CalSensor19"/>
                                                <instance name="dev03/Config/ch00002/gate" order="0" value="0"/>
                                                <instance name="dev01/Config/ch00005/Calibration_Sensor_Maximum_Range" order="0" value="1000"/>
                                                <instance name="dev01/Config/ch00008/Calibration_Sensor_Number_of_Points" order="0" value="9"/>
                                                <instance name="dev03/Config/ch00004/cntr_timeout" order="0" value="2"/>
                                                <instance name="dev01/Config/ch00007/Calibration_Sensor_Maximum_Range" order="0" value="1000"/>
                                                <instance name="dev03/Config/ch00003/Calibration_Sensor_Number_of_Points" order="0" value="2"/>
                                                <instance name="dev01/Config/ch00006/cntr_timeout" order="0" value="2"/>
                                                <instance name="dev03/Config/ch00004/Calibration_Sensor_Name" order="0" value="CalSensor20"/>
                                                <instance name="dev03/Config/ch00005/Calibration_Sensor_Name" order="0" value="19P259-10"/>
                                                <instance name="dev03/Config/ch00006/Calibration_Sensor_Name" order="0" value="CalSensor22"/>
                                                <instance name="dev01/Config/ch00001/Calibration_Sensor_Output_Units" order="0" value="m/s"/>
                                                <instance name="dev01/Config/ch00002/Calibration_Sensor_Output_Units" order="0" value="m/s"/>
                                                <instance name="dev01/Config/ch00003/Calibration_Sensor_Output_Units" order="0" value="m/s"/>
                                                <instance name="dev02/Config/ch00002/Calibration_Sensor_Table_Type" order="2" value="0"/>
                                                <instance name="dev03/Config/ch00001/enable" order="1" value="1"/>
                                                <instance name="dev01/Config/ch00004/Calibration_Sensor_Output_Units" order="0" value="m/s"/>
                                                <instance name="dev01/Config/ch00005/Calibration_Sensor_Output_Units" order="0" value="m/s"/>
                                                <instance name="dev03/Config/ch00001/Calibration_Sensor_Output_Units" order="0" value="m/s"/>
                                                <instance name="dev01/Config/ch00008/cntr_mode" order="0" value="3"/>
                                                <instance name="dev01/Config/ch00001/initial_count" order="0" value="0"/>
                                                <instance name="dev02/Config/ch00003/Calibration_Sensor_Table_Type" order="2" value="1"/>
                                                <instance name="dev02/Config/ch00004/Calibration_Sensor_Table_Type" order="2" value="1"/>
                                                <instance name="dev03/Config/ch00006/cntr_mode" order="0" value="3"/>
                                                <instance name="dev02/Config/ch00001/Calibration_Sensor_Maximum_Range" order="0" value="1000"/>
                                                <instance name="dev03/Config/ch00001/initial_count" order="0" value="0"/>
                                                <instance name="dev02/Config/ch00005/in_invert" order="0" value="0"/>
                                                <instance name="dev02/Config/ch00005/Calibration_Sensor_Table_Type" order="2" value="1"/>
                                                <instance name="dev01/Config/ch00002/initial_count" order="0" value="0"/>
                                                <instance name="dev03/Config/ch00003/gate" order="0" value="0"/>
                                                <instance name="dev01/Config/ch00004/Calibration_Sensor_Number_of_Points" order="0" value="9"/>
                                                <instance name="dev03/Config/ch00004/Calibration_Sensor_Number_of_Points" order="0" value="2"/>
                                                <instance name="dev02/Config/ch00006/Calibration_Sensor_Table_Type" order="2" value="1"/>
                                                <instance name="dev02/Config/ch00001/cntr_mode" order="0" value="3"/>
                                                <instance name="dev02/Config/ch00007/Calibration_Sensor_Table_Type" order="2" value="1"/>
                                                <instance name="dev02/Config/ch00008/Calibration_Sensor_Table_Type" order="2" value="1"/>
                                                <instance name="dev01/Config/ch00003/Calibration_Sensor_Calibration_Date" order="0" value="2019-12-03"/>
                                                <instance name="dev02/Config/ch00004/minSourceWidth" order="0" value="0"/>
                                                <instance name="dev03/Config/ch00001/Calibration_Sensor_Table_Type" order="2" value="1"/>
                                                <instance name="dev03/Config/ch00002/Calibration_Sensor_Table_Type" order="2" value="1"/>
                                                <instance name="dev03/Config/ch00003/Calibration_Sensor_Table_Type" order="2" value="0"/>
                                                <instance name="dev02/Config/ch00002/Calibration_Sensor_Maximum_Range" order="0" value="1000"/>
                                                <instance name="dev03/Config/ch00004/Calibration_Sensor_Table_Type" order="2" value="0"/>
                                                <instance name="dev03/Config/ch00005/Calibration_Sensor_Number_of_Points" order="0" value="9"/>
                                                <instance name="dev03/Config/ch00005/Calibration_Sensor_Table_Type" order="2" value="1"/>
                                                <instance name="dev01/Config/ch00007/Calibration_Sensor_Output_Units" order="0" value="m/s"/>
                                                <instance name="dev02/Config/ch00002/cntr_mode" order="0" value="3"/>
                                                <instance name="dev03/Config/ch00005/gate" order="0" value="0"/>
                                                <instance name="dev02/Config/ch00002/Calibration_Sensor_Number_of_Points" order="0" value="2"/>
                                                <instance name="dev03/Config/ch00006/Calibration_Sensor_Table_Type" order="2" value="0"/>
                                                <instance name="dev01/Config/ch00004/rate" order="0" value="10"/>
                                                <instance name="dev01/Config/ch00003/initial_count" order="0" value="0"/>
                                                <instance name="dev03/Config/ch00003/enable" order="1" value="1"/>
                                                <instance name="dev01/Config/ch00008/gate" order="0" value="0"/>
                                                <instance name="dev01/Config/ch00005/rate" order="0" value="10"/>
                                                <instance name="dev02/Config/ch00006/gate" order="0" value="0"/>
                                                <instance name="dev01/Config/ch00004/initial_count" order="0" value="0"/>
                                                <instance name="dev02/Config/ch00007/cntr_timeout" order="0" value="2"/>
                                                <instance name="dev01/Config/ch00003/enable" order="1" value="1"/>
                                                <instance name="dev02/Config/ch00005/minSourceWidth" order="0" value="0"/>
                                                <instance name="dev02/Config/ch00003/cntr_mode" order="0" value="3"/>
                                                <instance name="dev01/Config/ch00008/Calibration_Sensor_Output_Units" order="0" value="m/s"/>
                                                <instance name="dev01/Config/ch00006/rate" order="0" value="10"/>
                                                <instance name="dev01/Config/ch00005/initial_count" order="0" value="0"/>
                                                <instance name="dev01/Config/ch00007/rate" order="0" value="10"/>
                                                <instance name="dev03/Config/ch00006/gate" order="0" value="0"/>
                                                <instance name="dev02/Config/ch00004/enable" order="1" value="1"/>
                                                <instance name="dev02/Config/ch00005/Calibration_Sensor_Calibration_Date" order="0" value="2019-12-03"/>
                                                <instance name="dev01/Config/ch00008/rate" order="0" value="10"/>
                                                <instance name="dev01/Config/ch00006/initial_count" order="0" value="0"/>
                                                <instance name="dev02/Config/ch00006/minSourceWidth" order="0" value="0"/>
                                                <instance name="dev01/Config/ch00004/Calibration_Sensor_Calibration_Date" order="0" value="2019-12-03"/>
                                                <instance name="dev02/Config/ch00001/rate" order="0" value="10"/>
                                                <instance name="dev03/Config/ch00008/enable" order="1" value="1"/>
                                                <instance name="dev01/Config/ch00006/enable" order="1" value="1"/>
                                                <instance name="dev02/Config/ch00005/gate" order="0" value="0"/>
                                                <instance name="dev02/Config/ch00001/Calibration_Sensor_Output_Units" order="0" value="m/s"/>
                                                <instance name="dev02/Config/ch00002/cntr_timeout" order="0" value="2"/>
                                                <instance name="dev01/Config/ch00007/initial_count" order="0" value="0"/>
                                                <instance name="dev03/Config/ch00006/Calibration_Sensor_Number_of_Points" order="0" value="2"/>
                                                <instance name="dev02/Config/ch00002/rate" order="0" value="10"/>
                                                <instance name="dev02/Config/ch00007/minSourceWidth" order="0" value="0"/>
                                                <instance name="dev01/Config/ch00008/initial_count" order="0" value="0"/>
                                                <instance name="dev02/Config/ch00003/rate" order="0" value="10"/>
                                                <instance name="dev02/Config/ch00001/initial_count" order="0" value="0"/>
                                                <instance name="dev01/Config/ch00001/in_invert" order="0" value="0"/>
                                                <instance name="dev02/Config/ch00002/initial_count" order="0" value="0"/>
                                                <instance name="dev02/Config/ch00006/Calibration_Sensor_Maximum_Range" order="0" value="1000"/>
                                                <instance name="dev02/Config/ch00004/rate" order="0" value="10"/>
                                                <instance name="dev01/Config/ch00005/Calibration_Sensor_Calibration_Date" order="0" value="2019-12-03"/>
                                                <instance name="dev02/Config/ch00002/Calibration_Sensor_Output_Units" order="0" value="m/s"/>
                                                <instance name="dev02/Config/ch00004/Calibration_Sensor_Output_Units" order="0" value="m/s"/>
                                                <instance name="dev03/Config/ch00002/Calibration_Sensor_Calibration_Date" order="0" value="2019-12-03"/>
                                                <instance name="dev02/Config/ch00003/Calibration_Sensor_Maximum_Range" order="0" value="1000"/>
                                                <instance name="dev01/Config/ch00008/in_invert" order="0" value="0"/>
                                                <instance name="dev02/Config/ch00003/initial_count" order="0" value="0"/>
                                                <instance name="dev02/Config/ch00005/rate" order="0" value="10"/>
                                                <instance name="dev02/Config/ch00003/cntr_timeout" order="0" value="2"/>
                                                <instance name="dev02/Config/ch00004/initial_count" order="0" value="0"/>
                                                <instance name="dev02/Config/ch00006/rate" order="0" value="10"/>
                                                <instance name="dev02/Config/ch00004/cntr_mode" order="0" value="3"/>
                                                <instance name="dev02/Config/ch00007/rate" order="0" value="10"/>
                                                <instance name="dev01/Config/ch00004/enable" order="1" value="1"/>
                                                <instance name="dev01/Config/ch00001/cntr_mode" order="0" value="3"/>
                                                <instance name="dev02/Config/ch00001/in_invert" order="0" value="0"/>
                                                <instance name="dev01/Config/ch00002/in_invert" order="0" value="0"/>
                                                <instance name="dev02/Config/ch00005/cntr_mode" order="0" value="3"/>
                                                <instance name="dev02/Config/ch00006/cntr_timeout" order="0" value="2"/>
                                                <instance name="dev03/Config/ch00003/minSourceWidth" order="0" value="0"/>
                                                <instance name="dev02/Config/ch00006/Calibration_Sensor_Output_Units" order="0" value="m/s"/>
                                                <instance name="dev01/Config/ch00008/Calibration_Sensor_Calibration_Date" order="0" value="2019-12-03"/>
                                                <instance name="dev02/Config/ch00006/cntr_mode" order="0" value="3"/>
                                                <instance name="dev01/Config/ch00004/in_invert" order="0" value="0"/>
                                                <instance name="dev01/Config/ch00006/Calibration_Sensor_Calibration_Date" order="0" value="2019-12-03"/>
                                                <instance name="dev01/Config/ch00004/minSourceWidth" order="0" value="0"/>
                                                <instance name="dev02/Config/ch00008/minSourceWidth" order="0" value="0"/>
                                                <instance name="dev02/Config/ch00007/cntr_mode" order="0" value="3"/>
                                                <instance name="dev03/Config/ch00004/initial_count" order="0" value="0"/>
                                                <instance name="dev02/Config/ch00007/initial_count" order="0" value="0"/>
                                                <instance name="dev02/Config/ch00008/cntr_mode" order="0" value="3"/>
                                                <instance name="dev02/Config/ch00007/Calibration_Sensor_Maximum_Range" order="0" value="1000"/>
                                                <instance name="dev03/Config/ch00001/cntr_mode" order="0" value="3"/>
                                                <instance name="dev03/Config/ch00002/cntr_mode" order="0" value="3"/>
                                                <instance name="dev03/Config/ch00003/cntr_mode" order="0" value="3"/>
                                                <instance name="dev02/Config/ch00007/Calibration_Sensor_Output_Units" order="0" value="m/s"/>
                                                <instance name="dev03/Config/ch00004/cntr_mode" order="0" value="3"/>
                                                <instance name="dev03/Config/ch00001/minSourceWidth" order="0" value="0"/>
                                                <instance name="dev03/Config/ch00005/cntr_mode" order="0" value="3"/>
                                                <instance name="dev03/Config/ch00001/rate" order="0" value="10"/>
                                                <instance name="dev03/Config/ch00005/initial_count" order="0" value="0"/>
                                                <instance name="dev02/Config/ch00001/Calibration_Sensor_Calibration_Date" order="0" value="2019-12-03"/>
                                                <instance name="dev01/Config/ch00007/enable" order="1" value="1"/>
                                                <instance name="dev01/Config/ch00001/Calibration_Sensor_Calibration_Due_Date" order="0" value="2021-12-03"/>
                                                <instance name="dev01/Config/ch00005/in_invert" order="0" value="0"/>
                                                <instance name="dev01/Config/ch00002/Calibration_Sensor_Calibration_Due_Date" order="0" value="2021-12-03"/>
                                                <instance name="dev01/Config/ch00003/cntr_timeout" order="0" value="2"/>
                                                <instance name="dev01/Config/ch00003/Calibration_Sensor_Calibration_Due_Date" order="0" value="2021-12-03"/>
                                                <instance name="dev01/Config/ch00001/Calibration_Sensor_Calibration_Date" order="0" value="2019-12-03"/>
                                                <instance name="dev01/Config/ch00004/Calibration_Sensor_Calibration_Due_Date" order="0" value="2021-12-03"/>
                                                <instance name="dev01/Config/ch00006/gate" order="0" value="0"/>
                                                <instance name="dev01/Config/ch00005/Calibration_Sensor_Calibration_Due_Date" order="0" value="2021-12-03"/>
                                                <instance name="dev03/Config/ch00002/cntr_timeout" order="0" value="2"/>
                                                <instance name="dev03/Config/ch00002/rate" order="0" value="10"/>
                                                <instance name="dev01/Config/ch00006/Calibration_Sensor_Calibration_Due_Date" order="0" value="2021-12-03"/>
                                                <instance name="dev01/Config/ch00007/Calibration_Sensor_Calibration_Due_Date" order="0" value="2021-12-03"/>
                                                <instance name="dev01/Config/ch00008/Calibration_Sensor_Calibration_Due_Date" order="0" value="2021-12-03"/>
                                                <instance name="dev02/Config/ch00002/Calibration_Sensor_Calibration_Date" order="0" value="2019-12-03"/>
                                                <instance name="dev02/Config/ch00001/Calibration_Sensor_Calibration_Due_Date" order="0" value="2099-12-03"/>
                                                <instance name="dev01/Config/ch00002/Calibration_Sensor_Minimum_Range" order="0" value="0"/>
                                                <instance name="dev02/Config/ch00002/Calibration_Sensor_Calibration_Due_Date" order="0" value="2099-12-03"/>
                                                <instance name="dev02/Config/ch00003/Calibration_Sensor_Calibration_Due_Date" order="0" value="2021-12-03"/>
                                                <instance name="dev02/Config/ch00008/Calibration_Sensor_Maximum_Range" order="0" value="1000"/>
                                                <instance name="dev01/Config/ch00006/in_invert" order="0" value="0"/>
                                                <instance name="dev02/Config/ch00001/enable" order="1" value="1"/>
                                                <instance name="dev03/Config/ch00006/initial_count" order="0" value="0"/>
                                                <instance name="dev01/Config/ch00008/cntr_timeout" order="0" value="2"/>
                                                <instance name="dev03/Config/ch00003/rate" order="0" value="10"/>
                                                <instance name="dev02/Config/ch00004/Calibration_Sensor_Calibration_Due_Date" order="0" value="2021-12-03"/>
                                                <instance name="dev02/Config/ch00005/Calibration_Sensor_Calibration_Due_Date" order="0" value="2021-12-03"/>
                                                <instance name="dev03/Config/ch00002/minSourceWidth" order="0" value="0"/>
                                                <instance name="dev02/Config/ch00006/Calibration_Sensor_Calibration_Due_Date" order="0" value="2021-12-03"/>
                                                <instance name="dev02/Config/ch00007/Calibration_Sensor_Calibration_Due_Date" order="0" value="2021-12-03"/>
                                                <instance name="dev02/Config/ch00008/Calibration_Sensor_Calibration_Due_Date" order="0" value="2021-12-03"/>
                                                <instance name="dev03/Config/ch00001/Calibration_Sensor_Calibration_Due_Date" order="0" value="2021-12-03"/>
                                                <instance name="dev02/Config/ch00003/Calibration_Sensor_Calibration_Date" order="0" value="2019-12-03"/>
                                                <instance name="dev03/Config/ch00002/Calibration_Sensor_Calibration_Due_Date" order="0" value="2021-12-03"/>
                                                <instance name="dev03/Config/ch00002/Calibration_Sensor_Output_Units" order="0" value="m/s"/>
                                                <instance name="dev03/Config/ch00003/Calibration_Sensor_Calibration_Due_Date" order="0" value="2099-12-03"/>
                                                <instance name="dev03/Config/ch00001/Calibration_Sensor_Maximum_Range" order="0" value="1000"/>
                                                <instance name="dev03/Config/ch00004/rate" order="0" value="10"/>
                                                <instance name="dev02/Config/ch00004/cntr_timeout" order="0" value="2"/>
                                                <instance name="dev01/Config/ch00003/rate" order="0" value="10"/>
                                                <instance name="dev03/Config/ch00004/Calibration_Sensor_Calibration_Due_Date" order="0" value="2099-12-03"/>
                                                <instance name="dev03/Config/ch00005/Calibration_Sensor_Calibration_Due_Date" order="0" value="2021-12-03"/>
                                                <instance name="dev01/Config/ch00001/gate" order="0" value="0"/>
                                                <instance name="dev01/Config/ch00007/in_invert" order="0" value="0"/>
                                                <instance name="dev03/Config/ch00006/Calibration_Sensor_Calibration_Due_Date" order="0" value="2099-12-03"/>
                                                <instance name="dev01/Config/ch00001/Calibration_Sensor_Number_of_Points" order="0" value="9"/>
                                                <instance name="dev01/Config/ch00001/minGateWidth" order="0" value="0"/>
                                                <instance name="dev01/Config/ch00002/Calibration_Sensor_Number_of_Points" order="0" value="9"/>
                                                <instance name="dev01/Config/ch00003/Calibration_Sensor_Number_of_Points" order="0" value="9"/>
                                                <instance name="dev03/Config/ch00003/Calibration_Sensor_Calibration_Date" order="0" value="2019-12-03"/>
                                                <instance name="dev02/Config/ch00004/Calibration_Sensor_Calibration_Date" order="0" value="2019-12-03"/>
                                                <instance name="dev01/Config/ch00002/minGateWidth" order="0" value="0"/>
                                                <instance name="dev01/Config/ch00002/gate" order="0" value="0"/>
                                                <instance name="dev01/Config/ch00001/Calibration_Sensor_Maximum_Range" order="0" value="1000"/>
                                                <instance name="dev03/Config/ch00006/rate" order="0" value="10"/>
                                                <instance name="dev03/Config/ch00004/Calibration_Sensor_Maximum_Range" order="0" value="1000"/>
                                                <instance name="dev01/Config/ch00003/minGateWidth" order="0" value="0"/>
                                                <instance name="dev02/Config/ch00006/Calibration_Sensor_Calibration_Date" order="0" value="2019-12-03"/>
                                                <instance name="dev03/Config/ch00002/Calibration_Sensor_Maximum_Range" order="0" value="1000"/>
                                                <instance name="dev02/Config/ch00006/enable" order="1" value="1"/>
                                                <instance name="dev03/Config/ch00004/Calibration_Sensor_Calibration_Date" order="0" value="2019-12-03"/>
                                                <instance name="dev01/Config/ch00004/minGateWidth" order="0" value="0"/>
                                                <instance name="dev01/Config/ch00005/minGateWidth" order="0" value="0"/>
                                                <instance name="dev03/Config/ch00003/Calibration_Sensor_Output_Units" order="0" value="m/s"/>
                                                <instance name="dev01/Config/ch00006/minGateWidth" order="0" value="0"/>
                                                <instance name="dev02/Config/ch00002/in_invert" order="0" value="0"/>
                                                <instance name="dev01/Config/ch00007/minGateWidth" order="0" value="0"/>
                                                <instance name="dev03/Config/ch00007/rate" order="0" value="10"/>
                                                <instance name="dev03/Config/ch00003/cntr_timeout" order="0" value="2"/>
                                                <instance name="dev01/Config/ch00008/minGateWidth" order="0" value="0"/>
                                                <instance name="dev01/Config/ch00005/Calibration_Sensor_Number_of_Points" order="0" value="9"/>
                                                <instance name="dev03/Config/ch00005/Calibration_Sensor_Calibration_Date" order="0" value="2019-12-03"/>
                                                <instance name="dev03/Config/ch00005/Calibration_Sensor_Maximum_Range" order="0" value="1000"/>
                                                <instance name="dev02/Config/ch00001/minGateWidth" order="0" value="0"/>
                                                <instance name="dev02/Config/ch00005/enable" order="1" value="1"/>
                                                <instance name="dev02/Config/ch00007/Calibration_Sensor_Calibration_Date" order="0" value="2019-12-03"/>
                                                <instance name="dev02/Config/ch00002/minGateWidth" order="0" value="0"/>
                                                <instance name="dev01/Config/ch00008/Calibration_Sensor_Maximum_Range" order="0" value="1000"/>
                                                <instance name="dev02/Config/ch00003/minGateWidth" order="0" value="0"/>
                                                <instance name="dev02/Config/ch00004/minGateWidth" order="0" value="0"/>
                                                <instance name="dev01/Config/ch00001/cntr_timeout" order="0" value="2"/>
                                                <instance name="dev02/Config/ch00005/minGateWidth" order="0" value="0"/>
                                                <instance name="dev02/Config/ch00001/gate" order="0" value="0"/>
                                                <instance name="dev01/Config/ch00006/Calibration_Sensor_Number_of_Points" order="0" value="9"/>
                                                <instance name="dev02/Config/ch00007/enable" order="1" value="1"/>
                                                <instance name="dev02/Config/ch00006/minGateWidth" order="0" value="0"/>
                                                <instance name="dev02/Config/ch00007/minGateWidth" order="0" value="0"/>
                                                <instance name="dev03/Config/ch00004/in_invert" order="0" value="0"/>
                                                <instance name="dev02/Config/ch00003/in_invert" order="0" value="0"/>
                                                <instance name="dev01/Config/ch00002/enable" order="1" value="1"/>
                                                <instance name="dev02/Config/ch00008/minGateWidth" order="0" value="0"/>
                                                <instance name="dev03/Config/ch00004/Calibration_Sensor_Output_Units" order="0" value="m/s"/>
                                                <instance name="dev02/Config/ch00008/Calibration_Sensor_Calibration_Date" order="0" value="2019-12-03"/>
                                                <instance name="dev01/Config/ch00007/Calibration_Sensor_Calibration_Date" order="0" value="2019-12-03"/>
                                                <instance name="dev03/Config/ch00006/Calibration_Sensor_Calibration_Date" order="0" value="2019-12-03"/>
                                                <instance name="dev02/Config/ch00004/Calibration_Sensor_Maximum_Range" order="0" value="1000"/>
                                                <instance name="dev01/Config/ch00007/Calibration_Sensor_Number_of_Points" order="0" value="9"/>
                                                <instance name="dev01/Config/ch00003/gate" order="0" value="0"/>
                                                <instance name="dev03/Config/ch00001/minGateWidth" order="0" value="0"/>
                                                <instance name="dev03/Config/ch00002/minGateWidth" order="0" value="0"/>
                                                <instance name="dev03/Config/ch00003/minGateWidth" order="0" value="0"/>
                                                <instance name="dev03/Config/ch00004/minGateWidth" order="0" value="0"/>
                                                <instance name="dev03/Config/ch00005/minGateWidth" order="0" value="0"/>
                                                <instance name="dev03/Config/ch00006/Calibration_Sensor_Maximum_Range" order="0" value="1000"/>
                                                <instance name="dev03/Config/ch00006/minGateWidth" order="0" value="0"/>
                                                <instance name="dev01/Config/ch00005/enable" order="1" value="1"/>
                                                <instance name="dev01/Config/ch00001/minSourceWidth" order="0" value="0"/>
                                                <instance name="dev03/Config/ch00005/Calibration_Sensor_Output_Units" order="0" value="m/s"/>
                                                <instance name="dev03/Config/ch00002/initial_count" order="0" value="0"/>
                                                <instance name="dev02/Config/ch00008/in_invert" order="0" value="0"/>
                                                <instance name="dev02/Config/ch00008/enable" order="1" value="1"/>
                                                <instance name="dev01/Config/ch00002/minSourceWidth" order="0" value="0"/>
                                                <instance name="dev03/Config/ch00005/cntr_timeout" order="0" value="2"/>
                                                <instance name="dev03/Config/ch00001/Calibration_Sensor_Calibration_Date" order="0" value="2019-12-03"/>
                                                <instance name="dev03/Config/ch00004/enable" order="1" value="1"/>
                                                <instance name="dev01/Config/ch00004/gate" order="0" value="0"/>
                                                <instance name="dev01/Config/ch00001/Calibration_Sensor_Curve" order="0" value="&quot;{0,0,0}{1,11.6,0.5}{2,55.2,2}{3,142.3,5}{4,288.6,10}{5,434.2,15}{6,582.9,20}{7,726.9,25}{8,870.9,30}&quot;"/>
                                                <instance name="dev02/Config/ch00004/in_invert" order="0" value="0"/>
                                                <instance name="dev01/Config/ch00003/minSourceWidth" order="0" value="0"/>
                                                <instance name="dev01/Config/ch00001/Calibration_Sensor_Minimum_Range" order="0" value="0"/>
                                                <instance name="dev01/Config/ch00002/Calibration_Sensor_Curve" order="0" value="&quot;{0,0,0}{1,11.7,0.5}{2,54.9,2}{3,142.3,5}{4,288.9,10}{5,434.3,15}{6,580.7,20}{7,727.7,25}{8,874.7,30}&quot;"/>
                                                <instance name="dev03/Config/ch00004/minSourceWidth" order="0" value="0"/>
                                                <instance name="dev01/Config/ch00006/Calibration_Sensor_Output_Units" order="0" value="m/s"/>
                                                <instance name="dev02/Config/ch00003/Calibration_Sensor_Number_of_Points" order="0" value="9"/>
                                                <instance name="dev01/Config/ch00002/Calibration_Sensor_Table_Type" order="2" value="1"/>
                                                <instance name="dev01/Config/ch00003/Calibration_Sensor_Curve" order="0" value="&quot;{0,0,0}{1,11.7,0.5}{2,55.3,2}{3,142.3,5}{4,288.3,10}{5,434.4,15}{6,581.6,20}{7,724.6,25}{8,867.6,30}&quot;"/>
                                                <instance name="dev01/Config/ch00003/Calibration_Sensor_Minimum_Range" order="0" value="0"/>
                                                <instance name="dev03/Config/ch00006/Calibration_Sensor_Output_Units" order="0" value="m/s"/>
                                                <instance name="dev01/Config/ch00004/Calibration_Sensor_Curve" order="0" value="&quot;{0,0,0}{1,11.8,0.5}{2,55.3,2}{3,141.7,5}{4,287.8,10}{5,434.1,15}{6,583.4,20}{7,728.4,25}{8,873.4,30}&quot;"/>
                                                <instance name="dev01/Config/ch00005/Calibration_Sensor_Curve" order="0" value="&quot;{0,0,0}{1,11.8,0.5}{2,55,2}{3,141.7,5}{4,286.9,10}{5,434.6,15}{6,582.1,20}{7,728.1,25}{8,874.1,30}&quot;"/>
                                                <instance name="dev02/Config/ch00003/enable" order="1" value="1"/>
                                                <instance name="dev01/Config/ch00002/cntr_mode" order="0" value="3"/>
                                                <instance name="dev01/Config/ch00006/Calibration_Sensor_Curve" order="0" value="&quot;{0,0,0}{1,11.8,0.5}{2,55.2,2}{3,141.6,5}{4,287.2,10}{5,434.5,15}{6,579.9,20}{7,726.5,25}{8,873.1,30}&quot;"/>
                                                <instance name="dev01/Config/ch00007/Calibration_Sensor_Curve" order="0" value="&quot;{0,0,0}{1,11.7,0.5}{2,55.5,2}{3,142.7,5}{4,288.5,10}{5,434.1,15}{6,581.2,20}{7,725.7,25}{8,870.2,30}&quot;"/>
                                                <instance name="dev01/Config/ch00008/Calibration_Sensor_Curve" order="0" value="&quot;{0,0,0}{1,11.8,0.5}{2,55.1,2}{3,141.6,5}{4,287.1,10}{5,433.2,15}{6,579.6,20}{7,723.2,25}{8,866.8,30}&quot;"/>
                                                <instance name="dev02/Config/ch00004/Calibration_Sensor_Number_of_Points" order="0" value="9"/>
                                                <instance name="dev01/Config/ch00008/enable" order="1" value="1"/>
                                                <instance name="dev02/Config/ch00001/Calibration_Sensor_Curve" order="0" value="&quot;{0,0}{1,1}&quot;"/>
                                                <instance name="dev01/Config/ch00005/minSourceWidth" order="0" value="0"/>
                                                <instance name="dev01/Config/ch00003/Calibration_Sensor_Table_Type" order="2" value="1"/>
                                                <instance name="dev02/Config/ch00002/Calibration_Sensor_Curve" order="0" value="&quot;{0,0}{1,1}&quot;"/>
                                                <instance name="dev03/Config/ch00005/minSourceWidth" order="0" value="0"/>
                                                <instance name="dev01/Config/ch00004/Calibration_Sensor_Minimum_Range" order="0" value="0"/>
                                                <instance name="dev02/Config/ch00003/Calibration_Sensor_Curve" order="0" value="&quot;{0,0,0}{1,11.7,0.5}{2,55.2,2}{3,142.3,5}{4,288.1,10}{5,433.8,15}{6,582.5,20}{7,726.1,25}{8,869.7,30}&quot;"/>
                                                <instance name="dev02/Config/ch00005/Calibration_Sensor_Output_Units" order="0" value="m/s"/>
                                                <instance name="dev02/Config/ch00004/Calibration_Sensor_Curve" order="0" value="&quot;{0,0,0}{1,11.6,0.5}{2,55.3,2}{3,142.6,5}{4,288.6,10}{5,434.5,15}{6,582.6,20}{7,724.9,25}{8,867.2,30}&quot;"/>
                                                <instance name="dev02/Config/ch00005/Calibration_Sensor_Curve" order="0" value="&quot;{0,0,0}{1,11.7,0.5}{2,55.3,2}{3,143.1,5}{4,289.3,10}{5,434.7,15}{6,579.9,20}{7,727.9,25}{8,875.9,30}&quot;"/>
                                                <instance name="dev01/Config/ch00006/Calibration_Sensor_Maximum_Range" order="0" value="1000"/>
                                                <instance name="dev02/Config/ch00006/Calibration_Sensor_Curve" order="0" value="&quot;{0,0,0}{1,11.8,0.5}{2,55.2,2}{3,142.6,5}{4,288.4,10}{5,434.7,15}{6,580.1,20}{7,729.1,25}{8,878.1,30}&quot;"/>
                                                <instance name="dev01/Config/ch00006/minSourceWidth" order="0" value="0"/>
                                                <instance name="dev02/Config/ch00007/Calibration_Sensor_Curve" order="0" value="&quot;{0,0,0}{1,11.7,0.5}{2,55.1,2}{3,142.1,5}{4,287.7,10}{5,433.9,15}{6,576.4,20}{7,722.4,25}{8,868.4,30}&quot;"/>
                                                <instance name="dev03/Config/ch00006/enable" order="1" value="1"/>
                                                <instance name="dev02/Config/ch00008/Calibration_Sensor_Curve" order="0" value="&quot;{0,0,0}{1,11.8,0.5}{2,55.3,2}{3,143,5}{4,288.8,10}{5,434.4,15}{6,580.9,20}{7,728.9,25}{8,876.9,30}&quot;"/>
                                                <instance name="dev03/Config/ch00004/gate" order="0" value="0"/>
                                                <instance name="dev03/Config/ch00001/Calibration_Sensor_Curve" order="0" value="&quot;{0,0,0}{1,11.7,0.5}{2,55.3,2}{3,142.8,5}{4,288.5,10}{5,434.3,15}{6,581.3,20}{7,724.8,25}{8,868.3,30}&quot;"/>
                                                <instance name="dev02/Config/ch00002/gate" order="0" value="0"/>
                                                <instance name="dev03/Config/ch00002/Calibration_Sensor_Curve" order="0" value="&quot;{0,0,0}{1,11.7,0.5}{2,54.9,2}{3,142.1,5}{4,287.9,10}{5,433.8,15}{6,578.1,20}{7,725.7,25}{8,873.3,30}&quot;"/>
                                                <instance name="dev01/Config/ch00003/cntr_mode" order="0" value="3"/>
                                                <instance name="dev01/Config/ch00005/Calibration_Sensor_Minimum_Range" order="0" value="0"/>
                                                <instance name="dev02/Config/ch00008/Calibration_Sensor_Output_Units" order="0" value="m/s"/>
                                                <instance name="dev01/Config/ch00007/minSourceWidth" order="0" value="0"/>
                                                <instance name="dev02/Config/ch00006/in_invert" order="0" value="0"/>
                                                <instance name="dev03/Config/ch00003/Calibration_Sensor_Curve" order="0" value="&quot;{0,0}{1,1}&quot;"/>
                                                <instance name="dev03/Config/ch00004/Calibration_Sensor_Curve" order="0" value="&quot;{0,0}{1,1}&quot;"/>
                                                <instance name="dev03/Config/ch00005/Calibration_Sensor_Curve" order="0" value="&quot;{0,0,0}{1,11.8,0.5}{2,55.3,2}{3,142.8,5}{4,288.6,10}{5,434.7,15}{6,581.8,20}{7,725.8,25}{8,869.8,30}&quot;"/>
                                                <instance name="dev03/Config/ch00006/Calibration_Sensor_Curve" order="0" value="&quot;{0,0}{1,1}&quot;"/>
                                                <instance name="dev01/Config/ch00001/Calibration_Sensor_Input_Units" order="0" value="Hz"/>
                                                <instance name="dev02/Config/ch00002/enable" order="1" value="1"/>
                                                <instance name="dev01/Config/ch00002/Calibration_Sensor_Input_Units" order="0" value="Hz"/>
                                                <instance name="dev01/Config/ch00003/Calibration_Sensor_Input_Units" order="0" value="Hz"/>
                                                <instance name="dev01/Config/ch00004/cntr_mode" order="0" value="3"/>
                                                <instance name="dev01/Config/ch00008/minSourceWidth" order="0" value="0"/>
                                                <instance name="dev02/Config/ch00008/cntr_timeout" order="0" value="2"/>
                                                <instance name="dev03/Config/ch00002/in_invert" order="0" value="0"/>
                                                <instance name="dev01/Config/ch00004/Calibration_Sensor_Input_Units" order="0" value="Hz"/>
                                                <instance name="dev02/Config/ch00004/gate" order="0" value="0"/>
                                                <instance name="dev01/Config/ch00006/Calibration_Sensor_Minimum_Range" order="0" value="0"/>
                                                <instance name="dev02/Config/ch00003/gate" order="0" value="0"/>
                                                <instance name="dev03/Config/ch00002/enable" order="1" value="1"/>
                                                <instance name="dev01/Config/ch00005/Calibration_Sensor_Input_Units" order="0" value="Hz"/>
                                                <instance name="dev01/Config/ch00006/Calibration_Sensor_Input_Units" order="0" value="Hz"/>
                                                <instance name="dev01/Config/ch00004/Calibration_Sensor_Table_Type" order="2" value="1"/>
                                            </attributes>
                                        </instance>
                                    </serial-numbers>
                                </instance>
                                <instance name="UEI-008">
                                    <serial-numbers>
                                        <instance name="00219965" backbone-config-data="13,239.255.0.13,239.255.0.1,5" logicalid="UE219965" node-config-data="1.0,1.0,map,1.0,rtehost:6603/channelmap 1.0,1.0,attrv,1.0,rtehost:6603/UE219965">
                                            <attributes>
                                                <instance name="dev01/Config/ch00001/enable" order="1" value="1"/>
                                                <instance name="dev01/Config/ch00005/Calibration_Sensor_Curve" order="0" value="&quot;{0,0}{1,1}&quot;"/>
                                                <instance name="dev02/Config/ch00001/Calibration_Sensor_Output_Units" order="0" value="m/s"/>
                                                <instance name="dev01/Config/ch00002/minSourceWidth" order="0" value="0"/>
                                                <instance name="dev02/Config/ch00002/Calibration_Sensor_Output_Units" order="0" value="m/s"/>
                                                <instance name="dev02/Config/ch00003/Calibration_Sensor_Output_Units" order="0" value="m/s"/>
                                                <instance name="dev01/Config/ch00005/enable" order="1" value="1"/>
                                                <instance name="dev02/Config/ch00004/Calibration_Sensor_Output_Units" order="0" value="m/s"/>
                                                <instance name="dev01/Config/ch00004/gate" order="0" value="0"/>
                                                <instance name="dev02/Config/ch00006/rate" order="0" value="10"/>
                                                <instance name="dev02/Config/ch00005/Calibration_Sensor_Output_Units" order="0" value="m/s"/>
                                                <instance name="dev02/Config/ch00006/Calibration_Sensor_Output_Units" order="0" value="m/s"/>
                                                <instance name="dev01/Config/ch00006/Calibration_Sensor_Curve" order="0" value="&quot;{0,0}{1,1}&quot;"/>
                                                <instance name="dev01/Config/ch00008/minGateWidth" order="0" value="0"/>
                                                <instance name="dev01/Config/ch00002/Calibration_Sensor_Calibration_Date" order="0" value="2020-01-01"/>
                                                <instance name="dev01/Config/ch00008/Calibration_Sensor_Name" order="0" value="CalSensor8"/>
                                                <instance name="dev01/Config/ch00006/in_invert" order="0" value="0"/>
                                                <instance name="dev02/Config/ch00007/Calibration_Sensor_Output_Units" order="0" value="m/s"/>
                                                <instance name="dev02/Config/ch00002/Calibration_Sensor_Maximum_Range" order="0" value="30"/>
                                                <instance name="dev01/Config/ch00001/Calibration_Sensor_Table_Type" order="2" value="0"/>
                                                <instance name="dev01/Config/ch00005/Calibration_Sensor_Name" order="0" value="CalSensor5"/>
                                                <instance name="dev01/Config/ch00002/Calibration_Sensor_Table_Type" order="2" value="0"/>
                                                <instance name="dev01/Config/ch00003/Calibration_Sensor_Table_Type" order="2" value="0"/>
                                                <instance name="dev01/Config/ch00007/Calibration_Sensor_Curve" order="0" value="&quot;{0,0}{1,1}&quot;"/>
                                                <instance name="dev01/Config/ch00004/Calibration_Sensor_Table_Type" order="2" value="0"/>
                                                <instance name="dev01/Config/ch00005/gate" order="0" value="0"/>
                                                <instance name="dev01/Config/ch00005/Calibration_Sensor_Table_Type" order="2" value="0"/>
                                                <instance name="dev01/Config/ch00006/Calibration_Sensor_Table_Type" order="2" value="0"/>
                                                <instance name="dev02/Config/ch00002/cntr_mode" order="0" value="3"/>
                                                <instance name="dev01/Config/ch00007/Calibration_Sensor_Table_Type" order="2" value="0"/>
                                                <instance name="dev01/Config/ch00008/rate" order="0" value="10"/>
                                                <instance name="dev02/Config/ch00007/rate" order="0" value="10"/>
                                                <instance name="dev01/Config/ch00008/Calibration_Sensor_Table_Type" order="2" value="0"/>
                                                <instance name="dev01/Config/ch00006/Calibration_Sensor_Name" order="0" value="CalSensor6"/>
                                                <instance name="dev02/Config/ch00003/minSourceWidth" order="0" value="0"/>
                                                <instance name="dev01/Config/ch00003/cntr_timeout" order="0" value="2"/>
                                                <instance name="dev02/Config/ch00003/Calibration_Sensor_Maximum_Range" order="0" value="30"/>
                                                <instance name="dev02/Config/ch00001/Calibration_Sensor_Table_Type" order="2" value="0"/>
                                                <instance name="dev02/Config/ch00002/Calibration_Sensor_Table_Type" order="2" value="0"/>
                                                <instance name="dev02/Config/ch00003/Calibration_Sensor_Table_Type" order="2" value="0"/>
                                                <instance name="dev01/Config/ch00007/in_invert" order="0" value="0"/>
                                                <instance name="dev02/Config/ch00007/Calibration_Sensor_Maximum_Range" order="0" value="30"/>
                                                <instance name="dev02/Config/ch00004/Calibration_Sensor_Table_Type" order="2" value="0"/>
                                                <instance name="dev02/Config/ch00005/Calibration_Sensor_Table_Type" order="2" value="0"/>
                                                <instance name="dev01/Config/ch00007/minGateWidth" order="0" value="0"/>
                                                <instance name="dev02/Config/ch00001/rate" order="0" value="10"/>
                                                <instance name="dev02/Config/ch00006/Calibration_Sensor_Table_Type" order="2" value="0"/>
                                                <instance name="dev02/Config/ch00003/rate" order="0" value="10"/>
                                                <instance name="dev02/Config/ch00007/Calibration_Sensor_Table_Type" order="2" value="0"/>
                                                <instance name="dev02/Config/ch00008/rate" order="0" value="10"/>
                                                <instance name="dev01/Config/ch00001/cntr_mode" order="0" value="3"/>
                                                <instance name="dev01/Config/ch00002/cntr_mode" order="0" value="3"/>
                                                <instance name="dev01/Config/ch00007/enable" order="1" value="1"/>
                                                <instance name="dev02/Config/ch00004/Calibration_Sensor_Maximum_Range" order="0" value="30"/>
                                                <instance name="dev01/Config/ch00004/cntr_timeout" order="0" value="2"/>
                                                <instance name="dev01/Config/ch00003/cntr_mode" order="0" value="3"/>
                                                <instance name="dev02/Config/ch00007/cntr_mode" order="0" value="3"/>
                                                <instance name="dev01/Config/ch00006/gate" order="0" value="0"/>
                                                <instance name="dev01/Config/ch00003/rate" order="0" value="10"/>
                                                <instance name="dev01/Config/ch00005/Calibration_Sensor_Minimum_Range" order="0" value="0"/>
                                                <instance name="dev01/Config/ch00007/Calibration_Sensor_Name" order="0" value="CalSensor7"/>
                                                <instance name="dev01/Config/ch00004/cntr_mode" order="0" value="3"/>
                                                <instance name="dev01/Config/ch00005/cntr_mode" order="0" value="3"/>
                                                <instance name="dev01/Config/ch00008/minSourceWidth" order="0" value="0"/>
                                                <instance name="dev02/Config/ch00002/Calibration_Sensor_Name" order="0" value="CalSensor10"/>
                                                <instance name="dev01/Config/ch00006/cntr_mode" order="0" value="3"/>
                                                <instance name="dev01/Config/ch00007/cntr_mode" order="0" value="3"/>
                                                <instance name="dev02/Config/ch00006/minGateWidth" order="0" value="0"/>
                                                <instance name="dev01/Config/ch00004/enable" order="1" value="1"/>
                                                <instance name="dev01/Config/ch00008/cntr_mode" order="0" value="3"/>
                                                <instance name="dev01/Config/ch00007/gate" order="0" value="0"/>
                                                <instance name="dev01/Config/ch00008/gate" order="0" value="0"/>
                                                <instance name="dev02/Config/ch00002/minSourceWidth" order="0" value="0"/>
                                                <instance name="dev02/Config/ch00005/rate" order="0" value="10"/>
                                                <instance name="dev01/Config/ch00003/Calibration_Sensor_Calibration_Date" order="0" value="2020-01-01"/>
                                                <instance name="dev01/Config/ch00007/cntr_timeout" order="0" value="2"/>
                                                <instance name="dev01/Config/ch00008/in_invert" order="0" value="0"/>
                                                <instance name="dev02/Config/ch00001/cntr_mode" order="0" value="3"/>
                                                <instance name="dev02/Config/ch00006/Calibration_Sensor_Name" order="0" value="CalSensor14"/>
                                                <instance name="dev02/Config/ch00001/gate" order="0" value="0"/>
                                                <instance name="dev02/Config/ch00002/gate" order="0" value="0"/>
                                                <instance name="dev02/Config/ch00003/gate" order="0" value="0"/>
                                                <instance name="dev02/Config/ch00004/gate" order="0" value="0"/>
                                                <instance name="dev01/Config/ch00004/rate" order="0" value="10"/>
                                                <instance name="dev02/Config/ch00006/minSourceWidth" order="0" value="0"/>
                                                <instance name="dev01/Config/ch00006/enable" order="1" value="1"/>
                                                <instance name="dev01/Config/ch00008/cntr_timeout" order="0" value="2"/>
                                                <instance name="dev02/Config/ch00001/in_invert" order="0" value="0"/>
                                                <instance name="dev02/Config/ch00002/in_invert" order="0" value="0"/>
                                                <instance name="dev01/Config/ch00008/Calibration_Sensor_Curve" order="0" value="&quot;{0,0}{1,1}&quot;"/>
                                                <instance name="dev01/Config/ch00002/minGateWidth" order="0" value="0"/>
                                                <instance name="dev02/Config/ch00005/gate" order="0" value="0"/>
                                                <instance name="dev02/Config/ch00003/in_invert" order="0" value="0"/>
                                                <instance name="dev01/Config/ch00002/Calibration_Sensor_Minimum_Range" order="0" value="0"/>
                                                <instance name="dev02/Config/ch00004/minSourceWidth" order="0" value="0"/>
                                                <instance name="dev02/Config/ch00004/in_invert" order="0" value="0"/>
                                                <instance name="dev02/Config/ch00003/cntr_mode" order="0" value="3"/>
                                                <instance name="dev01/Config/ch00002/rate" order="0" value="10"/>
                                                <instance name="dev02/Config/ch00005/in_invert" order="0" value="0"/>
                                                <instance name="dev01/Config/ch00005/rate" order="0" value="10"/>
                                                <instance name="dev01/Config/ch00004/minGateWidth" order="0" value="0"/>
                                                <instance name="dev02/Config/ch00006/in_invert" order="0" value="0"/>
                                                <instance name="dev02/Config/ch00007/in_invert" order="0" value="0"/>
                                                <instance name="dev01/Config/ch00004/Calibration_Sensor_Calibration_Date" order="0" value="2020-01-01"/>
                                                <instance name="dev01/Config/ch00001/initial_count" order="0" value="0"/>
                                                <instance name="dev01/Config/ch00006/Calibration_Sensor_Calibration_Date" order="0" value="2020-01-01"/>
                                                <instance name="dev01/Config/ch00007/rate" order="0" value="10"/>
                                                <instance name="dev01/Config/ch00002/initial_count" order="0" value="0"/>
                                                <instance name="dev01/Config/ch00008/enable" order="1" value="1"/>
                                                <instance name="dev02/Config/ch00007/minGateWidth" order="0" value="0"/>
                                                <instance name="dev02/Config/ch00003/Calibration_Sensor_Name" order="0" value="CalSensor11"/>
                                                <instance name="dev01/Config/ch00002/in_invert" order="0" value="0"/>
                                                <instance name="dev02/Config/ch00001/Calibration_Sensor_Curve" order="0" value="&quot;{0,0}{1,1}&quot;"/>
                                                <instance name="dev01/Config/ch00003/initial_count" order="0" value="0"/>
                                                <instance name="dev01/Config/ch00001/minSourceWidth" order="0" value="0"/>
                                                <instance name="dev01/Config/ch00004/initial_count" order="0" value="0"/>
                                                <instance name="dev02/Config/ch00006/gate" order="0" value="0"/>
                                                <instance name="dev01/Config/ch00005/initial_count" order="0" value="0"/>
                                                <instance name="dev02/Config/ch00004/enable" order="1" value="1"/>
                                                <instance name="dev01/Config/ch00006/initial_count" order="0" value="0"/>
                                                <instance name="dev01/Config/ch00007/Calibration_Sensor_Calibration_Date" order="0" value="2020-01-01"/>
                                                <instance name="dev02/Config/ch00003/enable" order="1" value="1"/>
                                                <instance name="dev01/Config/ch00007/initial_count" order="0" value="0"/>
                                                <instance name="dev02/Config/ch00008/enable" order="1" value="1"/>
                                                <instance name="dev01/Config/ch00008/initial_count" order="0" value="0"/>
                                                <instance name="dev01/Config/ch00001/cntr_timeout" order="0" value="2"/>
                                                <instance name="dev02/Config/ch00001/cntr_timeout" order="0" value="2"/>
                                                <instance name="dev02/Config/ch00001/initial_count" order="0" value="0"/>
                                                <instance name="dev02/Config/ch00007/gate" order="0" value="0"/>
                                                <instance name="dev02/Config/ch00004/rate" order="0" value="10"/>
                                                <instance name="dev02/Config/ch00004/cntr_mode" order="0" value="3"/>
                                                <instance name="dev02/Config/ch00002/initial_count" order="0" value="0"/>
                                                <instance name="dev02/Config/ch00003/initial_count" order="0" value="0"/>
                                                <instance name="dev02/Config/ch00004/initial_count" order="0" value="0"/>
                                                <instance name="dev02/Config/ch00002/Calibration_Sensor_Curve" order="0" value="&quot;{0,0}{1,1}&quot;"/>
                                                <instance name="dev02/Config/ch00001/minSourceWidth" order="0" value="0"/>
                                                <instance name="dev02/Config/ch00001/enable" order="1" value="1"/>
                                                <instance name="dev02/Config/ch00005/initial_count" order="0" value="0"/>
                                                <instance name="dev02/Config/ch00005/Calibration_Sensor_Maximum_Range" order="0" value="30"/>
                                                <instance name="dev02/Config/ch00006/initial_count" order="0" value="0"/>
                                                <instance name="dev01/Config/ch00005/cntr_timeout" order="0" value="2"/>
                                                <instance name="dev02/Config/ch00005/minSourceWidth" order="0" value="0"/>
                                                <instance name="dev02/Config/ch00002/cntr_timeout" order="0" value="2"/>
                                                <instance name="dev02/Config/ch00003/cntr_timeout" order="0" value="2"/>
                                                <instance name="dev02/Config/ch00001/minGateWidth" order="0" value="0"/>
                                                <instance name="dev02/Config/ch00003/Calibration_Sensor_Curve" order="0" value="&quot;{0,0}{1,1}&quot;"/>
                                                <instance name="dev02/Config/ch00005/cntr_mode" order="0" value="3"/>
                                                <instance name="dev01/Config/ch00003/Calibration_Sensor_Minimum_Range" order="0" value="0"/>
                                                <instance name="dev02/Config/ch00004/cntr_timeout" order="0" value="2"/>
                                                <instance name="dev01/Config/ch00008/Calibration_Sensor_Calibration_Date" order="0" value="2020-01-01"/>
                                                <instance name="dev02/Config/ch00007/initial_count" order="0" value="0"/>
                                                <instance name="dev01/Config/ch00003/gate" order="0" value="0"/>
                                                <instance name="dev01/Config/ch00001/in_invert" order="0" value="0"/>
                                                <instance name="dev02/Config/ch00005/cntr_timeout" order="0" value="2"/>
                                                <instance name="dev02/Config/ch00006/cntr_timeout" order="0" value="2"/>
                                                <instance name="dev02/Config/ch00007/cntr_timeout" order="0" value="2"/>
                                                <instance name="dev01/Config/ch00003/in_invert" order="0" value="0"/>
                                                <instance name="dev02/Config/ch00006/enable" order="1" value="1"/>
                                                <instance name="dev02/Config/ch00002/minGateWidth" order="0" value="0"/>
                                                <instance name="dev01/Config/ch00004/minSourceWidth" order="0" value="0"/>
                                                <instance name="dev02/Config/ch00007/enable" order="1" value="1"/>
                                                <instance name="dev02/Config/ch00001/Calibration_Sensor_Calibration_Date" order="0" value="2020-01-01"/>
                                                <instance name="dev02/Config/ch00002/Calibration_Sensor_Calibration_Date" order="0" value="2020-01-01"/>
                                                <instance name="dev02/Config/ch00003/Calibration_Sensor_Calibration_Date" order="0" value="2020-01-01"/>
                                                <instance name="dev02/Config/ch00005/enable" order="1" value="1"/>
                                                <instance name="dev02/Config/ch00004/Calibration_Sensor_Name" order="0" value="CalSensor12"/>
                                                <instance name="dev01/Config/ch00006/Calibration_Sensor_Minimum_Range" order="0" value="0"/>
                                                <instance name="dev02/Config/ch00004/Calibration_Sensor_Curve" order="0" value="&quot;{0,0}{1,1}&quot;"/>
                                                <instance name="dev02/Config/ch00003/minGateWidth" order="0" value="0"/>
                                                <instance name="dev02/Config/ch00004/Calibration_Sensor_Calibration_Date" order="0" value="2020-01-01"/>
                                                <instance name="dev01/Config/ch00005/minSourceWidth" order="0" value="0"/>
                                                <instance name="dev02/Config/ch00005/Calibration_Sensor_Calibration_Date" order="0" value="2020-01-01"/>
                                                <instance name="dev02/Config/ch00006/Calibration_Sensor_Calibration_Date" order="0" value="2020-01-01"/>
                                                <instance name="dev01/Config/ch00003/minGateWidth" order="0" value="0"/>
                                                <instance name="dev02/Config/ch00006/Calibration_Sensor_Maximum_Range" order="0" value="30"/>
                                                <instance name="dev02/Config/ch00007/Calibration_Sensor_Calibration_Date" order="0" value="2020-01-01"/>
                                                <instance name="dev01/Config/ch00008/Calibration_Sensor_Minimum_Range" order="0" value="0"/>
                                                <instance name="dev02/Config/ch00005/Calibration_Sensor_Curve" order="0" value="&quot;{0,0}{1,1}&quot;"/>
                                                <instance name="dev02/Config/ch00006/Calibration_Sensor_Curve" order="0" value="&quot;{0,0}{1,1}&quot;"/>
                                                <instance name="dev01/Config/ch00008/Calibration_Sensor_Maximum_Range" order="0" value="30"/>
                                                <instance name="dev01/Config/ch00001/Calibration_Sensor_Curve" order="0" value="&quot;{0,0}{1,1}&quot;"/>
                                                <instance name="dev02/Config/ch00007/Calibration_Sensor_Curve" order="0" value="&quot;{0,0}{1,1}&quot;"/>
                                                <instance name="dev01/Config/ch00001/gate" order="0" value="0"/>
                                                <instance name="dev01/Config/ch00001/Calibration_Sensor_Input_Units" order="0" value="Hz"/>
                                                <instance name="dev01/Config/ch00002/Calibration_Sensor_Input_Units" order="0" value="Hz"/>
                                                <instance name="dev02/Config/ch00004/minGateWidth" order="0" value="0"/>
                                                <instance name="dev02/Config/ch00001/Calibration_Sensor_Name" order="0" value="CalSensor9"/>
                                                <instance name="dev01/Config/ch00006/minSourceWidth" order="0" value="0"/>
                                                <instance name="dev01/Config/ch00005/minGateWidth" order="0" value="0"/>
                                                <instance name="dev01/Config/ch00003/Calibration_Sensor_Input_Units" order="0" value="Hz"/>
                                                <instance name="dev01/Config/ch00004/Calibration_Sensor_Input_Units" order="0" value="Hz"/>
                                                <instance name="dev02/Config/ch00005/Calibration_Sensor_Name" order="0" value="CalSensor13"/>
                                                <instance name="dev01/Config/ch00005/Calibration_Sensor_Input_Units" order="0" value="Hz"/>
                                                <instance name="dev02/Config/ch00007/Calibration_Sensor_Name" order="0" value="CalSensor15"/>
                                                <instance name="dev02/Config/ch00007/minSourceWidth" order="0" value="0"/>
                                                <instance name="dev01/Config/ch00006/Calibration_Sensor_Input_Units" order="0" value="Hz"/>
                                                <instance name="dev01/Config/ch00007/Calibration_Sensor_Input_Units" order="0" value="Hz"/>
                                                <instance name="dev01/Config/ch00006/rate" order="0" value="10"/>
                                                <instance name="dev01/Config/ch00004/in_invert" order="0" value="0"/>
                                                <instance name="dev01/Config/ch00008/Calibration_Sensor_Input_Units" order="0" value="Hz"/>
                                                <instance name="dev01/Config/ch00001/minGateWidth" order="0" value="0"/>
                                                <instance name="dev02/Config/ch00001/Calibration_Sensor_Input_Units" order="0" value="Hz"/>
                                                <instance name="dev01/Config/ch00002/Calibration_Sensor_Curve" order="0" value="&quot;{0,0}{1,1}&quot;"/>
                                                <instance name="dev02/Config/ch00002/Calibration_Sensor_Input_Units" order="0" value="Hz"/>
                                                <instance name="dev02/Config/ch00003/Calibration_Sensor_Input_Units" order="0" value="Hz"/>
                                                <instance name="dev02/Config/ch00004/Calibration_Sensor_Input_Units" order="0" value="Hz"/>
                                                <instance name="dev01/Config/ch00001/Calibration_Sensor_Output_Units" order="0" value="m/s"/>
                                                <instance name="dev01/Config/ch00006/minGateWidth" order="0" value="0"/>
                                                <instance name="dev02/Config/ch00002/rate" order="0" value="10"/>
                                                <instance name="dev02/Config/ch00005/Calibration_Sensor_Input_Units" order="0" value="Hz"/>
                                                <instance name="dev01/Config/ch00001/Calibration_Sensor_Minimum_Range" order="0" value="0"/>
                                                <instance name="dev02/Config/ch00001/Calibration_Sensor_Minimum_Range" order="0" value="0"/>
                                                <instance name="dev02/Config/ch00006/Calibration_Sensor_Input_Units" order="0" value="Hz"/>
                                                <instance name="dev01/Config/ch00003/Calibration_Sensor_Curve" order="0" value="&quot;{0,0}{1,1}&quot;"/>
                                                <instance name="dev01/Config/ch00006/cntr_timeout" order="0" value="2"/>
                                                <instance name="dev01/Config/ch00001/rate" order="0" value="10"/>
                                                <instance name="dev02/Config/ch00007/Calibration_Sensor_Input_Units" order="0" value="Hz"/>
                                                <instance name="dev01/Config/ch00001/Calibration_Sensor_Maximum_Range" order="0" value="30"/>
                                                <instance name="dev01/Config/ch00002/Calibration_Sensor_Maximum_Range" order="0" value="30"/>
                                                <instance name="dev01/Config/ch00001/Calibration_Sensor_Calibration_Date" order="0" value="2020-01-01"/>
                                                <instance name="dev01/Config/ch00003/Calibration_Sensor_Maximum_Range" order="0" value="30"/>
                                                <instance name="dev01/Config/ch00004/Calibration_Sensor_Maximum_Range" order="0" value="30"/>
                                                <instance name="dev02/Config/ch00006/cntr_mode" order="0" value="3"/>
                                                <instance name="dev01/Config/ch00005/Calibration_Sensor_Maximum_Range" order="0" value="30"/>
                                                <instance name="dev01/Config/ch00004/Calibration_Sensor_Minimum_Range" order="0" value="0"/>
                                                <instance name="dev01/Config/ch00006/Calibration_Sensor_Maximum_Range" order="0" value="30"/>
                                                <instance name="dev02/Config/ch00002/Calibration_Sensor_Minimum_Range" order="0" value="0"/>
                                                <instance name="dev02/Config/ch00003/Calibration_Sensor_Minimum_Range" order="0" value="0"/>
                                                <instance name="dev02/Config/ch00004/Calibration_Sensor_Minimum_Range" order="0" value="0"/>
                                                <instance name="dev02/Config/ch00005/minGateWidth" order="0" value="0"/>
                                                <instance name="dev01/Config/ch00002/gate" order="0" value="0"/>
                                                <instance name="dev01/Config/ch00007/minSourceWidth" order="0" value="0"/>
                                                <instance name="dev01/Config/ch00002/Calibration_Sensor_Output_Units" order="0" value="m/s"/>
                                                <instance name="dev01/Config/ch00007/Calibration_Sensor_Maximum_Range" order="0" value="30"/>
                                                <instance name="dev01/Config/ch00005/Calibration_Sensor_Calibration_Date" order="0" value="2020-01-01"/>
                                                <instance name="dev01/Config/ch00004/Calibration_Sensor_Curve" order="0" value="&quot;{0,0}{1,1}&quot;"/>
                                                <instance name="dev02/Config/ch00005/Calibration_Sensor_Minimum_Range" order="0" value="0"/>
                                                <instance name="dev02/Config/ch00006/Calibration_Sensor_Minimum_Range" order="0" value="0"/>
                                                <instance name="dev02/Config/ch00007/Calibration_Sensor_Minimum_Range" order="0" value="0"/>
                                                <instance name="dev01/Config/ch00001/Calibration_Sensor_Name" order="0" value="CalSensor1"/>
                                                <instance name="dev01/Config/ch00002/Calibration_Sensor_Name" order="0" value="CalSensor2"/>
                                                <instance name="dev01/Config/ch00003/minSourceWidth" order="0" value="0"/>
                                                <instance name="dev01/Config/ch00003/Calibration_Sensor_Name" order="0" value="CalSensor3"/>
                                                <instance name="dev01/Config/ch00003/enable" order="1" value="1"/>
                                                <instance name="dev01/Config/ch00003/Calibration_Sensor_Output_Units" order="0" value="m/s"/>
                                                <instance name="dev01/Config/ch00004/Calibration_Sensor_Output_Units" order="0" value="m/s"/>
                                                <instance name="dev01/Config/ch00007/Calibration_Sensor_Minimum_Range" order="0" value="0"/>
                                                <instance name="dev01/Config/ch00005/in_invert" order="0" value="0"/>
                                                <instance name="dev01/Config/ch00002/enable" order="1" value="1"/>
                                                <instance name="dev01/Config/ch00004/Calibration_Sensor_Name" order="0" value="CalSensor4"/>
                                                <instance name="dev01/Config/ch00005/Calibration_Sensor_Output_Units" order="0" value="m/s"/>
                                                <instance name="dev01/Config/ch00002/cntr_timeout" order="0" value="2"/>
                                                <instance name="dev01/Config/ch00006/Calibration_Sensor_Output_Units" order="0" value="m/s"/>
                                                <instance name="dev01/Config/ch00007/Calibration_Sensor_Output_Units" order="0" value="m/s"/>
                                                <instance name="dev02/Config/ch00001/Calibration_Sensor_Maximum_Range" order="0" value="30"/>
                                                <instance name="dev02/Config/ch00002/enable" order="1" value="1"/>
                                                <instance name="dev01/Config/ch00008/Calibration_Sensor_Output_Units" order="0" value="m/s"/>
                                            </attributes>
                                        </instance>
                                    </serial-numbers>
                                </instance>
                                <instance name="UEI-009">
                                    <serial-numbers>
                                        <instance name="00219991" backbone-config-data="13,239.255.0.13,239.255.0.1,5" logicalid="UE219991" node-config-data="1.0,1.0,map,1.0,rtehost:6603/channelmap 1.0,1.0,attrv,1.0,rtehost:6603/UE219991">
                                            <attributes>
                                                <instance name="dev01/Config/ch00001/enable" order="1" value="1"/>
                                                <instance name="dev01/Config/ch00002/rate" order="0" value="200"/>
                                                <instance name="dev01/Config/ch00004/Calibration_Sensor_Table_Type" order="2" value="0"/>
                                                <instance name="dev02/Config/ch00003/enable" order="1" value="1"/>
                                                <instance name="dev01/Config/ch00002/mv_avg" order="0" value="0"/>
                                                <instance name="dev01/Config/ch00002/adaptive_threshold" order="0" value="0"/>
                                                <instance name="dev01/Config/ch00003/adaptive_threshold" order="0" value="0"/>
                                                <instance name="dev01/Config/ch00002/Calibration_Sensor_Maximum_Range" order="0" value="1000000"/>
                                                <instance name="dev01/Config/ch00004/adaptive_threshold" order="0" value="0"/>
                                                <instance name="dev01/Config/ch00001/Calibration_Sensor_Curve" order="0" value="&quot;{0,0}{1,0.0333333}&quot;"/>
                                                <instance name="dev01/Config/ch00002/Calibration_Sensor_Input_Units" order="0" value="Hz"/>
                                                <instance name="dev01/Config/ch00005/adaptive_threshold" order="0" value="0"/>
                                                <instance name="dev02/Config/ch00001/rate" order="0" value="200"/>
                                                <instance name="dev01/Config/ch00004/enable" order="1" value="1"/>
                                                <instance name="dev01/Config/ch00006/Calibration_Sensor_Table_Type" order="2" value="0"/>
                                                <instance name="dev01/Config/ch00002/num_teeth" order="0" value="2"/>
                                                <instance name="dev01/Config/ch00006/adaptive_threshold" order="0" value="0"/>
                                                <instance name="dev01/Config/ch00001/apt_th" order="0" value="1"/>
                                                <instance name="dev01/Config/ch00005/Calibration_Sensor_Calibration_Date" order="0" value="2020-01-01"/>
                                                <instance name="dev01/Config/ch00003/Calibration_Sensor_Maximum_Range" order="0" value="1000000"/>
                                                <instance name="dev01/Config/ch00002/apt_th" order="0" value="1"/>
                                                <instance name="dev01/Config/ch00003/apt_th" order="0" value="1"/>
                                                <instance name="dev01/Config/ch00005/Calibration_Sensor_Table_Type" order="2" value="0"/>
                                                <instance name="dev01/Config/ch00002/timed_rate" order="0" value="0.1"/>
                                                <instance name="dev01/Config/ch00002/Calibration_Sensor_Curve" order="0" value="&quot;{0,0}{1,0.0333333}&quot;"/>
                                                <instance name="dev01/Config/ch00004/apt_th" order="0" value="1"/>
                                                <instance name="dev01/Config/ch00003/front_cfg" order="0" value="0"/>
                                                <instance name="dev02/Config/ch00004/enable" order="1" value="1"/>
                                                <instance name="dev01/Config/ch00005/apt_th" order="0" value="1"/>
                                                <instance name="dev01/Config/ch00004/Calibration_Sensor_Input_Units" order="0" value="Hz"/>
                                                <instance name="dev01/Config/ch00006/apt_th" order="0" value="1"/>
                                                <instance name="dev01/Config/ch00007/enable" order="1" value="1"/>
                                                <instance name="dev01/Config/ch00006/rate" order="0" value="200"/>
                                                <instance name="dev01/Config/ch00001/apt_div" order="0" value="2"/>
                                                <instance name="dev01/Config/ch00004/front_cfg" order="0" value="0"/>
                                                <instance name="dev01/Config/ch00002/apt_div" order="0" value="2"/>
                                                <instance name="dev01/Config/ch00003/enable" order="1" value="1"/>
                                                <instance name="dev01/Config/ch00003/apt_div" order="0" value="2"/>
                                                <instance name="dev01/Config/ch00005/enable" order="1" value="1"/>
                                                <instance name="dev01/Config/ch00006/Calibration_Sensor_Calibration_Date" order="0" value="2020-01-01"/>
                                                <instance name="dev01/Config/ch00004/apt_div" order="0" value="2"/>
                                                <instance name="dev01/Config/ch00003/Calibration_Sensor_Input_Units" order="0" value="Hz"/>
                                                <instance name="dev01/Config/ch00003/mv_avg" order="0" value="0"/>
                                                <instance name="dev01/Config/ch00004/Calibration_Sensor_Maximum_Range" order="0" value="1000000"/>
                                                <instance name="dev01/Config/ch00003/num_teeth" order="0" value="2"/>
                                                <instance name="dev01/Config/ch00003/timed_rate" order="0" value="0.1"/>
                                                <instance name="dev01/Config/ch00005/apt_div" order="0" value="2"/>
                                                <instance name="dev01/Config/ch00006/apt_div" order="0" value="2"/>
                                                <instance name="dev01/Config/ch00001/cntr_latch" order="0" value="1"/>
                                                <instance name="dev02/Config/ch00006/rate" order="0" value="200"/>
                                                <instance name="dev01/Config/ch00007/rate" order="0" value="200"/>
                                                <instance name="dev02/Config/ch00005/enable" order="1" value="1"/>
                                                <instance name="dev01/Config/ch00002/cntr_latch" order="0" value="1"/>
                                                <instance name="dev01/Config/ch00003/cntr_latch" order="0" value="1"/>
                                                <instance name="dev01/Config/ch00004/cntr_latch" order="0" value="1"/>
                                                <instance name="dev01/Config/ch00001/front_cfg" order="0" value="0"/>
                                                <instance name="dev01/Config/ch00005/Calibration_Sensor_Input_Units" order="0" value="Hz"/>
                                                <instance name="dev01/Config/ch00008/enable" order="1" value="1"/>
                                                <instance name="dev01/Config/ch00004/timed_rate" order="0" value="0.1"/>
                                                <instance name="dev02/Config/ch00008/enable" order="1" value="1"/>
                                                <instance name="dev02/Config/ch00002/enable" order="1" value="1"/>
                                                <instance name="dev02/Config/ch00008/rate" order="0" value="200"/>
                                                <instance name="dev01/Config/ch00005/timed_rate" order="0" value="0.1"/>
                                                <instance name="dev01/Config/ch00006/timed_rate" order="0" value="0.1"/>
                                                <instance name="dev01/Config/ch00006/cntr_latch" order="0" value="1"/>
                                                <instance name="dev01/Config/ch00005/Calibration_Sensor_Maximum_Range" order="0" value="1000000"/>
                                                <instance name="dev01/Config/ch00003/rate" order="0" value="200"/>
                                                <instance name="dev01/Config/ch00001/zc_level" order="0" value="0"/>
                                                <instance name="dev01/Config/ch00003/Calibration_Sensor_Calibration_Date" order="0" value="2020-01-01"/>
                                                <instance name="dev01/Config/ch00002/zc_level" order="0" value="0"/>
                                                <instance name="dev01/Config/ch00003/zc_level" order="0" value="0"/>
                                                <instance name="dev01/Config/ch00005/cntr_latch" order="0" value="1"/>
                                                <instance name="dev02/Config/ch00003/rate" order="0" value="200"/>
                                                <instance name="dev01/Config/ch00004/zc_level" order="0" value="0"/>
                                                <instance name="dev01/Config/ch00001/Calibration_Sensor_Input_Units" order="0" value="Hz"/>
                                                <instance name="dev01/Config/ch00006/enable" order="1" value="1"/>
                                                <instance name="dev01/Config/ch00005/zc_level" order="0" value="0"/>
                                                <instance name="dev01/Config/ch00004/Calibration_Sensor_Calibration_Date" order="0" value="2020-01-01"/>
                                                <instance name="dev01/Config/ch00006/zc_level" order="0" value="0"/>
                                                <instance name="dev01/Config/ch00004/mv_avg" order="0" value="0"/>
                                                <instance name="dev01/Config/ch00001/z_tooth_sz" order="0" value="0"/>
                                                <instance name="dev02/Config/ch00001/enable" order="1" value="1"/>
                                                <instance name="dev01/Config/ch00004/num_teeth" order="0" value="1"/>
                                                <instance name="dev01/Config/ch00001/rate" order="0" value="200"/>
                                                <instance name="dev01/Config/ch00002/z_tooth_sz" order="0" value="0"/>
                                                <instance name="dev02/Config/ch00002/rate" order="0" value="200"/>
                                                <instance name="dev01/Config/ch00004/Calibration_Sensor_Curve" order="0" value="&quot;{0,0}{1,0.01666667}&quot;"/>
                                                <instance name="dev01/Config/adc_rate" order="1" value="20000"/>
                                                <instance name="dev01/Config/ch00006/Calibration_Sensor_Input_Units" order="0" value="Hz"/>
                                                <instance name="dev01/Config/ch00006/Calibration_Sensor_Maximum_Range" order="0" value="1000000"/>
                                                <instance name="dev01/Config/ch00003/z_tooth_sz" order="0" value="0"/>
                                                <instance name="dev01/Config/ch00004/z_tooth_sz" order="0" value="0"/>
                                                <instance name="dev01/Config/ch00005/z_tooth_sz" order="0" value="0"/>
                                                <instance name="dev01/Config/ch00003/Calibration_Sensor_Curve" order="0" value="&quot;{0,0}{1,0.0333333}&quot;"/>
                                                <instance name="dev01/Config/ch00005/mv_avg" order="0" value="0"/>
                                                <instance name="dev01/Config/ch00002/front_cfg" order="0" value="0"/>
                                                <instance name="dev01/Config/ch00006/z_tooth_sz" order="0" value="0"/>
                                                <instance name="dev01/Config/ch00001/cntr_timeout" order="0" value="5"/>
                                                <instance name="dev01/Config/ch00002/cntr_timeout" order="0" value="5"/>
                                                <instance name="dev01/Config/ch00003/cntr_timeout" order="0" value="5"/>
                                                <instance name="dev01/Config/ch00006/cntr_timeout" order="0" value="5"/>
                                                <instance name="dev02/Config/ch00004/rate" order="0" value="200"/>
                                                <instance name="dev01/Config/ch00001/Calibration_Sensor_Minimum_Range" order="0" value="-1000000"/>
                                                <instance name="dev01/Config/ch00002/Calibration_Sensor_Minimum_Range" order="0" value="-1000000"/>
                                                <instance name="dev01/Config/ch00005/num_teeth" order="0" value="2"/>
                                                <instance name="dev01/Config/ch00003/Calibration_Sensor_Minimum_Range" order="0" value="-1000000"/>
                                                <instance name="dev01/Config/ch00006/front_cfg" order="0" value="0"/>
                                                <instance name="dev01/Config/ch00006/mv_avg" order="0" value="0"/>
                                                <instance name="dev01/Config/ch00004/Calibration_Sensor_Minimum_Range" order="0" value="-1000000"/>
                                                <instance name="dev01/Config/ch00005/Calibration_Sensor_Minimum_Range" order="0" value="-1000000"/>
                                                <instance name="dev01/Config/ch00005/cntr_timeout" order="0" value="5"/>
                                                <instance name="dev02/Config/adc_rate" order="1" value="20000"/>
                                                <instance name="dev01/Config/ch00004/rate" order="0" value="200"/>
                                                <instance name="dev01/Config/ch00006/Calibration_Sensor_Minimum_Range" order="0" value="-1000000"/>
                                                <instance name="dev02/Config/ch00006/enable" order="1" value="1"/>
                                                <instance name="dev01/Config/ch00006/num_teeth" order="0" value="2"/>
                                                <instance name="dev01/Config/ch00001/Calibration_Sensor_Name" order="0" value="CalSensor1"/>
                                                <instance name="dev01/Config/ch00002/Calibration_Sensor_Name" order="0" value="CalSensor2"/>
                                                <instance name="dev01/Config/ch00004/cntr_timeout" order="0" value="5"/>
                                                <instance name="dev01/Config/ch00001/mv_avg" order="0" value="0"/>
                                                <instance name="dev01/Config/ch00003/Calibration_Sensor_Name" order="0" value="CalSensor3"/>
                                                <instance name="dev01/Config/ch00008/rate" order="0" value="200"/>
                                                <instance name="dev01/Config/ch00001/Calibration_Sensor_Calibration_Date" order="0" value="2020-01-01"/>
                                                <instance name="dev01/Config/ch00004/Calibration_Sensor_Name" order="0" value="CalSensor4"/>
                                                <instance name="dev02/Config/ch00007/enable" order="1" value="1"/>
                                                <instance name="dev01/Config/ch00005/Calibration_Sensor_Name" order="0" value="CalSensor5"/>
                                                <instance name="dev02/Config/ch00007/rate" order="0" value="200"/>
                                                <instance name="dev01/Config/ch00005/Calibration_Sensor_Curve" order="0" value="&quot;{0,0}{1,0.0333333}&quot;"/>
                                                <instance name="dev01/Config/ch00006/Calibration_Sensor_Name" order="0" value="CalSensor6"/>
                                                <instance name="dev01/Config/ch00001/Calibration_Sensor_Output_Units" order="0" value="Hz"/>
                                                <instance name="dev01/Config/ch00001/Calibration_Sensor_Maximum_Range" order="0" value="1000000"/>
                                                <instance name="dev01/Config/ch00002/Calibration_Sensor_Output_Units" order="0" value="Hz"/>
                                                <instance name="dev01/Config/ch00003/Calibration_Sensor_Output_Units" order="0" value="Hz"/>
                                                <instance name="dev01/Config/ch00005/front_cfg" order="0" value="0"/>
                                                <instance name="dev01/Config/ch00005/rate" order="0" value="200"/>
                                                <instance name="dev01/Config/ch00001/num_teeth" order="0" value="2"/>
                                                <instance name="dev02/Config/ch00005/rate" order="0" value="200"/>
                                                <instance name="dev01/Config/ch00001/timed_rate" order="0" value="0.1"/>
                                                <instance name="dev01/Config/ch00001/adaptive_threshold" order="0" value="0"/>
                                                <instance name="dev01/Config/ch00004/Calibration_Sensor_Output_Units" order="0" value="Hz"/>
                                                <instance name="dev01/Config/ch00005/Calibration_Sensor_Output_Units" order="0" value="Hz"/>
                                                <instance name="dev01/Config/ch00006/Calibration_Sensor_Output_Units" order="0" value="Hz"/>
                                                <instance name="dev01/Config/ch00002/enable" order="1" value="1"/>
                                                <instance name="dev01/Config/ch00006/Calibration_Sensor_Curve" order="0" value="&quot;{0,0}{1,0.0333333}&quot;"/>
                                                <instance name="dev01/Config/ch00002/Calibration_Sensor_Calibration_Date" order="0" value="2020-01-01"/>
                                                <instance name="dev01/Config/ch00001/Calibration_Sensor_Table_Type" order="2" value="0"/>
                                                <instance name="dev01/Config/ch00002/Calibration_Sensor_Table_Type" order="2" value="0"/>
                                                <instance name="dev01/Config/ch00003/Calibration_Sensor_Table_Type" order="2" value="0"/>
                                            </attributes>
                                        </instance>
                                        <instance name="00219990" backbone-config-data="13,239.255.0.13,239.255.0.1,5" logicalid="UE219990" node-config-data="1.0,1.0,map,1.0,rtehost:6603/channelmap 1.0,1.0,attrv,1.0,rtehost:6603/UE219990">
                                            <attributes>
                                                <instance name="dev01/Config/ch00001/enable" order="1" value="1"/>
                                                <instance name="dev01/Config/ch00006/Calibration_Sensor_Name" order="0" value="CalSensor6"/>
                                                <instance name="dev01/Config/ch00007/apt_th" order="0" value="1"/>
                                                <instance name="dev02/Config/ch00005/Calibration_Sensor_Minimum_Range" order="0" value="-1000000"/>
                                                <instance name="dev02/Config/ch00006/num_teeth" order="0" value="2"/>
                                                <instance name="dev01/Config/ch00008/apt_th" order="0" value="1"/>
                                                <instance name="dev02/Config/ch00001/apt_th" order="0" value="1"/>
                                                <instance name="dev01/Config/ch00006/enable" order="1" value="1"/>
                                                <instance name="dev01/Config/ch00007/cntr_timeout" order="0" value="5"/>
                                                <instance name="dev02/Config/ch00002/apt_th" order="0" value="1"/>
                                                <instance name="dev02/Config/ch00002/cntr_timeout" order="0" value="5"/>
                                                <instance name="dev02/Config/ch00003/apt_th" order="0" value="1"/>
                                                <instance name="dev01/Config/ch00004/mv_avg" order="0" value="0"/>
                                                <instance name="dev02/Config/ch00004/apt_th" order="0" value="1"/>
                                                <instance name="dev02/Config/ch00005/apt_th" order="0" value="1"/>
                                                <instance name="dev01/Config/ch00004/num_teeth" order="0" value="2"/>
                                                <instance name="dev02/Config/ch00004/front_cfg" order="0" value="0"/>
                                                <instance name="dev01/Config/ch00002/front_cfg" order="0" value="0"/>
                                                <instance name="dev02/Config/ch00007/num_teeth" order="0" value="2"/>
                                                <instance name="dev01/Config/ch00003/Calibration_Sensor_Minimum_Range" order="0" value="-1000000"/>
                                                <instance name="dev02/Config/ch00003/mv_avg" order="0" value="0"/>
                                                <instance name="dev02/Config/ch00006/apt_th" order="0" value="1"/>
                                                <instance name="dev02/Config/ch00007/apt_th" order="0" value="1"/>
                                                <instance name="dev01/Config/ch00007/Calibration_Sensor_Name" order="0" value="CalSensor7"/>
                                                <instance name="dev01/Config/ch00008/mv_avg" order="0" value="0"/>
                                                <instance name="dev02/Config/ch00008/apt_th" order="0" value="1"/>
                                                <instance name="dev01/Config/ch00001/apt_div" order="0" value="2"/>
                                                <instance name="dev01/Config/ch00002/apt_div" order="0" value="2"/>
                                                <instance name="dev02/Config/ch00006/Calibration_Sensor_Calibration_Date" order="0" value="2020-01-01"/>
                                                <instance name="dev02/Config/ch00003/cntr_timeout" order="0" value="5"/>
                                                <instance name="dev01/Config/ch00003/apt_div" order="0" value="2"/>
                                                <instance name="dev01/Config/ch00007/Calibration_Sensor_Minimum_Range" order="0" value="-1000000"/>
                                                <instance name="dev01/Config/ch00007/enable" order="1" value="1"/>
                                                <instance name="dev01/Config/ch00004/apt_div" order="0" value="2"/>
                                                <instance name="dev01/Config/ch00006/rate" order="0" value="200"/>
                                                <instance name="dev01/Config/ch00004/Calibration_Sensor_Minimum_Range" order="0" value="-1000000"/>
                                                <instance name="dev01/Config/ch00005/apt_div" order="0" value="2"/>
                                                <instance name="dev01/Config/ch00006/apt_div" order="0" value="2"/>
                                                <instance name="dev01/Config/ch00003/adaptive_threshold" order="0" value="0"/>
                                                <instance name="dev02/Config/ch00004/mv_avg" order="0" value="0"/>
                                                <instance name="dev02/Config/ch00007/Calibration_Sensor_Calibration_Date" order="0" value="2020-01-01"/>
                                                <instance name="dev01/Config/ch00007/apt_div" order="0" value="2"/>
                                                <instance name="dev01/Config/ch00008/apt_div" order="0" value="2"/>
                                                <instance name="dev02/Config/ch00001/apt_div" order="0" value="2"/>
                                                <instance name="dev02/Config/ch00008/mv_avg" order="0" value="0"/>
                                                <instance name="dev01/Config/ch00008/Calibration_Sensor_Name" order="0" value="CalSensor8"/>
                                                <instance name="dev02/Config/ch00008/num_teeth" order="0" value="2"/>
                                                <instance name="dev02/Config/ch00002/apt_div" order="0" value="2"/>
                                                <instance name="dev02/Config/ch00003/front_cfg" order="0" value="0"/>
                                                <instance name="dev02/Config/ch00003/apt_div" order="0" value="2"/>
                                                <instance name="dev02/Config/ch00004/apt_div" order="0" value="2"/>
                                                <instance name="dev02/Config/ch00002/enable" order="1" value="1"/>
                                                <instance name="dev02/Config/ch00008/Calibration_Sensor_Calibration_Date" order="0" value="2020-01-01"/>
                                                <instance name="dev02/Config/ch00005/apt_div" order="0" value="2"/>
                                                <instance name="dev01/Config/ch00004/adaptive_threshold" order="0" value="0"/>
                                                <instance name="dev01/Config/ch00008/enable" order="1" value="1"/>
                                                <instance name="dev02/Config/ch00001/Calibration_Sensor_Name" order="0" value="CalSensor9"/>
                                                <instance name="dev02/Config/ch00006/apt_div" order="0" value="2"/>
                                                <instance name="dev02/Config/ch00007/apt_div" order="0" value="2"/>
                                                <instance name="dev01/Config/ch00001/timed_rate" order="0" value="0.1"/>
                                                <instance name="dev02/Config/ch00005/mv_avg" order="0" value="0"/>
                                                <instance name="dev02/Config/ch00008/apt_div" order="0" value="2"/>
                                                <instance name="dev01/Config/ch00001/cntr_latch" order="0" value="1"/>
                                                <instance name="dev01/Config/ch00002/cntr_latch" order="0" value="1"/>
                                                <instance name="dev01/Config/ch00006/num_teeth" order="0" value="2"/>
                                                <instance name="dev02/Config/ch00004/cntr_timeout" order="0" value="5"/>
                                                <instance name="dev01/Config/ch00003/cntr_latch" order="0" value="1"/>
                                                <instance name="dev01/Config/ch00006/adaptive_threshold" order="0" value="0"/>
                                                <instance name="dev01/Config/ch00002/mv_avg" order="0" value="0"/>
                                                <instance name="dev01/Config/ch00005/adaptive_threshold" order="0" value="0"/>
                                                <instance name="dev01/Config/ch00004/cntr_latch" order="0" value="1"/>
                                                <instance name="dev01/Config/ch00005/cntr_latch" order="0" value="1"/>
                                                <instance name="dev01/Config/ch00005/rate" order="0" value="200"/>
                                                <instance name="dev01/Config/ch00006/cntr_latch" order="0" value="1"/>
                                                <instance name="dev01/Config/ch00007/cntr_latch" order="0" value="1"/>
                                                <instance name="dev02/Config/ch00001/enable" order="1" value="1"/>
                                                <instance name="dev02/Config/ch00004/z_tooth_sz" order="0" value="0"/>
                                                <instance name="dev01/Config/ch00008/cntr_latch" order="0" value="1"/>
                                                <instance name="dev02/Config/ch00006/enable" order="1" value="1"/>
                                                <instance name="dev02/Config/ch00006/mv_avg" order="0" value="0"/>
                                                <instance name="dev02/Config/ch00001/cntr_latch" order="0" value="1"/>
                                                <instance name="dev02/Config/ch00002/cntr_latch" order="0" value="1"/>
                                                <instance name="dev02/Config/ch00005/cntr_timeout" order="0" value="5"/>
                                                <instance name="dev01/Config/ch00004/enable" order="1" value="1"/>
                                                <instance name="dev01/Config/ch00005/Calibration_Sensor_Minimum_Range" order="0" value="-1000000"/>
                                                <instance name="dev01/Config/ch00002/timed_rate" order="0" value="0.1"/>
                                                <instance name="dev02/Config/ch00003/cntr_latch" order="0" value="1"/>
                                                <instance name="dev02/Config/ch00004/cntr_latch" order="0" value="1"/>
                                                <instance name="dev01/Config/ch00001/Calibration_Sensor_Curve" order="0" value="&quot;{0,0}{1,0.0333333}&quot;"/>
                                                <instance name="dev01/Config/ch00003/enable" order="1" value="1"/>
                                                <instance name="dev02/Config/ch00005/cntr_latch" order="0" value="1"/>
                                                <instance name="dev02/Config/ch00006/cntr_latch" order="0" value="1"/>
                                                <instance name="dev02/Config/ch00007/cntr_latch" order="0" value="1"/>
                                                <instance name="dev02/Config/ch00008/cntr_latch" order="0" value="1"/>
                                                <instance name="dev01/Config/ch00001/front_cfg" order="0" value="0"/>
                                                <instance name="dev02/Config/ch00007/mv_avg" order="0" value="0"/>
                                                <instance name="dev02/Config/ch00005/enable" order="1" value="1"/>
                                                <instance name="dev01/Config/ch00003/timed_rate" order="0" value="0.1"/>
                                                <instance name="dev01/Config/ch00001/Calibration_Sensor_Minimum_Range" order="0" value="-1000000"/>
                                                <instance name="dev02/Config/ch00007/enable" order="1" value="1"/>
                                                <instance name="dev01/Config/ch00002/apt_th" order="0" value="1"/>
                                                <instance name="dev01/Config/ch00002/Calibration_Sensor_Curve" order="0" value="&quot;{0,0}{1,0.0333333}&quot;"/>
                                                <instance name="dev01/Config/ch00004/timed_rate" order="0" value="0.1"/>
                                                <instance name="dev01/Config/ch00005/timed_rate" order="0" value="0.1"/>
                                                <instance name="dev01/Config/ch00005/front_cfg" order="0" value="0"/>
                                                <instance name="dev02/Config/ch00004/rate" order="0" value="200"/>
                                                <instance name="dev01/Config/ch00006/timed_rate" order="0" value="0.1"/>
                                                <instance name="dev01/Config/ch00008/Calibration_Sensor_Minimum_Range" order="0" value="-1000000"/>
                                                <instance name="dev01/Config/ch00007/timed_rate" order="0" value="0.1"/>
                                                <instance name="dev01/Config/ch00008/timed_rate" order="0" value="0.1"/>
                                                <instance name="dev02/Config/ch00001/timed_rate" order="0" value="0.1"/>
                                                <instance name="dev02/Config/ch00001/Calibration_Sensor_Calibration_Date" order="0" value="2020-01-01"/>
                                                <instance name="dev01/Config/ch00004/cntr_timeout" order="0" value="5"/>
                                                <instance name="dev02/Config/ch00003/z_tooth_sz" order="0" value="0"/>
                                                <instance name="dev01/Config/ch00003/Calibration_Sensor_Curve" order="0" value="&quot;{0,0}{1,0.0333333}&quot;"/>
                                                <instance name="dev02/Config/ch00001/adaptive_threshold" order="0" value="0"/>
                                                <instance name="dev02/Config/ch00008/cntr_timeout" order="0" value="5"/>
                                                <instance name="dev02/Config/ch00002/timed_rate" order="0" value="0.1"/>
                                                <instance name="dev02/Config/ch00003/timed_rate" order="0" value="0.1"/>
                                                <instance name="dev02/Config/ch00006/cntr_timeout" order="0" value="5"/>
                                                <instance name="dev02/Config/ch00004/timed_rate" order="0" value="0.1"/>
                                                <instance name="dev02/Config/ch00005/timed_rate" order="0" value="0.1"/>
                                                <instance name="dev02/Config/ch00008/enable" order="1" value="1"/>
                                                <instance name="dev02/Config/ch00006/rate" order="0" value="200"/>
                                                <instance name="dev02/Config/ch00001/Calibration_Sensor_Minimum_Range" order="0" value="-1000000"/>
                                                <instance name="dev02/Config/ch00006/timed_rate" order="0" value="0.1"/>
                                                <instance name="dev02/Config/ch00005/adaptive_threshold" order="0" value="0"/>
                                                <instance name="dev01/Config/ch00006/front_cfg" order="0" value="0"/>
                                                <instance name="dev02/Config/ch00007/timed_rate" order="0" value="0.1"/>
                                                <instance name="dev02/Config/ch00002/adaptive_threshold" order="0" value="0"/>
                                                <instance name="dev02/Config/ch00008/timed_rate" order="0" value="0.1"/>
                                                <instance name="dev01/Config/ch00001/zc_level" order="0" value="0"/>
                                                <instance name="dev01/Config/ch00001/num_teeth" order="0" value="2"/>
                                                <instance name="dev01/Config/ch00001/Calibration_Sensor_Calibration_Date" order="0" value="2020-01-01"/>
                                                <instance name="dev02/Config/ch00002/Calibration_Sensor_Name" order="0" value="CalSensor10"/>
                                                <instance name="dev01/Config/ch00002/zc_level" order="0" value="0"/>
                                                <instance name="dev01/Config/ch00003/zc_level" order="0" value="0"/>
                                                <instance name="dev01/Config/ch00004/zc_level" order="0" value="0"/>
                                                <instance name="dev01/Config/ch00005/Calibration_Sensor_Calibration_Date" order="0" value="2020-01-01"/>
                                                <instance name="dev01/Config/ch00007/rate" order="0" value="200"/>
                                                <instance name="dev01/Config/ch00005/zc_level" order="0" value="0"/>
                                                <instance name="dev01/Config/ch00003/cntr_timeout" order="0" value="5"/>
                                                <instance name="dev01/Config/ch00006/zc_level" order="0" value="0"/>
                                                <instance name="dev01/Config/ch00007/zc_level" order="0" value="0"/>
                                                <instance name="dev02/Config/ch00001/front_cfg" order="0" value="0"/>
                                                <instance name="dev02/Config/ch00003/Calibration_Sensor_Name" order="0" value="CalSensor11"/>
                                                <instance name="dev01/Config/ch00001/rate" order="0" value="200"/>
                                                <instance name="dev01/Config/ch00002/num_teeth" order="0" value="2"/>
                                                <instance name="dev01/Config/ch00007/front_cfg" order="0" value="0"/>
                                                <instance name="dev01/Config/ch00008/zc_level" order="0" value="0"/>
                                                <instance name="dev02/Config/ch00001/zc_level" order="0" value="0"/>
                                                <instance name="dev01/Config/ch00004/Calibration_Sensor_Curve" order="0" value="&quot;{0,0}{1,0.0333333}&quot;"/>
                                                <instance name="dev01/Config/ch00002/Calibration_Sensor_Calibration_Date" order="0" value="2020-01-01"/>
                                                <instance name="dev02/Config/ch00002/zc_level" order="0" value="0"/>
                                                <instance name="dev02/Config/ch00003/zc_level" order="0" value="0"/>
                                                <instance name="dev02/Config/ch00004/zc_level" order="0" value="0"/>
                                                <instance name="dev02/Config/ch00002/Calibration_Sensor_Calibration_Date" order="0" value="2020-01-01"/>
                                                <instance name="dev02/Config/ch00002/Calibration_Sensor_Minimum_Range" order="0" value="-1000000"/>
                                                <instance name="dev02/Config/ch00005/zc_level" order="0" value="0"/>
                                                <instance name="dev01/Config/ch00008/cntr_timeout" order="0" value="5"/>
                                                <instance name="dev01/Config/ch00003/num_teeth" order="0" value="2"/>
                                                <instance name="dev02/Config/ch00006/zc_level" order="0" value="0"/>
                                                <instance name="dev02/Config/ch00007/zc_level" order="0" value="0"/>
                                                <instance name="dev01/Config/ch00003/mv_avg" order="0" value="0"/>
                                                <instance name="dev02/Config/ch00008/zc_level" order="0" value="0"/>
                                                <instance name="dev01/Config/ch00001/z_tooth_sz" order="0" value="0"/>
                                                <instance name="dev01/Config/ch00008/front_cfg" order="0" value="0"/>
                                                <instance name="dev02/Config/ch00003/rate" order="0" value="200"/>
                                                <instance name="dev01/Config/ch00002/rate" order="0" value="200"/>
                                                <instance name="dev01/Config/ch00003/Calibration_Sensor_Calibration_Date" order="0" value="2020-01-01"/>
                                                <instance name="dev01/Config/ch00002/z_tooth_sz" order="0" value="0"/>
                                                <instance name="dev01/Config/ch00003/z_tooth_sz" order="0" value="0"/>
                                                <instance name="dev02/Config/ch00003/Calibration_Sensor_Minimum_Range" order="0" value="-1000000"/>
                                                <instance name="dev01/Config/ch00003/front_cfg" order="0" value="0"/>
                                                <instance name="dev02/Config/ch00003/adaptive_threshold" order="0" value="0"/>
                                                <instance name="dev01/Config/ch00005/Calibration_Sensor_Curve" order="0" value="&quot;{0,0}{1,0.0333333}&quot;"/>
                                                <instance name="dev01/Config/ch00004/z_tooth_sz" order="0" value="0"/>
                                                <instance name="dev01/Config/ch00005/z_tooth_sz" order="0" value="0"/>
                                                <instance name="dev02/Config/ch00004/Calibration_Sensor_Name" order="0" value="CalSensor12"/>
                                                <instance name="dev01/Config/ch00006/z_tooth_sz" order="0" value="0"/>
                                                <instance name="dev01/Config/ch00007/z_tooth_sz" order="0" value="0"/>
                                                <instance name="dev01/Config/ch00008/z_tooth_sz" order="0" value="0"/>
                                                <instance name="dev02/Config/ch00001/z_tooth_sz" order="0" value="0"/>
                                                <instance name="dev02/Config/ch00002/z_tooth_sz" order="0" value="0"/>
                                                <instance name="dev01/Config/ch00004/Calibration_Sensor_Calibration_Date" order="0" value="2020-01-01"/>
                                                <instance name="dev02/Config/ch00003/enable" order="1" value="1"/>
                                                <instance name="dev01/Config/ch00006/Calibration_Sensor_Curve" order="0" value="&quot;{0,0}{1,0.0333333}&quot;"/>
                                                <instance name="dev01/Config/ch00007/adaptive_threshold" order="0" value="0"/>
                                                <instance name="dev02/Config/ch00005/front_cfg" order="0" value="0"/>
                                                <instance name="dev02/Config/ch00005/Calibration_Sensor_Name" order="0" value="CalSensor13"/>
                                                <instance name="dev01/Config/ch00007/Calibration_Sensor_Curve" order="0" value="&quot;{0,0}{1,0.0333333}&quot;"/>
                                                <instance name="dev01/Config/ch00008/Calibration_Sensor_Curve" order="0" value="&quot;{0,0}{1,0.0333333}&quot;"/>
                                                <instance name="dev02/Config/ch00005/z_tooth_sz" order="0" value="0"/>
                                                <instance name="dev02/Config/ch00001/mv_avg" order="0" value="0"/>
                                                <instance name="dev02/Config/ch00001/Calibration_Sensor_Curve" order="0" value="&quot;{0,0}{1,0.0333333}&quot;"/>
                                                <instance name="dev02/Config/ch00006/adaptive_threshold" order="0" value="0"/>
                                                <instance name="dev02/Config/ch00002/Calibration_Sensor_Curve" order="0" value="&quot;{0,0}{1,0.0333333}&quot;"/>
                                                <instance name="dev02/Config/ch00003/Calibration_Sensor_Curve" order="0" value="&quot;{0,0}{1,0.0333333}&quot;"/>
                                                <instance name="dev02/Config/ch00004/Calibration_Sensor_Curve" order="0" value="&quot;{0,0}{1,0.0333333}&quot;"/>
                                                <instance name="dev02/Config/ch00003/Calibration_Sensor_Maximum_Range" order="0" value="1000000"/>
                                                <instance name="dev02/Config/ch00006/Calibration_Sensor_Name" order="0" value="CalSensor14"/>
                                                <instance name="dev01/Config/ch00007/num_teeth" order="0" value="2"/>
                                                <instance name="dev02/Config/ch00006/Calibration_Sensor_Minimum_Range" order="0" value="-1000000"/>
                                                <instance name="dev02/Config/ch00005/Calibration_Sensor_Curve" order="0" value="&quot;{0,0}{1,0.0333333}&quot;"/>
                                                <instance name="dev01/Config/ch00008/rate" order="0" value="200"/>
                                                <instance name="dev02/Config/ch00004/Calibration_Sensor_Minimum_Range" order="0" value="-1000000"/>
                                                <instance name="dev02/Config/ch00006/Calibration_Sensor_Curve" order="0" value="&quot;{0,0}{1,0.0333333}&quot;"/>
                                                <instance name="dev02/Config/ch00007/Calibration_Sensor_Curve" order="0" value="&quot;{0,0}{1,0.0333333}&quot;"/>
                                                <instance name="dev02/Config/ch00006/front_cfg" order="0" value="0"/>
                                                <instance name="dev02/Config/ch00007/adaptive_threshold" order="0" value="0"/>
                                                <instance name="dev02/Config/ch00008/Calibration_Sensor_Curve" order="0" value="&quot;{0,0}{1,0.0333333}&quot;"/>
                                                <instance name="dev02/Config/ch00002/num_teeth" order="0" value="2"/>
                                                <instance name="dev02/Config/ch00006/z_tooth_sz" order="0" value="0"/>
                                                <instance name="dev01/Config/ch00001/Calibration_Sensor_Input_Units" order="0" value="Hz"/>
                                                <instance name="dev01/Config/ch00008/num_teeth" order="0" value="2"/>
                                                <instance name="dev01/Config/ch00002/Calibration_Sensor_Input_Units" order="0" value="Hz"/>
                                                <instance name="dev01/Config/ch00003/Calibration_Sensor_Input_Units" order="0" value="Hz"/>
                                                <instance name="dev01/Config/ch00006/Calibration_Sensor_Calibration_Date" order="0" value="2020-01-01"/>
                                                <instance name="dev02/Config/ch00007/Calibration_Sensor_Minimum_Range" order="0" value="-1000000"/>
                                                <instance name="dev01/Config/ch00004/Calibration_Sensor_Input_Units" order="0" value="Hz"/>
                                                <instance name="dev01/Config/ch00005/Calibration_Sensor_Input_Units" order="0" value="Hz"/>
                                                <instance name="dev01/Config/ch00006/Calibration_Sensor_Input_Units" order="0" value="Hz"/>
                                                <instance name="dev01/Config/ch00002/Calibration_Sensor_Name" order="0" value="CalSensor2"/>
                                                <instance name="dev01/Config/ch00005/mv_avg" order="0" value="0"/>
                                                <instance name="dev01/Config/ch00007/Calibration_Sensor_Input_Units" order="0" value="Hz"/>
                                                <instance name="dev01/Config/ch00002/Calibration_Sensor_Minimum_Range" order="0" value="-1000000"/>
                                                <instance name="dev02/Config/ch00001/rate" order="0" value="200"/>
                                                <instance name="dev01/Config/ch00008/Calibration_Sensor_Input_Units" order="0" value="Hz"/>
                                                <instance name="dev01/Config/ch00001/cntr_timeout" order="0" value="5"/>
                                                <instance name="dev02/Config/ch00007/front_cfg" order="0" value="0"/>
                                                <instance name="dev01/Config/ch00007/Calibration_Sensor_Calibration_Date" order="0" value="2020-01-01"/>
                                                <instance name="dev02/Config/ch00007/z_tooth_sz" order="0" value="0"/>
                                                <instance name="dev02/Config/ch00001/Calibration_Sensor_Input_Units" order="0" value="Hz"/>
                                                <instance name="dev02/Config/ch00002/Calibration_Sensor_Input_Units" order="0" value="Hz"/>
                                                <instance name="dev02/Config/ch00007/Calibration_Sensor_Name" order="0" value="CalSensor15"/>
                                                <instance name="dev02/Config/ch00005/rate" order="0" value="200"/>
                                                <instance name="dev02/Config/ch00003/Calibration_Sensor_Input_Units" order="0" value="Hz"/>
                                                <instance name="dev02/Config/ch00004/Calibration_Sensor_Input_Units" order="0" value="Hz"/>
                                                <instance name="dev02/Config/ch00005/Calibration_Sensor_Input_Units" order="0" value="Hz"/>
                                                <instance name="dev01/Config/ch00005/enable" order="1" value="1"/>
                                                <instance name="dev02/Config/ch00006/Calibration_Sensor_Input_Units" order="0" value="Hz"/>
                                                <instance name="dev01/Config/ch00006/Calibration_Sensor_Minimum_Range" order="0" value="-1000000"/>
                                                <instance name="dev01/Config/ch00008/Calibration_Sensor_Calibration_Date" order="0" value="2020-01-01"/>
                                                <instance name="dev02/Config/ch00007/Calibration_Sensor_Input_Units" order="0" value="Hz"/>
                                                <instance name="dev02/Config/ch00008/Calibration_Sensor_Input_Units" order="0" value="Hz"/>
                                                <instance name="dev02/Config/ch00001/cntr_timeout" order="0" value="5"/>
                                                <instance name="dev01/Config/ch00001/Calibration_Sensor_Maximum_Range" order="0" value="1000000"/>
                                                <instance name="dev02/Config/ch00002/rate" order="0" value="200"/>
                                                <instance name="dev02/Config/ch00008/z_tooth_sz" order="0" value="0"/>
                                                <instance name="dev02/Config/ch00008/front_cfg" order="0" value="0"/>
                                                <instance name="dev02/Config/ch00008/Calibration_Sensor_Minimum_Range" order="0" value="-1000000"/>
                                                <instance name="dev01/Config/ch00002/Calibration_Sensor_Maximum_Range" order="0" value="1000000"/>
                                                <instance name="dev01/Config/ch00003/Calibration_Sensor_Maximum_Range" order="0" value="1000000"/>
                                                <instance name="dev02/Config/ch00008/adaptive_threshold" order="0" value="0"/>
                                                <instance name="dev01/Config/ch00003/rate" order="0" value="200"/>
                                                <instance name="dev02/Config/ch00001/num_teeth" order="0" value="2"/>
                                                <instance name="dev02/Config/ch00008/Calibration_Sensor_Name" order="0" value="CalSensor16"/>
                                                <instance name="dev01/Config/ch00004/Calibration_Sensor_Maximum_Range" order="0" value="1000000"/>
                                                <instance name="dev01/Config/ch00005/Calibration_Sensor_Maximum_Range" order="0" value="1000000"/>
                                                <instance name="dev01/Config/ch00006/Calibration_Sensor_Maximum_Range" order="0" value="1000000"/>
                                                <instance name="dev01/Config/ch00007/Calibration_Sensor_Maximum_Range" order="0" value="1000000"/>
                                                <instance name="dev01/Config/ch00008/Calibration_Sensor_Maximum_Range" order="0" value="1000000"/>
                                                <instance name="dev02/Config/ch00001/Calibration_Sensor_Maximum_Range" order="0" value="1000000"/>
                                                <instance name="dev02/Config/ch00002/Calibration_Sensor_Maximum_Range" order="0" value="1000000"/>
                                                <instance name="dev01/Config/ch00001/Calibration_Sensor_Name" order="0" value="CalSensor1"/>
                                                <instance name="dev02/Config/ch00002/front_cfg" order="0" value="0"/>
                                                <instance name="dev01/Config/ch00001/Calibration_Sensor_Output_Units" order="0" value="Hz"/>
                                                <instance name="dev01/Config/ch00005/num_teeth" order="0" value="2"/>
                                                <instance name="dev01/Config/ch00005/cntr_timeout" order="0" value="5"/>
                                                <instance name="dev01/Config/ch00002/Calibration_Sensor_Output_Units" order="0" value="Hz"/>
                                                <instance name="dev01/Config/ch00003/Calibration_Sensor_Output_Units" order="0" value="Hz"/>
                                                <instance name="dev02/Config/ch00004/Calibration_Sensor_Maximum_Range" order="0" value="1000000"/>
                                                <instance name="dev02/Config/ch00007/cntr_timeout" order="0" value="5"/>
                                                <instance name="dev02/Config/ch00007/rate" order="0" value="200"/>
                                                <instance name="dev02/Config/ch00003/num_teeth" order="0" value="2"/>
                                                <instance name="dev01/Config/ch00004/Calibration_Sensor_Output_Units" order="0" value="Hz"/>
                                                <instance name="dev01/Config/ch00005/Calibration_Sensor_Output_Units" order="0" value="Hz"/>
                                                <instance name="dev01/Config/ch00006/Calibration_Sensor_Output_Units" order="0" value="Hz"/>
                                                <instance name="dev01/Config/ch00002/adaptive_threshold" order="0" value="0"/>
                                                <instance name="dev02/Config/ch00003/Calibration_Sensor_Calibration_Date" order="0" value="2020-01-01"/>
                                                <instance name="dev01/Config/ch00003/apt_th" order="0" value="1"/>
                                                <instance name="dev01/Config/ch00007/Calibration_Sensor_Output_Units" order="0" value="Hz"/>
                                                <instance name="dev02/Config/ch00004/enable" order="1" value="1"/>
                                                <instance name="dev01/Config/ch00001/apt_th" order="0" value="1"/>
                                                <instance name="dev01/Config/ch00008/Calibration_Sensor_Output_Units" order="0" value="Hz"/>
                                                <instance name="dev02/Config/ch00001/Calibration_Sensor_Output_Units" order="0" value="Hz"/>
                                                <instance name="dev01/Config/ch00002/enable" order="1" value="1"/>
                                                <instance name="dev02/Config/ch00004/num_teeth" order="0" value="2"/>
                                                <instance name="dev02/Config/ch00002/Calibration_Sensor_Output_Units" order="0" value="Hz"/>
                                                <instance name="dev02/Config/ch00005/Calibration_Sensor_Maximum_Range" order="0" value="1000000"/>
                                                <instance name="dev02/Config/ch00003/Calibration_Sensor_Output_Units" order="0" value="Hz"/>
                                                <instance name="dev02/Config/ch00004/Calibration_Sensor_Calibration_Date" order="0" value="2020-01-01"/>
                                                <instance name="dev02/Config/ch00004/Calibration_Sensor_Output_Units" order="0" value="Hz"/>
                                                <instance name="dev02/Config/ch00005/Calibration_Sensor_Output_Units" order="0" value="Hz"/>
                                                <instance name="dev01/Config/ch00003/Calibration_Sensor_Name" order="0" value="CalSensor3"/>
                                                <instance name="dev01/Config/ch00004/apt_th" order="0" value="1"/>
                                                <instance name="dev02/Config/ch00008/rate" order="0" value="200"/>
                                                <instance name="dev02/Config/ch00006/Calibration_Sensor_Output_Units" order="0" value="Hz"/>
                                                <instance name="dev02/Config/ch00007/Calibration_Sensor_Output_Units" order="0" value="Hz"/>
                                                <instance name="dev02/Config/ch00008/Calibration_Sensor_Output_Units" order="0" value="Hz"/>
                                                <instance name="dev01/Config/ch00008/adaptive_threshold" order="0" value="0"/>
                                                <instance name="dev01/Config/ch00006/mv_avg" order="0" value="0"/>
                                                <instance name="dev01/Config/ch00001/Calibration_Sensor_Table_Type" order="2" value="0"/>
                                                <instance name="dev02/Config/ch00008/Calibration_Sensor_Maximum_Range" order="0" value="1000000"/>
                                                <instance name="dev01/Config/ch00004/rate" order="0" value="200"/>
                                                <instance name="dev01/Config/ch00004/Calibration_Sensor_Name" order="0" value="CalSensor4"/>
                                                <instance name="dev02/Config/ch00006/Calibration_Sensor_Maximum_Range" order="0" value="1000000"/>
                                                <instance name="dev01/Config/ch00002/Calibration_Sensor_Table_Type" order="2" value="0"/>
                                                <instance name="dev01/Config/ch00003/Calibration_Sensor_Table_Type" order="2" value="0"/>
                                                <instance name="dev02/Config/ch00002/mv_avg" order="0" value="0"/>
                                                <instance name="dev01/Config/ch00004/Calibration_Sensor_Table_Type" order="2" value="0"/>
                                                <instance name="dev01/Config/ch00005/Calibration_Sensor_Table_Type" order="2" value="0"/>
                                                <instance name="dev01/Config/ch00006/Calibration_Sensor_Table_Type" order="2" value="0"/>
                                                <instance name="dev01/Config/ch00004/front_cfg" order="0" value="0"/>
                                                <instance name="dev01/Config/ch00007/Calibration_Sensor_Table_Type" order="2" value="0"/>
                                                <instance name="dev02/Config/ch00004/adaptive_threshold" order="0" value="0"/>
                                                <instance name="dev01/Config/ch00005/Calibration_Sensor_Name" order="0" value="CalSensor5"/>
                                                <instance name="dev01/Config/adc_rate" order="1" value="20000"/>
                                                <instance name="dev01/Config/ch00008/Calibration_Sensor_Table_Type" order="2" value="0"/>
                                                <instance name="dev02/Config/ch00001/Calibration_Sensor_Table_Type" order="2" value="0"/>
                                                <instance name="dev01/Config/ch00007/mv_avg" order="0" value="0"/>
                                                <instance name="dev02/Config/ch00007/Calibration_Sensor_Maximum_Range" order="0" value="1000000"/>
                                                <instance name="dev01/Config/ch00006/cntr_timeout" order="0" value="5"/>
                                                <instance name="dev01/Config/ch00005/apt_th" order="0" value="1"/>
                                                <instance name="dev02/Config/ch00002/Calibration_Sensor_Table_Type" order="2" value="0"/>
                                                <instance name="dev02/Config/ch00003/Calibration_Sensor_Table_Type" order="2" value="0"/>
                                                <instance name="dev02/Config/ch00005/num_teeth" order="0" value="2"/>
                                                <instance name="dev01/Config/ch00001/mv_avg" order="0" value="0"/>
                                                <instance name="dev02/Config/ch00005/Calibration_Sensor_Calibration_Date" order="0" value="2020-01-01"/>
                                                <instance name="dev02/Config/ch00004/Calibration_Sensor_Table_Type" order="2" value="0"/>
                                                <instance name="dev02/Config/ch00005/Calibration_Sensor_Table_Type" order="2" value="0"/>
                                                <instance name="dev02/Config/ch00006/Calibration_Sensor_Table_Type" order="2" value="0"/>
                                                <instance name="dev02/Config/ch00007/Calibration_Sensor_Table_Type" order="2" value="0"/>
                                                <instance name="dev02/Config/ch00008/Calibration_Sensor_Table_Type" order="2" value="0"/>
                                                <instance name="dev02/Config/adc_rate" order="1" value="20000"/>
                                                <instance name="dev01/Config/ch00001/adaptive_threshold" order="0" value="0"/>
                                                <instance name="dev01/Config/ch00006/apt_th" order="0" value="1"/>
                                                <instance name="dev01/Config/ch00002/cntr_timeout" order="0" value="5"/>
                                            </attributes>
                                        </instance>
                                    </serial-numbers>
                                </instance>
                                <instance name="UEI-010">
                                    <serial-numbers>
                                        <instance name="00220015" backbone-config-data="13,239.255.0.13,239.255.0.1,5" logicalid="UE220015" node-config-data="1.0,1.0,map,1.0,rtehost:6603/channelmap 1.0,1.0,attrv,1.0,rtehost:6603/UE220015">
                                            <attributes>
                                                <instance name="dev01/Config/ch00001/enable" order="1" value="1"/>
                                                <instance name="dev01/Config/ch00002/zc_level" order="0" value="0"/>
                                                <instance name="dev01/Config/ch00003/rate" order="0" value="33"/>
                                                <instance name="dev01/Config/ch00001/apt_div" order="0" value="2"/>
                                                <instance name="dev01/Config/ch00001/z_tooth_sz" order="0" value="0"/>
                                                <instance name="dev01/Config/ch00002/cntr_latch" order="0" value="1"/>
                                                <instance name="dev01/Config/ch00004/rate" order="0" value="33"/>
                                                <instance name="dev01/Config/ch00008/rate" order="0" value="33"/>
                                                <instance name="dev01/Config/ch00005/enable" order="1" value="1"/>
                                                <instance name="dev01/Config/ch00005/rate" order="0" value="33"/>
                                                <instance name="dev01/Config/ch00002/adaptive_threshold" order="0" value="0"/>
                                                <instance name="dev01/Config/ch00002/mv_avg" order="0" value="0"/>
                                                <instance name="dev01/Config/ch00006/enable" order="1" value="1"/>
                                                <instance name="dev01/Config/ch00002/num_teeth" order="0" value="60"/>
                                                <instance name="dev01/Config/ch00001/rate" order="0" value="33"/>
                                                <instance name="dev01/Config/ch00002/apt_div" order="0" value="2"/>
                                                <instance name="dev01/Config/ch00001/cntr_timeout" order="0" value="2"/>
                                                <instance name="dev01/Config/ch00002/cntr_timeout" order="0" value="2"/>
                                                <instance name="dev01/Config/ch00001/front_cfg" order="0" value="0"/>
                                                <instance name="dev01/Config/ch00006/rate" order="0" value="33"/>
                                                <instance name="dev01/Config/ch00002/z_tooth_sz" order="0" value="0"/>
                                                <instance name="dev01/Config/adc_rate" order="1" value="10000"/>
                                                <instance name="dev01/Config/ch00003/enable" order="1" value="1"/>
                                                <instance name="dev01/Config/ch00002/enable" order="1" value="1"/>
                                                <instance name="dev01/Config/ch00001/apt_th" order="0" value="1"/>
                                                <instance name="dev01/Config/ch00001/timed_rate" order="0" value="0.1"/>
                                                <instance name="dev01/Config/ch00002/apt_th" order="0" value="1"/>
                                                <instance name="dev01/Config/ch00007/enable" order="1" value="1"/>
                                                <instance name="dev01/Config/ch00001/cntr_latch" order="0" value="1"/>
                                                <instance name="dev01/Config/ch00002/rate" order="0" value="33"/>
                                                <instance name="dev01/Config/ch00002/front_cfg" order="0" value="0"/>
                                                <instance name="dev01/Config/ch00004/enable" order="1" value="1"/>
                                                <instance name="dev01/Config/ch00001/mv_avg" order="0" value="0"/>
                                                <instance name="dev01/Config/ch00007/rate" order="0" value="33"/>
                                                <instance name="dev01/Config/ch00001/num_teeth" order="0" value="60"/>
                                                <instance name="dev01/Config/ch00001/adaptive_threshold" order="0" value="0"/>
                                                <instance name="dev01/Config/ch00002/timed_rate" order="0" value="0.1"/>
                                                <instance name="dev01/Config/ch00008/enable" order="1" value="1"/>
                                                <instance name="dev01/Config/ch00001/zc_level" order="0" value="0"/>
                                            </attributes>
                                        </instance>
                                    </serial-numbers>
                                </instance>
                                <instance name="UEI-011">
                                    <serial-numbers>
                                        <instance name="00220006" backbone-config-data="14,239.255.0.14,239.255.0.1,5" logicalid="UE220006" node-config-data="1.0,1.0,map,1.0,rtehost:6603/channelmap 1.0,1.0,attrv,1.0,rtehost:6603/UE220006">
                                            <attributes>
                                                <instance name="dev01/Config/ch00005/enable" order="1" value="1"/>
                                                <instance name="dev01/Config/ch00013/source" order="0" value="DO_RRDigOut01:47:b"/>
                                                <instance name="dev01/Config/ch00008/enable" order="1" value="1"/>
                                                <instance name="dev01/Config/ch00011/enable" order="1" value="1"/>
                                                <instance name="dev01/Config/ch00015/enable" order="1" value="1"/>
                                                <instance name="dev01/Config/ch00022/rate" order="0" value="200"/>
                                                <instance name="dev01/Config/ch00024/rate" order="0" value="200"/>
                                                <instance name="dev01/Config/Reference_Voltage" order="0" value="5"/>
                                                <instance name="dev01/Config/ch00005/rate" order="0" value="200"/>
                                                <instance name="dev01/Config/ch00014/source" order="0" value="DO_RRDigOut02:47:b"/>
                                                <instance name="dev01/Config/ch00013/enable" order="1" value="1"/>
                                                <instance name="dev01/Config/ch00018/enable" order="1" value="1"/>
                                                <instance name="dev01/Config/ch00003/enable" order="1" value="1"/>
                                                <instance name="dev01/Config/High_Hysteresis" order="0" value="2.6"/>
                                                <instance name="dev01/Config/ch00019/DOut" order="0" value="0"/>
                                                <instance name="dev01/Config/ch00009/rate" order="0" value="200"/>
                                                <instance name="dev01/Config/ch00010/rate" order="0" value="200"/>
                                                <instance name="dev01/Config/ch00015/source" order="0" value="DO_RRDigOut03:47:b"/>
                                                <instance name="dev01/Config/ch00019/enable" order="1" value="1"/>
                                                <instance name="dev01/Config/ch00012/enable" order="1" value="1"/>
                                                <instance name="dev01/Config/ch00001/enable" order="1" value="1"/>
                                                <instance name="dev01/Config/ch00017/enable" order="1" value="1"/>
                                                <instance name="dev01/Config/ch00013/DOut" order="0" value="0"/>
                                                <instance name="dev01/Config/ch00013/rate" order="0" value="200"/>
                                                <instance name="dev01/Config/ch00016/source" order="0" value="DO_RRDigOut04:47:b"/>
                                                <instance name="dev01/Config/ch00022/enable" order="1" value="1"/>
                                                <instance name="dev01/Config/ch00017/source" order="0" value="DO_RRDigOut05:47:b"/>
                                                <instance name="dev01/Config/ch00010/enable" order="1" value="1"/>
                                                <instance name="dev01/Config/ch00006/enable" order="1" value="1"/>
                                                <instance name="dev01/Config/ch00016/rate" order="0" value="200"/>
                                                <instance name="dev01/Config/ch00009/enable" order="1" value="1"/>
                                                <instance name="dev01/Config/ch00016/DOut" order="0" value="0"/>
                                                <instance name="dev01/Config/ch00021/enable" order="1" value="1"/>
                                                <instance name="dev01/Config/ch00002/enable" order="1" value="1"/>
                                                <instance name="dev02/Config/enable" order="1" value="1"/>
                                                <instance name="dev01/Config/ch00023/DOut" order="0" value="0"/>
                                                <instance name="dev01/Config/ch00016/enable" order="1" value="1"/>
                                                <instance name="dev01/Config/ch00007/rate" order="0" value="200"/>
                                                <instance name="dev01/Config/ch00002/rate" order="0" value="200"/>
                                                <instance name="dev01/Config/ch00007/enable" order="1" value="1"/>
                                                <instance name="dev01/Config/ch00019/source" order="0" value="DO_RRDigOut07:47:b"/>
                                                <instance name="dev01/Config/ch00006/rate" order="0" value="200"/>
                                                <instance name="dev01/Config/ch00011/rate" order="0" value="200"/>
                                                <instance name="dev01/Config/ch00024/source" order="0" value="DO_RRDigOut12:47:b"/>
                                                <instance name="dev02/Config/source" order="0" value="0"/>
                                                <instance name="dev01/Config/ch00024/enable" order="1" value="1"/>
                                                <instance name="dev01/Config/ch00018/source" order="0" value="DO_RRDigOut06:47:b"/>
                                                <instance name="dev01/Config/ch00014/rate" order="0" value="200"/>
                                                <instance name="dev01/Config/ch00022/DOut" order="0" value="0"/>
                                                <instance name="dev01/Config/ch00004/rate" order="0" value="200"/>
                                                <instance name="dev01/Config/ch00023/enable" order="1" value="1"/>
                                                <instance name="dev01/Config/ch00018/rate" order="0" value="200"/>
                                                <instance name="dev01/Config/ch00004/enable" order="1" value="1"/>
                                                <instance name="dev01/Config/ch00021/source" order="0" value="DO_RRDigOut09:47:b"/>
                                                <instance name="dev01/Config/ch00003/rate" order="0" value="200"/>
                                                <instance name="dev01/Config/ch00014/DOut" order="0" value="0"/>
                                                <instance name="dev01/Config/ch00017/rate" order="0" value="200"/>
                                                <instance name="dev01/Config/ch00012/rate" order="0" value="200"/>
                                                <instance name="dev01/Config/ch00008/rate" order="0" value="200"/>
                                                <instance name="dev01/Config/ch00018/DOut" order="0" value="0"/>
                                                <instance name="dev01/Config/ch00015/rate" order="0" value="200"/>
                                                <instance name="dev01/Config/ch00017/DOut" order="0" value="0"/>
                                                <instance name="dev01/Config/ch00021/rate" order="0" value="200"/>
                                                <instance name="dev01/Config/ch00020/rate" order="0" value="200"/>
                                                <instance name="dev02/Config/voltage_select" order="0" value="2"/>
                                                <instance name="dev01/Config/ch00023/source" order="0" value="DO_RRDigOut11:47:b"/>
                                                <instance name="dev01/Config/ch00022/source" order="0" value="DO_RRDigOut10:47:b"/>
                                                <instance name="dev01/Config/ch00019/rate" order="0" value="200"/>
                                                <instance name="dev01/Config/ch00024/DOut" order="0" value="0"/>
                                                <instance name="dev01/Config/Low_Hysteresis" order="0" value="2.4"/>
                                                <instance name="dev01/Config/ch00014/enable" order="1" value="1"/>
                                                <instance name="dev01/Config/ch00023/rate" order="0" value="200"/>
                                                <instance name="dev01/Config/enable" order="1" value="1"/>
                                                <instance name="dev01/Config/ch00015/DOut" order="0" value="0"/>
                                                <instance name="dev01/Config/ch00020/DOut" order="0" value="0"/>
                                                <instance name="dev01/Config/ch00020/source" order="0" value="DO_RRDigOut08:47:b"/>
                                                <instance name="dev01/Config/ch00020/enable" order="1" value="1"/>
                                                <instance name="dev01/Config/ch00021/DOut" order="0" value="0"/>
                                                <instance name="dev01/Config/ch00001/rate" order="0" value="200"/>
                                            </attributes>
                                        </instance>
                                        <instance name="00219985" backbone-config-data="14,239.255.0.14,239.255.0.1,5" logicalid="UE219985" node-config-data="1.0,1.0,map,1.0,rtehost:6603/channelmap 1.0,1.0,attrv,1.0,rtehost:6603/UE219985">
                                            <attributes>
                                                <instance name="dev01/Config/ch00021/enable" order="1" value="1"/>
                                                <instance name="dev01/Config/ch00011/enable" order="1" value="1"/>
                                                <instance name="dev01/Config/ch00018/source" order="0" value="UBRSOV2R:49:b"/>
                                                <instance name="dev01/Config/ch00006/enable" order="1" value="1"/>
                                                <instance name="dev01/Config/ch00012/enable" order="1" value="1"/>
                                                <instance name="dev01/Config/ch00016/DOut" order="0" value="0"/>
                                                <instance name="dev01/Config/ch00018/DOut" order="0" value="0"/>
                                                <instance name="dev01/Config/ch00010/rate" order="0" value="200"/>
                                                <instance name="dev01/Config/ch00011/rate" order="0" value="200"/>
                                                <instance name="dev01/Config/ch00013/enable" order="1" value="1"/>
                                                <instance name="dev01/Config/ch00024/enable" order="1" value="1"/>
                                                <instance name="dev01/Config/ch00009/enable" order="1" value="1"/>
                                                <instance name="dev01/Config/ch00014/enable" order="1" value="1"/>
                                                <instance name="dev01/Config/ch00020/DOut" order="0" value="0"/>
                                                <instance name="dev01/Config/ch00022/DOut" order="0" value="0"/>
                                                <instance name="dev01/Config/ch00017/rate" order="0" value="200"/>
                                                <instance name="dev01/Config/ch00018/rate" order="0" value="200"/>
                                                <instance name="dev01/Config/ch00015/enable" order="1" value="1"/>
                                                <instance name="dev01/Config/ch00008/rate" order="0" value="200"/>
                                                <instance name="dev01/Config/ch00016/enable" order="1" value="1"/>
                                                <instance name="dev01/Config/ch00024/DOut" order="0" value="0"/>
                                                <instance name="dev02/Config/source" order="0" value="0"/>
                                                <instance name="dev01/Config/ch00024/rate" order="0" value="200"/>
                                                <instance name="dev01/Config/ch00013/source" order="0" value="DO_devCube023_dev01_ch00013:49:b"/>
                                                <instance name="dev01/Config/ch00017/enable" order="1" value="1"/>
                                                <instance name="dev01/Config/ch00022/enable" order="1" value="1"/>
                                                <instance name="dev01/Config/ch00018/enable" order="1" value="1"/>
                                                <instance name="dev02/Config/enable" order="1" value="1"/>
                                                <instance name="dev01/Config/ch00001/enable" order="1" value="1"/>
                                                <instance name="dev01/Config/ch00019/source" order="0" value="UPBPRGHL:49:b"/>
                                                <instance name="dev01/Config/ch00019/enable" order="1" value="1"/>
                                                <instance name="dev01/Config/ch00006/rate" order="0" value="200"/>
                                                <instance name="dev01/Config/ch00020/enable" order="1" value="1"/>
                                                <instance name="dev01/Config/ch00003/enable" order="1" value="1"/>
                                                <instance name="dev01/Config/ch00004/enable" order="1" value="1"/>
                                                <instance name="dev01/Config/ch00024/source" order="0" value="DO_devCube023_dev01_ch00024:49:b"/>
                                                <instance name="dev01/Config/ch00004/rate" order="0" value="200"/>
                                                <instance name="dev01/Config/ch00014/rate" order="0" value="200"/>
                                                <instance name="dev01/Config/ch00005/rate" order="0" value="200"/>
                                                <instance name="dev01/Config/ch00007/enable" order="1" value="1"/>
                                                <instance name="dev01/Config/ch00014/DOut" order="0" value="0"/>
                                                <instance name="dev01/Config/ch00012/rate" order="0" value="200"/>
                                                <instance name="dev01/Config/ch00021/rate" order="0" value="200"/>
                                                <instance name="dev01/Config/ch00013/rate" order="0" value="200"/>
                                                <instance name="dev01/Config/ch00010/enable" order="1" value="1"/>
                                                <instance name="dev01/Config/ch00001/rate" order="0" value="200"/>
                                                <instance name="dev01/Config/ch00019/rate" order="0" value="200"/>
                                                <instance name="dev01/Config/ch00015/source" order="0" value="DO_devCube023_dev01_ch00015:49:b"/>
                                                <instance name="dev01/Config/ch00020/rate" order="0" value="200"/>
                                                <instance name="dev01/Config/ch00009/rate" order="0" value="200"/>
                                                <instance name="dev01/Config/ch00023/enable" order="1" value="1"/>
                                                <instance name="dev01/Config/ch00021/source" order="0" value="UPBTRGOP:49:b"/>
                                                <instance name="dev01/Config/ch00014/source" order="0" value="DO_devCube023_dev01_ch00014:49:b"/>
                                                <instance name="dev01/Config/ch00016/rate" order="0" value="200"/>
                                                <instance name="dev01/Config/ch00007/rate" order="0" value="200"/>
                                                <instance name="dev01/Config/High_Hysteresis" order="0" value="2.6"/>
                                                <instance name="dev01/Config/ch00020/source" order="0" value="UPBPRGON:49:b"/>
                                                <instance name="dev01/Config/ch00023/rate" order="0" value="200"/>
                                                <instance name="dev01/Config/ch00015/rate" order="0" value="200"/>
                                                <instance name="dev01/Config/Low_Hysteresis" order="0" value="2.4"/>
                                                <instance name="dev01/Config/ch00017/source" order="0" value="UBRSOV1R:49:b"/>
                                                <instance name="dev01/Config/ch00022/rate" order="0" value="200"/>
                                                <instance name="dev01/Config/ch00015/DOut" order="0" value="0"/>
                                                <instance name="dev01/Config/ch00023/source" order="0" value="DO_devCube023_dev01_ch00023:49:b"/>
                                                <instance name="dev01/Config/ch00016/source" order="0" value="UBUZROUT:49:b"/>
                                                <instance name="dev01/Config/ch00019/DOut" order="0" value="0"/>
                                                <instance name="dev01/Config/ch00013/DOut" order="0" value="0"/>
                                                <instance name="dev01/Config/ch00022/source" order="0" value="DO_devCube023_dev01_ch00022:49:b"/>
                                                <instance name="dev01/Config/ch00023/DOut" order="0" value="0"/>
                                                <instance name="dev01/Config/Reference_Voltage" order="0" value="5"/>
                                                <instance name="dev02/Config/voltage_select" order="0" value="2"/>
                                                <instance name="dev01/Config/ch00017/DOut" order="0" value="0"/>
                                                <instance name="dev01/Config/ch00002/enable" order="1" value="1"/>
                                                <instance name="dev01/Config/ch00021/DOut" order="0" value="0"/>
                                                <instance name="dev01/Config/ch00005/enable" order="1" value="1"/>
                                                <instance name="dev01/Config/enable" order="1" value="1"/>
                                                <instance name="dev01/Config/ch00008/enable" order="1" value="1"/>
                                                <instance name="dev01/Config/ch00002/rate" order="0" value="200"/>
                                                <instance name="dev01/Config/ch00003/rate" order="0" value="200"/>
                                            </attributes>
                                        </instance>
                                        <instance name="00219981" backbone-config-data="14,239.255.0.14,239.255.0.1,5" logicalid="UE219981" node-config-data="1.0,1.0,map,1.0,rtehost:6603/channelmap 1.0,1.0,attrv,1.0,rtehost:6603/UE219981">
                                            <attributes>
                                                <instance name="dev01/Config/ch00005/enable" order="1" value="1"/>
                                                <instance name="dev01/Config/ch00014/DOut" order="0" value="0"/>
                                                <instance name="dev01/Config/ch00008/enable" order="1" value="1"/>
                                                <instance name="dev01/Config/ch00011/enable" order="1" value="1"/>
                                                <instance name="dev01/Config/ch00015/enable" order="1" value="1"/>
                                                <instance name="dev01/Config/ch00022/rate" order="0" value="200"/>
                                                <instance name="dev01/Config/ch00024/rate" order="0" value="200"/>
                                                <instance name="dev01/Config/ch00013/source" order="0" value="DO_RRDigOut13:48:b"/>
                                                <instance name="dev01/Config/ch00005/rate" order="0" value="10"/>
                                                <instance name="dev01/Config/ch00015/DOut" order="0" value="0"/>
                                                <instance name="dev01/Config/ch00013/enable" order="1" value="1"/>
                                                <instance name="dev01/Config/ch00018/enable" order="1" value="1"/>
                                                <instance name="dev01/Config/ch00003/enable" order="1" value="1"/>
                                                <instance name="dev02/Config/enable" order="1" value="1"/>
                                                <instance name="dev01/Config/Low_Hysteresis" order="0" value="2.4"/>
                                                <instance name="dev01/Config/ch00009/rate" order="0" value="200"/>
                                                <instance name="dev01/Config/ch00010/rate" order="0" value="200"/>
                                                <instance name="dev01/Config/ch00016/DOut" order="0" value="0"/>
                                                <instance name="dev01/Config/ch00019/enable" order="1" value="1"/>
                                                <instance name="dev01/Config/ch00012/enable" order="1" value="1"/>
                                                <instance name="dev01/Config/ch00001/enable" order="1" value="1"/>
                                                <instance name="dev01/Config/ch00017/enable" order="1" value="1"/>
                                                <instance name="dev01/Config/ch00014/source" order="0" value="DO_RRDigOut14:48:b"/>
                                                <instance name="dev01/Config/ch00013/rate" order="0" value="200"/>
                                                <instance name="dev01/Config/ch00017/DOut" order="0" value="0"/>
                                                <instance name="dev01/Config/ch00022/enable" order="1" value="1"/>
                                                <instance name="dev01/Config/ch00018/DOut" order="0" value="0"/>
                                                <instance name="dev01/Config/ch00010/enable" order="1" value="1"/>
                                                <instance name="dev01/Config/ch00006/enable" order="1" value="1"/>
                                                <instance name="dev01/Config/ch00016/rate" order="0" value="200"/>
                                                <instance name="dev01/Config/ch00009/enable" order="1" value="1"/>
                                                <instance name="dev01/Config/ch00020/source" order="0" value="DO_devCube022_dev01_ch00020:48:b"/>
                                                <instance name="dev01/Config/ch00021/enable" order="1" value="1"/>
                                                <instance name="dev01/Config/ch00002/enable" order="1" value="1"/>
                                                <instance name="dev01/Config/ch00018/source" order="0" value="DO_devCube022_dev01_ch00018:48:b"/>
                                                <instance name="dev01/Config/ch00023/source" order="0" value="DO_devCube022_dev01_ch00023:48:b"/>
                                                <instance name="dev01/Config/ch00016/enable" order="1" value="1"/>
                                                <instance name="dev01/Config/ch00007/rate" order="0" value="10"/>
                                                <instance name="dev01/Config/ch00002/rate" order="0" value="200"/>
                                                <instance name="dev01/Config/ch00007/enable" order="1" value="1"/>
                                                <instance name="dev01/Config/ch00020/DOut" order="0" value="0"/>
                                                <instance name="dev01/Config/ch00006/rate" order="0" value="10"/>
                                                <instance name="dev01/Config/ch00011/rate" order="0" value="200"/>
                                                <instance name="dev02/Config/source" order="0" value="0"/>
                                                <instance name="dev01/Config/ch00013/DOut" order="0" value="0"/>
                                                <instance name="dev01/Config/ch00024/enable" order="1" value="1"/>
                                                <instance name="dev01/Config/ch00019/DOut" order="0" value="0"/>
                                                <instance name="dev01/Config/ch00014/rate" order="0" value="200"/>
                                                <instance name="dev01/Config/ch00021/source" order="0" value="DO_devCube022_dev01_ch00021:48:b"/>
                                                <instance name="dev01/Config/ch00004/rate" order="0" value="200"/>
                                                <instance name="dev01/Config/ch00023/enable" order="1" value="1"/>
                                                <instance name="dev01/Config/ch00018/rate" order="0" value="200"/>
                                                <instance name="dev01/Config/ch00004/enable" order="1" value="1"/>
                                                <instance name="dev01/Config/ch00022/DOut" order="0" value="0"/>
                                                <instance name="dev01/Config/ch00003/rate" order="0" value="200"/>
                                                <instance name="dev01/Config/ch00015/source" order="0" value="DO_RRDigOut15:48:b"/>
                                                <instance name="dev01/Config/ch00017/rate" order="0" value="200"/>
                                                <instance name="dev01/Config/ch00012/rate" order="0" value="200"/>
                                                <instance name="dev01/Config/ch00008/rate" order="0" value="10"/>
                                                <instance name="dev01/Config/ch00024/source" order="0" value="DO_devCube022_dev01_ch00024:48:b"/>
                                                <instance name="dev01/Config/ch00015/rate" order="0" value="200"/>
                                                <instance name="dev01/Config/ch00022/source" order="0" value="DO_devCube022_dev01_ch00022:48:b"/>
                                                <instance name="dev01/Config/ch00021/rate" order="0" value="200"/>
                                                <instance name="dev01/Config/ch00020/rate" order="0" value="200"/>
                                                <instance name="dev01/Config/ch00023/DOut" order="0" value="0"/>
                                                <instance name="dev01/Config/enable" order="1" value="1"/>
                                                <instance name="dev01/Config/ch00024/DOut" order="0" value="0"/>
                                                <instance name="dev01/Config/ch00019/rate" order="0" value="200"/>
                                                <instance name="dev01/Config/High_Hysteresis" order="0" value="2.6"/>
                                                <instance name="dev02/Config/voltage_select" order="0" value="2"/>
                                                <instance name="dev01/Config/ch00014/enable" order="1" value="1"/>
                                                <instance name="dev01/Config/ch00023/rate" order="0" value="200"/>
                                                <instance name="dev01/Config/Reference_Voltage" order="0" value="5"/>
                                                <instance name="dev01/Config/ch00016/source" order="0" value="DO_RRDigOut16:48:b"/>
                                                <instance name="dev01/Config/ch00017/source" order="0" value="DO_devCube022_dev01_ch00017:48:b"/>
                                                <instance name="dev01/Config/ch00021/DOut" order="0" value="0"/>
                                                <instance name="dev01/Config/ch00020/enable" order="1" value="1"/>
                                                <instance name="dev01/Config/ch00019/source" order="0" value="DO_devCube022_dev01_ch00019:48:b"/>
                                                <instance name="dev01/Config/ch00001/rate" order="0" value="200"/>
                                            </attributes>
                                        </instance>
                                    </serial-numbers>
                                </instance>
                                <instance name="UEI-013">
                                    <serial-numbers>
                                        <instance name="00219995" backbone-config-data="10,239.255.0.10,239.255.0.1,5" logicalid="UE219995" node-config-data="1.0,1.0,map,1.0,rtehost:6603/channelmap 1.0,1.0,attrv,1.0,rtehost:6603/UE219995">
                                            <attributes>
                                                <instance name="dev01/Config/ch00001/enable" order="1" value="1"/>
                                                <instance name="dev02/Config/ch00003/Calibration_Sensor_Curve" order="0" value="&quot;{0,0}{1,11.11111}&quot;"/>
                                                <instance name="dev02/Config/ch00003/Calibration_Sensor_Name" order="0" value="CalSensor7"/>
                                                <instance name="dev01/Config/ch00004/Maximum_Range" order="0" value="0.625"/>
                                                <instance name="dev01/Config/ch00001/Minimum_Range" order="0" value="-0.625"/>
                                                <instance name="dev02/Config/enable" order="1" value="1"/>
                                                <instance name="dev01/Config/ch00002/Bridge_Inputs" order="0" value="0"/>
                                                <instance name="dev02/Config/ch00002/enable" order="1" value="1"/>
                                                <instance name="dev02/Config/ch00001/Calibration_Sensor_Calibration_Date" order="0" value="2020-01-01"/>
                                                <instance name="dev01/Config/ch00002/Minimum_Range" order="0" value="-0.625"/>
                                                <instance name="dev01/Config/ch00002/Calibration_Sensor_Output_Units" order="0" value="%"/>
                                                <instance name="dev01/Config/ch00003/Minimum_Range" order="0" value="-0.625"/>
                                                <instance name="dev01/Config/ch00002/Maximum_Range" order="0" value="0.625"/>
                                                <instance name="dev02/Config/ch00001/Calibration_Sensor_Maximum_Range" order="0" value="110"/>
                                                <instance name="dev01/Config/ch00004/Minimum_Range" order="0" value="-0.625"/>
                                                <instance name="dev01/Config/ch00002/RigSlope" order="0" value="1"/>
                                                <instance name="dev02/Config/ch00001/Minimum_Range" order="0" value="-0.625"/>
                                                <instance name="dev02/Config/ch00003/Calibration_Sensor_Calibration_Date" order="0" value="2020-01-01"/>
                                                <instance name="dev01/Config/ch00002/Calibration_Sensor_Calibration_Date" order="0" value="2020-01-01"/>
                                                <instance name="dev01/Config/ch00003/enable" order="1" value="1"/>
                                                <instance name="dev02/Config/ch00002/Minimum_Range" order="0" value="-0.625"/>
                                                <instance name="dev02/Config/ch00003/Minimum_Range" order="0" value="-10"/>
                                                <instance name="dev01/Config/ch00001/MUX" order="0" value="0"/>
                                                <instance name="dev01/Config/ch00001/Calibration_Sensor_Input_Units" order="0" value="Vdc"/>
                                                <instance name="dev02/Config/ch00002/Calibration_Sensor_Name" order="0" value="CalSensor6"/>
                                                <instance name="dev01/Config/ch00002/MUX" order="0" value="0"/>
                                                <instance name="dev01/Config/ch00003/MUX" order="0" value="0"/>
                                                <instance name="dev01/Config/ch00004/SetNull" order="0" value="0"/>
                                                <instance name="dev01/Config/ch00003/RigSlope" order="0" value="1"/>
                                                <instance name="dev01/Config/ch00004/RigSlope" order="0" value="1"/>
                                                <instance name="dev01/Config/ch00002/Calibration_Sensor_Maximum_Range" order="0" value="110"/>
                                                <instance name="dev01/Config/ch00001/Exc_Bridge_Completion_Voltage" order="0" value="0.25"/>
                                                <instance name="dev02/Config/ch00002/Calibration_Sensor_Maximum_Range" order="0" value="110"/>
                                                <instance name="dev01/Config/ch00003/Exc_Level_Lo" order="0" value="-0.25"/>
                                                <instance name="dev02/Config/ch00002/Calibration_Sensor_Calibration_Date" order="0" value="2020-01-01"/>
                                                <instance name="dev02/Config/ch00001/RigSlope" order="0" value="1"/>
                                                <instance name="dev02/Config/ch00002/RigSlope" order="0" value="1"/>
                                                <instance name="dev02/Config/ch00003/RigSlope" order="0" value="1"/>
                                                <instance name="dev02/Config/ch00003/Calibration_Sensor_Maximum_Range" order="0" value="110"/>
                                                <instance name="dev02/Config/ch00004/enable" order="1" value="1"/>
                                                <instance name="dev01/Config/ch00001/RigOffset" order="0" value="0"/>
                                                <instance name="dev01/Config/ch00002/RigOffset" order="0" value="0"/>
                                                <instance name="dev01/Config/ch00003/Bridge_Inputs" order="0" value="0"/>
                                                <instance name="dev01/Config/ch00002/Calibration_Sensor_Curve" order="0" value="&quot;{0,-0.00002}{1,200.064}&quot;"/>
                                                <instance name="dev02/Config/ch00001/SetNull" order="0" value="0"/>
                                                <instance name="dev01/Config/ch00003/Exc_Bridge_Completion_Voltage" order="0" value="0.25"/>
                                                <instance name="dev01/Config/ch00001/rate" order="0" value="100"/>
                                                <instance name="dev02/Config/ch00002/SetNull" order="0" value="0"/>
                                                <instance name="dev01/Config/ch00004/Calibration_Sensor_Name" order="0" value="CalSensor4"/>
                                                <instance name="dev02/Config/ch00001/Exc_Level_Lo" order="0" value="-0.25"/>
                                                <instance name="dev01/Config/ch00001/Calibration_Sensor_Output_Units" order="0" value="%"/>
                                                <instance name="dev02/Config/ch00003/SetNull" order="0" value="0"/>
                                                <instance name="dev02/Config/ch00001/Exc_Bridge_Completion_Voltage" order="0" value="0.25"/>
                                                <instance name="dev01/Config/ch00001/SetNullLevel" order="0" value="0"/>
                                                <instance name="dev01/Config/ch00002/enable" order="1" value="1"/>
                                                <instance name="dev01/Config/ch00002/SetNullLevel" order="0" value="0"/>
                                                <instance name="dev01/Config/ch00002/Calibration_Sensor_Input_Units" order="0" value="Vdc"/>
                                                <instance name="dev01/Config/ch00003/SetNullLevel" order="0" value="0"/>
                                                <instance name="dev01/Config/ch00003/Calibration_Sensor_Output_Units" order="0" value="%"/>
                                                <instance name="dev01/Config/ch00002/Exc_Level_Lo" order="0" value="-0.25"/>
                                                <instance name="dev01/Config/ch00004/SetNullLevel" order="0" value="0"/>
                                                <instance name="dev02/Config/ch00001/SetNullLevel" order="0" value="0"/>
                                                <instance name="dev02/Config/ch00002/SetNullLevel" order="0" value="0"/>
                                                <instance name="dev01/Config/ch00002/Exc_Bridge_Completion_Voltage" order="0" value="0.25"/>
                                                <instance name="dev01/Config/ch00003/Calibration_Sensor_Curve" order="0" value="&quot;{0,-0.00002}{1,200.044}&quot;"/>
                                                <instance name="dev01/Config/ch00004/Calibration_Sensor_Curve" order="0" value="&quot;{0,-0.00002}{1,200.008}&quot;"/>
                                                <instance name="dev01/Config/ch00001/Calibration_Sensor_Minimum_Range" order="0" value="-10"/>
                                                <instance name="dev01/Config/ch00003/Calibration_Sensor_Input_Units" order="0" value="Vdc"/>
                                                <instance name="dev01/Config/ch00004/rate" order="0" value="100"/>
                                                <instance name="dev02/Config/ch00003/enable" order="1" value="1"/>
                                                <instance name="dev01/Config/ch00004/Bridge_Inputs" order="0" value="0"/>
                                                <instance name="dev01/Config/ch00003/RigOffset" order="0" value="0"/>
                                                <instance name="dev01/Config/ch00004/Calibration_Sensor_Input_Units" order="0" value="Vdc"/>
                                                <instance name="dev02/Config/ch00001/Calibration_Sensor_Input_Units" order="0" value="Vdc"/>
                                                <instance name="dev02/Config/ch00002/Calibration_Sensor_Input_Units" order="0" value="Vdc"/>
                                                <instance name="dev02/Config/ch00001/Bridge_Inputs" order="0" value="0"/>
                                                <instance name="dev02/Config/ch00002/Exc_Level_Lo" order="0" value="-0.25"/>
                                                <instance name="dev02/Config/ch00003/Calibration_Sensor_Input_Units" order="0" value="Vdc"/>
                                                <instance name="dev01/Config/ch00001/Calibration_Sensor_Maximum_Range" order="0" value="110"/>
                                                <instance name="dev02/Config/ch00001/Calibration_Sensor_Output_Units" order="0" value="%"/>
                                                <instance name="dev01/Config/ch00002/Calibration_Sensor_Minimum_Range" order="0" value="-10"/>
                                                <instance name="dev02/Config/ch00003/Exc_Level_Lo" order="0" value="-4.5"/>
                                                <instance name="dev01/Config/ch00003/Calibration_Sensor_Minimum_Range" order="0" value="-10"/>
                                                <instance name="dev02/Config/ch00003/Bridge_Completion_Voltage" order="0" value="1"/>
                                                <instance name="dev02/Config/ch00001/RigOffset" order="0" value="0"/>
                                                <instance name="dev01/Config/ch00004/Exc_Bridge_Completion_Voltage" order="0" value="0.25"/>
                                                <instance name="dev01/Config/enable" order="1" value="1"/>
                                                <instance name="dev01/Config/ch00003/rate" order="0" value="100"/>
                                                <instance name="dev01/Config/ch00004/Calibration_Sensor_Minimum_Range" order="0" value="-10"/>
                                                <instance name="dev02/Config/ch00001/Calibration_Sensor_Minimum_Range" order="0" value="-10"/>
                                                <instance name="dev02/Config/ch00002/Calibration_Sensor_Minimum_Range" order="0" value="-10"/>
                                                <instance name="dev02/Config/ch00002/Exc_Bridge_Completion_Voltage" order="0" value="0.25"/>
                                                <instance name="dev01/Config/ch00001/Calibration_Sensor_Curve" order="0" value="&quot;{0,-0.00002}{1,200.240}&quot;"/>
                                                <instance name="dev02/Config/ch00003/Calibration_Sensor_Minimum_Range" order="0" value="-10"/>
                                                <instance name="dev01/Config/ch00001/Calibration_Sensor_Name" order="0" value="CalSensor1"/>
                                                <instance name="dev01/Config/ch00002/Calibration_Sensor_Name" order="0" value="CalSensor2"/>
                                                <instance name="dev02/Config/ch00001/MUX" order="0" value="0"/>
                                                <instance name="dev02/Config/ch00003/rate" order="0" value="100"/>
                                                <instance name="dev02/Config/ch00002/Calibration_Sensor_Output_Units" order="0" value="%"/>
                                                <instance name="dev02/Config/ch00003/RigOffset" order="0" value="0"/>
                                                <instance name="dev01/Config/ch00004/Calibration_Sensor_Output_Units" order="0" value="%"/>
                                                <instance name="dev02/Config/ch00003/Calibration_Sensor_Output_Units" order="0" value="%"/>
                                                <instance name="dev01/Config/ch00004/Exc_Level_Lo" order="0" value="-0.25"/>
                                                <instance name="dev02/Config/ch00001/Calibration_Sensor_Curve" order="0" value="&quot;{0,-0.00002}{1,200.337}&quot;"/>
                                                <instance name="dev01/Config/ch00001/Calibration_Sensor_Calibration_Date" order="0" value="2020-01-01"/>
                                                <instance name="dev01/Config/ch00001/Maximum_Range" order="0" value="0.625"/>
                                                <instance name="dev01/Config/ch00001/Calibration_Sensor_Table_Type" order="2" value="0"/>
                                                <instance name="dev01/Config/ch00002/SetNull" order="0" value="0"/>
                                                <instance name="dev01/Config/ch00002/Calibration_Sensor_Table_Type" order="2" value="0"/>
                                                <instance name="dev02/Config/ch00002/MUX" order="0" value="0"/>
                                                <instance name="dev01/Config/ch00003/Calibration_Sensor_Table_Type" order="2" value="0"/>
                                                <instance name="dev02/Config/ch00002/Bridge_Inputs" order="0" value="0"/>
                                                <instance name="dev01/Config/ch00004/Calibration_Sensor_Table_Type" order="2" value="0"/>
                                                <instance name="dev01/Config/ch00003/Maximum_Range" order="0" value="0.625"/>
                                                <instance name="dev02/Config/ch00001/enable" order="1" value="1"/>
                                                <instance name="dev02/Config/ch00003/SetNullLevel" order="0" value="0"/>
                                                <instance name="dev02/Config/ch00001/Calibration_Sensor_Table_Type" order="2" value="0"/>
                                                <instance name="dev02/Config/ch00002/Calibration_Sensor_Table_Type" order="2" value="0"/>
                                                <instance name="dev02/Config/ch00003/Calibration_Sensor_Table_Type" order="2" value="0"/>
                                                <instance name="dev02/Config/ch00002/RigOffset" order="0" value="0"/>
                                                <instance name="dev02/Config/ch00004/rate" order="0" value="100"/>
                                                <instance name="dev01/Config/ch00001/Bridge_Inputs" order="0" value="0"/>
                                                <instance name="dev02/Config/ch00003/Exc_Bridge_Completion_Voltage" order="0" value="4.5"/>
                                                <instance name="dev02/Config/ch00003/Bridge_Inputs" order="0" value="0"/>
                                                <instance name="dev01/Config/ch00001/Bridge_Completion_Voltage" order="0" value="1"/>
                                                <instance name="dev01/Config/ch00004/MUX" order="0" value="0"/>
                                                <instance name="dev01/Config/ch00003/Calibration_Sensor_Maximum_Range" order="0" value="110"/>
                                                <instance name="dev02/Config/ch00003/MUX" order="0" value="0"/>
                                                <instance name="dev01/Config/ch00003/Calibration_Sensor_Name" order="0" value="CalSensor3"/>
                                                <instance name="dev01/Config/ch00002/Bridge_Completion_Voltage" order="0" value="1"/>
                                                <instance name="dev01/Config/ch00003/Bridge_Completion_Voltage" order="0" value="1"/>
                                                <instance name="dev01/Config/ch00004/Bridge_Completion_Voltage" order="0" value="1"/>
                                                <instance name="dev01/Config/ch00001/RigSlope" order="0" value="1"/>
                                                <instance name="dev01/Config/ch00003/Calibration_Sensor_Calibration_Date" order="0" value="2020-01-01"/>
                                                <instance name="dev02/Config/ch00001/Bridge_Completion_Voltage" order="0" value="1"/>
                                                <instance name="dev02/Config/ch00002/Bridge_Completion_Voltage" order="0" value="1"/>
                                                <instance name="dev02/Config/ch00002/Calibration_Sensor_Curve" order="0" value="&quot;{0,-0.00002}{1,200.268}&quot;"/>
                                                <instance name="dev02/Config/ch00001/Maximum_Range" order="0" value="0.625"/>
                                                <instance name="dev01/Config/ch00001/Exc_Level_Hi" order="0" value="0.25"/>
                                                <instance name="dev01/Config/ch00004/Calibration_Sensor_Calibration_Date" order="0" value="2020-01-01"/>
                                                <instance name="dev01/Config/ch00002/Exc_Level_Hi" order="0" value="0.25"/>
                                                <instance name="dev01/Config/ch00004/RigOffset" order="0" value="0"/>
                                                <instance name="dev02/Config/ch00001/Calibration_Sensor_Name" order="0" value="CalSensor5"/>
                                                <instance name="dev01/Config/ch00001/SetNull" order="0" value="0"/>
                                                <instance name="dev01/Config/ch00004/enable" order="1" value="1"/>
                                                <instance name="dev02/Config/ch00001/rate" order="0" value="100"/>
                                                <instance name="dev01/Config/ch00003/Exc_Level_Hi" order="0" value="0.25"/>
                                                <instance name="dev01/Config/ch00002/rate" order="0" value="100"/>
                                                <instance name="dev01/Config/ch00004/Exc_Level_Hi" order="0" value="0.25"/>
                                                <instance name="dev02/Config/ch00001/Exc_Level_Hi" order="0" value="0.25"/>
                                                <instance name="dev01/Config/ch00003/SetNull" order="0" value="0"/>
                                                <instance name="dev02/Config/ch00002/rate" order="0" value="100"/>
                                                <instance name="dev02/Config/ch00002/Exc_Level_Hi" order="0" value="0.25"/>
                                                <instance name="dev02/Config/ch00003/Exc_Level_Hi" order="0" value="4.5"/>
                                                <instance name="dev01/Config/ch00001/Exc_Level_Lo" order="0" value="-0.25"/>
                                                <instance name="dev01/Config/ch00004/Calibration_Sensor_Maximum_Range" order="0" value="110"/>
                                                <instance name="dev02/Config/ch00002/Maximum_Range" order="0" value="0.625"/>
                                                <instance name="dev02/Config/ch00003/Maximum_Range" order="0" value="10"/>
                                            </attributes>
                                        </instance>
                                    </serial-numbers>
                                </instance>
                                <instance name="UEI-014">
                                    <serial-numbers>
                                        <instance name="00219997" backbone-config-data="10,239.255.0.10,239.255.0.1,5" logicalid="UE219997" node-config-data="1.0,1.0,map,1.0,rtehost:6603/channelmap 1.0,1.0,attrv,1.0,rtehost:6603/UE219997">
                                            <attributes>
                                                <instance name="dev01/Config/ch00001/enable" order="1" value="1"/>
                                                <instance name="dev01/Config/ch00001/Calibration_Sensor_Calibration_Date" order="0" value="2020-01-01"/>
                                                <instance name="dev03/Config/ch00001/exc" order="0" value="1"/>
                                                <instance name="dev03/Config/ch00001/zero_crossing" order="0" value="0"/>
                                                <instance name="dev02/Config/ch00001/Calibration_Sensor_Maximum_Range" order="0" value="6.283185"/>
                                                <instance name="dev03/Config/ch00002/enable" order="1" value="1"/>
                                                <instance name="dev03/Config/ch00001/RigOffset" order="0" value="0"/>
                                                <instance name="dev03/Config/ch00002/zero_crossing" order="0" value="0"/>
                                                <instance name="dev01/Config/ch00001/RigSlope" order="0" value="1"/>
                                                <instance name="dev01/Config/ch00002/RigSlope" order="0" value="1"/>
                                                <instance name="dev02/Config/ch00001/RigSlope" order="0" value="1"/>
                                                <instance name="dev02/Config/ch00002/Calibration_Sensor_Curve" order="0" value="&quot;{0,-180}{1,57.29577}&quot;"/>
                                                <instance name="dev01/Config/ch00002/Calibration_Sensor_Calibration_Date" order="0" value="2020-01-01"/>
                                                <instance name="dev02/Config/ch00002/enable" order="1" value="1"/>
                                                <instance name="dev03/Config/ch00002/RigOffset" order="0" value="0"/>
                                                <instance name="dev01/Config/ch00001/IO" order="0" value="0"/>
                                                <instance name="dev02/Config/ch00002/Calibration_Sensor_Maximum_Range" order="0" value="6.283185"/>
                                                <instance name="dev01/Config/ch00001/RigOffset" order="0" value="0"/>
                                                <instance name="dev03/Config/ch00002/rate" order="0" value="200"/>
                                                <instance name="dev01/Config/ch00002/IO" order="0" value="0"/>
                                                <instance name="dev01/Config/ch00001/Calibration_Sensor_Name" order="0" value="CalSensor1"/>
                                                <instance name="dev02/Config/ch00001/IO" order="0" value="0"/>
                                                <instance name="dev01/Config/ch00001/rate" order="0" value="200"/>
                                                <instance name="dev02/Config/ch00001/Calibration_Sensor_Name" order="0" value="CalSensor3"/>
                                                <instance name="dev02/Config/ch00001/Calibration_Sensor_Curve" order="0" value="&quot;{0,-180}{1,57.29577}&quot;"/>
                                                <instance name="dev02/Config/ch00002/IO" order="0" value="0"/>
                                                <instance name="dev03/Config/ch00001/IO" order="0" value="0"/>
                                                <instance name="dev03/Config/ch00002/IO" order="0" value="0"/>
                                                <instance name="dev03/Config/ch00002/Calibration_Sensor_Maximum_Range" order="0" value="6.283185"/>
                                                <instance name="dev02/Config/ch00002/RigSlope" order="0" value="1"/>
                                                <instance name="dev03/Config/ch00002/Calibration_Sensor_Curve" order="0" value="&quot;{0,-180}{1,57.29577}&quot;"/>
                                                <instance name="dev01/Config/ch00001/Calibration_Sensor_Input_Units" order="0" value="rad"/>
                                                <instance name="dev02/Config/ch00002/Calibration_Sensor_Table_Type" order="2" value="0"/>
                                                <instance name="dev01/Config/ch00001/Calibration_Sensor_Curve" order="0" value="&quot;{0,-180}{1,57.29577}&quot;"/>
                                                <instance name="dev03/Config/ch00002/exc" order="0" value="1"/>
                                                <instance name="dev03/Config/ch00001/Calibration_Sensor_Maximum_Range" order="0" value="6.283185"/>
                                                <instance name="dev01/Config/ch00002/Calibration_Sensor_Input_Units" order="0" value="rad"/>
                                                <instance name="dev02/Config/ch00001/rate" order="0" value="200"/>
                                                <instance name="dev02/Config/ch00001/Calibration_Sensor_Input_Units" order="0" value="rad"/>
                                                <instance name="dev02/Config/ch00002/Calibration_Sensor_Input_Units" order="0" value="rad"/>
                                                <instance name="dev03/Config/ch00001/rate" order="0" value="200"/>
                                                <instance name="dev01/Config/ch00002/Calibration_Sensor_Name" order="0" value="CalSensor2"/>
                                                <instance name="dev03/Config/ch00001/Calibration_Sensor_Input_Units" order="0" value="rad"/>
                                                <instance name="dev03/Config/ch00002/Calibration_Sensor_Input_Units" order="0" value="rad"/>
                                                <instance name="dev01/Config/ch00001/Calibration_Sensor_Maximum_Range" order="0" value="6.283185"/>
                                                <instance name="dev03/Config/ch00002/Calibration_Sensor_Table_Type" order="2" value="0"/>
                                                <instance name="dev02/Config/ch00002/initial_value" order="0" value="0"/>
                                                <instance name="dev02/Config/ch00001/Calibration_Sensor_Calibration_Date" order="0" value="2020-01-01"/>
                                                <instance name="dev03/Config/ch00001/Calibration_Sensor_Name" order="0" value="CalSensor5"/>
                                                <instance name="dev03/Config/ch00002/Calibration_Sensor_Name" order="0" value="CalSensor6"/>
                                                <instance name="dev01/Config/ch00002/exc_freq" order="0" value="400"/>
                                                <instance name="dev03/Config/ch00002/Calibration_Sensor_Minimum_Range" order="0" value="-6.283185"/>
                                                <instance name="dev03/Config/ch00001/initial_value" order="0" value="0"/>
                                                <instance name="dev03/Config/ch00001/Calibration_Sensor_Table_Type" order="2" value="0"/>
                                                <instance name="dev01/Config/ch00001/Calibration_Sensor_Output_Units" order="0" value="deg"/>
                                                <instance name="dev01/Config/ch00002/Calibration_Sensor_Output_Units" order="0" value="deg"/>
                                                <instance name="dev02/Config/ch00001/Calibration_Sensor_Output_Units" order="0" value="deg"/>
                                                <instance name="dev01/Config/enable" order="1" value="1"/>
                                                <instance name="dev02/Config/ch00002/Calibration_Sensor_Output_Units" order="0" value="deg"/>
                                                <instance name="dev01/Config/ch00001/type" order="0" value="0"/>
                                                <instance name="dev02/Config/ch00002/rate" order="0" value="200"/>
                                                <instance name="dev03/Config/ch00001/Calibration_Sensor_Output_Units" order="0" value="deg"/>
                                                <instance name="dev03/Config/ch00002/Calibration_Sensor_Output_Units" order="0" value="deg"/>
                                                <instance name="dev01/Config/ch00001/Calibration_Sensor_Table_Type" order="2" value="0"/>
                                                <instance name="dev02/Config/ch00002/exc_freq" order="0" value="400"/>
                                                <instance name="dev03/Config/ch00001/RigSlope" order="0" value="1"/>
                                                <instance name="dev01/Config/ch00001/Calibration_Sensor_Minimum_Range" order="0" value="-6.283185"/>
                                                <instance name="dev01/Config/ch00002/type" order="0" value="0"/>
                                                <instance name="dev02/Config/ch00001/Calibration_Sensor_Table_Type" order="2" value="0"/>
                                                <instance name="dev02/Config/ch00001/type" order="0" value="0"/>
                                                <instance name="dev01/Config/ch00001/position_average" order="0" value="0"/>
                                                <instance name="dev01/Config/ch00002/rate" order="0" value="200"/>
                                                <instance name="dev03/Config/ch00002/RigSlope" order="0" value="1"/>
                                                <instance name="dev02/Config/ch00001/exc_freq" order="0" value="400"/>
                                                <instance name="dev02/Config/ch00002/type" order="0" value="0"/>
                                                <instance name="dev03/Config/ch00001/type" order="0" value="0"/>
                                                <instance name="dev03/Config/ch00002/type" order="0" value="0"/>
                                                <instance name="dev01/Config/ch00002/Calibration_Sensor_Maximum_Range" order="0" value="6.283185"/>
                                                <instance name="dev01/Config/ch00001/exc" order="0" value="1"/>
                                                <instance name="dev03/Config/ch00001/Calibration_Sensor_Calibration_Date" order="0" value="2020-01-01"/>
                                                <instance name="dev03/Config/ch00001/exc_freq" order="0" value="400"/>
                                                <instance name="dev01/Config/ch00002/enable" order="1" value="1"/>
                                                <instance name="dev01/Config/ch00002/exc" order="0" value="1"/>
                                                <instance name="dev02/Config/ch00001/exc" order="0" value="1"/>
                                                <instance name="dev02/Config/ch00002/exc" order="0" value="1"/>
                                                <instance name="dev02/Config/ch00001/position_average" order="0" value="0"/>
                                                <instance name="dev02/Config/ch00002/Calibration_Sensor_Calibration_Date" order="0" value="2020-01-01"/>
                                                <instance name="dev02/Config/ch00001/enable" order="1" value="1"/>
                                                <instance name="dev03/Config/ch00002/exc_freq" order="0" value="400"/>
                                                <instance name="dev01/Config/ch00001/exc_freq" order="0" value="400"/>
                                                <instance name="dev03/Config/ch00001/Calibration_Sensor_Curve" order="0" value="&quot;{0,-180}{1,57.29577}&quot;"/>
                                                <instance name="dev01/Config/ch00001/exc_level" order="0" value="73.5384"/>
                                                <instance name="dev01/Config/ch00002/RigOffset" order="0" value="0"/>
                                                <instance name="dev02/Config/ch00001/Calibration_Sensor_Minimum_Range" order="0" value="-6.283185"/>
                                                <instance name="dev03/Config/ch00002/Calibration_Sensor_Calibration_Date" order="0" value="2020-01-01"/>
                                                <instance name="dev01/Config/ch00002/position_average" order="0" value="0"/>
                                                <instance name="dev01/Config/ch00002/exc_level" order="0" value="73.5384"/>
                                                <instance name="dev02/Config/ch00001/exc_level" order="0" value="73.5384"/>
                                                <instance name="dev02/Config/ch00002/exc_level" order="0" value="73.5384"/>
                                                <instance name="dev01/Config/ch00002/Calibration_Sensor_Table_Type" order="2" value="0"/>
                                                <instance name="dev03/Config/ch00001/exc_level" order="0" value="73.5384"/>
                                                <instance name="dev02/Config/enable" order="1" value="1"/>
                                                <instance name="dev02/Config/ch00002/Calibration_Sensor_Minimum_Range" order="0" value="-6.283185"/>
                                                <instance name="dev02/Config/ch00002/position_average" order="0" value="0"/>
                                                <instance name="dev03/Config/ch00002/exc_level" order="0" value="73.5384"/>
                                                <instance name="dev01/Config/ch00001/initial_value" order="0" value="0"/>
                                                <instance name="dev01/Config/ch00002/initial_value" order="0" value="0"/>
                                                <instance name="dev02/Config/ch00001/initial_value" order="0" value="0"/>
                                                <instance name="dev02/Config/ch00002/RigOffset" order="0" value="0"/>
                                                <instance name="dev01/Config/ch00002/Calibration_Sensor_Minimum_Range" order="0" value="-6.283185"/>
                                                <instance name="dev03/Config/ch00001/position_average" order="0" value="0"/>
                                                <instance name="dev03/Config/ch00002/position_average" order="0" value="0"/>
                                                <instance name="dev03/Config/enable" order="1" value="1"/>
                                                <instance name="dev03/Config/ch00002/initial_value" order="0" value="0"/>
                                                <instance name="dev02/Config/ch00002/Calibration_Sensor_Name" order="0" value="CalSensor4"/>
                                                <instance name="dev01/Config/ch00001/zero_crossing" order="0" value="0"/>
                                                <instance name="dev01/Config/ch00002/Calibration_Sensor_Curve" order="0" value="&quot;{0,-180}{1,57.29577}&quot;"/>
                                                <instance name="dev03/Config/ch00001/enable" order="1" value="1"/>
                                                <instance name="dev03/Config/ch00001/Calibration_Sensor_Minimum_Range" order="0" value="-6.283185"/>
                                                <instance name="dev02/Config/ch00001/RigOffset" order="0" value="0"/>
                                                <instance name="dev01/Config/ch00002/zero_crossing" order="0" value="0"/>
                                                <instance name="dev02/Config/ch00001/zero_crossing" order="0" value="0"/>
                                                <instance name="dev02/Config/ch00002/zero_crossing" order="0" value="0"/>
                                            </attributes>
                                        </instance>
                                        <instance name="00219969" backbone-config-data="10,239.255.0.10,239.255.0.1,5" logicalid="UE219969" node-config-data="1.0,1.0,map,1.0,rtehost:6603/channelmap 1.0,1.0,attrv,1.0,rtehost:6603/UE219969">
                                            <attributes>
                                                <instance name="dev01/Config/ch00001/enable" order="1" value="1"/>
                                                <instance name="dev01/Config/ch00001/Calibration_Sensor_Calibration_Date" order="0" value="2020-01-01"/>
                                                <instance name="dev03/Config/ch00001/exc" order="0" value="1"/>
                                                <instance name="dev03/Config/ch00001/zero_crossing" order="0" value="0"/>
                                                <instance name="dev02/Config/ch00001/Calibration_Sensor_Maximum_Range" order="0" value="6.283185"/>
                                                <instance name="dev03/Config/ch00002/enable" order="1" value="1"/>
                                                <instance name="dev03/Config/ch00001/RigOffset" order="0" value="0"/>
                                                <instance name="dev03/Config/ch00002/zero_crossing" order="0" value="0"/>
                                                <instance name="dev01/Config/ch00001/RigSlope" order="0" value="1"/>
                                                <instance name="dev01/Config/ch00002/RigSlope" order="0" value="1"/>
                                                <instance name="dev02/Config/ch00001/RigSlope" order="0" value="1"/>
                                                <instance name="dev02/Config/ch00002/Calibration_Sensor_Curve" order="0" value="&quot;{0,-180}{1,57.29577}&quot;"/>
                                                <instance name="dev01/Config/ch00002/Calibration_Sensor_Calibration_Date" order="0" value="2020-01-01"/>
                                                <instance name="dev02/Config/ch00002/enable" order="1" value="1"/>
                                                <instance name="dev03/Config/ch00002/RigOffset" order="0" value="0"/>
                                                <instance name="dev01/Config/ch00001/IO" order="0" value="0"/>
                                                <instance name="dev02/Config/ch00002/Calibration_Sensor_Maximum_Range" order="0" value="6.283185"/>
                                                <instance name="dev01/Config/ch00001/RigOffset" order="0" value="0"/>
                                                <instance name="dev03/Config/ch00002/rate" order="0" value="200"/>
                                                <instance name="dev01/Config/ch00002/IO" order="0" value="0"/>
                                                <instance name="dev01/Config/ch00001/Calibration_Sensor_Name" order="0" value="CalSensor1"/>
                                                <instance name="dev02/Config/ch00001/IO" order="0" value="0"/>
                                                <instance name="dev01/Config/ch00001/rate" order="0" value="200"/>
                                                <instance name="dev02/Config/ch00001/Calibration_Sensor_Name" order="0" value="CalSensor3"/>
                                                <instance name="dev02/Config/ch00001/Calibration_Sensor_Curve" order="0" value="&quot;{0,-180}{1,57.29577}&quot;"/>
                                                <instance name="dev02/Config/ch00002/IO" order="0" value="0"/>
                                                <instance name="dev03/Config/ch00001/IO" order="0" value="0"/>
                                                <instance name="dev03/Config/ch00002/IO" order="0" value="0"/>
                                                <instance name="dev03/Config/ch00002/Calibration_Sensor_Maximum_Range" order="0" value="6.283185"/>
                                                <instance name="dev02/Config/ch00002/RigSlope" order="0" value="1"/>
                                                <instance name="dev03/Config/ch00002/Calibration_Sensor_Curve" order="0" value="&quot;{0,-180}{1,57.29577}&quot;"/>
                                                <instance name="dev01/Config/ch00001/Calibration_Sensor_Input_Units" order="0" value="rad"/>
                                                <instance name="dev02/Config/ch00002/Calibration_Sensor_Table_Type" order="2" value="0"/>
                                                <instance name="dev01/Config/ch00001/Calibration_Sensor_Curve" order="0" value="&quot;{0,-180}{1,57.29577}&quot;"/>
                                                <instance name="dev03/Config/ch00002/exc" order="0" value="1"/>
                                                <instance name="dev03/Config/ch00001/Calibration_Sensor_Maximum_Range" order="0" value="6.283185"/>
                                                <instance name="dev01/Config/ch00002/Calibration_Sensor_Input_Units" order="0" value="rad"/>
                                                <instance name="dev02/Config/ch00001/rate" order="0" value="200"/>
                                                <instance name="dev02/Config/ch00001/Calibration_Sensor_Input_Units" order="0" value="rad"/>
                                                <instance name="dev02/Config/ch00002/Calibration_Sensor_Input_Units" order="0" value="rad"/>
                                                <instance name="dev03/Config/ch00001/rate" order="0" value="200"/>
                                                <instance name="dev01/Config/ch00002/Calibration_Sensor_Name" order="0" value="CalSensor2"/>
                                                <instance name="dev03/Config/ch00001/Calibration_Sensor_Input_Units" order="0" value="rad"/>
                                                <instance name="dev03/Config/ch00002/Calibration_Sensor_Input_Units" order="0" value="rad"/>
                                                <instance name="dev01/Config/ch00001/Calibration_Sensor_Maximum_Range" order="0" value="6.283185"/>
                                                <instance name="dev03/Config/ch00002/Calibration_Sensor_Table_Type" order="2" value="0"/>
                                                <instance name="dev02/Config/ch00002/initial_value" order="0" value="0"/>
                                                <instance name="dev02/Config/ch00001/Calibration_Sensor_Calibration_Date" order="0" value="2020-01-01"/>
                                                <instance name="dev03/Config/ch00001/Calibration_Sensor_Name" order="0" value="CalSensor5"/>
                                                <instance name="dev03/Config/ch00002/Calibration_Sensor_Name" order="0" value="CalSensor6"/>
                                                <instance name="dev01/Config/ch00002/exc_freq" order="0" value="400"/>
                                                <instance name="dev03/Config/ch00002/Calibration_Sensor_Minimum_Range" order="0" value="-6.283185"/>
                                                <instance name="dev03/Config/ch00001/initial_value" order="0" value="0"/>
                                                <instance name="dev03/Config/ch00001/Calibration_Sensor_Table_Type" order="2" value="0"/>
                                                <instance name="dev01/Config/ch00001/Calibration_Sensor_Output_Units" order="0" value="deg"/>
                                                <instance name="dev01/Config/ch00002/Calibration_Sensor_Output_Units" order="0" value="deg"/>
                                                <instance name="dev02/Config/ch00001/Calibration_Sensor_Output_Units" order="0" value="deg"/>
                                                <instance name="dev01/Config/enable" order="1" value="1"/>
                                                <instance name="dev02/Config/ch00002/Calibration_Sensor_Output_Units" order="0" value="deg"/>
                                                <instance name="dev01/Config/ch00001/type" order="0" value="0"/>
                                                <instance name="dev02/Config/ch00002/rate" order="0" value="200"/>
                                                <instance name="dev03/Config/ch00001/Calibration_Sensor_Output_Units" order="0" value="deg"/>
                                                <instance name="dev03/Config/ch00002/Calibration_Sensor_Output_Units" order="0" value="deg"/>
                                                <instance name="dev01/Config/ch00001/Calibration_Sensor_Table_Type" order="2" value="0"/>
                                                <instance name="dev02/Config/ch00002/exc_freq" order="0" value="400"/>
                                                <instance name="dev03/Config/ch00001/RigSlope" order="0" value="1"/>
                                                <instance name="dev01/Config/ch00001/Calibration_Sensor_Minimum_Range" order="0" value="-6.283185"/>
                                                <instance name="dev01/Config/ch00002/type" order="0" value="0"/>
                                                <instance name="dev02/Config/ch00001/Calibration_Sensor_Table_Type" order="2" value="0"/>
                                                <instance name="dev02/Config/ch00001/type" order="0" value="0"/>
                                                <instance name="dev01/Config/ch00001/position_average" order="0" value="0"/>
                                                <instance name="dev01/Config/ch00002/rate" order="0" value="200"/>
                                                <instance name="dev03/Config/ch00002/RigSlope" order="0" value="1"/>
                                                <instance name="dev02/Config/ch00001/exc_freq" order="0" value="400"/>
                                                <instance name="dev02/Config/ch00002/type" order="0" value="0"/>
                                                <instance name="dev03/Config/ch00001/type" order="0" value="0"/>
                                                <instance name="dev03/Config/ch00002/type" order="0" value="0"/>
                                                <instance name="dev01/Config/ch00002/Calibration_Sensor_Maximum_Range" order="0" value="6.283185"/>
                                                <instance name="dev01/Config/ch00001/exc" order="0" value="1"/>
                                                <instance name="dev03/Config/ch00001/Calibration_Sensor_Calibration_Date" order="0" value="2020-01-01"/>
                                                <instance name="dev03/Config/ch00001/exc_freq" order="0" value="400"/>
                                                <instance name="dev01/Config/ch00002/enable" order="1" value="1"/>
                                                <instance name="dev01/Config/ch00002/exc" order="0" value="1"/>
                                                <instance name="dev02/Config/ch00001/exc" order="0" value="1"/>
                                                <instance name="dev02/Config/ch00002/exc" order="0" value="1"/>
                                                <instance name="dev02/Config/ch00001/position_average" order="0" value="0"/>
                                                <instance name="dev02/Config/ch00002/Calibration_Sensor_Calibration_Date" order="0" value="2020-01-01"/>
                                                <instance name="dev02/Config/ch00001/enable" order="1" value="1"/>
                                                <instance name="dev03/Config/ch00002/exc_freq" order="0" value="400"/>
                                                <instance name="dev01/Config/ch00001/exc_freq" order="0" value="400"/>
                                                <instance name="dev03/Config/ch00001/Calibration_Sensor_Curve" order="0" value="&quot;{0,-180}{1,57.29577}&quot;"/>
                                                <instance name="dev01/Config/ch00001/exc_level" order="0" value="73.5384"/>
                                                <instance name="dev01/Config/ch00002/RigOffset" order="0" value="0"/>
                                                <instance name="dev02/Config/ch00001/Calibration_Sensor_Minimum_Range" order="0" value="-6.283185"/>
                                                <instance name="dev03/Config/ch00002/Calibration_Sensor_Calibration_Date" order="0" value="2020-01-01"/>
                                                <instance name="dev01/Config/ch00002/position_average" order="0" value="0"/>
                                                <instance name="dev01/Config/ch00002/exc_level" order="0" value="73.5384"/>
                                                <instance name="dev02/Config/ch00001/exc_level" order="0" value="73.5384"/>
                                                <instance name="dev02/Config/ch00002/exc_level" order="0" value="73.5384"/>
                                                <instance name="dev01/Config/ch00002/Calibration_Sensor_Table_Type" order="2" value="0"/>
                                                <instance name="dev03/Config/ch00001/exc_level" order="0" value="73.5384"/>
                                                <instance name="dev02/Config/enable" order="1" value="1"/>
                                                <instance name="dev02/Config/ch00002/Calibration_Sensor_Minimum_Range" order="0" value="-6.283185"/>
                                                <instance name="dev02/Config/ch00002/position_average" order="0" value="0"/>
                                                <instance name="dev03/Config/ch00002/exc_level" order="0" value="73.5384"/>
                                                <instance name="dev01/Config/ch00001/initial_value" order="0" value="0"/>
                                                <instance name="dev01/Config/ch00002/initial_value" order="0" value="0"/>
                                                <instance name="dev02/Config/ch00001/initial_value" order="0" value="0"/>
                                                <instance name="dev02/Config/ch00002/RigOffset" order="0" value="0"/>
                                                <instance name="dev01/Config/ch00002/Calibration_Sensor_Minimum_Range" order="0" value="-6.283185"/>
                                                <instance name="dev03/Config/ch00001/position_average" order="0" value="0"/>
                                                <instance name="dev03/Config/ch00002/position_average" order="0" value="0"/>
                                                <instance name="dev03/Config/enable" order="1" value="1"/>
                                                <instance name="dev03/Config/ch00002/initial_value" order="0" value="0"/>
                                                <instance name="dev02/Config/ch00002/Calibration_Sensor_Name" order="0" value="CalSensor4"/>
                                                <instance name="dev01/Config/ch00001/zero_crossing" order="0" value="0"/>
                                                <instance name="dev01/Config/ch00002/Calibration_Sensor_Curve" order="0" value="&quot;{0,-180}{1,57.29577}&quot;"/>
                                                <instance name="dev03/Config/ch00001/enable" order="1" value="1"/>
                                                <instance name="dev03/Config/ch00001/Calibration_Sensor_Minimum_Range" order="0" value="-6.283185"/>
                                                <instance name="dev02/Config/ch00001/RigOffset" order="0" value="0"/>
                                                <instance name="dev01/Config/ch00002/zero_crossing" order="0" value="0"/>
                                                <instance name="dev02/Config/ch00001/zero_crossing" order="0" value="0"/>
                                                <instance name="dev02/Config/ch00002/zero_crossing" order="0" value="0"/>
                                            </attributes>
                                        </instance>
                                        <instance name="00220027" backbone-config-data="10,239.255.0.10,239.255.0.1,5" logicalid="UE220027" node-config-data="1.0,1.0,map,1.0,rtehost:6603/channelmap 1.0,1.0,attrv,1.0,rtehost:6603/UE220027">
                                            <attributes>
                                                <instance name="dev01/Config/ch00001/enable" order="1" value="1"/>
                                                <instance name="dev01/Config/ch00001/Calibration_Sensor_Calibration_Date" order="0" value="2020-01-01"/>
                                                <instance name="dev03/Config/ch00001/exc" order="0" value="1"/>
                                                <instance name="dev03/Config/ch00001/zero_crossing" order="0" value="0"/>
                                                <instance name="dev02/Config/ch00001/Calibration_Sensor_Maximum_Range" order="0" value="6.283185"/>
                                                <instance name="dev03/Config/ch00002/enable" order="1" value="1"/>
                                                <instance name="dev03/Config/ch00001/RigOffset" order="0" value="0"/>
                                                <instance name="dev03/Config/ch00002/zero_crossing" order="0" value="0"/>
                                                <instance name="dev01/Config/ch00001/RigSlope" order="0" value="1"/>
                                                <instance name="dev01/Config/ch00002/RigSlope" order="0" value="1"/>
                                                <instance name="dev02/Config/ch00001/RigSlope" order="0" value="1"/>
                                                <instance name="dev02/Config/ch00002/Calibration_Sensor_Curve" order="0" value="&quot;{0,-180}{1,57.29577}&quot;"/>
                                                <instance name="dev01/Config/ch00002/Calibration_Sensor_Calibration_Date" order="0" value="2020-01-01"/>
                                                <instance name="dev02/Config/ch00002/enable" order="1" value="1"/>
                                                <instance name="dev03/Config/ch00002/RigOffset" order="0" value="0"/>
                                                <instance name="dev01/Config/ch00001/IO" order="0" value="0"/>
                                                <instance name="dev02/Config/ch00002/Calibration_Sensor_Maximum_Range" order="0" value="6.283185"/>
                                                <instance name="dev01/Config/ch00001/RigOffset" order="0" value="0"/>
                                                <instance name="dev03/Config/ch00002/rate" order="0" value="200"/>
                                                <instance name="dev01/Config/ch00002/IO" order="0" value="0"/>
                                                <instance name="dev01/Config/ch00001/Calibration_Sensor_Name" order="0" value="CalSensor1"/>
                                                <instance name="dev02/Config/ch00001/IO" order="0" value="0"/>
                                                <instance name="dev01/Config/ch00001/rate" order="0" value="200"/>
                                                <instance name="dev02/Config/ch00001/Calibration_Sensor_Name" order="0" value="CalSensor3"/>
                                                <instance name="dev02/Config/ch00001/Calibration_Sensor_Curve" order="0" value="&quot;{0,-180}{1,57.29577}&quot;"/>
                                                <instance name="dev02/Config/ch00002/IO" order="0" value="0"/>
                                                <instance name="dev03/Config/ch00001/IO" order="0" value="0"/>
                                                <instance name="dev03/Config/ch00002/IO" order="0" value="0"/>
                                                <instance name="dev03/Config/ch00002/Calibration_Sensor_Maximum_Range" order="0" value="6.283185"/>
                                                <instance name="dev02/Config/ch00002/RigSlope" order="0" value="1"/>
                                                <instance name="dev03/Config/ch00002/Calibration_Sensor_Curve" order="0" value="&quot;{0,-180}{1,57.29577}&quot;"/>
                                                <instance name="dev01/Config/ch00001/Calibration_Sensor_Input_Units" order="0" value="rad"/>
                                                <instance name="dev02/Config/ch00002/Calibration_Sensor_Table_Type" order="2" value="0"/>
                                                <instance name="dev01/Config/ch00001/Calibration_Sensor_Curve" order="0" value="&quot;{0,-180}{1,57.29577}&quot;"/>
                                                <instance name="dev03/Config/ch00002/exc" order="0" value="1"/>
                                                <instance name="dev03/Config/ch00001/Calibration_Sensor_Maximum_Range" order="0" value="6.283185"/>
                                                <instance name="dev01/Config/ch00002/Calibration_Sensor_Input_Units" order="0" value="rad"/>
                                                <instance name="dev02/Config/ch00001/rate" order="0" value="200"/>
                                                <instance name="dev02/Config/ch00001/Calibration_Sensor_Input_Units" order="0" value="rad"/>
                                                <instance name="dev02/Config/ch00002/Calibration_Sensor_Input_Units" order="0" value="rad"/>
                                                <instance name="dev03/Config/ch00001/rate" order="0" value="200"/>
                                                <instance name="dev01/Config/ch00002/Calibration_Sensor_Name" order="0" value="CalSensor2"/>
                                                <instance name="dev03/Config/ch00001/Calibration_Sensor_Input_Units" order="0" value="rad"/>
                                                <instance name="dev03/Config/ch00002/Calibration_Sensor_Input_Units" order="0" value="rad"/>
                                                <instance name="dev01/Config/ch00001/Calibration_Sensor_Maximum_Range" order="0" value="6.283185"/>
                                                <instance name="dev03/Config/ch00002/Calibration_Sensor_Table_Type" order="2" value="0"/>
                                                <instance name="dev02/Config/ch00002/initial_value" order="0" value="0"/>
                                                <instance name="dev02/Config/ch00001/Calibration_Sensor_Calibration_Date" order="0" value="2020-01-01"/>
                                                <instance name="dev03/Config/ch00001/Calibration_Sensor_Name" order="0" value="CalSensor5"/>
                                                <instance name="dev03/Config/ch00002/Calibration_Sensor_Name" order="0" value="CalSensor6"/>
                                                <instance name="dev01/Config/ch00002/exc_freq" order="0" value="400"/>
                                                <instance name="dev03/Config/ch00002/Calibration_Sensor_Minimum_Range" order="0" value="-6.283185"/>
                                                <instance name="dev03/Config/ch00001/initial_value" order="0" value="0"/>
                                                <instance name="dev03/Config/ch00001/Calibration_Sensor_Table_Type" order="2" value="0"/>
                                                <instance name="dev01/Config/ch00001/Calibration_Sensor_Output_Units" order="0" value="deg"/>
                                                <instance name="dev01/Config/ch00002/Calibration_Sensor_Output_Units" order="0" value="deg"/>
                                                <instance name="dev02/Config/ch00001/Calibration_Sensor_Output_Units" order="0" value="deg"/>
                                                <instance name="dev01/Config/enable" order="1" value="1"/>
                                                <instance name="dev02/Config/ch00002/Calibration_Sensor_Output_Units" order="0" value="deg"/>
                                                <instance name="dev01/Config/ch00001/type" order="0" value="0"/>
                                                <instance name="dev02/Config/ch00002/rate" order="0" value="200"/>
                                                <instance name="dev03/Config/ch00001/Calibration_Sensor_Output_Units" order="0" value="deg"/>
                                                <instance name="dev03/Config/ch00002/Calibration_Sensor_Output_Units" order="0" value="deg"/>
                                                <instance name="dev01/Config/ch00001/Calibration_Sensor_Table_Type" order="2" value="0"/>
                                                <instance name="dev02/Config/ch00002/exc_freq" order="0" value="400"/>
                                                <instance name="dev03/Config/ch00001/RigSlope" order="0" value="1"/>
                                                <instance name="dev01/Config/ch00001/Calibration_Sensor_Minimum_Range" order="0" value="-6.283185"/>
                                                <instance name="dev01/Config/ch00002/type" order="0" value="0"/>
                                                <instance name="dev02/Config/ch00001/Calibration_Sensor_Table_Type" order="2" value="0"/>
                                                <instance name="dev02/Config/ch00001/type" order="0" value="0"/>
                                                <instance name="dev01/Config/ch00001/position_average" order="0" value="0"/>
                                                <instance name="dev01/Config/ch00002/rate" order="0" value="200"/>
                                                <instance name="dev03/Config/ch00002/RigSlope" order="0" value="1"/>
                                                <instance name="dev02/Config/ch00001/exc_freq" order="0" value="400"/>
                                                <instance name="dev02/Config/ch00002/type" order="0" value="0"/>
                                                <instance name="dev03/Config/ch00001/type" order="0" value="0"/>
                                                <instance name="dev03/Config/ch00002/type" order="0" value="0"/>
                                                <instance name="dev01/Config/ch00002/Calibration_Sensor_Maximum_Range" order="0" value="6.283185"/>
                                                <instance name="dev01/Config/ch00001/exc" order="0" value="1"/>
                                                <instance name="dev03/Config/ch00001/Calibration_Sensor_Calibration_Date" order="0" value="2020-01-01"/>
                                                <instance name="dev03/Config/ch00001/exc_freq" order="0" value="400"/>
                                                <instance name="dev01/Config/ch00002/enable" order="1" value="1"/>
                                                <instance name="dev01/Config/ch00002/exc" order="0" value="1"/>
                                                <instance name="dev02/Config/ch00001/exc" order="0" value="1"/>
                                                <instance name="dev02/Config/ch00002/exc" order="0" value="1"/>
                                                <instance name="dev02/Config/ch00001/position_average" order="0" value="0"/>
                                                <instance name="dev02/Config/ch00002/Calibration_Sensor_Calibration_Date" order="0" value="2020-01-01"/>
                                                <instance name="dev02/Config/ch00001/enable" order="1" value="1"/>
                                                <instance name="dev03/Config/ch00002/exc_freq" order="0" value="400"/>
                                                <instance name="dev01/Config/ch00001/exc_freq" order="0" value="400"/>
                                                <instance name="dev03/Config/ch00001/Calibration_Sensor_Curve" order="0" value="&quot;{0,-180}{1,57.29577}&quot;"/>
                                                <instance name="dev01/Config/ch00001/exc_level" order="0" value="73.5384"/>
                                                <instance name="dev01/Config/ch00002/RigOffset" order="0" value="0"/>
                                                <instance name="dev02/Config/ch00001/Calibration_Sensor_Minimum_Range" order="0" value="-6.283185"/>
                                                <instance name="dev03/Config/ch00002/Calibration_Sensor_Calibration_Date" order="0" value="2020-01-01"/>
                                                <instance name="dev01/Config/ch00002/position_average" order="0" value="0"/>
                                                <instance name="dev01/Config/ch00002/exc_level" order="0" value="73.5384"/>
                                                <instance name="dev02/Config/ch00001/exc_level" order="0" value="73.5384"/>
                                                <instance name="dev02/Config/ch00002/exc_level" order="0" value="73.5384"/>
                                                <instance name="dev01/Config/ch00002/Calibration_Sensor_Table_Type" order="2" value="0"/>
                                                <instance name="dev03/Config/ch00001/exc_level" order="0" value="73.5384"/>
                                                <instance name="dev02/Config/enable" order="1" value="1"/>
                                                <instance name="dev02/Config/ch00002/Calibration_Sensor_Minimum_Range" order="0" value="-6.283185"/>
                                                <instance name="dev02/Config/ch00002/position_average" order="0" value="0"/>
                                                <instance name="dev03/Config/ch00002/exc_level" order="0" value="73.5384"/>
                                                <instance name="dev01/Config/ch00001/initial_value" order="0" value="0"/>
                                                <instance name="dev01/Config/ch00002/initial_value" order="0" value="0"/>
                                                <instance name="dev02/Config/ch00001/initial_value" order="0" value="0"/>
                                                <instance name="dev02/Config/ch00002/RigOffset" order="0" value="0"/>
                                                <instance name="dev01/Config/ch00002/Calibration_Sensor_Minimum_Range" order="0" value="-6.283185"/>
                                                <instance name="dev03/Config/ch00001/position_average" order="0" value="0"/>
                                                <instance name="dev03/Config/ch00002/position_average" order="0" value="0"/>
                                                <instance name="dev03/Config/enable" order="1" value="1"/>
                                                <instance name="dev03/Config/ch00002/initial_value" order="0" value="0"/>
                                                <instance name="dev02/Config/ch00002/Calibration_Sensor_Name" order="0" value="CalSensor4"/>
                                                <instance name="dev01/Config/ch00001/zero_crossing" order="0" value="0"/>
                                                <instance name="dev01/Config/ch00002/Calibration_Sensor_Curve" order="0" value="&quot;{0,-180}{1,57.29577}&quot;"/>
                                                <instance name="dev03/Config/ch00001/enable" order="1" value="1"/>
                                                <instance name="dev03/Config/ch00001/Calibration_Sensor_Minimum_Range" order="0" value="-6.283185"/>
                                                <instance name="dev02/Config/ch00001/RigOffset" order="0" value="0"/>
                                                <instance name="dev01/Config/ch00002/zero_crossing" order="0" value="0"/>
                                                <instance name="dev02/Config/ch00001/zero_crossing" order="0" value="0"/>
                                                <instance name="dev02/Config/ch00002/zero_crossing" order="0" value="0"/>
                                            </attributes>
                                        </instance>
                                    </serial-numbers>
                                </instance>
                                <instance name="UEI-015">
                                    <serial-numbers>
                                        <instance name="00220020" backbone-config-data="10,239.255.0.10,239.255.0.1,5" logicalid="UE220020" node-config-data="1.0,1.0,map,1.0,rtehost:6603/channelmap 1.0,1.0,attrv,1.0,rtehost:6603/UE220020">
                                            <attributes>
                                                <instance name="dev01/Config/ch00001/enable" order="1" value="1"/>
                                                <instance name="dev01/Config/ch00008/rate" order="0" value="10"/>
                                                <instance name="dev01/Config/ch00008/EnableCB" order="0" value="1"/>
                                                <instance name="dev01/Config/ch00023/Calibration_Sensor_Minimum_Range" order="0" value="-10"/>
                                                <instance name="dev01/Config/ch00022/Calibration_Sensor_Curve" order="0" value="&quot;{0,770}{1,2.5}&quot;"/>
                                                <instance name="dev01/Config/ch00006/Calibration_Sensor_Calibration_Date" order="0" value="2020-01-01"/>
                                                <instance name="dev01/Config/ch00017/Maximum_Range" order="0" value="24"/>
                                                <instance name="dev01/Config/ch00009/enable" order="1" value="1"/>
                                                <instance name="dev01/Config/ch00018/Maximum_Range" order="0" value="24"/>
                                                <instance name="dev01/Config/ch00007/Calibration_Sensor_Calibration_Date" order="0" value="2020-01-01"/>
                                                <instance name="dev01/Config/ch00013/enable" order="1" value="1"/>
                                                <instance name="dev01/Config/ch00008/Calibration_Sensor_Calibration_Date" order="0" value="2020-01-01"/>
                                                <instance name="dev01/Config/ch00023/enable" order="1" value="1"/>
                                                <instance name="dev01/Config/ch00009/Calibration_Sensor_Calibration_Date" order="0" value="2020-01-01"/>
                                                <instance name="dev01/Config/ch00022/enable" order="1" value="1"/>
                                                <instance name="dev01/Config/ch00012/Calibration_Sensor_Curve" order="0" value="&quot;{0,-25}{1,6.25}&quot;"/>
                                                <instance name="dev01/Config/ch00024/Calibration_Sensor_Table_Type" order="2" value="1"/>
                                                <instance name="dev01/Config/ch00015/Minimum_Range" order="0" value="-24"/>
                                                <instance name="dev01/Config/ch00023/Calibration_Sensor_Curve" order="0" value="&quot;{0,4.00014,0}{1,4.00078,0.0058}{2,11.9346,71.92131}{3,20.0883,145.83254}{4,20.54804,150}&quot;"/>
                                                <instance name="dev01/Config/ch00009/EnableCB" order="0" value="1"/>
                                                <instance name="dev01/Config/ch00010/Calibration_Sensor_Calibration_Date" order="0" value="2020-01-01"/>
                                                <instance name="dev01/Config/ch00011/Calibration_Sensor_Calibration_Date" order="0" value="2020-01-01"/>
                                                <instance name="dev01/Config/ch00012/Calibration_Sensor_Calibration_Date" order="0" value="2020-01-01"/>
                                                <instance name="dev01/Config/ch00012/enable" order="1" value="1"/>
                                                <instance name="dev01/Config/ch00013/Calibration_Sensor_Calibration_Date" order="0" value="2020-01-01"/>
                                                <instance name="dev01/Config/ch00020/Maximum_Range" order="0" value="24"/>
                                                <instance name="dev01/Config/ch00014/Calibration_Sensor_Calibration_Date" order="0" value="2020-01-01"/>
                                                <instance name="dev01/Config/ch00015/Calibration_Sensor_Calibration_Date" order="0" value="2020-01-01"/>
                                                <instance name="dev01/Config/ch00003/Calibration_Sensor_Maximum_Range" order="0" value="423"/>
                                                <instance name="dev01/Config/ch00014/Calibration_Sensor_Input_Units" order="0" value="mA"/>
                                                <instance name="dev01/Config/ch00016/Calibration_Sensor_Calibration_Date" order="0" value="2020-01-01"/>
                                                <instance name="dev01/Config/ch00017/Calibration_Sensor_Minimum_Range" order="0" value="13"/>
                                                <instance name="dev01/Config/ch00008/Minimum_Range" order="0" value="-24"/>
                                                <instance name="dev01/Config/ch00010/EnableCB" order="0" value="1"/>
                                                <instance name="dev01/Config/ch00004/rate" order="0" value="10"/>
                                                <instance name="dev01/Config/ch00017/Calibration_Sensor_Calibration_Date" order="0" value="2020-01-01"/>
                                                <instance name="dev01/Config/ch00018/Calibration_Sensor_Calibration_Date" order="0" value="2020-01-01"/>
                                                <instance name="dev01/Config/ch00019/Calibration_Sensor_Calibration_Date" order="0" value="2020-01-01"/>
                                                <instance name="dev01/Config/ch00024/enable" order="1" value="1"/>
                                                <instance name="dev01/Config/ch00020/Calibration_Sensor_Calibration_Date" order="0" value="2020-01-01"/>
                                                <instance name="dev01/Config/ch00004/Calibration_Sensor_Maximum_Range" order="0" value="423"/>
                                                <instance name="dev01/Config/ch00021/Calibration_Sensor_Calibration_Date" order="0" value="2020-01-01"/>
                                                <instance name="dev01/Config/ch00022/Calibration_Sensor_Calibration_Date" order="0" value="2020-01-01"/>
                                                <instance name="dev01/Config/ch00021/Maximum_Range" order="0" value="24"/>
                                                <instance name="dev01/Config/ch00022/Maximum_Range" order="0" value="24"/>
                                                <instance name="dev01/Config/ch00009/rate" order="0" value="10"/>
                                                <instance name="dev01/Config/ch00024/Calibration_Sensor_Curve" order="0" value="&quot;{0,3.99971,0}{1,4.00051,0.00725}{2,11.9348,71.92712}{3,20.0913,145.85865}{4,20.54819,150}&quot;"/>
                                                <instance name="dev01/Config/ch00023/Calibration_Sensor_Calibration_Date" order="0" value="2020-01-01"/>
                                                <instance name="dev01/Config/ch00015/Calibration_Sensor_Input_Units" order="0" value="mA"/>
                                                <instance name="dev01/Config/ch00011/EnableCB" order="0" value="1"/>
                                                <instance name="dev01/Config/ch00015/Calibration_Sensor_Minimum_Range" order="0" value="0"/>
                                                <instance name="dev01/Config/ch00024/Calibration_Sensor_Calibration_Date" order="0" value="2020-01-01"/>
                                                <instance name="dev01/Config/ch00005/Calibration_Sensor_Maximum_Range" order="0" value="423"/>
                                                <instance name="dev01/Config/ch00001/Calibration_Sensor_Curve" order="0" value="&quot;{0,235.5}{1,6.875}&quot;"/>
                                                <instance name="dev01/Config/ch00002/Calibration_Sensor_Curve" order="0" value="&quot;{0,-25}{1,6.25}&quot;"/>
                                                <instance name="dev01/Config/ch00003/Calibration_Sensor_Curve" order="0" value="&quot;{0,235.5}{1,6.875}&quot;"/>
                                                <instance name="dev01/Config/ch00011/Minimum_Range" order="0" value="-24"/>
                                                <instance name="dev01/Config/ch00004/Calibration_Sensor_Curve" order="0" value="&quot;{0,235.5}{1,6.875}&quot;"/>
                                                <instance name="dev01/Config/ch00005/Calibration_Sensor_Curve" order="0" value="&quot;{0,235.5}{1,6.875}&quot;"/>
                                                <instance name="dev01/Config/ch00001/Calibration_Sensor_Table_Type" order="2" value="0"/>
                                                <instance name="dev01/Config/ch00016/Minimum_Range" order="0" value="-24"/>
                                                <instance name="dev01/Config/ch00006/Calibration_Sensor_Curve" order="0" value="&quot;{0,-1431.25}{1,361.5625}&quot;"/>
                                                <instance name="dev01/Config/ch00007/Calibration_Sensor_Curve" order="0" value="&quot;{0,-21.25}{1,9.0625}&quot;"/>
                                                <instance name="dev01/Config/ch00003/rate" order="0" value="10"/>
                                                <instance name="dev01/Config/ch00014/Calibration_Sensor_Curve" order="0" value="&quot;{0,235.5}{1,6.875}&quot;"/>
                                                <instance name="dev01/Config/ch00017/Minimum_Range" order="0" value="-24"/>
                                                <instance name="dev01/Config/ch00024/Maximum_Range" order="0" value="24"/>
                                                <instance name="dev01/Config/ch00006/enable" order="1" value="1"/>
                                                <instance name="dev01/Config/ch00011/Calibration_Sensor_Minimum_Range" order="0" value="0"/>
                                                <instance name="dev01/Config/ch00002/Calibration_Sensor_Table_Type" order="2" value="0"/>
                                                <instance name="dev01/Config/ch00003/Calibration_Sensor_Table_Type" order="2" value="0"/>
                                                <instance name="dev01/Config/ch00004/Calibration_Sensor_Table_Type" order="2" value="0"/>
                                                <instance name="dev01/Config/ch00005/Calibration_Sensor_Table_Type" order="2" value="0"/>
                                                <instance name="dev01/Config/ch00003/enable" order="1" value="1"/>
                                                <instance name="dev01/Config/ch00006/Calibration_Sensor_Table_Type" order="2" value="0"/>
                                                <instance name="dev01/Config/ch00018/Calibration_Sensor_Minimum_Range" order="0" value="13"/>
                                                <instance name="dev01/Config/ch00006/Calibration_Sensor_Maximum_Range" order="0" value="6000"/>
                                                <instance name="dev01/Config/ch00007/Calibration_Sensor_Table_Type" order="2" value="0"/>
                                                <instance name="dev01/Config/ch00023/Maximum_Range" order="0" value="24"/>
                                                <instance name="dev01/Config/ch00008/Calibration_Sensor_Table_Type" order="2" value="0"/>
                                                <instance name="dev01/Config/ch00009/Calibration_Sensor_Table_Type" order="2" value="0"/>
                                                <instance name="dev01/Config/ch00021/Calibration_Sensor_Table_Type" order="2" value="0"/>
                                                <instance name="dev01/Config/ch00014/EnableCB" order="0" value="1"/>
                                                <instance name="dev01/Config/ch00018/Calibration_Sensor_Input_Units" order="0" value="mA"/>
                                                <instance name="dev01/Config/ch00010/Calibration_Sensor_Table_Type" order="2" value="0"/>
                                                <instance name="dev01/Config/ch00011/Calibration_Sensor_Table_Type" order="2" value="0"/>
                                                <instance name="dev01/Config/ch00016/Calibration_Sensor_Input_Units" order="0" value="mA"/>
                                                <instance name="dev01/Config/ch00001/Minimum_Range" order="0" value="-24"/>
                                                <instance name="dev01/Config/ch00007/Calibration_Sensor_Maximum_Range" order="0" value="180"/>
                                                <instance name="dev01/Config/ch00010/rate" order="0" value="10"/>
                                                <instance name="dev01/Config/ch00002/rate" order="0" value="10"/>
                                                <instance name="dev01/Config/ch00012/Calibration_Sensor_Table_Type" order="2" value="0"/>
                                                <instance name="dev01/Config/ch00019/Calibration_Sensor_Minimum_Range" order="0" value="0"/>
                                                <instance name="dev01/Config/ch00013/Calibration_Sensor_Table_Type" order="2" value="0"/>
                                                <instance name="dev01/Config/ch00014/Calibration_Sensor_Table_Type" order="2" value="0"/>
                                                <instance name="dev01/Config/ch00015/Calibration_Sensor_Table_Type" order="2" value="0"/>
                                                <instance name="dev01/Config/ch00015/EnableCB" order="0" value="1"/>
                                                <instance name="dev01/Config/ch00016/Calibration_Sensor_Table_Type" order="2" value="0"/>
                                                <instance name="dev01/Config/ch00017/Calibration_Sensor_Table_Type" order="2" value="0"/>
                                                <instance name="dev01/Config/ch00008/Calibration_Sensor_Curve" order="0" value="&quot;{0,-21.25}{1,9.0625}&quot;"/>
                                                <instance name="dev01/Config/ch00022/EnableCB" order="0" value="1"/>
                                                <instance name="dev01/Config/ch00008/Calibration_Sensor_Maximum_Range" order="0" value="180"/>
                                                <instance name="dev01/Config/ch00019/Calibration_Sensor_Input_Units" order="0" value="mA"/>
                                                <instance name="dev01/Config/ch00018/Calibration_Sensor_Table_Type" order="2" value="0"/>
                                                <instance name="dev01/Config/ch00019/Calibration_Sensor_Table_Type" order="2" value="0"/>
                                                <instance name="dev01/Config/ch00020/Calibration_Sensor_Table_Type" order="2" value="0"/>
                                                <instance name="dev01/Config/ch00020/Calibration_Sensor_Input_Units" order="0" value="mA"/>
                                                <instance name="dev01/Config/ch00005/Calibration_Sensor_Input_Units" order="0" value="mA"/>
                                                <instance name="dev01/Config/ch00021/Calibration_Sensor_Input_Units" order="0" value="mA"/>
                                                <instance name="dev01/Config/ch00022/Calibration_Sensor_Input_Units" order="0" value="mA"/>
                                                <instance name="dev01/Config/ch00002/Minimum_Range" order="0" value="-24"/>
                                                <instance name="dev01/Config/ch00023/Calibration_Sensor_Output_Units" order="0" value="psig"/>
                                                <instance name="dev01/Config/ch00007/Calibration_Sensor_Minimum_Range" order="0" value="13"/>
                                                <instance name="dev01/Config/ch00014/Minimum_Range" order="0" value="-24"/>
                                                <instance name="dev01/Config/ch00009/Calibration_Sensor_Maximum_Range" order="0" value="4400"/>
                                                <instance name="dev01/Config/ch00009/Calibration_Sensor_Curve" order="0" value="&quot;{0,-990}{1,247.5}&quot;"/>
                                                <instance name="dev01/Config/ch00023/Calibration_Sensor_Input_Units" order="0" value="mA"/>
                                                <instance name="dev01/Config/ch00024/Calibration_Sensor_Input_Units" order="0" value="mA"/>
                                                <instance name="dev01/Config/ch00001/Calibration_Sensor_Output_Units" order="0" value="K"/>
                                                <instance name="dev01/Config/ch00002/Calibration_Sensor_Output_Units" order="0" value="%"/>
                                                <instance name="dev01/Config/ch00018/Minimum_Range" order="0" value="-24"/>
                                                <instance name="dev01/Config/ch00003/Calibration_Sensor_Output_Units" order="0" value="K"/>
                                                <instance name="dev01/Config/ch00010/enable" order="1" value="1"/>
                                                <instance name="dev01/Config/ch00011/rate" order="0" value="10"/>
                                                <instance name="dev01/Config/ch00020/Calibration_Sensor_Minimum_Range" order="0" value="0"/>
                                                <instance name="dev01/Config/ch00004/Calibration_Sensor_Output_Units" order="0" value="K"/>
                                                <instance name="dev01/Config/ch00017/EnableCB" order="0" value="1"/>
                                                <instance name="dev01/Config/ch00010/Calibration_Sensor_Input_Units" order="0" value="mA"/>
                                                <instance name="dev01/Config/ch00010/Calibration_Sensor_Curve" order="0" value="&quot;{0,-175}{1,43.75}&quot;"/>
                                                <instance name="dev01/Config/ch00005/Calibration_Sensor_Output_Units" order="0" value="K"/>
                                                <instance name="dev01/Config/ch00006/Calibration_Sensor_Output_Units" order="0" value="psia"/>
                                                <instance name="dev01/Config/ch00007/Calibration_Sensor_Output_Units" order="0" value="psia"/>
                                                <instance name="dev01/Config/ch00005/Minimum_Range" order="0" value="-24"/>
                                                <instance name="dev01/Config/ch00008/Calibration_Sensor_Output_Units" order="0" value="psia"/>
                                                <instance name="dev01/Config/ch00012/rate" order="0" value="10"/>
                                                <instance name="dev01/Config/ch00009/Calibration_Sensor_Output_Units" order="0" value="gph_UK"/>
                                                <instance name="dev01/Config/ch00010/Calibration_Sensor_Output_Units" order="0" value="gph_UK"/>
                                                <instance name="dev01/Config/ch00022/Calibration_Sensor_Table_Type" order="2" value="0"/>
                                                <instance name="dev01/Config/ch00023/Calibration_Sensor_Table_Type" order="2" value="1"/>
                                                <instance name="dev01/Config/ch00021/Minimum_Range" order="0" value="-24"/>
                                                <instance name="dev01/Config/ch00011/Calibration_Sensor_Output_Units" order="0" value="K"/>
                                                <instance name="dev01/Config/ch00021/Calibration_Sensor_Minimum_Range" order="0" value="0"/>
                                                <instance name="dev01/Config/ch00011/Calibration_Sensor_Curve" order="0" value="&quot;{0,235.5}{1,6.875}&quot;"/>
                                                <instance name="dev01/Config/ch00016/EnableCB" order="0" value="1"/>
                                                <instance name="dev01/Config/ch00012/Calibration_Sensor_Output_Units" order="0" value="%"/>
                                                <instance name="dev01/Config/ch00013/rate" order="0" value="10"/>
                                                <instance name="dev01/Config/ch00013/Calibration_Sensor_Output_Units" order="0" value="K"/>
                                                <instance name="dev01/Config/ch00020/Minimum_Range" order="0" value="-24"/>
                                                <instance name="dev01/Config/ch00014/Calibration_Sensor_Output_Units" order="0" value="K"/>
                                                <instance name="dev01/Config/ch00015/Calibration_Sensor_Output_Units" order="0" value="K"/>
                                                <instance name="dev01/Config/ch00016/Calibration_Sensor_Output_Units" order="0" value="psia"/>
                                                <instance name="dev01/Config/ch00010/Calibration_Sensor_Maximum_Range" order="0" value="800"/>
                                                <instance name="dev01/Config/ch00014/enable" order="1" value="1"/>
                                                <instance name="dev01/Config/ch00017/Calibration_Sensor_Output_Units" order="0" value="psia"/>
                                                <instance name="dev01/Config/ch00018/Calibration_Sensor_Output_Units" order="0" value="psia"/>
                                                <instance name="dev01/Config/ch00017/enable" order="1" value="1"/>
                                                <instance name="dev01/Config/ch00024/Calibration_Sensor_Output_Units" order="0" value="psig"/>
                                                <instance name="dev01/Config/ch00015/enable" order="1" value="1"/>
                                                <instance name="dev01/Config/ch00001/Calibration_Sensor_Input_Units" order="0" value="mA"/>
                                                <instance name="dev01/Config/ch00012/EnableCB" order="0" value="1"/>
                                                <instance name="dev01/Config/ch00011/Calibration_Sensor_Maximum_Range" order="0" value="423"/>
                                                <instance name="dev01/Config/ch00012/Calibration_Sensor_Maximum_Range" order="0" value="110"/>
                                                <instance name="dev01/Config/ch00013/Calibration_Sensor_Maximum_Range" order="0" value="423"/>
                                                <instance name="dev01/Config/ch00014/Calibration_Sensor_Maximum_Range" order="0" value="423"/>
                                                <instance name="dev01/Config/ch00003/Calibration_Sensor_Calibration_Date" order="0" value="2020-01-01"/>
                                                <instance name="dev01/Config/ch00015/Calibration_Sensor_Maximum_Range" order="0" value="423"/>
                                                <instance name="dev01/Config/ch00018/EnableCB" order="0" value="1"/>
                                                <instance name="dev01/Config/ch00014/rate" order="0" value="10"/>
                                                <instance name="dev01/Config/ch00016/Calibration_Sensor_Maximum_Range" order="0" value="6000"/>
                                                <instance name="dev01/Config/ch00017/Calibration_Sensor_Maximum_Range" order="0" value="180"/>
                                                <instance name="dev01/Config/ch00018/Calibration_Sensor_Maximum_Range" order="0" value="180"/>
                                                <instance name="dev01/Config/ch00005/Calibration_Sensor_Minimum_Range" order="0" value="0"/>
                                                <instance name="dev01/Config/ch00015/Calibration_Sensor_Curve" order="0" value="&quot;{0,235.5}{1,6.875}&quot;"/>
                                                <instance name="dev01/Config/ch00024/Calibration_Sensor_Minimum_Range" order="0" value="-10"/>
                                                <instance name="dev01/Config/ch00019/Calibration_Sensor_Maximum_Range" order="0" value="4400"/>
                                                <instance name="dev01/Config/ch00005/rate" order="0" value="10"/>
                                                <instance name="dev01/Config/ch00022/Calibration_Sensor_Minimum_Range" order="0" value="0"/>
                                                <instance name="dev01/Config/ch00002/Calibration_Sensor_Input_Units" order="0" value="mA"/>
                                                <instance name="dev01/Config/ch00012/Minimum_Range" order="0" value="-24"/>
                                                <instance name="dev01/Config/ch00007/Minimum_Range" order="0" value="-24"/>
                                                <instance name="dev01/Config/ch00020/Calibration_Sensor_Maximum_Range" order="0" value="800"/>
                                                <instance name="dev01/Config/ch00019/EnableCB" order="0" value="1"/>
                                                <instance name="dev01/Config/ch00021/Calibration_Sensor_Maximum_Range" order="0" value="820"/>
                                                <instance name="dev01/Config/ch00022/Calibration_Sensor_Maximum_Range" order="0" value="820"/>
                                                <instance name="dev01/Config/ch00023/Calibration_Sensor_Maximum_Range" order="0" value="200"/>
                                                <instance name="dev01/Config/ch00001/rate" order="0" value="10"/>
                                                <instance name="dev01/Config/ch00024/Calibration_Sensor_Maximum_Range" order="0" value="200"/>
                                                <instance name="dev01/Config/ch00001/Calibration_Sensor_Minimum_Range" order="0" value="0"/>
                                                <instance name="dev01/Config/ch00019/Calibration_Sensor_Output_Units" order="0" value="gph_UK"/>
                                                <instance name="dev01/Config/ch00015/rate" order="0" value="10"/>
                                                <instance name="dev01/Config/ch00001/Calibration_Sensor_Name" order="0" value="CalSensor1"/>
                                                <instance name="dev01/Config/ch00002/Calibration_Sensor_Minimum_Range" order="0" value="0"/>
                                                <instance name="dev01/Config/ch00003/Calibration_Sensor_Minimum_Range" order="0" value="0"/>
                                                <instance name="dev01/Config/ch00004/Calibration_Sensor_Minimum_Range" order="0" value="0"/>
                                                <instance name="dev01/Config/ch00006/rate" order="0" value="10"/>
                                                <instance name="dev01/Config/ch00012/Calibration_Sensor_Minimum_Range" order="0" value="0"/>
                                                <instance name="dev01/Config/ch00002/Calibration_Sensor_Name" order="0" value="CalSensor2"/>
                                                <instance name="dev01/Config/ch00003/Calibration_Sensor_Name" order="0" value="CalSensor3"/>
                                                <instance name="dev01/Config/ch00003/Calibration_Sensor_Input_Units" order="0" value="mA"/>
                                                <instance name="dev01/Config/ch00003/Minimum_Range" order="0" value="-24"/>
                                                <instance name="dev01/Config/ch00004/enable" order="1" value="1"/>
                                                <instance name="dev01/Config/ch00020/Calibration_Sensor_Output_Units" order="0" value="gph_UK"/>
                                                <instance name="dev01/Config/ch00004/Calibration_Sensor_Name" order="0" value="CalSensor4"/>
                                                <instance name="dev01/Config/ch00005/Calibration_Sensor_Name" order="0" value="CalSensor5"/>
                                                <instance name="dev01/Config/ch00006/Calibration_Sensor_Name" order="0" value="CalSensor6"/>
                                                <instance name="dev01/Config/ch00007/Calibration_Sensor_Name" order="0" value="CalSensor7"/>
                                                <instance name="dev01/Config/ch00016/enable" order="1" value="1"/>
                                                <instance name="dev01/Config/ch00008/Calibration_Sensor_Name" order="0" value="CalSensor8"/>
                                                <instance name="dev01/Config/ch00009/Minimum_Range" order="0" value="-24"/>
                                                <instance name="dev01/Config/ch00020/EnableCB" order="0" value="1"/>
                                                <instance name="dev01/Config/ch00009/Calibration_Sensor_Name" order="0" value="CalSensor9"/>
                                                <instance name="dev01/Config/ch00017/Calibration_Sensor_Curve" order="0" value="&quot;{0,-21.25}{1,9.0625}&quot;"/>
                                                <instance name="dev01/Config/ch00016/Calibration_Sensor_Minimum_Range" order="0" value="13"/>
                                                <instance name="dev01/Config/ch00021/Calibration_Sensor_Output_Units" order="0" value="kg/m^3"/>
                                                <instance name="dev01/Config/ch00010/Calibration_Sensor_Name" order="0" value="CalSensor10"/>
                                                <instance name="dev01/Config/ch00011/Calibration_Sensor_Name" order="0" value="CalSensor11"/>
                                                <instance name="dev01/Config/ch00019/enable" order="1" value="1"/>
                                                <instance name="dev01/Config/ch00006/Calibration_Sensor_Input_Units" order="0" value="mA"/>
                                                <instance name="dev01/Config/ch00023/Minimum_Range" order="0" value="-24"/>
                                                <instance name="dev01/Config/ch00012/Calibration_Sensor_Name" order="0" value="CalSensor12"/>
                                                <instance name="dev01/Config/ch00013/Calibration_Sensor_Name" order="0" value="CalSensor13"/>
                                                <instance name="dev01/Config/ch00022/Minimum_Range" order="0" value="-24"/>
                                                <instance name="dev01/Config/ch00006/Calibration_Sensor_Minimum_Range" order="0" value="13"/>
                                                <instance name="dev01/Config/ch00018/enable" order="1" value="1"/>
                                                <instance name="dev01/Config/ch00014/Calibration_Sensor_Name" order="0" value="CalSensor14"/>
                                                <instance name="dev01/Config/ch00021/EnableCB" order="0" value="1"/>
                                                <instance name="dev01/Config/ch00022/Calibration_Sensor_Output_Units" order="0" value="kg/m^3"/>
                                                <instance name="dev01/Config/ch00016/Calibration_Sensor_Curve" order="0" value="&quot;{0,-1431.25}{1,361.5625}&quot;"/>
                                                <instance name="dev01/Config/ch00015/Calibration_Sensor_Name" order="0" value="CalSensor15"/>
                                                <instance name="dev01/Config/ch00016/Calibration_Sensor_Name" order="0" value="CalSensor16"/>
                                                <instance name="dev01/Config/ch00010/Minimum_Range" order="0" value="-24"/>
                                                <instance name="dev01/Config/ch00017/Calibration_Sensor_Name" order="0" value="CalSensor17"/>
                                                <instance name="dev01/Config/ch00018/Calibration_Sensor_Name" order="0" value="CalSensor18"/>
                                                <instance name="dev01/Config/ch00019/Calibration_Sensor_Name" order="0" value="CalSensor19"/>
                                                <instance name="dev01/Config/ch00016/rate" order="0" value="10"/>
                                                <instance name="dev01/Config/ch00007/Calibration_Sensor_Input_Units" order="0" value="mA"/>
                                                <instance name="dev01/Config/ch00020/Calibration_Sensor_Name" order="0" value="CalSensor20"/>
                                                <instance name="dev01/Config/ch00021/Calibration_Sensor_Name" order="0" value="CalSensor21"/>
                                                <instance name="dev01/Config/ch00011/Calibration_Sensor_Input_Units" order="0" value="mA"/>
                                                <instance name="dev01/Config/ch00019/Minimum_Range" order="0" value="-24"/>
                                                <instance name="dev01/Config/ch00008/Calibration_Sensor_Minimum_Range" order="0" value="13"/>
                                                <instance name="dev01/Config/ch00013/Calibration_Sensor_Curve" order="0" value="&quot;{0,235.5}{1,6.875}&quot;"/>
                                                <instance name="dev01/Config/ch00017/rate" order="0" value="10"/>
                                                <instance name="dev01/Config/ch00024/Minimum_Range" order="0" value="-24"/>
                                                <instance name="dev01/Config/ch00018/rate" order="0" value="10"/>
                                                <instance name="dev01/Config/ch00019/rate" order="0" value="10"/>
                                                <instance name="dev01/Config/ch00017/Calibration_Sensor_Input_Units" order="0" value="mA"/>
                                                <instance name="dev01/Config/ch00020/rate" order="0" value="10"/>
                                                <instance name="dev01/Config/ch00018/Calibration_Sensor_Curve" order="0" value="&quot;{0,-21.25}{1,9.0625}&quot;"/>
                                                <instance name="dev01/Config/ch00021/rate" order="0" value="10"/>
                                                <instance name="dev01/Config/ch00022/rate" order="0" value="10"/>
                                                <instance name="dev01/Config/ch00002/enable" order="1" value="1"/>
                                                <instance name="dev01/Config/ch00020/enable" order="1" value="1"/>
                                                <instance name="dev01/Config/ch00001/Calibration_Sensor_Maximum_Range" order="0" value="423"/>
                                                <instance name="dev01/Config/ch00023/EnableCB" order="0" value="1"/>
                                                <instance name="dev01/Config/ch00023/rate" order="0" value="100"/>
                                                <instance name="dev01/Config/ch00001/Calibration_Sensor_Calibration_Date" order="0" value="2020-01-01"/>
                                                <instance name="dev01/Config/ch00007/enable" order="1" value="1"/>
                                                <instance name="dev01/Config/ch00009/Calibration_Sensor_Minimum_Range" order="0" value="0"/>
                                                <instance name="dev01/Config/ch00008/Calibration_Sensor_Input_Units" order="0" value="mA"/>
                                                <instance name="dev01/Config/ch00024/rate" order="0" value="100"/>
                                                <instance name="dev01/Config/ch00019/Calibration_Sensor_Curve" order="0" value="&quot;{0,-990}{1,247.5}&quot;"/>
                                                <instance name="dev01/Config/ch00001/EnableCB" order="0" value="1"/>
                                                <instance name="dev01/Config/ch00005/enable" order="1" value="1"/>
                                                <instance name="dev01/Config/ch00002/EnableCB" order="0" value="1"/>
                                                <instance name="dev01/Config/ch00006/Minimum_Range" order="0" value="-24"/>
                                                <instance name="dev01/Config/ch00003/EnableCB" order="0" value="1"/>
                                                <instance name="dev01/Config/ch00004/EnableCB" order="0" value="1"/>
                                                <instance name="dev01/Config/ch00007/rate" order="0" value="10"/>
                                                <instance name="dev01/Config/ch00024/EnableCB" order="0" value="1"/>
                                                <instance name="dev01/Config/ch00005/EnableCB" order="0" value="1"/>
                                                <instance name="dev01/Config/ch00006/EnableCB" order="0" value="1"/>
                                                <instance name="dev01/Config/ch00007/EnableCB" order="0" value="1"/>
                                                <instance name="dev01/Config/ch00004/Calibration_Sensor_Calibration_Date" order="0" value="2020-01-01"/>
                                                <instance name="dev01/Config/ch00013/EnableCB" order="0" value="1"/>
                                                <instance name="dev01/Config/ch00001/Maximum_Range" order="0" value="24"/>
                                                <instance name="dev01/Config/ch00021/enable" order="1" value="1"/>
                                                <instance name="dev01/Config/ch00010/Calibration_Sensor_Minimum_Range" order="0" value="0"/>
                                                <instance name="dev01/Config/ch00004/Calibration_Sensor_Input_Units" order="0" value="mA"/>
                                                <instance name="dev01/Config/ch00022/Calibration_Sensor_Name" order="0" value="CalSensor22"/>
                                                <instance name="dev01/Config/ch00002/Maximum_Range" order="0" value="24"/>
                                                <instance name="dev01/Config/ch00003/Maximum_Range" order="0" value="24"/>
                                                <instance name="dev01/Config/ch00004/Maximum_Range" order="0" value="24"/>
                                                <instance name="dev01/Config/ch00005/Maximum_Range" order="0" value="24"/>
                                                <instance name="dev01/Config/ch00009/Calibration_Sensor_Input_Units" order="0" value="mA"/>
                                                <instance name="dev01/Config/ch00006/Maximum_Range" order="0" value="24"/>
                                                <instance name="dev01/Config/ch00012/Calibration_Sensor_Input_Units" order="0" value="mA"/>
                                                <instance name="dev01/Config/ch00020/Calibration_Sensor_Curve" order="0" value="&quot;{0,-175}{1,43.75}&quot;"/>
                                                <instance name="dev01/Config/ch00007/Maximum_Range" order="0" value="24"/>
                                                <instance name="dev01/Config/ch00013/Minimum_Range" order="0" value="-24"/>
                                                <instance name="dev01/Config/ch00023/Calibration_Sensor_Name" order="0" value="CalSensor23"/>
                                                <instance name="dev01/Config/ch00008/enable" order="1" value="1"/>
                                                <instance name="dev01/Config/ch00008/Maximum_Range" order="0" value="24"/>
                                                <instance name="dev01/Config/ch00019/Maximum_Range" order="0" value="24"/>
                                                <instance name="dev01/Config/ch00013/Calibration_Sensor_Minimum_Range" order="0" value="0"/>
                                                <instance name="dev01/Config/ch00005/Calibration_Sensor_Calibration_Date" order="0" value="2020-01-01"/>
                                                <instance name="dev01/Config/ch00009/Maximum_Range" order="0" value="24"/>
                                                <instance name="dev01/Config/ch00010/Maximum_Range" order="0" value="24"/>
                                                <instance name="dev01/Config/ch00002/Calibration_Sensor_Calibration_Date" order="0" value="2020-01-01"/>
                                                <instance name="dev01/Config/ch00011/enable" order="1" value="1"/>
                                                <instance name="dev01/Config/ch00021/Calibration_Sensor_Curve" order="0" value="&quot;{0,770}{1,2.5}&quot;"/>
                                                <instance name="dev01/Config/ch00024/Calibration_Sensor_Name" order="0" value="CalSensor24"/>
                                                <instance name="dev01/Config/ch00002/Calibration_Sensor_Maximum_Range" order="0" value="110"/>
                                                <instance name="dev01/Config/ch00011/Maximum_Range" order="0" value="24"/>
                                                <instance name="dev01/Config/ch00012/Maximum_Range" order="0" value="24"/>
                                                <instance name="dev01/Config/ch00013/Calibration_Sensor_Input_Units" order="0" value="mA"/>
                                                <instance name="dev01/Config/ch00013/Maximum_Range" order="0" value="24"/>
                                                <instance name="dev01/Config/ch00014/Maximum_Range" order="0" value="24"/>
                                                <instance name="dev01/Config/ch00015/Maximum_Range" order="0" value="24"/>
                                                <instance name="dev01/Config/ch00014/Calibration_Sensor_Minimum_Range" order="0" value="0"/>
                                                <instance name="dev01/Config/ch00004/Minimum_Range" order="0" value="-24"/>
                                                <instance name="dev01/Config/ch00016/Maximum_Range" order="0" value="24"/>
                                            </attributes>
                                        </instance>
                                        <instance name="00220009" backbone-config-data="10,239.255.0.10,239.255.0.1,5" logicalid="UE220009" node-config-data="1.0,1.0,map,1.0,rtehost:6603/channelmap 1.0,1.0,attrv,1.0,rtehost:6603/UE220009">
                                            <attributes/>
                                        </instance>
                                    </serial-numbers>
                                </instance>
                                <instance name="UEI-002">
                                    <serial-numbers>
                                        <instance name="00219974" backbone-config-data="10,239.255.0.10,239.255.0.1,5" logicalid="UE219974" node-config-data="1.0,1.0,map,1.0,rtehost:6603/channelmap 1.0,1.0,attrv,1.0,rtehost:6603/UE219974">
                                            <attributes>
                                                <instance name="dev01/Config/ch00001/enable" order="1" value="1"/>
                                                <instance name="dev01/Config/ch00006/Calibration_Sensor_Curve" order="0" value="&quot;{0,18.52,73.15}{1,18.96,74.15}{2,19.39,75.15}{3,19.82,76.15}{4,20.25,77.15}{5,20.68,78.15}{6,21.11,79.15}{7,21.54,80.15}{8,21.97,81.15}{9,22.4,82.15}{10,22.83,83.15}{11,23.26,84.15}{12,23.69,85.15}{13,24.12,86.15}{14,24.55,87.15}{15,24.97,88.15}{16,25.39,89.15}{17,25.82,90.15}{18,26.25,91.15}{19,26.67,92.15}{20,27.1,93.15}{21,27.52,94.15}{22,27.95,95.15}{23,28.37,96.15}{24,28.8,97.15}{25,29.22,98.15}{26,29.65,99.15}{27,30.07,100.15}{28,30.49,101.15}{29,30.92,102.15}{30,31.34,103.15}{31,31.76,104.15}{32,32.18,105.15}{33,32.61,106.15}{34,33.03,107.15}{35,33.45,108.15}{36,33.86,109.15}{37,34.28,110.15}{38,34.7,111.15}{39,35.12,112.15}{40,35.54,113.15}{41,35.96,114.15}{42,36.38,115.15}{43,36.8,116.15}{44,37.22,117.15}{45,37.63,118.15}{46,38.05,119.15}{47,38.47,120.15}{48,38.89,121.15}{49,39.31,122.15}{50,39.72,123.15}{51,40.14,124.15}{52,40.56,125.15}{53,40.97,126.15}{54,41.39,127.15}{55,41.8,128.15}{56,42.22,129.15}{57,42.64,130.15}{58,43.05,131.15}{59,43.46,132.15}{60,43.88,133.15}{61,44.29,134.15}{62,44.71,135.15}{63,45.12,136.15}{64,45.53,137.15}{65,45.95,138.15}{66,46.35,139.15}{67,46.76,140.15}{68,47.18,141.15}{69,47.59,142.15}{70,48,143.15}{71,48.41,144.15}{72,48.82,145.15}{73,49.23,146.15}{74,49.64,147.15}{75,50.06,148.15}{76,50.47,149.15}{77,50.88,150.15}{78,51.29,151.15}{79,51.7,152.15}{80,52.11,153.15}{81,52.52,154.15}{82,52.92,155.15}{83,53.33,156.15}{84,53.74,157.15}{85,54.15,158.15}{86,54.56,159.15}{87,54.97,160.15}{88,55.38,161.15}{89,55.78,162.15}{90,56.19,163.15}{91,56.6,164.15}{92,57,165.15}{93,57.41,166.15}{94,57.82,167.15}{95,58.22,168.15}{96,58.63,169.15}{97,59.04,170.15}{98,59.44,171.15}{99,59.85,172.15}{100,60.26,173.15}{101,60.67,174.15}{102,61.07,175.15}{103,61.48,176.15}{104,61.87,177.15}{105,62.29,178.15}{106,62.69,179.15}{107,63.1,180.15}{108,63.5,181.15}{109,63.91,182.15}{110,64.3,183.15}{111,64.7,184.15}{112,65.11,185.15}{113,65.51,186.15}{114,65.91,187.15}{115,66.31,188.15}{116,66.72,189.15}{117,67.12,190.15}{118,67.52,191.15}{119,67.92,192.15}{120,68.33,193.15}{121,68.73,194.15}{122,69.13,195.15}{123,69.53,196.15}{124,69.93,197.15}{125,70.33,198.15}{126,70.73,199.15}{127,71.13,200.15}{128,71.53,201.15}{129,71.93,202.15}{130,72.33,203.15}{131,72.73,204.15}{132,73.13,205.15}{133,73.53,206.15}{134,73.93,207.15}{135,74.33,208.15}{136,74.73,209.15}{137,75.13,210.15}{138,75.53,211.15}{139,75.93,212.15}{140,76.33,213.15}{141,76.73,214.15}{142,77.13,215.15}{143,77.52,216.15}{144,77.92,217.15}{145,78.32,218.15}{146,78.72,219.15}{147,79.11,220.15}{148,79.51,221.15}{149,79.91,222.15}{150,80.31,223.15}{151,80.7,224.15}{152,81.1,225.15}{153,81.5,226.15}{154,81.89,227.15}{155,82.29,228.15}{156,82.69,229.15}{157,83.08,230.15}{158,83.48,231.15}{159,83.88,232.15}{160,84.27,233.15}{161,84.67,234.15}{162,85.06,235.15}{163,85.46,236.15}{164,85.85,237.15}{165,86.25,238.15}{166,86.64,239.15}{167,87.04,240.15}{168,87.43,241.15}{169,87.83,242.15}{170,88.22,243.15}{171,88.62,244.15}{172,89.01,245.15}{173,89.4,246.15}{174,89.8,247.15}{175,90.19,248.15}{176,90.59,249.15}{177,90.98,250.15}{178,91.37,251.15}{179,91.77,252.15}{180,92.16,253.15}{181,92.55,254.15}{182,92.95,255.15}{183,93.34,256.15}{184,93.73,257.15}{185,94.12,258.15}{186,94.52,259.15}{187,94.91,260.15}{188,95.3,261.15}{189,95.69,262.15}{190,96.09,263.15}{191,96.48,264.15}{192,96.87,265.15}{193,97.26,266.15}{194,97.65,267.15}{195,98.04,268.15}{196,98.44,269.15}{197,98.83,270.15}{198,99.22,271.15}{199,99.61,272.15}{200,100,273.15}{201,100.39,274.15}{202,100.78,275.15}{203,101.17,276.15}{204,101.56,277.15}{205,101.95,278.15}{206,102.34,279.15}{207,102.73,280.15}{208,103.12,281.15}{209,103.51,282.15}{210,103.9,283.15}{211,104.29,284.15}{212,104.68,285.15}{213,105.07,286.15}{214,105.46,287.15}{215,105.85,288.15}{216,106.24,289.15}{217,106.63,290.15}{218,107.02,291.15}{219,107.4,292.15}{220,107.79,293.15}{221,108.18,294.15}{222,108.57,295.15}{223,108.96,296.15}{224,109.35,297.15}{225,109.73,298.15}{226,110.12,299.15}{227,110.51,300.15}{228,110.9,301.15}{229,111.28,302.15}{230,111.67,303.15}{231,112.06,304.15}{232,112.45,305.15}{233,112.83,306.15}{234,113.22,307.15}{235,113.61,308.15}{236,113.99,309.15}{237,114.38,310.15}{238,114.77,311.15}{239,115.15,312.15}{240,115.54,313.15}{241,115.93,314.15}{242,116.31,315.15}{243,116.7,316.15}{244,117.08,317.15}{245,117.47,318.15}{246,117.85,319.15}{247,118.24,320.15}{248,118.62,321.15}{249,119.01,322.15}{250,119.4,323.15}{251,119.78,324.15}{252,120.16,325.15}{253,120.55,326.15}{254,120.93,327.15}{255,121.32,328.15}{256,121.7,329.15}{257,122.09,330.15}{258,122.47,331.15}{259,122.86,332.15}{260,123.24,333.15}{261,123.62,334.15}{262,124.01,335.15}{263,124.39,336.15}{264,124.77,337.15}{265,125.17,338.15}{266,125.55,339.15}{267,125.93,340.15}{268,126.32,341.15}{269,126.7,342.15}{270,127.08,343.15}{271,127.46,344.15}{272,127.85,345.15}{273,128.23,346.15}{274,128.61,347.15}{275,128.99,348.15}{276,129.38,349.15}{277,129.76,350.15}{278,130.14,351.15}{279,130.52,352.15}{280,130.9,353.15}{281,131.28,354.15}{282,131.67,355.15}{283,132.05,356.15}{284,132.43,357.15}{285,132.81,358.15}{286,133.19,359.15}{287,133.57,360.15}{288,133.95,361.15}{289,134.33,362.15}{290,134.71,363.15}{291,135.09,364.15}{292,135.47,365.15}{293,135.85,366.15}{294,136.23,367.15}{295,136.61,368.15}{296,136.99,369.15}{297,137.37,370.15}{298,137.75,371.15}{299,138.13,372.15}{300,138.51,373.15}{301,138.89,374.15}{302,139.27,375.15}{303,139.65,376.15}{304,140.03,377.15}{305,140.39,378.15}{306,140.77,379.15}{307,141.15,380.15}{308,141.53,381.15}{309,141.91,382.15}{310,142.29,383.15}{311,142.66,384.15}{312,143.04,385.15}{313,143.42,386.15}{314,143.8,387.15}{315,144.18,388.15}{316,144.56,389.15}{317,144.94,390.15}{318,145.32,391.15}{319,145.69,392.15}{320,146.07,393.15}{321,146.45,394.15}{322,146.82,395.15}{323,147.2,396.15}{324,147.58,397.15}{325,147.95,398.15}{326,148.33,399.15}{327,148.71,400.15}{328,149.08,401.15}{329,149.46,402.15}{330,149.83,403.15}{331,150.21,404.15}{332,150.58,405.15}{333,150.96,406.15}{334,151.34,407.15}{335,151.71,408.15}{336,152.09,409.15}{337,152.46,410.15}{338,152.84,411.15}{339,153.21,412.15}{340,153.58,413.15}{341,153.95,414.15}{342,154.32,415.15}{343,154.71,416.15}{344,155.08,417.15}{345,155.46,418.15}{346,155.83,419.15}{347,156.21,420.15}{348,156.58,421.15}{349,156.96,422.15}{350,157.33,423.15}{351,157.71,424.15}{352,158.08,425.15}{353,158.45,426.15}{354,158.83,427.15}{355,159.2,428.15}{356,159.56,429.15}{357,159.94,430.15}{358,160.31,431.15}{359,160.68,432.15}{360,161.05,433.15}{361,161.43,434.15}{362,161.8,435.15}{363,162.17,436.15}{364,162.54,437.15}{365,162.91,438.15}{366,163.28,439.15}{367,163.66,440.15}{368,164.03,441.15}{369,164.4,442.15}{370,164.77,443.15}{371,165.14,444.15}{372,165.51,445.15}{373,165.88,446.15}{374,166.25,447.15}{375,166.62,448.15}{376,167,449.15}{377,167.37,450.15}{378,167.74,451.15}{379,168.11,452.15}{380,168.48,453.15}{381,168.85,454.15}{382,169.22,455.15}{383,169.59,456.15}{384,169.96,457.15}{385,170.33,458.15}{386,170.69,459.15}{387,171.06,460.15}{388,171.43,461.15}{389,171.8,462.15}{390,172.17,463.15}{391,172.54,464.15}{392,172.91,465.15}{393,173.27,466.15}{394,173.64,467.15}{395,174.01,468.15}{396,174.39,469.15}{397,174.75,470.15}{398,175.12,471.15}{399,175.49,472.15}{400,175.86,473.15}{401,176.23,474.15}{402,176.59,475.15}{403,176.96,476.15}{404,177.33,477.15}{405,177.7,478.15}{406,178.06,479.15}{407,178.43,480.15}{408,178.8,481.15}{409,179.16,482.15}{410,179.53,483.15}{411,179.9,484.15}{412,180.26,485.15}{413,180.63,486.15}{414,180.99,487.15}{415,181.36,488.15}{416,181.73,489.15}{417,182.09,490.15}{418,182.46,491.15}{419,182.82,492.15}{420,183.19,493.15}{421,183.55,494.15}{422,183.92,495.15}{423,184.28,496.15}{424,184.65,497.15}{425,185.01,498.15}{426,185.38,499.15}{427,185.74,500.15}{428,186.11,501.15}{429,186.47,502.15}{430,186.84,503.15}{431,187.2,504.15}{432,187.56,505.15}{433,187.93,506.15}{434,188.29,507.15}{435,188.65,508.15}{436,189.02,509.15}{437,189.38,510.15}{438,189.74,511.15}{439,190.11,512.15}{440,190.47,513.15}{441,190.83,514.15}{442,191.2,515.15}{443,191.56,516.15}{444,191.92,517.15}{445,192.28,518.15}{446,192.66,519.15}{447,193.02,520.15}{448,193.38,521.15}{449,193.74,522.15}{450,194.1,523.15}{451,194.47,524.15}{452,194.83,525.15}{453,195.19,526.15}{454,195.55,527.15}{455,195.9,528.15}{456,196.26,529.15}{457,196.62,530.15}{458,196.98,531.15}{459,197.35,532.15}{460,197.71,533.15}{461,198.07,534.15}{462,198.43,535.15}{463,198.79,536.15}{464,199.15,537.15}{465,199.51,538.15}{466,199.87,539.15}{467,200.23,540.15}{468,200.59,541.15}{469,200.95,542.15}{470,201.31,543.15}{471,201.67,544.15}{472,202.03,545.15}{473,202.38,546.15}{474,202.74,547.15}{475,203.1,548.15}{476,203.46,549.15}{477,203.82,550.15}{478,204.18,551.15}{479,204.54,552.15}{480,204.9,553.15}{481,205.25,554.15}{482,205.61,555.15}{483,205.97,556.15}{484,206.33,557.15}{485,206.7,558.15}{486,207.05,559.15}{487,207.41,560.15}{488,207.77,561.15}{489,208.13,562.15}{490,208.48,563.15}{491,208.84,564.15}{492,209.2,565.15}{493,209.55,566.15}{494,209.91,567.15}{495,210.27,568.15}{496,210.62,569.15}{497,210.98,570.15}{498,211.34,571.15}{499,211.69,572.15}{500,212.05,573.15}{501,212.4,574.15}{502,212.76,575.15}{503,213.12,576.15}{504,213.47,577.15}{505,213.83,578.15}{506,214.19,579.15}{507,214.55,580.15}{508,214.9,581.15}{509,215.26,582.15}{510,215.61,583.15}{511,215.97,584.15}{512,216.32,585.15}{513,216.68,586.15}{514,217.03,587.15}{515,217.39,588.15}{516,217.73,589.15}{517,218.08,590.15}{518,218.44,591.15}{519,218.79,592.15}{520,219.15,593.15}{521,219.5,594.15}{522,219.85,595.15}{523,220.21,596.15}{524,220.56,597.15}{525,220.91,598.15}{526,221.27,599.15}{527,221.62,600.15}{528,221.97,601.15}{529,222.32,602.15}{530,222.68,603.15}{531,223.03,604.15}{532,223.38,605.15}{533,223.73,606.15}{534,224.09,607.15}{535,224.45,608.15}{536,224.8,609.15}{537,225.15,610.15}{538,225.5,611.15}{539,225.85,612.15}{540,226.21,613.15}{541,226.56,614.15}{542,226.91,615.15}{543,227.26,616.15}{544,227.61,617.15}{545,227.96,618.15}{546,228.31,619.15}{547,228.66,620.15}{548,229.01,621.15}{549,229.36,622.15}{550,229.72,623.15}{551,230.07,624.15}{552,230.42,625.15}{553,230.77,626.15}{554,231.12,627.15}{555,231.47,628.15}{556,231.81,629.15}{557,232.16,630.15}{558,232.51,631.15}{559,232.86,632.15}{560,233.21,633.15}{561,233.56,634.15}{562,233.91,635.15}{563,234.26,636.15}{564,234.6,637.15}{565,234.95,638.15}{566,235.3,639.15}{567,235.65,640.15}{568,236,641.15}{569,236.35,642.15}{570,236.7,643.15}{571,237.05,644.15}{572,237.4,645.15}{573,237.75,646.15}{574,238.09,647.15}{575,238.44,648.15}{576,238.79,649.15}{577,239.14,650.15}{578,239.48,651.15}{579,239.83,652.15}{580,240.18,653.15}{581,240.52,654.15}{582,240.87,655.15}{583,241.22,656.15}{584,241.56,657.15}{585,241.91,658.15}{586,242.25,659.15}{587,242.6,660.15}{588,242.95,661.15}{589,243.29,662.15}{590,243.64,663.15}{591,243.98,664.15}{592,244.33,665.15}{593,244.67,666.15}{594,245.02,667.15}{595,245.36,668.15}{596,245.71,669.15}{597,246.05,670.15}{598,246.4,671.15}{599,246.74,672.15}{600,247.09,673.15}{601,247.43,674.15}{602,247.78,675.15}{603,248.12,676.15}{604,248.46,677.15}{605,248.81,678.15}{606,249.15,679.15}{607,249.5,680.15}{608,249.84,681.15}{609,250.18,682.15}{610,250.53,683.15}{611,250.89,684.15}{612,251.21,685.15}{613,251.55,686.15}{614,251.9,687.15}{615,252.24,688.15}{616,252.59,689.15}{617,252.94,690.15}{618,253.28,691.15}{619,253.62,692.15}{620,253.96,693.15}{621,254.3,694.15}{622,254.65,695.15}{623,254.99,696.15}{624,255.33,697.15}{625,255.67,698.15}{626,256.01,699.15}{627,256.35,700.15}{628,256.7,701.15}{629,257.04,702.15}{630,257.38,703.15}{631,257.72,704.15}{632,258.06,705.15}{633,258.4,706.15}{634,258.74,707.15}{635,259.08,708.15}{636,259.42,709.15}{637,259.76,710.15}{638,260.1,711.15}{639,260.44,712.15}{640,260.78,713.15}{641,261.12,714.15}{642,261.46,715.15}{643,261.8,716.15}{644,262.14,717.15}{645,262.48,718.15}{646,262.83,719.15}{647,263.17,720.15}{648,263.5,721.15}{649,263.84,722.15}{650,264.18,723.15}{651,264.52,724.15}{652,264.86,725.15}{653,265.2,726.15}{654,265.54,727.15}{655,265.87,728.15}{656,266.21,729.15}{657,266.55,730.15}{658,266.89,731.15}{659,267.22,732.15}{660,267.56,733.15}{661,267.9,734.15}{662,268.24,735.15}{663,268.57,736.15}{664,268.91,737.15}{665,269.25,738.15}{666,269.58,739.15}{667,269.92,740.15}{668,270.26,741.15}{669,270.59,742.15}{670,270.93,743.15}{671,271.27,744.15}{672,271.6,745.15}{673,271.94,746.15}{674,272.27,747.15}{675,272.61,748.15}{676,272.95,749.15}{677,273.28,750.15}{678,273.62,751.15}{679,273.95,752.15}{680,274.29,753.15}{681,274.62,754.15}{682,274.96,755.15}{683,275.29,756.15}{684,275.63,757.15}{685,275.96,758.15}{686,276.31,759.15}{687,276.64,760.15}{688,276.97,761.15}{689,277.31,762.15}{690,277.64,763.15}{691,277.98,764.15}{692,278.31,765.15}{693,278.64,766.15}{694,278.98,767.15}{695,279.31,768.15}{696,279.64,769.15}{697,279.98,770.15}{698,280.31,771.15}{699,280.64,772.15}{700,280.98,773.15}{701,281.31,774.15}{702,281.64,775.15}{703,281.97,776.15}{704,282.31,777.15}{705,282.64,778.15}{706,282.97,779.15}{707,283.3,780.15}{708,283.63,781.15}{709,283.97,782.15}{710,284.3,783.15}{711,284.63,784.15}{712,284.96,785.15}{713,285.29,786.15}{714,285.62,787.15}{715,285.95,788.15}{716,286.3,789.15}{717,286.63,790.15}{718,286.96,791.15}{719,287.29,792.15}{720,287.62,793.15}{721,287.95,794.15}{722,288.28,795.15}{723,288.61,796.15}{724,288.94,797.15}{725,289.27,798.15}{726,289.6,799.15}{727,289.93,800.15}{728,290.26,801.15}{729,290.59,802.15}{730,290.92,803.15}{731,291.25,804.15}{732,291.58,805.15}{733,291.9,806.15}{734,292.23,807.15}{735,292.56,808.15}{736,292.9,809.15}{737,293.23,810.15}{738,293.56,811.15}{739,293.89,812.15}{740,294.21,813.15}{741,294.54,814.15}{742,294.87,815.15}{743,295.2,816.15}{744,295.53,817.15}{745,295.85,818.15}{746,296.18,819.15}{747,296.51,820.15}{748,296.84,821.15}{749,297.16,822.15}{750,297.49,823.15}{751,297.82,824.15}{752,298.14,825.15}{753,298.47,826.15}{754,298.8,827.15}{755,299.12,828.15}{756,299.45,829.15}{757,299.78,830.15}{758,300.1,831.15}{759,300.43,832.15}{760,300.75,833.15}{761,301.08,834.15}{762,301.41,835.15}{763,301.73,836.15}{764,302.06,837.15}{765,302.38,838.15}{766,302.71,839.15}{767,303.03,840.15}{768,303.36,841.15}{769,303.68,842.15}{770,304.01,843.15}{771,304.33,844.15}{772,304.66,845.15}{773,304.98,846.15}{774,305.3,847.15}{775,305.63,848.15}{776,305.95,849.15}{777,306.28,850.15}{778,306.6,851.15}{779,306.92,852.15}{780,307.25,853.15}{781,307.57,854.15}{782,307.89,855.15}{783,308.22,856.15}{784,308.54,857.15}{785,308.86,858.15}{786,309.19,859.15}{787,309.51,860.15}{788,309.83,861.15}{789,310.15,862.15}{790,310.48,863.15}{791,310.8,864.15}{792,311.12,865.15}{793,311.45,866.15}{794,311.78,867.15}{795,312.1,868.15}{796,312.43,869.15}{797,312.75,870.15}{798,313.07,871.15}{799,313.39,872.15}{800,313.71,873.15}{801,314.04,874.15}{802,314.36,875.15}{803,314.68,876.15}{804,315,877.15}{805,315.32,878.15}{806,315.64,879.15}{807,315.96,880.15}{808,316.28,881.15}{809,316.6,882.15}{810,316.92,883.15}{811,317.24,884.15}{812,317.56,885.15}{813,317.88,886.15}{814,318.2,887.15}{815,318.52,888.15}{816,318.85,889.15}{817,319.17,890.15}{818,319.49,891.15}{819,319.81,892.15}{820,320.12,893.15}{821,320.44,894.15}{822,320.76,895.15}{823,321.08,896.15}{824,321.4,897.15}{825,321.72,898.15}{826,322.03,899.15}{827,322.34,900.15}{828,322.66,901.15}{829,322.98,902.15}{830,323.3,903.15}{831,323.61,904.15}{832,323.93,905.15}{833,324.25,906.15}{834,324.57,907.15}{835,324.88,908.15}{836,325.21,909.15}{837,325.53,910.15}{838,325.85,911.15}{839,326.16,912.15}{840,326.48,913.15}{841,326.79,914.15}{842,327.11,915.15}{843,327.43,916.15}{844,327.74,917.15}{845,328.06,918.15}{846,328.38,919.15}{847,328.69,920.15}{848,329.01,921.15}{849,329.32,922.15}{850,329.64,923.15}{851,329.95,924.15}{852,330.27,925.15}{853,330.58,926.15}{854,330.9,927.15}{855,331.21,928.15}{856,331.53,929.15}{857,331.84,930.15}{858,332.16,931.15}{859,332.47,932.15}{860,332.79,933.15}{861,333.1,934.15}{862,333.41,935.15}{863,333.73,936.15}{864,334.04,937.15}{865,334.36,938.15}{866,334.68,939.15}{867,334.99,940.15}{868,335.31,941.15}{869,335.62,942.15}{870,335.93,943.15}{871,336.25,944.15}{872,336.56,945.15}{873,336.87,946.15}{874,337.18,947.15}{875,337.5,948.15}{876,337.81,949.15}{877,338.12,950.15}{878,338.43,951.15}{879,338.75,952.15}{880,339.06,953.15}{881,339.37,954.15}{882,339.68,955.15}{883,339.99,956.15}{884,340.3,957.15}{885,340.62,958.15}{886,340.94,959.15}{887,341.25,960.15}{888,341.55,961.15}{889,341.87,962.15}{890,342.18,963.15}{891,342.49,964.15}{892,342.8,965.15}{893,343.11,966.15}{894,343.42,967.15}{895,343.73,968.15}{896,344.04,969.15}{897,344.35,970.15}{898,344.66,971.15}{899,344.97,972.15}{900,345.28,973.15}{901,345.59,974.15}{902,345.9,975.15}{903,346.21,976.15}{904,346.52,977.15}{905,346.83,978.15}{906,347.15,979.15}{907,347.46,980.15}{908,347.76,981.15}{909,348.07,982.15}{910,348.38,983.15}{911,348.69,984.15}{912,349,985.15}{913,349.31,986.15}{914,349.61,987.15}{915,349.92,988.15}{916,350.23,989.15}{917,350.54,990.15}{918,350.85,991.15}{919,351.15,992.15}{920,351.46,993.15}{921,351.77,994.15}{922,352.07,995.15}{923,352.38,996.15}{924,352.69,997.15}{925,352.99,998.15}{926,353.3,999.15}{927,353.61,1000.15}{928,353.91,1001.15}{929,354.22,1002.15}{930,354.53,1003.15}{931,354.83,1004.15}{932,355.14,1005.15}{933,355.44,1006.15}{934,355.75,1007.15}{935,356.06,1008.15}{936,356.37,1009.15}{937,356.68,1010.15}{938,356.98,1011.15}{939,357.29,1012.15}{940,357.59,1013.15}{941,357.9,1014.15}{942,358.2,1015.15}{943,358.51,1016.15}{944,358.81,1017.15}{945,359.12,1018.15}{946,359.42,1019.15}{947,359.72,1020.15}{948,360.03,1021.15}{949,360.33,1022.15}{950,360.64,1023.15}{951,360.94,1024.15}{952,361.24,1025.15}{953,361.55,1026.15}{954,361.85,1027.15}{955,362.15,1028.15}{956,362.46,1029.15}{957,362.76,1030.15}{958,363.06,1031.15}{959,363.36,1032.15}{960,363.67,1033.15}{961,363.97,1034.15}{962,364.27,1035.15}{963,364.57,1036.15}{964,364.88,1037.15}{965,365.18,1038.15}{966,365.49,1039.15}{967,365.79,1040.15}{968,366.09,1041.15}{969,366.4,1042.15}{970,366.7,1043.15}{971,367,1044.15}{972,367.3,1045.15}{973,367.6,1046.15}{974,367.9,1047.15}{975,368.2,1048.15}{976,368.5,1049.15}{977,368.81,1050.15}{978,369.11,1051.15}{979,369.41,1052.15}{980,369.71,1053.15}{981,370.01,1054.15}{982,370.31,1055.15}{983,370.61,1056.15}{984,370.91,1057.15}{985,371.21,1058.15}{986,371.52,1059.15}{987,371.82,1060.15}{988,372.12,1061.15}{989,372.41,1062.15}{990,372.71,1063.15}{991,373.01,1064.15}{992,373.31,1065.15}{993,373.61,1066.15}{994,373.91,1067.15}{995,374.21,1068.15}{996,374.51,1069.15}{997,374.8,1070.15}{998,375.1,1071.15}{999,375.4,1072.15}{1000,375.7,1073.15}{1001,376,1074.15}{1002,376.29,1075.15}{1003,376.59,1076.15}{1004,376.89,1077.15}{1005,377.19,1078.15}{1006,377.49,1079.15}{1007,377.79,1080.15}{1008,378.09,1081.15}{1009,378.39,1082.15}{1010,378.68,1083.15}{1011,378.98,1084.15}{1012,379.28,1085.15}{1013,379.57,1086.15}{1014,379.87,1087.15}{1015,380.17,1088.15}{1016,380.46,1089.15}{1017,380.76,1090.15}{1018,381.05,1091.15}{1019,381.35,1092.15}{1020,381.65,1093.15}{1021,381.94,1094.15}{1022,382.24,1095.15}{1023,382.53,1096.15}{1024,382.83,1097.15}{1025,383.12,1098.15}{1026,383.42,1099.15}{1027,383.71,1100.15}{1028,384.01,1101.15}{1029,384.3,1102.15}{1030,384.6,1103.15}{1031,384.89,1104.15}{1032,385.18,1105.15}{1033,385.48,1106.15}{1034,385.77,1107.15}{1035,386.07,1108.15}{1036,386.37,1109.15}{1037,386.66,1110.15}{1038,386.96,1111.15}{1039,387.25,1112.15}{1040,387.55,1113.15}{1041,387.84,1114.15}{1042,388.13,1115.15}{1043,388.42,1116.15}{1044,388.72,1117.15}{1045,389.01,1118.15}{1046,389.31,1119.15}{1047,389.61,1120.15}{1048,389.9,1121.15}{1049,390.19,1122.15}{1050,390.48,1123.15}&quot;"/>
                                                <instance name="dev01/Config/ch00002/rate" order="0" value="10"/>
                                                <instance name="dev01/Config/ch00012/Calibration_Sensor_Maximum_Range" order="0" value="1123.15"/>
                                                <instance name="dev01/Config/ch00002/RTDWireScheme" order="0" value="4"/>
                                                <instance name="dev01/Config/ch00003/rate" order="0" value="10"/>
                                                <instance name="dev01/Config/ch00004/rate" order="0" value="10"/>
                                                <instance name="dev01/Config/ch00005/rate" order="0" value="10"/>
                                                <instance name="dev01/Config/ch00006/RTDWireScheme" order="0" value="4"/>
                                                <instance name="dev01/Config/ch00006/rate" order="0" value="10"/>
                                                <instance name="dev01/Config/ch00010/Calibration_Sensor_Output_Units" order="0" value="K"/>
                                                <instance name="dev01/Config/ch00007/rate" order="0" value="10"/>
                                                <instance name="dev01/Config/ch00001/RTDRange" order="0" value="0"/>
                                                <instance name="dev01/Config/ch00003/enable" order="1" value="1"/>
                                                <instance name="dev01/Config/ch00009/Calibration_Sensor_Maximum_Range" order="0" value="1123.15"/>
                                                <instance name="dev01/Config/ch00001/RTDWireScheme" order="0" value="4"/>
                                                <instance name="dev01/Config/ch00010/Calibration_Sensor_Name" order="0" value="CalSensor10"/>
                                                <instance name="dev01/Config/ch00002/enable" order="1" value="1"/>
                                                <instance name="dev01/Config/ch00008/rate" order="0" value="10"/>
                                                <instance name="dev01/Config/ch00009/rate" order="0" value="10"/>
                                                <instance name="dev01/Config/ch00008/RTDRange" order="0" value="0"/>
                                                <instance name="dev01/Config/ch00010/rate" order="0" value="10"/>
                                                <instance name="dev01/Config/ch00006/LeadRes" order="0" value="0"/>
                                                <instance name="dev01/Config/ch00007/Calibration_Sensor_Curve" order="0" value="&quot;{0,18.52,73.15}{1,18.96,74.15}{2,19.39,75.15}{3,19.82,76.15}{4,20.25,77.15}{5,20.68,78.15}{6,21.11,79.15}{7,21.54,80.15}{8,21.97,81.15}{9,22.4,82.15}{10,22.83,83.15}{11,23.26,84.15}{12,23.69,85.15}{13,24.12,86.15}{14,24.55,87.15}{15,24.97,88.15}{16,25.39,89.15}{17,25.82,90.15}{18,26.25,91.15}{19,26.67,92.15}{20,27.1,93.15}{21,27.52,94.15}{22,27.95,95.15}{23,28.37,96.15}{24,28.8,97.15}{25,29.22,98.15}{26,29.65,99.15}{27,30.07,100.15}{28,30.49,101.15}{29,30.92,102.15}{30,31.34,103.15}{31,31.76,104.15}{32,32.18,105.15}{33,32.61,106.15}{34,33.03,107.15}{35,33.45,108.15}{36,33.86,109.15}{37,34.28,110.15}{38,34.7,111.15}{39,35.12,112.15}{40,35.54,113.15}{41,35.96,114.15}{42,36.38,115.15}{43,36.8,116.15}{44,37.22,117.15}{45,37.63,118.15}{46,38.05,119.15}{47,38.47,120.15}{48,38.89,121.15}{49,39.31,122.15}{50,39.72,123.15}{51,40.14,124.15}{52,40.56,125.15}{53,40.97,126.15}{54,41.39,127.15}{55,41.8,128.15}{56,42.22,129.15}{57,42.64,130.15}{58,43.05,131.15}{59,43.46,132.15}{60,43.88,133.15}{61,44.29,134.15}{62,44.71,135.15}{63,45.12,136.15}{64,45.53,137.15}{65,45.95,138.15}{66,46.35,139.15}{67,46.76,140.15}{68,47.18,141.15}{69,47.59,142.15}{70,48,143.15}{71,48.41,144.15}{72,48.82,145.15}{73,49.23,146.15}{74,49.64,147.15}{75,50.06,148.15}{76,50.47,149.15}{77,50.88,150.15}{78,51.29,151.15}{79,51.7,152.15}{80,52.11,153.15}{81,52.52,154.15}{82,52.92,155.15}{83,53.33,156.15}{84,53.74,157.15}{85,54.15,158.15}{86,54.56,159.15}{87,54.97,160.15}{88,55.38,161.15}{89,55.78,162.15}{90,56.19,163.15}{91,56.6,164.15}{92,57,165.15}{93,57.41,166.15}{94,57.82,167.15}{95,58.22,168.15}{96,58.63,169.15}{97,59.04,170.15}{98,59.44,171.15}{99,59.85,172.15}{100,60.26,173.15}{101,60.67,174.15}{102,61.07,175.15}{103,61.48,176.15}{104,61.87,177.15}{105,62.29,178.15}{106,62.69,179.15}{107,63.1,180.15}{108,63.5,181.15}{109,63.91,182.15}{110,64.3,183.15}{111,64.7,184.15}{112,65.11,185.15}{113,65.51,186.15}{114,65.91,187.15}{115,66.31,188.15}{116,66.72,189.15}{117,67.12,190.15}{118,67.52,191.15}{119,67.92,192.15}{120,68.33,193.15}{121,68.73,194.15}{122,69.13,195.15}{123,69.53,196.15}{124,69.93,197.15}{125,70.33,198.15}{126,70.73,199.15}{127,71.13,200.15}{128,71.53,201.15}{129,71.93,202.15}{130,72.33,203.15}{131,72.73,204.15}{132,73.13,205.15}{133,73.53,206.15}{134,73.93,207.15}{135,74.33,208.15}{136,74.73,209.15}{137,75.13,210.15}{138,75.53,211.15}{139,75.93,212.15}{140,76.33,213.15}{141,76.73,214.15}{142,77.13,215.15}{143,77.52,216.15}{144,77.92,217.15}{145,78.32,218.15}{146,78.72,219.15}{147,79.11,220.15}{148,79.51,221.15}{149,79.91,222.15}{150,80.31,223.15}{151,80.7,224.15}{152,81.1,225.15}{153,81.5,226.15}{154,81.89,227.15}{155,82.29,228.15}{156,82.69,229.15}{157,83.08,230.15}{158,83.48,231.15}{159,83.88,232.15}{160,84.27,233.15}{161,84.67,234.15}{162,85.06,235.15}{163,85.46,236.15}{164,85.85,237.15}{165,86.25,238.15}{166,86.64,239.15}{167,87.04,240.15}{168,87.43,241.15}{169,87.83,242.15}{170,88.22,243.15}{171,88.62,244.15}{172,89.01,245.15}{173,89.4,246.15}{174,89.8,247.15}{175,90.19,248.15}{176,90.59,249.15}{177,90.98,250.15}{178,91.37,251.15}{179,91.77,252.15}{180,92.16,253.15}{181,92.55,254.15}{182,92.95,255.15}{183,93.34,256.15}{184,93.73,257.15}{185,94.12,258.15}{186,94.52,259.15}{187,94.91,260.15}{188,95.3,261.15}{189,95.69,262.15}{190,96.09,263.15}{191,96.48,264.15}{192,96.87,265.15}{193,97.26,266.15}{194,97.65,267.15}{195,98.04,268.15}{196,98.44,269.15}{197,98.83,270.15}{198,99.22,271.15}{199,99.61,272.15}{200,100,273.15}{201,100.39,274.15}{202,100.78,275.15}{203,101.17,276.15}{204,101.56,277.15}{205,101.95,278.15}{206,102.34,279.15}{207,102.73,280.15}{208,103.12,281.15}{209,103.51,282.15}{210,103.9,283.15}{211,104.29,284.15}{212,104.68,285.15}{213,105.07,286.15}{214,105.46,287.15}{215,105.85,288.15}{216,106.24,289.15}{217,106.63,290.15}{218,107.02,291.15}{219,107.4,292.15}{220,107.79,293.15}{221,108.18,294.15}{222,108.57,295.15}{223,108.96,296.15}{224,109.35,297.15}{225,109.73,298.15}{226,110.12,299.15}{227,110.51,300.15}{228,110.9,301.15}{229,111.28,302.15}{230,111.67,303.15}{231,112.06,304.15}{232,112.45,305.15}{233,112.83,306.15}{234,113.22,307.15}{235,113.61,308.15}{236,113.99,309.15}{237,114.38,310.15}{238,114.77,311.15}{239,115.15,312.15}{240,115.54,313.15}{241,115.93,314.15}{242,116.31,315.15}{243,116.7,316.15}{244,117.08,317.15}{245,117.47,318.15}{246,117.85,319.15}{247,118.24,320.15}{248,118.62,321.15}{249,119.01,322.15}{250,119.4,323.15}{251,119.78,324.15}{252,120.16,325.15}{253,120.55,326.15}{254,120.93,327.15}{255,121.32,328.15}{256,121.7,329.15}{257,122.09,330.15}{258,122.47,331.15}{259,122.86,332.15}{260,123.24,333.15}{261,123.62,334.15}{262,124.01,335.15}{263,124.39,336.15}{264,124.77,337.15}{265,125.17,338.15}{266,125.55,339.15}{267,125.93,340.15}{268,126.32,341.15}{269,126.7,342.15}{270,127.08,343.15}{271,127.46,344.15}{272,127.85,345.15}{273,128.23,346.15}{274,128.61,347.15}{275,128.99,348.15}{276,129.38,349.15}{277,129.76,350.15}{278,130.14,351.15}{279,130.52,352.15}{280,130.9,353.15}{281,131.28,354.15}{282,131.67,355.15}{283,132.05,356.15}{284,132.43,357.15}{285,132.81,358.15}{286,133.19,359.15}{287,133.57,360.15}{288,133.95,361.15}{289,134.33,362.15}{290,134.71,363.15}{291,135.09,364.15}{292,135.47,365.15}{293,135.85,366.15}{294,136.23,367.15}{295,136.61,368.15}{296,136.99,369.15}{297,137.37,370.15}{298,137.75,371.15}{299,138.13,372.15}{300,138.51,373.15}{301,138.89,374.15}{302,139.27,375.15}{303,139.65,376.15}{304,140.03,377.15}{305,140.39,378.15}{306,140.77,379.15}{307,141.15,380.15}{308,141.53,381.15}{309,141.91,382.15}{310,142.29,383.15}{311,142.66,384.15}{312,143.04,385.15}{313,143.42,386.15}{314,143.8,387.15}{315,144.18,388.15}{316,144.56,389.15}{317,144.94,390.15}{318,145.32,391.15}{319,145.69,392.15}{320,146.07,393.15}{321,146.45,394.15}{322,146.82,395.15}{323,147.2,396.15}{324,147.58,397.15}{325,147.95,398.15}{326,148.33,399.15}{327,148.71,400.15}{328,149.08,401.15}{329,149.46,402.15}{330,149.83,403.15}{331,150.21,404.15}{332,150.58,405.15}{333,150.96,406.15}{334,151.34,407.15}{335,151.71,408.15}{336,152.09,409.15}{337,152.46,410.15}{338,152.84,411.15}{339,153.21,412.15}{340,153.58,413.15}{341,153.95,414.15}{342,154.32,415.15}{343,154.71,416.15}{344,155.08,417.15}{345,155.46,418.15}{346,155.83,419.15}{347,156.21,420.15}{348,156.58,421.15}{349,156.96,422.15}{350,157.33,423.15}{351,157.71,424.15}{352,158.08,425.15}{353,158.45,426.15}{354,158.83,427.15}{355,159.2,428.15}{356,159.56,429.15}{357,159.94,430.15}{358,160.31,431.15}{359,160.68,432.15}{360,161.05,433.15}{361,161.43,434.15}{362,161.8,435.15}{363,162.17,436.15}{364,162.54,437.15}{365,162.91,438.15}{366,163.28,439.15}{367,163.66,440.15}{368,164.03,441.15}{369,164.4,442.15}{370,164.77,443.15}{371,165.14,444.15}{372,165.51,445.15}{373,165.88,446.15}{374,166.25,447.15}{375,166.62,448.15}{376,167,449.15}{377,167.37,450.15}{378,167.74,451.15}{379,168.11,452.15}{380,168.48,453.15}{381,168.85,454.15}{382,169.22,455.15}{383,169.59,456.15}{384,169.96,457.15}{385,170.33,458.15}{386,170.69,459.15}{387,171.06,460.15}{388,171.43,461.15}{389,171.8,462.15}{390,172.17,463.15}{391,172.54,464.15}{392,172.91,465.15}{393,173.27,466.15}{394,173.64,467.15}{395,174.01,468.15}{396,174.39,469.15}{397,174.75,470.15}{398,175.12,471.15}{399,175.49,472.15}{400,175.86,473.15}{401,176.23,474.15}{402,176.59,475.15}{403,176.96,476.15}{404,177.33,477.15}{405,177.7,478.15}{406,178.06,479.15}{407,178.43,480.15}{408,178.8,481.15}{409,179.16,482.15}{410,179.53,483.15}{411,179.9,484.15}{412,180.26,485.15}{413,180.63,486.15}{414,180.99,487.15}{415,181.36,488.15}{416,181.73,489.15}{417,182.09,490.15}{418,182.46,491.15}{419,182.82,492.15}{420,183.19,493.15}{421,183.55,494.15}{422,183.92,495.15}{423,184.28,496.15}{424,184.65,497.15}{425,185.01,498.15}{426,185.38,499.15}{427,185.74,500.15}{428,186.11,501.15}{429,186.47,502.15}{430,186.84,503.15}{431,187.2,504.15}{432,187.56,505.15}{433,187.93,506.15}{434,188.29,507.15}{435,188.65,508.15}{436,189.02,509.15}{437,189.38,510.15}{438,189.74,511.15}{439,190.11,512.15}{440,190.47,513.15}{441,190.83,514.15}{442,191.2,515.15}{443,191.56,516.15}{444,191.92,517.15}{445,192.28,518.15}{446,192.66,519.15}{447,193.02,520.15}{448,193.38,521.15}{449,193.74,522.15}{450,194.1,523.15}{451,194.47,524.15}{452,194.83,525.15}{453,195.19,526.15}{454,195.55,527.15}{455,195.9,528.15}{456,196.26,529.15}{457,196.62,530.15}{458,196.98,531.15}{459,197.35,532.15}{460,197.71,533.15}{461,198.07,534.15}{462,198.43,535.15}{463,198.79,536.15}{464,199.15,537.15}{465,199.51,538.15}{466,199.87,539.15}{467,200.23,540.15}{468,200.59,541.15}{469,200.95,542.15}{470,201.31,543.15}{471,201.67,544.15}{472,202.03,545.15}{473,202.38,546.15}{474,202.74,547.15}{475,203.1,548.15}{476,203.46,549.15}{477,203.82,550.15}{478,204.18,551.15}{479,204.54,552.15}{480,204.9,553.15}{481,205.25,554.15}{482,205.61,555.15}{483,205.97,556.15}{484,206.33,557.15}{485,206.7,558.15}{486,207.05,559.15}{487,207.41,560.15}{488,207.77,561.15}{489,208.13,562.15}{490,208.48,563.15}{491,208.84,564.15}{492,209.2,565.15}{493,209.55,566.15}{494,209.91,567.15}{495,210.27,568.15}{496,210.62,569.15}{497,210.98,570.15}{498,211.34,571.15}{499,211.69,572.15}{500,212.05,573.15}{501,212.4,574.15}{502,212.76,575.15}{503,213.12,576.15}{504,213.47,577.15}{505,213.83,578.15}{506,214.19,579.15}{507,214.55,580.15}{508,214.9,581.15}{509,215.26,582.15}{510,215.61,583.15}{511,215.97,584.15}{512,216.32,585.15}{513,216.68,586.15}{514,217.03,587.15}{515,217.39,588.15}{516,217.73,589.15}{517,218.08,590.15}{518,218.44,591.15}{519,218.79,592.15}{520,219.15,593.15}{521,219.5,594.15}{522,219.85,595.15}{523,220.21,596.15}{524,220.56,597.15}{525,220.91,598.15}{526,221.27,599.15}{527,221.62,600.15}{528,221.97,601.15}{529,222.32,602.15}{530,222.68,603.15}{531,223.03,604.15}{532,223.38,605.15}{533,223.73,606.15}{534,224.09,607.15}{535,224.45,608.15}{536,224.8,609.15}{537,225.15,610.15}{538,225.5,611.15}{539,225.85,612.15}{540,226.21,613.15}{541,226.56,614.15}{542,226.91,615.15}{543,227.26,616.15}{544,227.61,617.15}{545,227.96,618.15}{546,228.31,619.15}{547,228.66,620.15}{548,229.01,621.15}{549,229.36,622.15}{550,229.72,623.15}{551,230.07,624.15}{552,230.42,625.15}{553,230.77,626.15}{554,231.12,627.15}{555,231.47,628.15}{556,231.81,629.15}{557,232.16,630.15}{558,232.51,631.15}{559,232.86,632.15}{560,233.21,633.15}{561,233.56,634.15}{562,233.91,635.15}{563,234.26,636.15}{564,234.6,637.15}{565,234.95,638.15}{566,235.3,639.15}{567,235.65,640.15}{568,236,641.15}{569,236.35,642.15}{570,236.7,643.15}{571,237.05,644.15}{572,237.4,645.15}{573,237.75,646.15}{574,238.09,647.15}{575,238.44,648.15}{576,238.79,649.15}{577,239.14,650.15}{578,239.48,651.15}{579,239.83,652.15}{580,240.18,653.15}{581,240.52,654.15}{582,240.87,655.15}{583,241.22,656.15}{584,241.56,657.15}{585,241.91,658.15}{586,242.25,659.15}{587,242.6,660.15}{588,242.95,661.15}{589,243.29,662.15}{590,243.64,663.15}{591,243.98,664.15}{592,244.33,665.15}{593,244.67,666.15}{594,245.02,667.15}{595,245.36,668.15}{596,245.71,669.15}{597,246.05,670.15}{598,246.4,671.15}{599,246.74,672.15}{600,247.09,673.15}{601,247.43,674.15}{602,247.78,675.15}{603,248.12,676.15}{604,248.46,677.15}{605,248.81,678.15}{606,249.15,679.15}{607,249.5,680.15}{608,249.84,681.15}{609,250.18,682.15}{610,250.53,683.15}{611,250.89,684.15}{612,251.21,685.15}{613,251.55,686.15}{614,251.9,687.15}{615,252.24,688.15}{616,252.59,689.15}{617,252.94,690.15}{618,253.28,691.15}{619,253.62,692.15}{620,253.96,693.15}{621,254.3,694.15}{622,254.65,695.15}{623,254.99,696.15}{624,255.33,697.15}{625,255.67,698.15}{626,256.01,699.15}{627,256.35,700.15}{628,256.7,701.15}{629,257.04,702.15}{630,257.38,703.15}{631,257.72,704.15}{632,258.06,705.15}{633,258.4,706.15}{634,258.74,707.15}{635,259.08,708.15}{636,259.42,709.15}{637,259.76,710.15}{638,260.1,711.15}{639,260.44,712.15}{640,260.78,713.15}{641,261.12,714.15}{642,261.46,715.15}{643,261.8,716.15}{644,262.14,717.15}{645,262.48,718.15}{646,262.83,719.15}{647,263.17,720.15}{648,263.5,721.15}{649,263.84,722.15}{650,264.18,723.15}{651,264.52,724.15}{652,264.86,725.15}{653,265.2,726.15}{654,265.54,727.15}{655,265.87,728.15}{656,266.21,729.15}{657,266.55,730.15}{658,266.89,731.15}{659,267.22,732.15}{660,267.56,733.15}{661,267.9,734.15}{662,268.24,735.15}{663,268.57,736.15}{664,268.91,737.15}{665,269.25,738.15}{666,269.58,739.15}{667,269.92,740.15}{668,270.26,741.15}{669,270.59,742.15}{670,270.93,743.15}{671,271.27,744.15}{672,271.6,745.15}{673,271.94,746.15}{674,272.27,747.15}{675,272.61,748.15}{676,272.95,749.15}{677,273.28,750.15}{678,273.62,751.15}{679,273.95,752.15}{680,274.29,753.15}{681,274.62,754.15}{682,274.96,755.15}{683,275.29,756.15}{684,275.63,757.15}{685,275.96,758.15}{686,276.31,759.15}{687,276.64,760.15}{688,276.97,761.15}{689,277.31,762.15}{690,277.64,763.15}{691,277.98,764.15}{692,278.31,765.15}{693,278.64,766.15}{694,278.98,767.15}{695,279.31,768.15}{696,279.64,769.15}{697,279.98,770.15}{698,280.31,771.15}{699,280.64,772.15}{700,280.98,773.15}{701,281.31,774.15}{702,281.64,775.15}{703,281.97,776.15}{704,282.31,777.15}{705,282.64,778.15}{706,282.97,779.15}{707,283.3,780.15}{708,283.63,781.15}{709,283.97,782.15}{710,284.3,783.15}{711,284.63,784.15}{712,284.96,785.15}{713,285.29,786.15}{714,285.62,787.15}{715,285.95,788.15}{716,286.3,789.15}{717,286.63,790.15}{718,286.96,791.15}{719,287.29,792.15}{720,287.62,793.15}{721,287.95,794.15}{722,288.28,795.15}{723,288.61,796.15}{724,288.94,797.15}{725,289.27,798.15}{726,289.6,799.15}{727,289.93,800.15}{728,290.26,801.15}{729,290.59,802.15}{730,290.92,803.15}{731,291.25,804.15}{732,291.58,805.15}{733,291.9,806.15}{734,292.23,807.15}{735,292.56,808.15}{736,292.9,809.15}{737,293.23,810.15}{738,293.56,811.15}{739,293.89,812.15}{740,294.21,813.15}{741,294.54,814.15}{742,294.87,815.15}{743,295.2,816.15}{744,295.53,817.15}{745,295.85,818.15}{746,296.18,819.15}{747,296.51,820.15}{748,296.84,821.15}{749,297.16,822.15}{750,297.49,823.15}{751,297.82,824.15}{752,298.14,825.15}{753,298.47,826.15}{754,298.8,827.15}{755,299.12,828.15}{756,299.45,829.15}{757,299.78,830.15}{758,300.1,831.15}{759,300.43,832.15}{760,300.75,833.15}{761,301.08,834.15}{762,301.41,835.15}{763,301.73,836.15}{764,302.06,837.15}{765,302.38,838.15}{766,302.71,839.15}{767,303.03,840.15}{768,303.36,841.15}{769,303.68,842.15}{770,304.01,843.15}{771,304.33,844.15}{772,304.66,845.15}{773,304.98,846.15}{774,305.3,847.15}{775,305.63,848.15}{776,305.95,849.15}{777,306.28,850.15}{778,306.6,851.15}{779,306.92,852.15}{780,307.25,853.15}{781,307.57,854.15}{782,307.89,855.15}{783,308.22,856.15}{784,308.54,857.15}{785,308.86,858.15}{786,309.19,859.15}{787,309.51,860.15}{788,309.83,861.15}{789,310.15,862.15}{790,310.48,863.15}{791,310.8,864.15}{792,311.12,865.15}{793,311.45,866.15}{794,311.78,867.15}{795,312.1,868.15}{796,312.43,869.15}{797,312.75,870.15}{798,313.07,871.15}{799,313.39,872.15}{800,313.71,873.15}{801,314.04,874.15}{802,314.36,875.15}{803,314.68,876.15}{804,315,877.15}{805,315.32,878.15}{806,315.64,879.15}{807,315.96,880.15}{808,316.28,881.15}{809,316.6,882.15}{810,316.92,883.15}{811,317.24,884.15}{812,317.56,885.15}{813,317.88,886.15}{814,318.2,887.15}{815,318.52,888.15}{816,318.85,889.15}{817,319.17,890.15}{818,319.49,891.15}{819,319.81,892.15}{820,320.12,893.15}{821,320.44,894.15}{822,320.76,895.15}{823,321.08,896.15}{824,321.4,897.15}{825,321.72,898.15}{826,322.03,899.15}{827,322.34,900.15}{828,322.66,901.15}{829,322.98,902.15}{830,323.3,903.15}{831,323.61,904.15}{832,323.93,905.15}{833,324.25,906.15}{834,324.57,907.15}{835,324.88,908.15}{836,325.21,909.15}{837,325.53,910.15}{838,325.85,911.15}{839,326.16,912.15}{840,326.48,913.15}{841,326.79,914.15}{842,327.11,915.15}{843,327.43,916.15}{844,327.74,917.15}{845,328.06,918.15}{846,328.38,919.15}{847,328.69,920.15}{848,329.01,921.15}{849,329.32,922.15}{850,329.64,923.15}{851,329.95,924.15}{852,330.27,925.15}{853,330.58,926.15}{854,330.9,927.15}{855,331.21,928.15}{856,331.53,929.15}{857,331.84,930.15}{858,332.16,931.15}{859,332.47,932.15}{860,332.79,933.15}{861,333.1,934.15}{862,333.41,935.15}{863,333.73,936.15}{864,334.04,937.15}{865,334.36,938.15}{866,334.68,939.15}{867,334.99,940.15}{868,335.31,941.15}{869,335.62,942.15}{870,335.93,943.15}{871,336.25,944.15}{872,336.56,945.15}{873,336.87,946.15}{874,337.18,947.15}{875,337.5,948.15}{876,337.81,949.15}{877,338.12,950.15}{878,338.43,951.15}{879,338.75,952.15}{880,339.06,953.15}{881,339.37,954.15}{882,339.68,955.15}{883,339.99,956.15}{884,340.3,957.15}{885,340.62,958.15}{886,340.94,959.15}{887,341.25,960.15}{888,341.55,961.15}{889,341.87,962.15}{890,342.18,963.15}{891,342.49,964.15}{892,342.8,965.15}{893,343.11,966.15}{894,343.42,967.15}{895,343.73,968.15}{896,344.04,969.15}{897,344.35,970.15}{898,344.66,971.15}{899,344.97,972.15}{900,345.28,973.15}{901,345.59,974.15}{902,345.9,975.15}{903,346.21,976.15}{904,346.52,977.15}{905,346.83,978.15}{906,347.15,979.15}{907,347.46,980.15}{908,347.76,981.15}{909,348.07,982.15}{910,348.38,983.15}{911,348.69,984.15}{912,349,985.15}{913,349.31,986.15}{914,349.61,987.15}{915,349.92,988.15}{916,350.23,989.15}{917,350.54,990.15}{918,350.85,991.15}{919,351.15,992.15}{920,351.46,993.15}{921,351.77,994.15}{922,352.07,995.15}{923,352.38,996.15}{924,352.69,997.15}{925,352.99,998.15}{926,353.3,999.15}{927,353.61,1000.15}{928,353.91,1001.15}{929,354.22,1002.15}{930,354.53,1003.15}{931,354.83,1004.15}{932,355.14,1005.15}{933,355.44,1006.15}{934,355.75,1007.15}{935,356.06,1008.15}{936,356.37,1009.15}{937,356.68,1010.15}{938,356.98,1011.15}{939,357.29,1012.15}{940,357.59,1013.15}{941,357.9,1014.15}{942,358.2,1015.15}{943,358.51,1016.15}{944,358.81,1017.15}{945,359.12,1018.15}{946,359.42,1019.15}{947,359.72,1020.15}{948,360.03,1021.15}{949,360.33,1022.15}{950,360.64,1023.15}{951,360.94,1024.15}{952,361.24,1025.15}{953,361.55,1026.15}{954,361.85,1027.15}{955,362.15,1028.15}{956,362.46,1029.15}{957,362.76,1030.15}{958,363.06,1031.15}{959,363.36,1032.15}{960,363.67,1033.15}{961,363.97,1034.15}{962,364.27,1035.15}{963,364.57,1036.15}{964,364.88,1037.15}{965,365.18,1038.15}{966,365.49,1039.15}{967,365.79,1040.15}{968,366.09,1041.15}{969,366.4,1042.15}{970,366.7,1043.15}{971,367,1044.15}{972,367.3,1045.15}{973,367.6,1046.15}{974,367.9,1047.15}{975,368.2,1048.15}{976,368.5,1049.15}{977,368.81,1050.15}{978,369.11,1051.15}{979,369.41,1052.15}{980,369.71,1053.15}{981,370.01,1054.15}{982,370.31,1055.15}{983,370.61,1056.15}{984,370.91,1057.15}{985,371.21,1058.15}{986,371.52,1059.15}{987,371.82,1060.15}{988,372.12,1061.15}{989,372.41,1062.15}{990,372.71,1063.15}{991,373.01,1064.15}{992,373.31,1065.15}{993,373.61,1066.15}{994,373.91,1067.15}{995,374.21,1068.15}{996,374.51,1069.15}{997,374.8,1070.15}{998,375.1,1071.15}{999,375.4,1072.15}{1000,375.7,1073.15}{1001,376,1074.15}{1002,376.29,1075.15}{1003,376.59,1076.15}{1004,376.89,1077.15}{1005,377.19,1078.15}{1006,377.49,1079.15}{1007,377.79,1080.15}{1008,378.09,1081.15}{1009,378.39,1082.15}{1010,378.68,1083.15}{1011,378.98,1084.15}{1012,379.28,1085.15}{1013,379.57,1086.15}{1014,379.87,1087.15}{1015,380.17,1088.15}{1016,380.46,1089.15}{1017,380.76,1090.15}{1018,381.05,1091.15}{1019,381.35,1092.15}{1020,381.65,1093.15}{1021,381.94,1094.15}{1022,382.24,1095.15}{1023,382.53,1096.15}{1024,382.83,1097.15}{1025,383.12,1098.15}{1026,383.42,1099.15}{1027,383.71,1100.15}{1028,384.01,1101.15}{1029,384.3,1102.15}{1030,384.6,1103.15}{1031,384.89,1104.15}{1032,385.18,1105.15}{1033,385.48,1106.15}{1034,385.77,1107.15}{1035,386.07,1108.15}{1036,386.37,1109.15}{1037,386.66,1110.15}{1038,386.96,1111.15}{1039,387.25,1112.15}{1040,387.55,1113.15}{1041,387.84,1114.15}{1042,388.13,1115.15}{1043,388.42,1116.15}{1044,388.72,1117.15}{1045,389.01,1118.15}{1046,389.31,1119.15}{1047,389.61,1120.15}{1048,389.9,1121.15}{1049,390.19,1122.15}{1050,390.48,1123.15}&quot;"/>
                                                <instance name="dev01/Config/ch00011/Calibration_Sensor_Output_Units" order="0" value="K"/>
                                                <instance name="dev01/Config/ch00007/LeadRes" order="0" value="0"/>
                                                <instance name="dev01/Config/ch00008/LeadRes" order="0" value="0"/>
                                                <instance name="dev01/Config/ch00006/Calibration_Sensor_Input_Units" order="0" value="Ohm"/>
                                                <instance name="dev01/Config/ch00011/Calibration_Sensor_Name" order="0" value="CalSensor11"/>
                                                <instance name="dev01/Config/ch00009/LeadRes" order="0" value="0"/>
                                                <instance name="dev01/Config/ch00010/LeadRes" order="0" value="0"/>
                                                <instance name="dev01/Config/ch00011/LeadRes" order="0" value="0"/>
                                                <instance name="dev01/Config/ch00010/RTDRange" order="0" value="0"/>
                                                <instance name="dev01/Config/ch00008/Calibration_Sensor_Input_Units" order="0" value="Ohm"/>
                                                <instance name="dev01/Config/ch00005/Calibration_Sensor_Maximum_Range" order="0" value="1123.15"/>
                                                <instance name="dev01/Config/ch00003/RTDWireScheme" order="0" value="4"/>
                                                <instance name="dev01/Config/ch00011/RTDRange" order="0" value="0"/>
                                                <instance name="dev01/Config/ch00001/Calibration_Sensor_Calibration_Date" order="0" value="2020-01-01"/>
                                                <instance name="dev01/Config/ch00011/Calibration_Sensor_Maximum_Range" order="0" value="1123.15"/>
                                                <instance name="dev01/Config/ch00012/Calibration_Sensor_Output_Units" order="0" value="K"/>
                                                <instance name="dev01/Config/ch00012/Calibration_Sensor_Name" order="0" value="CalSensor12"/>
                                                <instance name="dev01/Config/ch00011/rate" order="0" value="10"/>
                                                <instance name="dev01/Config/ch00002/Calibration_Sensor_Calibration_Date" order="0" value="2020-01-01"/>
                                                <instance name="dev01/Config/ch00003/Calibration_Sensor_Calibration_Date" order="0" value="2020-01-01"/>
                                                <instance name="dev01/Config/ch00004/Calibration_Sensor_Calibration_Date" order="0" value="2020-01-01"/>
                                                <instance name="dev01/Config/ch00009/Calibration_Sensor_Input_Units" order="0" value="Ohm"/>
                                                <instance name="dev01/Config/ch00005/Calibration_Sensor_Calibration_Date" order="0" value="2020-01-01"/>
                                                <instance name="dev01/Config/ch00001/Calibration_Sensor_Minimum_Range" order="0" value="73.15"/>
                                                <instance name="dev01/Config/ch00004/Calibration_Sensor_Table_Type" order="2" value="1"/>
                                                <instance name="dev01/Config/ch00006/Calibration_Sensor_Calibration_Date" order="0" value="2020-01-01"/>
                                                <instance name="dev01/Config/ch00007/Calibration_Sensor_Calibration_Date" order="0" value="2020-01-01"/>
                                                <instance name="dev01/Config/ch00008/Calibration_Sensor_Calibration_Date" order="0" value="2020-01-01"/>
                                                <instance name="dev01/Config/ch00004/RTDRange" order="0" value="0"/>
                                                <instance name="dev01/Config/ch00009/Calibration_Sensor_Calibration_Date" order="0" value="2020-01-01"/>
                                                <instance name="dev01/Config/ch00012/rate" order="0" value="10"/>
                                                <instance name="dev01/Config/ch00004/RTDWireScheme" order="0" value="4"/>
                                                <instance name="dev01/Config/ch00005/RTDWireScheme" order="0" value="4"/>
                                                <instance name="dev01/Config/ch00001/Calibration_Sensor_Table_Type" order="2" value="1"/>
                                                <instance name="dev01/Config/ch00012/LeadRes" order="0" value="0"/>
                                                <instance name="dev01/Config/ch00010/Calibration_Sensor_Calibration_Date" order="0" value="2020-01-01"/>
                                                <instance name="dev01/Config/ch00011/Calibration_Sensor_Calibration_Date" order="0" value="2020-01-01"/>
                                                <instance name="dev01/Config/ch00012/Calibration_Sensor_Calibration_Date" order="0" value="2020-01-01"/>
                                                <instance name="dev01/Config/ch00003/Calibration_Sensor_Minimum_Range" order="0" value="73.15"/>
                                                <instance name="dev01/Config/ch00001/Calibration_Sensor_Curve" order="0" value="&quot;{0,18.52,73.15}{1,18.96,74.15}{2,19.39,75.15}{3,19.82,76.15}{4,20.25,77.15}{5,20.68,78.15}{6,21.11,79.15}{7,21.54,80.15}{8,21.97,81.15}{9,22.4,82.15}{10,22.83,83.15}{11,23.26,84.15}{12,23.69,85.15}{13,24.12,86.15}{14,24.55,87.15}{15,24.97,88.15}{16,25.39,89.15}{17,25.82,90.15}{18,26.25,91.15}{19,26.67,92.15}{20,27.1,93.15}{21,27.52,94.15}{22,27.95,95.15}{23,28.37,96.15}{24,28.8,97.15}{25,29.22,98.15}{26,29.65,99.15}{27,30.07,100.15}{28,30.49,101.15}{29,30.92,102.15}{30,31.34,103.15}{31,31.76,104.15}{32,32.18,105.15}{33,32.61,106.15}{34,33.03,107.15}{35,33.45,108.15}{36,33.86,109.15}{37,34.28,110.15}{38,34.7,111.15}{39,35.12,112.15}{40,35.54,113.15}{41,35.96,114.15}{42,36.38,115.15}{43,36.8,116.15}{44,37.22,117.15}{45,37.63,118.15}{46,38.05,119.15}{47,38.47,120.15}{48,38.89,121.15}{49,39.31,122.15}{50,39.72,123.15}{51,40.14,124.15}{52,40.56,125.15}{53,40.97,126.15}{54,41.39,127.15}{55,41.8,128.15}{56,42.22,129.15}{57,42.64,130.15}{58,43.05,131.15}{59,43.46,132.15}{60,43.88,133.15}{61,44.29,134.15}{62,44.71,135.15}{63,45.12,136.15}{64,45.53,137.15}{65,45.95,138.15}{66,46.35,139.15}{67,46.76,140.15}{68,47.18,141.15}{69,47.59,142.15}{70,48,143.15}{71,48.41,144.15}{72,48.82,145.15}{73,49.23,146.15}{74,49.64,147.15}{75,50.06,148.15}{76,50.47,149.15}{77,50.88,150.15}{78,51.29,151.15}{79,51.7,152.15}{80,52.11,153.15}{81,52.52,154.15}{82,52.92,155.15}{83,53.33,156.15}{84,53.74,157.15}{85,54.15,158.15}{86,54.56,159.15}{87,54.97,160.15}{88,55.38,161.15}{89,55.78,162.15}{90,56.19,163.15}{91,56.6,164.15}{92,57,165.15}{93,57.41,166.15}{94,57.82,167.15}{95,58.22,168.15}{96,58.63,169.15}{97,59.04,170.15}{98,59.44,171.15}{99,59.85,172.15}{100,60.26,173.15}{101,60.67,174.15}{102,61.07,175.15}{103,61.48,176.15}{104,61.87,177.15}{105,62.29,178.15}{106,62.69,179.15}{107,63.1,180.15}{108,63.5,181.15}{109,63.91,182.15}{110,64.3,183.15}{111,64.7,184.15}{112,65.11,185.15}{113,65.51,186.15}{114,65.91,187.15}{115,66.31,188.15}{116,66.72,189.15}{117,67.12,190.15}{118,67.52,191.15}{119,67.92,192.15}{120,68.33,193.15}{121,68.73,194.15}{122,69.13,195.15}{123,69.53,196.15}{124,69.93,197.15}{125,70.33,198.15}{126,70.73,199.15}{127,71.13,200.15}{128,71.53,201.15}{129,71.93,202.15}{130,72.33,203.15}{131,72.73,204.15}{132,73.13,205.15}{133,73.53,206.15}{134,73.93,207.15}{135,74.33,208.15}{136,74.73,209.15}{137,75.13,210.15}{138,75.53,211.15}{139,75.93,212.15}{140,76.33,213.15}{141,76.73,214.15}{142,77.13,215.15}{143,77.52,216.15}{144,77.92,217.15}{145,78.32,218.15}{146,78.72,219.15}{147,79.11,220.15}{148,79.51,221.15}{149,79.91,222.15}{150,80.31,223.15}{151,80.7,224.15}{152,81.1,225.15}{153,81.5,226.15}{154,81.89,227.15}{155,82.29,228.15}{156,82.69,229.15}{157,83.08,230.15}{158,83.48,231.15}{159,83.88,232.15}{160,84.27,233.15}{161,84.67,234.15}{162,85.06,235.15}{163,85.46,236.15}{164,85.85,237.15}{165,86.25,238.15}{166,86.64,239.15}{167,87.04,240.15}{168,87.43,241.15}{169,87.83,242.15}{170,88.22,243.15}{171,88.62,244.15}{172,89.01,245.15}{173,89.4,246.15}{174,89.8,247.15}{175,90.19,248.15}{176,90.59,249.15}{177,90.98,250.15}{178,91.37,251.15}{179,91.77,252.15}{180,92.16,253.15}{181,92.55,254.15}{182,92.95,255.15}{183,93.34,256.15}{184,93.73,257.15}{185,94.12,258.15}{186,94.52,259.15}{187,94.91,260.15}{188,95.3,261.15}{189,95.69,262.15}{190,96.09,263.15}{191,96.48,264.15}{192,96.87,265.15}{193,97.26,266.15}{194,97.65,267.15}{195,98.04,268.15}{196,98.44,269.15}{197,98.83,270.15}{198,99.22,271.15}{199,99.61,272.15}{200,100,273.15}{201,100.39,274.15}{202,100.78,275.15}{203,101.17,276.15}{204,101.56,277.15}{205,101.95,278.15}{206,102.34,279.15}{207,102.73,280.15}{208,103.12,281.15}{209,103.51,282.15}{210,103.9,283.15}{211,104.29,284.15}{212,104.68,285.15}{213,105.07,286.15}{214,105.46,287.15}{215,105.85,288.15}{216,106.24,289.15}{217,106.63,290.15}{218,107.02,291.15}{219,107.4,292.15}{220,107.79,293.15}{221,108.18,294.15}{222,108.57,295.15}{223,108.96,296.15}{224,109.35,297.15}{225,109.73,298.15}{226,110.12,299.15}{227,110.51,300.15}{228,110.9,301.15}{229,111.28,302.15}{230,111.67,303.15}{231,112.06,304.15}{232,112.45,305.15}{233,112.83,306.15}{234,113.22,307.15}{235,113.61,308.15}{236,113.99,309.15}{237,114.38,310.15}{238,114.77,311.15}{239,115.15,312.15}{240,115.54,313.15}{241,115.93,314.15}{242,116.31,315.15}{243,116.7,316.15}{244,117.08,317.15}{245,117.47,318.15}{246,117.85,319.15}{247,118.24,320.15}{248,118.62,321.15}{249,119.01,322.15}{250,119.4,323.15}{251,119.78,324.15}{252,120.16,325.15}{253,120.55,326.15}{254,120.93,327.15}{255,121.32,328.15}{256,121.7,329.15}{257,122.09,330.15}{258,122.47,331.15}{259,122.86,332.15}{260,123.24,333.15}{261,123.62,334.15}{262,124.01,335.15}{263,124.39,336.15}{264,124.77,337.15}{265,125.17,338.15}{266,125.55,339.15}{267,125.93,340.15}{268,126.32,341.15}{269,126.7,342.15}{270,127.08,343.15}{271,127.46,344.15}{272,127.85,345.15}{273,128.23,346.15}{274,128.61,347.15}{275,128.99,348.15}{276,129.38,349.15}{277,129.76,350.15}{278,130.14,351.15}{279,130.52,352.15}{280,130.9,353.15}{281,131.28,354.15}{282,131.67,355.15}{283,132.05,356.15}{284,132.43,357.15}{285,132.81,358.15}{286,133.19,359.15}{287,133.57,360.15}{288,133.95,361.15}{289,134.33,362.15}{290,134.71,363.15}{291,135.09,364.15}{292,135.47,365.15}{293,135.85,366.15}{294,136.23,367.15}{295,136.61,368.15}{296,136.99,369.15}{297,137.37,370.15}{298,137.75,371.15}{299,138.13,372.15}{300,138.51,373.15}{301,138.89,374.15}{302,139.27,375.15}{303,139.65,376.15}{304,140.03,377.15}{305,140.39,378.15}{306,140.77,379.15}{307,141.15,380.15}{308,141.53,381.15}{309,141.91,382.15}{310,142.29,383.15}{311,142.66,384.15}{312,143.04,385.15}{313,143.42,386.15}{314,143.8,387.15}{315,144.18,388.15}{316,144.56,389.15}{317,144.94,390.15}{318,145.32,391.15}{319,145.69,392.15}{320,146.07,393.15}{321,146.45,394.15}{322,146.82,395.15}{323,147.2,396.15}{324,147.58,397.15}{325,147.95,398.15}{326,148.33,399.15}{327,148.71,400.15}{328,149.08,401.15}{329,149.46,402.15}{330,149.83,403.15}{331,150.21,404.15}{332,150.58,405.15}{333,150.96,406.15}{334,151.34,407.15}{335,151.71,408.15}{336,152.09,409.15}{337,152.46,410.15}{338,152.84,411.15}{339,153.21,412.15}{340,153.58,413.15}{341,153.95,414.15}{342,154.32,415.15}{343,154.71,416.15}{344,155.08,417.15}{345,155.46,418.15}{346,155.83,419.15}{347,156.21,420.15}{348,156.58,421.15}{349,156.96,422.15}{350,157.33,423.15}{351,157.71,424.15}{352,158.08,425.15}{353,158.45,426.15}{354,158.83,427.15}{355,159.2,428.15}{356,159.56,429.15}{357,159.94,430.15}{358,160.31,431.15}{359,160.68,432.15}{360,161.05,433.15}{361,161.43,434.15}{362,161.8,435.15}{363,162.17,436.15}{364,162.54,437.15}{365,162.91,438.15}{366,163.28,439.15}{367,163.66,440.15}{368,164.03,441.15}{369,164.4,442.15}{370,164.77,443.15}{371,165.14,444.15}{372,165.51,445.15}{373,165.88,446.15}{374,166.25,447.15}{375,166.62,448.15}{376,167,449.15}{377,167.37,450.15}{378,167.74,451.15}{379,168.11,452.15}{380,168.48,453.15}{381,168.85,454.15}{382,169.22,455.15}{383,169.59,456.15}{384,169.96,457.15}{385,170.33,458.15}{386,170.69,459.15}{387,171.06,460.15}{388,171.43,461.15}{389,171.8,462.15}{390,172.17,463.15}{391,172.54,464.15}{392,172.91,465.15}{393,173.27,466.15}{394,173.64,467.15}{395,174.01,468.15}{396,174.39,469.15}{397,174.75,470.15}{398,175.12,471.15}{399,175.49,472.15}{400,175.86,473.15}{401,176.23,474.15}{402,176.59,475.15}{403,176.96,476.15}{404,177.33,477.15}{405,177.7,478.15}{406,178.06,479.15}{407,178.43,480.15}{408,178.8,481.15}{409,179.16,482.15}{410,179.53,483.15}{411,179.9,484.15}{412,180.26,485.15}{413,180.63,486.15}{414,180.99,487.15}{415,181.36,488.15}{416,181.73,489.15}{417,182.09,490.15}{418,182.46,491.15}{419,182.82,492.15}{420,183.19,493.15}{421,183.55,494.15}{422,183.92,495.15}{423,184.28,496.15}{424,184.65,497.15}{425,185.01,498.15}{426,185.38,499.15}{427,185.74,500.15}{428,186.11,501.15}{429,186.47,502.15}{430,186.84,503.15}{431,187.2,504.15}{432,187.56,505.15}{433,187.93,506.15}{434,188.29,507.15}{435,188.65,508.15}{436,189.02,509.15}{437,189.38,510.15}{438,189.74,511.15}{439,190.11,512.15}{440,190.47,513.15}{441,190.83,514.15}{442,191.2,515.15}{443,191.56,516.15}{444,191.92,517.15}{445,192.28,518.15}{446,192.66,519.15}{447,193.02,520.15}{448,193.38,521.15}{449,193.74,522.15}{450,194.1,523.15}{451,194.47,524.15}{452,194.83,525.15}{453,195.19,526.15}{454,195.55,527.15}{455,195.9,528.15}{456,196.26,529.15}{457,196.62,530.15}{458,196.98,531.15}{459,197.35,532.15}{460,197.71,533.15}{461,198.07,534.15}{462,198.43,535.15}{463,198.79,536.15}{464,199.15,537.15}{465,199.51,538.15}{466,199.87,539.15}{467,200.23,540.15}{468,200.59,541.15}{469,200.95,542.15}{470,201.31,543.15}{471,201.67,544.15}{472,202.03,545.15}{473,202.38,546.15}{474,202.74,547.15}{475,203.1,548.15}{476,203.46,549.15}{477,203.82,550.15}{478,204.18,551.15}{479,204.54,552.15}{480,204.9,553.15}{481,205.25,554.15}{482,205.61,555.15}{483,205.97,556.15}{484,206.33,557.15}{485,206.7,558.15}{486,207.05,559.15}{487,207.41,560.15}{488,207.77,561.15}{489,208.13,562.15}{490,208.48,563.15}{491,208.84,564.15}{492,209.2,565.15}{493,209.55,566.15}{494,209.91,567.15}{495,210.27,568.15}{496,210.62,569.15}{497,210.98,570.15}{498,211.34,571.15}{499,211.69,572.15}{500,212.05,573.15}{501,212.4,574.15}{502,212.76,575.15}{503,213.12,576.15}{504,213.47,577.15}{505,213.83,578.15}{506,214.19,579.15}{507,214.55,580.15}{508,214.9,581.15}{509,215.26,582.15}{510,215.61,583.15}{511,215.97,584.15}{512,216.32,585.15}{513,216.68,586.15}{514,217.03,587.15}{515,217.39,588.15}{516,217.73,589.15}{517,218.08,590.15}{518,218.44,591.15}{519,218.79,592.15}{520,219.15,593.15}{521,219.5,594.15}{522,219.85,595.15}{523,220.21,596.15}{524,220.56,597.15}{525,220.91,598.15}{526,221.27,599.15}{527,221.62,600.15}{528,221.97,601.15}{529,222.32,602.15}{530,222.68,603.15}{531,223.03,604.15}{532,223.38,605.15}{533,223.73,606.15}{534,224.09,607.15}{535,224.45,608.15}{536,224.8,609.15}{537,225.15,610.15}{538,225.5,611.15}{539,225.85,612.15}{540,226.21,613.15}{541,226.56,614.15}{542,226.91,615.15}{543,227.26,616.15}{544,227.61,617.15}{545,227.96,618.15}{546,228.31,619.15}{547,228.66,620.15}{548,229.01,621.15}{549,229.36,622.15}{550,229.72,623.15}{551,230.07,624.15}{552,230.42,625.15}{553,230.77,626.15}{554,231.12,627.15}{555,231.47,628.15}{556,231.81,629.15}{557,232.16,630.15}{558,232.51,631.15}{559,232.86,632.15}{560,233.21,633.15}{561,233.56,634.15}{562,233.91,635.15}{563,234.26,636.15}{564,234.6,637.15}{565,234.95,638.15}{566,235.3,639.15}{567,235.65,640.15}{568,236,641.15}{569,236.35,642.15}{570,236.7,643.15}{571,237.05,644.15}{572,237.4,645.15}{573,237.75,646.15}{574,238.09,647.15}{575,238.44,648.15}{576,238.79,649.15}{577,239.14,650.15}{578,239.48,651.15}{579,239.83,652.15}{580,240.18,653.15}{581,240.52,654.15}{582,240.87,655.15}{583,241.22,656.15}{584,241.56,657.15}{585,241.91,658.15}{586,242.25,659.15}{587,242.6,660.15}{588,242.95,661.15}{589,243.29,662.15}{590,243.64,663.15}{591,243.98,664.15}{592,244.33,665.15}{593,244.67,666.15}{594,245.02,667.15}{595,245.36,668.15}{596,245.71,669.15}{597,246.05,670.15}{598,246.4,671.15}{599,246.74,672.15}{600,247.09,673.15}{601,247.43,674.15}{602,247.78,675.15}{603,248.12,676.15}{604,248.46,677.15}{605,248.81,678.15}{606,249.15,679.15}{607,249.5,680.15}{608,249.84,681.15}{609,250.18,682.15}{610,250.53,683.15}{611,250.89,684.15}{612,251.21,685.15}{613,251.55,686.15}{614,251.9,687.15}{615,252.24,688.15}{616,252.59,689.15}{617,252.94,690.15}{618,253.28,691.15}{619,253.62,692.15}{620,253.96,693.15}{621,254.3,694.15}{622,254.65,695.15}{623,254.99,696.15}{624,255.33,697.15}{625,255.67,698.15}{626,256.01,699.15}{627,256.35,700.15}{628,256.7,701.15}{629,257.04,702.15}{630,257.38,703.15}{631,257.72,704.15}{632,258.06,705.15}{633,258.4,706.15}{634,258.74,707.15}{635,259.08,708.15}{636,259.42,709.15}{637,259.76,710.15}{638,260.1,711.15}{639,260.44,712.15}{640,260.78,713.15}{641,261.12,714.15}{642,261.46,715.15}{643,261.8,716.15}{644,262.14,717.15}{645,262.48,718.15}{646,262.83,719.15}{647,263.17,720.15}{648,263.5,721.15}{649,263.84,722.15}{650,264.18,723.15}{651,264.52,724.15}{652,264.86,725.15}{653,265.2,726.15}{654,265.54,727.15}{655,265.87,728.15}{656,266.21,729.15}{657,266.55,730.15}{658,266.89,731.15}{659,267.22,732.15}{660,267.56,733.15}{661,267.9,734.15}{662,268.24,735.15}{663,268.57,736.15}{664,268.91,737.15}{665,269.25,738.15}{666,269.58,739.15}{667,269.92,740.15}{668,270.26,741.15}{669,270.59,742.15}{670,270.93,743.15}{671,271.27,744.15}{672,271.6,745.15}{673,271.94,746.15}{674,272.27,747.15}{675,272.61,748.15}{676,272.95,749.15}{677,273.28,750.15}{678,273.62,751.15}{679,273.95,752.15}{680,274.29,753.15}{681,274.62,754.15}{682,274.96,755.15}{683,275.29,756.15}{684,275.63,757.15}{685,275.96,758.15}{686,276.31,759.15}{687,276.64,760.15}{688,276.97,761.15}{689,277.31,762.15}{690,277.64,763.15}{691,277.98,764.15}{692,278.31,765.15}{693,278.64,766.15}{694,278.98,767.15}{695,279.31,768.15}{696,279.64,769.15}{697,279.98,770.15}{698,280.31,771.15}{699,280.64,772.15}{700,280.98,773.15}{701,281.31,774.15}{702,281.64,775.15}{703,281.97,776.15}{704,282.31,777.15}{705,282.64,778.15}{706,282.97,779.15}{707,283.3,780.15}{708,283.63,781.15}{709,283.97,782.15}{710,284.3,783.15}{711,284.63,784.15}{712,284.96,785.15}{713,285.29,786.15}{714,285.62,787.15}{715,285.95,788.15}{716,286.3,789.15}{717,286.63,790.15}{718,286.96,791.15}{719,287.29,792.15}{720,287.62,793.15}{721,287.95,794.15}{722,288.28,795.15}{723,288.61,796.15}{724,288.94,797.15}{725,289.27,798.15}{726,289.6,799.15}{727,289.93,800.15}{728,290.26,801.15}{729,290.59,802.15}{730,290.92,803.15}{731,291.25,804.15}{732,291.58,805.15}{733,291.9,806.15}{734,292.23,807.15}{735,292.56,808.15}{736,292.9,809.15}{737,293.23,810.15}{738,293.56,811.15}{739,293.89,812.15}{740,294.21,813.15}{741,294.54,814.15}{742,294.87,815.15}{743,295.2,816.15}{744,295.53,817.15}{745,295.85,818.15}{746,296.18,819.15}{747,296.51,820.15}{748,296.84,821.15}{749,297.16,822.15}{750,297.49,823.15}{751,297.82,824.15}{752,298.14,825.15}{753,298.47,826.15}{754,298.8,827.15}{755,299.12,828.15}{756,299.45,829.15}{757,299.78,830.15}{758,300.1,831.15}{759,300.43,832.15}{760,300.75,833.15}{761,301.08,834.15}{762,301.41,835.15}{763,301.73,836.15}{764,302.06,837.15}{765,302.38,838.15}{766,302.71,839.15}{767,303.03,840.15}{768,303.36,841.15}{769,303.68,842.15}{770,304.01,843.15}{771,304.33,844.15}{772,304.66,845.15}{773,304.98,846.15}{774,305.3,847.15}{775,305.63,848.15}{776,305.95,849.15}{777,306.28,850.15}{778,306.6,851.15}{779,306.92,852.15}{780,307.25,853.15}{781,307.57,854.15}{782,307.89,855.15}{783,308.22,856.15}{784,308.54,857.15}{785,308.86,858.15}{786,309.19,859.15}{787,309.51,860.15}{788,309.83,861.15}{789,310.15,862.15}{790,310.48,863.15}{791,310.8,864.15}{792,311.12,865.15}{793,311.45,866.15}{794,311.78,867.15}{795,312.1,868.15}{796,312.43,869.15}{797,312.75,870.15}{798,313.07,871.15}{799,313.39,872.15}{800,313.71,873.15}{801,314.04,874.15}{802,314.36,875.15}{803,314.68,876.15}{804,315,877.15}{805,315.32,878.15}{806,315.64,879.15}{807,315.96,880.15}{808,316.28,881.15}{809,316.6,882.15}{810,316.92,883.15}{811,317.24,884.15}{812,317.56,885.15}{813,317.88,886.15}{814,318.2,887.15}{815,318.52,888.15}{816,318.85,889.15}{817,319.17,890.15}{818,319.49,891.15}{819,319.81,892.15}{820,320.12,893.15}{821,320.44,894.15}{822,320.76,895.15}{823,321.08,896.15}{824,321.4,897.15}{825,321.72,898.15}{826,322.03,899.15}{827,322.34,900.15}{828,322.66,901.15}{829,322.98,902.15}{830,323.3,903.15}{831,323.61,904.15}{832,323.93,905.15}{833,324.25,906.15}{834,324.57,907.15}{835,324.88,908.15}{836,325.21,909.15}{837,325.53,910.15}{838,325.85,911.15}{839,326.16,912.15}{840,326.48,913.15}{841,326.79,914.15}{842,327.11,915.15}{843,327.43,916.15}{844,327.74,917.15}{845,328.06,918.15}{846,328.38,919.15}{847,328.69,920.15}{848,329.01,921.15}{849,329.32,922.15}{850,329.64,923.15}{851,329.95,924.15}{852,330.27,925.15}{853,330.58,926.15}{854,330.9,927.15}{855,331.21,928.15}{856,331.53,929.15}{857,331.84,930.15}{858,332.16,931.15}{859,332.47,932.15}{860,332.79,933.15}{861,333.1,934.15}{862,333.41,935.15}{863,333.73,936.15}{864,334.04,937.15}{865,334.36,938.15}{866,334.68,939.15}{867,334.99,940.15}{868,335.31,941.15}{869,335.62,942.15}{870,335.93,943.15}{871,336.25,944.15}{872,336.56,945.15}{873,336.87,946.15}{874,337.18,947.15}{875,337.5,948.15}{876,337.81,949.15}{877,338.12,950.15}{878,338.43,951.15}{879,338.75,952.15}{880,339.06,953.15}{881,339.37,954.15}{882,339.68,955.15}{883,339.99,956.15}{884,340.3,957.15}{885,340.62,958.15}{886,340.94,959.15}{887,341.25,960.15}{888,341.55,961.15}{889,341.87,962.15}{890,342.18,963.15}{891,342.49,964.15}{892,342.8,965.15}{893,343.11,966.15}{894,343.42,967.15}{895,343.73,968.15}{896,344.04,969.15}{897,344.35,970.15}{898,344.66,971.15}{899,344.97,972.15}{900,345.28,973.15}{901,345.59,974.15}{902,345.9,975.15}{903,346.21,976.15}{904,346.52,977.15}{905,346.83,978.15}{906,347.15,979.15}{907,347.46,980.15}{908,347.76,981.15}{909,348.07,982.15}{910,348.38,983.15}{911,348.69,984.15}{912,349,985.15}{913,349.31,986.15}{914,349.61,987.15}{915,349.92,988.15}{916,350.23,989.15}{917,350.54,990.15}{918,350.85,991.15}{919,351.15,992.15}{920,351.46,993.15}{921,351.77,994.15}{922,352.07,995.15}{923,352.38,996.15}{924,352.69,997.15}{925,352.99,998.15}{926,353.3,999.15}{927,353.61,1000.15}{928,353.91,1001.15}{929,354.22,1002.15}{930,354.53,1003.15}{931,354.83,1004.15}{932,355.14,1005.15}{933,355.44,1006.15}{934,355.75,1007.15}{935,356.06,1008.15}{936,356.37,1009.15}{937,356.68,1010.15}{938,356.98,1011.15}{939,357.29,1012.15}{940,357.59,1013.15}{941,357.9,1014.15}{942,358.2,1015.15}{943,358.51,1016.15}{944,358.81,1017.15}{945,359.12,1018.15}{946,359.42,1019.15}{947,359.72,1020.15}{948,360.03,1021.15}{949,360.33,1022.15}{950,360.64,1023.15}{951,360.94,1024.15}{952,361.24,1025.15}{953,361.55,1026.15}{954,361.85,1027.15}{955,362.15,1028.15}{956,362.46,1029.15}{957,362.76,1030.15}{958,363.06,1031.15}{959,363.36,1032.15}{960,363.67,1033.15}{961,363.97,1034.15}{962,364.27,1035.15}{963,364.57,1036.15}{964,364.88,1037.15}{965,365.18,1038.15}{966,365.49,1039.15}{967,365.79,1040.15}{968,366.09,1041.15}{969,366.4,1042.15}{970,366.7,1043.15}{971,367,1044.15}{972,367.3,1045.15}{973,367.6,1046.15}{974,367.9,1047.15}{975,368.2,1048.15}{976,368.5,1049.15}{977,368.81,1050.15}{978,369.11,1051.15}{979,369.41,1052.15}{980,369.71,1053.15}{981,370.01,1054.15}{982,370.31,1055.15}{983,370.61,1056.15}{984,370.91,1057.15}{985,371.21,1058.15}{986,371.52,1059.15}{987,371.82,1060.15}{988,372.12,1061.15}{989,372.41,1062.15}{990,372.71,1063.15}{991,373.01,1064.15}{992,373.31,1065.15}{993,373.61,1066.15}{994,373.91,1067.15}{995,374.21,1068.15}{996,374.51,1069.15}{997,374.8,1070.15}{998,375.1,1071.15}{999,375.4,1072.15}{1000,375.7,1073.15}{1001,376,1074.15}{1002,376.29,1075.15}{1003,376.59,1076.15}{1004,376.89,1077.15}{1005,377.19,1078.15}{1006,377.49,1079.15}{1007,377.79,1080.15}{1008,378.09,1081.15}{1009,378.39,1082.15}{1010,378.68,1083.15}{1011,378.98,1084.15}{1012,379.28,1085.15}{1013,379.57,1086.15}{1014,379.87,1087.15}{1015,380.17,1088.15}{1016,380.46,1089.15}{1017,380.76,1090.15}{1018,381.05,1091.15}{1019,381.35,1092.15}{1020,381.65,1093.15}{1021,381.94,1094.15}{1022,382.24,1095.15}{1023,382.53,1096.15}{1024,382.83,1097.15}{1025,383.12,1098.15}{1026,383.42,1099.15}{1027,383.71,1100.15}{1028,384.01,1101.15}{1029,384.3,1102.15}{1030,384.6,1103.15}{1031,384.89,1104.15}{1032,385.18,1105.15}{1033,385.48,1106.15}{1034,385.77,1107.15}{1035,386.07,1108.15}{1036,386.37,1109.15}{1037,386.66,1110.15}{1038,386.96,1111.15}{1039,387.25,1112.15}{1040,387.55,1113.15}{1041,387.84,1114.15}{1042,388.13,1115.15}{1043,388.42,1116.15}{1044,388.72,1117.15}{1045,389.01,1118.15}{1046,389.31,1119.15}{1047,389.61,1120.15}{1048,389.9,1121.15}{1049,390.19,1122.15}{1050,390.48,1123.15}&quot;"/>
                                                <instance name="dev01/Config/ch00008/Calibration_Sensor_Curve" order="0" value="&quot;{0,18.52,73.15}{1,18.96,74.15}{2,19.39,75.15}{3,19.82,76.15}{4,20.25,77.15}{5,20.68,78.15}{6,21.11,79.15}{7,21.54,80.15}{8,21.97,81.15}{9,22.4,82.15}{10,22.83,83.15}{11,23.26,84.15}{12,23.69,85.15}{13,24.12,86.15}{14,24.55,87.15}{15,24.97,88.15}{16,25.39,89.15}{17,25.82,90.15}{18,26.25,91.15}{19,26.67,92.15}{20,27.1,93.15}{21,27.52,94.15}{22,27.95,95.15}{23,28.37,96.15}{24,28.8,97.15}{25,29.22,98.15}{26,29.65,99.15}{27,30.07,100.15}{28,30.49,101.15}{29,30.92,102.15}{30,31.34,103.15}{31,31.76,104.15}{32,32.18,105.15}{33,32.61,106.15}{34,33.03,107.15}{35,33.45,108.15}{36,33.86,109.15}{37,34.28,110.15}{38,34.7,111.15}{39,35.12,112.15}{40,35.54,113.15}{41,35.96,114.15}{42,36.38,115.15}{43,36.8,116.15}{44,37.22,117.15}{45,37.63,118.15}{46,38.05,119.15}{47,38.47,120.15}{48,38.89,121.15}{49,39.31,122.15}{50,39.72,123.15}{51,40.14,124.15}{52,40.56,125.15}{53,40.97,126.15}{54,41.39,127.15}{55,41.8,128.15}{56,42.22,129.15}{57,42.64,130.15}{58,43.05,131.15}{59,43.46,132.15}{60,43.88,133.15}{61,44.29,134.15}{62,44.71,135.15}{63,45.12,136.15}{64,45.53,137.15}{65,45.95,138.15}{66,46.35,139.15}{67,46.76,140.15}{68,47.18,141.15}{69,47.59,142.15}{70,48,143.15}{71,48.41,144.15}{72,48.82,145.15}{73,49.23,146.15}{74,49.64,147.15}{75,50.06,148.15}{76,50.47,149.15}{77,50.88,150.15}{78,51.29,151.15}{79,51.7,152.15}{80,52.11,153.15}{81,52.52,154.15}{82,52.92,155.15}{83,53.33,156.15}{84,53.74,157.15}{85,54.15,158.15}{86,54.56,159.15}{87,54.97,160.15}{88,55.38,161.15}{89,55.78,162.15}{90,56.19,163.15}{91,56.6,164.15}{92,57,165.15}{93,57.41,166.15}{94,57.82,167.15}{95,58.22,168.15}{96,58.63,169.15}{97,59.04,170.15}{98,59.44,171.15}{99,59.85,172.15}{100,60.26,173.15}{101,60.67,174.15}{102,61.07,175.15}{103,61.48,176.15}{104,61.87,177.15}{105,62.29,178.15}{106,62.69,179.15}{107,63.1,180.15}{108,63.5,181.15}{109,63.91,182.15}{110,64.3,183.15}{111,64.7,184.15}{112,65.11,185.15}{113,65.51,186.15}{114,65.91,187.15}{115,66.31,188.15}{116,66.72,189.15}{117,67.12,190.15}{118,67.52,191.15}{119,67.92,192.15}{120,68.33,193.15}{121,68.73,194.15}{122,69.13,195.15}{123,69.53,196.15}{124,69.93,197.15}{125,70.33,198.15}{126,70.73,199.15}{127,71.13,200.15}{128,71.53,201.15}{129,71.93,202.15}{130,72.33,203.15}{131,72.73,204.15}{132,73.13,205.15}{133,73.53,206.15}{134,73.93,207.15}{135,74.33,208.15}{136,74.73,209.15}{137,75.13,210.15}{138,75.53,211.15}{139,75.93,212.15}{140,76.33,213.15}{141,76.73,214.15}{142,77.13,215.15}{143,77.52,216.15}{144,77.92,217.15}{145,78.32,218.15}{146,78.72,219.15}{147,79.11,220.15}{148,79.51,221.15}{149,79.91,222.15}{150,80.31,223.15}{151,80.7,224.15}{152,81.1,225.15}{153,81.5,226.15}{154,81.89,227.15}{155,82.29,228.15}{156,82.69,229.15}{157,83.08,230.15}{158,83.48,231.15}{159,83.88,232.15}{160,84.27,233.15}{161,84.67,234.15}{162,85.06,235.15}{163,85.46,236.15}{164,85.85,237.15}{165,86.25,238.15}{166,86.64,239.15}{167,87.04,240.15}{168,87.43,241.15}{169,87.83,242.15}{170,88.22,243.15}{171,88.62,244.15}{172,89.01,245.15}{173,89.4,246.15}{174,89.8,247.15}{175,90.19,248.15}{176,90.59,249.15}{177,90.98,250.15}{178,91.37,251.15}{179,91.77,252.15}{180,92.16,253.15}{181,92.55,254.15}{182,92.95,255.15}{183,93.34,256.15}{184,93.73,257.15}{185,94.12,258.15}{186,94.52,259.15}{187,94.91,260.15}{188,95.3,261.15}{189,95.69,262.15}{190,96.09,263.15}{191,96.48,264.15}{192,96.87,265.15}{193,97.26,266.15}{194,97.65,267.15}{195,98.04,268.15}{196,98.44,269.15}{197,98.83,270.15}{198,99.22,271.15}{199,99.61,272.15}{200,100,273.15}{201,100.39,274.15}{202,100.78,275.15}{203,101.17,276.15}{204,101.56,277.15}{205,101.95,278.15}{206,102.34,279.15}{207,102.73,280.15}{208,103.12,281.15}{209,103.51,282.15}{210,103.9,283.15}{211,104.29,284.15}{212,104.68,285.15}{213,105.07,286.15}{214,105.46,287.15}{215,105.85,288.15}{216,106.24,289.15}{217,106.63,290.15}{218,107.02,291.15}{219,107.4,292.15}{220,107.79,293.15}{221,108.18,294.15}{222,108.57,295.15}{223,108.96,296.15}{224,109.35,297.15}{225,109.73,298.15}{226,110.12,299.15}{227,110.51,300.15}{228,110.9,301.15}{229,111.28,302.15}{230,111.67,303.15}{231,112.06,304.15}{232,112.45,305.15}{233,112.83,306.15}{234,113.22,307.15}{235,113.61,308.15}{236,113.99,309.15}{237,114.38,310.15}{238,114.77,311.15}{239,115.15,312.15}{240,115.54,313.15}{241,115.93,314.15}{242,116.31,315.15}{243,116.7,316.15}{244,117.08,317.15}{245,117.47,318.15}{246,117.85,319.15}{247,118.24,320.15}{248,118.62,321.15}{249,119.01,322.15}{250,119.4,323.15}{251,119.78,324.15}{252,120.16,325.15}{253,120.55,326.15}{254,120.93,327.15}{255,121.32,328.15}{256,121.7,329.15}{257,122.09,330.15}{258,122.47,331.15}{259,122.86,332.15}{260,123.24,333.15}{261,123.62,334.15}{262,124.01,335.15}{263,124.39,336.15}{264,124.77,337.15}{265,125.17,338.15}{266,125.55,339.15}{267,125.93,340.15}{268,126.32,341.15}{269,126.7,342.15}{270,127.08,343.15}{271,127.46,344.15}{272,127.85,345.15}{273,128.23,346.15}{274,128.61,347.15}{275,128.99,348.15}{276,129.38,349.15}{277,129.76,350.15}{278,130.14,351.15}{279,130.52,352.15}{280,130.9,353.15}{281,131.28,354.15}{282,131.67,355.15}{283,132.05,356.15}{284,132.43,357.15}{285,132.81,358.15}{286,133.19,359.15}{287,133.57,360.15}{288,133.95,361.15}{289,134.33,362.15}{290,134.71,363.15}{291,135.09,364.15}{292,135.47,365.15}{293,135.85,366.15}{294,136.23,367.15}{295,136.61,368.15}{296,136.99,369.15}{297,137.37,370.15}{298,137.75,371.15}{299,138.13,372.15}{300,138.51,373.15}{301,138.89,374.15}{302,139.27,375.15}{303,139.65,376.15}{304,140.03,377.15}{305,140.39,378.15}{306,140.77,379.15}{307,141.15,380.15}{308,141.53,381.15}{309,141.91,382.15}{310,142.29,383.15}{311,142.66,384.15}{312,143.04,385.15}{313,143.42,386.15}{314,143.8,387.15}{315,144.18,388.15}{316,144.56,389.15}{317,144.94,390.15}{318,145.32,391.15}{319,145.69,392.15}{320,146.07,393.15}{321,146.45,394.15}{322,146.82,395.15}{323,147.2,396.15}{324,147.58,397.15}{325,147.95,398.15}{326,148.33,399.15}{327,148.71,400.15}{328,149.08,401.15}{329,149.46,402.15}{330,149.83,403.15}{331,150.21,404.15}{332,150.58,405.15}{333,150.96,406.15}{334,151.34,407.15}{335,151.71,408.15}{336,152.09,409.15}{337,152.46,410.15}{338,152.84,411.15}{339,153.21,412.15}{340,153.58,413.15}{341,153.95,414.15}{342,154.32,415.15}{343,154.71,416.15}{344,155.08,417.15}{345,155.46,418.15}{346,155.83,419.15}{347,156.21,420.15}{348,156.58,421.15}{349,156.96,422.15}{350,157.33,423.15}{351,157.71,424.15}{352,158.08,425.15}{353,158.45,426.15}{354,158.83,427.15}{355,159.2,428.15}{356,159.56,429.15}{357,159.94,430.15}{358,160.31,431.15}{359,160.68,432.15}{360,161.05,433.15}{361,161.43,434.15}{362,161.8,435.15}{363,162.17,436.15}{364,162.54,437.15}{365,162.91,438.15}{366,163.28,439.15}{367,163.66,440.15}{368,164.03,441.15}{369,164.4,442.15}{370,164.77,443.15}{371,165.14,444.15}{372,165.51,445.15}{373,165.88,446.15}{374,166.25,447.15}{375,166.62,448.15}{376,167,449.15}{377,167.37,450.15}{378,167.74,451.15}{379,168.11,452.15}{380,168.48,453.15}{381,168.85,454.15}{382,169.22,455.15}{383,169.59,456.15}{384,169.96,457.15}{385,170.33,458.15}{386,170.69,459.15}{387,171.06,460.15}{388,171.43,461.15}{389,171.8,462.15}{390,172.17,463.15}{391,172.54,464.15}{392,172.91,465.15}{393,173.27,466.15}{394,173.64,467.15}{395,174.01,468.15}{396,174.39,469.15}{397,174.75,470.15}{398,175.12,471.15}{399,175.49,472.15}{400,175.86,473.15}{401,176.23,474.15}{402,176.59,475.15}{403,176.96,476.15}{404,177.33,477.15}{405,177.7,478.15}{406,178.06,479.15}{407,178.43,480.15}{408,178.8,481.15}{409,179.16,482.15}{410,179.53,483.15}{411,179.9,484.15}{412,180.26,485.15}{413,180.63,486.15}{414,180.99,487.15}{415,181.36,488.15}{416,181.73,489.15}{417,182.09,490.15}{418,182.46,491.15}{419,182.82,492.15}{420,183.19,493.15}{421,183.55,494.15}{422,183.92,495.15}{423,184.28,496.15}{424,184.65,497.15}{425,185.01,498.15}{426,185.38,499.15}{427,185.74,500.15}{428,186.11,501.15}{429,186.47,502.15}{430,186.84,503.15}{431,187.2,504.15}{432,187.56,505.15}{433,187.93,506.15}{434,188.29,507.15}{435,188.65,508.15}{436,189.02,509.15}{437,189.38,510.15}{438,189.74,511.15}{439,190.11,512.15}{440,190.47,513.15}{441,190.83,514.15}{442,191.2,515.15}{443,191.56,516.15}{444,191.92,517.15}{445,192.28,518.15}{446,192.66,519.15}{447,193.02,520.15}{448,193.38,521.15}{449,193.74,522.15}{450,194.1,523.15}{451,194.47,524.15}{452,194.83,525.15}{453,195.19,526.15}{454,195.55,527.15}{455,195.9,528.15}{456,196.26,529.15}{457,196.62,530.15}{458,196.98,531.15}{459,197.35,532.15}{460,197.71,533.15}{461,198.07,534.15}{462,198.43,535.15}{463,198.79,536.15}{464,199.15,537.15}{465,199.51,538.15}{466,199.87,539.15}{467,200.23,540.15}{468,200.59,541.15}{469,200.95,542.15}{470,201.31,543.15}{471,201.67,544.15}{472,202.03,545.15}{473,202.38,546.15}{474,202.74,547.15}{475,203.1,548.15}{476,203.46,549.15}{477,203.82,550.15}{478,204.18,551.15}{479,204.54,552.15}{480,204.9,553.15}{481,205.25,554.15}{482,205.61,555.15}{483,205.97,556.15}{484,206.33,557.15}{485,206.7,558.15}{486,207.05,559.15}{487,207.41,560.15}{488,207.77,561.15}{489,208.13,562.15}{490,208.48,563.15}{491,208.84,564.15}{492,209.2,565.15}{493,209.55,566.15}{494,209.91,567.15}{495,210.27,568.15}{496,210.62,569.15}{497,210.98,570.15}{498,211.34,571.15}{499,211.69,572.15}{500,212.05,573.15}{501,212.4,574.15}{502,212.76,575.15}{503,213.12,576.15}{504,213.47,577.15}{505,213.83,578.15}{506,214.19,579.15}{507,214.55,580.15}{508,214.9,581.15}{509,215.26,582.15}{510,215.61,583.15}{511,215.97,584.15}{512,216.32,585.15}{513,216.68,586.15}{514,217.03,587.15}{515,217.39,588.15}{516,217.73,589.15}{517,218.08,590.15}{518,218.44,591.15}{519,218.79,592.15}{520,219.15,593.15}{521,219.5,594.15}{522,219.85,595.15}{523,220.21,596.15}{524,220.56,597.15}{525,220.91,598.15}{526,221.27,599.15}{527,221.62,600.15}{528,221.97,601.15}{529,222.32,602.15}{530,222.68,603.15}{531,223.03,604.15}{532,223.38,605.15}{533,223.73,606.15}{534,224.09,607.15}{535,224.45,608.15}{536,224.8,609.15}{537,225.15,610.15}{538,225.5,611.15}{539,225.85,612.15}{540,226.21,613.15}{541,226.56,614.15}{542,226.91,615.15}{543,227.26,616.15}{544,227.61,617.15}{545,227.96,618.15}{546,228.31,619.15}{547,228.66,620.15}{548,229.01,621.15}{549,229.36,622.15}{550,229.72,623.15}{551,230.07,624.15}{552,230.42,625.15}{553,230.77,626.15}{554,231.12,627.15}{555,231.47,628.15}{556,231.81,629.15}{557,232.16,630.15}{558,232.51,631.15}{559,232.86,632.15}{560,233.21,633.15}{561,233.56,634.15}{562,233.91,635.15}{563,234.26,636.15}{564,234.6,637.15}{565,234.95,638.15}{566,235.3,639.15}{567,235.65,640.15}{568,236,641.15}{569,236.35,642.15}{570,236.7,643.15}{571,237.05,644.15}{572,237.4,645.15}{573,237.75,646.15}{574,238.09,647.15}{575,238.44,648.15}{576,238.79,649.15}{577,239.14,650.15}{578,239.48,651.15}{579,239.83,652.15}{580,240.18,653.15}{581,240.52,654.15}{582,240.87,655.15}{583,241.22,656.15}{584,241.56,657.15}{585,241.91,658.15}{586,242.25,659.15}{587,242.6,660.15}{588,242.95,661.15}{589,243.29,662.15}{590,243.64,663.15}{591,243.98,664.15}{592,244.33,665.15}{593,244.67,666.15}{594,245.02,667.15}{595,245.36,668.15}{596,245.71,669.15}{597,246.05,670.15}{598,246.4,671.15}{599,246.74,672.15}{600,247.09,673.15}{601,247.43,674.15}{602,247.78,675.15}{603,248.12,676.15}{604,248.46,677.15}{605,248.81,678.15}{606,249.15,679.15}{607,249.5,680.15}{608,249.84,681.15}{609,250.18,682.15}{610,250.53,683.15}{611,250.89,684.15}{612,251.21,685.15}{613,251.55,686.15}{614,251.9,687.15}{615,252.24,688.15}{616,252.59,689.15}{617,252.94,690.15}{618,253.28,691.15}{619,253.62,692.15}{620,253.96,693.15}{621,254.3,694.15}{622,254.65,695.15}{623,254.99,696.15}{624,255.33,697.15}{625,255.67,698.15}{626,256.01,699.15}{627,256.35,700.15}{628,256.7,701.15}{629,257.04,702.15}{630,257.38,703.15}{631,257.72,704.15}{632,258.06,705.15}{633,258.4,706.15}{634,258.74,707.15}{635,259.08,708.15}{636,259.42,709.15}{637,259.76,710.15}{638,260.1,711.15}{639,260.44,712.15}{640,260.78,713.15}{641,261.12,714.15}{642,261.46,715.15}{643,261.8,716.15}{644,262.14,717.15}{645,262.48,718.15}{646,262.83,719.15}{647,263.17,720.15}{648,263.5,721.15}{649,263.84,722.15}{650,264.18,723.15}{651,264.52,724.15}{652,264.86,725.15}{653,265.2,726.15}{654,265.54,727.15}{655,265.87,728.15}{656,266.21,729.15}{657,266.55,730.15}{658,266.89,731.15}{659,267.22,732.15}{660,267.56,733.15}{661,267.9,734.15}{662,268.24,735.15}{663,268.57,736.15}{664,268.91,737.15}{665,269.25,738.15}{666,269.58,739.15}{667,269.92,740.15}{668,270.26,741.15}{669,270.59,742.15}{670,270.93,743.15}{671,271.27,744.15}{672,271.6,745.15}{673,271.94,746.15}{674,272.27,747.15}{675,272.61,748.15}{676,272.95,749.15}{677,273.28,750.15}{678,273.62,751.15}{679,273.95,752.15}{680,274.29,753.15}{681,274.62,754.15}{682,274.96,755.15}{683,275.29,756.15}{684,275.63,757.15}{685,275.96,758.15}{686,276.31,759.15}{687,276.64,760.15}{688,276.97,761.15}{689,277.31,762.15}{690,277.64,763.15}{691,277.98,764.15}{692,278.31,765.15}{693,278.64,766.15}{694,278.98,767.15}{695,279.31,768.15}{696,279.64,769.15}{697,279.98,770.15}{698,280.31,771.15}{699,280.64,772.15}{700,280.98,773.15}{701,281.31,774.15}{702,281.64,775.15}{703,281.97,776.15}{704,282.31,777.15}{705,282.64,778.15}{706,282.97,779.15}{707,283.3,780.15}{708,283.63,781.15}{709,283.97,782.15}{710,284.3,783.15}{711,284.63,784.15}{712,284.96,785.15}{713,285.29,786.15}{714,285.62,787.15}{715,285.95,788.15}{716,286.3,789.15}{717,286.63,790.15}{718,286.96,791.15}{719,287.29,792.15}{720,287.62,793.15}{721,287.95,794.15}{722,288.28,795.15}{723,288.61,796.15}{724,288.94,797.15}{725,289.27,798.15}{726,289.6,799.15}{727,289.93,800.15}{728,290.26,801.15}{729,290.59,802.15}{730,290.92,803.15}{731,291.25,804.15}{732,291.58,805.15}{733,291.9,806.15}{734,292.23,807.15}{735,292.56,808.15}{736,292.9,809.15}{737,293.23,810.15}{738,293.56,811.15}{739,293.89,812.15}{740,294.21,813.15}{741,294.54,814.15}{742,294.87,815.15}{743,295.2,816.15}{744,295.53,817.15}{745,295.85,818.15}{746,296.18,819.15}{747,296.51,820.15}{748,296.84,821.15}{749,297.16,822.15}{750,297.49,823.15}{751,297.82,824.15}{752,298.14,825.15}{753,298.47,826.15}{754,298.8,827.15}{755,299.12,828.15}{756,299.45,829.15}{757,299.78,830.15}{758,300.1,831.15}{759,300.43,832.15}{760,300.75,833.15}{761,301.08,834.15}{762,301.41,835.15}{763,301.73,836.15}{764,302.06,837.15}{765,302.38,838.15}{766,302.71,839.15}{767,303.03,840.15}{768,303.36,841.15}{769,303.68,842.15}{770,304.01,843.15}{771,304.33,844.15}{772,304.66,845.15}{773,304.98,846.15}{774,305.3,847.15}{775,305.63,848.15}{776,305.95,849.15}{777,306.28,850.15}{778,306.6,851.15}{779,306.92,852.15}{780,307.25,853.15}{781,307.57,854.15}{782,307.89,855.15}{783,308.22,856.15}{784,308.54,857.15}{785,308.86,858.15}{786,309.19,859.15}{787,309.51,860.15}{788,309.83,861.15}{789,310.15,862.15}{790,310.48,863.15}{791,310.8,864.15}{792,311.12,865.15}{793,311.45,866.15}{794,311.78,867.15}{795,312.1,868.15}{796,312.43,869.15}{797,312.75,870.15}{798,313.07,871.15}{799,313.39,872.15}{800,313.71,873.15}{801,314.04,874.15}{802,314.36,875.15}{803,314.68,876.15}{804,315,877.15}{805,315.32,878.15}{806,315.64,879.15}{807,315.96,880.15}{808,316.28,881.15}{809,316.6,882.15}{810,316.92,883.15}{811,317.24,884.15}{812,317.56,885.15}{813,317.88,886.15}{814,318.2,887.15}{815,318.52,888.15}{816,318.85,889.15}{817,319.17,890.15}{818,319.49,891.15}{819,319.81,892.15}{820,320.12,893.15}{821,320.44,894.15}{822,320.76,895.15}{823,321.08,896.15}{824,321.4,897.15}{825,321.72,898.15}{826,322.03,899.15}{827,322.34,900.15}{828,322.66,901.15}{829,322.98,902.15}{830,323.3,903.15}{831,323.61,904.15}{832,323.93,905.15}{833,324.25,906.15}{834,324.57,907.15}{835,324.88,908.15}{836,325.21,909.15}{837,325.53,910.15}{838,325.85,911.15}{839,326.16,912.15}{840,326.48,913.15}{841,326.79,914.15}{842,327.11,915.15}{843,327.43,916.15}{844,327.74,917.15}{845,328.06,918.15}{846,328.38,919.15}{847,328.69,920.15}{848,329.01,921.15}{849,329.32,922.15}{850,329.64,923.15}{851,329.95,924.15}{852,330.27,925.15}{853,330.58,926.15}{854,330.9,927.15}{855,331.21,928.15}{856,331.53,929.15}{857,331.84,930.15}{858,332.16,931.15}{859,332.47,932.15}{860,332.79,933.15}{861,333.1,934.15}{862,333.41,935.15}{863,333.73,936.15}{864,334.04,937.15}{865,334.36,938.15}{866,334.68,939.15}{867,334.99,940.15}{868,335.31,941.15}{869,335.62,942.15}{870,335.93,943.15}{871,336.25,944.15}{872,336.56,945.15}{873,336.87,946.15}{874,337.18,947.15}{875,337.5,948.15}{876,337.81,949.15}{877,338.12,950.15}{878,338.43,951.15}{879,338.75,952.15}{880,339.06,953.15}{881,339.37,954.15}{882,339.68,955.15}{883,339.99,956.15}{884,340.3,957.15}{885,340.62,958.15}{886,340.94,959.15}{887,341.25,960.15}{888,341.55,961.15}{889,341.87,962.15}{890,342.18,963.15}{891,342.49,964.15}{892,342.8,965.15}{893,343.11,966.15}{894,343.42,967.15}{895,343.73,968.15}{896,344.04,969.15}{897,344.35,970.15}{898,344.66,971.15}{899,344.97,972.15}{900,345.28,973.15}{901,345.59,974.15}{902,345.9,975.15}{903,346.21,976.15}{904,346.52,977.15}{905,346.83,978.15}{906,347.15,979.15}{907,347.46,980.15}{908,347.76,981.15}{909,348.07,982.15}{910,348.38,983.15}{911,348.69,984.15}{912,349,985.15}{913,349.31,986.15}{914,349.61,987.15}{915,349.92,988.15}{916,350.23,989.15}{917,350.54,990.15}{918,350.85,991.15}{919,351.15,992.15}{920,351.46,993.15}{921,351.77,994.15}{922,352.07,995.15}{923,352.38,996.15}{924,352.69,997.15}{925,352.99,998.15}{926,353.3,999.15}{927,353.61,1000.15}{928,353.91,1001.15}{929,354.22,1002.15}{930,354.53,1003.15}{931,354.83,1004.15}{932,355.14,1005.15}{933,355.44,1006.15}{934,355.75,1007.15}{935,356.06,1008.15}{936,356.37,1009.15}{937,356.68,1010.15}{938,356.98,1011.15}{939,357.29,1012.15}{940,357.59,1013.15}{941,357.9,1014.15}{942,358.2,1015.15}{943,358.51,1016.15}{944,358.81,1017.15}{945,359.12,1018.15}{946,359.42,1019.15}{947,359.72,1020.15}{948,360.03,1021.15}{949,360.33,1022.15}{950,360.64,1023.15}{951,360.94,1024.15}{952,361.24,1025.15}{953,361.55,1026.15}{954,361.85,1027.15}{955,362.15,1028.15}{956,362.46,1029.15}{957,362.76,1030.15}{958,363.06,1031.15}{959,363.36,1032.15}{960,363.67,1033.15}{961,363.97,1034.15}{962,364.27,1035.15}{963,364.57,1036.15}{964,364.88,1037.15}{965,365.18,1038.15}{966,365.49,1039.15}{967,365.79,1040.15}{968,366.09,1041.15}{969,366.4,1042.15}{970,366.7,1043.15}{971,367,1044.15}{972,367.3,1045.15}{973,367.6,1046.15}{974,367.9,1047.15}{975,368.2,1048.15}{976,368.5,1049.15}{977,368.81,1050.15}{978,369.11,1051.15}{979,369.41,1052.15}{980,369.71,1053.15}{981,370.01,1054.15}{982,370.31,1055.15}{983,370.61,1056.15}{984,370.91,1057.15}{985,371.21,1058.15}{986,371.52,1059.15}{987,371.82,1060.15}{988,372.12,1061.15}{989,372.41,1062.15}{990,372.71,1063.15}{991,373.01,1064.15}{992,373.31,1065.15}{993,373.61,1066.15}{994,373.91,1067.15}{995,374.21,1068.15}{996,374.51,1069.15}{997,374.8,1070.15}{998,375.1,1071.15}{999,375.4,1072.15}{1000,375.7,1073.15}{1001,376,1074.15}{1002,376.29,1075.15}{1003,376.59,1076.15}{1004,376.89,1077.15}{1005,377.19,1078.15}{1006,377.49,1079.15}{1007,377.79,1080.15}{1008,378.09,1081.15}{1009,378.39,1082.15}{1010,378.68,1083.15}{1011,378.98,1084.15}{1012,379.28,1085.15}{1013,379.57,1086.15}{1014,379.87,1087.15}{1015,380.17,1088.15}{1016,380.46,1089.15}{1017,380.76,1090.15}{1018,381.05,1091.15}{1019,381.35,1092.15}{1020,381.65,1093.15}{1021,381.94,1094.15}{1022,382.24,1095.15}{1023,382.53,1096.15}{1024,382.83,1097.15}{1025,383.12,1098.15}{1026,383.42,1099.15}{1027,383.71,1100.15}{1028,384.01,1101.15}{1029,384.3,1102.15}{1030,384.6,1103.15}{1031,384.89,1104.15}{1032,385.18,1105.15}{1033,385.48,1106.15}{1034,385.77,1107.15}{1035,386.07,1108.15}{1036,386.37,1109.15}{1037,386.66,1110.15}{1038,386.96,1111.15}{1039,387.25,1112.15}{1040,387.55,1113.15}{1041,387.84,1114.15}{1042,388.13,1115.15}{1043,388.42,1116.15}{1044,388.72,1117.15}{1045,389.01,1118.15}{1046,389.31,1119.15}{1047,389.61,1120.15}{1048,389.9,1121.15}{1049,390.19,1122.15}{1050,390.48,1123.15}&quot;"/>
                                                <instance name="dev01/Config/ch00001/LeadRes" order="0" value="0"/>
                                                <instance name="dev01/Config/ch00009/Calibration_Sensor_Curve" order="0" value="&quot;{0,18.52,73.15}{1,18.96,74.15}{2,19.39,75.15}{3,19.82,76.15}{4,20.25,77.15}{5,20.68,78.15}{6,21.11,79.15}{7,21.54,80.15}{8,21.97,81.15}{9,22.4,82.15}{10,22.83,83.15}{11,23.26,84.15}{12,23.69,85.15}{13,24.12,86.15}{14,24.55,87.15}{15,24.97,88.15}{16,25.39,89.15}{17,25.82,90.15}{18,26.25,91.15}{19,26.67,92.15}{20,27.1,93.15}{21,27.52,94.15}{22,27.95,95.15}{23,28.37,96.15}{24,28.8,97.15}{25,29.22,98.15}{26,29.65,99.15}{27,30.07,100.15}{28,30.49,101.15}{29,30.92,102.15}{30,31.34,103.15}{31,31.76,104.15}{32,32.18,105.15}{33,32.61,106.15}{34,33.03,107.15}{35,33.45,108.15}{36,33.86,109.15}{37,34.28,110.15}{38,34.7,111.15}{39,35.12,112.15}{40,35.54,113.15}{41,35.96,114.15}{42,36.38,115.15}{43,36.8,116.15}{44,37.22,117.15}{45,37.63,118.15}{46,38.05,119.15}{47,38.47,120.15}{48,38.89,121.15}{49,39.31,122.15}{50,39.72,123.15}{51,40.14,124.15}{52,40.56,125.15}{53,40.97,126.15}{54,41.39,127.15}{55,41.8,128.15}{56,42.22,129.15}{57,42.64,130.15}{58,43.05,131.15}{59,43.46,132.15}{60,43.88,133.15}{61,44.29,134.15}{62,44.71,135.15}{63,45.12,136.15}{64,45.53,137.15}{65,45.95,138.15}{66,46.35,139.15}{67,46.76,140.15}{68,47.18,141.15}{69,47.59,142.15}{70,48,143.15}{71,48.41,144.15}{72,48.82,145.15}{73,49.23,146.15}{74,49.64,147.15}{75,50.06,148.15}{76,50.47,149.15}{77,50.88,150.15}{78,51.29,151.15}{79,51.7,152.15}{80,52.11,153.15}{81,52.52,154.15}{82,52.92,155.15}{83,53.33,156.15}{84,53.74,157.15}{85,54.15,158.15}{86,54.56,159.15}{87,54.97,160.15}{88,55.38,161.15}{89,55.78,162.15}{90,56.19,163.15}{91,56.6,164.15}{92,57,165.15}{93,57.41,166.15}{94,57.82,167.15}{95,58.22,168.15}{96,58.63,169.15}{97,59.04,170.15}{98,59.44,171.15}{99,59.85,172.15}{100,60.26,173.15}{101,60.67,174.15}{102,61.07,175.15}{103,61.48,176.15}{104,61.87,177.15}{105,62.29,178.15}{106,62.69,179.15}{107,63.1,180.15}{108,63.5,181.15}{109,63.91,182.15}{110,64.3,183.15}{111,64.7,184.15}{112,65.11,185.15}{113,65.51,186.15}{114,65.91,187.15}{115,66.31,188.15}{116,66.72,189.15}{117,67.12,190.15}{118,67.52,191.15}{119,67.92,192.15}{120,68.33,193.15}{121,68.73,194.15}{122,69.13,195.15}{123,69.53,196.15}{124,69.93,197.15}{125,70.33,198.15}{126,70.73,199.15}{127,71.13,200.15}{128,71.53,201.15}{129,71.93,202.15}{130,72.33,203.15}{131,72.73,204.15}{132,73.13,205.15}{133,73.53,206.15}{134,73.93,207.15}{135,74.33,208.15}{136,74.73,209.15}{137,75.13,210.15}{138,75.53,211.15}{139,75.93,212.15}{140,76.33,213.15}{141,76.73,214.15}{142,77.13,215.15}{143,77.52,216.15}{144,77.92,217.15}{145,78.32,218.15}{146,78.72,219.15}{147,79.11,220.15}{148,79.51,221.15}{149,79.91,222.15}{150,80.31,223.15}{151,80.7,224.15}{152,81.1,225.15}{153,81.5,226.15}{154,81.89,227.15}{155,82.29,228.15}{156,82.69,229.15}{157,83.08,230.15}{158,83.48,231.15}{159,83.88,232.15}{160,84.27,233.15}{161,84.67,234.15}{162,85.06,235.15}{163,85.46,236.15}{164,85.85,237.15}{165,86.25,238.15}{166,86.64,239.15}{167,87.04,240.15}{168,87.43,241.15}{169,87.83,242.15}{170,88.22,243.15}{171,88.62,244.15}{172,89.01,245.15}{173,89.4,246.15}{174,89.8,247.15}{175,90.19,248.15}{176,90.59,249.15}{177,90.98,250.15}{178,91.37,251.15}{179,91.77,252.15}{180,92.16,253.15}{181,92.55,254.15}{182,92.95,255.15}{183,93.34,256.15}{184,93.73,257.15}{185,94.12,258.15}{186,94.52,259.15}{187,94.91,260.15}{188,95.3,261.15}{189,95.69,262.15}{190,96.09,263.15}{191,96.48,264.15}{192,96.87,265.15}{193,97.26,266.15}{194,97.65,267.15}{195,98.04,268.15}{196,98.44,269.15}{197,98.83,270.15}{198,99.22,271.15}{199,99.61,272.15}{200,100,273.15}{201,100.39,274.15}{202,100.78,275.15}{203,101.17,276.15}{204,101.56,277.15}{205,101.95,278.15}{206,102.34,279.15}{207,102.73,280.15}{208,103.12,281.15}{209,103.51,282.15}{210,103.9,283.15}{211,104.29,284.15}{212,104.68,285.15}{213,105.07,286.15}{214,105.46,287.15}{215,105.85,288.15}{216,106.24,289.15}{217,106.63,290.15}{218,107.02,291.15}{219,107.4,292.15}{220,107.79,293.15}{221,108.18,294.15}{222,108.57,295.15}{223,108.96,296.15}{224,109.35,297.15}{225,109.73,298.15}{226,110.12,299.15}{227,110.51,300.15}{228,110.9,301.15}{229,111.28,302.15}{230,111.67,303.15}{231,112.06,304.15}{232,112.45,305.15}{233,112.83,306.15}{234,113.22,307.15}{235,113.61,308.15}{236,113.99,309.15}{237,114.38,310.15}{238,114.77,311.15}{239,115.15,312.15}{240,115.54,313.15}{241,115.93,314.15}{242,116.31,315.15}{243,116.7,316.15}{244,117.08,317.15}{245,117.47,318.15}{246,117.85,319.15}{247,118.24,320.15}{248,118.62,321.15}{249,119.01,322.15}{250,119.4,323.15}{251,119.78,324.15}{252,120.16,325.15}{253,120.55,326.15}{254,120.93,327.15}{255,121.32,328.15}{256,121.7,329.15}{257,122.09,330.15}{258,122.47,331.15}{259,122.86,332.15}{260,123.24,333.15}{261,123.62,334.15}{262,124.01,335.15}{263,124.39,336.15}{264,124.77,337.15}{265,125.17,338.15}{266,125.55,339.15}{267,125.93,340.15}{268,126.32,341.15}{269,126.7,342.15}{270,127.08,343.15}{271,127.46,344.15}{272,127.85,345.15}{273,128.23,346.15}{274,128.61,347.15}{275,128.99,348.15}{276,129.38,349.15}{277,129.76,350.15}{278,130.14,351.15}{279,130.52,352.15}{280,130.9,353.15}{281,131.28,354.15}{282,131.67,355.15}{283,132.05,356.15}{284,132.43,357.15}{285,132.81,358.15}{286,133.19,359.15}{287,133.57,360.15}{288,133.95,361.15}{289,134.33,362.15}{290,134.71,363.15}{291,135.09,364.15}{292,135.47,365.15}{293,135.85,366.15}{294,136.23,367.15}{295,136.61,368.15}{296,136.99,369.15}{297,137.37,370.15}{298,137.75,371.15}{299,138.13,372.15}{300,138.51,373.15}{301,138.89,374.15}{302,139.27,375.15}{303,139.65,376.15}{304,140.03,377.15}{305,140.39,378.15}{306,140.77,379.15}{307,141.15,380.15}{308,141.53,381.15}{309,141.91,382.15}{310,142.29,383.15}{311,142.66,384.15}{312,143.04,385.15}{313,143.42,386.15}{314,143.8,387.15}{315,144.18,388.15}{316,144.56,389.15}{317,144.94,390.15}{318,145.32,391.15}{319,145.69,392.15}{320,146.07,393.15}{321,146.45,394.15}{322,146.82,395.15}{323,147.2,396.15}{324,147.58,397.15}{325,147.95,398.15}{326,148.33,399.15}{327,148.71,400.15}{328,149.08,401.15}{329,149.46,402.15}{330,149.83,403.15}{331,150.21,404.15}{332,150.58,405.15}{333,150.96,406.15}{334,151.34,407.15}{335,151.71,408.15}{336,152.09,409.15}{337,152.46,410.15}{338,152.84,411.15}{339,153.21,412.15}{340,153.58,413.15}{341,153.95,414.15}{342,154.32,415.15}{343,154.71,416.15}{344,155.08,417.15}{345,155.46,418.15}{346,155.83,419.15}{347,156.21,420.15}{348,156.58,421.15}{349,156.96,422.15}{350,157.33,423.15}{351,157.71,424.15}{352,158.08,425.15}{353,158.45,426.15}{354,158.83,427.15}{355,159.2,428.15}{356,159.56,429.15}{357,159.94,430.15}{358,160.31,431.15}{359,160.68,432.15}{360,161.05,433.15}{361,161.43,434.15}{362,161.8,435.15}{363,162.17,436.15}{364,162.54,437.15}{365,162.91,438.15}{366,163.28,439.15}{367,163.66,440.15}{368,164.03,441.15}{369,164.4,442.15}{370,164.77,443.15}{371,165.14,444.15}{372,165.51,445.15}{373,165.88,446.15}{374,166.25,447.15}{375,166.62,448.15}{376,167,449.15}{377,167.37,450.15}{378,167.74,451.15}{379,168.11,452.15}{380,168.48,453.15}{381,168.85,454.15}{382,169.22,455.15}{383,169.59,456.15}{384,169.96,457.15}{385,170.33,458.15}{386,170.69,459.15}{387,171.06,460.15}{388,171.43,461.15}{389,171.8,462.15}{390,172.17,463.15}{391,172.54,464.15}{392,172.91,465.15}{393,173.27,466.15}{394,173.64,467.15}{395,174.01,468.15}{396,174.39,469.15}{397,174.75,470.15}{398,175.12,471.15}{399,175.49,472.15}{400,175.86,473.15}{401,176.23,474.15}{402,176.59,475.15}{403,176.96,476.15}{404,177.33,477.15}{405,177.7,478.15}{406,178.06,479.15}{407,178.43,480.15}{408,178.8,481.15}{409,179.16,482.15}{410,179.53,483.15}{411,179.9,484.15}{412,180.26,485.15}{413,180.63,486.15}{414,180.99,487.15}{415,181.36,488.15}{416,181.73,489.15}{417,182.09,490.15}{418,182.46,491.15}{419,182.82,492.15}{420,183.19,493.15}{421,183.55,494.15}{422,183.92,495.15}{423,184.28,496.15}{424,184.65,497.15}{425,185.01,498.15}{426,185.38,499.15}{427,185.74,500.15}{428,186.11,501.15}{429,186.47,502.15}{430,186.84,503.15}{431,187.2,504.15}{432,187.56,505.15}{433,187.93,506.15}{434,188.29,507.15}{435,188.65,508.15}{436,189.02,509.15}{437,189.38,510.15}{438,189.74,511.15}{439,190.11,512.15}{440,190.47,513.15}{441,190.83,514.15}{442,191.2,515.15}{443,191.56,516.15}{444,191.92,517.15}{445,192.28,518.15}{446,192.66,519.15}{447,193.02,520.15}{448,193.38,521.15}{449,193.74,522.15}{450,194.1,523.15}{451,194.47,524.15}{452,194.83,525.15}{453,195.19,526.15}{454,195.55,527.15}{455,195.9,528.15}{456,196.26,529.15}{457,196.62,530.15}{458,196.98,531.15}{459,197.35,532.15}{460,197.71,533.15}{461,198.07,534.15}{462,198.43,535.15}{463,198.79,536.15}{464,199.15,537.15}{465,199.51,538.15}{466,199.87,539.15}{467,200.23,540.15}{468,200.59,541.15}{469,200.95,542.15}{470,201.31,543.15}{471,201.67,544.15}{472,202.03,545.15}{473,202.38,546.15}{474,202.74,547.15}{475,203.1,548.15}{476,203.46,549.15}{477,203.82,550.15}{478,204.18,551.15}{479,204.54,552.15}{480,204.9,553.15}{481,205.25,554.15}{482,205.61,555.15}{483,205.97,556.15}{484,206.33,557.15}{485,206.7,558.15}{486,207.05,559.15}{487,207.41,560.15}{488,207.77,561.15}{489,208.13,562.15}{490,208.48,563.15}{491,208.84,564.15}{492,209.2,565.15}{493,209.55,566.15}{494,209.91,567.15}{495,210.27,568.15}{496,210.62,569.15}{497,210.98,570.15}{498,211.34,571.15}{499,211.69,572.15}{500,212.05,573.15}{501,212.4,574.15}{502,212.76,575.15}{503,213.12,576.15}{504,213.47,577.15}{505,213.83,578.15}{506,214.19,579.15}{507,214.55,580.15}{508,214.9,581.15}{509,215.26,582.15}{510,215.61,583.15}{511,215.97,584.15}{512,216.32,585.15}{513,216.68,586.15}{514,217.03,587.15}{515,217.39,588.15}{516,217.73,589.15}{517,218.08,590.15}{518,218.44,591.15}{519,218.79,592.15}{520,219.15,593.15}{521,219.5,594.15}{522,219.85,595.15}{523,220.21,596.15}{524,220.56,597.15}{525,220.91,598.15}{526,221.27,599.15}{527,221.62,600.15}{528,221.97,601.15}{529,222.32,602.15}{530,222.68,603.15}{531,223.03,604.15}{532,223.38,605.15}{533,223.73,606.15}{534,224.09,607.15}{535,224.45,608.15}{536,224.8,609.15}{537,225.15,610.15}{538,225.5,611.15}{539,225.85,612.15}{540,226.21,613.15}{541,226.56,614.15}{542,226.91,615.15}{543,227.26,616.15}{544,227.61,617.15}{545,227.96,618.15}{546,228.31,619.15}{547,228.66,620.15}{548,229.01,621.15}{549,229.36,622.15}{550,229.72,623.15}{551,230.07,624.15}{552,230.42,625.15}{553,230.77,626.15}{554,231.12,627.15}{555,231.47,628.15}{556,231.81,629.15}{557,232.16,630.15}{558,232.51,631.15}{559,232.86,632.15}{560,233.21,633.15}{561,233.56,634.15}{562,233.91,635.15}{563,234.26,636.15}{564,234.6,637.15}{565,234.95,638.15}{566,235.3,639.15}{567,235.65,640.15}{568,236,641.15}{569,236.35,642.15}{570,236.7,643.15}{571,237.05,644.15}{572,237.4,645.15}{573,237.75,646.15}{574,238.09,647.15}{575,238.44,648.15}{576,238.79,649.15}{577,239.14,650.15}{578,239.48,651.15}{579,239.83,652.15}{580,240.18,653.15}{581,240.52,654.15}{582,240.87,655.15}{583,241.22,656.15}{584,241.56,657.15}{585,241.91,658.15}{586,242.25,659.15}{587,242.6,660.15}{588,242.95,661.15}{589,243.29,662.15}{590,243.64,663.15}{591,243.98,664.15}{592,244.33,665.15}{593,244.67,666.15}{594,245.02,667.15}{595,245.36,668.15}{596,245.71,669.15}{597,246.05,670.15}{598,246.4,671.15}{599,246.74,672.15}{600,247.09,673.15}{601,247.43,674.15}{602,247.78,675.15}{603,248.12,676.15}{604,248.46,677.15}{605,248.81,678.15}{606,249.15,679.15}{607,249.5,680.15}{608,249.84,681.15}{609,250.18,682.15}{610,250.53,683.15}{611,250.89,684.15}{612,251.21,685.15}{613,251.55,686.15}{614,251.9,687.15}{615,252.24,688.15}{616,252.59,689.15}{617,252.94,690.15}{618,253.28,691.15}{619,253.62,692.15}{620,253.96,693.15}{621,254.3,694.15}{622,254.65,695.15}{623,254.99,696.15}{624,255.33,697.15}{625,255.67,698.15}{626,256.01,699.15}{627,256.35,700.15}{628,256.7,701.15}{629,257.04,702.15}{630,257.38,703.15}{631,257.72,704.15}{632,258.06,705.15}{633,258.4,706.15}{634,258.74,707.15}{635,259.08,708.15}{636,259.42,709.15}{637,259.76,710.15}{638,260.1,711.15}{639,260.44,712.15}{640,260.78,713.15}{641,261.12,714.15}{642,261.46,715.15}{643,261.8,716.15}{644,262.14,717.15}{645,262.48,718.15}{646,262.83,719.15}{647,263.17,720.15}{648,263.5,721.15}{649,263.84,722.15}{650,264.18,723.15}{651,264.52,724.15}{652,264.86,725.15}{653,265.2,726.15}{654,265.54,727.15}{655,265.87,728.15}{656,266.21,729.15}{657,266.55,730.15}{658,266.89,731.15}{659,267.22,732.15}{660,267.56,733.15}{661,267.9,734.15}{662,268.24,735.15}{663,268.57,736.15}{664,268.91,737.15}{665,269.25,738.15}{666,269.58,739.15}{667,269.92,740.15}{668,270.26,741.15}{669,270.59,742.15}{670,270.93,743.15}{671,271.27,744.15}{672,271.6,745.15}{673,271.94,746.15}{674,272.27,747.15}{675,272.61,748.15}{676,272.95,749.15}{677,273.28,750.15}{678,273.62,751.15}{679,273.95,752.15}{680,274.29,753.15}{681,274.62,754.15}{682,274.96,755.15}{683,275.29,756.15}{684,275.63,757.15}{685,275.96,758.15}{686,276.31,759.15}{687,276.64,760.15}{688,276.97,761.15}{689,277.31,762.15}{690,277.64,763.15}{691,277.98,764.15}{692,278.31,765.15}{693,278.64,766.15}{694,278.98,767.15}{695,279.31,768.15}{696,279.64,769.15}{697,279.98,770.15}{698,280.31,771.15}{699,280.64,772.15}{700,280.98,773.15}{701,281.31,774.15}{702,281.64,775.15}{703,281.97,776.15}{704,282.31,777.15}{705,282.64,778.15}{706,282.97,779.15}{707,283.3,780.15}{708,283.63,781.15}{709,283.97,782.15}{710,284.3,783.15}{711,284.63,784.15}{712,284.96,785.15}{713,285.29,786.15}{714,285.62,787.15}{715,285.95,788.15}{716,286.3,789.15}{717,286.63,790.15}{718,286.96,791.15}{719,287.29,792.15}{720,287.62,793.15}{721,287.95,794.15}{722,288.28,795.15}{723,288.61,796.15}{724,288.94,797.15}{725,289.27,798.15}{726,289.6,799.15}{727,289.93,800.15}{728,290.26,801.15}{729,290.59,802.15}{730,290.92,803.15}{731,291.25,804.15}{732,291.58,805.15}{733,291.9,806.15}{734,292.23,807.15}{735,292.56,808.15}{736,292.9,809.15}{737,293.23,810.15}{738,293.56,811.15}{739,293.89,812.15}{740,294.21,813.15}{741,294.54,814.15}{742,294.87,815.15}{743,295.2,816.15}{744,295.53,817.15}{745,295.85,818.15}{746,296.18,819.15}{747,296.51,820.15}{748,296.84,821.15}{749,297.16,822.15}{750,297.49,823.15}{751,297.82,824.15}{752,298.14,825.15}{753,298.47,826.15}{754,298.8,827.15}{755,299.12,828.15}{756,299.45,829.15}{757,299.78,830.15}{758,300.1,831.15}{759,300.43,832.15}{760,300.75,833.15}{761,301.08,834.15}{762,301.41,835.15}{763,301.73,836.15}{764,302.06,837.15}{765,302.38,838.15}{766,302.71,839.15}{767,303.03,840.15}{768,303.36,841.15}{769,303.68,842.15}{770,304.01,843.15}{771,304.33,844.15}{772,304.66,845.15}{773,304.98,846.15}{774,305.3,847.15}{775,305.63,848.15}{776,305.95,849.15}{777,306.28,850.15}{778,306.6,851.15}{779,306.92,852.15}{780,307.25,853.15}{781,307.57,854.15}{782,307.89,855.15}{783,308.22,856.15}{784,308.54,857.15}{785,308.86,858.15}{786,309.19,859.15}{787,309.51,860.15}{788,309.83,861.15}{789,310.15,862.15}{790,310.48,863.15}{791,310.8,864.15}{792,311.12,865.15}{793,311.45,866.15}{794,311.78,867.15}{795,312.1,868.15}{796,312.43,869.15}{797,312.75,870.15}{798,313.07,871.15}{799,313.39,872.15}{800,313.71,873.15}{801,314.04,874.15}{802,314.36,875.15}{803,314.68,876.15}{804,315,877.15}{805,315.32,878.15}{806,315.64,879.15}{807,315.96,880.15}{808,316.28,881.15}{809,316.6,882.15}{810,316.92,883.15}{811,317.24,884.15}{812,317.56,885.15}{813,317.88,886.15}{814,318.2,887.15}{815,318.52,888.15}{816,318.85,889.15}{817,319.17,890.15}{818,319.49,891.15}{819,319.81,892.15}{820,320.12,893.15}{821,320.44,894.15}{822,320.76,895.15}{823,321.08,896.15}{824,321.4,897.15}{825,321.72,898.15}{826,322.03,899.15}{827,322.34,900.15}{828,322.66,901.15}{829,322.98,902.15}{830,323.3,903.15}{831,323.61,904.15}{832,323.93,905.15}{833,324.25,906.15}{834,324.57,907.15}{835,324.88,908.15}{836,325.21,909.15}{837,325.53,910.15}{838,325.85,911.15}{839,326.16,912.15}{840,326.48,913.15}{841,326.79,914.15}{842,327.11,915.15}{843,327.43,916.15}{844,327.74,917.15}{845,328.06,918.15}{846,328.38,919.15}{847,328.69,920.15}{848,329.01,921.15}{849,329.32,922.15}{850,329.64,923.15}{851,329.95,924.15}{852,330.27,925.15}{853,330.58,926.15}{854,330.9,927.15}{855,331.21,928.15}{856,331.53,929.15}{857,331.84,930.15}{858,332.16,931.15}{859,332.47,932.15}{860,332.79,933.15}{861,333.1,934.15}{862,333.41,935.15}{863,333.73,936.15}{864,334.04,937.15}{865,334.36,938.15}{866,334.68,939.15}{867,334.99,940.15}{868,335.31,941.15}{869,335.62,942.15}{870,335.93,943.15}{871,336.25,944.15}{872,336.56,945.15}{873,336.87,946.15}{874,337.18,947.15}{875,337.5,948.15}{876,337.81,949.15}{877,338.12,950.15}{878,338.43,951.15}{879,338.75,952.15}{880,339.06,953.15}{881,339.37,954.15}{882,339.68,955.15}{883,339.99,956.15}{884,340.3,957.15}{885,340.62,958.15}{886,340.94,959.15}{887,341.25,960.15}{888,341.55,961.15}{889,341.87,962.15}{890,342.18,963.15}{891,342.49,964.15}{892,342.8,965.15}{893,343.11,966.15}{894,343.42,967.15}{895,343.73,968.15}{896,344.04,969.15}{897,344.35,970.15}{898,344.66,971.15}{899,344.97,972.15}{900,345.28,973.15}{901,345.59,974.15}{902,345.9,975.15}{903,346.21,976.15}{904,346.52,977.15}{905,346.83,978.15}{906,347.15,979.15}{907,347.46,980.15}{908,347.76,981.15}{909,348.07,982.15}{910,348.38,983.15}{911,348.69,984.15}{912,349,985.15}{913,349.31,986.15}{914,349.61,987.15}{915,349.92,988.15}{916,350.23,989.15}{917,350.54,990.15}{918,350.85,991.15}{919,351.15,992.15}{920,351.46,993.15}{921,351.77,994.15}{922,352.07,995.15}{923,352.38,996.15}{924,352.69,997.15}{925,352.99,998.15}{926,353.3,999.15}{927,353.61,1000.15}{928,353.91,1001.15}{929,354.22,1002.15}{930,354.53,1003.15}{931,354.83,1004.15}{932,355.14,1005.15}{933,355.44,1006.15}{934,355.75,1007.15}{935,356.06,1008.15}{936,356.37,1009.15}{937,356.68,1010.15}{938,356.98,1011.15}{939,357.29,1012.15}{940,357.59,1013.15}{941,357.9,1014.15}{942,358.2,1015.15}{943,358.51,1016.15}{944,358.81,1017.15}{945,359.12,1018.15}{946,359.42,1019.15}{947,359.72,1020.15}{948,360.03,1021.15}{949,360.33,1022.15}{950,360.64,1023.15}{951,360.94,1024.15}{952,361.24,1025.15}{953,361.55,1026.15}{954,361.85,1027.15}{955,362.15,1028.15}{956,362.46,1029.15}{957,362.76,1030.15}{958,363.06,1031.15}{959,363.36,1032.15}{960,363.67,1033.15}{961,363.97,1034.15}{962,364.27,1035.15}{963,364.57,1036.15}{964,364.88,1037.15}{965,365.18,1038.15}{966,365.49,1039.15}{967,365.79,1040.15}{968,366.09,1041.15}{969,366.4,1042.15}{970,366.7,1043.15}{971,367,1044.15}{972,367.3,1045.15}{973,367.6,1046.15}{974,367.9,1047.15}{975,368.2,1048.15}{976,368.5,1049.15}{977,368.81,1050.15}{978,369.11,1051.15}{979,369.41,1052.15}{980,369.71,1053.15}{981,370.01,1054.15}{982,370.31,1055.15}{983,370.61,1056.15}{984,370.91,1057.15}{985,371.21,1058.15}{986,371.52,1059.15}{987,371.82,1060.15}{988,372.12,1061.15}{989,372.41,1062.15}{990,372.71,1063.15}{991,373.01,1064.15}{992,373.31,1065.15}{993,373.61,1066.15}{994,373.91,1067.15}{995,374.21,1068.15}{996,374.51,1069.15}{997,374.8,1070.15}{998,375.1,1071.15}{999,375.4,1072.15}{1000,375.7,1073.15}{1001,376,1074.15}{1002,376.29,1075.15}{1003,376.59,1076.15}{1004,376.89,1077.15}{1005,377.19,1078.15}{1006,377.49,1079.15}{1007,377.79,1080.15}{1008,378.09,1081.15}{1009,378.39,1082.15}{1010,378.68,1083.15}{1011,378.98,1084.15}{1012,379.28,1085.15}{1013,379.57,1086.15}{1014,379.87,1087.15}{1015,380.17,1088.15}{1016,380.46,1089.15}{1017,380.76,1090.15}{1018,381.05,1091.15}{1019,381.35,1092.15}{1020,381.65,1093.15}{1021,381.94,1094.15}{1022,382.24,1095.15}{1023,382.53,1096.15}{1024,382.83,1097.15}{1025,383.12,1098.15}{1026,383.42,1099.15}{1027,383.71,1100.15}{1028,384.01,1101.15}{1029,384.3,1102.15}{1030,384.6,1103.15}{1031,384.89,1104.15}{1032,385.18,1105.15}{1033,385.48,1106.15}{1034,385.77,1107.15}{1035,386.07,1108.15}{1036,386.37,1109.15}{1037,386.66,1110.15}{1038,386.96,1111.15}{1039,387.25,1112.15}{1040,387.55,1113.15}{1041,387.84,1114.15}{1042,388.13,1115.15}{1043,388.42,1116.15}{1044,388.72,1117.15}{1045,389.01,1118.15}{1046,389.31,1119.15}{1047,389.61,1120.15}{1048,389.9,1121.15}{1049,390.19,1122.15}{1050,390.48,1123.15}&quot;"/>
                                                <instance name="dev01/Config/ch00010/Calibration_Sensor_Curve" order="0" value="&quot;{0,18.52,73.15}{1,18.96,74.15}{2,19.39,75.15}{3,19.82,76.15}{4,20.25,77.15}{5,20.68,78.15}{6,21.11,79.15}{7,21.54,80.15}{8,21.97,81.15}{9,22.4,82.15}{10,22.83,83.15}{11,23.26,84.15}{12,23.69,85.15}{13,24.12,86.15}{14,24.55,87.15}{15,24.97,88.15}{16,25.39,89.15}{17,25.82,90.15}{18,26.25,91.15}{19,26.67,92.15}{20,27.1,93.15}{21,27.52,94.15}{22,27.95,95.15}{23,28.37,96.15}{24,28.8,97.15}{25,29.22,98.15}{26,29.65,99.15}{27,30.07,100.15}{28,30.49,101.15}{29,30.92,102.15}{30,31.34,103.15}{31,31.76,104.15}{32,32.18,105.15}{33,32.61,106.15}{34,33.03,107.15}{35,33.45,108.15}{36,33.86,109.15}{37,34.28,110.15}{38,34.7,111.15}{39,35.12,112.15}{40,35.54,113.15}{41,35.96,114.15}{42,36.38,115.15}{43,36.8,116.15}{44,37.22,117.15}{45,37.63,118.15}{46,38.05,119.15}{47,38.47,120.15}{48,38.89,121.15}{49,39.31,122.15}{50,39.72,123.15}{51,40.14,124.15}{52,40.56,125.15}{53,40.97,126.15}{54,41.39,127.15}{55,41.8,128.15}{56,42.22,129.15}{57,42.64,130.15}{58,43.05,131.15}{59,43.46,132.15}{60,43.88,133.15}{61,44.29,134.15}{62,44.71,135.15}{63,45.12,136.15}{64,45.53,137.15}{65,45.95,138.15}{66,46.35,139.15}{67,46.76,140.15}{68,47.18,141.15}{69,47.59,142.15}{70,48,143.15}{71,48.41,144.15}{72,48.82,145.15}{73,49.23,146.15}{74,49.64,147.15}{75,50.06,148.15}{76,50.47,149.15}{77,50.88,150.15}{78,51.29,151.15}{79,51.7,152.15}{80,52.11,153.15}{81,52.52,154.15}{82,52.92,155.15}{83,53.33,156.15}{84,53.74,157.15}{85,54.15,158.15}{86,54.56,159.15}{87,54.97,160.15}{88,55.38,161.15}{89,55.78,162.15}{90,56.19,163.15}{91,56.6,164.15}{92,57,165.15}{93,57.41,166.15}{94,57.82,167.15}{95,58.22,168.15}{96,58.63,169.15}{97,59.04,170.15}{98,59.44,171.15}{99,59.85,172.15}{100,60.26,173.15}{101,60.67,174.15}{102,61.07,175.15}{103,61.48,176.15}{104,61.87,177.15}{105,62.29,178.15}{106,62.69,179.15}{107,63.1,180.15}{108,63.5,181.15}{109,63.91,182.15}{110,64.3,183.15}{111,64.7,184.15}{112,65.11,185.15}{113,65.51,186.15}{114,65.91,187.15}{115,66.31,188.15}{116,66.72,189.15}{117,67.12,190.15}{118,67.52,191.15}{119,67.92,192.15}{120,68.33,193.15}{121,68.73,194.15}{122,69.13,195.15}{123,69.53,196.15}{124,69.93,197.15}{125,70.33,198.15}{126,70.73,199.15}{127,71.13,200.15}{128,71.53,201.15}{129,71.93,202.15}{130,72.33,203.15}{131,72.73,204.15}{132,73.13,205.15}{133,73.53,206.15}{134,73.93,207.15}{135,74.33,208.15}{136,74.73,209.15}{137,75.13,210.15}{138,75.53,211.15}{139,75.93,212.15}{140,76.33,213.15}{141,76.73,214.15}{142,77.13,215.15}{143,77.52,216.15}{144,77.92,217.15}{145,78.32,218.15}{146,78.72,219.15}{147,79.11,220.15}{148,79.51,221.15}{149,79.91,222.15}{150,80.31,223.15}{151,80.7,224.15}{152,81.1,225.15}{153,81.5,226.15}{154,81.89,227.15}{155,82.29,228.15}{156,82.69,229.15}{157,83.08,230.15}{158,83.48,231.15}{159,83.88,232.15}{160,84.27,233.15}{161,84.67,234.15}{162,85.06,235.15}{163,85.46,236.15}{164,85.85,237.15}{165,86.25,238.15}{166,86.64,239.15}{167,87.04,240.15}{168,87.43,241.15}{169,87.83,242.15}{170,88.22,243.15}{171,88.62,244.15}{172,89.01,245.15}{173,89.4,246.15}{174,89.8,247.15}{175,90.19,248.15}{176,90.59,249.15}{177,90.98,250.15}{178,91.37,251.15}{179,91.77,252.15}{180,92.16,253.15}{181,92.55,254.15}{182,92.95,255.15}{183,93.34,256.15}{184,93.73,257.15}{185,94.12,258.15}{186,94.52,259.15}{187,94.91,260.15}{188,95.3,261.15}{189,95.69,262.15}{190,96.09,263.15}{191,96.48,264.15}{192,96.87,265.15}{193,97.26,266.15}{194,97.65,267.15}{195,98.04,268.15}{196,98.44,269.15}{197,98.83,270.15}{198,99.22,271.15}{199,99.61,272.15}{200,100,273.15}{201,100.39,274.15}{202,100.78,275.15}{203,101.17,276.15}{204,101.56,277.15}{205,101.95,278.15}{206,102.34,279.15}{207,102.73,280.15}{208,103.12,281.15}{209,103.51,282.15}{210,103.9,283.15}{211,104.29,284.15}{212,104.68,285.15}{213,105.07,286.15}{214,105.46,287.15}{215,105.85,288.15}{216,106.24,289.15}{217,106.63,290.15}{218,107.02,291.15}{219,107.4,292.15}{220,107.79,293.15}{221,108.18,294.15}{222,108.57,295.15}{223,108.96,296.15}{224,109.35,297.15}{225,109.73,298.15}{226,110.12,299.15}{227,110.51,300.15}{228,110.9,301.15}{229,111.28,302.15}{230,111.67,303.15}{231,112.06,304.15}{232,112.45,305.15}{233,112.83,306.15}{234,113.22,307.15}{235,113.61,308.15}{236,113.99,309.15}{237,114.38,310.15}{238,114.77,311.15}{239,115.15,312.15}{240,115.54,313.15}{241,115.93,314.15}{242,116.31,315.15}{243,116.7,316.15}{244,117.08,317.15}{245,117.47,318.15}{246,117.85,319.15}{247,118.24,320.15}{248,118.62,321.15}{249,119.01,322.15}{250,119.4,323.15}{251,119.78,324.15}{252,120.16,325.15}{253,120.55,326.15}{254,120.93,327.15}{255,121.32,328.15}{256,121.7,329.15}{257,122.09,330.15}{258,122.47,331.15}{259,122.86,332.15}{260,123.24,333.15}{261,123.62,334.15}{262,124.01,335.15}{263,124.39,336.15}{264,124.77,337.15}{265,125.17,338.15}{266,125.55,339.15}{267,125.93,340.15}{268,126.32,341.15}{269,126.7,342.15}{270,127.08,343.15}{271,127.46,344.15}{272,127.85,345.15}{273,128.23,346.15}{274,128.61,347.15}{275,128.99,348.15}{276,129.38,349.15}{277,129.76,350.15}{278,130.14,351.15}{279,130.52,352.15}{280,130.9,353.15}{281,131.28,354.15}{282,131.67,355.15}{283,132.05,356.15}{284,132.43,357.15}{285,132.81,358.15}{286,133.19,359.15}{287,133.57,360.15}{288,133.95,361.15}{289,134.33,362.15}{290,134.71,363.15}{291,135.09,364.15}{292,135.47,365.15}{293,135.85,366.15}{294,136.23,367.15}{295,136.61,368.15}{296,136.99,369.15}{297,137.37,370.15}{298,137.75,371.15}{299,138.13,372.15}{300,138.51,373.15}{301,138.89,374.15}{302,139.27,375.15}{303,139.65,376.15}{304,140.03,377.15}{305,140.39,378.15}{306,140.77,379.15}{307,141.15,380.15}{308,141.53,381.15}{309,141.91,382.15}{310,142.29,383.15}{311,142.66,384.15}{312,143.04,385.15}{313,143.42,386.15}{314,143.8,387.15}{315,144.18,388.15}{316,144.56,389.15}{317,144.94,390.15}{318,145.32,391.15}{319,145.69,392.15}{320,146.07,393.15}{321,146.45,394.15}{322,146.82,395.15}{323,147.2,396.15}{324,147.58,397.15}{325,147.95,398.15}{326,148.33,399.15}{327,148.71,400.15}{328,149.08,401.15}{329,149.46,402.15}{330,149.83,403.15}{331,150.21,404.15}{332,150.58,405.15}{333,150.96,406.15}{334,151.34,407.15}{335,151.71,408.15}{336,152.09,409.15}{337,152.46,410.15}{338,152.84,411.15}{339,153.21,412.15}{340,153.58,413.15}{341,153.95,414.15}{342,154.32,415.15}{343,154.71,416.15}{344,155.08,417.15}{345,155.46,418.15}{346,155.83,419.15}{347,156.21,420.15}{348,156.58,421.15}{349,156.96,422.15}{350,157.33,423.15}{351,157.71,424.15}{352,158.08,425.15}{353,158.45,426.15}{354,158.83,427.15}{355,159.2,428.15}{356,159.56,429.15}{357,159.94,430.15}{358,160.31,431.15}{359,160.68,432.15}{360,161.05,433.15}{361,161.43,434.15}{362,161.8,435.15}{363,162.17,436.15}{364,162.54,437.15}{365,162.91,438.15}{366,163.28,439.15}{367,163.66,440.15}{368,164.03,441.15}{369,164.4,442.15}{370,164.77,443.15}{371,165.14,444.15}{372,165.51,445.15}{373,165.88,446.15}{374,166.25,447.15}{375,166.62,448.15}{376,167,449.15}{377,167.37,450.15}{378,167.74,451.15}{379,168.11,452.15}{380,168.48,453.15}{381,168.85,454.15}{382,169.22,455.15}{383,169.59,456.15}{384,169.96,457.15}{385,170.33,458.15}{386,170.69,459.15}{387,171.06,460.15}{388,171.43,461.15}{389,171.8,462.15}{390,172.17,463.15}{391,172.54,464.15}{392,172.91,465.15}{393,173.27,466.15}{394,173.64,467.15}{395,174.01,468.15}{396,174.39,469.15}{397,174.75,470.15}{398,175.12,471.15}{399,175.49,472.15}{400,175.86,473.15}{401,176.23,474.15}{402,176.59,475.15}{403,176.96,476.15}{404,177.33,477.15}{405,177.7,478.15}{406,178.06,479.15}{407,178.43,480.15}{408,178.8,481.15}{409,179.16,482.15}{410,179.53,483.15}{411,179.9,484.15}{412,180.26,485.15}{413,180.63,486.15}{414,180.99,487.15}{415,181.36,488.15}{416,181.73,489.15}{417,182.09,490.15}{418,182.46,491.15}{419,182.82,492.15}{420,183.19,493.15}{421,183.55,494.15}{422,183.92,495.15}{423,184.28,496.15}{424,184.65,497.15}{425,185.01,498.15}{426,185.38,499.15}{427,185.74,500.15}{428,186.11,501.15}{429,186.47,502.15}{430,186.84,503.15}{431,187.2,504.15}{432,187.56,505.15}{433,187.93,506.15}{434,188.29,507.15}{435,188.65,508.15}{436,189.02,509.15}{437,189.38,510.15}{438,189.74,511.15}{439,190.11,512.15}{440,190.47,513.15}{441,190.83,514.15}{442,191.2,515.15}{443,191.56,516.15}{444,191.92,517.15}{445,192.28,518.15}{446,192.66,519.15}{447,193.02,520.15}{448,193.38,521.15}{449,193.74,522.15}{450,194.1,523.15}{451,194.47,524.15}{452,194.83,525.15}{453,195.19,526.15}{454,195.55,527.15}{455,195.9,528.15}{456,196.26,529.15}{457,196.62,530.15}{458,196.98,531.15}{459,197.35,532.15}{460,197.71,533.15}{461,198.07,534.15}{462,198.43,535.15}{463,198.79,536.15}{464,199.15,537.15}{465,199.51,538.15}{466,199.87,539.15}{467,200.23,540.15}{468,200.59,541.15}{469,200.95,542.15}{470,201.31,543.15}{471,201.67,544.15}{472,202.03,545.15}{473,202.38,546.15}{474,202.74,547.15}{475,203.1,548.15}{476,203.46,549.15}{477,203.82,550.15}{478,204.18,551.15}{479,204.54,552.15}{480,204.9,553.15}{481,205.25,554.15}{482,205.61,555.15}{483,205.97,556.15}{484,206.33,557.15}{485,206.7,558.15}{486,207.05,559.15}{487,207.41,560.15}{488,207.77,561.15}{489,208.13,562.15}{490,208.48,563.15}{491,208.84,564.15}{492,209.2,565.15}{493,209.55,566.15}{494,209.91,567.15}{495,210.27,568.15}{496,210.62,569.15}{497,210.98,570.15}{498,211.34,571.15}{499,211.69,572.15}{500,212.05,573.15}{501,212.4,574.15}{502,212.76,575.15}{503,213.12,576.15}{504,213.47,577.15}{505,213.83,578.15}{506,214.19,579.15}{507,214.55,580.15}{508,214.9,581.15}{509,215.26,582.15}{510,215.61,583.15}{511,215.97,584.15}{512,216.32,585.15}{513,216.68,586.15}{514,217.03,587.15}{515,217.39,588.15}{516,217.73,589.15}{517,218.08,590.15}{518,218.44,591.15}{519,218.79,592.15}{520,219.15,593.15}{521,219.5,594.15}{522,219.85,595.15}{523,220.21,596.15}{524,220.56,597.15}{525,220.91,598.15}{526,221.27,599.15}{527,221.62,600.15}{528,221.97,601.15}{529,222.32,602.15}{530,222.68,603.15}{531,223.03,604.15}{532,223.38,605.15}{533,223.73,606.15}{534,224.09,607.15}{535,224.45,608.15}{536,224.8,609.15}{537,225.15,610.15}{538,225.5,611.15}{539,225.85,612.15}{540,226.21,613.15}{541,226.56,614.15}{542,226.91,615.15}{543,227.26,616.15}{544,227.61,617.15}{545,227.96,618.15}{546,228.31,619.15}{547,228.66,620.15}{548,229.01,621.15}{549,229.36,622.15}{550,229.72,623.15}{551,230.07,624.15}{552,230.42,625.15}{553,230.77,626.15}{554,231.12,627.15}{555,231.47,628.15}{556,231.81,629.15}{557,232.16,630.15}{558,232.51,631.15}{559,232.86,632.15}{560,233.21,633.15}{561,233.56,634.15}{562,233.91,635.15}{563,234.26,636.15}{564,234.6,637.15}{565,234.95,638.15}{566,235.3,639.15}{567,235.65,640.15}{568,236,641.15}{569,236.35,642.15}{570,236.7,643.15}{571,237.05,644.15}{572,237.4,645.15}{573,237.75,646.15}{574,238.09,647.15}{575,238.44,648.15}{576,238.79,649.15}{577,239.14,650.15}{578,239.48,651.15}{579,239.83,652.15}{580,240.18,653.15}{581,240.52,654.15}{582,240.87,655.15}{583,241.22,656.15}{584,241.56,657.15}{585,241.91,658.15}{586,242.25,659.15}{587,242.6,660.15}{588,242.95,661.15}{589,243.29,662.15}{590,243.64,663.15}{591,243.98,664.15}{592,244.33,665.15}{593,244.67,666.15}{594,245.02,667.15}{595,245.36,668.15}{596,245.71,669.15}{597,246.05,670.15}{598,246.4,671.15}{599,246.74,672.15}{600,247.09,673.15}{601,247.43,674.15}{602,247.78,675.15}{603,248.12,676.15}{604,248.46,677.15}{605,248.81,678.15}{606,249.15,679.15}{607,249.5,680.15}{608,249.84,681.15}{609,250.18,682.15}{610,250.53,683.15}{611,250.89,684.15}{612,251.21,685.15}{613,251.55,686.15}{614,251.9,687.15}{615,252.24,688.15}{616,252.59,689.15}{617,252.94,690.15}{618,253.28,691.15}{619,253.62,692.15}{620,253.96,693.15}{621,254.3,694.15}{622,254.65,695.15}{623,254.99,696.15}{624,255.33,697.15}{625,255.67,698.15}{626,256.01,699.15}{627,256.35,700.15}{628,256.7,701.15}{629,257.04,702.15}{630,257.38,703.15}{631,257.72,704.15}{632,258.06,705.15}{633,258.4,706.15}{634,258.74,707.15}{635,259.08,708.15}{636,259.42,709.15}{637,259.76,710.15}{638,260.1,711.15}{639,260.44,712.15}{640,260.78,713.15}{641,261.12,714.15}{642,261.46,715.15}{643,261.8,716.15}{644,262.14,717.15}{645,262.48,718.15}{646,262.83,719.15}{647,263.17,720.15}{648,263.5,721.15}{649,263.84,722.15}{650,264.18,723.15}{651,264.52,724.15}{652,264.86,725.15}{653,265.2,726.15}{654,265.54,727.15}{655,265.87,728.15}{656,266.21,729.15}{657,266.55,730.15}{658,266.89,731.15}{659,267.22,732.15}{660,267.56,733.15}{661,267.9,734.15}{662,268.24,735.15}{663,268.57,736.15}{664,268.91,737.15}{665,269.25,738.15}{666,269.58,739.15}{667,269.92,740.15}{668,270.26,741.15}{669,270.59,742.15}{670,270.93,743.15}{671,271.27,744.15}{672,271.6,745.15}{673,271.94,746.15}{674,272.27,747.15}{675,272.61,748.15}{676,272.95,749.15}{677,273.28,750.15}{678,273.62,751.15}{679,273.95,752.15}{680,274.29,753.15}{681,274.62,754.15}{682,274.96,755.15}{683,275.29,756.15}{684,275.63,757.15}{685,275.96,758.15}{686,276.31,759.15}{687,276.64,760.15}{688,276.97,761.15}{689,277.31,762.15}{690,277.64,763.15}{691,277.98,764.15}{692,278.31,765.15}{693,278.64,766.15}{694,278.98,767.15}{695,279.31,768.15}{696,279.64,769.15}{697,279.98,770.15}{698,280.31,771.15}{699,280.64,772.15}{700,280.98,773.15}{701,281.31,774.15}{702,281.64,775.15}{703,281.97,776.15}{704,282.31,777.15}{705,282.64,778.15}{706,282.97,779.15}{707,283.3,780.15}{708,283.63,781.15}{709,283.97,782.15}{710,284.3,783.15}{711,284.63,784.15}{712,284.96,785.15}{713,285.29,786.15}{714,285.62,787.15}{715,285.95,788.15}{716,286.3,789.15}{717,286.63,790.15}{718,286.96,791.15}{719,287.29,792.15}{720,287.62,793.15}{721,287.95,794.15}{722,288.28,795.15}{723,288.61,796.15}{724,288.94,797.15}{725,289.27,798.15}{726,289.6,799.15}{727,289.93,800.15}{728,290.26,801.15}{729,290.59,802.15}{730,290.92,803.15}{731,291.25,804.15}{732,291.58,805.15}{733,291.9,806.15}{734,292.23,807.15}{735,292.56,808.15}{736,292.9,809.15}{737,293.23,810.15}{738,293.56,811.15}{739,293.89,812.15}{740,294.21,813.15}{741,294.54,814.15}{742,294.87,815.15}{743,295.2,816.15}{744,295.53,817.15}{745,295.85,818.15}{746,296.18,819.15}{747,296.51,820.15}{748,296.84,821.15}{749,297.16,822.15}{750,297.49,823.15}{751,297.82,824.15}{752,298.14,825.15}{753,298.47,826.15}{754,298.8,827.15}{755,299.12,828.15}{756,299.45,829.15}{757,299.78,830.15}{758,300.1,831.15}{759,300.43,832.15}{760,300.75,833.15}{761,301.08,834.15}{762,301.41,835.15}{763,301.73,836.15}{764,302.06,837.15}{765,302.38,838.15}{766,302.71,839.15}{767,303.03,840.15}{768,303.36,841.15}{769,303.68,842.15}{770,304.01,843.15}{771,304.33,844.15}{772,304.66,845.15}{773,304.98,846.15}{774,305.3,847.15}{775,305.63,848.15}{776,305.95,849.15}{777,306.28,850.15}{778,306.6,851.15}{779,306.92,852.15}{780,307.25,853.15}{781,307.57,854.15}{782,307.89,855.15}{783,308.22,856.15}{784,308.54,857.15}{785,308.86,858.15}{786,309.19,859.15}{787,309.51,860.15}{788,309.83,861.15}{789,310.15,862.15}{790,310.48,863.15}{791,310.8,864.15}{792,311.12,865.15}{793,311.45,866.15}{794,311.78,867.15}{795,312.1,868.15}{796,312.43,869.15}{797,312.75,870.15}{798,313.07,871.15}{799,313.39,872.15}{800,313.71,873.15}{801,314.04,874.15}{802,314.36,875.15}{803,314.68,876.15}{804,315,877.15}{805,315.32,878.15}{806,315.64,879.15}{807,315.96,880.15}{808,316.28,881.15}{809,316.6,882.15}{810,316.92,883.15}{811,317.24,884.15}{812,317.56,885.15}{813,317.88,886.15}{814,318.2,887.15}{815,318.52,888.15}{816,318.85,889.15}{817,319.17,890.15}{818,319.49,891.15}{819,319.81,892.15}{820,320.12,893.15}{821,320.44,894.15}{822,320.76,895.15}{823,321.08,896.15}{824,321.4,897.15}{825,321.72,898.15}{826,322.03,899.15}{827,322.34,900.15}{828,322.66,901.15}{829,322.98,902.15}{830,323.3,903.15}{831,323.61,904.15}{832,323.93,905.15}{833,324.25,906.15}{834,324.57,907.15}{835,324.88,908.15}{836,325.21,909.15}{837,325.53,910.15}{838,325.85,911.15}{839,326.16,912.15}{840,326.48,913.15}{841,326.79,914.15}{842,327.11,915.15}{843,327.43,916.15}{844,327.74,917.15}{845,328.06,918.15}{846,328.38,919.15}{847,328.69,920.15}{848,329.01,921.15}{849,329.32,922.15}{850,329.64,923.15}{851,329.95,924.15}{852,330.27,925.15}{853,330.58,926.15}{854,330.9,927.15}{855,331.21,928.15}{856,331.53,929.15}{857,331.84,930.15}{858,332.16,931.15}{859,332.47,932.15}{860,332.79,933.15}{861,333.1,934.15}{862,333.41,935.15}{863,333.73,936.15}{864,334.04,937.15}{865,334.36,938.15}{866,334.68,939.15}{867,334.99,940.15}{868,335.31,941.15}{869,335.62,942.15}{870,335.93,943.15}{871,336.25,944.15}{872,336.56,945.15}{873,336.87,946.15}{874,337.18,947.15}{875,337.5,948.15}{876,337.81,949.15}{877,338.12,950.15}{878,338.43,951.15}{879,338.75,952.15}{880,339.06,953.15}{881,339.37,954.15}{882,339.68,955.15}{883,339.99,956.15}{884,340.3,957.15}{885,340.62,958.15}{886,340.94,959.15}{887,341.25,960.15}{888,341.55,961.15}{889,341.87,962.15}{890,342.18,963.15}{891,342.49,964.15}{892,342.8,965.15}{893,343.11,966.15}{894,343.42,967.15}{895,343.73,968.15}{896,344.04,969.15}{897,344.35,970.15}{898,344.66,971.15}{899,344.97,972.15}{900,345.28,973.15}{901,345.59,974.15}{902,345.9,975.15}{903,346.21,976.15}{904,346.52,977.15}{905,346.83,978.15}{906,347.15,979.15}{907,347.46,980.15}{908,347.76,981.15}{909,348.07,982.15}{910,348.38,983.15}{911,348.69,984.15}{912,349,985.15}{913,349.31,986.15}{914,349.61,987.15}{915,349.92,988.15}{916,350.23,989.15}{917,350.54,990.15}{918,350.85,991.15}{919,351.15,992.15}{920,351.46,993.15}{921,351.77,994.15}{922,352.07,995.15}{923,352.38,996.15}{924,352.69,997.15}{925,352.99,998.15}{926,353.3,999.15}{927,353.61,1000.15}{928,353.91,1001.15}{929,354.22,1002.15}{930,354.53,1003.15}{931,354.83,1004.15}{932,355.14,1005.15}{933,355.44,1006.15}{934,355.75,1007.15}{935,356.06,1008.15}{936,356.37,1009.15}{937,356.68,1010.15}{938,356.98,1011.15}{939,357.29,1012.15}{940,357.59,1013.15}{941,357.9,1014.15}{942,358.2,1015.15}{943,358.51,1016.15}{944,358.81,1017.15}{945,359.12,1018.15}{946,359.42,1019.15}{947,359.72,1020.15}{948,360.03,1021.15}{949,360.33,1022.15}{950,360.64,1023.15}{951,360.94,1024.15}{952,361.24,1025.15}{953,361.55,1026.15}{954,361.85,1027.15}{955,362.15,1028.15}{956,362.46,1029.15}{957,362.76,1030.15}{958,363.06,1031.15}{959,363.36,1032.15}{960,363.67,1033.15}{961,363.97,1034.15}{962,364.27,1035.15}{963,364.57,1036.15}{964,364.88,1037.15}{965,365.18,1038.15}{966,365.49,1039.15}{967,365.79,1040.15}{968,366.09,1041.15}{969,366.4,1042.15}{970,366.7,1043.15}{971,367,1044.15}{972,367.3,1045.15}{973,367.6,1046.15}{974,367.9,1047.15}{975,368.2,1048.15}{976,368.5,1049.15}{977,368.81,1050.15}{978,369.11,1051.15}{979,369.41,1052.15}{980,369.71,1053.15}{981,370.01,1054.15}{982,370.31,1055.15}{983,370.61,1056.15}{984,370.91,1057.15}{985,371.21,1058.15}{986,371.52,1059.15}{987,371.82,1060.15}{988,372.12,1061.15}{989,372.41,1062.15}{990,372.71,1063.15}{991,373.01,1064.15}{992,373.31,1065.15}{993,373.61,1066.15}{994,373.91,1067.15}{995,374.21,1068.15}{996,374.51,1069.15}{997,374.8,1070.15}{998,375.1,1071.15}{999,375.4,1072.15}{1000,375.7,1073.15}{1001,376,1074.15}{1002,376.29,1075.15}{1003,376.59,1076.15}{1004,376.89,1077.15}{1005,377.19,1078.15}{1006,377.49,1079.15}{1007,377.79,1080.15}{1008,378.09,1081.15}{1009,378.39,1082.15}{1010,378.68,1083.15}{1011,378.98,1084.15}{1012,379.28,1085.15}{1013,379.57,1086.15}{1014,379.87,1087.15}{1015,380.17,1088.15}{1016,380.46,1089.15}{1017,380.76,1090.15}{1018,381.05,1091.15}{1019,381.35,1092.15}{1020,381.65,1093.15}{1021,381.94,1094.15}{1022,382.24,1095.15}{1023,382.53,1096.15}{1024,382.83,1097.15}{1025,383.12,1098.15}{1026,383.42,1099.15}{1027,383.71,1100.15}{1028,384.01,1101.15}{1029,384.3,1102.15}{1030,384.6,1103.15}{1031,384.89,1104.15}{1032,385.18,1105.15}{1033,385.48,1106.15}{1034,385.77,1107.15}{1035,386.07,1108.15}{1036,386.37,1109.15}{1037,386.66,1110.15}{1038,386.96,1111.15}{1039,387.25,1112.15}{1040,387.55,1113.15}{1041,387.84,1114.15}{1042,388.13,1115.15}{1043,388.42,1116.15}{1044,388.72,1117.15}{1045,389.01,1118.15}{1046,389.31,1119.15}{1047,389.61,1120.15}{1048,389.9,1121.15}{1049,390.19,1122.15}{1050,390.48,1123.15}&quot;"/>
                                                <instance name="dev01/Config/ch00001/Calibration_Sensor_Output_Units" order="0" value="K"/>
                                                <instance name="dev01/Config/ch00011/Calibration_Sensor_Curve" order="0" value="&quot;{0,18.52,73.15}{1,18.96,74.15}{2,19.39,75.15}{3,19.82,76.15}{4,20.25,77.15}{5,20.68,78.15}{6,21.11,79.15}{7,21.54,80.15}{8,21.97,81.15}{9,22.4,82.15}{10,22.83,83.15}{11,23.26,84.15}{12,23.69,85.15}{13,24.12,86.15}{14,24.55,87.15}{15,24.97,88.15}{16,25.39,89.15}{17,25.82,90.15}{18,26.25,91.15}{19,26.67,92.15}{20,27.1,93.15}{21,27.52,94.15}{22,27.95,95.15}{23,28.37,96.15}{24,28.8,97.15}{25,29.22,98.15}{26,29.65,99.15}{27,30.07,100.15}{28,30.49,101.15}{29,30.92,102.15}{30,31.34,103.15}{31,31.76,104.15}{32,32.18,105.15}{33,32.61,106.15}{34,33.03,107.15}{35,33.45,108.15}{36,33.86,109.15}{37,34.28,110.15}{38,34.7,111.15}{39,35.12,112.15}{40,35.54,113.15}{41,35.96,114.15}{42,36.38,115.15}{43,36.8,116.15}{44,37.22,117.15}{45,37.63,118.15}{46,38.05,119.15}{47,38.47,120.15}{48,38.89,121.15}{49,39.31,122.15}{50,39.72,123.15}{51,40.14,124.15}{52,40.56,125.15}{53,40.97,126.15}{54,41.39,127.15}{55,41.8,128.15}{56,42.22,129.15}{57,42.64,130.15}{58,43.05,131.15}{59,43.46,132.15}{60,43.88,133.15}{61,44.29,134.15}{62,44.71,135.15}{63,45.12,136.15}{64,45.53,137.15}{65,45.95,138.15}{66,46.35,139.15}{67,46.76,140.15}{68,47.18,141.15}{69,47.59,142.15}{70,48,143.15}{71,48.41,144.15}{72,48.82,145.15}{73,49.23,146.15}{74,49.64,147.15}{75,50.06,148.15}{76,50.47,149.15}{77,50.88,150.15}{78,51.29,151.15}{79,51.7,152.15}{80,52.11,153.15}{81,52.52,154.15}{82,52.92,155.15}{83,53.33,156.15}{84,53.74,157.15}{85,54.15,158.15}{86,54.56,159.15}{87,54.97,160.15}{88,55.38,161.15}{89,55.78,162.15}{90,56.19,163.15}{91,56.6,164.15}{92,57,165.15}{93,57.41,166.15}{94,57.82,167.15}{95,58.22,168.15}{96,58.63,169.15}{97,59.04,170.15}{98,59.44,171.15}{99,59.85,172.15}{100,60.26,173.15}{101,60.67,174.15}{102,61.07,175.15}{103,61.48,176.15}{104,61.87,177.15}{105,62.29,178.15}{106,62.69,179.15}{107,63.1,180.15}{108,63.5,181.15}{109,63.91,182.15}{110,64.3,183.15}{111,64.7,184.15}{112,65.11,185.15}{113,65.51,186.15}{114,65.91,187.15}{115,66.31,188.15}{116,66.72,189.15}{117,67.12,190.15}{118,67.52,191.15}{119,67.92,192.15}{120,68.33,193.15}{121,68.73,194.15}{122,69.13,195.15}{123,69.53,196.15}{124,69.93,197.15}{125,70.33,198.15}{126,70.73,199.15}{127,71.13,200.15}{128,71.53,201.15}{129,71.93,202.15}{130,72.33,203.15}{131,72.73,204.15}{132,73.13,205.15}{133,73.53,206.15}{134,73.93,207.15}{135,74.33,208.15}{136,74.73,209.15}{137,75.13,210.15}{138,75.53,211.15}{139,75.93,212.15}{140,76.33,213.15}{141,76.73,214.15}{142,77.13,215.15}{143,77.52,216.15}{144,77.92,217.15}{145,78.32,218.15}{146,78.72,219.15}{147,79.11,220.15}{148,79.51,221.15}{149,79.91,222.15}{150,80.31,223.15}{151,80.7,224.15}{152,81.1,225.15}{153,81.5,226.15}{154,81.89,227.15}{155,82.29,228.15}{156,82.69,229.15}{157,83.08,230.15}{158,83.48,231.15}{159,83.88,232.15}{160,84.27,233.15}{161,84.67,234.15}{162,85.06,235.15}{163,85.46,236.15}{164,85.85,237.15}{165,86.25,238.15}{166,86.64,239.15}{167,87.04,240.15}{168,87.43,241.15}{169,87.83,242.15}{170,88.22,243.15}{171,88.62,244.15}{172,89.01,245.15}{173,89.4,246.15}{174,89.8,247.15}{175,90.19,248.15}{176,90.59,249.15}{177,90.98,250.15}{178,91.37,251.15}{179,91.77,252.15}{180,92.16,253.15}{181,92.55,254.15}{182,92.95,255.15}{183,93.34,256.15}{184,93.73,257.15}{185,94.12,258.15}{186,94.52,259.15}{187,94.91,260.15}{188,95.3,261.15}{189,95.69,262.15}{190,96.09,263.15}{191,96.48,264.15}{192,96.87,265.15}{193,97.26,266.15}{194,97.65,267.15}{195,98.04,268.15}{196,98.44,269.15}{197,98.83,270.15}{198,99.22,271.15}{199,99.61,272.15}{200,100,273.15}{201,100.39,274.15}{202,100.78,275.15}{203,101.17,276.15}{204,101.56,277.15}{205,101.95,278.15}{206,102.34,279.15}{207,102.73,280.15}{208,103.12,281.15}{209,103.51,282.15}{210,103.9,283.15}{211,104.29,284.15}{212,104.68,285.15}{213,105.07,286.15}{214,105.46,287.15}{215,105.85,288.15}{216,106.24,289.15}{217,106.63,290.15}{218,107.02,291.15}{219,107.4,292.15}{220,107.79,293.15}{221,108.18,294.15}{222,108.57,295.15}{223,108.96,296.15}{224,109.35,297.15}{225,109.73,298.15}{226,110.12,299.15}{227,110.51,300.15}{228,110.9,301.15}{229,111.28,302.15}{230,111.67,303.15}{231,112.06,304.15}{232,112.45,305.15}{233,112.83,306.15}{234,113.22,307.15}{235,113.61,308.15}{236,113.99,309.15}{237,114.38,310.15}{238,114.77,311.15}{239,115.15,312.15}{240,115.54,313.15}{241,115.93,314.15}{242,116.31,315.15}{243,116.7,316.15}{244,117.08,317.15}{245,117.47,318.15}{246,117.85,319.15}{247,118.24,320.15}{248,118.62,321.15}{249,119.01,322.15}{250,119.4,323.15}{251,119.78,324.15}{252,120.16,325.15}{253,120.55,326.15}{254,120.93,327.15}{255,121.32,328.15}{256,121.7,329.15}{257,122.09,330.15}{258,122.47,331.15}{259,122.86,332.15}{260,123.24,333.15}{261,123.62,334.15}{262,124.01,335.15}{263,124.39,336.15}{264,124.77,337.15}{265,125.17,338.15}{266,125.55,339.15}{267,125.93,340.15}{268,126.32,341.15}{269,126.7,342.15}{270,127.08,343.15}{271,127.46,344.15}{272,127.85,345.15}{273,128.23,346.15}{274,128.61,347.15}{275,128.99,348.15}{276,129.38,349.15}{277,129.76,350.15}{278,130.14,351.15}{279,130.52,352.15}{280,130.9,353.15}{281,131.28,354.15}{282,131.67,355.15}{283,132.05,356.15}{284,132.43,357.15}{285,132.81,358.15}{286,133.19,359.15}{287,133.57,360.15}{288,133.95,361.15}{289,134.33,362.15}{290,134.71,363.15}{291,135.09,364.15}{292,135.47,365.15}{293,135.85,366.15}{294,136.23,367.15}{295,136.61,368.15}{296,136.99,369.15}{297,137.37,370.15}{298,137.75,371.15}{299,138.13,372.15}{300,138.51,373.15}{301,138.89,374.15}{302,139.27,375.15}{303,139.65,376.15}{304,140.03,377.15}{305,140.39,378.15}{306,140.77,379.15}{307,141.15,380.15}{308,141.53,381.15}{309,141.91,382.15}{310,142.29,383.15}{311,142.66,384.15}{312,143.04,385.15}{313,143.42,386.15}{314,143.8,387.15}{315,144.18,388.15}{316,144.56,389.15}{317,144.94,390.15}{318,145.32,391.15}{319,145.69,392.15}{320,146.07,393.15}{321,146.45,394.15}{322,146.82,395.15}{323,147.2,396.15}{324,147.58,397.15}{325,147.95,398.15}{326,148.33,399.15}{327,148.71,400.15}{328,149.08,401.15}{329,149.46,402.15}{330,149.83,403.15}{331,150.21,404.15}{332,150.58,405.15}{333,150.96,406.15}{334,151.34,407.15}{335,151.71,408.15}{336,152.09,409.15}{337,152.46,410.15}{338,152.84,411.15}{339,153.21,412.15}{340,153.58,413.15}{341,153.95,414.15}{342,154.32,415.15}{343,154.71,416.15}{344,155.08,417.15}{345,155.46,418.15}{346,155.83,419.15}{347,156.21,420.15}{348,156.58,421.15}{349,156.96,422.15}{350,157.33,423.15}{351,157.71,424.15}{352,158.08,425.15}{353,158.45,426.15}{354,158.83,427.15}{355,159.2,428.15}{356,159.56,429.15}{357,159.94,430.15}{358,160.31,431.15}{359,160.68,432.15}{360,161.05,433.15}{361,161.43,434.15}{362,161.8,435.15}{363,162.17,436.15}{364,162.54,437.15}{365,162.91,438.15}{366,163.28,439.15}{367,163.66,440.15}{368,164.03,441.15}{369,164.4,442.15}{370,164.77,443.15}{371,165.14,444.15}{372,165.51,445.15}{373,165.88,446.15}{374,166.25,447.15}{375,166.62,448.15}{376,167,449.15}{377,167.37,450.15}{378,167.74,451.15}{379,168.11,452.15}{380,168.48,453.15}{381,168.85,454.15}{382,169.22,455.15}{383,169.59,456.15}{384,169.96,457.15}{385,170.33,458.15}{386,170.69,459.15}{387,171.06,460.15}{388,171.43,461.15}{389,171.8,462.15}{390,172.17,463.15}{391,172.54,464.15}{392,172.91,465.15}{393,173.27,466.15}{394,173.64,467.15}{395,174.01,468.15}{396,174.39,469.15}{397,174.75,470.15}{398,175.12,471.15}{399,175.49,472.15}{400,175.86,473.15}{401,176.23,474.15}{402,176.59,475.15}{403,176.96,476.15}{404,177.33,477.15}{405,177.7,478.15}{406,178.06,479.15}{407,178.43,480.15}{408,178.8,481.15}{409,179.16,482.15}{410,179.53,483.15}{411,179.9,484.15}{412,180.26,485.15}{413,180.63,486.15}{414,180.99,487.15}{415,181.36,488.15}{416,181.73,489.15}{417,182.09,490.15}{418,182.46,491.15}{419,182.82,492.15}{420,183.19,493.15}{421,183.55,494.15}{422,183.92,495.15}{423,184.28,496.15}{424,184.65,497.15}{425,185.01,498.15}{426,185.38,499.15}{427,185.74,500.15}{428,186.11,501.15}{429,186.47,502.15}{430,186.84,503.15}{431,187.2,504.15}{432,187.56,505.15}{433,187.93,506.15}{434,188.29,507.15}{435,188.65,508.15}{436,189.02,509.15}{437,189.38,510.15}{438,189.74,511.15}{439,190.11,512.15}{440,190.47,513.15}{441,190.83,514.15}{442,191.2,515.15}{443,191.56,516.15}{444,191.92,517.15}{445,192.28,518.15}{446,192.66,519.15}{447,193.02,520.15}{448,193.38,521.15}{449,193.74,522.15}{450,194.1,523.15}{451,194.47,524.15}{452,194.83,525.15}{453,195.19,526.15}{454,195.55,527.15}{455,195.9,528.15}{456,196.26,529.15}{457,196.62,530.15}{458,196.98,531.15}{459,197.35,532.15}{460,197.71,533.15}{461,198.07,534.15}{462,198.43,535.15}{463,198.79,536.15}{464,199.15,537.15}{465,199.51,538.15}{466,199.87,539.15}{467,200.23,540.15}{468,200.59,541.15}{469,200.95,542.15}{470,201.31,543.15}{471,201.67,544.15}{472,202.03,545.15}{473,202.38,546.15}{474,202.74,547.15}{475,203.1,548.15}{476,203.46,549.15}{477,203.82,550.15}{478,204.18,551.15}{479,204.54,552.15}{480,204.9,553.15}{481,205.25,554.15}{482,205.61,555.15}{483,205.97,556.15}{484,206.33,557.15}{485,206.7,558.15}{486,207.05,559.15}{487,207.41,560.15}{488,207.77,561.15}{489,208.13,562.15}{490,208.48,563.15}{491,208.84,564.15}{492,209.2,565.15}{493,209.55,566.15}{494,209.91,567.15}{495,210.27,568.15}{496,210.62,569.15}{497,210.98,570.15}{498,211.34,571.15}{499,211.69,572.15}{500,212.05,573.15}{501,212.4,574.15}{502,212.76,575.15}{503,213.12,576.15}{504,213.47,577.15}{505,213.83,578.15}{506,214.19,579.15}{507,214.55,580.15}{508,214.9,581.15}{509,215.26,582.15}{510,215.61,583.15}{511,215.97,584.15}{512,216.32,585.15}{513,216.68,586.15}{514,217.03,587.15}{515,217.39,588.15}{516,217.73,589.15}{517,218.08,590.15}{518,218.44,591.15}{519,218.79,592.15}{520,219.15,593.15}{521,219.5,594.15}{522,219.85,595.15}{523,220.21,596.15}{524,220.56,597.15}{525,220.91,598.15}{526,221.27,599.15}{527,221.62,600.15}{528,221.97,601.15}{529,222.32,602.15}{530,222.68,603.15}{531,223.03,604.15}{532,223.38,605.15}{533,223.73,606.15}{534,224.09,607.15}{535,224.45,608.15}{536,224.8,609.15}{537,225.15,610.15}{538,225.5,611.15}{539,225.85,612.15}{540,226.21,613.15}{541,226.56,614.15}{542,226.91,615.15}{543,227.26,616.15}{544,227.61,617.15}{545,227.96,618.15}{546,228.31,619.15}{547,228.66,620.15}{548,229.01,621.15}{549,229.36,622.15}{550,229.72,623.15}{551,230.07,624.15}{552,230.42,625.15}{553,230.77,626.15}{554,231.12,627.15}{555,231.47,628.15}{556,231.81,629.15}{557,232.16,630.15}{558,232.51,631.15}{559,232.86,632.15}{560,233.21,633.15}{561,233.56,634.15}{562,233.91,635.15}{563,234.26,636.15}{564,234.6,637.15}{565,234.95,638.15}{566,235.3,639.15}{567,235.65,640.15}{568,236,641.15}{569,236.35,642.15}{570,236.7,643.15}{571,237.05,644.15}{572,237.4,645.15}{573,237.75,646.15}{574,238.09,647.15}{575,238.44,648.15}{576,238.79,649.15}{577,239.14,650.15}{578,239.48,651.15}{579,239.83,652.15}{580,240.18,653.15}{581,240.52,654.15}{582,240.87,655.15}{583,241.22,656.15}{584,241.56,657.15}{585,241.91,658.15}{586,242.25,659.15}{587,242.6,660.15}{588,242.95,661.15}{589,243.29,662.15}{590,243.64,663.15}{591,243.98,664.15}{592,244.33,665.15}{593,244.67,666.15}{594,245.02,667.15}{595,245.36,668.15}{596,245.71,669.15}{597,246.05,670.15}{598,246.4,671.15}{599,246.74,672.15}{600,247.09,673.15}{601,247.43,674.15}{602,247.78,675.15}{603,248.12,676.15}{604,248.46,677.15}{605,248.81,678.15}{606,249.15,679.15}{607,249.5,680.15}{608,249.84,681.15}{609,250.18,682.15}{610,250.53,683.15}{611,250.89,684.15}{612,251.21,685.15}{613,251.55,686.15}{614,251.9,687.15}{615,252.24,688.15}{616,252.59,689.15}{617,252.94,690.15}{618,253.28,691.15}{619,253.62,692.15}{620,253.96,693.15}{621,254.3,694.15}{622,254.65,695.15}{623,254.99,696.15}{624,255.33,697.15}{625,255.67,698.15}{626,256.01,699.15}{627,256.35,700.15}{628,256.7,701.15}{629,257.04,702.15}{630,257.38,703.15}{631,257.72,704.15}{632,258.06,705.15}{633,258.4,706.15}{634,258.74,707.15}{635,259.08,708.15}{636,259.42,709.15}{637,259.76,710.15}{638,260.1,711.15}{639,260.44,712.15}{640,260.78,713.15}{641,261.12,714.15}{642,261.46,715.15}{643,261.8,716.15}{644,262.14,717.15}{645,262.48,718.15}{646,262.83,719.15}{647,263.17,720.15}{648,263.5,721.15}{649,263.84,722.15}{650,264.18,723.15}{651,264.52,724.15}{652,264.86,725.15}{653,265.2,726.15}{654,265.54,727.15}{655,265.87,728.15}{656,266.21,729.15}{657,266.55,730.15}{658,266.89,731.15}{659,267.22,732.15}{660,267.56,733.15}{661,267.9,734.15}{662,268.24,735.15}{663,268.57,736.15}{664,268.91,737.15}{665,269.25,738.15}{666,269.58,739.15}{667,269.92,740.15}{668,270.26,741.15}{669,270.59,742.15}{670,270.93,743.15}{671,271.27,744.15}{672,271.6,745.15}{673,271.94,746.15}{674,272.27,747.15}{675,272.61,748.15}{676,272.95,749.15}{677,273.28,750.15}{678,273.62,751.15}{679,273.95,752.15}{680,274.29,753.15}{681,274.62,754.15}{682,274.96,755.15}{683,275.29,756.15}{684,275.63,757.15}{685,275.96,758.15}{686,276.31,759.15}{687,276.64,760.15}{688,276.97,761.15}{689,277.31,762.15}{690,277.64,763.15}{691,277.98,764.15}{692,278.31,765.15}{693,278.64,766.15}{694,278.98,767.15}{695,279.31,768.15}{696,279.64,769.15}{697,279.98,770.15}{698,280.31,771.15}{699,280.64,772.15}{700,280.98,773.15}{701,281.31,774.15}{702,281.64,775.15}{703,281.97,776.15}{704,282.31,777.15}{705,282.64,778.15}{706,282.97,779.15}{707,283.3,780.15}{708,283.63,781.15}{709,283.97,782.15}{710,284.3,783.15}{711,284.63,784.15}{712,284.96,785.15}{713,285.29,786.15}{714,285.62,787.15}{715,285.95,788.15}{716,286.3,789.15}{717,286.63,790.15}{718,286.96,791.15}{719,287.29,792.15}{720,287.62,793.15}{721,287.95,794.15}{722,288.28,795.15}{723,288.61,796.15}{724,288.94,797.15}{725,289.27,798.15}{726,289.6,799.15}{727,289.93,800.15}{728,290.26,801.15}{729,290.59,802.15}{730,290.92,803.15}{731,291.25,804.15}{732,291.58,805.15}{733,291.9,806.15}{734,292.23,807.15}{735,292.56,808.15}{736,292.9,809.15}{737,293.23,810.15}{738,293.56,811.15}{739,293.89,812.15}{740,294.21,813.15}{741,294.54,814.15}{742,294.87,815.15}{743,295.2,816.15}{744,295.53,817.15}{745,295.85,818.15}{746,296.18,819.15}{747,296.51,820.15}{748,296.84,821.15}{749,297.16,822.15}{750,297.49,823.15}{751,297.82,824.15}{752,298.14,825.15}{753,298.47,826.15}{754,298.8,827.15}{755,299.12,828.15}{756,299.45,829.15}{757,299.78,830.15}{758,300.1,831.15}{759,300.43,832.15}{760,300.75,833.15}{761,301.08,834.15}{762,301.41,835.15}{763,301.73,836.15}{764,302.06,837.15}{765,302.38,838.15}{766,302.71,839.15}{767,303.03,840.15}{768,303.36,841.15}{769,303.68,842.15}{770,304.01,843.15}{771,304.33,844.15}{772,304.66,845.15}{773,304.98,846.15}{774,305.3,847.15}{775,305.63,848.15}{776,305.95,849.15}{777,306.28,850.15}{778,306.6,851.15}{779,306.92,852.15}{780,307.25,853.15}{781,307.57,854.15}{782,307.89,855.15}{783,308.22,856.15}{784,308.54,857.15}{785,308.86,858.15}{786,309.19,859.15}{787,309.51,860.15}{788,309.83,861.15}{789,310.15,862.15}{790,310.48,863.15}{791,310.8,864.15}{792,311.12,865.15}{793,311.45,866.15}{794,311.78,867.15}{795,312.1,868.15}{796,312.43,869.15}{797,312.75,870.15}{798,313.07,871.15}{799,313.39,872.15}{800,313.71,873.15}{801,314.04,874.15}{802,314.36,875.15}{803,314.68,876.15}{804,315,877.15}{805,315.32,878.15}{806,315.64,879.15}{807,315.96,880.15}{808,316.28,881.15}{809,316.6,882.15}{810,316.92,883.15}{811,317.24,884.15}{812,317.56,885.15}{813,317.88,886.15}{814,318.2,887.15}{815,318.52,888.15}{816,318.85,889.15}{817,319.17,890.15}{818,319.49,891.15}{819,319.81,892.15}{820,320.12,893.15}{821,320.44,894.15}{822,320.76,895.15}{823,321.08,896.15}{824,321.4,897.15}{825,321.72,898.15}{826,322.03,899.15}{827,322.34,900.15}{828,322.66,901.15}{829,322.98,902.15}{830,323.3,903.15}{831,323.61,904.15}{832,323.93,905.15}{833,324.25,906.15}{834,324.57,907.15}{835,324.88,908.15}{836,325.21,909.15}{837,325.53,910.15}{838,325.85,911.15}{839,326.16,912.15}{840,326.48,913.15}{841,326.79,914.15}{842,327.11,915.15}{843,327.43,916.15}{844,327.74,917.15}{845,328.06,918.15}{846,328.38,919.15}{847,328.69,920.15}{848,329.01,921.15}{849,329.32,922.15}{850,329.64,923.15}{851,329.95,924.15}{852,330.27,925.15}{853,330.58,926.15}{854,330.9,927.15}{855,331.21,928.15}{856,331.53,929.15}{857,331.84,930.15}{858,332.16,931.15}{859,332.47,932.15}{860,332.79,933.15}{861,333.1,934.15}{862,333.41,935.15}{863,333.73,936.15}{864,334.04,937.15}{865,334.36,938.15}{866,334.68,939.15}{867,334.99,940.15}{868,335.31,941.15}{869,335.62,942.15}{870,335.93,943.15}{871,336.25,944.15}{872,336.56,945.15}{873,336.87,946.15}{874,337.18,947.15}{875,337.5,948.15}{876,337.81,949.15}{877,338.12,950.15}{878,338.43,951.15}{879,338.75,952.15}{880,339.06,953.15}{881,339.37,954.15}{882,339.68,955.15}{883,339.99,956.15}{884,340.3,957.15}{885,340.62,958.15}{886,340.94,959.15}{887,341.25,960.15}{888,341.55,961.15}{889,341.87,962.15}{890,342.18,963.15}{891,342.49,964.15}{892,342.8,965.15}{893,343.11,966.15}{894,343.42,967.15}{895,343.73,968.15}{896,344.04,969.15}{897,344.35,970.15}{898,344.66,971.15}{899,344.97,972.15}{900,345.28,973.15}{901,345.59,974.15}{902,345.9,975.15}{903,346.21,976.15}{904,346.52,977.15}{905,346.83,978.15}{906,347.15,979.15}{907,347.46,980.15}{908,347.76,981.15}{909,348.07,982.15}{910,348.38,983.15}{911,348.69,984.15}{912,349,985.15}{913,349.31,986.15}{914,349.61,987.15}{915,349.92,988.15}{916,350.23,989.15}{917,350.54,990.15}{918,350.85,991.15}{919,351.15,992.15}{920,351.46,993.15}{921,351.77,994.15}{922,352.07,995.15}{923,352.38,996.15}{924,352.69,997.15}{925,352.99,998.15}{926,353.3,999.15}{927,353.61,1000.15}{928,353.91,1001.15}{929,354.22,1002.15}{930,354.53,1003.15}{931,354.83,1004.15}{932,355.14,1005.15}{933,355.44,1006.15}{934,355.75,1007.15}{935,356.06,1008.15}{936,356.37,1009.15}{937,356.68,1010.15}{938,356.98,1011.15}{939,357.29,1012.15}{940,357.59,1013.15}{941,357.9,1014.15}{942,358.2,1015.15}{943,358.51,1016.15}{944,358.81,1017.15}{945,359.12,1018.15}{946,359.42,1019.15}{947,359.72,1020.15}{948,360.03,1021.15}{949,360.33,1022.15}{950,360.64,1023.15}{951,360.94,1024.15}{952,361.24,1025.15}{953,361.55,1026.15}{954,361.85,1027.15}{955,362.15,1028.15}{956,362.46,1029.15}{957,362.76,1030.15}{958,363.06,1031.15}{959,363.36,1032.15}{960,363.67,1033.15}{961,363.97,1034.15}{962,364.27,1035.15}{963,364.57,1036.15}{964,364.88,1037.15}{965,365.18,1038.15}{966,365.49,1039.15}{967,365.79,1040.15}{968,366.09,1041.15}{969,366.4,1042.15}{970,366.7,1043.15}{971,367,1044.15}{972,367.3,1045.15}{973,367.6,1046.15}{974,367.9,1047.15}{975,368.2,1048.15}{976,368.5,1049.15}{977,368.81,1050.15}{978,369.11,1051.15}{979,369.41,1052.15}{980,369.71,1053.15}{981,370.01,1054.15}{982,370.31,1055.15}{983,370.61,1056.15}{984,370.91,1057.15}{985,371.21,1058.15}{986,371.52,1059.15}{987,371.82,1060.15}{988,372.12,1061.15}{989,372.41,1062.15}{990,372.71,1063.15}{991,373.01,1064.15}{992,373.31,1065.15}{993,373.61,1066.15}{994,373.91,1067.15}{995,374.21,1068.15}{996,374.51,1069.15}{997,374.8,1070.15}{998,375.1,1071.15}{999,375.4,1072.15}{1000,375.7,1073.15}{1001,376,1074.15}{1002,376.29,1075.15}{1003,376.59,1076.15}{1004,376.89,1077.15}{1005,377.19,1078.15}{1006,377.49,1079.15}{1007,377.79,1080.15}{1008,378.09,1081.15}{1009,378.39,1082.15}{1010,378.68,1083.15}{1011,378.98,1084.15}{1012,379.28,1085.15}{1013,379.57,1086.15}{1014,379.87,1087.15}{1015,380.17,1088.15}{1016,380.46,1089.15}{1017,380.76,1090.15}{1018,381.05,1091.15}{1019,381.35,1092.15}{1020,381.65,1093.15}{1021,381.94,1094.15}{1022,382.24,1095.15}{1023,382.53,1096.15}{1024,382.83,1097.15}{1025,383.12,1098.15}{1026,383.42,1099.15}{1027,383.71,1100.15}{1028,384.01,1101.15}{1029,384.3,1102.15}{1030,384.6,1103.15}{1031,384.89,1104.15}{1032,385.18,1105.15}{1033,385.48,1106.15}{1034,385.77,1107.15}{1035,386.07,1108.15}{1036,386.37,1109.15}{1037,386.66,1110.15}{1038,386.96,1111.15}{1039,387.25,1112.15}{1040,387.55,1113.15}{1041,387.84,1114.15}{1042,388.13,1115.15}{1043,388.42,1116.15}{1044,388.72,1117.15}{1045,389.01,1118.15}{1046,389.31,1119.15}{1047,389.61,1120.15}{1048,389.9,1121.15}{1049,390.19,1122.15}{1050,390.48,1123.15}&quot;"/>
                                                <instance name="dev01/Config/ch00002/Calibration_Sensor_Minimum_Range" order="0" value="73.15"/>
                                                <instance name="dev01/Config/ch00012/Calibration_Sensor_Curve" order="0" value="&quot;{0,18.52,73.15}{1,18.96,74.15}{2,19.39,75.15}{3,19.82,76.15}{4,20.25,77.15}{5,20.68,78.15}{6,21.11,79.15}{7,21.54,80.15}{8,21.97,81.15}{9,22.4,82.15}{10,22.83,83.15}{11,23.26,84.15}{12,23.69,85.15}{13,24.12,86.15}{14,24.55,87.15}{15,24.97,88.15}{16,25.39,89.15}{17,25.82,90.15}{18,26.25,91.15}{19,26.67,92.15}{20,27.1,93.15}{21,27.52,94.15}{22,27.95,95.15}{23,28.37,96.15}{24,28.8,97.15}{25,29.22,98.15}{26,29.65,99.15}{27,30.07,100.15}{28,30.49,101.15}{29,30.92,102.15}{30,31.34,103.15}{31,31.76,104.15}{32,32.18,105.15}{33,32.61,106.15}{34,33.03,107.15}{35,33.45,108.15}{36,33.86,109.15}{37,34.28,110.15}{38,34.7,111.15}{39,35.12,112.15}{40,35.54,113.15}{41,35.96,114.15}{42,36.38,115.15}{43,36.8,116.15}{44,37.22,117.15}{45,37.63,118.15}{46,38.05,119.15}{47,38.47,120.15}{48,38.89,121.15}{49,39.31,122.15}{50,39.72,123.15}{51,40.14,124.15}{52,40.56,125.15}{53,40.97,126.15}{54,41.39,127.15}{55,41.8,128.15}{56,42.22,129.15}{57,42.64,130.15}{58,43.05,131.15}{59,43.46,132.15}{60,43.88,133.15}{61,44.29,134.15}{62,44.71,135.15}{63,45.12,136.15}{64,45.53,137.15}{65,45.95,138.15}{66,46.35,139.15}{67,46.76,140.15}{68,47.18,141.15}{69,47.59,142.15}{70,48,143.15}{71,48.41,144.15}{72,48.82,145.15}{73,49.23,146.15}{74,49.64,147.15}{75,50.06,148.15}{76,50.47,149.15}{77,50.88,150.15}{78,51.29,151.15}{79,51.7,152.15}{80,52.11,153.15}{81,52.52,154.15}{82,52.92,155.15}{83,53.33,156.15}{84,53.74,157.15}{85,54.15,158.15}{86,54.56,159.15}{87,54.97,160.15}{88,55.38,161.15}{89,55.78,162.15}{90,56.19,163.15}{91,56.6,164.15}{92,57,165.15}{93,57.41,166.15}{94,57.82,167.15}{95,58.22,168.15}{96,58.63,169.15}{97,59.04,170.15}{98,59.44,171.15}{99,59.85,172.15}{100,60.26,173.15}{101,60.67,174.15}{102,61.07,175.15}{103,61.48,176.15}{104,61.87,177.15}{105,62.29,178.15}{106,62.69,179.15}{107,63.1,180.15}{108,63.5,181.15}{109,63.91,182.15}{110,64.3,183.15}{111,64.7,184.15}{112,65.11,185.15}{113,65.51,186.15}{114,65.91,187.15}{115,66.31,188.15}{116,66.72,189.15}{117,67.12,190.15}{118,67.52,191.15}{119,67.92,192.15}{120,68.33,193.15}{121,68.73,194.15}{122,69.13,195.15}{123,69.53,196.15}{124,69.93,197.15}{125,70.33,198.15}{126,70.73,199.15}{127,71.13,200.15}{128,71.53,201.15}{129,71.93,202.15}{130,72.33,203.15}{131,72.73,204.15}{132,73.13,205.15}{133,73.53,206.15}{134,73.93,207.15}{135,74.33,208.15}{136,74.73,209.15}{137,75.13,210.15}{138,75.53,211.15}{139,75.93,212.15}{140,76.33,213.15}{141,76.73,214.15}{142,77.13,215.15}{143,77.52,216.15}{144,77.92,217.15}{145,78.32,218.15}{146,78.72,219.15}{147,79.11,220.15}{148,79.51,221.15}{149,79.91,222.15}{150,80.31,223.15}{151,80.7,224.15}{152,81.1,225.15}{153,81.5,226.15}{154,81.89,227.15}{155,82.29,228.15}{156,82.69,229.15}{157,83.08,230.15}{158,83.48,231.15}{159,83.88,232.15}{160,84.27,233.15}{161,84.67,234.15}{162,85.06,235.15}{163,85.46,236.15}{164,85.85,237.15}{165,86.25,238.15}{166,86.64,239.15}{167,87.04,240.15}{168,87.43,241.15}{169,87.83,242.15}{170,88.22,243.15}{171,88.62,244.15}{172,89.01,245.15}{173,89.4,246.15}{174,89.8,247.15}{175,90.19,248.15}{176,90.59,249.15}{177,90.98,250.15}{178,91.37,251.15}{179,91.77,252.15}{180,92.16,253.15}{181,92.55,254.15}{182,92.95,255.15}{183,93.34,256.15}{184,93.73,257.15}{185,94.12,258.15}{186,94.52,259.15}{187,94.91,260.15}{188,95.3,261.15}{189,95.69,262.15}{190,96.09,263.15}{191,96.48,264.15}{192,96.87,265.15}{193,97.26,266.15}{194,97.65,267.15}{195,98.04,268.15}{196,98.44,269.15}{197,98.83,270.15}{198,99.22,271.15}{199,99.61,272.15}{200,100,273.15}{201,100.39,274.15}{202,100.78,275.15}{203,101.17,276.15}{204,101.56,277.15}{205,101.95,278.15}{206,102.34,279.15}{207,102.73,280.15}{208,103.12,281.15}{209,103.51,282.15}{210,103.9,283.15}{211,104.29,284.15}{212,104.68,285.15}{213,105.07,286.15}{214,105.46,287.15}{215,105.85,288.15}{216,106.24,289.15}{217,106.63,290.15}{218,107.02,291.15}{219,107.4,292.15}{220,107.79,293.15}{221,108.18,294.15}{222,108.57,295.15}{223,108.96,296.15}{224,109.35,297.15}{225,109.73,298.15}{226,110.12,299.15}{227,110.51,300.15}{228,110.9,301.15}{229,111.28,302.15}{230,111.67,303.15}{231,112.06,304.15}{232,112.45,305.15}{233,112.83,306.15}{234,113.22,307.15}{235,113.61,308.15}{236,113.99,309.15}{237,114.38,310.15}{238,114.77,311.15}{239,115.15,312.15}{240,115.54,313.15}{241,115.93,314.15}{242,116.31,315.15}{243,116.7,316.15}{244,117.08,317.15}{245,117.47,318.15}{246,117.85,319.15}{247,118.24,320.15}{248,118.62,321.15}{249,119.01,322.15}{250,119.4,323.15}{251,119.78,324.15}{252,120.16,325.15}{253,120.55,326.15}{254,120.93,327.15}{255,121.32,328.15}{256,121.7,329.15}{257,122.09,330.15}{258,122.47,331.15}{259,122.86,332.15}{260,123.24,333.15}{261,123.62,334.15}{262,124.01,335.15}{263,124.39,336.15}{264,124.77,337.15}{265,125.17,338.15}{266,125.55,339.15}{267,125.93,340.15}{268,126.32,341.15}{269,126.7,342.15}{270,127.08,343.15}{271,127.46,344.15}{272,127.85,345.15}{273,128.23,346.15}{274,128.61,347.15}{275,128.99,348.15}{276,129.38,349.15}{277,129.76,350.15}{278,130.14,351.15}{279,130.52,352.15}{280,130.9,353.15}{281,131.28,354.15}{282,131.67,355.15}{283,132.05,356.15}{284,132.43,357.15}{285,132.81,358.15}{286,133.19,359.15}{287,133.57,360.15}{288,133.95,361.15}{289,134.33,362.15}{290,134.71,363.15}{291,135.09,364.15}{292,135.47,365.15}{293,135.85,366.15}{294,136.23,367.15}{295,136.61,368.15}{296,136.99,369.15}{297,137.37,370.15}{298,137.75,371.15}{299,138.13,372.15}{300,138.51,373.15}{301,138.89,374.15}{302,139.27,375.15}{303,139.65,376.15}{304,140.03,377.15}{305,140.39,378.15}{306,140.77,379.15}{307,141.15,380.15}{308,141.53,381.15}{309,141.91,382.15}{310,142.29,383.15}{311,142.66,384.15}{312,143.04,385.15}{313,143.42,386.15}{314,143.8,387.15}{315,144.18,388.15}{316,144.56,389.15}{317,144.94,390.15}{318,145.32,391.15}{319,145.69,392.15}{320,146.07,393.15}{321,146.45,394.15}{322,146.82,395.15}{323,147.2,396.15}{324,147.58,397.15}{325,147.95,398.15}{326,148.33,399.15}{327,148.71,400.15}{328,149.08,401.15}{329,149.46,402.15}{330,149.83,403.15}{331,150.21,404.15}{332,150.58,405.15}{333,150.96,406.15}{334,151.34,407.15}{335,151.71,408.15}{336,152.09,409.15}{337,152.46,410.15}{338,152.84,411.15}{339,153.21,412.15}{340,153.58,413.15}{341,153.95,414.15}{342,154.32,415.15}{343,154.71,416.15}{344,155.08,417.15}{345,155.46,418.15}{346,155.83,419.15}{347,156.21,420.15}{348,156.58,421.15}{349,156.96,422.15}{350,157.33,423.15}{351,157.71,424.15}{352,158.08,425.15}{353,158.45,426.15}{354,158.83,427.15}{355,159.2,428.15}{356,159.56,429.15}{357,159.94,430.15}{358,160.31,431.15}{359,160.68,432.15}{360,161.05,433.15}{361,161.43,434.15}{362,161.8,435.15}{363,162.17,436.15}{364,162.54,437.15}{365,162.91,438.15}{366,163.28,439.15}{367,163.66,440.15}{368,164.03,441.15}{369,164.4,442.15}{370,164.77,443.15}{371,165.14,444.15}{372,165.51,445.15}{373,165.88,446.15}{374,166.25,447.15}{375,166.62,448.15}{376,167,449.15}{377,167.37,450.15}{378,167.74,451.15}{379,168.11,452.15}{380,168.48,453.15}{381,168.85,454.15}{382,169.22,455.15}{383,169.59,456.15}{384,169.96,457.15}{385,170.33,458.15}{386,170.69,459.15}{387,171.06,460.15}{388,171.43,461.15}{389,171.8,462.15}{390,172.17,463.15}{391,172.54,464.15}{392,172.91,465.15}{393,173.27,466.15}{394,173.64,467.15}{395,174.01,468.15}{396,174.39,469.15}{397,174.75,470.15}{398,175.12,471.15}{399,175.49,472.15}{400,175.86,473.15}{401,176.23,474.15}{402,176.59,475.15}{403,176.96,476.15}{404,177.33,477.15}{405,177.7,478.15}{406,178.06,479.15}{407,178.43,480.15}{408,178.8,481.15}{409,179.16,482.15}{410,179.53,483.15}{411,179.9,484.15}{412,180.26,485.15}{413,180.63,486.15}{414,180.99,487.15}{415,181.36,488.15}{416,181.73,489.15}{417,182.09,490.15}{418,182.46,491.15}{419,182.82,492.15}{420,183.19,493.15}{421,183.55,494.15}{422,183.92,495.15}{423,184.28,496.15}{424,184.65,497.15}{425,185.01,498.15}{426,185.38,499.15}{427,185.74,500.15}{428,186.11,501.15}{429,186.47,502.15}{430,186.84,503.15}{431,187.2,504.15}{432,187.56,505.15}{433,187.93,506.15}{434,188.29,507.15}{435,188.65,508.15}{436,189.02,509.15}{437,189.38,510.15}{438,189.74,511.15}{439,190.11,512.15}{440,190.47,513.15}{441,190.83,514.15}{442,191.2,515.15}{443,191.56,516.15}{444,191.92,517.15}{445,192.28,518.15}{446,192.66,519.15}{447,193.02,520.15}{448,193.38,521.15}{449,193.74,522.15}{450,194.1,523.15}{451,194.47,524.15}{452,194.83,525.15}{453,195.19,526.15}{454,195.55,527.15}{455,195.9,528.15}{456,196.26,529.15}{457,196.62,530.15}{458,196.98,531.15}{459,197.35,532.15}{460,197.71,533.15}{461,198.07,534.15}{462,198.43,535.15}{463,198.79,536.15}{464,199.15,537.15}{465,199.51,538.15}{466,199.87,539.15}{467,200.23,540.15}{468,200.59,541.15}{469,200.95,542.15}{470,201.31,543.15}{471,201.67,544.15}{472,202.03,545.15}{473,202.38,546.15}{474,202.74,547.15}{475,203.1,548.15}{476,203.46,549.15}{477,203.82,550.15}{478,204.18,551.15}{479,204.54,552.15}{480,204.9,553.15}{481,205.25,554.15}{482,205.61,555.15}{483,205.97,556.15}{484,206.33,557.15}{485,206.7,558.15}{486,207.05,559.15}{487,207.41,560.15}{488,207.77,561.15}{489,208.13,562.15}{490,208.48,563.15}{491,208.84,564.15}{492,209.2,565.15}{493,209.55,566.15}{494,209.91,567.15}{495,210.27,568.15}{496,210.62,569.15}{497,210.98,570.15}{498,211.34,571.15}{499,211.69,572.15}{500,212.05,573.15}{501,212.4,574.15}{502,212.76,575.15}{503,213.12,576.15}{504,213.47,577.15}{505,213.83,578.15}{506,214.19,579.15}{507,214.55,580.15}{508,214.9,581.15}{509,215.26,582.15}{510,215.61,583.15}{511,215.97,584.15}{512,216.32,585.15}{513,216.68,586.15}{514,217.03,587.15}{515,217.39,588.15}{516,217.73,589.15}{517,218.08,590.15}{518,218.44,591.15}{519,218.79,592.15}{520,219.15,593.15}{521,219.5,594.15}{522,219.85,595.15}{523,220.21,596.15}{524,220.56,597.15}{525,220.91,598.15}{526,221.27,599.15}{527,221.62,600.15}{528,221.97,601.15}{529,222.32,602.15}{530,222.68,603.15}{531,223.03,604.15}{532,223.38,605.15}{533,223.73,606.15}{534,224.09,607.15}{535,224.45,608.15}{536,224.8,609.15}{537,225.15,610.15}{538,225.5,611.15}{539,225.85,612.15}{540,226.21,613.15}{541,226.56,614.15}{542,226.91,615.15}{543,227.26,616.15}{544,227.61,617.15}{545,227.96,618.15}{546,228.31,619.15}{547,228.66,620.15}{548,229.01,621.15}{549,229.36,622.15}{550,229.72,623.15}{551,230.07,624.15}{552,230.42,625.15}{553,230.77,626.15}{554,231.12,627.15}{555,231.47,628.15}{556,231.81,629.15}{557,232.16,630.15}{558,232.51,631.15}{559,232.86,632.15}{560,233.21,633.15}{561,233.56,634.15}{562,233.91,635.15}{563,234.26,636.15}{564,234.6,637.15}{565,234.95,638.15}{566,235.3,639.15}{567,235.65,640.15}{568,236,641.15}{569,236.35,642.15}{570,236.7,643.15}{571,237.05,644.15}{572,237.4,645.15}{573,237.75,646.15}{574,238.09,647.15}{575,238.44,648.15}{576,238.79,649.15}{577,239.14,650.15}{578,239.48,651.15}{579,239.83,652.15}{580,240.18,653.15}{581,240.52,654.15}{582,240.87,655.15}{583,241.22,656.15}{584,241.56,657.15}{585,241.91,658.15}{586,242.25,659.15}{587,242.6,660.15}{588,242.95,661.15}{589,243.29,662.15}{590,243.64,663.15}{591,243.98,664.15}{592,244.33,665.15}{593,244.67,666.15}{594,245.02,667.15}{595,245.36,668.15}{596,245.71,669.15}{597,246.05,670.15}{598,246.4,671.15}{599,246.74,672.15}{600,247.09,673.15}{601,247.43,674.15}{602,247.78,675.15}{603,248.12,676.15}{604,248.46,677.15}{605,248.81,678.15}{606,249.15,679.15}{607,249.5,680.15}{608,249.84,681.15}{609,250.18,682.15}{610,250.53,683.15}{611,250.89,684.15}{612,251.21,685.15}{613,251.55,686.15}{614,251.9,687.15}{615,252.24,688.15}{616,252.59,689.15}{617,252.94,690.15}{618,253.28,691.15}{619,253.62,692.15}{620,253.96,693.15}{621,254.3,694.15}{622,254.65,695.15}{623,254.99,696.15}{624,255.33,697.15}{625,255.67,698.15}{626,256.01,699.15}{627,256.35,700.15}{628,256.7,701.15}{629,257.04,702.15}{630,257.38,703.15}{631,257.72,704.15}{632,258.06,705.15}{633,258.4,706.15}{634,258.74,707.15}{635,259.08,708.15}{636,259.42,709.15}{637,259.76,710.15}{638,260.1,711.15}{639,260.44,712.15}{640,260.78,713.15}{641,261.12,714.15}{642,261.46,715.15}{643,261.8,716.15}{644,262.14,717.15}{645,262.48,718.15}{646,262.83,719.15}{647,263.17,720.15}{648,263.5,721.15}{649,263.84,722.15}{650,264.18,723.15}{651,264.52,724.15}{652,264.86,725.15}{653,265.2,726.15}{654,265.54,727.15}{655,265.87,728.15}{656,266.21,729.15}{657,266.55,730.15}{658,266.89,731.15}{659,267.22,732.15}{660,267.56,733.15}{661,267.9,734.15}{662,268.24,735.15}{663,268.57,736.15}{664,268.91,737.15}{665,269.25,738.15}{666,269.58,739.15}{667,269.92,740.15}{668,270.26,741.15}{669,270.59,742.15}{670,270.93,743.15}{671,271.27,744.15}{672,271.6,745.15}{673,271.94,746.15}{674,272.27,747.15}{675,272.61,748.15}{676,272.95,749.15}{677,273.28,750.15}{678,273.62,751.15}{679,273.95,752.15}{680,274.29,753.15}{681,274.62,754.15}{682,274.96,755.15}{683,275.29,756.15}{684,275.63,757.15}{685,275.96,758.15}{686,276.31,759.15}{687,276.64,760.15}{688,276.97,761.15}{689,277.31,762.15}{690,277.64,763.15}{691,277.98,764.15}{692,278.31,765.15}{693,278.64,766.15}{694,278.98,767.15}{695,279.31,768.15}{696,279.64,769.15}{697,279.98,770.15}{698,280.31,771.15}{699,280.64,772.15}{700,280.98,773.15}{701,281.31,774.15}{702,281.64,775.15}{703,281.97,776.15}{704,282.31,777.15}{705,282.64,778.15}{706,282.97,779.15}{707,283.3,780.15}{708,283.63,781.15}{709,283.97,782.15}{710,284.3,783.15}{711,284.63,784.15}{712,284.96,785.15}{713,285.29,786.15}{714,285.62,787.15}{715,285.95,788.15}{716,286.3,789.15}{717,286.63,790.15}{718,286.96,791.15}{719,287.29,792.15}{720,287.62,793.15}{721,287.95,794.15}{722,288.28,795.15}{723,288.61,796.15}{724,288.94,797.15}{725,289.27,798.15}{726,289.6,799.15}{727,289.93,800.15}{728,290.26,801.15}{729,290.59,802.15}{730,290.92,803.15}{731,291.25,804.15}{732,291.58,805.15}{733,291.9,806.15}{734,292.23,807.15}{735,292.56,808.15}{736,292.9,809.15}{737,293.23,810.15}{738,293.56,811.15}{739,293.89,812.15}{740,294.21,813.15}{741,294.54,814.15}{742,294.87,815.15}{743,295.2,816.15}{744,295.53,817.15}{745,295.85,818.15}{746,296.18,819.15}{747,296.51,820.15}{748,296.84,821.15}{749,297.16,822.15}{750,297.49,823.15}{751,297.82,824.15}{752,298.14,825.15}{753,298.47,826.15}{754,298.8,827.15}{755,299.12,828.15}{756,299.45,829.15}{757,299.78,830.15}{758,300.1,831.15}{759,300.43,832.15}{760,300.75,833.15}{761,301.08,834.15}{762,301.41,835.15}{763,301.73,836.15}{764,302.06,837.15}{765,302.38,838.15}{766,302.71,839.15}{767,303.03,840.15}{768,303.36,841.15}{769,303.68,842.15}{770,304.01,843.15}{771,304.33,844.15}{772,304.66,845.15}{773,304.98,846.15}{774,305.3,847.15}{775,305.63,848.15}{776,305.95,849.15}{777,306.28,850.15}{778,306.6,851.15}{779,306.92,852.15}{780,307.25,853.15}{781,307.57,854.15}{782,307.89,855.15}{783,308.22,856.15}{784,308.54,857.15}{785,308.86,858.15}{786,309.19,859.15}{787,309.51,860.15}{788,309.83,861.15}{789,310.15,862.15}{790,310.48,863.15}{791,310.8,864.15}{792,311.12,865.15}{793,311.45,866.15}{794,311.78,867.15}{795,312.1,868.15}{796,312.43,869.15}{797,312.75,870.15}{798,313.07,871.15}{799,313.39,872.15}{800,313.71,873.15}{801,314.04,874.15}{802,314.36,875.15}{803,314.68,876.15}{804,315,877.15}{805,315.32,878.15}{806,315.64,879.15}{807,315.96,880.15}{808,316.28,881.15}{809,316.6,882.15}{810,316.92,883.15}{811,317.24,884.15}{812,317.56,885.15}{813,317.88,886.15}{814,318.2,887.15}{815,318.52,888.15}{816,318.85,889.15}{817,319.17,890.15}{818,319.49,891.15}{819,319.81,892.15}{820,320.12,893.15}{821,320.44,894.15}{822,320.76,895.15}{823,321.08,896.15}{824,321.4,897.15}{825,321.72,898.15}{826,322.03,899.15}{827,322.34,900.15}{828,322.66,901.15}{829,322.98,902.15}{830,323.3,903.15}{831,323.61,904.15}{832,323.93,905.15}{833,324.25,906.15}{834,324.57,907.15}{835,324.88,908.15}{836,325.21,909.15}{837,325.53,910.15}{838,325.85,911.15}{839,326.16,912.15}{840,326.48,913.15}{841,326.79,914.15}{842,327.11,915.15}{843,327.43,916.15}{844,327.74,917.15}{845,328.06,918.15}{846,328.38,919.15}{847,328.69,920.15}{848,329.01,921.15}{849,329.32,922.15}{850,329.64,923.15}{851,329.95,924.15}{852,330.27,925.15}{853,330.58,926.15}{854,330.9,927.15}{855,331.21,928.15}{856,331.53,929.15}{857,331.84,930.15}{858,332.16,931.15}{859,332.47,932.15}{860,332.79,933.15}{861,333.1,934.15}{862,333.41,935.15}{863,333.73,936.15}{864,334.04,937.15}{865,334.36,938.15}{866,334.68,939.15}{867,334.99,940.15}{868,335.31,941.15}{869,335.62,942.15}{870,335.93,943.15}{871,336.25,944.15}{872,336.56,945.15}{873,336.87,946.15}{874,337.18,947.15}{875,337.5,948.15}{876,337.81,949.15}{877,338.12,950.15}{878,338.43,951.15}{879,338.75,952.15}{880,339.06,953.15}{881,339.37,954.15}{882,339.68,955.15}{883,339.99,956.15}{884,340.3,957.15}{885,340.62,958.15}{886,340.94,959.15}{887,341.25,960.15}{888,341.55,961.15}{889,341.87,962.15}{890,342.18,963.15}{891,342.49,964.15}{892,342.8,965.15}{893,343.11,966.15}{894,343.42,967.15}{895,343.73,968.15}{896,344.04,969.15}{897,344.35,970.15}{898,344.66,971.15}{899,344.97,972.15}{900,345.28,973.15}{901,345.59,974.15}{902,345.9,975.15}{903,346.21,976.15}{904,346.52,977.15}{905,346.83,978.15}{906,347.15,979.15}{907,347.46,980.15}{908,347.76,981.15}{909,348.07,982.15}{910,348.38,983.15}{911,348.69,984.15}{912,349,985.15}{913,349.31,986.15}{914,349.61,987.15}{915,349.92,988.15}{916,350.23,989.15}{917,350.54,990.15}{918,350.85,991.15}{919,351.15,992.15}{920,351.46,993.15}{921,351.77,994.15}{922,352.07,995.15}{923,352.38,996.15}{924,352.69,997.15}{925,352.99,998.15}{926,353.3,999.15}{927,353.61,1000.15}{928,353.91,1001.15}{929,354.22,1002.15}{930,354.53,1003.15}{931,354.83,1004.15}{932,355.14,1005.15}{933,355.44,1006.15}{934,355.75,1007.15}{935,356.06,1008.15}{936,356.37,1009.15}{937,356.68,1010.15}{938,356.98,1011.15}{939,357.29,1012.15}{940,357.59,1013.15}{941,357.9,1014.15}{942,358.2,1015.15}{943,358.51,1016.15}{944,358.81,1017.15}{945,359.12,1018.15}{946,359.42,1019.15}{947,359.72,1020.15}{948,360.03,1021.15}{949,360.33,1022.15}{950,360.64,1023.15}{951,360.94,1024.15}{952,361.24,1025.15}{953,361.55,1026.15}{954,361.85,1027.15}{955,362.15,1028.15}{956,362.46,1029.15}{957,362.76,1030.15}{958,363.06,1031.15}{959,363.36,1032.15}{960,363.67,1033.15}{961,363.97,1034.15}{962,364.27,1035.15}{963,364.57,1036.15}{964,364.88,1037.15}{965,365.18,1038.15}{966,365.49,1039.15}{967,365.79,1040.15}{968,366.09,1041.15}{969,366.4,1042.15}{970,366.7,1043.15}{971,367,1044.15}{972,367.3,1045.15}{973,367.6,1046.15}{974,367.9,1047.15}{975,368.2,1048.15}{976,368.5,1049.15}{977,368.81,1050.15}{978,369.11,1051.15}{979,369.41,1052.15}{980,369.71,1053.15}{981,370.01,1054.15}{982,370.31,1055.15}{983,370.61,1056.15}{984,370.91,1057.15}{985,371.21,1058.15}{986,371.52,1059.15}{987,371.82,1060.15}{988,372.12,1061.15}{989,372.41,1062.15}{990,372.71,1063.15}{991,373.01,1064.15}{992,373.31,1065.15}{993,373.61,1066.15}{994,373.91,1067.15}{995,374.21,1068.15}{996,374.51,1069.15}{997,374.8,1070.15}{998,375.1,1071.15}{999,375.4,1072.15}{1000,375.7,1073.15}{1001,376,1074.15}{1002,376.29,1075.15}{1003,376.59,1076.15}{1004,376.89,1077.15}{1005,377.19,1078.15}{1006,377.49,1079.15}{1007,377.79,1080.15}{1008,378.09,1081.15}{1009,378.39,1082.15}{1010,378.68,1083.15}{1011,378.98,1084.15}{1012,379.28,1085.15}{1013,379.57,1086.15}{1014,379.87,1087.15}{1015,380.17,1088.15}{1016,380.46,1089.15}{1017,380.76,1090.15}{1018,381.05,1091.15}{1019,381.35,1092.15}{1020,381.65,1093.15}{1021,381.94,1094.15}{1022,382.24,1095.15}{1023,382.53,1096.15}{1024,382.83,1097.15}{1025,383.12,1098.15}{1026,383.42,1099.15}{1027,383.71,1100.15}{1028,384.01,1101.15}{1029,384.3,1102.15}{1030,384.6,1103.15}{1031,384.89,1104.15}{1032,385.18,1105.15}{1033,385.48,1106.15}{1034,385.77,1107.15}{1035,386.07,1108.15}{1036,386.37,1109.15}{1037,386.66,1110.15}{1038,386.96,1111.15}{1039,387.25,1112.15}{1040,387.55,1113.15}{1041,387.84,1114.15}{1042,388.13,1115.15}{1043,388.42,1116.15}{1044,388.72,1117.15}{1045,389.01,1118.15}{1046,389.31,1119.15}{1047,389.61,1120.15}{1048,389.9,1121.15}{1049,390.19,1122.15}{1050,390.48,1123.15}&quot;"/>
                                                <instance name="dev01/Config/ch00010/Calibration_Sensor_Input_Units" order="0" value="Ohm"/>
                                                <instance name="dev01/Config/ch00002/Calibration_Sensor_Output_Units" order="0" value="K"/>
                                                <instance name="dev01/Config/ch00002/RTDRange" order="0" value="0"/>
                                                <instance name="dev01/Config/ch00011/Calibration_Sensor_Input_Units" order="0" value="Ohm"/>
                                                <instance name="dev01/Config/ch00012/Calibration_Sensor_Input_Units" order="0" value="Ohm"/>
                                                <instance name="dev01/Config/ch00003/Calibration_Sensor_Table_Type" order="2" value="1"/>
                                                <instance name="dev01/Config/ch00002/LeadRes" order="0" value="0"/>
                                                <instance name="dev01/Config/ch00002/Calibration_Sensor_Curve" order="0" value="&quot;{0,18.52,73.15}{1,18.96,74.15}{2,19.39,75.15}{3,19.82,76.15}{4,20.25,77.15}{5,20.68,78.15}{6,21.11,79.15}{7,21.54,80.15}{8,21.97,81.15}{9,22.4,82.15}{10,22.83,83.15}{11,23.26,84.15}{12,23.69,85.15}{13,24.12,86.15}{14,24.55,87.15}{15,24.97,88.15}{16,25.39,89.15}{17,25.82,90.15}{18,26.25,91.15}{19,26.67,92.15}{20,27.1,93.15}{21,27.52,94.15}{22,27.95,95.15}{23,28.37,96.15}{24,28.8,97.15}{25,29.22,98.15}{26,29.65,99.15}{27,30.07,100.15}{28,30.49,101.15}{29,30.92,102.15}{30,31.34,103.15}{31,31.76,104.15}{32,32.18,105.15}{33,32.61,106.15}{34,33.03,107.15}{35,33.45,108.15}{36,33.86,109.15}{37,34.28,110.15}{38,34.7,111.15}{39,35.12,112.15}{40,35.54,113.15}{41,35.96,114.15}{42,36.38,115.15}{43,36.8,116.15}{44,37.22,117.15}{45,37.63,118.15}{46,38.05,119.15}{47,38.47,120.15}{48,38.89,121.15}{49,39.31,122.15}{50,39.72,123.15}{51,40.14,124.15}{52,40.56,125.15}{53,40.97,126.15}{54,41.39,127.15}{55,41.8,128.15}{56,42.22,129.15}{57,42.64,130.15}{58,43.05,131.15}{59,43.46,132.15}{60,43.88,133.15}{61,44.29,134.15}{62,44.71,135.15}{63,45.12,136.15}{64,45.53,137.15}{65,45.95,138.15}{66,46.35,139.15}{67,46.76,140.15}{68,47.18,141.15}{69,47.59,142.15}{70,48,143.15}{71,48.41,144.15}{72,48.82,145.15}{73,49.23,146.15}{74,49.64,147.15}{75,50.06,148.15}{76,50.47,149.15}{77,50.88,150.15}{78,51.29,151.15}{79,51.7,152.15}{80,52.11,153.15}{81,52.52,154.15}{82,52.92,155.15}{83,53.33,156.15}{84,53.74,157.15}{85,54.15,158.15}{86,54.56,159.15}{87,54.97,160.15}{88,55.38,161.15}{89,55.78,162.15}{90,56.19,163.15}{91,56.6,164.15}{92,57,165.15}{93,57.41,166.15}{94,57.82,167.15}{95,58.22,168.15}{96,58.63,169.15}{97,59.04,170.15}{98,59.44,171.15}{99,59.85,172.15}{100,60.26,173.15}{101,60.67,174.15}{102,61.07,175.15}{103,61.48,176.15}{104,61.87,177.15}{105,62.29,178.15}{106,62.69,179.15}{107,63.1,180.15}{108,63.5,181.15}{109,63.91,182.15}{110,64.3,183.15}{111,64.7,184.15}{112,65.11,185.15}{113,65.51,186.15}{114,65.91,187.15}{115,66.31,188.15}{116,66.72,189.15}{117,67.12,190.15}{118,67.52,191.15}{119,67.92,192.15}{120,68.33,193.15}{121,68.73,194.15}{122,69.13,195.15}{123,69.53,196.15}{124,69.93,197.15}{125,70.33,198.15}{126,70.73,199.15}{127,71.13,200.15}{128,71.53,201.15}{129,71.93,202.15}{130,72.33,203.15}{131,72.73,204.15}{132,73.13,205.15}{133,73.53,206.15}{134,73.93,207.15}{135,74.33,208.15}{136,74.73,209.15}{137,75.13,210.15}{138,75.53,211.15}{139,75.93,212.15}{140,76.33,213.15}{141,76.73,214.15}{142,77.13,215.15}{143,77.52,216.15}{144,77.92,217.15}{145,78.32,218.15}{146,78.72,219.15}{147,79.11,220.15}{148,79.51,221.15}{149,79.91,222.15}{150,80.31,223.15}{151,80.7,224.15}{152,81.1,225.15}{153,81.5,226.15}{154,81.89,227.15}{155,82.29,228.15}{156,82.69,229.15}{157,83.08,230.15}{158,83.48,231.15}{159,83.88,232.15}{160,84.27,233.15}{161,84.67,234.15}{162,85.06,235.15}{163,85.46,236.15}{164,85.85,237.15}{165,86.25,238.15}{166,86.64,239.15}{167,87.04,240.15}{168,87.43,241.15}{169,87.83,242.15}{170,88.22,243.15}{171,88.62,244.15}{172,89.01,245.15}{173,89.4,246.15}{174,89.8,247.15}{175,90.19,248.15}{176,90.59,249.15}{177,90.98,250.15}{178,91.37,251.15}{179,91.77,252.15}{180,92.16,253.15}{181,92.55,254.15}{182,92.95,255.15}{183,93.34,256.15}{184,93.73,257.15}{185,94.12,258.15}{186,94.52,259.15}{187,94.91,260.15}{188,95.3,261.15}{189,95.69,262.15}{190,96.09,263.15}{191,96.48,264.15}{192,96.87,265.15}{193,97.26,266.15}{194,97.65,267.15}{195,98.04,268.15}{196,98.44,269.15}{197,98.83,270.15}{198,99.22,271.15}{199,99.61,272.15}{200,100,273.15}{201,100.39,274.15}{202,100.78,275.15}{203,101.17,276.15}{204,101.56,277.15}{205,101.95,278.15}{206,102.34,279.15}{207,102.73,280.15}{208,103.12,281.15}{209,103.51,282.15}{210,103.9,283.15}{211,104.29,284.15}{212,104.68,285.15}{213,105.07,286.15}{214,105.46,287.15}{215,105.85,288.15}{216,106.24,289.15}{217,106.63,290.15}{218,107.02,291.15}{219,107.4,292.15}{220,107.79,293.15}{221,108.18,294.15}{222,108.57,295.15}{223,108.96,296.15}{224,109.35,297.15}{225,109.73,298.15}{226,110.12,299.15}{227,110.51,300.15}{228,110.9,301.15}{229,111.28,302.15}{230,111.67,303.15}{231,112.06,304.15}{232,112.45,305.15}{233,112.83,306.15}{234,113.22,307.15}{235,113.61,308.15}{236,113.99,309.15}{237,114.38,310.15}{238,114.77,311.15}{239,115.15,312.15}{240,115.54,313.15}{241,115.93,314.15}{242,116.31,315.15}{243,116.7,316.15}{244,117.08,317.15}{245,117.47,318.15}{246,117.85,319.15}{247,118.24,320.15}{248,118.62,321.15}{249,119.01,322.15}{250,119.4,323.15}{251,119.78,324.15}{252,120.16,325.15}{253,120.55,326.15}{254,120.93,327.15}{255,121.32,328.15}{256,121.7,329.15}{257,122.09,330.15}{258,122.47,331.15}{259,122.86,332.15}{260,123.24,333.15}{261,123.62,334.15}{262,124.01,335.15}{263,124.39,336.15}{264,124.77,337.15}{265,125.17,338.15}{266,125.55,339.15}{267,125.93,340.15}{268,126.32,341.15}{269,126.7,342.15}{270,127.08,343.15}{271,127.46,344.15}{272,127.85,345.15}{273,128.23,346.15}{274,128.61,347.15}{275,128.99,348.15}{276,129.38,349.15}{277,129.76,350.15}{278,130.14,351.15}{279,130.52,352.15}{280,130.9,353.15}{281,131.28,354.15}{282,131.67,355.15}{283,132.05,356.15}{284,132.43,357.15}{285,132.81,358.15}{286,133.19,359.15}{287,133.57,360.15}{288,133.95,361.15}{289,134.33,362.15}{290,134.71,363.15}{291,135.09,364.15}{292,135.47,365.15}{293,135.85,366.15}{294,136.23,367.15}{295,136.61,368.15}{296,136.99,369.15}{297,137.37,370.15}{298,137.75,371.15}{299,138.13,372.15}{300,138.51,373.15}{301,138.89,374.15}{302,139.27,375.15}{303,139.65,376.15}{304,140.03,377.15}{305,140.39,378.15}{306,140.77,379.15}{307,141.15,380.15}{308,141.53,381.15}{309,141.91,382.15}{310,142.29,383.15}{311,142.66,384.15}{312,143.04,385.15}{313,143.42,386.15}{314,143.8,387.15}{315,144.18,388.15}{316,144.56,389.15}{317,144.94,390.15}{318,145.32,391.15}{319,145.69,392.15}{320,146.07,393.15}{321,146.45,394.15}{322,146.82,395.15}{323,147.2,396.15}{324,147.58,397.15}{325,147.95,398.15}{326,148.33,399.15}{327,148.71,400.15}{328,149.08,401.15}{329,149.46,402.15}{330,149.83,403.15}{331,150.21,404.15}{332,150.58,405.15}{333,150.96,406.15}{334,151.34,407.15}{335,151.71,408.15}{336,152.09,409.15}{337,152.46,410.15}{338,152.84,411.15}{339,153.21,412.15}{340,153.58,413.15}{341,153.95,414.15}{342,154.32,415.15}{343,154.71,416.15}{344,155.08,417.15}{345,155.46,418.15}{346,155.83,419.15}{347,156.21,420.15}{348,156.58,421.15}{349,156.96,422.15}{350,157.33,423.15}{351,157.71,424.15}{352,158.08,425.15}{353,158.45,426.15}{354,158.83,427.15}{355,159.2,428.15}{356,159.56,429.15}{357,159.94,430.15}{358,160.31,431.15}{359,160.68,432.15}{360,161.05,433.15}{361,161.43,434.15}{362,161.8,435.15}{363,162.17,436.15}{364,162.54,437.15}{365,162.91,438.15}{366,163.28,439.15}{367,163.66,440.15}{368,164.03,441.15}{369,164.4,442.15}{370,164.77,443.15}{371,165.14,444.15}{372,165.51,445.15}{373,165.88,446.15}{374,166.25,447.15}{375,166.62,448.15}{376,167,449.15}{377,167.37,450.15}{378,167.74,451.15}{379,168.11,452.15}{380,168.48,453.15}{381,168.85,454.15}{382,169.22,455.15}{383,169.59,456.15}{384,169.96,457.15}{385,170.33,458.15}{386,170.69,459.15}{387,171.06,460.15}{388,171.43,461.15}{389,171.8,462.15}{390,172.17,463.15}{391,172.54,464.15}{392,172.91,465.15}{393,173.27,466.15}{394,173.64,467.15}{395,174.01,468.15}{396,174.39,469.15}{397,174.75,470.15}{398,175.12,471.15}{399,175.49,472.15}{400,175.86,473.15}{401,176.23,474.15}{402,176.59,475.15}{403,176.96,476.15}{404,177.33,477.15}{405,177.7,478.15}{406,178.06,479.15}{407,178.43,480.15}{408,178.8,481.15}{409,179.16,482.15}{410,179.53,483.15}{411,179.9,484.15}{412,180.26,485.15}{413,180.63,486.15}{414,180.99,487.15}{415,181.36,488.15}{416,181.73,489.15}{417,182.09,490.15}{418,182.46,491.15}{419,182.82,492.15}{420,183.19,493.15}{421,183.55,494.15}{422,183.92,495.15}{423,184.28,496.15}{424,184.65,497.15}{425,185.01,498.15}{426,185.38,499.15}{427,185.74,500.15}{428,186.11,501.15}{429,186.47,502.15}{430,186.84,503.15}{431,187.2,504.15}{432,187.56,505.15}{433,187.93,506.15}{434,188.29,507.15}{435,188.65,508.15}{436,189.02,509.15}{437,189.38,510.15}{438,189.74,511.15}{439,190.11,512.15}{440,190.47,513.15}{441,190.83,514.15}{442,191.2,515.15}{443,191.56,516.15}{444,191.92,517.15}{445,192.28,518.15}{446,192.66,519.15}{447,193.02,520.15}{448,193.38,521.15}{449,193.74,522.15}{450,194.1,523.15}{451,194.47,524.15}{452,194.83,525.15}{453,195.19,526.15}{454,195.55,527.15}{455,195.9,528.15}{456,196.26,529.15}{457,196.62,530.15}{458,196.98,531.15}{459,197.35,532.15}{460,197.71,533.15}{461,198.07,534.15}{462,198.43,535.15}{463,198.79,536.15}{464,199.15,537.15}{465,199.51,538.15}{466,199.87,539.15}{467,200.23,540.15}{468,200.59,541.15}{469,200.95,542.15}{470,201.31,543.15}{471,201.67,544.15}{472,202.03,545.15}{473,202.38,546.15}{474,202.74,547.15}{475,203.1,548.15}{476,203.46,549.15}{477,203.82,550.15}{478,204.18,551.15}{479,204.54,552.15}{480,204.9,553.15}{481,205.25,554.15}{482,205.61,555.15}{483,205.97,556.15}{484,206.33,557.15}{485,206.7,558.15}{486,207.05,559.15}{487,207.41,560.15}{488,207.77,561.15}{489,208.13,562.15}{490,208.48,563.15}{491,208.84,564.15}{492,209.2,565.15}{493,209.55,566.15}{494,209.91,567.15}{495,210.27,568.15}{496,210.62,569.15}{497,210.98,570.15}{498,211.34,571.15}{499,211.69,572.15}{500,212.05,573.15}{501,212.4,574.15}{502,212.76,575.15}{503,213.12,576.15}{504,213.47,577.15}{505,213.83,578.15}{506,214.19,579.15}{507,214.55,580.15}{508,214.9,581.15}{509,215.26,582.15}{510,215.61,583.15}{511,215.97,584.15}{512,216.32,585.15}{513,216.68,586.15}{514,217.03,587.15}{515,217.39,588.15}{516,217.73,589.15}{517,218.08,590.15}{518,218.44,591.15}{519,218.79,592.15}{520,219.15,593.15}{521,219.5,594.15}{522,219.85,595.15}{523,220.21,596.15}{524,220.56,597.15}{525,220.91,598.15}{526,221.27,599.15}{527,221.62,600.15}{528,221.97,601.15}{529,222.32,602.15}{530,222.68,603.15}{531,223.03,604.15}{532,223.38,605.15}{533,223.73,606.15}{534,224.09,607.15}{535,224.45,608.15}{536,224.8,609.15}{537,225.15,610.15}{538,225.5,611.15}{539,225.85,612.15}{540,226.21,613.15}{541,226.56,614.15}{542,226.91,615.15}{543,227.26,616.15}{544,227.61,617.15}{545,227.96,618.15}{546,228.31,619.15}{547,228.66,620.15}{548,229.01,621.15}{549,229.36,622.15}{550,229.72,623.15}{551,230.07,624.15}{552,230.42,625.15}{553,230.77,626.15}{554,231.12,627.15}{555,231.47,628.15}{556,231.81,629.15}{557,232.16,630.15}{558,232.51,631.15}{559,232.86,632.15}{560,233.21,633.15}{561,233.56,634.15}{562,233.91,635.15}{563,234.26,636.15}{564,234.6,637.15}{565,234.95,638.15}{566,235.3,639.15}{567,235.65,640.15}{568,236,641.15}{569,236.35,642.15}{570,236.7,643.15}{571,237.05,644.15}{572,237.4,645.15}{573,237.75,646.15}{574,238.09,647.15}{575,238.44,648.15}{576,238.79,649.15}{577,239.14,650.15}{578,239.48,651.15}{579,239.83,652.15}{580,240.18,653.15}{581,240.52,654.15}{582,240.87,655.15}{583,241.22,656.15}{584,241.56,657.15}{585,241.91,658.15}{586,242.25,659.15}{587,242.6,660.15}{588,242.95,661.15}{589,243.29,662.15}{590,243.64,663.15}{591,243.98,664.15}{592,244.33,665.15}{593,244.67,666.15}{594,245.02,667.15}{595,245.36,668.15}{596,245.71,669.15}{597,246.05,670.15}{598,246.4,671.15}{599,246.74,672.15}{600,247.09,673.15}{601,247.43,674.15}{602,247.78,675.15}{603,248.12,676.15}{604,248.46,677.15}{605,248.81,678.15}{606,249.15,679.15}{607,249.5,680.15}{608,249.84,681.15}{609,250.18,682.15}{610,250.53,683.15}{611,250.89,684.15}{612,251.21,685.15}{613,251.55,686.15}{614,251.9,687.15}{615,252.24,688.15}{616,252.59,689.15}{617,252.94,690.15}{618,253.28,691.15}{619,253.62,692.15}{620,253.96,693.15}{621,254.3,694.15}{622,254.65,695.15}{623,254.99,696.15}{624,255.33,697.15}{625,255.67,698.15}{626,256.01,699.15}{627,256.35,700.15}{628,256.7,701.15}{629,257.04,702.15}{630,257.38,703.15}{631,257.72,704.15}{632,258.06,705.15}{633,258.4,706.15}{634,258.74,707.15}{635,259.08,708.15}{636,259.42,709.15}{637,259.76,710.15}{638,260.1,711.15}{639,260.44,712.15}{640,260.78,713.15}{641,261.12,714.15}{642,261.46,715.15}{643,261.8,716.15}{644,262.14,717.15}{645,262.48,718.15}{646,262.83,719.15}{647,263.17,720.15}{648,263.5,721.15}{649,263.84,722.15}{650,264.18,723.15}{651,264.52,724.15}{652,264.86,725.15}{653,265.2,726.15}{654,265.54,727.15}{655,265.87,728.15}{656,266.21,729.15}{657,266.55,730.15}{658,266.89,731.15}{659,267.22,732.15}{660,267.56,733.15}{661,267.9,734.15}{662,268.24,735.15}{663,268.57,736.15}{664,268.91,737.15}{665,269.25,738.15}{666,269.58,739.15}{667,269.92,740.15}{668,270.26,741.15}{669,270.59,742.15}{670,270.93,743.15}{671,271.27,744.15}{672,271.6,745.15}{673,271.94,746.15}{674,272.27,747.15}{675,272.61,748.15}{676,272.95,749.15}{677,273.28,750.15}{678,273.62,751.15}{679,273.95,752.15}{680,274.29,753.15}{681,274.62,754.15}{682,274.96,755.15}{683,275.29,756.15}{684,275.63,757.15}{685,275.96,758.15}{686,276.31,759.15}{687,276.64,760.15}{688,276.97,761.15}{689,277.31,762.15}{690,277.64,763.15}{691,277.98,764.15}{692,278.31,765.15}{693,278.64,766.15}{694,278.98,767.15}{695,279.31,768.15}{696,279.64,769.15}{697,279.98,770.15}{698,280.31,771.15}{699,280.64,772.15}{700,280.98,773.15}{701,281.31,774.15}{702,281.64,775.15}{703,281.97,776.15}{704,282.31,777.15}{705,282.64,778.15}{706,282.97,779.15}{707,283.3,780.15}{708,283.63,781.15}{709,283.97,782.15}{710,284.3,783.15}{711,284.63,784.15}{712,284.96,785.15}{713,285.29,786.15}{714,285.62,787.15}{715,285.95,788.15}{716,286.3,789.15}{717,286.63,790.15}{718,286.96,791.15}{719,287.29,792.15}{720,287.62,793.15}{721,287.95,794.15}{722,288.28,795.15}{723,288.61,796.15}{724,288.94,797.15}{725,289.27,798.15}{726,289.6,799.15}{727,289.93,800.15}{728,290.26,801.15}{729,290.59,802.15}{730,290.92,803.15}{731,291.25,804.15}{732,291.58,805.15}{733,291.9,806.15}{734,292.23,807.15}{735,292.56,808.15}{736,292.9,809.15}{737,293.23,810.15}{738,293.56,811.15}{739,293.89,812.15}{740,294.21,813.15}{741,294.54,814.15}{742,294.87,815.15}{743,295.2,816.15}{744,295.53,817.15}{745,295.85,818.15}{746,296.18,819.15}{747,296.51,820.15}{748,296.84,821.15}{749,297.16,822.15}{750,297.49,823.15}{751,297.82,824.15}{752,298.14,825.15}{753,298.47,826.15}{754,298.8,827.15}{755,299.12,828.15}{756,299.45,829.15}{757,299.78,830.15}{758,300.1,831.15}{759,300.43,832.15}{760,300.75,833.15}{761,301.08,834.15}{762,301.41,835.15}{763,301.73,836.15}{764,302.06,837.15}{765,302.38,838.15}{766,302.71,839.15}{767,303.03,840.15}{768,303.36,841.15}{769,303.68,842.15}{770,304.01,843.15}{771,304.33,844.15}{772,304.66,845.15}{773,304.98,846.15}{774,305.3,847.15}{775,305.63,848.15}{776,305.95,849.15}{777,306.28,850.15}{778,306.6,851.15}{779,306.92,852.15}{780,307.25,853.15}{781,307.57,854.15}{782,307.89,855.15}{783,308.22,856.15}{784,308.54,857.15}{785,308.86,858.15}{786,309.19,859.15}{787,309.51,860.15}{788,309.83,861.15}{789,310.15,862.15}{790,310.48,863.15}{791,310.8,864.15}{792,311.12,865.15}{793,311.45,866.15}{794,311.78,867.15}{795,312.1,868.15}{796,312.43,869.15}{797,312.75,870.15}{798,313.07,871.15}{799,313.39,872.15}{800,313.71,873.15}{801,314.04,874.15}{802,314.36,875.15}{803,314.68,876.15}{804,315,877.15}{805,315.32,878.15}{806,315.64,879.15}{807,315.96,880.15}{808,316.28,881.15}{809,316.6,882.15}{810,316.92,883.15}{811,317.24,884.15}{812,317.56,885.15}{813,317.88,886.15}{814,318.2,887.15}{815,318.52,888.15}{816,318.85,889.15}{817,319.17,890.15}{818,319.49,891.15}{819,319.81,892.15}{820,320.12,893.15}{821,320.44,894.15}{822,320.76,895.15}{823,321.08,896.15}{824,321.4,897.15}{825,321.72,898.15}{826,322.03,899.15}{827,322.34,900.15}{828,322.66,901.15}{829,322.98,902.15}{830,323.3,903.15}{831,323.61,904.15}{832,323.93,905.15}{833,324.25,906.15}{834,324.57,907.15}{835,324.88,908.15}{836,325.21,909.15}{837,325.53,910.15}{838,325.85,911.15}{839,326.16,912.15}{840,326.48,913.15}{841,326.79,914.15}{842,327.11,915.15}{843,327.43,916.15}{844,327.74,917.15}{845,328.06,918.15}{846,328.38,919.15}{847,328.69,920.15}{848,329.01,921.15}{849,329.32,922.15}{850,329.64,923.15}{851,329.95,924.15}{852,330.27,925.15}{853,330.58,926.15}{854,330.9,927.15}{855,331.21,928.15}{856,331.53,929.15}{857,331.84,930.15}{858,332.16,931.15}{859,332.47,932.15}{860,332.79,933.15}{861,333.1,934.15}{862,333.41,935.15}{863,333.73,936.15}{864,334.04,937.15}{865,334.36,938.15}{866,334.68,939.15}{867,334.99,940.15}{868,335.31,941.15}{869,335.62,942.15}{870,335.93,943.15}{871,336.25,944.15}{872,336.56,945.15}{873,336.87,946.15}{874,337.18,947.15}{875,337.5,948.15}{876,337.81,949.15}{877,338.12,950.15}{878,338.43,951.15}{879,338.75,952.15}{880,339.06,953.15}{881,339.37,954.15}{882,339.68,955.15}{883,339.99,956.15}{884,340.3,957.15}{885,340.62,958.15}{886,340.94,959.15}{887,341.25,960.15}{888,341.55,961.15}{889,341.87,962.15}{890,342.18,963.15}{891,342.49,964.15}{892,342.8,965.15}{893,343.11,966.15}{894,343.42,967.15}{895,343.73,968.15}{896,344.04,969.15}{897,344.35,970.15}{898,344.66,971.15}{899,344.97,972.15}{900,345.28,973.15}{901,345.59,974.15}{902,345.9,975.15}{903,346.21,976.15}{904,346.52,977.15}{905,346.83,978.15}{906,347.15,979.15}{907,347.46,980.15}{908,347.76,981.15}{909,348.07,982.15}{910,348.38,983.15}{911,348.69,984.15}{912,349,985.15}{913,349.31,986.15}{914,349.61,987.15}{915,349.92,988.15}{916,350.23,989.15}{917,350.54,990.15}{918,350.85,991.15}{919,351.15,992.15}{920,351.46,993.15}{921,351.77,994.15}{922,352.07,995.15}{923,352.38,996.15}{924,352.69,997.15}{925,352.99,998.15}{926,353.3,999.15}{927,353.61,1000.15}{928,353.91,1001.15}{929,354.22,1002.15}{930,354.53,1003.15}{931,354.83,1004.15}{932,355.14,1005.15}{933,355.44,1006.15}{934,355.75,1007.15}{935,356.06,1008.15}{936,356.37,1009.15}{937,356.68,1010.15}{938,356.98,1011.15}{939,357.29,1012.15}{940,357.59,1013.15}{941,357.9,1014.15}{942,358.2,1015.15}{943,358.51,1016.15}{944,358.81,1017.15}{945,359.12,1018.15}{946,359.42,1019.15}{947,359.72,1020.15}{948,360.03,1021.15}{949,360.33,1022.15}{950,360.64,1023.15}{951,360.94,1024.15}{952,361.24,1025.15}{953,361.55,1026.15}{954,361.85,1027.15}{955,362.15,1028.15}{956,362.46,1029.15}{957,362.76,1030.15}{958,363.06,1031.15}{959,363.36,1032.15}{960,363.67,1033.15}{961,363.97,1034.15}{962,364.27,1035.15}{963,364.57,1036.15}{964,364.88,1037.15}{965,365.18,1038.15}{966,365.49,1039.15}{967,365.79,1040.15}{968,366.09,1041.15}{969,366.4,1042.15}{970,366.7,1043.15}{971,367,1044.15}{972,367.3,1045.15}{973,367.6,1046.15}{974,367.9,1047.15}{975,368.2,1048.15}{976,368.5,1049.15}{977,368.81,1050.15}{978,369.11,1051.15}{979,369.41,1052.15}{980,369.71,1053.15}{981,370.01,1054.15}{982,370.31,1055.15}{983,370.61,1056.15}{984,370.91,1057.15}{985,371.21,1058.15}{986,371.52,1059.15}{987,371.82,1060.15}{988,372.12,1061.15}{989,372.41,1062.15}{990,372.71,1063.15}{991,373.01,1064.15}{992,373.31,1065.15}{993,373.61,1066.15}{994,373.91,1067.15}{995,374.21,1068.15}{996,374.51,1069.15}{997,374.8,1070.15}{998,375.1,1071.15}{999,375.4,1072.15}{1000,375.7,1073.15}{1001,376,1074.15}{1002,376.29,1075.15}{1003,376.59,1076.15}{1004,376.89,1077.15}{1005,377.19,1078.15}{1006,377.49,1079.15}{1007,377.79,1080.15}{1008,378.09,1081.15}{1009,378.39,1082.15}{1010,378.68,1083.15}{1011,378.98,1084.15}{1012,379.28,1085.15}{1013,379.57,1086.15}{1014,379.87,1087.15}{1015,380.17,1088.15}{1016,380.46,1089.15}{1017,380.76,1090.15}{1018,381.05,1091.15}{1019,381.35,1092.15}{1020,381.65,1093.15}{1021,381.94,1094.15}{1022,382.24,1095.15}{1023,382.53,1096.15}{1024,382.83,1097.15}{1025,383.12,1098.15}{1026,383.42,1099.15}{1027,383.71,1100.15}{1028,384.01,1101.15}{1029,384.3,1102.15}{1030,384.6,1103.15}{1031,384.89,1104.15}{1032,385.18,1105.15}{1033,385.48,1106.15}{1034,385.77,1107.15}{1035,386.07,1108.15}{1036,386.37,1109.15}{1037,386.66,1110.15}{1038,386.96,1111.15}{1039,387.25,1112.15}{1040,387.55,1113.15}{1041,387.84,1114.15}{1042,388.13,1115.15}{1043,388.42,1116.15}{1044,388.72,1117.15}{1045,389.01,1118.15}{1046,389.31,1119.15}{1047,389.61,1120.15}{1048,389.9,1121.15}{1049,390.19,1122.15}{1050,390.48,1123.15}&quot;"/>
                                                <instance name="dev01/Config/ch00001/Calibration_Sensor_Maximum_Range" order="0" value="1123.15"/>
                                                <instance name="dev01/Config/ch00002/Calibration_Sensor_Maximum_Range" order="0" value="1123.15"/>
                                                <instance name="dev01/Config/ch00003/Calibration_Sensor_Maximum_Range" order="0" value="1123.15"/>
                                                <instance name="dev01/Config/ch00004/Calibration_Sensor_Minimum_Range" order="0" value="73.15"/>
                                                <instance name="dev01/Config/ch00005/Calibration_Sensor_Table_Type" order="2" value="1"/>
                                                <instance name="dev01/Config/ch00005/enable" order="1" value="1"/>
                                                <instance name="dev01/Config/ch00005/Calibration_Sensor_Minimum_Range" order="0" value="73.15"/>
                                                <instance name="dev01/Config/ch00006/Calibration_Sensor_Minimum_Range" order="0" value="73.15"/>
                                                <instance name="dev01/Config/ch00007/Calibration_Sensor_Minimum_Range" order="0" value="73.15"/>
                                                <instance name="dev01/Config/ch00007/RTDWireScheme" order="0" value="4"/>
                                                <instance name="dev01/Config/ch00008/RTDWireScheme" order="0" value="4"/>
                                                <instance name="dev01/Config/ch00003/RTDRange" order="0" value="0"/>
                                                <instance name="dev01/Config/ch00003/LeadRes" order="0" value="0"/>
                                                <instance name="dev01/Config/ch00001/Calibration_Sensor_Input_Units" order="0" value="Ohm"/>
                                                <instance name="dev01/Config/ch00008/Calibration_Sensor_Minimum_Range" order="0" value="73.15"/>
                                                <instance name="dev01/Config/ch00009/Calibration_Sensor_Minimum_Range" order="0" value="73.15"/>
                                                <instance name="dev01/Config/ch00010/Calibration_Sensor_Minimum_Range" order="0" value="73.15"/>
                                                <instance name="dev01/Config/ch00006/Calibration_Sensor_Table_Type" order="2" value="1"/>
                                                <instance name="dev01/Config/ch00011/Calibration_Sensor_Minimum_Range" order="0" value="73.15"/>
                                                <instance name="dev01/Config/ch00009/RTDWireScheme" order="0" value="4"/>
                                                <instance name="dev01/Config/ch00006/RTDRange" order="0" value="0"/>
                                                <instance name="dev01/Config/ch00006/Calibration_Sensor_Maximum_Range" order="0" value="1123.15"/>
                                                <instance name="dev01/Config/ch00012/Calibration_Sensor_Minimum_Range" order="0" value="73.15"/>
                                                <instance name="dev01/Config/ch00001/Calibration_Sensor_Name" order="0" value="CalSensor1"/>
                                                <instance name="dev01/Config/ch00002/Calibration_Sensor_Name" order="0" value="CalSensor2"/>
                                                <instance name="dev01/Config/ch00010/Calibration_Sensor_Maximum_Range" order="0" value="1123.15"/>
                                                <instance name="dev01/Config/ch00003/Calibration_Sensor_Name" order="0" value="CalSensor3"/>
                                                <instance name="dev01/Config/ch00002/Calibration_Sensor_Input_Units" order="0" value="Ohm"/>
                                                <instance name="dev01/Config/ch00004/Calibration_Sensor_Name" order="0" value="CalSensor4"/>
                                                <instance name="dev01/Config/ch00003/Calibration_Sensor_Output_Units" order="0" value="K"/>
                                                <instance name="dev01/Config/ch00004/enable" order="1" value="1"/>
                                                <instance name="dev01/Config/ch00004/Calibration_Sensor_Maximum_Range" order="0" value="1123.15"/>
                                                <instance name="dev01/Config/ch00003/Calibration_Sensor_Curve" order="0" value="&quot;{0,18.52,73.15}{1,18.96,74.15}{2,19.39,75.15}{3,19.82,76.15}{4,20.25,77.15}{5,20.68,78.15}{6,21.11,79.15}{7,21.54,80.15}{8,21.97,81.15}{9,22.4,82.15}{10,22.83,83.15}{11,23.26,84.15}{12,23.69,85.15}{13,24.12,86.15}{14,24.55,87.15}{15,24.97,88.15}{16,25.39,89.15}{17,25.82,90.15}{18,26.25,91.15}{19,26.67,92.15}{20,27.1,93.15}{21,27.52,94.15}{22,27.95,95.15}{23,28.37,96.15}{24,28.8,97.15}{25,29.22,98.15}{26,29.65,99.15}{27,30.07,100.15}{28,30.49,101.15}{29,30.92,102.15}{30,31.34,103.15}{31,31.76,104.15}{32,32.18,105.15}{33,32.61,106.15}{34,33.03,107.15}{35,33.45,108.15}{36,33.86,109.15}{37,34.28,110.15}{38,34.7,111.15}{39,35.12,112.15}{40,35.54,113.15}{41,35.96,114.15}{42,36.38,115.15}{43,36.8,116.15}{44,37.22,117.15}{45,37.63,118.15}{46,38.05,119.15}{47,38.47,120.15}{48,38.89,121.15}{49,39.31,122.15}{50,39.72,123.15}{51,40.14,124.15}{52,40.56,125.15}{53,40.97,126.15}{54,41.39,127.15}{55,41.8,128.15}{56,42.22,129.15}{57,42.64,130.15}{58,43.05,131.15}{59,43.46,132.15}{60,43.88,133.15}{61,44.29,134.15}{62,44.71,135.15}{63,45.12,136.15}{64,45.53,137.15}{65,45.95,138.15}{66,46.35,139.15}{67,46.76,140.15}{68,47.18,141.15}{69,47.59,142.15}{70,48,143.15}{71,48.41,144.15}{72,48.82,145.15}{73,49.23,146.15}{74,49.64,147.15}{75,50.06,148.15}{76,50.47,149.15}{77,50.88,150.15}{78,51.29,151.15}{79,51.7,152.15}{80,52.11,153.15}{81,52.52,154.15}{82,52.92,155.15}{83,53.33,156.15}{84,53.74,157.15}{85,54.15,158.15}{86,54.56,159.15}{87,54.97,160.15}{88,55.38,161.15}{89,55.78,162.15}{90,56.19,163.15}{91,56.6,164.15}{92,57,165.15}{93,57.41,166.15}{94,57.82,167.15}{95,58.22,168.15}{96,58.63,169.15}{97,59.04,170.15}{98,59.44,171.15}{99,59.85,172.15}{100,60.26,173.15}{101,60.67,174.15}{102,61.07,175.15}{103,61.48,176.15}{104,61.87,177.15}{105,62.29,178.15}{106,62.69,179.15}{107,63.1,180.15}{108,63.5,181.15}{109,63.91,182.15}{110,64.3,183.15}{111,64.7,184.15}{112,65.11,185.15}{113,65.51,186.15}{114,65.91,187.15}{115,66.31,188.15}{116,66.72,189.15}{117,67.12,190.15}{118,67.52,191.15}{119,67.92,192.15}{120,68.33,193.15}{121,68.73,194.15}{122,69.13,195.15}{123,69.53,196.15}{124,69.93,197.15}{125,70.33,198.15}{126,70.73,199.15}{127,71.13,200.15}{128,71.53,201.15}{129,71.93,202.15}{130,72.33,203.15}{131,72.73,204.15}{132,73.13,205.15}{133,73.53,206.15}{134,73.93,207.15}{135,74.33,208.15}{136,74.73,209.15}{137,75.13,210.15}{138,75.53,211.15}{139,75.93,212.15}{140,76.33,213.15}{141,76.73,214.15}{142,77.13,215.15}{143,77.52,216.15}{144,77.92,217.15}{145,78.32,218.15}{146,78.72,219.15}{147,79.11,220.15}{148,79.51,221.15}{149,79.91,222.15}{150,80.31,223.15}{151,80.7,224.15}{152,81.1,225.15}{153,81.5,226.15}{154,81.89,227.15}{155,82.29,228.15}{156,82.69,229.15}{157,83.08,230.15}{158,83.48,231.15}{159,83.88,232.15}{160,84.27,233.15}{161,84.67,234.15}{162,85.06,235.15}{163,85.46,236.15}{164,85.85,237.15}{165,86.25,238.15}{166,86.64,239.15}{167,87.04,240.15}{168,87.43,241.15}{169,87.83,242.15}{170,88.22,243.15}{171,88.62,244.15}{172,89.01,245.15}{173,89.4,246.15}{174,89.8,247.15}{175,90.19,248.15}{176,90.59,249.15}{177,90.98,250.15}{178,91.37,251.15}{179,91.77,252.15}{180,92.16,253.15}{181,92.55,254.15}{182,92.95,255.15}{183,93.34,256.15}{184,93.73,257.15}{185,94.12,258.15}{186,94.52,259.15}{187,94.91,260.15}{188,95.3,261.15}{189,95.69,262.15}{190,96.09,263.15}{191,96.48,264.15}{192,96.87,265.15}{193,97.26,266.15}{194,97.65,267.15}{195,98.04,268.15}{196,98.44,269.15}{197,98.83,270.15}{198,99.22,271.15}{199,99.61,272.15}{200,100,273.15}{201,100.39,274.15}{202,100.78,275.15}{203,101.17,276.15}{204,101.56,277.15}{205,101.95,278.15}{206,102.34,279.15}{207,102.73,280.15}{208,103.12,281.15}{209,103.51,282.15}{210,103.9,283.15}{211,104.29,284.15}{212,104.68,285.15}{213,105.07,286.15}{214,105.46,287.15}{215,105.85,288.15}{216,106.24,289.15}{217,106.63,290.15}{218,107.02,291.15}{219,107.4,292.15}{220,107.79,293.15}{221,108.18,294.15}{222,108.57,295.15}{223,108.96,296.15}{224,109.35,297.15}{225,109.73,298.15}{226,110.12,299.15}{227,110.51,300.15}{228,110.9,301.15}{229,111.28,302.15}{230,111.67,303.15}{231,112.06,304.15}{232,112.45,305.15}{233,112.83,306.15}{234,113.22,307.15}{235,113.61,308.15}{236,113.99,309.15}{237,114.38,310.15}{238,114.77,311.15}{239,115.15,312.15}{240,115.54,313.15}{241,115.93,314.15}{242,116.31,315.15}{243,116.7,316.15}{244,117.08,317.15}{245,117.47,318.15}{246,117.85,319.15}{247,118.24,320.15}{248,118.62,321.15}{249,119.01,322.15}{250,119.4,323.15}{251,119.78,324.15}{252,120.16,325.15}{253,120.55,326.15}{254,120.93,327.15}{255,121.32,328.15}{256,121.7,329.15}{257,122.09,330.15}{258,122.47,331.15}{259,122.86,332.15}{260,123.24,333.15}{261,123.62,334.15}{262,124.01,335.15}{263,124.39,336.15}{264,124.77,337.15}{265,125.17,338.15}{266,125.55,339.15}{267,125.93,340.15}{268,126.32,341.15}{269,126.7,342.15}{270,127.08,343.15}{271,127.46,344.15}{272,127.85,345.15}{273,128.23,346.15}{274,128.61,347.15}{275,128.99,348.15}{276,129.38,349.15}{277,129.76,350.15}{278,130.14,351.15}{279,130.52,352.15}{280,130.9,353.15}{281,131.28,354.15}{282,131.67,355.15}{283,132.05,356.15}{284,132.43,357.15}{285,132.81,358.15}{286,133.19,359.15}{287,133.57,360.15}{288,133.95,361.15}{289,134.33,362.15}{290,134.71,363.15}{291,135.09,364.15}{292,135.47,365.15}{293,135.85,366.15}{294,136.23,367.15}{295,136.61,368.15}{296,136.99,369.15}{297,137.37,370.15}{298,137.75,371.15}{299,138.13,372.15}{300,138.51,373.15}{301,138.89,374.15}{302,139.27,375.15}{303,139.65,376.15}{304,140.03,377.15}{305,140.39,378.15}{306,140.77,379.15}{307,141.15,380.15}{308,141.53,381.15}{309,141.91,382.15}{310,142.29,383.15}{311,142.66,384.15}{312,143.04,385.15}{313,143.42,386.15}{314,143.8,387.15}{315,144.18,388.15}{316,144.56,389.15}{317,144.94,390.15}{318,145.32,391.15}{319,145.69,392.15}{320,146.07,393.15}{321,146.45,394.15}{322,146.82,395.15}{323,147.2,396.15}{324,147.58,397.15}{325,147.95,398.15}{326,148.33,399.15}{327,148.71,400.15}{328,149.08,401.15}{329,149.46,402.15}{330,149.83,403.15}{331,150.21,404.15}{332,150.58,405.15}{333,150.96,406.15}{334,151.34,407.15}{335,151.71,408.15}{336,152.09,409.15}{337,152.46,410.15}{338,152.84,411.15}{339,153.21,412.15}{340,153.58,413.15}{341,153.95,414.15}{342,154.32,415.15}{343,154.71,416.15}{344,155.08,417.15}{345,155.46,418.15}{346,155.83,419.15}{347,156.21,420.15}{348,156.58,421.15}{349,156.96,422.15}{350,157.33,423.15}{351,157.71,424.15}{352,158.08,425.15}{353,158.45,426.15}{354,158.83,427.15}{355,159.2,428.15}{356,159.56,429.15}{357,159.94,430.15}{358,160.31,431.15}{359,160.68,432.15}{360,161.05,433.15}{361,161.43,434.15}{362,161.8,435.15}{363,162.17,436.15}{364,162.54,437.15}{365,162.91,438.15}{366,163.28,439.15}{367,163.66,440.15}{368,164.03,441.15}{369,164.4,442.15}{370,164.77,443.15}{371,165.14,444.15}{372,165.51,445.15}{373,165.88,446.15}{374,166.25,447.15}{375,166.62,448.15}{376,167,449.15}{377,167.37,450.15}{378,167.74,451.15}{379,168.11,452.15}{380,168.48,453.15}{381,168.85,454.15}{382,169.22,455.15}{383,169.59,456.15}{384,169.96,457.15}{385,170.33,458.15}{386,170.69,459.15}{387,171.06,460.15}{388,171.43,461.15}{389,171.8,462.15}{390,172.17,463.15}{391,172.54,464.15}{392,172.91,465.15}{393,173.27,466.15}{394,173.64,467.15}{395,174.01,468.15}{396,174.39,469.15}{397,174.75,470.15}{398,175.12,471.15}{399,175.49,472.15}{400,175.86,473.15}{401,176.23,474.15}{402,176.59,475.15}{403,176.96,476.15}{404,177.33,477.15}{405,177.7,478.15}{406,178.06,479.15}{407,178.43,480.15}{408,178.8,481.15}{409,179.16,482.15}{410,179.53,483.15}{411,179.9,484.15}{412,180.26,485.15}{413,180.63,486.15}{414,180.99,487.15}{415,181.36,488.15}{416,181.73,489.15}{417,182.09,490.15}{418,182.46,491.15}{419,182.82,492.15}{420,183.19,493.15}{421,183.55,494.15}{422,183.92,495.15}{423,184.28,496.15}{424,184.65,497.15}{425,185.01,498.15}{426,185.38,499.15}{427,185.74,500.15}{428,186.11,501.15}{429,186.47,502.15}{430,186.84,503.15}{431,187.2,504.15}{432,187.56,505.15}{433,187.93,506.15}{434,188.29,507.15}{435,188.65,508.15}{436,189.02,509.15}{437,189.38,510.15}{438,189.74,511.15}{439,190.11,512.15}{440,190.47,513.15}{441,190.83,514.15}{442,191.2,515.15}{443,191.56,516.15}{444,191.92,517.15}{445,192.28,518.15}{446,192.66,519.15}{447,193.02,520.15}{448,193.38,521.15}{449,193.74,522.15}{450,194.1,523.15}{451,194.47,524.15}{452,194.83,525.15}{453,195.19,526.15}{454,195.55,527.15}{455,195.9,528.15}{456,196.26,529.15}{457,196.62,530.15}{458,196.98,531.15}{459,197.35,532.15}{460,197.71,533.15}{461,198.07,534.15}{462,198.43,535.15}{463,198.79,536.15}{464,199.15,537.15}{465,199.51,538.15}{466,199.87,539.15}{467,200.23,540.15}{468,200.59,541.15}{469,200.95,542.15}{470,201.31,543.15}{471,201.67,544.15}{472,202.03,545.15}{473,202.38,546.15}{474,202.74,547.15}{475,203.1,548.15}{476,203.46,549.15}{477,203.82,550.15}{478,204.18,551.15}{479,204.54,552.15}{480,204.9,553.15}{481,205.25,554.15}{482,205.61,555.15}{483,205.97,556.15}{484,206.33,557.15}{485,206.7,558.15}{486,207.05,559.15}{487,207.41,560.15}{488,207.77,561.15}{489,208.13,562.15}{490,208.48,563.15}{491,208.84,564.15}{492,209.2,565.15}{493,209.55,566.15}{494,209.91,567.15}{495,210.27,568.15}{496,210.62,569.15}{497,210.98,570.15}{498,211.34,571.15}{499,211.69,572.15}{500,212.05,573.15}{501,212.4,574.15}{502,212.76,575.15}{503,213.12,576.15}{504,213.47,577.15}{505,213.83,578.15}{506,214.19,579.15}{507,214.55,580.15}{508,214.9,581.15}{509,215.26,582.15}{510,215.61,583.15}{511,215.97,584.15}{512,216.32,585.15}{513,216.68,586.15}{514,217.03,587.15}{515,217.39,588.15}{516,217.73,589.15}{517,218.08,590.15}{518,218.44,591.15}{519,218.79,592.15}{520,219.15,593.15}{521,219.5,594.15}{522,219.85,595.15}{523,220.21,596.15}{524,220.56,597.15}{525,220.91,598.15}{526,221.27,599.15}{527,221.62,600.15}{528,221.97,601.15}{529,222.32,602.15}{530,222.68,603.15}{531,223.03,604.15}{532,223.38,605.15}{533,223.73,606.15}{534,224.09,607.15}{535,224.45,608.15}{536,224.8,609.15}{537,225.15,610.15}{538,225.5,611.15}{539,225.85,612.15}{540,226.21,613.15}{541,226.56,614.15}{542,226.91,615.15}{543,227.26,616.15}{544,227.61,617.15}{545,227.96,618.15}{546,228.31,619.15}{547,228.66,620.15}{548,229.01,621.15}{549,229.36,622.15}{550,229.72,623.15}{551,230.07,624.15}{552,230.42,625.15}{553,230.77,626.15}{554,231.12,627.15}{555,231.47,628.15}{556,231.81,629.15}{557,232.16,630.15}{558,232.51,631.15}{559,232.86,632.15}{560,233.21,633.15}{561,233.56,634.15}{562,233.91,635.15}{563,234.26,636.15}{564,234.6,637.15}{565,234.95,638.15}{566,235.3,639.15}{567,235.65,640.15}{568,236,641.15}{569,236.35,642.15}{570,236.7,643.15}{571,237.05,644.15}{572,237.4,645.15}{573,237.75,646.15}{574,238.09,647.15}{575,238.44,648.15}{576,238.79,649.15}{577,239.14,650.15}{578,239.48,651.15}{579,239.83,652.15}{580,240.18,653.15}{581,240.52,654.15}{582,240.87,655.15}{583,241.22,656.15}{584,241.56,657.15}{585,241.91,658.15}{586,242.25,659.15}{587,242.6,660.15}{588,242.95,661.15}{589,243.29,662.15}{590,243.64,663.15}{591,243.98,664.15}{592,244.33,665.15}{593,244.67,666.15}{594,245.02,667.15}{595,245.36,668.15}{596,245.71,669.15}{597,246.05,670.15}{598,246.4,671.15}{599,246.74,672.15}{600,247.09,673.15}{601,247.43,674.15}{602,247.78,675.15}{603,248.12,676.15}{604,248.46,677.15}{605,248.81,678.15}{606,249.15,679.15}{607,249.5,680.15}{608,249.84,681.15}{609,250.18,682.15}{610,250.53,683.15}{611,250.89,684.15}{612,251.21,685.15}{613,251.55,686.15}{614,251.9,687.15}{615,252.24,688.15}{616,252.59,689.15}{617,252.94,690.15}{618,253.28,691.15}{619,253.62,692.15}{620,253.96,693.15}{621,254.3,694.15}{622,254.65,695.15}{623,254.99,696.15}{624,255.33,697.15}{625,255.67,698.15}{626,256.01,699.15}{627,256.35,700.15}{628,256.7,701.15}{629,257.04,702.15}{630,257.38,703.15}{631,257.72,704.15}{632,258.06,705.15}{633,258.4,706.15}{634,258.74,707.15}{635,259.08,708.15}{636,259.42,709.15}{637,259.76,710.15}{638,260.1,711.15}{639,260.44,712.15}{640,260.78,713.15}{641,261.12,714.15}{642,261.46,715.15}{643,261.8,716.15}{644,262.14,717.15}{645,262.48,718.15}{646,262.83,719.15}{647,263.17,720.15}{648,263.5,721.15}{649,263.84,722.15}{650,264.18,723.15}{651,264.52,724.15}{652,264.86,725.15}{653,265.2,726.15}{654,265.54,727.15}{655,265.87,728.15}{656,266.21,729.15}{657,266.55,730.15}{658,266.89,731.15}{659,267.22,732.15}{660,267.56,733.15}{661,267.9,734.15}{662,268.24,735.15}{663,268.57,736.15}{664,268.91,737.15}{665,269.25,738.15}{666,269.58,739.15}{667,269.92,740.15}{668,270.26,741.15}{669,270.59,742.15}{670,270.93,743.15}{671,271.27,744.15}{672,271.6,745.15}{673,271.94,746.15}{674,272.27,747.15}{675,272.61,748.15}{676,272.95,749.15}{677,273.28,750.15}{678,273.62,751.15}{679,273.95,752.15}{680,274.29,753.15}{681,274.62,754.15}{682,274.96,755.15}{683,275.29,756.15}{684,275.63,757.15}{685,275.96,758.15}{686,276.31,759.15}{687,276.64,760.15}{688,276.97,761.15}{689,277.31,762.15}{690,277.64,763.15}{691,277.98,764.15}{692,278.31,765.15}{693,278.64,766.15}{694,278.98,767.15}{695,279.31,768.15}{696,279.64,769.15}{697,279.98,770.15}{698,280.31,771.15}{699,280.64,772.15}{700,280.98,773.15}{701,281.31,774.15}{702,281.64,775.15}{703,281.97,776.15}{704,282.31,777.15}{705,282.64,778.15}{706,282.97,779.15}{707,283.3,780.15}{708,283.63,781.15}{709,283.97,782.15}{710,284.3,783.15}{711,284.63,784.15}{712,284.96,785.15}{713,285.29,786.15}{714,285.62,787.15}{715,285.95,788.15}{716,286.3,789.15}{717,286.63,790.15}{718,286.96,791.15}{719,287.29,792.15}{720,287.62,793.15}{721,287.95,794.15}{722,288.28,795.15}{723,288.61,796.15}{724,288.94,797.15}{725,289.27,798.15}{726,289.6,799.15}{727,289.93,800.15}{728,290.26,801.15}{729,290.59,802.15}{730,290.92,803.15}{731,291.25,804.15}{732,291.58,805.15}{733,291.9,806.15}{734,292.23,807.15}{735,292.56,808.15}{736,292.9,809.15}{737,293.23,810.15}{738,293.56,811.15}{739,293.89,812.15}{740,294.21,813.15}{741,294.54,814.15}{742,294.87,815.15}{743,295.2,816.15}{744,295.53,817.15}{745,295.85,818.15}{746,296.18,819.15}{747,296.51,820.15}{748,296.84,821.15}{749,297.16,822.15}{750,297.49,823.15}{751,297.82,824.15}{752,298.14,825.15}{753,298.47,826.15}{754,298.8,827.15}{755,299.12,828.15}{756,299.45,829.15}{757,299.78,830.15}{758,300.1,831.15}{759,300.43,832.15}{760,300.75,833.15}{761,301.08,834.15}{762,301.41,835.15}{763,301.73,836.15}{764,302.06,837.15}{765,302.38,838.15}{766,302.71,839.15}{767,303.03,840.15}{768,303.36,841.15}{769,303.68,842.15}{770,304.01,843.15}{771,304.33,844.15}{772,304.66,845.15}{773,304.98,846.15}{774,305.3,847.15}{775,305.63,848.15}{776,305.95,849.15}{777,306.28,850.15}{778,306.6,851.15}{779,306.92,852.15}{780,307.25,853.15}{781,307.57,854.15}{782,307.89,855.15}{783,308.22,856.15}{784,308.54,857.15}{785,308.86,858.15}{786,309.19,859.15}{787,309.51,860.15}{788,309.83,861.15}{789,310.15,862.15}{790,310.48,863.15}{791,310.8,864.15}{792,311.12,865.15}{793,311.45,866.15}{794,311.78,867.15}{795,312.1,868.15}{796,312.43,869.15}{797,312.75,870.15}{798,313.07,871.15}{799,313.39,872.15}{800,313.71,873.15}{801,314.04,874.15}{802,314.36,875.15}{803,314.68,876.15}{804,315,877.15}{805,315.32,878.15}{806,315.64,879.15}{807,315.96,880.15}{808,316.28,881.15}{809,316.6,882.15}{810,316.92,883.15}{811,317.24,884.15}{812,317.56,885.15}{813,317.88,886.15}{814,318.2,887.15}{815,318.52,888.15}{816,318.85,889.15}{817,319.17,890.15}{818,319.49,891.15}{819,319.81,892.15}{820,320.12,893.15}{821,320.44,894.15}{822,320.76,895.15}{823,321.08,896.15}{824,321.4,897.15}{825,321.72,898.15}{826,322.03,899.15}{827,322.34,900.15}{828,322.66,901.15}{829,322.98,902.15}{830,323.3,903.15}{831,323.61,904.15}{832,323.93,905.15}{833,324.25,906.15}{834,324.57,907.15}{835,324.88,908.15}{836,325.21,909.15}{837,325.53,910.15}{838,325.85,911.15}{839,326.16,912.15}{840,326.48,913.15}{841,326.79,914.15}{842,327.11,915.15}{843,327.43,916.15}{844,327.74,917.15}{845,328.06,918.15}{846,328.38,919.15}{847,328.69,920.15}{848,329.01,921.15}{849,329.32,922.15}{850,329.64,923.15}{851,329.95,924.15}{852,330.27,925.15}{853,330.58,926.15}{854,330.9,927.15}{855,331.21,928.15}{856,331.53,929.15}{857,331.84,930.15}{858,332.16,931.15}{859,332.47,932.15}{860,332.79,933.15}{861,333.1,934.15}{862,333.41,935.15}{863,333.73,936.15}{864,334.04,937.15}{865,334.36,938.15}{866,334.68,939.15}{867,334.99,940.15}{868,335.31,941.15}{869,335.62,942.15}{870,335.93,943.15}{871,336.25,944.15}{872,336.56,945.15}{873,336.87,946.15}{874,337.18,947.15}{875,337.5,948.15}{876,337.81,949.15}{877,338.12,950.15}{878,338.43,951.15}{879,338.75,952.15}{880,339.06,953.15}{881,339.37,954.15}{882,339.68,955.15}{883,339.99,956.15}{884,340.3,957.15}{885,340.62,958.15}{886,340.94,959.15}{887,341.25,960.15}{888,341.55,961.15}{889,341.87,962.15}{890,342.18,963.15}{891,342.49,964.15}{892,342.8,965.15}{893,343.11,966.15}{894,343.42,967.15}{895,343.73,968.15}{896,344.04,969.15}{897,344.35,970.15}{898,344.66,971.15}{899,344.97,972.15}{900,345.28,973.15}{901,345.59,974.15}{902,345.9,975.15}{903,346.21,976.15}{904,346.52,977.15}{905,346.83,978.15}{906,347.15,979.15}{907,347.46,980.15}{908,347.76,981.15}{909,348.07,982.15}{910,348.38,983.15}{911,348.69,984.15}{912,349,985.15}{913,349.31,986.15}{914,349.61,987.15}{915,349.92,988.15}{916,350.23,989.15}{917,350.54,990.15}{918,350.85,991.15}{919,351.15,992.15}{920,351.46,993.15}{921,351.77,994.15}{922,352.07,995.15}{923,352.38,996.15}{924,352.69,997.15}{925,352.99,998.15}{926,353.3,999.15}{927,353.61,1000.15}{928,353.91,1001.15}{929,354.22,1002.15}{930,354.53,1003.15}{931,354.83,1004.15}{932,355.14,1005.15}{933,355.44,1006.15}{934,355.75,1007.15}{935,356.06,1008.15}{936,356.37,1009.15}{937,356.68,1010.15}{938,356.98,1011.15}{939,357.29,1012.15}{940,357.59,1013.15}{941,357.9,1014.15}{942,358.2,1015.15}{943,358.51,1016.15}{944,358.81,1017.15}{945,359.12,1018.15}{946,359.42,1019.15}{947,359.72,1020.15}{948,360.03,1021.15}{949,360.33,1022.15}{950,360.64,1023.15}{951,360.94,1024.15}{952,361.24,1025.15}{953,361.55,1026.15}{954,361.85,1027.15}{955,362.15,1028.15}{956,362.46,1029.15}{957,362.76,1030.15}{958,363.06,1031.15}{959,363.36,1032.15}{960,363.67,1033.15}{961,363.97,1034.15}{962,364.27,1035.15}{963,364.57,1036.15}{964,364.88,1037.15}{965,365.18,1038.15}{966,365.49,1039.15}{967,365.79,1040.15}{968,366.09,1041.15}{969,366.4,1042.15}{970,366.7,1043.15}{971,367,1044.15}{972,367.3,1045.15}{973,367.6,1046.15}{974,367.9,1047.15}{975,368.2,1048.15}{976,368.5,1049.15}{977,368.81,1050.15}{978,369.11,1051.15}{979,369.41,1052.15}{980,369.71,1053.15}{981,370.01,1054.15}{982,370.31,1055.15}{983,370.61,1056.15}{984,370.91,1057.15}{985,371.21,1058.15}{986,371.52,1059.15}{987,371.82,1060.15}{988,372.12,1061.15}{989,372.41,1062.15}{990,372.71,1063.15}{991,373.01,1064.15}{992,373.31,1065.15}{993,373.61,1066.15}{994,373.91,1067.15}{995,374.21,1068.15}{996,374.51,1069.15}{997,374.8,1070.15}{998,375.1,1071.15}{999,375.4,1072.15}{1000,375.7,1073.15}{1001,376,1074.15}{1002,376.29,1075.15}{1003,376.59,1076.15}{1004,376.89,1077.15}{1005,377.19,1078.15}{1006,377.49,1079.15}{1007,377.79,1080.15}{1008,378.09,1081.15}{1009,378.39,1082.15}{1010,378.68,1083.15}{1011,378.98,1084.15}{1012,379.28,1085.15}{1013,379.57,1086.15}{1014,379.87,1087.15}{1015,380.17,1088.15}{1016,380.46,1089.15}{1017,380.76,1090.15}{1018,381.05,1091.15}{1019,381.35,1092.15}{1020,381.65,1093.15}{1021,381.94,1094.15}{1022,382.24,1095.15}{1023,382.53,1096.15}{1024,382.83,1097.15}{1025,383.12,1098.15}{1026,383.42,1099.15}{1027,383.71,1100.15}{1028,384.01,1101.15}{1029,384.3,1102.15}{1030,384.6,1103.15}{1031,384.89,1104.15}{1032,385.18,1105.15}{1033,385.48,1106.15}{1034,385.77,1107.15}{1035,386.07,1108.15}{1036,386.37,1109.15}{1037,386.66,1110.15}{1038,386.96,1111.15}{1039,387.25,1112.15}{1040,387.55,1113.15}{1041,387.84,1114.15}{1042,388.13,1115.15}{1043,388.42,1116.15}{1044,388.72,1117.15}{1045,389.01,1118.15}{1046,389.31,1119.15}{1047,389.61,1120.15}{1048,389.9,1121.15}{1049,390.19,1122.15}{1050,390.48,1123.15}&quot;"/>
                                                <instance name="dev01/Config/ch00005/Calibration_Sensor_Name" order="0" value="CalSensor5"/>
                                                <instance name="dev01/Config/ch00006/Calibration_Sensor_Name" order="0" value="CalSensor6"/>
                                                <instance name="dev01/Config/ch00007/Calibration_Sensor_Name" order="0" value="CalSensor7"/>
                                                <instance name="dev01/Config/ch00006/enable" order="1" value="1"/>
                                                <instance name="dev01/Config/ch00008/Calibration_Sensor_Name" order="0" value="CalSensor8"/>
                                                <instance name="dev01/Config/ch00004/Calibration_Sensor_Output_Units" order="0" value="K"/>
                                                <instance name="dev01/Config/ch00003/Calibration_Sensor_Input_Units" order="0" value="Ohm"/>
                                                <instance name="dev01/Config/ch00005/Calibration_Sensor_Output_Units" order="0" value="K"/>
                                                <instance name="dev01/Config/ch00006/Calibration_Sensor_Output_Units" order="0" value="K"/>
                                                <instance name="dev01/Config/ch00004/LeadRes" order="0" value="0"/>
                                                <instance name="dev01/Config/ch00004/Calibration_Sensor_Curve" order="0" value="&quot;{0,18.52,73.15}{1,18.96,74.15}{2,19.39,75.15}{3,19.82,76.15}{4,20.25,77.15}{5,20.68,78.15}{6,21.11,79.15}{7,21.54,80.15}{8,21.97,81.15}{9,22.4,82.15}{10,22.83,83.15}{11,23.26,84.15}{12,23.69,85.15}{13,24.12,86.15}{14,24.55,87.15}{15,24.97,88.15}{16,25.39,89.15}{17,25.82,90.15}{18,26.25,91.15}{19,26.67,92.15}{20,27.1,93.15}{21,27.52,94.15}{22,27.95,95.15}{23,28.37,96.15}{24,28.8,97.15}{25,29.22,98.15}{26,29.65,99.15}{27,30.07,100.15}{28,30.49,101.15}{29,30.92,102.15}{30,31.34,103.15}{31,31.76,104.15}{32,32.18,105.15}{33,32.61,106.15}{34,33.03,107.15}{35,33.45,108.15}{36,33.86,109.15}{37,34.28,110.15}{38,34.7,111.15}{39,35.12,112.15}{40,35.54,113.15}{41,35.96,114.15}{42,36.38,115.15}{43,36.8,116.15}{44,37.22,117.15}{45,37.63,118.15}{46,38.05,119.15}{47,38.47,120.15}{48,38.89,121.15}{49,39.31,122.15}{50,39.72,123.15}{51,40.14,124.15}{52,40.56,125.15}{53,40.97,126.15}{54,41.39,127.15}{55,41.8,128.15}{56,42.22,129.15}{57,42.64,130.15}{58,43.05,131.15}{59,43.46,132.15}{60,43.88,133.15}{61,44.29,134.15}{62,44.71,135.15}{63,45.12,136.15}{64,45.53,137.15}{65,45.95,138.15}{66,46.35,139.15}{67,46.76,140.15}{68,47.18,141.15}{69,47.59,142.15}{70,48,143.15}{71,48.41,144.15}{72,48.82,145.15}{73,49.23,146.15}{74,49.64,147.15}{75,50.06,148.15}{76,50.47,149.15}{77,50.88,150.15}{78,51.29,151.15}{79,51.7,152.15}{80,52.11,153.15}{81,52.52,154.15}{82,52.92,155.15}{83,53.33,156.15}{84,53.74,157.15}{85,54.15,158.15}{86,54.56,159.15}{87,54.97,160.15}{88,55.38,161.15}{89,55.78,162.15}{90,56.19,163.15}{91,56.6,164.15}{92,57,165.15}{93,57.41,166.15}{94,57.82,167.15}{95,58.22,168.15}{96,58.63,169.15}{97,59.04,170.15}{98,59.44,171.15}{99,59.85,172.15}{100,60.26,173.15}{101,60.67,174.15}{102,61.07,175.15}{103,61.48,176.15}{104,61.87,177.15}{105,62.29,178.15}{106,62.69,179.15}{107,63.1,180.15}{108,63.5,181.15}{109,63.91,182.15}{110,64.3,183.15}{111,64.7,184.15}{112,65.11,185.15}{113,65.51,186.15}{114,65.91,187.15}{115,66.31,188.15}{116,66.72,189.15}{117,67.12,190.15}{118,67.52,191.15}{119,67.92,192.15}{120,68.33,193.15}{121,68.73,194.15}{122,69.13,195.15}{123,69.53,196.15}{124,69.93,197.15}{125,70.33,198.15}{126,70.73,199.15}{127,71.13,200.15}{128,71.53,201.15}{129,71.93,202.15}{130,72.33,203.15}{131,72.73,204.15}{132,73.13,205.15}{133,73.53,206.15}{134,73.93,207.15}{135,74.33,208.15}{136,74.73,209.15}{137,75.13,210.15}{138,75.53,211.15}{139,75.93,212.15}{140,76.33,213.15}{141,76.73,214.15}{142,77.13,215.15}{143,77.52,216.15}{144,77.92,217.15}{145,78.32,218.15}{146,78.72,219.15}{147,79.11,220.15}{148,79.51,221.15}{149,79.91,222.15}{150,80.31,223.15}{151,80.7,224.15}{152,81.1,225.15}{153,81.5,226.15}{154,81.89,227.15}{155,82.29,228.15}{156,82.69,229.15}{157,83.08,230.15}{158,83.48,231.15}{159,83.88,232.15}{160,84.27,233.15}{161,84.67,234.15}{162,85.06,235.15}{163,85.46,236.15}{164,85.85,237.15}{165,86.25,238.15}{166,86.64,239.15}{167,87.04,240.15}{168,87.43,241.15}{169,87.83,242.15}{170,88.22,243.15}{171,88.62,244.15}{172,89.01,245.15}{173,89.4,246.15}{174,89.8,247.15}{175,90.19,248.15}{176,90.59,249.15}{177,90.98,250.15}{178,91.37,251.15}{179,91.77,252.15}{180,92.16,253.15}{181,92.55,254.15}{182,92.95,255.15}{183,93.34,256.15}{184,93.73,257.15}{185,94.12,258.15}{186,94.52,259.15}{187,94.91,260.15}{188,95.3,261.15}{189,95.69,262.15}{190,96.09,263.15}{191,96.48,264.15}{192,96.87,265.15}{193,97.26,266.15}{194,97.65,267.15}{195,98.04,268.15}{196,98.44,269.15}{197,98.83,270.15}{198,99.22,271.15}{199,99.61,272.15}{200,100,273.15}{201,100.39,274.15}{202,100.78,275.15}{203,101.17,276.15}{204,101.56,277.15}{205,101.95,278.15}{206,102.34,279.15}{207,102.73,280.15}{208,103.12,281.15}{209,103.51,282.15}{210,103.9,283.15}{211,104.29,284.15}{212,104.68,285.15}{213,105.07,286.15}{214,105.46,287.15}{215,105.85,288.15}{216,106.24,289.15}{217,106.63,290.15}{218,107.02,291.15}{219,107.4,292.15}{220,107.79,293.15}{221,108.18,294.15}{222,108.57,295.15}{223,108.96,296.15}{224,109.35,297.15}{225,109.73,298.15}{226,110.12,299.15}{227,110.51,300.15}{228,110.9,301.15}{229,111.28,302.15}{230,111.67,303.15}{231,112.06,304.15}{232,112.45,305.15}{233,112.83,306.15}{234,113.22,307.15}{235,113.61,308.15}{236,113.99,309.15}{237,114.38,310.15}{238,114.77,311.15}{239,115.15,312.15}{240,115.54,313.15}{241,115.93,314.15}{242,116.31,315.15}{243,116.7,316.15}{244,117.08,317.15}{245,117.47,318.15}{246,117.85,319.15}{247,118.24,320.15}{248,118.62,321.15}{249,119.01,322.15}{250,119.4,323.15}{251,119.78,324.15}{252,120.16,325.15}{253,120.55,326.15}{254,120.93,327.15}{255,121.32,328.15}{256,121.7,329.15}{257,122.09,330.15}{258,122.47,331.15}{259,122.86,332.15}{260,123.24,333.15}{261,123.62,334.15}{262,124.01,335.15}{263,124.39,336.15}{264,124.77,337.15}{265,125.17,338.15}{266,125.55,339.15}{267,125.93,340.15}{268,126.32,341.15}{269,126.7,342.15}{270,127.08,343.15}{271,127.46,344.15}{272,127.85,345.15}{273,128.23,346.15}{274,128.61,347.15}{275,128.99,348.15}{276,129.38,349.15}{277,129.76,350.15}{278,130.14,351.15}{279,130.52,352.15}{280,130.9,353.15}{281,131.28,354.15}{282,131.67,355.15}{283,132.05,356.15}{284,132.43,357.15}{285,132.81,358.15}{286,133.19,359.15}{287,133.57,360.15}{288,133.95,361.15}{289,134.33,362.15}{290,134.71,363.15}{291,135.09,364.15}{292,135.47,365.15}{293,135.85,366.15}{294,136.23,367.15}{295,136.61,368.15}{296,136.99,369.15}{297,137.37,370.15}{298,137.75,371.15}{299,138.13,372.15}{300,138.51,373.15}{301,138.89,374.15}{302,139.27,375.15}{303,139.65,376.15}{304,140.03,377.15}{305,140.39,378.15}{306,140.77,379.15}{307,141.15,380.15}{308,141.53,381.15}{309,141.91,382.15}{310,142.29,383.15}{311,142.66,384.15}{312,143.04,385.15}{313,143.42,386.15}{314,143.8,387.15}{315,144.18,388.15}{316,144.56,389.15}{317,144.94,390.15}{318,145.32,391.15}{319,145.69,392.15}{320,146.07,393.15}{321,146.45,394.15}{322,146.82,395.15}{323,147.2,396.15}{324,147.58,397.15}{325,147.95,398.15}{326,148.33,399.15}{327,148.71,400.15}{328,149.08,401.15}{329,149.46,402.15}{330,149.83,403.15}{331,150.21,404.15}{332,150.58,405.15}{333,150.96,406.15}{334,151.34,407.15}{335,151.71,408.15}{336,152.09,409.15}{337,152.46,410.15}{338,152.84,411.15}{339,153.21,412.15}{340,153.58,413.15}{341,153.95,414.15}{342,154.32,415.15}{343,154.71,416.15}{344,155.08,417.15}{345,155.46,418.15}{346,155.83,419.15}{347,156.21,420.15}{348,156.58,421.15}{349,156.96,422.15}{350,157.33,423.15}{351,157.71,424.15}{352,158.08,425.15}{353,158.45,426.15}{354,158.83,427.15}{355,159.2,428.15}{356,159.56,429.15}{357,159.94,430.15}{358,160.31,431.15}{359,160.68,432.15}{360,161.05,433.15}{361,161.43,434.15}{362,161.8,435.15}{363,162.17,436.15}{364,162.54,437.15}{365,162.91,438.15}{366,163.28,439.15}{367,163.66,440.15}{368,164.03,441.15}{369,164.4,442.15}{370,164.77,443.15}{371,165.14,444.15}{372,165.51,445.15}{373,165.88,446.15}{374,166.25,447.15}{375,166.62,448.15}{376,167,449.15}{377,167.37,450.15}{378,167.74,451.15}{379,168.11,452.15}{380,168.48,453.15}{381,168.85,454.15}{382,169.22,455.15}{383,169.59,456.15}{384,169.96,457.15}{385,170.33,458.15}{386,170.69,459.15}{387,171.06,460.15}{388,171.43,461.15}{389,171.8,462.15}{390,172.17,463.15}{391,172.54,464.15}{392,172.91,465.15}{393,173.27,466.15}{394,173.64,467.15}{395,174.01,468.15}{396,174.39,469.15}{397,174.75,470.15}{398,175.12,471.15}{399,175.49,472.15}{400,175.86,473.15}{401,176.23,474.15}{402,176.59,475.15}{403,176.96,476.15}{404,177.33,477.15}{405,177.7,478.15}{406,178.06,479.15}{407,178.43,480.15}{408,178.8,481.15}{409,179.16,482.15}{410,179.53,483.15}{411,179.9,484.15}{412,180.26,485.15}{413,180.63,486.15}{414,180.99,487.15}{415,181.36,488.15}{416,181.73,489.15}{417,182.09,490.15}{418,182.46,491.15}{419,182.82,492.15}{420,183.19,493.15}{421,183.55,494.15}{422,183.92,495.15}{423,184.28,496.15}{424,184.65,497.15}{425,185.01,498.15}{426,185.38,499.15}{427,185.74,500.15}{428,186.11,501.15}{429,186.47,502.15}{430,186.84,503.15}{431,187.2,504.15}{432,187.56,505.15}{433,187.93,506.15}{434,188.29,507.15}{435,188.65,508.15}{436,189.02,509.15}{437,189.38,510.15}{438,189.74,511.15}{439,190.11,512.15}{440,190.47,513.15}{441,190.83,514.15}{442,191.2,515.15}{443,191.56,516.15}{444,191.92,517.15}{445,192.28,518.15}{446,192.66,519.15}{447,193.02,520.15}{448,193.38,521.15}{449,193.74,522.15}{450,194.1,523.15}{451,194.47,524.15}{452,194.83,525.15}{453,195.19,526.15}{454,195.55,527.15}{455,195.9,528.15}{456,196.26,529.15}{457,196.62,530.15}{458,196.98,531.15}{459,197.35,532.15}{460,197.71,533.15}{461,198.07,534.15}{462,198.43,535.15}{463,198.79,536.15}{464,199.15,537.15}{465,199.51,538.15}{466,199.87,539.15}{467,200.23,540.15}{468,200.59,541.15}{469,200.95,542.15}{470,201.31,543.15}{471,201.67,544.15}{472,202.03,545.15}{473,202.38,546.15}{474,202.74,547.15}{475,203.1,548.15}{476,203.46,549.15}{477,203.82,550.15}{478,204.18,551.15}{479,204.54,552.15}{480,204.9,553.15}{481,205.25,554.15}{482,205.61,555.15}{483,205.97,556.15}{484,206.33,557.15}{485,206.7,558.15}{486,207.05,559.15}{487,207.41,560.15}{488,207.77,561.15}{489,208.13,562.15}{490,208.48,563.15}{491,208.84,564.15}{492,209.2,565.15}{493,209.55,566.15}{494,209.91,567.15}{495,210.27,568.15}{496,210.62,569.15}{497,210.98,570.15}{498,211.34,571.15}{499,211.69,572.15}{500,212.05,573.15}{501,212.4,574.15}{502,212.76,575.15}{503,213.12,576.15}{504,213.47,577.15}{505,213.83,578.15}{506,214.19,579.15}{507,214.55,580.15}{508,214.9,581.15}{509,215.26,582.15}{510,215.61,583.15}{511,215.97,584.15}{512,216.32,585.15}{513,216.68,586.15}{514,217.03,587.15}{515,217.39,588.15}{516,217.73,589.15}{517,218.08,590.15}{518,218.44,591.15}{519,218.79,592.15}{520,219.15,593.15}{521,219.5,594.15}{522,219.85,595.15}{523,220.21,596.15}{524,220.56,597.15}{525,220.91,598.15}{526,221.27,599.15}{527,221.62,600.15}{528,221.97,601.15}{529,222.32,602.15}{530,222.68,603.15}{531,223.03,604.15}{532,223.38,605.15}{533,223.73,606.15}{534,224.09,607.15}{535,224.45,608.15}{536,224.8,609.15}{537,225.15,610.15}{538,225.5,611.15}{539,225.85,612.15}{540,226.21,613.15}{541,226.56,614.15}{542,226.91,615.15}{543,227.26,616.15}{544,227.61,617.15}{545,227.96,618.15}{546,228.31,619.15}{547,228.66,620.15}{548,229.01,621.15}{549,229.36,622.15}{550,229.72,623.15}{551,230.07,624.15}{552,230.42,625.15}{553,230.77,626.15}{554,231.12,627.15}{555,231.47,628.15}{556,231.81,629.15}{557,232.16,630.15}{558,232.51,631.15}{559,232.86,632.15}{560,233.21,633.15}{561,233.56,634.15}{562,233.91,635.15}{563,234.26,636.15}{564,234.6,637.15}{565,234.95,638.15}{566,235.3,639.15}{567,235.65,640.15}{568,236,641.15}{569,236.35,642.15}{570,236.7,643.15}{571,237.05,644.15}{572,237.4,645.15}{573,237.75,646.15}{574,238.09,647.15}{575,238.44,648.15}{576,238.79,649.15}{577,239.14,650.15}{578,239.48,651.15}{579,239.83,652.15}{580,240.18,653.15}{581,240.52,654.15}{582,240.87,655.15}{583,241.22,656.15}{584,241.56,657.15}{585,241.91,658.15}{586,242.25,659.15}{587,242.6,660.15}{588,242.95,661.15}{589,243.29,662.15}{590,243.64,663.15}{591,243.98,664.15}{592,244.33,665.15}{593,244.67,666.15}{594,245.02,667.15}{595,245.36,668.15}{596,245.71,669.15}{597,246.05,670.15}{598,246.4,671.15}{599,246.74,672.15}{600,247.09,673.15}{601,247.43,674.15}{602,247.78,675.15}{603,248.12,676.15}{604,248.46,677.15}{605,248.81,678.15}{606,249.15,679.15}{607,249.5,680.15}{608,249.84,681.15}{609,250.18,682.15}{610,250.53,683.15}{611,250.89,684.15}{612,251.21,685.15}{613,251.55,686.15}{614,251.9,687.15}{615,252.24,688.15}{616,252.59,689.15}{617,252.94,690.15}{618,253.28,691.15}{619,253.62,692.15}{620,253.96,693.15}{621,254.3,694.15}{622,254.65,695.15}{623,254.99,696.15}{624,255.33,697.15}{625,255.67,698.15}{626,256.01,699.15}{627,256.35,700.15}{628,256.7,701.15}{629,257.04,702.15}{630,257.38,703.15}{631,257.72,704.15}{632,258.06,705.15}{633,258.4,706.15}{634,258.74,707.15}{635,259.08,708.15}{636,259.42,709.15}{637,259.76,710.15}{638,260.1,711.15}{639,260.44,712.15}{640,260.78,713.15}{641,261.12,714.15}{642,261.46,715.15}{643,261.8,716.15}{644,262.14,717.15}{645,262.48,718.15}{646,262.83,719.15}{647,263.17,720.15}{648,263.5,721.15}{649,263.84,722.15}{650,264.18,723.15}{651,264.52,724.15}{652,264.86,725.15}{653,265.2,726.15}{654,265.54,727.15}{655,265.87,728.15}{656,266.21,729.15}{657,266.55,730.15}{658,266.89,731.15}{659,267.22,732.15}{660,267.56,733.15}{661,267.9,734.15}{662,268.24,735.15}{663,268.57,736.15}{664,268.91,737.15}{665,269.25,738.15}{666,269.58,739.15}{667,269.92,740.15}{668,270.26,741.15}{669,270.59,742.15}{670,270.93,743.15}{671,271.27,744.15}{672,271.6,745.15}{673,271.94,746.15}{674,272.27,747.15}{675,272.61,748.15}{676,272.95,749.15}{677,273.28,750.15}{678,273.62,751.15}{679,273.95,752.15}{680,274.29,753.15}{681,274.62,754.15}{682,274.96,755.15}{683,275.29,756.15}{684,275.63,757.15}{685,275.96,758.15}{686,276.31,759.15}{687,276.64,760.15}{688,276.97,761.15}{689,277.31,762.15}{690,277.64,763.15}{691,277.98,764.15}{692,278.31,765.15}{693,278.64,766.15}{694,278.98,767.15}{695,279.31,768.15}{696,279.64,769.15}{697,279.98,770.15}{698,280.31,771.15}{699,280.64,772.15}{700,280.98,773.15}{701,281.31,774.15}{702,281.64,775.15}{703,281.97,776.15}{704,282.31,777.15}{705,282.64,778.15}{706,282.97,779.15}{707,283.3,780.15}{708,283.63,781.15}{709,283.97,782.15}{710,284.3,783.15}{711,284.63,784.15}{712,284.96,785.15}{713,285.29,786.15}{714,285.62,787.15}{715,285.95,788.15}{716,286.3,789.15}{717,286.63,790.15}{718,286.96,791.15}{719,287.29,792.15}{720,287.62,793.15}{721,287.95,794.15}{722,288.28,795.15}{723,288.61,796.15}{724,288.94,797.15}{725,289.27,798.15}{726,289.6,799.15}{727,289.93,800.15}{728,290.26,801.15}{729,290.59,802.15}{730,290.92,803.15}{731,291.25,804.15}{732,291.58,805.15}{733,291.9,806.15}{734,292.23,807.15}{735,292.56,808.15}{736,292.9,809.15}{737,293.23,810.15}{738,293.56,811.15}{739,293.89,812.15}{740,294.21,813.15}{741,294.54,814.15}{742,294.87,815.15}{743,295.2,816.15}{744,295.53,817.15}{745,295.85,818.15}{746,296.18,819.15}{747,296.51,820.15}{748,296.84,821.15}{749,297.16,822.15}{750,297.49,823.15}{751,297.82,824.15}{752,298.14,825.15}{753,298.47,826.15}{754,298.8,827.15}{755,299.12,828.15}{756,299.45,829.15}{757,299.78,830.15}{758,300.1,831.15}{759,300.43,832.15}{760,300.75,833.15}{761,301.08,834.15}{762,301.41,835.15}{763,301.73,836.15}{764,302.06,837.15}{765,302.38,838.15}{766,302.71,839.15}{767,303.03,840.15}{768,303.36,841.15}{769,303.68,842.15}{770,304.01,843.15}{771,304.33,844.15}{772,304.66,845.15}{773,304.98,846.15}{774,305.3,847.15}{775,305.63,848.15}{776,305.95,849.15}{777,306.28,850.15}{778,306.6,851.15}{779,306.92,852.15}{780,307.25,853.15}{781,307.57,854.15}{782,307.89,855.15}{783,308.22,856.15}{784,308.54,857.15}{785,308.86,858.15}{786,309.19,859.15}{787,309.51,860.15}{788,309.83,861.15}{789,310.15,862.15}{790,310.48,863.15}{791,310.8,864.15}{792,311.12,865.15}{793,311.45,866.15}{794,311.78,867.15}{795,312.1,868.15}{796,312.43,869.15}{797,312.75,870.15}{798,313.07,871.15}{799,313.39,872.15}{800,313.71,873.15}{801,314.04,874.15}{802,314.36,875.15}{803,314.68,876.15}{804,315,877.15}{805,315.32,878.15}{806,315.64,879.15}{807,315.96,880.15}{808,316.28,881.15}{809,316.6,882.15}{810,316.92,883.15}{811,317.24,884.15}{812,317.56,885.15}{813,317.88,886.15}{814,318.2,887.15}{815,318.52,888.15}{816,318.85,889.15}{817,319.17,890.15}{818,319.49,891.15}{819,319.81,892.15}{820,320.12,893.15}{821,320.44,894.15}{822,320.76,895.15}{823,321.08,896.15}{824,321.4,897.15}{825,321.72,898.15}{826,322.03,899.15}{827,322.34,900.15}{828,322.66,901.15}{829,322.98,902.15}{830,323.3,903.15}{831,323.61,904.15}{832,323.93,905.15}{833,324.25,906.15}{834,324.57,907.15}{835,324.88,908.15}{836,325.21,909.15}{837,325.53,910.15}{838,325.85,911.15}{839,326.16,912.15}{840,326.48,913.15}{841,326.79,914.15}{842,327.11,915.15}{843,327.43,916.15}{844,327.74,917.15}{845,328.06,918.15}{846,328.38,919.15}{847,328.69,920.15}{848,329.01,921.15}{849,329.32,922.15}{850,329.64,923.15}{851,329.95,924.15}{852,330.27,925.15}{853,330.58,926.15}{854,330.9,927.15}{855,331.21,928.15}{856,331.53,929.15}{857,331.84,930.15}{858,332.16,931.15}{859,332.47,932.15}{860,332.79,933.15}{861,333.1,934.15}{862,333.41,935.15}{863,333.73,936.15}{864,334.04,937.15}{865,334.36,938.15}{866,334.68,939.15}{867,334.99,940.15}{868,335.31,941.15}{869,335.62,942.15}{870,335.93,943.15}{871,336.25,944.15}{872,336.56,945.15}{873,336.87,946.15}{874,337.18,947.15}{875,337.5,948.15}{876,337.81,949.15}{877,338.12,950.15}{878,338.43,951.15}{879,338.75,952.15}{880,339.06,953.15}{881,339.37,954.15}{882,339.68,955.15}{883,339.99,956.15}{884,340.3,957.15}{885,340.62,958.15}{886,340.94,959.15}{887,341.25,960.15}{888,341.55,961.15}{889,341.87,962.15}{890,342.18,963.15}{891,342.49,964.15}{892,342.8,965.15}{893,343.11,966.15}{894,343.42,967.15}{895,343.73,968.15}{896,344.04,969.15}{897,344.35,970.15}{898,344.66,971.15}{899,344.97,972.15}{900,345.28,973.15}{901,345.59,974.15}{902,345.9,975.15}{903,346.21,976.15}{904,346.52,977.15}{905,346.83,978.15}{906,347.15,979.15}{907,347.46,980.15}{908,347.76,981.15}{909,348.07,982.15}{910,348.38,983.15}{911,348.69,984.15}{912,349,985.15}{913,349.31,986.15}{914,349.61,987.15}{915,349.92,988.15}{916,350.23,989.15}{917,350.54,990.15}{918,350.85,991.15}{919,351.15,992.15}{920,351.46,993.15}{921,351.77,994.15}{922,352.07,995.15}{923,352.38,996.15}{924,352.69,997.15}{925,352.99,998.15}{926,353.3,999.15}{927,353.61,1000.15}{928,353.91,1001.15}{929,354.22,1002.15}{930,354.53,1003.15}{931,354.83,1004.15}{932,355.14,1005.15}{933,355.44,1006.15}{934,355.75,1007.15}{935,356.06,1008.15}{936,356.37,1009.15}{937,356.68,1010.15}{938,356.98,1011.15}{939,357.29,1012.15}{940,357.59,1013.15}{941,357.9,1014.15}{942,358.2,1015.15}{943,358.51,1016.15}{944,358.81,1017.15}{945,359.12,1018.15}{946,359.42,1019.15}{947,359.72,1020.15}{948,360.03,1021.15}{949,360.33,1022.15}{950,360.64,1023.15}{951,360.94,1024.15}{952,361.24,1025.15}{953,361.55,1026.15}{954,361.85,1027.15}{955,362.15,1028.15}{956,362.46,1029.15}{957,362.76,1030.15}{958,363.06,1031.15}{959,363.36,1032.15}{960,363.67,1033.15}{961,363.97,1034.15}{962,364.27,1035.15}{963,364.57,1036.15}{964,364.88,1037.15}{965,365.18,1038.15}{966,365.49,1039.15}{967,365.79,1040.15}{968,366.09,1041.15}{969,366.4,1042.15}{970,366.7,1043.15}{971,367,1044.15}{972,367.3,1045.15}{973,367.6,1046.15}{974,367.9,1047.15}{975,368.2,1048.15}{976,368.5,1049.15}{977,368.81,1050.15}{978,369.11,1051.15}{979,369.41,1052.15}{980,369.71,1053.15}{981,370.01,1054.15}{982,370.31,1055.15}{983,370.61,1056.15}{984,370.91,1057.15}{985,371.21,1058.15}{986,371.52,1059.15}{987,371.82,1060.15}{988,372.12,1061.15}{989,372.41,1062.15}{990,372.71,1063.15}{991,373.01,1064.15}{992,373.31,1065.15}{993,373.61,1066.15}{994,373.91,1067.15}{995,374.21,1068.15}{996,374.51,1069.15}{997,374.8,1070.15}{998,375.1,1071.15}{999,375.4,1072.15}{1000,375.7,1073.15}{1001,376,1074.15}{1002,376.29,1075.15}{1003,376.59,1076.15}{1004,376.89,1077.15}{1005,377.19,1078.15}{1006,377.49,1079.15}{1007,377.79,1080.15}{1008,378.09,1081.15}{1009,378.39,1082.15}{1010,378.68,1083.15}{1011,378.98,1084.15}{1012,379.28,1085.15}{1013,379.57,1086.15}{1014,379.87,1087.15}{1015,380.17,1088.15}{1016,380.46,1089.15}{1017,380.76,1090.15}{1018,381.05,1091.15}{1019,381.35,1092.15}{1020,381.65,1093.15}{1021,381.94,1094.15}{1022,382.24,1095.15}{1023,382.53,1096.15}{1024,382.83,1097.15}{1025,383.12,1098.15}{1026,383.42,1099.15}{1027,383.71,1100.15}{1028,384.01,1101.15}{1029,384.3,1102.15}{1030,384.6,1103.15}{1031,384.89,1104.15}{1032,385.18,1105.15}{1033,385.48,1106.15}{1034,385.77,1107.15}{1035,386.07,1108.15}{1036,386.37,1109.15}{1037,386.66,1110.15}{1038,386.96,1111.15}{1039,387.25,1112.15}{1040,387.55,1113.15}{1041,387.84,1114.15}{1042,388.13,1115.15}{1043,388.42,1116.15}{1044,388.72,1117.15}{1045,389.01,1118.15}{1046,389.31,1119.15}{1047,389.61,1120.15}{1048,389.9,1121.15}{1049,390.19,1122.15}{1050,390.48,1123.15}&quot;"/>
                                                <instance name="dev01/Config/ch00007/Calibration_Sensor_Output_Units" order="0" value="K"/>
                                                <instance name="dev01/Config/ch00011/RTDWireScheme" order="0" value="4"/>
                                                <instance name="dev01/Config/ch00008/Calibration_Sensor_Output_Units" order="0" value="K"/>
                                                <instance name="dev01/Config/ch00007/Calibration_Sensor_Table_Type" order="2" value="1"/>
                                                <instance name="dev01/Config/ch00005/LeadRes" order="0" value="0"/>
                                                <instance name="dev01/Config/ch00007/Calibration_Sensor_Maximum_Range" order="0" value="1123.15"/>
                                                <instance name="dev01/Config/ch00008/Calibration_Sensor_Table_Type" order="2" value="1"/>
                                                <instance name="dev01/Config/ch00009/Calibration_Sensor_Table_Type" order="2" value="1"/>
                                                <instance name="dev01/Config/ch00005/RTDRange" order="0" value="0"/>
                                                <instance name="dev01/Config/ch00004/Calibration_Sensor_Input_Units" order="0" value="Ohm"/>
                                                <instance name="dev01/Config/ch00005/Calibration_Sensor_Curve" order="0" value="&quot;{0,18.52,73.15}{1,18.96,74.15}{2,19.39,75.15}{3,19.82,76.15}{4,20.25,77.15}{5,20.68,78.15}{6,21.11,79.15}{7,21.54,80.15}{8,21.97,81.15}{9,22.4,82.15}{10,22.83,83.15}{11,23.26,84.15}{12,23.69,85.15}{13,24.12,86.15}{14,24.55,87.15}{15,24.97,88.15}{16,25.39,89.15}{17,25.82,90.15}{18,26.25,91.15}{19,26.67,92.15}{20,27.1,93.15}{21,27.52,94.15}{22,27.95,95.15}{23,28.37,96.15}{24,28.8,97.15}{25,29.22,98.15}{26,29.65,99.15}{27,30.07,100.15}{28,30.49,101.15}{29,30.92,102.15}{30,31.34,103.15}{31,31.76,104.15}{32,32.18,105.15}{33,32.61,106.15}{34,33.03,107.15}{35,33.45,108.15}{36,33.86,109.15}{37,34.28,110.15}{38,34.7,111.15}{39,35.12,112.15}{40,35.54,113.15}{41,35.96,114.15}{42,36.38,115.15}{43,36.8,116.15}{44,37.22,117.15}{45,37.63,118.15}{46,38.05,119.15}{47,38.47,120.15}{48,38.89,121.15}{49,39.31,122.15}{50,39.72,123.15}{51,40.14,124.15}{52,40.56,125.15}{53,40.97,126.15}{54,41.39,127.15}{55,41.8,128.15}{56,42.22,129.15}{57,42.64,130.15}{58,43.05,131.15}{59,43.46,132.15}{60,43.88,133.15}{61,44.29,134.15}{62,44.71,135.15}{63,45.12,136.15}{64,45.53,137.15}{65,45.95,138.15}{66,46.35,139.15}{67,46.76,140.15}{68,47.18,141.15}{69,47.59,142.15}{70,48,143.15}{71,48.41,144.15}{72,48.82,145.15}{73,49.23,146.15}{74,49.64,147.15}{75,50.06,148.15}{76,50.47,149.15}{77,50.88,150.15}{78,51.29,151.15}{79,51.7,152.15}{80,52.11,153.15}{81,52.52,154.15}{82,52.92,155.15}{83,53.33,156.15}{84,53.74,157.15}{85,54.15,158.15}{86,54.56,159.15}{87,54.97,160.15}{88,55.38,161.15}{89,55.78,162.15}{90,56.19,163.15}{91,56.6,164.15}{92,57,165.15}{93,57.41,166.15}{94,57.82,167.15}{95,58.22,168.15}{96,58.63,169.15}{97,59.04,170.15}{98,59.44,171.15}{99,59.85,172.15}{100,60.26,173.15}{101,60.67,174.15}{102,61.07,175.15}{103,61.48,176.15}{104,61.87,177.15}{105,62.29,178.15}{106,62.69,179.15}{107,63.1,180.15}{108,63.5,181.15}{109,63.91,182.15}{110,64.3,183.15}{111,64.7,184.15}{112,65.11,185.15}{113,65.51,186.15}{114,65.91,187.15}{115,66.31,188.15}{116,66.72,189.15}{117,67.12,190.15}{118,67.52,191.15}{119,67.92,192.15}{120,68.33,193.15}{121,68.73,194.15}{122,69.13,195.15}{123,69.53,196.15}{124,69.93,197.15}{125,70.33,198.15}{126,70.73,199.15}{127,71.13,200.15}{128,71.53,201.15}{129,71.93,202.15}{130,72.33,203.15}{131,72.73,204.15}{132,73.13,205.15}{133,73.53,206.15}{134,73.93,207.15}{135,74.33,208.15}{136,74.73,209.15}{137,75.13,210.15}{138,75.53,211.15}{139,75.93,212.15}{140,76.33,213.15}{141,76.73,214.15}{142,77.13,215.15}{143,77.52,216.15}{144,77.92,217.15}{145,78.32,218.15}{146,78.72,219.15}{147,79.11,220.15}{148,79.51,221.15}{149,79.91,222.15}{150,80.31,223.15}{151,80.7,224.15}{152,81.1,225.15}{153,81.5,226.15}{154,81.89,227.15}{155,82.29,228.15}{156,82.69,229.15}{157,83.08,230.15}{158,83.48,231.15}{159,83.88,232.15}{160,84.27,233.15}{161,84.67,234.15}{162,85.06,235.15}{163,85.46,236.15}{164,85.85,237.15}{165,86.25,238.15}{166,86.64,239.15}{167,87.04,240.15}{168,87.43,241.15}{169,87.83,242.15}{170,88.22,243.15}{171,88.62,244.15}{172,89.01,245.15}{173,89.4,246.15}{174,89.8,247.15}{175,90.19,248.15}{176,90.59,249.15}{177,90.98,250.15}{178,91.37,251.15}{179,91.77,252.15}{180,92.16,253.15}{181,92.55,254.15}{182,92.95,255.15}{183,93.34,256.15}{184,93.73,257.15}{185,94.12,258.15}{186,94.52,259.15}{187,94.91,260.15}{188,95.3,261.15}{189,95.69,262.15}{190,96.09,263.15}{191,96.48,264.15}{192,96.87,265.15}{193,97.26,266.15}{194,97.65,267.15}{195,98.04,268.15}{196,98.44,269.15}{197,98.83,270.15}{198,99.22,271.15}{199,99.61,272.15}{200,100,273.15}{201,100.39,274.15}{202,100.78,275.15}{203,101.17,276.15}{204,101.56,277.15}{205,101.95,278.15}{206,102.34,279.15}{207,102.73,280.15}{208,103.12,281.15}{209,103.51,282.15}{210,103.9,283.15}{211,104.29,284.15}{212,104.68,285.15}{213,105.07,286.15}{214,105.46,287.15}{215,105.85,288.15}{216,106.24,289.15}{217,106.63,290.15}{218,107.02,291.15}{219,107.4,292.15}{220,107.79,293.15}{221,108.18,294.15}{222,108.57,295.15}{223,108.96,296.15}{224,109.35,297.15}{225,109.73,298.15}{226,110.12,299.15}{227,110.51,300.15}{228,110.9,301.15}{229,111.28,302.15}{230,111.67,303.15}{231,112.06,304.15}{232,112.45,305.15}{233,112.83,306.15}{234,113.22,307.15}{235,113.61,308.15}{236,113.99,309.15}{237,114.38,310.15}{238,114.77,311.15}{239,115.15,312.15}{240,115.54,313.15}{241,115.93,314.15}{242,116.31,315.15}{243,116.7,316.15}{244,117.08,317.15}{245,117.47,318.15}{246,117.85,319.15}{247,118.24,320.15}{248,118.62,321.15}{249,119.01,322.15}{250,119.4,323.15}{251,119.78,324.15}{252,120.16,325.15}{253,120.55,326.15}{254,120.93,327.15}{255,121.32,328.15}{256,121.7,329.15}{257,122.09,330.15}{258,122.47,331.15}{259,122.86,332.15}{260,123.24,333.15}{261,123.62,334.15}{262,124.01,335.15}{263,124.39,336.15}{264,124.77,337.15}{265,125.17,338.15}{266,125.55,339.15}{267,125.93,340.15}{268,126.32,341.15}{269,126.7,342.15}{270,127.08,343.15}{271,127.46,344.15}{272,127.85,345.15}{273,128.23,346.15}{274,128.61,347.15}{275,128.99,348.15}{276,129.38,349.15}{277,129.76,350.15}{278,130.14,351.15}{279,130.52,352.15}{280,130.9,353.15}{281,131.28,354.15}{282,131.67,355.15}{283,132.05,356.15}{284,132.43,357.15}{285,132.81,358.15}{286,133.19,359.15}{287,133.57,360.15}{288,133.95,361.15}{289,134.33,362.15}{290,134.71,363.15}{291,135.09,364.15}{292,135.47,365.15}{293,135.85,366.15}{294,136.23,367.15}{295,136.61,368.15}{296,136.99,369.15}{297,137.37,370.15}{298,137.75,371.15}{299,138.13,372.15}{300,138.51,373.15}{301,138.89,374.15}{302,139.27,375.15}{303,139.65,376.15}{304,140.03,377.15}{305,140.39,378.15}{306,140.77,379.15}{307,141.15,380.15}{308,141.53,381.15}{309,141.91,382.15}{310,142.29,383.15}{311,142.66,384.15}{312,143.04,385.15}{313,143.42,386.15}{314,143.8,387.15}{315,144.18,388.15}{316,144.56,389.15}{317,144.94,390.15}{318,145.32,391.15}{319,145.69,392.15}{320,146.07,393.15}{321,146.45,394.15}{322,146.82,395.15}{323,147.2,396.15}{324,147.58,397.15}{325,147.95,398.15}{326,148.33,399.15}{327,148.71,400.15}{328,149.08,401.15}{329,149.46,402.15}{330,149.83,403.15}{331,150.21,404.15}{332,150.58,405.15}{333,150.96,406.15}{334,151.34,407.15}{335,151.71,408.15}{336,152.09,409.15}{337,152.46,410.15}{338,152.84,411.15}{339,153.21,412.15}{340,153.58,413.15}{341,153.95,414.15}{342,154.32,415.15}{343,154.71,416.15}{344,155.08,417.15}{345,155.46,418.15}{346,155.83,419.15}{347,156.21,420.15}{348,156.58,421.15}{349,156.96,422.15}{350,157.33,423.15}{351,157.71,424.15}{352,158.08,425.15}{353,158.45,426.15}{354,158.83,427.15}{355,159.2,428.15}{356,159.56,429.15}{357,159.94,430.15}{358,160.31,431.15}{359,160.68,432.15}{360,161.05,433.15}{361,161.43,434.15}{362,161.8,435.15}{363,162.17,436.15}{364,162.54,437.15}{365,162.91,438.15}{366,163.28,439.15}{367,163.66,440.15}{368,164.03,441.15}{369,164.4,442.15}{370,164.77,443.15}{371,165.14,444.15}{372,165.51,445.15}{373,165.88,446.15}{374,166.25,447.15}{375,166.62,448.15}{376,167,449.15}{377,167.37,450.15}{378,167.74,451.15}{379,168.11,452.15}{380,168.48,453.15}{381,168.85,454.15}{382,169.22,455.15}{383,169.59,456.15}{384,169.96,457.15}{385,170.33,458.15}{386,170.69,459.15}{387,171.06,460.15}{388,171.43,461.15}{389,171.8,462.15}{390,172.17,463.15}{391,172.54,464.15}{392,172.91,465.15}{393,173.27,466.15}{394,173.64,467.15}{395,174.01,468.15}{396,174.39,469.15}{397,174.75,470.15}{398,175.12,471.15}{399,175.49,472.15}{400,175.86,473.15}{401,176.23,474.15}{402,176.59,475.15}{403,176.96,476.15}{404,177.33,477.15}{405,177.7,478.15}{406,178.06,479.15}{407,178.43,480.15}{408,178.8,481.15}{409,179.16,482.15}{410,179.53,483.15}{411,179.9,484.15}{412,180.26,485.15}{413,180.63,486.15}{414,180.99,487.15}{415,181.36,488.15}{416,181.73,489.15}{417,182.09,490.15}{418,182.46,491.15}{419,182.82,492.15}{420,183.19,493.15}{421,183.55,494.15}{422,183.92,495.15}{423,184.28,496.15}{424,184.65,497.15}{425,185.01,498.15}{426,185.38,499.15}{427,185.74,500.15}{428,186.11,501.15}{429,186.47,502.15}{430,186.84,503.15}{431,187.2,504.15}{432,187.56,505.15}{433,187.93,506.15}{434,188.29,507.15}{435,188.65,508.15}{436,189.02,509.15}{437,189.38,510.15}{438,189.74,511.15}{439,190.11,512.15}{440,190.47,513.15}{441,190.83,514.15}{442,191.2,515.15}{443,191.56,516.15}{444,191.92,517.15}{445,192.28,518.15}{446,192.66,519.15}{447,193.02,520.15}{448,193.38,521.15}{449,193.74,522.15}{450,194.1,523.15}{451,194.47,524.15}{452,194.83,525.15}{453,195.19,526.15}{454,195.55,527.15}{455,195.9,528.15}{456,196.26,529.15}{457,196.62,530.15}{458,196.98,531.15}{459,197.35,532.15}{460,197.71,533.15}{461,198.07,534.15}{462,198.43,535.15}{463,198.79,536.15}{464,199.15,537.15}{465,199.51,538.15}{466,199.87,539.15}{467,200.23,540.15}{468,200.59,541.15}{469,200.95,542.15}{470,201.31,543.15}{471,201.67,544.15}{472,202.03,545.15}{473,202.38,546.15}{474,202.74,547.15}{475,203.1,548.15}{476,203.46,549.15}{477,203.82,550.15}{478,204.18,551.15}{479,204.54,552.15}{480,204.9,553.15}{481,205.25,554.15}{482,205.61,555.15}{483,205.97,556.15}{484,206.33,557.15}{485,206.7,558.15}{486,207.05,559.15}{487,207.41,560.15}{488,207.77,561.15}{489,208.13,562.15}{490,208.48,563.15}{491,208.84,564.15}{492,209.2,565.15}{493,209.55,566.15}{494,209.91,567.15}{495,210.27,568.15}{496,210.62,569.15}{497,210.98,570.15}{498,211.34,571.15}{499,211.69,572.15}{500,212.05,573.15}{501,212.4,574.15}{502,212.76,575.15}{503,213.12,576.15}{504,213.47,577.15}{505,213.83,578.15}{506,214.19,579.15}{507,214.55,580.15}{508,214.9,581.15}{509,215.26,582.15}{510,215.61,583.15}{511,215.97,584.15}{512,216.32,585.15}{513,216.68,586.15}{514,217.03,587.15}{515,217.39,588.15}{516,217.73,589.15}{517,218.08,590.15}{518,218.44,591.15}{519,218.79,592.15}{520,219.15,593.15}{521,219.5,594.15}{522,219.85,595.15}{523,220.21,596.15}{524,220.56,597.15}{525,220.91,598.15}{526,221.27,599.15}{527,221.62,600.15}{528,221.97,601.15}{529,222.32,602.15}{530,222.68,603.15}{531,223.03,604.15}{532,223.38,605.15}{533,223.73,606.15}{534,224.09,607.15}{535,224.45,608.15}{536,224.8,609.15}{537,225.15,610.15}{538,225.5,611.15}{539,225.85,612.15}{540,226.21,613.15}{541,226.56,614.15}{542,226.91,615.15}{543,227.26,616.15}{544,227.61,617.15}{545,227.96,618.15}{546,228.31,619.15}{547,228.66,620.15}{548,229.01,621.15}{549,229.36,622.15}{550,229.72,623.15}{551,230.07,624.15}{552,230.42,625.15}{553,230.77,626.15}{554,231.12,627.15}{555,231.47,628.15}{556,231.81,629.15}{557,232.16,630.15}{558,232.51,631.15}{559,232.86,632.15}{560,233.21,633.15}{561,233.56,634.15}{562,233.91,635.15}{563,234.26,636.15}{564,234.6,637.15}{565,234.95,638.15}{566,235.3,639.15}{567,235.65,640.15}{568,236,641.15}{569,236.35,642.15}{570,236.7,643.15}{571,237.05,644.15}{572,237.4,645.15}{573,237.75,646.15}{574,238.09,647.15}{575,238.44,648.15}{576,238.79,649.15}{577,239.14,650.15}{578,239.48,651.15}{579,239.83,652.15}{580,240.18,653.15}{581,240.52,654.15}{582,240.87,655.15}{583,241.22,656.15}{584,241.56,657.15}{585,241.91,658.15}{586,242.25,659.15}{587,242.6,660.15}{588,242.95,661.15}{589,243.29,662.15}{590,243.64,663.15}{591,243.98,664.15}{592,244.33,665.15}{593,244.67,666.15}{594,245.02,667.15}{595,245.36,668.15}{596,245.71,669.15}{597,246.05,670.15}{598,246.4,671.15}{599,246.74,672.15}{600,247.09,673.15}{601,247.43,674.15}{602,247.78,675.15}{603,248.12,676.15}{604,248.46,677.15}{605,248.81,678.15}{606,249.15,679.15}{607,249.5,680.15}{608,249.84,681.15}{609,250.18,682.15}{610,250.53,683.15}{611,250.89,684.15}{612,251.21,685.15}{613,251.55,686.15}{614,251.9,687.15}{615,252.24,688.15}{616,252.59,689.15}{617,252.94,690.15}{618,253.28,691.15}{619,253.62,692.15}{620,253.96,693.15}{621,254.3,694.15}{622,254.65,695.15}{623,254.99,696.15}{624,255.33,697.15}{625,255.67,698.15}{626,256.01,699.15}{627,256.35,700.15}{628,256.7,701.15}{629,257.04,702.15}{630,257.38,703.15}{631,257.72,704.15}{632,258.06,705.15}{633,258.4,706.15}{634,258.74,707.15}{635,259.08,708.15}{636,259.42,709.15}{637,259.76,710.15}{638,260.1,711.15}{639,260.44,712.15}{640,260.78,713.15}{641,261.12,714.15}{642,261.46,715.15}{643,261.8,716.15}{644,262.14,717.15}{645,262.48,718.15}{646,262.83,719.15}{647,263.17,720.15}{648,263.5,721.15}{649,263.84,722.15}{650,264.18,723.15}{651,264.52,724.15}{652,264.86,725.15}{653,265.2,726.15}{654,265.54,727.15}{655,265.87,728.15}{656,266.21,729.15}{657,266.55,730.15}{658,266.89,731.15}{659,267.22,732.15}{660,267.56,733.15}{661,267.9,734.15}{662,268.24,735.15}{663,268.57,736.15}{664,268.91,737.15}{665,269.25,738.15}{666,269.58,739.15}{667,269.92,740.15}{668,270.26,741.15}{669,270.59,742.15}{670,270.93,743.15}{671,271.27,744.15}{672,271.6,745.15}{673,271.94,746.15}{674,272.27,747.15}{675,272.61,748.15}{676,272.95,749.15}{677,273.28,750.15}{678,273.62,751.15}{679,273.95,752.15}{680,274.29,753.15}{681,274.62,754.15}{682,274.96,755.15}{683,275.29,756.15}{684,275.63,757.15}{685,275.96,758.15}{686,276.31,759.15}{687,276.64,760.15}{688,276.97,761.15}{689,277.31,762.15}{690,277.64,763.15}{691,277.98,764.15}{692,278.31,765.15}{693,278.64,766.15}{694,278.98,767.15}{695,279.31,768.15}{696,279.64,769.15}{697,279.98,770.15}{698,280.31,771.15}{699,280.64,772.15}{700,280.98,773.15}{701,281.31,774.15}{702,281.64,775.15}{703,281.97,776.15}{704,282.31,777.15}{705,282.64,778.15}{706,282.97,779.15}{707,283.3,780.15}{708,283.63,781.15}{709,283.97,782.15}{710,284.3,783.15}{711,284.63,784.15}{712,284.96,785.15}{713,285.29,786.15}{714,285.62,787.15}{715,285.95,788.15}{716,286.3,789.15}{717,286.63,790.15}{718,286.96,791.15}{719,287.29,792.15}{720,287.62,793.15}{721,287.95,794.15}{722,288.28,795.15}{723,288.61,796.15}{724,288.94,797.15}{725,289.27,798.15}{726,289.6,799.15}{727,289.93,800.15}{728,290.26,801.15}{729,290.59,802.15}{730,290.92,803.15}{731,291.25,804.15}{732,291.58,805.15}{733,291.9,806.15}{734,292.23,807.15}{735,292.56,808.15}{736,292.9,809.15}{737,293.23,810.15}{738,293.56,811.15}{739,293.89,812.15}{740,294.21,813.15}{741,294.54,814.15}{742,294.87,815.15}{743,295.2,816.15}{744,295.53,817.15}{745,295.85,818.15}{746,296.18,819.15}{747,296.51,820.15}{748,296.84,821.15}{749,297.16,822.15}{750,297.49,823.15}{751,297.82,824.15}{752,298.14,825.15}{753,298.47,826.15}{754,298.8,827.15}{755,299.12,828.15}{756,299.45,829.15}{757,299.78,830.15}{758,300.1,831.15}{759,300.43,832.15}{760,300.75,833.15}{761,301.08,834.15}{762,301.41,835.15}{763,301.73,836.15}{764,302.06,837.15}{765,302.38,838.15}{766,302.71,839.15}{767,303.03,840.15}{768,303.36,841.15}{769,303.68,842.15}{770,304.01,843.15}{771,304.33,844.15}{772,304.66,845.15}{773,304.98,846.15}{774,305.3,847.15}{775,305.63,848.15}{776,305.95,849.15}{777,306.28,850.15}{778,306.6,851.15}{779,306.92,852.15}{780,307.25,853.15}{781,307.57,854.15}{782,307.89,855.15}{783,308.22,856.15}{784,308.54,857.15}{785,308.86,858.15}{786,309.19,859.15}{787,309.51,860.15}{788,309.83,861.15}{789,310.15,862.15}{790,310.48,863.15}{791,310.8,864.15}{792,311.12,865.15}{793,311.45,866.15}{794,311.78,867.15}{795,312.1,868.15}{796,312.43,869.15}{797,312.75,870.15}{798,313.07,871.15}{799,313.39,872.15}{800,313.71,873.15}{801,314.04,874.15}{802,314.36,875.15}{803,314.68,876.15}{804,315,877.15}{805,315.32,878.15}{806,315.64,879.15}{807,315.96,880.15}{808,316.28,881.15}{809,316.6,882.15}{810,316.92,883.15}{811,317.24,884.15}{812,317.56,885.15}{813,317.88,886.15}{814,318.2,887.15}{815,318.52,888.15}{816,318.85,889.15}{817,319.17,890.15}{818,319.49,891.15}{819,319.81,892.15}{820,320.12,893.15}{821,320.44,894.15}{822,320.76,895.15}{823,321.08,896.15}{824,321.4,897.15}{825,321.72,898.15}{826,322.03,899.15}{827,322.34,900.15}{828,322.66,901.15}{829,322.98,902.15}{830,323.3,903.15}{831,323.61,904.15}{832,323.93,905.15}{833,324.25,906.15}{834,324.57,907.15}{835,324.88,908.15}{836,325.21,909.15}{837,325.53,910.15}{838,325.85,911.15}{839,326.16,912.15}{840,326.48,913.15}{841,326.79,914.15}{842,327.11,915.15}{843,327.43,916.15}{844,327.74,917.15}{845,328.06,918.15}{846,328.38,919.15}{847,328.69,920.15}{848,329.01,921.15}{849,329.32,922.15}{850,329.64,923.15}{851,329.95,924.15}{852,330.27,925.15}{853,330.58,926.15}{854,330.9,927.15}{855,331.21,928.15}{856,331.53,929.15}{857,331.84,930.15}{858,332.16,931.15}{859,332.47,932.15}{860,332.79,933.15}{861,333.1,934.15}{862,333.41,935.15}{863,333.73,936.15}{864,334.04,937.15}{865,334.36,938.15}{866,334.68,939.15}{867,334.99,940.15}{868,335.31,941.15}{869,335.62,942.15}{870,335.93,943.15}{871,336.25,944.15}{872,336.56,945.15}{873,336.87,946.15}{874,337.18,947.15}{875,337.5,948.15}{876,337.81,949.15}{877,338.12,950.15}{878,338.43,951.15}{879,338.75,952.15}{880,339.06,953.15}{881,339.37,954.15}{882,339.68,955.15}{883,339.99,956.15}{884,340.3,957.15}{885,340.62,958.15}{886,340.94,959.15}{887,341.25,960.15}{888,341.55,961.15}{889,341.87,962.15}{890,342.18,963.15}{891,342.49,964.15}{892,342.8,965.15}{893,343.11,966.15}{894,343.42,967.15}{895,343.73,968.15}{896,344.04,969.15}{897,344.35,970.15}{898,344.66,971.15}{899,344.97,972.15}{900,345.28,973.15}{901,345.59,974.15}{902,345.9,975.15}{903,346.21,976.15}{904,346.52,977.15}{905,346.83,978.15}{906,347.15,979.15}{907,347.46,980.15}{908,347.76,981.15}{909,348.07,982.15}{910,348.38,983.15}{911,348.69,984.15}{912,349,985.15}{913,349.31,986.15}{914,349.61,987.15}{915,349.92,988.15}{916,350.23,989.15}{917,350.54,990.15}{918,350.85,991.15}{919,351.15,992.15}{920,351.46,993.15}{921,351.77,994.15}{922,352.07,995.15}{923,352.38,996.15}{924,352.69,997.15}{925,352.99,998.15}{926,353.3,999.15}{927,353.61,1000.15}{928,353.91,1001.15}{929,354.22,1002.15}{930,354.53,1003.15}{931,354.83,1004.15}{932,355.14,1005.15}{933,355.44,1006.15}{934,355.75,1007.15}{935,356.06,1008.15}{936,356.37,1009.15}{937,356.68,1010.15}{938,356.98,1011.15}{939,357.29,1012.15}{940,357.59,1013.15}{941,357.9,1014.15}{942,358.2,1015.15}{943,358.51,1016.15}{944,358.81,1017.15}{945,359.12,1018.15}{946,359.42,1019.15}{947,359.72,1020.15}{948,360.03,1021.15}{949,360.33,1022.15}{950,360.64,1023.15}{951,360.94,1024.15}{952,361.24,1025.15}{953,361.55,1026.15}{954,361.85,1027.15}{955,362.15,1028.15}{956,362.46,1029.15}{957,362.76,1030.15}{958,363.06,1031.15}{959,363.36,1032.15}{960,363.67,1033.15}{961,363.97,1034.15}{962,364.27,1035.15}{963,364.57,1036.15}{964,364.88,1037.15}{965,365.18,1038.15}{966,365.49,1039.15}{967,365.79,1040.15}{968,366.09,1041.15}{969,366.4,1042.15}{970,366.7,1043.15}{971,367,1044.15}{972,367.3,1045.15}{973,367.6,1046.15}{974,367.9,1047.15}{975,368.2,1048.15}{976,368.5,1049.15}{977,368.81,1050.15}{978,369.11,1051.15}{979,369.41,1052.15}{980,369.71,1053.15}{981,370.01,1054.15}{982,370.31,1055.15}{983,370.61,1056.15}{984,370.91,1057.15}{985,371.21,1058.15}{986,371.52,1059.15}{987,371.82,1060.15}{988,372.12,1061.15}{989,372.41,1062.15}{990,372.71,1063.15}{991,373.01,1064.15}{992,373.31,1065.15}{993,373.61,1066.15}{994,373.91,1067.15}{995,374.21,1068.15}{996,374.51,1069.15}{997,374.8,1070.15}{998,375.1,1071.15}{999,375.4,1072.15}{1000,375.7,1073.15}{1001,376,1074.15}{1002,376.29,1075.15}{1003,376.59,1076.15}{1004,376.89,1077.15}{1005,377.19,1078.15}{1006,377.49,1079.15}{1007,377.79,1080.15}{1008,378.09,1081.15}{1009,378.39,1082.15}{1010,378.68,1083.15}{1011,378.98,1084.15}{1012,379.28,1085.15}{1013,379.57,1086.15}{1014,379.87,1087.15}{1015,380.17,1088.15}{1016,380.46,1089.15}{1017,380.76,1090.15}{1018,381.05,1091.15}{1019,381.35,1092.15}{1020,381.65,1093.15}{1021,381.94,1094.15}{1022,382.24,1095.15}{1023,382.53,1096.15}{1024,382.83,1097.15}{1025,383.12,1098.15}{1026,383.42,1099.15}{1027,383.71,1100.15}{1028,384.01,1101.15}{1029,384.3,1102.15}{1030,384.6,1103.15}{1031,384.89,1104.15}{1032,385.18,1105.15}{1033,385.48,1106.15}{1034,385.77,1107.15}{1035,386.07,1108.15}{1036,386.37,1109.15}{1037,386.66,1110.15}{1038,386.96,1111.15}{1039,387.25,1112.15}{1040,387.55,1113.15}{1041,387.84,1114.15}{1042,388.13,1115.15}{1043,388.42,1116.15}{1044,388.72,1117.15}{1045,389.01,1118.15}{1046,389.31,1119.15}{1047,389.61,1120.15}{1048,389.9,1121.15}{1049,390.19,1122.15}{1050,390.48,1123.15}&quot;"/>
                                                <instance name="dev01/Config/ch00009/Calibration_Sensor_Name" order="0" value="CalSensor9"/>
                                                <instance name="dev01/Config/ch00010/Calibration_Sensor_Table_Type" order="2" value="1"/>
                                                <instance name="dev01/Config/ch00011/Calibration_Sensor_Table_Type" order="2" value="1"/>
                                                <instance name="dev01/Config/ch00012/Calibration_Sensor_Table_Type" order="2" value="1"/>
                                                <instance name="dev01/Config/ch00012/RTDWireScheme" order="0" value="4"/>
                                                <instance name="dev01/Config/ch00007/RTDRange" order="0" value="0"/>
                                                <instance name="dev01/Config/ch00007/Calibration_Sensor_Input_Units" order="0" value="Ohm"/>
                                                <instance name="dev01/Config/ch00007/enable" order="1" value="1"/>
                                                <instance name="dev01/Config/ch00011/enable" order="1" value="1"/>
                                                <instance name="dev01/Config/ch00008/enable" order="1" value="1"/>
                                                <instance name="dev01/Config/ch00002/Calibration_Sensor_Table_Type" order="2" value="1"/>
                                                <instance name="dev01/Config/ch00012/RTDRange" order="0" value="0"/>
                                                <instance name="dev01/Config/ch00010/RTDWireScheme" order="0" value="4"/>
                                                <instance name="dev01/Config/ch00008/Calibration_Sensor_Maximum_Range" order="0" value="1123.15"/>
                                                <instance name="dev01/Config/ch00005/Calibration_Sensor_Input_Units" order="0" value="Ohm"/>
                                                <instance name="dev01/Config/ch00009/Calibration_Sensor_Output_Units" order="0" value="K"/>
                                                <instance name="dev01/Config/ch00009/enable" order="1" value="1"/>
                                                <instance name="dev01/Config/ch00010/enable" order="1" value="1"/>
                                                <instance name="dev01/Config/ch00012/enable" order="1" value="1"/>
                                                <instance name="dev01/Config/ch00009/RTDRange" order="0" value="0"/>
                                                <instance name="dev01/Config/ch00001/rate" order="0" value="10"/>
                                            </attributes>
                                        </instance>
                                        <instance name="00220001" backbone-config-data="10,239.255.0.10,239.255.0.1,5" logicalid="UE220001" node-config-data="1.0,1.0,map,1.0,rtehost:6603/channelmap 1.0,1.0,attrv,1.0,rtehost:6603/UE220001">
                                            <attributes>
                                                <instance name="dev01/Config/ch00001/enable" order="1" value="1"/>
                                                <instance name="dev01/Config/ch00001/RTDRange" order="0" value="0"/>
                                                <instance name="dev01/Config/ch00002/RTDRange" order="0" value="0"/>
                                                <instance name="dev01/Config/ch00001/rate" order="0" value="10"/>
                                                <instance name="dev01/Config/ch00001/RTDWireScheme" order="0" value="4"/>
                                                <instance name="dev01/Config/ch00001/LeadRes" order="0" value="0"/>
                                                <instance name="dev01/Config/ch00003/enable" order="1" value="1"/>
                                                <instance name="dev01/Config/ch00006/enable" order="1" value="1"/>
                                                <instance name="dev01/Config/ch00002/RTDWireScheme" order="0" value="4"/>
                                                <instance name="dev01/Config/ch00001/Calibration_Sensor_Curve" order="0" value="&quot;{0,60.254,173.15}{1,64.299,183.15}{2,68.325,193.15}{3,72.335,203.15}{4,76.328,213.15}{5,80.307,223.15}{6,84.271,233.15}{7,88.222,243.15}{8,92.16,253.15}{9,96.086,263.15}{10,96.478,264.15}{11,96.87,265.15}{12,97.262,266.15}{13,97.653,267.15}{14,98.045,268.15}{15,98.436,269.15}{16,98.827,270.15}{17,99.218,271.15}{18,99.609,272.15}{19,100,273.15}{20,100.391,274.15}{21,100.781,275.15}{22,101.172,276.15}{23,101.562,277.15}{24,101.953,278.15}{25,102.343,279.15}{26,102.733,280.15}{27,103.123,281.15}{28,103.513,282.15}{29,103.902,283.15}{30,104.292,284.15}{31,104.681,285.15}{32,105.071,286.15}{33,105.46,287.15}{34,105.849,288.15}{35,106.238,289.15}{36,106.627,290.15}{37,107.016,291.15}{38,107.404,292.15}{39,107.793,293.15}{40,108.181,294.15}{41,108.57,295.15}{42,108.958,296.15}{43,109.346,297.15}{44,109.734,298.15}{45,110.122,299.15}{46,110.509,300.15}{47,110.897,301.15}{48,111.284,302.15}{49,111.672,303.15}{50,113.607,308.15}{51,115.539,313.15}{52,119.395,323.15}{53,123.239,333.15}{54,127.072,343.15}{55,130.893,353.15}{56,134.702,363.15}{57,138.5,373.15}{58,142.286,383.15}{59,146.061,393.15}{60,149.824,403.15}{61,153.575,413.15}{62,157.315,423.15}{63,161.043,433.15}{64,164.76,443.15}{65,168.465,453.15}{66,172.158,463.15}{67,175.84,473.15}{68,179.51,483.15}{69,183.168,493.15}{70,186.815,503.15}{71,190.451,513.15}{72,194.074,523.15}{73,197.686,533.15}{74,201.287,543.15}{75,204.876,553.15}{76,208.453,563.15}{77,212.019,573.15}{78,215.573,583.15}{79,219.115,593.15}{80,222.646,603.15}{81,226.166,613.15}{82,229.673,623.15}{83,233.169,633.15}{84,236.654,643.15}{85,240.127,653.15}{86,243.588,663.15}{87,247.038,673.15}{88,250.476,683.15}{89,253.902,693.15}{90,257.317,703.15}{91,260.72,713.15}{92,264.112,723.15}{93,267.492,733.15}{94,270.86,743.15}{95,274.217,753.15}{96,277.562,763.15}{97,280.896,773.15}{98,284.218,783.15}{99,287.528,793.15}{100,290.827,803.15}{101,294.114,813.15}{102,297.39,823.15}{103,300.654,833.15}{104,303.906,843.15}{105,307.147,853.15}{106,310.376,863.15}{107,313.594,873.15}{108,316.8,883.15}{109,319.994,893.15}{110,323.177,903.15}{111,326.348,913.15}{112,329.508,923.15}{113,332.656,933.15}{114,335.792,943.15}{115,338.917,953.15}{116,342.03,963.15}{117,345.132,973.15}{118,348.222,983.15}{119,351.3,993.15}{120,354.367,1003.15}{121,357.422,1013.15}{122,360.465,1023.15}{123,363.497,1033.15}{124,366.517,1043.15}{125,369.526,1053.15}{126,372.523,1063.15}{127,375.509,1073.15}{128,378.483,1083.15}{129,381.445,1093.15}{130,384.396,1103.15}{131,387.335,1113.15}{132,390.262,1123.15}&quot;"/>
                                                <instance name="dev01/Config/ch00002/Calibration_Sensor_Curve" order="0" value="&quot;{0,60.254,173.15}{1,64.299,183.15}{2,68.325,193.15}{3,72.335,203.15}{4,76.328,213.15}{5,80.307,223.15}{6,84.271,233.15}{7,88.222,243.15}{8,92.16,253.15}{9,96.086,263.15}{10,96.478,264.15}{11,96.87,265.15}{12,97.262,266.15}{13,97.653,267.15}{14,98.045,268.15}{15,98.436,269.15}{16,98.827,270.15}{17,99.218,271.15}{18,99.609,272.15}{19,100,273.15}{20,100.391,274.15}{21,100.781,275.15}{22,101.172,276.15}{23,101.562,277.15}{24,101.953,278.15}{25,102.343,279.15}{26,102.733,280.15}{27,103.123,281.15}{28,103.513,282.15}{29,103.902,283.15}{30,104.292,284.15}{31,104.681,285.15}{32,105.071,286.15}{33,105.46,287.15}{34,105.849,288.15}{35,106.238,289.15}{36,106.627,290.15}{37,107.016,291.15}{38,107.404,292.15}{39,107.793,293.15}{40,108.181,294.15}{41,108.57,295.15}{42,108.958,296.15}{43,109.346,297.15}{44,109.734,298.15}{45,110.122,299.15}{46,110.509,300.15}{47,110.897,301.15}{48,111.284,302.15}{49,111.672,303.15}{50,113.607,308.15}{51,115.539,313.15}{52,119.395,323.15}{53,123.239,333.15}{54,127.072,343.15}{55,130.893,353.15}{56,134.702,363.15}{57,138.5,373.15}{58,142.286,383.15}{59,146.061,393.15}{60,149.824,403.15}{61,153.575,413.15}{62,157.315,423.15}{63,161.043,433.15}{64,164.76,443.15}{65,168.465,453.15}{66,172.158,463.15}{67,175.84,473.15}{68,179.51,483.15}{69,183.168,493.15}{70,186.815,503.15}{71,190.451,513.15}{72,194.074,523.15}{73,197.686,533.15}{74,201.287,543.15}{75,204.876,553.15}{76,208.453,563.15}{77,212.019,573.15}{78,215.573,583.15}{79,219.115,593.15}{80,222.646,603.15}{81,226.166,613.15}{82,229.673,623.15}{83,233.169,633.15}{84,236.654,643.15}{85,240.127,653.15}{86,243.588,663.15}{87,247.038,673.15}{88,250.476,683.15}{89,253.902,693.15}{90,257.317,703.15}{91,260.72,713.15}{92,264.112,723.15}{93,267.492,733.15}{94,270.86,743.15}{95,274.217,753.15}{96,277.562,763.15}{97,280.896,773.15}{98,284.218,783.15}{99,287.528,793.15}{100,290.827,803.15}{101,294.114,813.15}{102,297.39,823.15}{103,300.654,833.15}{104,303.906,843.15}{105,307.147,853.15}{106,310.376,863.15}{107,313.594,873.15}{108,316.8,883.15}{109,319.994,893.15}{110,323.177,903.15}{111,326.348,913.15}{112,329.508,923.15}{113,332.656,933.15}{114,335.792,943.15}{115,338.917,953.15}{116,342.03,963.15}{117,345.132,973.15}{118,348.222,983.15}{119,351.3,993.15}{120,354.367,1003.15}{121,357.422,1013.15}{122,360.465,1023.15}{123,363.497,1033.15}{124,366.517,1043.15}{125,369.526,1053.15}{126,372.523,1063.15}{127,375.509,1073.15}{128,378.483,1083.15}{129,381.445,1093.15}{130,384.396,1103.15}{131,387.335,1113.15}{132,390.262,1123.15}&quot;"/>
                                                <instance name="dev01/Config/ch00008/rate" order="0" value="10"/>
                                                <instance name="dev01/Config/ch00001/Calibration_Sensor_Input_Units" order="0" value="Ohm"/>
                                                <instance name="dev01/Config/ch00001/Calibration_Sensor_Calibration_Date" order="0" value="2020-01-01"/>
                                                <instance name="dev01/Config/ch00011/enable" order="1" value="1"/>
                                                <instance name="dev01/Config/ch00002/rate" order="0" value="10"/>
                                                <instance name="dev01/Config/ch00002/Calibration_Sensor_Input_Units" order="0" value="Ohm"/>
                                                <instance name="dev01/Config/ch00001/Calibration_Sensor_Minimum_Range" order="0" value="73.15"/>
                                                <instance name="dev01/Config/ch00004/enable" order="1" value="1"/>
                                                <instance name="dev01/Config/ch00002/Calibration_Sensor_Minimum_Range" order="0" value="73.15"/>
                                                <instance name="dev01/Config/ch00001/Calibration_Sensor_Maximum_Range" order="0" value="1123.15"/>
                                                <instance name="dev01/Config/ch00007/rate" order="0" value="10"/>
                                                <instance name="dev01/Config/ch00009/rate" order="0" value="10"/>
                                                <instance name="dev01/Config/ch00001/Calibration_Sensor_Name" order="0" value="CalSensor1"/>
                                                <instance name="dev01/Config/ch00002/Calibration_Sensor_Output_Units" order="0" value="K"/>
                                                <instance name="dev01/Config/ch00012/enable" order="1" value="1"/>
                                                <instance name="dev01/Config/ch00001/Calibration_Sensor_Table_Type" order="2" value="1"/>
                                                <instance name="dev01/Config/ch00002/Calibration_Sensor_Name" order="0" value="CalSensor2"/>
                                                <instance name="dev01/Config/ch00002/LeadRes" order="0" value="0"/>
                                                <instance name="dev01/Config/ch00002/Calibration_Sensor_Table_Type" order="2" value="1"/>
                                                <instance name="dev01/Config/ch00007/enable" order="1" value="1"/>
                                                <instance name="dev01/Config/ch00002/enable" order="1" value="1"/>
                                                <instance name="dev01/Config/ch00008/enable" order="1" value="1"/>
                                                <instance name="dev01/Config/ch00005/enable" order="1" value="1"/>
                                                <instance name="dev01/Config/ch00002/Calibration_Sensor_Calibration_Date" order="0" value="2020-01-01"/>
                                                <instance name="dev01/Config/ch00009/enable" order="1" value="1"/>
                                                <instance name="dev01/Config/ch00003/rate" order="0" value="10"/>
                                                <instance name="dev01/Config/ch00010/enable" order="1" value="1"/>
                                                <instance name="dev01/Config/ch00004/rate" order="0" value="10"/>
                                                <instance name="dev01/Config/ch00002/Calibration_Sensor_Maximum_Range" order="0" value="1123.15"/>
                                                <instance name="dev01/Config/ch00005/rate" order="0" value="10"/>
                                                <instance name="dev01/Config/ch00010/rate" order="0" value="10"/>
                                                <instance name="dev01/Config/ch00006/rate" order="0" value="10"/>
                                                <instance name="dev01/Config/ch00011/rate" order="0" value="10"/>
                                                <instance name="dev01/Config/ch00001/Calibration_Sensor_Output_Units" order="0" value="K"/>
                                                <instance name="dev01/Config/ch00012/rate" order="0" value="10"/>
                                            </attributes>
                                        </instance>
                                    </serial-numbers>
                                </instance>
                                <instance name="UEI-003">
                                    <serial-numbers>
                                        <instance name="00219976" backbone-config-data="11,239.255.0.11,239.255.0.1,5" logicalid="UE219976" node-config-data="1.0,1.0,map,1.0,rtehost:6603/channelmap 1.0,1.0,attrv,1.0,rtehost:6603/UE219976">
                                            <attributes>
                                                <instance name="dev01/Config/ch00005/enable" order="1" value="1"/>
                                                <instance name="dev02/Config/ch00003/Minimum_Range" order="0" value="-10"/>
                                                <instance name="dev02/Config/ch00002/enable" order="1" value="1"/>
                                                <instance name="dev01/Config/ch00006/enable" order="1" value="1"/>
                                                <instance name="dev02/Config/ch00004/Minimum_Range" order="0" value="-10"/>
                                                <instance name="dev01/Config/ch00003/enable" order="1" value="1"/>
                                                <instance name="dev01/Config/ch00008/Minimum_Range" order="0" value="-10"/>
                                                <instance name="dev03/Config/ch00006/enable" order="1" value="1"/>
                                                <instance name="dev03/Config/ch00007/enable" order="1" value="1"/>
                                                <instance name="dev03/Config/ch00003/rate" order="0" value="200"/>
                                                <instance name="dev01/Config/ch00007/Maximum_Range" order="0" value="10"/>
                                                <instance name="dev02/Config/ch00001/Minimum_Range" order="0" value="-10"/>
                                                <instance name="dev01/Config/ch00003/Maximum_Range" order="0" value="10"/>
                                                <instance name="dev02/Config/ch00005/Maximum_Range" order="0" value="10"/>
                                                <instance name="dev01/Config/ch00003/rate" order="0" value="200"/>
                                                <instance name="dev02/Config/ch00003/rate" order="0" value="200"/>
                                                <instance name="dev02/Config/ch00004/rate" order="0" value="200"/>
                                                <instance name="dev02/Config/ch00005/Minimum_Range" order="0" value="-10"/>
                                                <instance name="dev01/Config/ch00006/rate" order="0" value="200"/>
                                                <instance name="dev01/Config/ch00004/rate" order="0" value="200"/>
                                                <instance name="dev02/Config/ch00008/Maximum_Range" order="0" value="10"/>
                                                <instance name="dev03/Config/ch00001/Maximum_Range" order="0" value="10"/>
                                                <instance name="dev02/Config/ch00007/rate" order="0" value="200"/>
                                                <instance name="dev03/Config/ch00008/rate" order="0" value="200"/>
                                                <instance name="dev02/Config/ch00006/Minimum_Range" order="0" value="-10"/>
                                                <instance name="dev02/Config/ch00007/enable" order="1" value="1"/>
                                                <instance name="dev02/Config/ch00007/Minimum_Range" order="0" value="-10"/>
                                                <instance name="dev03/Config/ch00002/Maximum_Range" order="0" value="10"/>
                                                <instance name="dev03/Config/ch00002/rate" order="0" value="200"/>
                                                <instance name="dev01/Config/ch00001/enable" order="1" value="1"/>
                                                <instance name="dev02/Config/ch00005/enable" order="1" value="1"/>
                                                <instance name="dev03/Config/ch00004/enable" order="1" value="1"/>
                                                <instance name="dev03/Config/ch00007/Maximum_Range" order="0" value="10"/>
                                                <instance name="dev03/Config/ch00004/Maximum_Range" order="0" value="10"/>
                                                <instance name="dev03/Config/ch00005/Maximum_Range" order="0" value="10"/>
                                                <instance name="dev02/Config/ch00008/rate" order="0" value="200"/>
                                                <instance name="dev03/Config/ch00002/enable" order="1" value="1"/>
                                                <instance name="dev01/Config/ch00008/rate" order="0" value="200"/>
                                                <instance name="dev02/Config/ch00008/Minimum_Range" order="0" value="-10"/>
                                                <instance name="dev03/Config/ch00006/Maximum_Range" order="0" value="10"/>
                                                <instance name="dev02/Config/ch00003/enable" order="1" value="1"/>
                                                <instance name="dev01/Config/ch00007/rate" order="0" value="200"/>
                                                <instance name="dev02/Config/ch00005/rate" order="0" value="200"/>
                                                <instance name="dev03/Config/ch00001/Minimum_Range" order="0" value="-10"/>
                                                <instance name="dev02/Config/ch00002/Minimum_Range" order="0" value="-10"/>
                                                <instance name="dev03/Config/ch00006/rate" order="0" value="200"/>
                                                <instance name="dev02/Config/ch00001/enable" order="1" value="1"/>
                                                <instance name="dev01/Config/ch00002/enable" order="1" value="1"/>
                                                <instance name="dev03/Config/ch00002/Minimum_Range" order="0" value="-10"/>
                                                <instance name="dev01/Config/ch00006/Maximum_Range" order="0" value="10"/>
                                                <instance name="dev02/Config/ch00008/enable" order="1" value="1"/>
                                                <instance name="dev01/Config/ch00001/rate" order="0" value="200"/>
                                                <instance name="dev01/Config/ch00007/enable" order="1" value="1"/>
                                                <instance name="dev02/Config/ch00002/rate" order="0" value="200"/>
                                                <instance name="dev03/Config/ch00005/enable" order="1" value="1"/>
                                                <instance name="dev01/Config/ch00002/rate" order="0" value="200"/>
                                                <instance name="dev03/Config/ch00004/rate" order="0" value="200"/>
                                                <instance name="dev02/Config/ch00006/rate" order="0" value="200"/>
                                                <instance name="dev02/Config/ch00001/rate" order="0" value="200"/>
                                                <instance name="dev03/Config/ch00003/Minimum_Range" order="0" value="-10"/>
                                                <instance name="dev03/Config/ch00008/enable" order="1" value="1"/>
                                                <instance name="dev01/Config/ch00003/Minimum_Range" order="0" value="-10"/>
                                                <instance name="dev01/Config/ch00005/rate" order="0" value="200"/>
                                                <instance name="dev01/Config/ch00006/Minimum_Range" order="0" value="-10"/>
                                                <instance name="dev02/Config/ch00001/Maximum_Range" order="0" value="10"/>
                                                <instance name="dev03/Config/ch00004/Minimum_Range" order="0" value="-10"/>
                                                <instance name="dev01/Config/ch00002/Maximum_Range" order="0" value="10"/>
                                                <instance name="dev02/Config/ch00003/Maximum_Range" order="0" value="10"/>
                                                <instance name="dev01/Config/ch00004/Maximum_Range" order="0" value="10"/>
                                                <instance name="dev01/Config/ch00001/Maximum_Range" order="0" value="10"/>
                                                <instance name="dev02/Config/ch00006/enable" order="1" value="1"/>
                                                <instance name="dev03/Config/ch00001/rate" order="0" value="200"/>
                                                <instance name="dev03/Config/ch00003/enable" order="1" value="1"/>
                                                <instance name="dev02/Config/ch00006/Maximum_Range" order="0" value="10"/>
                                                <instance name="dev01/Config/ch00004/Minimum_Range" order="0" value="-10"/>
                                                <instance name="dev02/Config/ch00004/enable" order="1" value="1"/>
                                                <instance name="dev03/Config/ch00007/rate" order="0" value="200"/>
                                                <instance name="dev03/Config/ch00001/enable" order="1" value="1"/>
                                                <instance name="dev01/Config/ch00008/Maximum_Range" order="0" value="10"/>
                                                <instance name="dev01/Config/ch00005/Minimum_Range" order="0" value="-10"/>
                                                <instance name="dev02/Config/ch00002/Maximum_Range" order="0" value="10"/>
                                                <instance name="dev02/Config/ch00004/Maximum_Range" order="0" value="10"/>
                                                <instance name="dev01/Config/ch00004/enable" order="1" value="1"/>
                                                <instance name="dev02/Config/ch00007/Maximum_Range" order="0" value="10"/>
                                                <instance name="dev01/Config/ch00007/Minimum_Range" order="0" value="-10"/>
                                                <instance name="dev03/Config/ch00003/Maximum_Range" order="0" value="10"/>
                                                <instance name="dev01/Config/ch00002/Minimum_Range" order="0" value="-10"/>
                                                <instance name="dev01/Config/ch00005/Maximum_Range" order="0" value="10"/>
                                                <instance name="dev01/Config/ch00001/Minimum_Range" order="0" value="-10"/>
                                                <instance name="dev03/Config/ch00005/Minimum_Range" order="0" value="-10"/>
                                                <instance name="dev03/Config/ch00006/Minimum_Range" order="0" value="-10"/>
                                                <instance name="dev03/Config/ch00007/Minimum_Range" order="0" value="-10"/>
                                                <instance name="dev03/Config/ch00008/Minimum_Range" order="0" value="-10"/>
                                                <instance name="dev03/Config/ch00008/Maximum_Range" order="0" value="10"/>
                                                <instance name="dev01/Config/ch00008/enable" order="1" value="1"/>
                                                <instance name="dev03/Config/ch00005/rate" order="0" value="200"/>
                                            </attributes>
                                        </instance>
                                        <instance name="00219973" backbone-config-data="11,239.255.0.11,239.255.0.1,5" logicalid="UE219973" node-config-data="1.0,1.0,map,1.0,rtehost:6603/channelmap 1.0,1.0,attrv,1.0,rtehost:6603/UE219973">
                                            <attributes>
                                                <instance name="dev01/Config/ch00005/enable" order="1" value="1"/>
                                                <instance name="dev02/Config/ch00003/Minimum_Range" order="0" value="-10"/>
                                                <instance name="dev02/Config/ch00002/enable" order="1" value="1"/>
                                                <instance name="dev01/Config/ch00006/enable" order="1" value="1"/>
                                                <instance name="dev02/Config/ch00004/Minimum_Range" order="0" value="-10"/>
                                                <instance name="dev01/Config/ch00003/enable" order="1" value="1"/>
                                                <instance name="dev01/Config/ch00008/Minimum_Range" order="0" value="-10"/>
                                                <instance name="dev03/Config/ch00006/enable" order="1" value="1"/>
                                                <instance name="dev03/Config/ch00007/enable" order="1" value="1"/>
                                                <instance name="dev03/Config/ch00003/rate" order="0" value="200"/>
                                                <instance name="dev01/Config/ch00007/Maximum_Range" order="0" value="10"/>
                                                <instance name="dev02/Config/ch00001/Minimum_Range" order="0" value="-10"/>
                                                <instance name="dev01/Config/ch00003/Maximum_Range" order="0" value="10"/>
                                                <instance name="dev02/Config/ch00005/Maximum_Range" order="0" value="10"/>
                                                <instance name="dev01/Config/ch00003/rate" order="0" value="200"/>
                                                <instance name="dev02/Config/ch00003/rate" order="0" value="200"/>
                                                <instance name="dev02/Config/ch00004/rate" order="0" value="200"/>
                                                <instance name="dev02/Config/ch00005/Minimum_Range" order="0" value="-10"/>
                                                <instance name="dev01/Config/ch00006/rate" order="0" value="200"/>
                                                <instance name="dev01/Config/ch00004/rate" order="0" value="200"/>
                                                <instance name="dev02/Config/ch00008/Maximum_Range" order="0" value="10"/>
                                                <instance name="dev03/Config/ch00001/Maximum_Range" order="0" value="10"/>
                                                <instance name="dev02/Config/ch00007/rate" order="0" value="200"/>
                                                <instance name="dev03/Config/ch00008/rate" order="0" value="200"/>
                                                <instance name="dev02/Config/ch00006/Minimum_Range" order="0" value="-10"/>
                                                <instance name="dev02/Config/ch00007/enable" order="1" value="1"/>
                                                <instance name="dev02/Config/ch00007/Minimum_Range" order="0" value="-10"/>
                                                <instance name="dev03/Config/ch00002/Maximum_Range" order="0" value="10"/>
                                                <instance name="dev03/Config/ch00002/rate" order="0" value="200"/>
                                                <instance name="dev01/Config/ch00001/enable" order="1" value="1"/>
                                                <instance name="dev02/Config/ch00005/enable" order="1" value="1"/>
                                                <instance name="dev03/Config/ch00004/enable" order="1" value="1"/>
                                                <instance name="dev03/Config/ch00007/Maximum_Range" order="0" value="10"/>
                                                <instance name="dev03/Config/ch00004/Maximum_Range" order="0" value="10"/>
                                                <instance name="dev03/Config/ch00005/Maximum_Range" order="0" value="10"/>
                                                <instance name="dev02/Config/ch00008/rate" order="0" value="200"/>
                                                <instance name="dev03/Config/ch00002/enable" order="1" value="1"/>
                                                <instance name="dev01/Config/ch00008/rate" order="0" value="200"/>
                                                <instance name="dev02/Config/ch00008/Minimum_Range" order="0" value="-10"/>
                                                <instance name="dev03/Config/ch00006/Maximum_Range" order="0" value="10"/>
                                                <instance name="dev02/Config/ch00003/enable" order="1" value="1"/>
                                                <instance name="dev01/Config/ch00007/rate" order="0" value="200"/>
                                                <instance name="dev02/Config/ch00005/rate" order="0" value="200"/>
                                                <instance name="dev03/Config/ch00001/Minimum_Range" order="0" value="-10"/>
                                                <instance name="dev02/Config/ch00002/Minimum_Range" order="0" value="-10"/>
                                                <instance name="dev03/Config/ch00006/rate" order="0" value="200"/>
                                                <instance name="dev02/Config/ch00001/enable" order="1" value="1"/>
                                                <instance name="dev01/Config/ch00002/enable" order="1" value="1"/>
                                                <instance name="dev03/Config/ch00002/Minimum_Range" order="0" value="-10"/>
                                                <instance name="dev01/Config/ch00006/Maximum_Range" order="0" value="10"/>
                                                <instance name="dev02/Config/ch00008/enable" order="1" value="1"/>
                                                <instance name="dev01/Config/ch00001/rate" order="0" value="200"/>
                                                <instance name="dev01/Config/ch00007/enable" order="1" value="1"/>
                                                <instance name="dev02/Config/ch00002/rate" order="0" value="200"/>
                                                <instance name="dev03/Config/ch00005/enable" order="1" value="1"/>
                                                <instance name="dev01/Config/ch00002/rate" order="0" value="200"/>
                                                <instance name="dev03/Config/ch00004/rate" order="0" value="200"/>
                                                <instance name="dev02/Config/ch00006/rate" order="0" value="200"/>
                                                <instance name="dev02/Config/ch00001/rate" order="0" value="200"/>
                                                <instance name="dev03/Config/ch00003/Minimum_Range" order="0" value="-10"/>
                                                <instance name="dev03/Config/ch00008/enable" order="1" value="1"/>
                                                <instance name="dev01/Config/ch00003/Minimum_Range" order="0" value="-10"/>
                                                <instance name="dev01/Config/ch00005/rate" order="0" value="200"/>
                                                <instance name="dev01/Config/ch00006/Minimum_Range" order="0" value="-10"/>
                                                <instance name="dev02/Config/ch00001/Maximum_Range" order="0" value="10"/>
                                                <instance name="dev03/Config/ch00004/Minimum_Range" order="0" value="-10"/>
                                                <instance name="dev01/Config/ch00002/Maximum_Range" order="0" value="10"/>
                                                <instance name="dev02/Config/ch00003/Maximum_Range" order="0" value="10"/>
                                                <instance name="dev01/Config/ch00004/Maximum_Range" order="0" value="10"/>
                                                <instance name="dev01/Config/ch00001/Maximum_Range" order="0" value="10"/>
                                                <instance name="dev02/Config/ch00006/enable" order="1" value="1"/>
                                                <instance name="dev03/Config/ch00001/rate" order="0" value="200"/>
                                                <instance name="dev03/Config/ch00003/enable" order="1" value="1"/>
                                                <instance name="dev02/Config/ch00006/Maximum_Range" order="0" value="10"/>
                                                <instance name="dev01/Config/ch00004/Minimum_Range" order="0" value="-10"/>
                                                <instance name="dev02/Config/ch00004/enable" order="1" value="1"/>
                                                <instance name="dev03/Config/ch00007/rate" order="0" value="200"/>
                                                <instance name="dev03/Config/ch00001/enable" order="1" value="1"/>
                                                <instance name="dev01/Config/ch00008/Maximum_Range" order="0" value="10"/>
                                                <instance name="dev01/Config/ch00005/Minimum_Range" order="0" value="-10"/>
                                                <instance name="dev02/Config/ch00002/Maximum_Range" order="0" value="10"/>
                                                <instance name="dev02/Config/ch00004/Maximum_Range" order="0" value="10"/>
                                                <instance name="dev01/Config/ch00004/enable" order="1" value="1"/>
                                                <instance name="dev02/Config/ch00007/Maximum_Range" order="0" value="10"/>
                                                <instance name="dev01/Config/ch00007/Minimum_Range" order="0" value="-10"/>
                                                <instance name="dev03/Config/ch00003/Maximum_Range" order="0" value="10"/>
                                                <instance name="dev01/Config/ch00002/Minimum_Range" order="0" value="-10"/>
                                                <instance name="dev01/Config/ch00005/Maximum_Range" order="0" value="10"/>
                                                <instance name="dev01/Config/ch00001/Minimum_Range" order="0" value="-10"/>
                                                <instance name="dev03/Config/ch00005/Minimum_Range" order="0" value="-10"/>
                                                <instance name="dev03/Config/ch00006/Minimum_Range" order="0" value="-10"/>
                                                <instance name="dev03/Config/ch00007/Minimum_Range" order="0" value="-10"/>
                                                <instance name="dev03/Config/ch00008/Minimum_Range" order="0" value="-10"/>
                                                <instance name="dev03/Config/ch00008/Maximum_Range" order="0" value="10"/>
                                                <instance name="dev01/Config/ch00008/enable" order="1" value="1"/>
                                                <instance name="dev03/Config/ch00005/rate" order="0" value="200"/>
                                            </attributes>
                                        </instance>
                                        <instance name="00219972" backbone-config-data="11,239.255.0.11,239.255.0.1,5" logicalid="UE219972" node-config-data="1.0,1.0,map,1.0,rtehost:6603/channelmap 1.0,1.0,attrv,1.0,rtehost:6603/UE219972">
                                            <attributes>
                                                <instance name="dev01/Config/ch00005/enable" order="1" value="1"/>
                                                <instance name="dev02/Config/ch00003/Minimum_Range" order="0" value="-5"/>
                                                <instance name="dev02/Config/ch00002/enable" order="1" value="1"/>
                                                <instance name="dev01/Config/ch00006/enable" order="1" value="1"/>
                                                <instance name="dev02/Config/ch00004/Minimum_Range" order="0" value="-5"/>
                                                <instance name="dev01/Config/ch00003/enable" order="1" value="1"/>
                                                <instance name="dev01/Config/ch00008/Minimum_Range" order="0" value="-5"/>
                                                <instance name="dev03/Config/ch00006/enable" order="1" value="1"/>
                                                <instance name="dev03/Config/ch00007/enable" order="1" value="1"/>
                                                <instance name="dev03/Config/ch00003/rate" order="0" value="200"/>
                                                <instance name="dev01/Config/ch00007/Maximum_Range" order="0" value="5"/>
                                                <instance name="dev02/Config/ch00001/Minimum_Range" order="0" value="-5"/>
                                                <instance name="dev01/Config/ch00003/Maximum_Range" order="0" value="5"/>
                                                <instance name="dev02/Config/ch00005/Maximum_Range" order="0" value="5"/>
                                                <instance name="dev01/Config/ch00003/rate" order="0" value="200"/>
                                                <instance name="dev02/Config/ch00003/rate" order="0" value="200"/>
                                                <instance name="dev02/Config/ch00004/rate" order="0" value="200"/>
                                                <instance name="dev02/Config/ch00005/Minimum_Range" order="0" value="-5"/>
                                                <instance name="dev01/Config/ch00006/rate" order="0" value="200"/>
                                                <instance name="dev01/Config/ch00004/rate" order="0" value="200"/>
                                                <instance name="dev02/Config/ch00008/Maximum_Range" order="0" value="5"/>
                                                <instance name="dev03/Config/ch00001/Maximum_Range" order="0" value="5"/>
                                                <instance name="dev02/Config/ch00007/rate" order="0" value="200"/>
                                                <instance name="dev03/Config/ch00008/rate" order="0" value="200"/>
                                                <instance name="dev02/Config/ch00006/Minimum_Range" order="0" value="-5"/>
                                                <instance name="dev02/Config/ch00007/enable" order="1" value="1"/>
                                                <instance name="dev02/Config/ch00007/Minimum_Range" order="0" value="-5"/>
                                                <instance name="dev03/Config/ch00002/Maximum_Range" order="0" value="5"/>
                                                <instance name="dev03/Config/ch00002/rate" order="0" value="200"/>
                                                <instance name="dev01/Config/ch00001/enable" order="1" value="1"/>
                                                <instance name="dev02/Config/ch00005/enable" order="1" value="1"/>
                                                <instance name="dev03/Config/ch00004/enable" order="1" value="1"/>
                                                <instance name="dev03/Config/ch00007/Maximum_Range" order="0" value="5"/>
                                                <instance name="dev03/Config/ch00004/Maximum_Range" order="0" value="5"/>
                                                <instance name="dev03/Config/ch00005/Maximum_Range" order="0" value="5"/>
                                                <instance name="dev02/Config/ch00008/rate" order="0" value="200"/>
                                                <instance name="dev03/Config/ch00002/enable" order="1" value="1"/>
                                                <instance name="dev01/Config/ch00008/rate" order="0" value="200"/>
                                                <instance name="dev02/Config/ch00008/Minimum_Range" order="0" value="-5"/>
                                                <instance name="dev03/Config/ch00006/Maximum_Range" order="0" value="5"/>
                                                <instance name="dev02/Config/ch00003/enable" order="1" value="1"/>
                                                <instance name="dev01/Config/ch00007/rate" order="0" value="200"/>
                                                <instance name="dev02/Config/ch00005/rate" order="0" value="200"/>
                                                <instance name="dev03/Config/ch00001/Minimum_Range" order="0" value="-5"/>
                                                <instance name="dev02/Config/ch00002/Minimum_Range" order="0" value="-5"/>
                                                <instance name="dev03/Config/ch00006/rate" order="0" value="200"/>
                                                <instance name="dev02/Config/ch00001/enable" order="1" value="1"/>
                                                <instance name="dev01/Config/ch00002/enable" order="1" value="1"/>
                                                <instance name="dev03/Config/ch00002/Minimum_Range" order="0" value="-5"/>
                                                <instance name="dev01/Config/ch00006/Maximum_Range" order="0" value="5"/>
                                                <instance name="dev02/Config/ch00008/enable" order="1" value="1"/>
                                                <instance name="dev01/Config/ch00001/rate" order="0" value="200"/>
                                                <instance name="dev01/Config/ch00007/enable" order="1" value="1"/>
                                                <instance name="dev02/Config/ch00002/rate" order="0" value="200"/>
                                                <instance name="dev03/Config/ch00005/enable" order="1" value="1"/>
                                                <instance name="dev01/Config/ch00002/rate" order="0" value="200"/>
                                                <instance name="dev03/Config/ch00004/rate" order="0" value="200"/>
                                                <instance name="dev02/Config/ch00006/rate" order="0" value="200"/>
                                                <instance name="dev02/Config/ch00001/rate" order="0" value="200"/>
                                                <instance name="dev03/Config/ch00003/Minimum_Range" order="0" value="-5"/>
                                                <instance name="dev03/Config/ch00008/enable" order="1" value="1"/>
                                                <instance name="dev01/Config/ch00003/Minimum_Range" order="0" value="-5"/>
                                                <instance name="dev01/Config/ch00005/rate" order="0" value="200"/>
                                                <instance name="dev01/Config/ch00006/Minimum_Range" order="0" value="-5"/>
                                                <instance name="dev02/Config/ch00001/Maximum_Range" order="0" value="5"/>
                                                <instance name="dev03/Config/ch00004/Minimum_Range" order="0" value="-5"/>
                                                <instance name="dev01/Config/ch00002/Maximum_Range" order="0" value="5"/>
                                                <instance name="dev02/Config/ch00003/Maximum_Range" order="0" value="5"/>
                                                <instance name="dev01/Config/ch00004/Maximum_Range" order="0" value="5"/>
                                                <instance name="dev01/Config/ch00001/Maximum_Range" order="0" value="5"/>
                                                <instance name="dev02/Config/ch00006/enable" order="1" value="1"/>
                                                <instance name="dev03/Config/ch00001/rate" order="0" value="200"/>
                                                <instance name="dev03/Config/ch00003/enable" order="1" value="1"/>
                                                <instance name="dev02/Config/ch00006/Maximum_Range" order="0" value="5"/>
                                                <instance name="dev01/Config/ch00004/Minimum_Range" order="0" value="-5"/>
                                                <instance name="dev02/Config/ch00004/enable" order="1" value="1"/>
                                                <instance name="dev03/Config/ch00007/rate" order="0" value="200"/>
                                                <instance name="dev03/Config/ch00001/enable" order="1" value="1"/>
                                                <instance name="dev01/Config/ch00008/Maximum_Range" order="0" value="5"/>
                                                <instance name="dev01/Config/ch00005/Minimum_Range" order="0" value="-5"/>
                                                <instance name="dev02/Config/ch00002/Maximum_Range" order="0" value="5"/>
                                                <instance name="dev02/Config/ch00004/Maximum_Range" order="0" value="5"/>
                                                <instance name="dev01/Config/ch00004/enable" order="1" value="1"/>
                                                <instance name="dev02/Config/ch00007/Maximum_Range" order="0" value="5"/>
                                                <instance name="dev01/Config/ch00007/Minimum_Range" order="0" value="-5"/>
                                                <instance name="dev03/Config/ch00003/Maximum_Range" order="0" value="5"/>
                                                <instance name="dev01/Config/ch00002/Minimum_Range" order="0" value="-5"/>
                                                <instance name="dev01/Config/ch00005/Maximum_Range" order="0" value="5"/>
                                                <instance name="dev01/Config/ch00001/Minimum_Range" order="0" value="-5"/>
                                                <instance name="dev03/Config/ch00005/Minimum_Range" order="0" value="-5"/>
                                                <instance name="dev03/Config/ch00006/Minimum_Range" order="0" value="-5"/>
                                                <instance name="dev03/Config/ch00007/Minimum_Range" order="0" value="-5"/>
                                                <instance name="dev03/Config/ch00008/Minimum_Range" order="0" value="-5"/>
                                                <instance name="dev03/Config/ch00008/Maximum_Range" order="0" value="5"/>
                                                <instance name="dev01/Config/ch00008/enable" order="1" value="1"/>
                                                <instance name="dev03/Config/ch00005/rate" order="0" value="200"/>
                                            </attributes>
                                        </instance>
                                        <instance name="00219999" backbone-config-data="11,239.255.0.11,239.255.0.1,5" logicalid="UE219999" node-config-data="1.0,1.0,map,1.0,rtehost:6603/channelmap 1.0,1.0,attrv,1.0,rtehost:6603/UE219999">
                                            <attributes>
                                                <instance name="dev01/Config/ch00005/enable" order="1" value="1"/>
                                                <instance name="dev02/Config/ch00003/Minimum_Range" order="0" value="-5"/>
                                                <instance name="dev02/Config/ch00002/enable" order="1" value="1"/>
                                                <instance name="dev01/Config/ch00006/enable" order="1" value="1"/>
                                                <instance name="dev02/Config/ch00004/Minimum_Range" order="0" value="-5"/>
                                                <instance name="dev01/Config/ch00003/enable" order="1" value="1"/>
                                                <instance name="dev01/Config/ch00008/Minimum_Range" order="0" value="-5"/>
                                                <instance name="dev03/Config/ch00006/enable" order="1" value="1"/>
                                                <instance name="dev03/Config/ch00007/enable" order="1" value="1"/>
                                                <instance name="dev03/Config/ch00003/rate" order="0" value="200"/>
                                                <instance name="dev01/Config/ch00007/Maximum_Range" order="0" value="5"/>
                                                <instance name="dev02/Config/ch00001/Minimum_Range" order="0" value="-5"/>
                                                <instance name="dev01/Config/ch00003/Maximum_Range" order="0" value="5"/>
                                                <instance name="dev02/Config/ch00005/Maximum_Range" order="0" value="2.5"/>
                                                <instance name="dev01/Config/ch00003/rate" order="0" value="200"/>
                                                <instance name="dev02/Config/ch00003/rate" order="0" value="200"/>
                                                <instance name="dev02/Config/ch00004/rate" order="0" value="200"/>
                                                <instance name="dev02/Config/ch00005/Minimum_Range" order="0" value="-2.5"/>
                                                <instance name="dev01/Config/ch00006/rate" order="0" value="200"/>
                                                <instance name="dev01/Config/ch00004/rate" order="0" value="200"/>
                                                <instance name="dev02/Config/ch00008/Maximum_Range" order="0" value="2.5"/>
                                                <instance name="dev03/Config/ch00001/Maximum_Range" order="0" value="2.5"/>
                                                <instance name="dev02/Config/ch00007/rate" order="0" value="200"/>
                                                <instance name="dev03/Config/ch00008/rate" order="0" value="200"/>
                                                <instance name="dev02/Config/ch00006/Minimum_Range" order="0" value="-2.5"/>
                                                <instance name="dev02/Config/ch00007/enable" order="1" value="1"/>
                                                <instance name="dev02/Config/ch00007/Minimum_Range" order="0" value="-2.5"/>
                                                <instance name="dev03/Config/ch00002/Maximum_Range" order="0" value="2.5"/>
                                                <instance name="dev03/Config/ch00002/rate" order="0" value="200"/>
                                                <instance name="dev01/Config/ch00001/enable" order="1" value="1"/>
                                                <instance name="dev02/Config/ch00005/enable" order="1" value="1"/>
                                                <instance name="dev03/Config/ch00004/enable" order="1" value="1"/>
                                                <instance name="dev03/Config/ch00002/enable" order="1" value="1"/>
                                                <instance name="dev03/Config/ch00004/Maximum_Range" order="0" value="2.5"/>
                                                <instance name="dev03/Config/ch00005/Maximum_Range" order="0" value="2.5"/>
                                                <instance name="dev02/Config/ch00008/rate" order="0" value="200"/>
                                                <instance name="dev02/Config/ch00008/Minimum_Range" order="0" value="-2.5"/>
                                                <instance name="dev01/Config/ch00008/rate" order="0" value="200"/>
                                                <instance name="dev01/Config/ch00007/rate" order="0" value="200"/>
                                                <instance name="dev03/Config/ch00006/Maximum_Range" order="0" value="2.5"/>
                                                <instance name="dev02/Config/ch00003/enable" order="1" value="1"/>
                                                <instance name="dev03/Config/ch00001/Minimum_Range" order="0" value="-2.5"/>
                                                <instance name="dev02/Config/ch00005/rate" order="0" value="200"/>
                                                <instance name="dev02/Config/ch00001/enable" order="1" value="1"/>
                                                <instance name="dev02/Config/ch00002/Minimum_Range" order="0" value="-5"/>
                                                <instance name="dev03/Config/ch00006/rate" order="0" value="200"/>
                                                <instance name="dev03/Config/ch00002/Minimum_Range" order="0" value="-2.5"/>
                                                <instance name="dev01/Config/ch00002/enable" order="1" value="1"/>
                                                <instance name="dev02/Config/ch00008/enable" order="1" value="1"/>
                                                <instance name="dev01/Config/ch00006/Maximum_Range" order="0" value="5"/>
                                                <instance name="dev01/Config/ch00007/enable" order="1" value="1"/>
                                                <instance name="dev01/Config/ch00001/rate" order="0" value="200"/>
                                                <instance name="dev03/Config/ch00004/rate" order="0" value="200"/>
                                                <instance name="dev02/Config/ch00002/rate" order="0" value="200"/>
                                                <instance name="dev03/Config/ch00005/enable" order="1" value="1"/>
                                                <instance name="dev01/Config/ch00002/rate" order="0" value="200"/>
                                                <instance name="dev03/Config/ch00003/Minimum_Range" order="0" value="-2.5"/>
                                                <instance name="dev02/Config/ch00006/rate" order="0" value="200"/>
                                                <instance name="dev02/Config/ch00001/rate" order="0" value="200"/>
                                                <instance name="dev01/Config/ch00005/rate" order="0" value="200"/>
                                                <instance name="dev03/Config/ch00008/enable" order="1" value="1"/>
                                                <instance name="dev01/Config/ch00003/Minimum_Range" order="0" value="-5"/>
                                                <instance name="dev03/Config/ch00004/Minimum_Range" order="0" value="-2.5"/>
                                                <instance name="dev01/Config/ch00006/Minimum_Range" order="0" value="-5"/>
                                                <instance name="dev02/Config/ch00001/Maximum_Range" order="0" value="5"/>
                                                <instance name="dev01/Config/ch00004/Maximum_Range" order="0" value="5"/>
                                                <instance name="dev01/Config/ch00002/Maximum_Range" order="0" value="5"/>
                                                <instance name="dev02/Config/ch00003/Maximum_Range" order="0" value="5"/>
                                                <instance name="dev02/Config/ch00006/enable" order="1" value="1"/>
                                                <instance name="dev01/Config/ch00001/Maximum_Range" order="0" value="5"/>
                                                <instance name="dev03/Config/ch00003/enable" order="1" value="1"/>
                                                <instance name="dev03/Config/ch00001/rate" order="0" value="200"/>
                                                <instance name="dev01/Config/ch00004/Minimum_Range" order="0" value="-5"/>
                                                <instance name="dev02/Config/ch00006/Maximum_Range" order="0" value="2.5"/>
                                                <instance name="dev03/Config/ch00007/rate" order="0" value="200"/>
                                                <instance name="dev02/Config/ch00004/enable" order="1" value="1"/>
                                                <instance name="dev01/Config/ch00008/Maximum_Range" order="0" value="5"/>
                                                <instance name="dev03/Config/ch00001/enable" order="1" value="1"/>
                                                <instance name="dev03/Config/ch00005/Minimum_Range" order="0" value="-2.5"/>
                                                <instance name="dev01/Config/ch00005/Minimum_Range" order="0" value="-5"/>
                                                <instance name="dev02/Config/ch00002/Maximum_Range" order="0" value="5"/>
                                                <instance name="dev02/Config/ch00004/Maximum_Range" order="0" value="5"/>
                                                <instance name="dev01/Config/ch00004/enable" order="1" value="1"/>
                                                <instance name="dev02/Config/ch00007/Maximum_Range" order="0" value="2.5"/>
                                                <instance name="dev01/Config/ch00007/Minimum_Range" order="0" value="-5"/>
                                                <instance name="dev03/Config/ch00003/Maximum_Range" order="0" value="2.5"/>
                                                <instance name="dev01/Config/ch00002/Minimum_Range" order="0" value="-5"/>
                                                <instance name="dev01/Config/ch00005/Maximum_Range" order="0" value="5"/>
                                                <instance name="dev01/Config/ch00001/Minimum_Range" order="0" value="-5"/>
                                                <instance name="dev03/Config/ch00006/Minimum_Range" order="0" value="-2.5"/>
                                                <instance name="dev01/Config/ch00008/enable" order="1" value="1"/>
                                                <instance name="dev03/Config/ch00005/rate" order="0" value="200"/>
                                            </attributes>
                                        </instance>
                                    </serial-numbers>
                                </instance>
                                <instance name="UEI-004">
                                    <serial-numbers>
                                        <instance name="00219982" backbone-config-data="11,239.255.0.11,239.255.0.1,5" logicalid="UE219982" node-config-data="1.0,1.0,map,1.0,rtehost:6603/channelmap 1.0,1.0,attrv,1.0,rtehost:6603/UE219982">
                                            <attributes>
                                                <instance name="dev01/Config/ch00005/enable" order="1" value="1"/>
                                                <instance name="dev01/Config/ch00001/rate" order="0" value="200"/>
                                                <instance name="dev02/Config/ch00008/rate" order="0" value="200"/>
                                                <instance name="dev01/Config/ch00006/rate" order="0" value="200"/>
                                                <instance name="dev02/Config/ch00001/Minimum_Range" order="0" value="-10"/>
                                                <instance name="dev02/Config/ch00001/enable" order="1" value="1"/>
                                                <instance name="dev01/Config/ch00004/enable" order="1" value="1"/>
                                                <instance name="dev02/Config/ch00003/Maximum_Range" order="0" value="10"/>
                                                <instance name="dev01/Config/ch00003/rate" order="0" value="200"/>
                                                <instance name="dev02/Config/ch00002/Minimum_Range" order="0" value="-10"/>
                                                <instance name="dev01/Config/ch00003/enable" order="1" value="1"/>
                                                <instance name="dev01/Config/ch00005/Maximum_Range" order="0" value="10"/>
                                                <instance name="dev01/Config/ch00002/enable" order="1" value="1"/>
                                                <instance name="dev02/Config/ch00005/enable" order="1" value="1"/>
                                                <instance name="dev02/Config/ch00003/rate" order="0" value="200"/>
                                                <instance name="dev01/Config/ch00008/enable" order="1" value="1"/>
                                                <instance name="dev02/Config/ch00003/Minimum_Range" order="0" value="-10"/>
                                                <instance name="dev02/Config/ch00004/Minimum_Range" order="0" value="-10"/>
                                                <instance name="dev01/Config/ch00004/Maximum_Range" order="0" value="10"/>
                                                <instance name="dev02/Config/ch00006/enable" order="1" value="1"/>
                                                <instance name="dev02/Config/ch00004/rate" order="0" value="200"/>
                                                <instance name="dev02/Config/ch00007/enable" order="1" value="1"/>
                                                <instance name="dev01/Config/ch00003/Minimum_Range" order="0" value="-10"/>
                                                <instance name="dev02/Config/ch00001/Maximum_Range" order="0" value="10"/>
                                                <instance name="dev01/Config/ch00004/Minimum_Range" order="0" value="-10"/>
                                                <instance name="dev01/Config/ch00004/rate" order="0" value="200"/>
                                                <instance name="dev01/Config/ch00005/rate" order="0" value="200"/>
                                                <instance name="dev01/Config/ch00002/Maximum_Range" order="0" value="10"/>
                                                <instance name="dev01/Config/ch00001/enable" order="1" value="1"/>
                                                <instance name="dev01/Config/ch00007/enable" order="1" value="1"/>
                                                <instance name="dev02/Config/ch00003/enable" order="1" value="1"/>
                                                <instance name="dev01/Config/ch00006/Maximum_Range" order="0" value="10"/>
                                                <instance name="dev01/Config/ch00008/rate" order="0" value="200"/>
                                                <instance name="dev01/Config/ch00008/Maximum_Range" order="0" value="10"/>
                                                <instance name="dev01/Config/ch00001/Minimum_Range" order="0" value="-10"/>
                                                <instance name="dev02/Config/ch00006/rate" order="0" value="200"/>
                                                <instance name="dev02/Config/ch00005/rate" order="0" value="200"/>
                                                <instance name="dev02/Config/ch00002/Maximum_Range" order="0" value="10"/>
                                                <instance name="dev01/Config/ch00008/Minimum_Range" order="0" value="-10"/>
                                                <instance name="dev02/Config/ch00007/rate" order="0" value="200"/>
                                                <instance name="dev02/Config/ch00002/enable" order="1" value="1"/>
                                                <instance name="dev02/Config/ch00004/enable" order="1" value="1"/>
                                                <instance name="dev01/Config/ch00007/Maximum_Range" order="0" value="10"/>
                                                <instance name="dev02/Config/ch00001/rate" order="0" value="200"/>
                                                <instance name="dev01/Config/ch00007/rate" order="0" value="200"/>
                                                <instance name="dev01/Config/ch00005/Minimum_Range" order="0" value="-10"/>
                                                <instance name="dev01/Config/ch00001/Maximum_Range" order="0" value="10"/>
                                                <instance name="dev02/Config/ch00004/Maximum_Range" order="0" value="10"/>
                                                <instance name="dev01/Config/ch00007/Minimum_Range" order="0" value="-10"/>
                                                <instance name="dev01/Config/ch00006/enable" order="1" value="1"/>
                                                <instance name="dev01/Config/ch00002/rate" order="0" value="200"/>
                                                <instance name="dev01/Config/ch00002/Minimum_Range" order="0" value="-10"/>
                                                <instance name="dev02/Config/ch00002/rate" order="0" value="200"/>
                                                <instance name="dev02/Config/ch00008/enable" order="1" value="1"/>
                                                <instance name="dev01/Config/ch00003/Maximum_Range" order="0" value="10"/>
                                                <instance name="dev01/Config/ch00006/Minimum_Range" order="0" value="-10"/>
                                            </attributes>
                                        </instance>
                                        <instance name="00219980" backbone-config-data="11,239.255.0.11,239.255.0.1,5" logicalid="UE219980" node-config-data="1.0,1.0,map,1.0,rtehost:6603/channelmap 1.0,1.0,attrv,1.0,rtehost:6603/UE219980">
                                            <attributes>
                                                <instance name="dev01/Config/ch00001/enable" order="1" value="1"/>
                                                <instance name="dev01/Config/ch00001/Calibration_Sensor_Maximum_Range" order="0" value="150"/>
                                                <instance name="dev02/Config/ch00004/enable" order="1" value="1"/>
                                                <instance name="dev02/Config/ch00008/rate" order="0" value="10"/>
                                                <instance name="dev01/Config/ch00004/Calibration_Sensor_Calibration_Date" order="0" value="2020-01-01"/>
                                                <instance name="dev02/Config/ch00001/Calibration_Sensor_Input_Units" order="0" value="Vdc"/>
                                                <instance name="dev02/Config/ch00002/Calibration_Sensor_Input_Units" order="0" value="Vdc"/>
                                                <instance name="dev02/Config/ch00003/Calibration_Sensor_Input_Units" order="0" value="Vdc"/>
                                                <instance name="dev02/Config/ch00004/Calibration_Sensor_Maximum_Range" order="0" value="275"/>
                                                <instance name="dev02/Config/ch00001/enable" order="1" value="1"/>
                                                <instance name="dev02/Config/ch00005/Calibration_Sensor_Maximum_Range" order="0" value="275"/>
                                                <instance name="dev01/Config/ch00008/Maximum_Range" order="0" value="10"/>
                                                <instance name="dev01/Config/ch00003/Minimum_Range" order="0" value="-10"/>
                                                <instance name="dev02/Config/ch00006/Calibration_Sensor_Maximum_Range" order="0" value="275"/>
                                                <instance name="dev01/Config/ch00001/Calibration_Sensor_Minimum_Range" order="0" value="-10"/>
                                                <instance name="dev01/Config/ch00008/Calibration_Sensor_Name" order="0" value="CalSensor8"/>
                                                <instance name="dev01/Config/ch00002/Calibration_Sensor_Minimum_Range" order="0" value="-10"/>
                                                <instance name="dev02/Config/ch00006/Calibration_Sensor_Output_Units" order="0" value="Vac"/>
                                                <instance name="dev01/Config/ch00001/Calibration_Sensor_Calibration_Date" order="0" value="2020-01-01"/>
                                                <instance name="dev01/Config/ch00003/Calibration_Sensor_Minimum_Range" order="0" value="-10"/>
                                                <instance name="dev02/Config/ch00005/enable" order="1" value="1"/>
                                                <instance name="dev02/Config/ch00006/enable" order="1" value="1"/>
                                                <instance name="dev02/Config/ch00002/Maximum_Range" order="0" value="10"/>
                                                <instance name="dev01/Config/ch00001/Maximum_Range" order="0" value="10"/>
                                                <instance name="dev01/Config/ch00004/Calibration_Sensor_Minimum_Range" order="0" value="-10"/>
                                                <instance name="dev01/Config/ch00005/Calibration_Sensor_Minimum_Range" order="0" value="-10"/>
                                                <instance name="dev01/Config/ch00006/Calibration_Sensor_Minimum_Range" order="0" value="-10"/>
                                                <instance name="dev01/Config/ch00007/Calibration_Sensor_Minimum_Range" order="0" value="-10"/>
                                                <instance name="dev01/Config/ch00008/Calibration_Sensor_Minimum_Range" order="0" value="-10"/>
                                                <instance name="dev02/Config/ch00004/Calibration_Sensor_Input_Units" order="0" value="Vdc"/>
                                                <instance name="dev01/Config/ch00001/Calibration_Sensor_Table_Type" order="2" value="0"/>
                                                <instance name="dev02/Config/ch00001/Calibration_Sensor_Name" order="0" value="CalSensor9"/>
                                                <instance name="dev01/Config/ch00002/Calibration_Sensor_Calibration_Date" order="0" value="2020-01-01"/>
                                                <instance name="dev01/Config/ch00006/Calibration_Sensor_Curve" order="0" value="&quot;{0,0.0}{1,25.0}&quot;"/>
                                                <instance name="dev02/Config/ch00002/Calibration_Sensor_Curve" order="0" value="&quot;{0,0.0}{1,60.0}&quot;"/>
                                                <instance name="dev02/Config/ch00001/Calibration_Sensor_Minimum_Range" order="0" value="-10"/>
                                                <instance name="dev02/Config/ch00002/Calibration_Sensor_Minimum_Range" order="0" value="-10"/>
                                                <instance name="dev02/Config/ch00003/Calibration_Sensor_Minimum_Range" order="0" value="-10"/>
                                                <instance name="dev02/Config/ch00004/Maximum_Range" order="0" value="10"/>
                                                <instance name="dev02/Config/ch00002/Calibration_Sensor_Name" order="0" value="CalSensor10"/>
                                                <instance name="dev01/Config/ch00003/Maximum_Range" order="0" value="10"/>
                                                <instance name="dev02/Config/ch00003/Calibration_Sensor_Name" order="0" value="CalSensor11"/>
                                                <instance name="dev02/Config/ch00004/Calibration_Sensor_Name" order="0" value="CalSensor12"/>
                                                <instance name="dev02/Config/ch00006/Maximum_Range" order="0" value="10"/>
                                                <instance name="dev02/Config/ch00006/Calibration_Sensor_Input_Units" order="0" value="Vdc"/>
                                                <instance name="dev01/Config/ch00005/enable" order="1" value="1"/>
                                                <instance name="dev01/Config/ch00007/Calibration_Sensor_Curve" order="0" value="&quot;{0,0.0}{1,25.0}&quot;"/>
                                                <instance name="dev02/Config/ch00005/Calibration_Sensor_Name" order="0" value="CalSensor13"/>
                                                <instance name="dev01/Config/ch00003/Calibration_Sensor_Calibration_Date" order="0" value="2020-01-01"/>
                                                <instance name="dev02/Config/ch00007/enable" order="1" value="1"/>
                                                <instance name="dev02/Config/ch00006/Calibration_Sensor_Name" order="0" value="CalSensor14"/>
                                                <instance name="dev01/Config/ch00001/Calibration_Sensor_Output_Units" order="0" value="kW"/>
                                                <instance name="dev01/Config/ch00002/Calibration_Sensor_Output_Units" order="0" value="kW"/>
                                                <instance name="dev01/Config/ch00003/Calibration_Sensor_Output_Units" order="0" value="A"/>
                                                <instance name="dev01/Config/ch00004/Calibration_Sensor_Output_Units" order="0" value="A"/>
                                                <instance name="dev02/Config/ch00004/Calibration_Sensor_Minimum_Range" order="0" value="-10"/>
                                                <instance name="dev01/Config/ch00004/Minimum_Range" order="0" value="-10"/>
                                                <instance name="dev01/Config/ch00002/Calibration_Sensor_Table_Type" order="2" value="0"/>
                                                <instance name="dev01/Config/ch00008/Calibration_Sensor_Curve" order="0" value="&quot;{0,0.0}{1,25.0}&quot;"/>
                                                <instance name="dev01/Config/ch00005/Calibration_Sensor_Output_Units" order="0" value="A"/>
                                                <instance name="dev02/Config/ch00005/Maximum_Range" order="0" value="10"/>
                                                <instance name="dev01/Config/ch00006/Calibration_Sensor_Output_Units" order="0" value="Vac"/>
                                                <instance name="dev02/Config/ch00008/enable" order="1" value="1"/>
                                                <instance name="dev01/Config/ch00002/Calibration_Sensor_Maximum_Range" order="0" value="50"/>
                                                <instance name="dev01/Config/ch00007/enable" order="1" value="1"/>
                                                <instance name="dev01/Config/ch00003/Calibration_Sensor_Table_Type" order="2" value="0"/>
                                                <instance name="dev01/Config/ch00004/Calibration_Sensor_Table_Type" order="2" value="0"/>
                                                <instance name="dev01/Config/ch00002/rate" order="0" value="10"/>
                                                <instance name="dev02/Config/ch00003/Maximum_Range" order="0" value="10"/>
                                                <instance name="dev01/Config/ch00005/Calibration_Sensor_Table_Type" order="2" value="0"/>
                                                <instance name="dev02/Config/ch00001/Calibration_Sensor_Curve" order="0" value="&quot;{0,0.0}{1,60.0}&quot;"/>
                                                <instance name="dev01/Config/ch00005/Calibration_Sensor_Calibration_Date" order="0" value="2020-01-01"/>
                                                <instance name="dev01/Config/ch00006/Calibration_Sensor_Table_Type" order="2" value="0"/>
                                                <instance name="dev01/Config/ch00007/Calibration_Sensor_Table_Type" order="2" value="0"/>
                                                <instance name="dev01/Config/ch00008/Calibration_Sensor_Table_Type" order="2" value="0"/>
                                                <instance name="dev02/Config/ch00001/Calibration_Sensor_Table_Type" order="2" value="0"/>
                                                <instance name="dev02/Config/ch00002/Calibration_Sensor_Table_Type" order="2" value="0"/>
                                                <instance name="dev01/Config/ch00007/Calibration_Sensor_Output_Units" order="0" value="Vac"/>
                                                <instance name="dev01/Config/ch00005/Minimum_Range" order="0" value="-10"/>
                                                <instance name="dev02/Config/ch00003/Calibration_Sensor_Table_Type" order="2" value="0"/>
                                                <instance name="dev01/Config/ch00001/rate" order="0" value="10"/>
                                                <instance name="dev01/Config/ch00001/Minimum_Range" order="0" value="-10"/>
                                                <instance name="dev01/Config/ch00006/Calibration_Sensor_Calibration_Date" order="0" value="2020-01-01"/>
                                                <instance name="dev01/Config/ch00001/Calibration_Sensor_Name" order="0" value="CalSensor1"/>
                                                <instance name="dev01/Config/ch00005/Maximum_Range" order="0" value="10"/>
                                                <instance name="dev01/Config/ch00006/Minimum_Range" order="0" value="-10"/>
                                                <instance name="dev01/Config/ch00004/Calibration_Sensor_Maximum_Range" order="0" value="625"/>
                                                <instance name="dev01/Config/ch00006/Calibration_Sensor_Maximum_Range" order="0" value="275"/>
                                                <instance name="dev01/Config/ch00007/Minimum_Range" order="0" value="-10"/>
                                                <instance name="dev02/Config/ch00003/Calibration_Sensor_Curve" order="0" value="&quot;{0,0.0}{1,60.0}&quot;"/>
                                                <instance name="dev01/Config/ch00008/Minimum_Range" order="0" value="-10"/>
                                                <instance name="dev02/Config/ch00001/Minimum_Range" order="0" value="-10"/>
                                                <instance name="dev02/Config/ch00002/Minimum_Range" order="0" value="-10"/>
                                                <instance name="dev02/Config/ch00003/Minimum_Range" order="0" value="-10"/>
                                                <instance name="dev02/Config/ch00004/Minimum_Range" order="0" value="-10"/>
                                                <instance name="dev01/Config/ch00003/Calibration_Sensor_Maximum_Range" order="0" value="625"/>
                                                <instance name="dev01/Config/ch00002/Maximum_Range" order="0" value="10"/>
                                                <instance name="dev01/Config/ch00007/Calibration_Sensor_Calibration_Date" order="0" value="2020-01-01"/>
                                                <instance name="dev01/Config/ch00003/rate" order="0" value="10"/>
                                                <instance name="dev01/Config/ch00002/Calibration_Sensor_Name" order="0" value="CalSensor2"/>
                                                <instance name="dev01/Config/ch00008/Calibration_Sensor_Output_Units" order="0" value="Vac"/>
                                                <instance name="dev02/Config/ch00004/Calibration_Sensor_Output_Units" order="0" value="Vac"/>
                                                <instance name="dev02/Config/ch00005/Minimum_Range" order="0" value="-10"/>
                                                <instance name="dev01/Config/ch00006/enable" order="1" value="1"/>
                                                <instance name="dev02/Config/ch00003/enable" order="1" value="1"/>
                                                <instance name="dev01/Config/ch00002/enable" order="1" value="1"/>
                                                <instance name="dev02/Config/ch00006/Calibration_Sensor_Minimum_Range" order="0" value="-10"/>
                                                <instance name="dev01/Config/ch00004/rate" order="0" value="10"/>
                                                <instance name="dev01/Config/ch00005/Calibration_Sensor_Maximum_Range" order="0" value="625"/>
                                                <instance name="dev01/Config/ch00005/rate" order="0" value="10"/>
                                                <instance name="dev01/Config/ch00006/rate" order="0" value="10"/>
                                                <instance name="dev01/Config/ch00008/Calibration_Sensor_Calibration_Date" order="0" value="2020-01-01"/>
                                                <instance name="dev01/Config/ch00004/Maximum_Range" order="0" value="10"/>
                                                <instance name="dev02/Config/ch00004/Calibration_Sensor_Curve" order="0" value="&quot;{0,0.0}{1,25.0}&quot;"/>
                                                <instance name="dev02/Config/ch00001/Calibration_Sensor_Output_Units" order="0" value="A"/>
                                                <instance name="dev01/Config/ch00007/rate" order="0" value="10"/>
                                                <instance name="dev01/Config/ch00003/Calibration_Sensor_Name" order="0" value="CalSensor3"/>
                                                <instance name="dev01/Config/ch00004/Calibration_Sensor_Name" order="0" value="CalSensor4"/>
                                                <instance name="dev01/Config/ch00007/Calibration_Sensor_Maximum_Range" order="0" value="275"/>
                                                <instance name="dev01/Config/ch00008/rate" order="0" value="10"/>
                                                <instance name="dev02/Config/ch00001/rate" order="0" value="10"/>
                                                <instance name="dev02/Config/ch00002/rate" order="0" value="10"/>
                                                <instance name="dev02/Config/ch00003/rate" order="0" value="10"/>
                                                <instance name="dev02/Config/ch00004/rate" order="0" value="10"/>
                                                <instance name="dev02/Config/ch00006/Minimum_Range" order="0" value="-10"/>
                                                <instance name="dev02/Config/ch00005/Calibration_Sensor_Curve" order="0" value="&quot;{0,0.0}{1,25.0}&quot;"/>
                                                <instance name="dev02/Config/ch00001/Calibration_Sensor_Calibration_Date" order="0" value="2020-01-01"/>
                                                <instance name="dev02/Config/ch00002/Calibration_Sensor_Output_Units" order="0" value="A"/>
                                                <instance name="dev02/Config/ch00004/Calibration_Sensor_Table_Type" order="2" value="0"/>
                                                <instance name="dev02/Config/ch00005/rate" order="0" value="10"/>
                                                <instance name="dev01/Config/ch00003/enable" order="1" value="1"/>
                                                <instance name="dev02/Config/ch00006/rate" order="0" value="10"/>
                                                <instance name="dev01/Config/ch00008/Calibration_Sensor_Maximum_Range" order="0" value="275"/>
                                                <instance name="dev01/Config/ch00006/Maximum_Range" order="0" value="10"/>
                                                <instance name="dev02/Config/ch00005/Calibration_Sensor_Input_Units" order="0" value="Vdc"/>
                                                <instance name="dev02/Config/ch00002/Calibration_Sensor_Calibration_Date" order="0" value="2020-01-01"/>
                                                <instance name="dev02/Config/ch00003/Calibration_Sensor_Calibration_Date" order="0" value="2020-01-01"/>
                                                <instance name="dev02/Config/ch00002/Calibration_Sensor_Maximum_Range" order="0" value="625"/>
                                                <instance name="dev01/Config/ch00008/enable" order="1" value="1"/>
                                                <instance name="dev02/Config/ch00005/Calibration_Sensor_Table_Type" order="2" value="0"/>
                                                <instance name="dev02/Config/ch00004/Calibration_Sensor_Calibration_Date" order="0" value="2020-01-01"/>
                                                <instance name="dev02/Config/ch00003/Calibration_Sensor_Output_Units" order="0" value="A"/>
                                                <instance name="dev01/Config/ch00005/Calibration_Sensor_Name" order="0" value="CalSensor5"/>
                                                <instance name="dev02/Config/ch00005/Calibration_Sensor_Calibration_Date" order="0" value="2020-01-01"/>
                                                <instance name="dev02/Config/ch00006/Calibration_Sensor_Calibration_Date" order="0" value="2020-01-01"/>
                                                <instance name="dev01/Config/ch00001/Calibration_Sensor_Curve" order="0" value="&quot;{0,-35.99402}{1,19.45967}&quot;"/>
                                                <instance name="dev01/Config/ch00002/Calibration_Sensor_Curve" order="0" value="&quot;{0,-8.883117}{1,4.675325}&quot;"/>
                                                <instance name="dev01/Config/ch00003/Calibration_Sensor_Curve" order="0" value="&quot;{0,0.0}{1,60.0}&quot;"/>
                                                <instance name="dev02/Config/ch00007/rate" order="0" value="10"/>
                                                <instance name="dev02/Config/ch00006/Calibration_Sensor_Curve" order="0" value="&quot;{0,0.0}{1,25.0}&quot;"/>
                                                <instance name="dev02/Config/ch00006/Calibration_Sensor_Table_Type" order="2" value="0"/>
                                                <instance name="dev01/Config/ch00004/Calibration_Sensor_Curve" order="0" value="&quot;{0,0.0}{1,60.0}&quot;"/>
                                                <instance name="dev02/Config/ch00001/Calibration_Sensor_Maximum_Range" order="0" value="625"/>
                                                <instance name="dev01/Config/ch00005/Calibration_Sensor_Curve" order="0" value="&quot;{0,0.0}{1,60.0}&quot;"/>
                                                <instance name="dev01/Config/ch00006/Calibration_Sensor_Name" order="0" value="CalSensor6"/>
                                                <instance name="dev02/Config/ch00002/enable" order="1" value="1"/>
                                                <instance name="dev02/Config/ch00005/Calibration_Sensor_Minimum_Range" order="0" value="-10"/>
                                                <instance name="dev01/Config/ch00001/Calibration_Sensor_Input_Units" order="0" value="Vdc"/>
                                                <instance name="dev01/Config/ch00004/enable" order="1" value="1"/>
                                                <instance name="dev02/Config/ch00001/Maximum_Range" order="0" value="10"/>
                                                <instance name="dev01/Config/ch00002/Calibration_Sensor_Input_Units" order="0" value="Vdc"/>
                                                <instance name="dev01/Config/ch00002/Minimum_Range" order="0" value="-10"/>
                                                <instance name="dev02/Config/ch00005/Calibration_Sensor_Output_Units" order="0" value="Vac"/>
                                                <instance name="dev01/Config/ch00003/Calibration_Sensor_Input_Units" order="0" value="Vdc"/>
                                                <instance name="dev01/Config/ch00004/Calibration_Sensor_Input_Units" order="0" value="Vdc"/>
                                                <instance name="dev01/Config/ch00005/Calibration_Sensor_Input_Units" order="0" value="Vdc"/>
                                                <instance name="dev01/Config/ch00006/Calibration_Sensor_Input_Units" order="0" value="Vdc"/>
                                                <instance name="dev01/Config/ch00007/Calibration_Sensor_Input_Units" order="0" value="Vdc"/>
                                                <instance name="dev01/Config/ch00007/Maximum_Range" order="0" value="10"/>
                                                <instance name="dev01/Config/ch00008/Calibration_Sensor_Input_Units" order="0" value="Vdc"/>
                                                <instance name="dev01/Config/ch00007/Calibration_Sensor_Name" order="0" value="CalSensor7"/>
                                                <instance name="dev02/Config/ch00003/Calibration_Sensor_Maximum_Range" order="0" value="625"/>
                                            </attributes>
                                        </instance>
                                        <instance name="00219964" backbone-config-data="11,239.255.0.11,239.255.0.1,5" logicalid="UE219964" node-config-data="1.0,1.0,map,1.0,rtehost:6603/channelmap 1.0,1.0,attrv,1.0,rtehost:6603/UE219964">
                                            <attributes>
                                                <instance name="dev01/Config/ch00005/enable" order="1" value="1"/>
                                                <instance name="dev02/Config/ch00007/Maximum_Range" order="0" value="10"/>
                                                <instance name="dev01/Config/ch00007/rate" order="0" value="10"/>
                                                <instance name="dev01/Config/ch00001/enable" order="1" value="1"/>
                                                <instance name="dev01/Config/ch00008/enable" order="1" value="1"/>
                                                <instance name="dev02/Config/ch00004/Minimum_Range" order="0" value="-10"/>
                                                <instance name="dev02/Config/ch00006/Minimum_Range" order="0" value="-10"/>
                                                <instance name="dev02/Config/ch00002/Maximum_Range" order="0" value="10"/>
                                                <instance name="dev02/Config/ch00007/rate" order="0" value="10"/>
                                                <instance name="dev01/Config/ch00002/Minimum_Range" order="0" value="-10"/>
                                                <instance name="dev01/Config/ch00006/enable" order="1" value="1"/>
                                                <instance name="dev02/Config/ch00003/Maximum_Range" order="0" value="10"/>
                                                <instance name="dev01/Config/ch00005/Maximum_Range" order="0" value="10"/>
                                                <instance name="dev02/Config/ch00008/Minimum_Range" order="0" value="-10"/>
                                                <instance name="dev01/Config/ch00004/enable" order="1" value="1"/>
                                                <instance name="dev02/Config/ch00002/enable" order="1" value="1"/>
                                                <instance name="dev01/Config/ch00003/Minimum_Range" order="0" value="-10"/>
                                                <instance name="dev01/Config/ch00006/Minimum_Range" order="0" value="-10"/>
                                                <instance name="dev02/Config/ch00005/rate" order="0" value="10"/>
                                                <instance name="dev01/Config/ch00001/rate" order="0" value="10"/>
                                                <instance name="dev02/Config/ch00005/enable" order="1" value="1"/>
                                                <instance name="dev02/Config/ch00003/rate" order="0" value="10"/>
                                                <instance name="dev01/Config/ch00001/Minimum_Range" order="0" value="-10"/>
                                                <instance name="dev02/Config/ch00008/rate" order="0" value="10"/>
                                                <instance name="dev02/Config/ch00001/Minimum_Range" order="0" value="-10"/>
                                                <instance name="dev01/Config/ch00004/Maximum_Range" order="0" value="10"/>
                                                <instance name="dev02/Config/ch00005/Maximum_Range" order="0" value="10"/>
                                                <instance name="dev01/Config/ch00007/enable" order="1" value="1"/>
                                                <instance name="dev02/Config/ch00004/rate" order="0" value="10"/>
                                                <instance name="dev01/Config/ch00003/rate" order="0" value="10"/>
                                                <instance name="dev02/Config/ch00008/enable" order="1" value="1"/>
                                                <instance name="dev02/Config/ch00006/enable" order="1" value="1"/>
                                                <instance name="dev01/Config/ch00002/enable" order="1" value="1"/>
                                                <instance name="dev02/Config/ch00006/rate" order="0" value="10"/>
                                                <instance name="dev01/Config/ch00002/Maximum_Range" order="0" value="10"/>
                                                <instance name="dev02/Config/ch00003/Minimum_Range" order="0" value="-10"/>
                                                <instance name="dev02/Config/ch00001/enable" order="1" value="1"/>
                                                <instance name="dev01/Config/ch00008/rate" order="0" value="10"/>
                                                <instance name="dev01/Config/ch00004/Minimum_Range" order="0" value="-10"/>
                                                <instance name="dev01/Config/ch00007/Maximum_Range" order="0" value="10"/>
                                                <instance name="dev02/Config/ch00007/Minimum_Range" order="0" value="-10"/>
                                                <instance name="dev02/Config/ch00001/Maximum_Range" order="0" value="10"/>
                                                <instance name="dev02/Config/ch00008/Maximum_Range" order="0" value="10"/>
                                                <instance name="dev02/Config/ch00003/enable" order="1" value="1"/>
                                                <instance name="dev02/Config/ch00004/Maximum_Range" order="0" value="10"/>
                                                <instance name="dev01/Config/ch00004/rate" order="0" value="10"/>
                                                <instance name="dev02/Config/ch00006/Maximum_Range" order="0" value="10"/>
                                                <instance name="dev02/Config/ch00001/rate" order="0" value="10"/>
                                                <instance name="dev01/Config/ch00003/enable" order="1" value="1"/>
                                                <instance name="dev01/Config/ch00005/rate" order="0" value="10"/>
                                                <instance name="dev01/Config/ch00002/rate" order="0" value="10"/>
                                                <instance name="dev01/Config/ch00007/Minimum_Range" order="0" value="-10"/>
                                                <instance name="dev02/Config/ch00005/Minimum_Range" order="0" value="-10"/>
                                                <instance name="dev02/Config/ch00007/enable" order="1" value="1"/>
                                                <instance name="dev01/Config/ch00005/Minimum_Range" order="0" value="-10"/>
                                                <instance name="dev02/Config/ch00002/Minimum_Range" order="0" value="-10"/>
                                                <instance name="dev02/Config/ch00004/enable" order="1" value="1"/>
                                                <instance name="dev01/Config/ch00003/Maximum_Range" order="0" value="10"/>
                                                <instance name="dev01/Config/ch00008/Minimum_Range" order="0" value="-10"/>
                                                <instance name="dev01/Config/ch00001/Maximum_Range" order="0" value="10"/>
                                                <instance name="dev01/Config/ch00008/Maximum_Range" order="0" value="10"/>
                                                <instance name="dev02/Config/ch00002/rate" order="0" value="10"/>
                                                <instance name="dev01/Config/ch00006/Maximum_Range" order="0" value="10"/>
                                                <instance name="dev01/Config/ch00006/rate" order="0" value="10"/>
                                            </attributes>
                                        </instance>
                                    </serial-numbers>
                                </instance>
                                <instance name="IOM-225599">
                                    <serial-numbers>
                                        <instance name="00225599" backbone-config-data="3,239.255.0.3,239.255.0.1,5" logicalid="devCube999" node-config-data="1.0,1.0,map,1.0,rtehost:6603/channelmap 1.0,1.0,attrv,1.0,rtehost/devCube999 1.0,1.0,attrv,1.0,rtehost:6603/devCube999">
                                            <attributes>
                                                <instance name="dev01/Config/ch00001/enable" order="0" value="1"/>
                                                <instance name="dev02/Config/ch00006/Calibration_Sensor_Calibration_Due_Date" order="0" value="2025-01-01"/>
                                                <instance name="dev01/Config/ch00001/Auxiliary_Sensor_Calibration_Due_Date" order="0" value="2025-01-01"/>
                                                <instance name="dev02/Config/enable" order="0" value="1"/>
                                                <instance name="dev02/Config/ch00007/Calibration_Sensor_Calibration_Due_Date" order="0" value="2025-01-01"/>
                                                <instance name="dev01/Config/ch00008/Calibration_Sensor_Calibration_Due_Date" order="0" value="2025-01-01"/>
                                                <instance name="dev01/Config/ch00001/rate" order="0" value="200"/>
                                                <instance name="dev01/Config/ch00006/Auxiliary_Sensor_Calibration_Due_Date" order="0" value="2025-01-01"/>
                                                <instance name="dev01/Config/ch00008/Auxiliary_Sensor_Calibration_Due_Date" order="0" value="2025-01-01"/>
                                                <instance name="dev01/Config/ch00002/Auxiliary_Sensor_Calibration_Due_Date" order="0" value="2025-01-01"/>
                                                <instance name="dev01/Config/ch00002/Calibration_Sensor_Calibration_Due_Date" order="0" value="2025-01-01"/>
                                                <instance name="dev01/Config/ch00004/Auxiliary_Sensor_Calibration_Due_Date" order="0" value="2025-01-01"/>
                                                <instance name="dev01/Config/ch00003/Auxiliary_Sensor_Calibration_Due_Date" order="0" value="2025-01-01"/>
                                                <instance name="dev03/Config/ch00013/source" order="0" value="calcTrigger:5:b"/>
                                                <instance name="dev01/Config/ch00007/Auxiliary_Sensor_Calibration_Due_Date" order="0" value="2025-01-01"/>
                                                <instance name="dev01/Config/ch00005/Calibration_Sensor_Calibration_Due_Date" order="0" value="2025-01-01"/>
                                                <instance name="dev01/Config/ch00007/Calibration_Sensor_Calibration_Due_Date" order="0" value="2025-01-01"/>
                                                <instance name="dev01/Config/ch00003/Calibration_Sensor_Calibration_Due_Date" order="0" value="2025-01-01"/>
                                                <instance name="dev02/Config/ch00001/Calibration_Sensor_Calibration_Due_Date" order="0" value="2025-01-01"/>
                                                <instance name="dev01/Config/ch00004/Calibration_Sensor_Calibration_Due_Date" order="0" value="2025-01-01"/>
                                                <instance name="dev02/Config/ch00008/Calibration_Sensor_Calibration_Due_Date" order="0" value="2025-01-01"/>
                                                <instance name="dev01/Config/ch00006/Calibration_Sensor_Calibration_Due_Date" order="0" value="2025-01-01"/>
                                                <instance name="dev02/Config/ch00005/Calibration_Sensor_Calibration_Due_Date" order="0" value="2025-01-01"/>
                                                <instance name="dev02/Config/ch00001/source" order="0" value="dnaAI00001:5:b"/>
                                                <instance name="dev02/Config/ch00002/Calibration_Sensor_Calibration_Due_Date" order="0" value="2025-01-01"/>
                                                <instance name="dev03/Config/ch00013/enable" order="0" value="1"/>
                                                <instance name="dev02/Config/ch00003/Calibration_Sensor_Calibration_Due_Date" order="0" value="2025-01-01"/>
                                                <instance name="dev01/Config/ch00005/Auxiliary_Sensor_Calibration_Due_Date" order="0" value="2025-01-01"/>
                                                <instance name="dev03/Config/ch00013/rate" order="0" value="200"/>
                                                <instance name="dev01/Config/ch00001/Calibration_Sensor_Calibration_Due_Date" order="0" value="2025-01-01"/>
                                                <instance name="dev03/Config/enable" order="0" value="1"/>
                                                <instance name="dev02/Config/rate" order="0" value="200"/>
                                                <instance name="dev02/Config/ch00004/Calibration_Sensor_Calibration_Due_Date" order="0" value="2025-01-01"/>
                                            </attributes>
                                        </instance>
                                    </serial-numbers>
                                </instance>
                                <instance name="UEI-001">
                                    <serial-numbers>
                                        <instance name="00219967" backbone-config-data="10,239.255.0.10,239.255.0.1,5" logicalid="UE219967" node-config-data="1.0,1.0,map,1.0,rtehost:6603/channelmap 1.0,1.0,attrv,1.0,rtehost:6603/UE219967">
                                            <attributes>
                                                <instance name="dev01/Config/ch00001/enable" order="1" value="1"/>
                                                <instance name="dev01/Config/ch00005/enable" order="1" value="1"/>
                                                <instance name="dev01/Config/ch00008/RTDRange" order="0" value="1"/>
                                                <instance name="dev02/Config/ch00006/RTDWireScheme" order="0" value="4"/>
                                                <instance name="dev02/Config/ch00008/Calibration_Sensor_Input_Units" order="0" value="Ohm"/>
                                                <instance name="dev01/Config/ch00002/Calibration_Sensor_Curve" order="0" value="&quot;{0,0}{1,1}&quot;"/>
                                                <instance name="dev02/Config/ch00010/RTDRange" order="0" value="0"/>
                                                <instance name="dev02/Config/ch00011/RTDRange" order="0" value="0"/>
                                                <instance name="dev02/Config/ch00008/RTDWireScheme" order="0" value="4"/>
                                                <instance name="dev01/Config/ch00003/Calibration_Sensor_Curve" order="0" value="&quot;{0,0}{1,1}&quot;"/>
                                                <instance name="dev01/Config/ch00007/Calibration_Sensor_Calibration_Date" order="0" value="2020-01-01"/>
                                                <instance name="dev01/Config/ch00004/Calibration_Sensor_Curve" order="0" value="&quot;{0,0}{1,1}&quot;"/>
                                                <instance name="dev01/Config/ch00003/rate" order="0" value="20"/>
                                                <instance name="dev01/Config/ch00005/Calibration_Sensor_Curve" order="0" value="&quot;{0,0}{1,1}&quot;"/>
                                                <instance name="dev01/Config/ch00001/rate" order="0" value="20"/>
                                                <instance name="dev01/Config/ch00009/Calibration_Sensor_Input_Units" order="0" value="Ohm"/>
                                                <instance name="dev02/Config/ch00011/Calibration_Sensor_Maximum_Range" order="0" value="1123.15"/>
                                                <instance name="dev01/Config/ch00004/rate" order="0" value="20"/>
                                                <instance name="dev02/Config/ch00009/Calibration_Sensor_Input_Units" order="0" value="Ohm"/>
                                                <instance name="dev01/Config/ch00009/RTDRange" order="0" value="1"/>
                                                <instance name="dev01/Config/ch00006/Calibration_Sensor_Curve" order="0" value="&quot;{0,0}{1,1}&quot;"/>
                                                <instance name="dev01/Config/ch00007/Calibration_Sensor_Curve" order="0" value="&quot;{0,0}{1,1}&quot;"/>
                                                <instance name="dev02/Config/ch00002/RTDWireScheme" order="0" value="4"/>
                                                <instance name="dev01/Config/ch00002/LeadRes" order="0" value="0"/>
                                                <instance name="dev01/Config/ch00008/Calibration_Sensor_Curve" order="0" value="&quot;{0,0}{1,1}&quot;"/>
                                                <instance name="dev02/Config/ch00010/RTDWireScheme" order="0" value="4"/>
                                                <instance name="dev01/Config/ch00009/Calibration_Sensor_Curve" order="0" value="&quot;{0,0}{1,1}&quot;"/>
                                                <instance name="dev01/Config/ch00010/Calibration_Sensor_Curve" order="0" value="&quot;{0,0}{1,1}&quot;"/>
                                                <instance name="dev01/Config/ch00006/Calibration_Sensor_Output_Units" order="0" value="Ohm"/>
                                                <instance name="dev02/Config/ch00003/Calibration_Sensor_Minimum_Range" order="0" value="-20"/>
                                                <instance name="dev01/Config/ch00011/Calibration_Sensor_Curve" order="0" value="&quot;{0,0}{1,1}&quot;"/>
                                                <instance name="dev02/Config/ch00011/Calibration_Sensor_Table_Type" order="2" value="1"/>
                                                <instance name="dev02/Config/ch00003/Calibration_Sensor_Calibration_Date" order="0" value="2020-01-01"/>
                                                <instance name="dev01/Config/ch00010/RTDRange" order="0" value="1"/>
                                                <instance name="dev02/Config/ch00002/rate" order="0" value="20"/>
                                                <instance name="dev02/Config/ch00001/Calibration_Sensor_Curve" order="0" value="&quot;{0,0}{1,1}&quot;"/>
                                                <instance name="dev02/Config/ch00002/Calibration_Sensor_Curve" order="0" value="&quot;{0,0}{1,1}&quot;"/>
                                                <instance name="dev02/Config/ch00003/Calibration_Sensor_Curve" order="0" value="&quot;{0,0}{1,1}&quot;"/>
                                                <instance name="dev01/Config/ch00005/rate" order="0" value="20"/>
                                                <instance name="dev02/Config/ch00004/Calibration_Sensor_Curve" order="0" value="&quot;{0,0}{1,1}&quot;"/>
                                                <instance name="dev01/Config/ch00007/Calibration_Sensor_Output_Units" order="0" value="Ohm"/>
                                                <instance name="dev02/Config/ch00005/Calibration_Sensor_Curve" order="0" value="&quot;{0,0}{1,1}&quot;"/>
                                                <instance name="dev02/Config/ch00006/Calibration_Sensor_Curve" order="0" value="&quot;{0,0}{1,1}&quot;"/>
                                                <instance name="dev02/Config/ch00011/RTDWireScheme" order="0" value="4"/>
                                                <instance name="dev01/Config/ch00001/Calibration_Sensor_Calibration_Date" order="0" value="2020-01-01"/>
                                                <instance name="dev01/Config/ch00010/enable" order="1" value="1"/>
                                                <instance name="dev02/Config/ch00010/Calibration_Sensor_Input_Units" order="0" value="Ohm"/>
                                                <instance name="dev02/Config/ch00007/Calibration_Sensor_Curve" order="0" value="&quot;{0,0}{1,1}&quot;"/>
                                                <instance name="dev02/Config/ch00004/Calibration_Sensor_Minimum_Range" order="0" value="-20"/>
                                                <instance name="dev01/Config/ch00011/RTDRange" order="0" value="1"/>
                                                <instance name="dev02/Config/ch00009/Calibration_Sensor_Table_Type" order="2" value="1"/>
                                                <instance name="dev02/Config/ch00008/Calibration_Sensor_Curve" order="0" value="&quot;{0,18.52,73.15}{1,18.96,74.15}{2,19.39,75.15}{3,19.82,76.15}{4,20.25,77.15}{5,20.68,78.15}{6,21.11,79.15}{7,21.54,80.15}{8,21.97,81.15}{9,22.4,82.15}{10,22.83,83.15}{11,23.26,84.15}{12,23.69,85.15}{13,24.12,86.15}{14,24.55,87.15}{15,24.97,88.15}{16,25.39,89.15}{17,25.82,90.15}{18,26.25,91.15}{19,26.67,92.15}{20,27.1,93.15}{21,27.52,94.15}{22,27.95,95.15}{23,28.37,96.15}{24,28.8,97.15}{25,29.22,98.15}{26,29.65,99.15}{27,30.07,100.15}{28,30.49,101.15}{29,30.92,102.15}{30,31.34,103.15}{31,31.76,104.15}{32,32.18,105.15}{33,32.61,106.15}{34,33.03,107.15}{35,33.45,108.15}{36,33.86,109.15}{37,34.28,110.15}{38,34.7,111.15}{39,35.12,112.15}{40,35.54,113.15}{41,35.96,114.15}{42,36.38,115.15}{43,36.8,116.15}{44,37.22,117.15}{45,37.63,118.15}{46,38.05,119.15}{47,38.47,120.15}{48,38.89,121.15}{49,39.31,122.15}{50,39.72,123.15}{51,40.14,124.15}{52,40.56,125.15}{53,40.97,126.15}{54,41.39,127.15}{55,41.8,128.15}{56,42.22,129.15}{57,42.64,130.15}{58,43.05,131.15}{59,43.46,132.15}{60,43.88,133.15}{61,44.29,134.15}{62,44.71,135.15}{63,45.12,136.15}{64,45.53,137.15}{65,45.95,138.15}{66,46.35,139.15}{67,46.76,140.15}{68,47.18,141.15}{69,47.59,142.15}{70,48,143.15}{71,48.41,144.15}{72,48.82,145.15}{73,49.23,146.15}{74,49.64,147.15}{75,50.06,148.15}{76,50.47,149.15}{77,50.88,150.15}{78,51.29,151.15}{79,51.7,152.15}{80,52.11,153.15}{81,52.52,154.15}{82,52.92,155.15}{83,53.33,156.15}{84,53.74,157.15}{85,54.15,158.15}{86,54.56,159.15}{87,54.97,160.15}{88,55.38,161.15}{89,55.78,162.15}{90,56.19,163.15}{91,56.6,164.15}{92,57,165.15}{93,57.41,166.15}{94,57.82,167.15}{95,58.22,168.15}{96,58.63,169.15}{97,59.04,170.15}{98,59.44,171.15}{99,59.85,172.15}{100,60.26,173.15}{101,60.67,174.15}{102,61.07,175.15}{103,61.48,176.15}{104,61.87,177.15}{105,62.29,178.15}{106,62.69,179.15}{107,63.1,180.15}{108,63.5,181.15}{109,63.91,182.15}{110,64.3,183.15}{111,64.7,184.15}{112,65.11,185.15}{113,65.51,186.15}{114,65.91,187.15}{115,66.31,188.15}{116,66.72,189.15}{117,67.12,190.15}{118,67.52,191.15}{119,67.92,192.15}{120,68.33,193.15}{121,68.73,194.15}{122,69.13,195.15}{123,69.53,196.15}{124,69.93,197.15}{125,70.33,198.15}{126,70.73,199.15}{127,71.13,200.15}{128,71.53,201.15}{129,71.93,202.15}{130,72.33,203.15}{131,72.73,204.15}{132,73.13,205.15}{133,73.53,206.15}{134,73.93,207.15}{135,74.33,208.15}{136,74.73,209.15}{137,75.13,210.15}{138,75.53,211.15}{139,75.93,212.15}{140,76.33,213.15}{141,76.73,214.15}{142,77.13,215.15}{143,77.52,216.15}{144,77.92,217.15}{145,78.32,218.15}{146,78.72,219.15}{147,79.11,220.15}{148,79.51,221.15}{149,79.91,222.15}{150,80.31,223.15}{151,80.7,224.15}{152,81.1,225.15}{153,81.5,226.15}{154,81.89,227.15}{155,82.29,228.15}{156,82.69,229.15}{157,83.08,230.15}{158,83.48,231.15}{159,83.88,232.15}{160,84.27,233.15}{161,84.67,234.15}{162,85.06,235.15}{163,85.46,236.15}{164,85.85,237.15}{165,86.25,238.15}{166,86.64,239.15}{167,87.04,240.15}{168,87.43,241.15}{169,87.83,242.15}{170,88.22,243.15}{171,88.62,244.15}{172,89.01,245.15}{173,89.4,246.15}{174,89.8,247.15}{175,90.19,248.15}{176,90.59,249.15}{177,90.98,250.15}{178,91.37,251.15}{179,91.77,252.15}{180,92.16,253.15}{181,92.55,254.15}{182,92.95,255.15}{183,93.34,256.15}{184,93.73,257.15}{185,94.12,258.15}{186,94.52,259.15}{187,94.91,260.15}{188,95.3,261.15}{189,95.69,262.15}{190,96.09,263.15}{191,96.48,264.15}{192,96.87,265.15}{193,97.26,266.15}{194,97.65,267.15}{195,98.04,268.15}{196,98.44,269.15}{197,98.83,270.15}{198,99.22,271.15}{199,99.61,272.15}{200,100,273.15}{201,100.39,274.15}{202,100.78,275.15}{203,101.17,276.15}{204,101.56,277.15}{205,101.95,278.15}{206,102.34,279.15}{207,102.73,280.15}{208,103.12,281.15}{209,103.51,282.15}{210,103.9,283.15}{211,104.29,284.15}{212,104.68,285.15}{213,105.07,286.15}{214,105.46,287.15}{215,105.85,288.15}{216,106.24,289.15}{217,106.63,290.15}{218,107.02,291.15}{219,107.4,292.15}{220,107.79,293.15}{221,108.18,294.15}{222,108.57,295.15}{223,108.96,296.15}{224,109.35,297.15}{225,109.73,298.15}{226,110.12,299.15}{227,110.51,300.15}{228,110.9,301.15}{229,111.28,302.15}{230,111.67,303.15}{231,112.06,304.15}{232,112.45,305.15}{233,112.83,306.15}{234,113.22,307.15}{235,113.61,308.15}{236,113.99,309.15}{237,114.38,310.15}{238,114.77,311.15}{239,115.15,312.15}{240,115.54,313.15}{241,115.93,314.15}{242,116.31,315.15}{243,116.7,316.15}{244,117.08,317.15}{245,117.47,318.15}{246,117.85,319.15}{247,118.24,320.15}{248,118.62,321.15}{249,119.01,322.15}{250,119.4,323.15}{251,119.78,324.15}{252,120.16,325.15}{253,120.55,326.15}{254,120.93,327.15}{255,121.32,328.15}{256,121.7,329.15}{257,122.09,330.15}{258,122.47,331.15}{259,122.86,332.15}{260,123.24,333.15}{261,123.62,334.15}{262,124.01,335.15}{263,124.39,336.15}{264,124.77,337.15}{265,125.17,338.15}{266,125.55,339.15}{267,125.93,340.15}{268,126.32,341.15}{269,126.7,342.15}{270,127.08,343.15}{271,127.46,344.15}{272,127.85,345.15}{273,128.23,346.15}{274,128.61,347.15}{275,128.99,348.15}{276,129.38,349.15}{277,129.76,350.15}{278,130.14,351.15}{279,130.52,352.15}{280,130.9,353.15}{281,131.28,354.15}{282,131.67,355.15}{283,132.05,356.15}{284,132.43,357.15}{285,132.81,358.15}{286,133.19,359.15}{287,133.57,360.15}{288,133.95,361.15}{289,134.33,362.15}{290,134.71,363.15}{291,135.09,364.15}{292,135.47,365.15}{293,135.85,366.15}{294,136.23,367.15}{295,136.61,368.15}{296,136.99,369.15}{297,137.37,370.15}{298,137.75,371.15}{299,138.13,372.15}{300,138.51,373.15}{301,138.89,374.15}{302,139.27,375.15}{303,139.65,376.15}{304,140.03,377.15}{305,140.39,378.15}{306,140.77,379.15}{307,141.15,380.15}{308,141.53,381.15}{309,141.91,382.15}{310,142.29,383.15}{311,142.66,384.15}{312,143.04,385.15}{313,143.42,386.15}{314,143.8,387.15}{315,144.18,388.15}{316,144.56,389.15}{317,144.94,390.15}{318,145.32,391.15}{319,145.69,392.15}{320,146.07,393.15}{321,146.45,394.15}{322,146.82,395.15}{323,147.2,396.15}{324,147.58,397.15}{325,147.95,398.15}{326,148.33,399.15}{327,148.71,400.15}{328,149.08,401.15}{329,149.46,402.15}{330,149.83,403.15}{331,150.21,404.15}{332,150.58,405.15}{333,150.96,406.15}{334,151.34,407.15}{335,151.71,408.15}{336,152.09,409.15}{337,152.46,410.15}{338,152.84,411.15}{339,153.21,412.15}{340,153.58,413.15}{341,153.95,414.15}{342,154.32,415.15}{343,154.71,416.15}{344,155.08,417.15}{345,155.46,418.15}{346,155.83,419.15}{347,156.21,420.15}{348,156.58,421.15}{349,156.96,422.15}{350,157.33,423.15}{351,157.71,424.15}{352,158.08,425.15}{353,158.45,426.15}{354,158.83,427.15}{355,159.2,428.15}{356,159.56,429.15}{357,159.94,430.15}{358,160.31,431.15}{359,160.68,432.15}{360,161.05,433.15}{361,161.43,434.15}{362,161.8,435.15}{363,162.17,436.15}{364,162.54,437.15}{365,162.91,438.15}{366,163.28,439.15}{367,163.66,440.15}{368,164.03,441.15}{369,164.4,442.15}{370,164.77,443.15}{371,165.14,444.15}{372,165.51,445.15}{373,165.88,446.15}{374,166.25,447.15}{375,166.62,448.15}{376,167,449.15}{377,167.37,450.15}{378,167.74,451.15}{379,168.11,452.15}{380,168.48,453.15}{381,168.85,454.15}{382,169.22,455.15}{383,169.59,456.15}{384,169.96,457.15}{385,170.33,458.15}{386,170.69,459.15}{387,171.06,460.15}{388,171.43,461.15}{389,171.8,462.15}{390,172.17,463.15}{391,172.54,464.15}{392,172.91,465.15}{393,173.27,466.15}{394,173.64,467.15}{395,174.01,468.15}{396,174.39,469.15}{397,174.75,470.15}{398,175.12,471.15}{399,175.49,472.15}{400,175.86,473.15}{401,176.23,474.15}{402,176.59,475.15}{403,176.96,476.15}{404,177.33,477.15}{405,177.7,478.15}{406,178.06,479.15}{407,178.43,480.15}{408,178.8,481.15}{409,179.16,482.15}{410,179.53,483.15}{411,179.9,484.15}{412,180.26,485.15}{413,180.63,486.15}{414,180.99,487.15}{415,181.36,488.15}{416,181.73,489.15}{417,182.09,490.15}{418,182.46,491.15}{419,182.82,492.15}{420,183.19,493.15}{421,183.55,494.15}{422,183.92,495.15}{423,184.28,496.15}{424,184.65,497.15}{425,185.01,498.15}{426,185.38,499.15}{427,185.74,500.15}{428,186.11,501.15}{429,186.47,502.15}{430,186.84,503.15}{431,187.2,504.15}{432,187.56,505.15}{433,187.93,506.15}{434,188.29,507.15}{435,188.65,508.15}{436,189.02,509.15}{437,189.38,510.15}{438,189.74,511.15}{439,190.11,512.15}{440,190.47,513.15}{441,190.83,514.15}{442,191.2,515.15}{443,191.56,516.15}{444,191.92,517.15}{445,192.28,518.15}{446,192.66,519.15}{447,193.02,520.15}{448,193.38,521.15}{449,193.74,522.15}{450,194.1,523.15}{451,194.47,524.15}{452,194.83,525.15}{453,195.19,526.15}{454,195.55,527.15}{455,195.9,528.15}{456,196.26,529.15}{457,196.62,530.15}{458,196.98,531.15}{459,197.35,532.15}{460,197.71,533.15}{461,198.07,534.15}{462,198.43,535.15}{463,198.79,536.15}{464,199.15,537.15}{465,199.51,538.15}{466,199.87,539.15}{467,200.23,540.15}{468,200.59,541.15}{469,200.95,542.15}{470,201.31,543.15}{471,201.67,544.15}{472,202.03,545.15}{473,202.38,546.15}{474,202.74,547.15}{475,203.1,548.15}{476,203.46,549.15}{477,203.82,550.15}{478,204.18,551.15}{479,204.54,552.15}{480,204.9,553.15}{481,205.25,554.15}{482,205.61,555.15}{483,205.97,556.15}{484,206.33,557.15}{485,206.7,558.15}{486,207.05,559.15}{487,207.41,560.15}{488,207.77,561.15}{489,208.13,562.15}{490,208.48,563.15}{491,208.84,564.15}{492,209.2,565.15}{493,209.55,566.15}{494,209.91,567.15}{495,210.27,568.15}{496,210.62,569.15}{497,210.98,570.15}{498,211.34,571.15}{499,211.69,572.15}{500,212.05,573.15}{501,212.4,574.15}{502,212.76,575.15}{503,213.12,576.15}{504,213.47,577.15}{505,213.83,578.15}{506,214.19,579.15}{507,214.55,580.15}{508,214.9,581.15}{509,215.26,582.15}{510,215.61,583.15}{511,215.97,584.15}{512,216.32,585.15}{513,216.68,586.15}{514,217.03,587.15}{515,217.39,588.15}{516,217.73,589.15}{517,218.08,590.15}{518,218.44,591.15}{519,218.79,592.15}{520,219.15,593.15}{521,219.5,594.15}{522,219.85,595.15}{523,220.21,596.15}{524,220.56,597.15}{525,220.91,598.15}{526,221.27,599.15}{527,221.62,600.15}{528,221.97,601.15}{529,222.32,602.15}{530,222.68,603.15}{531,223.03,604.15}{532,223.38,605.15}{533,223.73,606.15}{534,224.09,607.15}{535,224.45,608.15}{536,224.8,609.15}{537,225.15,610.15}{538,225.5,611.15}{539,225.85,612.15}{540,226.21,613.15}{541,226.56,614.15}{542,226.91,615.15}{543,227.26,616.15}{544,227.61,617.15}{545,227.96,618.15}{546,228.31,619.15}{547,228.66,620.15}{548,229.01,621.15}{549,229.36,622.15}{550,229.72,623.15}{551,230.07,624.15}{552,230.42,625.15}{553,230.77,626.15}{554,231.12,627.15}{555,231.47,628.15}{556,231.81,629.15}{557,232.16,630.15}{558,232.51,631.15}{559,232.86,632.15}{560,233.21,633.15}{561,233.56,634.15}{562,233.91,635.15}{563,234.26,636.15}{564,234.6,637.15}{565,234.95,638.15}{566,235.3,639.15}{567,235.65,640.15}{568,236,641.15}{569,236.35,642.15}{570,236.7,643.15}{571,237.05,644.15}{572,237.4,645.15}{573,237.75,646.15}{574,238.09,647.15}{575,238.44,648.15}{576,238.79,649.15}{577,239.14,650.15}{578,239.48,651.15}{579,239.83,652.15}{580,240.18,653.15}{581,240.52,654.15}{582,240.87,655.15}{583,241.22,656.15}{584,241.56,657.15}{585,241.91,658.15}{586,242.25,659.15}{587,242.6,660.15}{588,242.95,661.15}{589,243.29,662.15}{590,243.64,663.15}{591,243.98,664.15}{592,244.33,665.15}{593,244.67,666.15}{594,245.02,667.15}{595,245.36,668.15}{596,245.71,669.15}{597,246.05,670.15}{598,246.4,671.15}{599,246.74,672.15}{600,247.09,673.15}{601,247.43,674.15}{602,247.78,675.15}{603,248.12,676.15}{604,248.46,677.15}{605,248.81,678.15}{606,249.15,679.15}{607,249.5,680.15}{608,249.84,681.15}{609,250.18,682.15}{610,250.53,683.15}{611,250.89,684.15}{612,251.21,685.15}{613,251.55,686.15}{614,251.9,687.15}{615,252.24,688.15}{616,252.59,689.15}{617,252.94,690.15}{618,253.28,691.15}{619,253.62,692.15}{620,253.96,693.15}{621,254.3,694.15}{622,254.65,695.15}{623,254.99,696.15}{624,255.33,697.15}{625,255.67,698.15}{626,256.01,699.15}{627,256.35,700.15}{628,256.7,701.15}{629,257.04,702.15}{630,257.38,703.15}{631,257.72,704.15}{632,258.06,705.15}{633,258.4,706.15}{634,258.74,707.15}{635,259.08,708.15}{636,259.42,709.15}{637,259.76,710.15}{638,260.1,711.15}{639,260.44,712.15}{640,260.78,713.15}{641,261.12,714.15}{642,261.46,715.15}{643,261.8,716.15}{644,262.14,717.15}{645,262.48,718.15}{646,262.83,719.15}{647,263.17,720.15}{648,263.5,721.15}{649,263.84,722.15}{650,264.18,723.15}{651,264.52,724.15}{652,264.86,725.15}{653,265.2,726.15}{654,265.54,727.15}{655,265.87,728.15}{656,266.21,729.15}{657,266.55,730.15}{658,266.89,731.15}{659,267.22,732.15}{660,267.56,733.15}{661,267.9,734.15}{662,268.24,735.15}{663,268.57,736.15}{664,268.91,737.15}{665,269.25,738.15}{666,269.58,739.15}{667,269.92,740.15}{668,270.26,741.15}{669,270.59,742.15}{670,270.93,743.15}{671,271.27,744.15}{672,271.6,745.15}{673,271.94,746.15}{674,272.27,747.15}{675,272.61,748.15}{676,272.95,749.15}{677,273.28,750.15}{678,273.62,751.15}{679,273.95,752.15}{680,274.29,753.15}{681,274.62,754.15}{682,274.96,755.15}{683,275.29,756.15}{684,275.63,757.15}{685,275.96,758.15}{686,276.31,759.15}{687,276.64,760.15}{688,276.97,761.15}{689,277.31,762.15}{690,277.64,763.15}{691,277.98,764.15}{692,278.31,765.15}{693,278.64,766.15}{694,278.98,767.15}{695,279.31,768.15}{696,279.64,769.15}{697,279.98,770.15}{698,280.31,771.15}{699,280.64,772.15}{700,280.98,773.15}{701,281.31,774.15}{702,281.64,775.15}{703,281.97,776.15}{704,282.31,777.15}{705,282.64,778.15}{706,282.97,779.15}{707,283.3,780.15}{708,283.63,781.15}{709,283.97,782.15}{710,284.3,783.15}{711,284.63,784.15}{712,284.96,785.15}{713,285.29,786.15}{714,285.62,787.15}{715,285.95,788.15}{716,286.3,789.15}{717,286.63,790.15}{718,286.96,791.15}{719,287.29,792.15}{720,287.62,793.15}{721,287.95,794.15}{722,288.28,795.15}{723,288.61,796.15}{724,288.94,797.15}{725,289.27,798.15}{726,289.6,799.15}{727,289.93,800.15}{728,290.26,801.15}{729,290.59,802.15}{730,290.92,803.15}{731,291.25,804.15}{732,291.58,805.15}{733,291.9,806.15}{734,292.23,807.15}{735,292.56,808.15}{736,292.9,809.15}{737,293.23,810.15}{738,293.56,811.15}{739,293.89,812.15}{740,294.21,813.15}{741,294.54,814.15}{742,294.87,815.15}{743,295.2,816.15}{744,295.53,817.15}{745,295.85,818.15}{746,296.18,819.15}{747,296.51,820.15}{748,296.84,821.15}{749,297.16,822.15}{750,297.49,823.15}{751,297.82,824.15}{752,298.14,825.15}{753,298.47,826.15}{754,298.8,827.15}{755,299.12,828.15}{756,299.45,829.15}{757,299.78,830.15}{758,300.1,831.15}{759,300.43,832.15}{760,300.75,833.15}{761,301.08,834.15}{762,301.41,835.15}{763,301.73,836.15}{764,302.06,837.15}{765,302.38,838.15}{766,302.71,839.15}{767,303.03,840.15}{768,303.36,841.15}{769,303.68,842.15}{770,304.01,843.15}{771,304.33,844.15}{772,304.66,845.15}{773,304.98,846.15}{774,305.3,847.15}{775,305.63,848.15}{776,305.95,849.15}{777,306.28,850.15}{778,306.6,851.15}{779,306.92,852.15}{780,307.25,853.15}{781,307.57,854.15}{782,307.89,855.15}{783,308.22,856.15}{784,308.54,857.15}{785,308.86,858.15}{786,309.19,859.15}{787,309.51,860.15}{788,309.83,861.15}{789,310.15,862.15}{790,310.48,863.15}{791,310.8,864.15}{792,311.12,865.15}{793,311.45,866.15}{794,311.78,867.15}{795,312.1,868.15}{796,312.43,869.15}{797,312.75,870.15}{798,313.07,871.15}{799,313.39,872.15}{800,313.71,873.15}{801,314.04,874.15}{802,314.36,875.15}{803,314.68,876.15}{804,315,877.15}{805,315.32,878.15}{806,315.64,879.15}{807,315.96,880.15}{808,316.28,881.15}{809,316.6,882.15}{810,316.92,883.15}{811,317.24,884.15}{812,317.56,885.15}{813,317.88,886.15}{814,318.2,887.15}{815,318.52,888.15}{816,318.85,889.15}{817,319.17,890.15}{818,319.49,891.15}{819,319.81,892.15}{820,320.12,893.15}{821,320.44,894.15}{822,320.76,895.15}{823,321.08,896.15}{824,321.4,897.15}{825,321.72,898.15}{826,322.03,899.15}{827,322.34,900.15}{828,322.66,901.15}{829,322.98,902.15}{830,323.3,903.15}{831,323.61,904.15}{832,323.93,905.15}{833,324.25,906.15}{834,324.57,907.15}{835,324.88,908.15}{836,325.21,909.15}{837,325.53,910.15}{838,325.85,911.15}{839,326.16,912.15}{840,326.48,913.15}{841,326.79,914.15}{842,327.11,915.15}{843,327.43,916.15}{844,327.74,917.15}{845,328.06,918.15}{846,328.38,919.15}{847,328.69,920.15}{848,329.01,921.15}{849,329.32,922.15}{850,329.64,923.15}{851,329.95,924.15}{852,330.27,925.15}{853,330.58,926.15}{854,330.9,927.15}{855,331.21,928.15}{856,331.53,929.15}{857,331.84,930.15}{858,332.16,931.15}{859,332.47,932.15}{860,332.79,933.15}{861,333.1,934.15}{862,333.41,935.15}{863,333.73,936.15}{864,334.04,937.15}{865,334.36,938.15}{866,334.68,939.15}{867,334.99,940.15}{868,335.31,941.15}{869,335.62,942.15}{870,335.93,943.15}{871,336.25,944.15}{872,336.56,945.15}{873,336.87,946.15}{874,337.18,947.15}{875,337.5,948.15}{876,337.81,949.15}{877,338.12,950.15}{878,338.43,951.15}{879,338.75,952.15}{880,339.06,953.15}{881,339.37,954.15}{882,339.68,955.15}{883,339.99,956.15}{884,340.3,957.15}{885,340.62,958.15}{886,340.94,959.15}{887,341.25,960.15}{888,341.55,961.15}{889,341.87,962.15}{890,342.18,963.15}{891,342.49,964.15}{892,342.8,965.15}{893,343.11,966.15}{894,343.42,967.15}{895,343.73,968.15}{896,344.04,969.15}{897,344.35,970.15}{898,344.66,971.15}{899,344.97,972.15}{900,345.28,973.15}{901,345.59,974.15}{902,345.9,975.15}{903,346.21,976.15}{904,346.52,977.15}{905,346.83,978.15}{906,347.15,979.15}{907,347.46,980.15}{908,347.76,981.15}{909,348.07,982.15}{910,348.38,983.15}{911,348.69,984.15}{912,349,985.15}{913,349.31,986.15}{914,349.61,987.15}{915,349.92,988.15}{916,350.23,989.15}{917,350.54,990.15}{918,350.85,991.15}{919,351.15,992.15}{920,351.46,993.15}{921,351.77,994.15}{922,352.07,995.15}{923,352.38,996.15}{924,352.69,997.15}{925,352.99,998.15}{926,353.3,999.15}{927,353.61,1000.15}{928,353.91,1001.15}{929,354.22,1002.15}{930,354.53,1003.15}{931,354.83,1004.15}{932,355.14,1005.15}{933,355.44,1006.15}{934,355.75,1007.15}{935,356.06,1008.15}{936,356.37,1009.15}{937,356.68,1010.15}{938,356.98,1011.15}{939,357.29,1012.15}{940,357.59,1013.15}{941,357.9,1014.15}{942,358.2,1015.15}{943,358.51,1016.15}{944,358.81,1017.15}{945,359.12,1018.15}{946,359.42,1019.15}{947,359.72,1020.15}{948,360.03,1021.15}{949,360.33,1022.15}{950,360.64,1023.15}{951,360.94,1024.15}{952,361.24,1025.15}{953,361.55,1026.15}{954,361.85,1027.15}{955,362.15,1028.15}{956,362.46,1029.15}{957,362.76,1030.15}{958,363.06,1031.15}{959,363.36,1032.15}{960,363.67,1033.15}{961,363.97,1034.15}{962,364.27,1035.15}{963,364.57,1036.15}{964,364.88,1037.15}{965,365.18,1038.15}{966,365.49,1039.15}{967,365.79,1040.15}{968,366.09,1041.15}{969,366.4,1042.15}{970,366.7,1043.15}{971,367,1044.15}{972,367.3,1045.15}{973,367.6,1046.15}{974,367.9,1047.15}{975,368.2,1048.15}{976,368.5,1049.15}{977,368.81,1050.15}{978,369.11,1051.15}{979,369.41,1052.15}{980,369.71,1053.15}{981,370.01,1054.15}{982,370.31,1055.15}{983,370.61,1056.15}{984,370.91,1057.15}{985,371.21,1058.15}{986,371.52,1059.15}{987,371.82,1060.15}{988,372.12,1061.15}{989,372.41,1062.15}{990,372.71,1063.15}{991,373.01,1064.15}{992,373.31,1065.15}{993,373.61,1066.15}{994,373.91,1067.15}{995,374.21,1068.15}{996,374.51,1069.15}{997,374.8,1070.15}{998,375.1,1071.15}{999,375.4,1072.15}{1000,375.7,1073.15}{1001,376,1074.15}{1002,376.29,1075.15}{1003,376.59,1076.15}{1004,376.89,1077.15}{1005,377.19,1078.15}{1006,377.49,1079.15}{1007,377.79,1080.15}{1008,378.09,1081.15}{1009,378.39,1082.15}{1010,378.68,1083.15}{1011,378.98,1084.15}{1012,379.28,1085.15}{1013,379.57,1086.15}{1014,379.87,1087.15}{1015,380.17,1088.15}{1016,380.46,1089.15}{1017,380.76,1090.15}{1018,381.05,1091.15}{1019,381.35,1092.15}{1020,381.65,1093.15}{1021,381.94,1094.15}{1022,382.24,1095.15}{1023,382.53,1096.15}{1024,382.83,1097.15}{1025,383.12,1098.15}{1026,383.42,1099.15}{1027,383.71,1100.15}{1028,384.01,1101.15}{1029,384.3,1102.15}{1030,384.6,1103.15}{1031,384.89,1104.15}{1032,385.18,1105.15}{1033,385.48,1106.15}{1034,385.77,1107.15}{1035,386.07,1108.15}{1036,386.37,1109.15}{1037,386.66,1110.15}{1038,386.96,1111.15}{1039,387.25,1112.15}{1040,387.55,1113.15}{1041,387.84,1114.15}{1042,388.13,1115.15}{1043,388.42,1116.15}{1044,388.72,1117.15}{1045,389.01,1118.15}{1046,389.31,1119.15}{1047,389.61,1120.15}{1048,389.9,1121.15}{1049,390.19,1122.15}{1050,390.48,1123.15}&quot;"/>
                                                <instance name="dev01/Config/ch00008/Calibration_Sensor_Output_Units" order="0" value="Ohm"/>
                                                <instance name="dev02/Config/ch00009/Calibration_Sensor_Curve" order="0" value="&quot;{0,18.52,73.15}{1,18.96,74.15}{2,19.39,75.15}{3,19.82,76.15}{4,20.25,77.15}{5,20.68,78.15}{6,21.11,79.15}{7,21.54,80.15}{8,21.97,81.15}{9,22.4,82.15}{10,22.83,83.15}{11,23.26,84.15}{12,23.69,85.15}{13,24.12,86.15}{14,24.55,87.15}{15,24.97,88.15}{16,25.39,89.15}{17,25.82,90.15}{18,26.25,91.15}{19,26.67,92.15}{20,27.1,93.15}{21,27.52,94.15}{22,27.95,95.15}{23,28.37,96.15}{24,28.8,97.15}{25,29.22,98.15}{26,29.65,99.15}{27,30.07,100.15}{28,30.49,101.15}{29,30.92,102.15}{30,31.34,103.15}{31,31.76,104.15}{32,32.18,105.15}{33,32.61,106.15}{34,33.03,107.15}{35,33.45,108.15}{36,33.86,109.15}{37,34.28,110.15}{38,34.7,111.15}{39,35.12,112.15}{40,35.54,113.15}{41,35.96,114.15}{42,36.38,115.15}{43,36.8,116.15}{44,37.22,117.15}{45,37.63,118.15}{46,38.05,119.15}{47,38.47,120.15}{48,38.89,121.15}{49,39.31,122.15}{50,39.72,123.15}{51,40.14,124.15}{52,40.56,125.15}{53,40.97,126.15}{54,41.39,127.15}{55,41.8,128.15}{56,42.22,129.15}{57,42.64,130.15}{58,43.05,131.15}{59,43.46,132.15}{60,43.88,133.15}{61,44.29,134.15}{62,44.71,135.15}{63,45.12,136.15}{64,45.53,137.15}{65,45.95,138.15}{66,46.35,139.15}{67,46.76,140.15}{68,47.18,141.15}{69,47.59,142.15}{70,48,143.15}{71,48.41,144.15}{72,48.82,145.15}{73,49.23,146.15}{74,49.64,147.15}{75,50.06,148.15}{76,50.47,149.15}{77,50.88,150.15}{78,51.29,151.15}{79,51.7,152.15}{80,52.11,153.15}{81,52.52,154.15}{82,52.92,155.15}{83,53.33,156.15}{84,53.74,157.15}{85,54.15,158.15}{86,54.56,159.15}{87,54.97,160.15}{88,55.38,161.15}{89,55.78,162.15}{90,56.19,163.15}{91,56.6,164.15}{92,57,165.15}{93,57.41,166.15}{94,57.82,167.15}{95,58.22,168.15}{96,58.63,169.15}{97,59.04,170.15}{98,59.44,171.15}{99,59.85,172.15}{100,60.26,173.15}{101,60.67,174.15}{102,61.07,175.15}{103,61.48,176.15}{104,61.87,177.15}{105,62.29,178.15}{106,62.69,179.15}{107,63.1,180.15}{108,63.5,181.15}{109,63.91,182.15}{110,64.3,183.15}{111,64.7,184.15}{112,65.11,185.15}{113,65.51,186.15}{114,65.91,187.15}{115,66.31,188.15}{116,66.72,189.15}{117,67.12,190.15}{118,67.52,191.15}{119,67.92,192.15}{120,68.33,193.15}{121,68.73,194.15}{122,69.13,195.15}{123,69.53,196.15}{124,69.93,197.15}{125,70.33,198.15}{126,70.73,199.15}{127,71.13,200.15}{128,71.53,201.15}{129,71.93,202.15}{130,72.33,203.15}{131,72.73,204.15}{132,73.13,205.15}{133,73.53,206.15}{134,73.93,207.15}{135,74.33,208.15}{136,74.73,209.15}{137,75.13,210.15}{138,75.53,211.15}{139,75.93,212.15}{140,76.33,213.15}{141,76.73,214.15}{142,77.13,215.15}{143,77.52,216.15}{144,77.92,217.15}{145,78.32,218.15}{146,78.72,219.15}{147,79.11,220.15}{148,79.51,221.15}{149,79.91,222.15}{150,80.31,223.15}{151,80.7,224.15}{152,81.1,225.15}{153,81.5,226.15}{154,81.89,227.15}{155,82.29,228.15}{156,82.69,229.15}{157,83.08,230.15}{158,83.48,231.15}{159,83.88,232.15}{160,84.27,233.15}{161,84.67,234.15}{162,85.06,235.15}{163,85.46,236.15}{164,85.85,237.15}{165,86.25,238.15}{166,86.64,239.15}{167,87.04,240.15}{168,87.43,241.15}{169,87.83,242.15}{170,88.22,243.15}{171,88.62,244.15}{172,89.01,245.15}{173,89.4,246.15}{174,89.8,247.15}{175,90.19,248.15}{176,90.59,249.15}{177,90.98,250.15}{178,91.37,251.15}{179,91.77,252.15}{180,92.16,253.15}{181,92.55,254.15}{182,92.95,255.15}{183,93.34,256.15}{184,93.73,257.15}{185,94.12,258.15}{186,94.52,259.15}{187,94.91,260.15}{188,95.3,261.15}{189,95.69,262.15}{190,96.09,263.15}{191,96.48,264.15}{192,96.87,265.15}{193,97.26,266.15}{194,97.65,267.15}{195,98.04,268.15}{196,98.44,269.15}{197,98.83,270.15}{198,99.22,271.15}{199,99.61,272.15}{200,100,273.15}{201,100.39,274.15}{202,100.78,275.15}{203,101.17,276.15}{204,101.56,277.15}{205,101.95,278.15}{206,102.34,279.15}{207,102.73,280.15}{208,103.12,281.15}{209,103.51,282.15}{210,103.9,283.15}{211,104.29,284.15}{212,104.68,285.15}{213,105.07,286.15}{214,105.46,287.15}{215,105.85,288.15}{216,106.24,289.15}{217,106.63,290.15}{218,107.02,291.15}{219,107.4,292.15}{220,107.79,293.15}{221,108.18,294.15}{222,108.57,295.15}{223,108.96,296.15}{224,109.35,297.15}{225,109.73,298.15}{226,110.12,299.15}{227,110.51,300.15}{228,110.9,301.15}{229,111.28,302.15}{230,111.67,303.15}{231,112.06,304.15}{232,112.45,305.15}{233,112.83,306.15}{234,113.22,307.15}{235,113.61,308.15}{236,113.99,309.15}{237,114.38,310.15}{238,114.77,311.15}{239,115.15,312.15}{240,115.54,313.15}{241,115.93,314.15}{242,116.31,315.15}{243,116.7,316.15}{244,117.08,317.15}{245,117.47,318.15}{246,117.85,319.15}{247,118.24,320.15}{248,118.62,321.15}{249,119.01,322.15}{250,119.4,323.15}{251,119.78,324.15}{252,120.16,325.15}{253,120.55,326.15}{254,120.93,327.15}{255,121.32,328.15}{256,121.7,329.15}{257,122.09,330.15}{258,122.47,331.15}{259,122.86,332.15}{260,123.24,333.15}{261,123.62,334.15}{262,124.01,335.15}{263,124.39,336.15}{264,124.77,337.15}{265,125.17,338.15}{266,125.55,339.15}{267,125.93,340.15}{268,126.32,341.15}{269,126.7,342.15}{270,127.08,343.15}{271,127.46,344.15}{272,127.85,345.15}{273,128.23,346.15}{274,128.61,347.15}{275,128.99,348.15}{276,129.38,349.15}{277,129.76,350.15}{278,130.14,351.15}{279,130.52,352.15}{280,130.9,353.15}{281,131.28,354.15}{282,131.67,355.15}{283,132.05,356.15}{284,132.43,357.15}{285,132.81,358.15}{286,133.19,359.15}{287,133.57,360.15}{288,133.95,361.15}{289,134.33,362.15}{290,134.71,363.15}{291,135.09,364.15}{292,135.47,365.15}{293,135.85,366.15}{294,136.23,367.15}{295,136.61,368.15}{296,136.99,369.15}{297,137.37,370.15}{298,137.75,371.15}{299,138.13,372.15}{300,138.51,373.15}{301,138.89,374.15}{302,139.27,375.15}{303,139.65,376.15}{304,140.03,377.15}{305,140.39,378.15}{306,140.77,379.15}{307,141.15,380.15}{308,141.53,381.15}{309,141.91,382.15}{310,142.29,383.15}{311,142.66,384.15}{312,143.04,385.15}{313,143.42,386.15}{314,143.8,387.15}{315,144.18,388.15}{316,144.56,389.15}{317,144.94,390.15}{318,145.32,391.15}{319,145.69,392.15}{320,146.07,393.15}{321,146.45,394.15}{322,146.82,395.15}{323,147.2,396.15}{324,147.58,397.15}{325,147.95,398.15}{326,148.33,399.15}{327,148.71,400.15}{328,149.08,401.15}{329,149.46,402.15}{330,149.83,403.15}{331,150.21,404.15}{332,150.58,405.15}{333,150.96,406.15}{334,151.34,407.15}{335,151.71,408.15}{336,152.09,409.15}{337,152.46,410.15}{338,152.84,411.15}{339,153.21,412.15}{340,153.58,413.15}{341,153.95,414.15}{342,154.32,415.15}{343,154.71,416.15}{344,155.08,417.15}{345,155.46,418.15}{346,155.83,419.15}{347,156.21,420.15}{348,156.58,421.15}{349,156.96,422.15}{350,157.33,423.15}{351,157.71,424.15}{352,158.08,425.15}{353,158.45,426.15}{354,158.83,427.15}{355,159.2,428.15}{356,159.56,429.15}{357,159.94,430.15}{358,160.31,431.15}{359,160.68,432.15}{360,161.05,433.15}{361,161.43,434.15}{362,161.8,435.15}{363,162.17,436.15}{364,162.54,437.15}{365,162.91,438.15}{366,163.28,439.15}{367,163.66,440.15}{368,164.03,441.15}{369,164.4,442.15}{370,164.77,443.15}{371,165.14,444.15}{372,165.51,445.15}{373,165.88,446.15}{374,166.25,447.15}{375,166.62,448.15}{376,167,449.15}{377,167.37,450.15}{378,167.74,451.15}{379,168.11,452.15}{380,168.48,453.15}{381,168.85,454.15}{382,169.22,455.15}{383,169.59,456.15}{384,169.96,457.15}{385,170.33,458.15}{386,170.69,459.15}{387,171.06,460.15}{388,171.43,461.15}{389,171.8,462.15}{390,172.17,463.15}{391,172.54,464.15}{392,172.91,465.15}{393,173.27,466.15}{394,173.64,467.15}{395,174.01,468.15}{396,174.39,469.15}{397,174.75,470.15}{398,175.12,471.15}{399,175.49,472.15}{400,175.86,473.15}{401,176.23,474.15}{402,176.59,475.15}{403,176.96,476.15}{404,177.33,477.15}{405,177.7,478.15}{406,178.06,479.15}{407,178.43,480.15}{408,178.8,481.15}{409,179.16,482.15}{410,179.53,483.15}{411,179.9,484.15}{412,180.26,485.15}{413,180.63,486.15}{414,180.99,487.15}{415,181.36,488.15}{416,181.73,489.15}{417,182.09,490.15}{418,182.46,491.15}{419,182.82,492.15}{420,183.19,493.15}{421,183.55,494.15}{422,183.92,495.15}{423,184.28,496.15}{424,184.65,497.15}{425,185.01,498.15}{426,185.38,499.15}{427,185.74,500.15}{428,186.11,501.15}{429,186.47,502.15}{430,186.84,503.15}{431,187.2,504.15}{432,187.56,505.15}{433,187.93,506.15}{434,188.29,507.15}{435,188.65,508.15}{436,189.02,509.15}{437,189.38,510.15}{438,189.74,511.15}{439,190.11,512.15}{440,190.47,513.15}{441,190.83,514.15}{442,191.2,515.15}{443,191.56,516.15}{444,191.92,517.15}{445,192.28,518.15}{446,192.66,519.15}{447,193.02,520.15}{448,193.38,521.15}{449,193.74,522.15}{450,194.1,523.15}{451,194.47,524.15}{452,194.83,525.15}{453,195.19,526.15}{454,195.55,527.15}{455,195.9,528.15}{456,196.26,529.15}{457,196.62,530.15}{458,196.98,531.15}{459,197.35,532.15}{460,197.71,533.15}{461,198.07,534.15}{462,198.43,535.15}{463,198.79,536.15}{464,199.15,537.15}{465,199.51,538.15}{466,199.87,539.15}{467,200.23,540.15}{468,200.59,541.15}{469,200.95,542.15}{470,201.31,543.15}{471,201.67,544.15}{472,202.03,545.15}{473,202.38,546.15}{474,202.74,547.15}{475,203.1,548.15}{476,203.46,549.15}{477,203.82,550.15}{478,204.18,551.15}{479,204.54,552.15}{480,204.9,553.15}{481,205.25,554.15}{482,205.61,555.15}{483,205.97,556.15}{484,206.33,557.15}{485,206.7,558.15}{486,207.05,559.15}{487,207.41,560.15}{488,207.77,561.15}{489,208.13,562.15}{490,208.48,563.15}{491,208.84,564.15}{492,209.2,565.15}{493,209.55,566.15}{494,209.91,567.15}{495,210.27,568.15}{496,210.62,569.15}{497,210.98,570.15}{498,211.34,571.15}{499,211.69,572.15}{500,212.05,573.15}{501,212.4,574.15}{502,212.76,575.15}{503,213.12,576.15}{504,213.47,577.15}{505,213.83,578.15}{506,214.19,579.15}{507,214.55,580.15}{508,214.9,581.15}{509,215.26,582.15}{510,215.61,583.15}{511,215.97,584.15}{512,216.32,585.15}{513,216.68,586.15}{514,217.03,587.15}{515,217.39,588.15}{516,217.73,589.15}{517,218.08,590.15}{518,218.44,591.15}{519,218.79,592.15}{520,219.15,593.15}{521,219.5,594.15}{522,219.85,595.15}{523,220.21,596.15}{524,220.56,597.15}{525,220.91,598.15}{526,221.27,599.15}{527,221.62,600.15}{528,221.97,601.15}{529,222.32,602.15}{530,222.68,603.15}{531,223.03,604.15}{532,223.38,605.15}{533,223.73,606.15}{534,224.09,607.15}{535,224.45,608.15}{536,224.8,609.15}{537,225.15,610.15}{538,225.5,611.15}{539,225.85,612.15}{540,226.21,613.15}{541,226.56,614.15}{542,226.91,615.15}{543,227.26,616.15}{544,227.61,617.15}{545,227.96,618.15}{546,228.31,619.15}{547,228.66,620.15}{548,229.01,621.15}{549,229.36,622.15}{550,229.72,623.15}{551,230.07,624.15}{552,230.42,625.15}{553,230.77,626.15}{554,231.12,627.15}{555,231.47,628.15}{556,231.81,629.15}{557,232.16,630.15}{558,232.51,631.15}{559,232.86,632.15}{560,233.21,633.15}{561,233.56,634.15}{562,233.91,635.15}{563,234.26,636.15}{564,234.6,637.15}{565,234.95,638.15}{566,235.3,639.15}{567,235.65,640.15}{568,236,641.15}{569,236.35,642.15}{570,236.7,643.15}{571,237.05,644.15}{572,237.4,645.15}{573,237.75,646.15}{574,238.09,647.15}{575,238.44,648.15}{576,238.79,649.15}{577,239.14,650.15}{578,239.48,651.15}{579,239.83,652.15}{580,240.18,653.15}{581,240.52,654.15}{582,240.87,655.15}{583,241.22,656.15}{584,241.56,657.15}{585,241.91,658.15}{586,242.25,659.15}{587,242.6,660.15}{588,242.95,661.15}{589,243.29,662.15}{590,243.64,663.15}{591,243.98,664.15}{592,244.33,665.15}{593,244.67,666.15}{594,245.02,667.15}{595,245.36,668.15}{596,245.71,669.15}{597,246.05,670.15}{598,246.4,671.15}{599,246.74,672.15}{600,247.09,673.15}{601,247.43,674.15}{602,247.78,675.15}{603,248.12,676.15}{604,248.46,677.15}{605,248.81,678.15}{606,249.15,679.15}{607,249.5,680.15}{608,249.84,681.15}{609,250.18,682.15}{610,250.53,683.15}{611,250.89,684.15}{612,251.21,685.15}{613,251.55,686.15}{614,251.9,687.15}{615,252.24,688.15}{616,252.59,689.15}{617,252.94,690.15}{618,253.28,691.15}{619,253.62,692.15}{620,253.96,693.15}{621,254.3,694.15}{622,254.65,695.15}{623,254.99,696.15}{624,255.33,697.15}{625,255.67,698.15}{626,256.01,699.15}{627,256.35,700.15}{628,256.7,701.15}{629,257.04,702.15}{630,257.38,703.15}{631,257.72,704.15}{632,258.06,705.15}{633,258.4,706.15}{634,258.74,707.15}{635,259.08,708.15}{636,259.42,709.15}{637,259.76,710.15}{638,260.1,711.15}{639,260.44,712.15}{640,260.78,713.15}{641,261.12,714.15}{642,261.46,715.15}{643,261.8,716.15}{644,262.14,717.15}{645,262.48,718.15}{646,262.83,719.15}{647,263.17,720.15}{648,263.5,721.15}{649,263.84,722.15}{650,264.18,723.15}{651,264.52,724.15}{652,264.86,725.15}{653,265.2,726.15}{654,265.54,727.15}{655,265.87,728.15}{656,266.21,729.15}{657,266.55,730.15}{658,266.89,731.15}{659,267.22,732.15}{660,267.56,733.15}{661,267.9,734.15}{662,268.24,735.15}{663,268.57,736.15}{664,268.91,737.15}{665,269.25,738.15}{666,269.58,739.15}{667,269.92,740.15}{668,270.26,741.15}{669,270.59,742.15}{670,270.93,743.15}{671,271.27,744.15}{672,271.6,745.15}{673,271.94,746.15}{674,272.27,747.15}{675,272.61,748.15}{676,272.95,749.15}{677,273.28,750.15}{678,273.62,751.15}{679,273.95,752.15}{680,274.29,753.15}{681,274.62,754.15}{682,274.96,755.15}{683,275.29,756.15}{684,275.63,757.15}{685,275.96,758.15}{686,276.31,759.15}{687,276.64,760.15}{688,276.97,761.15}{689,277.31,762.15}{690,277.64,763.15}{691,277.98,764.15}{692,278.31,765.15}{693,278.64,766.15}{694,278.98,767.15}{695,279.31,768.15}{696,279.64,769.15}{697,279.98,770.15}{698,280.31,771.15}{699,280.64,772.15}{700,280.98,773.15}{701,281.31,774.15}{702,281.64,775.15}{703,281.97,776.15}{704,282.31,777.15}{705,282.64,778.15}{706,282.97,779.15}{707,283.3,780.15}{708,283.63,781.15}{709,283.97,782.15}{710,284.3,783.15}{711,284.63,784.15}{712,284.96,785.15}{713,285.29,786.15}{714,285.62,787.15}{715,285.95,788.15}{716,286.3,789.15}{717,286.63,790.15}{718,286.96,791.15}{719,287.29,792.15}{720,287.62,793.15}{721,287.95,794.15}{722,288.28,795.15}{723,288.61,796.15}{724,288.94,797.15}{725,289.27,798.15}{726,289.6,799.15}{727,289.93,800.15}{728,290.26,801.15}{729,290.59,802.15}{730,290.92,803.15}{731,291.25,804.15}{732,291.58,805.15}{733,291.9,806.15}{734,292.23,807.15}{735,292.56,808.15}{736,292.9,809.15}{737,293.23,810.15}{738,293.56,811.15}{739,293.89,812.15}{740,294.21,813.15}{741,294.54,814.15}{742,294.87,815.15}{743,295.2,816.15}{744,295.53,817.15}{745,295.85,818.15}{746,296.18,819.15}{747,296.51,820.15}{748,296.84,821.15}{749,297.16,822.15}{750,297.49,823.15}{751,297.82,824.15}{752,298.14,825.15}{753,298.47,826.15}{754,298.8,827.15}{755,299.12,828.15}{756,299.45,829.15}{757,299.78,830.15}{758,300.1,831.15}{759,300.43,832.15}{760,300.75,833.15}{761,301.08,834.15}{762,301.41,835.15}{763,301.73,836.15}{764,302.06,837.15}{765,302.38,838.15}{766,302.71,839.15}{767,303.03,840.15}{768,303.36,841.15}{769,303.68,842.15}{770,304.01,843.15}{771,304.33,844.15}{772,304.66,845.15}{773,304.98,846.15}{774,305.3,847.15}{775,305.63,848.15}{776,305.95,849.15}{777,306.28,850.15}{778,306.6,851.15}{779,306.92,852.15}{780,307.25,853.15}{781,307.57,854.15}{782,307.89,855.15}{783,308.22,856.15}{784,308.54,857.15}{785,308.86,858.15}{786,309.19,859.15}{787,309.51,860.15}{788,309.83,861.15}{789,310.15,862.15}{790,310.48,863.15}{791,310.8,864.15}{792,311.12,865.15}{793,311.45,866.15}{794,311.78,867.15}{795,312.1,868.15}{796,312.43,869.15}{797,312.75,870.15}{798,313.07,871.15}{799,313.39,872.15}{800,313.71,873.15}{801,314.04,874.15}{802,314.36,875.15}{803,314.68,876.15}{804,315,877.15}{805,315.32,878.15}{806,315.64,879.15}{807,315.96,880.15}{808,316.28,881.15}{809,316.6,882.15}{810,316.92,883.15}{811,317.24,884.15}{812,317.56,885.15}{813,317.88,886.15}{814,318.2,887.15}{815,318.52,888.15}{816,318.85,889.15}{817,319.17,890.15}{818,319.49,891.15}{819,319.81,892.15}{820,320.12,893.15}{821,320.44,894.15}{822,320.76,895.15}{823,321.08,896.15}{824,321.4,897.15}{825,321.72,898.15}{826,322.03,899.15}{827,322.34,900.15}{828,322.66,901.15}{829,322.98,902.15}{830,323.3,903.15}{831,323.61,904.15}{832,323.93,905.15}{833,324.25,906.15}{834,324.57,907.15}{835,324.88,908.15}{836,325.21,909.15}{837,325.53,910.15}{838,325.85,911.15}{839,326.16,912.15}{840,326.48,913.15}{841,326.79,914.15}{842,327.11,915.15}{843,327.43,916.15}{844,327.74,917.15}{845,328.06,918.15}{846,328.38,919.15}{847,328.69,920.15}{848,329.01,921.15}{849,329.32,922.15}{850,329.64,923.15}{851,329.95,924.15}{852,330.27,925.15}{853,330.58,926.15}{854,330.9,927.15}{855,331.21,928.15}{856,331.53,929.15}{857,331.84,930.15}{858,332.16,931.15}{859,332.47,932.15}{860,332.79,933.15}{861,333.1,934.15}{862,333.41,935.15}{863,333.73,936.15}{864,334.04,937.15}{865,334.36,938.15}{866,334.68,939.15}{867,334.99,940.15}{868,335.31,941.15}{869,335.62,942.15}{870,335.93,943.15}{871,336.25,944.15}{872,336.56,945.15}{873,336.87,946.15}{874,337.18,947.15}{875,337.5,948.15}{876,337.81,949.15}{877,338.12,950.15}{878,338.43,951.15}{879,338.75,952.15}{880,339.06,953.15}{881,339.37,954.15}{882,339.68,955.15}{883,339.99,956.15}{884,340.3,957.15}{885,340.62,958.15}{886,340.94,959.15}{887,341.25,960.15}{888,341.55,961.15}{889,341.87,962.15}{890,342.18,963.15}{891,342.49,964.15}{892,342.8,965.15}{893,343.11,966.15}{894,343.42,967.15}{895,343.73,968.15}{896,344.04,969.15}{897,344.35,970.15}{898,344.66,971.15}{899,344.97,972.15}{900,345.28,973.15}{901,345.59,974.15}{902,345.9,975.15}{903,346.21,976.15}{904,346.52,977.15}{905,346.83,978.15}{906,347.15,979.15}{907,347.46,980.15}{908,347.76,981.15}{909,348.07,982.15}{910,348.38,983.15}{911,348.69,984.15}{912,349,985.15}{913,349.31,986.15}{914,349.61,987.15}{915,349.92,988.15}{916,350.23,989.15}{917,350.54,990.15}{918,350.85,991.15}{919,351.15,992.15}{920,351.46,993.15}{921,351.77,994.15}{922,352.07,995.15}{923,352.38,996.15}{924,352.69,997.15}{925,352.99,998.15}{926,353.3,999.15}{927,353.61,1000.15}{928,353.91,1001.15}{929,354.22,1002.15}{930,354.53,1003.15}{931,354.83,1004.15}{932,355.14,1005.15}{933,355.44,1006.15}{934,355.75,1007.15}{935,356.06,1008.15}{936,356.37,1009.15}{937,356.68,1010.15}{938,356.98,1011.15}{939,357.29,1012.15}{940,357.59,1013.15}{941,357.9,1014.15}{942,358.2,1015.15}{943,358.51,1016.15}{944,358.81,1017.15}{945,359.12,1018.15}{946,359.42,1019.15}{947,359.72,1020.15}{948,360.03,1021.15}{949,360.33,1022.15}{950,360.64,1023.15}{951,360.94,1024.15}{952,361.24,1025.15}{953,361.55,1026.15}{954,361.85,1027.15}{955,362.15,1028.15}{956,362.46,1029.15}{957,362.76,1030.15}{958,363.06,1031.15}{959,363.36,1032.15}{960,363.67,1033.15}{961,363.97,1034.15}{962,364.27,1035.15}{963,364.57,1036.15}{964,364.88,1037.15}{965,365.18,1038.15}{966,365.49,1039.15}{967,365.79,1040.15}{968,366.09,1041.15}{969,366.4,1042.15}{970,366.7,1043.15}{971,367,1044.15}{972,367.3,1045.15}{973,367.6,1046.15}{974,367.9,1047.15}{975,368.2,1048.15}{976,368.5,1049.15}{977,368.81,1050.15}{978,369.11,1051.15}{979,369.41,1052.15}{980,369.71,1053.15}{981,370.01,1054.15}{982,370.31,1055.15}{983,370.61,1056.15}{984,370.91,1057.15}{985,371.21,1058.15}{986,371.52,1059.15}{987,371.82,1060.15}{988,372.12,1061.15}{989,372.41,1062.15}{990,372.71,1063.15}{991,373.01,1064.15}{992,373.31,1065.15}{993,373.61,1066.15}{994,373.91,1067.15}{995,374.21,1068.15}{996,374.51,1069.15}{997,374.8,1070.15}{998,375.1,1071.15}{999,375.4,1072.15}{1000,375.7,1073.15}{1001,376,1074.15}{1002,376.29,1075.15}{1003,376.59,1076.15}{1004,376.89,1077.15}{1005,377.19,1078.15}{1006,377.49,1079.15}{1007,377.79,1080.15}{1008,378.09,1081.15}{1009,378.39,1082.15}{1010,378.68,1083.15}{1011,378.98,1084.15}{1012,379.28,1085.15}{1013,379.57,1086.15}{1014,379.87,1087.15}{1015,380.17,1088.15}{1016,380.46,1089.15}{1017,380.76,1090.15}{1018,381.05,1091.15}{1019,381.35,1092.15}{1020,381.65,1093.15}{1021,381.94,1094.15}{1022,382.24,1095.15}{1023,382.53,1096.15}{1024,382.83,1097.15}{1025,383.12,1098.15}{1026,383.42,1099.15}{1027,383.71,1100.15}{1028,384.01,1101.15}{1029,384.3,1102.15}{1030,384.6,1103.15}{1031,384.89,1104.15}{1032,385.18,1105.15}{1033,385.48,1106.15}{1034,385.77,1107.15}{1035,386.07,1108.15}{1036,386.37,1109.15}{1037,386.66,1110.15}{1038,386.96,1111.15}{1039,387.25,1112.15}{1040,387.55,1113.15}{1041,387.84,1114.15}{1042,388.13,1115.15}{1043,388.42,1116.15}{1044,388.72,1117.15}{1045,389.01,1118.15}{1046,389.31,1119.15}{1047,389.61,1120.15}{1048,389.9,1121.15}{1049,390.19,1122.15}{1050,390.48,1123.15}&quot;"/>
                                                <instance name="dev02/Config/ch00010/Calibration_Sensor_Curve" order="0" value="&quot;{0,18.52,73.15}{1,18.96,74.15}{2,19.39,75.15}{3,19.82,76.15}{4,20.25,77.15}{5,20.68,78.15}{6,21.11,79.15}{7,21.54,80.15}{8,21.97,81.15}{9,22.4,82.15}{10,22.83,83.15}{11,23.26,84.15}{12,23.69,85.15}{13,24.12,86.15}{14,24.55,87.15}{15,24.97,88.15}{16,25.39,89.15}{17,25.82,90.15}{18,26.25,91.15}{19,26.67,92.15}{20,27.1,93.15}{21,27.52,94.15}{22,27.95,95.15}{23,28.37,96.15}{24,28.8,97.15}{25,29.22,98.15}{26,29.65,99.15}{27,30.07,100.15}{28,30.49,101.15}{29,30.92,102.15}{30,31.34,103.15}{31,31.76,104.15}{32,32.18,105.15}{33,32.61,106.15}{34,33.03,107.15}{35,33.45,108.15}{36,33.86,109.15}{37,34.28,110.15}{38,34.7,111.15}{39,35.12,112.15}{40,35.54,113.15}{41,35.96,114.15}{42,36.38,115.15}{43,36.8,116.15}{44,37.22,117.15}{45,37.63,118.15}{46,38.05,119.15}{47,38.47,120.15}{48,38.89,121.15}{49,39.31,122.15}{50,39.72,123.15}{51,40.14,124.15}{52,40.56,125.15}{53,40.97,126.15}{54,41.39,127.15}{55,41.8,128.15}{56,42.22,129.15}{57,42.64,130.15}{58,43.05,131.15}{59,43.46,132.15}{60,43.88,133.15}{61,44.29,134.15}{62,44.71,135.15}{63,45.12,136.15}{64,45.53,137.15}{65,45.95,138.15}{66,46.35,139.15}{67,46.76,140.15}{68,47.18,141.15}{69,47.59,142.15}{70,48,143.15}{71,48.41,144.15}{72,48.82,145.15}{73,49.23,146.15}{74,49.64,147.15}{75,50.06,148.15}{76,50.47,149.15}{77,50.88,150.15}{78,51.29,151.15}{79,51.7,152.15}{80,52.11,153.15}{81,52.52,154.15}{82,52.92,155.15}{83,53.33,156.15}{84,53.74,157.15}{85,54.15,158.15}{86,54.56,159.15}{87,54.97,160.15}{88,55.38,161.15}{89,55.78,162.15}{90,56.19,163.15}{91,56.6,164.15}{92,57,165.15}{93,57.41,166.15}{94,57.82,167.15}{95,58.22,168.15}{96,58.63,169.15}{97,59.04,170.15}{98,59.44,171.15}{99,59.85,172.15}{100,60.26,173.15}{101,60.67,174.15}{102,61.07,175.15}{103,61.48,176.15}{104,61.87,177.15}{105,62.29,178.15}{106,62.69,179.15}{107,63.1,180.15}{108,63.5,181.15}{109,63.91,182.15}{110,64.3,183.15}{111,64.7,184.15}{112,65.11,185.15}{113,65.51,186.15}{114,65.91,187.15}{115,66.31,188.15}{116,66.72,189.15}{117,67.12,190.15}{118,67.52,191.15}{119,67.92,192.15}{120,68.33,193.15}{121,68.73,194.15}{122,69.13,195.15}{123,69.53,196.15}{124,69.93,197.15}{125,70.33,198.15}{126,70.73,199.15}{127,71.13,200.15}{128,71.53,201.15}{129,71.93,202.15}{130,72.33,203.15}{131,72.73,204.15}{132,73.13,205.15}{133,73.53,206.15}{134,73.93,207.15}{135,74.33,208.15}{136,74.73,209.15}{137,75.13,210.15}{138,75.53,211.15}{139,75.93,212.15}{140,76.33,213.15}{141,76.73,214.15}{142,77.13,215.15}{143,77.52,216.15}{144,77.92,217.15}{145,78.32,218.15}{146,78.72,219.15}{147,79.11,220.15}{148,79.51,221.15}{149,79.91,222.15}{150,80.31,223.15}{151,80.7,224.15}{152,81.1,225.15}{153,81.5,226.15}{154,81.89,227.15}{155,82.29,228.15}{156,82.69,229.15}{157,83.08,230.15}{158,83.48,231.15}{159,83.88,232.15}{160,84.27,233.15}{161,84.67,234.15}{162,85.06,235.15}{163,85.46,236.15}{164,85.85,237.15}{165,86.25,238.15}{166,86.64,239.15}{167,87.04,240.15}{168,87.43,241.15}{169,87.83,242.15}{170,88.22,243.15}{171,88.62,244.15}{172,89.01,245.15}{173,89.4,246.15}{174,89.8,247.15}{175,90.19,248.15}{176,90.59,249.15}{177,90.98,250.15}{178,91.37,251.15}{179,91.77,252.15}{180,92.16,253.15}{181,92.55,254.15}{182,92.95,255.15}{183,93.34,256.15}{184,93.73,257.15}{185,94.12,258.15}{186,94.52,259.15}{187,94.91,260.15}{188,95.3,261.15}{189,95.69,262.15}{190,96.09,263.15}{191,96.48,264.15}{192,96.87,265.15}{193,97.26,266.15}{194,97.65,267.15}{195,98.04,268.15}{196,98.44,269.15}{197,98.83,270.15}{198,99.22,271.15}{199,99.61,272.15}{200,100,273.15}{201,100.39,274.15}{202,100.78,275.15}{203,101.17,276.15}{204,101.56,277.15}{205,101.95,278.15}{206,102.34,279.15}{207,102.73,280.15}{208,103.12,281.15}{209,103.51,282.15}{210,103.9,283.15}{211,104.29,284.15}{212,104.68,285.15}{213,105.07,286.15}{214,105.46,287.15}{215,105.85,288.15}{216,106.24,289.15}{217,106.63,290.15}{218,107.02,291.15}{219,107.4,292.15}{220,107.79,293.15}{221,108.18,294.15}{222,108.57,295.15}{223,108.96,296.15}{224,109.35,297.15}{225,109.73,298.15}{226,110.12,299.15}{227,110.51,300.15}{228,110.9,301.15}{229,111.28,302.15}{230,111.67,303.15}{231,112.06,304.15}{232,112.45,305.15}{233,112.83,306.15}{234,113.22,307.15}{235,113.61,308.15}{236,113.99,309.15}{237,114.38,310.15}{238,114.77,311.15}{239,115.15,312.15}{240,115.54,313.15}{241,115.93,314.15}{242,116.31,315.15}{243,116.7,316.15}{244,117.08,317.15}{245,117.47,318.15}{246,117.85,319.15}{247,118.24,320.15}{248,118.62,321.15}{249,119.01,322.15}{250,119.4,323.15}{251,119.78,324.15}{252,120.16,325.15}{253,120.55,326.15}{254,120.93,327.15}{255,121.32,328.15}{256,121.7,329.15}{257,122.09,330.15}{258,122.47,331.15}{259,122.86,332.15}{260,123.24,333.15}{261,123.62,334.15}{262,124.01,335.15}{263,124.39,336.15}{264,124.77,337.15}{265,125.17,338.15}{266,125.55,339.15}{267,125.93,340.15}{268,126.32,341.15}{269,126.7,342.15}{270,127.08,343.15}{271,127.46,344.15}{272,127.85,345.15}{273,128.23,346.15}{274,128.61,347.15}{275,128.99,348.15}{276,129.38,349.15}{277,129.76,350.15}{278,130.14,351.15}{279,130.52,352.15}{280,130.9,353.15}{281,131.28,354.15}{282,131.67,355.15}{283,132.05,356.15}{284,132.43,357.15}{285,132.81,358.15}{286,133.19,359.15}{287,133.57,360.15}{288,133.95,361.15}{289,134.33,362.15}{290,134.71,363.15}{291,135.09,364.15}{292,135.47,365.15}{293,135.85,366.15}{294,136.23,367.15}{295,136.61,368.15}{296,136.99,369.15}{297,137.37,370.15}{298,137.75,371.15}{299,138.13,372.15}{300,138.51,373.15}{301,138.89,374.15}{302,139.27,375.15}{303,139.65,376.15}{304,140.03,377.15}{305,140.39,378.15}{306,140.77,379.15}{307,141.15,380.15}{308,141.53,381.15}{309,141.91,382.15}{310,142.29,383.15}{311,142.66,384.15}{312,143.04,385.15}{313,143.42,386.15}{314,143.8,387.15}{315,144.18,388.15}{316,144.56,389.15}{317,144.94,390.15}{318,145.32,391.15}{319,145.69,392.15}{320,146.07,393.15}{321,146.45,394.15}{322,146.82,395.15}{323,147.2,396.15}{324,147.58,397.15}{325,147.95,398.15}{326,148.33,399.15}{327,148.71,400.15}{328,149.08,401.15}{329,149.46,402.15}{330,149.83,403.15}{331,150.21,404.15}{332,150.58,405.15}{333,150.96,406.15}{334,151.34,407.15}{335,151.71,408.15}{336,152.09,409.15}{337,152.46,410.15}{338,152.84,411.15}{339,153.21,412.15}{340,153.58,413.15}{341,153.95,414.15}{342,154.32,415.15}{343,154.71,416.15}{344,155.08,417.15}{345,155.46,418.15}{346,155.83,419.15}{347,156.21,420.15}{348,156.58,421.15}{349,156.96,422.15}{350,157.33,423.15}{351,157.71,424.15}{352,158.08,425.15}{353,158.45,426.15}{354,158.83,427.15}{355,159.2,428.15}{356,159.56,429.15}{357,159.94,430.15}{358,160.31,431.15}{359,160.68,432.15}{360,161.05,433.15}{361,161.43,434.15}{362,161.8,435.15}{363,162.17,436.15}{364,162.54,437.15}{365,162.91,438.15}{366,163.28,439.15}{367,163.66,440.15}{368,164.03,441.15}{369,164.4,442.15}{370,164.77,443.15}{371,165.14,444.15}{372,165.51,445.15}{373,165.88,446.15}{374,166.25,447.15}{375,166.62,448.15}{376,167,449.15}{377,167.37,450.15}{378,167.74,451.15}{379,168.11,452.15}{380,168.48,453.15}{381,168.85,454.15}{382,169.22,455.15}{383,169.59,456.15}{384,169.96,457.15}{385,170.33,458.15}{386,170.69,459.15}{387,171.06,460.15}{388,171.43,461.15}{389,171.8,462.15}{390,172.17,463.15}{391,172.54,464.15}{392,172.91,465.15}{393,173.27,466.15}{394,173.64,467.15}{395,174.01,468.15}{396,174.39,469.15}{397,174.75,470.15}{398,175.12,471.15}{399,175.49,472.15}{400,175.86,473.15}{401,176.23,474.15}{402,176.59,475.15}{403,176.96,476.15}{404,177.33,477.15}{405,177.7,478.15}{406,178.06,479.15}{407,178.43,480.15}{408,178.8,481.15}{409,179.16,482.15}{410,179.53,483.15}{411,179.9,484.15}{412,180.26,485.15}{413,180.63,486.15}{414,180.99,487.15}{415,181.36,488.15}{416,181.73,489.15}{417,182.09,490.15}{418,182.46,491.15}{419,182.82,492.15}{420,183.19,493.15}{421,183.55,494.15}{422,183.92,495.15}{423,184.28,496.15}{424,184.65,497.15}{425,185.01,498.15}{426,185.38,499.15}{427,185.74,500.15}{428,186.11,501.15}{429,186.47,502.15}{430,186.84,503.15}{431,187.2,504.15}{432,187.56,505.15}{433,187.93,506.15}{434,188.29,507.15}{435,188.65,508.15}{436,189.02,509.15}{437,189.38,510.15}{438,189.74,511.15}{439,190.11,512.15}{440,190.47,513.15}{441,190.83,514.15}{442,191.2,515.15}{443,191.56,516.15}{444,191.92,517.15}{445,192.28,518.15}{446,192.66,519.15}{447,193.02,520.15}{448,193.38,521.15}{449,193.74,522.15}{450,194.1,523.15}{451,194.47,524.15}{452,194.83,525.15}{453,195.19,526.15}{454,195.55,527.15}{455,195.9,528.15}{456,196.26,529.15}{457,196.62,530.15}{458,196.98,531.15}{459,197.35,532.15}{460,197.71,533.15}{461,198.07,534.15}{462,198.43,535.15}{463,198.79,536.15}{464,199.15,537.15}{465,199.51,538.15}{466,199.87,539.15}{467,200.23,540.15}{468,200.59,541.15}{469,200.95,542.15}{470,201.31,543.15}{471,201.67,544.15}{472,202.03,545.15}{473,202.38,546.15}{474,202.74,547.15}{475,203.1,548.15}{476,203.46,549.15}{477,203.82,550.15}{478,204.18,551.15}{479,204.54,552.15}{480,204.9,553.15}{481,205.25,554.15}{482,205.61,555.15}{483,205.97,556.15}{484,206.33,557.15}{485,206.7,558.15}{486,207.05,559.15}{487,207.41,560.15}{488,207.77,561.15}{489,208.13,562.15}{490,208.48,563.15}{491,208.84,564.15}{492,209.2,565.15}{493,209.55,566.15}{494,209.91,567.15}{495,210.27,568.15}{496,210.62,569.15}{497,210.98,570.15}{498,211.34,571.15}{499,211.69,572.15}{500,212.05,573.15}{501,212.4,574.15}{502,212.76,575.15}{503,213.12,576.15}{504,213.47,577.15}{505,213.83,578.15}{506,214.19,579.15}{507,214.55,580.15}{508,214.9,581.15}{509,215.26,582.15}{510,215.61,583.15}{511,215.97,584.15}{512,216.32,585.15}{513,216.68,586.15}{514,217.03,587.15}{515,217.39,588.15}{516,217.73,589.15}{517,218.08,590.15}{518,218.44,591.15}{519,218.79,592.15}{520,219.15,593.15}{521,219.5,594.15}{522,219.85,595.15}{523,220.21,596.15}{524,220.56,597.15}{525,220.91,598.15}{526,221.27,599.15}{527,221.62,600.15}{528,221.97,601.15}{529,222.32,602.15}{530,222.68,603.15}{531,223.03,604.15}{532,223.38,605.15}{533,223.73,606.15}{534,224.09,607.15}{535,224.45,608.15}{536,224.8,609.15}{537,225.15,610.15}{538,225.5,611.15}{539,225.85,612.15}{540,226.21,613.15}{541,226.56,614.15}{542,226.91,615.15}{543,227.26,616.15}{544,227.61,617.15}{545,227.96,618.15}{546,228.31,619.15}{547,228.66,620.15}{548,229.01,621.15}{549,229.36,622.15}{550,229.72,623.15}{551,230.07,624.15}{552,230.42,625.15}{553,230.77,626.15}{554,231.12,627.15}{555,231.47,628.15}{556,231.81,629.15}{557,232.16,630.15}{558,232.51,631.15}{559,232.86,632.15}{560,233.21,633.15}{561,233.56,634.15}{562,233.91,635.15}{563,234.26,636.15}{564,234.6,637.15}{565,234.95,638.15}{566,235.3,639.15}{567,235.65,640.15}{568,236,641.15}{569,236.35,642.15}{570,236.7,643.15}{571,237.05,644.15}{572,237.4,645.15}{573,237.75,646.15}{574,238.09,647.15}{575,238.44,648.15}{576,238.79,649.15}{577,239.14,650.15}{578,239.48,651.15}{579,239.83,652.15}{580,240.18,653.15}{581,240.52,654.15}{582,240.87,655.15}{583,241.22,656.15}{584,241.56,657.15}{585,241.91,658.15}{586,242.25,659.15}{587,242.6,660.15}{588,242.95,661.15}{589,243.29,662.15}{590,243.64,663.15}{591,243.98,664.15}{592,244.33,665.15}{593,244.67,666.15}{594,245.02,667.15}{595,245.36,668.15}{596,245.71,669.15}{597,246.05,670.15}{598,246.4,671.15}{599,246.74,672.15}{600,247.09,673.15}{601,247.43,674.15}{602,247.78,675.15}{603,248.12,676.15}{604,248.46,677.15}{605,248.81,678.15}{606,249.15,679.15}{607,249.5,680.15}{608,249.84,681.15}{609,250.18,682.15}{610,250.53,683.15}{611,250.89,684.15}{612,251.21,685.15}{613,251.55,686.15}{614,251.9,687.15}{615,252.24,688.15}{616,252.59,689.15}{617,252.94,690.15}{618,253.28,691.15}{619,253.62,692.15}{620,253.96,693.15}{621,254.3,694.15}{622,254.65,695.15}{623,254.99,696.15}{624,255.33,697.15}{625,255.67,698.15}{626,256.01,699.15}{627,256.35,700.15}{628,256.7,701.15}{629,257.04,702.15}{630,257.38,703.15}{631,257.72,704.15}{632,258.06,705.15}{633,258.4,706.15}{634,258.74,707.15}{635,259.08,708.15}{636,259.42,709.15}{637,259.76,710.15}{638,260.1,711.15}{639,260.44,712.15}{640,260.78,713.15}{641,261.12,714.15}{642,261.46,715.15}{643,261.8,716.15}{644,262.14,717.15}{645,262.48,718.15}{646,262.83,719.15}{647,263.17,720.15}{648,263.5,721.15}{649,263.84,722.15}{650,264.18,723.15}{651,264.52,724.15}{652,264.86,725.15}{653,265.2,726.15}{654,265.54,727.15}{655,265.87,728.15}{656,266.21,729.15}{657,266.55,730.15}{658,266.89,731.15}{659,267.22,732.15}{660,267.56,733.15}{661,267.9,734.15}{662,268.24,735.15}{663,268.57,736.15}{664,268.91,737.15}{665,269.25,738.15}{666,269.58,739.15}{667,269.92,740.15}{668,270.26,741.15}{669,270.59,742.15}{670,270.93,743.15}{671,271.27,744.15}{672,271.6,745.15}{673,271.94,746.15}{674,272.27,747.15}{675,272.61,748.15}{676,272.95,749.15}{677,273.28,750.15}{678,273.62,751.15}{679,273.95,752.15}{680,274.29,753.15}{681,274.62,754.15}{682,274.96,755.15}{683,275.29,756.15}{684,275.63,757.15}{685,275.96,758.15}{686,276.31,759.15}{687,276.64,760.15}{688,276.97,761.15}{689,277.31,762.15}{690,277.64,763.15}{691,277.98,764.15}{692,278.31,765.15}{693,278.64,766.15}{694,278.98,767.15}{695,279.31,768.15}{696,279.64,769.15}{697,279.98,770.15}{698,280.31,771.15}{699,280.64,772.15}{700,280.98,773.15}{701,281.31,774.15}{702,281.64,775.15}{703,281.97,776.15}{704,282.31,777.15}{705,282.64,778.15}{706,282.97,779.15}{707,283.3,780.15}{708,283.63,781.15}{709,283.97,782.15}{710,284.3,783.15}{711,284.63,784.15}{712,284.96,785.15}{713,285.29,786.15}{714,285.62,787.15}{715,285.95,788.15}{716,286.3,789.15}{717,286.63,790.15}{718,286.96,791.15}{719,287.29,792.15}{720,287.62,793.15}{721,287.95,794.15}{722,288.28,795.15}{723,288.61,796.15}{724,288.94,797.15}{725,289.27,798.15}{726,289.6,799.15}{727,289.93,800.15}{728,290.26,801.15}{729,290.59,802.15}{730,290.92,803.15}{731,291.25,804.15}{732,291.58,805.15}{733,291.9,806.15}{734,292.23,807.15}{735,292.56,808.15}{736,292.9,809.15}{737,293.23,810.15}{738,293.56,811.15}{739,293.89,812.15}{740,294.21,813.15}{741,294.54,814.15}{742,294.87,815.15}{743,295.2,816.15}{744,295.53,817.15}{745,295.85,818.15}{746,296.18,819.15}{747,296.51,820.15}{748,296.84,821.15}{749,297.16,822.15}{750,297.49,823.15}{751,297.82,824.15}{752,298.14,825.15}{753,298.47,826.15}{754,298.8,827.15}{755,299.12,828.15}{756,299.45,829.15}{757,299.78,830.15}{758,300.1,831.15}{759,300.43,832.15}{760,300.75,833.15}{761,301.08,834.15}{762,301.41,835.15}{763,301.73,836.15}{764,302.06,837.15}{765,302.38,838.15}{766,302.71,839.15}{767,303.03,840.15}{768,303.36,841.15}{769,303.68,842.15}{770,304.01,843.15}{771,304.33,844.15}{772,304.66,845.15}{773,304.98,846.15}{774,305.3,847.15}{775,305.63,848.15}{776,305.95,849.15}{777,306.28,850.15}{778,306.6,851.15}{779,306.92,852.15}{780,307.25,853.15}{781,307.57,854.15}{782,307.89,855.15}{783,308.22,856.15}{784,308.54,857.15}{785,308.86,858.15}{786,309.19,859.15}{787,309.51,860.15}{788,309.83,861.15}{789,310.15,862.15}{790,310.48,863.15}{791,310.8,864.15}{792,311.12,865.15}{793,311.45,866.15}{794,311.78,867.15}{795,312.1,868.15}{796,312.43,869.15}{797,312.75,870.15}{798,313.07,871.15}{799,313.39,872.15}{800,313.71,873.15}{801,314.04,874.15}{802,314.36,875.15}{803,314.68,876.15}{804,315,877.15}{805,315.32,878.15}{806,315.64,879.15}{807,315.96,880.15}{808,316.28,881.15}{809,316.6,882.15}{810,316.92,883.15}{811,317.24,884.15}{812,317.56,885.15}{813,317.88,886.15}{814,318.2,887.15}{815,318.52,888.15}{816,318.85,889.15}{817,319.17,890.15}{818,319.49,891.15}{819,319.81,892.15}{820,320.12,893.15}{821,320.44,894.15}{822,320.76,895.15}{823,321.08,896.15}{824,321.4,897.15}{825,321.72,898.15}{826,322.03,899.15}{827,322.34,900.15}{828,322.66,901.15}{829,322.98,902.15}{830,323.3,903.15}{831,323.61,904.15}{832,323.93,905.15}{833,324.25,906.15}{834,324.57,907.15}{835,324.88,908.15}{836,325.21,909.15}{837,325.53,910.15}{838,325.85,911.15}{839,326.16,912.15}{840,326.48,913.15}{841,326.79,914.15}{842,327.11,915.15}{843,327.43,916.15}{844,327.74,917.15}{845,328.06,918.15}{846,328.38,919.15}{847,328.69,920.15}{848,329.01,921.15}{849,329.32,922.15}{850,329.64,923.15}{851,329.95,924.15}{852,330.27,925.15}{853,330.58,926.15}{854,330.9,927.15}{855,331.21,928.15}{856,331.53,929.15}{857,331.84,930.15}{858,332.16,931.15}{859,332.47,932.15}{860,332.79,933.15}{861,333.1,934.15}{862,333.41,935.15}{863,333.73,936.15}{864,334.04,937.15}{865,334.36,938.15}{866,334.68,939.15}{867,334.99,940.15}{868,335.31,941.15}{869,335.62,942.15}{870,335.93,943.15}{871,336.25,944.15}{872,336.56,945.15}{873,336.87,946.15}{874,337.18,947.15}{875,337.5,948.15}{876,337.81,949.15}{877,338.12,950.15}{878,338.43,951.15}{879,338.75,952.15}{880,339.06,953.15}{881,339.37,954.15}{882,339.68,955.15}{883,339.99,956.15}{884,340.3,957.15}{885,340.62,958.15}{886,340.94,959.15}{887,341.25,960.15}{888,341.55,961.15}{889,341.87,962.15}{890,342.18,963.15}{891,342.49,964.15}{892,342.8,965.15}{893,343.11,966.15}{894,343.42,967.15}{895,343.73,968.15}{896,344.04,969.15}{897,344.35,970.15}{898,344.66,971.15}{899,344.97,972.15}{900,345.28,973.15}{901,345.59,974.15}{902,345.9,975.15}{903,346.21,976.15}{904,346.52,977.15}{905,346.83,978.15}{906,347.15,979.15}{907,347.46,980.15}{908,347.76,981.15}{909,348.07,982.15}{910,348.38,983.15}{911,348.69,984.15}{912,349,985.15}{913,349.31,986.15}{914,349.61,987.15}{915,349.92,988.15}{916,350.23,989.15}{917,350.54,990.15}{918,350.85,991.15}{919,351.15,992.15}{920,351.46,993.15}{921,351.77,994.15}{922,352.07,995.15}{923,352.38,996.15}{924,352.69,997.15}{925,352.99,998.15}{926,353.3,999.15}{927,353.61,1000.15}{928,353.91,1001.15}{929,354.22,1002.15}{930,354.53,1003.15}{931,354.83,1004.15}{932,355.14,1005.15}{933,355.44,1006.15}{934,355.75,1007.15}{935,356.06,1008.15}{936,356.37,1009.15}{937,356.68,1010.15}{938,356.98,1011.15}{939,357.29,1012.15}{940,357.59,1013.15}{941,357.9,1014.15}{942,358.2,1015.15}{943,358.51,1016.15}{944,358.81,1017.15}{945,359.12,1018.15}{946,359.42,1019.15}{947,359.72,1020.15}{948,360.03,1021.15}{949,360.33,1022.15}{950,360.64,1023.15}{951,360.94,1024.15}{952,361.24,1025.15}{953,361.55,1026.15}{954,361.85,1027.15}{955,362.15,1028.15}{956,362.46,1029.15}{957,362.76,1030.15}{958,363.06,1031.15}{959,363.36,1032.15}{960,363.67,1033.15}{961,363.97,1034.15}{962,364.27,1035.15}{963,364.57,1036.15}{964,364.88,1037.15}{965,365.18,1038.15}{966,365.49,1039.15}{967,365.79,1040.15}{968,366.09,1041.15}{969,366.4,1042.15}{970,366.7,1043.15}{971,367,1044.15}{972,367.3,1045.15}{973,367.6,1046.15}{974,367.9,1047.15}{975,368.2,1048.15}{976,368.5,1049.15}{977,368.81,1050.15}{978,369.11,1051.15}{979,369.41,1052.15}{980,369.71,1053.15}{981,370.01,1054.15}{982,370.31,1055.15}{983,370.61,1056.15}{984,370.91,1057.15}{985,371.21,1058.15}{986,371.52,1059.15}{987,371.82,1060.15}{988,372.12,1061.15}{989,372.41,1062.15}{990,372.71,1063.15}{991,373.01,1064.15}{992,373.31,1065.15}{993,373.61,1066.15}{994,373.91,1067.15}{995,374.21,1068.15}{996,374.51,1069.15}{997,374.8,1070.15}{998,375.1,1071.15}{999,375.4,1072.15}{1000,375.7,1073.15}{1001,376,1074.15}{1002,376.29,1075.15}{1003,376.59,1076.15}{1004,376.89,1077.15}{1005,377.19,1078.15}{1006,377.49,1079.15}{1007,377.79,1080.15}{1008,378.09,1081.15}{1009,378.39,1082.15}{1010,378.68,1083.15}{1011,378.98,1084.15}{1012,379.28,1085.15}{1013,379.57,1086.15}{1014,379.87,1087.15}{1015,380.17,1088.15}{1016,380.46,1089.15}{1017,380.76,1090.15}{1018,381.05,1091.15}{1019,381.35,1092.15}{1020,381.65,1093.15}{1021,381.94,1094.15}{1022,382.24,1095.15}{1023,382.53,1096.15}{1024,382.83,1097.15}{1025,383.12,1098.15}{1026,383.42,1099.15}{1027,383.71,1100.15}{1028,384.01,1101.15}{1029,384.3,1102.15}{1030,384.6,1103.15}{1031,384.89,1104.15}{1032,385.18,1105.15}{1033,385.48,1106.15}{1034,385.77,1107.15}{1035,386.07,1108.15}{1036,386.37,1109.15}{1037,386.66,1110.15}{1038,386.96,1111.15}{1039,387.25,1112.15}{1040,387.55,1113.15}{1041,387.84,1114.15}{1042,388.13,1115.15}{1043,388.42,1116.15}{1044,388.72,1117.15}{1045,389.01,1118.15}{1046,389.31,1119.15}{1047,389.61,1120.15}{1048,389.9,1121.15}{1049,390.19,1122.15}{1050,390.48,1123.15}&quot;"/>
                                                <instance name="dev02/Config/ch00011/Calibration_Sensor_Curve" order="0" value="&quot;{0,18.52,73.15}{1,18.96,74.15}{2,19.39,75.15}{3,19.82,76.15}{4,20.25,77.15}{5,20.68,78.15}{6,21.11,79.15}{7,21.54,80.15}{8,21.97,81.15}{9,22.4,82.15}{10,22.83,83.15}{11,23.26,84.15}{12,23.69,85.15}{13,24.12,86.15}{14,24.55,87.15}{15,24.97,88.15}{16,25.39,89.15}{17,25.82,90.15}{18,26.25,91.15}{19,26.67,92.15}{20,27.1,93.15}{21,27.52,94.15}{22,27.95,95.15}{23,28.37,96.15}{24,28.8,97.15}{25,29.22,98.15}{26,29.65,99.15}{27,30.07,100.15}{28,30.49,101.15}{29,30.92,102.15}{30,31.34,103.15}{31,31.76,104.15}{32,32.18,105.15}{33,32.61,106.15}{34,33.03,107.15}{35,33.45,108.15}{36,33.86,109.15}{37,34.28,110.15}{38,34.7,111.15}{39,35.12,112.15}{40,35.54,113.15}{41,35.96,114.15}{42,36.38,115.15}{43,36.8,116.15}{44,37.22,117.15}{45,37.63,118.15}{46,38.05,119.15}{47,38.47,120.15}{48,38.89,121.15}{49,39.31,122.15}{50,39.72,123.15}{51,40.14,124.15}{52,40.56,125.15}{53,40.97,126.15}{54,41.39,127.15}{55,41.8,128.15}{56,42.22,129.15}{57,42.64,130.15}{58,43.05,131.15}{59,43.46,132.15}{60,43.88,133.15}{61,44.29,134.15}{62,44.71,135.15}{63,45.12,136.15}{64,45.53,137.15}{65,45.95,138.15}{66,46.35,139.15}{67,46.76,140.15}{68,47.18,141.15}{69,47.59,142.15}{70,48,143.15}{71,48.41,144.15}{72,48.82,145.15}{73,49.23,146.15}{74,49.64,147.15}{75,50.06,148.15}{76,50.47,149.15}{77,50.88,150.15}{78,51.29,151.15}{79,51.7,152.15}{80,52.11,153.15}{81,52.52,154.15}{82,52.92,155.15}{83,53.33,156.15}{84,53.74,157.15}{85,54.15,158.15}{86,54.56,159.15}{87,54.97,160.15}{88,55.38,161.15}{89,55.78,162.15}{90,56.19,163.15}{91,56.6,164.15}{92,57,165.15}{93,57.41,166.15}{94,57.82,167.15}{95,58.22,168.15}{96,58.63,169.15}{97,59.04,170.15}{98,59.44,171.15}{99,59.85,172.15}{100,60.26,173.15}{101,60.67,174.15}{102,61.07,175.15}{103,61.48,176.15}{104,61.87,177.15}{105,62.29,178.15}{106,62.69,179.15}{107,63.1,180.15}{108,63.5,181.15}{109,63.91,182.15}{110,64.3,183.15}{111,64.7,184.15}{112,65.11,185.15}{113,65.51,186.15}{114,65.91,187.15}{115,66.31,188.15}{116,66.72,189.15}{117,67.12,190.15}{118,67.52,191.15}{119,67.92,192.15}{120,68.33,193.15}{121,68.73,194.15}{122,69.13,195.15}{123,69.53,196.15}{124,69.93,197.15}{125,70.33,198.15}{126,70.73,199.15}{127,71.13,200.15}{128,71.53,201.15}{129,71.93,202.15}{130,72.33,203.15}{131,72.73,204.15}{132,73.13,205.15}{133,73.53,206.15}{134,73.93,207.15}{135,74.33,208.15}{136,74.73,209.15}{137,75.13,210.15}{138,75.53,211.15}{139,75.93,212.15}{140,76.33,213.15}{141,76.73,214.15}{142,77.13,215.15}{143,77.52,216.15}{144,77.92,217.15}{145,78.32,218.15}{146,78.72,219.15}{147,79.11,220.15}{148,79.51,221.15}{149,79.91,222.15}{150,80.31,223.15}{151,80.7,224.15}{152,81.1,225.15}{153,81.5,226.15}{154,81.89,227.15}{155,82.29,228.15}{156,82.69,229.15}{157,83.08,230.15}{158,83.48,231.15}{159,83.88,232.15}{160,84.27,233.15}{161,84.67,234.15}{162,85.06,235.15}{163,85.46,236.15}{164,85.85,237.15}{165,86.25,238.15}{166,86.64,239.15}{167,87.04,240.15}{168,87.43,241.15}{169,87.83,242.15}{170,88.22,243.15}{171,88.62,244.15}{172,89.01,245.15}{173,89.4,246.15}{174,89.8,247.15}{175,90.19,248.15}{176,90.59,249.15}{177,90.98,250.15}{178,91.37,251.15}{179,91.77,252.15}{180,92.16,253.15}{181,92.55,254.15}{182,92.95,255.15}{183,93.34,256.15}{184,93.73,257.15}{185,94.12,258.15}{186,94.52,259.15}{187,94.91,260.15}{188,95.3,261.15}{189,95.69,262.15}{190,96.09,263.15}{191,96.48,264.15}{192,96.87,265.15}{193,97.26,266.15}{194,97.65,267.15}{195,98.04,268.15}{196,98.44,269.15}{197,98.83,270.15}{198,99.22,271.15}{199,99.61,272.15}{200,100,273.15}{201,100.39,274.15}{202,100.78,275.15}{203,101.17,276.15}{204,101.56,277.15}{205,101.95,278.15}{206,102.34,279.15}{207,102.73,280.15}{208,103.12,281.15}{209,103.51,282.15}{210,103.9,283.15}{211,104.29,284.15}{212,104.68,285.15}{213,105.07,286.15}{214,105.46,287.15}{215,105.85,288.15}{216,106.24,289.15}{217,106.63,290.15}{218,107.02,291.15}{219,107.4,292.15}{220,107.79,293.15}{221,108.18,294.15}{222,108.57,295.15}{223,108.96,296.15}{224,109.35,297.15}{225,109.73,298.15}{226,110.12,299.15}{227,110.51,300.15}{228,110.9,301.15}{229,111.28,302.15}{230,111.67,303.15}{231,112.06,304.15}{232,112.45,305.15}{233,112.83,306.15}{234,113.22,307.15}{235,113.61,308.15}{236,113.99,309.15}{237,114.38,310.15}{238,114.77,311.15}{239,115.15,312.15}{240,115.54,313.15}{241,115.93,314.15}{242,116.31,315.15}{243,116.7,316.15}{244,117.08,317.15}{245,117.47,318.15}{246,117.85,319.15}{247,118.24,320.15}{248,118.62,321.15}{249,119.01,322.15}{250,119.4,323.15}{251,119.78,324.15}{252,120.16,325.15}{253,120.55,326.15}{254,120.93,327.15}{255,121.32,328.15}{256,121.7,329.15}{257,122.09,330.15}{258,122.47,331.15}{259,122.86,332.15}{260,123.24,333.15}{261,123.62,334.15}{262,124.01,335.15}{263,124.39,336.15}{264,124.77,337.15}{265,125.17,338.15}{266,125.55,339.15}{267,125.93,340.15}{268,126.32,341.15}{269,126.7,342.15}{270,127.08,343.15}{271,127.46,344.15}{272,127.85,345.15}{273,128.23,346.15}{274,128.61,347.15}{275,128.99,348.15}{276,129.38,349.15}{277,129.76,350.15}{278,130.14,351.15}{279,130.52,352.15}{280,130.9,353.15}{281,131.28,354.15}{282,131.67,355.15}{283,132.05,356.15}{284,132.43,357.15}{285,132.81,358.15}{286,133.19,359.15}{287,133.57,360.15}{288,133.95,361.15}{289,134.33,362.15}{290,134.71,363.15}{291,135.09,364.15}{292,135.47,365.15}{293,135.85,366.15}{294,136.23,367.15}{295,136.61,368.15}{296,136.99,369.15}{297,137.37,370.15}{298,137.75,371.15}{299,138.13,372.15}{300,138.51,373.15}{301,138.89,374.15}{302,139.27,375.15}{303,139.65,376.15}{304,140.03,377.15}{305,140.39,378.15}{306,140.77,379.15}{307,141.15,380.15}{308,141.53,381.15}{309,141.91,382.15}{310,142.29,383.15}{311,142.66,384.15}{312,143.04,385.15}{313,143.42,386.15}{314,143.8,387.15}{315,144.18,388.15}{316,144.56,389.15}{317,144.94,390.15}{318,145.32,391.15}{319,145.69,392.15}{320,146.07,393.15}{321,146.45,394.15}{322,146.82,395.15}{323,147.2,396.15}{324,147.58,397.15}{325,147.95,398.15}{326,148.33,399.15}{327,148.71,400.15}{328,149.08,401.15}{329,149.46,402.15}{330,149.83,403.15}{331,150.21,404.15}{332,150.58,405.15}{333,150.96,406.15}{334,151.34,407.15}{335,151.71,408.15}{336,152.09,409.15}{337,152.46,410.15}{338,152.84,411.15}{339,153.21,412.15}{340,153.58,413.15}{341,153.95,414.15}{342,154.32,415.15}{343,154.71,416.15}{344,155.08,417.15}{345,155.46,418.15}{346,155.83,419.15}{347,156.21,420.15}{348,156.58,421.15}{349,156.96,422.15}{350,157.33,423.15}{351,157.71,424.15}{352,158.08,425.15}{353,158.45,426.15}{354,158.83,427.15}{355,159.2,428.15}{356,159.56,429.15}{357,159.94,430.15}{358,160.31,431.15}{359,160.68,432.15}{360,161.05,433.15}{361,161.43,434.15}{362,161.8,435.15}{363,162.17,436.15}{364,162.54,437.15}{365,162.91,438.15}{366,163.28,439.15}{367,163.66,440.15}{368,164.03,441.15}{369,164.4,442.15}{370,164.77,443.15}{371,165.14,444.15}{372,165.51,445.15}{373,165.88,446.15}{374,166.25,447.15}{375,166.62,448.15}{376,167,449.15}{377,167.37,450.15}{378,167.74,451.15}{379,168.11,452.15}{380,168.48,453.15}{381,168.85,454.15}{382,169.22,455.15}{383,169.59,456.15}{384,169.96,457.15}{385,170.33,458.15}{386,170.69,459.15}{387,171.06,460.15}{388,171.43,461.15}{389,171.8,462.15}{390,172.17,463.15}{391,172.54,464.15}{392,172.91,465.15}{393,173.27,466.15}{394,173.64,467.15}{395,174.01,468.15}{396,174.39,469.15}{397,174.75,470.15}{398,175.12,471.15}{399,175.49,472.15}{400,175.86,473.15}{401,176.23,474.15}{402,176.59,475.15}{403,176.96,476.15}{404,177.33,477.15}{405,177.7,478.15}{406,178.06,479.15}{407,178.43,480.15}{408,178.8,481.15}{409,179.16,482.15}{410,179.53,483.15}{411,179.9,484.15}{412,180.26,485.15}{413,180.63,486.15}{414,180.99,487.15}{415,181.36,488.15}{416,181.73,489.15}{417,182.09,490.15}{418,182.46,491.15}{419,182.82,492.15}{420,183.19,493.15}{421,183.55,494.15}{422,183.92,495.15}{423,184.28,496.15}{424,184.65,497.15}{425,185.01,498.15}{426,185.38,499.15}{427,185.74,500.15}{428,186.11,501.15}{429,186.47,502.15}{430,186.84,503.15}{431,187.2,504.15}{432,187.56,505.15}{433,187.93,506.15}{434,188.29,507.15}{435,188.65,508.15}{436,189.02,509.15}{437,189.38,510.15}{438,189.74,511.15}{439,190.11,512.15}{440,190.47,513.15}{441,190.83,514.15}{442,191.2,515.15}{443,191.56,516.15}{444,191.92,517.15}{445,192.28,518.15}{446,192.66,519.15}{447,193.02,520.15}{448,193.38,521.15}{449,193.74,522.15}{450,194.1,523.15}{451,194.47,524.15}{452,194.83,525.15}{453,195.19,526.15}{454,195.55,527.15}{455,195.9,528.15}{456,196.26,529.15}{457,196.62,530.15}{458,196.98,531.15}{459,197.35,532.15}{460,197.71,533.15}{461,198.07,534.15}{462,198.43,535.15}{463,198.79,536.15}{464,199.15,537.15}{465,199.51,538.15}{466,199.87,539.15}{467,200.23,540.15}{468,200.59,541.15}{469,200.95,542.15}{470,201.31,543.15}{471,201.67,544.15}{472,202.03,545.15}{473,202.38,546.15}{474,202.74,547.15}{475,203.1,548.15}{476,203.46,549.15}{477,203.82,550.15}{478,204.18,551.15}{479,204.54,552.15}{480,204.9,553.15}{481,205.25,554.15}{482,205.61,555.15}{483,205.97,556.15}{484,206.33,557.15}{485,206.7,558.15}{486,207.05,559.15}{487,207.41,560.15}{488,207.77,561.15}{489,208.13,562.15}{490,208.48,563.15}{491,208.84,564.15}{492,209.2,565.15}{493,209.55,566.15}{494,209.91,567.15}{495,210.27,568.15}{496,210.62,569.15}{497,210.98,570.15}{498,211.34,571.15}{499,211.69,572.15}{500,212.05,573.15}{501,212.4,574.15}{502,212.76,575.15}{503,213.12,576.15}{504,213.47,577.15}{505,213.83,578.15}{506,214.19,579.15}{507,214.55,580.15}{508,214.9,581.15}{509,215.26,582.15}{510,215.61,583.15}{511,215.97,584.15}{512,216.32,585.15}{513,216.68,586.15}{514,217.03,587.15}{515,217.39,588.15}{516,217.73,589.15}{517,218.08,590.15}{518,218.44,591.15}{519,218.79,592.15}{520,219.15,593.15}{521,219.5,594.15}{522,219.85,595.15}{523,220.21,596.15}{524,220.56,597.15}{525,220.91,598.15}{526,221.27,599.15}{527,221.62,600.15}{528,221.97,601.15}{529,222.32,602.15}{530,222.68,603.15}{531,223.03,604.15}{532,223.38,605.15}{533,223.73,606.15}{534,224.09,607.15}{535,224.45,608.15}{536,224.8,609.15}{537,225.15,610.15}{538,225.5,611.15}{539,225.85,612.15}{540,226.21,613.15}{541,226.56,614.15}{542,226.91,615.15}{543,227.26,616.15}{544,227.61,617.15}{545,227.96,618.15}{546,228.31,619.15}{547,228.66,620.15}{548,229.01,621.15}{549,229.36,622.15}{550,229.72,623.15}{551,230.07,624.15}{552,230.42,625.15}{553,230.77,626.15}{554,231.12,627.15}{555,231.47,628.15}{556,231.81,629.15}{557,232.16,630.15}{558,232.51,631.15}{559,232.86,632.15}{560,233.21,633.15}{561,233.56,634.15}{562,233.91,635.15}{563,234.26,636.15}{564,234.6,637.15}{565,234.95,638.15}{566,235.3,639.15}{567,235.65,640.15}{568,236,641.15}{569,236.35,642.15}{570,236.7,643.15}{571,237.05,644.15}{572,237.4,645.15}{573,237.75,646.15}{574,238.09,647.15}{575,238.44,648.15}{576,238.79,649.15}{577,239.14,650.15}{578,239.48,651.15}{579,239.83,652.15}{580,240.18,653.15}{581,240.52,654.15}{582,240.87,655.15}{583,241.22,656.15}{584,241.56,657.15}{585,241.91,658.15}{586,242.25,659.15}{587,242.6,660.15}{588,242.95,661.15}{589,243.29,662.15}{590,243.64,663.15}{591,243.98,664.15}{592,244.33,665.15}{593,244.67,666.15}{594,245.02,667.15}{595,245.36,668.15}{596,245.71,669.15}{597,246.05,670.15}{598,246.4,671.15}{599,246.74,672.15}{600,247.09,673.15}{601,247.43,674.15}{602,247.78,675.15}{603,248.12,676.15}{604,248.46,677.15}{605,248.81,678.15}{606,249.15,679.15}{607,249.5,680.15}{608,249.84,681.15}{609,250.18,682.15}{610,250.53,683.15}{611,250.89,684.15}{612,251.21,685.15}{613,251.55,686.15}{614,251.9,687.15}{615,252.24,688.15}{616,252.59,689.15}{617,252.94,690.15}{618,253.28,691.15}{619,253.62,692.15}{620,253.96,693.15}{621,254.3,694.15}{622,254.65,695.15}{623,254.99,696.15}{624,255.33,697.15}{625,255.67,698.15}{626,256.01,699.15}{627,256.35,700.15}{628,256.7,701.15}{629,257.04,702.15}{630,257.38,703.15}{631,257.72,704.15}{632,258.06,705.15}{633,258.4,706.15}{634,258.74,707.15}{635,259.08,708.15}{636,259.42,709.15}{637,259.76,710.15}{638,260.1,711.15}{639,260.44,712.15}{640,260.78,713.15}{641,261.12,714.15}{642,261.46,715.15}{643,261.8,716.15}{644,262.14,717.15}{645,262.48,718.15}{646,262.83,719.15}{647,263.17,720.15}{648,263.5,721.15}{649,263.84,722.15}{650,264.18,723.15}{651,264.52,724.15}{652,264.86,725.15}{653,265.2,726.15}{654,265.54,727.15}{655,265.87,728.15}{656,266.21,729.15}{657,266.55,730.15}{658,266.89,731.15}{659,267.22,732.15}{660,267.56,733.15}{661,267.9,734.15}{662,268.24,735.15}{663,268.57,736.15}{664,268.91,737.15}{665,269.25,738.15}{666,269.58,739.15}{667,269.92,740.15}{668,270.26,741.15}{669,270.59,742.15}{670,270.93,743.15}{671,271.27,744.15}{672,271.6,745.15}{673,271.94,746.15}{674,272.27,747.15}{675,272.61,748.15}{676,272.95,749.15}{677,273.28,750.15}{678,273.62,751.15}{679,273.95,752.15}{680,274.29,753.15}{681,274.62,754.15}{682,274.96,755.15}{683,275.29,756.15}{684,275.63,757.15}{685,275.96,758.15}{686,276.31,759.15}{687,276.64,760.15}{688,276.97,761.15}{689,277.31,762.15}{690,277.64,763.15}{691,277.98,764.15}{692,278.31,765.15}{693,278.64,766.15}{694,278.98,767.15}{695,279.31,768.15}{696,279.64,769.15}{697,279.98,770.15}{698,280.31,771.15}{699,280.64,772.15}{700,280.98,773.15}{701,281.31,774.15}{702,281.64,775.15}{703,281.97,776.15}{704,282.31,777.15}{705,282.64,778.15}{706,282.97,779.15}{707,283.3,780.15}{708,283.63,781.15}{709,283.97,782.15}{710,284.3,783.15}{711,284.63,784.15}{712,284.96,785.15}{713,285.29,786.15}{714,285.62,787.15}{715,285.95,788.15}{716,286.3,789.15}{717,286.63,790.15}{718,286.96,791.15}{719,287.29,792.15}{720,287.62,793.15}{721,287.95,794.15}{722,288.28,795.15}{723,288.61,796.15}{724,288.94,797.15}{725,289.27,798.15}{726,289.6,799.15}{727,289.93,800.15}{728,290.26,801.15}{729,290.59,802.15}{730,290.92,803.15}{731,291.25,804.15}{732,291.58,805.15}{733,291.9,806.15}{734,292.23,807.15}{735,292.56,808.15}{736,292.9,809.15}{737,293.23,810.15}{738,293.56,811.15}{739,293.89,812.15}{740,294.21,813.15}{741,294.54,814.15}{742,294.87,815.15}{743,295.2,816.15}{744,295.53,817.15}{745,295.85,818.15}{746,296.18,819.15}{747,296.51,820.15}{748,296.84,821.15}{749,297.16,822.15}{750,297.49,823.15}{751,297.82,824.15}{752,298.14,825.15}{753,298.47,826.15}{754,298.8,827.15}{755,299.12,828.15}{756,299.45,829.15}{757,299.78,830.15}{758,300.1,831.15}{759,300.43,832.15}{760,300.75,833.15}{761,301.08,834.15}{762,301.41,835.15}{763,301.73,836.15}{764,302.06,837.15}{765,302.38,838.15}{766,302.71,839.15}{767,303.03,840.15}{768,303.36,841.15}{769,303.68,842.15}{770,304.01,843.15}{771,304.33,844.15}{772,304.66,845.15}{773,304.98,846.15}{774,305.3,847.15}{775,305.63,848.15}{776,305.95,849.15}{777,306.28,850.15}{778,306.6,851.15}{779,306.92,852.15}{780,307.25,853.15}{781,307.57,854.15}{782,307.89,855.15}{783,308.22,856.15}{784,308.54,857.15}{785,308.86,858.15}{786,309.19,859.15}{787,309.51,860.15}{788,309.83,861.15}{789,310.15,862.15}{790,310.48,863.15}{791,310.8,864.15}{792,311.12,865.15}{793,311.45,866.15}{794,311.78,867.15}{795,312.1,868.15}{796,312.43,869.15}{797,312.75,870.15}{798,313.07,871.15}{799,313.39,872.15}{800,313.71,873.15}{801,314.04,874.15}{802,314.36,875.15}{803,314.68,876.15}{804,315,877.15}{805,315.32,878.15}{806,315.64,879.15}{807,315.96,880.15}{808,316.28,881.15}{809,316.6,882.15}{810,316.92,883.15}{811,317.24,884.15}{812,317.56,885.15}{813,317.88,886.15}{814,318.2,887.15}{815,318.52,888.15}{816,318.85,889.15}{817,319.17,890.15}{818,319.49,891.15}{819,319.81,892.15}{820,320.12,893.15}{821,320.44,894.15}{822,320.76,895.15}{823,321.08,896.15}{824,321.4,897.15}{825,321.72,898.15}{826,322.03,899.15}{827,322.34,900.15}{828,322.66,901.15}{829,322.98,902.15}{830,323.3,903.15}{831,323.61,904.15}{832,323.93,905.15}{833,324.25,906.15}{834,324.57,907.15}{835,324.88,908.15}{836,325.21,909.15}{837,325.53,910.15}{838,325.85,911.15}{839,326.16,912.15}{840,326.48,913.15}{841,326.79,914.15}{842,327.11,915.15}{843,327.43,916.15}{844,327.74,917.15}{845,328.06,918.15}{846,328.38,919.15}{847,328.69,920.15}{848,329.01,921.15}{849,329.32,922.15}{850,329.64,923.15}{851,329.95,924.15}{852,330.27,925.15}{853,330.58,926.15}{854,330.9,927.15}{855,331.21,928.15}{856,331.53,929.15}{857,331.84,930.15}{858,332.16,931.15}{859,332.47,932.15}{860,332.79,933.15}{861,333.1,934.15}{862,333.41,935.15}{863,333.73,936.15}{864,334.04,937.15}{865,334.36,938.15}{866,334.68,939.15}{867,334.99,940.15}{868,335.31,941.15}{869,335.62,942.15}{870,335.93,943.15}{871,336.25,944.15}{872,336.56,945.15}{873,336.87,946.15}{874,337.18,947.15}{875,337.5,948.15}{876,337.81,949.15}{877,338.12,950.15}{878,338.43,951.15}{879,338.75,952.15}{880,339.06,953.15}{881,339.37,954.15}{882,339.68,955.15}{883,339.99,956.15}{884,340.3,957.15}{885,340.62,958.15}{886,340.94,959.15}{887,341.25,960.15}{888,341.55,961.15}{889,341.87,962.15}{890,342.18,963.15}{891,342.49,964.15}{892,342.8,965.15}{893,343.11,966.15}{894,343.42,967.15}{895,343.73,968.15}{896,344.04,969.15}{897,344.35,970.15}{898,344.66,971.15}{899,344.97,972.15}{900,345.28,973.15}{901,345.59,974.15}{902,345.9,975.15}{903,346.21,976.15}{904,346.52,977.15}{905,346.83,978.15}{906,347.15,979.15}{907,347.46,980.15}{908,347.76,981.15}{909,348.07,982.15}{910,348.38,983.15}{911,348.69,984.15}{912,349,985.15}{913,349.31,986.15}{914,349.61,987.15}{915,349.92,988.15}{916,350.23,989.15}{917,350.54,990.15}{918,350.85,991.15}{919,351.15,992.15}{920,351.46,993.15}{921,351.77,994.15}{922,352.07,995.15}{923,352.38,996.15}{924,352.69,997.15}{925,352.99,998.15}{926,353.3,999.15}{927,353.61,1000.15}{928,353.91,1001.15}{929,354.22,1002.15}{930,354.53,1003.15}{931,354.83,1004.15}{932,355.14,1005.15}{933,355.44,1006.15}{934,355.75,1007.15}{935,356.06,1008.15}{936,356.37,1009.15}{937,356.68,1010.15}{938,356.98,1011.15}{939,357.29,1012.15}{940,357.59,1013.15}{941,357.9,1014.15}{942,358.2,1015.15}{943,358.51,1016.15}{944,358.81,1017.15}{945,359.12,1018.15}{946,359.42,1019.15}{947,359.72,1020.15}{948,360.03,1021.15}{949,360.33,1022.15}{950,360.64,1023.15}{951,360.94,1024.15}{952,361.24,1025.15}{953,361.55,1026.15}{954,361.85,1027.15}{955,362.15,1028.15}{956,362.46,1029.15}{957,362.76,1030.15}{958,363.06,1031.15}{959,363.36,1032.15}{960,363.67,1033.15}{961,363.97,1034.15}{962,364.27,1035.15}{963,364.57,1036.15}{964,364.88,1037.15}{965,365.18,1038.15}{966,365.49,1039.15}{967,365.79,1040.15}{968,366.09,1041.15}{969,366.4,1042.15}{970,366.7,1043.15}{971,367,1044.15}{972,367.3,1045.15}{973,367.6,1046.15}{974,367.9,1047.15}{975,368.2,1048.15}{976,368.5,1049.15}{977,368.81,1050.15}{978,369.11,1051.15}{979,369.41,1052.15}{980,369.71,1053.15}{981,370.01,1054.15}{982,370.31,1055.15}{983,370.61,1056.15}{984,370.91,1057.15}{985,371.21,1058.15}{986,371.52,1059.15}{987,371.82,1060.15}{988,372.12,1061.15}{989,372.41,1062.15}{990,372.71,1063.15}{991,373.01,1064.15}{992,373.31,1065.15}{993,373.61,1066.15}{994,373.91,1067.15}{995,374.21,1068.15}{996,374.51,1069.15}{997,374.8,1070.15}{998,375.1,1071.15}{999,375.4,1072.15}{1000,375.7,1073.15}{1001,376,1074.15}{1002,376.29,1075.15}{1003,376.59,1076.15}{1004,376.89,1077.15}{1005,377.19,1078.15}{1006,377.49,1079.15}{1007,377.79,1080.15}{1008,378.09,1081.15}{1009,378.39,1082.15}{1010,378.68,1083.15}{1011,378.98,1084.15}{1012,379.28,1085.15}{1013,379.57,1086.15}{1014,379.87,1087.15}{1015,380.17,1088.15}{1016,380.46,1089.15}{1017,380.76,1090.15}{1018,381.05,1091.15}{1019,381.35,1092.15}{1020,381.65,1093.15}{1021,381.94,1094.15}{1022,382.24,1095.15}{1023,382.53,1096.15}{1024,382.83,1097.15}{1025,383.12,1098.15}{1026,383.42,1099.15}{1027,383.71,1100.15}{1028,384.01,1101.15}{1029,384.3,1102.15}{1030,384.6,1103.15}{1031,384.89,1104.15}{1032,385.18,1105.15}{1033,385.48,1106.15}{1034,385.77,1107.15}{1035,386.07,1108.15}{1036,386.37,1109.15}{1037,386.66,1110.15}{1038,386.96,1111.15}{1039,387.25,1112.15}{1040,387.55,1113.15}{1041,387.84,1114.15}{1042,388.13,1115.15}{1043,388.42,1116.15}{1044,388.72,1117.15}{1045,389.01,1118.15}{1046,389.31,1119.15}{1047,389.61,1120.15}{1048,389.9,1121.15}{1049,390.19,1122.15}{1050,390.48,1123.15}&quot;"/>
                                                <instance name="dev02/Config/ch00007/enable" order="1" value="1"/>
                                                <instance name="dev01/Config/ch00001/Calibration_Sensor_Input_Units" order="0" value="Ohm"/>
                                                <instance name="dev01/Config/ch00002/Calibration_Sensor_Input_Units" order="0" value="Ohm"/>
                                                <instance name="dev02/Config/ch00011/Calibration_Sensor_Input_Units" order="0" value="Ohm"/>
                                                <instance name="dev01/Config/ch00003/enable" order="1" value="1"/>
                                                <instance name="dev01/Config/ch00003/Calibration_Sensor_Input_Units" order="0" value="Ohm"/>
                                                <instance name="dev01/Config/ch00004/Calibration_Sensor_Input_Units" order="0" value="Ohm"/>
                                                <instance name="dev01/Config/ch00011/rate" order="0" value="20"/>
                                                <instance name="dev01/Config/ch00011/Calibration_Sensor_Input_Units" order="0" value="Ohm"/>
                                                <instance name="dev01/Config/ch00007/rate" order="0" value="20"/>
                                                <instance name="dev01/Config/ch00003/Calibration_Sensor_Calibration_Date" order="0" value="2020-01-01"/>
                                                <instance name="dev01/Config/ch00008/enable" order="1" value="1"/>
                                                <instance name="dev02/Config/ch00005/Calibration_Sensor_Table_Type" order="2" value="0"/>
                                                <instance name="dev01/Config/ch00001/Calibration_Sensor_Maximum_Range" order="0" value="1200"/>
                                                <instance name="dev01/Config/ch00002/Calibration_Sensor_Maximum_Range" order="0" value="1200"/>
                                                <instance name="dev01/Config/ch00003/Calibration_Sensor_Maximum_Range" order="0" value="1200"/>
                                                <instance name="dev01/Config/ch00004/Calibration_Sensor_Maximum_Range" order="0" value="1200"/>
                                                <instance name="dev02/Config/ch00005/rate" order="0" value="20"/>
                                                <instance name="dev01/Config/ch00005/Calibration_Sensor_Maximum_Range" order="0" value="1200"/>
                                                <instance name="dev02/Config/ch00002/enable" order="1" value="1"/>
                                                <instance name="dev01/Config/ch00009/Calibration_Sensor_Output_Units" order="0" value="Ohm"/>
                                                <instance name="dev01/Config/ch00006/Calibration_Sensor_Maximum_Range" order="0" value="1200"/>
                                                <instance name="dev01/Config/ch00002/Calibration_Sensor_Calibration_Date" order="0" value="2020-01-01"/>
                                                <instance name="dev01/Config/ch00007/Calibration_Sensor_Maximum_Range" order="0" value="1200"/>
                                                <instance name="dev01/Config/ch00008/Calibration_Sensor_Maximum_Range" order="0" value="1200"/>
                                                <instance name="dev02/Config/ch00008/Calibration_Sensor_Maximum_Range" order="0" value="1123.15"/>
                                                <instance name="dev02/Config/ch00003/RTDRange" order="0" value="1"/>
                                                <instance name="dev02/Config/ch00007/Calibration_Sensor_Minimum_Range" order="0" value="-20"/>
                                                <instance name="dev01/Config/ch00009/Calibration_Sensor_Maximum_Range" order="0" value="1200"/>
                                                <instance name="dev01/Config/ch00010/Calibration_Sensor_Maximum_Range" order="0" value="1200"/>
                                                <instance name="dev02/Config/ch00005/Calibration_Sensor_Minimum_Range" order="0" value="-20"/>
                                                <instance name="dev01/Config/ch00004/Calibration_Sensor_Calibration_Date" order="0" value="2020-01-01"/>
                                                <instance name="dev01/Config/ch00010/Calibration_Sensor_Output_Units" order="0" value="Ohm"/>
                                                <instance name="dev01/Config/ch00003/LeadRes" order="0" value="0"/>
                                                <instance name="dev01/Config/ch00008/rate" order="0" value="20"/>
                                                <instance name="dev01/Config/ch00011/Calibration_Sensor_Maximum_Range" order="0" value="1200"/>
                                                <instance name="dev02/Config/ch00004/RTDWireScheme" order="0" value="4"/>
                                                <instance name="dev02/Config/ch00001/enable" order="1" value="1"/>
                                                <instance name="dev02/Config/ch00001/Calibration_Sensor_Maximum_Range" order="0" value="1200"/>
                                                <instance name="dev02/Config/ch00002/Calibration_Sensor_Maximum_Range" order="0" value="1200"/>
                                                <instance name="dev02/Config/ch00004/RTDRange" order="0" value="1"/>
                                                <instance name="dev02/Config/ch00003/Calibration_Sensor_Maximum_Range" order="0" value="1200"/>
                                                <instance name="dev02/Config/ch00004/Calibration_Sensor_Maximum_Range" order="0" value="1200"/>
                                                <instance name="dev01/Config/ch00005/Calibration_Sensor_Input_Units" order="0" value="Ohm"/>
                                                <instance name="dev01/Config/ch00009/enable" order="1" value="1"/>
                                                <instance name="dev01/Config/ch00011/Calibration_Sensor_Output_Units" order="0" value="Ohm"/>
                                                <instance name="dev02/Config/ch00008/Calibration_Sensor_Minimum_Range" order="0" value="73.15"/>
                                                <instance name="dev02/Config/ch00005/Calibration_Sensor_Maximum_Range" order="0" value="1200"/>
                                                <instance name="dev02/Config/ch00006/Calibration_Sensor_Maximum_Range" order="0" value="1200"/>
                                                <instance name="dev02/Config/ch00007/Calibration_Sensor_Maximum_Range" order="0" value="1200"/>
                                                <instance name="dev02/Config/ch00009/Calibration_Sensor_Minimum_Range" order="0" value="73.15"/>
                                                <instance name="dev01/Config/ch00005/Calibration_Sensor_Minimum_Range" order="0" value="-20"/>
                                                <instance name="dev02/Config/ch00010/Calibration_Sensor_Minimum_Range" order="0" value="73.15"/>
                                                <instance name="dev02/Config/ch00011/Calibration_Sensor_Minimum_Range" order="0" value="73.15"/>
                                                <instance name="dev01/Config/ch00005/Calibration_Sensor_Calibration_Date" order="0" value="2020-01-01"/>
                                                <instance name="dev01/Config/ch00002/Calibration_Sensor_Output_Units" order="0" value="Ohm"/>
                                                <instance name="dev02/Config/ch00001/Calibration_Sensor_Table_Type" order="2" value="0"/>
                                                <instance name="dev01/Config/ch00002/rate" order="0" value="20"/>
                                                <instance name="dev02/Config/ch00001/Calibration_Sensor_Output_Units" order="0" value="Ohm"/>
                                                <instance name="dev01/Config/ch00006/Calibration_Sensor_Input_Units" order="0" value="Ohm"/>
                                                <instance name="dev01/Config/ch00001/Calibration_Sensor_Name" order="0" value="CalSensor1"/>
                                                <instance name="dev01/Config/ch00002/Calibration_Sensor_Name" order="0" value="CalSensor2"/>
                                                <instance name="dev01/Config/ch00003/Calibration_Sensor_Name" order="0" value="CalSensor3"/>
                                                <instance name="dev01/Config/ch00004/Calibration_Sensor_Name" order="0" value="CalSensor4"/>
                                                <instance name="dev01/Config/ch00009/rate" order="0" value="20"/>
                                                <instance name="dev01/Config/ch00005/Calibration_Sensor_Name" order="0" value="CalSensor5"/>
                                                <instance name="dev01/Config/ch00012/rate" order="0" value="20"/>
                                                <instance name="dev01/Config/ch00004/LeadRes" order="0" value="0"/>
                                                <instance name="dev02/Config/ch00003/enable" order="1" value="1"/>
                                                <instance name="dev01/Config/ch00006/Calibration_Sensor_Name" order="0" value="CalSensor6"/>
                                                <instance name="dev02/Config/ch00006/RTDRange" order="0" value="1"/>
                                                <instance name="dev01/Config/ch00010/Calibration_Sensor_Minimum_Range" order="0" value="-20"/>
                                                <instance name="dev01/Config/ch00007/Calibration_Sensor_Input_Units" order="0" value="Ohm"/>
                                                <instance name="dev01/Config/ch00007/Calibration_Sensor_Name" order="0" value="CalSensor7"/>
                                                <instance name="dev01/Config/ch00008/Calibration_Sensor_Name" order="0" value="CalSensor8"/>
                                                <instance name="dev01/Config/ch00009/Calibration_Sensor_Name" order="0" value="CalSensor9"/>
                                                <instance name="dev01/Config/ch00008/Calibration_Sensor_Calibration_Date" order="0" value="2020-01-01"/>
                                                <instance name="dev01/Config/ch00010/Calibration_Sensor_Name" order="0" value="CalSensor10"/>
                                                <instance name="dev01/Config/ch00005/LeadRes" order="0" value="0"/>
                                                <instance name="dev01/Config/ch00011/Calibration_Sensor_Name" order="0" value="CalSensor11"/>
                                                <instance name="dev02/Config/ch00001/Calibration_Sensor_Name" order="0" value="CalSensor13"/>
                                                <instance name="dev02/Config/ch00009/Calibration_Sensor_Maximum_Range" order="0" value="1123.15"/>
                                                <instance name="dev02/Config/ch00010/Calibration_Sensor_Maximum_Range" order="0" value="1123.15"/>
                                                <instance name="dev02/Config/ch00003/rate" order="0" value="20"/>
                                                <instance name="dev02/Config/ch00002/Calibration_Sensor_Name" order="0" value="CalSensor14"/>
                                                <instance name="dev02/Config/ch00005/RTDWireScheme" order="0" value="4"/>
                                                <instance name="dev01/Config/ch00008/Calibration_Sensor_Input_Units" order="0" value="Ohm"/>
                                                <instance name="dev02/Config/ch00005/RTDRange" order="0" value="1"/>
                                                <instance name="dev02/Config/ch00003/Calibration_Sensor_Name" order="0" value="CalSensor15"/>
                                                <instance name="dev01/Config/ch00006/LeadRes" order="0" value="0"/>
                                                <instance name="dev02/Config/ch00003/RTDWireScheme" order="0" value="4"/>
                                                <instance name="dev02/Config/ch00001/rate" order="0" value="20"/>
                                                <instance name="dev02/Config/ch00004/Calibration_Sensor_Name" order="0" value="CalSensor16"/>
                                                <instance name="dev02/Config/ch00005/Calibration_Sensor_Name" order="0" value="CalSensor17"/>
                                                <instance name="dev02/Config/ch00006/Calibration_Sensor_Name" order="0" value="CalSensor18"/>
                                                <instance name="dev02/Config/ch00002/Calibration_Sensor_Output_Units" order="0" value="Ohm"/>
                                                <instance name="dev01/Config/ch00009/Calibration_Sensor_Calibration_Date" order="0" value="2020-01-01"/>
                                                <instance name="dev02/Config/ch00007/Calibration_Sensor_Name" order="0" value="CalSensor19"/>
                                                <instance name="dev02/Config/ch00008/Calibration_Sensor_Name" order="0" value="CalSensor20"/>
                                                <instance name="dev02/Config/ch00004/Calibration_Sensor_Calibration_Date" order="0" value="2020-01-01"/>
                                                <instance name="dev01/Config/ch00003/Calibration_Sensor_Output_Units" order="0" value="Ohm"/>
                                                <instance name="dev01/Config/ch00011/Calibration_Sensor_Calibration_Date" order="0" value="2020-01-01"/>
                                                <instance name="dev01/Config/ch00001/Calibration_Sensor_Minimum_Range" order="0" value="-20"/>
                                                <instance name="dev02/Config/ch00001/RTDRange" order="0" value="1"/>
                                                <instance name="dev02/Config/ch00003/Calibration_Sensor_Output_Units" order="0" value="Ohm"/>
                                                <instance name="dev02/Config/ch00004/Calibration_Sensor_Output_Units" order="0" value="Ohm"/>
                                                <instance name="dev02/Config/ch00005/Calibration_Sensor_Output_Units" order="0" value="Ohm"/>
                                                <instance name="dev02/Config/ch00006/Calibration_Sensor_Output_Units" order="0" value="Ohm"/>
                                                <instance name="dev02/Config/ch00010/Calibration_Sensor_Calibration_Date" order="0" value="2020-01-01"/>
                                                <instance name="dev02/Config/ch00007/Calibration_Sensor_Output_Units" order="0" value="Ohm"/>
                                                <instance name="dev02/Config/ch00007/RTDRange" order="0" value="1"/>
                                                <instance name="dev01/Config/ch00007/LeadRes" order="0" value="0"/>
                                                <instance name="dev02/Config/ch00008/Calibration_Sensor_Output_Units" order="0" value="K"/>
                                                <instance name="dev02/Config/ch00009/Calibration_Sensor_Output_Units" order="0" value="K"/>
                                                <instance name="dev02/Config/ch00010/Calibration_Sensor_Output_Units" order="0" value="K"/>
                                                <instance name="dev01/Config/ch00010/Calibration_Sensor_Table_Type" order="2" value="0"/>
                                                <instance name="dev02/Config/ch00001/Calibration_Sensor_Input_Units" order="0" value="Ohm"/>
                                                <instance name="dev02/Config/ch00005/enable" order="1" value="1"/>
                                                <instance name="dev02/Config/ch00011/Calibration_Sensor_Output_Units" order="0" value="K"/>
                                                <instance name="dev01/Config/ch00004/enable" order="1" value="1"/>
                                                <instance name="dev02/Config/ch00004/enable" order="1" value="1"/>
                                                <instance name="dev01/Config/ch00002/Calibration_Sensor_Minimum_Range" order="0" value="-20"/>
                                                <instance name="dev02/Config/ch00008/enable" order="1" value="1"/>
                                                <instance name="dev02/Config/ch00001/Calibration_Sensor_Calibration_Date" order="0" value="2020-01-01"/>
                                                <instance name="dev01/Config/ch00001/Calibration_Sensor_Table_Type" order="2" value="0"/>
                                                <instance name="dev01/Config/ch00001/RTDWireScheme" order="0" value="4"/>
                                                <instance name="dev01/Config/ch00002/Calibration_Sensor_Table_Type" order="2" value="0"/>
                                                <instance name="dev01/Config/ch00003/Calibration_Sensor_Table_Type" order="2" value="0"/>
                                                <instance name="dev01/Config/ch00004/Calibration_Sensor_Table_Type" order="2" value="0"/>
                                                <instance name="dev01/Config/ch00006/rate" order="0" value="20"/>
                                                <instance name="dev01/Config/ch00005/Calibration_Sensor_Table_Type" order="2" value="0"/>
                                                <instance name="dev01/Config/ch00006/Calibration_Sensor_Table_Type" order="2" value="0"/>
                                                <instance name="dev02/Config/ch00009/Calibration_Sensor_Name" order="0" value="CalSensor21"/>
                                                <instance name="dev01/Config/ch00008/LeadRes" order="0" value="0"/>
                                                <instance name="dev02/Config/ch00007/RTDWireScheme" order="0" value="4"/>
                                                <instance name="dev01/Config/ch00007/Calibration_Sensor_Table_Type" order="2" value="0"/>
                                                <instance name="dev01/Config/ch00008/Calibration_Sensor_Table_Type" order="2" value="0"/>
                                                <instance name="dev01/Config/ch00009/Calibration_Sensor_Table_Type" order="2" value="0"/>
                                                <instance name="dev02/Config/ch00006/rate" order="0" value="20"/>
                                                <instance name="dev02/Config/ch00006/Calibration_Sensor_Table_Type" order="2" value="0"/>
                                                <instance name="dev02/Config/ch00006/enable" order="1" value="1"/>
                                                <instance name="dev01/Config/ch00012/LeadRes" order="0" value="0"/>
                                                <instance name="dev01/Config/ch00003/Calibration_Sensor_Minimum_Range" order="0" value="-20"/>
                                                <instance name="dev01/Config/ch00006/Calibration_Sensor_Calibration_Date" order="0" value="2020-01-01"/>
                                                <instance name="dev01/Config/ch00009/LeadRes" order="0" value="0"/>
                                                <instance name="dev02/Config/ch00010/Calibration_Sensor_Name" order="0" value="CalSensor22"/>
                                                <instance name="dev01/Config/ch00012/Calibration_Sensor_Calibration_Date" order="0" value="2020-01-01"/>
                                                <instance name="dev01/Config/ch00012/Calibration_Sensor_Curve" order="0" value="&quot;{0,18.52,73.15}{1,18.96,74.15}{2,19.39,75.15}{3,19.82,76.15}{4,20.25,77.15}{5,20.68,78.15}{6,21.11,79.15}{7,21.54,80.15}{8,21.97,81.15}{9,22.4,82.15}{10,22.83,83.15}{11,23.26,84.15}{12,23.69,85.15}{13,24.12,86.15}{14,24.55,87.15}{15,24.97,88.15}{16,25.39,89.15}{17,25.82,90.15}{18,26.25,91.15}{19,26.67,92.15}{20,27.1,93.15}{21,27.52,94.15}{22,27.95,95.15}{23,28.37,96.15}{24,28.8,97.15}{25,29.22,98.15}{26,29.65,99.15}{27,30.07,100.15}{28,30.49,101.15}{29,30.92,102.15}{30,31.34,103.15}{31,31.76,104.15}{32,32.18,105.15}{33,32.61,106.15}{34,33.03,107.15}{35,33.45,108.15}{36,33.86,109.15}{37,34.28,110.15}{38,34.7,111.15}{39,35.12,112.15}{40,35.54,113.15}{41,35.96,114.15}{42,36.38,115.15}{43,36.8,116.15}{44,37.22,117.15}{45,37.63,118.15}{46,38.05,119.15}{47,38.47,120.15}{48,38.89,121.15}{49,39.31,122.15}{50,39.72,123.15}{51,40.14,124.15}{52,40.56,125.15}{53,40.97,126.15}{54,41.39,127.15}{55,41.8,128.15}{56,42.22,129.15}{57,42.64,130.15}{58,43.05,131.15}{59,43.46,132.15}{60,43.88,133.15}{61,44.29,134.15}{62,44.71,135.15}{63,45.12,136.15}{64,45.53,137.15}{65,45.95,138.15}{66,46.35,139.15}{67,46.76,140.15}{68,47.18,141.15}{69,47.59,142.15}{70,48,143.15}{71,48.41,144.15}{72,48.82,145.15}{73,49.23,146.15}{74,49.64,147.15}{75,50.06,148.15}{76,50.47,149.15}{77,50.88,150.15}{78,51.29,151.15}{79,51.7,152.15}{80,52.11,153.15}{81,52.52,154.15}{82,52.92,155.15}{83,53.33,156.15}{84,53.74,157.15}{85,54.15,158.15}{86,54.56,159.15}{87,54.97,160.15}{88,55.38,161.15}{89,55.78,162.15}{90,56.19,163.15}{91,56.6,164.15}{92,57,165.15}{93,57.41,166.15}{94,57.82,167.15}{95,58.22,168.15}{96,58.63,169.15}{97,59.04,170.15}{98,59.44,171.15}{99,59.85,172.15}{100,60.26,173.15}{101,60.67,174.15}{102,61.07,175.15}{103,61.48,176.15}{104,61.87,177.15}{105,62.29,178.15}{106,62.69,179.15}{107,63.1,180.15}{108,63.5,181.15}{109,63.91,182.15}{110,64.3,183.15}{111,64.7,184.15}{112,65.11,185.15}{113,65.51,186.15}{114,65.91,187.15}{115,66.31,188.15}{116,66.72,189.15}{117,67.12,190.15}{118,67.52,191.15}{119,67.92,192.15}{120,68.33,193.15}{121,68.73,194.15}{122,69.13,195.15}{123,69.53,196.15}{124,69.93,197.15}{125,70.33,198.15}{126,70.73,199.15}{127,71.13,200.15}{128,71.53,201.15}{129,71.93,202.15}{130,72.33,203.15}{131,72.73,204.15}{132,73.13,205.15}{133,73.53,206.15}{134,73.93,207.15}{135,74.33,208.15}{136,74.73,209.15}{137,75.13,210.15}{138,75.53,211.15}{139,75.93,212.15}{140,76.33,213.15}{141,76.73,214.15}{142,77.13,215.15}{143,77.52,216.15}{144,77.92,217.15}{145,78.32,218.15}{146,78.72,219.15}{147,79.11,220.15}{148,79.51,221.15}{149,79.91,222.15}{150,80.31,223.15}{151,80.7,224.15}{152,81.1,225.15}{153,81.5,226.15}{154,81.89,227.15}{155,82.29,228.15}{156,82.69,229.15}{157,83.08,230.15}{158,83.48,231.15}{159,83.88,232.15}{160,84.27,233.15}{161,84.67,234.15}{162,85.06,235.15}{163,85.46,236.15}{164,85.85,237.15}{165,86.25,238.15}{166,86.64,239.15}{167,87.04,240.15}{168,87.43,241.15}{169,87.83,242.15}{170,88.22,243.15}{171,88.62,244.15}{172,89.01,245.15}{173,89.4,246.15}{174,89.8,247.15}{175,90.19,248.15}{176,90.59,249.15}{177,90.98,250.15}{178,91.37,251.15}{179,91.77,252.15}{180,92.16,253.15}{181,92.55,254.15}{182,92.95,255.15}{183,93.34,256.15}{184,93.73,257.15}{185,94.12,258.15}{186,94.52,259.15}{187,94.91,260.15}{188,95.3,261.15}{189,95.69,262.15}{190,96.09,263.15}{191,96.48,264.15}{192,96.87,265.15}{193,97.26,266.15}{194,97.65,267.15}{195,98.04,268.15}{196,98.44,269.15}{197,98.83,270.15}{198,99.22,271.15}{199,99.61,272.15}{200,100,273.15}{201,100.39,274.15}{202,100.78,275.15}{203,101.17,276.15}{204,101.56,277.15}{205,101.95,278.15}{206,102.34,279.15}{207,102.73,280.15}{208,103.12,281.15}{209,103.51,282.15}{210,103.9,283.15}{211,104.29,284.15}{212,104.68,285.15}{213,105.07,286.15}{214,105.46,287.15}{215,105.85,288.15}{216,106.24,289.15}{217,106.63,290.15}{218,107.02,291.15}{219,107.4,292.15}{220,107.79,293.15}{221,108.18,294.15}{222,108.57,295.15}{223,108.96,296.15}{224,109.35,297.15}{225,109.73,298.15}{226,110.12,299.15}{227,110.51,300.15}{228,110.9,301.15}{229,111.28,302.15}{230,111.67,303.15}{231,112.06,304.15}{232,112.45,305.15}{233,112.83,306.15}{234,113.22,307.15}{235,113.61,308.15}{236,113.99,309.15}{237,114.38,310.15}{238,114.77,311.15}{239,115.15,312.15}{240,115.54,313.15}{241,115.93,314.15}{242,116.31,315.15}{243,116.7,316.15}{244,117.08,317.15}{245,117.47,318.15}{246,117.85,319.15}{247,118.24,320.15}{248,118.62,321.15}{249,119.01,322.15}{250,119.4,323.15}{251,119.78,324.15}{252,120.16,325.15}{253,120.55,326.15}{254,120.93,327.15}{255,121.32,328.15}{256,121.7,329.15}{257,122.09,330.15}{258,122.47,331.15}{259,122.86,332.15}{260,123.24,333.15}{261,123.62,334.15}{262,124.01,335.15}{263,124.39,336.15}{264,124.77,337.15}{265,125.17,338.15}{266,125.55,339.15}{267,125.93,340.15}{268,126.32,341.15}{269,126.7,342.15}{270,127.08,343.15}{271,127.46,344.15}{272,127.85,345.15}{273,128.23,346.15}{274,128.61,347.15}{275,128.99,348.15}{276,129.38,349.15}{277,129.76,350.15}{278,130.14,351.15}{279,130.52,352.15}{280,130.9,353.15}{281,131.28,354.15}{282,131.67,355.15}{283,132.05,356.15}{284,132.43,357.15}{285,132.81,358.15}{286,133.19,359.15}{287,133.57,360.15}{288,133.95,361.15}{289,134.33,362.15}{290,134.71,363.15}{291,135.09,364.15}{292,135.47,365.15}{293,135.85,366.15}{294,136.23,367.15}{295,136.61,368.15}{296,136.99,369.15}{297,137.37,370.15}{298,137.75,371.15}{299,138.13,372.15}{300,138.51,373.15}{301,138.89,374.15}{302,139.27,375.15}{303,139.65,376.15}{304,140.03,377.15}{305,140.39,378.15}{306,140.77,379.15}{307,141.15,380.15}{308,141.53,381.15}{309,141.91,382.15}{310,142.29,383.15}{311,142.66,384.15}{312,143.04,385.15}{313,143.42,386.15}{314,143.8,387.15}{315,144.18,388.15}{316,144.56,389.15}{317,144.94,390.15}{318,145.32,391.15}{319,145.69,392.15}{320,146.07,393.15}{321,146.45,394.15}{322,146.82,395.15}{323,147.2,396.15}{324,147.58,397.15}{325,147.95,398.15}{326,148.33,399.15}{327,148.71,400.15}{328,149.08,401.15}{329,149.46,402.15}{330,149.83,403.15}{331,150.21,404.15}{332,150.58,405.15}{333,150.96,406.15}{334,151.34,407.15}{335,151.71,408.15}{336,152.09,409.15}{337,152.46,410.15}{338,152.84,411.15}{339,153.21,412.15}{340,153.58,413.15}{341,153.95,414.15}{342,154.32,415.15}{343,154.71,416.15}{344,155.08,417.15}{345,155.46,418.15}{346,155.83,419.15}{347,156.21,420.15}{348,156.58,421.15}{349,156.96,422.15}{350,157.33,423.15}{351,157.71,424.15}{352,158.08,425.15}{353,158.45,426.15}{354,158.83,427.15}{355,159.2,428.15}{356,159.56,429.15}{357,159.94,430.15}{358,160.31,431.15}{359,160.68,432.15}{360,161.05,433.15}{361,161.43,434.15}{362,161.8,435.15}{363,162.17,436.15}{364,162.54,437.15}{365,162.91,438.15}{366,163.28,439.15}{367,163.66,440.15}{368,164.03,441.15}{369,164.4,442.15}{370,164.77,443.15}{371,165.14,444.15}{372,165.51,445.15}{373,165.88,446.15}{374,166.25,447.15}{375,166.62,448.15}{376,167,449.15}{377,167.37,450.15}{378,167.74,451.15}{379,168.11,452.15}{380,168.48,453.15}{381,168.85,454.15}{382,169.22,455.15}{383,169.59,456.15}{384,169.96,457.15}{385,170.33,458.15}{386,170.69,459.15}{387,171.06,460.15}{388,171.43,461.15}{389,171.8,462.15}{390,172.17,463.15}{391,172.54,464.15}{392,172.91,465.15}{393,173.27,466.15}{394,173.64,467.15}{395,174.01,468.15}{396,174.39,469.15}{397,174.75,470.15}{398,175.12,471.15}{399,175.49,472.15}{400,175.86,473.15}{401,176.23,474.15}{402,176.59,475.15}{403,176.96,476.15}{404,177.33,477.15}{405,177.7,478.15}{406,178.06,479.15}{407,178.43,480.15}{408,178.8,481.15}{409,179.16,482.15}{410,179.53,483.15}{411,179.9,484.15}{412,180.26,485.15}{413,180.63,486.15}{414,180.99,487.15}{415,181.36,488.15}{416,181.73,489.15}{417,182.09,490.15}{418,182.46,491.15}{419,182.82,492.15}{420,183.19,493.15}{421,183.55,494.15}{422,183.92,495.15}{423,184.28,496.15}{424,184.65,497.15}{425,185.01,498.15}{426,185.38,499.15}{427,185.74,500.15}{428,186.11,501.15}{429,186.47,502.15}{430,186.84,503.15}{431,187.2,504.15}{432,187.56,505.15}{433,187.93,506.15}{434,188.29,507.15}{435,188.65,508.15}{436,189.02,509.15}{437,189.38,510.15}{438,189.74,511.15}{439,190.11,512.15}{440,190.47,513.15}{441,190.83,514.15}{442,191.2,515.15}{443,191.56,516.15}{444,191.92,517.15}{445,192.28,518.15}{446,192.66,519.15}{447,193.02,520.15}{448,193.38,521.15}{449,193.74,522.15}{450,194.1,523.15}{451,194.47,524.15}{452,194.83,525.15}{453,195.19,526.15}{454,195.55,527.15}{455,195.9,528.15}{456,196.26,529.15}{457,196.62,530.15}{458,196.98,531.15}{459,197.35,532.15}{460,197.71,533.15}{461,198.07,534.15}{462,198.43,535.15}{463,198.79,536.15}{464,199.15,537.15}{465,199.51,538.15}{466,199.87,539.15}{467,200.23,540.15}{468,200.59,541.15}{469,200.95,542.15}{470,201.31,543.15}{471,201.67,544.15}{472,202.03,545.15}{473,202.38,546.15}{474,202.74,547.15}{475,203.1,548.15}{476,203.46,549.15}{477,203.82,550.15}{478,204.18,551.15}{479,204.54,552.15}{480,204.9,553.15}{481,205.25,554.15}{482,205.61,555.15}{483,205.97,556.15}{484,206.33,557.15}{485,206.7,558.15}{486,207.05,559.15}{487,207.41,560.15}{488,207.77,561.15}{489,208.13,562.15}{490,208.48,563.15}{491,208.84,564.15}{492,209.2,565.15}{493,209.55,566.15}{494,209.91,567.15}{495,210.27,568.15}{496,210.62,569.15}{497,210.98,570.15}{498,211.34,571.15}{499,211.69,572.15}{500,212.05,573.15}{501,212.4,574.15}{502,212.76,575.15}{503,213.12,576.15}{504,213.47,577.15}{505,213.83,578.15}{506,214.19,579.15}{507,214.55,580.15}{508,214.9,581.15}{509,215.26,582.15}{510,215.61,583.15}{511,215.97,584.15}{512,216.32,585.15}{513,216.68,586.15}{514,217.03,587.15}{515,217.39,588.15}{516,217.73,589.15}{517,218.08,590.15}{518,218.44,591.15}{519,218.79,592.15}{520,219.15,593.15}{521,219.5,594.15}{522,219.85,595.15}{523,220.21,596.15}{524,220.56,597.15}{525,220.91,598.15}{526,221.27,599.15}{527,221.62,600.15}{528,221.97,601.15}{529,222.32,602.15}{530,222.68,603.15}{531,223.03,604.15}{532,223.38,605.15}{533,223.73,606.15}{534,224.09,607.15}{535,224.45,608.15}{536,224.8,609.15}{537,225.15,610.15}{538,225.5,611.15}{539,225.85,612.15}{540,226.21,613.15}{541,226.56,614.15}{542,226.91,615.15}{543,227.26,616.15}{544,227.61,617.15}{545,227.96,618.15}{546,228.31,619.15}{547,228.66,620.15}{548,229.01,621.15}{549,229.36,622.15}{550,229.72,623.15}{551,230.07,624.15}{552,230.42,625.15}{553,230.77,626.15}{554,231.12,627.15}{555,231.47,628.15}{556,231.81,629.15}{557,232.16,630.15}{558,232.51,631.15}{559,232.86,632.15}{560,233.21,633.15}{561,233.56,634.15}{562,233.91,635.15}{563,234.26,636.15}{564,234.6,637.15}{565,234.95,638.15}{566,235.3,639.15}{567,235.65,640.15}{568,236,641.15}{569,236.35,642.15}{570,236.7,643.15}{571,237.05,644.15}{572,237.4,645.15}{573,237.75,646.15}{574,238.09,647.15}{575,238.44,648.15}{576,238.79,649.15}{577,239.14,650.15}{578,239.48,651.15}{579,239.83,652.15}{580,240.18,653.15}{581,240.52,654.15}{582,240.87,655.15}{583,241.22,656.15}{584,241.56,657.15}{585,241.91,658.15}{586,242.25,659.15}{587,242.6,660.15}{588,242.95,661.15}{589,243.29,662.15}{590,243.64,663.15}{591,243.98,664.15}{592,244.33,665.15}{593,244.67,666.15}{594,245.02,667.15}{595,245.36,668.15}{596,245.71,669.15}{597,246.05,670.15}{598,246.4,671.15}{599,246.74,672.15}{600,247.09,673.15}{601,247.43,674.15}{602,247.78,675.15}{603,248.12,676.15}{604,248.46,677.15}{605,248.81,678.15}{606,249.15,679.15}{607,249.5,680.15}{608,249.84,681.15}{609,250.18,682.15}{610,250.53,683.15}{611,250.89,684.15}{612,251.21,685.15}{613,251.55,686.15}{614,251.9,687.15}{615,252.24,688.15}{616,252.59,689.15}{617,252.94,690.15}{618,253.28,691.15}{619,253.62,692.15}{620,253.96,693.15}{621,254.3,694.15}{622,254.65,695.15}{623,254.99,696.15}{624,255.33,697.15}{625,255.67,698.15}{626,256.01,699.15}{627,256.35,700.15}{628,256.7,701.15}{629,257.04,702.15}{630,257.38,703.15}{631,257.72,704.15}{632,258.06,705.15}{633,258.4,706.15}{634,258.74,707.15}{635,259.08,708.15}{636,259.42,709.15}{637,259.76,710.15}{638,260.1,711.15}{639,260.44,712.15}{640,260.78,713.15}{641,261.12,714.15}{642,261.46,715.15}{643,261.8,716.15}{644,262.14,717.15}{645,262.48,718.15}{646,262.83,719.15}{647,263.17,720.15}{648,263.5,721.15}{649,263.84,722.15}{650,264.18,723.15}{651,264.52,724.15}{652,264.86,725.15}{653,265.2,726.15}{654,265.54,727.15}{655,265.87,728.15}{656,266.21,729.15}{657,266.55,730.15}{658,266.89,731.15}{659,267.22,732.15}{660,267.56,733.15}{661,267.9,734.15}{662,268.24,735.15}{663,268.57,736.15}{664,268.91,737.15}{665,269.25,738.15}{666,269.58,739.15}{667,269.92,740.15}{668,270.26,741.15}{669,270.59,742.15}{670,270.93,743.15}{671,271.27,744.15}{672,271.6,745.15}{673,271.94,746.15}{674,272.27,747.15}{675,272.61,748.15}{676,272.95,749.15}{677,273.28,750.15}{678,273.62,751.15}{679,273.95,752.15}{680,274.29,753.15}{681,274.62,754.15}{682,274.96,755.15}{683,275.29,756.15}{684,275.63,757.15}{685,275.96,758.15}{686,276.31,759.15}{687,276.64,760.15}{688,276.97,761.15}{689,277.31,762.15}{690,277.64,763.15}{691,277.98,764.15}{692,278.31,765.15}{693,278.64,766.15}{694,278.98,767.15}{695,279.31,768.15}{696,279.64,769.15}{697,279.98,770.15}{698,280.31,771.15}{699,280.64,772.15}{700,280.98,773.15}{701,281.31,774.15}{702,281.64,775.15}{703,281.97,776.15}{704,282.31,777.15}{705,282.64,778.15}{706,282.97,779.15}{707,283.3,780.15}{708,283.63,781.15}{709,283.97,782.15}{710,284.3,783.15}{711,284.63,784.15}{712,284.96,785.15}{713,285.29,786.15}{714,285.62,787.15}{715,285.95,788.15}{716,286.3,789.15}{717,286.63,790.15}{718,286.96,791.15}{719,287.29,792.15}{720,287.62,793.15}{721,287.95,794.15}{722,288.28,795.15}{723,288.61,796.15}{724,288.94,797.15}{725,289.27,798.15}{726,289.6,799.15}{727,289.93,800.15}{728,290.26,801.15}{729,290.59,802.15}{730,290.92,803.15}{731,291.25,804.15}{732,291.58,805.15}{733,291.9,806.15}{734,292.23,807.15}{735,292.56,808.15}{736,292.9,809.15}{737,293.23,810.15}{738,293.56,811.15}{739,293.89,812.15}{740,294.21,813.15}{741,294.54,814.15}{742,294.87,815.15}{743,295.2,816.15}{744,295.53,817.15}{745,295.85,818.15}{746,296.18,819.15}{747,296.51,820.15}{748,296.84,821.15}{749,297.16,822.15}{750,297.49,823.15}{751,297.82,824.15}{752,298.14,825.15}{753,298.47,826.15}{754,298.8,827.15}{755,299.12,828.15}{756,299.45,829.15}{757,299.78,830.15}{758,300.1,831.15}{759,300.43,832.15}{760,300.75,833.15}{761,301.08,834.15}{762,301.41,835.15}{763,301.73,836.15}{764,302.06,837.15}{765,302.38,838.15}{766,302.71,839.15}{767,303.03,840.15}{768,303.36,841.15}{769,303.68,842.15}{770,304.01,843.15}{771,304.33,844.15}{772,304.66,845.15}{773,304.98,846.15}{774,305.3,847.15}{775,305.63,848.15}{776,305.95,849.15}{777,306.28,850.15}{778,306.6,851.15}{779,306.92,852.15}{780,307.25,853.15}{781,307.57,854.15}{782,307.89,855.15}{783,308.22,856.15}{784,308.54,857.15}{785,308.86,858.15}{786,309.19,859.15}{787,309.51,860.15}{788,309.83,861.15}{789,310.15,862.15}{790,310.48,863.15}{791,310.8,864.15}{792,311.12,865.15}{793,311.45,866.15}{794,311.78,867.15}{795,312.1,868.15}{796,312.43,869.15}{797,312.75,870.15}{798,313.07,871.15}{799,313.39,872.15}{800,313.71,873.15}{801,314.04,874.15}{802,314.36,875.15}{803,314.68,876.15}{804,315,877.15}{805,315.32,878.15}{806,315.64,879.15}{807,315.96,880.15}{808,316.28,881.15}{809,316.6,882.15}{810,316.92,883.15}{811,317.24,884.15}{812,317.56,885.15}{813,317.88,886.15}{814,318.2,887.15}{815,318.52,888.15}{816,318.85,889.15}{817,319.17,890.15}{818,319.49,891.15}{819,319.81,892.15}{820,320.12,893.15}{821,320.44,894.15}{822,320.76,895.15}{823,321.08,896.15}{824,321.4,897.15}{825,321.72,898.15}{826,322.03,899.15}{827,322.34,900.15}{828,322.66,901.15}{829,322.98,902.15}{830,323.3,903.15}{831,323.61,904.15}{832,323.93,905.15}{833,324.25,906.15}{834,324.57,907.15}{835,324.88,908.15}{836,325.21,909.15}{837,325.53,910.15}{838,325.85,911.15}{839,326.16,912.15}{840,326.48,913.15}{841,326.79,914.15}{842,327.11,915.15}{843,327.43,916.15}{844,327.74,917.15}{845,328.06,918.15}{846,328.38,919.15}{847,328.69,920.15}{848,329.01,921.15}{849,329.32,922.15}{850,329.64,923.15}{851,329.95,924.15}{852,330.27,925.15}{853,330.58,926.15}{854,330.9,927.15}{855,331.21,928.15}{856,331.53,929.15}{857,331.84,930.15}{858,332.16,931.15}{859,332.47,932.15}{860,332.79,933.15}{861,333.1,934.15}{862,333.41,935.15}{863,333.73,936.15}{864,334.04,937.15}{865,334.36,938.15}{866,334.68,939.15}{867,334.99,940.15}{868,335.31,941.15}{869,335.62,942.15}{870,335.93,943.15}{871,336.25,944.15}{872,336.56,945.15}{873,336.87,946.15}{874,337.18,947.15}{875,337.5,948.15}{876,337.81,949.15}{877,338.12,950.15}{878,338.43,951.15}{879,338.75,952.15}{880,339.06,953.15}{881,339.37,954.15}{882,339.68,955.15}{883,339.99,956.15}{884,340.3,957.15}{885,340.62,958.15}{886,340.94,959.15}{887,341.25,960.15}{888,341.55,961.15}{889,341.87,962.15}{890,342.18,963.15}{891,342.49,964.15}{892,342.8,965.15}{893,343.11,966.15}{894,343.42,967.15}{895,343.73,968.15}{896,344.04,969.15}{897,344.35,970.15}{898,344.66,971.15}{899,344.97,972.15}{900,345.28,973.15}{901,345.59,974.15}{902,345.9,975.15}{903,346.21,976.15}{904,346.52,977.15}{905,346.83,978.15}{906,347.15,979.15}{907,347.46,980.15}{908,347.76,981.15}{909,348.07,982.15}{910,348.38,983.15}{911,348.69,984.15}{912,349,985.15}{913,349.31,986.15}{914,349.61,987.15}{915,349.92,988.15}{916,350.23,989.15}{917,350.54,990.15}{918,350.85,991.15}{919,351.15,992.15}{920,351.46,993.15}{921,351.77,994.15}{922,352.07,995.15}{923,352.38,996.15}{924,352.69,997.15}{925,352.99,998.15}{926,353.3,999.15}{927,353.61,1000.15}{928,353.91,1001.15}{929,354.22,1002.15}{930,354.53,1003.15}{931,354.83,1004.15}{932,355.14,1005.15}{933,355.44,1006.15}{934,355.75,1007.15}{935,356.06,1008.15}{936,356.37,1009.15}{937,356.68,1010.15}{938,356.98,1011.15}{939,357.29,1012.15}{940,357.59,1013.15}{941,357.9,1014.15}{942,358.2,1015.15}{943,358.51,1016.15}{944,358.81,1017.15}{945,359.12,1018.15}{946,359.42,1019.15}{947,359.72,1020.15}{948,360.03,1021.15}{949,360.33,1022.15}{950,360.64,1023.15}{951,360.94,1024.15}{952,361.24,1025.15}{953,361.55,1026.15}{954,361.85,1027.15}{955,362.15,1028.15}{956,362.46,1029.15}{957,362.76,1030.15}{958,363.06,1031.15}{959,363.36,1032.15}{960,363.67,1033.15}{961,363.97,1034.15}{962,364.27,1035.15}{963,364.57,1036.15}{964,364.88,1037.15}{965,365.18,1038.15}{966,365.49,1039.15}{967,365.79,1040.15}{968,366.09,1041.15}{969,366.4,1042.15}{970,366.7,1043.15}{971,367,1044.15}{972,367.3,1045.15}{973,367.6,1046.15}{974,367.9,1047.15}{975,368.2,1048.15}{976,368.5,1049.15}{977,368.81,1050.15}{978,369.11,1051.15}{979,369.41,1052.15}{980,369.71,1053.15}{981,370.01,1054.15}{982,370.31,1055.15}{983,370.61,1056.15}{984,370.91,1057.15}{985,371.21,1058.15}{986,371.52,1059.15}{987,371.82,1060.15}{988,372.12,1061.15}{989,372.41,1062.15}{990,372.71,1063.15}{991,373.01,1064.15}{992,373.31,1065.15}{993,373.61,1066.15}{994,373.91,1067.15}{995,374.21,1068.15}{996,374.51,1069.15}{997,374.8,1070.15}{998,375.1,1071.15}{999,375.4,1072.15}{1000,375.7,1073.15}{1001,376,1074.15}{1002,376.29,1075.15}{1003,376.59,1076.15}{1004,376.89,1077.15}{1005,377.19,1078.15}{1006,377.49,1079.15}{1007,377.79,1080.15}{1008,378.09,1081.15}{1009,378.39,1082.15}{1010,378.68,1083.15}{1011,378.98,1084.15}{1012,379.28,1085.15}{1013,379.57,1086.15}{1014,379.87,1087.15}{1015,380.17,1088.15}{1016,380.46,1089.15}{1017,380.76,1090.15}{1018,381.05,1091.15}{1019,381.35,1092.15}{1020,381.65,1093.15}{1021,381.94,1094.15}{1022,382.24,1095.15}{1023,382.53,1096.15}{1024,382.83,1097.15}{1025,383.12,1098.15}{1026,383.42,1099.15}{1027,383.71,1100.15}{1028,384.01,1101.15}{1029,384.3,1102.15}{1030,384.6,1103.15}{1031,384.89,1104.15}{1032,385.18,1105.15}{1033,385.48,1106.15}{1034,385.77,1107.15}{1035,386.07,1108.15}{1036,386.37,1109.15}{1037,386.66,1110.15}{1038,386.96,1111.15}{1039,387.25,1112.15}{1040,387.55,1113.15}{1041,387.84,1114.15}{1042,388.13,1115.15}{1043,388.42,1116.15}{1044,388.72,1117.15}{1045,389.01,1118.15}{1046,389.31,1119.15}{1047,389.61,1120.15}{1048,389.9,1121.15}{1049,390.19,1122.15}{1050,390.48,1123.15}&quot;"/>
                                                <instance name="dev01/Config/ch00012/Calibration_Sensor_Input_Units" order="0" value="Ohm"/>
                                                <instance name="dev01/Config/ch00012/Calibration_Sensor_Maximum_Range" order="0" value="1123.15"/>
                                                <instance name="dev02/Config/ch00002/Calibration_Sensor_Calibration_Date" order="0" value="2020-01-01"/>
                                                <instance name="dev01/Config/ch00012/Calibration_Sensor_Minimum_Range" order="0" value="73.15"/>
                                                <instance name="dev02/Config/ch00005/Calibration_Sensor_Calibration_Date" order="0" value="2020-01-01"/>
                                                <instance name="dev01/Config/ch00012/enable" order="1" value="1"/>
                                                <instance name="dev01/Config/ch00012/Calibration_Sensor_Name" order="0" value="CalSensor12"/>
                                                <instance name="dev02/Config/ch00003/Calibration_Sensor_Input_Units" order="0" value="Ohm"/>
                                                <instance name="dev02/Config/ch00010/Calibration_Sensor_Table_Type" order="2" value="1"/>
                                                <instance name="dev02/Config/ch00011/Calibration_Sensor_Name" order="0" value="CalSensor23"/>
                                                <instance name="dev01/Config/ch00012/Calibration_Sensor_Output_Units" order="0" value="K"/>
                                                <instance name="dev01/Config/ch00012/Calibration_Sensor_Table_Type" order="2" value="1"/>
                                                <instance name="dev01/Config/ch00002/enable" order="1" value="1"/>
                                                <instance name="dev01/Config/ch00006/Calibration_Sensor_Minimum_Range" order="0" value="-20"/>
                                                <instance name="dev02/Config/ch00007/rate" order="0" value="20"/>
                                                <instance name="dev01/Config/ch00012/RTDRange" order="0" value="0"/>
                                                <instance name="dev01/Config/ch00012/RTDWireScheme" order="0" value="4"/>
                                                <instance name="dev02/Config/ch00004/rate" order="0" value="20"/>
                                                <instance name="dev01/Config/ch00011/Calibration_Sensor_Table_Type" order="2" value="0"/>
                                                <instance name="dev02/Config/ch00007/Calibration_Sensor_Calibration_Date" order="0" value="2020-01-01"/>
                                                <instance name="dev02/Config/ch00012/Calibration_Sensor_Calibration_Date" order="0" value="2020-01-01"/>
                                                <instance name="dev01/Config/ch00002/RTDWireScheme" order="0" value="4"/>
                                                <instance name="dev01/Config/ch00001/Calibration_Sensor_Output_Units" order="0" value="Ohm"/>
                                                <instance name="dev02/Config/ch00002/Calibration_Sensor_Input_Units" order="0" value="Ohm"/>
                                                <instance name="dev02/Config/ch00012/Calibration_Sensor_Curve" order="0" value="&quot;{0,18.52,73.15}{1,18.96,74.15}{2,19.39,75.15}{3,19.82,76.15}{4,20.25,77.15}{5,20.68,78.15}{6,21.11,79.15}{7,21.54,80.15}{8,21.97,81.15}{9,22.4,82.15}{10,22.83,83.15}{11,23.26,84.15}{12,23.69,85.15}{13,24.12,86.15}{14,24.55,87.15}{15,24.97,88.15}{16,25.39,89.15}{17,25.82,90.15}{18,26.25,91.15}{19,26.67,92.15}{20,27.1,93.15}{21,27.52,94.15}{22,27.95,95.15}{23,28.37,96.15}{24,28.8,97.15}{25,29.22,98.15}{26,29.65,99.15}{27,30.07,100.15}{28,30.49,101.15}{29,30.92,102.15}{30,31.34,103.15}{31,31.76,104.15}{32,32.18,105.15}{33,32.61,106.15}{34,33.03,107.15}{35,33.45,108.15}{36,33.86,109.15}{37,34.28,110.15}{38,34.7,111.15}{39,35.12,112.15}{40,35.54,113.15}{41,35.96,114.15}{42,36.38,115.15}{43,36.8,116.15}{44,37.22,117.15}{45,37.63,118.15}{46,38.05,119.15}{47,38.47,120.15}{48,38.89,121.15}{49,39.31,122.15}{50,39.72,123.15}{51,40.14,124.15}{52,40.56,125.15}{53,40.97,126.15}{54,41.39,127.15}{55,41.8,128.15}{56,42.22,129.15}{57,42.64,130.15}{58,43.05,131.15}{59,43.46,132.15}{60,43.88,133.15}{61,44.29,134.15}{62,44.71,135.15}{63,45.12,136.15}{64,45.53,137.15}{65,45.95,138.15}{66,46.35,139.15}{67,46.76,140.15}{68,47.18,141.15}{69,47.59,142.15}{70,48,143.15}{71,48.41,144.15}{72,48.82,145.15}{73,49.23,146.15}{74,49.64,147.15}{75,50.06,148.15}{76,50.47,149.15}{77,50.88,150.15}{78,51.29,151.15}{79,51.7,152.15}{80,52.11,153.15}{81,52.52,154.15}{82,52.92,155.15}{83,53.33,156.15}{84,53.74,157.15}{85,54.15,158.15}{86,54.56,159.15}{87,54.97,160.15}{88,55.38,161.15}{89,55.78,162.15}{90,56.19,163.15}{91,56.6,164.15}{92,57,165.15}{93,57.41,166.15}{94,57.82,167.15}{95,58.22,168.15}{96,58.63,169.15}{97,59.04,170.15}{98,59.44,171.15}{99,59.85,172.15}{100,60.26,173.15}{101,60.67,174.15}{102,61.07,175.15}{103,61.48,176.15}{104,61.87,177.15}{105,62.29,178.15}{106,62.69,179.15}{107,63.1,180.15}{108,63.5,181.15}{109,63.91,182.15}{110,64.3,183.15}{111,64.7,184.15}{112,65.11,185.15}{113,65.51,186.15}{114,65.91,187.15}{115,66.31,188.15}{116,66.72,189.15}{117,67.12,190.15}{118,67.52,191.15}{119,67.92,192.15}{120,68.33,193.15}{121,68.73,194.15}{122,69.13,195.15}{123,69.53,196.15}{124,69.93,197.15}{125,70.33,198.15}{126,70.73,199.15}{127,71.13,200.15}{128,71.53,201.15}{129,71.93,202.15}{130,72.33,203.15}{131,72.73,204.15}{132,73.13,205.15}{133,73.53,206.15}{134,73.93,207.15}{135,74.33,208.15}{136,74.73,209.15}{137,75.13,210.15}{138,75.53,211.15}{139,75.93,212.15}{140,76.33,213.15}{141,76.73,214.15}{142,77.13,215.15}{143,77.52,216.15}{144,77.92,217.15}{145,78.32,218.15}{146,78.72,219.15}{147,79.11,220.15}{148,79.51,221.15}{149,79.91,222.15}{150,80.31,223.15}{151,80.7,224.15}{152,81.1,225.15}{153,81.5,226.15}{154,81.89,227.15}{155,82.29,228.15}{156,82.69,229.15}{157,83.08,230.15}{158,83.48,231.15}{159,83.88,232.15}{160,84.27,233.15}{161,84.67,234.15}{162,85.06,235.15}{163,85.46,236.15}{164,85.85,237.15}{165,86.25,238.15}{166,86.64,239.15}{167,87.04,240.15}{168,87.43,241.15}{169,87.83,242.15}{170,88.22,243.15}{171,88.62,244.15}{172,89.01,245.15}{173,89.4,246.15}{174,89.8,247.15}{175,90.19,248.15}{176,90.59,249.15}{177,90.98,250.15}{178,91.37,251.15}{179,91.77,252.15}{180,92.16,253.15}{181,92.55,254.15}{182,92.95,255.15}{183,93.34,256.15}{184,93.73,257.15}{185,94.12,258.15}{186,94.52,259.15}{187,94.91,260.15}{188,95.3,261.15}{189,95.69,262.15}{190,96.09,263.15}{191,96.48,264.15}{192,96.87,265.15}{193,97.26,266.15}{194,97.65,267.15}{195,98.04,268.15}{196,98.44,269.15}{197,98.83,270.15}{198,99.22,271.15}{199,99.61,272.15}{200,100,273.15}{201,100.39,274.15}{202,100.78,275.15}{203,101.17,276.15}{204,101.56,277.15}{205,101.95,278.15}{206,102.34,279.15}{207,102.73,280.15}{208,103.12,281.15}{209,103.51,282.15}{210,103.9,283.15}{211,104.29,284.15}{212,104.68,285.15}{213,105.07,286.15}{214,105.46,287.15}{215,105.85,288.15}{216,106.24,289.15}{217,106.63,290.15}{218,107.02,291.15}{219,107.4,292.15}{220,107.79,293.15}{221,108.18,294.15}{222,108.57,295.15}{223,108.96,296.15}{224,109.35,297.15}{225,109.73,298.15}{226,110.12,299.15}{227,110.51,300.15}{228,110.9,301.15}{229,111.28,302.15}{230,111.67,303.15}{231,112.06,304.15}{232,112.45,305.15}{233,112.83,306.15}{234,113.22,307.15}{235,113.61,308.15}{236,113.99,309.15}{237,114.38,310.15}{238,114.77,311.15}{239,115.15,312.15}{240,115.54,313.15}{241,115.93,314.15}{242,116.31,315.15}{243,116.7,316.15}{244,117.08,317.15}{245,117.47,318.15}{246,117.85,319.15}{247,118.24,320.15}{248,118.62,321.15}{249,119.01,322.15}{250,119.4,323.15}{251,119.78,324.15}{252,120.16,325.15}{253,120.55,326.15}{254,120.93,327.15}{255,121.32,328.15}{256,121.7,329.15}{257,122.09,330.15}{258,122.47,331.15}{259,122.86,332.15}{260,123.24,333.15}{261,123.62,334.15}{262,124.01,335.15}{263,124.39,336.15}{264,124.77,337.15}{265,125.17,338.15}{266,125.55,339.15}{267,125.93,340.15}{268,126.32,341.15}{269,126.7,342.15}{270,127.08,343.15}{271,127.46,344.15}{272,127.85,345.15}{273,128.23,346.15}{274,128.61,347.15}{275,128.99,348.15}{276,129.38,349.15}{277,129.76,350.15}{278,130.14,351.15}{279,130.52,352.15}{280,130.9,353.15}{281,131.28,354.15}{282,131.67,355.15}{283,132.05,356.15}{284,132.43,357.15}{285,132.81,358.15}{286,133.19,359.15}{287,133.57,360.15}{288,133.95,361.15}{289,134.33,362.15}{290,134.71,363.15}{291,135.09,364.15}{292,135.47,365.15}{293,135.85,366.15}{294,136.23,367.15}{295,136.61,368.15}{296,136.99,369.15}{297,137.37,370.15}{298,137.75,371.15}{299,138.13,372.15}{300,138.51,373.15}{301,138.89,374.15}{302,139.27,375.15}{303,139.65,376.15}{304,140.03,377.15}{305,140.39,378.15}{306,140.77,379.15}{307,141.15,380.15}{308,141.53,381.15}{309,141.91,382.15}{310,142.29,383.15}{311,142.66,384.15}{312,143.04,385.15}{313,143.42,386.15}{314,143.8,387.15}{315,144.18,388.15}{316,144.56,389.15}{317,144.94,390.15}{318,145.32,391.15}{319,145.69,392.15}{320,146.07,393.15}{321,146.45,394.15}{322,146.82,395.15}{323,147.2,396.15}{324,147.58,397.15}{325,147.95,398.15}{326,148.33,399.15}{327,148.71,400.15}{328,149.08,401.15}{329,149.46,402.15}{330,149.83,403.15}{331,150.21,404.15}{332,150.58,405.15}{333,150.96,406.15}{334,151.34,407.15}{335,151.71,408.15}{336,152.09,409.15}{337,152.46,410.15}{338,152.84,411.15}{339,153.21,412.15}{340,153.58,413.15}{341,153.95,414.15}{342,154.32,415.15}{343,154.71,416.15}{344,155.08,417.15}{345,155.46,418.15}{346,155.83,419.15}{347,156.21,420.15}{348,156.58,421.15}{349,156.96,422.15}{350,157.33,423.15}{351,157.71,424.15}{352,158.08,425.15}{353,158.45,426.15}{354,158.83,427.15}{355,159.2,428.15}{356,159.56,429.15}{357,159.94,430.15}{358,160.31,431.15}{359,160.68,432.15}{360,161.05,433.15}{361,161.43,434.15}{362,161.8,435.15}{363,162.17,436.15}{364,162.54,437.15}{365,162.91,438.15}{366,163.28,439.15}{367,163.66,440.15}{368,164.03,441.15}{369,164.4,442.15}{370,164.77,443.15}{371,165.14,444.15}{372,165.51,445.15}{373,165.88,446.15}{374,166.25,447.15}{375,166.62,448.15}{376,167,449.15}{377,167.37,450.15}{378,167.74,451.15}{379,168.11,452.15}{380,168.48,453.15}{381,168.85,454.15}{382,169.22,455.15}{383,169.59,456.15}{384,169.96,457.15}{385,170.33,458.15}{386,170.69,459.15}{387,171.06,460.15}{388,171.43,461.15}{389,171.8,462.15}{390,172.17,463.15}{391,172.54,464.15}{392,172.91,465.15}{393,173.27,466.15}{394,173.64,467.15}{395,174.01,468.15}{396,174.39,469.15}{397,174.75,470.15}{398,175.12,471.15}{399,175.49,472.15}{400,175.86,473.15}{401,176.23,474.15}{402,176.59,475.15}{403,176.96,476.15}{404,177.33,477.15}{405,177.7,478.15}{406,178.06,479.15}{407,178.43,480.15}{408,178.8,481.15}{409,179.16,482.15}{410,179.53,483.15}{411,179.9,484.15}{412,180.26,485.15}{413,180.63,486.15}{414,180.99,487.15}{415,181.36,488.15}{416,181.73,489.15}{417,182.09,490.15}{418,182.46,491.15}{419,182.82,492.15}{420,183.19,493.15}{421,183.55,494.15}{422,183.92,495.15}{423,184.28,496.15}{424,184.65,497.15}{425,185.01,498.15}{426,185.38,499.15}{427,185.74,500.15}{428,186.11,501.15}{429,186.47,502.15}{430,186.84,503.15}{431,187.2,504.15}{432,187.56,505.15}{433,187.93,506.15}{434,188.29,507.15}{435,188.65,508.15}{436,189.02,509.15}{437,189.38,510.15}{438,189.74,511.15}{439,190.11,512.15}{440,190.47,513.15}{441,190.83,514.15}{442,191.2,515.15}{443,191.56,516.15}{444,191.92,517.15}{445,192.28,518.15}{446,192.66,519.15}{447,193.02,520.15}{448,193.38,521.15}{449,193.74,522.15}{450,194.1,523.15}{451,194.47,524.15}{452,194.83,525.15}{453,195.19,526.15}{454,195.55,527.15}{455,195.9,528.15}{456,196.26,529.15}{457,196.62,530.15}{458,196.98,531.15}{459,197.35,532.15}{460,197.71,533.15}{461,198.07,534.15}{462,198.43,535.15}{463,198.79,536.15}{464,199.15,537.15}{465,199.51,538.15}{466,199.87,539.15}{467,200.23,540.15}{468,200.59,541.15}{469,200.95,542.15}{470,201.31,543.15}{471,201.67,544.15}{472,202.03,545.15}{473,202.38,546.15}{474,202.74,547.15}{475,203.1,548.15}{476,203.46,549.15}{477,203.82,550.15}{478,204.18,551.15}{479,204.54,552.15}{480,204.9,553.15}{481,205.25,554.15}{482,205.61,555.15}{483,205.97,556.15}{484,206.33,557.15}{485,206.7,558.15}{486,207.05,559.15}{487,207.41,560.15}{488,207.77,561.15}{489,208.13,562.15}{490,208.48,563.15}{491,208.84,564.15}{492,209.2,565.15}{493,209.55,566.15}{494,209.91,567.15}{495,210.27,568.15}{496,210.62,569.15}{497,210.98,570.15}{498,211.34,571.15}{499,211.69,572.15}{500,212.05,573.15}{501,212.4,574.15}{502,212.76,575.15}{503,213.12,576.15}{504,213.47,577.15}{505,213.83,578.15}{506,214.19,579.15}{507,214.55,580.15}{508,214.9,581.15}{509,215.26,582.15}{510,215.61,583.15}{511,215.97,584.15}{512,216.32,585.15}{513,216.68,586.15}{514,217.03,587.15}{515,217.39,588.15}{516,217.73,589.15}{517,218.08,590.15}{518,218.44,591.15}{519,218.79,592.15}{520,219.15,593.15}{521,219.5,594.15}{522,219.85,595.15}{523,220.21,596.15}{524,220.56,597.15}{525,220.91,598.15}{526,221.27,599.15}{527,221.62,600.15}{528,221.97,601.15}{529,222.32,602.15}{530,222.68,603.15}{531,223.03,604.15}{532,223.38,605.15}{533,223.73,606.15}{534,224.09,607.15}{535,224.45,608.15}{536,224.8,609.15}{537,225.15,610.15}{538,225.5,611.15}{539,225.85,612.15}{540,226.21,613.15}{541,226.56,614.15}{542,226.91,615.15}{543,227.26,616.15}{544,227.61,617.15}{545,227.96,618.15}{546,228.31,619.15}{547,228.66,620.15}{548,229.01,621.15}{549,229.36,622.15}{550,229.72,623.15}{551,230.07,624.15}{552,230.42,625.15}{553,230.77,626.15}{554,231.12,627.15}{555,231.47,628.15}{556,231.81,629.15}{557,232.16,630.15}{558,232.51,631.15}{559,232.86,632.15}{560,233.21,633.15}{561,233.56,634.15}{562,233.91,635.15}{563,234.26,636.15}{564,234.6,637.15}{565,234.95,638.15}{566,235.3,639.15}{567,235.65,640.15}{568,236,641.15}{569,236.35,642.15}{570,236.7,643.15}{571,237.05,644.15}{572,237.4,645.15}{573,237.75,646.15}{574,238.09,647.15}{575,238.44,648.15}{576,238.79,649.15}{577,239.14,650.15}{578,239.48,651.15}{579,239.83,652.15}{580,240.18,653.15}{581,240.52,654.15}{582,240.87,655.15}{583,241.22,656.15}{584,241.56,657.15}{585,241.91,658.15}{586,242.25,659.15}{587,242.6,660.15}{588,242.95,661.15}{589,243.29,662.15}{590,243.64,663.15}{591,243.98,664.15}{592,244.33,665.15}{593,244.67,666.15}{594,245.02,667.15}{595,245.36,668.15}{596,245.71,669.15}{597,246.05,670.15}{598,246.4,671.15}{599,246.74,672.15}{600,247.09,673.15}{601,247.43,674.15}{602,247.78,675.15}{603,248.12,676.15}{604,248.46,677.15}{605,248.81,678.15}{606,249.15,679.15}{607,249.5,680.15}{608,249.84,681.15}{609,250.18,682.15}{610,250.53,683.15}{611,250.89,684.15}{612,251.21,685.15}{613,251.55,686.15}{614,251.9,687.15}{615,252.24,688.15}{616,252.59,689.15}{617,252.94,690.15}{618,253.28,691.15}{619,253.62,692.15}{620,253.96,693.15}{621,254.3,694.15}{622,254.65,695.15}{623,254.99,696.15}{624,255.33,697.15}{625,255.67,698.15}{626,256.01,699.15}{627,256.35,700.15}{628,256.7,701.15}{629,257.04,702.15}{630,257.38,703.15}{631,257.72,704.15}{632,258.06,705.15}{633,258.4,706.15}{634,258.74,707.15}{635,259.08,708.15}{636,259.42,709.15}{637,259.76,710.15}{638,260.1,711.15}{639,260.44,712.15}{640,260.78,713.15}{641,261.12,714.15}{642,261.46,715.15}{643,261.8,716.15}{644,262.14,717.15}{645,262.48,718.15}{646,262.83,719.15}{647,263.17,720.15}{648,263.5,721.15}{649,263.84,722.15}{650,264.18,723.15}{651,264.52,724.15}{652,264.86,725.15}{653,265.2,726.15}{654,265.54,727.15}{655,265.87,728.15}{656,266.21,729.15}{657,266.55,730.15}{658,266.89,731.15}{659,267.22,732.15}{660,267.56,733.15}{661,267.9,734.15}{662,268.24,735.15}{663,268.57,736.15}{664,268.91,737.15}{665,269.25,738.15}{666,269.58,739.15}{667,269.92,740.15}{668,270.26,741.15}{669,270.59,742.15}{670,270.93,743.15}{671,271.27,744.15}{672,271.6,745.15}{673,271.94,746.15}{674,272.27,747.15}{675,272.61,748.15}{676,272.95,749.15}{677,273.28,750.15}{678,273.62,751.15}{679,273.95,752.15}{680,274.29,753.15}{681,274.62,754.15}{682,274.96,755.15}{683,275.29,756.15}{684,275.63,757.15}{685,275.96,758.15}{686,276.31,759.15}{687,276.64,760.15}{688,276.97,761.15}{689,277.31,762.15}{690,277.64,763.15}{691,277.98,764.15}{692,278.31,765.15}{693,278.64,766.15}{694,278.98,767.15}{695,279.31,768.15}{696,279.64,769.15}{697,279.98,770.15}{698,280.31,771.15}{699,280.64,772.15}{700,280.98,773.15}{701,281.31,774.15}{702,281.64,775.15}{703,281.97,776.15}{704,282.31,777.15}{705,282.64,778.15}{706,282.97,779.15}{707,283.3,780.15}{708,283.63,781.15}{709,283.97,782.15}{710,284.3,783.15}{711,284.63,784.15}{712,284.96,785.15}{713,285.29,786.15}{714,285.62,787.15}{715,285.95,788.15}{716,286.3,789.15}{717,286.63,790.15}{718,286.96,791.15}{719,287.29,792.15}{720,287.62,793.15}{721,287.95,794.15}{722,288.28,795.15}{723,288.61,796.15}{724,288.94,797.15}{725,289.27,798.15}{726,289.6,799.15}{727,289.93,800.15}{728,290.26,801.15}{729,290.59,802.15}{730,290.92,803.15}{731,291.25,804.15}{732,291.58,805.15}{733,291.9,806.15}{734,292.23,807.15}{735,292.56,808.15}{736,292.9,809.15}{737,293.23,810.15}{738,293.56,811.15}{739,293.89,812.15}{740,294.21,813.15}{741,294.54,814.15}{742,294.87,815.15}{743,295.2,816.15}{744,295.53,817.15}{745,295.85,818.15}{746,296.18,819.15}{747,296.51,820.15}{748,296.84,821.15}{749,297.16,822.15}{750,297.49,823.15}{751,297.82,824.15}{752,298.14,825.15}{753,298.47,826.15}{754,298.8,827.15}{755,299.12,828.15}{756,299.45,829.15}{757,299.78,830.15}{758,300.1,831.15}{759,300.43,832.15}{760,300.75,833.15}{761,301.08,834.15}{762,301.41,835.15}{763,301.73,836.15}{764,302.06,837.15}{765,302.38,838.15}{766,302.71,839.15}{767,303.03,840.15}{768,303.36,841.15}{769,303.68,842.15}{770,304.01,843.15}{771,304.33,844.15}{772,304.66,845.15}{773,304.98,846.15}{774,305.3,847.15}{775,305.63,848.15}{776,305.95,849.15}{777,306.28,850.15}{778,306.6,851.15}{779,306.92,852.15}{780,307.25,853.15}{781,307.57,854.15}{782,307.89,855.15}{783,308.22,856.15}{784,308.54,857.15}{785,308.86,858.15}{786,309.19,859.15}{787,309.51,860.15}{788,309.83,861.15}{789,310.15,862.15}{790,310.48,863.15}{791,310.8,864.15}{792,311.12,865.15}{793,311.45,866.15}{794,311.78,867.15}{795,312.1,868.15}{796,312.43,869.15}{797,312.75,870.15}{798,313.07,871.15}{799,313.39,872.15}{800,313.71,873.15}{801,314.04,874.15}{802,314.36,875.15}{803,314.68,876.15}{804,315,877.15}{805,315.32,878.15}{806,315.64,879.15}{807,315.96,880.15}{808,316.28,881.15}{809,316.6,882.15}{810,316.92,883.15}{811,317.24,884.15}{812,317.56,885.15}{813,317.88,886.15}{814,318.2,887.15}{815,318.52,888.15}{816,318.85,889.15}{817,319.17,890.15}{818,319.49,891.15}{819,319.81,892.15}{820,320.12,893.15}{821,320.44,894.15}{822,320.76,895.15}{823,321.08,896.15}{824,321.4,897.15}{825,321.72,898.15}{826,322.03,899.15}{827,322.34,900.15}{828,322.66,901.15}{829,322.98,902.15}{830,323.3,903.15}{831,323.61,904.15}{832,323.93,905.15}{833,324.25,906.15}{834,324.57,907.15}{835,324.88,908.15}{836,325.21,909.15}{837,325.53,910.15}{838,325.85,911.15}{839,326.16,912.15}{840,326.48,913.15}{841,326.79,914.15}{842,327.11,915.15}{843,327.43,916.15}{844,327.74,917.15}{845,328.06,918.15}{846,328.38,919.15}{847,328.69,920.15}{848,329.01,921.15}{849,329.32,922.15}{850,329.64,923.15}{851,329.95,924.15}{852,330.27,925.15}{853,330.58,926.15}{854,330.9,927.15}{855,331.21,928.15}{856,331.53,929.15}{857,331.84,930.15}{858,332.16,931.15}{859,332.47,932.15}{860,332.79,933.15}{861,333.1,934.15}{862,333.41,935.15}{863,333.73,936.15}{864,334.04,937.15}{865,334.36,938.15}{866,334.68,939.15}{867,334.99,940.15}{868,335.31,941.15}{869,335.62,942.15}{870,335.93,943.15}{871,336.25,944.15}{872,336.56,945.15}{873,336.87,946.15}{874,337.18,947.15}{875,337.5,948.15}{876,337.81,949.15}{877,338.12,950.15}{878,338.43,951.15}{879,338.75,952.15}{880,339.06,953.15}{881,339.37,954.15}{882,339.68,955.15}{883,339.99,956.15}{884,340.3,957.15}{885,340.62,958.15}{886,340.94,959.15}{887,341.25,960.15}{888,341.55,961.15}{889,341.87,962.15}{890,342.18,963.15}{891,342.49,964.15}{892,342.8,965.15}{893,343.11,966.15}{894,343.42,967.15}{895,343.73,968.15}{896,344.04,969.15}{897,344.35,970.15}{898,344.66,971.15}{899,344.97,972.15}{900,345.28,973.15}{901,345.59,974.15}{902,345.9,975.15}{903,346.21,976.15}{904,346.52,977.15}{905,346.83,978.15}{906,347.15,979.15}{907,347.46,980.15}{908,347.76,981.15}{909,348.07,982.15}{910,348.38,983.15}{911,348.69,984.15}{912,349,985.15}{913,349.31,986.15}{914,349.61,987.15}{915,349.92,988.15}{916,350.23,989.15}{917,350.54,990.15}{918,350.85,991.15}{919,351.15,992.15}{920,351.46,993.15}{921,351.77,994.15}{922,352.07,995.15}{923,352.38,996.15}{924,352.69,997.15}{925,352.99,998.15}{926,353.3,999.15}{927,353.61,1000.15}{928,353.91,1001.15}{929,354.22,1002.15}{930,354.53,1003.15}{931,354.83,1004.15}{932,355.14,1005.15}{933,355.44,1006.15}{934,355.75,1007.15}{935,356.06,1008.15}{936,356.37,1009.15}{937,356.68,1010.15}{938,356.98,1011.15}{939,357.29,1012.15}{940,357.59,1013.15}{941,357.9,1014.15}{942,358.2,1015.15}{943,358.51,1016.15}{944,358.81,1017.15}{945,359.12,1018.15}{946,359.42,1019.15}{947,359.72,1020.15}{948,360.03,1021.15}{949,360.33,1022.15}{950,360.64,1023.15}{951,360.94,1024.15}{952,361.24,1025.15}{953,361.55,1026.15}{954,361.85,1027.15}{955,362.15,1028.15}{956,362.46,1029.15}{957,362.76,1030.15}{958,363.06,1031.15}{959,363.36,1032.15}{960,363.67,1033.15}{961,363.97,1034.15}{962,364.27,1035.15}{963,364.57,1036.15}{964,364.88,1037.15}{965,365.18,1038.15}{966,365.49,1039.15}{967,365.79,1040.15}{968,366.09,1041.15}{969,366.4,1042.15}{970,366.7,1043.15}{971,367,1044.15}{972,367.3,1045.15}{973,367.6,1046.15}{974,367.9,1047.15}{975,368.2,1048.15}{976,368.5,1049.15}{977,368.81,1050.15}{978,369.11,1051.15}{979,369.41,1052.15}{980,369.71,1053.15}{981,370.01,1054.15}{982,370.31,1055.15}{983,370.61,1056.15}{984,370.91,1057.15}{985,371.21,1058.15}{986,371.52,1059.15}{987,371.82,1060.15}{988,372.12,1061.15}{989,372.41,1062.15}{990,372.71,1063.15}{991,373.01,1064.15}{992,373.31,1065.15}{993,373.61,1066.15}{994,373.91,1067.15}{995,374.21,1068.15}{996,374.51,1069.15}{997,374.8,1070.15}{998,375.1,1071.15}{999,375.4,1072.15}{1000,375.7,1073.15}{1001,376,1074.15}{1002,376.29,1075.15}{1003,376.59,1076.15}{1004,376.89,1077.15}{1005,377.19,1078.15}{1006,377.49,1079.15}{1007,377.79,1080.15}{1008,378.09,1081.15}{1009,378.39,1082.15}{1010,378.68,1083.15}{1011,378.98,1084.15}{1012,379.28,1085.15}{1013,379.57,1086.15}{1014,379.87,1087.15}{1015,380.17,1088.15}{1016,380.46,1089.15}{1017,380.76,1090.15}{1018,381.05,1091.15}{1019,381.35,1092.15}{1020,381.65,1093.15}{1021,381.94,1094.15}{1022,382.24,1095.15}{1023,382.53,1096.15}{1024,382.83,1097.15}{1025,383.12,1098.15}{1026,383.42,1099.15}{1027,383.71,1100.15}{1028,384.01,1101.15}{1029,384.3,1102.15}{1030,384.6,1103.15}{1031,384.89,1104.15}{1032,385.18,1105.15}{1033,385.48,1106.15}{1034,385.77,1107.15}{1035,386.07,1108.15}{1036,386.37,1109.15}{1037,386.66,1110.15}{1038,386.96,1111.15}{1039,387.25,1112.15}{1040,387.55,1113.15}{1041,387.84,1114.15}{1042,388.13,1115.15}{1043,388.42,1116.15}{1044,388.72,1117.15}{1045,389.01,1118.15}{1046,389.31,1119.15}{1047,389.61,1120.15}{1048,389.9,1121.15}{1049,390.19,1122.15}{1050,390.48,1123.15}&quot;"/>
                                                <instance name="dev02/Config/ch00012/Calibration_Sensor_Input_Units" order="0" value="Ohm"/>
                                                <instance name="dev02/Config/ch00006/Calibration_Sensor_Calibration_Date" order="0" value="2020-01-01"/>
                                                <instance name="dev02/Config/ch00012/Calibration_Sensor_Maximum_Range" order="0" value="1123.15"/>
                                                <instance name="dev02/Config/ch00012/Calibration_Sensor_Minimum_Range" order="0" value="73.15"/>
                                                <instance name="dev02/Config/ch00012/Calibration_Sensor_Name" order="0" value="CalSensor24"/>
                                                <instance name="dev01/Config/ch00010/LeadRes" order="0" value="0"/>
                                                <instance name="dev01/Config/ch00007/Calibration_Sensor_Minimum_Range" order="0" value="-20"/>
                                                <instance name="dev02/Config/ch00012/Calibration_Sensor_Output_Units" order="0" value="K"/>
                                                <instance name="dev02/Config/ch00012/Calibration_Sensor_Table_Type" order="2" value="1"/>
                                                <instance name="dev01/Config/ch00011/Calibration_Sensor_Minimum_Range" order="0" value="-20"/>
                                                <instance name="dev01/Config/ch00010/rate" order="0" value="20"/>
                                                <instance name="dev02/Config/ch00002/Calibration_Sensor_Table_Type" order="2" value="0"/>
                                                <instance name="dev01/Config/ch00010/Calibration_Sensor_Input_Units" order="0" value="Ohm"/>
                                                <instance name="dev01/Config/ch00011/LeadRes" order="0" value="0"/>
                                                <instance name="dev01/Config/ch00006/enable" order="1" value="1"/>
                                                <instance name="dev02/Config/ch00001/LeadRes" order="0" value="0"/>
                                                <instance name="dev02/Config/ch00002/LeadRes" order="0" value="0"/>
                                                <instance name="dev02/Config/ch00006/Calibration_Sensor_Minimum_Range" order="0" value="-20"/>
                                                <instance name="dev02/Config/ch00003/LeadRes" order="0" value="0"/>
                                                <instance name="dev02/Config/ch00004/Calibration_Sensor_Input_Units" order="0" value="Ohm"/>
                                                <instance name="dev02/Config/ch00004/LeadRes" order="0" value="0"/>
                                                <instance name="dev02/Config/ch00005/LeadRes" order="0" value="0"/>
                                                <instance name="dev02/Config/ch00009/enable" order="1" value="1"/>
                                                <instance name="dev01/Config/ch00011/enable" order="1" value="1"/>
                                                <instance name="dev01/Config/ch00004/Calibration_Sensor_Output_Units" order="0" value="Ohm"/>
                                                <instance name="dev01/Config/ch00004/RTDWireScheme" order="0" value="4"/>
                                                <instance name="dev02/Config/ch00006/LeadRes" order="0" value="0"/>
                                                <instance name="dev02/Config/ch00008/Calibration_Sensor_Calibration_Date" order="0" value="2020-01-01"/>
                                                <instance name="dev01/Config/ch00003/RTDWireScheme" order="0" value="4"/>
                                                <instance name="dev02/Config/ch00003/Calibration_Sensor_Table_Type" order="2" value="0"/>
                                                <instance name="dev01/Config/ch00008/Calibration_Sensor_Minimum_Range" order="0" value="-20"/>
                                                <instance name="dev02/Config/ch00007/LeadRes" order="0" value="0"/>
                                                <instance name="dev02/Config/ch00005/Calibration_Sensor_Input_Units" order="0" value="Ohm"/>
                                                <instance name="dev01/Config/ch00001/RTDRange" order="0" value="1"/>
                                                <instance name="dev01/Config/ch00002/RTDRange" order="0" value="1"/>
                                                <instance name="dev01/Config/ch00007/enable" order="1" value="1"/>
                                                <instance name="dev01/Config/ch00010/Calibration_Sensor_Calibration_Date" order="0" value="2020-01-01"/>
                                                <instance name="dev01/Config/ch00003/RTDRange" order="0" value="1"/>
                                                <instance name="dev01/Config/ch00004/RTDRange" order="0" value="1"/>
                                                <instance name="dev01/Config/ch00001/LeadRes" order="0" value="0"/>
                                                <instance name="dev01/Config/ch00005/RTDWireScheme" order="0" value="4"/>
                                                <instance name="dev01/Config/ch00005/RTDRange" order="0" value="1"/>
                                                <instance name="dev01/Config/ch00006/RTDRange" order="0" value="1"/>
                                                <instance name="dev01/Config/ch00007/RTDRange" order="0" value="1"/>
                                                <instance name="dev02/Config/ch00011/Calibration_Sensor_Calibration_Date" order="0" value="2020-01-01"/>
                                                <instance name="dev02/Config/ch00002/RTDRange" order="0" value="1"/>
                                                <instance name="dev01/Config/ch00006/RTDWireScheme" order="0" value="4"/>
                                                <instance name="dev02/Config/ch00011/enable" order="1" value="1"/>
                                                <instance name="dev02/Config/ch00004/Calibration_Sensor_Table_Type" order="2" value="0"/>
                                                <instance name="dev01/Config/ch00004/Calibration_Sensor_Minimum_Range" order="0" value="-20"/>
                                                <instance name="dev02/Config/ch00012/LeadRes" order="0" value="0"/>
                                                <instance name="dev01/Config/ch00007/RTDWireScheme" order="0" value="4"/>
                                                <instance name="dev01/Config/ch00008/RTDWireScheme" order="0" value="4"/>
                                                <instance name="dev01/Config/ch00009/RTDWireScheme" order="0" value="4"/>
                                                <instance name="dev01/Config/ch00010/RTDWireScheme" order="0" value="4"/>
                                                <instance name="dev01/Config/ch00009/Calibration_Sensor_Minimum_Range" order="0" value="-20"/>
                                                <instance name="dev01/Config/ch00011/RTDWireScheme" order="0" value="4"/>
                                                <instance name="dev02/Config/ch00001/Calibration_Sensor_Minimum_Range" order="0" value="-20"/>
                                                <instance name="dev02/Config/ch00006/Calibration_Sensor_Input_Units" order="0" value="Ohm"/>
                                                <instance name="dev02/Config/ch00001/RTDWireScheme" order="0" value="4"/>
                                                <instance name="dev02/Config/ch00010/enable" order="1" value="1"/>
                                                <instance name="dev02/Config/ch00012/RTDRange" order="0" value="0"/>
                                                <instance name="dev02/Config/ch00008/rate" order="0" value="10"/>
                                                <instance name="dev02/Config/ch00009/rate" order="0" value="10"/>
                                                <instance name="dev02/Config/ch00009/RTDWireScheme" order="0" value="4"/>
                                                <instance name="dev02/Config/ch00007/Calibration_Sensor_Table_Type" order="2" value="0"/>
                                                <instance name="dev01/Config/ch00001/Calibration_Sensor_Curve" order="0" value="&quot;{0,0}{1,1}&quot;"/>
                                                <instance name="dev02/Config/ch00010/rate" order="0" value="10"/>
                                                <instance name="dev02/Config/ch00011/rate" order="0" value="10"/>
                                                <instance name="dev02/Config/ch00009/Calibration_Sensor_Calibration_Date" order="0" value="2020-01-01"/>
                                                <instance name="dev02/Config/ch00012/enable" order="1" value="1"/>
                                                <instance name="dev02/Config/ch00007/Calibration_Sensor_Input_Units" order="0" value="Ohm"/>
                                                <instance name="dev02/Config/ch00012/RTDWireScheme" order="0" value="4"/>
                                                <instance name="dev01/Config/ch00005/Calibration_Sensor_Output_Units" order="0" value="Ohm"/>
                                                <instance name="dev02/Config/ch00012/rate" order="0" value="20"/>
                                                <instance name="dev02/Config/ch00008/LeadRes" order="0" value="0"/>
                                                <instance name="dev02/Config/ch00002/Calibration_Sensor_Minimum_Range" order="0" value="-20"/>
                                                <instance name="dev02/Config/ch00009/LeadRes" order="0" value="0"/>
                                                <instance name="dev02/Config/ch00010/LeadRes" order="0" value="0"/>
                                                <instance name="dev02/Config/ch00011/LeadRes" order="0" value="0"/>
                                                <instance name="dev02/Config/ch00008/Calibration_Sensor_Table_Type" order="2" value="1"/>
                                                <instance name="dev02/Config/ch00008/RTDRange" order="0" value="0"/>
                                                <instance name="dev02/Config/ch00009/RTDRange" order="0" value="0"/>
                                            </attributes>
                                        </instance>
                                        <instance name="00220018" backbone-config-data="10,239.255.0.10,239.255.0.1,5" logicalid="UE220018" node-config-data="1.0,1.0,map,1.0,rtehost:6603/channelmap 1.0,1.0,attrv,1.0,rtehost:6603/UE220018">
                                            <attributes>
                                                <instance name="dev01/Config/ch00001/enable" order="1" value="1"/>
                                                <instance name="dev01/Config/ch00005/Calibration_Sensor_Output_Units" order="0" value="K"/>
                                                <instance name="dev01/Config/ch00008/Calibration_Sensor_Maximum_Range" order="0" value="1123.15"/>
                                                <instance name="dev02/Config/ch00007/enable" order="1" value="1"/>
                                                <instance name="dev02/Config/ch00012/LeadRes" order="0" value="0"/>
                                                <instance name="dev01/Config/ch00001/RTDRange" order="0" value="1"/>
                                                <instance name="dev02/Config/ch00007/Calibration_Sensor_Table_Type" order="2" value="1"/>
                                                <instance name="dev01/Config/ch00010/enable" order="1" value="1"/>
                                                <instance name="dev02/Config/ch00004/Calibration_Sensor_Name" order="0" value="CalSensor16"/>
                                                <instance name="dev02/Config/ch00006/RTDRange" order="0" value="1"/>
                                                <instance name="dev02/Config/ch00007/RTDRange" order="0" value="1"/>
                                                <instance name="dev02/Config/ch00012/RTDRange" order="0" value="1"/>
                                                <instance name="dev01/Config/ch00006/Calibration_Sensor_Output_Units" order="0" value="K"/>
                                                <instance name="dev01/Config/ch00001/RTDWireScheme" order="0" value="4"/>
                                                <instance name="dev01/Config/ch00001/Calibration_Sensor_Curve" order="0" value="&quot;{0,18.52,73.15}{1,18.96,74.15}{2,19.39,75.15}{3,19.82,76.15}{4,20.25,77.15}{5,20.68,78.15}{6,21.11,79.15}{7,21.54,80.15}{8,21.97,81.15}{9,22.4,82.15}{10,22.83,83.15}{11,23.26,84.15}{12,23.69,85.15}{13,24.12,86.15}{14,24.55,87.15}{15,24.97,88.15}{16,25.39,89.15}{17,25.82,90.15}{18,26.25,91.15}{19,26.67,92.15}{20,27.1,93.15}{21,27.52,94.15}{22,27.95,95.15}{23,28.37,96.15}{24,28.8,97.15}{25,29.22,98.15}{26,29.65,99.15}{27,30.07,100.15}{28,30.49,101.15}{29,30.92,102.15}{30,31.34,103.15}{31,31.76,104.15}{32,32.18,105.15}{33,32.61,106.15}{34,33.03,107.15}{35,33.45,108.15}{36,33.86,109.15}{37,34.28,110.15}{38,34.7,111.15}{39,35.12,112.15}{40,35.54,113.15}{41,35.96,114.15}{42,36.38,115.15}{43,36.8,116.15}{44,37.22,117.15}{45,37.63,118.15}{46,38.05,119.15}{47,38.47,120.15}{48,38.89,121.15}{49,39.31,122.15}{50,39.72,123.15}{51,40.14,124.15}{52,40.56,125.15}{53,40.97,126.15}{54,41.39,127.15}{55,41.8,128.15}{56,42.22,129.15}{57,42.64,130.15}{58,43.05,131.15}{59,43.46,132.15}{60,43.88,133.15}{61,44.29,134.15}{62,44.71,135.15}{63,45.12,136.15}{64,45.53,137.15}{65,45.95,138.15}{66,46.35,139.15}{67,46.76,140.15}{68,47.18,141.15}{69,47.59,142.15}{70,48,143.15}{71,48.41,144.15}{72,48.82,145.15}{73,49.23,146.15}{74,49.64,147.15}{75,50.06,148.15}{76,50.47,149.15}{77,50.88,150.15}{78,51.29,151.15}{79,51.7,152.15}{80,52.11,153.15}{81,52.52,154.15}{82,52.92,155.15}{83,53.33,156.15}{84,53.74,157.15}{85,54.15,158.15}{86,54.56,159.15}{87,54.97,160.15}{88,55.38,161.15}{89,55.78,162.15}{90,56.19,163.15}{91,56.6,164.15}{92,57,165.15}{93,57.41,166.15}{94,57.82,167.15}{95,58.22,168.15}{96,58.63,169.15}{97,59.04,170.15}{98,59.44,171.15}{99,59.85,172.15}{100,60.26,173.15}{101,60.67,174.15}{102,61.07,175.15}{103,61.48,176.15}{104,61.87,177.15}{105,62.29,178.15}{106,62.69,179.15}{107,63.1,180.15}{108,63.5,181.15}{109,63.91,182.15}{110,64.3,183.15}{111,64.7,184.15}{112,65.11,185.15}{113,65.51,186.15}{114,65.91,187.15}{115,66.31,188.15}{116,66.72,189.15}{117,67.12,190.15}{118,67.52,191.15}{119,67.92,192.15}{120,68.33,193.15}{121,68.73,194.15}{122,69.13,195.15}{123,69.53,196.15}{124,69.93,197.15}{125,70.33,198.15}{126,70.73,199.15}{127,71.13,200.15}{128,71.53,201.15}{129,71.93,202.15}{130,72.33,203.15}{131,72.73,204.15}{132,73.13,205.15}{133,73.53,206.15}{134,73.93,207.15}{135,74.33,208.15}{136,74.73,209.15}{137,75.13,210.15}{138,75.53,211.15}{139,75.93,212.15}{140,76.33,213.15}{141,76.73,214.15}{142,77.13,215.15}{143,77.52,216.15}{144,77.92,217.15}{145,78.32,218.15}{146,78.72,219.15}{147,79.11,220.15}{148,79.51,221.15}{149,79.91,222.15}{150,80.31,223.15}{151,80.7,224.15}{152,81.1,225.15}{153,81.5,226.15}{154,81.89,227.15}{155,82.29,228.15}{156,82.69,229.15}{157,83.08,230.15}{158,83.48,231.15}{159,83.88,232.15}{160,84.27,233.15}{161,84.67,234.15}{162,85.06,235.15}{163,85.46,236.15}{164,85.85,237.15}{165,86.25,238.15}{166,86.64,239.15}{167,87.04,240.15}{168,87.43,241.15}{169,87.83,242.15}{170,88.22,243.15}{171,88.62,244.15}{172,89.01,245.15}{173,89.4,246.15}{174,89.8,247.15}{175,90.19,248.15}{176,90.59,249.15}{177,90.98,250.15}{178,91.37,251.15}{179,91.77,252.15}{180,92.16,253.15}{181,92.55,254.15}{182,92.95,255.15}{183,93.34,256.15}{184,93.73,257.15}{185,94.12,258.15}{186,94.52,259.15}{187,94.91,260.15}{188,95.3,261.15}{189,95.69,262.15}{190,96.09,263.15}{191,96.48,264.15}{192,96.87,265.15}{193,97.26,266.15}{194,97.65,267.15}{195,98.04,268.15}{196,98.44,269.15}{197,98.83,270.15}{198,99.22,271.15}{199,99.61,272.15}{200,100,273.15}{201,100.39,274.15}{202,100.78,275.15}{203,101.17,276.15}{204,101.56,277.15}{205,101.95,278.15}{206,102.34,279.15}{207,102.73,280.15}{208,103.12,281.15}{209,103.51,282.15}{210,103.9,283.15}{211,104.29,284.15}{212,104.68,285.15}{213,105.07,286.15}{214,105.46,287.15}{215,105.85,288.15}{216,106.24,289.15}{217,106.63,290.15}{218,107.02,291.15}{219,107.4,292.15}{220,107.79,293.15}{221,108.18,294.15}{222,108.57,295.15}{223,108.96,296.15}{224,109.35,297.15}{225,109.73,298.15}{226,110.12,299.15}{227,110.51,300.15}{228,110.9,301.15}{229,111.28,302.15}{230,111.67,303.15}{231,112.06,304.15}{232,112.45,305.15}{233,112.83,306.15}{234,113.22,307.15}{235,113.61,308.15}{236,113.99,309.15}{237,114.38,310.15}{238,114.77,311.15}{239,115.15,312.15}{240,115.54,313.15}{241,115.93,314.15}{242,116.31,315.15}{243,116.7,316.15}{244,117.08,317.15}{245,117.47,318.15}{246,117.85,319.15}{247,118.24,320.15}{248,118.62,321.15}{249,119.01,322.15}{250,119.4,323.15}{251,119.78,324.15}{252,120.16,325.15}{253,120.55,326.15}{254,120.93,327.15}{255,121.32,328.15}{256,121.7,329.15}{257,122.09,330.15}{258,122.47,331.15}{259,122.86,332.15}{260,123.24,333.15}{261,123.62,334.15}{262,124.01,335.15}{263,124.39,336.15}{264,124.77,337.15}{265,125.17,338.15}{266,125.55,339.15}{267,125.93,340.15}{268,126.32,341.15}{269,126.7,342.15}{270,127.08,343.15}{271,127.46,344.15}{272,127.85,345.15}{273,128.23,346.15}{274,128.61,347.15}{275,128.99,348.15}{276,129.38,349.15}{277,129.76,350.15}{278,130.14,351.15}{279,130.52,352.15}{280,130.9,353.15}{281,131.28,354.15}{282,131.67,355.15}{283,132.05,356.15}{284,132.43,357.15}{285,132.81,358.15}{286,133.19,359.15}{287,133.57,360.15}{288,133.95,361.15}{289,134.33,362.15}{290,134.71,363.15}{291,135.09,364.15}{292,135.47,365.15}{293,135.85,366.15}{294,136.23,367.15}{295,136.61,368.15}{296,136.99,369.15}{297,137.37,370.15}{298,137.75,371.15}{299,138.13,372.15}{300,138.51,373.15}{301,138.89,374.15}{302,139.27,375.15}{303,139.65,376.15}{304,140.03,377.15}{305,140.39,378.15}{306,140.77,379.15}{307,141.15,380.15}{308,141.53,381.15}{309,141.91,382.15}{310,142.29,383.15}{311,142.66,384.15}{312,143.04,385.15}{313,143.42,386.15}{314,143.8,387.15}{315,144.18,388.15}{316,144.56,389.15}{317,144.94,390.15}{318,145.32,391.15}{319,145.69,392.15}{320,146.07,393.15}{321,146.45,394.15}{322,146.82,395.15}{323,147.2,396.15}{324,147.58,397.15}{325,147.95,398.15}{326,148.33,399.15}{327,148.71,400.15}{328,149.08,401.15}{329,149.46,402.15}{330,149.83,403.15}{331,150.21,404.15}{332,150.58,405.15}{333,150.96,406.15}{334,151.34,407.15}{335,151.71,408.15}{336,152.09,409.15}{337,152.46,410.15}{338,152.84,411.15}{339,153.21,412.15}{340,153.58,413.15}{341,153.95,414.15}{342,154.32,415.15}{343,154.71,416.15}{344,155.08,417.15}{345,155.46,418.15}{346,155.83,419.15}{347,156.21,420.15}{348,156.58,421.15}{349,156.96,422.15}{350,157.33,423.15}{351,157.71,424.15}{352,158.08,425.15}{353,158.45,426.15}{354,158.83,427.15}{355,159.2,428.15}{356,159.56,429.15}{357,159.94,430.15}{358,160.31,431.15}{359,160.68,432.15}{360,161.05,433.15}{361,161.43,434.15}{362,161.8,435.15}{363,162.17,436.15}{364,162.54,437.15}{365,162.91,438.15}{366,163.28,439.15}{367,163.66,440.15}{368,164.03,441.15}{369,164.4,442.15}{370,164.77,443.15}{371,165.14,444.15}{372,165.51,445.15}{373,165.88,446.15}{374,166.25,447.15}{375,166.62,448.15}{376,167,449.15}{377,167.37,450.15}{378,167.74,451.15}{379,168.11,452.15}{380,168.48,453.15}{381,168.85,454.15}{382,169.22,455.15}{383,169.59,456.15}{384,169.96,457.15}{385,170.33,458.15}{386,170.69,459.15}{387,171.06,460.15}{388,171.43,461.15}{389,171.8,462.15}{390,172.17,463.15}{391,172.54,464.15}{392,172.91,465.15}{393,173.27,466.15}{394,173.64,467.15}{395,174.01,468.15}{396,174.39,469.15}{397,174.75,470.15}{398,175.12,471.15}{399,175.49,472.15}{400,175.86,473.15}{401,176.23,474.15}{402,176.59,475.15}{403,176.96,476.15}{404,177.33,477.15}{405,177.7,478.15}{406,178.06,479.15}{407,178.43,480.15}{408,178.8,481.15}{409,179.16,482.15}{410,179.53,483.15}{411,179.9,484.15}{412,180.26,485.15}{413,180.63,486.15}{414,180.99,487.15}{415,181.36,488.15}{416,181.73,489.15}{417,182.09,490.15}{418,182.46,491.15}{419,182.82,492.15}{420,183.19,493.15}{421,183.55,494.15}{422,183.92,495.15}{423,184.28,496.15}{424,184.65,497.15}{425,185.01,498.15}{426,185.38,499.15}{427,185.74,500.15}{428,186.11,501.15}{429,186.47,502.15}{430,186.84,503.15}{431,187.2,504.15}{432,187.56,505.15}{433,187.93,506.15}{434,188.29,507.15}{435,188.65,508.15}{436,189.02,509.15}{437,189.38,510.15}{438,189.74,511.15}{439,190.11,512.15}{440,190.47,513.15}{441,190.83,514.15}{442,191.2,515.15}{443,191.56,516.15}{444,191.92,517.15}{445,192.28,518.15}{446,192.66,519.15}{447,193.02,520.15}{448,193.38,521.15}{449,193.74,522.15}{450,194.1,523.15}{451,194.47,524.15}{452,194.83,525.15}{453,195.19,526.15}{454,195.55,527.15}{455,195.9,528.15}{456,196.26,529.15}{457,196.62,530.15}{458,196.98,531.15}{459,197.35,532.15}{460,197.71,533.15}{461,198.07,534.15}{462,198.43,535.15}{463,198.79,536.15}{464,199.15,537.15}{465,199.51,538.15}{466,199.87,539.15}{467,200.23,540.15}{468,200.59,541.15}{469,200.95,542.15}{470,201.31,543.15}{471,201.67,544.15}{472,202.03,545.15}{473,202.38,546.15}{474,202.74,547.15}{475,203.1,548.15}{476,203.46,549.15}{477,203.82,550.15}{478,204.18,551.15}{479,204.54,552.15}{480,204.9,553.15}{481,205.25,554.15}{482,205.61,555.15}{483,205.97,556.15}{484,206.33,557.15}{485,206.7,558.15}{486,207.05,559.15}{487,207.41,560.15}{488,207.77,561.15}{489,208.13,562.15}{490,208.48,563.15}{491,208.84,564.15}{492,209.2,565.15}{493,209.55,566.15}{494,209.91,567.15}{495,210.27,568.15}{496,210.62,569.15}{497,210.98,570.15}{498,211.34,571.15}{499,211.69,572.15}{500,212.05,573.15}{501,212.4,574.15}{502,212.76,575.15}{503,213.12,576.15}{504,213.47,577.15}{505,213.83,578.15}{506,214.19,579.15}{507,214.55,580.15}{508,214.9,581.15}{509,215.26,582.15}{510,215.61,583.15}{511,215.97,584.15}{512,216.32,585.15}{513,216.68,586.15}{514,217.03,587.15}{515,217.39,588.15}{516,217.73,589.15}{517,218.08,590.15}{518,218.44,591.15}{519,218.79,592.15}{520,219.15,593.15}{521,219.5,594.15}{522,219.85,595.15}{523,220.21,596.15}{524,220.56,597.15}{525,220.91,598.15}{526,221.27,599.15}{527,221.62,600.15}{528,221.97,601.15}{529,222.32,602.15}{530,222.68,603.15}{531,223.03,604.15}{532,223.38,605.15}{533,223.73,606.15}{534,224.09,607.15}{535,224.45,608.15}{536,224.8,609.15}{537,225.15,610.15}{538,225.5,611.15}{539,225.85,612.15}{540,226.21,613.15}{541,226.56,614.15}{542,226.91,615.15}{543,227.26,616.15}{544,227.61,617.15}{545,227.96,618.15}{546,228.31,619.15}{547,228.66,620.15}{548,229.01,621.15}{549,229.36,622.15}{550,229.72,623.15}{551,230.07,624.15}{552,230.42,625.15}{553,230.77,626.15}{554,231.12,627.15}{555,231.47,628.15}{556,231.81,629.15}{557,232.16,630.15}{558,232.51,631.15}{559,232.86,632.15}{560,233.21,633.15}{561,233.56,634.15}{562,233.91,635.15}{563,234.26,636.15}{564,234.6,637.15}{565,234.95,638.15}{566,235.3,639.15}{567,235.65,640.15}{568,236,641.15}{569,236.35,642.15}{570,236.7,643.15}{571,237.05,644.15}{572,237.4,645.15}{573,237.75,646.15}{574,238.09,647.15}{575,238.44,648.15}{576,238.79,649.15}{577,239.14,650.15}{578,239.48,651.15}{579,239.83,652.15}{580,240.18,653.15}{581,240.52,654.15}{582,240.87,655.15}{583,241.22,656.15}{584,241.56,657.15}{585,241.91,658.15}{586,242.25,659.15}{587,242.6,660.15}{588,242.95,661.15}{589,243.29,662.15}{590,243.64,663.15}{591,243.98,664.15}{592,244.33,665.15}{593,244.67,666.15}{594,245.02,667.15}{595,245.36,668.15}{596,245.71,669.15}{597,246.05,670.15}{598,246.4,671.15}{599,246.74,672.15}{600,247.09,673.15}{601,247.43,674.15}{602,247.78,675.15}{603,248.12,676.15}{604,248.46,677.15}{605,248.81,678.15}{606,249.15,679.15}{607,249.5,680.15}{608,249.84,681.15}{609,250.18,682.15}{610,250.53,683.15}{611,250.89,684.15}{612,251.21,685.15}{613,251.55,686.15}{614,251.9,687.15}{615,252.24,688.15}{616,252.59,689.15}{617,252.94,690.15}{618,253.28,691.15}{619,253.62,692.15}{620,253.96,693.15}{621,254.3,694.15}{622,254.65,695.15}{623,254.99,696.15}{624,255.33,697.15}{625,255.67,698.15}{626,256.01,699.15}{627,256.35,700.15}{628,256.7,701.15}{629,257.04,702.15}{630,257.38,703.15}{631,257.72,704.15}{632,258.06,705.15}{633,258.4,706.15}{634,258.74,707.15}{635,259.08,708.15}{636,259.42,709.15}{637,259.76,710.15}{638,260.1,711.15}{639,260.44,712.15}{640,260.78,713.15}{641,261.12,714.15}{642,261.46,715.15}{643,261.8,716.15}{644,262.14,717.15}{645,262.48,718.15}{646,262.83,719.15}{647,263.17,720.15}{648,263.5,721.15}{649,263.84,722.15}{650,264.18,723.15}{651,264.52,724.15}{652,264.86,725.15}{653,265.2,726.15}{654,265.54,727.15}{655,265.87,728.15}{656,266.21,729.15}{657,266.55,730.15}{658,266.89,731.15}{659,267.22,732.15}{660,267.56,733.15}{661,267.9,734.15}{662,268.24,735.15}{663,268.57,736.15}{664,268.91,737.15}{665,269.25,738.15}{666,269.58,739.15}{667,269.92,740.15}{668,270.26,741.15}{669,270.59,742.15}{670,270.93,743.15}{671,271.27,744.15}{672,271.6,745.15}{673,271.94,746.15}{674,272.27,747.15}{675,272.61,748.15}{676,272.95,749.15}{677,273.28,750.15}{678,273.62,751.15}{679,273.95,752.15}{680,274.29,753.15}{681,274.62,754.15}{682,274.96,755.15}{683,275.29,756.15}{684,275.63,757.15}{685,275.96,758.15}{686,276.31,759.15}{687,276.64,760.15}{688,276.97,761.15}{689,277.31,762.15}{690,277.64,763.15}{691,277.98,764.15}{692,278.31,765.15}{693,278.64,766.15}{694,278.98,767.15}{695,279.31,768.15}{696,279.64,769.15}{697,279.98,770.15}{698,280.31,771.15}{699,280.64,772.15}{700,280.98,773.15}{701,281.31,774.15}{702,281.64,775.15}{703,281.97,776.15}{704,282.31,777.15}{705,282.64,778.15}{706,282.97,779.15}{707,283.3,780.15}{708,283.63,781.15}{709,283.97,782.15}{710,284.3,783.15}{711,284.63,784.15}{712,284.96,785.15}{713,285.29,786.15}{714,285.62,787.15}{715,285.95,788.15}{716,286.3,789.15}{717,286.63,790.15}{718,286.96,791.15}{719,287.29,792.15}{720,287.62,793.15}{721,287.95,794.15}{722,288.28,795.15}{723,288.61,796.15}{724,288.94,797.15}{725,289.27,798.15}{726,289.6,799.15}{727,289.93,800.15}{728,290.26,801.15}{729,290.59,802.15}{730,290.92,803.15}{731,291.25,804.15}{732,291.58,805.15}{733,291.9,806.15}{734,292.23,807.15}{735,292.56,808.15}{736,292.9,809.15}{737,293.23,810.15}{738,293.56,811.15}{739,293.89,812.15}{740,294.21,813.15}{741,294.54,814.15}{742,294.87,815.15}{743,295.2,816.15}{744,295.53,817.15}{745,295.85,818.15}{746,296.18,819.15}{747,296.51,820.15}{748,296.84,821.15}{749,297.16,822.15}{750,297.49,823.15}{751,297.82,824.15}{752,298.14,825.15}{753,298.47,826.15}{754,298.8,827.15}{755,299.12,828.15}{756,299.45,829.15}{757,299.78,830.15}{758,300.1,831.15}{759,300.43,832.15}{760,300.75,833.15}{761,301.08,834.15}{762,301.41,835.15}{763,301.73,836.15}{764,302.06,837.15}{765,302.38,838.15}{766,302.71,839.15}{767,303.03,840.15}{768,303.36,841.15}{769,303.68,842.15}{770,304.01,843.15}{771,304.33,844.15}{772,304.66,845.15}{773,304.98,846.15}{774,305.3,847.15}{775,305.63,848.15}{776,305.95,849.15}{777,306.28,850.15}{778,306.6,851.15}{779,306.92,852.15}{780,307.25,853.15}{781,307.57,854.15}{782,307.89,855.15}{783,308.22,856.15}{784,308.54,857.15}{785,308.86,858.15}{786,309.19,859.15}{787,309.51,860.15}{788,309.83,861.15}{789,310.15,862.15}{790,310.48,863.15}{791,310.8,864.15}{792,311.12,865.15}{793,311.45,866.15}{794,311.78,867.15}{795,312.1,868.15}{796,312.43,869.15}{797,312.75,870.15}{798,313.07,871.15}{799,313.39,872.15}{800,313.71,873.15}{801,314.04,874.15}{802,314.36,875.15}{803,314.68,876.15}{804,315,877.15}{805,315.32,878.15}{806,315.64,879.15}{807,315.96,880.15}{808,316.28,881.15}{809,316.6,882.15}{810,316.92,883.15}{811,317.24,884.15}{812,317.56,885.15}{813,317.88,886.15}{814,318.2,887.15}{815,318.52,888.15}{816,318.85,889.15}{817,319.17,890.15}{818,319.49,891.15}{819,319.81,892.15}{820,320.12,893.15}{821,320.44,894.15}{822,320.76,895.15}{823,321.08,896.15}{824,321.4,897.15}{825,321.72,898.15}{826,322.03,899.15}{827,322.34,900.15}{828,322.66,901.15}{829,322.98,902.15}{830,323.3,903.15}{831,323.61,904.15}{832,323.93,905.15}{833,324.25,906.15}{834,324.57,907.15}{835,324.88,908.15}{836,325.21,909.15}{837,325.53,910.15}{838,325.85,911.15}{839,326.16,912.15}{840,326.48,913.15}{841,326.79,914.15}{842,327.11,915.15}{843,327.43,916.15}{844,327.74,917.15}{845,328.06,918.15}{846,328.38,919.15}{847,328.69,920.15}{848,329.01,921.15}{849,329.32,922.15}{850,329.64,923.15}{851,329.95,924.15}{852,330.27,925.15}{853,330.58,926.15}{854,330.9,927.15}{855,331.21,928.15}{856,331.53,929.15}{857,331.84,930.15}{858,332.16,931.15}{859,332.47,932.15}{860,332.79,933.15}{861,333.1,934.15}{862,333.41,935.15}{863,333.73,936.15}{864,334.04,937.15}{865,334.36,938.15}{866,334.68,939.15}{867,334.99,940.15}{868,335.31,941.15}{869,335.62,942.15}{870,335.93,943.15}{871,336.25,944.15}{872,336.56,945.15}{873,336.87,946.15}{874,337.18,947.15}{875,337.5,948.15}{876,337.81,949.15}{877,338.12,950.15}{878,338.43,951.15}{879,338.75,952.15}{880,339.06,953.15}{881,339.37,954.15}{882,339.68,955.15}{883,339.99,956.15}{884,340.3,957.15}{885,340.62,958.15}{886,340.94,959.15}{887,341.25,960.15}{888,341.55,961.15}{889,341.87,962.15}{890,342.18,963.15}{891,342.49,964.15}{892,342.8,965.15}{893,343.11,966.15}{894,343.42,967.15}{895,343.73,968.15}{896,344.04,969.15}{897,344.35,970.15}{898,344.66,971.15}{899,344.97,972.15}{900,345.28,973.15}{901,345.59,974.15}{902,345.9,975.15}{903,346.21,976.15}{904,346.52,977.15}{905,346.83,978.15}{906,347.15,979.15}{907,347.46,980.15}{908,347.76,981.15}{909,348.07,982.15}{910,348.38,983.15}{911,348.69,984.15}{912,349,985.15}{913,349.31,986.15}{914,349.61,987.15}{915,349.92,988.15}{916,350.23,989.15}{917,350.54,990.15}{918,350.85,991.15}{919,351.15,992.15}{920,351.46,993.15}{921,351.77,994.15}{922,352.07,995.15}{923,352.38,996.15}{924,352.69,997.15}{925,352.99,998.15}{926,353.3,999.15}{927,353.61,1000.15}{928,353.91,1001.15}{929,354.22,1002.15}{930,354.53,1003.15}{931,354.83,1004.15}{932,355.14,1005.15}{933,355.44,1006.15}{934,355.75,1007.15}{935,356.06,1008.15}{936,356.37,1009.15}{937,356.68,1010.15}{938,356.98,1011.15}{939,357.29,1012.15}{940,357.59,1013.15}{941,357.9,1014.15}{942,358.2,1015.15}{943,358.51,1016.15}{944,358.81,1017.15}{945,359.12,1018.15}{946,359.42,1019.15}{947,359.72,1020.15}{948,360.03,1021.15}{949,360.33,1022.15}{950,360.64,1023.15}{951,360.94,1024.15}{952,361.24,1025.15}{953,361.55,1026.15}{954,361.85,1027.15}{955,362.15,1028.15}{956,362.46,1029.15}{957,362.76,1030.15}{958,363.06,1031.15}{959,363.36,1032.15}{960,363.67,1033.15}{961,363.97,1034.15}{962,364.27,1035.15}{963,364.57,1036.15}{964,364.88,1037.15}{965,365.18,1038.15}{966,365.49,1039.15}{967,365.79,1040.15}{968,366.09,1041.15}{969,366.4,1042.15}{970,366.7,1043.15}{971,367,1044.15}{972,367.3,1045.15}{973,367.6,1046.15}{974,367.9,1047.15}{975,368.2,1048.15}{976,368.5,1049.15}{977,368.81,1050.15}{978,369.11,1051.15}{979,369.41,1052.15}{980,369.71,1053.15}{981,370.01,1054.15}{982,370.31,1055.15}{983,370.61,1056.15}{984,370.91,1057.15}{985,371.21,1058.15}{986,371.52,1059.15}{987,371.82,1060.15}{988,372.12,1061.15}{989,372.41,1062.15}{990,372.71,1063.15}{991,373.01,1064.15}{992,373.31,1065.15}{993,373.61,1066.15}{994,373.91,1067.15}{995,374.21,1068.15}{996,374.51,1069.15}{997,374.8,1070.15}{998,375.1,1071.15}{999,375.4,1072.15}{1000,375.7,1073.15}{1001,376,1074.15}{1002,376.29,1075.15}{1003,376.59,1076.15}{1004,376.89,1077.15}{1005,377.19,1078.15}{1006,377.49,1079.15}{1007,377.79,1080.15}{1008,378.09,1081.15}{1009,378.39,1082.15}{1010,378.68,1083.15}{1011,378.98,1084.15}{1012,379.28,1085.15}{1013,379.57,1086.15}{1014,379.87,1087.15}{1015,380.17,1088.15}{1016,380.46,1089.15}{1017,380.76,1090.15}{1018,381.05,1091.15}{1019,381.35,1092.15}{1020,381.65,1093.15}{1021,381.94,1094.15}{1022,382.24,1095.15}{1023,382.53,1096.15}{1024,382.83,1097.15}{1025,383.12,1098.15}{1026,383.42,1099.15}{1027,383.71,1100.15}{1028,384.01,1101.15}{1029,384.3,1102.15}{1030,384.6,1103.15}{1031,384.89,1104.15}{1032,385.18,1105.15}{1033,385.48,1106.15}{1034,385.77,1107.15}{1035,386.07,1108.15}{1036,386.37,1109.15}{1037,386.66,1110.15}{1038,386.96,1111.15}{1039,387.25,1112.15}{1040,387.55,1113.15}{1041,387.84,1114.15}{1042,388.13,1115.15}{1043,388.42,1116.15}{1044,388.72,1117.15}{1045,389.01,1118.15}{1046,389.31,1119.15}{1047,389.61,1120.15}{1048,389.9,1121.15}{1049,390.19,1122.15}{1050,390.48,1123.15}&quot;"/>
                                                <instance name="dev02/Config/ch00003/rate" order="0" value="10"/>
                                                <instance name="dev01/Config/ch00012/Calibration_Sensor_Curve" order="0" value="&quot;{0,18.52,73.15}{1,18.96,74.15}{2,19.39,75.15}{3,19.82,76.15}{4,20.25,77.15}{5,20.68,78.15}{6,21.11,79.15}{7,21.54,80.15}{8,21.97,81.15}{9,22.4,82.15}{10,22.83,83.15}{11,23.26,84.15}{12,23.69,85.15}{13,24.12,86.15}{14,24.55,87.15}{15,24.97,88.15}{16,25.39,89.15}{17,25.82,90.15}{18,26.25,91.15}{19,26.67,92.15}{20,27.1,93.15}{21,27.52,94.15}{22,27.95,95.15}{23,28.37,96.15}{24,28.8,97.15}{25,29.22,98.15}{26,29.65,99.15}{27,30.07,100.15}{28,30.49,101.15}{29,30.92,102.15}{30,31.34,103.15}{31,31.76,104.15}{32,32.18,105.15}{33,32.61,106.15}{34,33.03,107.15}{35,33.45,108.15}{36,33.86,109.15}{37,34.28,110.15}{38,34.7,111.15}{39,35.12,112.15}{40,35.54,113.15}{41,35.96,114.15}{42,36.38,115.15}{43,36.8,116.15}{44,37.22,117.15}{45,37.63,118.15}{46,38.05,119.15}{47,38.47,120.15}{48,38.89,121.15}{49,39.31,122.15}{50,39.72,123.15}{51,40.14,124.15}{52,40.56,125.15}{53,40.97,126.15}{54,41.39,127.15}{55,41.8,128.15}{56,42.22,129.15}{57,42.64,130.15}{58,43.05,131.15}{59,43.46,132.15}{60,43.88,133.15}{61,44.29,134.15}{62,44.71,135.15}{63,45.12,136.15}{64,45.53,137.15}{65,45.95,138.15}{66,46.35,139.15}{67,46.76,140.15}{68,47.18,141.15}{69,47.59,142.15}{70,48,143.15}{71,48.41,144.15}{72,48.82,145.15}{73,49.23,146.15}{74,49.64,147.15}{75,50.06,148.15}{76,50.47,149.15}{77,50.88,150.15}{78,51.29,151.15}{79,51.7,152.15}{80,52.11,153.15}{81,52.52,154.15}{82,52.92,155.15}{83,53.33,156.15}{84,53.74,157.15}{85,54.15,158.15}{86,54.56,159.15}{87,54.97,160.15}{88,55.38,161.15}{89,55.78,162.15}{90,56.19,163.15}{91,56.6,164.15}{92,57,165.15}{93,57.41,166.15}{94,57.82,167.15}{95,58.22,168.15}{96,58.63,169.15}{97,59.04,170.15}{98,59.44,171.15}{99,59.85,172.15}{100,60.26,173.15}{101,60.67,174.15}{102,61.07,175.15}{103,61.48,176.15}{104,61.87,177.15}{105,62.29,178.15}{106,62.69,179.15}{107,63.1,180.15}{108,63.5,181.15}{109,63.91,182.15}{110,64.3,183.15}{111,64.7,184.15}{112,65.11,185.15}{113,65.51,186.15}{114,65.91,187.15}{115,66.31,188.15}{116,66.72,189.15}{117,67.12,190.15}{118,67.52,191.15}{119,67.92,192.15}{120,68.33,193.15}{121,68.73,194.15}{122,69.13,195.15}{123,69.53,196.15}{124,69.93,197.15}{125,70.33,198.15}{126,70.73,199.15}{127,71.13,200.15}{128,71.53,201.15}{129,71.93,202.15}{130,72.33,203.15}{131,72.73,204.15}{132,73.13,205.15}{133,73.53,206.15}{134,73.93,207.15}{135,74.33,208.15}{136,74.73,209.15}{137,75.13,210.15}{138,75.53,211.15}{139,75.93,212.15}{140,76.33,213.15}{141,76.73,214.15}{142,77.13,215.15}{143,77.52,216.15}{144,77.92,217.15}{145,78.32,218.15}{146,78.72,219.15}{147,79.11,220.15}{148,79.51,221.15}{149,79.91,222.15}{150,80.31,223.15}{151,80.7,224.15}{152,81.1,225.15}{153,81.5,226.15}{154,81.89,227.15}{155,82.29,228.15}{156,82.69,229.15}{157,83.08,230.15}{158,83.48,231.15}{159,83.88,232.15}{160,84.27,233.15}{161,84.67,234.15}{162,85.06,235.15}{163,85.46,236.15}{164,85.85,237.15}{165,86.25,238.15}{166,86.64,239.15}{167,87.04,240.15}{168,87.43,241.15}{169,87.83,242.15}{170,88.22,243.15}{171,88.62,244.15}{172,89.01,245.15}{173,89.4,246.15}{174,89.8,247.15}{175,90.19,248.15}{176,90.59,249.15}{177,90.98,250.15}{178,91.37,251.15}{179,91.77,252.15}{180,92.16,253.15}{181,92.55,254.15}{182,92.95,255.15}{183,93.34,256.15}{184,93.73,257.15}{185,94.12,258.15}{186,94.52,259.15}{187,94.91,260.15}{188,95.3,261.15}{189,95.69,262.15}{190,96.09,263.15}{191,96.48,264.15}{192,96.87,265.15}{193,97.26,266.15}{194,97.65,267.15}{195,98.04,268.15}{196,98.44,269.15}{197,98.83,270.15}{198,99.22,271.15}{199,99.61,272.15}{200,100,273.15}{201,100.39,274.15}{202,100.78,275.15}{203,101.17,276.15}{204,101.56,277.15}{205,101.95,278.15}{206,102.34,279.15}{207,102.73,280.15}{208,103.12,281.15}{209,103.51,282.15}{210,103.9,283.15}{211,104.29,284.15}{212,104.68,285.15}{213,105.07,286.15}{214,105.46,287.15}{215,105.85,288.15}{216,106.24,289.15}{217,106.63,290.15}{218,107.02,291.15}{219,107.4,292.15}{220,107.79,293.15}{221,108.18,294.15}{222,108.57,295.15}{223,108.96,296.15}{224,109.35,297.15}{225,109.73,298.15}{226,110.12,299.15}{227,110.51,300.15}{228,110.9,301.15}{229,111.28,302.15}{230,111.67,303.15}{231,112.06,304.15}{232,112.45,305.15}{233,112.83,306.15}{234,113.22,307.15}{235,113.61,308.15}{236,113.99,309.15}{237,114.38,310.15}{238,114.77,311.15}{239,115.15,312.15}{240,115.54,313.15}{241,115.93,314.15}{242,116.31,315.15}{243,116.7,316.15}{244,117.08,317.15}{245,117.47,318.15}{246,117.85,319.15}{247,118.24,320.15}{248,118.62,321.15}{249,119.01,322.15}{250,119.4,323.15}{251,119.78,324.15}{252,120.16,325.15}{253,120.55,326.15}{254,120.93,327.15}{255,121.32,328.15}{256,121.7,329.15}{257,122.09,330.15}{258,122.47,331.15}{259,122.86,332.15}{260,123.24,333.15}{261,123.62,334.15}{262,124.01,335.15}{263,124.39,336.15}{264,124.77,337.15}{265,125.17,338.15}{266,125.55,339.15}{267,125.93,340.15}{268,126.32,341.15}{269,126.7,342.15}{270,127.08,343.15}{271,127.46,344.15}{272,127.85,345.15}{273,128.23,346.15}{274,128.61,347.15}{275,128.99,348.15}{276,129.38,349.15}{277,129.76,350.15}{278,130.14,351.15}{279,130.52,352.15}{280,130.9,353.15}{281,131.28,354.15}{282,131.67,355.15}{283,132.05,356.15}{284,132.43,357.15}{285,132.81,358.15}{286,133.19,359.15}{287,133.57,360.15}{288,133.95,361.15}{289,134.33,362.15}{290,134.71,363.15}{291,135.09,364.15}{292,135.47,365.15}{293,135.85,366.15}{294,136.23,367.15}{295,136.61,368.15}{296,136.99,369.15}{297,137.37,370.15}{298,137.75,371.15}{299,138.13,372.15}{300,138.51,373.15}{301,138.89,374.15}{302,139.27,375.15}{303,139.65,376.15}{304,140.03,377.15}{305,140.39,378.15}{306,140.77,379.15}{307,141.15,380.15}{308,141.53,381.15}{309,141.91,382.15}{310,142.29,383.15}{311,142.66,384.15}{312,143.04,385.15}{313,143.42,386.15}{314,143.8,387.15}{315,144.18,388.15}{316,144.56,389.15}{317,144.94,390.15}{318,145.32,391.15}{319,145.69,392.15}{320,146.07,393.15}{321,146.45,394.15}{322,146.82,395.15}{323,147.2,396.15}{324,147.58,397.15}{325,147.95,398.15}{326,148.33,399.15}{327,148.71,400.15}{328,149.08,401.15}{329,149.46,402.15}{330,149.83,403.15}{331,150.21,404.15}{332,150.58,405.15}{333,150.96,406.15}{334,151.34,407.15}{335,151.71,408.15}{336,152.09,409.15}{337,152.46,410.15}{338,152.84,411.15}{339,153.21,412.15}{340,153.58,413.15}{341,153.95,414.15}{342,154.32,415.15}{343,154.71,416.15}{344,155.08,417.15}{345,155.46,418.15}{346,155.83,419.15}{347,156.21,420.15}{348,156.58,421.15}{349,156.96,422.15}{350,157.33,423.15}{351,157.71,424.15}{352,158.08,425.15}{353,158.45,426.15}{354,158.83,427.15}{355,159.2,428.15}{356,159.56,429.15}{357,159.94,430.15}{358,160.31,431.15}{359,160.68,432.15}{360,161.05,433.15}{361,161.43,434.15}{362,161.8,435.15}{363,162.17,436.15}{364,162.54,437.15}{365,162.91,438.15}{366,163.28,439.15}{367,163.66,440.15}{368,164.03,441.15}{369,164.4,442.15}{370,164.77,443.15}{371,165.14,444.15}{372,165.51,445.15}{373,165.88,446.15}{374,166.25,447.15}{375,166.62,448.15}{376,167,449.15}{377,167.37,450.15}{378,167.74,451.15}{379,168.11,452.15}{380,168.48,453.15}{381,168.85,454.15}{382,169.22,455.15}{383,169.59,456.15}{384,169.96,457.15}{385,170.33,458.15}{386,170.69,459.15}{387,171.06,460.15}{388,171.43,461.15}{389,171.8,462.15}{390,172.17,463.15}{391,172.54,464.15}{392,172.91,465.15}{393,173.27,466.15}{394,173.64,467.15}{395,174.01,468.15}{396,174.39,469.15}{397,174.75,470.15}{398,175.12,471.15}{399,175.49,472.15}{400,175.86,473.15}{401,176.23,474.15}{402,176.59,475.15}{403,176.96,476.15}{404,177.33,477.15}{405,177.7,478.15}{406,178.06,479.15}{407,178.43,480.15}{408,178.8,481.15}{409,179.16,482.15}{410,179.53,483.15}{411,179.9,484.15}{412,180.26,485.15}{413,180.63,486.15}{414,180.99,487.15}{415,181.36,488.15}{416,181.73,489.15}{417,182.09,490.15}{418,182.46,491.15}{419,182.82,492.15}{420,183.19,493.15}{421,183.55,494.15}{422,183.92,495.15}{423,184.28,496.15}{424,184.65,497.15}{425,185.01,498.15}{426,185.38,499.15}{427,185.74,500.15}{428,186.11,501.15}{429,186.47,502.15}{430,186.84,503.15}{431,187.2,504.15}{432,187.56,505.15}{433,187.93,506.15}{434,188.29,507.15}{435,188.65,508.15}{436,189.02,509.15}{437,189.38,510.15}{438,189.74,511.15}{439,190.11,512.15}{440,190.47,513.15}{441,190.83,514.15}{442,191.2,515.15}{443,191.56,516.15}{444,191.92,517.15}{445,192.28,518.15}{446,192.66,519.15}{447,193.02,520.15}{448,193.38,521.15}{449,193.74,522.15}{450,194.1,523.15}{451,194.47,524.15}{452,194.83,525.15}{453,195.19,526.15}{454,195.55,527.15}{455,195.9,528.15}{456,196.26,529.15}{457,196.62,530.15}{458,196.98,531.15}{459,197.35,532.15}{460,197.71,533.15}{461,198.07,534.15}{462,198.43,535.15}{463,198.79,536.15}{464,199.15,537.15}{465,199.51,538.15}{466,199.87,539.15}{467,200.23,540.15}{468,200.59,541.15}{469,200.95,542.15}{470,201.31,543.15}{471,201.67,544.15}{472,202.03,545.15}{473,202.38,546.15}{474,202.74,547.15}{475,203.1,548.15}{476,203.46,549.15}{477,203.82,550.15}{478,204.18,551.15}{479,204.54,552.15}{480,204.9,553.15}{481,205.25,554.15}{482,205.61,555.15}{483,205.97,556.15}{484,206.33,557.15}{485,206.7,558.15}{486,207.05,559.15}{487,207.41,560.15}{488,207.77,561.15}{489,208.13,562.15}{490,208.48,563.15}{491,208.84,564.15}{492,209.2,565.15}{493,209.55,566.15}{494,209.91,567.15}{495,210.27,568.15}{496,210.62,569.15}{497,210.98,570.15}{498,211.34,571.15}{499,211.69,572.15}{500,212.05,573.15}{501,212.4,574.15}{502,212.76,575.15}{503,213.12,576.15}{504,213.47,577.15}{505,213.83,578.15}{506,214.19,579.15}{507,214.55,580.15}{508,214.9,581.15}{509,215.26,582.15}{510,215.61,583.15}{511,215.97,584.15}{512,216.32,585.15}{513,216.68,586.15}{514,217.03,587.15}{515,217.39,588.15}{516,217.73,589.15}{517,218.08,590.15}{518,218.44,591.15}{519,218.79,592.15}{520,219.15,593.15}{521,219.5,594.15}{522,219.85,595.15}{523,220.21,596.15}{524,220.56,597.15}{525,220.91,598.15}{526,221.27,599.15}{527,221.62,600.15}{528,221.97,601.15}{529,222.32,602.15}{530,222.68,603.15}{531,223.03,604.15}{532,223.38,605.15}{533,223.73,606.15}{534,224.09,607.15}{535,224.45,608.15}{536,224.8,609.15}{537,225.15,610.15}{538,225.5,611.15}{539,225.85,612.15}{540,226.21,613.15}{541,226.56,614.15}{542,226.91,615.15}{543,227.26,616.15}{544,227.61,617.15}{545,227.96,618.15}{546,228.31,619.15}{547,228.66,620.15}{548,229.01,621.15}{549,229.36,622.15}{550,229.72,623.15}{551,230.07,624.15}{552,230.42,625.15}{553,230.77,626.15}{554,231.12,627.15}{555,231.47,628.15}{556,231.81,629.15}{557,232.16,630.15}{558,232.51,631.15}{559,232.86,632.15}{560,233.21,633.15}{561,233.56,634.15}{562,233.91,635.15}{563,234.26,636.15}{564,234.6,637.15}{565,234.95,638.15}{566,235.3,639.15}{567,235.65,640.15}{568,236,641.15}{569,236.35,642.15}{570,236.7,643.15}{571,237.05,644.15}{572,237.4,645.15}{573,237.75,646.15}{574,238.09,647.15}{575,238.44,648.15}{576,238.79,649.15}{577,239.14,650.15}{578,239.48,651.15}{579,239.83,652.15}{580,240.18,653.15}{581,240.52,654.15}{582,240.87,655.15}{583,241.22,656.15}{584,241.56,657.15}{585,241.91,658.15}{586,242.25,659.15}{587,242.6,660.15}{588,242.95,661.15}{589,243.29,662.15}{590,243.64,663.15}{591,243.98,664.15}{592,244.33,665.15}{593,244.67,666.15}{594,245.02,667.15}{595,245.36,668.15}{596,245.71,669.15}{597,246.05,670.15}{598,246.4,671.15}{599,246.74,672.15}{600,247.09,673.15}{601,247.43,674.15}{602,247.78,675.15}{603,248.12,676.15}{604,248.46,677.15}{605,248.81,678.15}{606,249.15,679.15}{607,249.5,680.15}{608,249.84,681.15}{609,250.18,682.15}{610,250.53,683.15}{611,250.89,684.15}{612,251.21,685.15}{613,251.55,686.15}{614,251.9,687.15}{615,252.24,688.15}{616,252.59,689.15}{617,252.94,690.15}{618,253.28,691.15}{619,253.62,692.15}{620,253.96,693.15}{621,254.3,694.15}{622,254.65,695.15}{623,254.99,696.15}{624,255.33,697.15}{625,255.67,698.15}{626,256.01,699.15}{627,256.35,700.15}{628,256.7,701.15}{629,257.04,702.15}{630,257.38,703.15}{631,257.72,704.15}{632,258.06,705.15}{633,258.4,706.15}{634,258.74,707.15}{635,259.08,708.15}{636,259.42,709.15}{637,259.76,710.15}{638,260.1,711.15}{639,260.44,712.15}{640,260.78,713.15}{641,261.12,714.15}{642,261.46,715.15}{643,261.8,716.15}{644,262.14,717.15}{645,262.48,718.15}{646,262.83,719.15}{647,263.17,720.15}{648,263.5,721.15}{649,263.84,722.15}{650,264.18,723.15}{651,264.52,724.15}{652,264.86,725.15}{653,265.2,726.15}{654,265.54,727.15}{655,265.87,728.15}{656,266.21,729.15}{657,266.55,730.15}{658,266.89,731.15}{659,267.22,732.15}{660,267.56,733.15}{661,267.9,734.15}{662,268.24,735.15}{663,268.57,736.15}{664,268.91,737.15}{665,269.25,738.15}{666,269.58,739.15}{667,269.92,740.15}{668,270.26,741.15}{669,270.59,742.15}{670,270.93,743.15}{671,271.27,744.15}{672,271.6,745.15}{673,271.94,746.15}{674,272.27,747.15}{675,272.61,748.15}{676,272.95,749.15}{677,273.28,750.15}{678,273.62,751.15}{679,273.95,752.15}{680,274.29,753.15}{681,274.62,754.15}{682,274.96,755.15}{683,275.29,756.15}{684,275.63,757.15}{685,275.96,758.15}{686,276.31,759.15}{687,276.64,760.15}{688,276.97,761.15}{689,277.31,762.15}{690,277.64,763.15}{691,277.98,764.15}{692,278.31,765.15}{693,278.64,766.15}{694,278.98,767.15}{695,279.31,768.15}{696,279.64,769.15}{697,279.98,770.15}{698,280.31,771.15}{699,280.64,772.15}{700,280.98,773.15}{701,281.31,774.15}{702,281.64,775.15}{703,281.97,776.15}{704,282.31,777.15}{705,282.64,778.15}{706,282.97,779.15}{707,283.3,780.15}{708,283.63,781.15}{709,283.97,782.15}{710,284.3,783.15}{711,284.63,784.15}{712,284.96,785.15}{713,285.29,786.15}{714,285.62,787.15}{715,285.95,788.15}{716,286.3,789.15}{717,286.63,790.15}{718,286.96,791.15}{719,287.29,792.15}{720,287.62,793.15}{721,287.95,794.15}{722,288.28,795.15}{723,288.61,796.15}{724,288.94,797.15}{725,289.27,798.15}{726,289.6,799.15}{727,289.93,800.15}{728,290.26,801.15}{729,290.59,802.15}{730,290.92,803.15}{731,291.25,804.15}{732,291.58,805.15}{733,291.9,806.15}{734,292.23,807.15}{735,292.56,808.15}{736,292.9,809.15}{737,293.23,810.15}{738,293.56,811.15}{739,293.89,812.15}{740,294.21,813.15}{741,294.54,814.15}{742,294.87,815.15}{743,295.2,816.15}{744,295.53,817.15}{745,295.85,818.15}{746,296.18,819.15}{747,296.51,820.15}{748,296.84,821.15}{749,297.16,822.15}{750,297.49,823.15}{751,297.82,824.15}{752,298.14,825.15}{753,298.47,826.15}{754,298.8,827.15}{755,299.12,828.15}{756,299.45,829.15}{757,299.78,830.15}{758,300.1,831.15}{759,300.43,832.15}{760,300.75,833.15}{761,301.08,834.15}{762,301.41,835.15}{763,301.73,836.15}{764,302.06,837.15}{765,302.38,838.15}{766,302.71,839.15}{767,303.03,840.15}{768,303.36,841.15}{769,303.68,842.15}{770,304.01,843.15}{771,304.33,844.15}{772,304.66,845.15}{773,304.98,846.15}{774,305.3,847.15}{775,305.63,848.15}{776,305.95,849.15}{777,306.28,850.15}{778,306.6,851.15}{779,306.92,852.15}{780,307.25,853.15}{781,307.57,854.15}{782,307.89,855.15}{783,308.22,856.15}{784,308.54,857.15}{785,308.86,858.15}{786,309.19,859.15}{787,309.51,860.15}{788,309.83,861.15}{789,310.15,862.15}{790,310.48,863.15}{791,310.8,864.15}{792,311.12,865.15}{793,311.45,866.15}{794,311.78,867.15}{795,312.1,868.15}{796,312.43,869.15}{797,312.75,870.15}{798,313.07,871.15}{799,313.39,872.15}{800,313.71,873.15}{801,314.04,874.15}{802,314.36,875.15}{803,314.68,876.15}{804,315,877.15}{805,315.32,878.15}{806,315.64,879.15}{807,315.96,880.15}{808,316.28,881.15}{809,316.6,882.15}{810,316.92,883.15}{811,317.24,884.15}{812,317.56,885.15}{813,317.88,886.15}{814,318.2,887.15}{815,318.52,888.15}{816,318.85,889.15}{817,319.17,890.15}{818,319.49,891.15}{819,319.81,892.15}{820,320.12,893.15}{821,320.44,894.15}{822,320.76,895.15}{823,321.08,896.15}{824,321.4,897.15}{825,321.72,898.15}{826,322.03,899.15}{827,322.34,900.15}{828,322.66,901.15}{829,322.98,902.15}{830,323.3,903.15}{831,323.61,904.15}{832,323.93,905.15}{833,324.25,906.15}{834,324.57,907.15}{835,324.88,908.15}{836,325.21,909.15}{837,325.53,910.15}{838,325.85,911.15}{839,326.16,912.15}{840,326.48,913.15}{841,326.79,914.15}{842,327.11,915.15}{843,327.43,916.15}{844,327.74,917.15}{845,328.06,918.15}{846,328.38,919.15}{847,328.69,920.15}{848,329.01,921.15}{849,329.32,922.15}{850,329.64,923.15}{851,329.95,924.15}{852,330.27,925.15}{853,330.58,926.15}{854,330.9,927.15}{855,331.21,928.15}{856,331.53,929.15}{857,331.84,930.15}{858,332.16,931.15}{859,332.47,932.15}{860,332.79,933.15}{861,333.1,934.15}{862,333.41,935.15}{863,333.73,936.15}{864,334.04,937.15}{865,334.36,938.15}{866,334.68,939.15}{867,334.99,940.15}{868,335.31,941.15}{869,335.62,942.15}{870,335.93,943.15}{871,336.25,944.15}{872,336.56,945.15}{873,336.87,946.15}{874,337.18,947.15}{875,337.5,948.15}{876,337.81,949.15}{877,338.12,950.15}{878,338.43,951.15}{879,338.75,952.15}{880,339.06,953.15}{881,339.37,954.15}{882,339.68,955.15}{883,339.99,956.15}{884,340.3,957.15}{885,340.62,958.15}{886,340.94,959.15}{887,341.25,960.15}{888,341.55,961.15}{889,341.87,962.15}{890,342.18,963.15}{891,342.49,964.15}{892,342.8,965.15}{893,343.11,966.15}{894,343.42,967.15}{895,343.73,968.15}{896,344.04,969.15}{897,344.35,970.15}{898,344.66,971.15}{899,344.97,972.15}{900,345.28,973.15}{901,345.59,974.15}{902,345.9,975.15}{903,346.21,976.15}{904,346.52,977.15}{905,346.83,978.15}{906,347.15,979.15}{907,347.46,980.15}{908,347.76,981.15}{909,348.07,982.15}{910,348.38,983.15}{911,348.69,984.15}{912,349,985.15}{913,349.31,986.15}{914,349.61,987.15}{915,349.92,988.15}{916,350.23,989.15}{917,350.54,990.15}{918,350.85,991.15}{919,351.15,992.15}{920,351.46,993.15}{921,351.77,994.15}{922,352.07,995.15}{923,352.38,996.15}{924,352.69,997.15}{925,352.99,998.15}{926,353.3,999.15}{927,353.61,1000.15}{928,353.91,1001.15}{929,354.22,1002.15}{930,354.53,1003.15}{931,354.83,1004.15}{932,355.14,1005.15}{933,355.44,1006.15}{934,355.75,1007.15}{935,356.06,1008.15}{936,356.37,1009.15}{937,356.68,1010.15}{938,356.98,1011.15}{939,357.29,1012.15}{940,357.59,1013.15}{941,357.9,1014.15}{942,358.2,1015.15}{943,358.51,1016.15}{944,358.81,1017.15}{945,359.12,1018.15}{946,359.42,1019.15}{947,359.72,1020.15}{948,360.03,1021.15}{949,360.33,1022.15}{950,360.64,1023.15}{951,360.94,1024.15}{952,361.24,1025.15}{953,361.55,1026.15}{954,361.85,1027.15}{955,362.15,1028.15}{956,362.46,1029.15}{957,362.76,1030.15}{958,363.06,1031.15}{959,363.36,1032.15}{960,363.67,1033.15}{961,363.97,1034.15}{962,364.27,1035.15}{963,364.57,1036.15}{964,364.88,1037.15}{965,365.18,1038.15}{966,365.49,1039.15}{967,365.79,1040.15}{968,366.09,1041.15}{969,366.4,1042.15}{970,366.7,1043.15}{971,367,1044.15}{972,367.3,1045.15}{973,367.6,1046.15}{974,367.9,1047.15}{975,368.2,1048.15}{976,368.5,1049.15}{977,368.81,1050.15}{978,369.11,1051.15}{979,369.41,1052.15}{980,369.71,1053.15}{981,370.01,1054.15}{982,370.31,1055.15}{983,370.61,1056.15}{984,370.91,1057.15}{985,371.21,1058.15}{986,371.52,1059.15}{987,371.82,1060.15}{988,372.12,1061.15}{989,372.41,1062.15}{990,372.71,1063.15}{991,373.01,1064.15}{992,373.31,1065.15}{993,373.61,1066.15}{994,373.91,1067.15}{995,374.21,1068.15}{996,374.51,1069.15}{997,374.8,1070.15}{998,375.1,1071.15}{999,375.4,1072.15}{1000,375.7,1073.15}{1001,376,1074.15}{1002,376.29,1075.15}{1003,376.59,1076.15}{1004,376.89,1077.15}{1005,377.19,1078.15}{1006,377.49,1079.15}{1007,377.79,1080.15}{1008,378.09,1081.15}{1009,378.39,1082.15}{1010,378.68,1083.15}{1011,378.98,1084.15}{1012,379.28,1085.15}{1013,379.57,1086.15}{1014,379.87,1087.15}{1015,380.17,1088.15}{1016,380.46,1089.15}{1017,380.76,1090.15}{1018,381.05,1091.15}{1019,381.35,1092.15}{1020,381.65,1093.15}{1021,381.94,1094.15}{1022,382.24,1095.15}{1023,382.53,1096.15}{1024,382.83,1097.15}{1025,383.12,1098.15}{1026,383.42,1099.15}{1027,383.71,1100.15}{1028,384.01,1101.15}{1029,384.3,1102.15}{1030,384.6,1103.15}{1031,384.89,1104.15}{1032,385.18,1105.15}{1033,385.48,1106.15}{1034,385.77,1107.15}{1035,386.07,1108.15}{1036,386.37,1109.15}{1037,386.66,1110.15}{1038,386.96,1111.15}{1039,387.25,1112.15}{1040,387.55,1113.15}{1041,387.84,1114.15}{1042,388.13,1115.15}{1043,388.42,1116.15}{1044,388.72,1117.15}{1045,389.01,1118.15}{1046,389.31,1119.15}{1047,389.61,1120.15}{1048,389.9,1121.15}{1049,390.19,1122.15}{1050,390.48,1123.15}&quot;"/>
                                                <instance name="dev01/Config/ch00002/RTDRange" order="0" value="1"/>
                                                <instance name="dev01/Config/ch00008/Calibration_Sensor_Calibration_Date" order="0" value="2020-01-01"/>
                                                <instance name="dev01/Config/ch00002/RTDWireScheme" order="0" value="4"/>
                                                <instance name="dev01/Config/ch00007/Calibration_Sensor_Name" order="0" value="CalSensor7"/>
                                                <instance name="dev01/Config/ch00003/RTDWireScheme" order="0" value="4"/>
                                                <instance name="dev01/Config/ch00004/RTDWireScheme" order="0" value="4"/>
                                                <instance name="dev01/Config/ch00007/Calibration_Sensor_Output_Units" order="0" value="K"/>
                                                <instance name="dev01/Config/ch00005/RTDWireScheme" order="0" value="4"/>
                                                <instance name="dev02/Config/ch00011/enable" order="1" value="1"/>
                                                <instance name="dev01/Config/ch00012/Calibration_Sensor_Calibration_Date" order="0" value="2020-01-01"/>
                                                <instance name="dev01/Config/ch00006/RTDWireScheme" order="0" value="4"/>
                                                <instance name="dev01/Config/ch00011/enable" order="1" value="1"/>
                                                <instance name="dev01/Config/ch00007/RTDWireScheme" order="0" value="4"/>
                                                <instance name="dev01/Config/ch00009/enable" order="1" value="1"/>
                                                <instance name="dev01/Config/ch00008/RTDWireScheme" order="0" value="4"/>
                                                <instance name="dev01/Config/ch00001/Calibration_Sensor_Output_Units" order="0" value="K"/>
                                                <instance name="dev02/Config/ch00012/Calibration_Sensor_Table_Type" order="2" value="1"/>
                                                <instance name="dev01/Config/ch00005/Calibration_Sensor_Curve" order="0" value="&quot;{0,18.52,73.15}{1,18.96,74.15}{2,19.39,75.15}{3,19.82,76.15}{4,20.25,77.15}{5,20.68,78.15}{6,21.11,79.15}{7,21.54,80.15}{8,21.97,81.15}{9,22.4,82.15}{10,22.83,83.15}{11,23.26,84.15}{12,23.69,85.15}{13,24.12,86.15}{14,24.55,87.15}{15,24.97,88.15}{16,25.39,89.15}{17,25.82,90.15}{18,26.25,91.15}{19,26.67,92.15}{20,27.1,93.15}{21,27.52,94.15}{22,27.95,95.15}{23,28.37,96.15}{24,28.8,97.15}{25,29.22,98.15}{26,29.65,99.15}{27,30.07,100.15}{28,30.49,101.15}{29,30.92,102.15}{30,31.34,103.15}{31,31.76,104.15}{32,32.18,105.15}{33,32.61,106.15}{34,33.03,107.15}{35,33.45,108.15}{36,33.86,109.15}{37,34.28,110.15}{38,34.7,111.15}{39,35.12,112.15}{40,35.54,113.15}{41,35.96,114.15}{42,36.38,115.15}{43,36.8,116.15}{44,37.22,117.15}{45,37.63,118.15}{46,38.05,119.15}{47,38.47,120.15}{48,38.89,121.15}{49,39.31,122.15}{50,39.72,123.15}{51,40.14,124.15}{52,40.56,125.15}{53,40.97,126.15}{54,41.39,127.15}{55,41.8,128.15}{56,42.22,129.15}{57,42.64,130.15}{58,43.05,131.15}{59,43.46,132.15}{60,43.88,133.15}{61,44.29,134.15}{62,44.71,135.15}{63,45.12,136.15}{64,45.53,137.15}{65,45.95,138.15}{66,46.35,139.15}{67,46.76,140.15}{68,47.18,141.15}{69,47.59,142.15}{70,48,143.15}{71,48.41,144.15}{72,48.82,145.15}{73,49.23,146.15}{74,49.64,147.15}{75,50.06,148.15}{76,50.47,149.15}{77,50.88,150.15}{78,51.29,151.15}{79,51.7,152.15}{80,52.11,153.15}{81,52.52,154.15}{82,52.92,155.15}{83,53.33,156.15}{84,53.74,157.15}{85,54.15,158.15}{86,54.56,159.15}{87,54.97,160.15}{88,55.38,161.15}{89,55.78,162.15}{90,56.19,163.15}{91,56.6,164.15}{92,57,165.15}{93,57.41,166.15}{94,57.82,167.15}{95,58.22,168.15}{96,58.63,169.15}{97,59.04,170.15}{98,59.44,171.15}{99,59.85,172.15}{100,60.26,173.15}{101,60.67,174.15}{102,61.07,175.15}{103,61.48,176.15}{104,61.87,177.15}{105,62.29,178.15}{106,62.69,179.15}{107,63.1,180.15}{108,63.5,181.15}{109,63.91,182.15}{110,64.3,183.15}{111,64.7,184.15}{112,65.11,185.15}{113,65.51,186.15}{114,65.91,187.15}{115,66.31,188.15}{116,66.72,189.15}{117,67.12,190.15}{118,67.52,191.15}{119,67.92,192.15}{120,68.33,193.15}{121,68.73,194.15}{122,69.13,195.15}{123,69.53,196.15}{124,69.93,197.15}{125,70.33,198.15}{126,70.73,199.15}{127,71.13,200.15}{128,71.53,201.15}{129,71.93,202.15}{130,72.33,203.15}{131,72.73,204.15}{132,73.13,205.15}{133,73.53,206.15}{134,73.93,207.15}{135,74.33,208.15}{136,74.73,209.15}{137,75.13,210.15}{138,75.53,211.15}{139,75.93,212.15}{140,76.33,213.15}{141,76.73,214.15}{142,77.13,215.15}{143,77.52,216.15}{144,77.92,217.15}{145,78.32,218.15}{146,78.72,219.15}{147,79.11,220.15}{148,79.51,221.15}{149,79.91,222.15}{150,80.31,223.15}{151,80.7,224.15}{152,81.1,225.15}{153,81.5,226.15}{154,81.89,227.15}{155,82.29,228.15}{156,82.69,229.15}{157,83.08,230.15}{158,83.48,231.15}{159,83.88,232.15}{160,84.27,233.15}{161,84.67,234.15}{162,85.06,235.15}{163,85.46,236.15}{164,85.85,237.15}{165,86.25,238.15}{166,86.64,239.15}{167,87.04,240.15}{168,87.43,241.15}{169,87.83,242.15}{170,88.22,243.15}{171,88.62,244.15}{172,89.01,245.15}{173,89.4,246.15}{174,89.8,247.15}{175,90.19,248.15}{176,90.59,249.15}{177,90.98,250.15}{178,91.37,251.15}{179,91.77,252.15}{180,92.16,253.15}{181,92.55,254.15}{182,92.95,255.15}{183,93.34,256.15}{184,93.73,257.15}{185,94.12,258.15}{186,94.52,259.15}{187,94.91,260.15}{188,95.3,261.15}{189,95.69,262.15}{190,96.09,263.15}{191,96.48,264.15}{192,96.87,265.15}{193,97.26,266.15}{194,97.65,267.15}{195,98.04,268.15}{196,98.44,269.15}{197,98.83,270.15}{198,99.22,271.15}{199,99.61,272.15}{200,100,273.15}{201,100.39,274.15}{202,100.78,275.15}{203,101.17,276.15}{204,101.56,277.15}{205,101.95,278.15}{206,102.34,279.15}{207,102.73,280.15}{208,103.12,281.15}{209,103.51,282.15}{210,103.9,283.15}{211,104.29,284.15}{212,104.68,285.15}{213,105.07,286.15}{214,105.46,287.15}{215,105.85,288.15}{216,106.24,289.15}{217,106.63,290.15}{218,107.02,291.15}{219,107.4,292.15}{220,107.79,293.15}{221,108.18,294.15}{222,108.57,295.15}{223,108.96,296.15}{224,109.35,297.15}{225,109.73,298.15}{226,110.12,299.15}{227,110.51,300.15}{228,110.9,301.15}{229,111.28,302.15}{230,111.67,303.15}{231,112.06,304.15}{232,112.45,305.15}{233,112.83,306.15}{234,113.22,307.15}{235,113.61,308.15}{236,113.99,309.15}{237,114.38,310.15}{238,114.77,311.15}{239,115.15,312.15}{240,115.54,313.15}{241,115.93,314.15}{242,116.31,315.15}{243,116.7,316.15}{244,117.08,317.15}{245,117.47,318.15}{246,117.85,319.15}{247,118.24,320.15}{248,118.62,321.15}{249,119.01,322.15}{250,119.4,323.15}{251,119.78,324.15}{252,120.16,325.15}{253,120.55,326.15}{254,120.93,327.15}{255,121.32,328.15}{256,121.7,329.15}{257,122.09,330.15}{258,122.47,331.15}{259,122.86,332.15}{260,123.24,333.15}{261,123.62,334.15}{262,124.01,335.15}{263,124.39,336.15}{264,124.77,337.15}{265,125.17,338.15}{266,125.55,339.15}{267,125.93,340.15}{268,126.32,341.15}{269,126.7,342.15}{270,127.08,343.15}{271,127.46,344.15}{272,127.85,345.15}{273,128.23,346.15}{274,128.61,347.15}{275,128.99,348.15}{276,129.38,349.15}{277,129.76,350.15}{278,130.14,351.15}{279,130.52,352.15}{280,130.9,353.15}{281,131.28,354.15}{282,131.67,355.15}{283,132.05,356.15}{284,132.43,357.15}{285,132.81,358.15}{286,133.19,359.15}{287,133.57,360.15}{288,133.95,361.15}{289,134.33,362.15}{290,134.71,363.15}{291,135.09,364.15}{292,135.47,365.15}{293,135.85,366.15}{294,136.23,367.15}{295,136.61,368.15}{296,136.99,369.15}{297,137.37,370.15}{298,137.75,371.15}{299,138.13,372.15}{300,138.51,373.15}{301,138.89,374.15}{302,139.27,375.15}{303,139.65,376.15}{304,140.03,377.15}{305,140.39,378.15}{306,140.77,379.15}{307,141.15,380.15}{308,141.53,381.15}{309,141.91,382.15}{310,142.29,383.15}{311,142.66,384.15}{312,143.04,385.15}{313,143.42,386.15}{314,143.8,387.15}{315,144.18,388.15}{316,144.56,389.15}{317,144.94,390.15}{318,145.32,391.15}{319,145.69,392.15}{320,146.07,393.15}{321,146.45,394.15}{322,146.82,395.15}{323,147.2,396.15}{324,147.58,397.15}{325,147.95,398.15}{326,148.33,399.15}{327,148.71,400.15}{328,149.08,401.15}{329,149.46,402.15}{330,149.83,403.15}{331,150.21,404.15}{332,150.58,405.15}{333,150.96,406.15}{334,151.34,407.15}{335,151.71,408.15}{336,152.09,409.15}{337,152.46,410.15}{338,152.84,411.15}{339,153.21,412.15}{340,153.58,413.15}{341,153.95,414.15}{342,154.32,415.15}{343,154.71,416.15}{344,155.08,417.15}{345,155.46,418.15}{346,155.83,419.15}{347,156.21,420.15}{348,156.58,421.15}{349,156.96,422.15}{350,157.33,423.15}{351,157.71,424.15}{352,158.08,425.15}{353,158.45,426.15}{354,158.83,427.15}{355,159.2,428.15}{356,159.56,429.15}{357,159.94,430.15}{358,160.31,431.15}{359,160.68,432.15}{360,161.05,433.15}{361,161.43,434.15}{362,161.8,435.15}{363,162.17,436.15}{364,162.54,437.15}{365,162.91,438.15}{366,163.28,439.15}{367,163.66,440.15}{368,164.03,441.15}{369,164.4,442.15}{370,164.77,443.15}{371,165.14,444.15}{372,165.51,445.15}{373,165.88,446.15}{374,166.25,447.15}{375,166.62,448.15}{376,167,449.15}{377,167.37,450.15}{378,167.74,451.15}{379,168.11,452.15}{380,168.48,453.15}{381,168.85,454.15}{382,169.22,455.15}{383,169.59,456.15}{384,169.96,457.15}{385,170.33,458.15}{386,170.69,459.15}{387,171.06,460.15}{388,171.43,461.15}{389,171.8,462.15}{390,172.17,463.15}{391,172.54,464.15}{392,172.91,465.15}{393,173.27,466.15}{394,173.64,467.15}{395,174.01,468.15}{396,174.39,469.15}{397,174.75,470.15}{398,175.12,471.15}{399,175.49,472.15}{400,175.86,473.15}{401,176.23,474.15}{402,176.59,475.15}{403,176.96,476.15}{404,177.33,477.15}{405,177.7,478.15}{406,178.06,479.15}{407,178.43,480.15}{408,178.8,481.15}{409,179.16,482.15}{410,179.53,483.15}{411,179.9,484.15}{412,180.26,485.15}{413,180.63,486.15}{414,180.99,487.15}{415,181.36,488.15}{416,181.73,489.15}{417,182.09,490.15}{418,182.46,491.15}{419,182.82,492.15}{420,183.19,493.15}{421,183.55,494.15}{422,183.92,495.15}{423,184.28,496.15}{424,184.65,497.15}{425,185.01,498.15}{426,185.38,499.15}{427,185.74,500.15}{428,186.11,501.15}{429,186.47,502.15}{430,186.84,503.15}{431,187.2,504.15}{432,187.56,505.15}{433,187.93,506.15}{434,188.29,507.15}{435,188.65,508.15}{436,189.02,509.15}{437,189.38,510.15}{438,189.74,511.15}{439,190.11,512.15}{440,190.47,513.15}{441,190.83,514.15}{442,191.2,515.15}{443,191.56,516.15}{444,191.92,517.15}{445,192.28,518.15}{446,192.66,519.15}{447,193.02,520.15}{448,193.38,521.15}{449,193.74,522.15}{450,194.1,523.15}{451,194.47,524.15}{452,194.83,525.15}{453,195.19,526.15}{454,195.55,527.15}{455,195.9,528.15}{456,196.26,529.15}{457,196.62,530.15}{458,196.98,531.15}{459,197.35,532.15}{460,197.71,533.15}{461,198.07,534.15}{462,198.43,535.15}{463,198.79,536.15}{464,199.15,537.15}{465,199.51,538.15}{466,199.87,539.15}{467,200.23,540.15}{468,200.59,541.15}{469,200.95,542.15}{470,201.31,543.15}{471,201.67,544.15}{472,202.03,545.15}{473,202.38,546.15}{474,202.74,547.15}{475,203.1,548.15}{476,203.46,549.15}{477,203.82,550.15}{478,204.18,551.15}{479,204.54,552.15}{480,204.9,553.15}{481,205.25,554.15}{482,205.61,555.15}{483,205.97,556.15}{484,206.33,557.15}{485,206.7,558.15}{486,207.05,559.15}{487,207.41,560.15}{488,207.77,561.15}{489,208.13,562.15}{490,208.48,563.15}{491,208.84,564.15}{492,209.2,565.15}{493,209.55,566.15}{494,209.91,567.15}{495,210.27,568.15}{496,210.62,569.15}{497,210.98,570.15}{498,211.34,571.15}{499,211.69,572.15}{500,212.05,573.15}{501,212.4,574.15}{502,212.76,575.15}{503,213.12,576.15}{504,213.47,577.15}{505,213.83,578.15}{506,214.19,579.15}{507,214.55,580.15}{508,214.9,581.15}{509,215.26,582.15}{510,215.61,583.15}{511,215.97,584.15}{512,216.32,585.15}{513,216.68,586.15}{514,217.03,587.15}{515,217.39,588.15}{516,217.73,589.15}{517,218.08,590.15}{518,218.44,591.15}{519,218.79,592.15}{520,219.15,593.15}{521,219.5,594.15}{522,219.85,595.15}{523,220.21,596.15}{524,220.56,597.15}{525,220.91,598.15}{526,221.27,599.15}{527,221.62,600.15}{528,221.97,601.15}{529,222.32,602.15}{530,222.68,603.15}{531,223.03,604.15}{532,223.38,605.15}{533,223.73,606.15}{534,224.09,607.15}{535,224.45,608.15}{536,224.8,609.15}{537,225.15,610.15}{538,225.5,611.15}{539,225.85,612.15}{540,226.21,613.15}{541,226.56,614.15}{542,226.91,615.15}{543,227.26,616.15}{544,227.61,617.15}{545,227.96,618.15}{546,228.31,619.15}{547,228.66,620.15}{548,229.01,621.15}{549,229.36,622.15}{550,229.72,623.15}{551,230.07,624.15}{552,230.42,625.15}{553,230.77,626.15}{554,231.12,627.15}{555,231.47,628.15}{556,231.81,629.15}{557,232.16,630.15}{558,232.51,631.15}{559,232.86,632.15}{560,233.21,633.15}{561,233.56,634.15}{562,233.91,635.15}{563,234.26,636.15}{564,234.6,637.15}{565,234.95,638.15}{566,235.3,639.15}{567,235.65,640.15}{568,236,641.15}{569,236.35,642.15}{570,236.7,643.15}{571,237.05,644.15}{572,237.4,645.15}{573,237.75,646.15}{574,238.09,647.15}{575,238.44,648.15}{576,238.79,649.15}{577,239.14,650.15}{578,239.48,651.15}{579,239.83,652.15}{580,240.18,653.15}{581,240.52,654.15}{582,240.87,655.15}{583,241.22,656.15}{584,241.56,657.15}{585,241.91,658.15}{586,242.25,659.15}{587,242.6,660.15}{588,242.95,661.15}{589,243.29,662.15}{590,243.64,663.15}{591,243.98,664.15}{592,244.33,665.15}{593,244.67,666.15}{594,245.02,667.15}{595,245.36,668.15}{596,245.71,669.15}{597,246.05,670.15}{598,246.4,671.15}{599,246.74,672.15}{600,247.09,673.15}{601,247.43,674.15}{602,247.78,675.15}{603,248.12,676.15}{604,248.46,677.15}{605,248.81,678.15}{606,249.15,679.15}{607,249.5,680.15}{608,249.84,681.15}{609,250.18,682.15}{610,250.53,683.15}{611,250.89,684.15}{612,251.21,685.15}{613,251.55,686.15}{614,251.9,687.15}{615,252.24,688.15}{616,252.59,689.15}{617,252.94,690.15}{618,253.28,691.15}{619,253.62,692.15}{620,253.96,693.15}{621,254.3,694.15}{622,254.65,695.15}{623,254.99,696.15}{624,255.33,697.15}{625,255.67,698.15}{626,256.01,699.15}{627,256.35,700.15}{628,256.7,701.15}{629,257.04,702.15}{630,257.38,703.15}{631,257.72,704.15}{632,258.06,705.15}{633,258.4,706.15}{634,258.74,707.15}{635,259.08,708.15}{636,259.42,709.15}{637,259.76,710.15}{638,260.1,711.15}{639,260.44,712.15}{640,260.78,713.15}{641,261.12,714.15}{642,261.46,715.15}{643,261.8,716.15}{644,262.14,717.15}{645,262.48,718.15}{646,262.83,719.15}{647,263.17,720.15}{648,263.5,721.15}{649,263.84,722.15}{650,264.18,723.15}{651,264.52,724.15}{652,264.86,725.15}{653,265.2,726.15}{654,265.54,727.15}{655,265.87,728.15}{656,266.21,729.15}{657,266.55,730.15}{658,266.89,731.15}{659,267.22,732.15}{660,267.56,733.15}{661,267.9,734.15}{662,268.24,735.15}{663,268.57,736.15}{664,268.91,737.15}{665,269.25,738.15}{666,269.58,739.15}{667,269.92,740.15}{668,270.26,741.15}{669,270.59,742.15}{670,270.93,743.15}{671,271.27,744.15}{672,271.6,745.15}{673,271.94,746.15}{674,272.27,747.15}{675,272.61,748.15}{676,272.95,749.15}{677,273.28,750.15}{678,273.62,751.15}{679,273.95,752.15}{680,274.29,753.15}{681,274.62,754.15}{682,274.96,755.15}{683,275.29,756.15}{684,275.63,757.15}{685,275.96,758.15}{686,276.31,759.15}{687,276.64,760.15}{688,276.97,761.15}{689,277.31,762.15}{690,277.64,763.15}{691,277.98,764.15}{692,278.31,765.15}{693,278.64,766.15}{694,278.98,767.15}{695,279.31,768.15}{696,279.64,769.15}{697,279.98,770.15}{698,280.31,771.15}{699,280.64,772.15}{700,280.98,773.15}{701,281.31,774.15}{702,281.64,775.15}{703,281.97,776.15}{704,282.31,777.15}{705,282.64,778.15}{706,282.97,779.15}{707,283.3,780.15}{708,283.63,781.15}{709,283.97,782.15}{710,284.3,783.15}{711,284.63,784.15}{712,284.96,785.15}{713,285.29,786.15}{714,285.62,787.15}{715,285.95,788.15}{716,286.3,789.15}{717,286.63,790.15}{718,286.96,791.15}{719,287.29,792.15}{720,287.62,793.15}{721,287.95,794.15}{722,288.28,795.15}{723,288.61,796.15}{724,288.94,797.15}{725,289.27,798.15}{726,289.6,799.15}{727,289.93,800.15}{728,290.26,801.15}{729,290.59,802.15}{730,290.92,803.15}{731,291.25,804.15}{732,291.58,805.15}{733,291.9,806.15}{734,292.23,807.15}{735,292.56,808.15}{736,292.9,809.15}{737,293.23,810.15}{738,293.56,811.15}{739,293.89,812.15}{740,294.21,813.15}{741,294.54,814.15}{742,294.87,815.15}{743,295.2,816.15}{744,295.53,817.15}{745,295.85,818.15}{746,296.18,819.15}{747,296.51,820.15}{748,296.84,821.15}{749,297.16,822.15}{750,297.49,823.15}{751,297.82,824.15}{752,298.14,825.15}{753,298.47,826.15}{754,298.8,827.15}{755,299.12,828.15}{756,299.45,829.15}{757,299.78,830.15}{758,300.1,831.15}{759,300.43,832.15}{760,300.75,833.15}{761,301.08,834.15}{762,301.41,835.15}{763,301.73,836.15}{764,302.06,837.15}{765,302.38,838.15}{766,302.71,839.15}{767,303.03,840.15}{768,303.36,841.15}{769,303.68,842.15}{770,304.01,843.15}{771,304.33,844.15}{772,304.66,845.15}{773,304.98,846.15}{774,305.3,847.15}{775,305.63,848.15}{776,305.95,849.15}{777,306.28,850.15}{778,306.6,851.15}{779,306.92,852.15}{780,307.25,853.15}{781,307.57,854.15}{782,307.89,855.15}{783,308.22,856.15}{784,308.54,857.15}{785,308.86,858.15}{786,309.19,859.15}{787,309.51,860.15}{788,309.83,861.15}{789,310.15,862.15}{790,310.48,863.15}{791,310.8,864.15}{792,311.12,865.15}{793,311.45,866.15}{794,311.78,867.15}{795,312.1,868.15}{796,312.43,869.15}{797,312.75,870.15}{798,313.07,871.15}{799,313.39,872.15}{800,313.71,873.15}{801,314.04,874.15}{802,314.36,875.15}{803,314.68,876.15}{804,315,877.15}{805,315.32,878.15}{806,315.64,879.15}{807,315.96,880.15}{808,316.28,881.15}{809,316.6,882.15}{810,316.92,883.15}{811,317.24,884.15}{812,317.56,885.15}{813,317.88,886.15}{814,318.2,887.15}{815,318.52,888.15}{816,318.85,889.15}{817,319.17,890.15}{818,319.49,891.15}{819,319.81,892.15}{820,320.12,893.15}{821,320.44,894.15}{822,320.76,895.15}{823,321.08,896.15}{824,321.4,897.15}{825,321.72,898.15}{826,322.03,899.15}{827,322.34,900.15}{828,322.66,901.15}{829,322.98,902.15}{830,323.3,903.15}{831,323.61,904.15}{832,323.93,905.15}{833,324.25,906.15}{834,324.57,907.15}{835,324.88,908.15}{836,325.21,909.15}{837,325.53,910.15}{838,325.85,911.15}{839,326.16,912.15}{840,326.48,913.15}{841,326.79,914.15}{842,327.11,915.15}{843,327.43,916.15}{844,327.74,917.15}{845,328.06,918.15}{846,328.38,919.15}{847,328.69,920.15}{848,329.01,921.15}{849,329.32,922.15}{850,329.64,923.15}{851,329.95,924.15}{852,330.27,925.15}{853,330.58,926.15}{854,330.9,927.15}{855,331.21,928.15}{856,331.53,929.15}{857,331.84,930.15}{858,332.16,931.15}{859,332.47,932.15}{860,332.79,933.15}{861,333.1,934.15}{862,333.41,935.15}{863,333.73,936.15}{864,334.04,937.15}{865,334.36,938.15}{866,334.68,939.15}{867,334.99,940.15}{868,335.31,941.15}{869,335.62,942.15}{870,335.93,943.15}{871,336.25,944.15}{872,336.56,945.15}{873,336.87,946.15}{874,337.18,947.15}{875,337.5,948.15}{876,337.81,949.15}{877,338.12,950.15}{878,338.43,951.15}{879,338.75,952.15}{880,339.06,953.15}{881,339.37,954.15}{882,339.68,955.15}{883,339.99,956.15}{884,340.3,957.15}{885,340.62,958.15}{886,340.94,959.15}{887,341.25,960.15}{888,341.55,961.15}{889,341.87,962.15}{890,342.18,963.15}{891,342.49,964.15}{892,342.8,965.15}{893,343.11,966.15}{894,343.42,967.15}{895,343.73,968.15}{896,344.04,969.15}{897,344.35,970.15}{898,344.66,971.15}{899,344.97,972.15}{900,345.28,973.15}{901,345.59,974.15}{902,345.9,975.15}{903,346.21,976.15}{904,346.52,977.15}{905,346.83,978.15}{906,347.15,979.15}{907,347.46,980.15}{908,347.76,981.15}{909,348.07,982.15}{910,348.38,983.15}{911,348.69,984.15}{912,349,985.15}{913,349.31,986.15}{914,349.61,987.15}{915,349.92,988.15}{916,350.23,989.15}{917,350.54,990.15}{918,350.85,991.15}{919,351.15,992.15}{920,351.46,993.15}{921,351.77,994.15}{922,352.07,995.15}{923,352.38,996.15}{924,352.69,997.15}{925,352.99,998.15}{926,353.3,999.15}{927,353.61,1000.15}{928,353.91,1001.15}{929,354.22,1002.15}{930,354.53,1003.15}{931,354.83,1004.15}{932,355.14,1005.15}{933,355.44,1006.15}{934,355.75,1007.15}{935,356.06,1008.15}{936,356.37,1009.15}{937,356.68,1010.15}{938,356.98,1011.15}{939,357.29,1012.15}{940,357.59,1013.15}{941,357.9,1014.15}{942,358.2,1015.15}{943,358.51,1016.15}{944,358.81,1017.15}{945,359.12,1018.15}{946,359.42,1019.15}{947,359.72,1020.15}{948,360.03,1021.15}{949,360.33,1022.15}{950,360.64,1023.15}{951,360.94,1024.15}{952,361.24,1025.15}{953,361.55,1026.15}{954,361.85,1027.15}{955,362.15,1028.15}{956,362.46,1029.15}{957,362.76,1030.15}{958,363.06,1031.15}{959,363.36,1032.15}{960,363.67,1033.15}{961,363.97,1034.15}{962,364.27,1035.15}{963,364.57,1036.15}{964,364.88,1037.15}{965,365.18,1038.15}{966,365.49,1039.15}{967,365.79,1040.15}{968,366.09,1041.15}{969,366.4,1042.15}{970,366.7,1043.15}{971,367,1044.15}{972,367.3,1045.15}{973,367.6,1046.15}{974,367.9,1047.15}{975,368.2,1048.15}{976,368.5,1049.15}{977,368.81,1050.15}{978,369.11,1051.15}{979,369.41,1052.15}{980,369.71,1053.15}{981,370.01,1054.15}{982,370.31,1055.15}{983,370.61,1056.15}{984,370.91,1057.15}{985,371.21,1058.15}{986,371.52,1059.15}{987,371.82,1060.15}{988,372.12,1061.15}{989,372.41,1062.15}{990,372.71,1063.15}{991,373.01,1064.15}{992,373.31,1065.15}{993,373.61,1066.15}{994,373.91,1067.15}{995,374.21,1068.15}{996,374.51,1069.15}{997,374.8,1070.15}{998,375.1,1071.15}{999,375.4,1072.15}{1000,375.7,1073.15}{1001,376,1074.15}{1002,376.29,1075.15}{1003,376.59,1076.15}{1004,376.89,1077.15}{1005,377.19,1078.15}{1006,377.49,1079.15}{1007,377.79,1080.15}{1008,378.09,1081.15}{1009,378.39,1082.15}{1010,378.68,1083.15}{1011,378.98,1084.15}{1012,379.28,1085.15}{1013,379.57,1086.15}{1014,379.87,1087.15}{1015,380.17,1088.15}{1016,380.46,1089.15}{1017,380.76,1090.15}{1018,381.05,1091.15}{1019,381.35,1092.15}{1020,381.65,1093.15}{1021,381.94,1094.15}{1022,382.24,1095.15}{1023,382.53,1096.15}{1024,382.83,1097.15}{1025,383.12,1098.15}{1026,383.42,1099.15}{1027,383.71,1100.15}{1028,384.01,1101.15}{1029,384.3,1102.15}{1030,384.6,1103.15}{1031,384.89,1104.15}{1032,385.18,1105.15}{1033,385.48,1106.15}{1034,385.77,1107.15}{1035,386.07,1108.15}{1036,386.37,1109.15}{1037,386.66,1110.15}{1038,386.96,1111.15}{1039,387.25,1112.15}{1040,387.55,1113.15}{1041,387.84,1114.15}{1042,388.13,1115.15}{1043,388.42,1116.15}{1044,388.72,1117.15}{1045,389.01,1118.15}{1046,389.31,1119.15}{1047,389.61,1120.15}{1048,389.9,1121.15}{1049,390.19,1122.15}{1050,390.48,1123.15}&quot;"/>
                                                <instance name="dev02/Config/ch00007/Calibration_Sensor_Calibration_Date" order="0" value="2020-01-01"/>
                                                <instance name="dev01/Config/ch00012/RTDWireScheme" order="0" value="4"/>
                                                <instance name="dev01/Config/ch00002/Calibration_Sensor_Curve" order="0" value="&quot;{0,18.52,73.15}{1,18.96,74.15}{2,19.39,75.15}{3,19.82,76.15}{4,20.25,77.15}{5,20.68,78.15}{6,21.11,79.15}{7,21.54,80.15}{8,21.97,81.15}{9,22.4,82.15}{10,22.83,83.15}{11,23.26,84.15}{12,23.69,85.15}{13,24.12,86.15}{14,24.55,87.15}{15,24.97,88.15}{16,25.39,89.15}{17,25.82,90.15}{18,26.25,91.15}{19,26.67,92.15}{20,27.1,93.15}{21,27.52,94.15}{22,27.95,95.15}{23,28.37,96.15}{24,28.8,97.15}{25,29.22,98.15}{26,29.65,99.15}{27,30.07,100.15}{28,30.49,101.15}{29,30.92,102.15}{30,31.34,103.15}{31,31.76,104.15}{32,32.18,105.15}{33,32.61,106.15}{34,33.03,107.15}{35,33.45,108.15}{36,33.86,109.15}{37,34.28,110.15}{38,34.7,111.15}{39,35.12,112.15}{40,35.54,113.15}{41,35.96,114.15}{42,36.38,115.15}{43,36.8,116.15}{44,37.22,117.15}{45,37.63,118.15}{46,38.05,119.15}{47,38.47,120.15}{48,38.89,121.15}{49,39.31,122.15}{50,39.72,123.15}{51,40.14,124.15}{52,40.56,125.15}{53,40.97,126.15}{54,41.39,127.15}{55,41.8,128.15}{56,42.22,129.15}{57,42.64,130.15}{58,43.05,131.15}{59,43.46,132.15}{60,43.88,133.15}{61,44.29,134.15}{62,44.71,135.15}{63,45.12,136.15}{64,45.53,137.15}{65,45.95,138.15}{66,46.35,139.15}{67,46.76,140.15}{68,47.18,141.15}{69,47.59,142.15}{70,48,143.15}{71,48.41,144.15}{72,48.82,145.15}{73,49.23,146.15}{74,49.64,147.15}{75,50.06,148.15}{76,50.47,149.15}{77,50.88,150.15}{78,51.29,151.15}{79,51.7,152.15}{80,52.11,153.15}{81,52.52,154.15}{82,52.92,155.15}{83,53.33,156.15}{84,53.74,157.15}{85,54.15,158.15}{86,54.56,159.15}{87,54.97,160.15}{88,55.38,161.15}{89,55.78,162.15}{90,56.19,163.15}{91,56.6,164.15}{92,57,165.15}{93,57.41,166.15}{94,57.82,167.15}{95,58.22,168.15}{96,58.63,169.15}{97,59.04,170.15}{98,59.44,171.15}{99,59.85,172.15}{100,60.26,173.15}{101,60.67,174.15}{102,61.07,175.15}{103,61.48,176.15}{104,61.87,177.15}{105,62.29,178.15}{106,62.69,179.15}{107,63.1,180.15}{108,63.5,181.15}{109,63.91,182.15}{110,64.3,183.15}{111,64.7,184.15}{112,65.11,185.15}{113,65.51,186.15}{114,65.91,187.15}{115,66.31,188.15}{116,66.72,189.15}{117,67.12,190.15}{118,67.52,191.15}{119,67.92,192.15}{120,68.33,193.15}{121,68.73,194.15}{122,69.13,195.15}{123,69.53,196.15}{124,69.93,197.15}{125,70.33,198.15}{126,70.73,199.15}{127,71.13,200.15}{128,71.53,201.15}{129,71.93,202.15}{130,72.33,203.15}{131,72.73,204.15}{132,73.13,205.15}{133,73.53,206.15}{134,73.93,207.15}{135,74.33,208.15}{136,74.73,209.15}{137,75.13,210.15}{138,75.53,211.15}{139,75.93,212.15}{140,76.33,213.15}{141,76.73,214.15}{142,77.13,215.15}{143,77.52,216.15}{144,77.92,217.15}{145,78.32,218.15}{146,78.72,219.15}{147,79.11,220.15}{148,79.51,221.15}{149,79.91,222.15}{150,80.31,223.15}{151,80.7,224.15}{152,81.1,225.15}{153,81.5,226.15}{154,81.89,227.15}{155,82.29,228.15}{156,82.69,229.15}{157,83.08,230.15}{158,83.48,231.15}{159,83.88,232.15}{160,84.27,233.15}{161,84.67,234.15}{162,85.06,235.15}{163,85.46,236.15}{164,85.85,237.15}{165,86.25,238.15}{166,86.64,239.15}{167,87.04,240.15}{168,87.43,241.15}{169,87.83,242.15}{170,88.22,243.15}{171,88.62,244.15}{172,89.01,245.15}{173,89.4,246.15}{174,89.8,247.15}{175,90.19,248.15}{176,90.59,249.15}{177,90.98,250.15}{178,91.37,251.15}{179,91.77,252.15}{180,92.16,253.15}{181,92.55,254.15}{182,92.95,255.15}{183,93.34,256.15}{184,93.73,257.15}{185,94.12,258.15}{186,94.52,259.15}{187,94.91,260.15}{188,95.3,261.15}{189,95.69,262.15}{190,96.09,263.15}{191,96.48,264.15}{192,96.87,265.15}{193,97.26,266.15}{194,97.65,267.15}{195,98.04,268.15}{196,98.44,269.15}{197,98.83,270.15}{198,99.22,271.15}{199,99.61,272.15}{200,100,273.15}{201,100.39,274.15}{202,100.78,275.15}{203,101.17,276.15}{204,101.56,277.15}{205,101.95,278.15}{206,102.34,279.15}{207,102.73,280.15}{208,103.12,281.15}{209,103.51,282.15}{210,103.9,283.15}{211,104.29,284.15}{212,104.68,285.15}{213,105.07,286.15}{214,105.46,287.15}{215,105.85,288.15}{216,106.24,289.15}{217,106.63,290.15}{218,107.02,291.15}{219,107.4,292.15}{220,107.79,293.15}{221,108.18,294.15}{222,108.57,295.15}{223,108.96,296.15}{224,109.35,297.15}{225,109.73,298.15}{226,110.12,299.15}{227,110.51,300.15}{228,110.9,301.15}{229,111.28,302.15}{230,111.67,303.15}{231,112.06,304.15}{232,112.45,305.15}{233,112.83,306.15}{234,113.22,307.15}{235,113.61,308.15}{236,113.99,309.15}{237,114.38,310.15}{238,114.77,311.15}{239,115.15,312.15}{240,115.54,313.15}{241,115.93,314.15}{242,116.31,315.15}{243,116.7,316.15}{244,117.08,317.15}{245,117.47,318.15}{246,117.85,319.15}{247,118.24,320.15}{248,118.62,321.15}{249,119.01,322.15}{250,119.4,323.15}{251,119.78,324.15}{252,120.16,325.15}{253,120.55,326.15}{254,120.93,327.15}{255,121.32,328.15}{256,121.7,329.15}{257,122.09,330.15}{258,122.47,331.15}{259,122.86,332.15}{260,123.24,333.15}{261,123.62,334.15}{262,124.01,335.15}{263,124.39,336.15}{264,124.77,337.15}{265,125.17,338.15}{266,125.55,339.15}{267,125.93,340.15}{268,126.32,341.15}{269,126.7,342.15}{270,127.08,343.15}{271,127.46,344.15}{272,127.85,345.15}{273,128.23,346.15}{274,128.61,347.15}{275,128.99,348.15}{276,129.38,349.15}{277,129.76,350.15}{278,130.14,351.15}{279,130.52,352.15}{280,130.9,353.15}{281,131.28,354.15}{282,131.67,355.15}{283,132.05,356.15}{284,132.43,357.15}{285,132.81,358.15}{286,133.19,359.15}{287,133.57,360.15}{288,133.95,361.15}{289,134.33,362.15}{290,134.71,363.15}{291,135.09,364.15}{292,135.47,365.15}{293,135.85,366.15}{294,136.23,367.15}{295,136.61,368.15}{296,136.99,369.15}{297,137.37,370.15}{298,137.75,371.15}{299,138.13,372.15}{300,138.51,373.15}{301,138.89,374.15}{302,139.27,375.15}{303,139.65,376.15}{304,140.03,377.15}{305,140.39,378.15}{306,140.77,379.15}{307,141.15,380.15}{308,141.53,381.15}{309,141.91,382.15}{310,142.29,383.15}{311,142.66,384.15}{312,143.04,385.15}{313,143.42,386.15}{314,143.8,387.15}{315,144.18,388.15}{316,144.56,389.15}{317,144.94,390.15}{318,145.32,391.15}{319,145.69,392.15}{320,146.07,393.15}{321,146.45,394.15}{322,146.82,395.15}{323,147.2,396.15}{324,147.58,397.15}{325,147.95,398.15}{326,148.33,399.15}{327,148.71,400.15}{328,149.08,401.15}{329,149.46,402.15}{330,149.83,403.15}{331,150.21,404.15}{332,150.58,405.15}{333,150.96,406.15}{334,151.34,407.15}{335,151.71,408.15}{336,152.09,409.15}{337,152.46,410.15}{338,152.84,411.15}{339,153.21,412.15}{340,153.58,413.15}{341,153.95,414.15}{342,154.32,415.15}{343,154.71,416.15}{344,155.08,417.15}{345,155.46,418.15}{346,155.83,419.15}{347,156.21,420.15}{348,156.58,421.15}{349,156.96,422.15}{350,157.33,423.15}{351,157.71,424.15}{352,158.08,425.15}{353,158.45,426.15}{354,158.83,427.15}{355,159.2,428.15}{356,159.56,429.15}{357,159.94,430.15}{358,160.31,431.15}{359,160.68,432.15}{360,161.05,433.15}{361,161.43,434.15}{362,161.8,435.15}{363,162.17,436.15}{364,162.54,437.15}{365,162.91,438.15}{366,163.28,439.15}{367,163.66,440.15}{368,164.03,441.15}{369,164.4,442.15}{370,164.77,443.15}{371,165.14,444.15}{372,165.51,445.15}{373,165.88,446.15}{374,166.25,447.15}{375,166.62,448.15}{376,167,449.15}{377,167.37,450.15}{378,167.74,451.15}{379,168.11,452.15}{380,168.48,453.15}{381,168.85,454.15}{382,169.22,455.15}{383,169.59,456.15}{384,169.96,457.15}{385,170.33,458.15}{386,170.69,459.15}{387,171.06,460.15}{388,171.43,461.15}{389,171.8,462.15}{390,172.17,463.15}{391,172.54,464.15}{392,172.91,465.15}{393,173.27,466.15}{394,173.64,467.15}{395,174.01,468.15}{396,174.39,469.15}{397,174.75,470.15}{398,175.12,471.15}{399,175.49,472.15}{400,175.86,473.15}{401,176.23,474.15}{402,176.59,475.15}{403,176.96,476.15}{404,177.33,477.15}{405,177.7,478.15}{406,178.06,479.15}{407,178.43,480.15}{408,178.8,481.15}{409,179.16,482.15}{410,179.53,483.15}{411,179.9,484.15}{412,180.26,485.15}{413,180.63,486.15}{414,180.99,487.15}{415,181.36,488.15}{416,181.73,489.15}{417,182.09,490.15}{418,182.46,491.15}{419,182.82,492.15}{420,183.19,493.15}{421,183.55,494.15}{422,183.92,495.15}{423,184.28,496.15}{424,184.65,497.15}{425,185.01,498.15}{426,185.38,499.15}{427,185.74,500.15}{428,186.11,501.15}{429,186.47,502.15}{430,186.84,503.15}{431,187.2,504.15}{432,187.56,505.15}{433,187.93,506.15}{434,188.29,507.15}{435,188.65,508.15}{436,189.02,509.15}{437,189.38,510.15}{438,189.74,511.15}{439,190.11,512.15}{440,190.47,513.15}{441,190.83,514.15}{442,191.2,515.15}{443,191.56,516.15}{444,191.92,517.15}{445,192.28,518.15}{446,192.66,519.15}{447,193.02,520.15}{448,193.38,521.15}{449,193.74,522.15}{450,194.1,523.15}{451,194.47,524.15}{452,194.83,525.15}{453,195.19,526.15}{454,195.55,527.15}{455,195.9,528.15}{456,196.26,529.15}{457,196.62,530.15}{458,196.98,531.15}{459,197.35,532.15}{460,197.71,533.15}{461,198.07,534.15}{462,198.43,535.15}{463,198.79,536.15}{464,199.15,537.15}{465,199.51,538.15}{466,199.87,539.15}{467,200.23,540.15}{468,200.59,541.15}{469,200.95,542.15}{470,201.31,543.15}{471,201.67,544.15}{472,202.03,545.15}{473,202.38,546.15}{474,202.74,547.15}{475,203.1,548.15}{476,203.46,549.15}{477,203.82,550.15}{478,204.18,551.15}{479,204.54,552.15}{480,204.9,553.15}{481,205.25,554.15}{482,205.61,555.15}{483,205.97,556.15}{484,206.33,557.15}{485,206.7,558.15}{486,207.05,559.15}{487,207.41,560.15}{488,207.77,561.15}{489,208.13,562.15}{490,208.48,563.15}{491,208.84,564.15}{492,209.2,565.15}{493,209.55,566.15}{494,209.91,567.15}{495,210.27,568.15}{496,210.62,569.15}{497,210.98,570.15}{498,211.34,571.15}{499,211.69,572.15}{500,212.05,573.15}{501,212.4,574.15}{502,212.76,575.15}{503,213.12,576.15}{504,213.47,577.15}{505,213.83,578.15}{506,214.19,579.15}{507,214.55,580.15}{508,214.9,581.15}{509,215.26,582.15}{510,215.61,583.15}{511,215.97,584.15}{512,216.32,585.15}{513,216.68,586.15}{514,217.03,587.15}{515,217.39,588.15}{516,217.73,589.15}{517,218.08,590.15}{518,218.44,591.15}{519,218.79,592.15}{520,219.15,593.15}{521,219.5,594.15}{522,219.85,595.15}{523,220.21,596.15}{524,220.56,597.15}{525,220.91,598.15}{526,221.27,599.15}{527,221.62,600.15}{528,221.97,601.15}{529,222.32,602.15}{530,222.68,603.15}{531,223.03,604.15}{532,223.38,605.15}{533,223.73,606.15}{534,224.09,607.15}{535,224.45,608.15}{536,224.8,609.15}{537,225.15,610.15}{538,225.5,611.15}{539,225.85,612.15}{540,226.21,613.15}{541,226.56,614.15}{542,226.91,615.15}{543,227.26,616.15}{544,227.61,617.15}{545,227.96,618.15}{546,228.31,619.15}{547,228.66,620.15}{548,229.01,621.15}{549,229.36,622.15}{550,229.72,623.15}{551,230.07,624.15}{552,230.42,625.15}{553,230.77,626.15}{554,231.12,627.15}{555,231.47,628.15}{556,231.81,629.15}{557,232.16,630.15}{558,232.51,631.15}{559,232.86,632.15}{560,233.21,633.15}{561,233.56,634.15}{562,233.91,635.15}{563,234.26,636.15}{564,234.6,637.15}{565,234.95,638.15}{566,235.3,639.15}{567,235.65,640.15}{568,236,641.15}{569,236.35,642.15}{570,236.7,643.15}{571,237.05,644.15}{572,237.4,645.15}{573,237.75,646.15}{574,238.09,647.15}{575,238.44,648.15}{576,238.79,649.15}{577,239.14,650.15}{578,239.48,651.15}{579,239.83,652.15}{580,240.18,653.15}{581,240.52,654.15}{582,240.87,655.15}{583,241.22,656.15}{584,241.56,657.15}{585,241.91,658.15}{586,242.25,659.15}{587,242.6,660.15}{588,242.95,661.15}{589,243.29,662.15}{590,243.64,663.15}{591,243.98,664.15}{592,244.33,665.15}{593,244.67,666.15}{594,245.02,667.15}{595,245.36,668.15}{596,245.71,669.15}{597,246.05,670.15}{598,246.4,671.15}{599,246.74,672.15}{600,247.09,673.15}{601,247.43,674.15}{602,247.78,675.15}{603,248.12,676.15}{604,248.46,677.15}{605,248.81,678.15}{606,249.15,679.15}{607,249.5,680.15}{608,249.84,681.15}{609,250.18,682.15}{610,250.53,683.15}{611,250.89,684.15}{612,251.21,685.15}{613,251.55,686.15}{614,251.9,687.15}{615,252.24,688.15}{616,252.59,689.15}{617,252.94,690.15}{618,253.28,691.15}{619,253.62,692.15}{620,253.96,693.15}{621,254.3,694.15}{622,254.65,695.15}{623,254.99,696.15}{624,255.33,697.15}{625,255.67,698.15}{626,256.01,699.15}{627,256.35,700.15}{628,256.7,701.15}{629,257.04,702.15}{630,257.38,703.15}{631,257.72,704.15}{632,258.06,705.15}{633,258.4,706.15}{634,258.74,707.15}{635,259.08,708.15}{636,259.42,709.15}{637,259.76,710.15}{638,260.1,711.15}{639,260.44,712.15}{640,260.78,713.15}{641,261.12,714.15}{642,261.46,715.15}{643,261.8,716.15}{644,262.14,717.15}{645,262.48,718.15}{646,262.83,719.15}{647,263.17,720.15}{648,263.5,721.15}{649,263.84,722.15}{650,264.18,723.15}{651,264.52,724.15}{652,264.86,725.15}{653,265.2,726.15}{654,265.54,727.15}{655,265.87,728.15}{656,266.21,729.15}{657,266.55,730.15}{658,266.89,731.15}{659,267.22,732.15}{660,267.56,733.15}{661,267.9,734.15}{662,268.24,735.15}{663,268.57,736.15}{664,268.91,737.15}{665,269.25,738.15}{666,269.58,739.15}{667,269.92,740.15}{668,270.26,741.15}{669,270.59,742.15}{670,270.93,743.15}{671,271.27,744.15}{672,271.6,745.15}{673,271.94,746.15}{674,272.27,747.15}{675,272.61,748.15}{676,272.95,749.15}{677,273.28,750.15}{678,273.62,751.15}{679,273.95,752.15}{680,274.29,753.15}{681,274.62,754.15}{682,274.96,755.15}{683,275.29,756.15}{684,275.63,757.15}{685,275.96,758.15}{686,276.31,759.15}{687,276.64,760.15}{688,276.97,761.15}{689,277.31,762.15}{690,277.64,763.15}{691,277.98,764.15}{692,278.31,765.15}{693,278.64,766.15}{694,278.98,767.15}{695,279.31,768.15}{696,279.64,769.15}{697,279.98,770.15}{698,280.31,771.15}{699,280.64,772.15}{700,280.98,773.15}{701,281.31,774.15}{702,281.64,775.15}{703,281.97,776.15}{704,282.31,777.15}{705,282.64,778.15}{706,282.97,779.15}{707,283.3,780.15}{708,283.63,781.15}{709,283.97,782.15}{710,284.3,783.15}{711,284.63,784.15}{712,284.96,785.15}{713,285.29,786.15}{714,285.62,787.15}{715,285.95,788.15}{716,286.3,789.15}{717,286.63,790.15}{718,286.96,791.15}{719,287.29,792.15}{720,287.62,793.15}{721,287.95,794.15}{722,288.28,795.15}{723,288.61,796.15}{724,288.94,797.15}{725,289.27,798.15}{726,289.6,799.15}{727,289.93,800.15}{728,290.26,801.15}{729,290.59,802.15}{730,290.92,803.15}{731,291.25,804.15}{732,291.58,805.15}{733,291.9,806.15}{734,292.23,807.15}{735,292.56,808.15}{736,292.9,809.15}{737,293.23,810.15}{738,293.56,811.15}{739,293.89,812.15}{740,294.21,813.15}{741,294.54,814.15}{742,294.87,815.15}{743,295.2,816.15}{744,295.53,817.15}{745,295.85,818.15}{746,296.18,819.15}{747,296.51,820.15}{748,296.84,821.15}{749,297.16,822.15}{750,297.49,823.15}{751,297.82,824.15}{752,298.14,825.15}{753,298.47,826.15}{754,298.8,827.15}{755,299.12,828.15}{756,299.45,829.15}{757,299.78,830.15}{758,300.1,831.15}{759,300.43,832.15}{760,300.75,833.15}{761,301.08,834.15}{762,301.41,835.15}{763,301.73,836.15}{764,302.06,837.15}{765,302.38,838.15}{766,302.71,839.15}{767,303.03,840.15}{768,303.36,841.15}{769,303.68,842.15}{770,304.01,843.15}{771,304.33,844.15}{772,304.66,845.15}{773,304.98,846.15}{774,305.3,847.15}{775,305.63,848.15}{776,305.95,849.15}{777,306.28,850.15}{778,306.6,851.15}{779,306.92,852.15}{780,307.25,853.15}{781,307.57,854.15}{782,307.89,855.15}{783,308.22,856.15}{784,308.54,857.15}{785,308.86,858.15}{786,309.19,859.15}{787,309.51,860.15}{788,309.83,861.15}{789,310.15,862.15}{790,310.48,863.15}{791,310.8,864.15}{792,311.12,865.15}{793,311.45,866.15}{794,311.78,867.15}{795,312.1,868.15}{796,312.43,869.15}{797,312.75,870.15}{798,313.07,871.15}{799,313.39,872.15}{800,313.71,873.15}{801,314.04,874.15}{802,314.36,875.15}{803,314.68,876.15}{804,315,877.15}{805,315.32,878.15}{806,315.64,879.15}{807,315.96,880.15}{808,316.28,881.15}{809,316.6,882.15}{810,316.92,883.15}{811,317.24,884.15}{812,317.56,885.15}{813,317.88,886.15}{814,318.2,887.15}{815,318.52,888.15}{816,318.85,889.15}{817,319.17,890.15}{818,319.49,891.15}{819,319.81,892.15}{820,320.12,893.15}{821,320.44,894.15}{822,320.76,895.15}{823,321.08,896.15}{824,321.4,897.15}{825,321.72,898.15}{826,322.03,899.15}{827,322.34,900.15}{828,322.66,901.15}{829,322.98,902.15}{830,323.3,903.15}{831,323.61,904.15}{832,323.93,905.15}{833,324.25,906.15}{834,324.57,907.15}{835,324.88,908.15}{836,325.21,909.15}{837,325.53,910.15}{838,325.85,911.15}{839,326.16,912.15}{840,326.48,913.15}{841,326.79,914.15}{842,327.11,915.15}{843,327.43,916.15}{844,327.74,917.15}{845,328.06,918.15}{846,328.38,919.15}{847,328.69,920.15}{848,329.01,921.15}{849,329.32,922.15}{850,329.64,923.15}{851,329.95,924.15}{852,330.27,925.15}{853,330.58,926.15}{854,330.9,927.15}{855,331.21,928.15}{856,331.53,929.15}{857,331.84,930.15}{858,332.16,931.15}{859,332.47,932.15}{860,332.79,933.15}{861,333.1,934.15}{862,333.41,935.15}{863,333.73,936.15}{864,334.04,937.15}{865,334.36,938.15}{866,334.68,939.15}{867,334.99,940.15}{868,335.31,941.15}{869,335.62,942.15}{870,335.93,943.15}{871,336.25,944.15}{872,336.56,945.15}{873,336.87,946.15}{874,337.18,947.15}{875,337.5,948.15}{876,337.81,949.15}{877,338.12,950.15}{878,338.43,951.15}{879,338.75,952.15}{880,339.06,953.15}{881,339.37,954.15}{882,339.68,955.15}{883,339.99,956.15}{884,340.3,957.15}{885,340.62,958.15}{886,340.94,959.15}{887,341.25,960.15}{888,341.55,961.15}{889,341.87,962.15}{890,342.18,963.15}{891,342.49,964.15}{892,342.8,965.15}{893,343.11,966.15}{894,343.42,967.15}{895,343.73,968.15}{896,344.04,969.15}{897,344.35,970.15}{898,344.66,971.15}{899,344.97,972.15}{900,345.28,973.15}{901,345.59,974.15}{902,345.9,975.15}{903,346.21,976.15}{904,346.52,977.15}{905,346.83,978.15}{906,347.15,979.15}{907,347.46,980.15}{908,347.76,981.15}{909,348.07,982.15}{910,348.38,983.15}{911,348.69,984.15}{912,349,985.15}{913,349.31,986.15}{914,349.61,987.15}{915,349.92,988.15}{916,350.23,989.15}{917,350.54,990.15}{918,350.85,991.15}{919,351.15,992.15}{920,351.46,993.15}{921,351.77,994.15}{922,352.07,995.15}{923,352.38,996.15}{924,352.69,997.15}{925,352.99,998.15}{926,353.3,999.15}{927,353.61,1000.15}{928,353.91,1001.15}{929,354.22,1002.15}{930,354.53,1003.15}{931,354.83,1004.15}{932,355.14,1005.15}{933,355.44,1006.15}{934,355.75,1007.15}{935,356.06,1008.15}{936,356.37,1009.15}{937,356.68,1010.15}{938,356.98,1011.15}{939,357.29,1012.15}{940,357.59,1013.15}{941,357.9,1014.15}{942,358.2,1015.15}{943,358.51,1016.15}{944,358.81,1017.15}{945,359.12,1018.15}{946,359.42,1019.15}{947,359.72,1020.15}{948,360.03,1021.15}{949,360.33,1022.15}{950,360.64,1023.15}{951,360.94,1024.15}{952,361.24,1025.15}{953,361.55,1026.15}{954,361.85,1027.15}{955,362.15,1028.15}{956,362.46,1029.15}{957,362.76,1030.15}{958,363.06,1031.15}{959,363.36,1032.15}{960,363.67,1033.15}{961,363.97,1034.15}{962,364.27,1035.15}{963,364.57,1036.15}{964,364.88,1037.15}{965,365.18,1038.15}{966,365.49,1039.15}{967,365.79,1040.15}{968,366.09,1041.15}{969,366.4,1042.15}{970,366.7,1043.15}{971,367,1044.15}{972,367.3,1045.15}{973,367.6,1046.15}{974,367.9,1047.15}{975,368.2,1048.15}{976,368.5,1049.15}{977,368.81,1050.15}{978,369.11,1051.15}{979,369.41,1052.15}{980,369.71,1053.15}{981,370.01,1054.15}{982,370.31,1055.15}{983,370.61,1056.15}{984,370.91,1057.15}{985,371.21,1058.15}{986,371.52,1059.15}{987,371.82,1060.15}{988,372.12,1061.15}{989,372.41,1062.15}{990,372.71,1063.15}{991,373.01,1064.15}{992,373.31,1065.15}{993,373.61,1066.15}{994,373.91,1067.15}{995,374.21,1068.15}{996,374.51,1069.15}{997,374.8,1070.15}{998,375.1,1071.15}{999,375.4,1072.15}{1000,375.7,1073.15}{1001,376,1074.15}{1002,376.29,1075.15}{1003,376.59,1076.15}{1004,376.89,1077.15}{1005,377.19,1078.15}{1006,377.49,1079.15}{1007,377.79,1080.15}{1008,378.09,1081.15}{1009,378.39,1082.15}{1010,378.68,1083.15}{1011,378.98,1084.15}{1012,379.28,1085.15}{1013,379.57,1086.15}{1014,379.87,1087.15}{1015,380.17,1088.15}{1016,380.46,1089.15}{1017,380.76,1090.15}{1018,381.05,1091.15}{1019,381.35,1092.15}{1020,381.65,1093.15}{1021,381.94,1094.15}{1022,382.24,1095.15}{1023,382.53,1096.15}{1024,382.83,1097.15}{1025,383.12,1098.15}{1026,383.42,1099.15}{1027,383.71,1100.15}{1028,384.01,1101.15}{1029,384.3,1102.15}{1030,384.6,1103.15}{1031,384.89,1104.15}{1032,385.18,1105.15}{1033,385.48,1106.15}{1034,385.77,1107.15}{1035,386.07,1108.15}{1036,386.37,1109.15}{1037,386.66,1110.15}{1038,386.96,1111.15}{1039,387.25,1112.15}{1040,387.55,1113.15}{1041,387.84,1114.15}{1042,388.13,1115.15}{1043,388.42,1116.15}{1044,388.72,1117.15}{1045,389.01,1118.15}{1046,389.31,1119.15}{1047,389.61,1120.15}{1048,389.9,1121.15}{1049,390.19,1122.15}{1050,390.48,1123.15}&quot;"/>
                                                <instance name="dev02/Config/ch00001/RTDWireScheme" order="0" value="4"/>
                                                <instance name="dev02/Config/ch00002/RTDWireScheme" order="0" value="4"/>
                                                <instance name="dev02/Config/ch00001/Calibration_Sensor_Curve" order="0" value="&quot;{0,18.52,73.15}{1,18.96,74.15}{2,19.39,75.15}{3,19.82,76.15}{4,20.25,77.15}{5,20.68,78.15}{6,21.11,79.15}{7,21.54,80.15}{8,21.97,81.15}{9,22.4,82.15}{10,22.83,83.15}{11,23.26,84.15}{12,23.69,85.15}{13,24.12,86.15}{14,24.55,87.15}{15,24.97,88.15}{16,25.39,89.15}{17,25.82,90.15}{18,26.25,91.15}{19,26.67,92.15}{20,27.1,93.15}{21,27.52,94.15}{22,27.95,95.15}{23,28.37,96.15}{24,28.8,97.15}{25,29.22,98.15}{26,29.65,99.15}{27,30.07,100.15}{28,30.49,101.15}{29,30.92,102.15}{30,31.34,103.15}{31,31.76,104.15}{32,32.18,105.15}{33,32.61,106.15}{34,33.03,107.15}{35,33.45,108.15}{36,33.86,109.15}{37,34.28,110.15}{38,34.7,111.15}{39,35.12,112.15}{40,35.54,113.15}{41,35.96,114.15}{42,36.38,115.15}{43,36.8,116.15}{44,37.22,117.15}{45,37.63,118.15}{46,38.05,119.15}{47,38.47,120.15}{48,38.89,121.15}{49,39.31,122.15}{50,39.72,123.15}{51,40.14,124.15}{52,40.56,125.15}{53,40.97,126.15}{54,41.39,127.15}{55,41.8,128.15}{56,42.22,129.15}{57,42.64,130.15}{58,43.05,131.15}{59,43.46,132.15}{60,43.88,133.15}{61,44.29,134.15}{62,44.71,135.15}{63,45.12,136.15}{64,45.53,137.15}{65,45.95,138.15}{66,46.35,139.15}{67,46.76,140.15}{68,47.18,141.15}{69,47.59,142.15}{70,48,143.15}{71,48.41,144.15}{72,48.82,145.15}{73,49.23,146.15}{74,49.64,147.15}{75,50.06,148.15}{76,50.47,149.15}{77,50.88,150.15}{78,51.29,151.15}{79,51.7,152.15}{80,52.11,153.15}{81,52.52,154.15}{82,52.92,155.15}{83,53.33,156.15}{84,53.74,157.15}{85,54.15,158.15}{86,54.56,159.15}{87,54.97,160.15}{88,55.38,161.15}{89,55.78,162.15}{90,56.19,163.15}{91,56.6,164.15}{92,57,165.15}{93,57.41,166.15}{94,57.82,167.15}{95,58.22,168.15}{96,58.63,169.15}{97,59.04,170.15}{98,59.44,171.15}{99,59.85,172.15}{100,60.26,173.15}{101,60.67,174.15}{102,61.07,175.15}{103,61.48,176.15}{104,61.87,177.15}{105,62.29,178.15}{106,62.69,179.15}{107,63.1,180.15}{108,63.5,181.15}{109,63.91,182.15}{110,64.3,183.15}{111,64.7,184.15}{112,65.11,185.15}{113,65.51,186.15}{114,65.91,187.15}{115,66.31,188.15}{116,66.72,189.15}{117,67.12,190.15}{118,67.52,191.15}{119,67.92,192.15}{120,68.33,193.15}{121,68.73,194.15}{122,69.13,195.15}{123,69.53,196.15}{124,69.93,197.15}{125,70.33,198.15}{126,70.73,199.15}{127,71.13,200.15}{128,71.53,201.15}{129,71.93,202.15}{130,72.33,203.15}{131,72.73,204.15}{132,73.13,205.15}{133,73.53,206.15}{134,73.93,207.15}{135,74.33,208.15}{136,74.73,209.15}{137,75.13,210.15}{138,75.53,211.15}{139,75.93,212.15}{140,76.33,213.15}{141,76.73,214.15}{142,77.13,215.15}{143,77.52,216.15}{144,77.92,217.15}{145,78.32,218.15}{146,78.72,219.15}{147,79.11,220.15}{148,79.51,221.15}{149,79.91,222.15}{150,80.31,223.15}{151,80.7,224.15}{152,81.1,225.15}{153,81.5,226.15}{154,81.89,227.15}{155,82.29,228.15}{156,82.69,229.15}{157,83.08,230.15}{158,83.48,231.15}{159,83.88,232.15}{160,84.27,233.15}{161,84.67,234.15}{162,85.06,235.15}{163,85.46,236.15}{164,85.85,237.15}{165,86.25,238.15}{166,86.64,239.15}{167,87.04,240.15}{168,87.43,241.15}{169,87.83,242.15}{170,88.22,243.15}{171,88.62,244.15}{172,89.01,245.15}{173,89.4,246.15}{174,89.8,247.15}{175,90.19,248.15}{176,90.59,249.15}{177,90.98,250.15}{178,91.37,251.15}{179,91.77,252.15}{180,92.16,253.15}{181,92.55,254.15}{182,92.95,255.15}{183,93.34,256.15}{184,93.73,257.15}{185,94.12,258.15}{186,94.52,259.15}{187,94.91,260.15}{188,95.3,261.15}{189,95.69,262.15}{190,96.09,263.15}{191,96.48,264.15}{192,96.87,265.15}{193,97.26,266.15}{194,97.65,267.15}{195,98.04,268.15}{196,98.44,269.15}{197,98.83,270.15}{198,99.22,271.15}{199,99.61,272.15}{200,100,273.15}{201,100.39,274.15}{202,100.78,275.15}{203,101.17,276.15}{204,101.56,277.15}{205,101.95,278.15}{206,102.34,279.15}{207,102.73,280.15}{208,103.12,281.15}{209,103.51,282.15}{210,103.9,283.15}{211,104.29,284.15}{212,104.68,285.15}{213,105.07,286.15}{214,105.46,287.15}{215,105.85,288.15}{216,106.24,289.15}{217,106.63,290.15}{218,107.02,291.15}{219,107.4,292.15}{220,107.79,293.15}{221,108.18,294.15}{222,108.57,295.15}{223,108.96,296.15}{224,109.35,297.15}{225,109.73,298.15}{226,110.12,299.15}{227,110.51,300.15}{228,110.9,301.15}{229,111.28,302.15}{230,111.67,303.15}{231,112.06,304.15}{232,112.45,305.15}{233,112.83,306.15}{234,113.22,307.15}{235,113.61,308.15}{236,113.99,309.15}{237,114.38,310.15}{238,114.77,311.15}{239,115.15,312.15}{240,115.54,313.15}{241,115.93,314.15}{242,116.31,315.15}{243,116.7,316.15}{244,117.08,317.15}{245,117.47,318.15}{246,117.85,319.15}{247,118.24,320.15}{248,118.62,321.15}{249,119.01,322.15}{250,119.4,323.15}{251,119.78,324.15}{252,120.16,325.15}{253,120.55,326.15}{254,120.93,327.15}{255,121.32,328.15}{256,121.7,329.15}{257,122.09,330.15}{258,122.47,331.15}{259,122.86,332.15}{260,123.24,333.15}{261,123.62,334.15}{262,124.01,335.15}{263,124.39,336.15}{264,124.77,337.15}{265,125.17,338.15}{266,125.55,339.15}{267,125.93,340.15}{268,126.32,341.15}{269,126.7,342.15}{270,127.08,343.15}{271,127.46,344.15}{272,127.85,345.15}{273,128.23,346.15}{274,128.61,347.15}{275,128.99,348.15}{276,129.38,349.15}{277,129.76,350.15}{278,130.14,351.15}{279,130.52,352.15}{280,130.9,353.15}{281,131.28,354.15}{282,131.67,355.15}{283,132.05,356.15}{284,132.43,357.15}{285,132.81,358.15}{286,133.19,359.15}{287,133.57,360.15}{288,133.95,361.15}{289,134.33,362.15}{290,134.71,363.15}{291,135.09,364.15}{292,135.47,365.15}{293,135.85,366.15}{294,136.23,367.15}{295,136.61,368.15}{296,136.99,369.15}{297,137.37,370.15}{298,137.75,371.15}{299,138.13,372.15}{300,138.51,373.15}{301,138.89,374.15}{302,139.27,375.15}{303,139.65,376.15}{304,140.03,377.15}{305,140.39,378.15}{306,140.77,379.15}{307,141.15,380.15}{308,141.53,381.15}{309,141.91,382.15}{310,142.29,383.15}{311,142.66,384.15}{312,143.04,385.15}{313,143.42,386.15}{314,143.8,387.15}{315,144.18,388.15}{316,144.56,389.15}{317,144.94,390.15}{318,145.32,391.15}{319,145.69,392.15}{320,146.07,393.15}{321,146.45,394.15}{322,146.82,395.15}{323,147.2,396.15}{324,147.58,397.15}{325,147.95,398.15}{326,148.33,399.15}{327,148.71,400.15}{328,149.08,401.15}{329,149.46,402.15}{330,149.83,403.15}{331,150.21,404.15}{332,150.58,405.15}{333,150.96,406.15}{334,151.34,407.15}{335,151.71,408.15}{336,152.09,409.15}{337,152.46,410.15}{338,152.84,411.15}{339,153.21,412.15}{340,153.58,413.15}{341,153.95,414.15}{342,154.32,415.15}{343,154.71,416.15}{344,155.08,417.15}{345,155.46,418.15}{346,155.83,419.15}{347,156.21,420.15}{348,156.58,421.15}{349,156.96,422.15}{350,157.33,423.15}{351,157.71,424.15}{352,158.08,425.15}{353,158.45,426.15}{354,158.83,427.15}{355,159.2,428.15}{356,159.56,429.15}{357,159.94,430.15}{358,160.31,431.15}{359,160.68,432.15}{360,161.05,433.15}{361,161.43,434.15}{362,161.8,435.15}{363,162.17,436.15}{364,162.54,437.15}{365,162.91,438.15}{366,163.28,439.15}{367,163.66,440.15}{368,164.03,441.15}{369,164.4,442.15}{370,164.77,443.15}{371,165.14,444.15}{372,165.51,445.15}{373,165.88,446.15}{374,166.25,447.15}{375,166.62,448.15}{376,167,449.15}{377,167.37,450.15}{378,167.74,451.15}{379,168.11,452.15}{380,168.48,453.15}{381,168.85,454.15}{382,169.22,455.15}{383,169.59,456.15}{384,169.96,457.15}{385,170.33,458.15}{386,170.69,459.15}{387,171.06,460.15}{388,171.43,461.15}{389,171.8,462.15}{390,172.17,463.15}{391,172.54,464.15}{392,172.91,465.15}{393,173.27,466.15}{394,173.64,467.15}{395,174.01,468.15}{396,174.39,469.15}{397,174.75,470.15}{398,175.12,471.15}{399,175.49,472.15}{400,175.86,473.15}{401,176.23,474.15}{402,176.59,475.15}{403,176.96,476.15}{404,177.33,477.15}{405,177.7,478.15}{406,178.06,479.15}{407,178.43,480.15}{408,178.8,481.15}{409,179.16,482.15}{410,179.53,483.15}{411,179.9,484.15}{412,180.26,485.15}{413,180.63,486.15}{414,180.99,487.15}{415,181.36,488.15}{416,181.73,489.15}{417,182.09,490.15}{418,182.46,491.15}{419,182.82,492.15}{420,183.19,493.15}{421,183.55,494.15}{422,183.92,495.15}{423,184.28,496.15}{424,184.65,497.15}{425,185.01,498.15}{426,185.38,499.15}{427,185.74,500.15}{428,186.11,501.15}{429,186.47,502.15}{430,186.84,503.15}{431,187.2,504.15}{432,187.56,505.15}{433,187.93,506.15}{434,188.29,507.15}{435,188.65,508.15}{436,189.02,509.15}{437,189.38,510.15}{438,189.74,511.15}{439,190.11,512.15}{440,190.47,513.15}{441,190.83,514.15}{442,191.2,515.15}{443,191.56,516.15}{444,191.92,517.15}{445,192.28,518.15}{446,192.66,519.15}{447,193.02,520.15}{448,193.38,521.15}{449,193.74,522.15}{450,194.1,523.15}{451,194.47,524.15}{452,194.83,525.15}{453,195.19,526.15}{454,195.55,527.15}{455,195.9,528.15}{456,196.26,529.15}{457,196.62,530.15}{458,196.98,531.15}{459,197.35,532.15}{460,197.71,533.15}{461,198.07,534.15}{462,198.43,535.15}{463,198.79,536.15}{464,199.15,537.15}{465,199.51,538.15}{466,199.87,539.15}{467,200.23,540.15}{468,200.59,541.15}{469,200.95,542.15}{470,201.31,543.15}{471,201.67,544.15}{472,202.03,545.15}{473,202.38,546.15}{474,202.74,547.15}{475,203.1,548.15}{476,203.46,549.15}{477,203.82,550.15}{478,204.18,551.15}{479,204.54,552.15}{480,204.9,553.15}{481,205.25,554.15}{482,205.61,555.15}{483,205.97,556.15}{484,206.33,557.15}{485,206.7,558.15}{486,207.05,559.15}{487,207.41,560.15}{488,207.77,561.15}{489,208.13,562.15}{490,208.48,563.15}{491,208.84,564.15}{492,209.2,565.15}{493,209.55,566.15}{494,209.91,567.15}{495,210.27,568.15}{496,210.62,569.15}{497,210.98,570.15}{498,211.34,571.15}{499,211.69,572.15}{500,212.05,573.15}{501,212.4,574.15}{502,212.76,575.15}{503,213.12,576.15}{504,213.47,577.15}{505,213.83,578.15}{506,214.19,579.15}{507,214.55,580.15}{508,214.9,581.15}{509,215.26,582.15}{510,215.61,583.15}{511,215.97,584.15}{512,216.32,585.15}{513,216.68,586.15}{514,217.03,587.15}{515,217.39,588.15}{516,217.73,589.15}{517,218.08,590.15}{518,218.44,591.15}{519,218.79,592.15}{520,219.15,593.15}{521,219.5,594.15}{522,219.85,595.15}{523,220.21,596.15}{524,220.56,597.15}{525,220.91,598.15}{526,221.27,599.15}{527,221.62,600.15}{528,221.97,601.15}{529,222.32,602.15}{530,222.68,603.15}{531,223.03,604.15}{532,223.38,605.15}{533,223.73,606.15}{534,224.09,607.15}{535,224.45,608.15}{536,224.8,609.15}{537,225.15,610.15}{538,225.5,611.15}{539,225.85,612.15}{540,226.21,613.15}{541,226.56,614.15}{542,226.91,615.15}{543,227.26,616.15}{544,227.61,617.15}{545,227.96,618.15}{546,228.31,619.15}{547,228.66,620.15}{548,229.01,621.15}{549,229.36,622.15}{550,229.72,623.15}{551,230.07,624.15}{552,230.42,625.15}{553,230.77,626.15}{554,231.12,627.15}{555,231.47,628.15}{556,231.81,629.15}{557,232.16,630.15}{558,232.51,631.15}{559,232.86,632.15}{560,233.21,633.15}{561,233.56,634.15}{562,233.91,635.15}{563,234.26,636.15}{564,234.6,637.15}{565,234.95,638.15}{566,235.3,639.15}{567,235.65,640.15}{568,236,641.15}{569,236.35,642.15}{570,236.7,643.15}{571,237.05,644.15}{572,237.4,645.15}{573,237.75,646.15}{574,238.09,647.15}{575,238.44,648.15}{576,238.79,649.15}{577,239.14,650.15}{578,239.48,651.15}{579,239.83,652.15}{580,240.18,653.15}{581,240.52,654.15}{582,240.87,655.15}{583,241.22,656.15}{584,241.56,657.15}{585,241.91,658.15}{586,242.25,659.15}{587,242.6,660.15}{588,242.95,661.15}{589,243.29,662.15}{590,243.64,663.15}{591,243.98,664.15}{592,244.33,665.15}{593,244.67,666.15}{594,245.02,667.15}{595,245.36,668.15}{596,245.71,669.15}{597,246.05,670.15}{598,246.4,671.15}{599,246.74,672.15}{600,247.09,673.15}{601,247.43,674.15}{602,247.78,675.15}{603,248.12,676.15}{604,248.46,677.15}{605,248.81,678.15}{606,249.15,679.15}{607,249.5,680.15}{608,249.84,681.15}{609,250.18,682.15}{610,250.53,683.15}{611,250.89,684.15}{612,251.21,685.15}{613,251.55,686.15}{614,251.9,687.15}{615,252.24,688.15}{616,252.59,689.15}{617,252.94,690.15}{618,253.28,691.15}{619,253.62,692.15}{620,253.96,693.15}{621,254.3,694.15}{622,254.65,695.15}{623,254.99,696.15}{624,255.33,697.15}{625,255.67,698.15}{626,256.01,699.15}{627,256.35,700.15}{628,256.7,701.15}{629,257.04,702.15}{630,257.38,703.15}{631,257.72,704.15}{632,258.06,705.15}{633,258.4,706.15}{634,258.74,707.15}{635,259.08,708.15}{636,259.42,709.15}{637,259.76,710.15}{638,260.1,711.15}{639,260.44,712.15}{640,260.78,713.15}{641,261.12,714.15}{642,261.46,715.15}{643,261.8,716.15}{644,262.14,717.15}{645,262.48,718.15}{646,262.83,719.15}{647,263.17,720.15}{648,263.5,721.15}{649,263.84,722.15}{650,264.18,723.15}{651,264.52,724.15}{652,264.86,725.15}{653,265.2,726.15}{654,265.54,727.15}{655,265.87,728.15}{656,266.21,729.15}{657,266.55,730.15}{658,266.89,731.15}{659,267.22,732.15}{660,267.56,733.15}{661,267.9,734.15}{662,268.24,735.15}{663,268.57,736.15}{664,268.91,737.15}{665,269.25,738.15}{666,269.58,739.15}{667,269.92,740.15}{668,270.26,741.15}{669,270.59,742.15}{670,270.93,743.15}{671,271.27,744.15}{672,271.6,745.15}{673,271.94,746.15}{674,272.27,747.15}{675,272.61,748.15}{676,272.95,749.15}{677,273.28,750.15}{678,273.62,751.15}{679,273.95,752.15}{680,274.29,753.15}{681,274.62,754.15}{682,274.96,755.15}{683,275.29,756.15}{684,275.63,757.15}{685,275.96,758.15}{686,276.31,759.15}{687,276.64,760.15}{688,276.97,761.15}{689,277.31,762.15}{690,277.64,763.15}{691,277.98,764.15}{692,278.31,765.15}{693,278.64,766.15}{694,278.98,767.15}{695,279.31,768.15}{696,279.64,769.15}{697,279.98,770.15}{698,280.31,771.15}{699,280.64,772.15}{700,280.98,773.15}{701,281.31,774.15}{702,281.64,775.15}{703,281.97,776.15}{704,282.31,777.15}{705,282.64,778.15}{706,282.97,779.15}{707,283.3,780.15}{708,283.63,781.15}{709,283.97,782.15}{710,284.3,783.15}{711,284.63,784.15}{712,284.96,785.15}{713,285.29,786.15}{714,285.62,787.15}{715,285.95,788.15}{716,286.3,789.15}{717,286.63,790.15}{718,286.96,791.15}{719,287.29,792.15}{720,287.62,793.15}{721,287.95,794.15}{722,288.28,795.15}{723,288.61,796.15}{724,288.94,797.15}{725,289.27,798.15}{726,289.6,799.15}{727,289.93,800.15}{728,290.26,801.15}{729,290.59,802.15}{730,290.92,803.15}{731,291.25,804.15}{732,291.58,805.15}{733,291.9,806.15}{734,292.23,807.15}{735,292.56,808.15}{736,292.9,809.15}{737,293.23,810.15}{738,293.56,811.15}{739,293.89,812.15}{740,294.21,813.15}{741,294.54,814.15}{742,294.87,815.15}{743,295.2,816.15}{744,295.53,817.15}{745,295.85,818.15}{746,296.18,819.15}{747,296.51,820.15}{748,296.84,821.15}{749,297.16,822.15}{750,297.49,823.15}{751,297.82,824.15}{752,298.14,825.15}{753,298.47,826.15}{754,298.8,827.15}{755,299.12,828.15}{756,299.45,829.15}{757,299.78,830.15}{758,300.1,831.15}{759,300.43,832.15}{760,300.75,833.15}{761,301.08,834.15}{762,301.41,835.15}{763,301.73,836.15}{764,302.06,837.15}{765,302.38,838.15}{766,302.71,839.15}{767,303.03,840.15}{768,303.36,841.15}{769,303.68,842.15}{770,304.01,843.15}{771,304.33,844.15}{772,304.66,845.15}{773,304.98,846.15}{774,305.3,847.15}{775,305.63,848.15}{776,305.95,849.15}{777,306.28,850.15}{778,306.6,851.15}{779,306.92,852.15}{780,307.25,853.15}{781,307.57,854.15}{782,307.89,855.15}{783,308.22,856.15}{784,308.54,857.15}{785,308.86,858.15}{786,309.19,859.15}{787,309.51,860.15}{788,309.83,861.15}{789,310.15,862.15}{790,310.48,863.15}{791,310.8,864.15}{792,311.12,865.15}{793,311.45,866.15}{794,311.78,867.15}{795,312.1,868.15}{796,312.43,869.15}{797,312.75,870.15}{798,313.07,871.15}{799,313.39,872.15}{800,313.71,873.15}{801,314.04,874.15}{802,314.36,875.15}{803,314.68,876.15}{804,315,877.15}{805,315.32,878.15}{806,315.64,879.15}{807,315.96,880.15}{808,316.28,881.15}{809,316.6,882.15}{810,316.92,883.15}{811,317.24,884.15}{812,317.56,885.15}{813,317.88,886.15}{814,318.2,887.15}{815,318.52,888.15}{816,318.85,889.15}{817,319.17,890.15}{818,319.49,891.15}{819,319.81,892.15}{820,320.12,893.15}{821,320.44,894.15}{822,320.76,895.15}{823,321.08,896.15}{824,321.4,897.15}{825,321.72,898.15}{826,322.03,899.15}{827,322.34,900.15}{828,322.66,901.15}{829,322.98,902.15}{830,323.3,903.15}{831,323.61,904.15}{832,323.93,905.15}{833,324.25,906.15}{834,324.57,907.15}{835,324.88,908.15}{836,325.21,909.15}{837,325.53,910.15}{838,325.85,911.15}{839,326.16,912.15}{840,326.48,913.15}{841,326.79,914.15}{842,327.11,915.15}{843,327.43,916.15}{844,327.74,917.15}{845,328.06,918.15}{846,328.38,919.15}{847,328.69,920.15}{848,329.01,921.15}{849,329.32,922.15}{850,329.64,923.15}{851,329.95,924.15}{852,330.27,925.15}{853,330.58,926.15}{854,330.9,927.15}{855,331.21,928.15}{856,331.53,929.15}{857,331.84,930.15}{858,332.16,931.15}{859,332.47,932.15}{860,332.79,933.15}{861,333.1,934.15}{862,333.41,935.15}{863,333.73,936.15}{864,334.04,937.15}{865,334.36,938.15}{866,334.68,939.15}{867,334.99,940.15}{868,335.31,941.15}{869,335.62,942.15}{870,335.93,943.15}{871,336.25,944.15}{872,336.56,945.15}{873,336.87,946.15}{874,337.18,947.15}{875,337.5,948.15}{876,337.81,949.15}{877,338.12,950.15}{878,338.43,951.15}{879,338.75,952.15}{880,339.06,953.15}{881,339.37,954.15}{882,339.68,955.15}{883,339.99,956.15}{884,340.3,957.15}{885,340.62,958.15}{886,340.94,959.15}{887,341.25,960.15}{888,341.55,961.15}{889,341.87,962.15}{890,342.18,963.15}{891,342.49,964.15}{892,342.8,965.15}{893,343.11,966.15}{894,343.42,967.15}{895,343.73,968.15}{896,344.04,969.15}{897,344.35,970.15}{898,344.66,971.15}{899,344.97,972.15}{900,345.28,973.15}{901,345.59,974.15}{902,345.9,975.15}{903,346.21,976.15}{904,346.52,977.15}{905,346.83,978.15}{906,347.15,979.15}{907,347.46,980.15}{908,347.76,981.15}{909,348.07,982.15}{910,348.38,983.15}{911,348.69,984.15}{912,349,985.15}{913,349.31,986.15}{914,349.61,987.15}{915,349.92,988.15}{916,350.23,989.15}{917,350.54,990.15}{918,350.85,991.15}{919,351.15,992.15}{920,351.46,993.15}{921,351.77,994.15}{922,352.07,995.15}{923,352.38,996.15}{924,352.69,997.15}{925,352.99,998.15}{926,353.3,999.15}{927,353.61,1000.15}{928,353.91,1001.15}{929,354.22,1002.15}{930,354.53,1003.15}{931,354.83,1004.15}{932,355.14,1005.15}{933,355.44,1006.15}{934,355.75,1007.15}{935,356.06,1008.15}{936,356.37,1009.15}{937,356.68,1010.15}{938,356.98,1011.15}{939,357.29,1012.15}{940,357.59,1013.15}{941,357.9,1014.15}{942,358.2,1015.15}{943,358.51,1016.15}{944,358.81,1017.15}{945,359.12,1018.15}{946,359.42,1019.15}{947,359.72,1020.15}{948,360.03,1021.15}{949,360.33,1022.15}{950,360.64,1023.15}{951,360.94,1024.15}{952,361.24,1025.15}{953,361.55,1026.15}{954,361.85,1027.15}{955,362.15,1028.15}{956,362.46,1029.15}{957,362.76,1030.15}{958,363.06,1031.15}{959,363.36,1032.15}{960,363.67,1033.15}{961,363.97,1034.15}{962,364.27,1035.15}{963,364.57,1036.15}{964,364.88,1037.15}{965,365.18,1038.15}{966,365.49,1039.15}{967,365.79,1040.15}{968,366.09,1041.15}{969,366.4,1042.15}{970,366.7,1043.15}{971,367,1044.15}{972,367.3,1045.15}{973,367.6,1046.15}{974,367.9,1047.15}{975,368.2,1048.15}{976,368.5,1049.15}{977,368.81,1050.15}{978,369.11,1051.15}{979,369.41,1052.15}{980,369.71,1053.15}{981,370.01,1054.15}{982,370.31,1055.15}{983,370.61,1056.15}{984,370.91,1057.15}{985,371.21,1058.15}{986,371.52,1059.15}{987,371.82,1060.15}{988,372.12,1061.15}{989,372.41,1062.15}{990,372.71,1063.15}{991,373.01,1064.15}{992,373.31,1065.15}{993,373.61,1066.15}{994,373.91,1067.15}{995,374.21,1068.15}{996,374.51,1069.15}{997,374.8,1070.15}{998,375.1,1071.15}{999,375.4,1072.15}{1000,375.7,1073.15}{1001,376,1074.15}{1002,376.29,1075.15}{1003,376.59,1076.15}{1004,376.89,1077.15}{1005,377.19,1078.15}{1006,377.49,1079.15}{1007,377.79,1080.15}{1008,378.09,1081.15}{1009,378.39,1082.15}{1010,378.68,1083.15}{1011,378.98,1084.15}{1012,379.28,1085.15}{1013,379.57,1086.15}{1014,379.87,1087.15}{1015,380.17,1088.15}{1016,380.46,1089.15}{1017,380.76,1090.15}{1018,381.05,1091.15}{1019,381.35,1092.15}{1020,381.65,1093.15}{1021,381.94,1094.15}{1022,382.24,1095.15}{1023,382.53,1096.15}{1024,382.83,1097.15}{1025,383.12,1098.15}{1026,383.42,1099.15}{1027,383.71,1100.15}{1028,384.01,1101.15}{1029,384.3,1102.15}{1030,384.6,1103.15}{1031,384.89,1104.15}{1032,385.18,1105.15}{1033,385.48,1106.15}{1034,385.77,1107.15}{1035,386.07,1108.15}{1036,386.37,1109.15}{1037,386.66,1110.15}{1038,386.96,1111.15}{1039,387.25,1112.15}{1040,387.55,1113.15}{1041,387.84,1114.15}{1042,388.13,1115.15}{1043,388.42,1116.15}{1044,388.72,1117.15}{1045,389.01,1118.15}{1046,389.31,1119.15}{1047,389.61,1120.15}{1048,389.9,1121.15}{1049,390.19,1122.15}{1050,390.48,1123.15}&quot;"/>
                                                <instance name="dev02/Config/ch00003/RTDWireScheme" order="0" value="4"/>
                                                <instance name="dev02/Config/ch00004/RTDWireScheme" order="0" value="4"/>
                                                <instance name="dev02/Config/ch00005/Calibration_Sensor_Name" order="0" value="CalSensor17"/>
                                                <instance name="dev02/Config/ch00005/RTDWireScheme" order="0" value="4"/>
                                                <instance name="dev01/Config/ch00008/Calibration_Sensor_Output_Units" order="0" value="K"/>
                                                <instance name="dev02/Config/ch00012/enable" order="1" value="1"/>
                                                <instance name="dev02/Config/ch00002/rate" order="0" value="10"/>
                                                <instance name="dev01/Config/ch00012/Calibration_Sensor_Maximum_Range" order="0" value="1123.15"/>
                                                <instance name="dev02/Config/ch00006/RTDWireScheme" order="0" value="4"/>
                                                <instance name="dev01/Config/ch00003/RTDRange" order="0" value="1"/>
                                                <instance name="dev02/Config/ch00007/RTDWireScheme" order="0" value="4"/>
                                                <instance name="dev02/Config/ch00002/Calibration_Sensor_Curve" order="0" value="&quot;{0,18.52,73.15}{1,18.96,74.15}{2,19.39,75.15}{3,19.82,76.15}{4,20.25,77.15}{5,20.68,78.15}{6,21.11,79.15}{7,21.54,80.15}{8,21.97,81.15}{9,22.4,82.15}{10,22.83,83.15}{11,23.26,84.15}{12,23.69,85.15}{13,24.12,86.15}{14,24.55,87.15}{15,24.97,88.15}{16,25.39,89.15}{17,25.82,90.15}{18,26.25,91.15}{19,26.67,92.15}{20,27.1,93.15}{21,27.52,94.15}{22,27.95,95.15}{23,28.37,96.15}{24,28.8,97.15}{25,29.22,98.15}{26,29.65,99.15}{27,30.07,100.15}{28,30.49,101.15}{29,30.92,102.15}{30,31.34,103.15}{31,31.76,104.15}{32,32.18,105.15}{33,32.61,106.15}{34,33.03,107.15}{35,33.45,108.15}{36,33.86,109.15}{37,34.28,110.15}{38,34.7,111.15}{39,35.12,112.15}{40,35.54,113.15}{41,35.96,114.15}{42,36.38,115.15}{43,36.8,116.15}{44,37.22,117.15}{45,37.63,118.15}{46,38.05,119.15}{47,38.47,120.15}{48,38.89,121.15}{49,39.31,122.15}{50,39.72,123.15}{51,40.14,124.15}{52,40.56,125.15}{53,40.97,126.15}{54,41.39,127.15}{55,41.8,128.15}{56,42.22,129.15}{57,42.64,130.15}{58,43.05,131.15}{59,43.46,132.15}{60,43.88,133.15}{61,44.29,134.15}{62,44.71,135.15}{63,45.12,136.15}{64,45.53,137.15}{65,45.95,138.15}{66,46.35,139.15}{67,46.76,140.15}{68,47.18,141.15}{69,47.59,142.15}{70,48,143.15}{71,48.41,144.15}{72,48.82,145.15}{73,49.23,146.15}{74,49.64,147.15}{75,50.06,148.15}{76,50.47,149.15}{77,50.88,150.15}{78,51.29,151.15}{79,51.7,152.15}{80,52.11,153.15}{81,52.52,154.15}{82,52.92,155.15}{83,53.33,156.15}{84,53.74,157.15}{85,54.15,158.15}{86,54.56,159.15}{87,54.97,160.15}{88,55.38,161.15}{89,55.78,162.15}{90,56.19,163.15}{91,56.6,164.15}{92,57,165.15}{93,57.41,166.15}{94,57.82,167.15}{95,58.22,168.15}{96,58.63,169.15}{97,59.04,170.15}{98,59.44,171.15}{99,59.85,172.15}{100,60.26,173.15}{101,60.67,174.15}{102,61.07,175.15}{103,61.48,176.15}{104,61.87,177.15}{105,62.29,178.15}{106,62.69,179.15}{107,63.1,180.15}{108,63.5,181.15}{109,63.91,182.15}{110,64.3,183.15}{111,64.7,184.15}{112,65.11,185.15}{113,65.51,186.15}{114,65.91,187.15}{115,66.31,188.15}{116,66.72,189.15}{117,67.12,190.15}{118,67.52,191.15}{119,67.92,192.15}{120,68.33,193.15}{121,68.73,194.15}{122,69.13,195.15}{123,69.53,196.15}{124,69.93,197.15}{125,70.33,198.15}{126,70.73,199.15}{127,71.13,200.15}{128,71.53,201.15}{129,71.93,202.15}{130,72.33,203.15}{131,72.73,204.15}{132,73.13,205.15}{133,73.53,206.15}{134,73.93,207.15}{135,74.33,208.15}{136,74.73,209.15}{137,75.13,210.15}{138,75.53,211.15}{139,75.93,212.15}{140,76.33,213.15}{141,76.73,214.15}{142,77.13,215.15}{143,77.52,216.15}{144,77.92,217.15}{145,78.32,218.15}{146,78.72,219.15}{147,79.11,220.15}{148,79.51,221.15}{149,79.91,222.15}{150,80.31,223.15}{151,80.7,224.15}{152,81.1,225.15}{153,81.5,226.15}{154,81.89,227.15}{155,82.29,228.15}{156,82.69,229.15}{157,83.08,230.15}{158,83.48,231.15}{159,83.88,232.15}{160,84.27,233.15}{161,84.67,234.15}{162,85.06,235.15}{163,85.46,236.15}{164,85.85,237.15}{165,86.25,238.15}{166,86.64,239.15}{167,87.04,240.15}{168,87.43,241.15}{169,87.83,242.15}{170,88.22,243.15}{171,88.62,244.15}{172,89.01,245.15}{173,89.4,246.15}{174,89.8,247.15}{175,90.19,248.15}{176,90.59,249.15}{177,90.98,250.15}{178,91.37,251.15}{179,91.77,252.15}{180,92.16,253.15}{181,92.55,254.15}{182,92.95,255.15}{183,93.34,256.15}{184,93.73,257.15}{185,94.12,258.15}{186,94.52,259.15}{187,94.91,260.15}{188,95.3,261.15}{189,95.69,262.15}{190,96.09,263.15}{191,96.48,264.15}{192,96.87,265.15}{193,97.26,266.15}{194,97.65,267.15}{195,98.04,268.15}{196,98.44,269.15}{197,98.83,270.15}{198,99.22,271.15}{199,99.61,272.15}{200,100,273.15}{201,100.39,274.15}{202,100.78,275.15}{203,101.17,276.15}{204,101.56,277.15}{205,101.95,278.15}{206,102.34,279.15}{207,102.73,280.15}{208,103.12,281.15}{209,103.51,282.15}{210,103.9,283.15}{211,104.29,284.15}{212,104.68,285.15}{213,105.07,286.15}{214,105.46,287.15}{215,105.85,288.15}{216,106.24,289.15}{217,106.63,290.15}{218,107.02,291.15}{219,107.4,292.15}{220,107.79,293.15}{221,108.18,294.15}{222,108.57,295.15}{223,108.96,296.15}{224,109.35,297.15}{225,109.73,298.15}{226,110.12,299.15}{227,110.51,300.15}{228,110.9,301.15}{229,111.28,302.15}{230,111.67,303.15}{231,112.06,304.15}{232,112.45,305.15}{233,112.83,306.15}{234,113.22,307.15}{235,113.61,308.15}{236,113.99,309.15}{237,114.38,310.15}{238,114.77,311.15}{239,115.15,312.15}{240,115.54,313.15}{241,115.93,314.15}{242,116.31,315.15}{243,116.7,316.15}{244,117.08,317.15}{245,117.47,318.15}{246,117.85,319.15}{247,118.24,320.15}{248,118.62,321.15}{249,119.01,322.15}{250,119.4,323.15}{251,119.78,324.15}{252,120.16,325.15}{253,120.55,326.15}{254,120.93,327.15}{255,121.32,328.15}{256,121.7,329.15}{257,122.09,330.15}{258,122.47,331.15}{259,122.86,332.15}{260,123.24,333.15}{261,123.62,334.15}{262,124.01,335.15}{263,124.39,336.15}{264,124.77,337.15}{265,125.17,338.15}{266,125.55,339.15}{267,125.93,340.15}{268,126.32,341.15}{269,126.7,342.15}{270,127.08,343.15}{271,127.46,344.15}{272,127.85,345.15}{273,128.23,346.15}{274,128.61,347.15}{275,128.99,348.15}{276,129.38,349.15}{277,129.76,350.15}{278,130.14,351.15}{279,130.52,352.15}{280,130.9,353.15}{281,131.28,354.15}{282,131.67,355.15}{283,132.05,356.15}{284,132.43,357.15}{285,132.81,358.15}{286,133.19,359.15}{287,133.57,360.15}{288,133.95,361.15}{289,134.33,362.15}{290,134.71,363.15}{291,135.09,364.15}{292,135.47,365.15}{293,135.85,366.15}{294,136.23,367.15}{295,136.61,368.15}{296,136.99,369.15}{297,137.37,370.15}{298,137.75,371.15}{299,138.13,372.15}{300,138.51,373.15}{301,138.89,374.15}{302,139.27,375.15}{303,139.65,376.15}{304,140.03,377.15}{305,140.39,378.15}{306,140.77,379.15}{307,141.15,380.15}{308,141.53,381.15}{309,141.91,382.15}{310,142.29,383.15}{311,142.66,384.15}{312,143.04,385.15}{313,143.42,386.15}{314,143.8,387.15}{315,144.18,388.15}{316,144.56,389.15}{317,144.94,390.15}{318,145.32,391.15}{319,145.69,392.15}{320,146.07,393.15}{321,146.45,394.15}{322,146.82,395.15}{323,147.2,396.15}{324,147.58,397.15}{325,147.95,398.15}{326,148.33,399.15}{327,148.71,400.15}{328,149.08,401.15}{329,149.46,402.15}{330,149.83,403.15}{331,150.21,404.15}{332,150.58,405.15}{333,150.96,406.15}{334,151.34,407.15}{335,151.71,408.15}{336,152.09,409.15}{337,152.46,410.15}{338,152.84,411.15}{339,153.21,412.15}{340,153.58,413.15}{341,153.95,414.15}{342,154.32,415.15}{343,154.71,416.15}{344,155.08,417.15}{345,155.46,418.15}{346,155.83,419.15}{347,156.21,420.15}{348,156.58,421.15}{349,156.96,422.15}{350,157.33,423.15}{351,157.71,424.15}{352,158.08,425.15}{353,158.45,426.15}{354,158.83,427.15}{355,159.2,428.15}{356,159.56,429.15}{357,159.94,430.15}{358,160.31,431.15}{359,160.68,432.15}{360,161.05,433.15}{361,161.43,434.15}{362,161.8,435.15}{363,162.17,436.15}{364,162.54,437.15}{365,162.91,438.15}{366,163.28,439.15}{367,163.66,440.15}{368,164.03,441.15}{369,164.4,442.15}{370,164.77,443.15}{371,165.14,444.15}{372,165.51,445.15}{373,165.88,446.15}{374,166.25,447.15}{375,166.62,448.15}{376,167,449.15}{377,167.37,450.15}{378,167.74,451.15}{379,168.11,452.15}{380,168.48,453.15}{381,168.85,454.15}{382,169.22,455.15}{383,169.59,456.15}{384,169.96,457.15}{385,170.33,458.15}{386,170.69,459.15}{387,171.06,460.15}{388,171.43,461.15}{389,171.8,462.15}{390,172.17,463.15}{391,172.54,464.15}{392,172.91,465.15}{393,173.27,466.15}{394,173.64,467.15}{395,174.01,468.15}{396,174.39,469.15}{397,174.75,470.15}{398,175.12,471.15}{399,175.49,472.15}{400,175.86,473.15}{401,176.23,474.15}{402,176.59,475.15}{403,176.96,476.15}{404,177.33,477.15}{405,177.7,478.15}{406,178.06,479.15}{407,178.43,480.15}{408,178.8,481.15}{409,179.16,482.15}{410,179.53,483.15}{411,179.9,484.15}{412,180.26,485.15}{413,180.63,486.15}{414,180.99,487.15}{415,181.36,488.15}{416,181.73,489.15}{417,182.09,490.15}{418,182.46,491.15}{419,182.82,492.15}{420,183.19,493.15}{421,183.55,494.15}{422,183.92,495.15}{423,184.28,496.15}{424,184.65,497.15}{425,185.01,498.15}{426,185.38,499.15}{427,185.74,500.15}{428,186.11,501.15}{429,186.47,502.15}{430,186.84,503.15}{431,187.2,504.15}{432,187.56,505.15}{433,187.93,506.15}{434,188.29,507.15}{435,188.65,508.15}{436,189.02,509.15}{437,189.38,510.15}{438,189.74,511.15}{439,190.11,512.15}{440,190.47,513.15}{441,190.83,514.15}{442,191.2,515.15}{443,191.56,516.15}{444,191.92,517.15}{445,192.28,518.15}{446,192.66,519.15}{447,193.02,520.15}{448,193.38,521.15}{449,193.74,522.15}{450,194.1,523.15}{451,194.47,524.15}{452,194.83,525.15}{453,195.19,526.15}{454,195.55,527.15}{455,195.9,528.15}{456,196.26,529.15}{457,196.62,530.15}{458,196.98,531.15}{459,197.35,532.15}{460,197.71,533.15}{461,198.07,534.15}{462,198.43,535.15}{463,198.79,536.15}{464,199.15,537.15}{465,199.51,538.15}{466,199.87,539.15}{467,200.23,540.15}{468,200.59,541.15}{469,200.95,542.15}{470,201.31,543.15}{471,201.67,544.15}{472,202.03,545.15}{473,202.38,546.15}{474,202.74,547.15}{475,203.1,548.15}{476,203.46,549.15}{477,203.82,550.15}{478,204.18,551.15}{479,204.54,552.15}{480,204.9,553.15}{481,205.25,554.15}{482,205.61,555.15}{483,205.97,556.15}{484,206.33,557.15}{485,206.7,558.15}{486,207.05,559.15}{487,207.41,560.15}{488,207.77,561.15}{489,208.13,562.15}{490,208.48,563.15}{491,208.84,564.15}{492,209.2,565.15}{493,209.55,566.15}{494,209.91,567.15}{495,210.27,568.15}{496,210.62,569.15}{497,210.98,570.15}{498,211.34,571.15}{499,211.69,572.15}{500,212.05,573.15}{501,212.4,574.15}{502,212.76,575.15}{503,213.12,576.15}{504,213.47,577.15}{505,213.83,578.15}{506,214.19,579.15}{507,214.55,580.15}{508,214.9,581.15}{509,215.26,582.15}{510,215.61,583.15}{511,215.97,584.15}{512,216.32,585.15}{513,216.68,586.15}{514,217.03,587.15}{515,217.39,588.15}{516,217.73,589.15}{517,218.08,590.15}{518,218.44,591.15}{519,218.79,592.15}{520,219.15,593.15}{521,219.5,594.15}{522,219.85,595.15}{523,220.21,596.15}{524,220.56,597.15}{525,220.91,598.15}{526,221.27,599.15}{527,221.62,600.15}{528,221.97,601.15}{529,222.32,602.15}{530,222.68,603.15}{531,223.03,604.15}{532,223.38,605.15}{533,223.73,606.15}{534,224.09,607.15}{535,224.45,608.15}{536,224.8,609.15}{537,225.15,610.15}{538,225.5,611.15}{539,225.85,612.15}{540,226.21,613.15}{541,226.56,614.15}{542,226.91,615.15}{543,227.26,616.15}{544,227.61,617.15}{545,227.96,618.15}{546,228.31,619.15}{547,228.66,620.15}{548,229.01,621.15}{549,229.36,622.15}{550,229.72,623.15}{551,230.07,624.15}{552,230.42,625.15}{553,230.77,626.15}{554,231.12,627.15}{555,231.47,628.15}{556,231.81,629.15}{557,232.16,630.15}{558,232.51,631.15}{559,232.86,632.15}{560,233.21,633.15}{561,233.56,634.15}{562,233.91,635.15}{563,234.26,636.15}{564,234.6,637.15}{565,234.95,638.15}{566,235.3,639.15}{567,235.65,640.15}{568,236,641.15}{569,236.35,642.15}{570,236.7,643.15}{571,237.05,644.15}{572,237.4,645.15}{573,237.75,646.15}{574,238.09,647.15}{575,238.44,648.15}{576,238.79,649.15}{577,239.14,650.15}{578,239.48,651.15}{579,239.83,652.15}{580,240.18,653.15}{581,240.52,654.15}{582,240.87,655.15}{583,241.22,656.15}{584,241.56,657.15}{585,241.91,658.15}{586,242.25,659.15}{587,242.6,660.15}{588,242.95,661.15}{589,243.29,662.15}{590,243.64,663.15}{591,243.98,664.15}{592,244.33,665.15}{593,244.67,666.15}{594,245.02,667.15}{595,245.36,668.15}{596,245.71,669.15}{597,246.05,670.15}{598,246.4,671.15}{599,246.74,672.15}{600,247.09,673.15}{601,247.43,674.15}{602,247.78,675.15}{603,248.12,676.15}{604,248.46,677.15}{605,248.81,678.15}{606,249.15,679.15}{607,249.5,680.15}{608,249.84,681.15}{609,250.18,682.15}{610,250.53,683.15}{611,250.89,684.15}{612,251.21,685.15}{613,251.55,686.15}{614,251.9,687.15}{615,252.24,688.15}{616,252.59,689.15}{617,252.94,690.15}{618,253.28,691.15}{619,253.62,692.15}{620,253.96,693.15}{621,254.3,694.15}{622,254.65,695.15}{623,254.99,696.15}{624,255.33,697.15}{625,255.67,698.15}{626,256.01,699.15}{627,256.35,700.15}{628,256.7,701.15}{629,257.04,702.15}{630,257.38,703.15}{631,257.72,704.15}{632,258.06,705.15}{633,258.4,706.15}{634,258.74,707.15}{635,259.08,708.15}{636,259.42,709.15}{637,259.76,710.15}{638,260.1,711.15}{639,260.44,712.15}{640,260.78,713.15}{641,261.12,714.15}{642,261.46,715.15}{643,261.8,716.15}{644,262.14,717.15}{645,262.48,718.15}{646,262.83,719.15}{647,263.17,720.15}{648,263.5,721.15}{649,263.84,722.15}{650,264.18,723.15}{651,264.52,724.15}{652,264.86,725.15}{653,265.2,726.15}{654,265.54,727.15}{655,265.87,728.15}{656,266.21,729.15}{657,266.55,730.15}{658,266.89,731.15}{659,267.22,732.15}{660,267.56,733.15}{661,267.9,734.15}{662,268.24,735.15}{663,268.57,736.15}{664,268.91,737.15}{665,269.25,738.15}{666,269.58,739.15}{667,269.92,740.15}{668,270.26,741.15}{669,270.59,742.15}{670,270.93,743.15}{671,271.27,744.15}{672,271.6,745.15}{673,271.94,746.15}{674,272.27,747.15}{675,272.61,748.15}{676,272.95,749.15}{677,273.28,750.15}{678,273.62,751.15}{679,273.95,752.15}{680,274.29,753.15}{681,274.62,754.15}{682,274.96,755.15}{683,275.29,756.15}{684,275.63,757.15}{685,275.96,758.15}{686,276.31,759.15}{687,276.64,760.15}{688,276.97,761.15}{689,277.31,762.15}{690,277.64,763.15}{691,277.98,764.15}{692,278.31,765.15}{693,278.64,766.15}{694,278.98,767.15}{695,279.31,768.15}{696,279.64,769.15}{697,279.98,770.15}{698,280.31,771.15}{699,280.64,772.15}{700,280.98,773.15}{701,281.31,774.15}{702,281.64,775.15}{703,281.97,776.15}{704,282.31,777.15}{705,282.64,778.15}{706,282.97,779.15}{707,283.3,780.15}{708,283.63,781.15}{709,283.97,782.15}{710,284.3,783.15}{711,284.63,784.15}{712,284.96,785.15}{713,285.29,786.15}{714,285.62,787.15}{715,285.95,788.15}{716,286.3,789.15}{717,286.63,790.15}{718,286.96,791.15}{719,287.29,792.15}{720,287.62,793.15}{721,287.95,794.15}{722,288.28,795.15}{723,288.61,796.15}{724,288.94,797.15}{725,289.27,798.15}{726,289.6,799.15}{727,289.93,800.15}{728,290.26,801.15}{729,290.59,802.15}{730,290.92,803.15}{731,291.25,804.15}{732,291.58,805.15}{733,291.9,806.15}{734,292.23,807.15}{735,292.56,808.15}{736,292.9,809.15}{737,293.23,810.15}{738,293.56,811.15}{739,293.89,812.15}{740,294.21,813.15}{741,294.54,814.15}{742,294.87,815.15}{743,295.2,816.15}{744,295.53,817.15}{745,295.85,818.15}{746,296.18,819.15}{747,296.51,820.15}{748,296.84,821.15}{749,297.16,822.15}{750,297.49,823.15}{751,297.82,824.15}{752,298.14,825.15}{753,298.47,826.15}{754,298.8,827.15}{755,299.12,828.15}{756,299.45,829.15}{757,299.78,830.15}{758,300.1,831.15}{759,300.43,832.15}{760,300.75,833.15}{761,301.08,834.15}{762,301.41,835.15}{763,301.73,836.15}{764,302.06,837.15}{765,302.38,838.15}{766,302.71,839.15}{767,303.03,840.15}{768,303.36,841.15}{769,303.68,842.15}{770,304.01,843.15}{771,304.33,844.15}{772,304.66,845.15}{773,304.98,846.15}{774,305.3,847.15}{775,305.63,848.15}{776,305.95,849.15}{777,306.28,850.15}{778,306.6,851.15}{779,306.92,852.15}{780,307.25,853.15}{781,307.57,854.15}{782,307.89,855.15}{783,308.22,856.15}{784,308.54,857.15}{785,308.86,858.15}{786,309.19,859.15}{787,309.51,860.15}{788,309.83,861.15}{789,310.15,862.15}{790,310.48,863.15}{791,310.8,864.15}{792,311.12,865.15}{793,311.45,866.15}{794,311.78,867.15}{795,312.1,868.15}{796,312.43,869.15}{797,312.75,870.15}{798,313.07,871.15}{799,313.39,872.15}{800,313.71,873.15}{801,314.04,874.15}{802,314.36,875.15}{803,314.68,876.15}{804,315,877.15}{805,315.32,878.15}{806,315.64,879.15}{807,315.96,880.15}{808,316.28,881.15}{809,316.6,882.15}{810,316.92,883.15}{811,317.24,884.15}{812,317.56,885.15}{813,317.88,886.15}{814,318.2,887.15}{815,318.52,888.15}{816,318.85,889.15}{817,319.17,890.15}{818,319.49,891.15}{819,319.81,892.15}{820,320.12,893.15}{821,320.44,894.15}{822,320.76,895.15}{823,321.08,896.15}{824,321.4,897.15}{825,321.72,898.15}{826,322.03,899.15}{827,322.34,900.15}{828,322.66,901.15}{829,322.98,902.15}{830,323.3,903.15}{831,323.61,904.15}{832,323.93,905.15}{833,324.25,906.15}{834,324.57,907.15}{835,324.88,908.15}{836,325.21,909.15}{837,325.53,910.15}{838,325.85,911.15}{839,326.16,912.15}{840,326.48,913.15}{841,326.79,914.15}{842,327.11,915.15}{843,327.43,916.15}{844,327.74,917.15}{845,328.06,918.15}{846,328.38,919.15}{847,328.69,920.15}{848,329.01,921.15}{849,329.32,922.15}{850,329.64,923.15}{851,329.95,924.15}{852,330.27,925.15}{853,330.58,926.15}{854,330.9,927.15}{855,331.21,928.15}{856,331.53,929.15}{857,331.84,930.15}{858,332.16,931.15}{859,332.47,932.15}{860,332.79,933.15}{861,333.1,934.15}{862,333.41,935.15}{863,333.73,936.15}{864,334.04,937.15}{865,334.36,938.15}{866,334.68,939.15}{867,334.99,940.15}{868,335.31,941.15}{869,335.62,942.15}{870,335.93,943.15}{871,336.25,944.15}{872,336.56,945.15}{873,336.87,946.15}{874,337.18,947.15}{875,337.5,948.15}{876,337.81,949.15}{877,338.12,950.15}{878,338.43,951.15}{879,338.75,952.15}{880,339.06,953.15}{881,339.37,954.15}{882,339.68,955.15}{883,339.99,956.15}{884,340.3,957.15}{885,340.62,958.15}{886,340.94,959.15}{887,341.25,960.15}{888,341.55,961.15}{889,341.87,962.15}{890,342.18,963.15}{891,342.49,964.15}{892,342.8,965.15}{893,343.11,966.15}{894,343.42,967.15}{895,343.73,968.15}{896,344.04,969.15}{897,344.35,970.15}{898,344.66,971.15}{899,344.97,972.15}{900,345.28,973.15}{901,345.59,974.15}{902,345.9,975.15}{903,346.21,976.15}{904,346.52,977.15}{905,346.83,978.15}{906,347.15,979.15}{907,347.46,980.15}{908,347.76,981.15}{909,348.07,982.15}{910,348.38,983.15}{911,348.69,984.15}{912,349,985.15}{913,349.31,986.15}{914,349.61,987.15}{915,349.92,988.15}{916,350.23,989.15}{917,350.54,990.15}{918,350.85,991.15}{919,351.15,992.15}{920,351.46,993.15}{921,351.77,994.15}{922,352.07,995.15}{923,352.38,996.15}{924,352.69,997.15}{925,352.99,998.15}{926,353.3,999.15}{927,353.61,1000.15}{928,353.91,1001.15}{929,354.22,1002.15}{930,354.53,1003.15}{931,354.83,1004.15}{932,355.14,1005.15}{933,355.44,1006.15}{934,355.75,1007.15}{935,356.06,1008.15}{936,356.37,1009.15}{937,356.68,1010.15}{938,356.98,1011.15}{939,357.29,1012.15}{940,357.59,1013.15}{941,357.9,1014.15}{942,358.2,1015.15}{943,358.51,1016.15}{944,358.81,1017.15}{945,359.12,1018.15}{946,359.42,1019.15}{947,359.72,1020.15}{948,360.03,1021.15}{949,360.33,1022.15}{950,360.64,1023.15}{951,360.94,1024.15}{952,361.24,1025.15}{953,361.55,1026.15}{954,361.85,1027.15}{955,362.15,1028.15}{956,362.46,1029.15}{957,362.76,1030.15}{958,363.06,1031.15}{959,363.36,1032.15}{960,363.67,1033.15}{961,363.97,1034.15}{962,364.27,1035.15}{963,364.57,1036.15}{964,364.88,1037.15}{965,365.18,1038.15}{966,365.49,1039.15}{967,365.79,1040.15}{968,366.09,1041.15}{969,366.4,1042.15}{970,366.7,1043.15}{971,367,1044.15}{972,367.3,1045.15}{973,367.6,1046.15}{974,367.9,1047.15}{975,368.2,1048.15}{976,368.5,1049.15}{977,368.81,1050.15}{978,369.11,1051.15}{979,369.41,1052.15}{980,369.71,1053.15}{981,370.01,1054.15}{982,370.31,1055.15}{983,370.61,1056.15}{984,370.91,1057.15}{985,371.21,1058.15}{986,371.52,1059.15}{987,371.82,1060.15}{988,372.12,1061.15}{989,372.41,1062.15}{990,372.71,1063.15}{991,373.01,1064.15}{992,373.31,1065.15}{993,373.61,1066.15}{994,373.91,1067.15}{995,374.21,1068.15}{996,374.51,1069.15}{997,374.8,1070.15}{998,375.1,1071.15}{999,375.4,1072.15}{1000,375.7,1073.15}{1001,376,1074.15}{1002,376.29,1075.15}{1003,376.59,1076.15}{1004,376.89,1077.15}{1005,377.19,1078.15}{1006,377.49,1079.15}{1007,377.79,1080.15}{1008,378.09,1081.15}{1009,378.39,1082.15}{1010,378.68,1083.15}{1011,378.98,1084.15}{1012,379.28,1085.15}{1013,379.57,1086.15}{1014,379.87,1087.15}{1015,380.17,1088.15}{1016,380.46,1089.15}{1017,380.76,1090.15}{1018,381.05,1091.15}{1019,381.35,1092.15}{1020,381.65,1093.15}{1021,381.94,1094.15}{1022,382.24,1095.15}{1023,382.53,1096.15}{1024,382.83,1097.15}{1025,383.12,1098.15}{1026,383.42,1099.15}{1027,383.71,1100.15}{1028,384.01,1101.15}{1029,384.3,1102.15}{1030,384.6,1103.15}{1031,384.89,1104.15}{1032,385.18,1105.15}{1033,385.48,1106.15}{1034,385.77,1107.15}{1035,386.07,1108.15}{1036,386.37,1109.15}{1037,386.66,1110.15}{1038,386.96,1111.15}{1039,387.25,1112.15}{1040,387.55,1113.15}{1041,387.84,1114.15}{1042,388.13,1115.15}{1043,388.42,1116.15}{1044,388.72,1117.15}{1045,389.01,1118.15}{1046,389.31,1119.15}{1047,389.61,1120.15}{1048,389.9,1121.15}{1049,390.19,1122.15}{1050,390.48,1123.15}&quot;"/>
                                                <instance name="dev02/Config/ch00012/RTDWireScheme" order="0" value="4"/>
                                                <instance name="dev01/Config/ch00012/enable" order="1" value="1"/>
                                                <instance name="dev01/Config/ch00003/Calibration_Sensor_Curve" order="0" value="&quot;{0,18.52,73.15}{1,18.96,74.15}{2,19.39,75.15}{3,19.82,76.15}{4,20.25,77.15}{5,20.68,78.15}{6,21.11,79.15}{7,21.54,80.15}{8,21.97,81.15}{9,22.4,82.15}{10,22.83,83.15}{11,23.26,84.15}{12,23.69,85.15}{13,24.12,86.15}{14,24.55,87.15}{15,24.97,88.15}{16,25.39,89.15}{17,25.82,90.15}{18,26.25,91.15}{19,26.67,92.15}{20,27.1,93.15}{21,27.52,94.15}{22,27.95,95.15}{23,28.37,96.15}{24,28.8,97.15}{25,29.22,98.15}{26,29.65,99.15}{27,30.07,100.15}{28,30.49,101.15}{29,30.92,102.15}{30,31.34,103.15}{31,31.76,104.15}{32,32.18,105.15}{33,32.61,106.15}{34,33.03,107.15}{35,33.45,108.15}{36,33.86,109.15}{37,34.28,110.15}{38,34.7,111.15}{39,35.12,112.15}{40,35.54,113.15}{41,35.96,114.15}{42,36.38,115.15}{43,36.8,116.15}{44,37.22,117.15}{45,37.63,118.15}{46,38.05,119.15}{47,38.47,120.15}{48,38.89,121.15}{49,39.31,122.15}{50,39.72,123.15}{51,40.14,124.15}{52,40.56,125.15}{53,40.97,126.15}{54,41.39,127.15}{55,41.8,128.15}{56,42.22,129.15}{57,42.64,130.15}{58,43.05,131.15}{59,43.46,132.15}{60,43.88,133.15}{61,44.29,134.15}{62,44.71,135.15}{63,45.12,136.15}{64,45.53,137.15}{65,45.95,138.15}{66,46.35,139.15}{67,46.76,140.15}{68,47.18,141.15}{69,47.59,142.15}{70,48,143.15}{71,48.41,144.15}{72,48.82,145.15}{73,49.23,146.15}{74,49.64,147.15}{75,50.06,148.15}{76,50.47,149.15}{77,50.88,150.15}{78,51.29,151.15}{79,51.7,152.15}{80,52.11,153.15}{81,52.52,154.15}{82,52.92,155.15}{83,53.33,156.15}{84,53.74,157.15}{85,54.15,158.15}{86,54.56,159.15}{87,54.97,160.15}{88,55.38,161.15}{89,55.78,162.15}{90,56.19,163.15}{91,56.6,164.15}{92,57,165.15}{93,57.41,166.15}{94,57.82,167.15}{95,58.22,168.15}{96,58.63,169.15}{97,59.04,170.15}{98,59.44,171.15}{99,59.85,172.15}{100,60.26,173.15}{101,60.67,174.15}{102,61.07,175.15}{103,61.48,176.15}{104,61.87,177.15}{105,62.29,178.15}{106,62.69,179.15}{107,63.1,180.15}{108,63.5,181.15}{109,63.91,182.15}{110,64.3,183.15}{111,64.7,184.15}{112,65.11,185.15}{113,65.51,186.15}{114,65.91,187.15}{115,66.31,188.15}{116,66.72,189.15}{117,67.12,190.15}{118,67.52,191.15}{119,67.92,192.15}{120,68.33,193.15}{121,68.73,194.15}{122,69.13,195.15}{123,69.53,196.15}{124,69.93,197.15}{125,70.33,198.15}{126,70.73,199.15}{127,71.13,200.15}{128,71.53,201.15}{129,71.93,202.15}{130,72.33,203.15}{131,72.73,204.15}{132,73.13,205.15}{133,73.53,206.15}{134,73.93,207.15}{135,74.33,208.15}{136,74.73,209.15}{137,75.13,210.15}{138,75.53,211.15}{139,75.93,212.15}{140,76.33,213.15}{141,76.73,214.15}{142,77.13,215.15}{143,77.52,216.15}{144,77.92,217.15}{145,78.32,218.15}{146,78.72,219.15}{147,79.11,220.15}{148,79.51,221.15}{149,79.91,222.15}{150,80.31,223.15}{151,80.7,224.15}{152,81.1,225.15}{153,81.5,226.15}{154,81.89,227.15}{155,82.29,228.15}{156,82.69,229.15}{157,83.08,230.15}{158,83.48,231.15}{159,83.88,232.15}{160,84.27,233.15}{161,84.67,234.15}{162,85.06,235.15}{163,85.46,236.15}{164,85.85,237.15}{165,86.25,238.15}{166,86.64,239.15}{167,87.04,240.15}{168,87.43,241.15}{169,87.83,242.15}{170,88.22,243.15}{171,88.62,244.15}{172,89.01,245.15}{173,89.4,246.15}{174,89.8,247.15}{175,90.19,248.15}{176,90.59,249.15}{177,90.98,250.15}{178,91.37,251.15}{179,91.77,252.15}{180,92.16,253.15}{181,92.55,254.15}{182,92.95,255.15}{183,93.34,256.15}{184,93.73,257.15}{185,94.12,258.15}{186,94.52,259.15}{187,94.91,260.15}{188,95.3,261.15}{189,95.69,262.15}{190,96.09,263.15}{191,96.48,264.15}{192,96.87,265.15}{193,97.26,266.15}{194,97.65,267.15}{195,98.04,268.15}{196,98.44,269.15}{197,98.83,270.15}{198,99.22,271.15}{199,99.61,272.15}{200,100,273.15}{201,100.39,274.15}{202,100.78,275.15}{203,101.17,276.15}{204,101.56,277.15}{205,101.95,278.15}{206,102.34,279.15}{207,102.73,280.15}{208,103.12,281.15}{209,103.51,282.15}{210,103.9,283.15}{211,104.29,284.15}{212,104.68,285.15}{213,105.07,286.15}{214,105.46,287.15}{215,105.85,288.15}{216,106.24,289.15}{217,106.63,290.15}{218,107.02,291.15}{219,107.4,292.15}{220,107.79,293.15}{221,108.18,294.15}{222,108.57,295.15}{223,108.96,296.15}{224,109.35,297.15}{225,109.73,298.15}{226,110.12,299.15}{227,110.51,300.15}{228,110.9,301.15}{229,111.28,302.15}{230,111.67,303.15}{231,112.06,304.15}{232,112.45,305.15}{233,112.83,306.15}{234,113.22,307.15}{235,113.61,308.15}{236,113.99,309.15}{237,114.38,310.15}{238,114.77,311.15}{239,115.15,312.15}{240,115.54,313.15}{241,115.93,314.15}{242,116.31,315.15}{243,116.7,316.15}{244,117.08,317.15}{245,117.47,318.15}{246,117.85,319.15}{247,118.24,320.15}{248,118.62,321.15}{249,119.01,322.15}{250,119.4,323.15}{251,119.78,324.15}{252,120.16,325.15}{253,120.55,326.15}{254,120.93,327.15}{255,121.32,328.15}{256,121.7,329.15}{257,122.09,330.15}{258,122.47,331.15}{259,122.86,332.15}{260,123.24,333.15}{261,123.62,334.15}{262,124.01,335.15}{263,124.39,336.15}{264,124.77,337.15}{265,125.17,338.15}{266,125.55,339.15}{267,125.93,340.15}{268,126.32,341.15}{269,126.7,342.15}{270,127.08,343.15}{271,127.46,344.15}{272,127.85,345.15}{273,128.23,346.15}{274,128.61,347.15}{275,128.99,348.15}{276,129.38,349.15}{277,129.76,350.15}{278,130.14,351.15}{279,130.52,352.15}{280,130.9,353.15}{281,131.28,354.15}{282,131.67,355.15}{283,132.05,356.15}{284,132.43,357.15}{285,132.81,358.15}{286,133.19,359.15}{287,133.57,360.15}{288,133.95,361.15}{289,134.33,362.15}{290,134.71,363.15}{291,135.09,364.15}{292,135.47,365.15}{293,135.85,366.15}{294,136.23,367.15}{295,136.61,368.15}{296,136.99,369.15}{297,137.37,370.15}{298,137.75,371.15}{299,138.13,372.15}{300,138.51,373.15}{301,138.89,374.15}{302,139.27,375.15}{303,139.65,376.15}{304,140.03,377.15}{305,140.39,378.15}{306,140.77,379.15}{307,141.15,380.15}{308,141.53,381.15}{309,141.91,382.15}{310,142.29,383.15}{311,142.66,384.15}{312,143.04,385.15}{313,143.42,386.15}{314,143.8,387.15}{315,144.18,388.15}{316,144.56,389.15}{317,144.94,390.15}{318,145.32,391.15}{319,145.69,392.15}{320,146.07,393.15}{321,146.45,394.15}{322,146.82,395.15}{323,147.2,396.15}{324,147.58,397.15}{325,147.95,398.15}{326,148.33,399.15}{327,148.71,400.15}{328,149.08,401.15}{329,149.46,402.15}{330,149.83,403.15}{331,150.21,404.15}{332,150.58,405.15}{333,150.96,406.15}{334,151.34,407.15}{335,151.71,408.15}{336,152.09,409.15}{337,152.46,410.15}{338,152.84,411.15}{339,153.21,412.15}{340,153.58,413.15}{341,153.95,414.15}{342,154.32,415.15}{343,154.71,416.15}{344,155.08,417.15}{345,155.46,418.15}{346,155.83,419.15}{347,156.21,420.15}{348,156.58,421.15}{349,156.96,422.15}{350,157.33,423.15}{351,157.71,424.15}{352,158.08,425.15}{353,158.45,426.15}{354,158.83,427.15}{355,159.2,428.15}{356,159.56,429.15}{357,159.94,430.15}{358,160.31,431.15}{359,160.68,432.15}{360,161.05,433.15}{361,161.43,434.15}{362,161.8,435.15}{363,162.17,436.15}{364,162.54,437.15}{365,162.91,438.15}{366,163.28,439.15}{367,163.66,440.15}{368,164.03,441.15}{369,164.4,442.15}{370,164.77,443.15}{371,165.14,444.15}{372,165.51,445.15}{373,165.88,446.15}{374,166.25,447.15}{375,166.62,448.15}{376,167,449.15}{377,167.37,450.15}{378,167.74,451.15}{379,168.11,452.15}{380,168.48,453.15}{381,168.85,454.15}{382,169.22,455.15}{383,169.59,456.15}{384,169.96,457.15}{385,170.33,458.15}{386,170.69,459.15}{387,171.06,460.15}{388,171.43,461.15}{389,171.8,462.15}{390,172.17,463.15}{391,172.54,464.15}{392,172.91,465.15}{393,173.27,466.15}{394,173.64,467.15}{395,174.01,468.15}{396,174.39,469.15}{397,174.75,470.15}{398,175.12,471.15}{399,175.49,472.15}{400,175.86,473.15}{401,176.23,474.15}{402,176.59,475.15}{403,176.96,476.15}{404,177.33,477.15}{405,177.7,478.15}{406,178.06,479.15}{407,178.43,480.15}{408,178.8,481.15}{409,179.16,482.15}{410,179.53,483.15}{411,179.9,484.15}{412,180.26,485.15}{413,180.63,486.15}{414,180.99,487.15}{415,181.36,488.15}{416,181.73,489.15}{417,182.09,490.15}{418,182.46,491.15}{419,182.82,492.15}{420,183.19,493.15}{421,183.55,494.15}{422,183.92,495.15}{423,184.28,496.15}{424,184.65,497.15}{425,185.01,498.15}{426,185.38,499.15}{427,185.74,500.15}{428,186.11,501.15}{429,186.47,502.15}{430,186.84,503.15}{431,187.2,504.15}{432,187.56,505.15}{433,187.93,506.15}{434,188.29,507.15}{435,188.65,508.15}{436,189.02,509.15}{437,189.38,510.15}{438,189.74,511.15}{439,190.11,512.15}{440,190.47,513.15}{441,190.83,514.15}{442,191.2,515.15}{443,191.56,516.15}{444,191.92,517.15}{445,192.28,518.15}{446,192.66,519.15}{447,193.02,520.15}{448,193.38,521.15}{449,193.74,522.15}{450,194.1,523.15}{451,194.47,524.15}{452,194.83,525.15}{453,195.19,526.15}{454,195.55,527.15}{455,195.9,528.15}{456,196.26,529.15}{457,196.62,530.15}{458,196.98,531.15}{459,197.35,532.15}{460,197.71,533.15}{461,198.07,534.15}{462,198.43,535.15}{463,198.79,536.15}{464,199.15,537.15}{465,199.51,538.15}{466,199.87,539.15}{467,200.23,540.15}{468,200.59,541.15}{469,200.95,542.15}{470,201.31,543.15}{471,201.67,544.15}{472,202.03,545.15}{473,202.38,546.15}{474,202.74,547.15}{475,203.1,548.15}{476,203.46,549.15}{477,203.82,550.15}{478,204.18,551.15}{479,204.54,552.15}{480,204.9,553.15}{481,205.25,554.15}{482,205.61,555.15}{483,205.97,556.15}{484,206.33,557.15}{485,206.7,558.15}{486,207.05,559.15}{487,207.41,560.15}{488,207.77,561.15}{489,208.13,562.15}{490,208.48,563.15}{491,208.84,564.15}{492,209.2,565.15}{493,209.55,566.15}{494,209.91,567.15}{495,210.27,568.15}{496,210.62,569.15}{497,210.98,570.15}{498,211.34,571.15}{499,211.69,572.15}{500,212.05,573.15}{501,212.4,574.15}{502,212.76,575.15}{503,213.12,576.15}{504,213.47,577.15}{505,213.83,578.15}{506,214.19,579.15}{507,214.55,580.15}{508,214.9,581.15}{509,215.26,582.15}{510,215.61,583.15}{511,215.97,584.15}{512,216.32,585.15}{513,216.68,586.15}{514,217.03,587.15}{515,217.39,588.15}{516,217.73,589.15}{517,218.08,590.15}{518,218.44,591.15}{519,218.79,592.15}{520,219.15,593.15}{521,219.5,594.15}{522,219.85,595.15}{523,220.21,596.15}{524,220.56,597.15}{525,220.91,598.15}{526,221.27,599.15}{527,221.62,600.15}{528,221.97,601.15}{529,222.32,602.15}{530,222.68,603.15}{531,223.03,604.15}{532,223.38,605.15}{533,223.73,606.15}{534,224.09,607.15}{535,224.45,608.15}{536,224.8,609.15}{537,225.15,610.15}{538,225.5,611.15}{539,225.85,612.15}{540,226.21,613.15}{541,226.56,614.15}{542,226.91,615.15}{543,227.26,616.15}{544,227.61,617.15}{545,227.96,618.15}{546,228.31,619.15}{547,228.66,620.15}{548,229.01,621.15}{549,229.36,622.15}{550,229.72,623.15}{551,230.07,624.15}{552,230.42,625.15}{553,230.77,626.15}{554,231.12,627.15}{555,231.47,628.15}{556,231.81,629.15}{557,232.16,630.15}{558,232.51,631.15}{559,232.86,632.15}{560,233.21,633.15}{561,233.56,634.15}{562,233.91,635.15}{563,234.26,636.15}{564,234.6,637.15}{565,234.95,638.15}{566,235.3,639.15}{567,235.65,640.15}{568,236,641.15}{569,236.35,642.15}{570,236.7,643.15}{571,237.05,644.15}{572,237.4,645.15}{573,237.75,646.15}{574,238.09,647.15}{575,238.44,648.15}{576,238.79,649.15}{577,239.14,650.15}{578,239.48,651.15}{579,239.83,652.15}{580,240.18,653.15}{581,240.52,654.15}{582,240.87,655.15}{583,241.22,656.15}{584,241.56,657.15}{585,241.91,658.15}{586,242.25,659.15}{587,242.6,660.15}{588,242.95,661.15}{589,243.29,662.15}{590,243.64,663.15}{591,243.98,664.15}{592,244.33,665.15}{593,244.67,666.15}{594,245.02,667.15}{595,245.36,668.15}{596,245.71,669.15}{597,246.05,670.15}{598,246.4,671.15}{599,246.74,672.15}{600,247.09,673.15}{601,247.43,674.15}{602,247.78,675.15}{603,248.12,676.15}{604,248.46,677.15}{605,248.81,678.15}{606,249.15,679.15}{607,249.5,680.15}{608,249.84,681.15}{609,250.18,682.15}{610,250.53,683.15}{611,250.89,684.15}{612,251.21,685.15}{613,251.55,686.15}{614,251.9,687.15}{615,252.24,688.15}{616,252.59,689.15}{617,252.94,690.15}{618,253.28,691.15}{619,253.62,692.15}{620,253.96,693.15}{621,254.3,694.15}{622,254.65,695.15}{623,254.99,696.15}{624,255.33,697.15}{625,255.67,698.15}{626,256.01,699.15}{627,256.35,700.15}{628,256.7,701.15}{629,257.04,702.15}{630,257.38,703.15}{631,257.72,704.15}{632,258.06,705.15}{633,258.4,706.15}{634,258.74,707.15}{635,259.08,708.15}{636,259.42,709.15}{637,259.76,710.15}{638,260.1,711.15}{639,260.44,712.15}{640,260.78,713.15}{641,261.12,714.15}{642,261.46,715.15}{643,261.8,716.15}{644,262.14,717.15}{645,262.48,718.15}{646,262.83,719.15}{647,263.17,720.15}{648,263.5,721.15}{649,263.84,722.15}{650,264.18,723.15}{651,264.52,724.15}{652,264.86,725.15}{653,265.2,726.15}{654,265.54,727.15}{655,265.87,728.15}{656,266.21,729.15}{657,266.55,730.15}{658,266.89,731.15}{659,267.22,732.15}{660,267.56,733.15}{661,267.9,734.15}{662,268.24,735.15}{663,268.57,736.15}{664,268.91,737.15}{665,269.25,738.15}{666,269.58,739.15}{667,269.92,740.15}{668,270.26,741.15}{669,270.59,742.15}{670,270.93,743.15}{671,271.27,744.15}{672,271.6,745.15}{673,271.94,746.15}{674,272.27,747.15}{675,272.61,748.15}{676,272.95,749.15}{677,273.28,750.15}{678,273.62,751.15}{679,273.95,752.15}{680,274.29,753.15}{681,274.62,754.15}{682,274.96,755.15}{683,275.29,756.15}{684,275.63,757.15}{685,275.96,758.15}{686,276.31,759.15}{687,276.64,760.15}{688,276.97,761.15}{689,277.31,762.15}{690,277.64,763.15}{691,277.98,764.15}{692,278.31,765.15}{693,278.64,766.15}{694,278.98,767.15}{695,279.31,768.15}{696,279.64,769.15}{697,279.98,770.15}{698,280.31,771.15}{699,280.64,772.15}{700,280.98,773.15}{701,281.31,774.15}{702,281.64,775.15}{703,281.97,776.15}{704,282.31,777.15}{705,282.64,778.15}{706,282.97,779.15}{707,283.3,780.15}{708,283.63,781.15}{709,283.97,782.15}{710,284.3,783.15}{711,284.63,784.15}{712,284.96,785.15}{713,285.29,786.15}{714,285.62,787.15}{715,285.95,788.15}{716,286.3,789.15}{717,286.63,790.15}{718,286.96,791.15}{719,287.29,792.15}{720,287.62,793.15}{721,287.95,794.15}{722,288.28,795.15}{723,288.61,796.15}{724,288.94,797.15}{725,289.27,798.15}{726,289.6,799.15}{727,289.93,800.15}{728,290.26,801.15}{729,290.59,802.15}{730,290.92,803.15}{731,291.25,804.15}{732,291.58,805.15}{733,291.9,806.15}{734,292.23,807.15}{735,292.56,808.15}{736,292.9,809.15}{737,293.23,810.15}{738,293.56,811.15}{739,293.89,812.15}{740,294.21,813.15}{741,294.54,814.15}{742,294.87,815.15}{743,295.2,816.15}{744,295.53,817.15}{745,295.85,818.15}{746,296.18,819.15}{747,296.51,820.15}{748,296.84,821.15}{749,297.16,822.15}{750,297.49,823.15}{751,297.82,824.15}{752,298.14,825.15}{753,298.47,826.15}{754,298.8,827.15}{755,299.12,828.15}{756,299.45,829.15}{757,299.78,830.15}{758,300.1,831.15}{759,300.43,832.15}{760,300.75,833.15}{761,301.08,834.15}{762,301.41,835.15}{763,301.73,836.15}{764,302.06,837.15}{765,302.38,838.15}{766,302.71,839.15}{767,303.03,840.15}{768,303.36,841.15}{769,303.68,842.15}{770,304.01,843.15}{771,304.33,844.15}{772,304.66,845.15}{773,304.98,846.15}{774,305.3,847.15}{775,305.63,848.15}{776,305.95,849.15}{777,306.28,850.15}{778,306.6,851.15}{779,306.92,852.15}{780,307.25,853.15}{781,307.57,854.15}{782,307.89,855.15}{783,308.22,856.15}{784,308.54,857.15}{785,308.86,858.15}{786,309.19,859.15}{787,309.51,860.15}{788,309.83,861.15}{789,310.15,862.15}{790,310.48,863.15}{791,310.8,864.15}{792,311.12,865.15}{793,311.45,866.15}{794,311.78,867.15}{795,312.1,868.15}{796,312.43,869.15}{797,312.75,870.15}{798,313.07,871.15}{799,313.39,872.15}{800,313.71,873.15}{801,314.04,874.15}{802,314.36,875.15}{803,314.68,876.15}{804,315,877.15}{805,315.32,878.15}{806,315.64,879.15}{807,315.96,880.15}{808,316.28,881.15}{809,316.6,882.15}{810,316.92,883.15}{811,317.24,884.15}{812,317.56,885.15}{813,317.88,886.15}{814,318.2,887.15}{815,318.52,888.15}{816,318.85,889.15}{817,319.17,890.15}{818,319.49,891.15}{819,319.81,892.15}{820,320.12,893.15}{821,320.44,894.15}{822,320.76,895.15}{823,321.08,896.15}{824,321.4,897.15}{825,321.72,898.15}{826,322.03,899.15}{827,322.34,900.15}{828,322.66,901.15}{829,322.98,902.15}{830,323.3,903.15}{831,323.61,904.15}{832,323.93,905.15}{833,324.25,906.15}{834,324.57,907.15}{835,324.88,908.15}{836,325.21,909.15}{837,325.53,910.15}{838,325.85,911.15}{839,326.16,912.15}{840,326.48,913.15}{841,326.79,914.15}{842,327.11,915.15}{843,327.43,916.15}{844,327.74,917.15}{845,328.06,918.15}{846,328.38,919.15}{847,328.69,920.15}{848,329.01,921.15}{849,329.32,922.15}{850,329.64,923.15}{851,329.95,924.15}{852,330.27,925.15}{853,330.58,926.15}{854,330.9,927.15}{855,331.21,928.15}{856,331.53,929.15}{857,331.84,930.15}{858,332.16,931.15}{859,332.47,932.15}{860,332.79,933.15}{861,333.1,934.15}{862,333.41,935.15}{863,333.73,936.15}{864,334.04,937.15}{865,334.36,938.15}{866,334.68,939.15}{867,334.99,940.15}{868,335.31,941.15}{869,335.62,942.15}{870,335.93,943.15}{871,336.25,944.15}{872,336.56,945.15}{873,336.87,946.15}{874,337.18,947.15}{875,337.5,948.15}{876,337.81,949.15}{877,338.12,950.15}{878,338.43,951.15}{879,338.75,952.15}{880,339.06,953.15}{881,339.37,954.15}{882,339.68,955.15}{883,339.99,956.15}{884,340.3,957.15}{885,340.62,958.15}{886,340.94,959.15}{887,341.25,960.15}{888,341.55,961.15}{889,341.87,962.15}{890,342.18,963.15}{891,342.49,964.15}{892,342.8,965.15}{893,343.11,966.15}{894,343.42,967.15}{895,343.73,968.15}{896,344.04,969.15}{897,344.35,970.15}{898,344.66,971.15}{899,344.97,972.15}{900,345.28,973.15}{901,345.59,974.15}{902,345.9,975.15}{903,346.21,976.15}{904,346.52,977.15}{905,346.83,978.15}{906,347.15,979.15}{907,347.46,980.15}{908,347.76,981.15}{909,348.07,982.15}{910,348.38,983.15}{911,348.69,984.15}{912,349,985.15}{913,349.31,986.15}{914,349.61,987.15}{915,349.92,988.15}{916,350.23,989.15}{917,350.54,990.15}{918,350.85,991.15}{919,351.15,992.15}{920,351.46,993.15}{921,351.77,994.15}{922,352.07,995.15}{923,352.38,996.15}{924,352.69,997.15}{925,352.99,998.15}{926,353.3,999.15}{927,353.61,1000.15}{928,353.91,1001.15}{929,354.22,1002.15}{930,354.53,1003.15}{931,354.83,1004.15}{932,355.14,1005.15}{933,355.44,1006.15}{934,355.75,1007.15}{935,356.06,1008.15}{936,356.37,1009.15}{937,356.68,1010.15}{938,356.98,1011.15}{939,357.29,1012.15}{940,357.59,1013.15}{941,357.9,1014.15}{942,358.2,1015.15}{943,358.51,1016.15}{944,358.81,1017.15}{945,359.12,1018.15}{946,359.42,1019.15}{947,359.72,1020.15}{948,360.03,1021.15}{949,360.33,1022.15}{950,360.64,1023.15}{951,360.94,1024.15}{952,361.24,1025.15}{953,361.55,1026.15}{954,361.85,1027.15}{955,362.15,1028.15}{956,362.46,1029.15}{957,362.76,1030.15}{958,363.06,1031.15}{959,363.36,1032.15}{960,363.67,1033.15}{961,363.97,1034.15}{962,364.27,1035.15}{963,364.57,1036.15}{964,364.88,1037.15}{965,365.18,1038.15}{966,365.49,1039.15}{967,365.79,1040.15}{968,366.09,1041.15}{969,366.4,1042.15}{970,366.7,1043.15}{971,367,1044.15}{972,367.3,1045.15}{973,367.6,1046.15}{974,367.9,1047.15}{975,368.2,1048.15}{976,368.5,1049.15}{977,368.81,1050.15}{978,369.11,1051.15}{979,369.41,1052.15}{980,369.71,1053.15}{981,370.01,1054.15}{982,370.31,1055.15}{983,370.61,1056.15}{984,370.91,1057.15}{985,371.21,1058.15}{986,371.52,1059.15}{987,371.82,1060.15}{988,372.12,1061.15}{989,372.41,1062.15}{990,372.71,1063.15}{991,373.01,1064.15}{992,373.31,1065.15}{993,373.61,1066.15}{994,373.91,1067.15}{995,374.21,1068.15}{996,374.51,1069.15}{997,374.8,1070.15}{998,375.1,1071.15}{999,375.4,1072.15}{1000,375.7,1073.15}{1001,376,1074.15}{1002,376.29,1075.15}{1003,376.59,1076.15}{1004,376.89,1077.15}{1005,377.19,1078.15}{1006,377.49,1079.15}{1007,377.79,1080.15}{1008,378.09,1081.15}{1009,378.39,1082.15}{1010,378.68,1083.15}{1011,378.98,1084.15}{1012,379.28,1085.15}{1013,379.57,1086.15}{1014,379.87,1087.15}{1015,380.17,1088.15}{1016,380.46,1089.15}{1017,380.76,1090.15}{1018,381.05,1091.15}{1019,381.35,1092.15}{1020,381.65,1093.15}{1021,381.94,1094.15}{1022,382.24,1095.15}{1023,382.53,1096.15}{1024,382.83,1097.15}{1025,383.12,1098.15}{1026,383.42,1099.15}{1027,383.71,1100.15}{1028,384.01,1101.15}{1029,384.3,1102.15}{1030,384.6,1103.15}{1031,384.89,1104.15}{1032,385.18,1105.15}{1033,385.48,1106.15}{1034,385.77,1107.15}{1035,386.07,1108.15}{1036,386.37,1109.15}{1037,386.66,1110.15}{1038,386.96,1111.15}{1039,387.25,1112.15}{1040,387.55,1113.15}{1041,387.84,1114.15}{1042,388.13,1115.15}{1043,388.42,1116.15}{1044,388.72,1117.15}{1045,389.01,1118.15}{1046,389.31,1119.15}{1047,389.61,1120.15}{1048,389.9,1121.15}{1049,390.19,1122.15}{1050,390.48,1123.15}&quot;"/>
                                                <instance name="dev01/Config/ch00011/rate" order="0" value="10"/>
                                                <instance name="dev02/Config/ch00001/enable" order="1" value="1"/>
                                                <instance name="dev02/Config/ch00002/enable" order="1" value="1"/>
                                                <instance name="dev02/Config/ch00003/enable" order="1" value="1"/>
                                                <instance name="dev02/Config/ch00004/rate" order="0" value="10"/>
                                                <instance name="dev02/Config/ch00003/Calibration_Sensor_Curve" order="0" value="&quot;{0,18.52,73.15}{1,18.96,74.15}{2,19.39,75.15}{3,19.82,76.15}{4,20.25,77.15}{5,20.68,78.15}{6,21.11,79.15}{7,21.54,80.15}{8,21.97,81.15}{9,22.4,82.15}{10,22.83,83.15}{11,23.26,84.15}{12,23.69,85.15}{13,24.12,86.15}{14,24.55,87.15}{15,24.97,88.15}{16,25.39,89.15}{17,25.82,90.15}{18,26.25,91.15}{19,26.67,92.15}{20,27.1,93.15}{21,27.52,94.15}{22,27.95,95.15}{23,28.37,96.15}{24,28.8,97.15}{25,29.22,98.15}{26,29.65,99.15}{27,30.07,100.15}{28,30.49,101.15}{29,30.92,102.15}{30,31.34,103.15}{31,31.76,104.15}{32,32.18,105.15}{33,32.61,106.15}{34,33.03,107.15}{35,33.45,108.15}{36,33.86,109.15}{37,34.28,110.15}{38,34.7,111.15}{39,35.12,112.15}{40,35.54,113.15}{41,35.96,114.15}{42,36.38,115.15}{43,36.8,116.15}{44,37.22,117.15}{45,37.63,118.15}{46,38.05,119.15}{47,38.47,120.15}{48,38.89,121.15}{49,39.31,122.15}{50,39.72,123.15}{51,40.14,124.15}{52,40.56,125.15}{53,40.97,126.15}{54,41.39,127.15}{55,41.8,128.15}{56,42.22,129.15}{57,42.64,130.15}{58,43.05,131.15}{59,43.46,132.15}{60,43.88,133.15}{61,44.29,134.15}{62,44.71,135.15}{63,45.12,136.15}{64,45.53,137.15}{65,45.95,138.15}{66,46.35,139.15}{67,46.76,140.15}{68,47.18,141.15}{69,47.59,142.15}{70,48,143.15}{71,48.41,144.15}{72,48.82,145.15}{73,49.23,146.15}{74,49.64,147.15}{75,50.06,148.15}{76,50.47,149.15}{77,50.88,150.15}{78,51.29,151.15}{79,51.7,152.15}{80,52.11,153.15}{81,52.52,154.15}{82,52.92,155.15}{83,53.33,156.15}{84,53.74,157.15}{85,54.15,158.15}{86,54.56,159.15}{87,54.97,160.15}{88,55.38,161.15}{89,55.78,162.15}{90,56.19,163.15}{91,56.6,164.15}{92,57,165.15}{93,57.41,166.15}{94,57.82,167.15}{95,58.22,168.15}{96,58.63,169.15}{97,59.04,170.15}{98,59.44,171.15}{99,59.85,172.15}{100,60.26,173.15}{101,60.67,174.15}{102,61.07,175.15}{103,61.48,176.15}{104,61.87,177.15}{105,62.29,178.15}{106,62.69,179.15}{107,63.1,180.15}{108,63.5,181.15}{109,63.91,182.15}{110,64.3,183.15}{111,64.7,184.15}{112,65.11,185.15}{113,65.51,186.15}{114,65.91,187.15}{115,66.31,188.15}{116,66.72,189.15}{117,67.12,190.15}{118,67.52,191.15}{119,67.92,192.15}{120,68.33,193.15}{121,68.73,194.15}{122,69.13,195.15}{123,69.53,196.15}{124,69.93,197.15}{125,70.33,198.15}{126,70.73,199.15}{127,71.13,200.15}{128,71.53,201.15}{129,71.93,202.15}{130,72.33,203.15}{131,72.73,204.15}{132,73.13,205.15}{133,73.53,206.15}{134,73.93,207.15}{135,74.33,208.15}{136,74.73,209.15}{137,75.13,210.15}{138,75.53,211.15}{139,75.93,212.15}{140,76.33,213.15}{141,76.73,214.15}{142,77.13,215.15}{143,77.52,216.15}{144,77.92,217.15}{145,78.32,218.15}{146,78.72,219.15}{147,79.11,220.15}{148,79.51,221.15}{149,79.91,222.15}{150,80.31,223.15}{151,80.7,224.15}{152,81.1,225.15}{153,81.5,226.15}{154,81.89,227.15}{155,82.29,228.15}{156,82.69,229.15}{157,83.08,230.15}{158,83.48,231.15}{159,83.88,232.15}{160,84.27,233.15}{161,84.67,234.15}{162,85.06,235.15}{163,85.46,236.15}{164,85.85,237.15}{165,86.25,238.15}{166,86.64,239.15}{167,87.04,240.15}{168,87.43,241.15}{169,87.83,242.15}{170,88.22,243.15}{171,88.62,244.15}{172,89.01,245.15}{173,89.4,246.15}{174,89.8,247.15}{175,90.19,248.15}{176,90.59,249.15}{177,90.98,250.15}{178,91.37,251.15}{179,91.77,252.15}{180,92.16,253.15}{181,92.55,254.15}{182,92.95,255.15}{183,93.34,256.15}{184,93.73,257.15}{185,94.12,258.15}{186,94.52,259.15}{187,94.91,260.15}{188,95.3,261.15}{189,95.69,262.15}{190,96.09,263.15}{191,96.48,264.15}{192,96.87,265.15}{193,97.26,266.15}{194,97.65,267.15}{195,98.04,268.15}{196,98.44,269.15}{197,98.83,270.15}{198,99.22,271.15}{199,99.61,272.15}{200,100,273.15}{201,100.39,274.15}{202,100.78,275.15}{203,101.17,276.15}{204,101.56,277.15}{205,101.95,278.15}{206,102.34,279.15}{207,102.73,280.15}{208,103.12,281.15}{209,103.51,282.15}{210,103.9,283.15}{211,104.29,284.15}{212,104.68,285.15}{213,105.07,286.15}{214,105.46,287.15}{215,105.85,288.15}{216,106.24,289.15}{217,106.63,290.15}{218,107.02,291.15}{219,107.4,292.15}{220,107.79,293.15}{221,108.18,294.15}{222,108.57,295.15}{223,108.96,296.15}{224,109.35,297.15}{225,109.73,298.15}{226,110.12,299.15}{227,110.51,300.15}{228,110.9,301.15}{229,111.28,302.15}{230,111.67,303.15}{231,112.06,304.15}{232,112.45,305.15}{233,112.83,306.15}{234,113.22,307.15}{235,113.61,308.15}{236,113.99,309.15}{237,114.38,310.15}{238,114.77,311.15}{239,115.15,312.15}{240,115.54,313.15}{241,115.93,314.15}{242,116.31,315.15}{243,116.7,316.15}{244,117.08,317.15}{245,117.47,318.15}{246,117.85,319.15}{247,118.24,320.15}{248,118.62,321.15}{249,119.01,322.15}{250,119.4,323.15}{251,119.78,324.15}{252,120.16,325.15}{253,120.55,326.15}{254,120.93,327.15}{255,121.32,328.15}{256,121.7,329.15}{257,122.09,330.15}{258,122.47,331.15}{259,122.86,332.15}{260,123.24,333.15}{261,123.62,334.15}{262,124.01,335.15}{263,124.39,336.15}{264,124.77,337.15}{265,125.17,338.15}{266,125.55,339.15}{267,125.93,340.15}{268,126.32,341.15}{269,126.7,342.15}{270,127.08,343.15}{271,127.46,344.15}{272,127.85,345.15}{273,128.23,346.15}{274,128.61,347.15}{275,128.99,348.15}{276,129.38,349.15}{277,129.76,350.15}{278,130.14,351.15}{279,130.52,352.15}{280,130.9,353.15}{281,131.28,354.15}{282,131.67,355.15}{283,132.05,356.15}{284,132.43,357.15}{285,132.81,358.15}{286,133.19,359.15}{287,133.57,360.15}{288,133.95,361.15}{289,134.33,362.15}{290,134.71,363.15}{291,135.09,364.15}{292,135.47,365.15}{293,135.85,366.15}{294,136.23,367.15}{295,136.61,368.15}{296,136.99,369.15}{297,137.37,370.15}{298,137.75,371.15}{299,138.13,372.15}{300,138.51,373.15}{301,138.89,374.15}{302,139.27,375.15}{303,139.65,376.15}{304,140.03,377.15}{305,140.39,378.15}{306,140.77,379.15}{307,141.15,380.15}{308,141.53,381.15}{309,141.91,382.15}{310,142.29,383.15}{311,142.66,384.15}{312,143.04,385.15}{313,143.42,386.15}{314,143.8,387.15}{315,144.18,388.15}{316,144.56,389.15}{317,144.94,390.15}{318,145.32,391.15}{319,145.69,392.15}{320,146.07,393.15}{321,146.45,394.15}{322,146.82,395.15}{323,147.2,396.15}{324,147.58,397.15}{325,147.95,398.15}{326,148.33,399.15}{327,148.71,400.15}{328,149.08,401.15}{329,149.46,402.15}{330,149.83,403.15}{331,150.21,404.15}{332,150.58,405.15}{333,150.96,406.15}{334,151.34,407.15}{335,151.71,408.15}{336,152.09,409.15}{337,152.46,410.15}{338,152.84,411.15}{339,153.21,412.15}{340,153.58,413.15}{341,153.95,414.15}{342,154.32,415.15}{343,154.71,416.15}{344,155.08,417.15}{345,155.46,418.15}{346,155.83,419.15}{347,156.21,420.15}{348,156.58,421.15}{349,156.96,422.15}{350,157.33,423.15}{351,157.71,424.15}{352,158.08,425.15}{353,158.45,426.15}{354,158.83,427.15}{355,159.2,428.15}{356,159.56,429.15}{357,159.94,430.15}{358,160.31,431.15}{359,160.68,432.15}{360,161.05,433.15}{361,161.43,434.15}{362,161.8,435.15}{363,162.17,436.15}{364,162.54,437.15}{365,162.91,438.15}{366,163.28,439.15}{367,163.66,440.15}{368,164.03,441.15}{369,164.4,442.15}{370,164.77,443.15}{371,165.14,444.15}{372,165.51,445.15}{373,165.88,446.15}{374,166.25,447.15}{375,166.62,448.15}{376,167,449.15}{377,167.37,450.15}{378,167.74,451.15}{379,168.11,452.15}{380,168.48,453.15}{381,168.85,454.15}{382,169.22,455.15}{383,169.59,456.15}{384,169.96,457.15}{385,170.33,458.15}{386,170.69,459.15}{387,171.06,460.15}{388,171.43,461.15}{389,171.8,462.15}{390,172.17,463.15}{391,172.54,464.15}{392,172.91,465.15}{393,173.27,466.15}{394,173.64,467.15}{395,174.01,468.15}{396,174.39,469.15}{397,174.75,470.15}{398,175.12,471.15}{399,175.49,472.15}{400,175.86,473.15}{401,176.23,474.15}{402,176.59,475.15}{403,176.96,476.15}{404,177.33,477.15}{405,177.7,478.15}{406,178.06,479.15}{407,178.43,480.15}{408,178.8,481.15}{409,179.16,482.15}{410,179.53,483.15}{411,179.9,484.15}{412,180.26,485.15}{413,180.63,486.15}{414,180.99,487.15}{415,181.36,488.15}{416,181.73,489.15}{417,182.09,490.15}{418,182.46,491.15}{419,182.82,492.15}{420,183.19,493.15}{421,183.55,494.15}{422,183.92,495.15}{423,184.28,496.15}{424,184.65,497.15}{425,185.01,498.15}{426,185.38,499.15}{427,185.74,500.15}{428,186.11,501.15}{429,186.47,502.15}{430,186.84,503.15}{431,187.2,504.15}{432,187.56,505.15}{433,187.93,506.15}{434,188.29,507.15}{435,188.65,508.15}{436,189.02,509.15}{437,189.38,510.15}{438,189.74,511.15}{439,190.11,512.15}{440,190.47,513.15}{441,190.83,514.15}{442,191.2,515.15}{443,191.56,516.15}{444,191.92,517.15}{445,192.28,518.15}{446,192.66,519.15}{447,193.02,520.15}{448,193.38,521.15}{449,193.74,522.15}{450,194.1,523.15}{451,194.47,524.15}{452,194.83,525.15}{453,195.19,526.15}{454,195.55,527.15}{455,195.9,528.15}{456,196.26,529.15}{457,196.62,530.15}{458,196.98,531.15}{459,197.35,532.15}{460,197.71,533.15}{461,198.07,534.15}{462,198.43,535.15}{463,198.79,536.15}{464,199.15,537.15}{465,199.51,538.15}{466,199.87,539.15}{467,200.23,540.15}{468,200.59,541.15}{469,200.95,542.15}{470,201.31,543.15}{471,201.67,544.15}{472,202.03,545.15}{473,202.38,546.15}{474,202.74,547.15}{475,203.1,548.15}{476,203.46,549.15}{477,203.82,550.15}{478,204.18,551.15}{479,204.54,552.15}{480,204.9,553.15}{481,205.25,554.15}{482,205.61,555.15}{483,205.97,556.15}{484,206.33,557.15}{485,206.7,558.15}{486,207.05,559.15}{487,207.41,560.15}{488,207.77,561.15}{489,208.13,562.15}{490,208.48,563.15}{491,208.84,564.15}{492,209.2,565.15}{493,209.55,566.15}{494,209.91,567.15}{495,210.27,568.15}{496,210.62,569.15}{497,210.98,570.15}{498,211.34,571.15}{499,211.69,572.15}{500,212.05,573.15}{501,212.4,574.15}{502,212.76,575.15}{503,213.12,576.15}{504,213.47,577.15}{505,213.83,578.15}{506,214.19,579.15}{507,214.55,580.15}{508,214.9,581.15}{509,215.26,582.15}{510,215.61,583.15}{511,215.97,584.15}{512,216.32,585.15}{513,216.68,586.15}{514,217.03,587.15}{515,217.39,588.15}{516,217.73,589.15}{517,218.08,590.15}{518,218.44,591.15}{519,218.79,592.15}{520,219.15,593.15}{521,219.5,594.15}{522,219.85,595.15}{523,220.21,596.15}{524,220.56,597.15}{525,220.91,598.15}{526,221.27,599.15}{527,221.62,600.15}{528,221.97,601.15}{529,222.32,602.15}{530,222.68,603.15}{531,223.03,604.15}{532,223.38,605.15}{533,223.73,606.15}{534,224.09,607.15}{535,224.45,608.15}{536,224.8,609.15}{537,225.15,610.15}{538,225.5,611.15}{539,225.85,612.15}{540,226.21,613.15}{541,226.56,614.15}{542,226.91,615.15}{543,227.26,616.15}{544,227.61,617.15}{545,227.96,618.15}{546,228.31,619.15}{547,228.66,620.15}{548,229.01,621.15}{549,229.36,622.15}{550,229.72,623.15}{551,230.07,624.15}{552,230.42,625.15}{553,230.77,626.15}{554,231.12,627.15}{555,231.47,628.15}{556,231.81,629.15}{557,232.16,630.15}{558,232.51,631.15}{559,232.86,632.15}{560,233.21,633.15}{561,233.56,634.15}{562,233.91,635.15}{563,234.26,636.15}{564,234.6,637.15}{565,234.95,638.15}{566,235.3,639.15}{567,235.65,640.15}{568,236,641.15}{569,236.35,642.15}{570,236.7,643.15}{571,237.05,644.15}{572,237.4,645.15}{573,237.75,646.15}{574,238.09,647.15}{575,238.44,648.15}{576,238.79,649.15}{577,239.14,650.15}{578,239.48,651.15}{579,239.83,652.15}{580,240.18,653.15}{581,240.52,654.15}{582,240.87,655.15}{583,241.22,656.15}{584,241.56,657.15}{585,241.91,658.15}{586,242.25,659.15}{587,242.6,660.15}{588,242.95,661.15}{589,243.29,662.15}{590,243.64,663.15}{591,243.98,664.15}{592,244.33,665.15}{593,244.67,666.15}{594,245.02,667.15}{595,245.36,668.15}{596,245.71,669.15}{597,246.05,670.15}{598,246.4,671.15}{599,246.74,672.15}{600,247.09,673.15}{601,247.43,674.15}{602,247.78,675.15}{603,248.12,676.15}{604,248.46,677.15}{605,248.81,678.15}{606,249.15,679.15}{607,249.5,680.15}{608,249.84,681.15}{609,250.18,682.15}{610,250.53,683.15}{611,250.89,684.15}{612,251.21,685.15}{613,251.55,686.15}{614,251.9,687.15}{615,252.24,688.15}{616,252.59,689.15}{617,252.94,690.15}{618,253.28,691.15}{619,253.62,692.15}{620,253.96,693.15}{621,254.3,694.15}{622,254.65,695.15}{623,254.99,696.15}{624,255.33,697.15}{625,255.67,698.15}{626,256.01,699.15}{627,256.35,700.15}{628,256.7,701.15}{629,257.04,702.15}{630,257.38,703.15}{631,257.72,704.15}{632,258.06,705.15}{633,258.4,706.15}{634,258.74,707.15}{635,259.08,708.15}{636,259.42,709.15}{637,259.76,710.15}{638,260.1,711.15}{639,260.44,712.15}{640,260.78,713.15}{641,261.12,714.15}{642,261.46,715.15}{643,261.8,716.15}{644,262.14,717.15}{645,262.48,718.15}{646,262.83,719.15}{647,263.17,720.15}{648,263.5,721.15}{649,263.84,722.15}{650,264.18,723.15}{651,264.52,724.15}{652,264.86,725.15}{653,265.2,726.15}{654,265.54,727.15}{655,265.87,728.15}{656,266.21,729.15}{657,266.55,730.15}{658,266.89,731.15}{659,267.22,732.15}{660,267.56,733.15}{661,267.9,734.15}{662,268.24,735.15}{663,268.57,736.15}{664,268.91,737.15}{665,269.25,738.15}{666,269.58,739.15}{667,269.92,740.15}{668,270.26,741.15}{669,270.59,742.15}{670,270.93,743.15}{671,271.27,744.15}{672,271.6,745.15}{673,271.94,746.15}{674,272.27,747.15}{675,272.61,748.15}{676,272.95,749.15}{677,273.28,750.15}{678,273.62,751.15}{679,273.95,752.15}{680,274.29,753.15}{681,274.62,754.15}{682,274.96,755.15}{683,275.29,756.15}{684,275.63,757.15}{685,275.96,758.15}{686,276.31,759.15}{687,276.64,760.15}{688,276.97,761.15}{689,277.31,762.15}{690,277.64,763.15}{691,277.98,764.15}{692,278.31,765.15}{693,278.64,766.15}{694,278.98,767.15}{695,279.31,768.15}{696,279.64,769.15}{697,279.98,770.15}{698,280.31,771.15}{699,280.64,772.15}{700,280.98,773.15}{701,281.31,774.15}{702,281.64,775.15}{703,281.97,776.15}{704,282.31,777.15}{705,282.64,778.15}{706,282.97,779.15}{707,283.3,780.15}{708,283.63,781.15}{709,283.97,782.15}{710,284.3,783.15}{711,284.63,784.15}{712,284.96,785.15}{713,285.29,786.15}{714,285.62,787.15}{715,285.95,788.15}{716,286.3,789.15}{717,286.63,790.15}{718,286.96,791.15}{719,287.29,792.15}{720,287.62,793.15}{721,287.95,794.15}{722,288.28,795.15}{723,288.61,796.15}{724,288.94,797.15}{725,289.27,798.15}{726,289.6,799.15}{727,289.93,800.15}{728,290.26,801.15}{729,290.59,802.15}{730,290.92,803.15}{731,291.25,804.15}{732,291.58,805.15}{733,291.9,806.15}{734,292.23,807.15}{735,292.56,808.15}{736,292.9,809.15}{737,293.23,810.15}{738,293.56,811.15}{739,293.89,812.15}{740,294.21,813.15}{741,294.54,814.15}{742,294.87,815.15}{743,295.2,816.15}{744,295.53,817.15}{745,295.85,818.15}{746,296.18,819.15}{747,296.51,820.15}{748,296.84,821.15}{749,297.16,822.15}{750,297.49,823.15}{751,297.82,824.15}{752,298.14,825.15}{753,298.47,826.15}{754,298.8,827.15}{755,299.12,828.15}{756,299.45,829.15}{757,299.78,830.15}{758,300.1,831.15}{759,300.43,832.15}{760,300.75,833.15}{761,301.08,834.15}{762,301.41,835.15}{763,301.73,836.15}{764,302.06,837.15}{765,302.38,838.15}{766,302.71,839.15}{767,303.03,840.15}{768,303.36,841.15}{769,303.68,842.15}{770,304.01,843.15}{771,304.33,844.15}{772,304.66,845.15}{773,304.98,846.15}{774,305.3,847.15}{775,305.63,848.15}{776,305.95,849.15}{777,306.28,850.15}{778,306.6,851.15}{779,306.92,852.15}{780,307.25,853.15}{781,307.57,854.15}{782,307.89,855.15}{783,308.22,856.15}{784,308.54,857.15}{785,308.86,858.15}{786,309.19,859.15}{787,309.51,860.15}{788,309.83,861.15}{789,310.15,862.15}{790,310.48,863.15}{791,310.8,864.15}{792,311.12,865.15}{793,311.45,866.15}{794,311.78,867.15}{795,312.1,868.15}{796,312.43,869.15}{797,312.75,870.15}{798,313.07,871.15}{799,313.39,872.15}{800,313.71,873.15}{801,314.04,874.15}{802,314.36,875.15}{803,314.68,876.15}{804,315,877.15}{805,315.32,878.15}{806,315.64,879.15}{807,315.96,880.15}{808,316.28,881.15}{809,316.6,882.15}{810,316.92,883.15}{811,317.24,884.15}{812,317.56,885.15}{813,317.88,886.15}{814,318.2,887.15}{815,318.52,888.15}{816,318.85,889.15}{817,319.17,890.15}{818,319.49,891.15}{819,319.81,892.15}{820,320.12,893.15}{821,320.44,894.15}{822,320.76,895.15}{823,321.08,896.15}{824,321.4,897.15}{825,321.72,898.15}{826,322.03,899.15}{827,322.34,900.15}{828,322.66,901.15}{829,322.98,902.15}{830,323.3,903.15}{831,323.61,904.15}{832,323.93,905.15}{833,324.25,906.15}{834,324.57,907.15}{835,324.88,908.15}{836,325.21,909.15}{837,325.53,910.15}{838,325.85,911.15}{839,326.16,912.15}{840,326.48,913.15}{841,326.79,914.15}{842,327.11,915.15}{843,327.43,916.15}{844,327.74,917.15}{845,328.06,918.15}{846,328.38,919.15}{847,328.69,920.15}{848,329.01,921.15}{849,329.32,922.15}{850,329.64,923.15}{851,329.95,924.15}{852,330.27,925.15}{853,330.58,926.15}{854,330.9,927.15}{855,331.21,928.15}{856,331.53,929.15}{857,331.84,930.15}{858,332.16,931.15}{859,332.47,932.15}{860,332.79,933.15}{861,333.1,934.15}{862,333.41,935.15}{863,333.73,936.15}{864,334.04,937.15}{865,334.36,938.15}{866,334.68,939.15}{867,334.99,940.15}{868,335.31,941.15}{869,335.62,942.15}{870,335.93,943.15}{871,336.25,944.15}{872,336.56,945.15}{873,336.87,946.15}{874,337.18,947.15}{875,337.5,948.15}{876,337.81,949.15}{877,338.12,950.15}{878,338.43,951.15}{879,338.75,952.15}{880,339.06,953.15}{881,339.37,954.15}{882,339.68,955.15}{883,339.99,956.15}{884,340.3,957.15}{885,340.62,958.15}{886,340.94,959.15}{887,341.25,960.15}{888,341.55,961.15}{889,341.87,962.15}{890,342.18,963.15}{891,342.49,964.15}{892,342.8,965.15}{893,343.11,966.15}{894,343.42,967.15}{895,343.73,968.15}{896,344.04,969.15}{897,344.35,970.15}{898,344.66,971.15}{899,344.97,972.15}{900,345.28,973.15}{901,345.59,974.15}{902,345.9,975.15}{903,346.21,976.15}{904,346.52,977.15}{905,346.83,978.15}{906,347.15,979.15}{907,347.46,980.15}{908,347.76,981.15}{909,348.07,982.15}{910,348.38,983.15}{911,348.69,984.15}{912,349,985.15}{913,349.31,986.15}{914,349.61,987.15}{915,349.92,988.15}{916,350.23,989.15}{917,350.54,990.15}{918,350.85,991.15}{919,351.15,992.15}{920,351.46,993.15}{921,351.77,994.15}{922,352.07,995.15}{923,352.38,996.15}{924,352.69,997.15}{925,352.99,998.15}{926,353.3,999.15}{927,353.61,1000.15}{928,353.91,1001.15}{929,354.22,1002.15}{930,354.53,1003.15}{931,354.83,1004.15}{932,355.14,1005.15}{933,355.44,1006.15}{934,355.75,1007.15}{935,356.06,1008.15}{936,356.37,1009.15}{937,356.68,1010.15}{938,356.98,1011.15}{939,357.29,1012.15}{940,357.59,1013.15}{941,357.9,1014.15}{942,358.2,1015.15}{943,358.51,1016.15}{944,358.81,1017.15}{945,359.12,1018.15}{946,359.42,1019.15}{947,359.72,1020.15}{948,360.03,1021.15}{949,360.33,1022.15}{950,360.64,1023.15}{951,360.94,1024.15}{952,361.24,1025.15}{953,361.55,1026.15}{954,361.85,1027.15}{955,362.15,1028.15}{956,362.46,1029.15}{957,362.76,1030.15}{958,363.06,1031.15}{959,363.36,1032.15}{960,363.67,1033.15}{961,363.97,1034.15}{962,364.27,1035.15}{963,364.57,1036.15}{964,364.88,1037.15}{965,365.18,1038.15}{966,365.49,1039.15}{967,365.79,1040.15}{968,366.09,1041.15}{969,366.4,1042.15}{970,366.7,1043.15}{971,367,1044.15}{972,367.3,1045.15}{973,367.6,1046.15}{974,367.9,1047.15}{975,368.2,1048.15}{976,368.5,1049.15}{977,368.81,1050.15}{978,369.11,1051.15}{979,369.41,1052.15}{980,369.71,1053.15}{981,370.01,1054.15}{982,370.31,1055.15}{983,370.61,1056.15}{984,370.91,1057.15}{985,371.21,1058.15}{986,371.52,1059.15}{987,371.82,1060.15}{988,372.12,1061.15}{989,372.41,1062.15}{990,372.71,1063.15}{991,373.01,1064.15}{992,373.31,1065.15}{993,373.61,1066.15}{994,373.91,1067.15}{995,374.21,1068.15}{996,374.51,1069.15}{997,374.8,1070.15}{998,375.1,1071.15}{999,375.4,1072.15}{1000,375.7,1073.15}{1001,376,1074.15}{1002,376.29,1075.15}{1003,376.59,1076.15}{1004,376.89,1077.15}{1005,377.19,1078.15}{1006,377.49,1079.15}{1007,377.79,1080.15}{1008,378.09,1081.15}{1009,378.39,1082.15}{1010,378.68,1083.15}{1011,378.98,1084.15}{1012,379.28,1085.15}{1013,379.57,1086.15}{1014,379.87,1087.15}{1015,380.17,1088.15}{1016,380.46,1089.15}{1017,380.76,1090.15}{1018,381.05,1091.15}{1019,381.35,1092.15}{1020,381.65,1093.15}{1021,381.94,1094.15}{1022,382.24,1095.15}{1023,382.53,1096.15}{1024,382.83,1097.15}{1025,383.12,1098.15}{1026,383.42,1099.15}{1027,383.71,1100.15}{1028,384.01,1101.15}{1029,384.3,1102.15}{1030,384.6,1103.15}{1031,384.89,1104.15}{1032,385.18,1105.15}{1033,385.48,1106.15}{1034,385.77,1107.15}{1035,386.07,1108.15}{1036,386.37,1109.15}{1037,386.66,1110.15}{1038,386.96,1111.15}{1039,387.25,1112.15}{1040,387.55,1113.15}{1041,387.84,1114.15}{1042,388.13,1115.15}{1043,388.42,1116.15}{1044,388.72,1117.15}{1045,389.01,1118.15}{1046,389.31,1119.15}{1047,389.61,1120.15}{1048,389.9,1121.15}{1049,390.19,1122.15}{1050,390.48,1123.15}&quot;"/>
                                                <instance name="dev02/Config/ch00004/Calibration_Sensor_Curve" order="0" value="&quot;{0,18.52,73.15}{1,18.96,74.15}{2,19.39,75.15}{3,19.82,76.15}{4,20.25,77.15}{5,20.68,78.15}{6,21.11,79.15}{7,21.54,80.15}{8,21.97,81.15}{9,22.4,82.15}{10,22.83,83.15}{11,23.26,84.15}{12,23.69,85.15}{13,24.12,86.15}{14,24.55,87.15}{15,24.97,88.15}{16,25.39,89.15}{17,25.82,90.15}{18,26.25,91.15}{19,26.67,92.15}{20,27.1,93.15}{21,27.52,94.15}{22,27.95,95.15}{23,28.37,96.15}{24,28.8,97.15}{25,29.22,98.15}{26,29.65,99.15}{27,30.07,100.15}{28,30.49,101.15}{29,30.92,102.15}{30,31.34,103.15}{31,31.76,104.15}{32,32.18,105.15}{33,32.61,106.15}{34,33.03,107.15}{35,33.45,108.15}{36,33.86,109.15}{37,34.28,110.15}{38,34.7,111.15}{39,35.12,112.15}{40,35.54,113.15}{41,35.96,114.15}{42,36.38,115.15}{43,36.8,116.15}{44,37.22,117.15}{45,37.63,118.15}{46,38.05,119.15}{47,38.47,120.15}{48,38.89,121.15}{49,39.31,122.15}{50,39.72,123.15}{51,40.14,124.15}{52,40.56,125.15}{53,40.97,126.15}{54,41.39,127.15}{55,41.8,128.15}{56,42.22,129.15}{57,42.64,130.15}{58,43.05,131.15}{59,43.46,132.15}{60,43.88,133.15}{61,44.29,134.15}{62,44.71,135.15}{63,45.12,136.15}{64,45.53,137.15}{65,45.95,138.15}{66,46.35,139.15}{67,46.76,140.15}{68,47.18,141.15}{69,47.59,142.15}{70,48,143.15}{71,48.41,144.15}{72,48.82,145.15}{73,49.23,146.15}{74,49.64,147.15}{75,50.06,148.15}{76,50.47,149.15}{77,50.88,150.15}{78,51.29,151.15}{79,51.7,152.15}{80,52.11,153.15}{81,52.52,154.15}{82,52.92,155.15}{83,53.33,156.15}{84,53.74,157.15}{85,54.15,158.15}{86,54.56,159.15}{87,54.97,160.15}{88,55.38,161.15}{89,55.78,162.15}{90,56.19,163.15}{91,56.6,164.15}{92,57,165.15}{93,57.41,166.15}{94,57.82,167.15}{95,58.22,168.15}{96,58.63,169.15}{97,59.04,170.15}{98,59.44,171.15}{99,59.85,172.15}{100,60.26,173.15}{101,60.67,174.15}{102,61.07,175.15}{103,61.48,176.15}{104,61.87,177.15}{105,62.29,178.15}{106,62.69,179.15}{107,63.1,180.15}{108,63.5,181.15}{109,63.91,182.15}{110,64.3,183.15}{111,64.7,184.15}{112,65.11,185.15}{113,65.51,186.15}{114,65.91,187.15}{115,66.31,188.15}{116,66.72,189.15}{117,67.12,190.15}{118,67.52,191.15}{119,67.92,192.15}{120,68.33,193.15}{121,68.73,194.15}{122,69.13,195.15}{123,69.53,196.15}{124,69.93,197.15}{125,70.33,198.15}{126,70.73,199.15}{127,71.13,200.15}{128,71.53,201.15}{129,71.93,202.15}{130,72.33,203.15}{131,72.73,204.15}{132,73.13,205.15}{133,73.53,206.15}{134,73.93,207.15}{135,74.33,208.15}{136,74.73,209.15}{137,75.13,210.15}{138,75.53,211.15}{139,75.93,212.15}{140,76.33,213.15}{141,76.73,214.15}{142,77.13,215.15}{143,77.52,216.15}{144,77.92,217.15}{145,78.32,218.15}{146,78.72,219.15}{147,79.11,220.15}{148,79.51,221.15}{149,79.91,222.15}{150,80.31,223.15}{151,80.7,224.15}{152,81.1,225.15}{153,81.5,226.15}{154,81.89,227.15}{155,82.29,228.15}{156,82.69,229.15}{157,83.08,230.15}{158,83.48,231.15}{159,83.88,232.15}{160,84.27,233.15}{161,84.67,234.15}{162,85.06,235.15}{163,85.46,236.15}{164,85.85,237.15}{165,86.25,238.15}{166,86.64,239.15}{167,87.04,240.15}{168,87.43,241.15}{169,87.83,242.15}{170,88.22,243.15}{171,88.62,244.15}{172,89.01,245.15}{173,89.4,246.15}{174,89.8,247.15}{175,90.19,248.15}{176,90.59,249.15}{177,90.98,250.15}{178,91.37,251.15}{179,91.77,252.15}{180,92.16,253.15}{181,92.55,254.15}{182,92.95,255.15}{183,93.34,256.15}{184,93.73,257.15}{185,94.12,258.15}{186,94.52,259.15}{187,94.91,260.15}{188,95.3,261.15}{189,95.69,262.15}{190,96.09,263.15}{191,96.48,264.15}{192,96.87,265.15}{193,97.26,266.15}{194,97.65,267.15}{195,98.04,268.15}{196,98.44,269.15}{197,98.83,270.15}{198,99.22,271.15}{199,99.61,272.15}{200,100,273.15}{201,100.39,274.15}{202,100.78,275.15}{203,101.17,276.15}{204,101.56,277.15}{205,101.95,278.15}{206,102.34,279.15}{207,102.73,280.15}{208,103.12,281.15}{209,103.51,282.15}{210,103.9,283.15}{211,104.29,284.15}{212,104.68,285.15}{213,105.07,286.15}{214,105.46,287.15}{215,105.85,288.15}{216,106.24,289.15}{217,106.63,290.15}{218,107.02,291.15}{219,107.4,292.15}{220,107.79,293.15}{221,108.18,294.15}{222,108.57,295.15}{223,108.96,296.15}{224,109.35,297.15}{225,109.73,298.15}{226,110.12,299.15}{227,110.51,300.15}{228,110.9,301.15}{229,111.28,302.15}{230,111.67,303.15}{231,112.06,304.15}{232,112.45,305.15}{233,112.83,306.15}{234,113.22,307.15}{235,113.61,308.15}{236,113.99,309.15}{237,114.38,310.15}{238,114.77,311.15}{239,115.15,312.15}{240,115.54,313.15}{241,115.93,314.15}{242,116.31,315.15}{243,116.7,316.15}{244,117.08,317.15}{245,117.47,318.15}{246,117.85,319.15}{247,118.24,320.15}{248,118.62,321.15}{249,119.01,322.15}{250,119.4,323.15}{251,119.78,324.15}{252,120.16,325.15}{253,120.55,326.15}{254,120.93,327.15}{255,121.32,328.15}{256,121.7,329.15}{257,122.09,330.15}{258,122.47,331.15}{259,122.86,332.15}{260,123.24,333.15}{261,123.62,334.15}{262,124.01,335.15}{263,124.39,336.15}{264,124.77,337.15}{265,125.17,338.15}{266,125.55,339.15}{267,125.93,340.15}{268,126.32,341.15}{269,126.7,342.15}{270,127.08,343.15}{271,127.46,344.15}{272,127.85,345.15}{273,128.23,346.15}{274,128.61,347.15}{275,128.99,348.15}{276,129.38,349.15}{277,129.76,350.15}{278,130.14,351.15}{279,130.52,352.15}{280,130.9,353.15}{281,131.28,354.15}{282,131.67,355.15}{283,132.05,356.15}{284,132.43,357.15}{285,132.81,358.15}{286,133.19,359.15}{287,133.57,360.15}{288,133.95,361.15}{289,134.33,362.15}{290,134.71,363.15}{291,135.09,364.15}{292,135.47,365.15}{293,135.85,366.15}{294,136.23,367.15}{295,136.61,368.15}{296,136.99,369.15}{297,137.37,370.15}{298,137.75,371.15}{299,138.13,372.15}{300,138.51,373.15}{301,138.89,374.15}{302,139.27,375.15}{303,139.65,376.15}{304,140.03,377.15}{305,140.39,378.15}{306,140.77,379.15}{307,141.15,380.15}{308,141.53,381.15}{309,141.91,382.15}{310,142.29,383.15}{311,142.66,384.15}{312,143.04,385.15}{313,143.42,386.15}{314,143.8,387.15}{315,144.18,388.15}{316,144.56,389.15}{317,144.94,390.15}{318,145.32,391.15}{319,145.69,392.15}{320,146.07,393.15}{321,146.45,394.15}{322,146.82,395.15}{323,147.2,396.15}{324,147.58,397.15}{325,147.95,398.15}{326,148.33,399.15}{327,148.71,400.15}{328,149.08,401.15}{329,149.46,402.15}{330,149.83,403.15}{331,150.21,404.15}{332,150.58,405.15}{333,150.96,406.15}{334,151.34,407.15}{335,151.71,408.15}{336,152.09,409.15}{337,152.46,410.15}{338,152.84,411.15}{339,153.21,412.15}{340,153.58,413.15}{341,153.95,414.15}{342,154.32,415.15}{343,154.71,416.15}{344,155.08,417.15}{345,155.46,418.15}{346,155.83,419.15}{347,156.21,420.15}{348,156.58,421.15}{349,156.96,422.15}{350,157.33,423.15}{351,157.71,424.15}{352,158.08,425.15}{353,158.45,426.15}{354,158.83,427.15}{355,159.2,428.15}{356,159.56,429.15}{357,159.94,430.15}{358,160.31,431.15}{359,160.68,432.15}{360,161.05,433.15}{361,161.43,434.15}{362,161.8,435.15}{363,162.17,436.15}{364,162.54,437.15}{365,162.91,438.15}{366,163.28,439.15}{367,163.66,440.15}{368,164.03,441.15}{369,164.4,442.15}{370,164.77,443.15}{371,165.14,444.15}{372,165.51,445.15}{373,165.88,446.15}{374,166.25,447.15}{375,166.62,448.15}{376,167,449.15}{377,167.37,450.15}{378,167.74,451.15}{379,168.11,452.15}{380,168.48,453.15}{381,168.85,454.15}{382,169.22,455.15}{383,169.59,456.15}{384,169.96,457.15}{385,170.33,458.15}{386,170.69,459.15}{387,171.06,460.15}{388,171.43,461.15}{389,171.8,462.15}{390,172.17,463.15}{391,172.54,464.15}{392,172.91,465.15}{393,173.27,466.15}{394,173.64,467.15}{395,174.01,468.15}{396,174.39,469.15}{397,174.75,470.15}{398,175.12,471.15}{399,175.49,472.15}{400,175.86,473.15}{401,176.23,474.15}{402,176.59,475.15}{403,176.96,476.15}{404,177.33,477.15}{405,177.7,478.15}{406,178.06,479.15}{407,178.43,480.15}{408,178.8,481.15}{409,179.16,482.15}{410,179.53,483.15}{411,179.9,484.15}{412,180.26,485.15}{413,180.63,486.15}{414,180.99,487.15}{415,181.36,488.15}{416,181.73,489.15}{417,182.09,490.15}{418,182.46,491.15}{419,182.82,492.15}{420,183.19,493.15}{421,183.55,494.15}{422,183.92,495.15}{423,184.28,496.15}{424,184.65,497.15}{425,185.01,498.15}{426,185.38,499.15}{427,185.74,500.15}{428,186.11,501.15}{429,186.47,502.15}{430,186.84,503.15}{431,187.2,504.15}{432,187.56,505.15}{433,187.93,506.15}{434,188.29,507.15}{435,188.65,508.15}{436,189.02,509.15}{437,189.38,510.15}{438,189.74,511.15}{439,190.11,512.15}{440,190.47,513.15}{441,190.83,514.15}{442,191.2,515.15}{443,191.56,516.15}{444,191.92,517.15}{445,192.28,518.15}{446,192.66,519.15}{447,193.02,520.15}{448,193.38,521.15}{449,193.74,522.15}{450,194.1,523.15}{451,194.47,524.15}{452,194.83,525.15}{453,195.19,526.15}{454,195.55,527.15}{455,195.9,528.15}{456,196.26,529.15}{457,196.62,530.15}{458,196.98,531.15}{459,197.35,532.15}{460,197.71,533.15}{461,198.07,534.15}{462,198.43,535.15}{463,198.79,536.15}{464,199.15,537.15}{465,199.51,538.15}{466,199.87,539.15}{467,200.23,540.15}{468,200.59,541.15}{469,200.95,542.15}{470,201.31,543.15}{471,201.67,544.15}{472,202.03,545.15}{473,202.38,546.15}{474,202.74,547.15}{475,203.1,548.15}{476,203.46,549.15}{477,203.82,550.15}{478,204.18,551.15}{479,204.54,552.15}{480,204.9,553.15}{481,205.25,554.15}{482,205.61,555.15}{483,205.97,556.15}{484,206.33,557.15}{485,206.7,558.15}{486,207.05,559.15}{487,207.41,560.15}{488,207.77,561.15}{489,208.13,562.15}{490,208.48,563.15}{491,208.84,564.15}{492,209.2,565.15}{493,209.55,566.15}{494,209.91,567.15}{495,210.27,568.15}{496,210.62,569.15}{497,210.98,570.15}{498,211.34,571.15}{499,211.69,572.15}{500,212.05,573.15}{501,212.4,574.15}{502,212.76,575.15}{503,213.12,576.15}{504,213.47,577.15}{505,213.83,578.15}{506,214.19,579.15}{507,214.55,580.15}{508,214.9,581.15}{509,215.26,582.15}{510,215.61,583.15}{511,215.97,584.15}{512,216.32,585.15}{513,216.68,586.15}{514,217.03,587.15}{515,217.39,588.15}{516,217.73,589.15}{517,218.08,590.15}{518,218.44,591.15}{519,218.79,592.15}{520,219.15,593.15}{521,219.5,594.15}{522,219.85,595.15}{523,220.21,596.15}{524,220.56,597.15}{525,220.91,598.15}{526,221.27,599.15}{527,221.62,600.15}{528,221.97,601.15}{529,222.32,602.15}{530,222.68,603.15}{531,223.03,604.15}{532,223.38,605.15}{533,223.73,606.15}{534,224.09,607.15}{535,224.45,608.15}{536,224.8,609.15}{537,225.15,610.15}{538,225.5,611.15}{539,225.85,612.15}{540,226.21,613.15}{541,226.56,614.15}{542,226.91,615.15}{543,227.26,616.15}{544,227.61,617.15}{545,227.96,618.15}{546,228.31,619.15}{547,228.66,620.15}{548,229.01,621.15}{549,229.36,622.15}{550,229.72,623.15}{551,230.07,624.15}{552,230.42,625.15}{553,230.77,626.15}{554,231.12,627.15}{555,231.47,628.15}{556,231.81,629.15}{557,232.16,630.15}{558,232.51,631.15}{559,232.86,632.15}{560,233.21,633.15}{561,233.56,634.15}{562,233.91,635.15}{563,234.26,636.15}{564,234.6,637.15}{565,234.95,638.15}{566,235.3,639.15}{567,235.65,640.15}{568,236,641.15}{569,236.35,642.15}{570,236.7,643.15}{571,237.05,644.15}{572,237.4,645.15}{573,237.75,646.15}{574,238.09,647.15}{575,238.44,648.15}{576,238.79,649.15}{577,239.14,650.15}{578,239.48,651.15}{579,239.83,652.15}{580,240.18,653.15}{581,240.52,654.15}{582,240.87,655.15}{583,241.22,656.15}{584,241.56,657.15}{585,241.91,658.15}{586,242.25,659.15}{587,242.6,660.15}{588,242.95,661.15}{589,243.29,662.15}{590,243.64,663.15}{591,243.98,664.15}{592,244.33,665.15}{593,244.67,666.15}{594,245.02,667.15}{595,245.36,668.15}{596,245.71,669.15}{597,246.05,670.15}{598,246.4,671.15}{599,246.74,672.15}{600,247.09,673.15}{601,247.43,674.15}{602,247.78,675.15}{603,248.12,676.15}{604,248.46,677.15}{605,248.81,678.15}{606,249.15,679.15}{607,249.5,680.15}{608,249.84,681.15}{609,250.18,682.15}{610,250.53,683.15}{611,250.89,684.15}{612,251.21,685.15}{613,251.55,686.15}{614,251.9,687.15}{615,252.24,688.15}{616,252.59,689.15}{617,252.94,690.15}{618,253.28,691.15}{619,253.62,692.15}{620,253.96,693.15}{621,254.3,694.15}{622,254.65,695.15}{623,254.99,696.15}{624,255.33,697.15}{625,255.67,698.15}{626,256.01,699.15}{627,256.35,700.15}{628,256.7,701.15}{629,257.04,702.15}{630,257.38,703.15}{631,257.72,704.15}{632,258.06,705.15}{633,258.4,706.15}{634,258.74,707.15}{635,259.08,708.15}{636,259.42,709.15}{637,259.76,710.15}{638,260.1,711.15}{639,260.44,712.15}{640,260.78,713.15}{641,261.12,714.15}{642,261.46,715.15}{643,261.8,716.15}{644,262.14,717.15}{645,262.48,718.15}{646,262.83,719.15}{647,263.17,720.15}{648,263.5,721.15}{649,263.84,722.15}{650,264.18,723.15}{651,264.52,724.15}{652,264.86,725.15}{653,265.2,726.15}{654,265.54,727.15}{655,265.87,728.15}{656,266.21,729.15}{657,266.55,730.15}{658,266.89,731.15}{659,267.22,732.15}{660,267.56,733.15}{661,267.9,734.15}{662,268.24,735.15}{663,268.57,736.15}{664,268.91,737.15}{665,269.25,738.15}{666,269.58,739.15}{667,269.92,740.15}{668,270.26,741.15}{669,270.59,742.15}{670,270.93,743.15}{671,271.27,744.15}{672,271.6,745.15}{673,271.94,746.15}{674,272.27,747.15}{675,272.61,748.15}{676,272.95,749.15}{677,273.28,750.15}{678,273.62,751.15}{679,273.95,752.15}{680,274.29,753.15}{681,274.62,754.15}{682,274.96,755.15}{683,275.29,756.15}{684,275.63,757.15}{685,275.96,758.15}{686,276.31,759.15}{687,276.64,760.15}{688,276.97,761.15}{689,277.31,762.15}{690,277.64,763.15}{691,277.98,764.15}{692,278.31,765.15}{693,278.64,766.15}{694,278.98,767.15}{695,279.31,768.15}{696,279.64,769.15}{697,279.98,770.15}{698,280.31,771.15}{699,280.64,772.15}{700,280.98,773.15}{701,281.31,774.15}{702,281.64,775.15}{703,281.97,776.15}{704,282.31,777.15}{705,282.64,778.15}{706,282.97,779.15}{707,283.3,780.15}{708,283.63,781.15}{709,283.97,782.15}{710,284.3,783.15}{711,284.63,784.15}{712,284.96,785.15}{713,285.29,786.15}{714,285.62,787.15}{715,285.95,788.15}{716,286.3,789.15}{717,286.63,790.15}{718,286.96,791.15}{719,287.29,792.15}{720,287.62,793.15}{721,287.95,794.15}{722,288.28,795.15}{723,288.61,796.15}{724,288.94,797.15}{725,289.27,798.15}{726,289.6,799.15}{727,289.93,800.15}{728,290.26,801.15}{729,290.59,802.15}{730,290.92,803.15}{731,291.25,804.15}{732,291.58,805.15}{733,291.9,806.15}{734,292.23,807.15}{735,292.56,808.15}{736,292.9,809.15}{737,293.23,810.15}{738,293.56,811.15}{739,293.89,812.15}{740,294.21,813.15}{741,294.54,814.15}{742,294.87,815.15}{743,295.2,816.15}{744,295.53,817.15}{745,295.85,818.15}{746,296.18,819.15}{747,296.51,820.15}{748,296.84,821.15}{749,297.16,822.15}{750,297.49,823.15}{751,297.82,824.15}{752,298.14,825.15}{753,298.47,826.15}{754,298.8,827.15}{755,299.12,828.15}{756,299.45,829.15}{757,299.78,830.15}{758,300.1,831.15}{759,300.43,832.15}{760,300.75,833.15}{761,301.08,834.15}{762,301.41,835.15}{763,301.73,836.15}{764,302.06,837.15}{765,302.38,838.15}{766,302.71,839.15}{767,303.03,840.15}{768,303.36,841.15}{769,303.68,842.15}{770,304.01,843.15}{771,304.33,844.15}{772,304.66,845.15}{773,304.98,846.15}{774,305.3,847.15}{775,305.63,848.15}{776,305.95,849.15}{777,306.28,850.15}{778,306.6,851.15}{779,306.92,852.15}{780,307.25,853.15}{781,307.57,854.15}{782,307.89,855.15}{783,308.22,856.15}{784,308.54,857.15}{785,308.86,858.15}{786,309.19,859.15}{787,309.51,860.15}{788,309.83,861.15}{789,310.15,862.15}{790,310.48,863.15}{791,310.8,864.15}{792,311.12,865.15}{793,311.45,866.15}{794,311.78,867.15}{795,312.1,868.15}{796,312.43,869.15}{797,312.75,870.15}{798,313.07,871.15}{799,313.39,872.15}{800,313.71,873.15}{801,314.04,874.15}{802,314.36,875.15}{803,314.68,876.15}{804,315,877.15}{805,315.32,878.15}{806,315.64,879.15}{807,315.96,880.15}{808,316.28,881.15}{809,316.6,882.15}{810,316.92,883.15}{811,317.24,884.15}{812,317.56,885.15}{813,317.88,886.15}{814,318.2,887.15}{815,318.52,888.15}{816,318.85,889.15}{817,319.17,890.15}{818,319.49,891.15}{819,319.81,892.15}{820,320.12,893.15}{821,320.44,894.15}{822,320.76,895.15}{823,321.08,896.15}{824,321.4,897.15}{825,321.72,898.15}{826,322.03,899.15}{827,322.34,900.15}{828,322.66,901.15}{829,322.98,902.15}{830,323.3,903.15}{831,323.61,904.15}{832,323.93,905.15}{833,324.25,906.15}{834,324.57,907.15}{835,324.88,908.15}{836,325.21,909.15}{837,325.53,910.15}{838,325.85,911.15}{839,326.16,912.15}{840,326.48,913.15}{841,326.79,914.15}{842,327.11,915.15}{843,327.43,916.15}{844,327.74,917.15}{845,328.06,918.15}{846,328.38,919.15}{847,328.69,920.15}{848,329.01,921.15}{849,329.32,922.15}{850,329.64,923.15}{851,329.95,924.15}{852,330.27,925.15}{853,330.58,926.15}{854,330.9,927.15}{855,331.21,928.15}{856,331.53,929.15}{857,331.84,930.15}{858,332.16,931.15}{859,332.47,932.15}{860,332.79,933.15}{861,333.1,934.15}{862,333.41,935.15}{863,333.73,936.15}{864,334.04,937.15}{865,334.36,938.15}{866,334.68,939.15}{867,334.99,940.15}{868,335.31,941.15}{869,335.62,942.15}{870,335.93,943.15}{871,336.25,944.15}{872,336.56,945.15}{873,336.87,946.15}{874,337.18,947.15}{875,337.5,948.15}{876,337.81,949.15}{877,338.12,950.15}{878,338.43,951.15}{879,338.75,952.15}{880,339.06,953.15}{881,339.37,954.15}{882,339.68,955.15}{883,339.99,956.15}{884,340.3,957.15}{885,340.62,958.15}{886,340.94,959.15}{887,341.25,960.15}{888,341.55,961.15}{889,341.87,962.15}{890,342.18,963.15}{891,342.49,964.15}{892,342.8,965.15}{893,343.11,966.15}{894,343.42,967.15}{895,343.73,968.15}{896,344.04,969.15}{897,344.35,970.15}{898,344.66,971.15}{899,344.97,972.15}{900,345.28,973.15}{901,345.59,974.15}{902,345.9,975.15}{903,346.21,976.15}{904,346.52,977.15}{905,346.83,978.15}{906,347.15,979.15}{907,347.46,980.15}{908,347.76,981.15}{909,348.07,982.15}{910,348.38,983.15}{911,348.69,984.15}{912,349,985.15}{913,349.31,986.15}{914,349.61,987.15}{915,349.92,988.15}{916,350.23,989.15}{917,350.54,990.15}{918,350.85,991.15}{919,351.15,992.15}{920,351.46,993.15}{921,351.77,994.15}{922,352.07,995.15}{923,352.38,996.15}{924,352.69,997.15}{925,352.99,998.15}{926,353.3,999.15}{927,353.61,1000.15}{928,353.91,1001.15}{929,354.22,1002.15}{930,354.53,1003.15}{931,354.83,1004.15}{932,355.14,1005.15}{933,355.44,1006.15}{934,355.75,1007.15}{935,356.06,1008.15}{936,356.37,1009.15}{937,356.68,1010.15}{938,356.98,1011.15}{939,357.29,1012.15}{940,357.59,1013.15}{941,357.9,1014.15}{942,358.2,1015.15}{943,358.51,1016.15}{944,358.81,1017.15}{945,359.12,1018.15}{946,359.42,1019.15}{947,359.72,1020.15}{948,360.03,1021.15}{949,360.33,1022.15}{950,360.64,1023.15}{951,360.94,1024.15}{952,361.24,1025.15}{953,361.55,1026.15}{954,361.85,1027.15}{955,362.15,1028.15}{956,362.46,1029.15}{957,362.76,1030.15}{958,363.06,1031.15}{959,363.36,1032.15}{960,363.67,1033.15}{961,363.97,1034.15}{962,364.27,1035.15}{963,364.57,1036.15}{964,364.88,1037.15}{965,365.18,1038.15}{966,365.49,1039.15}{967,365.79,1040.15}{968,366.09,1041.15}{969,366.4,1042.15}{970,366.7,1043.15}{971,367,1044.15}{972,367.3,1045.15}{973,367.6,1046.15}{974,367.9,1047.15}{975,368.2,1048.15}{976,368.5,1049.15}{977,368.81,1050.15}{978,369.11,1051.15}{979,369.41,1052.15}{980,369.71,1053.15}{981,370.01,1054.15}{982,370.31,1055.15}{983,370.61,1056.15}{984,370.91,1057.15}{985,371.21,1058.15}{986,371.52,1059.15}{987,371.82,1060.15}{988,372.12,1061.15}{989,372.41,1062.15}{990,372.71,1063.15}{991,373.01,1064.15}{992,373.31,1065.15}{993,373.61,1066.15}{994,373.91,1067.15}{995,374.21,1068.15}{996,374.51,1069.15}{997,374.8,1070.15}{998,375.1,1071.15}{999,375.4,1072.15}{1000,375.7,1073.15}{1001,376,1074.15}{1002,376.29,1075.15}{1003,376.59,1076.15}{1004,376.89,1077.15}{1005,377.19,1078.15}{1006,377.49,1079.15}{1007,377.79,1080.15}{1008,378.09,1081.15}{1009,378.39,1082.15}{1010,378.68,1083.15}{1011,378.98,1084.15}{1012,379.28,1085.15}{1013,379.57,1086.15}{1014,379.87,1087.15}{1015,380.17,1088.15}{1016,380.46,1089.15}{1017,380.76,1090.15}{1018,381.05,1091.15}{1019,381.35,1092.15}{1020,381.65,1093.15}{1021,381.94,1094.15}{1022,382.24,1095.15}{1023,382.53,1096.15}{1024,382.83,1097.15}{1025,383.12,1098.15}{1026,383.42,1099.15}{1027,383.71,1100.15}{1028,384.01,1101.15}{1029,384.3,1102.15}{1030,384.6,1103.15}{1031,384.89,1104.15}{1032,385.18,1105.15}{1033,385.48,1106.15}{1034,385.77,1107.15}{1035,386.07,1108.15}{1036,386.37,1109.15}{1037,386.66,1110.15}{1038,386.96,1111.15}{1039,387.25,1112.15}{1040,387.55,1113.15}{1041,387.84,1114.15}{1042,388.13,1115.15}{1043,388.42,1116.15}{1044,388.72,1117.15}{1045,389.01,1118.15}{1046,389.31,1119.15}{1047,389.61,1120.15}{1048,389.9,1121.15}{1049,390.19,1122.15}{1050,390.48,1123.15}&quot;"/>
                                                <instance name="dev01/Config/ch00004/rate" order="0" value="10"/>
                                                <instance name="dev02/Config/ch00005/Calibration_Sensor_Curve" order="0" value="&quot;{0,18.52,73.15}{1,18.96,74.15}{2,19.39,75.15}{3,19.82,76.15}{4,20.25,77.15}{5,20.68,78.15}{6,21.11,79.15}{7,21.54,80.15}{8,21.97,81.15}{9,22.4,82.15}{10,22.83,83.15}{11,23.26,84.15}{12,23.69,85.15}{13,24.12,86.15}{14,24.55,87.15}{15,24.97,88.15}{16,25.39,89.15}{17,25.82,90.15}{18,26.25,91.15}{19,26.67,92.15}{20,27.1,93.15}{21,27.52,94.15}{22,27.95,95.15}{23,28.37,96.15}{24,28.8,97.15}{25,29.22,98.15}{26,29.65,99.15}{27,30.07,100.15}{28,30.49,101.15}{29,30.92,102.15}{30,31.34,103.15}{31,31.76,104.15}{32,32.18,105.15}{33,32.61,106.15}{34,33.03,107.15}{35,33.45,108.15}{36,33.86,109.15}{37,34.28,110.15}{38,34.7,111.15}{39,35.12,112.15}{40,35.54,113.15}{41,35.96,114.15}{42,36.38,115.15}{43,36.8,116.15}{44,37.22,117.15}{45,37.63,118.15}{46,38.05,119.15}{47,38.47,120.15}{48,38.89,121.15}{49,39.31,122.15}{50,39.72,123.15}{51,40.14,124.15}{52,40.56,125.15}{53,40.97,126.15}{54,41.39,127.15}{55,41.8,128.15}{56,42.22,129.15}{57,42.64,130.15}{58,43.05,131.15}{59,43.46,132.15}{60,43.88,133.15}{61,44.29,134.15}{62,44.71,135.15}{63,45.12,136.15}{64,45.53,137.15}{65,45.95,138.15}{66,46.35,139.15}{67,46.76,140.15}{68,47.18,141.15}{69,47.59,142.15}{70,48,143.15}{71,48.41,144.15}{72,48.82,145.15}{73,49.23,146.15}{74,49.64,147.15}{75,50.06,148.15}{76,50.47,149.15}{77,50.88,150.15}{78,51.29,151.15}{79,51.7,152.15}{80,52.11,153.15}{81,52.52,154.15}{82,52.92,155.15}{83,53.33,156.15}{84,53.74,157.15}{85,54.15,158.15}{86,54.56,159.15}{87,54.97,160.15}{88,55.38,161.15}{89,55.78,162.15}{90,56.19,163.15}{91,56.6,164.15}{92,57,165.15}{93,57.41,166.15}{94,57.82,167.15}{95,58.22,168.15}{96,58.63,169.15}{97,59.04,170.15}{98,59.44,171.15}{99,59.85,172.15}{100,60.26,173.15}{101,60.67,174.15}{102,61.07,175.15}{103,61.48,176.15}{104,61.87,177.15}{105,62.29,178.15}{106,62.69,179.15}{107,63.1,180.15}{108,63.5,181.15}{109,63.91,182.15}{110,64.3,183.15}{111,64.7,184.15}{112,65.11,185.15}{113,65.51,186.15}{114,65.91,187.15}{115,66.31,188.15}{116,66.72,189.15}{117,67.12,190.15}{118,67.52,191.15}{119,67.92,192.15}{120,68.33,193.15}{121,68.73,194.15}{122,69.13,195.15}{123,69.53,196.15}{124,69.93,197.15}{125,70.33,198.15}{126,70.73,199.15}{127,71.13,200.15}{128,71.53,201.15}{129,71.93,202.15}{130,72.33,203.15}{131,72.73,204.15}{132,73.13,205.15}{133,73.53,206.15}{134,73.93,207.15}{135,74.33,208.15}{136,74.73,209.15}{137,75.13,210.15}{138,75.53,211.15}{139,75.93,212.15}{140,76.33,213.15}{141,76.73,214.15}{142,77.13,215.15}{143,77.52,216.15}{144,77.92,217.15}{145,78.32,218.15}{146,78.72,219.15}{147,79.11,220.15}{148,79.51,221.15}{149,79.91,222.15}{150,80.31,223.15}{151,80.7,224.15}{152,81.1,225.15}{153,81.5,226.15}{154,81.89,227.15}{155,82.29,228.15}{156,82.69,229.15}{157,83.08,230.15}{158,83.48,231.15}{159,83.88,232.15}{160,84.27,233.15}{161,84.67,234.15}{162,85.06,235.15}{163,85.46,236.15}{164,85.85,237.15}{165,86.25,238.15}{166,86.64,239.15}{167,87.04,240.15}{168,87.43,241.15}{169,87.83,242.15}{170,88.22,243.15}{171,88.62,244.15}{172,89.01,245.15}{173,89.4,246.15}{174,89.8,247.15}{175,90.19,248.15}{176,90.59,249.15}{177,90.98,250.15}{178,91.37,251.15}{179,91.77,252.15}{180,92.16,253.15}{181,92.55,254.15}{182,92.95,255.15}{183,93.34,256.15}{184,93.73,257.15}{185,94.12,258.15}{186,94.52,259.15}{187,94.91,260.15}{188,95.3,261.15}{189,95.69,262.15}{190,96.09,263.15}{191,96.48,264.15}{192,96.87,265.15}{193,97.26,266.15}{194,97.65,267.15}{195,98.04,268.15}{196,98.44,269.15}{197,98.83,270.15}{198,99.22,271.15}{199,99.61,272.15}{200,100,273.15}{201,100.39,274.15}{202,100.78,275.15}{203,101.17,276.15}{204,101.56,277.15}{205,101.95,278.15}{206,102.34,279.15}{207,102.73,280.15}{208,103.12,281.15}{209,103.51,282.15}{210,103.9,283.15}{211,104.29,284.15}{212,104.68,285.15}{213,105.07,286.15}{214,105.46,287.15}{215,105.85,288.15}{216,106.24,289.15}{217,106.63,290.15}{218,107.02,291.15}{219,107.4,292.15}{220,107.79,293.15}{221,108.18,294.15}{222,108.57,295.15}{223,108.96,296.15}{224,109.35,297.15}{225,109.73,298.15}{226,110.12,299.15}{227,110.51,300.15}{228,110.9,301.15}{229,111.28,302.15}{230,111.67,303.15}{231,112.06,304.15}{232,112.45,305.15}{233,112.83,306.15}{234,113.22,307.15}{235,113.61,308.15}{236,113.99,309.15}{237,114.38,310.15}{238,114.77,311.15}{239,115.15,312.15}{240,115.54,313.15}{241,115.93,314.15}{242,116.31,315.15}{243,116.7,316.15}{244,117.08,317.15}{245,117.47,318.15}{246,117.85,319.15}{247,118.24,320.15}{248,118.62,321.15}{249,119.01,322.15}{250,119.4,323.15}{251,119.78,324.15}{252,120.16,325.15}{253,120.55,326.15}{254,120.93,327.15}{255,121.32,328.15}{256,121.7,329.15}{257,122.09,330.15}{258,122.47,331.15}{259,122.86,332.15}{260,123.24,333.15}{261,123.62,334.15}{262,124.01,335.15}{263,124.39,336.15}{264,124.77,337.15}{265,125.17,338.15}{266,125.55,339.15}{267,125.93,340.15}{268,126.32,341.15}{269,126.7,342.15}{270,127.08,343.15}{271,127.46,344.15}{272,127.85,345.15}{273,128.23,346.15}{274,128.61,347.15}{275,128.99,348.15}{276,129.38,349.15}{277,129.76,350.15}{278,130.14,351.15}{279,130.52,352.15}{280,130.9,353.15}{281,131.28,354.15}{282,131.67,355.15}{283,132.05,356.15}{284,132.43,357.15}{285,132.81,358.15}{286,133.19,359.15}{287,133.57,360.15}{288,133.95,361.15}{289,134.33,362.15}{290,134.71,363.15}{291,135.09,364.15}{292,135.47,365.15}{293,135.85,366.15}{294,136.23,367.15}{295,136.61,368.15}{296,136.99,369.15}{297,137.37,370.15}{298,137.75,371.15}{299,138.13,372.15}{300,138.51,373.15}{301,138.89,374.15}{302,139.27,375.15}{303,139.65,376.15}{304,140.03,377.15}{305,140.39,378.15}{306,140.77,379.15}{307,141.15,380.15}{308,141.53,381.15}{309,141.91,382.15}{310,142.29,383.15}{311,142.66,384.15}{312,143.04,385.15}{313,143.42,386.15}{314,143.8,387.15}{315,144.18,388.15}{316,144.56,389.15}{317,144.94,390.15}{318,145.32,391.15}{319,145.69,392.15}{320,146.07,393.15}{321,146.45,394.15}{322,146.82,395.15}{323,147.2,396.15}{324,147.58,397.15}{325,147.95,398.15}{326,148.33,399.15}{327,148.71,400.15}{328,149.08,401.15}{329,149.46,402.15}{330,149.83,403.15}{331,150.21,404.15}{332,150.58,405.15}{333,150.96,406.15}{334,151.34,407.15}{335,151.71,408.15}{336,152.09,409.15}{337,152.46,410.15}{338,152.84,411.15}{339,153.21,412.15}{340,153.58,413.15}{341,153.95,414.15}{342,154.32,415.15}{343,154.71,416.15}{344,155.08,417.15}{345,155.46,418.15}{346,155.83,419.15}{347,156.21,420.15}{348,156.58,421.15}{349,156.96,422.15}{350,157.33,423.15}{351,157.71,424.15}{352,158.08,425.15}{353,158.45,426.15}{354,158.83,427.15}{355,159.2,428.15}{356,159.56,429.15}{357,159.94,430.15}{358,160.31,431.15}{359,160.68,432.15}{360,161.05,433.15}{361,161.43,434.15}{362,161.8,435.15}{363,162.17,436.15}{364,162.54,437.15}{365,162.91,438.15}{366,163.28,439.15}{367,163.66,440.15}{368,164.03,441.15}{369,164.4,442.15}{370,164.77,443.15}{371,165.14,444.15}{372,165.51,445.15}{373,165.88,446.15}{374,166.25,447.15}{375,166.62,448.15}{376,167,449.15}{377,167.37,450.15}{378,167.74,451.15}{379,168.11,452.15}{380,168.48,453.15}{381,168.85,454.15}{382,169.22,455.15}{383,169.59,456.15}{384,169.96,457.15}{385,170.33,458.15}{386,170.69,459.15}{387,171.06,460.15}{388,171.43,461.15}{389,171.8,462.15}{390,172.17,463.15}{391,172.54,464.15}{392,172.91,465.15}{393,173.27,466.15}{394,173.64,467.15}{395,174.01,468.15}{396,174.39,469.15}{397,174.75,470.15}{398,175.12,471.15}{399,175.49,472.15}{400,175.86,473.15}{401,176.23,474.15}{402,176.59,475.15}{403,176.96,476.15}{404,177.33,477.15}{405,177.7,478.15}{406,178.06,479.15}{407,178.43,480.15}{408,178.8,481.15}{409,179.16,482.15}{410,179.53,483.15}{411,179.9,484.15}{412,180.26,485.15}{413,180.63,486.15}{414,180.99,487.15}{415,181.36,488.15}{416,181.73,489.15}{417,182.09,490.15}{418,182.46,491.15}{419,182.82,492.15}{420,183.19,493.15}{421,183.55,494.15}{422,183.92,495.15}{423,184.28,496.15}{424,184.65,497.15}{425,185.01,498.15}{426,185.38,499.15}{427,185.74,500.15}{428,186.11,501.15}{429,186.47,502.15}{430,186.84,503.15}{431,187.2,504.15}{432,187.56,505.15}{433,187.93,506.15}{434,188.29,507.15}{435,188.65,508.15}{436,189.02,509.15}{437,189.38,510.15}{438,189.74,511.15}{439,190.11,512.15}{440,190.47,513.15}{441,190.83,514.15}{442,191.2,515.15}{443,191.56,516.15}{444,191.92,517.15}{445,192.28,518.15}{446,192.66,519.15}{447,193.02,520.15}{448,193.38,521.15}{449,193.74,522.15}{450,194.1,523.15}{451,194.47,524.15}{452,194.83,525.15}{453,195.19,526.15}{454,195.55,527.15}{455,195.9,528.15}{456,196.26,529.15}{457,196.62,530.15}{458,196.98,531.15}{459,197.35,532.15}{460,197.71,533.15}{461,198.07,534.15}{462,198.43,535.15}{463,198.79,536.15}{464,199.15,537.15}{465,199.51,538.15}{466,199.87,539.15}{467,200.23,540.15}{468,200.59,541.15}{469,200.95,542.15}{470,201.31,543.15}{471,201.67,544.15}{472,202.03,545.15}{473,202.38,546.15}{474,202.74,547.15}{475,203.1,548.15}{476,203.46,549.15}{477,203.82,550.15}{478,204.18,551.15}{479,204.54,552.15}{480,204.9,553.15}{481,205.25,554.15}{482,205.61,555.15}{483,205.97,556.15}{484,206.33,557.15}{485,206.7,558.15}{486,207.05,559.15}{487,207.41,560.15}{488,207.77,561.15}{489,208.13,562.15}{490,208.48,563.15}{491,208.84,564.15}{492,209.2,565.15}{493,209.55,566.15}{494,209.91,567.15}{495,210.27,568.15}{496,210.62,569.15}{497,210.98,570.15}{498,211.34,571.15}{499,211.69,572.15}{500,212.05,573.15}{501,212.4,574.15}{502,212.76,575.15}{503,213.12,576.15}{504,213.47,577.15}{505,213.83,578.15}{506,214.19,579.15}{507,214.55,580.15}{508,214.9,581.15}{509,215.26,582.15}{510,215.61,583.15}{511,215.97,584.15}{512,216.32,585.15}{513,216.68,586.15}{514,217.03,587.15}{515,217.39,588.15}{516,217.73,589.15}{517,218.08,590.15}{518,218.44,591.15}{519,218.79,592.15}{520,219.15,593.15}{521,219.5,594.15}{522,219.85,595.15}{523,220.21,596.15}{524,220.56,597.15}{525,220.91,598.15}{526,221.27,599.15}{527,221.62,600.15}{528,221.97,601.15}{529,222.32,602.15}{530,222.68,603.15}{531,223.03,604.15}{532,223.38,605.15}{533,223.73,606.15}{534,224.09,607.15}{535,224.45,608.15}{536,224.8,609.15}{537,225.15,610.15}{538,225.5,611.15}{539,225.85,612.15}{540,226.21,613.15}{541,226.56,614.15}{542,226.91,615.15}{543,227.26,616.15}{544,227.61,617.15}{545,227.96,618.15}{546,228.31,619.15}{547,228.66,620.15}{548,229.01,621.15}{549,229.36,622.15}{550,229.72,623.15}{551,230.07,624.15}{552,230.42,625.15}{553,230.77,626.15}{554,231.12,627.15}{555,231.47,628.15}{556,231.81,629.15}{557,232.16,630.15}{558,232.51,631.15}{559,232.86,632.15}{560,233.21,633.15}{561,233.56,634.15}{562,233.91,635.15}{563,234.26,636.15}{564,234.6,637.15}{565,234.95,638.15}{566,235.3,639.15}{567,235.65,640.15}{568,236,641.15}{569,236.35,642.15}{570,236.7,643.15}{571,237.05,644.15}{572,237.4,645.15}{573,237.75,646.15}{574,238.09,647.15}{575,238.44,648.15}{576,238.79,649.15}{577,239.14,650.15}{578,239.48,651.15}{579,239.83,652.15}{580,240.18,653.15}{581,240.52,654.15}{582,240.87,655.15}{583,241.22,656.15}{584,241.56,657.15}{585,241.91,658.15}{586,242.25,659.15}{587,242.6,660.15}{588,242.95,661.15}{589,243.29,662.15}{590,243.64,663.15}{591,243.98,664.15}{592,244.33,665.15}{593,244.67,666.15}{594,245.02,667.15}{595,245.36,668.15}{596,245.71,669.15}{597,246.05,670.15}{598,246.4,671.15}{599,246.74,672.15}{600,247.09,673.15}{601,247.43,674.15}{602,247.78,675.15}{603,248.12,676.15}{604,248.46,677.15}{605,248.81,678.15}{606,249.15,679.15}{607,249.5,680.15}{608,249.84,681.15}{609,250.18,682.15}{610,250.53,683.15}{611,250.89,684.15}{612,251.21,685.15}{613,251.55,686.15}{614,251.9,687.15}{615,252.24,688.15}{616,252.59,689.15}{617,252.94,690.15}{618,253.28,691.15}{619,253.62,692.15}{620,253.96,693.15}{621,254.3,694.15}{622,254.65,695.15}{623,254.99,696.15}{624,255.33,697.15}{625,255.67,698.15}{626,256.01,699.15}{627,256.35,700.15}{628,256.7,701.15}{629,257.04,702.15}{630,257.38,703.15}{631,257.72,704.15}{632,258.06,705.15}{633,258.4,706.15}{634,258.74,707.15}{635,259.08,708.15}{636,259.42,709.15}{637,259.76,710.15}{638,260.1,711.15}{639,260.44,712.15}{640,260.78,713.15}{641,261.12,714.15}{642,261.46,715.15}{643,261.8,716.15}{644,262.14,717.15}{645,262.48,718.15}{646,262.83,719.15}{647,263.17,720.15}{648,263.5,721.15}{649,263.84,722.15}{650,264.18,723.15}{651,264.52,724.15}{652,264.86,725.15}{653,265.2,726.15}{654,265.54,727.15}{655,265.87,728.15}{656,266.21,729.15}{657,266.55,730.15}{658,266.89,731.15}{659,267.22,732.15}{660,267.56,733.15}{661,267.9,734.15}{662,268.24,735.15}{663,268.57,736.15}{664,268.91,737.15}{665,269.25,738.15}{666,269.58,739.15}{667,269.92,740.15}{668,270.26,741.15}{669,270.59,742.15}{670,270.93,743.15}{671,271.27,744.15}{672,271.6,745.15}{673,271.94,746.15}{674,272.27,747.15}{675,272.61,748.15}{676,272.95,749.15}{677,273.28,750.15}{678,273.62,751.15}{679,273.95,752.15}{680,274.29,753.15}{681,274.62,754.15}{682,274.96,755.15}{683,275.29,756.15}{684,275.63,757.15}{685,275.96,758.15}{686,276.31,759.15}{687,276.64,760.15}{688,276.97,761.15}{689,277.31,762.15}{690,277.64,763.15}{691,277.98,764.15}{692,278.31,765.15}{693,278.64,766.15}{694,278.98,767.15}{695,279.31,768.15}{696,279.64,769.15}{697,279.98,770.15}{698,280.31,771.15}{699,280.64,772.15}{700,280.98,773.15}{701,281.31,774.15}{702,281.64,775.15}{703,281.97,776.15}{704,282.31,777.15}{705,282.64,778.15}{706,282.97,779.15}{707,283.3,780.15}{708,283.63,781.15}{709,283.97,782.15}{710,284.3,783.15}{711,284.63,784.15}{712,284.96,785.15}{713,285.29,786.15}{714,285.62,787.15}{715,285.95,788.15}{716,286.3,789.15}{717,286.63,790.15}{718,286.96,791.15}{719,287.29,792.15}{720,287.62,793.15}{721,287.95,794.15}{722,288.28,795.15}{723,288.61,796.15}{724,288.94,797.15}{725,289.27,798.15}{726,289.6,799.15}{727,289.93,800.15}{728,290.26,801.15}{729,290.59,802.15}{730,290.92,803.15}{731,291.25,804.15}{732,291.58,805.15}{733,291.9,806.15}{734,292.23,807.15}{735,292.56,808.15}{736,292.9,809.15}{737,293.23,810.15}{738,293.56,811.15}{739,293.89,812.15}{740,294.21,813.15}{741,294.54,814.15}{742,294.87,815.15}{743,295.2,816.15}{744,295.53,817.15}{745,295.85,818.15}{746,296.18,819.15}{747,296.51,820.15}{748,296.84,821.15}{749,297.16,822.15}{750,297.49,823.15}{751,297.82,824.15}{752,298.14,825.15}{753,298.47,826.15}{754,298.8,827.15}{755,299.12,828.15}{756,299.45,829.15}{757,299.78,830.15}{758,300.1,831.15}{759,300.43,832.15}{760,300.75,833.15}{761,301.08,834.15}{762,301.41,835.15}{763,301.73,836.15}{764,302.06,837.15}{765,302.38,838.15}{766,302.71,839.15}{767,303.03,840.15}{768,303.36,841.15}{769,303.68,842.15}{770,304.01,843.15}{771,304.33,844.15}{772,304.66,845.15}{773,304.98,846.15}{774,305.3,847.15}{775,305.63,848.15}{776,305.95,849.15}{777,306.28,850.15}{778,306.6,851.15}{779,306.92,852.15}{780,307.25,853.15}{781,307.57,854.15}{782,307.89,855.15}{783,308.22,856.15}{784,308.54,857.15}{785,308.86,858.15}{786,309.19,859.15}{787,309.51,860.15}{788,309.83,861.15}{789,310.15,862.15}{790,310.48,863.15}{791,310.8,864.15}{792,311.12,865.15}{793,311.45,866.15}{794,311.78,867.15}{795,312.1,868.15}{796,312.43,869.15}{797,312.75,870.15}{798,313.07,871.15}{799,313.39,872.15}{800,313.71,873.15}{801,314.04,874.15}{802,314.36,875.15}{803,314.68,876.15}{804,315,877.15}{805,315.32,878.15}{806,315.64,879.15}{807,315.96,880.15}{808,316.28,881.15}{809,316.6,882.15}{810,316.92,883.15}{811,317.24,884.15}{812,317.56,885.15}{813,317.88,886.15}{814,318.2,887.15}{815,318.52,888.15}{816,318.85,889.15}{817,319.17,890.15}{818,319.49,891.15}{819,319.81,892.15}{820,320.12,893.15}{821,320.44,894.15}{822,320.76,895.15}{823,321.08,896.15}{824,321.4,897.15}{825,321.72,898.15}{826,322.03,899.15}{827,322.34,900.15}{828,322.66,901.15}{829,322.98,902.15}{830,323.3,903.15}{831,323.61,904.15}{832,323.93,905.15}{833,324.25,906.15}{834,324.57,907.15}{835,324.88,908.15}{836,325.21,909.15}{837,325.53,910.15}{838,325.85,911.15}{839,326.16,912.15}{840,326.48,913.15}{841,326.79,914.15}{842,327.11,915.15}{843,327.43,916.15}{844,327.74,917.15}{845,328.06,918.15}{846,328.38,919.15}{847,328.69,920.15}{848,329.01,921.15}{849,329.32,922.15}{850,329.64,923.15}{851,329.95,924.15}{852,330.27,925.15}{853,330.58,926.15}{854,330.9,927.15}{855,331.21,928.15}{856,331.53,929.15}{857,331.84,930.15}{858,332.16,931.15}{859,332.47,932.15}{860,332.79,933.15}{861,333.1,934.15}{862,333.41,935.15}{863,333.73,936.15}{864,334.04,937.15}{865,334.36,938.15}{866,334.68,939.15}{867,334.99,940.15}{868,335.31,941.15}{869,335.62,942.15}{870,335.93,943.15}{871,336.25,944.15}{872,336.56,945.15}{873,336.87,946.15}{874,337.18,947.15}{875,337.5,948.15}{876,337.81,949.15}{877,338.12,950.15}{878,338.43,951.15}{879,338.75,952.15}{880,339.06,953.15}{881,339.37,954.15}{882,339.68,955.15}{883,339.99,956.15}{884,340.3,957.15}{885,340.62,958.15}{886,340.94,959.15}{887,341.25,960.15}{888,341.55,961.15}{889,341.87,962.15}{890,342.18,963.15}{891,342.49,964.15}{892,342.8,965.15}{893,343.11,966.15}{894,343.42,967.15}{895,343.73,968.15}{896,344.04,969.15}{897,344.35,970.15}{898,344.66,971.15}{899,344.97,972.15}{900,345.28,973.15}{901,345.59,974.15}{902,345.9,975.15}{903,346.21,976.15}{904,346.52,977.15}{905,346.83,978.15}{906,347.15,979.15}{907,347.46,980.15}{908,347.76,981.15}{909,348.07,982.15}{910,348.38,983.15}{911,348.69,984.15}{912,349,985.15}{913,349.31,986.15}{914,349.61,987.15}{915,349.92,988.15}{916,350.23,989.15}{917,350.54,990.15}{918,350.85,991.15}{919,351.15,992.15}{920,351.46,993.15}{921,351.77,994.15}{922,352.07,995.15}{923,352.38,996.15}{924,352.69,997.15}{925,352.99,998.15}{926,353.3,999.15}{927,353.61,1000.15}{928,353.91,1001.15}{929,354.22,1002.15}{930,354.53,1003.15}{931,354.83,1004.15}{932,355.14,1005.15}{933,355.44,1006.15}{934,355.75,1007.15}{935,356.06,1008.15}{936,356.37,1009.15}{937,356.68,1010.15}{938,356.98,1011.15}{939,357.29,1012.15}{940,357.59,1013.15}{941,357.9,1014.15}{942,358.2,1015.15}{943,358.51,1016.15}{944,358.81,1017.15}{945,359.12,1018.15}{946,359.42,1019.15}{947,359.72,1020.15}{948,360.03,1021.15}{949,360.33,1022.15}{950,360.64,1023.15}{951,360.94,1024.15}{952,361.24,1025.15}{953,361.55,1026.15}{954,361.85,1027.15}{955,362.15,1028.15}{956,362.46,1029.15}{957,362.76,1030.15}{958,363.06,1031.15}{959,363.36,1032.15}{960,363.67,1033.15}{961,363.97,1034.15}{962,364.27,1035.15}{963,364.57,1036.15}{964,364.88,1037.15}{965,365.18,1038.15}{966,365.49,1039.15}{967,365.79,1040.15}{968,366.09,1041.15}{969,366.4,1042.15}{970,366.7,1043.15}{971,367,1044.15}{972,367.3,1045.15}{973,367.6,1046.15}{974,367.9,1047.15}{975,368.2,1048.15}{976,368.5,1049.15}{977,368.81,1050.15}{978,369.11,1051.15}{979,369.41,1052.15}{980,369.71,1053.15}{981,370.01,1054.15}{982,370.31,1055.15}{983,370.61,1056.15}{984,370.91,1057.15}{985,371.21,1058.15}{986,371.52,1059.15}{987,371.82,1060.15}{988,372.12,1061.15}{989,372.41,1062.15}{990,372.71,1063.15}{991,373.01,1064.15}{992,373.31,1065.15}{993,373.61,1066.15}{994,373.91,1067.15}{995,374.21,1068.15}{996,374.51,1069.15}{997,374.8,1070.15}{998,375.1,1071.15}{999,375.4,1072.15}{1000,375.7,1073.15}{1001,376,1074.15}{1002,376.29,1075.15}{1003,376.59,1076.15}{1004,376.89,1077.15}{1005,377.19,1078.15}{1006,377.49,1079.15}{1007,377.79,1080.15}{1008,378.09,1081.15}{1009,378.39,1082.15}{1010,378.68,1083.15}{1011,378.98,1084.15}{1012,379.28,1085.15}{1013,379.57,1086.15}{1014,379.87,1087.15}{1015,380.17,1088.15}{1016,380.46,1089.15}{1017,380.76,1090.15}{1018,381.05,1091.15}{1019,381.35,1092.15}{1020,381.65,1093.15}{1021,381.94,1094.15}{1022,382.24,1095.15}{1023,382.53,1096.15}{1024,382.83,1097.15}{1025,383.12,1098.15}{1026,383.42,1099.15}{1027,383.71,1100.15}{1028,384.01,1101.15}{1029,384.3,1102.15}{1030,384.6,1103.15}{1031,384.89,1104.15}{1032,385.18,1105.15}{1033,385.48,1106.15}{1034,385.77,1107.15}{1035,386.07,1108.15}{1036,386.37,1109.15}{1037,386.66,1110.15}{1038,386.96,1111.15}{1039,387.25,1112.15}{1040,387.55,1113.15}{1041,387.84,1114.15}{1042,388.13,1115.15}{1043,388.42,1116.15}{1044,388.72,1117.15}{1045,389.01,1118.15}{1046,389.31,1119.15}{1047,389.61,1120.15}{1048,389.9,1121.15}{1049,390.19,1122.15}{1050,390.48,1123.15}&quot;"/>
                                                <instance name="dev01/Config/ch00005/Calibration_Sensor_Calibration_Date" order="0" value="2020-01-01"/>
                                                <instance name="dev02/Config/ch00006/Calibration_Sensor_Name" order="0" value="CalSensor18"/>
                                                <instance name="dev01/Config/ch00004/Calibration_Sensor_Maximum_Range" order="0" value="1123.15"/>
                                                <instance name="dev02/Config/ch00006/Calibration_Sensor_Curve" order="0" value="&quot;{0,18.52,73.15}{1,18.96,74.15}{2,19.39,75.15}{3,19.82,76.15}{4,20.25,77.15}{5,20.68,78.15}{6,21.11,79.15}{7,21.54,80.15}{8,21.97,81.15}{9,22.4,82.15}{10,22.83,83.15}{11,23.26,84.15}{12,23.69,85.15}{13,24.12,86.15}{14,24.55,87.15}{15,24.97,88.15}{16,25.39,89.15}{17,25.82,90.15}{18,26.25,91.15}{19,26.67,92.15}{20,27.1,93.15}{21,27.52,94.15}{22,27.95,95.15}{23,28.37,96.15}{24,28.8,97.15}{25,29.22,98.15}{26,29.65,99.15}{27,30.07,100.15}{28,30.49,101.15}{29,30.92,102.15}{30,31.34,103.15}{31,31.76,104.15}{32,32.18,105.15}{33,32.61,106.15}{34,33.03,107.15}{35,33.45,108.15}{36,33.86,109.15}{37,34.28,110.15}{38,34.7,111.15}{39,35.12,112.15}{40,35.54,113.15}{41,35.96,114.15}{42,36.38,115.15}{43,36.8,116.15}{44,37.22,117.15}{45,37.63,118.15}{46,38.05,119.15}{47,38.47,120.15}{48,38.89,121.15}{49,39.31,122.15}{50,39.72,123.15}{51,40.14,124.15}{52,40.56,125.15}{53,40.97,126.15}{54,41.39,127.15}{55,41.8,128.15}{56,42.22,129.15}{57,42.64,130.15}{58,43.05,131.15}{59,43.46,132.15}{60,43.88,133.15}{61,44.29,134.15}{62,44.71,135.15}{63,45.12,136.15}{64,45.53,137.15}{65,45.95,138.15}{66,46.35,139.15}{67,46.76,140.15}{68,47.18,141.15}{69,47.59,142.15}{70,48,143.15}{71,48.41,144.15}{72,48.82,145.15}{73,49.23,146.15}{74,49.64,147.15}{75,50.06,148.15}{76,50.47,149.15}{77,50.88,150.15}{78,51.29,151.15}{79,51.7,152.15}{80,52.11,153.15}{81,52.52,154.15}{82,52.92,155.15}{83,53.33,156.15}{84,53.74,157.15}{85,54.15,158.15}{86,54.56,159.15}{87,54.97,160.15}{88,55.38,161.15}{89,55.78,162.15}{90,56.19,163.15}{91,56.6,164.15}{92,57,165.15}{93,57.41,166.15}{94,57.82,167.15}{95,58.22,168.15}{96,58.63,169.15}{97,59.04,170.15}{98,59.44,171.15}{99,59.85,172.15}{100,60.26,173.15}{101,60.67,174.15}{102,61.07,175.15}{103,61.48,176.15}{104,61.87,177.15}{105,62.29,178.15}{106,62.69,179.15}{107,63.1,180.15}{108,63.5,181.15}{109,63.91,182.15}{110,64.3,183.15}{111,64.7,184.15}{112,65.11,185.15}{113,65.51,186.15}{114,65.91,187.15}{115,66.31,188.15}{116,66.72,189.15}{117,67.12,190.15}{118,67.52,191.15}{119,67.92,192.15}{120,68.33,193.15}{121,68.73,194.15}{122,69.13,195.15}{123,69.53,196.15}{124,69.93,197.15}{125,70.33,198.15}{126,70.73,199.15}{127,71.13,200.15}{128,71.53,201.15}{129,71.93,202.15}{130,72.33,203.15}{131,72.73,204.15}{132,73.13,205.15}{133,73.53,206.15}{134,73.93,207.15}{135,74.33,208.15}{136,74.73,209.15}{137,75.13,210.15}{138,75.53,211.15}{139,75.93,212.15}{140,76.33,213.15}{141,76.73,214.15}{142,77.13,215.15}{143,77.52,216.15}{144,77.92,217.15}{145,78.32,218.15}{146,78.72,219.15}{147,79.11,220.15}{148,79.51,221.15}{149,79.91,222.15}{150,80.31,223.15}{151,80.7,224.15}{152,81.1,225.15}{153,81.5,226.15}{154,81.89,227.15}{155,82.29,228.15}{156,82.69,229.15}{157,83.08,230.15}{158,83.48,231.15}{159,83.88,232.15}{160,84.27,233.15}{161,84.67,234.15}{162,85.06,235.15}{163,85.46,236.15}{164,85.85,237.15}{165,86.25,238.15}{166,86.64,239.15}{167,87.04,240.15}{168,87.43,241.15}{169,87.83,242.15}{170,88.22,243.15}{171,88.62,244.15}{172,89.01,245.15}{173,89.4,246.15}{174,89.8,247.15}{175,90.19,248.15}{176,90.59,249.15}{177,90.98,250.15}{178,91.37,251.15}{179,91.77,252.15}{180,92.16,253.15}{181,92.55,254.15}{182,92.95,255.15}{183,93.34,256.15}{184,93.73,257.15}{185,94.12,258.15}{186,94.52,259.15}{187,94.91,260.15}{188,95.3,261.15}{189,95.69,262.15}{190,96.09,263.15}{191,96.48,264.15}{192,96.87,265.15}{193,97.26,266.15}{194,97.65,267.15}{195,98.04,268.15}{196,98.44,269.15}{197,98.83,270.15}{198,99.22,271.15}{199,99.61,272.15}{200,100,273.15}{201,100.39,274.15}{202,100.78,275.15}{203,101.17,276.15}{204,101.56,277.15}{205,101.95,278.15}{206,102.34,279.15}{207,102.73,280.15}{208,103.12,281.15}{209,103.51,282.15}{210,103.9,283.15}{211,104.29,284.15}{212,104.68,285.15}{213,105.07,286.15}{214,105.46,287.15}{215,105.85,288.15}{216,106.24,289.15}{217,106.63,290.15}{218,107.02,291.15}{219,107.4,292.15}{220,107.79,293.15}{221,108.18,294.15}{222,108.57,295.15}{223,108.96,296.15}{224,109.35,297.15}{225,109.73,298.15}{226,110.12,299.15}{227,110.51,300.15}{228,110.9,301.15}{229,111.28,302.15}{230,111.67,303.15}{231,112.06,304.15}{232,112.45,305.15}{233,112.83,306.15}{234,113.22,307.15}{235,113.61,308.15}{236,113.99,309.15}{237,114.38,310.15}{238,114.77,311.15}{239,115.15,312.15}{240,115.54,313.15}{241,115.93,314.15}{242,116.31,315.15}{243,116.7,316.15}{244,117.08,317.15}{245,117.47,318.15}{246,117.85,319.15}{247,118.24,320.15}{248,118.62,321.15}{249,119.01,322.15}{250,119.4,323.15}{251,119.78,324.15}{252,120.16,325.15}{253,120.55,326.15}{254,120.93,327.15}{255,121.32,328.15}{256,121.7,329.15}{257,122.09,330.15}{258,122.47,331.15}{259,122.86,332.15}{260,123.24,333.15}{261,123.62,334.15}{262,124.01,335.15}{263,124.39,336.15}{264,124.77,337.15}{265,125.17,338.15}{266,125.55,339.15}{267,125.93,340.15}{268,126.32,341.15}{269,126.7,342.15}{270,127.08,343.15}{271,127.46,344.15}{272,127.85,345.15}{273,128.23,346.15}{274,128.61,347.15}{275,128.99,348.15}{276,129.38,349.15}{277,129.76,350.15}{278,130.14,351.15}{279,130.52,352.15}{280,130.9,353.15}{281,131.28,354.15}{282,131.67,355.15}{283,132.05,356.15}{284,132.43,357.15}{285,132.81,358.15}{286,133.19,359.15}{287,133.57,360.15}{288,133.95,361.15}{289,134.33,362.15}{290,134.71,363.15}{291,135.09,364.15}{292,135.47,365.15}{293,135.85,366.15}{294,136.23,367.15}{295,136.61,368.15}{296,136.99,369.15}{297,137.37,370.15}{298,137.75,371.15}{299,138.13,372.15}{300,138.51,373.15}{301,138.89,374.15}{302,139.27,375.15}{303,139.65,376.15}{304,140.03,377.15}{305,140.39,378.15}{306,140.77,379.15}{307,141.15,380.15}{308,141.53,381.15}{309,141.91,382.15}{310,142.29,383.15}{311,142.66,384.15}{312,143.04,385.15}{313,143.42,386.15}{314,143.8,387.15}{315,144.18,388.15}{316,144.56,389.15}{317,144.94,390.15}{318,145.32,391.15}{319,145.69,392.15}{320,146.07,393.15}{321,146.45,394.15}{322,146.82,395.15}{323,147.2,396.15}{324,147.58,397.15}{325,147.95,398.15}{326,148.33,399.15}{327,148.71,400.15}{328,149.08,401.15}{329,149.46,402.15}{330,149.83,403.15}{331,150.21,404.15}{332,150.58,405.15}{333,150.96,406.15}{334,151.34,407.15}{335,151.71,408.15}{336,152.09,409.15}{337,152.46,410.15}{338,152.84,411.15}{339,153.21,412.15}{340,153.58,413.15}{341,153.95,414.15}{342,154.32,415.15}{343,154.71,416.15}{344,155.08,417.15}{345,155.46,418.15}{346,155.83,419.15}{347,156.21,420.15}{348,156.58,421.15}{349,156.96,422.15}{350,157.33,423.15}{351,157.71,424.15}{352,158.08,425.15}{353,158.45,426.15}{354,158.83,427.15}{355,159.2,428.15}{356,159.56,429.15}{357,159.94,430.15}{358,160.31,431.15}{359,160.68,432.15}{360,161.05,433.15}{361,161.43,434.15}{362,161.8,435.15}{363,162.17,436.15}{364,162.54,437.15}{365,162.91,438.15}{366,163.28,439.15}{367,163.66,440.15}{368,164.03,441.15}{369,164.4,442.15}{370,164.77,443.15}{371,165.14,444.15}{372,165.51,445.15}{373,165.88,446.15}{374,166.25,447.15}{375,166.62,448.15}{376,167,449.15}{377,167.37,450.15}{378,167.74,451.15}{379,168.11,452.15}{380,168.48,453.15}{381,168.85,454.15}{382,169.22,455.15}{383,169.59,456.15}{384,169.96,457.15}{385,170.33,458.15}{386,170.69,459.15}{387,171.06,460.15}{388,171.43,461.15}{389,171.8,462.15}{390,172.17,463.15}{391,172.54,464.15}{392,172.91,465.15}{393,173.27,466.15}{394,173.64,467.15}{395,174.01,468.15}{396,174.39,469.15}{397,174.75,470.15}{398,175.12,471.15}{399,175.49,472.15}{400,175.86,473.15}{401,176.23,474.15}{402,176.59,475.15}{403,176.96,476.15}{404,177.33,477.15}{405,177.7,478.15}{406,178.06,479.15}{407,178.43,480.15}{408,178.8,481.15}{409,179.16,482.15}{410,179.53,483.15}{411,179.9,484.15}{412,180.26,485.15}{413,180.63,486.15}{414,180.99,487.15}{415,181.36,488.15}{416,181.73,489.15}{417,182.09,490.15}{418,182.46,491.15}{419,182.82,492.15}{420,183.19,493.15}{421,183.55,494.15}{422,183.92,495.15}{423,184.28,496.15}{424,184.65,497.15}{425,185.01,498.15}{426,185.38,499.15}{427,185.74,500.15}{428,186.11,501.15}{429,186.47,502.15}{430,186.84,503.15}{431,187.2,504.15}{432,187.56,505.15}{433,187.93,506.15}{434,188.29,507.15}{435,188.65,508.15}{436,189.02,509.15}{437,189.38,510.15}{438,189.74,511.15}{439,190.11,512.15}{440,190.47,513.15}{441,190.83,514.15}{442,191.2,515.15}{443,191.56,516.15}{444,191.92,517.15}{445,192.28,518.15}{446,192.66,519.15}{447,193.02,520.15}{448,193.38,521.15}{449,193.74,522.15}{450,194.1,523.15}{451,194.47,524.15}{452,194.83,525.15}{453,195.19,526.15}{454,195.55,527.15}{455,195.9,528.15}{456,196.26,529.15}{457,196.62,530.15}{458,196.98,531.15}{459,197.35,532.15}{460,197.71,533.15}{461,198.07,534.15}{462,198.43,535.15}{463,198.79,536.15}{464,199.15,537.15}{465,199.51,538.15}{466,199.87,539.15}{467,200.23,540.15}{468,200.59,541.15}{469,200.95,542.15}{470,201.31,543.15}{471,201.67,544.15}{472,202.03,545.15}{473,202.38,546.15}{474,202.74,547.15}{475,203.1,548.15}{476,203.46,549.15}{477,203.82,550.15}{478,204.18,551.15}{479,204.54,552.15}{480,204.9,553.15}{481,205.25,554.15}{482,205.61,555.15}{483,205.97,556.15}{484,206.33,557.15}{485,206.7,558.15}{486,207.05,559.15}{487,207.41,560.15}{488,207.77,561.15}{489,208.13,562.15}{490,208.48,563.15}{491,208.84,564.15}{492,209.2,565.15}{493,209.55,566.15}{494,209.91,567.15}{495,210.27,568.15}{496,210.62,569.15}{497,210.98,570.15}{498,211.34,571.15}{499,211.69,572.15}{500,212.05,573.15}{501,212.4,574.15}{502,212.76,575.15}{503,213.12,576.15}{504,213.47,577.15}{505,213.83,578.15}{506,214.19,579.15}{507,214.55,580.15}{508,214.9,581.15}{509,215.26,582.15}{510,215.61,583.15}{511,215.97,584.15}{512,216.32,585.15}{513,216.68,586.15}{514,217.03,587.15}{515,217.39,588.15}{516,217.73,589.15}{517,218.08,590.15}{518,218.44,591.15}{519,218.79,592.15}{520,219.15,593.15}{521,219.5,594.15}{522,219.85,595.15}{523,220.21,596.15}{524,220.56,597.15}{525,220.91,598.15}{526,221.27,599.15}{527,221.62,600.15}{528,221.97,601.15}{529,222.32,602.15}{530,222.68,603.15}{531,223.03,604.15}{532,223.38,605.15}{533,223.73,606.15}{534,224.09,607.15}{535,224.45,608.15}{536,224.8,609.15}{537,225.15,610.15}{538,225.5,611.15}{539,225.85,612.15}{540,226.21,613.15}{541,226.56,614.15}{542,226.91,615.15}{543,227.26,616.15}{544,227.61,617.15}{545,227.96,618.15}{546,228.31,619.15}{547,228.66,620.15}{548,229.01,621.15}{549,229.36,622.15}{550,229.72,623.15}{551,230.07,624.15}{552,230.42,625.15}{553,230.77,626.15}{554,231.12,627.15}{555,231.47,628.15}{556,231.81,629.15}{557,232.16,630.15}{558,232.51,631.15}{559,232.86,632.15}{560,233.21,633.15}{561,233.56,634.15}{562,233.91,635.15}{563,234.26,636.15}{564,234.6,637.15}{565,234.95,638.15}{566,235.3,639.15}{567,235.65,640.15}{568,236,641.15}{569,236.35,642.15}{570,236.7,643.15}{571,237.05,644.15}{572,237.4,645.15}{573,237.75,646.15}{574,238.09,647.15}{575,238.44,648.15}{576,238.79,649.15}{577,239.14,650.15}{578,239.48,651.15}{579,239.83,652.15}{580,240.18,653.15}{581,240.52,654.15}{582,240.87,655.15}{583,241.22,656.15}{584,241.56,657.15}{585,241.91,658.15}{586,242.25,659.15}{587,242.6,660.15}{588,242.95,661.15}{589,243.29,662.15}{590,243.64,663.15}{591,243.98,664.15}{592,244.33,665.15}{593,244.67,666.15}{594,245.02,667.15}{595,245.36,668.15}{596,245.71,669.15}{597,246.05,670.15}{598,246.4,671.15}{599,246.74,672.15}{600,247.09,673.15}{601,247.43,674.15}{602,247.78,675.15}{603,248.12,676.15}{604,248.46,677.15}{605,248.81,678.15}{606,249.15,679.15}{607,249.5,680.15}{608,249.84,681.15}{609,250.18,682.15}{610,250.53,683.15}{611,250.89,684.15}{612,251.21,685.15}{613,251.55,686.15}{614,251.9,687.15}{615,252.24,688.15}{616,252.59,689.15}{617,252.94,690.15}{618,253.28,691.15}{619,253.62,692.15}{620,253.96,693.15}{621,254.3,694.15}{622,254.65,695.15}{623,254.99,696.15}{624,255.33,697.15}{625,255.67,698.15}{626,256.01,699.15}{627,256.35,700.15}{628,256.7,701.15}{629,257.04,702.15}{630,257.38,703.15}{631,257.72,704.15}{632,258.06,705.15}{633,258.4,706.15}{634,258.74,707.15}{635,259.08,708.15}{636,259.42,709.15}{637,259.76,710.15}{638,260.1,711.15}{639,260.44,712.15}{640,260.78,713.15}{641,261.12,714.15}{642,261.46,715.15}{643,261.8,716.15}{644,262.14,717.15}{645,262.48,718.15}{646,262.83,719.15}{647,263.17,720.15}{648,263.5,721.15}{649,263.84,722.15}{650,264.18,723.15}{651,264.52,724.15}{652,264.86,725.15}{653,265.2,726.15}{654,265.54,727.15}{655,265.87,728.15}{656,266.21,729.15}{657,266.55,730.15}{658,266.89,731.15}{659,267.22,732.15}{660,267.56,733.15}{661,267.9,734.15}{662,268.24,735.15}{663,268.57,736.15}{664,268.91,737.15}{665,269.25,738.15}{666,269.58,739.15}{667,269.92,740.15}{668,270.26,741.15}{669,270.59,742.15}{670,270.93,743.15}{671,271.27,744.15}{672,271.6,745.15}{673,271.94,746.15}{674,272.27,747.15}{675,272.61,748.15}{676,272.95,749.15}{677,273.28,750.15}{678,273.62,751.15}{679,273.95,752.15}{680,274.29,753.15}{681,274.62,754.15}{682,274.96,755.15}{683,275.29,756.15}{684,275.63,757.15}{685,275.96,758.15}{686,276.31,759.15}{687,276.64,760.15}{688,276.97,761.15}{689,277.31,762.15}{690,277.64,763.15}{691,277.98,764.15}{692,278.31,765.15}{693,278.64,766.15}{694,278.98,767.15}{695,279.31,768.15}{696,279.64,769.15}{697,279.98,770.15}{698,280.31,771.15}{699,280.64,772.15}{700,280.98,773.15}{701,281.31,774.15}{702,281.64,775.15}{703,281.97,776.15}{704,282.31,777.15}{705,282.64,778.15}{706,282.97,779.15}{707,283.3,780.15}{708,283.63,781.15}{709,283.97,782.15}{710,284.3,783.15}{711,284.63,784.15}{712,284.96,785.15}{713,285.29,786.15}{714,285.62,787.15}{715,285.95,788.15}{716,286.3,789.15}{717,286.63,790.15}{718,286.96,791.15}{719,287.29,792.15}{720,287.62,793.15}{721,287.95,794.15}{722,288.28,795.15}{723,288.61,796.15}{724,288.94,797.15}{725,289.27,798.15}{726,289.6,799.15}{727,289.93,800.15}{728,290.26,801.15}{729,290.59,802.15}{730,290.92,803.15}{731,291.25,804.15}{732,291.58,805.15}{733,291.9,806.15}{734,292.23,807.15}{735,292.56,808.15}{736,292.9,809.15}{737,293.23,810.15}{738,293.56,811.15}{739,293.89,812.15}{740,294.21,813.15}{741,294.54,814.15}{742,294.87,815.15}{743,295.2,816.15}{744,295.53,817.15}{745,295.85,818.15}{746,296.18,819.15}{747,296.51,820.15}{748,296.84,821.15}{749,297.16,822.15}{750,297.49,823.15}{751,297.82,824.15}{752,298.14,825.15}{753,298.47,826.15}{754,298.8,827.15}{755,299.12,828.15}{756,299.45,829.15}{757,299.78,830.15}{758,300.1,831.15}{759,300.43,832.15}{760,300.75,833.15}{761,301.08,834.15}{762,301.41,835.15}{763,301.73,836.15}{764,302.06,837.15}{765,302.38,838.15}{766,302.71,839.15}{767,303.03,840.15}{768,303.36,841.15}{769,303.68,842.15}{770,304.01,843.15}{771,304.33,844.15}{772,304.66,845.15}{773,304.98,846.15}{774,305.3,847.15}{775,305.63,848.15}{776,305.95,849.15}{777,306.28,850.15}{778,306.6,851.15}{779,306.92,852.15}{780,307.25,853.15}{781,307.57,854.15}{782,307.89,855.15}{783,308.22,856.15}{784,308.54,857.15}{785,308.86,858.15}{786,309.19,859.15}{787,309.51,860.15}{788,309.83,861.15}{789,310.15,862.15}{790,310.48,863.15}{791,310.8,864.15}{792,311.12,865.15}{793,311.45,866.15}{794,311.78,867.15}{795,312.1,868.15}{796,312.43,869.15}{797,312.75,870.15}{798,313.07,871.15}{799,313.39,872.15}{800,313.71,873.15}{801,314.04,874.15}{802,314.36,875.15}{803,314.68,876.15}{804,315,877.15}{805,315.32,878.15}{806,315.64,879.15}{807,315.96,880.15}{808,316.28,881.15}{809,316.6,882.15}{810,316.92,883.15}{811,317.24,884.15}{812,317.56,885.15}{813,317.88,886.15}{814,318.2,887.15}{815,318.52,888.15}{816,318.85,889.15}{817,319.17,890.15}{818,319.49,891.15}{819,319.81,892.15}{820,320.12,893.15}{821,320.44,894.15}{822,320.76,895.15}{823,321.08,896.15}{824,321.4,897.15}{825,321.72,898.15}{826,322.03,899.15}{827,322.34,900.15}{828,322.66,901.15}{829,322.98,902.15}{830,323.3,903.15}{831,323.61,904.15}{832,323.93,905.15}{833,324.25,906.15}{834,324.57,907.15}{835,324.88,908.15}{836,325.21,909.15}{837,325.53,910.15}{838,325.85,911.15}{839,326.16,912.15}{840,326.48,913.15}{841,326.79,914.15}{842,327.11,915.15}{843,327.43,916.15}{844,327.74,917.15}{845,328.06,918.15}{846,328.38,919.15}{847,328.69,920.15}{848,329.01,921.15}{849,329.32,922.15}{850,329.64,923.15}{851,329.95,924.15}{852,330.27,925.15}{853,330.58,926.15}{854,330.9,927.15}{855,331.21,928.15}{856,331.53,929.15}{857,331.84,930.15}{858,332.16,931.15}{859,332.47,932.15}{860,332.79,933.15}{861,333.1,934.15}{862,333.41,935.15}{863,333.73,936.15}{864,334.04,937.15}{865,334.36,938.15}{866,334.68,939.15}{867,334.99,940.15}{868,335.31,941.15}{869,335.62,942.15}{870,335.93,943.15}{871,336.25,944.15}{872,336.56,945.15}{873,336.87,946.15}{874,337.18,947.15}{875,337.5,948.15}{876,337.81,949.15}{877,338.12,950.15}{878,338.43,951.15}{879,338.75,952.15}{880,339.06,953.15}{881,339.37,954.15}{882,339.68,955.15}{883,339.99,956.15}{884,340.3,957.15}{885,340.62,958.15}{886,340.94,959.15}{887,341.25,960.15}{888,341.55,961.15}{889,341.87,962.15}{890,342.18,963.15}{891,342.49,964.15}{892,342.8,965.15}{893,343.11,966.15}{894,343.42,967.15}{895,343.73,968.15}{896,344.04,969.15}{897,344.35,970.15}{898,344.66,971.15}{899,344.97,972.15}{900,345.28,973.15}{901,345.59,974.15}{902,345.9,975.15}{903,346.21,976.15}{904,346.52,977.15}{905,346.83,978.15}{906,347.15,979.15}{907,347.46,980.15}{908,347.76,981.15}{909,348.07,982.15}{910,348.38,983.15}{911,348.69,984.15}{912,349,985.15}{913,349.31,986.15}{914,349.61,987.15}{915,349.92,988.15}{916,350.23,989.15}{917,350.54,990.15}{918,350.85,991.15}{919,351.15,992.15}{920,351.46,993.15}{921,351.77,994.15}{922,352.07,995.15}{923,352.38,996.15}{924,352.69,997.15}{925,352.99,998.15}{926,353.3,999.15}{927,353.61,1000.15}{928,353.91,1001.15}{929,354.22,1002.15}{930,354.53,1003.15}{931,354.83,1004.15}{932,355.14,1005.15}{933,355.44,1006.15}{934,355.75,1007.15}{935,356.06,1008.15}{936,356.37,1009.15}{937,356.68,1010.15}{938,356.98,1011.15}{939,357.29,1012.15}{940,357.59,1013.15}{941,357.9,1014.15}{942,358.2,1015.15}{943,358.51,1016.15}{944,358.81,1017.15}{945,359.12,1018.15}{946,359.42,1019.15}{947,359.72,1020.15}{948,360.03,1021.15}{949,360.33,1022.15}{950,360.64,1023.15}{951,360.94,1024.15}{952,361.24,1025.15}{953,361.55,1026.15}{954,361.85,1027.15}{955,362.15,1028.15}{956,362.46,1029.15}{957,362.76,1030.15}{958,363.06,1031.15}{959,363.36,1032.15}{960,363.67,1033.15}{961,363.97,1034.15}{962,364.27,1035.15}{963,364.57,1036.15}{964,364.88,1037.15}{965,365.18,1038.15}{966,365.49,1039.15}{967,365.79,1040.15}{968,366.09,1041.15}{969,366.4,1042.15}{970,366.7,1043.15}{971,367,1044.15}{972,367.3,1045.15}{973,367.6,1046.15}{974,367.9,1047.15}{975,368.2,1048.15}{976,368.5,1049.15}{977,368.81,1050.15}{978,369.11,1051.15}{979,369.41,1052.15}{980,369.71,1053.15}{981,370.01,1054.15}{982,370.31,1055.15}{983,370.61,1056.15}{984,370.91,1057.15}{985,371.21,1058.15}{986,371.52,1059.15}{987,371.82,1060.15}{988,372.12,1061.15}{989,372.41,1062.15}{990,372.71,1063.15}{991,373.01,1064.15}{992,373.31,1065.15}{993,373.61,1066.15}{994,373.91,1067.15}{995,374.21,1068.15}{996,374.51,1069.15}{997,374.8,1070.15}{998,375.1,1071.15}{999,375.4,1072.15}{1000,375.7,1073.15}{1001,376,1074.15}{1002,376.29,1075.15}{1003,376.59,1076.15}{1004,376.89,1077.15}{1005,377.19,1078.15}{1006,377.49,1079.15}{1007,377.79,1080.15}{1008,378.09,1081.15}{1009,378.39,1082.15}{1010,378.68,1083.15}{1011,378.98,1084.15}{1012,379.28,1085.15}{1013,379.57,1086.15}{1014,379.87,1087.15}{1015,380.17,1088.15}{1016,380.46,1089.15}{1017,380.76,1090.15}{1018,381.05,1091.15}{1019,381.35,1092.15}{1020,381.65,1093.15}{1021,381.94,1094.15}{1022,382.24,1095.15}{1023,382.53,1096.15}{1024,382.83,1097.15}{1025,383.12,1098.15}{1026,383.42,1099.15}{1027,383.71,1100.15}{1028,384.01,1101.15}{1029,384.3,1102.15}{1030,384.6,1103.15}{1031,384.89,1104.15}{1032,385.18,1105.15}{1033,385.48,1106.15}{1034,385.77,1107.15}{1035,386.07,1108.15}{1036,386.37,1109.15}{1037,386.66,1110.15}{1038,386.96,1111.15}{1039,387.25,1112.15}{1040,387.55,1113.15}{1041,387.84,1114.15}{1042,388.13,1115.15}{1043,388.42,1116.15}{1044,388.72,1117.15}{1045,389.01,1118.15}{1046,389.31,1119.15}{1047,389.61,1120.15}{1048,389.9,1121.15}{1049,390.19,1122.15}{1050,390.48,1123.15}&quot;"/>
                                                <instance name="dev02/Config/ch00007/Calibration_Sensor_Curve" order="0" value="&quot;{0,18.52,73.15}{1,18.96,74.15}{2,19.39,75.15}{3,19.82,76.15}{4,20.25,77.15}{5,20.68,78.15}{6,21.11,79.15}{7,21.54,80.15}{8,21.97,81.15}{9,22.4,82.15}{10,22.83,83.15}{11,23.26,84.15}{12,23.69,85.15}{13,24.12,86.15}{14,24.55,87.15}{15,24.97,88.15}{16,25.39,89.15}{17,25.82,90.15}{18,26.25,91.15}{19,26.67,92.15}{20,27.1,93.15}{21,27.52,94.15}{22,27.95,95.15}{23,28.37,96.15}{24,28.8,97.15}{25,29.22,98.15}{26,29.65,99.15}{27,30.07,100.15}{28,30.49,101.15}{29,30.92,102.15}{30,31.34,103.15}{31,31.76,104.15}{32,32.18,105.15}{33,32.61,106.15}{34,33.03,107.15}{35,33.45,108.15}{36,33.86,109.15}{37,34.28,110.15}{38,34.7,111.15}{39,35.12,112.15}{40,35.54,113.15}{41,35.96,114.15}{42,36.38,115.15}{43,36.8,116.15}{44,37.22,117.15}{45,37.63,118.15}{46,38.05,119.15}{47,38.47,120.15}{48,38.89,121.15}{49,39.31,122.15}{50,39.72,123.15}{51,40.14,124.15}{52,40.56,125.15}{53,40.97,126.15}{54,41.39,127.15}{55,41.8,128.15}{56,42.22,129.15}{57,42.64,130.15}{58,43.05,131.15}{59,43.46,132.15}{60,43.88,133.15}{61,44.29,134.15}{62,44.71,135.15}{63,45.12,136.15}{64,45.53,137.15}{65,45.95,138.15}{66,46.35,139.15}{67,46.76,140.15}{68,47.18,141.15}{69,47.59,142.15}{70,48,143.15}{71,48.41,144.15}{72,48.82,145.15}{73,49.23,146.15}{74,49.64,147.15}{75,50.06,148.15}{76,50.47,149.15}{77,50.88,150.15}{78,51.29,151.15}{79,51.7,152.15}{80,52.11,153.15}{81,52.52,154.15}{82,52.92,155.15}{83,53.33,156.15}{84,53.74,157.15}{85,54.15,158.15}{86,54.56,159.15}{87,54.97,160.15}{88,55.38,161.15}{89,55.78,162.15}{90,56.19,163.15}{91,56.6,164.15}{92,57,165.15}{93,57.41,166.15}{94,57.82,167.15}{95,58.22,168.15}{96,58.63,169.15}{97,59.04,170.15}{98,59.44,171.15}{99,59.85,172.15}{100,60.26,173.15}{101,60.67,174.15}{102,61.07,175.15}{103,61.48,176.15}{104,61.87,177.15}{105,62.29,178.15}{106,62.69,179.15}{107,63.1,180.15}{108,63.5,181.15}{109,63.91,182.15}{110,64.3,183.15}{111,64.7,184.15}{112,65.11,185.15}{113,65.51,186.15}{114,65.91,187.15}{115,66.31,188.15}{116,66.72,189.15}{117,67.12,190.15}{118,67.52,191.15}{119,67.92,192.15}{120,68.33,193.15}{121,68.73,194.15}{122,69.13,195.15}{123,69.53,196.15}{124,69.93,197.15}{125,70.33,198.15}{126,70.73,199.15}{127,71.13,200.15}{128,71.53,201.15}{129,71.93,202.15}{130,72.33,203.15}{131,72.73,204.15}{132,73.13,205.15}{133,73.53,206.15}{134,73.93,207.15}{135,74.33,208.15}{136,74.73,209.15}{137,75.13,210.15}{138,75.53,211.15}{139,75.93,212.15}{140,76.33,213.15}{141,76.73,214.15}{142,77.13,215.15}{143,77.52,216.15}{144,77.92,217.15}{145,78.32,218.15}{146,78.72,219.15}{147,79.11,220.15}{148,79.51,221.15}{149,79.91,222.15}{150,80.31,223.15}{151,80.7,224.15}{152,81.1,225.15}{153,81.5,226.15}{154,81.89,227.15}{155,82.29,228.15}{156,82.69,229.15}{157,83.08,230.15}{158,83.48,231.15}{159,83.88,232.15}{160,84.27,233.15}{161,84.67,234.15}{162,85.06,235.15}{163,85.46,236.15}{164,85.85,237.15}{165,86.25,238.15}{166,86.64,239.15}{167,87.04,240.15}{168,87.43,241.15}{169,87.83,242.15}{170,88.22,243.15}{171,88.62,244.15}{172,89.01,245.15}{173,89.4,246.15}{174,89.8,247.15}{175,90.19,248.15}{176,90.59,249.15}{177,90.98,250.15}{178,91.37,251.15}{179,91.77,252.15}{180,92.16,253.15}{181,92.55,254.15}{182,92.95,255.15}{183,93.34,256.15}{184,93.73,257.15}{185,94.12,258.15}{186,94.52,259.15}{187,94.91,260.15}{188,95.3,261.15}{189,95.69,262.15}{190,96.09,263.15}{191,96.48,264.15}{192,96.87,265.15}{193,97.26,266.15}{194,97.65,267.15}{195,98.04,268.15}{196,98.44,269.15}{197,98.83,270.15}{198,99.22,271.15}{199,99.61,272.15}{200,100,273.15}{201,100.39,274.15}{202,100.78,275.15}{203,101.17,276.15}{204,101.56,277.15}{205,101.95,278.15}{206,102.34,279.15}{207,102.73,280.15}{208,103.12,281.15}{209,103.51,282.15}{210,103.9,283.15}{211,104.29,284.15}{212,104.68,285.15}{213,105.07,286.15}{214,105.46,287.15}{215,105.85,288.15}{216,106.24,289.15}{217,106.63,290.15}{218,107.02,291.15}{219,107.4,292.15}{220,107.79,293.15}{221,108.18,294.15}{222,108.57,295.15}{223,108.96,296.15}{224,109.35,297.15}{225,109.73,298.15}{226,110.12,299.15}{227,110.51,300.15}{228,110.9,301.15}{229,111.28,302.15}{230,111.67,303.15}{231,112.06,304.15}{232,112.45,305.15}{233,112.83,306.15}{234,113.22,307.15}{235,113.61,308.15}{236,113.99,309.15}{237,114.38,310.15}{238,114.77,311.15}{239,115.15,312.15}{240,115.54,313.15}{241,115.93,314.15}{242,116.31,315.15}{243,116.7,316.15}{244,117.08,317.15}{245,117.47,318.15}{246,117.85,319.15}{247,118.24,320.15}{248,118.62,321.15}{249,119.01,322.15}{250,119.4,323.15}{251,119.78,324.15}{252,120.16,325.15}{253,120.55,326.15}{254,120.93,327.15}{255,121.32,328.15}{256,121.7,329.15}{257,122.09,330.15}{258,122.47,331.15}{259,122.86,332.15}{260,123.24,333.15}{261,123.62,334.15}{262,124.01,335.15}{263,124.39,336.15}{264,124.77,337.15}{265,125.17,338.15}{266,125.55,339.15}{267,125.93,340.15}{268,126.32,341.15}{269,126.7,342.15}{270,127.08,343.15}{271,127.46,344.15}{272,127.85,345.15}{273,128.23,346.15}{274,128.61,347.15}{275,128.99,348.15}{276,129.38,349.15}{277,129.76,350.15}{278,130.14,351.15}{279,130.52,352.15}{280,130.9,353.15}{281,131.28,354.15}{282,131.67,355.15}{283,132.05,356.15}{284,132.43,357.15}{285,132.81,358.15}{286,133.19,359.15}{287,133.57,360.15}{288,133.95,361.15}{289,134.33,362.15}{290,134.71,363.15}{291,135.09,364.15}{292,135.47,365.15}{293,135.85,366.15}{294,136.23,367.15}{295,136.61,368.15}{296,136.99,369.15}{297,137.37,370.15}{298,137.75,371.15}{299,138.13,372.15}{300,138.51,373.15}{301,138.89,374.15}{302,139.27,375.15}{303,139.65,376.15}{304,140.03,377.15}{305,140.39,378.15}{306,140.77,379.15}{307,141.15,380.15}{308,141.53,381.15}{309,141.91,382.15}{310,142.29,383.15}{311,142.66,384.15}{312,143.04,385.15}{313,143.42,386.15}{314,143.8,387.15}{315,144.18,388.15}{316,144.56,389.15}{317,144.94,390.15}{318,145.32,391.15}{319,145.69,392.15}{320,146.07,393.15}{321,146.45,394.15}{322,146.82,395.15}{323,147.2,396.15}{324,147.58,397.15}{325,147.95,398.15}{326,148.33,399.15}{327,148.71,400.15}{328,149.08,401.15}{329,149.46,402.15}{330,149.83,403.15}{331,150.21,404.15}{332,150.58,405.15}{333,150.96,406.15}{334,151.34,407.15}{335,151.71,408.15}{336,152.09,409.15}{337,152.46,410.15}{338,152.84,411.15}{339,153.21,412.15}{340,153.58,413.15}{341,153.95,414.15}{342,154.32,415.15}{343,154.71,416.15}{344,155.08,417.15}{345,155.46,418.15}{346,155.83,419.15}{347,156.21,420.15}{348,156.58,421.15}{349,156.96,422.15}{350,157.33,423.15}{351,157.71,424.15}{352,158.08,425.15}{353,158.45,426.15}{354,158.83,427.15}{355,159.2,428.15}{356,159.56,429.15}{357,159.94,430.15}{358,160.31,431.15}{359,160.68,432.15}{360,161.05,433.15}{361,161.43,434.15}{362,161.8,435.15}{363,162.17,436.15}{364,162.54,437.15}{365,162.91,438.15}{366,163.28,439.15}{367,163.66,440.15}{368,164.03,441.15}{369,164.4,442.15}{370,164.77,443.15}{371,165.14,444.15}{372,165.51,445.15}{373,165.88,446.15}{374,166.25,447.15}{375,166.62,448.15}{376,167,449.15}{377,167.37,450.15}{378,167.74,451.15}{379,168.11,452.15}{380,168.48,453.15}{381,168.85,454.15}{382,169.22,455.15}{383,169.59,456.15}{384,169.96,457.15}{385,170.33,458.15}{386,170.69,459.15}{387,171.06,460.15}{388,171.43,461.15}{389,171.8,462.15}{390,172.17,463.15}{391,172.54,464.15}{392,172.91,465.15}{393,173.27,466.15}{394,173.64,467.15}{395,174.01,468.15}{396,174.39,469.15}{397,174.75,470.15}{398,175.12,471.15}{399,175.49,472.15}{400,175.86,473.15}{401,176.23,474.15}{402,176.59,475.15}{403,176.96,476.15}{404,177.33,477.15}{405,177.7,478.15}{406,178.06,479.15}{407,178.43,480.15}{408,178.8,481.15}{409,179.16,482.15}{410,179.53,483.15}{411,179.9,484.15}{412,180.26,485.15}{413,180.63,486.15}{414,180.99,487.15}{415,181.36,488.15}{416,181.73,489.15}{417,182.09,490.15}{418,182.46,491.15}{419,182.82,492.15}{420,183.19,493.15}{421,183.55,494.15}{422,183.92,495.15}{423,184.28,496.15}{424,184.65,497.15}{425,185.01,498.15}{426,185.38,499.15}{427,185.74,500.15}{428,186.11,501.15}{429,186.47,502.15}{430,186.84,503.15}{431,187.2,504.15}{432,187.56,505.15}{433,187.93,506.15}{434,188.29,507.15}{435,188.65,508.15}{436,189.02,509.15}{437,189.38,510.15}{438,189.74,511.15}{439,190.11,512.15}{440,190.47,513.15}{441,190.83,514.15}{442,191.2,515.15}{443,191.56,516.15}{444,191.92,517.15}{445,192.28,518.15}{446,192.66,519.15}{447,193.02,520.15}{448,193.38,521.15}{449,193.74,522.15}{450,194.1,523.15}{451,194.47,524.15}{452,194.83,525.15}{453,195.19,526.15}{454,195.55,527.15}{455,195.9,528.15}{456,196.26,529.15}{457,196.62,530.15}{458,196.98,531.15}{459,197.35,532.15}{460,197.71,533.15}{461,198.07,534.15}{462,198.43,535.15}{463,198.79,536.15}{464,199.15,537.15}{465,199.51,538.15}{466,199.87,539.15}{467,200.23,540.15}{468,200.59,541.15}{469,200.95,542.15}{470,201.31,543.15}{471,201.67,544.15}{472,202.03,545.15}{473,202.38,546.15}{474,202.74,547.15}{475,203.1,548.15}{476,203.46,549.15}{477,203.82,550.15}{478,204.18,551.15}{479,204.54,552.15}{480,204.9,553.15}{481,205.25,554.15}{482,205.61,555.15}{483,205.97,556.15}{484,206.33,557.15}{485,206.7,558.15}{486,207.05,559.15}{487,207.41,560.15}{488,207.77,561.15}{489,208.13,562.15}{490,208.48,563.15}{491,208.84,564.15}{492,209.2,565.15}{493,209.55,566.15}{494,209.91,567.15}{495,210.27,568.15}{496,210.62,569.15}{497,210.98,570.15}{498,211.34,571.15}{499,211.69,572.15}{500,212.05,573.15}{501,212.4,574.15}{502,212.76,575.15}{503,213.12,576.15}{504,213.47,577.15}{505,213.83,578.15}{506,214.19,579.15}{507,214.55,580.15}{508,214.9,581.15}{509,215.26,582.15}{510,215.61,583.15}{511,215.97,584.15}{512,216.32,585.15}{513,216.68,586.15}{514,217.03,587.15}{515,217.39,588.15}{516,217.73,589.15}{517,218.08,590.15}{518,218.44,591.15}{519,218.79,592.15}{520,219.15,593.15}{521,219.5,594.15}{522,219.85,595.15}{523,220.21,596.15}{524,220.56,597.15}{525,220.91,598.15}{526,221.27,599.15}{527,221.62,600.15}{528,221.97,601.15}{529,222.32,602.15}{530,222.68,603.15}{531,223.03,604.15}{532,223.38,605.15}{533,223.73,606.15}{534,224.09,607.15}{535,224.45,608.15}{536,224.8,609.15}{537,225.15,610.15}{538,225.5,611.15}{539,225.85,612.15}{540,226.21,613.15}{541,226.56,614.15}{542,226.91,615.15}{543,227.26,616.15}{544,227.61,617.15}{545,227.96,618.15}{546,228.31,619.15}{547,228.66,620.15}{548,229.01,621.15}{549,229.36,622.15}{550,229.72,623.15}{551,230.07,624.15}{552,230.42,625.15}{553,230.77,626.15}{554,231.12,627.15}{555,231.47,628.15}{556,231.81,629.15}{557,232.16,630.15}{558,232.51,631.15}{559,232.86,632.15}{560,233.21,633.15}{561,233.56,634.15}{562,233.91,635.15}{563,234.26,636.15}{564,234.6,637.15}{565,234.95,638.15}{566,235.3,639.15}{567,235.65,640.15}{568,236,641.15}{569,236.35,642.15}{570,236.7,643.15}{571,237.05,644.15}{572,237.4,645.15}{573,237.75,646.15}{574,238.09,647.15}{575,238.44,648.15}{576,238.79,649.15}{577,239.14,650.15}{578,239.48,651.15}{579,239.83,652.15}{580,240.18,653.15}{581,240.52,654.15}{582,240.87,655.15}{583,241.22,656.15}{584,241.56,657.15}{585,241.91,658.15}{586,242.25,659.15}{587,242.6,660.15}{588,242.95,661.15}{589,243.29,662.15}{590,243.64,663.15}{591,243.98,664.15}{592,244.33,665.15}{593,244.67,666.15}{594,245.02,667.15}{595,245.36,668.15}{596,245.71,669.15}{597,246.05,670.15}{598,246.4,671.15}{599,246.74,672.15}{600,247.09,673.15}{601,247.43,674.15}{602,247.78,675.15}{603,248.12,676.15}{604,248.46,677.15}{605,248.81,678.15}{606,249.15,679.15}{607,249.5,680.15}{608,249.84,681.15}{609,250.18,682.15}{610,250.53,683.15}{611,250.89,684.15}{612,251.21,685.15}{613,251.55,686.15}{614,251.9,687.15}{615,252.24,688.15}{616,252.59,689.15}{617,252.94,690.15}{618,253.28,691.15}{619,253.62,692.15}{620,253.96,693.15}{621,254.3,694.15}{622,254.65,695.15}{623,254.99,696.15}{624,255.33,697.15}{625,255.67,698.15}{626,256.01,699.15}{627,256.35,700.15}{628,256.7,701.15}{629,257.04,702.15}{630,257.38,703.15}{631,257.72,704.15}{632,258.06,705.15}{633,258.4,706.15}{634,258.74,707.15}{635,259.08,708.15}{636,259.42,709.15}{637,259.76,710.15}{638,260.1,711.15}{639,260.44,712.15}{640,260.78,713.15}{641,261.12,714.15}{642,261.46,715.15}{643,261.8,716.15}{644,262.14,717.15}{645,262.48,718.15}{646,262.83,719.15}{647,263.17,720.15}{648,263.5,721.15}{649,263.84,722.15}{650,264.18,723.15}{651,264.52,724.15}{652,264.86,725.15}{653,265.2,726.15}{654,265.54,727.15}{655,265.87,728.15}{656,266.21,729.15}{657,266.55,730.15}{658,266.89,731.15}{659,267.22,732.15}{660,267.56,733.15}{661,267.9,734.15}{662,268.24,735.15}{663,268.57,736.15}{664,268.91,737.15}{665,269.25,738.15}{666,269.58,739.15}{667,269.92,740.15}{668,270.26,741.15}{669,270.59,742.15}{670,270.93,743.15}{671,271.27,744.15}{672,271.6,745.15}{673,271.94,746.15}{674,272.27,747.15}{675,272.61,748.15}{676,272.95,749.15}{677,273.28,750.15}{678,273.62,751.15}{679,273.95,752.15}{680,274.29,753.15}{681,274.62,754.15}{682,274.96,755.15}{683,275.29,756.15}{684,275.63,757.15}{685,275.96,758.15}{686,276.31,759.15}{687,276.64,760.15}{688,276.97,761.15}{689,277.31,762.15}{690,277.64,763.15}{691,277.98,764.15}{692,278.31,765.15}{693,278.64,766.15}{694,278.98,767.15}{695,279.31,768.15}{696,279.64,769.15}{697,279.98,770.15}{698,280.31,771.15}{699,280.64,772.15}{700,280.98,773.15}{701,281.31,774.15}{702,281.64,775.15}{703,281.97,776.15}{704,282.31,777.15}{705,282.64,778.15}{706,282.97,779.15}{707,283.3,780.15}{708,283.63,781.15}{709,283.97,782.15}{710,284.3,783.15}{711,284.63,784.15}{712,284.96,785.15}{713,285.29,786.15}{714,285.62,787.15}{715,285.95,788.15}{716,286.3,789.15}{717,286.63,790.15}{718,286.96,791.15}{719,287.29,792.15}{720,287.62,793.15}{721,287.95,794.15}{722,288.28,795.15}{723,288.61,796.15}{724,288.94,797.15}{725,289.27,798.15}{726,289.6,799.15}{727,289.93,800.15}{728,290.26,801.15}{729,290.59,802.15}{730,290.92,803.15}{731,291.25,804.15}{732,291.58,805.15}{733,291.9,806.15}{734,292.23,807.15}{735,292.56,808.15}{736,292.9,809.15}{737,293.23,810.15}{738,293.56,811.15}{739,293.89,812.15}{740,294.21,813.15}{741,294.54,814.15}{742,294.87,815.15}{743,295.2,816.15}{744,295.53,817.15}{745,295.85,818.15}{746,296.18,819.15}{747,296.51,820.15}{748,296.84,821.15}{749,297.16,822.15}{750,297.49,823.15}{751,297.82,824.15}{752,298.14,825.15}{753,298.47,826.15}{754,298.8,827.15}{755,299.12,828.15}{756,299.45,829.15}{757,299.78,830.15}{758,300.1,831.15}{759,300.43,832.15}{760,300.75,833.15}{761,301.08,834.15}{762,301.41,835.15}{763,301.73,836.15}{764,302.06,837.15}{765,302.38,838.15}{766,302.71,839.15}{767,303.03,840.15}{768,303.36,841.15}{769,303.68,842.15}{770,304.01,843.15}{771,304.33,844.15}{772,304.66,845.15}{773,304.98,846.15}{774,305.3,847.15}{775,305.63,848.15}{776,305.95,849.15}{777,306.28,850.15}{778,306.6,851.15}{779,306.92,852.15}{780,307.25,853.15}{781,307.57,854.15}{782,307.89,855.15}{783,308.22,856.15}{784,308.54,857.15}{785,308.86,858.15}{786,309.19,859.15}{787,309.51,860.15}{788,309.83,861.15}{789,310.15,862.15}{790,310.48,863.15}{791,310.8,864.15}{792,311.12,865.15}{793,311.45,866.15}{794,311.78,867.15}{795,312.1,868.15}{796,312.43,869.15}{797,312.75,870.15}{798,313.07,871.15}{799,313.39,872.15}{800,313.71,873.15}{801,314.04,874.15}{802,314.36,875.15}{803,314.68,876.15}{804,315,877.15}{805,315.32,878.15}{806,315.64,879.15}{807,315.96,880.15}{808,316.28,881.15}{809,316.6,882.15}{810,316.92,883.15}{811,317.24,884.15}{812,317.56,885.15}{813,317.88,886.15}{814,318.2,887.15}{815,318.52,888.15}{816,318.85,889.15}{817,319.17,890.15}{818,319.49,891.15}{819,319.81,892.15}{820,320.12,893.15}{821,320.44,894.15}{822,320.76,895.15}{823,321.08,896.15}{824,321.4,897.15}{825,321.72,898.15}{826,322.03,899.15}{827,322.34,900.15}{828,322.66,901.15}{829,322.98,902.15}{830,323.3,903.15}{831,323.61,904.15}{832,323.93,905.15}{833,324.25,906.15}{834,324.57,907.15}{835,324.88,908.15}{836,325.21,909.15}{837,325.53,910.15}{838,325.85,911.15}{839,326.16,912.15}{840,326.48,913.15}{841,326.79,914.15}{842,327.11,915.15}{843,327.43,916.15}{844,327.74,917.15}{845,328.06,918.15}{846,328.38,919.15}{847,328.69,920.15}{848,329.01,921.15}{849,329.32,922.15}{850,329.64,923.15}{851,329.95,924.15}{852,330.27,925.15}{853,330.58,926.15}{854,330.9,927.15}{855,331.21,928.15}{856,331.53,929.15}{857,331.84,930.15}{858,332.16,931.15}{859,332.47,932.15}{860,332.79,933.15}{861,333.1,934.15}{862,333.41,935.15}{863,333.73,936.15}{864,334.04,937.15}{865,334.36,938.15}{866,334.68,939.15}{867,334.99,940.15}{868,335.31,941.15}{869,335.62,942.15}{870,335.93,943.15}{871,336.25,944.15}{872,336.56,945.15}{873,336.87,946.15}{874,337.18,947.15}{875,337.5,948.15}{876,337.81,949.15}{877,338.12,950.15}{878,338.43,951.15}{879,338.75,952.15}{880,339.06,953.15}{881,339.37,954.15}{882,339.68,955.15}{883,339.99,956.15}{884,340.3,957.15}{885,340.62,958.15}{886,340.94,959.15}{887,341.25,960.15}{888,341.55,961.15}{889,341.87,962.15}{890,342.18,963.15}{891,342.49,964.15}{892,342.8,965.15}{893,343.11,966.15}{894,343.42,967.15}{895,343.73,968.15}{896,344.04,969.15}{897,344.35,970.15}{898,344.66,971.15}{899,344.97,972.15}{900,345.28,973.15}{901,345.59,974.15}{902,345.9,975.15}{903,346.21,976.15}{904,346.52,977.15}{905,346.83,978.15}{906,347.15,979.15}{907,347.46,980.15}{908,347.76,981.15}{909,348.07,982.15}{910,348.38,983.15}{911,348.69,984.15}{912,349,985.15}{913,349.31,986.15}{914,349.61,987.15}{915,349.92,988.15}{916,350.23,989.15}{917,350.54,990.15}{918,350.85,991.15}{919,351.15,992.15}{920,351.46,993.15}{921,351.77,994.15}{922,352.07,995.15}{923,352.38,996.15}{924,352.69,997.15}{925,352.99,998.15}{926,353.3,999.15}{927,353.61,1000.15}{928,353.91,1001.15}{929,354.22,1002.15}{930,354.53,1003.15}{931,354.83,1004.15}{932,355.14,1005.15}{933,355.44,1006.15}{934,355.75,1007.15}{935,356.06,1008.15}{936,356.37,1009.15}{937,356.68,1010.15}{938,356.98,1011.15}{939,357.29,1012.15}{940,357.59,1013.15}{941,357.9,1014.15}{942,358.2,1015.15}{943,358.51,1016.15}{944,358.81,1017.15}{945,359.12,1018.15}{946,359.42,1019.15}{947,359.72,1020.15}{948,360.03,1021.15}{949,360.33,1022.15}{950,360.64,1023.15}{951,360.94,1024.15}{952,361.24,1025.15}{953,361.55,1026.15}{954,361.85,1027.15}{955,362.15,1028.15}{956,362.46,1029.15}{957,362.76,1030.15}{958,363.06,1031.15}{959,363.36,1032.15}{960,363.67,1033.15}{961,363.97,1034.15}{962,364.27,1035.15}{963,364.57,1036.15}{964,364.88,1037.15}{965,365.18,1038.15}{966,365.49,1039.15}{967,365.79,1040.15}{968,366.09,1041.15}{969,366.4,1042.15}{970,366.7,1043.15}{971,367,1044.15}{972,367.3,1045.15}{973,367.6,1046.15}{974,367.9,1047.15}{975,368.2,1048.15}{976,368.5,1049.15}{977,368.81,1050.15}{978,369.11,1051.15}{979,369.41,1052.15}{980,369.71,1053.15}{981,370.01,1054.15}{982,370.31,1055.15}{983,370.61,1056.15}{984,370.91,1057.15}{985,371.21,1058.15}{986,371.52,1059.15}{987,371.82,1060.15}{988,372.12,1061.15}{989,372.41,1062.15}{990,372.71,1063.15}{991,373.01,1064.15}{992,373.31,1065.15}{993,373.61,1066.15}{994,373.91,1067.15}{995,374.21,1068.15}{996,374.51,1069.15}{997,374.8,1070.15}{998,375.1,1071.15}{999,375.4,1072.15}{1000,375.7,1073.15}{1001,376,1074.15}{1002,376.29,1075.15}{1003,376.59,1076.15}{1004,376.89,1077.15}{1005,377.19,1078.15}{1006,377.49,1079.15}{1007,377.79,1080.15}{1008,378.09,1081.15}{1009,378.39,1082.15}{1010,378.68,1083.15}{1011,378.98,1084.15}{1012,379.28,1085.15}{1013,379.57,1086.15}{1014,379.87,1087.15}{1015,380.17,1088.15}{1016,380.46,1089.15}{1017,380.76,1090.15}{1018,381.05,1091.15}{1019,381.35,1092.15}{1020,381.65,1093.15}{1021,381.94,1094.15}{1022,382.24,1095.15}{1023,382.53,1096.15}{1024,382.83,1097.15}{1025,383.12,1098.15}{1026,383.42,1099.15}{1027,383.71,1100.15}{1028,384.01,1101.15}{1029,384.3,1102.15}{1030,384.6,1103.15}{1031,384.89,1104.15}{1032,385.18,1105.15}{1033,385.48,1106.15}{1034,385.77,1107.15}{1035,386.07,1108.15}{1036,386.37,1109.15}{1037,386.66,1110.15}{1038,386.96,1111.15}{1039,387.25,1112.15}{1040,387.55,1113.15}{1041,387.84,1114.15}{1042,388.13,1115.15}{1043,388.42,1116.15}{1044,388.72,1117.15}{1045,389.01,1118.15}{1046,389.31,1119.15}{1047,389.61,1120.15}{1048,389.9,1121.15}{1049,390.19,1122.15}{1050,390.48,1123.15}&quot;"/>
                                                <instance name="dev02/Config/ch00012/Calibration_Sensor_Curve" order="0" value="&quot;{0,18.52,73.15}{1,18.96,74.15}{2,19.39,75.15}{3,19.82,76.15}{4,20.25,77.15}{5,20.68,78.15}{6,21.11,79.15}{7,21.54,80.15}{8,21.97,81.15}{9,22.4,82.15}{10,22.83,83.15}{11,23.26,84.15}{12,23.69,85.15}{13,24.12,86.15}{14,24.55,87.15}{15,24.97,88.15}{16,25.39,89.15}{17,25.82,90.15}{18,26.25,91.15}{19,26.67,92.15}{20,27.1,93.15}{21,27.52,94.15}{22,27.95,95.15}{23,28.37,96.15}{24,28.8,97.15}{25,29.22,98.15}{26,29.65,99.15}{27,30.07,100.15}{28,30.49,101.15}{29,30.92,102.15}{30,31.34,103.15}{31,31.76,104.15}{32,32.18,105.15}{33,32.61,106.15}{34,33.03,107.15}{35,33.45,108.15}{36,33.86,109.15}{37,34.28,110.15}{38,34.7,111.15}{39,35.12,112.15}{40,35.54,113.15}{41,35.96,114.15}{42,36.38,115.15}{43,36.8,116.15}{44,37.22,117.15}{45,37.63,118.15}{46,38.05,119.15}{47,38.47,120.15}{48,38.89,121.15}{49,39.31,122.15}{50,39.72,123.15}{51,40.14,124.15}{52,40.56,125.15}{53,40.97,126.15}{54,41.39,127.15}{55,41.8,128.15}{56,42.22,129.15}{57,42.64,130.15}{58,43.05,131.15}{59,43.46,132.15}{60,43.88,133.15}{61,44.29,134.15}{62,44.71,135.15}{63,45.12,136.15}{64,45.53,137.15}{65,45.95,138.15}{66,46.35,139.15}{67,46.76,140.15}{68,47.18,141.15}{69,47.59,142.15}{70,48,143.15}{71,48.41,144.15}{72,48.82,145.15}{73,49.23,146.15}{74,49.64,147.15}{75,50.06,148.15}{76,50.47,149.15}{77,50.88,150.15}{78,51.29,151.15}{79,51.7,152.15}{80,52.11,153.15}{81,52.52,154.15}{82,52.92,155.15}{83,53.33,156.15}{84,53.74,157.15}{85,54.15,158.15}{86,54.56,159.15}{87,54.97,160.15}{88,55.38,161.15}{89,55.78,162.15}{90,56.19,163.15}{91,56.6,164.15}{92,57,165.15}{93,57.41,166.15}{94,57.82,167.15}{95,58.22,168.15}{96,58.63,169.15}{97,59.04,170.15}{98,59.44,171.15}{99,59.85,172.15}{100,60.26,173.15}{101,60.67,174.15}{102,61.07,175.15}{103,61.48,176.15}{104,61.87,177.15}{105,62.29,178.15}{106,62.69,179.15}{107,63.1,180.15}{108,63.5,181.15}{109,63.91,182.15}{110,64.3,183.15}{111,64.7,184.15}{112,65.11,185.15}{113,65.51,186.15}{114,65.91,187.15}{115,66.31,188.15}{116,66.72,189.15}{117,67.12,190.15}{118,67.52,191.15}{119,67.92,192.15}{120,68.33,193.15}{121,68.73,194.15}{122,69.13,195.15}{123,69.53,196.15}{124,69.93,197.15}{125,70.33,198.15}{126,70.73,199.15}{127,71.13,200.15}{128,71.53,201.15}{129,71.93,202.15}{130,72.33,203.15}{131,72.73,204.15}{132,73.13,205.15}{133,73.53,206.15}{134,73.93,207.15}{135,74.33,208.15}{136,74.73,209.15}{137,75.13,210.15}{138,75.53,211.15}{139,75.93,212.15}{140,76.33,213.15}{141,76.73,214.15}{142,77.13,215.15}{143,77.52,216.15}{144,77.92,217.15}{145,78.32,218.15}{146,78.72,219.15}{147,79.11,220.15}{148,79.51,221.15}{149,79.91,222.15}{150,80.31,223.15}{151,80.7,224.15}{152,81.1,225.15}{153,81.5,226.15}{154,81.89,227.15}{155,82.29,228.15}{156,82.69,229.15}{157,83.08,230.15}{158,83.48,231.15}{159,83.88,232.15}{160,84.27,233.15}{161,84.67,234.15}{162,85.06,235.15}{163,85.46,236.15}{164,85.85,237.15}{165,86.25,238.15}{166,86.64,239.15}{167,87.04,240.15}{168,87.43,241.15}{169,87.83,242.15}{170,88.22,243.15}{171,88.62,244.15}{172,89.01,245.15}{173,89.4,246.15}{174,89.8,247.15}{175,90.19,248.15}{176,90.59,249.15}{177,90.98,250.15}{178,91.37,251.15}{179,91.77,252.15}{180,92.16,253.15}{181,92.55,254.15}{182,92.95,255.15}{183,93.34,256.15}{184,93.73,257.15}{185,94.12,258.15}{186,94.52,259.15}{187,94.91,260.15}{188,95.3,261.15}{189,95.69,262.15}{190,96.09,263.15}{191,96.48,264.15}{192,96.87,265.15}{193,97.26,266.15}{194,97.65,267.15}{195,98.04,268.15}{196,98.44,269.15}{197,98.83,270.15}{198,99.22,271.15}{199,99.61,272.15}{200,100,273.15}{201,100.39,274.15}{202,100.78,275.15}{203,101.17,276.15}{204,101.56,277.15}{205,101.95,278.15}{206,102.34,279.15}{207,102.73,280.15}{208,103.12,281.15}{209,103.51,282.15}{210,103.9,283.15}{211,104.29,284.15}{212,104.68,285.15}{213,105.07,286.15}{214,105.46,287.15}{215,105.85,288.15}{216,106.24,289.15}{217,106.63,290.15}{218,107.02,291.15}{219,107.4,292.15}{220,107.79,293.15}{221,108.18,294.15}{222,108.57,295.15}{223,108.96,296.15}{224,109.35,297.15}{225,109.73,298.15}{226,110.12,299.15}{227,110.51,300.15}{228,110.9,301.15}{229,111.28,302.15}{230,111.67,303.15}{231,112.06,304.15}{232,112.45,305.15}{233,112.83,306.15}{234,113.22,307.15}{235,113.61,308.15}{236,113.99,309.15}{237,114.38,310.15}{238,114.77,311.15}{239,115.15,312.15}{240,115.54,313.15}{241,115.93,314.15}{242,116.31,315.15}{243,116.7,316.15}{244,117.08,317.15}{245,117.47,318.15}{246,117.85,319.15}{247,118.24,320.15}{248,118.62,321.15}{249,119.01,322.15}{250,119.4,323.15}{251,119.78,324.15}{252,120.16,325.15}{253,120.55,326.15}{254,120.93,327.15}{255,121.32,328.15}{256,121.7,329.15}{257,122.09,330.15}{258,122.47,331.15}{259,122.86,332.15}{260,123.24,333.15}{261,123.62,334.15}{262,124.01,335.15}{263,124.39,336.15}{264,124.77,337.15}{265,125.17,338.15}{266,125.55,339.15}{267,125.93,340.15}{268,126.32,341.15}{269,126.7,342.15}{270,127.08,343.15}{271,127.46,344.15}{272,127.85,345.15}{273,128.23,346.15}{274,128.61,347.15}{275,128.99,348.15}{276,129.38,349.15}{277,129.76,350.15}{278,130.14,351.15}{279,130.52,352.15}{280,130.9,353.15}{281,131.28,354.15}{282,131.67,355.15}{283,132.05,356.15}{284,132.43,357.15}{285,132.81,358.15}{286,133.19,359.15}{287,133.57,360.15}{288,133.95,361.15}{289,134.33,362.15}{290,134.71,363.15}{291,135.09,364.15}{292,135.47,365.15}{293,135.85,366.15}{294,136.23,367.15}{295,136.61,368.15}{296,136.99,369.15}{297,137.37,370.15}{298,137.75,371.15}{299,138.13,372.15}{300,138.51,373.15}{301,138.89,374.15}{302,139.27,375.15}{303,139.65,376.15}{304,140.03,377.15}{305,140.39,378.15}{306,140.77,379.15}{307,141.15,380.15}{308,141.53,381.15}{309,141.91,382.15}{310,142.29,383.15}{311,142.66,384.15}{312,143.04,385.15}{313,143.42,386.15}{314,143.8,387.15}{315,144.18,388.15}{316,144.56,389.15}{317,144.94,390.15}{318,145.32,391.15}{319,145.69,392.15}{320,146.07,393.15}{321,146.45,394.15}{322,146.82,395.15}{323,147.2,396.15}{324,147.58,397.15}{325,147.95,398.15}{326,148.33,399.15}{327,148.71,400.15}{328,149.08,401.15}{329,149.46,402.15}{330,149.83,403.15}{331,150.21,404.15}{332,150.58,405.15}{333,150.96,406.15}{334,151.34,407.15}{335,151.71,408.15}{336,152.09,409.15}{337,152.46,410.15}{338,152.84,411.15}{339,153.21,412.15}{340,153.58,413.15}{341,153.95,414.15}{342,154.32,415.15}{343,154.71,416.15}{344,155.08,417.15}{345,155.46,418.15}{346,155.83,419.15}{347,156.21,420.15}{348,156.58,421.15}{349,156.96,422.15}{350,157.33,423.15}{351,157.71,424.15}{352,158.08,425.15}{353,158.45,426.15}{354,158.83,427.15}{355,159.2,428.15}{356,159.56,429.15}{357,159.94,430.15}{358,160.31,431.15}{359,160.68,432.15}{360,161.05,433.15}{361,161.43,434.15}{362,161.8,435.15}{363,162.17,436.15}{364,162.54,437.15}{365,162.91,438.15}{366,163.28,439.15}{367,163.66,440.15}{368,164.03,441.15}{369,164.4,442.15}{370,164.77,443.15}{371,165.14,444.15}{372,165.51,445.15}{373,165.88,446.15}{374,166.25,447.15}{375,166.62,448.15}{376,167,449.15}{377,167.37,450.15}{378,167.74,451.15}{379,168.11,452.15}{380,168.48,453.15}{381,168.85,454.15}{382,169.22,455.15}{383,169.59,456.15}{384,169.96,457.15}{385,170.33,458.15}{386,170.69,459.15}{387,171.06,460.15}{388,171.43,461.15}{389,171.8,462.15}{390,172.17,463.15}{391,172.54,464.15}{392,172.91,465.15}{393,173.27,466.15}{394,173.64,467.15}{395,174.01,468.15}{396,174.39,469.15}{397,174.75,470.15}{398,175.12,471.15}{399,175.49,472.15}{400,175.86,473.15}{401,176.23,474.15}{402,176.59,475.15}{403,176.96,476.15}{404,177.33,477.15}{405,177.7,478.15}{406,178.06,479.15}{407,178.43,480.15}{408,178.8,481.15}{409,179.16,482.15}{410,179.53,483.15}{411,179.9,484.15}{412,180.26,485.15}{413,180.63,486.15}{414,180.99,487.15}{415,181.36,488.15}{416,181.73,489.15}{417,182.09,490.15}{418,182.46,491.15}{419,182.82,492.15}{420,183.19,493.15}{421,183.55,494.15}{422,183.92,495.15}{423,184.28,496.15}{424,184.65,497.15}{425,185.01,498.15}{426,185.38,499.15}{427,185.74,500.15}{428,186.11,501.15}{429,186.47,502.15}{430,186.84,503.15}{431,187.2,504.15}{432,187.56,505.15}{433,187.93,506.15}{434,188.29,507.15}{435,188.65,508.15}{436,189.02,509.15}{437,189.38,510.15}{438,189.74,511.15}{439,190.11,512.15}{440,190.47,513.15}{441,190.83,514.15}{442,191.2,515.15}{443,191.56,516.15}{444,191.92,517.15}{445,192.28,518.15}{446,192.66,519.15}{447,193.02,520.15}{448,193.38,521.15}{449,193.74,522.15}{450,194.1,523.15}{451,194.47,524.15}{452,194.83,525.15}{453,195.19,526.15}{454,195.55,527.15}{455,195.9,528.15}{456,196.26,529.15}{457,196.62,530.15}{458,196.98,531.15}{459,197.35,532.15}{460,197.71,533.15}{461,198.07,534.15}{462,198.43,535.15}{463,198.79,536.15}{464,199.15,537.15}{465,199.51,538.15}{466,199.87,539.15}{467,200.23,540.15}{468,200.59,541.15}{469,200.95,542.15}{470,201.31,543.15}{471,201.67,544.15}{472,202.03,545.15}{473,202.38,546.15}{474,202.74,547.15}{475,203.1,548.15}{476,203.46,549.15}{477,203.82,550.15}{478,204.18,551.15}{479,204.54,552.15}{480,204.9,553.15}{481,205.25,554.15}{482,205.61,555.15}{483,205.97,556.15}{484,206.33,557.15}{485,206.7,558.15}{486,207.05,559.15}{487,207.41,560.15}{488,207.77,561.15}{489,208.13,562.15}{490,208.48,563.15}{491,208.84,564.15}{492,209.2,565.15}{493,209.55,566.15}{494,209.91,567.15}{495,210.27,568.15}{496,210.62,569.15}{497,210.98,570.15}{498,211.34,571.15}{499,211.69,572.15}{500,212.05,573.15}{501,212.4,574.15}{502,212.76,575.15}{503,213.12,576.15}{504,213.47,577.15}{505,213.83,578.15}{506,214.19,579.15}{507,214.55,580.15}{508,214.9,581.15}{509,215.26,582.15}{510,215.61,583.15}{511,215.97,584.15}{512,216.32,585.15}{513,216.68,586.15}{514,217.03,587.15}{515,217.39,588.15}{516,217.73,589.15}{517,218.08,590.15}{518,218.44,591.15}{519,218.79,592.15}{520,219.15,593.15}{521,219.5,594.15}{522,219.85,595.15}{523,220.21,596.15}{524,220.56,597.15}{525,220.91,598.15}{526,221.27,599.15}{527,221.62,600.15}{528,221.97,601.15}{529,222.32,602.15}{530,222.68,603.15}{531,223.03,604.15}{532,223.38,605.15}{533,223.73,606.15}{534,224.09,607.15}{535,224.45,608.15}{536,224.8,609.15}{537,225.15,610.15}{538,225.5,611.15}{539,225.85,612.15}{540,226.21,613.15}{541,226.56,614.15}{542,226.91,615.15}{543,227.26,616.15}{544,227.61,617.15}{545,227.96,618.15}{546,228.31,619.15}{547,228.66,620.15}{548,229.01,621.15}{549,229.36,622.15}{550,229.72,623.15}{551,230.07,624.15}{552,230.42,625.15}{553,230.77,626.15}{554,231.12,627.15}{555,231.47,628.15}{556,231.81,629.15}{557,232.16,630.15}{558,232.51,631.15}{559,232.86,632.15}{560,233.21,633.15}{561,233.56,634.15}{562,233.91,635.15}{563,234.26,636.15}{564,234.6,637.15}{565,234.95,638.15}{566,235.3,639.15}{567,235.65,640.15}{568,236,641.15}{569,236.35,642.15}{570,236.7,643.15}{571,237.05,644.15}{572,237.4,645.15}{573,237.75,646.15}{574,238.09,647.15}{575,238.44,648.15}{576,238.79,649.15}{577,239.14,650.15}{578,239.48,651.15}{579,239.83,652.15}{580,240.18,653.15}{581,240.52,654.15}{582,240.87,655.15}{583,241.22,656.15}{584,241.56,657.15}{585,241.91,658.15}{586,242.25,659.15}{587,242.6,660.15}{588,242.95,661.15}{589,243.29,662.15}{590,243.64,663.15}{591,243.98,664.15}{592,244.33,665.15}{593,244.67,666.15}{594,245.02,667.15}{595,245.36,668.15}{596,245.71,669.15}{597,246.05,670.15}{598,246.4,671.15}{599,246.74,672.15}{600,247.09,673.15}{601,247.43,674.15}{602,247.78,675.15}{603,248.12,676.15}{604,248.46,677.15}{605,248.81,678.15}{606,249.15,679.15}{607,249.5,680.15}{608,249.84,681.15}{609,250.18,682.15}{610,250.53,683.15}{611,250.89,684.15}{612,251.21,685.15}{613,251.55,686.15}{614,251.9,687.15}{615,252.24,688.15}{616,252.59,689.15}{617,252.94,690.15}{618,253.28,691.15}{619,253.62,692.15}{620,253.96,693.15}{621,254.3,694.15}{622,254.65,695.15}{623,254.99,696.15}{624,255.33,697.15}{625,255.67,698.15}{626,256.01,699.15}{627,256.35,700.15}{628,256.7,701.15}{629,257.04,702.15}{630,257.38,703.15}{631,257.72,704.15}{632,258.06,705.15}{633,258.4,706.15}{634,258.74,707.15}{635,259.08,708.15}{636,259.42,709.15}{637,259.76,710.15}{638,260.1,711.15}{639,260.44,712.15}{640,260.78,713.15}{641,261.12,714.15}{642,261.46,715.15}{643,261.8,716.15}{644,262.14,717.15}{645,262.48,718.15}{646,262.83,719.15}{647,263.17,720.15}{648,263.5,721.15}{649,263.84,722.15}{650,264.18,723.15}{651,264.52,724.15}{652,264.86,725.15}{653,265.2,726.15}{654,265.54,727.15}{655,265.87,728.15}{656,266.21,729.15}{657,266.55,730.15}{658,266.89,731.15}{659,267.22,732.15}{660,267.56,733.15}{661,267.9,734.15}{662,268.24,735.15}{663,268.57,736.15}{664,268.91,737.15}{665,269.25,738.15}{666,269.58,739.15}{667,269.92,740.15}{668,270.26,741.15}{669,270.59,742.15}{670,270.93,743.15}{671,271.27,744.15}{672,271.6,745.15}{673,271.94,746.15}{674,272.27,747.15}{675,272.61,748.15}{676,272.95,749.15}{677,273.28,750.15}{678,273.62,751.15}{679,273.95,752.15}{680,274.29,753.15}{681,274.62,754.15}{682,274.96,755.15}{683,275.29,756.15}{684,275.63,757.15}{685,275.96,758.15}{686,276.31,759.15}{687,276.64,760.15}{688,276.97,761.15}{689,277.31,762.15}{690,277.64,763.15}{691,277.98,764.15}{692,278.31,765.15}{693,278.64,766.15}{694,278.98,767.15}{695,279.31,768.15}{696,279.64,769.15}{697,279.98,770.15}{698,280.31,771.15}{699,280.64,772.15}{700,280.98,773.15}{701,281.31,774.15}{702,281.64,775.15}{703,281.97,776.15}{704,282.31,777.15}{705,282.64,778.15}{706,282.97,779.15}{707,283.3,780.15}{708,283.63,781.15}{709,283.97,782.15}{710,284.3,783.15}{711,284.63,784.15}{712,284.96,785.15}{713,285.29,786.15}{714,285.62,787.15}{715,285.95,788.15}{716,286.3,789.15}{717,286.63,790.15}{718,286.96,791.15}{719,287.29,792.15}{720,287.62,793.15}{721,287.95,794.15}{722,288.28,795.15}{723,288.61,796.15}{724,288.94,797.15}{725,289.27,798.15}{726,289.6,799.15}{727,289.93,800.15}{728,290.26,801.15}{729,290.59,802.15}{730,290.92,803.15}{731,291.25,804.15}{732,291.58,805.15}{733,291.9,806.15}{734,292.23,807.15}{735,292.56,808.15}{736,292.9,809.15}{737,293.23,810.15}{738,293.56,811.15}{739,293.89,812.15}{740,294.21,813.15}{741,294.54,814.15}{742,294.87,815.15}{743,295.2,816.15}{744,295.53,817.15}{745,295.85,818.15}{746,296.18,819.15}{747,296.51,820.15}{748,296.84,821.15}{749,297.16,822.15}{750,297.49,823.15}{751,297.82,824.15}{752,298.14,825.15}{753,298.47,826.15}{754,298.8,827.15}{755,299.12,828.15}{756,299.45,829.15}{757,299.78,830.15}{758,300.1,831.15}{759,300.43,832.15}{760,300.75,833.15}{761,301.08,834.15}{762,301.41,835.15}{763,301.73,836.15}{764,302.06,837.15}{765,302.38,838.15}{766,302.71,839.15}{767,303.03,840.15}{768,303.36,841.15}{769,303.68,842.15}{770,304.01,843.15}{771,304.33,844.15}{772,304.66,845.15}{773,304.98,846.15}{774,305.3,847.15}{775,305.63,848.15}{776,305.95,849.15}{777,306.28,850.15}{778,306.6,851.15}{779,306.92,852.15}{780,307.25,853.15}{781,307.57,854.15}{782,307.89,855.15}{783,308.22,856.15}{784,308.54,857.15}{785,308.86,858.15}{786,309.19,859.15}{787,309.51,860.15}{788,309.83,861.15}{789,310.15,862.15}{790,310.48,863.15}{791,310.8,864.15}{792,311.12,865.15}{793,311.45,866.15}{794,311.78,867.15}{795,312.1,868.15}{796,312.43,869.15}{797,312.75,870.15}{798,313.07,871.15}{799,313.39,872.15}{800,313.71,873.15}{801,314.04,874.15}{802,314.36,875.15}{803,314.68,876.15}{804,315,877.15}{805,315.32,878.15}{806,315.64,879.15}{807,315.96,880.15}{808,316.28,881.15}{809,316.6,882.15}{810,316.92,883.15}{811,317.24,884.15}{812,317.56,885.15}{813,317.88,886.15}{814,318.2,887.15}{815,318.52,888.15}{816,318.85,889.15}{817,319.17,890.15}{818,319.49,891.15}{819,319.81,892.15}{820,320.12,893.15}{821,320.44,894.15}{822,320.76,895.15}{823,321.08,896.15}{824,321.4,897.15}{825,321.72,898.15}{826,322.03,899.15}{827,322.34,900.15}{828,322.66,901.15}{829,322.98,902.15}{830,323.3,903.15}{831,323.61,904.15}{832,323.93,905.15}{833,324.25,906.15}{834,324.57,907.15}{835,324.88,908.15}{836,325.21,909.15}{837,325.53,910.15}{838,325.85,911.15}{839,326.16,912.15}{840,326.48,913.15}{841,326.79,914.15}{842,327.11,915.15}{843,327.43,916.15}{844,327.74,917.15}{845,328.06,918.15}{846,328.38,919.15}{847,328.69,920.15}{848,329.01,921.15}{849,329.32,922.15}{850,329.64,923.15}{851,329.95,924.15}{852,330.27,925.15}{853,330.58,926.15}{854,330.9,927.15}{855,331.21,928.15}{856,331.53,929.15}{857,331.84,930.15}{858,332.16,931.15}{859,332.47,932.15}{860,332.79,933.15}{861,333.1,934.15}{862,333.41,935.15}{863,333.73,936.15}{864,334.04,937.15}{865,334.36,938.15}{866,334.68,939.15}{867,334.99,940.15}{868,335.31,941.15}{869,335.62,942.15}{870,335.93,943.15}{871,336.25,944.15}{872,336.56,945.15}{873,336.87,946.15}{874,337.18,947.15}{875,337.5,948.15}{876,337.81,949.15}{877,338.12,950.15}{878,338.43,951.15}{879,338.75,952.15}{880,339.06,953.15}{881,339.37,954.15}{882,339.68,955.15}{883,339.99,956.15}{884,340.3,957.15}{885,340.62,958.15}{886,340.94,959.15}{887,341.25,960.15}{888,341.55,961.15}{889,341.87,962.15}{890,342.18,963.15}{891,342.49,964.15}{892,342.8,965.15}{893,343.11,966.15}{894,343.42,967.15}{895,343.73,968.15}{896,344.04,969.15}{897,344.35,970.15}{898,344.66,971.15}{899,344.97,972.15}{900,345.28,973.15}{901,345.59,974.15}{902,345.9,975.15}{903,346.21,976.15}{904,346.52,977.15}{905,346.83,978.15}{906,347.15,979.15}{907,347.46,980.15}{908,347.76,981.15}{909,348.07,982.15}{910,348.38,983.15}{911,348.69,984.15}{912,349,985.15}{913,349.31,986.15}{914,349.61,987.15}{915,349.92,988.15}{916,350.23,989.15}{917,350.54,990.15}{918,350.85,991.15}{919,351.15,992.15}{920,351.46,993.15}{921,351.77,994.15}{922,352.07,995.15}{923,352.38,996.15}{924,352.69,997.15}{925,352.99,998.15}{926,353.3,999.15}{927,353.61,1000.15}{928,353.91,1001.15}{929,354.22,1002.15}{930,354.53,1003.15}{931,354.83,1004.15}{932,355.14,1005.15}{933,355.44,1006.15}{934,355.75,1007.15}{935,356.06,1008.15}{936,356.37,1009.15}{937,356.68,1010.15}{938,356.98,1011.15}{939,357.29,1012.15}{940,357.59,1013.15}{941,357.9,1014.15}{942,358.2,1015.15}{943,358.51,1016.15}{944,358.81,1017.15}{945,359.12,1018.15}{946,359.42,1019.15}{947,359.72,1020.15}{948,360.03,1021.15}{949,360.33,1022.15}{950,360.64,1023.15}{951,360.94,1024.15}{952,361.24,1025.15}{953,361.55,1026.15}{954,361.85,1027.15}{955,362.15,1028.15}{956,362.46,1029.15}{957,362.76,1030.15}{958,363.06,1031.15}{959,363.36,1032.15}{960,363.67,1033.15}{961,363.97,1034.15}{962,364.27,1035.15}{963,364.57,1036.15}{964,364.88,1037.15}{965,365.18,1038.15}{966,365.49,1039.15}{967,365.79,1040.15}{968,366.09,1041.15}{969,366.4,1042.15}{970,366.7,1043.15}{971,367,1044.15}{972,367.3,1045.15}{973,367.6,1046.15}{974,367.9,1047.15}{975,368.2,1048.15}{976,368.5,1049.15}{977,368.81,1050.15}{978,369.11,1051.15}{979,369.41,1052.15}{980,369.71,1053.15}{981,370.01,1054.15}{982,370.31,1055.15}{983,370.61,1056.15}{984,370.91,1057.15}{985,371.21,1058.15}{986,371.52,1059.15}{987,371.82,1060.15}{988,372.12,1061.15}{989,372.41,1062.15}{990,372.71,1063.15}{991,373.01,1064.15}{992,373.31,1065.15}{993,373.61,1066.15}{994,373.91,1067.15}{995,374.21,1068.15}{996,374.51,1069.15}{997,374.8,1070.15}{998,375.1,1071.15}{999,375.4,1072.15}{1000,375.7,1073.15}{1001,376,1074.15}{1002,376.29,1075.15}{1003,376.59,1076.15}{1004,376.89,1077.15}{1005,377.19,1078.15}{1006,377.49,1079.15}{1007,377.79,1080.15}{1008,378.09,1081.15}{1009,378.39,1082.15}{1010,378.68,1083.15}{1011,378.98,1084.15}{1012,379.28,1085.15}{1013,379.57,1086.15}{1014,379.87,1087.15}{1015,380.17,1088.15}{1016,380.46,1089.15}{1017,380.76,1090.15}{1018,381.05,1091.15}{1019,381.35,1092.15}{1020,381.65,1093.15}{1021,381.94,1094.15}{1022,382.24,1095.15}{1023,382.53,1096.15}{1024,382.83,1097.15}{1025,383.12,1098.15}{1026,383.42,1099.15}{1027,383.71,1100.15}{1028,384.01,1101.15}{1029,384.3,1102.15}{1030,384.6,1103.15}{1031,384.89,1104.15}{1032,385.18,1105.15}{1033,385.48,1106.15}{1034,385.77,1107.15}{1035,386.07,1108.15}{1036,386.37,1109.15}{1037,386.66,1110.15}{1038,386.96,1111.15}{1039,387.25,1112.15}{1040,387.55,1113.15}{1041,387.84,1114.15}{1042,388.13,1115.15}{1043,388.42,1116.15}{1044,388.72,1117.15}{1045,389.01,1118.15}{1046,389.31,1119.15}{1047,389.61,1120.15}{1048,389.9,1121.15}{1049,390.19,1122.15}{1050,390.48,1123.15}&quot;"/>
                                                <instance name="dev01/Config/ch00010/rate" order="0" value="10"/>
                                                <instance name="dev01/Config/ch00007/enable" order="1" value="1"/>
                                                <instance name="dev01/Config/ch00005/Calibration_Sensor_Maximum_Range" order="0" value="1123.15"/>
                                                <instance name="dev01/Config/ch00002/Calibration_Sensor_Calibration_Date" order="0" value="2020-01-01"/>
                                                <instance name="dev01/Config/ch00001/Calibration_Sensor_Input_Units" order="0" value="Ohm"/>
                                                <instance name="dev01/Config/ch00002/Calibration_Sensor_Input_Units" order="0" value="Ohm"/>
                                                <instance name="dev01/Config/ch00003/Calibration_Sensor_Input_Units" order="0" value="Ohm"/>
                                                <instance name="dev02/Config/ch00007/rate" order="0" value="10"/>
                                                <instance name="dev01/Config/ch00006/rate" order="0" value="10"/>
                                                <instance name="dev01/Config/ch00004/Calibration_Sensor_Input_Units" order="0" value="Ohm"/>
                                                <instance name="dev02/Config/ch00002/Calibration_Sensor_Maximum_Range" order="0" value="1123.15"/>
                                                <instance name="dev01/Config/ch00005/Calibration_Sensor_Input_Units" order="0" value="Ohm"/>
                                                <instance name="dev01/Config/ch00006/Calibration_Sensor_Input_Units" order="0" value="Ohm"/>
                                                <instance name="dev01/Config/ch00005/rate" order="0" value="10"/>
                                                <instance name="dev01/Config/ch00007/Calibration_Sensor_Input_Units" order="0" value="Ohm"/>
                                                <instance name="dev02/Config/ch00005/rate" order="0" value="10"/>
                                                <instance name="dev01/Config/ch00008/Calibration_Sensor_Input_Units" order="0" value="Ohm"/>
                                                <instance name="dev01/Config/ch00005/RTDRange" order="0" value="1"/>
                                                <instance name="dev01/Config/ch00005/Calibration_Sensor_Name" order="0" value="CalSensor5"/>
                                                <instance name="dev02/Config/ch00007/Calibration_Sensor_Name" order="0" value="CalSensor19"/>
                                                <instance name="dev02/Config/ch00004/enable" order="1" value="1"/>
                                                <instance name="dev01/Config/ch00012/Calibration_Sensor_Input_Units" order="0" value="Ohm"/>
                                                <instance name="dev01/Config/ch00003/Calibration_Sensor_Calibration_Date" order="0" value="2020-01-01"/>
                                                <instance name="dev02/Config/ch00001/Calibration_Sensor_Input_Units" order="0" value="Ohm"/>
                                                <instance name="dev02/Config/ch00003/Calibration_Sensor_Maximum_Range" order="0" value="1123.15"/>
                                                <instance name="dev02/Config/ch00002/Calibration_Sensor_Input_Units" order="0" value="Ohm"/>
                                                <instance name="dev02/Config/ch00003/Calibration_Sensor_Input_Units" order="0" value="Ohm"/>
                                                <instance name="dev02/Config/ch00004/Calibration_Sensor_Input_Units" order="0" value="Ohm"/>
                                                <instance name="dev02/Config/ch00006/rate" order="0" value="10"/>
                                                <instance name="dev01/Config/ch00001/rate" order="0" value="10"/>
                                                <instance name="dev02/Config/ch00005/Calibration_Sensor_Input_Units" order="0" value="Ohm"/>
                                                <instance name="dev02/Config/ch00006/Calibration_Sensor_Input_Units" order="0" value="Ohm"/>
                                                <instance name="dev02/Config/ch00005/enable" order="1" value="1"/>
                                                <instance name="dev02/Config/ch00007/Calibration_Sensor_Input_Units" order="0" value="Ohm"/>
                                                <instance name="dev01/Config/ch00008/RTDRange" order="0" value="1"/>
                                                <instance name="dev02/Config/ch00004/Calibration_Sensor_Maximum_Range" order="0" value="1123.15"/>
                                                <instance name="dev02/Config/ch00005/Calibration_Sensor_Maximum_Range" order="0" value="1123.15"/>
                                                <instance name="dev02/Config/ch00006/Calibration_Sensor_Maximum_Range" order="0" value="1123.15"/>
                                                <instance name="dev02/Config/ch00007/Calibration_Sensor_Maximum_Range" order="0" value="1123.15"/>
                                                <instance name="dev01/Config/ch00002/Calibration_Sensor_Output_Units" order="0" value="K"/>
                                                <instance name="dev01/Config/ch00004/Calibration_Sensor_Curve" order="0" value="&quot;{0,18.52,73.15}{1,18.96,74.15}{2,19.39,75.15}{3,19.82,76.15}{4,20.25,77.15}{5,20.68,78.15}{6,21.11,79.15}{7,21.54,80.15}{8,21.97,81.15}{9,22.4,82.15}{10,22.83,83.15}{11,23.26,84.15}{12,23.69,85.15}{13,24.12,86.15}{14,24.55,87.15}{15,24.97,88.15}{16,25.39,89.15}{17,25.82,90.15}{18,26.25,91.15}{19,26.67,92.15}{20,27.1,93.15}{21,27.52,94.15}{22,27.95,95.15}{23,28.37,96.15}{24,28.8,97.15}{25,29.22,98.15}{26,29.65,99.15}{27,30.07,100.15}{28,30.49,101.15}{29,30.92,102.15}{30,31.34,103.15}{31,31.76,104.15}{32,32.18,105.15}{33,32.61,106.15}{34,33.03,107.15}{35,33.45,108.15}{36,33.86,109.15}{37,34.28,110.15}{38,34.7,111.15}{39,35.12,112.15}{40,35.54,113.15}{41,35.96,114.15}{42,36.38,115.15}{43,36.8,116.15}{44,37.22,117.15}{45,37.63,118.15}{46,38.05,119.15}{47,38.47,120.15}{48,38.89,121.15}{49,39.31,122.15}{50,39.72,123.15}{51,40.14,124.15}{52,40.56,125.15}{53,40.97,126.15}{54,41.39,127.15}{55,41.8,128.15}{56,42.22,129.15}{57,42.64,130.15}{58,43.05,131.15}{59,43.46,132.15}{60,43.88,133.15}{61,44.29,134.15}{62,44.71,135.15}{63,45.12,136.15}{64,45.53,137.15}{65,45.95,138.15}{66,46.35,139.15}{67,46.76,140.15}{68,47.18,141.15}{69,47.59,142.15}{70,48,143.15}{71,48.41,144.15}{72,48.82,145.15}{73,49.23,146.15}{74,49.64,147.15}{75,50.06,148.15}{76,50.47,149.15}{77,50.88,150.15}{78,51.29,151.15}{79,51.7,152.15}{80,52.11,153.15}{81,52.52,154.15}{82,52.92,155.15}{83,53.33,156.15}{84,53.74,157.15}{85,54.15,158.15}{86,54.56,159.15}{87,54.97,160.15}{88,55.38,161.15}{89,55.78,162.15}{90,56.19,163.15}{91,56.6,164.15}{92,57,165.15}{93,57.41,166.15}{94,57.82,167.15}{95,58.22,168.15}{96,58.63,169.15}{97,59.04,170.15}{98,59.44,171.15}{99,59.85,172.15}{100,60.26,173.15}{101,60.67,174.15}{102,61.07,175.15}{103,61.48,176.15}{104,61.87,177.15}{105,62.29,178.15}{106,62.69,179.15}{107,63.1,180.15}{108,63.5,181.15}{109,63.91,182.15}{110,64.3,183.15}{111,64.7,184.15}{112,65.11,185.15}{113,65.51,186.15}{114,65.91,187.15}{115,66.31,188.15}{116,66.72,189.15}{117,67.12,190.15}{118,67.52,191.15}{119,67.92,192.15}{120,68.33,193.15}{121,68.73,194.15}{122,69.13,195.15}{123,69.53,196.15}{124,69.93,197.15}{125,70.33,198.15}{126,70.73,199.15}{127,71.13,200.15}{128,71.53,201.15}{129,71.93,202.15}{130,72.33,203.15}{131,72.73,204.15}{132,73.13,205.15}{133,73.53,206.15}{134,73.93,207.15}{135,74.33,208.15}{136,74.73,209.15}{137,75.13,210.15}{138,75.53,211.15}{139,75.93,212.15}{140,76.33,213.15}{141,76.73,214.15}{142,77.13,215.15}{143,77.52,216.15}{144,77.92,217.15}{145,78.32,218.15}{146,78.72,219.15}{147,79.11,220.15}{148,79.51,221.15}{149,79.91,222.15}{150,80.31,223.15}{151,80.7,224.15}{152,81.1,225.15}{153,81.5,226.15}{154,81.89,227.15}{155,82.29,228.15}{156,82.69,229.15}{157,83.08,230.15}{158,83.48,231.15}{159,83.88,232.15}{160,84.27,233.15}{161,84.67,234.15}{162,85.06,235.15}{163,85.46,236.15}{164,85.85,237.15}{165,86.25,238.15}{166,86.64,239.15}{167,87.04,240.15}{168,87.43,241.15}{169,87.83,242.15}{170,88.22,243.15}{171,88.62,244.15}{172,89.01,245.15}{173,89.4,246.15}{174,89.8,247.15}{175,90.19,248.15}{176,90.59,249.15}{177,90.98,250.15}{178,91.37,251.15}{179,91.77,252.15}{180,92.16,253.15}{181,92.55,254.15}{182,92.95,255.15}{183,93.34,256.15}{184,93.73,257.15}{185,94.12,258.15}{186,94.52,259.15}{187,94.91,260.15}{188,95.3,261.15}{189,95.69,262.15}{190,96.09,263.15}{191,96.48,264.15}{192,96.87,265.15}{193,97.26,266.15}{194,97.65,267.15}{195,98.04,268.15}{196,98.44,269.15}{197,98.83,270.15}{198,99.22,271.15}{199,99.61,272.15}{200,100,273.15}{201,100.39,274.15}{202,100.78,275.15}{203,101.17,276.15}{204,101.56,277.15}{205,101.95,278.15}{206,102.34,279.15}{207,102.73,280.15}{208,103.12,281.15}{209,103.51,282.15}{210,103.9,283.15}{211,104.29,284.15}{212,104.68,285.15}{213,105.07,286.15}{214,105.46,287.15}{215,105.85,288.15}{216,106.24,289.15}{217,106.63,290.15}{218,107.02,291.15}{219,107.4,292.15}{220,107.79,293.15}{221,108.18,294.15}{222,108.57,295.15}{223,108.96,296.15}{224,109.35,297.15}{225,109.73,298.15}{226,110.12,299.15}{227,110.51,300.15}{228,110.9,301.15}{229,111.28,302.15}{230,111.67,303.15}{231,112.06,304.15}{232,112.45,305.15}{233,112.83,306.15}{234,113.22,307.15}{235,113.61,308.15}{236,113.99,309.15}{237,114.38,310.15}{238,114.77,311.15}{239,115.15,312.15}{240,115.54,313.15}{241,115.93,314.15}{242,116.31,315.15}{243,116.7,316.15}{244,117.08,317.15}{245,117.47,318.15}{246,117.85,319.15}{247,118.24,320.15}{248,118.62,321.15}{249,119.01,322.15}{250,119.4,323.15}{251,119.78,324.15}{252,120.16,325.15}{253,120.55,326.15}{254,120.93,327.15}{255,121.32,328.15}{256,121.7,329.15}{257,122.09,330.15}{258,122.47,331.15}{259,122.86,332.15}{260,123.24,333.15}{261,123.62,334.15}{262,124.01,335.15}{263,124.39,336.15}{264,124.77,337.15}{265,125.17,338.15}{266,125.55,339.15}{267,125.93,340.15}{268,126.32,341.15}{269,126.7,342.15}{270,127.08,343.15}{271,127.46,344.15}{272,127.85,345.15}{273,128.23,346.15}{274,128.61,347.15}{275,128.99,348.15}{276,129.38,349.15}{277,129.76,350.15}{278,130.14,351.15}{279,130.52,352.15}{280,130.9,353.15}{281,131.28,354.15}{282,131.67,355.15}{283,132.05,356.15}{284,132.43,357.15}{285,132.81,358.15}{286,133.19,359.15}{287,133.57,360.15}{288,133.95,361.15}{289,134.33,362.15}{290,134.71,363.15}{291,135.09,364.15}{292,135.47,365.15}{293,135.85,366.15}{294,136.23,367.15}{295,136.61,368.15}{296,136.99,369.15}{297,137.37,370.15}{298,137.75,371.15}{299,138.13,372.15}{300,138.51,373.15}{301,138.89,374.15}{302,139.27,375.15}{303,139.65,376.15}{304,140.03,377.15}{305,140.39,378.15}{306,140.77,379.15}{307,141.15,380.15}{308,141.53,381.15}{309,141.91,382.15}{310,142.29,383.15}{311,142.66,384.15}{312,143.04,385.15}{313,143.42,386.15}{314,143.8,387.15}{315,144.18,388.15}{316,144.56,389.15}{317,144.94,390.15}{318,145.32,391.15}{319,145.69,392.15}{320,146.07,393.15}{321,146.45,394.15}{322,146.82,395.15}{323,147.2,396.15}{324,147.58,397.15}{325,147.95,398.15}{326,148.33,399.15}{327,148.71,400.15}{328,149.08,401.15}{329,149.46,402.15}{330,149.83,403.15}{331,150.21,404.15}{332,150.58,405.15}{333,150.96,406.15}{334,151.34,407.15}{335,151.71,408.15}{336,152.09,409.15}{337,152.46,410.15}{338,152.84,411.15}{339,153.21,412.15}{340,153.58,413.15}{341,153.95,414.15}{342,154.32,415.15}{343,154.71,416.15}{344,155.08,417.15}{345,155.46,418.15}{346,155.83,419.15}{347,156.21,420.15}{348,156.58,421.15}{349,156.96,422.15}{350,157.33,423.15}{351,157.71,424.15}{352,158.08,425.15}{353,158.45,426.15}{354,158.83,427.15}{355,159.2,428.15}{356,159.56,429.15}{357,159.94,430.15}{358,160.31,431.15}{359,160.68,432.15}{360,161.05,433.15}{361,161.43,434.15}{362,161.8,435.15}{363,162.17,436.15}{364,162.54,437.15}{365,162.91,438.15}{366,163.28,439.15}{367,163.66,440.15}{368,164.03,441.15}{369,164.4,442.15}{370,164.77,443.15}{371,165.14,444.15}{372,165.51,445.15}{373,165.88,446.15}{374,166.25,447.15}{375,166.62,448.15}{376,167,449.15}{377,167.37,450.15}{378,167.74,451.15}{379,168.11,452.15}{380,168.48,453.15}{381,168.85,454.15}{382,169.22,455.15}{383,169.59,456.15}{384,169.96,457.15}{385,170.33,458.15}{386,170.69,459.15}{387,171.06,460.15}{388,171.43,461.15}{389,171.8,462.15}{390,172.17,463.15}{391,172.54,464.15}{392,172.91,465.15}{393,173.27,466.15}{394,173.64,467.15}{395,174.01,468.15}{396,174.39,469.15}{397,174.75,470.15}{398,175.12,471.15}{399,175.49,472.15}{400,175.86,473.15}{401,176.23,474.15}{402,176.59,475.15}{403,176.96,476.15}{404,177.33,477.15}{405,177.7,478.15}{406,178.06,479.15}{407,178.43,480.15}{408,178.8,481.15}{409,179.16,482.15}{410,179.53,483.15}{411,179.9,484.15}{412,180.26,485.15}{413,180.63,486.15}{414,180.99,487.15}{415,181.36,488.15}{416,181.73,489.15}{417,182.09,490.15}{418,182.46,491.15}{419,182.82,492.15}{420,183.19,493.15}{421,183.55,494.15}{422,183.92,495.15}{423,184.28,496.15}{424,184.65,497.15}{425,185.01,498.15}{426,185.38,499.15}{427,185.74,500.15}{428,186.11,501.15}{429,186.47,502.15}{430,186.84,503.15}{431,187.2,504.15}{432,187.56,505.15}{433,187.93,506.15}{434,188.29,507.15}{435,188.65,508.15}{436,189.02,509.15}{437,189.38,510.15}{438,189.74,511.15}{439,190.11,512.15}{440,190.47,513.15}{441,190.83,514.15}{442,191.2,515.15}{443,191.56,516.15}{444,191.92,517.15}{445,192.28,518.15}{446,192.66,519.15}{447,193.02,520.15}{448,193.38,521.15}{449,193.74,522.15}{450,194.1,523.15}{451,194.47,524.15}{452,194.83,525.15}{453,195.19,526.15}{454,195.55,527.15}{455,195.9,528.15}{456,196.26,529.15}{457,196.62,530.15}{458,196.98,531.15}{459,197.35,532.15}{460,197.71,533.15}{461,198.07,534.15}{462,198.43,535.15}{463,198.79,536.15}{464,199.15,537.15}{465,199.51,538.15}{466,199.87,539.15}{467,200.23,540.15}{468,200.59,541.15}{469,200.95,542.15}{470,201.31,543.15}{471,201.67,544.15}{472,202.03,545.15}{473,202.38,546.15}{474,202.74,547.15}{475,203.1,548.15}{476,203.46,549.15}{477,203.82,550.15}{478,204.18,551.15}{479,204.54,552.15}{480,204.9,553.15}{481,205.25,554.15}{482,205.61,555.15}{483,205.97,556.15}{484,206.33,557.15}{485,206.7,558.15}{486,207.05,559.15}{487,207.41,560.15}{488,207.77,561.15}{489,208.13,562.15}{490,208.48,563.15}{491,208.84,564.15}{492,209.2,565.15}{493,209.55,566.15}{494,209.91,567.15}{495,210.27,568.15}{496,210.62,569.15}{497,210.98,570.15}{498,211.34,571.15}{499,211.69,572.15}{500,212.05,573.15}{501,212.4,574.15}{502,212.76,575.15}{503,213.12,576.15}{504,213.47,577.15}{505,213.83,578.15}{506,214.19,579.15}{507,214.55,580.15}{508,214.9,581.15}{509,215.26,582.15}{510,215.61,583.15}{511,215.97,584.15}{512,216.32,585.15}{513,216.68,586.15}{514,217.03,587.15}{515,217.39,588.15}{516,217.73,589.15}{517,218.08,590.15}{518,218.44,591.15}{519,218.79,592.15}{520,219.15,593.15}{521,219.5,594.15}{522,219.85,595.15}{523,220.21,596.15}{524,220.56,597.15}{525,220.91,598.15}{526,221.27,599.15}{527,221.62,600.15}{528,221.97,601.15}{529,222.32,602.15}{530,222.68,603.15}{531,223.03,604.15}{532,223.38,605.15}{533,223.73,606.15}{534,224.09,607.15}{535,224.45,608.15}{536,224.8,609.15}{537,225.15,610.15}{538,225.5,611.15}{539,225.85,612.15}{540,226.21,613.15}{541,226.56,614.15}{542,226.91,615.15}{543,227.26,616.15}{544,227.61,617.15}{545,227.96,618.15}{546,228.31,619.15}{547,228.66,620.15}{548,229.01,621.15}{549,229.36,622.15}{550,229.72,623.15}{551,230.07,624.15}{552,230.42,625.15}{553,230.77,626.15}{554,231.12,627.15}{555,231.47,628.15}{556,231.81,629.15}{557,232.16,630.15}{558,232.51,631.15}{559,232.86,632.15}{560,233.21,633.15}{561,233.56,634.15}{562,233.91,635.15}{563,234.26,636.15}{564,234.6,637.15}{565,234.95,638.15}{566,235.3,639.15}{567,235.65,640.15}{568,236,641.15}{569,236.35,642.15}{570,236.7,643.15}{571,237.05,644.15}{572,237.4,645.15}{573,237.75,646.15}{574,238.09,647.15}{575,238.44,648.15}{576,238.79,649.15}{577,239.14,650.15}{578,239.48,651.15}{579,239.83,652.15}{580,240.18,653.15}{581,240.52,654.15}{582,240.87,655.15}{583,241.22,656.15}{584,241.56,657.15}{585,241.91,658.15}{586,242.25,659.15}{587,242.6,660.15}{588,242.95,661.15}{589,243.29,662.15}{590,243.64,663.15}{591,243.98,664.15}{592,244.33,665.15}{593,244.67,666.15}{594,245.02,667.15}{595,245.36,668.15}{596,245.71,669.15}{597,246.05,670.15}{598,246.4,671.15}{599,246.74,672.15}{600,247.09,673.15}{601,247.43,674.15}{602,247.78,675.15}{603,248.12,676.15}{604,248.46,677.15}{605,248.81,678.15}{606,249.15,679.15}{607,249.5,680.15}{608,249.84,681.15}{609,250.18,682.15}{610,250.53,683.15}{611,250.89,684.15}{612,251.21,685.15}{613,251.55,686.15}{614,251.9,687.15}{615,252.24,688.15}{616,252.59,689.15}{617,252.94,690.15}{618,253.28,691.15}{619,253.62,692.15}{620,253.96,693.15}{621,254.3,694.15}{622,254.65,695.15}{623,254.99,696.15}{624,255.33,697.15}{625,255.67,698.15}{626,256.01,699.15}{627,256.35,700.15}{628,256.7,701.15}{629,257.04,702.15}{630,257.38,703.15}{631,257.72,704.15}{632,258.06,705.15}{633,258.4,706.15}{634,258.74,707.15}{635,259.08,708.15}{636,259.42,709.15}{637,259.76,710.15}{638,260.1,711.15}{639,260.44,712.15}{640,260.78,713.15}{641,261.12,714.15}{642,261.46,715.15}{643,261.8,716.15}{644,262.14,717.15}{645,262.48,718.15}{646,262.83,719.15}{647,263.17,720.15}{648,263.5,721.15}{649,263.84,722.15}{650,264.18,723.15}{651,264.52,724.15}{652,264.86,725.15}{653,265.2,726.15}{654,265.54,727.15}{655,265.87,728.15}{656,266.21,729.15}{657,266.55,730.15}{658,266.89,731.15}{659,267.22,732.15}{660,267.56,733.15}{661,267.9,734.15}{662,268.24,735.15}{663,268.57,736.15}{664,268.91,737.15}{665,269.25,738.15}{666,269.58,739.15}{667,269.92,740.15}{668,270.26,741.15}{669,270.59,742.15}{670,270.93,743.15}{671,271.27,744.15}{672,271.6,745.15}{673,271.94,746.15}{674,272.27,747.15}{675,272.61,748.15}{676,272.95,749.15}{677,273.28,750.15}{678,273.62,751.15}{679,273.95,752.15}{680,274.29,753.15}{681,274.62,754.15}{682,274.96,755.15}{683,275.29,756.15}{684,275.63,757.15}{685,275.96,758.15}{686,276.31,759.15}{687,276.64,760.15}{688,276.97,761.15}{689,277.31,762.15}{690,277.64,763.15}{691,277.98,764.15}{692,278.31,765.15}{693,278.64,766.15}{694,278.98,767.15}{695,279.31,768.15}{696,279.64,769.15}{697,279.98,770.15}{698,280.31,771.15}{699,280.64,772.15}{700,280.98,773.15}{701,281.31,774.15}{702,281.64,775.15}{703,281.97,776.15}{704,282.31,777.15}{705,282.64,778.15}{706,282.97,779.15}{707,283.3,780.15}{708,283.63,781.15}{709,283.97,782.15}{710,284.3,783.15}{711,284.63,784.15}{712,284.96,785.15}{713,285.29,786.15}{714,285.62,787.15}{715,285.95,788.15}{716,286.3,789.15}{717,286.63,790.15}{718,286.96,791.15}{719,287.29,792.15}{720,287.62,793.15}{721,287.95,794.15}{722,288.28,795.15}{723,288.61,796.15}{724,288.94,797.15}{725,289.27,798.15}{726,289.6,799.15}{727,289.93,800.15}{728,290.26,801.15}{729,290.59,802.15}{730,290.92,803.15}{731,291.25,804.15}{732,291.58,805.15}{733,291.9,806.15}{734,292.23,807.15}{735,292.56,808.15}{736,292.9,809.15}{737,293.23,810.15}{738,293.56,811.15}{739,293.89,812.15}{740,294.21,813.15}{741,294.54,814.15}{742,294.87,815.15}{743,295.2,816.15}{744,295.53,817.15}{745,295.85,818.15}{746,296.18,819.15}{747,296.51,820.15}{748,296.84,821.15}{749,297.16,822.15}{750,297.49,823.15}{751,297.82,824.15}{752,298.14,825.15}{753,298.47,826.15}{754,298.8,827.15}{755,299.12,828.15}{756,299.45,829.15}{757,299.78,830.15}{758,300.1,831.15}{759,300.43,832.15}{760,300.75,833.15}{761,301.08,834.15}{762,301.41,835.15}{763,301.73,836.15}{764,302.06,837.15}{765,302.38,838.15}{766,302.71,839.15}{767,303.03,840.15}{768,303.36,841.15}{769,303.68,842.15}{770,304.01,843.15}{771,304.33,844.15}{772,304.66,845.15}{773,304.98,846.15}{774,305.3,847.15}{775,305.63,848.15}{776,305.95,849.15}{777,306.28,850.15}{778,306.6,851.15}{779,306.92,852.15}{780,307.25,853.15}{781,307.57,854.15}{782,307.89,855.15}{783,308.22,856.15}{784,308.54,857.15}{785,308.86,858.15}{786,309.19,859.15}{787,309.51,860.15}{788,309.83,861.15}{789,310.15,862.15}{790,310.48,863.15}{791,310.8,864.15}{792,311.12,865.15}{793,311.45,866.15}{794,311.78,867.15}{795,312.1,868.15}{796,312.43,869.15}{797,312.75,870.15}{798,313.07,871.15}{799,313.39,872.15}{800,313.71,873.15}{801,314.04,874.15}{802,314.36,875.15}{803,314.68,876.15}{804,315,877.15}{805,315.32,878.15}{806,315.64,879.15}{807,315.96,880.15}{808,316.28,881.15}{809,316.6,882.15}{810,316.92,883.15}{811,317.24,884.15}{812,317.56,885.15}{813,317.88,886.15}{814,318.2,887.15}{815,318.52,888.15}{816,318.85,889.15}{817,319.17,890.15}{818,319.49,891.15}{819,319.81,892.15}{820,320.12,893.15}{821,320.44,894.15}{822,320.76,895.15}{823,321.08,896.15}{824,321.4,897.15}{825,321.72,898.15}{826,322.03,899.15}{827,322.34,900.15}{828,322.66,901.15}{829,322.98,902.15}{830,323.3,903.15}{831,323.61,904.15}{832,323.93,905.15}{833,324.25,906.15}{834,324.57,907.15}{835,324.88,908.15}{836,325.21,909.15}{837,325.53,910.15}{838,325.85,911.15}{839,326.16,912.15}{840,326.48,913.15}{841,326.79,914.15}{842,327.11,915.15}{843,327.43,916.15}{844,327.74,917.15}{845,328.06,918.15}{846,328.38,919.15}{847,328.69,920.15}{848,329.01,921.15}{849,329.32,922.15}{850,329.64,923.15}{851,329.95,924.15}{852,330.27,925.15}{853,330.58,926.15}{854,330.9,927.15}{855,331.21,928.15}{856,331.53,929.15}{857,331.84,930.15}{858,332.16,931.15}{859,332.47,932.15}{860,332.79,933.15}{861,333.1,934.15}{862,333.41,935.15}{863,333.73,936.15}{864,334.04,937.15}{865,334.36,938.15}{866,334.68,939.15}{867,334.99,940.15}{868,335.31,941.15}{869,335.62,942.15}{870,335.93,943.15}{871,336.25,944.15}{872,336.56,945.15}{873,336.87,946.15}{874,337.18,947.15}{875,337.5,948.15}{876,337.81,949.15}{877,338.12,950.15}{878,338.43,951.15}{879,338.75,952.15}{880,339.06,953.15}{881,339.37,954.15}{882,339.68,955.15}{883,339.99,956.15}{884,340.3,957.15}{885,340.62,958.15}{886,340.94,959.15}{887,341.25,960.15}{888,341.55,961.15}{889,341.87,962.15}{890,342.18,963.15}{891,342.49,964.15}{892,342.8,965.15}{893,343.11,966.15}{894,343.42,967.15}{895,343.73,968.15}{896,344.04,969.15}{897,344.35,970.15}{898,344.66,971.15}{899,344.97,972.15}{900,345.28,973.15}{901,345.59,974.15}{902,345.9,975.15}{903,346.21,976.15}{904,346.52,977.15}{905,346.83,978.15}{906,347.15,979.15}{907,347.46,980.15}{908,347.76,981.15}{909,348.07,982.15}{910,348.38,983.15}{911,348.69,984.15}{912,349,985.15}{913,349.31,986.15}{914,349.61,987.15}{915,349.92,988.15}{916,350.23,989.15}{917,350.54,990.15}{918,350.85,991.15}{919,351.15,992.15}{920,351.46,993.15}{921,351.77,994.15}{922,352.07,995.15}{923,352.38,996.15}{924,352.69,997.15}{925,352.99,998.15}{926,353.3,999.15}{927,353.61,1000.15}{928,353.91,1001.15}{929,354.22,1002.15}{930,354.53,1003.15}{931,354.83,1004.15}{932,355.14,1005.15}{933,355.44,1006.15}{934,355.75,1007.15}{935,356.06,1008.15}{936,356.37,1009.15}{937,356.68,1010.15}{938,356.98,1011.15}{939,357.29,1012.15}{940,357.59,1013.15}{941,357.9,1014.15}{942,358.2,1015.15}{943,358.51,1016.15}{944,358.81,1017.15}{945,359.12,1018.15}{946,359.42,1019.15}{947,359.72,1020.15}{948,360.03,1021.15}{949,360.33,1022.15}{950,360.64,1023.15}{951,360.94,1024.15}{952,361.24,1025.15}{953,361.55,1026.15}{954,361.85,1027.15}{955,362.15,1028.15}{956,362.46,1029.15}{957,362.76,1030.15}{958,363.06,1031.15}{959,363.36,1032.15}{960,363.67,1033.15}{961,363.97,1034.15}{962,364.27,1035.15}{963,364.57,1036.15}{964,364.88,1037.15}{965,365.18,1038.15}{966,365.49,1039.15}{967,365.79,1040.15}{968,366.09,1041.15}{969,366.4,1042.15}{970,366.7,1043.15}{971,367,1044.15}{972,367.3,1045.15}{973,367.6,1046.15}{974,367.9,1047.15}{975,368.2,1048.15}{976,368.5,1049.15}{977,368.81,1050.15}{978,369.11,1051.15}{979,369.41,1052.15}{980,369.71,1053.15}{981,370.01,1054.15}{982,370.31,1055.15}{983,370.61,1056.15}{984,370.91,1057.15}{985,371.21,1058.15}{986,371.52,1059.15}{987,371.82,1060.15}{988,372.12,1061.15}{989,372.41,1062.15}{990,372.71,1063.15}{991,373.01,1064.15}{992,373.31,1065.15}{993,373.61,1066.15}{994,373.91,1067.15}{995,374.21,1068.15}{996,374.51,1069.15}{997,374.8,1070.15}{998,375.1,1071.15}{999,375.4,1072.15}{1000,375.7,1073.15}{1001,376,1074.15}{1002,376.29,1075.15}{1003,376.59,1076.15}{1004,376.89,1077.15}{1005,377.19,1078.15}{1006,377.49,1079.15}{1007,377.79,1080.15}{1008,378.09,1081.15}{1009,378.39,1082.15}{1010,378.68,1083.15}{1011,378.98,1084.15}{1012,379.28,1085.15}{1013,379.57,1086.15}{1014,379.87,1087.15}{1015,380.17,1088.15}{1016,380.46,1089.15}{1017,380.76,1090.15}{1018,381.05,1091.15}{1019,381.35,1092.15}{1020,381.65,1093.15}{1021,381.94,1094.15}{1022,382.24,1095.15}{1023,382.53,1096.15}{1024,382.83,1097.15}{1025,383.12,1098.15}{1026,383.42,1099.15}{1027,383.71,1100.15}{1028,384.01,1101.15}{1029,384.3,1102.15}{1030,384.6,1103.15}{1031,384.89,1104.15}{1032,385.18,1105.15}{1033,385.48,1106.15}{1034,385.77,1107.15}{1035,386.07,1108.15}{1036,386.37,1109.15}{1037,386.66,1110.15}{1038,386.96,1111.15}{1039,387.25,1112.15}{1040,387.55,1113.15}{1041,387.84,1114.15}{1042,388.13,1115.15}{1043,388.42,1116.15}{1044,388.72,1117.15}{1045,389.01,1118.15}{1046,389.31,1119.15}{1047,389.61,1120.15}{1048,389.9,1121.15}{1049,390.19,1122.15}{1050,390.48,1123.15}&quot;"/>
                                                <instance name="dev01/Config/ch00012/Calibration_Sensor_Output_Units" order="0" value="K"/>
                                                <instance name="dev01/Config/ch00003/enable" order="1" value="1"/>
                                                <instance name="dev02/Config/ch00002/Calibration_Sensor_Name" order="0" value="CalSensor14"/>
                                                <instance name="dev02/Config/ch00012/Calibration_Sensor_Maximum_Range" order="0" value="1123.15"/>
                                                <instance name="dev01/Config/ch00004/RTDRange" order="0" value="1"/>
                                                <instance name="dev01/Config/ch00001/Calibration_Sensor_Minimum_Range" order="0" value="73.15"/>
                                                <instance name="dev01/Config/ch00002/Calibration_Sensor_Minimum_Range" order="0" value="73.15"/>
                                                <instance name="dev01/Config/ch00007/rate" order="0" value="10"/>
                                                <instance name="dev01/Config/ch00006/Calibration_Sensor_Calibration_Date" order="0" value="2020-01-01"/>
                                                <instance name="dev02/Config/ch00003/Calibration_Sensor_Name" order="0" value="CalSensor15"/>
                                                <instance name="dev01/Config/ch00003/Calibration_Sensor_Minimum_Range" order="0" value="73.15"/>
                                                <instance name="dev01/Config/ch00004/Calibration_Sensor_Calibration_Date" order="0" value="2020-01-01"/>
                                                <instance name="dev01/Config/ch00004/Calibration_Sensor_Minimum_Range" order="0" value="73.15"/>
                                                <instance name="dev01/Config/ch00005/Calibration_Sensor_Minimum_Range" order="0" value="73.15"/>
                                                <instance name="dev01/Config/ch00006/Calibration_Sensor_Minimum_Range" order="0" value="73.15"/>
                                                <instance name="dev02/Config/ch00004/RTDRange" order="0" value="1"/>
                                                <instance name="dev02/Config/ch00006/enable" order="1" value="1"/>
                                                <instance name="dev02/Config/ch00012/Calibration_Sensor_Name" order="0" value="CalSensor24"/>
                                                <instance name="dev01/Config/ch00007/Calibration_Sensor_Minimum_Range" order="0" value="73.15"/>
                                                <instance name="dev01/Config/ch00003/Calibration_Sensor_Output_Units" order="0" value="K"/>
                                                <instance name="dev01/Config/ch00008/Calibration_Sensor_Minimum_Range" order="0" value="73.15"/>
                                                <instance name="dev01/Config/ch00012/Calibration_Sensor_Minimum_Range" order="0" value="73.15"/>
                                                <instance name="dev02/Config/ch00001/Calibration_Sensor_Output_Units" order="0" value="K"/>
                                                <instance name="dev02/Config/ch00001/Calibration_Sensor_Minimum_Range" order="0" value="73.15"/>
                                                <instance name="dev02/Config/ch00002/Calibration_Sensor_Minimum_Range" order="0" value="73.15"/>
                                                <instance name="dev01/Config/ch00012/RTDRange" order="0" value="1"/>
                                                <instance name="dev02/Config/ch00003/Calibration_Sensor_Minimum_Range" order="0" value="73.15"/>
                                                <instance name="dev01/Config/ch00007/Calibration_Sensor_Calibration_Date" order="0" value="2020-01-01"/>
                                                <instance name="dev01/Config/ch00003/rate" order="0" value="10"/>
                                                <instance name="dev01/Config/ch00002/enable" order="1" value="1"/>
                                                <instance name="dev01/Config/ch00008/rate" order="0" value="10"/>
                                                <instance name="dev02/Config/ch00012/Calibration_Sensor_Input_Units" order="0" value="Ohm"/>
                                                <instance name="dev02/Config/ch00004/Calibration_Sensor_Minimum_Range" order="0" value="73.15"/>
                                                <instance name="dev02/Config/ch00002/Calibration_Sensor_Output_Units" order="0" value="K"/>
                                                <instance name="dev02/Config/ch00005/Calibration_Sensor_Minimum_Range" order="0" value="73.15"/>
                                                <instance name="dev02/Config/ch00006/Calibration_Sensor_Minimum_Range" order="0" value="73.15"/>
                                                <instance name="dev01/Config/ch00004/Calibration_Sensor_Output_Units" order="0" value="K"/>
                                                <instance name="dev02/Config/ch00007/Calibration_Sensor_Minimum_Range" order="0" value="73.15"/>
                                                <instance name="dev02/Config/ch00012/Calibration_Sensor_Minimum_Range" order="0" value="73.15"/>
                                                <instance name="dev01/Config/ch00001/Calibration_Sensor_Name" order="0" value="CalSensor1"/>
                                                <instance name="dev01/Config/ch00006/Calibration_Sensor_Curve" order="0" value="&quot;{0,18.52,73.15}{1,18.96,74.15}{2,19.39,75.15}{3,19.82,76.15}{4,20.25,77.15}{5,20.68,78.15}{6,21.11,79.15}{7,21.54,80.15}{8,21.97,81.15}{9,22.4,82.15}{10,22.83,83.15}{11,23.26,84.15}{12,23.69,85.15}{13,24.12,86.15}{14,24.55,87.15}{15,24.97,88.15}{16,25.39,89.15}{17,25.82,90.15}{18,26.25,91.15}{19,26.67,92.15}{20,27.1,93.15}{21,27.52,94.15}{22,27.95,95.15}{23,28.37,96.15}{24,28.8,97.15}{25,29.22,98.15}{26,29.65,99.15}{27,30.07,100.15}{28,30.49,101.15}{29,30.92,102.15}{30,31.34,103.15}{31,31.76,104.15}{32,32.18,105.15}{33,32.61,106.15}{34,33.03,107.15}{35,33.45,108.15}{36,33.86,109.15}{37,34.28,110.15}{38,34.7,111.15}{39,35.12,112.15}{40,35.54,113.15}{41,35.96,114.15}{42,36.38,115.15}{43,36.8,116.15}{44,37.22,117.15}{45,37.63,118.15}{46,38.05,119.15}{47,38.47,120.15}{48,38.89,121.15}{49,39.31,122.15}{50,39.72,123.15}{51,40.14,124.15}{52,40.56,125.15}{53,40.97,126.15}{54,41.39,127.15}{55,41.8,128.15}{56,42.22,129.15}{57,42.64,130.15}{58,43.05,131.15}{59,43.46,132.15}{60,43.88,133.15}{61,44.29,134.15}{62,44.71,135.15}{63,45.12,136.15}{64,45.53,137.15}{65,45.95,138.15}{66,46.35,139.15}{67,46.76,140.15}{68,47.18,141.15}{69,47.59,142.15}{70,48,143.15}{71,48.41,144.15}{72,48.82,145.15}{73,49.23,146.15}{74,49.64,147.15}{75,50.06,148.15}{76,50.47,149.15}{77,50.88,150.15}{78,51.29,151.15}{79,51.7,152.15}{80,52.11,153.15}{81,52.52,154.15}{82,52.92,155.15}{83,53.33,156.15}{84,53.74,157.15}{85,54.15,158.15}{86,54.56,159.15}{87,54.97,160.15}{88,55.38,161.15}{89,55.78,162.15}{90,56.19,163.15}{91,56.6,164.15}{92,57,165.15}{93,57.41,166.15}{94,57.82,167.15}{95,58.22,168.15}{96,58.63,169.15}{97,59.04,170.15}{98,59.44,171.15}{99,59.85,172.15}{100,60.26,173.15}{101,60.67,174.15}{102,61.07,175.15}{103,61.48,176.15}{104,61.87,177.15}{105,62.29,178.15}{106,62.69,179.15}{107,63.1,180.15}{108,63.5,181.15}{109,63.91,182.15}{110,64.3,183.15}{111,64.7,184.15}{112,65.11,185.15}{113,65.51,186.15}{114,65.91,187.15}{115,66.31,188.15}{116,66.72,189.15}{117,67.12,190.15}{118,67.52,191.15}{119,67.92,192.15}{120,68.33,193.15}{121,68.73,194.15}{122,69.13,195.15}{123,69.53,196.15}{124,69.93,197.15}{125,70.33,198.15}{126,70.73,199.15}{127,71.13,200.15}{128,71.53,201.15}{129,71.93,202.15}{130,72.33,203.15}{131,72.73,204.15}{132,73.13,205.15}{133,73.53,206.15}{134,73.93,207.15}{135,74.33,208.15}{136,74.73,209.15}{137,75.13,210.15}{138,75.53,211.15}{139,75.93,212.15}{140,76.33,213.15}{141,76.73,214.15}{142,77.13,215.15}{143,77.52,216.15}{144,77.92,217.15}{145,78.32,218.15}{146,78.72,219.15}{147,79.11,220.15}{148,79.51,221.15}{149,79.91,222.15}{150,80.31,223.15}{151,80.7,224.15}{152,81.1,225.15}{153,81.5,226.15}{154,81.89,227.15}{155,82.29,228.15}{156,82.69,229.15}{157,83.08,230.15}{158,83.48,231.15}{159,83.88,232.15}{160,84.27,233.15}{161,84.67,234.15}{162,85.06,235.15}{163,85.46,236.15}{164,85.85,237.15}{165,86.25,238.15}{166,86.64,239.15}{167,87.04,240.15}{168,87.43,241.15}{169,87.83,242.15}{170,88.22,243.15}{171,88.62,244.15}{172,89.01,245.15}{173,89.4,246.15}{174,89.8,247.15}{175,90.19,248.15}{176,90.59,249.15}{177,90.98,250.15}{178,91.37,251.15}{179,91.77,252.15}{180,92.16,253.15}{181,92.55,254.15}{182,92.95,255.15}{183,93.34,256.15}{184,93.73,257.15}{185,94.12,258.15}{186,94.52,259.15}{187,94.91,260.15}{188,95.3,261.15}{189,95.69,262.15}{190,96.09,263.15}{191,96.48,264.15}{192,96.87,265.15}{193,97.26,266.15}{194,97.65,267.15}{195,98.04,268.15}{196,98.44,269.15}{197,98.83,270.15}{198,99.22,271.15}{199,99.61,272.15}{200,100,273.15}{201,100.39,274.15}{202,100.78,275.15}{203,101.17,276.15}{204,101.56,277.15}{205,101.95,278.15}{206,102.34,279.15}{207,102.73,280.15}{208,103.12,281.15}{209,103.51,282.15}{210,103.9,283.15}{211,104.29,284.15}{212,104.68,285.15}{213,105.07,286.15}{214,105.46,287.15}{215,105.85,288.15}{216,106.24,289.15}{217,106.63,290.15}{218,107.02,291.15}{219,107.4,292.15}{220,107.79,293.15}{221,108.18,294.15}{222,108.57,295.15}{223,108.96,296.15}{224,109.35,297.15}{225,109.73,298.15}{226,110.12,299.15}{227,110.51,300.15}{228,110.9,301.15}{229,111.28,302.15}{230,111.67,303.15}{231,112.06,304.15}{232,112.45,305.15}{233,112.83,306.15}{234,113.22,307.15}{235,113.61,308.15}{236,113.99,309.15}{237,114.38,310.15}{238,114.77,311.15}{239,115.15,312.15}{240,115.54,313.15}{241,115.93,314.15}{242,116.31,315.15}{243,116.7,316.15}{244,117.08,317.15}{245,117.47,318.15}{246,117.85,319.15}{247,118.24,320.15}{248,118.62,321.15}{249,119.01,322.15}{250,119.4,323.15}{251,119.78,324.15}{252,120.16,325.15}{253,120.55,326.15}{254,120.93,327.15}{255,121.32,328.15}{256,121.7,329.15}{257,122.09,330.15}{258,122.47,331.15}{259,122.86,332.15}{260,123.24,333.15}{261,123.62,334.15}{262,124.01,335.15}{263,124.39,336.15}{264,124.77,337.15}{265,125.17,338.15}{266,125.55,339.15}{267,125.93,340.15}{268,126.32,341.15}{269,126.7,342.15}{270,127.08,343.15}{271,127.46,344.15}{272,127.85,345.15}{273,128.23,346.15}{274,128.61,347.15}{275,128.99,348.15}{276,129.38,349.15}{277,129.76,350.15}{278,130.14,351.15}{279,130.52,352.15}{280,130.9,353.15}{281,131.28,354.15}{282,131.67,355.15}{283,132.05,356.15}{284,132.43,357.15}{285,132.81,358.15}{286,133.19,359.15}{287,133.57,360.15}{288,133.95,361.15}{289,134.33,362.15}{290,134.71,363.15}{291,135.09,364.15}{292,135.47,365.15}{293,135.85,366.15}{294,136.23,367.15}{295,136.61,368.15}{296,136.99,369.15}{297,137.37,370.15}{298,137.75,371.15}{299,138.13,372.15}{300,138.51,373.15}{301,138.89,374.15}{302,139.27,375.15}{303,139.65,376.15}{304,140.03,377.15}{305,140.39,378.15}{306,140.77,379.15}{307,141.15,380.15}{308,141.53,381.15}{309,141.91,382.15}{310,142.29,383.15}{311,142.66,384.15}{312,143.04,385.15}{313,143.42,386.15}{314,143.8,387.15}{315,144.18,388.15}{316,144.56,389.15}{317,144.94,390.15}{318,145.32,391.15}{319,145.69,392.15}{320,146.07,393.15}{321,146.45,394.15}{322,146.82,395.15}{323,147.2,396.15}{324,147.58,397.15}{325,147.95,398.15}{326,148.33,399.15}{327,148.71,400.15}{328,149.08,401.15}{329,149.46,402.15}{330,149.83,403.15}{331,150.21,404.15}{332,150.58,405.15}{333,150.96,406.15}{334,151.34,407.15}{335,151.71,408.15}{336,152.09,409.15}{337,152.46,410.15}{338,152.84,411.15}{339,153.21,412.15}{340,153.58,413.15}{341,153.95,414.15}{342,154.32,415.15}{343,154.71,416.15}{344,155.08,417.15}{345,155.46,418.15}{346,155.83,419.15}{347,156.21,420.15}{348,156.58,421.15}{349,156.96,422.15}{350,157.33,423.15}{351,157.71,424.15}{352,158.08,425.15}{353,158.45,426.15}{354,158.83,427.15}{355,159.2,428.15}{356,159.56,429.15}{357,159.94,430.15}{358,160.31,431.15}{359,160.68,432.15}{360,161.05,433.15}{361,161.43,434.15}{362,161.8,435.15}{363,162.17,436.15}{364,162.54,437.15}{365,162.91,438.15}{366,163.28,439.15}{367,163.66,440.15}{368,164.03,441.15}{369,164.4,442.15}{370,164.77,443.15}{371,165.14,444.15}{372,165.51,445.15}{373,165.88,446.15}{374,166.25,447.15}{375,166.62,448.15}{376,167,449.15}{377,167.37,450.15}{378,167.74,451.15}{379,168.11,452.15}{380,168.48,453.15}{381,168.85,454.15}{382,169.22,455.15}{383,169.59,456.15}{384,169.96,457.15}{385,170.33,458.15}{386,170.69,459.15}{387,171.06,460.15}{388,171.43,461.15}{389,171.8,462.15}{390,172.17,463.15}{391,172.54,464.15}{392,172.91,465.15}{393,173.27,466.15}{394,173.64,467.15}{395,174.01,468.15}{396,174.39,469.15}{397,174.75,470.15}{398,175.12,471.15}{399,175.49,472.15}{400,175.86,473.15}{401,176.23,474.15}{402,176.59,475.15}{403,176.96,476.15}{404,177.33,477.15}{405,177.7,478.15}{406,178.06,479.15}{407,178.43,480.15}{408,178.8,481.15}{409,179.16,482.15}{410,179.53,483.15}{411,179.9,484.15}{412,180.26,485.15}{413,180.63,486.15}{414,180.99,487.15}{415,181.36,488.15}{416,181.73,489.15}{417,182.09,490.15}{418,182.46,491.15}{419,182.82,492.15}{420,183.19,493.15}{421,183.55,494.15}{422,183.92,495.15}{423,184.28,496.15}{424,184.65,497.15}{425,185.01,498.15}{426,185.38,499.15}{427,185.74,500.15}{428,186.11,501.15}{429,186.47,502.15}{430,186.84,503.15}{431,187.2,504.15}{432,187.56,505.15}{433,187.93,506.15}{434,188.29,507.15}{435,188.65,508.15}{436,189.02,509.15}{437,189.38,510.15}{438,189.74,511.15}{439,190.11,512.15}{440,190.47,513.15}{441,190.83,514.15}{442,191.2,515.15}{443,191.56,516.15}{444,191.92,517.15}{445,192.28,518.15}{446,192.66,519.15}{447,193.02,520.15}{448,193.38,521.15}{449,193.74,522.15}{450,194.1,523.15}{451,194.47,524.15}{452,194.83,525.15}{453,195.19,526.15}{454,195.55,527.15}{455,195.9,528.15}{456,196.26,529.15}{457,196.62,530.15}{458,196.98,531.15}{459,197.35,532.15}{460,197.71,533.15}{461,198.07,534.15}{462,198.43,535.15}{463,198.79,536.15}{464,199.15,537.15}{465,199.51,538.15}{466,199.87,539.15}{467,200.23,540.15}{468,200.59,541.15}{469,200.95,542.15}{470,201.31,543.15}{471,201.67,544.15}{472,202.03,545.15}{473,202.38,546.15}{474,202.74,547.15}{475,203.1,548.15}{476,203.46,549.15}{477,203.82,550.15}{478,204.18,551.15}{479,204.54,552.15}{480,204.9,553.15}{481,205.25,554.15}{482,205.61,555.15}{483,205.97,556.15}{484,206.33,557.15}{485,206.7,558.15}{486,207.05,559.15}{487,207.41,560.15}{488,207.77,561.15}{489,208.13,562.15}{490,208.48,563.15}{491,208.84,564.15}{492,209.2,565.15}{493,209.55,566.15}{494,209.91,567.15}{495,210.27,568.15}{496,210.62,569.15}{497,210.98,570.15}{498,211.34,571.15}{499,211.69,572.15}{500,212.05,573.15}{501,212.4,574.15}{502,212.76,575.15}{503,213.12,576.15}{504,213.47,577.15}{505,213.83,578.15}{506,214.19,579.15}{507,214.55,580.15}{508,214.9,581.15}{509,215.26,582.15}{510,215.61,583.15}{511,215.97,584.15}{512,216.32,585.15}{513,216.68,586.15}{514,217.03,587.15}{515,217.39,588.15}{516,217.73,589.15}{517,218.08,590.15}{518,218.44,591.15}{519,218.79,592.15}{520,219.15,593.15}{521,219.5,594.15}{522,219.85,595.15}{523,220.21,596.15}{524,220.56,597.15}{525,220.91,598.15}{526,221.27,599.15}{527,221.62,600.15}{528,221.97,601.15}{529,222.32,602.15}{530,222.68,603.15}{531,223.03,604.15}{532,223.38,605.15}{533,223.73,606.15}{534,224.09,607.15}{535,224.45,608.15}{536,224.8,609.15}{537,225.15,610.15}{538,225.5,611.15}{539,225.85,612.15}{540,226.21,613.15}{541,226.56,614.15}{542,226.91,615.15}{543,227.26,616.15}{544,227.61,617.15}{545,227.96,618.15}{546,228.31,619.15}{547,228.66,620.15}{548,229.01,621.15}{549,229.36,622.15}{550,229.72,623.15}{551,230.07,624.15}{552,230.42,625.15}{553,230.77,626.15}{554,231.12,627.15}{555,231.47,628.15}{556,231.81,629.15}{557,232.16,630.15}{558,232.51,631.15}{559,232.86,632.15}{560,233.21,633.15}{561,233.56,634.15}{562,233.91,635.15}{563,234.26,636.15}{564,234.6,637.15}{565,234.95,638.15}{566,235.3,639.15}{567,235.65,640.15}{568,236,641.15}{569,236.35,642.15}{570,236.7,643.15}{571,237.05,644.15}{572,237.4,645.15}{573,237.75,646.15}{574,238.09,647.15}{575,238.44,648.15}{576,238.79,649.15}{577,239.14,650.15}{578,239.48,651.15}{579,239.83,652.15}{580,240.18,653.15}{581,240.52,654.15}{582,240.87,655.15}{583,241.22,656.15}{584,241.56,657.15}{585,241.91,658.15}{586,242.25,659.15}{587,242.6,660.15}{588,242.95,661.15}{589,243.29,662.15}{590,243.64,663.15}{591,243.98,664.15}{592,244.33,665.15}{593,244.67,666.15}{594,245.02,667.15}{595,245.36,668.15}{596,245.71,669.15}{597,246.05,670.15}{598,246.4,671.15}{599,246.74,672.15}{600,247.09,673.15}{601,247.43,674.15}{602,247.78,675.15}{603,248.12,676.15}{604,248.46,677.15}{605,248.81,678.15}{606,249.15,679.15}{607,249.5,680.15}{608,249.84,681.15}{609,250.18,682.15}{610,250.53,683.15}{611,250.89,684.15}{612,251.21,685.15}{613,251.55,686.15}{614,251.9,687.15}{615,252.24,688.15}{616,252.59,689.15}{617,252.94,690.15}{618,253.28,691.15}{619,253.62,692.15}{620,253.96,693.15}{621,254.3,694.15}{622,254.65,695.15}{623,254.99,696.15}{624,255.33,697.15}{625,255.67,698.15}{626,256.01,699.15}{627,256.35,700.15}{628,256.7,701.15}{629,257.04,702.15}{630,257.38,703.15}{631,257.72,704.15}{632,258.06,705.15}{633,258.4,706.15}{634,258.74,707.15}{635,259.08,708.15}{636,259.42,709.15}{637,259.76,710.15}{638,260.1,711.15}{639,260.44,712.15}{640,260.78,713.15}{641,261.12,714.15}{642,261.46,715.15}{643,261.8,716.15}{644,262.14,717.15}{645,262.48,718.15}{646,262.83,719.15}{647,263.17,720.15}{648,263.5,721.15}{649,263.84,722.15}{650,264.18,723.15}{651,264.52,724.15}{652,264.86,725.15}{653,265.2,726.15}{654,265.54,727.15}{655,265.87,728.15}{656,266.21,729.15}{657,266.55,730.15}{658,266.89,731.15}{659,267.22,732.15}{660,267.56,733.15}{661,267.9,734.15}{662,268.24,735.15}{663,268.57,736.15}{664,268.91,737.15}{665,269.25,738.15}{666,269.58,739.15}{667,269.92,740.15}{668,270.26,741.15}{669,270.59,742.15}{670,270.93,743.15}{671,271.27,744.15}{672,271.6,745.15}{673,271.94,746.15}{674,272.27,747.15}{675,272.61,748.15}{676,272.95,749.15}{677,273.28,750.15}{678,273.62,751.15}{679,273.95,752.15}{680,274.29,753.15}{681,274.62,754.15}{682,274.96,755.15}{683,275.29,756.15}{684,275.63,757.15}{685,275.96,758.15}{686,276.31,759.15}{687,276.64,760.15}{688,276.97,761.15}{689,277.31,762.15}{690,277.64,763.15}{691,277.98,764.15}{692,278.31,765.15}{693,278.64,766.15}{694,278.98,767.15}{695,279.31,768.15}{696,279.64,769.15}{697,279.98,770.15}{698,280.31,771.15}{699,280.64,772.15}{700,280.98,773.15}{701,281.31,774.15}{702,281.64,775.15}{703,281.97,776.15}{704,282.31,777.15}{705,282.64,778.15}{706,282.97,779.15}{707,283.3,780.15}{708,283.63,781.15}{709,283.97,782.15}{710,284.3,783.15}{711,284.63,784.15}{712,284.96,785.15}{713,285.29,786.15}{714,285.62,787.15}{715,285.95,788.15}{716,286.3,789.15}{717,286.63,790.15}{718,286.96,791.15}{719,287.29,792.15}{720,287.62,793.15}{721,287.95,794.15}{722,288.28,795.15}{723,288.61,796.15}{724,288.94,797.15}{725,289.27,798.15}{726,289.6,799.15}{727,289.93,800.15}{728,290.26,801.15}{729,290.59,802.15}{730,290.92,803.15}{731,291.25,804.15}{732,291.58,805.15}{733,291.9,806.15}{734,292.23,807.15}{735,292.56,808.15}{736,292.9,809.15}{737,293.23,810.15}{738,293.56,811.15}{739,293.89,812.15}{740,294.21,813.15}{741,294.54,814.15}{742,294.87,815.15}{743,295.2,816.15}{744,295.53,817.15}{745,295.85,818.15}{746,296.18,819.15}{747,296.51,820.15}{748,296.84,821.15}{749,297.16,822.15}{750,297.49,823.15}{751,297.82,824.15}{752,298.14,825.15}{753,298.47,826.15}{754,298.8,827.15}{755,299.12,828.15}{756,299.45,829.15}{757,299.78,830.15}{758,300.1,831.15}{759,300.43,832.15}{760,300.75,833.15}{761,301.08,834.15}{762,301.41,835.15}{763,301.73,836.15}{764,302.06,837.15}{765,302.38,838.15}{766,302.71,839.15}{767,303.03,840.15}{768,303.36,841.15}{769,303.68,842.15}{770,304.01,843.15}{771,304.33,844.15}{772,304.66,845.15}{773,304.98,846.15}{774,305.3,847.15}{775,305.63,848.15}{776,305.95,849.15}{777,306.28,850.15}{778,306.6,851.15}{779,306.92,852.15}{780,307.25,853.15}{781,307.57,854.15}{782,307.89,855.15}{783,308.22,856.15}{784,308.54,857.15}{785,308.86,858.15}{786,309.19,859.15}{787,309.51,860.15}{788,309.83,861.15}{789,310.15,862.15}{790,310.48,863.15}{791,310.8,864.15}{792,311.12,865.15}{793,311.45,866.15}{794,311.78,867.15}{795,312.1,868.15}{796,312.43,869.15}{797,312.75,870.15}{798,313.07,871.15}{799,313.39,872.15}{800,313.71,873.15}{801,314.04,874.15}{802,314.36,875.15}{803,314.68,876.15}{804,315,877.15}{805,315.32,878.15}{806,315.64,879.15}{807,315.96,880.15}{808,316.28,881.15}{809,316.6,882.15}{810,316.92,883.15}{811,317.24,884.15}{812,317.56,885.15}{813,317.88,886.15}{814,318.2,887.15}{815,318.52,888.15}{816,318.85,889.15}{817,319.17,890.15}{818,319.49,891.15}{819,319.81,892.15}{820,320.12,893.15}{821,320.44,894.15}{822,320.76,895.15}{823,321.08,896.15}{824,321.4,897.15}{825,321.72,898.15}{826,322.03,899.15}{827,322.34,900.15}{828,322.66,901.15}{829,322.98,902.15}{830,323.3,903.15}{831,323.61,904.15}{832,323.93,905.15}{833,324.25,906.15}{834,324.57,907.15}{835,324.88,908.15}{836,325.21,909.15}{837,325.53,910.15}{838,325.85,911.15}{839,326.16,912.15}{840,326.48,913.15}{841,326.79,914.15}{842,327.11,915.15}{843,327.43,916.15}{844,327.74,917.15}{845,328.06,918.15}{846,328.38,919.15}{847,328.69,920.15}{848,329.01,921.15}{849,329.32,922.15}{850,329.64,923.15}{851,329.95,924.15}{852,330.27,925.15}{853,330.58,926.15}{854,330.9,927.15}{855,331.21,928.15}{856,331.53,929.15}{857,331.84,930.15}{858,332.16,931.15}{859,332.47,932.15}{860,332.79,933.15}{861,333.1,934.15}{862,333.41,935.15}{863,333.73,936.15}{864,334.04,937.15}{865,334.36,938.15}{866,334.68,939.15}{867,334.99,940.15}{868,335.31,941.15}{869,335.62,942.15}{870,335.93,943.15}{871,336.25,944.15}{872,336.56,945.15}{873,336.87,946.15}{874,337.18,947.15}{875,337.5,948.15}{876,337.81,949.15}{877,338.12,950.15}{878,338.43,951.15}{879,338.75,952.15}{880,339.06,953.15}{881,339.37,954.15}{882,339.68,955.15}{883,339.99,956.15}{884,340.3,957.15}{885,340.62,958.15}{886,340.94,959.15}{887,341.25,960.15}{888,341.55,961.15}{889,341.87,962.15}{890,342.18,963.15}{891,342.49,964.15}{892,342.8,965.15}{893,343.11,966.15}{894,343.42,967.15}{895,343.73,968.15}{896,344.04,969.15}{897,344.35,970.15}{898,344.66,971.15}{899,344.97,972.15}{900,345.28,973.15}{901,345.59,974.15}{902,345.9,975.15}{903,346.21,976.15}{904,346.52,977.15}{905,346.83,978.15}{906,347.15,979.15}{907,347.46,980.15}{908,347.76,981.15}{909,348.07,982.15}{910,348.38,983.15}{911,348.69,984.15}{912,349,985.15}{913,349.31,986.15}{914,349.61,987.15}{915,349.92,988.15}{916,350.23,989.15}{917,350.54,990.15}{918,350.85,991.15}{919,351.15,992.15}{920,351.46,993.15}{921,351.77,994.15}{922,352.07,995.15}{923,352.38,996.15}{924,352.69,997.15}{925,352.99,998.15}{926,353.3,999.15}{927,353.61,1000.15}{928,353.91,1001.15}{929,354.22,1002.15}{930,354.53,1003.15}{931,354.83,1004.15}{932,355.14,1005.15}{933,355.44,1006.15}{934,355.75,1007.15}{935,356.06,1008.15}{936,356.37,1009.15}{937,356.68,1010.15}{938,356.98,1011.15}{939,357.29,1012.15}{940,357.59,1013.15}{941,357.9,1014.15}{942,358.2,1015.15}{943,358.51,1016.15}{944,358.81,1017.15}{945,359.12,1018.15}{946,359.42,1019.15}{947,359.72,1020.15}{948,360.03,1021.15}{949,360.33,1022.15}{950,360.64,1023.15}{951,360.94,1024.15}{952,361.24,1025.15}{953,361.55,1026.15}{954,361.85,1027.15}{955,362.15,1028.15}{956,362.46,1029.15}{957,362.76,1030.15}{958,363.06,1031.15}{959,363.36,1032.15}{960,363.67,1033.15}{961,363.97,1034.15}{962,364.27,1035.15}{963,364.57,1036.15}{964,364.88,1037.15}{965,365.18,1038.15}{966,365.49,1039.15}{967,365.79,1040.15}{968,366.09,1041.15}{969,366.4,1042.15}{970,366.7,1043.15}{971,367,1044.15}{972,367.3,1045.15}{973,367.6,1046.15}{974,367.9,1047.15}{975,368.2,1048.15}{976,368.5,1049.15}{977,368.81,1050.15}{978,369.11,1051.15}{979,369.41,1052.15}{980,369.71,1053.15}{981,370.01,1054.15}{982,370.31,1055.15}{983,370.61,1056.15}{984,370.91,1057.15}{985,371.21,1058.15}{986,371.52,1059.15}{987,371.82,1060.15}{988,372.12,1061.15}{989,372.41,1062.15}{990,372.71,1063.15}{991,373.01,1064.15}{992,373.31,1065.15}{993,373.61,1066.15}{994,373.91,1067.15}{995,374.21,1068.15}{996,374.51,1069.15}{997,374.8,1070.15}{998,375.1,1071.15}{999,375.4,1072.15}{1000,375.7,1073.15}{1001,376,1074.15}{1002,376.29,1075.15}{1003,376.59,1076.15}{1004,376.89,1077.15}{1005,377.19,1078.15}{1006,377.49,1079.15}{1007,377.79,1080.15}{1008,378.09,1081.15}{1009,378.39,1082.15}{1010,378.68,1083.15}{1011,378.98,1084.15}{1012,379.28,1085.15}{1013,379.57,1086.15}{1014,379.87,1087.15}{1015,380.17,1088.15}{1016,380.46,1089.15}{1017,380.76,1090.15}{1018,381.05,1091.15}{1019,381.35,1092.15}{1020,381.65,1093.15}{1021,381.94,1094.15}{1022,382.24,1095.15}{1023,382.53,1096.15}{1024,382.83,1097.15}{1025,383.12,1098.15}{1026,383.42,1099.15}{1027,383.71,1100.15}{1028,384.01,1101.15}{1029,384.3,1102.15}{1030,384.6,1103.15}{1031,384.89,1104.15}{1032,385.18,1105.15}{1033,385.48,1106.15}{1034,385.77,1107.15}{1035,386.07,1108.15}{1036,386.37,1109.15}{1037,386.66,1110.15}{1038,386.96,1111.15}{1039,387.25,1112.15}{1040,387.55,1113.15}{1041,387.84,1114.15}{1042,388.13,1115.15}{1043,388.42,1116.15}{1044,388.72,1117.15}{1045,389.01,1118.15}{1046,389.31,1119.15}{1047,389.61,1120.15}{1048,389.9,1121.15}{1049,390.19,1122.15}{1050,390.48,1123.15}&quot;"/>
                                                <instance name="dev02/Config/ch00003/Calibration_Sensor_Output_Units" order="0" value="K"/>
                                                <instance name="dev02/Config/ch00004/Calibration_Sensor_Output_Units" order="0" value="K"/>
                                                <instance name="dev01/Config/ch00002/rate" order="0" value="10"/>
                                                <instance name="dev02/Config/ch00005/Calibration_Sensor_Output_Units" order="0" value="K"/>
                                                <instance name="dev01/Config/ch00008/Calibration_Sensor_Name" order="0" value="CalSensor8"/>
                                                <instance name="dev02/Config/ch00001/RTDRange" order="0" value="1"/>
                                                <instance name="dev02/Config/ch00006/Calibration_Sensor_Output_Units" order="0" value="K"/>
                                                <instance name="dev02/Config/ch00007/Calibration_Sensor_Output_Units" order="0" value="K"/>
                                                <instance name="dev02/Config/ch00012/Calibration_Sensor_Output_Units" order="0" value="K"/>
                                                <instance name="dev02/Config/ch00012/Calibration_Sensor_Calibration_Date" order="0" value="2020-01-01"/>
                                                <instance name="dev01/Config/ch00002/Calibration_Sensor_Maximum_Range" order="0" value="1123.15"/>
                                                <instance name="dev01/Config/ch00004/enable" order="1" value="1"/>
                                                <instance name="dev01/Config/ch00009/rate" order="0" value="10"/>
                                                <instance name="dev01/Config/ch00001/Calibration_Sensor_Table_Type" order="2" value="1"/>
                                                <instance name="dev01/Config/ch00012/rate" order="0" value="10"/>
                                                <instance name="dev01/Config/ch00002/Calibration_Sensor_Table_Type" order="2" value="1"/>
                                                <instance name="dev02/Config/ch00004/Calibration_Sensor_Calibration_Date" order="0" value="2020-01-01"/>
                                                <instance name="dev01/Config/ch00003/Calibration_Sensor_Table_Type" order="2" value="1"/>
                                                <instance name="dev02/Config/ch00008/rate" order="0" value="10"/>
                                                <instance name="dev01/Config/ch00004/Calibration_Sensor_Table_Type" order="2" value="1"/>
                                                <instance name="dev01/Config/ch00005/Calibration_Sensor_Table_Type" order="2" value="1"/>
                                                <instance name="dev02/Config/ch00002/Calibration_Sensor_Calibration_Date" order="0" value="2020-01-01"/>
                                                <instance name="dev01/Config/ch00006/Calibration_Sensor_Table_Type" order="2" value="1"/>
                                                <instance name="dev01/Config/ch00007/Calibration_Sensor_Curve" order="0" value="&quot;{0,18.52,73.15}{1,18.96,74.15}{2,19.39,75.15}{3,19.82,76.15}{4,20.25,77.15}{5,20.68,78.15}{6,21.11,79.15}{7,21.54,80.15}{8,21.97,81.15}{9,22.4,82.15}{10,22.83,83.15}{11,23.26,84.15}{12,23.69,85.15}{13,24.12,86.15}{14,24.55,87.15}{15,24.97,88.15}{16,25.39,89.15}{17,25.82,90.15}{18,26.25,91.15}{19,26.67,92.15}{20,27.1,93.15}{21,27.52,94.15}{22,27.95,95.15}{23,28.37,96.15}{24,28.8,97.15}{25,29.22,98.15}{26,29.65,99.15}{27,30.07,100.15}{28,30.49,101.15}{29,30.92,102.15}{30,31.34,103.15}{31,31.76,104.15}{32,32.18,105.15}{33,32.61,106.15}{34,33.03,107.15}{35,33.45,108.15}{36,33.86,109.15}{37,34.28,110.15}{38,34.7,111.15}{39,35.12,112.15}{40,35.54,113.15}{41,35.96,114.15}{42,36.38,115.15}{43,36.8,116.15}{44,37.22,117.15}{45,37.63,118.15}{46,38.05,119.15}{47,38.47,120.15}{48,38.89,121.15}{49,39.31,122.15}{50,39.72,123.15}{51,40.14,124.15}{52,40.56,125.15}{53,40.97,126.15}{54,41.39,127.15}{55,41.8,128.15}{56,42.22,129.15}{57,42.64,130.15}{58,43.05,131.15}{59,43.46,132.15}{60,43.88,133.15}{61,44.29,134.15}{62,44.71,135.15}{63,45.12,136.15}{64,45.53,137.15}{65,45.95,138.15}{66,46.35,139.15}{67,46.76,140.15}{68,47.18,141.15}{69,47.59,142.15}{70,48,143.15}{71,48.41,144.15}{72,48.82,145.15}{73,49.23,146.15}{74,49.64,147.15}{75,50.06,148.15}{76,50.47,149.15}{77,50.88,150.15}{78,51.29,151.15}{79,51.7,152.15}{80,52.11,153.15}{81,52.52,154.15}{82,52.92,155.15}{83,53.33,156.15}{84,53.74,157.15}{85,54.15,158.15}{86,54.56,159.15}{87,54.97,160.15}{88,55.38,161.15}{89,55.78,162.15}{90,56.19,163.15}{91,56.6,164.15}{92,57,165.15}{93,57.41,166.15}{94,57.82,167.15}{95,58.22,168.15}{96,58.63,169.15}{97,59.04,170.15}{98,59.44,171.15}{99,59.85,172.15}{100,60.26,173.15}{101,60.67,174.15}{102,61.07,175.15}{103,61.48,176.15}{104,61.87,177.15}{105,62.29,178.15}{106,62.69,179.15}{107,63.1,180.15}{108,63.5,181.15}{109,63.91,182.15}{110,64.3,183.15}{111,64.7,184.15}{112,65.11,185.15}{113,65.51,186.15}{114,65.91,187.15}{115,66.31,188.15}{116,66.72,189.15}{117,67.12,190.15}{118,67.52,191.15}{119,67.92,192.15}{120,68.33,193.15}{121,68.73,194.15}{122,69.13,195.15}{123,69.53,196.15}{124,69.93,197.15}{125,70.33,198.15}{126,70.73,199.15}{127,71.13,200.15}{128,71.53,201.15}{129,71.93,202.15}{130,72.33,203.15}{131,72.73,204.15}{132,73.13,205.15}{133,73.53,206.15}{134,73.93,207.15}{135,74.33,208.15}{136,74.73,209.15}{137,75.13,210.15}{138,75.53,211.15}{139,75.93,212.15}{140,76.33,213.15}{141,76.73,214.15}{142,77.13,215.15}{143,77.52,216.15}{144,77.92,217.15}{145,78.32,218.15}{146,78.72,219.15}{147,79.11,220.15}{148,79.51,221.15}{149,79.91,222.15}{150,80.31,223.15}{151,80.7,224.15}{152,81.1,225.15}{153,81.5,226.15}{154,81.89,227.15}{155,82.29,228.15}{156,82.69,229.15}{157,83.08,230.15}{158,83.48,231.15}{159,83.88,232.15}{160,84.27,233.15}{161,84.67,234.15}{162,85.06,235.15}{163,85.46,236.15}{164,85.85,237.15}{165,86.25,238.15}{166,86.64,239.15}{167,87.04,240.15}{168,87.43,241.15}{169,87.83,242.15}{170,88.22,243.15}{171,88.62,244.15}{172,89.01,245.15}{173,89.4,246.15}{174,89.8,247.15}{175,90.19,248.15}{176,90.59,249.15}{177,90.98,250.15}{178,91.37,251.15}{179,91.77,252.15}{180,92.16,253.15}{181,92.55,254.15}{182,92.95,255.15}{183,93.34,256.15}{184,93.73,257.15}{185,94.12,258.15}{186,94.52,259.15}{187,94.91,260.15}{188,95.3,261.15}{189,95.69,262.15}{190,96.09,263.15}{191,96.48,264.15}{192,96.87,265.15}{193,97.26,266.15}{194,97.65,267.15}{195,98.04,268.15}{196,98.44,269.15}{197,98.83,270.15}{198,99.22,271.15}{199,99.61,272.15}{200,100,273.15}{201,100.39,274.15}{202,100.78,275.15}{203,101.17,276.15}{204,101.56,277.15}{205,101.95,278.15}{206,102.34,279.15}{207,102.73,280.15}{208,103.12,281.15}{209,103.51,282.15}{210,103.9,283.15}{211,104.29,284.15}{212,104.68,285.15}{213,105.07,286.15}{214,105.46,287.15}{215,105.85,288.15}{216,106.24,289.15}{217,106.63,290.15}{218,107.02,291.15}{219,107.4,292.15}{220,107.79,293.15}{221,108.18,294.15}{222,108.57,295.15}{223,108.96,296.15}{224,109.35,297.15}{225,109.73,298.15}{226,110.12,299.15}{227,110.51,300.15}{228,110.9,301.15}{229,111.28,302.15}{230,111.67,303.15}{231,112.06,304.15}{232,112.45,305.15}{233,112.83,306.15}{234,113.22,307.15}{235,113.61,308.15}{236,113.99,309.15}{237,114.38,310.15}{238,114.77,311.15}{239,115.15,312.15}{240,115.54,313.15}{241,115.93,314.15}{242,116.31,315.15}{243,116.7,316.15}{244,117.08,317.15}{245,117.47,318.15}{246,117.85,319.15}{247,118.24,320.15}{248,118.62,321.15}{249,119.01,322.15}{250,119.4,323.15}{251,119.78,324.15}{252,120.16,325.15}{253,120.55,326.15}{254,120.93,327.15}{255,121.32,328.15}{256,121.7,329.15}{257,122.09,330.15}{258,122.47,331.15}{259,122.86,332.15}{260,123.24,333.15}{261,123.62,334.15}{262,124.01,335.15}{263,124.39,336.15}{264,124.77,337.15}{265,125.17,338.15}{266,125.55,339.15}{267,125.93,340.15}{268,126.32,341.15}{269,126.7,342.15}{270,127.08,343.15}{271,127.46,344.15}{272,127.85,345.15}{273,128.23,346.15}{274,128.61,347.15}{275,128.99,348.15}{276,129.38,349.15}{277,129.76,350.15}{278,130.14,351.15}{279,130.52,352.15}{280,130.9,353.15}{281,131.28,354.15}{282,131.67,355.15}{283,132.05,356.15}{284,132.43,357.15}{285,132.81,358.15}{286,133.19,359.15}{287,133.57,360.15}{288,133.95,361.15}{289,134.33,362.15}{290,134.71,363.15}{291,135.09,364.15}{292,135.47,365.15}{293,135.85,366.15}{294,136.23,367.15}{295,136.61,368.15}{296,136.99,369.15}{297,137.37,370.15}{298,137.75,371.15}{299,138.13,372.15}{300,138.51,373.15}{301,138.89,374.15}{302,139.27,375.15}{303,139.65,376.15}{304,140.03,377.15}{305,140.39,378.15}{306,140.77,379.15}{307,141.15,380.15}{308,141.53,381.15}{309,141.91,382.15}{310,142.29,383.15}{311,142.66,384.15}{312,143.04,385.15}{313,143.42,386.15}{314,143.8,387.15}{315,144.18,388.15}{316,144.56,389.15}{317,144.94,390.15}{318,145.32,391.15}{319,145.69,392.15}{320,146.07,393.15}{321,146.45,394.15}{322,146.82,395.15}{323,147.2,396.15}{324,147.58,397.15}{325,147.95,398.15}{326,148.33,399.15}{327,148.71,400.15}{328,149.08,401.15}{329,149.46,402.15}{330,149.83,403.15}{331,150.21,404.15}{332,150.58,405.15}{333,150.96,406.15}{334,151.34,407.15}{335,151.71,408.15}{336,152.09,409.15}{337,152.46,410.15}{338,152.84,411.15}{339,153.21,412.15}{340,153.58,413.15}{341,153.95,414.15}{342,154.32,415.15}{343,154.71,416.15}{344,155.08,417.15}{345,155.46,418.15}{346,155.83,419.15}{347,156.21,420.15}{348,156.58,421.15}{349,156.96,422.15}{350,157.33,423.15}{351,157.71,424.15}{352,158.08,425.15}{353,158.45,426.15}{354,158.83,427.15}{355,159.2,428.15}{356,159.56,429.15}{357,159.94,430.15}{358,160.31,431.15}{359,160.68,432.15}{360,161.05,433.15}{361,161.43,434.15}{362,161.8,435.15}{363,162.17,436.15}{364,162.54,437.15}{365,162.91,438.15}{366,163.28,439.15}{367,163.66,440.15}{368,164.03,441.15}{369,164.4,442.15}{370,164.77,443.15}{371,165.14,444.15}{372,165.51,445.15}{373,165.88,446.15}{374,166.25,447.15}{375,166.62,448.15}{376,167,449.15}{377,167.37,450.15}{378,167.74,451.15}{379,168.11,452.15}{380,168.48,453.15}{381,168.85,454.15}{382,169.22,455.15}{383,169.59,456.15}{384,169.96,457.15}{385,170.33,458.15}{386,170.69,459.15}{387,171.06,460.15}{388,171.43,461.15}{389,171.8,462.15}{390,172.17,463.15}{391,172.54,464.15}{392,172.91,465.15}{393,173.27,466.15}{394,173.64,467.15}{395,174.01,468.15}{396,174.39,469.15}{397,174.75,470.15}{398,175.12,471.15}{399,175.49,472.15}{400,175.86,473.15}{401,176.23,474.15}{402,176.59,475.15}{403,176.96,476.15}{404,177.33,477.15}{405,177.7,478.15}{406,178.06,479.15}{407,178.43,480.15}{408,178.8,481.15}{409,179.16,482.15}{410,179.53,483.15}{411,179.9,484.15}{412,180.26,485.15}{413,180.63,486.15}{414,180.99,487.15}{415,181.36,488.15}{416,181.73,489.15}{417,182.09,490.15}{418,182.46,491.15}{419,182.82,492.15}{420,183.19,493.15}{421,183.55,494.15}{422,183.92,495.15}{423,184.28,496.15}{424,184.65,497.15}{425,185.01,498.15}{426,185.38,499.15}{427,185.74,500.15}{428,186.11,501.15}{429,186.47,502.15}{430,186.84,503.15}{431,187.2,504.15}{432,187.56,505.15}{433,187.93,506.15}{434,188.29,507.15}{435,188.65,508.15}{436,189.02,509.15}{437,189.38,510.15}{438,189.74,511.15}{439,190.11,512.15}{440,190.47,513.15}{441,190.83,514.15}{442,191.2,515.15}{443,191.56,516.15}{444,191.92,517.15}{445,192.28,518.15}{446,192.66,519.15}{447,193.02,520.15}{448,193.38,521.15}{449,193.74,522.15}{450,194.1,523.15}{451,194.47,524.15}{452,194.83,525.15}{453,195.19,526.15}{454,195.55,527.15}{455,195.9,528.15}{456,196.26,529.15}{457,196.62,530.15}{458,196.98,531.15}{459,197.35,532.15}{460,197.71,533.15}{461,198.07,534.15}{462,198.43,535.15}{463,198.79,536.15}{464,199.15,537.15}{465,199.51,538.15}{466,199.87,539.15}{467,200.23,540.15}{468,200.59,541.15}{469,200.95,542.15}{470,201.31,543.15}{471,201.67,544.15}{472,202.03,545.15}{473,202.38,546.15}{474,202.74,547.15}{475,203.1,548.15}{476,203.46,549.15}{477,203.82,550.15}{478,204.18,551.15}{479,204.54,552.15}{480,204.9,553.15}{481,205.25,554.15}{482,205.61,555.15}{483,205.97,556.15}{484,206.33,557.15}{485,206.7,558.15}{486,207.05,559.15}{487,207.41,560.15}{488,207.77,561.15}{489,208.13,562.15}{490,208.48,563.15}{491,208.84,564.15}{492,209.2,565.15}{493,209.55,566.15}{494,209.91,567.15}{495,210.27,568.15}{496,210.62,569.15}{497,210.98,570.15}{498,211.34,571.15}{499,211.69,572.15}{500,212.05,573.15}{501,212.4,574.15}{502,212.76,575.15}{503,213.12,576.15}{504,213.47,577.15}{505,213.83,578.15}{506,214.19,579.15}{507,214.55,580.15}{508,214.9,581.15}{509,215.26,582.15}{510,215.61,583.15}{511,215.97,584.15}{512,216.32,585.15}{513,216.68,586.15}{514,217.03,587.15}{515,217.39,588.15}{516,217.73,589.15}{517,218.08,590.15}{518,218.44,591.15}{519,218.79,592.15}{520,219.15,593.15}{521,219.5,594.15}{522,219.85,595.15}{523,220.21,596.15}{524,220.56,597.15}{525,220.91,598.15}{526,221.27,599.15}{527,221.62,600.15}{528,221.97,601.15}{529,222.32,602.15}{530,222.68,603.15}{531,223.03,604.15}{532,223.38,605.15}{533,223.73,606.15}{534,224.09,607.15}{535,224.45,608.15}{536,224.8,609.15}{537,225.15,610.15}{538,225.5,611.15}{539,225.85,612.15}{540,226.21,613.15}{541,226.56,614.15}{542,226.91,615.15}{543,227.26,616.15}{544,227.61,617.15}{545,227.96,618.15}{546,228.31,619.15}{547,228.66,620.15}{548,229.01,621.15}{549,229.36,622.15}{550,229.72,623.15}{551,230.07,624.15}{552,230.42,625.15}{553,230.77,626.15}{554,231.12,627.15}{555,231.47,628.15}{556,231.81,629.15}{557,232.16,630.15}{558,232.51,631.15}{559,232.86,632.15}{560,233.21,633.15}{561,233.56,634.15}{562,233.91,635.15}{563,234.26,636.15}{564,234.6,637.15}{565,234.95,638.15}{566,235.3,639.15}{567,235.65,640.15}{568,236,641.15}{569,236.35,642.15}{570,236.7,643.15}{571,237.05,644.15}{572,237.4,645.15}{573,237.75,646.15}{574,238.09,647.15}{575,238.44,648.15}{576,238.79,649.15}{577,239.14,650.15}{578,239.48,651.15}{579,239.83,652.15}{580,240.18,653.15}{581,240.52,654.15}{582,240.87,655.15}{583,241.22,656.15}{584,241.56,657.15}{585,241.91,658.15}{586,242.25,659.15}{587,242.6,660.15}{588,242.95,661.15}{589,243.29,662.15}{590,243.64,663.15}{591,243.98,664.15}{592,244.33,665.15}{593,244.67,666.15}{594,245.02,667.15}{595,245.36,668.15}{596,245.71,669.15}{597,246.05,670.15}{598,246.4,671.15}{599,246.74,672.15}{600,247.09,673.15}{601,247.43,674.15}{602,247.78,675.15}{603,248.12,676.15}{604,248.46,677.15}{605,248.81,678.15}{606,249.15,679.15}{607,249.5,680.15}{608,249.84,681.15}{609,250.18,682.15}{610,250.53,683.15}{611,250.89,684.15}{612,251.21,685.15}{613,251.55,686.15}{614,251.9,687.15}{615,252.24,688.15}{616,252.59,689.15}{617,252.94,690.15}{618,253.28,691.15}{619,253.62,692.15}{620,253.96,693.15}{621,254.3,694.15}{622,254.65,695.15}{623,254.99,696.15}{624,255.33,697.15}{625,255.67,698.15}{626,256.01,699.15}{627,256.35,700.15}{628,256.7,701.15}{629,257.04,702.15}{630,257.38,703.15}{631,257.72,704.15}{632,258.06,705.15}{633,258.4,706.15}{634,258.74,707.15}{635,259.08,708.15}{636,259.42,709.15}{637,259.76,710.15}{638,260.1,711.15}{639,260.44,712.15}{640,260.78,713.15}{641,261.12,714.15}{642,261.46,715.15}{643,261.8,716.15}{644,262.14,717.15}{645,262.48,718.15}{646,262.83,719.15}{647,263.17,720.15}{648,263.5,721.15}{649,263.84,722.15}{650,264.18,723.15}{651,264.52,724.15}{652,264.86,725.15}{653,265.2,726.15}{654,265.54,727.15}{655,265.87,728.15}{656,266.21,729.15}{657,266.55,730.15}{658,266.89,731.15}{659,267.22,732.15}{660,267.56,733.15}{661,267.9,734.15}{662,268.24,735.15}{663,268.57,736.15}{664,268.91,737.15}{665,269.25,738.15}{666,269.58,739.15}{667,269.92,740.15}{668,270.26,741.15}{669,270.59,742.15}{670,270.93,743.15}{671,271.27,744.15}{672,271.6,745.15}{673,271.94,746.15}{674,272.27,747.15}{675,272.61,748.15}{676,272.95,749.15}{677,273.28,750.15}{678,273.62,751.15}{679,273.95,752.15}{680,274.29,753.15}{681,274.62,754.15}{682,274.96,755.15}{683,275.29,756.15}{684,275.63,757.15}{685,275.96,758.15}{686,276.31,759.15}{687,276.64,760.15}{688,276.97,761.15}{689,277.31,762.15}{690,277.64,763.15}{691,277.98,764.15}{692,278.31,765.15}{693,278.64,766.15}{694,278.98,767.15}{695,279.31,768.15}{696,279.64,769.15}{697,279.98,770.15}{698,280.31,771.15}{699,280.64,772.15}{700,280.98,773.15}{701,281.31,774.15}{702,281.64,775.15}{703,281.97,776.15}{704,282.31,777.15}{705,282.64,778.15}{706,282.97,779.15}{707,283.3,780.15}{708,283.63,781.15}{709,283.97,782.15}{710,284.3,783.15}{711,284.63,784.15}{712,284.96,785.15}{713,285.29,786.15}{714,285.62,787.15}{715,285.95,788.15}{716,286.3,789.15}{717,286.63,790.15}{718,286.96,791.15}{719,287.29,792.15}{720,287.62,793.15}{721,287.95,794.15}{722,288.28,795.15}{723,288.61,796.15}{724,288.94,797.15}{725,289.27,798.15}{726,289.6,799.15}{727,289.93,800.15}{728,290.26,801.15}{729,290.59,802.15}{730,290.92,803.15}{731,291.25,804.15}{732,291.58,805.15}{733,291.9,806.15}{734,292.23,807.15}{735,292.56,808.15}{736,292.9,809.15}{737,293.23,810.15}{738,293.56,811.15}{739,293.89,812.15}{740,294.21,813.15}{741,294.54,814.15}{742,294.87,815.15}{743,295.2,816.15}{744,295.53,817.15}{745,295.85,818.15}{746,296.18,819.15}{747,296.51,820.15}{748,296.84,821.15}{749,297.16,822.15}{750,297.49,823.15}{751,297.82,824.15}{752,298.14,825.15}{753,298.47,826.15}{754,298.8,827.15}{755,299.12,828.15}{756,299.45,829.15}{757,299.78,830.15}{758,300.1,831.15}{759,300.43,832.15}{760,300.75,833.15}{761,301.08,834.15}{762,301.41,835.15}{763,301.73,836.15}{764,302.06,837.15}{765,302.38,838.15}{766,302.71,839.15}{767,303.03,840.15}{768,303.36,841.15}{769,303.68,842.15}{770,304.01,843.15}{771,304.33,844.15}{772,304.66,845.15}{773,304.98,846.15}{774,305.3,847.15}{775,305.63,848.15}{776,305.95,849.15}{777,306.28,850.15}{778,306.6,851.15}{779,306.92,852.15}{780,307.25,853.15}{781,307.57,854.15}{782,307.89,855.15}{783,308.22,856.15}{784,308.54,857.15}{785,308.86,858.15}{786,309.19,859.15}{787,309.51,860.15}{788,309.83,861.15}{789,310.15,862.15}{790,310.48,863.15}{791,310.8,864.15}{792,311.12,865.15}{793,311.45,866.15}{794,311.78,867.15}{795,312.1,868.15}{796,312.43,869.15}{797,312.75,870.15}{798,313.07,871.15}{799,313.39,872.15}{800,313.71,873.15}{801,314.04,874.15}{802,314.36,875.15}{803,314.68,876.15}{804,315,877.15}{805,315.32,878.15}{806,315.64,879.15}{807,315.96,880.15}{808,316.28,881.15}{809,316.6,882.15}{810,316.92,883.15}{811,317.24,884.15}{812,317.56,885.15}{813,317.88,886.15}{814,318.2,887.15}{815,318.52,888.15}{816,318.85,889.15}{817,319.17,890.15}{818,319.49,891.15}{819,319.81,892.15}{820,320.12,893.15}{821,320.44,894.15}{822,320.76,895.15}{823,321.08,896.15}{824,321.4,897.15}{825,321.72,898.15}{826,322.03,899.15}{827,322.34,900.15}{828,322.66,901.15}{829,322.98,902.15}{830,323.3,903.15}{831,323.61,904.15}{832,323.93,905.15}{833,324.25,906.15}{834,324.57,907.15}{835,324.88,908.15}{836,325.21,909.15}{837,325.53,910.15}{838,325.85,911.15}{839,326.16,912.15}{840,326.48,913.15}{841,326.79,914.15}{842,327.11,915.15}{843,327.43,916.15}{844,327.74,917.15}{845,328.06,918.15}{846,328.38,919.15}{847,328.69,920.15}{848,329.01,921.15}{849,329.32,922.15}{850,329.64,923.15}{851,329.95,924.15}{852,330.27,925.15}{853,330.58,926.15}{854,330.9,927.15}{855,331.21,928.15}{856,331.53,929.15}{857,331.84,930.15}{858,332.16,931.15}{859,332.47,932.15}{860,332.79,933.15}{861,333.1,934.15}{862,333.41,935.15}{863,333.73,936.15}{864,334.04,937.15}{865,334.36,938.15}{866,334.68,939.15}{867,334.99,940.15}{868,335.31,941.15}{869,335.62,942.15}{870,335.93,943.15}{871,336.25,944.15}{872,336.56,945.15}{873,336.87,946.15}{874,337.18,947.15}{875,337.5,948.15}{876,337.81,949.15}{877,338.12,950.15}{878,338.43,951.15}{879,338.75,952.15}{880,339.06,953.15}{881,339.37,954.15}{882,339.68,955.15}{883,339.99,956.15}{884,340.3,957.15}{885,340.62,958.15}{886,340.94,959.15}{887,341.25,960.15}{888,341.55,961.15}{889,341.87,962.15}{890,342.18,963.15}{891,342.49,964.15}{892,342.8,965.15}{893,343.11,966.15}{894,343.42,967.15}{895,343.73,968.15}{896,344.04,969.15}{897,344.35,970.15}{898,344.66,971.15}{899,344.97,972.15}{900,345.28,973.15}{901,345.59,974.15}{902,345.9,975.15}{903,346.21,976.15}{904,346.52,977.15}{905,346.83,978.15}{906,347.15,979.15}{907,347.46,980.15}{908,347.76,981.15}{909,348.07,982.15}{910,348.38,983.15}{911,348.69,984.15}{912,349,985.15}{913,349.31,986.15}{914,349.61,987.15}{915,349.92,988.15}{916,350.23,989.15}{917,350.54,990.15}{918,350.85,991.15}{919,351.15,992.15}{920,351.46,993.15}{921,351.77,994.15}{922,352.07,995.15}{923,352.38,996.15}{924,352.69,997.15}{925,352.99,998.15}{926,353.3,999.15}{927,353.61,1000.15}{928,353.91,1001.15}{929,354.22,1002.15}{930,354.53,1003.15}{931,354.83,1004.15}{932,355.14,1005.15}{933,355.44,1006.15}{934,355.75,1007.15}{935,356.06,1008.15}{936,356.37,1009.15}{937,356.68,1010.15}{938,356.98,1011.15}{939,357.29,1012.15}{940,357.59,1013.15}{941,357.9,1014.15}{942,358.2,1015.15}{943,358.51,1016.15}{944,358.81,1017.15}{945,359.12,1018.15}{946,359.42,1019.15}{947,359.72,1020.15}{948,360.03,1021.15}{949,360.33,1022.15}{950,360.64,1023.15}{951,360.94,1024.15}{952,361.24,1025.15}{953,361.55,1026.15}{954,361.85,1027.15}{955,362.15,1028.15}{956,362.46,1029.15}{957,362.76,1030.15}{958,363.06,1031.15}{959,363.36,1032.15}{960,363.67,1033.15}{961,363.97,1034.15}{962,364.27,1035.15}{963,364.57,1036.15}{964,364.88,1037.15}{965,365.18,1038.15}{966,365.49,1039.15}{967,365.79,1040.15}{968,366.09,1041.15}{969,366.4,1042.15}{970,366.7,1043.15}{971,367,1044.15}{972,367.3,1045.15}{973,367.6,1046.15}{974,367.9,1047.15}{975,368.2,1048.15}{976,368.5,1049.15}{977,368.81,1050.15}{978,369.11,1051.15}{979,369.41,1052.15}{980,369.71,1053.15}{981,370.01,1054.15}{982,370.31,1055.15}{983,370.61,1056.15}{984,370.91,1057.15}{985,371.21,1058.15}{986,371.52,1059.15}{987,371.82,1060.15}{988,372.12,1061.15}{989,372.41,1062.15}{990,372.71,1063.15}{991,373.01,1064.15}{992,373.31,1065.15}{993,373.61,1066.15}{994,373.91,1067.15}{995,374.21,1068.15}{996,374.51,1069.15}{997,374.8,1070.15}{998,375.1,1071.15}{999,375.4,1072.15}{1000,375.7,1073.15}{1001,376,1074.15}{1002,376.29,1075.15}{1003,376.59,1076.15}{1004,376.89,1077.15}{1005,377.19,1078.15}{1006,377.49,1079.15}{1007,377.79,1080.15}{1008,378.09,1081.15}{1009,378.39,1082.15}{1010,378.68,1083.15}{1011,378.98,1084.15}{1012,379.28,1085.15}{1013,379.57,1086.15}{1014,379.87,1087.15}{1015,380.17,1088.15}{1016,380.46,1089.15}{1017,380.76,1090.15}{1018,381.05,1091.15}{1019,381.35,1092.15}{1020,381.65,1093.15}{1021,381.94,1094.15}{1022,382.24,1095.15}{1023,382.53,1096.15}{1024,382.83,1097.15}{1025,383.12,1098.15}{1026,383.42,1099.15}{1027,383.71,1100.15}{1028,384.01,1101.15}{1029,384.3,1102.15}{1030,384.6,1103.15}{1031,384.89,1104.15}{1032,385.18,1105.15}{1033,385.48,1106.15}{1034,385.77,1107.15}{1035,386.07,1108.15}{1036,386.37,1109.15}{1037,386.66,1110.15}{1038,386.96,1111.15}{1039,387.25,1112.15}{1040,387.55,1113.15}{1041,387.84,1114.15}{1042,388.13,1115.15}{1043,388.42,1116.15}{1044,388.72,1117.15}{1045,389.01,1118.15}{1046,389.31,1119.15}{1047,389.61,1120.15}{1048,389.9,1121.15}{1049,390.19,1122.15}{1050,390.48,1123.15}&quot;"/>
                                                <instance name="dev01/Config/ch00007/Calibration_Sensor_Table_Type" order="2" value="1"/>
                                                <instance name="dev01/Config/ch00003/Calibration_Sensor_Maximum_Range" order="0" value="1123.15"/>
                                                <instance name="dev02/Config/ch00002/RTDRange" order="0" value="1"/>
                                                <instance name="dev01/Config/ch00002/Calibration_Sensor_Name" order="0" value="CalSensor2"/>
                                                <instance name="dev01/Config/ch00008/Calibration_Sensor_Table_Type" order="2" value="1"/>
                                                <instance name="dev01/Config/ch00006/Calibration_Sensor_Name" order="0" value="CalSensor6"/>
                                                <instance name="dev01/Config/ch00012/Calibration_Sensor_Table_Type" order="2" value="1"/>
                                                <instance name="dev02/Config/ch00009/rate" order="0" value="10"/>
                                                <instance name="dev02/Config/ch00001/Calibration_Sensor_Table_Type" order="2" value="1"/>
                                                <instance name="dev02/Config/ch00002/Calibration_Sensor_Table_Type" order="2" value="1"/>
                                                <instance name="dev02/Config/ch00001/rate" order="0" value="10"/>
                                                <instance name="dev01/Config/ch00008/Calibration_Sensor_Curve" order="0" value="&quot;{0,18.52,73.15}{1,18.96,74.15}{2,19.39,75.15}{3,19.82,76.15}{4,20.25,77.15}{5,20.68,78.15}{6,21.11,79.15}{7,21.54,80.15}{8,21.97,81.15}{9,22.4,82.15}{10,22.83,83.15}{11,23.26,84.15}{12,23.69,85.15}{13,24.12,86.15}{14,24.55,87.15}{15,24.97,88.15}{16,25.39,89.15}{17,25.82,90.15}{18,26.25,91.15}{19,26.67,92.15}{20,27.1,93.15}{21,27.52,94.15}{22,27.95,95.15}{23,28.37,96.15}{24,28.8,97.15}{25,29.22,98.15}{26,29.65,99.15}{27,30.07,100.15}{28,30.49,101.15}{29,30.92,102.15}{30,31.34,103.15}{31,31.76,104.15}{32,32.18,105.15}{33,32.61,106.15}{34,33.03,107.15}{35,33.45,108.15}{36,33.86,109.15}{37,34.28,110.15}{38,34.7,111.15}{39,35.12,112.15}{40,35.54,113.15}{41,35.96,114.15}{42,36.38,115.15}{43,36.8,116.15}{44,37.22,117.15}{45,37.63,118.15}{46,38.05,119.15}{47,38.47,120.15}{48,38.89,121.15}{49,39.31,122.15}{50,39.72,123.15}{51,40.14,124.15}{52,40.56,125.15}{53,40.97,126.15}{54,41.39,127.15}{55,41.8,128.15}{56,42.22,129.15}{57,42.64,130.15}{58,43.05,131.15}{59,43.46,132.15}{60,43.88,133.15}{61,44.29,134.15}{62,44.71,135.15}{63,45.12,136.15}{64,45.53,137.15}{65,45.95,138.15}{66,46.35,139.15}{67,46.76,140.15}{68,47.18,141.15}{69,47.59,142.15}{70,48,143.15}{71,48.41,144.15}{72,48.82,145.15}{73,49.23,146.15}{74,49.64,147.15}{75,50.06,148.15}{76,50.47,149.15}{77,50.88,150.15}{78,51.29,151.15}{79,51.7,152.15}{80,52.11,153.15}{81,52.52,154.15}{82,52.92,155.15}{83,53.33,156.15}{84,53.74,157.15}{85,54.15,158.15}{86,54.56,159.15}{87,54.97,160.15}{88,55.38,161.15}{89,55.78,162.15}{90,56.19,163.15}{91,56.6,164.15}{92,57,165.15}{93,57.41,166.15}{94,57.82,167.15}{95,58.22,168.15}{96,58.63,169.15}{97,59.04,170.15}{98,59.44,171.15}{99,59.85,172.15}{100,60.26,173.15}{101,60.67,174.15}{102,61.07,175.15}{103,61.48,176.15}{104,61.87,177.15}{105,62.29,178.15}{106,62.69,179.15}{107,63.1,180.15}{108,63.5,181.15}{109,63.91,182.15}{110,64.3,183.15}{111,64.7,184.15}{112,65.11,185.15}{113,65.51,186.15}{114,65.91,187.15}{115,66.31,188.15}{116,66.72,189.15}{117,67.12,190.15}{118,67.52,191.15}{119,67.92,192.15}{120,68.33,193.15}{121,68.73,194.15}{122,69.13,195.15}{123,69.53,196.15}{124,69.93,197.15}{125,70.33,198.15}{126,70.73,199.15}{127,71.13,200.15}{128,71.53,201.15}{129,71.93,202.15}{130,72.33,203.15}{131,72.73,204.15}{132,73.13,205.15}{133,73.53,206.15}{134,73.93,207.15}{135,74.33,208.15}{136,74.73,209.15}{137,75.13,210.15}{138,75.53,211.15}{139,75.93,212.15}{140,76.33,213.15}{141,76.73,214.15}{142,77.13,215.15}{143,77.52,216.15}{144,77.92,217.15}{145,78.32,218.15}{146,78.72,219.15}{147,79.11,220.15}{148,79.51,221.15}{149,79.91,222.15}{150,80.31,223.15}{151,80.7,224.15}{152,81.1,225.15}{153,81.5,226.15}{154,81.89,227.15}{155,82.29,228.15}{156,82.69,229.15}{157,83.08,230.15}{158,83.48,231.15}{159,83.88,232.15}{160,84.27,233.15}{161,84.67,234.15}{162,85.06,235.15}{163,85.46,236.15}{164,85.85,237.15}{165,86.25,238.15}{166,86.64,239.15}{167,87.04,240.15}{168,87.43,241.15}{169,87.83,242.15}{170,88.22,243.15}{171,88.62,244.15}{172,89.01,245.15}{173,89.4,246.15}{174,89.8,247.15}{175,90.19,248.15}{176,90.59,249.15}{177,90.98,250.15}{178,91.37,251.15}{179,91.77,252.15}{180,92.16,253.15}{181,92.55,254.15}{182,92.95,255.15}{183,93.34,256.15}{184,93.73,257.15}{185,94.12,258.15}{186,94.52,259.15}{187,94.91,260.15}{188,95.3,261.15}{189,95.69,262.15}{190,96.09,263.15}{191,96.48,264.15}{192,96.87,265.15}{193,97.26,266.15}{194,97.65,267.15}{195,98.04,268.15}{196,98.44,269.15}{197,98.83,270.15}{198,99.22,271.15}{199,99.61,272.15}{200,100,273.15}{201,100.39,274.15}{202,100.78,275.15}{203,101.17,276.15}{204,101.56,277.15}{205,101.95,278.15}{206,102.34,279.15}{207,102.73,280.15}{208,103.12,281.15}{209,103.51,282.15}{210,103.9,283.15}{211,104.29,284.15}{212,104.68,285.15}{213,105.07,286.15}{214,105.46,287.15}{215,105.85,288.15}{216,106.24,289.15}{217,106.63,290.15}{218,107.02,291.15}{219,107.4,292.15}{220,107.79,293.15}{221,108.18,294.15}{222,108.57,295.15}{223,108.96,296.15}{224,109.35,297.15}{225,109.73,298.15}{226,110.12,299.15}{227,110.51,300.15}{228,110.9,301.15}{229,111.28,302.15}{230,111.67,303.15}{231,112.06,304.15}{232,112.45,305.15}{233,112.83,306.15}{234,113.22,307.15}{235,113.61,308.15}{236,113.99,309.15}{237,114.38,310.15}{238,114.77,311.15}{239,115.15,312.15}{240,115.54,313.15}{241,115.93,314.15}{242,116.31,315.15}{243,116.7,316.15}{244,117.08,317.15}{245,117.47,318.15}{246,117.85,319.15}{247,118.24,320.15}{248,118.62,321.15}{249,119.01,322.15}{250,119.4,323.15}{251,119.78,324.15}{252,120.16,325.15}{253,120.55,326.15}{254,120.93,327.15}{255,121.32,328.15}{256,121.7,329.15}{257,122.09,330.15}{258,122.47,331.15}{259,122.86,332.15}{260,123.24,333.15}{261,123.62,334.15}{262,124.01,335.15}{263,124.39,336.15}{264,124.77,337.15}{265,125.17,338.15}{266,125.55,339.15}{267,125.93,340.15}{268,126.32,341.15}{269,126.7,342.15}{270,127.08,343.15}{271,127.46,344.15}{272,127.85,345.15}{273,128.23,346.15}{274,128.61,347.15}{275,128.99,348.15}{276,129.38,349.15}{277,129.76,350.15}{278,130.14,351.15}{279,130.52,352.15}{280,130.9,353.15}{281,131.28,354.15}{282,131.67,355.15}{283,132.05,356.15}{284,132.43,357.15}{285,132.81,358.15}{286,133.19,359.15}{287,133.57,360.15}{288,133.95,361.15}{289,134.33,362.15}{290,134.71,363.15}{291,135.09,364.15}{292,135.47,365.15}{293,135.85,366.15}{294,136.23,367.15}{295,136.61,368.15}{296,136.99,369.15}{297,137.37,370.15}{298,137.75,371.15}{299,138.13,372.15}{300,138.51,373.15}{301,138.89,374.15}{302,139.27,375.15}{303,139.65,376.15}{304,140.03,377.15}{305,140.39,378.15}{306,140.77,379.15}{307,141.15,380.15}{308,141.53,381.15}{309,141.91,382.15}{310,142.29,383.15}{311,142.66,384.15}{312,143.04,385.15}{313,143.42,386.15}{314,143.8,387.15}{315,144.18,388.15}{316,144.56,389.15}{317,144.94,390.15}{318,145.32,391.15}{319,145.69,392.15}{320,146.07,393.15}{321,146.45,394.15}{322,146.82,395.15}{323,147.2,396.15}{324,147.58,397.15}{325,147.95,398.15}{326,148.33,399.15}{327,148.71,400.15}{328,149.08,401.15}{329,149.46,402.15}{330,149.83,403.15}{331,150.21,404.15}{332,150.58,405.15}{333,150.96,406.15}{334,151.34,407.15}{335,151.71,408.15}{336,152.09,409.15}{337,152.46,410.15}{338,152.84,411.15}{339,153.21,412.15}{340,153.58,413.15}{341,153.95,414.15}{342,154.32,415.15}{343,154.71,416.15}{344,155.08,417.15}{345,155.46,418.15}{346,155.83,419.15}{347,156.21,420.15}{348,156.58,421.15}{349,156.96,422.15}{350,157.33,423.15}{351,157.71,424.15}{352,158.08,425.15}{353,158.45,426.15}{354,158.83,427.15}{355,159.2,428.15}{356,159.56,429.15}{357,159.94,430.15}{358,160.31,431.15}{359,160.68,432.15}{360,161.05,433.15}{361,161.43,434.15}{362,161.8,435.15}{363,162.17,436.15}{364,162.54,437.15}{365,162.91,438.15}{366,163.28,439.15}{367,163.66,440.15}{368,164.03,441.15}{369,164.4,442.15}{370,164.77,443.15}{371,165.14,444.15}{372,165.51,445.15}{373,165.88,446.15}{374,166.25,447.15}{375,166.62,448.15}{376,167,449.15}{377,167.37,450.15}{378,167.74,451.15}{379,168.11,452.15}{380,168.48,453.15}{381,168.85,454.15}{382,169.22,455.15}{383,169.59,456.15}{384,169.96,457.15}{385,170.33,458.15}{386,170.69,459.15}{387,171.06,460.15}{388,171.43,461.15}{389,171.8,462.15}{390,172.17,463.15}{391,172.54,464.15}{392,172.91,465.15}{393,173.27,466.15}{394,173.64,467.15}{395,174.01,468.15}{396,174.39,469.15}{397,174.75,470.15}{398,175.12,471.15}{399,175.49,472.15}{400,175.86,473.15}{401,176.23,474.15}{402,176.59,475.15}{403,176.96,476.15}{404,177.33,477.15}{405,177.7,478.15}{406,178.06,479.15}{407,178.43,480.15}{408,178.8,481.15}{409,179.16,482.15}{410,179.53,483.15}{411,179.9,484.15}{412,180.26,485.15}{413,180.63,486.15}{414,180.99,487.15}{415,181.36,488.15}{416,181.73,489.15}{417,182.09,490.15}{418,182.46,491.15}{419,182.82,492.15}{420,183.19,493.15}{421,183.55,494.15}{422,183.92,495.15}{423,184.28,496.15}{424,184.65,497.15}{425,185.01,498.15}{426,185.38,499.15}{427,185.74,500.15}{428,186.11,501.15}{429,186.47,502.15}{430,186.84,503.15}{431,187.2,504.15}{432,187.56,505.15}{433,187.93,506.15}{434,188.29,507.15}{435,188.65,508.15}{436,189.02,509.15}{437,189.38,510.15}{438,189.74,511.15}{439,190.11,512.15}{440,190.47,513.15}{441,190.83,514.15}{442,191.2,515.15}{443,191.56,516.15}{444,191.92,517.15}{445,192.28,518.15}{446,192.66,519.15}{447,193.02,520.15}{448,193.38,521.15}{449,193.74,522.15}{450,194.1,523.15}{451,194.47,524.15}{452,194.83,525.15}{453,195.19,526.15}{454,195.55,527.15}{455,195.9,528.15}{456,196.26,529.15}{457,196.62,530.15}{458,196.98,531.15}{459,197.35,532.15}{460,197.71,533.15}{461,198.07,534.15}{462,198.43,535.15}{463,198.79,536.15}{464,199.15,537.15}{465,199.51,538.15}{466,199.87,539.15}{467,200.23,540.15}{468,200.59,541.15}{469,200.95,542.15}{470,201.31,543.15}{471,201.67,544.15}{472,202.03,545.15}{473,202.38,546.15}{474,202.74,547.15}{475,203.1,548.15}{476,203.46,549.15}{477,203.82,550.15}{478,204.18,551.15}{479,204.54,552.15}{480,204.9,553.15}{481,205.25,554.15}{482,205.61,555.15}{483,205.97,556.15}{484,206.33,557.15}{485,206.7,558.15}{486,207.05,559.15}{487,207.41,560.15}{488,207.77,561.15}{489,208.13,562.15}{490,208.48,563.15}{491,208.84,564.15}{492,209.2,565.15}{493,209.55,566.15}{494,209.91,567.15}{495,210.27,568.15}{496,210.62,569.15}{497,210.98,570.15}{498,211.34,571.15}{499,211.69,572.15}{500,212.05,573.15}{501,212.4,574.15}{502,212.76,575.15}{503,213.12,576.15}{504,213.47,577.15}{505,213.83,578.15}{506,214.19,579.15}{507,214.55,580.15}{508,214.9,581.15}{509,215.26,582.15}{510,215.61,583.15}{511,215.97,584.15}{512,216.32,585.15}{513,216.68,586.15}{514,217.03,587.15}{515,217.39,588.15}{516,217.73,589.15}{517,218.08,590.15}{518,218.44,591.15}{519,218.79,592.15}{520,219.15,593.15}{521,219.5,594.15}{522,219.85,595.15}{523,220.21,596.15}{524,220.56,597.15}{525,220.91,598.15}{526,221.27,599.15}{527,221.62,600.15}{528,221.97,601.15}{529,222.32,602.15}{530,222.68,603.15}{531,223.03,604.15}{532,223.38,605.15}{533,223.73,606.15}{534,224.09,607.15}{535,224.45,608.15}{536,224.8,609.15}{537,225.15,610.15}{538,225.5,611.15}{539,225.85,612.15}{540,226.21,613.15}{541,226.56,614.15}{542,226.91,615.15}{543,227.26,616.15}{544,227.61,617.15}{545,227.96,618.15}{546,228.31,619.15}{547,228.66,620.15}{548,229.01,621.15}{549,229.36,622.15}{550,229.72,623.15}{551,230.07,624.15}{552,230.42,625.15}{553,230.77,626.15}{554,231.12,627.15}{555,231.47,628.15}{556,231.81,629.15}{557,232.16,630.15}{558,232.51,631.15}{559,232.86,632.15}{560,233.21,633.15}{561,233.56,634.15}{562,233.91,635.15}{563,234.26,636.15}{564,234.6,637.15}{565,234.95,638.15}{566,235.3,639.15}{567,235.65,640.15}{568,236,641.15}{569,236.35,642.15}{570,236.7,643.15}{571,237.05,644.15}{572,237.4,645.15}{573,237.75,646.15}{574,238.09,647.15}{575,238.44,648.15}{576,238.79,649.15}{577,239.14,650.15}{578,239.48,651.15}{579,239.83,652.15}{580,240.18,653.15}{581,240.52,654.15}{582,240.87,655.15}{583,241.22,656.15}{584,241.56,657.15}{585,241.91,658.15}{586,242.25,659.15}{587,242.6,660.15}{588,242.95,661.15}{589,243.29,662.15}{590,243.64,663.15}{591,243.98,664.15}{592,244.33,665.15}{593,244.67,666.15}{594,245.02,667.15}{595,245.36,668.15}{596,245.71,669.15}{597,246.05,670.15}{598,246.4,671.15}{599,246.74,672.15}{600,247.09,673.15}{601,247.43,674.15}{602,247.78,675.15}{603,248.12,676.15}{604,248.46,677.15}{605,248.81,678.15}{606,249.15,679.15}{607,249.5,680.15}{608,249.84,681.15}{609,250.18,682.15}{610,250.53,683.15}{611,250.89,684.15}{612,251.21,685.15}{613,251.55,686.15}{614,251.9,687.15}{615,252.24,688.15}{616,252.59,689.15}{617,252.94,690.15}{618,253.28,691.15}{619,253.62,692.15}{620,253.96,693.15}{621,254.3,694.15}{622,254.65,695.15}{623,254.99,696.15}{624,255.33,697.15}{625,255.67,698.15}{626,256.01,699.15}{627,256.35,700.15}{628,256.7,701.15}{629,257.04,702.15}{630,257.38,703.15}{631,257.72,704.15}{632,258.06,705.15}{633,258.4,706.15}{634,258.74,707.15}{635,259.08,708.15}{636,259.42,709.15}{637,259.76,710.15}{638,260.1,711.15}{639,260.44,712.15}{640,260.78,713.15}{641,261.12,714.15}{642,261.46,715.15}{643,261.8,716.15}{644,262.14,717.15}{645,262.48,718.15}{646,262.83,719.15}{647,263.17,720.15}{648,263.5,721.15}{649,263.84,722.15}{650,264.18,723.15}{651,264.52,724.15}{652,264.86,725.15}{653,265.2,726.15}{654,265.54,727.15}{655,265.87,728.15}{656,266.21,729.15}{657,266.55,730.15}{658,266.89,731.15}{659,267.22,732.15}{660,267.56,733.15}{661,267.9,734.15}{662,268.24,735.15}{663,268.57,736.15}{664,268.91,737.15}{665,269.25,738.15}{666,269.58,739.15}{667,269.92,740.15}{668,270.26,741.15}{669,270.59,742.15}{670,270.93,743.15}{671,271.27,744.15}{672,271.6,745.15}{673,271.94,746.15}{674,272.27,747.15}{675,272.61,748.15}{676,272.95,749.15}{677,273.28,750.15}{678,273.62,751.15}{679,273.95,752.15}{680,274.29,753.15}{681,274.62,754.15}{682,274.96,755.15}{683,275.29,756.15}{684,275.63,757.15}{685,275.96,758.15}{686,276.31,759.15}{687,276.64,760.15}{688,276.97,761.15}{689,277.31,762.15}{690,277.64,763.15}{691,277.98,764.15}{692,278.31,765.15}{693,278.64,766.15}{694,278.98,767.15}{695,279.31,768.15}{696,279.64,769.15}{697,279.98,770.15}{698,280.31,771.15}{699,280.64,772.15}{700,280.98,773.15}{701,281.31,774.15}{702,281.64,775.15}{703,281.97,776.15}{704,282.31,777.15}{705,282.64,778.15}{706,282.97,779.15}{707,283.3,780.15}{708,283.63,781.15}{709,283.97,782.15}{710,284.3,783.15}{711,284.63,784.15}{712,284.96,785.15}{713,285.29,786.15}{714,285.62,787.15}{715,285.95,788.15}{716,286.3,789.15}{717,286.63,790.15}{718,286.96,791.15}{719,287.29,792.15}{720,287.62,793.15}{721,287.95,794.15}{722,288.28,795.15}{723,288.61,796.15}{724,288.94,797.15}{725,289.27,798.15}{726,289.6,799.15}{727,289.93,800.15}{728,290.26,801.15}{729,290.59,802.15}{730,290.92,803.15}{731,291.25,804.15}{732,291.58,805.15}{733,291.9,806.15}{734,292.23,807.15}{735,292.56,808.15}{736,292.9,809.15}{737,293.23,810.15}{738,293.56,811.15}{739,293.89,812.15}{740,294.21,813.15}{741,294.54,814.15}{742,294.87,815.15}{743,295.2,816.15}{744,295.53,817.15}{745,295.85,818.15}{746,296.18,819.15}{747,296.51,820.15}{748,296.84,821.15}{749,297.16,822.15}{750,297.49,823.15}{751,297.82,824.15}{752,298.14,825.15}{753,298.47,826.15}{754,298.8,827.15}{755,299.12,828.15}{756,299.45,829.15}{757,299.78,830.15}{758,300.1,831.15}{759,300.43,832.15}{760,300.75,833.15}{761,301.08,834.15}{762,301.41,835.15}{763,301.73,836.15}{764,302.06,837.15}{765,302.38,838.15}{766,302.71,839.15}{767,303.03,840.15}{768,303.36,841.15}{769,303.68,842.15}{770,304.01,843.15}{771,304.33,844.15}{772,304.66,845.15}{773,304.98,846.15}{774,305.3,847.15}{775,305.63,848.15}{776,305.95,849.15}{777,306.28,850.15}{778,306.6,851.15}{779,306.92,852.15}{780,307.25,853.15}{781,307.57,854.15}{782,307.89,855.15}{783,308.22,856.15}{784,308.54,857.15}{785,308.86,858.15}{786,309.19,859.15}{787,309.51,860.15}{788,309.83,861.15}{789,310.15,862.15}{790,310.48,863.15}{791,310.8,864.15}{792,311.12,865.15}{793,311.45,866.15}{794,311.78,867.15}{795,312.1,868.15}{796,312.43,869.15}{797,312.75,870.15}{798,313.07,871.15}{799,313.39,872.15}{800,313.71,873.15}{801,314.04,874.15}{802,314.36,875.15}{803,314.68,876.15}{804,315,877.15}{805,315.32,878.15}{806,315.64,879.15}{807,315.96,880.15}{808,316.28,881.15}{809,316.6,882.15}{810,316.92,883.15}{811,317.24,884.15}{812,317.56,885.15}{813,317.88,886.15}{814,318.2,887.15}{815,318.52,888.15}{816,318.85,889.15}{817,319.17,890.15}{818,319.49,891.15}{819,319.81,892.15}{820,320.12,893.15}{821,320.44,894.15}{822,320.76,895.15}{823,321.08,896.15}{824,321.4,897.15}{825,321.72,898.15}{826,322.03,899.15}{827,322.34,900.15}{828,322.66,901.15}{829,322.98,902.15}{830,323.3,903.15}{831,323.61,904.15}{832,323.93,905.15}{833,324.25,906.15}{834,324.57,907.15}{835,324.88,908.15}{836,325.21,909.15}{837,325.53,910.15}{838,325.85,911.15}{839,326.16,912.15}{840,326.48,913.15}{841,326.79,914.15}{842,327.11,915.15}{843,327.43,916.15}{844,327.74,917.15}{845,328.06,918.15}{846,328.38,919.15}{847,328.69,920.15}{848,329.01,921.15}{849,329.32,922.15}{850,329.64,923.15}{851,329.95,924.15}{852,330.27,925.15}{853,330.58,926.15}{854,330.9,927.15}{855,331.21,928.15}{856,331.53,929.15}{857,331.84,930.15}{858,332.16,931.15}{859,332.47,932.15}{860,332.79,933.15}{861,333.1,934.15}{862,333.41,935.15}{863,333.73,936.15}{864,334.04,937.15}{865,334.36,938.15}{866,334.68,939.15}{867,334.99,940.15}{868,335.31,941.15}{869,335.62,942.15}{870,335.93,943.15}{871,336.25,944.15}{872,336.56,945.15}{873,336.87,946.15}{874,337.18,947.15}{875,337.5,948.15}{876,337.81,949.15}{877,338.12,950.15}{878,338.43,951.15}{879,338.75,952.15}{880,339.06,953.15}{881,339.37,954.15}{882,339.68,955.15}{883,339.99,956.15}{884,340.3,957.15}{885,340.62,958.15}{886,340.94,959.15}{887,341.25,960.15}{888,341.55,961.15}{889,341.87,962.15}{890,342.18,963.15}{891,342.49,964.15}{892,342.8,965.15}{893,343.11,966.15}{894,343.42,967.15}{895,343.73,968.15}{896,344.04,969.15}{897,344.35,970.15}{898,344.66,971.15}{899,344.97,972.15}{900,345.28,973.15}{901,345.59,974.15}{902,345.9,975.15}{903,346.21,976.15}{904,346.52,977.15}{905,346.83,978.15}{906,347.15,979.15}{907,347.46,980.15}{908,347.76,981.15}{909,348.07,982.15}{910,348.38,983.15}{911,348.69,984.15}{912,349,985.15}{913,349.31,986.15}{914,349.61,987.15}{915,349.92,988.15}{916,350.23,989.15}{917,350.54,990.15}{918,350.85,991.15}{919,351.15,992.15}{920,351.46,993.15}{921,351.77,994.15}{922,352.07,995.15}{923,352.38,996.15}{924,352.69,997.15}{925,352.99,998.15}{926,353.3,999.15}{927,353.61,1000.15}{928,353.91,1001.15}{929,354.22,1002.15}{930,354.53,1003.15}{931,354.83,1004.15}{932,355.14,1005.15}{933,355.44,1006.15}{934,355.75,1007.15}{935,356.06,1008.15}{936,356.37,1009.15}{937,356.68,1010.15}{938,356.98,1011.15}{939,357.29,1012.15}{940,357.59,1013.15}{941,357.9,1014.15}{942,358.2,1015.15}{943,358.51,1016.15}{944,358.81,1017.15}{945,359.12,1018.15}{946,359.42,1019.15}{947,359.72,1020.15}{948,360.03,1021.15}{949,360.33,1022.15}{950,360.64,1023.15}{951,360.94,1024.15}{952,361.24,1025.15}{953,361.55,1026.15}{954,361.85,1027.15}{955,362.15,1028.15}{956,362.46,1029.15}{957,362.76,1030.15}{958,363.06,1031.15}{959,363.36,1032.15}{960,363.67,1033.15}{961,363.97,1034.15}{962,364.27,1035.15}{963,364.57,1036.15}{964,364.88,1037.15}{965,365.18,1038.15}{966,365.49,1039.15}{967,365.79,1040.15}{968,366.09,1041.15}{969,366.4,1042.15}{970,366.7,1043.15}{971,367,1044.15}{972,367.3,1045.15}{973,367.6,1046.15}{974,367.9,1047.15}{975,368.2,1048.15}{976,368.5,1049.15}{977,368.81,1050.15}{978,369.11,1051.15}{979,369.41,1052.15}{980,369.71,1053.15}{981,370.01,1054.15}{982,370.31,1055.15}{983,370.61,1056.15}{984,370.91,1057.15}{985,371.21,1058.15}{986,371.52,1059.15}{987,371.82,1060.15}{988,372.12,1061.15}{989,372.41,1062.15}{990,372.71,1063.15}{991,373.01,1064.15}{992,373.31,1065.15}{993,373.61,1066.15}{994,373.91,1067.15}{995,374.21,1068.15}{996,374.51,1069.15}{997,374.8,1070.15}{998,375.1,1071.15}{999,375.4,1072.15}{1000,375.7,1073.15}{1001,376,1074.15}{1002,376.29,1075.15}{1003,376.59,1076.15}{1004,376.89,1077.15}{1005,377.19,1078.15}{1006,377.49,1079.15}{1007,377.79,1080.15}{1008,378.09,1081.15}{1009,378.39,1082.15}{1010,378.68,1083.15}{1011,378.98,1084.15}{1012,379.28,1085.15}{1013,379.57,1086.15}{1014,379.87,1087.15}{1015,380.17,1088.15}{1016,380.46,1089.15}{1017,380.76,1090.15}{1018,381.05,1091.15}{1019,381.35,1092.15}{1020,381.65,1093.15}{1021,381.94,1094.15}{1022,382.24,1095.15}{1023,382.53,1096.15}{1024,382.83,1097.15}{1025,383.12,1098.15}{1026,383.42,1099.15}{1027,383.71,1100.15}{1028,384.01,1101.15}{1029,384.3,1102.15}{1030,384.6,1103.15}{1031,384.89,1104.15}{1032,385.18,1105.15}{1033,385.48,1106.15}{1034,385.77,1107.15}{1035,386.07,1108.15}{1036,386.37,1109.15}{1037,386.66,1110.15}{1038,386.96,1111.15}{1039,387.25,1112.15}{1040,387.55,1113.15}{1041,387.84,1114.15}{1042,388.13,1115.15}{1043,388.42,1116.15}{1044,388.72,1117.15}{1045,389.01,1118.15}{1046,389.31,1119.15}{1047,389.61,1120.15}{1048,389.9,1121.15}{1049,390.19,1122.15}{1050,390.48,1123.15}&quot;"/>
                                                <instance name="dev02/Config/ch00003/Calibration_Sensor_Table_Type" order="2" value="1"/>
                                                <instance name="dev02/Config/ch00004/Calibration_Sensor_Table_Type" order="2" value="1"/>
                                                <instance name="dev01/Config/ch00003/Calibration_Sensor_Name" order="0" value="CalSensor3"/>
                                                <instance name="dev02/Config/ch00005/Calibration_Sensor_Table_Type" order="2" value="1"/>
                                                <instance name="dev01/Config/ch00006/Calibration_Sensor_Maximum_Range" order="0" value="1123.15"/>
                                                <instance name="dev02/Config/ch00010/rate" order="0" value="10"/>
                                                <instance name="dev02/Config/ch00011/rate" order="0" value="10"/>
                                                <instance name="dev02/Config/ch00012/rate" order="0" value="10"/>
                                                <instance name="dev01/Config/ch00001/LeadRes" order="0" value="0"/>
                                                <instance name="dev02/Config/ch00010/enable" order="1" value="1"/>
                                                <instance name="dev02/Config/ch00003/Calibration_Sensor_Calibration_Date" order="0" value="2020-01-01"/>
                                                <instance name="dev01/Config/ch00006/RTDRange" order="0" value="1"/>
                                                <instance name="dev01/Config/ch00005/enable" order="1" value="1"/>
                                                <instance name="dev01/Config/ch00001/Calibration_Sensor_Maximum_Range" order="0" value="1123.15"/>
                                                <instance name="dev01/Config/ch00002/LeadRes" order="0" value="0"/>
                                                <instance name="dev01/Config/ch00003/LeadRes" order="0" value="0"/>
                                                <instance name="dev02/Config/ch00005/Calibration_Sensor_Calibration_Date" order="0" value="2020-01-01"/>
                                                <instance name="dev01/Config/ch00012/Calibration_Sensor_Name" order="0" value="CalSensor12"/>
                                                <instance name="dev01/Config/ch00007/RTDRange" order="0" value="1"/>
                                                <instance name="dev02/Config/ch00008/enable" order="1" value="1"/>
                                                <instance name="dev01/Config/ch00004/LeadRes" order="0" value="0"/>
                                                <instance name="dev01/Config/ch00005/LeadRes" order="0" value="0"/>
                                                <instance name="dev01/Config/ch00006/LeadRes" order="0" value="0"/>
                                                <instance name="dev02/Config/ch00001/Calibration_Sensor_Maximum_Range" order="0" value="1123.15"/>
                                                <instance name="dev01/Config/ch00004/Calibration_Sensor_Name" order="0" value="CalSensor4"/>
                                                <instance name="dev02/Config/ch00003/RTDRange" order="0" value="1"/>
                                                <instance name="dev01/Config/ch00007/LeadRes" order="0" value="0"/>
                                                <instance name="dev02/Config/ch00005/RTDRange" order="0" value="1"/>
                                                <instance name="dev01/Config/ch00008/LeadRes" order="0" value="0"/>
                                                <instance name="dev01/Config/ch00012/LeadRes" order="0" value="0"/>
                                                <instance name="dev02/Config/ch00001/LeadRes" order="0" value="0"/>
                                                <instance name="dev02/Config/ch00002/LeadRes" order="0" value="0"/>
                                                <instance name="dev01/Config/ch00007/Calibration_Sensor_Maximum_Range" order="0" value="1123.15"/>
                                                <instance name="dev01/Config/ch00006/enable" order="1" value="1"/>
                                                <instance name="dev02/Config/ch00001/Calibration_Sensor_Name" order="0" value="CalSensor13"/>
                                                <instance name="dev02/Config/ch00001/Calibration_Sensor_Calibration_Date" order="0" value="2020-01-01"/>
                                                <instance name="dev01/Config/ch00001/Calibration_Sensor_Calibration_Date" order="0" value="2020-01-01"/>
                                                <instance name="dev02/Config/ch00006/Calibration_Sensor_Calibration_Date" order="0" value="2020-01-01"/>
                                                <instance name="dev02/Config/ch00006/Calibration_Sensor_Table_Type" order="2" value="1"/>
                                                <instance name="dev02/Config/ch00003/LeadRes" order="0" value="0"/>
                                                <instance name="dev02/Config/ch00009/enable" order="1" value="1"/>
                                                <instance name="dev02/Config/ch00004/LeadRes" order="0" value="0"/>
                                                <instance name="dev01/Config/ch00008/enable" order="1" value="1"/>
                                                <instance name="dev02/Config/ch00005/LeadRes" order="0" value="0"/>
                                                <instance name="dev02/Config/ch00006/LeadRes" order="0" value="0"/>
                                                <instance name="dev02/Config/ch00007/LeadRes" order="0" value="0"/>
                                            </attributes>
                                        </instance>
                                        <instance name="00219988" backbone-config-data="10,239.255.0.10,239.255.0.1,5" logicalid="UE219988" node-config-data="1.0,1.0,map,1.0,rtehost:6603/channelmap 1.0,1.0,attrv,1.0,rtehost:6603/UE219988">
                                            <attributes>
                                                <instance name="dev01/Config/ch00001/enable" order="1" value="1"/>
                                                <instance name="dev01/Config/ch00005/Calibration_Sensor_Output_Units" order="0" value="K"/>
                                                <instance name="dev01/Config/ch00008/Calibration_Sensor_Maximum_Range" order="0" value="1123.15"/>
                                                <instance name="dev02/Config/ch00007/enable" order="1" value="1"/>
                                                <instance name="dev02/Config/ch00012/LeadRes" order="0" value="0"/>
                                                <instance name="dev01/Config/ch00001/RTDRange" order="0" value="1"/>
                                                <instance name="dev02/Config/ch00007/Calibration_Sensor_Table_Type" order="2" value="1"/>
                                                <instance name="dev01/Config/ch00010/enable" order="1" value="1"/>
                                                <instance name="dev02/Config/ch00004/Calibration_Sensor_Name" order="0" value="CalSensor16"/>
                                                <instance name="dev02/Config/ch00006/RTDRange" order="0" value="1"/>
                                                <instance name="dev02/Config/ch00007/RTDRange" order="0" value="1"/>
                                                <instance name="dev02/Config/ch00012/RTDRange" order="0" value="1"/>
                                                <instance name="dev01/Config/ch00006/Calibration_Sensor_Output_Units" order="0" value="K"/>
                                                <instance name="dev01/Config/ch00001/RTDWireScheme" order="0" value="4"/>
                                                <instance name="dev01/Config/ch00001/Calibration_Sensor_Curve" order="0" value="&quot;{0,18.52,73.15}{1,18.96,74.15}{2,19.39,75.15}{3,19.82,76.15}{4,20.25,77.15}{5,20.68,78.15}{6,21.11,79.15}{7,21.54,80.15}{8,21.97,81.15}{9,22.4,82.15}{10,22.83,83.15}{11,23.26,84.15}{12,23.69,85.15}{13,24.12,86.15}{14,24.55,87.15}{15,24.97,88.15}{16,25.39,89.15}{17,25.82,90.15}{18,26.25,91.15}{19,26.67,92.15}{20,27.1,93.15}{21,27.52,94.15}{22,27.95,95.15}{23,28.37,96.15}{24,28.8,97.15}{25,29.22,98.15}{26,29.65,99.15}{27,30.07,100.15}{28,30.49,101.15}{29,30.92,102.15}{30,31.34,103.15}{31,31.76,104.15}{32,32.18,105.15}{33,32.61,106.15}{34,33.03,107.15}{35,33.45,108.15}{36,33.86,109.15}{37,34.28,110.15}{38,34.7,111.15}{39,35.12,112.15}{40,35.54,113.15}{41,35.96,114.15}{42,36.38,115.15}{43,36.8,116.15}{44,37.22,117.15}{45,37.63,118.15}{46,38.05,119.15}{47,38.47,120.15}{48,38.89,121.15}{49,39.31,122.15}{50,39.72,123.15}{51,40.14,124.15}{52,40.56,125.15}{53,40.97,126.15}{54,41.39,127.15}{55,41.8,128.15}{56,42.22,129.15}{57,42.64,130.15}{58,43.05,131.15}{59,43.46,132.15}{60,43.88,133.15}{61,44.29,134.15}{62,44.71,135.15}{63,45.12,136.15}{64,45.53,137.15}{65,45.95,138.15}{66,46.35,139.15}{67,46.76,140.15}{68,47.18,141.15}{69,47.59,142.15}{70,48,143.15}{71,48.41,144.15}{72,48.82,145.15}{73,49.23,146.15}{74,49.64,147.15}{75,50.06,148.15}{76,50.47,149.15}{77,50.88,150.15}{78,51.29,151.15}{79,51.7,152.15}{80,52.11,153.15}{81,52.52,154.15}{82,52.92,155.15}{83,53.33,156.15}{84,53.74,157.15}{85,54.15,158.15}{86,54.56,159.15}{87,54.97,160.15}{88,55.38,161.15}{89,55.78,162.15}{90,56.19,163.15}{91,56.6,164.15}{92,57,165.15}{93,57.41,166.15}{94,57.82,167.15}{95,58.22,168.15}{96,58.63,169.15}{97,59.04,170.15}{98,59.44,171.15}{99,59.85,172.15}{100,60.26,173.15}{101,60.67,174.15}{102,61.07,175.15}{103,61.48,176.15}{104,61.87,177.15}{105,62.29,178.15}{106,62.69,179.15}{107,63.1,180.15}{108,63.5,181.15}{109,63.91,182.15}{110,64.3,183.15}{111,64.7,184.15}{112,65.11,185.15}{113,65.51,186.15}{114,65.91,187.15}{115,66.31,188.15}{116,66.72,189.15}{117,67.12,190.15}{118,67.52,191.15}{119,67.92,192.15}{120,68.33,193.15}{121,68.73,194.15}{122,69.13,195.15}{123,69.53,196.15}{124,69.93,197.15}{125,70.33,198.15}{126,70.73,199.15}{127,71.13,200.15}{128,71.53,201.15}{129,71.93,202.15}{130,72.33,203.15}{131,72.73,204.15}{132,73.13,205.15}{133,73.53,206.15}{134,73.93,207.15}{135,74.33,208.15}{136,74.73,209.15}{137,75.13,210.15}{138,75.53,211.15}{139,75.93,212.15}{140,76.33,213.15}{141,76.73,214.15}{142,77.13,215.15}{143,77.52,216.15}{144,77.92,217.15}{145,78.32,218.15}{146,78.72,219.15}{147,79.11,220.15}{148,79.51,221.15}{149,79.91,222.15}{150,80.31,223.15}{151,80.7,224.15}{152,81.1,225.15}{153,81.5,226.15}{154,81.89,227.15}{155,82.29,228.15}{156,82.69,229.15}{157,83.08,230.15}{158,83.48,231.15}{159,83.88,232.15}{160,84.27,233.15}{161,84.67,234.15}{162,85.06,235.15}{163,85.46,236.15}{164,85.85,237.15}{165,86.25,238.15}{166,86.64,239.15}{167,87.04,240.15}{168,87.43,241.15}{169,87.83,242.15}{170,88.22,243.15}{171,88.62,244.15}{172,89.01,245.15}{173,89.4,246.15}{174,89.8,247.15}{175,90.19,248.15}{176,90.59,249.15}{177,90.98,250.15}{178,91.37,251.15}{179,91.77,252.15}{180,92.16,253.15}{181,92.55,254.15}{182,92.95,255.15}{183,93.34,256.15}{184,93.73,257.15}{185,94.12,258.15}{186,94.52,259.15}{187,94.91,260.15}{188,95.3,261.15}{189,95.69,262.15}{190,96.09,263.15}{191,96.48,264.15}{192,96.87,265.15}{193,97.26,266.15}{194,97.65,267.15}{195,98.04,268.15}{196,98.44,269.15}{197,98.83,270.15}{198,99.22,271.15}{199,99.61,272.15}{200,100,273.15}{201,100.39,274.15}{202,100.78,275.15}{203,101.17,276.15}{204,101.56,277.15}{205,101.95,278.15}{206,102.34,279.15}{207,102.73,280.15}{208,103.12,281.15}{209,103.51,282.15}{210,103.9,283.15}{211,104.29,284.15}{212,104.68,285.15}{213,105.07,286.15}{214,105.46,287.15}{215,105.85,288.15}{216,106.24,289.15}{217,106.63,290.15}{218,107.02,291.15}{219,107.4,292.15}{220,107.79,293.15}{221,108.18,294.15}{222,108.57,295.15}{223,108.96,296.15}{224,109.35,297.15}{225,109.73,298.15}{226,110.12,299.15}{227,110.51,300.15}{228,110.9,301.15}{229,111.28,302.15}{230,111.67,303.15}{231,112.06,304.15}{232,112.45,305.15}{233,112.83,306.15}{234,113.22,307.15}{235,113.61,308.15}{236,113.99,309.15}{237,114.38,310.15}{238,114.77,311.15}{239,115.15,312.15}{240,115.54,313.15}{241,115.93,314.15}{242,116.31,315.15}{243,116.7,316.15}{244,117.08,317.15}{245,117.47,318.15}{246,117.85,319.15}{247,118.24,320.15}{248,118.62,321.15}{249,119.01,322.15}{250,119.4,323.15}{251,119.78,324.15}{252,120.16,325.15}{253,120.55,326.15}{254,120.93,327.15}{255,121.32,328.15}{256,121.7,329.15}{257,122.09,330.15}{258,122.47,331.15}{259,122.86,332.15}{260,123.24,333.15}{261,123.62,334.15}{262,124.01,335.15}{263,124.39,336.15}{264,124.77,337.15}{265,125.17,338.15}{266,125.55,339.15}{267,125.93,340.15}{268,126.32,341.15}{269,126.7,342.15}{270,127.08,343.15}{271,127.46,344.15}{272,127.85,345.15}{273,128.23,346.15}{274,128.61,347.15}{275,128.99,348.15}{276,129.38,349.15}{277,129.76,350.15}{278,130.14,351.15}{279,130.52,352.15}{280,130.9,353.15}{281,131.28,354.15}{282,131.67,355.15}{283,132.05,356.15}{284,132.43,357.15}{285,132.81,358.15}{286,133.19,359.15}{287,133.57,360.15}{288,133.95,361.15}{289,134.33,362.15}{290,134.71,363.15}{291,135.09,364.15}{292,135.47,365.15}{293,135.85,366.15}{294,136.23,367.15}{295,136.61,368.15}{296,136.99,369.15}{297,137.37,370.15}{298,137.75,371.15}{299,138.13,372.15}{300,138.51,373.15}{301,138.89,374.15}{302,139.27,375.15}{303,139.65,376.15}{304,140.03,377.15}{305,140.39,378.15}{306,140.77,379.15}{307,141.15,380.15}{308,141.53,381.15}{309,141.91,382.15}{310,142.29,383.15}{311,142.66,384.15}{312,143.04,385.15}{313,143.42,386.15}{314,143.8,387.15}{315,144.18,388.15}{316,144.56,389.15}{317,144.94,390.15}{318,145.32,391.15}{319,145.69,392.15}{320,146.07,393.15}{321,146.45,394.15}{322,146.82,395.15}{323,147.2,396.15}{324,147.58,397.15}{325,147.95,398.15}{326,148.33,399.15}{327,148.71,400.15}{328,149.08,401.15}{329,149.46,402.15}{330,149.83,403.15}{331,150.21,404.15}{332,150.58,405.15}{333,150.96,406.15}{334,151.34,407.15}{335,151.71,408.15}{336,152.09,409.15}{337,152.46,410.15}{338,152.84,411.15}{339,153.21,412.15}{340,153.58,413.15}{341,153.95,414.15}{342,154.32,415.15}{343,154.71,416.15}{344,155.08,417.15}{345,155.46,418.15}{346,155.83,419.15}{347,156.21,420.15}{348,156.58,421.15}{349,156.96,422.15}{350,157.33,423.15}{351,157.71,424.15}{352,158.08,425.15}{353,158.45,426.15}{354,158.83,427.15}{355,159.2,428.15}{356,159.56,429.15}{357,159.94,430.15}{358,160.31,431.15}{359,160.68,432.15}{360,161.05,433.15}{361,161.43,434.15}{362,161.8,435.15}{363,162.17,436.15}{364,162.54,437.15}{365,162.91,438.15}{366,163.28,439.15}{367,163.66,440.15}{368,164.03,441.15}{369,164.4,442.15}{370,164.77,443.15}{371,165.14,444.15}{372,165.51,445.15}{373,165.88,446.15}{374,166.25,447.15}{375,166.62,448.15}{376,167,449.15}{377,167.37,450.15}{378,167.74,451.15}{379,168.11,452.15}{380,168.48,453.15}{381,168.85,454.15}{382,169.22,455.15}{383,169.59,456.15}{384,169.96,457.15}{385,170.33,458.15}{386,170.69,459.15}{387,171.06,460.15}{388,171.43,461.15}{389,171.8,462.15}{390,172.17,463.15}{391,172.54,464.15}{392,172.91,465.15}{393,173.27,466.15}{394,173.64,467.15}{395,174.01,468.15}{396,174.39,469.15}{397,174.75,470.15}{398,175.12,471.15}{399,175.49,472.15}{400,175.86,473.15}{401,176.23,474.15}{402,176.59,475.15}{403,176.96,476.15}{404,177.33,477.15}{405,177.7,478.15}{406,178.06,479.15}{407,178.43,480.15}{408,178.8,481.15}{409,179.16,482.15}{410,179.53,483.15}{411,179.9,484.15}{412,180.26,485.15}{413,180.63,486.15}{414,180.99,487.15}{415,181.36,488.15}{416,181.73,489.15}{417,182.09,490.15}{418,182.46,491.15}{419,182.82,492.15}{420,183.19,493.15}{421,183.55,494.15}{422,183.92,495.15}{423,184.28,496.15}{424,184.65,497.15}{425,185.01,498.15}{426,185.38,499.15}{427,185.74,500.15}{428,186.11,501.15}{429,186.47,502.15}{430,186.84,503.15}{431,187.2,504.15}{432,187.56,505.15}{433,187.93,506.15}{434,188.29,507.15}{435,188.65,508.15}{436,189.02,509.15}{437,189.38,510.15}{438,189.74,511.15}{439,190.11,512.15}{440,190.47,513.15}{441,190.83,514.15}{442,191.2,515.15}{443,191.56,516.15}{444,191.92,517.15}{445,192.28,518.15}{446,192.66,519.15}{447,193.02,520.15}{448,193.38,521.15}{449,193.74,522.15}{450,194.1,523.15}{451,194.47,524.15}{452,194.83,525.15}{453,195.19,526.15}{454,195.55,527.15}{455,195.9,528.15}{456,196.26,529.15}{457,196.62,530.15}{458,196.98,531.15}{459,197.35,532.15}{460,197.71,533.15}{461,198.07,534.15}{462,198.43,535.15}{463,198.79,536.15}{464,199.15,537.15}{465,199.51,538.15}{466,199.87,539.15}{467,200.23,540.15}{468,200.59,541.15}{469,200.95,542.15}{470,201.31,543.15}{471,201.67,544.15}{472,202.03,545.15}{473,202.38,546.15}{474,202.74,547.15}{475,203.1,548.15}{476,203.46,549.15}{477,203.82,550.15}{478,204.18,551.15}{479,204.54,552.15}{480,204.9,553.15}{481,205.25,554.15}{482,205.61,555.15}{483,205.97,556.15}{484,206.33,557.15}{485,206.7,558.15}{486,207.05,559.15}{487,207.41,560.15}{488,207.77,561.15}{489,208.13,562.15}{490,208.48,563.15}{491,208.84,564.15}{492,209.2,565.15}{493,209.55,566.15}{494,209.91,567.15}{495,210.27,568.15}{496,210.62,569.15}{497,210.98,570.15}{498,211.34,571.15}{499,211.69,572.15}{500,212.05,573.15}{501,212.4,574.15}{502,212.76,575.15}{503,213.12,576.15}{504,213.47,577.15}{505,213.83,578.15}{506,214.19,579.15}{507,214.55,580.15}{508,214.9,581.15}{509,215.26,582.15}{510,215.61,583.15}{511,215.97,584.15}{512,216.32,585.15}{513,216.68,586.15}{514,217.03,587.15}{515,217.39,588.15}{516,217.73,589.15}{517,218.08,590.15}{518,218.44,591.15}{519,218.79,592.15}{520,219.15,593.15}{521,219.5,594.15}{522,219.85,595.15}{523,220.21,596.15}{524,220.56,597.15}{525,220.91,598.15}{526,221.27,599.15}{527,221.62,600.15}{528,221.97,601.15}{529,222.32,602.15}{530,222.68,603.15}{531,223.03,604.15}{532,223.38,605.15}{533,223.73,606.15}{534,224.09,607.15}{535,224.45,608.15}{536,224.8,609.15}{537,225.15,610.15}{538,225.5,611.15}{539,225.85,612.15}{540,226.21,613.15}{541,226.56,614.15}{542,226.91,615.15}{543,227.26,616.15}{544,227.61,617.15}{545,227.96,618.15}{546,228.31,619.15}{547,228.66,620.15}{548,229.01,621.15}{549,229.36,622.15}{550,229.72,623.15}{551,230.07,624.15}{552,230.42,625.15}{553,230.77,626.15}{554,231.12,627.15}{555,231.47,628.15}{556,231.81,629.15}{557,232.16,630.15}{558,232.51,631.15}{559,232.86,632.15}{560,233.21,633.15}{561,233.56,634.15}{562,233.91,635.15}{563,234.26,636.15}{564,234.6,637.15}{565,234.95,638.15}{566,235.3,639.15}{567,235.65,640.15}{568,236,641.15}{569,236.35,642.15}{570,236.7,643.15}{571,237.05,644.15}{572,237.4,645.15}{573,237.75,646.15}{574,238.09,647.15}{575,238.44,648.15}{576,238.79,649.15}{577,239.14,650.15}{578,239.48,651.15}{579,239.83,652.15}{580,240.18,653.15}{581,240.52,654.15}{582,240.87,655.15}{583,241.22,656.15}{584,241.56,657.15}{585,241.91,658.15}{586,242.25,659.15}{587,242.6,660.15}{588,242.95,661.15}{589,243.29,662.15}{590,243.64,663.15}{591,243.98,664.15}{592,244.33,665.15}{593,244.67,666.15}{594,245.02,667.15}{595,245.36,668.15}{596,245.71,669.15}{597,246.05,670.15}{598,246.4,671.15}{599,246.74,672.15}{600,247.09,673.15}{601,247.43,674.15}{602,247.78,675.15}{603,248.12,676.15}{604,248.46,677.15}{605,248.81,678.15}{606,249.15,679.15}{607,249.5,680.15}{608,249.84,681.15}{609,250.18,682.15}{610,250.53,683.15}{611,250.89,684.15}{612,251.21,685.15}{613,251.55,686.15}{614,251.9,687.15}{615,252.24,688.15}{616,252.59,689.15}{617,252.94,690.15}{618,253.28,691.15}{619,253.62,692.15}{620,253.96,693.15}{621,254.3,694.15}{622,254.65,695.15}{623,254.99,696.15}{624,255.33,697.15}{625,255.67,698.15}{626,256.01,699.15}{627,256.35,700.15}{628,256.7,701.15}{629,257.04,702.15}{630,257.38,703.15}{631,257.72,704.15}{632,258.06,705.15}{633,258.4,706.15}{634,258.74,707.15}{635,259.08,708.15}{636,259.42,709.15}{637,259.76,710.15}{638,260.1,711.15}{639,260.44,712.15}{640,260.78,713.15}{641,261.12,714.15}{642,261.46,715.15}{643,261.8,716.15}{644,262.14,717.15}{645,262.48,718.15}{646,262.83,719.15}{647,263.17,720.15}{648,263.5,721.15}{649,263.84,722.15}{650,264.18,723.15}{651,264.52,724.15}{652,264.86,725.15}{653,265.2,726.15}{654,265.54,727.15}{655,265.87,728.15}{656,266.21,729.15}{657,266.55,730.15}{658,266.89,731.15}{659,267.22,732.15}{660,267.56,733.15}{661,267.9,734.15}{662,268.24,735.15}{663,268.57,736.15}{664,268.91,737.15}{665,269.25,738.15}{666,269.58,739.15}{667,269.92,740.15}{668,270.26,741.15}{669,270.59,742.15}{670,270.93,743.15}{671,271.27,744.15}{672,271.6,745.15}{673,271.94,746.15}{674,272.27,747.15}{675,272.61,748.15}{676,272.95,749.15}{677,273.28,750.15}{678,273.62,751.15}{679,273.95,752.15}{680,274.29,753.15}{681,274.62,754.15}{682,274.96,755.15}{683,275.29,756.15}{684,275.63,757.15}{685,275.96,758.15}{686,276.31,759.15}{687,276.64,760.15}{688,276.97,761.15}{689,277.31,762.15}{690,277.64,763.15}{691,277.98,764.15}{692,278.31,765.15}{693,278.64,766.15}{694,278.98,767.15}{695,279.31,768.15}{696,279.64,769.15}{697,279.98,770.15}{698,280.31,771.15}{699,280.64,772.15}{700,280.98,773.15}{701,281.31,774.15}{702,281.64,775.15}{703,281.97,776.15}{704,282.31,777.15}{705,282.64,778.15}{706,282.97,779.15}{707,283.3,780.15}{708,283.63,781.15}{709,283.97,782.15}{710,284.3,783.15}{711,284.63,784.15}{712,284.96,785.15}{713,285.29,786.15}{714,285.62,787.15}{715,285.95,788.15}{716,286.3,789.15}{717,286.63,790.15}{718,286.96,791.15}{719,287.29,792.15}{720,287.62,793.15}{721,287.95,794.15}{722,288.28,795.15}{723,288.61,796.15}{724,288.94,797.15}{725,289.27,798.15}{726,289.6,799.15}{727,289.93,800.15}{728,290.26,801.15}{729,290.59,802.15}{730,290.92,803.15}{731,291.25,804.15}{732,291.58,805.15}{733,291.9,806.15}{734,292.23,807.15}{735,292.56,808.15}{736,292.9,809.15}{737,293.23,810.15}{738,293.56,811.15}{739,293.89,812.15}{740,294.21,813.15}{741,294.54,814.15}{742,294.87,815.15}{743,295.2,816.15}{744,295.53,817.15}{745,295.85,818.15}{746,296.18,819.15}{747,296.51,820.15}{748,296.84,821.15}{749,297.16,822.15}{750,297.49,823.15}{751,297.82,824.15}{752,298.14,825.15}{753,298.47,826.15}{754,298.8,827.15}{755,299.12,828.15}{756,299.45,829.15}{757,299.78,830.15}{758,300.1,831.15}{759,300.43,832.15}{760,300.75,833.15}{761,301.08,834.15}{762,301.41,835.15}{763,301.73,836.15}{764,302.06,837.15}{765,302.38,838.15}{766,302.71,839.15}{767,303.03,840.15}{768,303.36,841.15}{769,303.68,842.15}{770,304.01,843.15}{771,304.33,844.15}{772,304.66,845.15}{773,304.98,846.15}{774,305.3,847.15}{775,305.63,848.15}{776,305.95,849.15}{777,306.28,850.15}{778,306.6,851.15}{779,306.92,852.15}{780,307.25,853.15}{781,307.57,854.15}{782,307.89,855.15}{783,308.22,856.15}{784,308.54,857.15}{785,308.86,858.15}{786,309.19,859.15}{787,309.51,860.15}{788,309.83,861.15}{789,310.15,862.15}{790,310.48,863.15}{791,310.8,864.15}{792,311.12,865.15}{793,311.45,866.15}{794,311.78,867.15}{795,312.1,868.15}{796,312.43,869.15}{797,312.75,870.15}{798,313.07,871.15}{799,313.39,872.15}{800,313.71,873.15}{801,314.04,874.15}{802,314.36,875.15}{803,314.68,876.15}{804,315,877.15}{805,315.32,878.15}{806,315.64,879.15}{807,315.96,880.15}{808,316.28,881.15}{809,316.6,882.15}{810,316.92,883.15}{811,317.24,884.15}{812,317.56,885.15}{813,317.88,886.15}{814,318.2,887.15}{815,318.52,888.15}{816,318.85,889.15}{817,319.17,890.15}{818,319.49,891.15}{819,319.81,892.15}{820,320.12,893.15}{821,320.44,894.15}{822,320.76,895.15}{823,321.08,896.15}{824,321.4,897.15}{825,321.72,898.15}{826,322.03,899.15}{827,322.34,900.15}{828,322.66,901.15}{829,322.98,902.15}{830,323.3,903.15}{831,323.61,904.15}{832,323.93,905.15}{833,324.25,906.15}{834,324.57,907.15}{835,324.88,908.15}{836,325.21,909.15}{837,325.53,910.15}{838,325.85,911.15}{839,326.16,912.15}{840,326.48,913.15}{841,326.79,914.15}{842,327.11,915.15}{843,327.43,916.15}{844,327.74,917.15}{845,328.06,918.15}{846,328.38,919.15}{847,328.69,920.15}{848,329.01,921.15}{849,329.32,922.15}{850,329.64,923.15}{851,329.95,924.15}{852,330.27,925.15}{853,330.58,926.15}{854,330.9,927.15}{855,331.21,928.15}{856,331.53,929.15}{857,331.84,930.15}{858,332.16,931.15}{859,332.47,932.15}{860,332.79,933.15}{861,333.1,934.15}{862,333.41,935.15}{863,333.73,936.15}{864,334.04,937.15}{865,334.36,938.15}{866,334.68,939.15}{867,334.99,940.15}{868,335.31,941.15}{869,335.62,942.15}{870,335.93,943.15}{871,336.25,944.15}{872,336.56,945.15}{873,336.87,946.15}{874,337.18,947.15}{875,337.5,948.15}{876,337.81,949.15}{877,338.12,950.15}{878,338.43,951.15}{879,338.75,952.15}{880,339.06,953.15}{881,339.37,954.15}{882,339.68,955.15}{883,339.99,956.15}{884,340.3,957.15}{885,340.62,958.15}{886,340.94,959.15}{887,341.25,960.15}{888,341.55,961.15}{889,341.87,962.15}{890,342.18,963.15}{891,342.49,964.15}{892,342.8,965.15}{893,343.11,966.15}{894,343.42,967.15}{895,343.73,968.15}{896,344.04,969.15}{897,344.35,970.15}{898,344.66,971.15}{899,344.97,972.15}{900,345.28,973.15}{901,345.59,974.15}{902,345.9,975.15}{903,346.21,976.15}{904,346.52,977.15}{905,346.83,978.15}{906,347.15,979.15}{907,347.46,980.15}{908,347.76,981.15}{909,348.07,982.15}{910,348.38,983.15}{911,348.69,984.15}{912,349,985.15}{913,349.31,986.15}{914,349.61,987.15}{915,349.92,988.15}{916,350.23,989.15}{917,350.54,990.15}{918,350.85,991.15}{919,351.15,992.15}{920,351.46,993.15}{921,351.77,994.15}{922,352.07,995.15}{923,352.38,996.15}{924,352.69,997.15}{925,352.99,998.15}{926,353.3,999.15}{927,353.61,1000.15}{928,353.91,1001.15}{929,354.22,1002.15}{930,354.53,1003.15}{931,354.83,1004.15}{932,355.14,1005.15}{933,355.44,1006.15}{934,355.75,1007.15}{935,356.06,1008.15}{936,356.37,1009.15}{937,356.68,1010.15}{938,356.98,1011.15}{939,357.29,1012.15}{940,357.59,1013.15}{941,357.9,1014.15}{942,358.2,1015.15}{943,358.51,1016.15}{944,358.81,1017.15}{945,359.12,1018.15}{946,359.42,1019.15}{947,359.72,1020.15}{948,360.03,1021.15}{949,360.33,1022.15}{950,360.64,1023.15}{951,360.94,1024.15}{952,361.24,1025.15}{953,361.55,1026.15}{954,361.85,1027.15}{955,362.15,1028.15}{956,362.46,1029.15}{957,362.76,1030.15}{958,363.06,1031.15}{959,363.36,1032.15}{960,363.67,1033.15}{961,363.97,1034.15}{962,364.27,1035.15}{963,364.57,1036.15}{964,364.88,1037.15}{965,365.18,1038.15}{966,365.49,1039.15}{967,365.79,1040.15}{968,366.09,1041.15}{969,366.4,1042.15}{970,366.7,1043.15}{971,367,1044.15}{972,367.3,1045.15}{973,367.6,1046.15}{974,367.9,1047.15}{975,368.2,1048.15}{976,368.5,1049.15}{977,368.81,1050.15}{978,369.11,1051.15}{979,369.41,1052.15}{980,369.71,1053.15}{981,370.01,1054.15}{982,370.31,1055.15}{983,370.61,1056.15}{984,370.91,1057.15}{985,371.21,1058.15}{986,371.52,1059.15}{987,371.82,1060.15}{988,372.12,1061.15}{989,372.41,1062.15}{990,372.71,1063.15}{991,373.01,1064.15}{992,373.31,1065.15}{993,373.61,1066.15}{994,373.91,1067.15}{995,374.21,1068.15}{996,374.51,1069.15}{997,374.8,1070.15}{998,375.1,1071.15}{999,375.4,1072.15}{1000,375.7,1073.15}{1001,376,1074.15}{1002,376.29,1075.15}{1003,376.59,1076.15}{1004,376.89,1077.15}{1005,377.19,1078.15}{1006,377.49,1079.15}{1007,377.79,1080.15}{1008,378.09,1081.15}{1009,378.39,1082.15}{1010,378.68,1083.15}{1011,378.98,1084.15}{1012,379.28,1085.15}{1013,379.57,1086.15}{1014,379.87,1087.15}{1015,380.17,1088.15}{1016,380.46,1089.15}{1017,380.76,1090.15}{1018,381.05,1091.15}{1019,381.35,1092.15}{1020,381.65,1093.15}{1021,381.94,1094.15}{1022,382.24,1095.15}{1023,382.53,1096.15}{1024,382.83,1097.15}{1025,383.12,1098.15}{1026,383.42,1099.15}{1027,383.71,1100.15}{1028,384.01,1101.15}{1029,384.3,1102.15}{1030,384.6,1103.15}{1031,384.89,1104.15}{1032,385.18,1105.15}{1033,385.48,1106.15}{1034,385.77,1107.15}{1035,386.07,1108.15}{1036,386.37,1109.15}{1037,386.66,1110.15}{1038,386.96,1111.15}{1039,387.25,1112.15}{1040,387.55,1113.15}{1041,387.84,1114.15}{1042,388.13,1115.15}{1043,388.42,1116.15}{1044,388.72,1117.15}{1045,389.01,1118.15}{1046,389.31,1119.15}{1047,389.61,1120.15}{1048,389.9,1121.15}{1049,390.19,1122.15}{1050,390.48,1123.15}&quot;"/>
                                                <instance name="dev02/Config/ch00003/rate" order="0" value="10"/>
                                                <instance name="dev01/Config/ch00012/Calibration_Sensor_Curve" order="0" value="&quot;{0,18.52,73.15}{1,18.96,74.15}{2,19.39,75.15}{3,19.82,76.15}{4,20.25,77.15}{5,20.68,78.15}{6,21.11,79.15}{7,21.54,80.15}{8,21.97,81.15}{9,22.4,82.15}{10,22.83,83.15}{11,23.26,84.15}{12,23.69,85.15}{13,24.12,86.15}{14,24.55,87.15}{15,24.97,88.15}{16,25.39,89.15}{17,25.82,90.15}{18,26.25,91.15}{19,26.67,92.15}{20,27.1,93.15}{21,27.52,94.15}{22,27.95,95.15}{23,28.37,96.15}{24,28.8,97.15}{25,29.22,98.15}{26,29.65,99.15}{27,30.07,100.15}{28,30.49,101.15}{29,30.92,102.15}{30,31.34,103.15}{31,31.76,104.15}{32,32.18,105.15}{33,32.61,106.15}{34,33.03,107.15}{35,33.45,108.15}{36,33.86,109.15}{37,34.28,110.15}{38,34.7,111.15}{39,35.12,112.15}{40,35.54,113.15}{41,35.96,114.15}{42,36.38,115.15}{43,36.8,116.15}{44,37.22,117.15}{45,37.63,118.15}{46,38.05,119.15}{47,38.47,120.15}{48,38.89,121.15}{49,39.31,122.15}{50,39.72,123.15}{51,40.14,124.15}{52,40.56,125.15}{53,40.97,126.15}{54,41.39,127.15}{55,41.8,128.15}{56,42.22,129.15}{57,42.64,130.15}{58,43.05,131.15}{59,43.46,132.15}{60,43.88,133.15}{61,44.29,134.15}{62,44.71,135.15}{63,45.12,136.15}{64,45.53,137.15}{65,45.95,138.15}{66,46.35,139.15}{67,46.76,140.15}{68,47.18,141.15}{69,47.59,142.15}{70,48,143.15}{71,48.41,144.15}{72,48.82,145.15}{73,49.23,146.15}{74,49.64,147.15}{75,50.06,148.15}{76,50.47,149.15}{77,50.88,150.15}{78,51.29,151.15}{79,51.7,152.15}{80,52.11,153.15}{81,52.52,154.15}{82,52.92,155.15}{83,53.33,156.15}{84,53.74,157.15}{85,54.15,158.15}{86,54.56,159.15}{87,54.97,160.15}{88,55.38,161.15}{89,55.78,162.15}{90,56.19,163.15}{91,56.6,164.15}{92,57,165.15}{93,57.41,166.15}{94,57.82,167.15}{95,58.22,168.15}{96,58.63,169.15}{97,59.04,170.15}{98,59.44,171.15}{99,59.85,172.15}{100,60.26,173.15}{101,60.67,174.15}{102,61.07,175.15}{103,61.48,176.15}{104,61.87,177.15}{105,62.29,178.15}{106,62.69,179.15}{107,63.1,180.15}{108,63.5,181.15}{109,63.91,182.15}{110,64.3,183.15}{111,64.7,184.15}{112,65.11,185.15}{113,65.51,186.15}{114,65.91,187.15}{115,66.31,188.15}{116,66.72,189.15}{117,67.12,190.15}{118,67.52,191.15}{119,67.92,192.15}{120,68.33,193.15}{121,68.73,194.15}{122,69.13,195.15}{123,69.53,196.15}{124,69.93,197.15}{125,70.33,198.15}{126,70.73,199.15}{127,71.13,200.15}{128,71.53,201.15}{129,71.93,202.15}{130,72.33,203.15}{131,72.73,204.15}{132,73.13,205.15}{133,73.53,206.15}{134,73.93,207.15}{135,74.33,208.15}{136,74.73,209.15}{137,75.13,210.15}{138,75.53,211.15}{139,75.93,212.15}{140,76.33,213.15}{141,76.73,214.15}{142,77.13,215.15}{143,77.52,216.15}{144,77.92,217.15}{145,78.32,218.15}{146,78.72,219.15}{147,79.11,220.15}{148,79.51,221.15}{149,79.91,222.15}{150,80.31,223.15}{151,80.7,224.15}{152,81.1,225.15}{153,81.5,226.15}{154,81.89,227.15}{155,82.29,228.15}{156,82.69,229.15}{157,83.08,230.15}{158,83.48,231.15}{159,83.88,232.15}{160,84.27,233.15}{161,84.67,234.15}{162,85.06,235.15}{163,85.46,236.15}{164,85.85,237.15}{165,86.25,238.15}{166,86.64,239.15}{167,87.04,240.15}{168,87.43,241.15}{169,87.83,242.15}{170,88.22,243.15}{171,88.62,244.15}{172,89.01,245.15}{173,89.4,246.15}{174,89.8,247.15}{175,90.19,248.15}{176,90.59,249.15}{177,90.98,250.15}{178,91.37,251.15}{179,91.77,252.15}{180,92.16,253.15}{181,92.55,254.15}{182,92.95,255.15}{183,93.34,256.15}{184,93.73,257.15}{185,94.12,258.15}{186,94.52,259.15}{187,94.91,260.15}{188,95.3,261.15}{189,95.69,262.15}{190,96.09,263.15}{191,96.48,264.15}{192,96.87,265.15}{193,97.26,266.15}{194,97.65,267.15}{195,98.04,268.15}{196,98.44,269.15}{197,98.83,270.15}{198,99.22,271.15}{199,99.61,272.15}{200,100,273.15}{201,100.39,274.15}{202,100.78,275.15}{203,101.17,276.15}{204,101.56,277.15}{205,101.95,278.15}{206,102.34,279.15}{207,102.73,280.15}{208,103.12,281.15}{209,103.51,282.15}{210,103.9,283.15}{211,104.29,284.15}{212,104.68,285.15}{213,105.07,286.15}{214,105.46,287.15}{215,105.85,288.15}{216,106.24,289.15}{217,106.63,290.15}{218,107.02,291.15}{219,107.4,292.15}{220,107.79,293.15}{221,108.18,294.15}{222,108.57,295.15}{223,108.96,296.15}{224,109.35,297.15}{225,109.73,298.15}{226,110.12,299.15}{227,110.51,300.15}{228,110.9,301.15}{229,111.28,302.15}{230,111.67,303.15}{231,112.06,304.15}{232,112.45,305.15}{233,112.83,306.15}{234,113.22,307.15}{235,113.61,308.15}{236,113.99,309.15}{237,114.38,310.15}{238,114.77,311.15}{239,115.15,312.15}{240,115.54,313.15}{241,115.93,314.15}{242,116.31,315.15}{243,116.7,316.15}{244,117.08,317.15}{245,117.47,318.15}{246,117.85,319.15}{247,118.24,320.15}{248,118.62,321.15}{249,119.01,322.15}{250,119.4,323.15}{251,119.78,324.15}{252,120.16,325.15}{253,120.55,326.15}{254,120.93,327.15}{255,121.32,328.15}{256,121.7,329.15}{257,122.09,330.15}{258,122.47,331.15}{259,122.86,332.15}{260,123.24,333.15}{261,123.62,334.15}{262,124.01,335.15}{263,124.39,336.15}{264,124.77,337.15}{265,125.17,338.15}{266,125.55,339.15}{267,125.93,340.15}{268,126.32,341.15}{269,126.7,342.15}{270,127.08,343.15}{271,127.46,344.15}{272,127.85,345.15}{273,128.23,346.15}{274,128.61,347.15}{275,128.99,348.15}{276,129.38,349.15}{277,129.76,350.15}{278,130.14,351.15}{279,130.52,352.15}{280,130.9,353.15}{281,131.28,354.15}{282,131.67,355.15}{283,132.05,356.15}{284,132.43,357.15}{285,132.81,358.15}{286,133.19,359.15}{287,133.57,360.15}{288,133.95,361.15}{289,134.33,362.15}{290,134.71,363.15}{291,135.09,364.15}{292,135.47,365.15}{293,135.85,366.15}{294,136.23,367.15}{295,136.61,368.15}{296,136.99,369.15}{297,137.37,370.15}{298,137.75,371.15}{299,138.13,372.15}{300,138.51,373.15}{301,138.89,374.15}{302,139.27,375.15}{303,139.65,376.15}{304,140.03,377.15}{305,140.39,378.15}{306,140.77,379.15}{307,141.15,380.15}{308,141.53,381.15}{309,141.91,382.15}{310,142.29,383.15}{311,142.66,384.15}{312,143.04,385.15}{313,143.42,386.15}{314,143.8,387.15}{315,144.18,388.15}{316,144.56,389.15}{317,144.94,390.15}{318,145.32,391.15}{319,145.69,392.15}{320,146.07,393.15}{321,146.45,394.15}{322,146.82,395.15}{323,147.2,396.15}{324,147.58,397.15}{325,147.95,398.15}{326,148.33,399.15}{327,148.71,400.15}{328,149.08,401.15}{329,149.46,402.15}{330,149.83,403.15}{331,150.21,404.15}{332,150.58,405.15}{333,150.96,406.15}{334,151.34,407.15}{335,151.71,408.15}{336,152.09,409.15}{337,152.46,410.15}{338,152.84,411.15}{339,153.21,412.15}{340,153.58,413.15}{341,153.95,414.15}{342,154.32,415.15}{343,154.71,416.15}{344,155.08,417.15}{345,155.46,418.15}{346,155.83,419.15}{347,156.21,420.15}{348,156.58,421.15}{349,156.96,422.15}{350,157.33,423.15}{351,157.71,424.15}{352,158.08,425.15}{353,158.45,426.15}{354,158.83,427.15}{355,159.2,428.15}{356,159.56,429.15}{357,159.94,430.15}{358,160.31,431.15}{359,160.68,432.15}{360,161.05,433.15}{361,161.43,434.15}{362,161.8,435.15}{363,162.17,436.15}{364,162.54,437.15}{365,162.91,438.15}{366,163.28,439.15}{367,163.66,440.15}{368,164.03,441.15}{369,164.4,442.15}{370,164.77,443.15}{371,165.14,444.15}{372,165.51,445.15}{373,165.88,446.15}{374,166.25,447.15}{375,166.62,448.15}{376,167,449.15}{377,167.37,450.15}{378,167.74,451.15}{379,168.11,452.15}{380,168.48,453.15}{381,168.85,454.15}{382,169.22,455.15}{383,169.59,456.15}{384,169.96,457.15}{385,170.33,458.15}{386,170.69,459.15}{387,171.06,460.15}{388,171.43,461.15}{389,171.8,462.15}{390,172.17,463.15}{391,172.54,464.15}{392,172.91,465.15}{393,173.27,466.15}{394,173.64,467.15}{395,174.01,468.15}{396,174.39,469.15}{397,174.75,470.15}{398,175.12,471.15}{399,175.49,472.15}{400,175.86,473.15}{401,176.23,474.15}{402,176.59,475.15}{403,176.96,476.15}{404,177.33,477.15}{405,177.7,478.15}{406,178.06,479.15}{407,178.43,480.15}{408,178.8,481.15}{409,179.16,482.15}{410,179.53,483.15}{411,179.9,484.15}{412,180.26,485.15}{413,180.63,486.15}{414,180.99,487.15}{415,181.36,488.15}{416,181.73,489.15}{417,182.09,490.15}{418,182.46,491.15}{419,182.82,492.15}{420,183.19,493.15}{421,183.55,494.15}{422,183.92,495.15}{423,184.28,496.15}{424,184.65,497.15}{425,185.01,498.15}{426,185.38,499.15}{427,185.74,500.15}{428,186.11,501.15}{429,186.47,502.15}{430,186.84,503.15}{431,187.2,504.15}{432,187.56,505.15}{433,187.93,506.15}{434,188.29,507.15}{435,188.65,508.15}{436,189.02,509.15}{437,189.38,510.15}{438,189.74,511.15}{439,190.11,512.15}{440,190.47,513.15}{441,190.83,514.15}{442,191.2,515.15}{443,191.56,516.15}{444,191.92,517.15}{445,192.28,518.15}{446,192.66,519.15}{447,193.02,520.15}{448,193.38,521.15}{449,193.74,522.15}{450,194.1,523.15}{451,194.47,524.15}{452,194.83,525.15}{453,195.19,526.15}{454,195.55,527.15}{455,195.9,528.15}{456,196.26,529.15}{457,196.62,530.15}{458,196.98,531.15}{459,197.35,532.15}{460,197.71,533.15}{461,198.07,534.15}{462,198.43,535.15}{463,198.79,536.15}{464,199.15,537.15}{465,199.51,538.15}{466,199.87,539.15}{467,200.23,540.15}{468,200.59,541.15}{469,200.95,542.15}{470,201.31,543.15}{471,201.67,544.15}{472,202.03,545.15}{473,202.38,546.15}{474,202.74,547.15}{475,203.1,548.15}{476,203.46,549.15}{477,203.82,550.15}{478,204.18,551.15}{479,204.54,552.15}{480,204.9,553.15}{481,205.25,554.15}{482,205.61,555.15}{483,205.97,556.15}{484,206.33,557.15}{485,206.7,558.15}{486,207.05,559.15}{487,207.41,560.15}{488,207.77,561.15}{489,208.13,562.15}{490,208.48,563.15}{491,208.84,564.15}{492,209.2,565.15}{493,209.55,566.15}{494,209.91,567.15}{495,210.27,568.15}{496,210.62,569.15}{497,210.98,570.15}{498,211.34,571.15}{499,211.69,572.15}{500,212.05,573.15}{501,212.4,574.15}{502,212.76,575.15}{503,213.12,576.15}{504,213.47,577.15}{505,213.83,578.15}{506,214.19,579.15}{507,214.55,580.15}{508,214.9,581.15}{509,215.26,582.15}{510,215.61,583.15}{511,215.97,584.15}{512,216.32,585.15}{513,216.68,586.15}{514,217.03,587.15}{515,217.39,588.15}{516,217.73,589.15}{517,218.08,590.15}{518,218.44,591.15}{519,218.79,592.15}{520,219.15,593.15}{521,219.5,594.15}{522,219.85,595.15}{523,220.21,596.15}{524,220.56,597.15}{525,220.91,598.15}{526,221.27,599.15}{527,221.62,600.15}{528,221.97,601.15}{529,222.32,602.15}{530,222.68,603.15}{531,223.03,604.15}{532,223.38,605.15}{533,223.73,606.15}{534,224.09,607.15}{535,224.45,608.15}{536,224.8,609.15}{537,225.15,610.15}{538,225.5,611.15}{539,225.85,612.15}{540,226.21,613.15}{541,226.56,614.15}{542,226.91,615.15}{543,227.26,616.15}{544,227.61,617.15}{545,227.96,618.15}{546,228.31,619.15}{547,228.66,620.15}{548,229.01,621.15}{549,229.36,622.15}{550,229.72,623.15}{551,230.07,624.15}{552,230.42,625.15}{553,230.77,626.15}{554,231.12,627.15}{555,231.47,628.15}{556,231.81,629.15}{557,232.16,630.15}{558,232.51,631.15}{559,232.86,632.15}{560,233.21,633.15}{561,233.56,634.15}{562,233.91,635.15}{563,234.26,636.15}{564,234.6,637.15}{565,234.95,638.15}{566,235.3,639.15}{567,235.65,640.15}{568,236,641.15}{569,236.35,642.15}{570,236.7,643.15}{571,237.05,644.15}{572,237.4,645.15}{573,237.75,646.15}{574,238.09,647.15}{575,238.44,648.15}{576,238.79,649.15}{577,239.14,650.15}{578,239.48,651.15}{579,239.83,652.15}{580,240.18,653.15}{581,240.52,654.15}{582,240.87,655.15}{583,241.22,656.15}{584,241.56,657.15}{585,241.91,658.15}{586,242.25,659.15}{587,242.6,660.15}{588,242.95,661.15}{589,243.29,662.15}{590,243.64,663.15}{591,243.98,664.15}{592,244.33,665.15}{593,244.67,666.15}{594,245.02,667.15}{595,245.36,668.15}{596,245.71,669.15}{597,246.05,670.15}{598,246.4,671.15}{599,246.74,672.15}{600,247.09,673.15}{601,247.43,674.15}{602,247.78,675.15}{603,248.12,676.15}{604,248.46,677.15}{605,248.81,678.15}{606,249.15,679.15}{607,249.5,680.15}{608,249.84,681.15}{609,250.18,682.15}{610,250.53,683.15}{611,250.89,684.15}{612,251.21,685.15}{613,251.55,686.15}{614,251.9,687.15}{615,252.24,688.15}{616,252.59,689.15}{617,252.94,690.15}{618,253.28,691.15}{619,253.62,692.15}{620,253.96,693.15}{621,254.3,694.15}{622,254.65,695.15}{623,254.99,696.15}{624,255.33,697.15}{625,255.67,698.15}{626,256.01,699.15}{627,256.35,700.15}{628,256.7,701.15}{629,257.04,702.15}{630,257.38,703.15}{631,257.72,704.15}{632,258.06,705.15}{633,258.4,706.15}{634,258.74,707.15}{635,259.08,708.15}{636,259.42,709.15}{637,259.76,710.15}{638,260.1,711.15}{639,260.44,712.15}{640,260.78,713.15}{641,261.12,714.15}{642,261.46,715.15}{643,261.8,716.15}{644,262.14,717.15}{645,262.48,718.15}{646,262.83,719.15}{647,263.17,720.15}{648,263.5,721.15}{649,263.84,722.15}{650,264.18,723.15}{651,264.52,724.15}{652,264.86,725.15}{653,265.2,726.15}{654,265.54,727.15}{655,265.87,728.15}{656,266.21,729.15}{657,266.55,730.15}{658,266.89,731.15}{659,267.22,732.15}{660,267.56,733.15}{661,267.9,734.15}{662,268.24,735.15}{663,268.57,736.15}{664,268.91,737.15}{665,269.25,738.15}{666,269.58,739.15}{667,269.92,740.15}{668,270.26,741.15}{669,270.59,742.15}{670,270.93,743.15}{671,271.27,744.15}{672,271.6,745.15}{673,271.94,746.15}{674,272.27,747.15}{675,272.61,748.15}{676,272.95,749.15}{677,273.28,750.15}{678,273.62,751.15}{679,273.95,752.15}{680,274.29,753.15}{681,274.62,754.15}{682,274.96,755.15}{683,275.29,756.15}{684,275.63,757.15}{685,275.96,758.15}{686,276.31,759.15}{687,276.64,760.15}{688,276.97,761.15}{689,277.31,762.15}{690,277.64,763.15}{691,277.98,764.15}{692,278.31,765.15}{693,278.64,766.15}{694,278.98,767.15}{695,279.31,768.15}{696,279.64,769.15}{697,279.98,770.15}{698,280.31,771.15}{699,280.64,772.15}{700,280.98,773.15}{701,281.31,774.15}{702,281.64,775.15}{703,281.97,776.15}{704,282.31,777.15}{705,282.64,778.15}{706,282.97,779.15}{707,283.3,780.15}{708,283.63,781.15}{709,283.97,782.15}{710,284.3,783.15}{711,284.63,784.15}{712,284.96,785.15}{713,285.29,786.15}{714,285.62,787.15}{715,285.95,788.15}{716,286.3,789.15}{717,286.63,790.15}{718,286.96,791.15}{719,287.29,792.15}{720,287.62,793.15}{721,287.95,794.15}{722,288.28,795.15}{723,288.61,796.15}{724,288.94,797.15}{725,289.27,798.15}{726,289.6,799.15}{727,289.93,800.15}{728,290.26,801.15}{729,290.59,802.15}{730,290.92,803.15}{731,291.25,804.15}{732,291.58,805.15}{733,291.9,806.15}{734,292.23,807.15}{735,292.56,808.15}{736,292.9,809.15}{737,293.23,810.15}{738,293.56,811.15}{739,293.89,812.15}{740,294.21,813.15}{741,294.54,814.15}{742,294.87,815.15}{743,295.2,816.15}{744,295.53,817.15}{745,295.85,818.15}{746,296.18,819.15}{747,296.51,820.15}{748,296.84,821.15}{749,297.16,822.15}{750,297.49,823.15}{751,297.82,824.15}{752,298.14,825.15}{753,298.47,826.15}{754,298.8,827.15}{755,299.12,828.15}{756,299.45,829.15}{757,299.78,830.15}{758,300.1,831.15}{759,300.43,832.15}{760,300.75,833.15}{761,301.08,834.15}{762,301.41,835.15}{763,301.73,836.15}{764,302.06,837.15}{765,302.38,838.15}{766,302.71,839.15}{767,303.03,840.15}{768,303.36,841.15}{769,303.68,842.15}{770,304.01,843.15}{771,304.33,844.15}{772,304.66,845.15}{773,304.98,846.15}{774,305.3,847.15}{775,305.63,848.15}{776,305.95,849.15}{777,306.28,850.15}{778,306.6,851.15}{779,306.92,852.15}{780,307.25,853.15}{781,307.57,854.15}{782,307.89,855.15}{783,308.22,856.15}{784,308.54,857.15}{785,308.86,858.15}{786,309.19,859.15}{787,309.51,860.15}{788,309.83,861.15}{789,310.15,862.15}{790,310.48,863.15}{791,310.8,864.15}{792,311.12,865.15}{793,311.45,866.15}{794,311.78,867.15}{795,312.1,868.15}{796,312.43,869.15}{797,312.75,870.15}{798,313.07,871.15}{799,313.39,872.15}{800,313.71,873.15}{801,314.04,874.15}{802,314.36,875.15}{803,314.68,876.15}{804,315,877.15}{805,315.32,878.15}{806,315.64,879.15}{807,315.96,880.15}{808,316.28,881.15}{809,316.6,882.15}{810,316.92,883.15}{811,317.24,884.15}{812,317.56,885.15}{813,317.88,886.15}{814,318.2,887.15}{815,318.52,888.15}{816,318.85,889.15}{817,319.17,890.15}{818,319.49,891.15}{819,319.81,892.15}{820,320.12,893.15}{821,320.44,894.15}{822,320.76,895.15}{823,321.08,896.15}{824,321.4,897.15}{825,321.72,898.15}{826,322.03,899.15}{827,322.34,900.15}{828,322.66,901.15}{829,322.98,902.15}{830,323.3,903.15}{831,323.61,904.15}{832,323.93,905.15}{833,324.25,906.15}{834,324.57,907.15}{835,324.88,908.15}{836,325.21,909.15}{837,325.53,910.15}{838,325.85,911.15}{839,326.16,912.15}{840,326.48,913.15}{841,326.79,914.15}{842,327.11,915.15}{843,327.43,916.15}{844,327.74,917.15}{845,328.06,918.15}{846,328.38,919.15}{847,328.69,920.15}{848,329.01,921.15}{849,329.32,922.15}{850,329.64,923.15}{851,329.95,924.15}{852,330.27,925.15}{853,330.58,926.15}{854,330.9,927.15}{855,331.21,928.15}{856,331.53,929.15}{857,331.84,930.15}{858,332.16,931.15}{859,332.47,932.15}{860,332.79,933.15}{861,333.1,934.15}{862,333.41,935.15}{863,333.73,936.15}{864,334.04,937.15}{865,334.36,938.15}{866,334.68,939.15}{867,334.99,940.15}{868,335.31,941.15}{869,335.62,942.15}{870,335.93,943.15}{871,336.25,944.15}{872,336.56,945.15}{873,336.87,946.15}{874,337.18,947.15}{875,337.5,948.15}{876,337.81,949.15}{877,338.12,950.15}{878,338.43,951.15}{879,338.75,952.15}{880,339.06,953.15}{881,339.37,954.15}{882,339.68,955.15}{883,339.99,956.15}{884,340.3,957.15}{885,340.62,958.15}{886,340.94,959.15}{887,341.25,960.15}{888,341.55,961.15}{889,341.87,962.15}{890,342.18,963.15}{891,342.49,964.15}{892,342.8,965.15}{893,343.11,966.15}{894,343.42,967.15}{895,343.73,968.15}{896,344.04,969.15}{897,344.35,970.15}{898,344.66,971.15}{899,344.97,972.15}{900,345.28,973.15}{901,345.59,974.15}{902,345.9,975.15}{903,346.21,976.15}{904,346.52,977.15}{905,346.83,978.15}{906,347.15,979.15}{907,347.46,980.15}{908,347.76,981.15}{909,348.07,982.15}{910,348.38,983.15}{911,348.69,984.15}{912,349,985.15}{913,349.31,986.15}{914,349.61,987.15}{915,349.92,988.15}{916,350.23,989.15}{917,350.54,990.15}{918,350.85,991.15}{919,351.15,992.15}{920,351.46,993.15}{921,351.77,994.15}{922,352.07,995.15}{923,352.38,996.15}{924,352.69,997.15}{925,352.99,998.15}{926,353.3,999.15}{927,353.61,1000.15}{928,353.91,1001.15}{929,354.22,1002.15}{930,354.53,1003.15}{931,354.83,1004.15}{932,355.14,1005.15}{933,355.44,1006.15}{934,355.75,1007.15}{935,356.06,1008.15}{936,356.37,1009.15}{937,356.68,1010.15}{938,356.98,1011.15}{939,357.29,1012.15}{940,357.59,1013.15}{941,357.9,1014.15}{942,358.2,1015.15}{943,358.51,1016.15}{944,358.81,1017.15}{945,359.12,1018.15}{946,359.42,1019.15}{947,359.72,1020.15}{948,360.03,1021.15}{949,360.33,1022.15}{950,360.64,1023.15}{951,360.94,1024.15}{952,361.24,1025.15}{953,361.55,1026.15}{954,361.85,1027.15}{955,362.15,1028.15}{956,362.46,1029.15}{957,362.76,1030.15}{958,363.06,1031.15}{959,363.36,1032.15}{960,363.67,1033.15}{961,363.97,1034.15}{962,364.27,1035.15}{963,364.57,1036.15}{964,364.88,1037.15}{965,365.18,1038.15}{966,365.49,1039.15}{967,365.79,1040.15}{968,366.09,1041.15}{969,366.4,1042.15}{970,366.7,1043.15}{971,367,1044.15}{972,367.3,1045.15}{973,367.6,1046.15}{974,367.9,1047.15}{975,368.2,1048.15}{976,368.5,1049.15}{977,368.81,1050.15}{978,369.11,1051.15}{979,369.41,1052.15}{980,369.71,1053.15}{981,370.01,1054.15}{982,370.31,1055.15}{983,370.61,1056.15}{984,370.91,1057.15}{985,371.21,1058.15}{986,371.52,1059.15}{987,371.82,1060.15}{988,372.12,1061.15}{989,372.41,1062.15}{990,372.71,1063.15}{991,373.01,1064.15}{992,373.31,1065.15}{993,373.61,1066.15}{994,373.91,1067.15}{995,374.21,1068.15}{996,374.51,1069.15}{997,374.8,1070.15}{998,375.1,1071.15}{999,375.4,1072.15}{1000,375.7,1073.15}{1001,376,1074.15}{1002,376.29,1075.15}{1003,376.59,1076.15}{1004,376.89,1077.15}{1005,377.19,1078.15}{1006,377.49,1079.15}{1007,377.79,1080.15}{1008,378.09,1081.15}{1009,378.39,1082.15}{1010,378.68,1083.15}{1011,378.98,1084.15}{1012,379.28,1085.15}{1013,379.57,1086.15}{1014,379.87,1087.15}{1015,380.17,1088.15}{1016,380.46,1089.15}{1017,380.76,1090.15}{1018,381.05,1091.15}{1019,381.35,1092.15}{1020,381.65,1093.15}{1021,381.94,1094.15}{1022,382.24,1095.15}{1023,382.53,1096.15}{1024,382.83,1097.15}{1025,383.12,1098.15}{1026,383.42,1099.15}{1027,383.71,1100.15}{1028,384.01,1101.15}{1029,384.3,1102.15}{1030,384.6,1103.15}{1031,384.89,1104.15}{1032,385.18,1105.15}{1033,385.48,1106.15}{1034,385.77,1107.15}{1035,386.07,1108.15}{1036,386.37,1109.15}{1037,386.66,1110.15}{1038,386.96,1111.15}{1039,387.25,1112.15}{1040,387.55,1113.15}{1041,387.84,1114.15}{1042,388.13,1115.15}{1043,388.42,1116.15}{1044,388.72,1117.15}{1045,389.01,1118.15}{1046,389.31,1119.15}{1047,389.61,1120.15}{1048,389.9,1121.15}{1049,390.19,1122.15}{1050,390.48,1123.15}&quot;"/>
                                                <instance name="dev01/Config/ch00002/RTDRange" order="0" value="1"/>
                                                <instance name="dev01/Config/ch00008/Calibration_Sensor_Calibration_Date" order="0" value="2020-01-01"/>
                                                <instance name="dev01/Config/ch00002/RTDWireScheme" order="0" value="4"/>
                                                <instance name="dev01/Config/ch00007/Calibration_Sensor_Name" order="0" value="CalSensor7"/>
                                                <instance name="dev01/Config/ch00003/RTDWireScheme" order="0" value="4"/>
                                                <instance name="dev01/Config/ch00004/RTDWireScheme" order="0" value="4"/>
                                                <instance name="dev01/Config/ch00007/Calibration_Sensor_Output_Units" order="0" value="K"/>
                                                <instance name="dev01/Config/ch00005/RTDWireScheme" order="0" value="4"/>
                                                <instance name="dev02/Config/ch00011/enable" order="1" value="1"/>
                                                <instance name="dev01/Config/ch00012/Calibration_Sensor_Calibration_Date" order="0" value="2020-01-01"/>
                                                <instance name="dev01/Config/ch00006/RTDWireScheme" order="0" value="4"/>
                                                <instance name="dev01/Config/ch00011/enable" order="1" value="1"/>
                                                <instance name="dev01/Config/ch00007/RTDWireScheme" order="0" value="4"/>
                                                <instance name="dev01/Config/ch00009/enable" order="1" value="1"/>
                                                <instance name="dev01/Config/ch00008/RTDWireScheme" order="0" value="4"/>
                                                <instance name="dev01/Config/ch00001/Calibration_Sensor_Output_Units" order="0" value="K"/>
                                                <instance name="dev02/Config/ch00012/Calibration_Sensor_Table_Type" order="2" value="1"/>
                                                <instance name="dev01/Config/ch00005/Calibration_Sensor_Curve" order="0" value="&quot;{0,18.52,73.15}{1,18.96,74.15}{2,19.39,75.15}{3,19.82,76.15}{4,20.25,77.15}{5,20.68,78.15}{6,21.11,79.15}{7,21.54,80.15}{8,21.97,81.15}{9,22.4,82.15}{10,22.83,83.15}{11,23.26,84.15}{12,23.69,85.15}{13,24.12,86.15}{14,24.55,87.15}{15,24.97,88.15}{16,25.39,89.15}{17,25.82,90.15}{18,26.25,91.15}{19,26.67,92.15}{20,27.1,93.15}{21,27.52,94.15}{22,27.95,95.15}{23,28.37,96.15}{24,28.8,97.15}{25,29.22,98.15}{26,29.65,99.15}{27,30.07,100.15}{28,30.49,101.15}{29,30.92,102.15}{30,31.34,103.15}{31,31.76,104.15}{32,32.18,105.15}{33,32.61,106.15}{34,33.03,107.15}{35,33.45,108.15}{36,33.86,109.15}{37,34.28,110.15}{38,34.7,111.15}{39,35.12,112.15}{40,35.54,113.15}{41,35.96,114.15}{42,36.38,115.15}{43,36.8,116.15}{44,37.22,117.15}{45,37.63,118.15}{46,38.05,119.15}{47,38.47,120.15}{48,38.89,121.15}{49,39.31,122.15}{50,39.72,123.15}{51,40.14,124.15}{52,40.56,125.15}{53,40.97,126.15}{54,41.39,127.15}{55,41.8,128.15}{56,42.22,129.15}{57,42.64,130.15}{58,43.05,131.15}{59,43.46,132.15}{60,43.88,133.15}{61,44.29,134.15}{62,44.71,135.15}{63,45.12,136.15}{64,45.53,137.15}{65,45.95,138.15}{66,46.35,139.15}{67,46.76,140.15}{68,47.18,141.15}{69,47.59,142.15}{70,48,143.15}{71,48.41,144.15}{72,48.82,145.15}{73,49.23,146.15}{74,49.64,147.15}{75,50.06,148.15}{76,50.47,149.15}{77,50.88,150.15}{78,51.29,151.15}{79,51.7,152.15}{80,52.11,153.15}{81,52.52,154.15}{82,52.92,155.15}{83,53.33,156.15}{84,53.74,157.15}{85,54.15,158.15}{86,54.56,159.15}{87,54.97,160.15}{88,55.38,161.15}{89,55.78,162.15}{90,56.19,163.15}{91,56.6,164.15}{92,57,165.15}{93,57.41,166.15}{94,57.82,167.15}{95,58.22,168.15}{96,58.63,169.15}{97,59.04,170.15}{98,59.44,171.15}{99,59.85,172.15}{100,60.26,173.15}{101,60.67,174.15}{102,61.07,175.15}{103,61.48,176.15}{104,61.87,177.15}{105,62.29,178.15}{106,62.69,179.15}{107,63.1,180.15}{108,63.5,181.15}{109,63.91,182.15}{110,64.3,183.15}{111,64.7,184.15}{112,65.11,185.15}{113,65.51,186.15}{114,65.91,187.15}{115,66.31,188.15}{116,66.72,189.15}{117,67.12,190.15}{118,67.52,191.15}{119,67.92,192.15}{120,68.33,193.15}{121,68.73,194.15}{122,69.13,195.15}{123,69.53,196.15}{124,69.93,197.15}{125,70.33,198.15}{126,70.73,199.15}{127,71.13,200.15}{128,71.53,201.15}{129,71.93,202.15}{130,72.33,203.15}{131,72.73,204.15}{132,73.13,205.15}{133,73.53,206.15}{134,73.93,207.15}{135,74.33,208.15}{136,74.73,209.15}{137,75.13,210.15}{138,75.53,211.15}{139,75.93,212.15}{140,76.33,213.15}{141,76.73,214.15}{142,77.13,215.15}{143,77.52,216.15}{144,77.92,217.15}{145,78.32,218.15}{146,78.72,219.15}{147,79.11,220.15}{148,79.51,221.15}{149,79.91,222.15}{150,80.31,223.15}{151,80.7,224.15}{152,81.1,225.15}{153,81.5,226.15}{154,81.89,227.15}{155,82.29,228.15}{156,82.69,229.15}{157,83.08,230.15}{158,83.48,231.15}{159,83.88,232.15}{160,84.27,233.15}{161,84.67,234.15}{162,85.06,235.15}{163,85.46,236.15}{164,85.85,237.15}{165,86.25,238.15}{166,86.64,239.15}{167,87.04,240.15}{168,87.43,241.15}{169,87.83,242.15}{170,88.22,243.15}{171,88.62,244.15}{172,89.01,245.15}{173,89.4,246.15}{174,89.8,247.15}{175,90.19,248.15}{176,90.59,249.15}{177,90.98,250.15}{178,91.37,251.15}{179,91.77,252.15}{180,92.16,253.15}{181,92.55,254.15}{182,92.95,255.15}{183,93.34,256.15}{184,93.73,257.15}{185,94.12,258.15}{186,94.52,259.15}{187,94.91,260.15}{188,95.3,261.15}{189,95.69,262.15}{190,96.09,263.15}{191,96.48,264.15}{192,96.87,265.15}{193,97.26,266.15}{194,97.65,267.15}{195,98.04,268.15}{196,98.44,269.15}{197,98.83,270.15}{198,99.22,271.15}{199,99.61,272.15}{200,100,273.15}{201,100.39,274.15}{202,100.78,275.15}{203,101.17,276.15}{204,101.56,277.15}{205,101.95,278.15}{206,102.34,279.15}{207,102.73,280.15}{208,103.12,281.15}{209,103.51,282.15}{210,103.9,283.15}{211,104.29,284.15}{212,104.68,285.15}{213,105.07,286.15}{214,105.46,287.15}{215,105.85,288.15}{216,106.24,289.15}{217,106.63,290.15}{218,107.02,291.15}{219,107.4,292.15}{220,107.79,293.15}{221,108.18,294.15}{222,108.57,295.15}{223,108.96,296.15}{224,109.35,297.15}{225,109.73,298.15}{226,110.12,299.15}{227,110.51,300.15}{228,110.9,301.15}{229,111.28,302.15}{230,111.67,303.15}{231,112.06,304.15}{232,112.45,305.15}{233,112.83,306.15}{234,113.22,307.15}{235,113.61,308.15}{236,113.99,309.15}{237,114.38,310.15}{238,114.77,311.15}{239,115.15,312.15}{240,115.54,313.15}{241,115.93,314.15}{242,116.31,315.15}{243,116.7,316.15}{244,117.08,317.15}{245,117.47,318.15}{246,117.85,319.15}{247,118.24,320.15}{248,118.62,321.15}{249,119.01,322.15}{250,119.4,323.15}{251,119.78,324.15}{252,120.16,325.15}{253,120.55,326.15}{254,120.93,327.15}{255,121.32,328.15}{256,121.7,329.15}{257,122.09,330.15}{258,122.47,331.15}{259,122.86,332.15}{260,123.24,333.15}{261,123.62,334.15}{262,124.01,335.15}{263,124.39,336.15}{264,124.77,337.15}{265,125.17,338.15}{266,125.55,339.15}{267,125.93,340.15}{268,126.32,341.15}{269,126.7,342.15}{270,127.08,343.15}{271,127.46,344.15}{272,127.85,345.15}{273,128.23,346.15}{274,128.61,347.15}{275,128.99,348.15}{276,129.38,349.15}{277,129.76,350.15}{278,130.14,351.15}{279,130.52,352.15}{280,130.9,353.15}{281,131.28,354.15}{282,131.67,355.15}{283,132.05,356.15}{284,132.43,357.15}{285,132.81,358.15}{286,133.19,359.15}{287,133.57,360.15}{288,133.95,361.15}{289,134.33,362.15}{290,134.71,363.15}{291,135.09,364.15}{292,135.47,365.15}{293,135.85,366.15}{294,136.23,367.15}{295,136.61,368.15}{296,136.99,369.15}{297,137.37,370.15}{298,137.75,371.15}{299,138.13,372.15}{300,138.51,373.15}{301,138.89,374.15}{302,139.27,375.15}{303,139.65,376.15}{304,140.03,377.15}{305,140.39,378.15}{306,140.77,379.15}{307,141.15,380.15}{308,141.53,381.15}{309,141.91,382.15}{310,142.29,383.15}{311,142.66,384.15}{312,143.04,385.15}{313,143.42,386.15}{314,143.8,387.15}{315,144.18,388.15}{316,144.56,389.15}{317,144.94,390.15}{318,145.32,391.15}{319,145.69,392.15}{320,146.07,393.15}{321,146.45,394.15}{322,146.82,395.15}{323,147.2,396.15}{324,147.58,397.15}{325,147.95,398.15}{326,148.33,399.15}{327,148.71,400.15}{328,149.08,401.15}{329,149.46,402.15}{330,149.83,403.15}{331,150.21,404.15}{332,150.58,405.15}{333,150.96,406.15}{334,151.34,407.15}{335,151.71,408.15}{336,152.09,409.15}{337,152.46,410.15}{338,152.84,411.15}{339,153.21,412.15}{340,153.58,413.15}{341,153.95,414.15}{342,154.32,415.15}{343,154.71,416.15}{344,155.08,417.15}{345,155.46,418.15}{346,155.83,419.15}{347,156.21,420.15}{348,156.58,421.15}{349,156.96,422.15}{350,157.33,423.15}{351,157.71,424.15}{352,158.08,425.15}{353,158.45,426.15}{354,158.83,427.15}{355,159.2,428.15}{356,159.56,429.15}{357,159.94,430.15}{358,160.31,431.15}{359,160.68,432.15}{360,161.05,433.15}{361,161.43,434.15}{362,161.8,435.15}{363,162.17,436.15}{364,162.54,437.15}{365,162.91,438.15}{366,163.28,439.15}{367,163.66,440.15}{368,164.03,441.15}{369,164.4,442.15}{370,164.77,443.15}{371,165.14,444.15}{372,165.51,445.15}{373,165.88,446.15}{374,166.25,447.15}{375,166.62,448.15}{376,167,449.15}{377,167.37,450.15}{378,167.74,451.15}{379,168.11,452.15}{380,168.48,453.15}{381,168.85,454.15}{382,169.22,455.15}{383,169.59,456.15}{384,169.96,457.15}{385,170.33,458.15}{386,170.69,459.15}{387,171.06,460.15}{388,171.43,461.15}{389,171.8,462.15}{390,172.17,463.15}{391,172.54,464.15}{392,172.91,465.15}{393,173.27,466.15}{394,173.64,467.15}{395,174.01,468.15}{396,174.39,469.15}{397,174.75,470.15}{398,175.12,471.15}{399,175.49,472.15}{400,175.86,473.15}{401,176.23,474.15}{402,176.59,475.15}{403,176.96,476.15}{404,177.33,477.15}{405,177.7,478.15}{406,178.06,479.15}{407,178.43,480.15}{408,178.8,481.15}{409,179.16,482.15}{410,179.53,483.15}{411,179.9,484.15}{412,180.26,485.15}{413,180.63,486.15}{414,180.99,487.15}{415,181.36,488.15}{416,181.73,489.15}{417,182.09,490.15}{418,182.46,491.15}{419,182.82,492.15}{420,183.19,493.15}{421,183.55,494.15}{422,183.92,495.15}{423,184.28,496.15}{424,184.65,497.15}{425,185.01,498.15}{426,185.38,499.15}{427,185.74,500.15}{428,186.11,501.15}{429,186.47,502.15}{430,186.84,503.15}{431,187.2,504.15}{432,187.56,505.15}{433,187.93,506.15}{434,188.29,507.15}{435,188.65,508.15}{436,189.02,509.15}{437,189.38,510.15}{438,189.74,511.15}{439,190.11,512.15}{440,190.47,513.15}{441,190.83,514.15}{442,191.2,515.15}{443,191.56,516.15}{444,191.92,517.15}{445,192.28,518.15}{446,192.66,519.15}{447,193.02,520.15}{448,193.38,521.15}{449,193.74,522.15}{450,194.1,523.15}{451,194.47,524.15}{452,194.83,525.15}{453,195.19,526.15}{454,195.55,527.15}{455,195.9,528.15}{456,196.26,529.15}{457,196.62,530.15}{458,196.98,531.15}{459,197.35,532.15}{460,197.71,533.15}{461,198.07,534.15}{462,198.43,535.15}{463,198.79,536.15}{464,199.15,537.15}{465,199.51,538.15}{466,199.87,539.15}{467,200.23,540.15}{468,200.59,541.15}{469,200.95,542.15}{470,201.31,543.15}{471,201.67,544.15}{472,202.03,545.15}{473,202.38,546.15}{474,202.74,547.15}{475,203.1,548.15}{476,203.46,549.15}{477,203.82,550.15}{478,204.18,551.15}{479,204.54,552.15}{480,204.9,553.15}{481,205.25,554.15}{482,205.61,555.15}{483,205.97,556.15}{484,206.33,557.15}{485,206.7,558.15}{486,207.05,559.15}{487,207.41,560.15}{488,207.77,561.15}{489,208.13,562.15}{490,208.48,563.15}{491,208.84,564.15}{492,209.2,565.15}{493,209.55,566.15}{494,209.91,567.15}{495,210.27,568.15}{496,210.62,569.15}{497,210.98,570.15}{498,211.34,571.15}{499,211.69,572.15}{500,212.05,573.15}{501,212.4,574.15}{502,212.76,575.15}{503,213.12,576.15}{504,213.47,577.15}{505,213.83,578.15}{506,214.19,579.15}{507,214.55,580.15}{508,214.9,581.15}{509,215.26,582.15}{510,215.61,583.15}{511,215.97,584.15}{512,216.32,585.15}{513,216.68,586.15}{514,217.03,587.15}{515,217.39,588.15}{516,217.73,589.15}{517,218.08,590.15}{518,218.44,591.15}{519,218.79,592.15}{520,219.15,593.15}{521,219.5,594.15}{522,219.85,595.15}{523,220.21,596.15}{524,220.56,597.15}{525,220.91,598.15}{526,221.27,599.15}{527,221.62,600.15}{528,221.97,601.15}{529,222.32,602.15}{530,222.68,603.15}{531,223.03,604.15}{532,223.38,605.15}{533,223.73,606.15}{534,224.09,607.15}{535,224.45,608.15}{536,224.8,609.15}{537,225.15,610.15}{538,225.5,611.15}{539,225.85,612.15}{540,226.21,613.15}{541,226.56,614.15}{542,226.91,615.15}{543,227.26,616.15}{544,227.61,617.15}{545,227.96,618.15}{546,228.31,619.15}{547,228.66,620.15}{548,229.01,621.15}{549,229.36,622.15}{550,229.72,623.15}{551,230.07,624.15}{552,230.42,625.15}{553,230.77,626.15}{554,231.12,627.15}{555,231.47,628.15}{556,231.81,629.15}{557,232.16,630.15}{558,232.51,631.15}{559,232.86,632.15}{560,233.21,633.15}{561,233.56,634.15}{562,233.91,635.15}{563,234.26,636.15}{564,234.6,637.15}{565,234.95,638.15}{566,235.3,639.15}{567,235.65,640.15}{568,236,641.15}{569,236.35,642.15}{570,236.7,643.15}{571,237.05,644.15}{572,237.4,645.15}{573,237.75,646.15}{574,238.09,647.15}{575,238.44,648.15}{576,238.79,649.15}{577,239.14,650.15}{578,239.48,651.15}{579,239.83,652.15}{580,240.18,653.15}{581,240.52,654.15}{582,240.87,655.15}{583,241.22,656.15}{584,241.56,657.15}{585,241.91,658.15}{586,242.25,659.15}{587,242.6,660.15}{588,242.95,661.15}{589,243.29,662.15}{590,243.64,663.15}{591,243.98,664.15}{592,244.33,665.15}{593,244.67,666.15}{594,245.02,667.15}{595,245.36,668.15}{596,245.71,669.15}{597,246.05,670.15}{598,246.4,671.15}{599,246.74,672.15}{600,247.09,673.15}{601,247.43,674.15}{602,247.78,675.15}{603,248.12,676.15}{604,248.46,677.15}{605,248.81,678.15}{606,249.15,679.15}{607,249.5,680.15}{608,249.84,681.15}{609,250.18,682.15}{610,250.53,683.15}{611,250.89,684.15}{612,251.21,685.15}{613,251.55,686.15}{614,251.9,687.15}{615,252.24,688.15}{616,252.59,689.15}{617,252.94,690.15}{618,253.28,691.15}{619,253.62,692.15}{620,253.96,693.15}{621,254.3,694.15}{622,254.65,695.15}{623,254.99,696.15}{624,255.33,697.15}{625,255.67,698.15}{626,256.01,699.15}{627,256.35,700.15}{628,256.7,701.15}{629,257.04,702.15}{630,257.38,703.15}{631,257.72,704.15}{632,258.06,705.15}{633,258.4,706.15}{634,258.74,707.15}{635,259.08,708.15}{636,259.42,709.15}{637,259.76,710.15}{638,260.1,711.15}{639,260.44,712.15}{640,260.78,713.15}{641,261.12,714.15}{642,261.46,715.15}{643,261.8,716.15}{644,262.14,717.15}{645,262.48,718.15}{646,262.83,719.15}{647,263.17,720.15}{648,263.5,721.15}{649,263.84,722.15}{650,264.18,723.15}{651,264.52,724.15}{652,264.86,725.15}{653,265.2,726.15}{654,265.54,727.15}{655,265.87,728.15}{656,266.21,729.15}{657,266.55,730.15}{658,266.89,731.15}{659,267.22,732.15}{660,267.56,733.15}{661,267.9,734.15}{662,268.24,735.15}{663,268.57,736.15}{664,268.91,737.15}{665,269.25,738.15}{666,269.58,739.15}{667,269.92,740.15}{668,270.26,741.15}{669,270.59,742.15}{670,270.93,743.15}{671,271.27,744.15}{672,271.6,745.15}{673,271.94,746.15}{674,272.27,747.15}{675,272.61,748.15}{676,272.95,749.15}{677,273.28,750.15}{678,273.62,751.15}{679,273.95,752.15}{680,274.29,753.15}{681,274.62,754.15}{682,274.96,755.15}{683,275.29,756.15}{684,275.63,757.15}{685,275.96,758.15}{686,276.31,759.15}{687,276.64,760.15}{688,276.97,761.15}{689,277.31,762.15}{690,277.64,763.15}{691,277.98,764.15}{692,278.31,765.15}{693,278.64,766.15}{694,278.98,767.15}{695,279.31,768.15}{696,279.64,769.15}{697,279.98,770.15}{698,280.31,771.15}{699,280.64,772.15}{700,280.98,773.15}{701,281.31,774.15}{702,281.64,775.15}{703,281.97,776.15}{704,282.31,777.15}{705,282.64,778.15}{706,282.97,779.15}{707,283.3,780.15}{708,283.63,781.15}{709,283.97,782.15}{710,284.3,783.15}{711,284.63,784.15}{712,284.96,785.15}{713,285.29,786.15}{714,285.62,787.15}{715,285.95,788.15}{716,286.3,789.15}{717,286.63,790.15}{718,286.96,791.15}{719,287.29,792.15}{720,287.62,793.15}{721,287.95,794.15}{722,288.28,795.15}{723,288.61,796.15}{724,288.94,797.15}{725,289.27,798.15}{726,289.6,799.15}{727,289.93,800.15}{728,290.26,801.15}{729,290.59,802.15}{730,290.92,803.15}{731,291.25,804.15}{732,291.58,805.15}{733,291.9,806.15}{734,292.23,807.15}{735,292.56,808.15}{736,292.9,809.15}{737,293.23,810.15}{738,293.56,811.15}{739,293.89,812.15}{740,294.21,813.15}{741,294.54,814.15}{742,294.87,815.15}{743,295.2,816.15}{744,295.53,817.15}{745,295.85,818.15}{746,296.18,819.15}{747,296.51,820.15}{748,296.84,821.15}{749,297.16,822.15}{750,297.49,823.15}{751,297.82,824.15}{752,298.14,825.15}{753,298.47,826.15}{754,298.8,827.15}{755,299.12,828.15}{756,299.45,829.15}{757,299.78,830.15}{758,300.1,831.15}{759,300.43,832.15}{760,300.75,833.15}{761,301.08,834.15}{762,301.41,835.15}{763,301.73,836.15}{764,302.06,837.15}{765,302.38,838.15}{766,302.71,839.15}{767,303.03,840.15}{768,303.36,841.15}{769,303.68,842.15}{770,304.01,843.15}{771,304.33,844.15}{772,304.66,845.15}{773,304.98,846.15}{774,305.3,847.15}{775,305.63,848.15}{776,305.95,849.15}{777,306.28,850.15}{778,306.6,851.15}{779,306.92,852.15}{780,307.25,853.15}{781,307.57,854.15}{782,307.89,855.15}{783,308.22,856.15}{784,308.54,857.15}{785,308.86,858.15}{786,309.19,859.15}{787,309.51,860.15}{788,309.83,861.15}{789,310.15,862.15}{790,310.48,863.15}{791,310.8,864.15}{792,311.12,865.15}{793,311.45,866.15}{794,311.78,867.15}{795,312.1,868.15}{796,312.43,869.15}{797,312.75,870.15}{798,313.07,871.15}{799,313.39,872.15}{800,313.71,873.15}{801,314.04,874.15}{802,314.36,875.15}{803,314.68,876.15}{804,315,877.15}{805,315.32,878.15}{806,315.64,879.15}{807,315.96,880.15}{808,316.28,881.15}{809,316.6,882.15}{810,316.92,883.15}{811,317.24,884.15}{812,317.56,885.15}{813,317.88,886.15}{814,318.2,887.15}{815,318.52,888.15}{816,318.85,889.15}{817,319.17,890.15}{818,319.49,891.15}{819,319.81,892.15}{820,320.12,893.15}{821,320.44,894.15}{822,320.76,895.15}{823,321.08,896.15}{824,321.4,897.15}{825,321.72,898.15}{826,322.03,899.15}{827,322.34,900.15}{828,322.66,901.15}{829,322.98,902.15}{830,323.3,903.15}{831,323.61,904.15}{832,323.93,905.15}{833,324.25,906.15}{834,324.57,907.15}{835,324.88,908.15}{836,325.21,909.15}{837,325.53,910.15}{838,325.85,911.15}{839,326.16,912.15}{840,326.48,913.15}{841,326.79,914.15}{842,327.11,915.15}{843,327.43,916.15}{844,327.74,917.15}{845,328.06,918.15}{846,328.38,919.15}{847,328.69,920.15}{848,329.01,921.15}{849,329.32,922.15}{850,329.64,923.15}{851,329.95,924.15}{852,330.27,925.15}{853,330.58,926.15}{854,330.9,927.15}{855,331.21,928.15}{856,331.53,929.15}{857,331.84,930.15}{858,332.16,931.15}{859,332.47,932.15}{860,332.79,933.15}{861,333.1,934.15}{862,333.41,935.15}{863,333.73,936.15}{864,334.04,937.15}{865,334.36,938.15}{866,334.68,939.15}{867,334.99,940.15}{868,335.31,941.15}{869,335.62,942.15}{870,335.93,943.15}{871,336.25,944.15}{872,336.56,945.15}{873,336.87,946.15}{874,337.18,947.15}{875,337.5,948.15}{876,337.81,949.15}{877,338.12,950.15}{878,338.43,951.15}{879,338.75,952.15}{880,339.06,953.15}{881,339.37,954.15}{882,339.68,955.15}{883,339.99,956.15}{884,340.3,957.15}{885,340.62,958.15}{886,340.94,959.15}{887,341.25,960.15}{888,341.55,961.15}{889,341.87,962.15}{890,342.18,963.15}{891,342.49,964.15}{892,342.8,965.15}{893,343.11,966.15}{894,343.42,967.15}{895,343.73,968.15}{896,344.04,969.15}{897,344.35,970.15}{898,344.66,971.15}{899,344.97,972.15}{900,345.28,973.15}{901,345.59,974.15}{902,345.9,975.15}{903,346.21,976.15}{904,346.52,977.15}{905,346.83,978.15}{906,347.15,979.15}{907,347.46,980.15}{908,347.76,981.15}{909,348.07,982.15}{910,348.38,983.15}{911,348.69,984.15}{912,349,985.15}{913,349.31,986.15}{914,349.61,987.15}{915,349.92,988.15}{916,350.23,989.15}{917,350.54,990.15}{918,350.85,991.15}{919,351.15,992.15}{920,351.46,993.15}{921,351.77,994.15}{922,352.07,995.15}{923,352.38,996.15}{924,352.69,997.15}{925,352.99,998.15}{926,353.3,999.15}{927,353.61,1000.15}{928,353.91,1001.15}{929,354.22,1002.15}{930,354.53,1003.15}{931,354.83,1004.15}{932,355.14,1005.15}{933,355.44,1006.15}{934,355.75,1007.15}{935,356.06,1008.15}{936,356.37,1009.15}{937,356.68,1010.15}{938,356.98,1011.15}{939,357.29,1012.15}{940,357.59,1013.15}{941,357.9,1014.15}{942,358.2,1015.15}{943,358.51,1016.15}{944,358.81,1017.15}{945,359.12,1018.15}{946,359.42,1019.15}{947,359.72,1020.15}{948,360.03,1021.15}{949,360.33,1022.15}{950,360.64,1023.15}{951,360.94,1024.15}{952,361.24,1025.15}{953,361.55,1026.15}{954,361.85,1027.15}{955,362.15,1028.15}{956,362.46,1029.15}{957,362.76,1030.15}{958,363.06,1031.15}{959,363.36,1032.15}{960,363.67,1033.15}{961,363.97,1034.15}{962,364.27,1035.15}{963,364.57,1036.15}{964,364.88,1037.15}{965,365.18,1038.15}{966,365.49,1039.15}{967,365.79,1040.15}{968,366.09,1041.15}{969,366.4,1042.15}{970,366.7,1043.15}{971,367,1044.15}{972,367.3,1045.15}{973,367.6,1046.15}{974,367.9,1047.15}{975,368.2,1048.15}{976,368.5,1049.15}{977,368.81,1050.15}{978,369.11,1051.15}{979,369.41,1052.15}{980,369.71,1053.15}{981,370.01,1054.15}{982,370.31,1055.15}{983,370.61,1056.15}{984,370.91,1057.15}{985,371.21,1058.15}{986,371.52,1059.15}{987,371.82,1060.15}{988,372.12,1061.15}{989,372.41,1062.15}{990,372.71,1063.15}{991,373.01,1064.15}{992,373.31,1065.15}{993,373.61,1066.15}{994,373.91,1067.15}{995,374.21,1068.15}{996,374.51,1069.15}{997,374.8,1070.15}{998,375.1,1071.15}{999,375.4,1072.15}{1000,375.7,1073.15}{1001,376,1074.15}{1002,376.29,1075.15}{1003,376.59,1076.15}{1004,376.89,1077.15}{1005,377.19,1078.15}{1006,377.49,1079.15}{1007,377.79,1080.15}{1008,378.09,1081.15}{1009,378.39,1082.15}{1010,378.68,1083.15}{1011,378.98,1084.15}{1012,379.28,1085.15}{1013,379.57,1086.15}{1014,379.87,1087.15}{1015,380.17,1088.15}{1016,380.46,1089.15}{1017,380.76,1090.15}{1018,381.05,1091.15}{1019,381.35,1092.15}{1020,381.65,1093.15}{1021,381.94,1094.15}{1022,382.24,1095.15}{1023,382.53,1096.15}{1024,382.83,1097.15}{1025,383.12,1098.15}{1026,383.42,1099.15}{1027,383.71,1100.15}{1028,384.01,1101.15}{1029,384.3,1102.15}{1030,384.6,1103.15}{1031,384.89,1104.15}{1032,385.18,1105.15}{1033,385.48,1106.15}{1034,385.77,1107.15}{1035,386.07,1108.15}{1036,386.37,1109.15}{1037,386.66,1110.15}{1038,386.96,1111.15}{1039,387.25,1112.15}{1040,387.55,1113.15}{1041,387.84,1114.15}{1042,388.13,1115.15}{1043,388.42,1116.15}{1044,388.72,1117.15}{1045,389.01,1118.15}{1046,389.31,1119.15}{1047,389.61,1120.15}{1048,389.9,1121.15}{1049,390.19,1122.15}{1050,390.48,1123.15}&quot;"/>
                                                <instance name="dev02/Config/ch00007/Calibration_Sensor_Calibration_Date" order="0" value="2020-01-01"/>
                                                <instance name="dev01/Config/ch00012/RTDWireScheme" order="0" value="4"/>
                                                <instance name="dev01/Config/ch00002/Calibration_Sensor_Curve" order="0" value="&quot;{0,18.52,73.15}{1,18.96,74.15}{2,19.39,75.15}{3,19.82,76.15}{4,20.25,77.15}{5,20.68,78.15}{6,21.11,79.15}{7,21.54,80.15}{8,21.97,81.15}{9,22.4,82.15}{10,22.83,83.15}{11,23.26,84.15}{12,23.69,85.15}{13,24.12,86.15}{14,24.55,87.15}{15,24.97,88.15}{16,25.39,89.15}{17,25.82,90.15}{18,26.25,91.15}{19,26.67,92.15}{20,27.1,93.15}{21,27.52,94.15}{22,27.95,95.15}{23,28.37,96.15}{24,28.8,97.15}{25,29.22,98.15}{26,29.65,99.15}{27,30.07,100.15}{28,30.49,101.15}{29,30.92,102.15}{30,31.34,103.15}{31,31.76,104.15}{32,32.18,105.15}{33,32.61,106.15}{34,33.03,107.15}{35,33.45,108.15}{36,33.86,109.15}{37,34.28,110.15}{38,34.7,111.15}{39,35.12,112.15}{40,35.54,113.15}{41,35.96,114.15}{42,36.38,115.15}{43,36.8,116.15}{44,37.22,117.15}{45,37.63,118.15}{46,38.05,119.15}{47,38.47,120.15}{48,38.89,121.15}{49,39.31,122.15}{50,39.72,123.15}{51,40.14,124.15}{52,40.56,125.15}{53,40.97,126.15}{54,41.39,127.15}{55,41.8,128.15}{56,42.22,129.15}{57,42.64,130.15}{58,43.05,131.15}{59,43.46,132.15}{60,43.88,133.15}{61,44.29,134.15}{62,44.71,135.15}{63,45.12,136.15}{64,45.53,137.15}{65,45.95,138.15}{66,46.35,139.15}{67,46.76,140.15}{68,47.18,141.15}{69,47.59,142.15}{70,48,143.15}{71,48.41,144.15}{72,48.82,145.15}{73,49.23,146.15}{74,49.64,147.15}{75,50.06,148.15}{76,50.47,149.15}{77,50.88,150.15}{78,51.29,151.15}{79,51.7,152.15}{80,52.11,153.15}{81,52.52,154.15}{82,52.92,155.15}{83,53.33,156.15}{84,53.74,157.15}{85,54.15,158.15}{86,54.56,159.15}{87,54.97,160.15}{88,55.38,161.15}{89,55.78,162.15}{90,56.19,163.15}{91,56.6,164.15}{92,57,165.15}{93,57.41,166.15}{94,57.82,167.15}{95,58.22,168.15}{96,58.63,169.15}{97,59.04,170.15}{98,59.44,171.15}{99,59.85,172.15}{100,60.26,173.15}{101,60.67,174.15}{102,61.07,175.15}{103,61.48,176.15}{104,61.87,177.15}{105,62.29,178.15}{106,62.69,179.15}{107,63.1,180.15}{108,63.5,181.15}{109,63.91,182.15}{110,64.3,183.15}{111,64.7,184.15}{112,65.11,185.15}{113,65.51,186.15}{114,65.91,187.15}{115,66.31,188.15}{116,66.72,189.15}{117,67.12,190.15}{118,67.52,191.15}{119,67.92,192.15}{120,68.33,193.15}{121,68.73,194.15}{122,69.13,195.15}{123,69.53,196.15}{124,69.93,197.15}{125,70.33,198.15}{126,70.73,199.15}{127,71.13,200.15}{128,71.53,201.15}{129,71.93,202.15}{130,72.33,203.15}{131,72.73,204.15}{132,73.13,205.15}{133,73.53,206.15}{134,73.93,207.15}{135,74.33,208.15}{136,74.73,209.15}{137,75.13,210.15}{138,75.53,211.15}{139,75.93,212.15}{140,76.33,213.15}{141,76.73,214.15}{142,77.13,215.15}{143,77.52,216.15}{144,77.92,217.15}{145,78.32,218.15}{146,78.72,219.15}{147,79.11,220.15}{148,79.51,221.15}{149,79.91,222.15}{150,80.31,223.15}{151,80.7,224.15}{152,81.1,225.15}{153,81.5,226.15}{154,81.89,227.15}{155,82.29,228.15}{156,82.69,229.15}{157,83.08,230.15}{158,83.48,231.15}{159,83.88,232.15}{160,84.27,233.15}{161,84.67,234.15}{162,85.06,235.15}{163,85.46,236.15}{164,85.85,237.15}{165,86.25,238.15}{166,86.64,239.15}{167,87.04,240.15}{168,87.43,241.15}{169,87.83,242.15}{170,88.22,243.15}{171,88.62,244.15}{172,89.01,245.15}{173,89.4,246.15}{174,89.8,247.15}{175,90.19,248.15}{176,90.59,249.15}{177,90.98,250.15}{178,91.37,251.15}{179,91.77,252.15}{180,92.16,253.15}{181,92.55,254.15}{182,92.95,255.15}{183,93.34,256.15}{184,93.73,257.15}{185,94.12,258.15}{186,94.52,259.15}{187,94.91,260.15}{188,95.3,261.15}{189,95.69,262.15}{190,96.09,263.15}{191,96.48,264.15}{192,96.87,265.15}{193,97.26,266.15}{194,97.65,267.15}{195,98.04,268.15}{196,98.44,269.15}{197,98.83,270.15}{198,99.22,271.15}{199,99.61,272.15}{200,100,273.15}{201,100.39,274.15}{202,100.78,275.15}{203,101.17,276.15}{204,101.56,277.15}{205,101.95,278.15}{206,102.34,279.15}{207,102.73,280.15}{208,103.12,281.15}{209,103.51,282.15}{210,103.9,283.15}{211,104.29,284.15}{212,104.68,285.15}{213,105.07,286.15}{214,105.46,287.15}{215,105.85,288.15}{216,106.24,289.15}{217,106.63,290.15}{218,107.02,291.15}{219,107.4,292.15}{220,107.79,293.15}{221,108.18,294.15}{222,108.57,295.15}{223,108.96,296.15}{224,109.35,297.15}{225,109.73,298.15}{226,110.12,299.15}{227,110.51,300.15}{228,110.9,301.15}{229,111.28,302.15}{230,111.67,303.15}{231,112.06,304.15}{232,112.45,305.15}{233,112.83,306.15}{234,113.22,307.15}{235,113.61,308.15}{236,113.99,309.15}{237,114.38,310.15}{238,114.77,311.15}{239,115.15,312.15}{240,115.54,313.15}{241,115.93,314.15}{242,116.31,315.15}{243,116.7,316.15}{244,117.08,317.15}{245,117.47,318.15}{246,117.85,319.15}{247,118.24,320.15}{248,118.62,321.15}{249,119.01,322.15}{250,119.4,323.15}{251,119.78,324.15}{252,120.16,325.15}{253,120.55,326.15}{254,120.93,327.15}{255,121.32,328.15}{256,121.7,329.15}{257,122.09,330.15}{258,122.47,331.15}{259,122.86,332.15}{260,123.24,333.15}{261,123.62,334.15}{262,124.01,335.15}{263,124.39,336.15}{264,124.77,337.15}{265,125.17,338.15}{266,125.55,339.15}{267,125.93,340.15}{268,126.32,341.15}{269,126.7,342.15}{270,127.08,343.15}{271,127.46,344.15}{272,127.85,345.15}{273,128.23,346.15}{274,128.61,347.15}{275,128.99,348.15}{276,129.38,349.15}{277,129.76,350.15}{278,130.14,351.15}{279,130.52,352.15}{280,130.9,353.15}{281,131.28,354.15}{282,131.67,355.15}{283,132.05,356.15}{284,132.43,357.15}{285,132.81,358.15}{286,133.19,359.15}{287,133.57,360.15}{288,133.95,361.15}{289,134.33,362.15}{290,134.71,363.15}{291,135.09,364.15}{292,135.47,365.15}{293,135.85,366.15}{294,136.23,367.15}{295,136.61,368.15}{296,136.99,369.15}{297,137.37,370.15}{298,137.75,371.15}{299,138.13,372.15}{300,138.51,373.15}{301,138.89,374.15}{302,139.27,375.15}{303,139.65,376.15}{304,140.03,377.15}{305,140.39,378.15}{306,140.77,379.15}{307,141.15,380.15}{308,141.53,381.15}{309,141.91,382.15}{310,142.29,383.15}{311,142.66,384.15}{312,143.04,385.15}{313,143.42,386.15}{314,143.8,387.15}{315,144.18,388.15}{316,144.56,389.15}{317,144.94,390.15}{318,145.32,391.15}{319,145.69,392.15}{320,146.07,393.15}{321,146.45,394.15}{322,146.82,395.15}{323,147.2,396.15}{324,147.58,397.15}{325,147.95,398.15}{326,148.33,399.15}{327,148.71,400.15}{328,149.08,401.15}{329,149.46,402.15}{330,149.83,403.15}{331,150.21,404.15}{332,150.58,405.15}{333,150.96,406.15}{334,151.34,407.15}{335,151.71,408.15}{336,152.09,409.15}{337,152.46,410.15}{338,152.84,411.15}{339,153.21,412.15}{340,153.58,413.15}{341,153.95,414.15}{342,154.32,415.15}{343,154.71,416.15}{344,155.08,417.15}{345,155.46,418.15}{346,155.83,419.15}{347,156.21,420.15}{348,156.58,421.15}{349,156.96,422.15}{350,157.33,423.15}{351,157.71,424.15}{352,158.08,425.15}{353,158.45,426.15}{354,158.83,427.15}{355,159.2,428.15}{356,159.56,429.15}{357,159.94,430.15}{358,160.31,431.15}{359,160.68,432.15}{360,161.05,433.15}{361,161.43,434.15}{362,161.8,435.15}{363,162.17,436.15}{364,162.54,437.15}{365,162.91,438.15}{366,163.28,439.15}{367,163.66,440.15}{368,164.03,441.15}{369,164.4,442.15}{370,164.77,443.15}{371,165.14,444.15}{372,165.51,445.15}{373,165.88,446.15}{374,166.25,447.15}{375,166.62,448.15}{376,167,449.15}{377,167.37,450.15}{378,167.74,451.15}{379,168.11,452.15}{380,168.48,453.15}{381,168.85,454.15}{382,169.22,455.15}{383,169.59,456.15}{384,169.96,457.15}{385,170.33,458.15}{386,170.69,459.15}{387,171.06,460.15}{388,171.43,461.15}{389,171.8,462.15}{390,172.17,463.15}{391,172.54,464.15}{392,172.91,465.15}{393,173.27,466.15}{394,173.64,467.15}{395,174.01,468.15}{396,174.39,469.15}{397,174.75,470.15}{398,175.12,471.15}{399,175.49,472.15}{400,175.86,473.15}{401,176.23,474.15}{402,176.59,475.15}{403,176.96,476.15}{404,177.33,477.15}{405,177.7,478.15}{406,178.06,479.15}{407,178.43,480.15}{408,178.8,481.15}{409,179.16,482.15}{410,179.53,483.15}{411,179.9,484.15}{412,180.26,485.15}{413,180.63,486.15}{414,180.99,487.15}{415,181.36,488.15}{416,181.73,489.15}{417,182.09,490.15}{418,182.46,491.15}{419,182.82,492.15}{420,183.19,493.15}{421,183.55,494.15}{422,183.92,495.15}{423,184.28,496.15}{424,184.65,497.15}{425,185.01,498.15}{426,185.38,499.15}{427,185.74,500.15}{428,186.11,501.15}{429,186.47,502.15}{430,186.84,503.15}{431,187.2,504.15}{432,187.56,505.15}{433,187.93,506.15}{434,188.29,507.15}{435,188.65,508.15}{436,189.02,509.15}{437,189.38,510.15}{438,189.74,511.15}{439,190.11,512.15}{440,190.47,513.15}{441,190.83,514.15}{442,191.2,515.15}{443,191.56,516.15}{444,191.92,517.15}{445,192.28,518.15}{446,192.66,519.15}{447,193.02,520.15}{448,193.38,521.15}{449,193.74,522.15}{450,194.1,523.15}{451,194.47,524.15}{452,194.83,525.15}{453,195.19,526.15}{454,195.55,527.15}{455,195.9,528.15}{456,196.26,529.15}{457,196.62,530.15}{458,196.98,531.15}{459,197.35,532.15}{460,197.71,533.15}{461,198.07,534.15}{462,198.43,535.15}{463,198.79,536.15}{464,199.15,537.15}{465,199.51,538.15}{466,199.87,539.15}{467,200.23,540.15}{468,200.59,541.15}{469,200.95,542.15}{470,201.31,543.15}{471,201.67,544.15}{472,202.03,545.15}{473,202.38,546.15}{474,202.74,547.15}{475,203.1,548.15}{476,203.46,549.15}{477,203.82,550.15}{478,204.18,551.15}{479,204.54,552.15}{480,204.9,553.15}{481,205.25,554.15}{482,205.61,555.15}{483,205.97,556.15}{484,206.33,557.15}{485,206.7,558.15}{486,207.05,559.15}{487,207.41,560.15}{488,207.77,561.15}{489,208.13,562.15}{490,208.48,563.15}{491,208.84,564.15}{492,209.2,565.15}{493,209.55,566.15}{494,209.91,567.15}{495,210.27,568.15}{496,210.62,569.15}{497,210.98,570.15}{498,211.34,571.15}{499,211.69,572.15}{500,212.05,573.15}{501,212.4,574.15}{502,212.76,575.15}{503,213.12,576.15}{504,213.47,577.15}{505,213.83,578.15}{506,214.19,579.15}{507,214.55,580.15}{508,214.9,581.15}{509,215.26,582.15}{510,215.61,583.15}{511,215.97,584.15}{512,216.32,585.15}{513,216.68,586.15}{514,217.03,587.15}{515,217.39,588.15}{516,217.73,589.15}{517,218.08,590.15}{518,218.44,591.15}{519,218.79,592.15}{520,219.15,593.15}{521,219.5,594.15}{522,219.85,595.15}{523,220.21,596.15}{524,220.56,597.15}{525,220.91,598.15}{526,221.27,599.15}{527,221.62,600.15}{528,221.97,601.15}{529,222.32,602.15}{530,222.68,603.15}{531,223.03,604.15}{532,223.38,605.15}{533,223.73,606.15}{534,224.09,607.15}{535,224.45,608.15}{536,224.8,609.15}{537,225.15,610.15}{538,225.5,611.15}{539,225.85,612.15}{540,226.21,613.15}{541,226.56,614.15}{542,226.91,615.15}{543,227.26,616.15}{544,227.61,617.15}{545,227.96,618.15}{546,228.31,619.15}{547,228.66,620.15}{548,229.01,621.15}{549,229.36,622.15}{550,229.72,623.15}{551,230.07,624.15}{552,230.42,625.15}{553,230.77,626.15}{554,231.12,627.15}{555,231.47,628.15}{556,231.81,629.15}{557,232.16,630.15}{558,232.51,631.15}{559,232.86,632.15}{560,233.21,633.15}{561,233.56,634.15}{562,233.91,635.15}{563,234.26,636.15}{564,234.6,637.15}{565,234.95,638.15}{566,235.3,639.15}{567,235.65,640.15}{568,236,641.15}{569,236.35,642.15}{570,236.7,643.15}{571,237.05,644.15}{572,237.4,645.15}{573,237.75,646.15}{574,238.09,647.15}{575,238.44,648.15}{576,238.79,649.15}{577,239.14,650.15}{578,239.48,651.15}{579,239.83,652.15}{580,240.18,653.15}{581,240.52,654.15}{582,240.87,655.15}{583,241.22,656.15}{584,241.56,657.15}{585,241.91,658.15}{586,242.25,659.15}{587,242.6,660.15}{588,242.95,661.15}{589,243.29,662.15}{590,243.64,663.15}{591,243.98,664.15}{592,244.33,665.15}{593,244.67,666.15}{594,245.02,667.15}{595,245.36,668.15}{596,245.71,669.15}{597,246.05,670.15}{598,246.4,671.15}{599,246.74,672.15}{600,247.09,673.15}{601,247.43,674.15}{602,247.78,675.15}{603,248.12,676.15}{604,248.46,677.15}{605,248.81,678.15}{606,249.15,679.15}{607,249.5,680.15}{608,249.84,681.15}{609,250.18,682.15}{610,250.53,683.15}{611,250.89,684.15}{612,251.21,685.15}{613,251.55,686.15}{614,251.9,687.15}{615,252.24,688.15}{616,252.59,689.15}{617,252.94,690.15}{618,253.28,691.15}{619,253.62,692.15}{620,253.96,693.15}{621,254.3,694.15}{622,254.65,695.15}{623,254.99,696.15}{624,255.33,697.15}{625,255.67,698.15}{626,256.01,699.15}{627,256.35,700.15}{628,256.7,701.15}{629,257.04,702.15}{630,257.38,703.15}{631,257.72,704.15}{632,258.06,705.15}{633,258.4,706.15}{634,258.74,707.15}{635,259.08,708.15}{636,259.42,709.15}{637,259.76,710.15}{638,260.1,711.15}{639,260.44,712.15}{640,260.78,713.15}{641,261.12,714.15}{642,261.46,715.15}{643,261.8,716.15}{644,262.14,717.15}{645,262.48,718.15}{646,262.83,719.15}{647,263.17,720.15}{648,263.5,721.15}{649,263.84,722.15}{650,264.18,723.15}{651,264.52,724.15}{652,264.86,725.15}{653,265.2,726.15}{654,265.54,727.15}{655,265.87,728.15}{656,266.21,729.15}{657,266.55,730.15}{658,266.89,731.15}{659,267.22,732.15}{660,267.56,733.15}{661,267.9,734.15}{662,268.24,735.15}{663,268.57,736.15}{664,268.91,737.15}{665,269.25,738.15}{666,269.58,739.15}{667,269.92,740.15}{668,270.26,741.15}{669,270.59,742.15}{670,270.93,743.15}{671,271.27,744.15}{672,271.6,745.15}{673,271.94,746.15}{674,272.27,747.15}{675,272.61,748.15}{676,272.95,749.15}{677,273.28,750.15}{678,273.62,751.15}{679,273.95,752.15}{680,274.29,753.15}{681,274.62,754.15}{682,274.96,755.15}{683,275.29,756.15}{684,275.63,757.15}{685,275.96,758.15}{686,276.31,759.15}{687,276.64,760.15}{688,276.97,761.15}{689,277.31,762.15}{690,277.64,763.15}{691,277.98,764.15}{692,278.31,765.15}{693,278.64,766.15}{694,278.98,767.15}{695,279.31,768.15}{696,279.64,769.15}{697,279.98,770.15}{698,280.31,771.15}{699,280.64,772.15}{700,280.98,773.15}{701,281.31,774.15}{702,281.64,775.15}{703,281.97,776.15}{704,282.31,777.15}{705,282.64,778.15}{706,282.97,779.15}{707,283.3,780.15}{708,283.63,781.15}{709,283.97,782.15}{710,284.3,783.15}{711,284.63,784.15}{712,284.96,785.15}{713,285.29,786.15}{714,285.62,787.15}{715,285.95,788.15}{716,286.3,789.15}{717,286.63,790.15}{718,286.96,791.15}{719,287.29,792.15}{720,287.62,793.15}{721,287.95,794.15}{722,288.28,795.15}{723,288.61,796.15}{724,288.94,797.15}{725,289.27,798.15}{726,289.6,799.15}{727,289.93,800.15}{728,290.26,801.15}{729,290.59,802.15}{730,290.92,803.15}{731,291.25,804.15}{732,291.58,805.15}{733,291.9,806.15}{734,292.23,807.15}{735,292.56,808.15}{736,292.9,809.15}{737,293.23,810.15}{738,293.56,811.15}{739,293.89,812.15}{740,294.21,813.15}{741,294.54,814.15}{742,294.87,815.15}{743,295.2,816.15}{744,295.53,817.15}{745,295.85,818.15}{746,296.18,819.15}{747,296.51,820.15}{748,296.84,821.15}{749,297.16,822.15}{750,297.49,823.15}{751,297.82,824.15}{752,298.14,825.15}{753,298.47,826.15}{754,298.8,827.15}{755,299.12,828.15}{756,299.45,829.15}{757,299.78,830.15}{758,300.1,831.15}{759,300.43,832.15}{760,300.75,833.15}{761,301.08,834.15}{762,301.41,835.15}{763,301.73,836.15}{764,302.06,837.15}{765,302.38,838.15}{766,302.71,839.15}{767,303.03,840.15}{768,303.36,841.15}{769,303.68,842.15}{770,304.01,843.15}{771,304.33,844.15}{772,304.66,845.15}{773,304.98,846.15}{774,305.3,847.15}{775,305.63,848.15}{776,305.95,849.15}{777,306.28,850.15}{778,306.6,851.15}{779,306.92,852.15}{780,307.25,853.15}{781,307.57,854.15}{782,307.89,855.15}{783,308.22,856.15}{784,308.54,857.15}{785,308.86,858.15}{786,309.19,859.15}{787,309.51,860.15}{788,309.83,861.15}{789,310.15,862.15}{790,310.48,863.15}{791,310.8,864.15}{792,311.12,865.15}{793,311.45,866.15}{794,311.78,867.15}{795,312.1,868.15}{796,312.43,869.15}{797,312.75,870.15}{798,313.07,871.15}{799,313.39,872.15}{800,313.71,873.15}{801,314.04,874.15}{802,314.36,875.15}{803,314.68,876.15}{804,315,877.15}{805,315.32,878.15}{806,315.64,879.15}{807,315.96,880.15}{808,316.28,881.15}{809,316.6,882.15}{810,316.92,883.15}{811,317.24,884.15}{812,317.56,885.15}{813,317.88,886.15}{814,318.2,887.15}{815,318.52,888.15}{816,318.85,889.15}{817,319.17,890.15}{818,319.49,891.15}{819,319.81,892.15}{820,320.12,893.15}{821,320.44,894.15}{822,320.76,895.15}{823,321.08,896.15}{824,321.4,897.15}{825,321.72,898.15}{826,322.03,899.15}{827,322.34,900.15}{828,322.66,901.15}{829,322.98,902.15}{830,323.3,903.15}{831,323.61,904.15}{832,323.93,905.15}{833,324.25,906.15}{834,324.57,907.15}{835,324.88,908.15}{836,325.21,909.15}{837,325.53,910.15}{838,325.85,911.15}{839,326.16,912.15}{840,326.48,913.15}{841,326.79,914.15}{842,327.11,915.15}{843,327.43,916.15}{844,327.74,917.15}{845,328.06,918.15}{846,328.38,919.15}{847,328.69,920.15}{848,329.01,921.15}{849,329.32,922.15}{850,329.64,923.15}{851,329.95,924.15}{852,330.27,925.15}{853,330.58,926.15}{854,330.9,927.15}{855,331.21,928.15}{856,331.53,929.15}{857,331.84,930.15}{858,332.16,931.15}{859,332.47,932.15}{860,332.79,933.15}{861,333.1,934.15}{862,333.41,935.15}{863,333.73,936.15}{864,334.04,937.15}{865,334.36,938.15}{866,334.68,939.15}{867,334.99,940.15}{868,335.31,941.15}{869,335.62,942.15}{870,335.93,943.15}{871,336.25,944.15}{872,336.56,945.15}{873,336.87,946.15}{874,337.18,947.15}{875,337.5,948.15}{876,337.81,949.15}{877,338.12,950.15}{878,338.43,951.15}{879,338.75,952.15}{880,339.06,953.15}{881,339.37,954.15}{882,339.68,955.15}{883,339.99,956.15}{884,340.3,957.15}{885,340.62,958.15}{886,340.94,959.15}{887,341.25,960.15}{888,341.55,961.15}{889,341.87,962.15}{890,342.18,963.15}{891,342.49,964.15}{892,342.8,965.15}{893,343.11,966.15}{894,343.42,967.15}{895,343.73,968.15}{896,344.04,969.15}{897,344.35,970.15}{898,344.66,971.15}{899,344.97,972.15}{900,345.28,973.15}{901,345.59,974.15}{902,345.9,975.15}{903,346.21,976.15}{904,346.52,977.15}{905,346.83,978.15}{906,347.15,979.15}{907,347.46,980.15}{908,347.76,981.15}{909,348.07,982.15}{910,348.38,983.15}{911,348.69,984.15}{912,349,985.15}{913,349.31,986.15}{914,349.61,987.15}{915,349.92,988.15}{916,350.23,989.15}{917,350.54,990.15}{918,350.85,991.15}{919,351.15,992.15}{920,351.46,993.15}{921,351.77,994.15}{922,352.07,995.15}{923,352.38,996.15}{924,352.69,997.15}{925,352.99,998.15}{926,353.3,999.15}{927,353.61,1000.15}{928,353.91,1001.15}{929,354.22,1002.15}{930,354.53,1003.15}{931,354.83,1004.15}{932,355.14,1005.15}{933,355.44,1006.15}{934,355.75,1007.15}{935,356.06,1008.15}{936,356.37,1009.15}{937,356.68,1010.15}{938,356.98,1011.15}{939,357.29,1012.15}{940,357.59,1013.15}{941,357.9,1014.15}{942,358.2,1015.15}{943,358.51,1016.15}{944,358.81,1017.15}{945,359.12,1018.15}{946,359.42,1019.15}{947,359.72,1020.15}{948,360.03,1021.15}{949,360.33,1022.15}{950,360.64,1023.15}{951,360.94,1024.15}{952,361.24,1025.15}{953,361.55,1026.15}{954,361.85,1027.15}{955,362.15,1028.15}{956,362.46,1029.15}{957,362.76,1030.15}{958,363.06,1031.15}{959,363.36,1032.15}{960,363.67,1033.15}{961,363.97,1034.15}{962,364.27,1035.15}{963,364.57,1036.15}{964,364.88,1037.15}{965,365.18,1038.15}{966,365.49,1039.15}{967,365.79,1040.15}{968,366.09,1041.15}{969,366.4,1042.15}{970,366.7,1043.15}{971,367,1044.15}{972,367.3,1045.15}{973,367.6,1046.15}{974,367.9,1047.15}{975,368.2,1048.15}{976,368.5,1049.15}{977,368.81,1050.15}{978,369.11,1051.15}{979,369.41,1052.15}{980,369.71,1053.15}{981,370.01,1054.15}{982,370.31,1055.15}{983,370.61,1056.15}{984,370.91,1057.15}{985,371.21,1058.15}{986,371.52,1059.15}{987,371.82,1060.15}{988,372.12,1061.15}{989,372.41,1062.15}{990,372.71,1063.15}{991,373.01,1064.15}{992,373.31,1065.15}{993,373.61,1066.15}{994,373.91,1067.15}{995,374.21,1068.15}{996,374.51,1069.15}{997,374.8,1070.15}{998,375.1,1071.15}{999,375.4,1072.15}{1000,375.7,1073.15}{1001,376,1074.15}{1002,376.29,1075.15}{1003,376.59,1076.15}{1004,376.89,1077.15}{1005,377.19,1078.15}{1006,377.49,1079.15}{1007,377.79,1080.15}{1008,378.09,1081.15}{1009,378.39,1082.15}{1010,378.68,1083.15}{1011,378.98,1084.15}{1012,379.28,1085.15}{1013,379.57,1086.15}{1014,379.87,1087.15}{1015,380.17,1088.15}{1016,380.46,1089.15}{1017,380.76,1090.15}{1018,381.05,1091.15}{1019,381.35,1092.15}{1020,381.65,1093.15}{1021,381.94,1094.15}{1022,382.24,1095.15}{1023,382.53,1096.15}{1024,382.83,1097.15}{1025,383.12,1098.15}{1026,383.42,1099.15}{1027,383.71,1100.15}{1028,384.01,1101.15}{1029,384.3,1102.15}{1030,384.6,1103.15}{1031,384.89,1104.15}{1032,385.18,1105.15}{1033,385.48,1106.15}{1034,385.77,1107.15}{1035,386.07,1108.15}{1036,386.37,1109.15}{1037,386.66,1110.15}{1038,386.96,1111.15}{1039,387.25,1112.15}{1040,387.55,1113.15}{1041,387.84,1114.15}{1042,388.13,1115.15}{1043,388.42,1116.15}{1044,388.72,1117.15}{1045,389.01,1118.15}{1046,389.31,1119.15}{1047,389.61,1120.15}{1048,389.9,1121.15}{1049,390.19,1122.15}{1050,390.48,1123.15}&quot;"/>
                                                <instance name="dev02/Config/ch00001/RTDWireScheme" order="0" value="4"/>
                                                <instance name="dev02/Config/ch00002/RTDWireScheme" order="0" value="4"/>
                                                <instance name="dev02/Config/ch00001/Calibration_Sensor_Curve" order="0" value="&quot;{0,18.52,73.15}{1,18.96,74.15}{2,19.39,75.15}{3,19.82,76.15}{4,20.25,77.15}{5,20.68,78.15}{6,21.11,79.15}{7,21.54,80.15}{8,21.97,81.15}{9,22.4,82.15}{10,22.83,83.15}{11,23.26,84.15}{12,23.69,85.15}{13,24.12,86.15}{14,24.55,87.15}{15,24.97,88.15}{16,25.39,89.15}{17,25.82,90.15}{18,26.25,91.15}{19,26.67,92.15}{20,27.1,93.15}{21,27.52,94.15}{22,27.95,95.15}{23,28.37,96.15}{24,28.8,97.15}{25,29.22,98.15}{26,29.65,99.15}{27,30.07,100.15}{28,30.49,101.15}{29,30.92,102.15}{30,31.34,103.15}{31,31.76,104.15}{32,32.18,105.15}{33,32.61,106.15}{34,33.03,107.15}{35,33.45,108.15}{36,33.86,109.15}{37,34.28,110.15}{38,34.7,111.15}{39,35.12,112.15}{40,35.54,113.15}{41,35.96,114.15}{42,36.38,115.15}{43,36.8,116.15}{44,37.22,117.15}{45,37.63,118.15}{46,38.05,119.15}{47,38.47,120.15}{48,38.89,121.15}{49,39.31,122.15}{50,39.72,123.15}{51,40.14,124.15}{52,40.56,125.15}{53,40.97,126.15}{54,41.39,127.15}{55,41.8,128.15}{56,42.22,129.15}{57,42.64,130.15}{58,43.05,131.15}{59,43.46,132.15}{60,43.88,133.15}{61,44.29,134.15}{62,44.71,135.15}{63,45.12,136.15}{64,45.53,137.15}{65,45.95,138.15}{66,46.35,139.15}{67,46.76,140.15}{68,47.18,141.15}{69,47.59,142.15}{70,48,143.15}{71,48.41,144.15}{72,48.82,145.15}{73,49.23,146.15}{74,49.64,147.15}{75,50.06,148.15}{76,50.47,149.15}{77,50.88,150.15}{78,51.29,151.15}{79,51.7,152.15}{80,52.11,153.15}{81,52.52,154.15}{82,52.92,155.15}{83,53.33,156.15}{84,53.74,157.15}{85,54.15,158.15}{86,54.56,159.15}{87,54.97,160.15}{88,55.38,161.15}{89,55.78,162.15}{90,56.19,163.15}{91,56.6,164.15}{92,57,165.15}{93,57.41,166.15}{94,57.82,167.15}{95,58.22,168.15}{96,58.63,169.15}{97,59.04,170.15}{98,59.44,171.15}{99,59.85,172.15}{100,60.26,173.15}{101,60.67,174.15}{102,61.07,175.15}{103,61.48,176.15}{104,61.87,177.15}{105,62.29,178.15}{106,62.69,179.15}{107,63.1,180.15}{108,63.5,181.15}{109,63.91,182.15}{110,64.3,183.15}{111,64.7,184.15}{112,65.11,185.15}{113,65.51,186.15}{114,65.91,187.15}{115,66.31,188.15}{116,66.72,189.15}{117,67.12,190.15}{118,67.52,191.15}{119,67.92,192.15}{120,68.33,193.15}{121,68.73,194.15}{122,69.13,195.15}{123,69.53,196.15}{124,69.93,197.15}{125,70.33,198.15}{126,70.73,199.15}{127,71.13,200.15}{128,71.53,201.15}{129,71.93,202.15}{130,72.33,203.15}{131,72.73,204.15}{132,73.13,205.15}{133,73.53,206.15}{134,73.93,207.15}{135,74.33,208.15}{136,74.73,209.15}{137,75.13,210.15}{138,75.53,211.15}{139,75.93,212.15}{140,76.33,213.15}{141,76.73,214.15}{142,77.13,215.15}{143,77.52,216.15}{144,77.92,217.15}{145,78.32,218.15}{146,78.72,219.15}{147,79.11,220.15}{148,79.51,221.15}{149,79.91,222.15}{150,80.31,223.15}{151,80.7,224.15}{152,81.1,225.15}{153,81.5,226.15}{154,81.89,227.15}{155,82.29,228.15}{156,82.69,229.15}{157,83.08,230.15}{158,83.48,231.15}{159,83.88,232.15}{160,84.27,233.15}{161,84.67,234.15}{162,85.06,235.15}{163,85.46,236.15}{164,85.85,237.15}{165,86.25,238.15}{166,86.64,239.15}{167,87.04,240.15}{168,87.43,241.15}{169,87.83,242.15}{170,88.22,243.15}{171,88.62,244.15}{172,89.01,245.15}{173,89.4,246.15}{174,89.8,247.15}{175,90.19,248.15}{176,90.59,249.15}{177,90.98,250.15}{178,91.37,251.15}{179,91.77,252.15}{180,92.16,253.15}{181,92.55,254.15}{182,92.95,255.15}{183,93.34,256.15}{184,93.73,257.15}{185,94.12,258.15}{186,94.52,259.15}{187,94.91,260.15}{188,95.3,261.15}{189,95.69,262.15}{190,96.09,263.15}{191,96.48,264.15}{192,96.87,265.15}{193,97.26,266.15}{194,97.65,267.15}{195,98.04,268.15}{196,98.44,269.15}{197,98.83,270.15}{198,99.22,271.15}{199,99.61,272.15}{200,100,273.15}{201,100.39,274.15}{202,100.78,275.15}{203,101.17,276.15}{204,101.56,277.15}{205,101.95,278.15}{206,102.34,279.15}{207,102.73,280.15}{208,103.12,281.15}{209,103.51,282.15}{210,103.9,283.15}{211,104.29,284.15}{212,104.68,285.15}{213,105.07,286.15}{214,105.46,287.15}{215,105.85,288.15}{216,106.24,289.15}{217,106.63,290.15}{218,107.02,291.15}{219,107.4,292.15}{220,107.79,293.15}{221,108.18,294.15}{222,108.57,295.15}{223,108.96,296.15}{224,109.35,297.15}{225,109.73,298.15}{226,110.12,299.15}{227,110.51,300.15}{228,110.9,301.15}{229,111.28,302.15}{230,111.67,303.15}{231,112.06,304.15}{232,112.45,305.15}{233,112.83,306.15}{234,113.22,307.15}{235,113.61,308.15}{236,113.99,309.15}{237,114.38,310.15}{238,114.77,311.15}{239,115.15,312.15}{240,115.54,313.15}{241,115.93,314.15}{242,116.31,315.15}{243,116.7,316.15}{244,117.08,317.15}{245,117.47,318.15}{246,117.85,319.15}{247,118.24,320.15}{248,118.62,321.15}{249,119.01,322.15}{250,119.4,323.15}{251,119.78,324.15}{252,120.16,325.15}{253,120.55,326.15}{254,120.93,327.15}{255,121.32,328.15}{256,121.7,329.15}{257,122.09,330.15}{258,122.47,331.15}{259,122.86,332.15}{260,123.24,333.15}{261,123.62,334.15}{262,124.01,335.15}{263,124.39,336.15}{264,124.77,337.15}{265,125.17,338.15}{266,125.55,339.15}{267,125.93,340.15}{268,126.32,341.15}{269,126.7,342.15}{270,127.08,343.15}{271,127.46,344.15}{272,127.85,345.15}{273,128.23,346.15}{274,128.61,347.15}{275,128.99,348.15}{276,129.38,349.15}{277,129.76,350.15}{278,130.14,351.15}{279,130.52,352.15}{280,130.9,353.15}{281,131.28,354.15}{282,131.67,355.15}{283,132.05,356.15}{284,132.43,357.15}{285,132.81,358.15}{286,133.19,359.15}{287,133.57,360.15}{288,133.95,361.15}{289,134.33,362.15}{290,134.71,363.15}{291,135.09,364.15}{292,135.47,365.15}{293,135.85,366.15}{294,136.23,367.15}{295,136.61,368.15}{296,136.99,369.15}{297,137.37,370.15}{298,137.75,371.15}{299,138.13,372.15}{300,138.51,373.15}{301,138.89,374.15}{302,139.27,375.15}{303,139.65,376.15}{304,140.03,377.15}{305,140.39,378.15}{306,140.77,379.15}{307,141.15,380.15}{308,141.53,381.15}{309,141.91,382.15}{310,142.29,383.15}{311,142.66,384.15}{312,143.04,385.15}{313,143.42,386.15}{314,143.8,387.15}{315,144.18,388.15}{316,144.56,389.15}{317,144.94,390.15}{318,145.32,391.15}{319,145.69,392.15}{320,146.07,393.15}{321,146.45,394.15}{322,146.82,395.15}{323,147.2,396.15}{324,147.58,397.15}{325,147.95,398.15}{326,148.33,399.15}{327,148.71,400.15}{328,149.08,401.15}{329,149.46,402.15}{330,149.83,403.15}{331,150.21,404.15}{332,150.58,405.15}{333,150.96,406.15}{334,151.34,407.15}{335,151.71,408.15}{336,152.09,409.15}{337,152.46,410.15}{338,152.84,411.15}{339,153.21,412.15}{340,153.58,413.15}{341,153.95,414.15}{342,154.32,415.15}{343,154.71,416.15}{344,155.08,417.15}{345,155.46,418.15}{346,155.83,419.15}{347,156.21,420.15}{348,156.58,421.15}{349,156.96,422.15}{350,157.33,423.15}{351,157.71,424.15}{352,158.08,425.15}{353,158.45,426.15}{354,158.83,427.15}{355,159.2,428.15}{356,159.56,429.15}{357,159.94,430.15}{358,160.31,431.15}{359,160.68,432.15}{360,161.05,433.15}{361,161.43,434.15}{362,161.8,435.15}{363,162.17,436.15}{364,162.54,437.15}{365,162.91,438.15}{366,163.28,439.15}{367,163.66,440.15}{368,164.03,441.15}{369,164.4,442.15}{370,164.77,443.15}{371,165.14,444.15}{372,165.51,445.15}{373,165.88,446.15}{374,166.25,447.15}{375,166.62,448.15}{376,167,449.15}{377,167.37,450.15}{378,167.74,451.15}{379,168.11,452.15}{380,168.48,453.15}{381,168.85,454.15}{382,169.22,455.15}{383,169.59,456.15}{384,169.96,457.15}{385,170.33,458.15}{386,170.69,459.15}{387,171.06,460.15}{388,171.43,461.15}{389,171.8,462.15}{390,172.17,463.15}{391,172.54,464.15}{392,172.91,465.15}{393,173.27,466.15}{394,173.64,467.15}{395,174.01,468.15}{396,174.39,469.15}{397,174.75,470.15}{398,175.12,471.15}{399,175.49,472.15}{400,175.86,473.15}{401,176.23,474.15}{402,176.59,475.15}{403,176.96,476.15}{404,177.33,477.15}{405,177.7,478.15}{406,178.06,479.15}{407,178.43,480.15}{408,178.8,481.15}{409,179.16,482.15}{410,179.53,483.15}{411,179.9,484.15}{412,180.26,485.15}{413,180.63,486.15}{414,180.99,487.15}{415,181.36,488.15}{416,181.73,489.15}{417,182.09,490.15}{418,182.46,491.15}{419,182.82,492.15}{420,183.19,493.15}{421,183.55,494.15}{422,183.92,495.15}{423,184.28,496.15}{424,184.65,497.15}{425,185.01,498.15}{426,185.38,499.15}{427,185.74,500.15}{428,186.11,501.15}{429,186.47,502.15}{430,186.84,503.15}{431,187.2,504.15}{432,187.56,505.15}{433,187.93,506.15}{434,188.29,507.15}{435,188.65,508.15}{436,189.02,509.15}{437,189.38,510.15}{438,189.74,511.15}{439,190.11,512.15}{440,190.47,513.15}{441,190.83,514.15}{442,191.2,515.15}{443,191.56,516.15}{444,191.92,517.15}{445,192.28,518.15}{446,192.66,519.15}{447,193.02,520.15}{448,193.38,521.15}{449,193.74,522.15}{450,194.1,523.15}{451,194.47,524.15}{452,194.83,525.15}{453,195.19,526.15}{454,195.55,527.15}{455,195.9,528.15}{456,196.26,529.15}{457,196.62,530.15}{458,196.98,531.15}{459,197.35,532.15}{460,197.71,533.15}{461,198.07,534.15}{462,198.43,535.15}{463,198.79,536.15}{464,199.15,537.15}{465,199.51,538.15}{466,199.87,539.15}{467,200.23,540.15}{468,200.59,541.15}{469,200.95,542.15}{470,201.31,543.15}{471,201.67,544.15}{472,202.03,545.15}{473,202.38,546.15}{474,202.74,547.15}{475,203.1,548.15}{476,203.46,549.15}{477,203.82,550.15}{478,204.18,551.15}{479,204.54,552.15}{480,204.9,553.15}{481,205.25,554.15}{482,205.61,555.15}{483,205.97,556.15}{484,206.33,557.15}{485,206.7,558.15}{486,207.05,559.15}{487,207.41,560.15}{488,207.77,561.15}{489,208.13,562.15}{490,208.48,563.15}{491,208.84,564.15}{492,209.2,565.15}{493,209.55,566.15}{494,209.91,567.15}{495,210.27,568.15}{496,210.62,569.15}{497,210.98,570.15}{498,211.34,571.15}{499,211.69,572.15}{500,212.05,573.15}{501,212.4,574.15}{502,212.76,575.15}{503,213.12,576.15}{504,213.47,577.15}{505,213.83,578.15}{506,214.19,579.15}{507,214.55,580.15}{508,214.9,581.15}{509,215.26,582.15}{510,215.61,583.15}{511,215.97,584.15}{512,216.32,585.15}{513,216.68,586.15}{514,217.03,587.15}{515,217.39,588.15}{516,217.73,589.15}{517,218.08,590.15}{518,218.44,591.15}{519,218.79,592.15}{520,219.15,593.15}{521,219.5,594.15}{522,219.85,595.15}{523,220.21,596.15}{524,220.56,597.15}{525,220.91,598.15}{526,221.27,599.15}{527,221.62,600.15}{528,221.97,601.15}{529,222.32,602.15}{530,222.68,603.15}{531,223.03,604.15}{532,223.38,605.15}{533,223.73,606.15}{534,224.09,607.15}{535,224.45,608.15}{536,224.8,609.15}{537,225.15,610.15}{538,225.5,611.15}{539,225.85,612.15}{540,226.21,613.15}{541,226.56,614.15}{542,226.91,615.15}{543,227.26,616.15}{544,227.61,617.15}{545,227.96,618.15}{546,228.31,619.15}{547,228.66,620.15}{548,229.01,621.15}{549,229.36,622.15}{550,229.72,623.15}{551,230.07,624.15}{552,230.42,625.15}{553,230.77,626.15}{554,231.12,627.15}{555,231.47,628.15}{556,231.81,629.15}{557,232.16,630.15}{558,232.51,631.15}{559,232.86,632.15}{560,233.21,633.15}{561,233.56,634.15}{562,233.91,635.15}{563,234.26,636.15}{564,234.6,637.15}{565,234.95,638.15}{566,235.3,639.15}{567,235.65,640.15}{568,236,641.15}{569,236.35,642.15}{570,236.7,643.15}{571,237.05,644.15}{572,237.4,645.15}{573,237.75,646.15}{574,238.09,647.15}{575,238.44,648.15}{576,238.79,649.15}{577,239.14,650.15}{578,239.48,651.15}{579,239.83,652.15}{580,240.18,653.15}{581,240.52,654.15}{582,240.87,655.15}{583,241.22,656.15}{584,241.56,657.15}{585,241.91,658.15}{586,242.25,659.15}{587,242.6,660.15}{588,242.95,661.15}{589,243.29,662.15}{590,243.64,663.15}{591,243.98,664.15}{592,244.33,665.15}{593,244.67,666.15}{594,245.02,667.15}{595,245.36,668.15}{596,245.71,669.15}{597,246.05,670.15}{598,246.4,671.15}{599,246.74,672.15}{600,247.09,673.15}{601,247.43,674.15}{602,247.78,675.15}{603,248.12,676.15}{604,248.46,677.15}{605,248.81,678.15}{606,249.15,679.15}{607,249.5,680.15}{608,249.84,681.15}{609,250.18,682.15}{610,250.53,683.15}{611,250.89,684.15}{612,251.21,685.15}{613,251.55,686.15}{614,251.9,687.15}{615,252.24,688.15}{616,252.59,689.15}{617,252.94,690.15}{618,253.28,691.15}{619,253.62,692.15}{620,253.96,693.15}{621,254.3,694.15}{622,254.65,695.15}{623,254.99,696.15}{624,255.33,697.15}{625,255.67,698.15}{626,256.01,699.15}{627,256.35,700.15}{628,256.7,701.15}{629,257.04,702.15}{630,257.38,703.15}{631,257.72,704.15}{632,258.06,705.15}{633,258.4,706.15}{634,258.74,707.15}{635,259.08,708.15}{636,259.42,709.15}{637,259.76,710.15}{638,260.1,711.15}{639,260.44,712.15}{640,260.78,713.15}{641,261.12,714.15}{642,261.46,715.15}{643,261.8,716.15}{644,262.14,717.15}{645,262.48,718.15}{646,262.83,719.15}{647,263.17,720.15}{648,263.5,721.15}{649,263.84,722.15}{650,264.18,723.15}{651,264.52,724.15}{652,264.86,725.15}{653,265.2,726.15}{654,265.54,727.15}{655,265.87,728.15}{656,266.21,729.15}{657,266.55,730.15}{658,266.89,731.15}{659,267.22,732.15}{660,267.56,733.15}{661,267.9,734.15}{662,268.24,735.15}{663,268.57,736.15}{664,268.91,737.15}{665,269.25,738.15}{666,269.58,739.15}{667,269.92,740.15}{668,270.26,741.15}{669,270.59,742.15}{670,270.93,743.15}{671,271.27,744.15}{672,271.6,745.15}{673,271.94,746.15}{674,272.27,747.15}{675,272.61,748.15}{676,272.95,749.15}{677,273.28,750.15}{678,273.62,751.15}{679,273.95,752.15}{680,274.29,753.15}{681,274.62,754.15}{682,274.96,755.15}{683,275.29,756.15}{684,275.63,757.15}{685,275.96,758.15}{686,276.31,759.15}{687,276.64,760.15}{688,276.97,761.15}{689,277.31,762.15}{690,277.64,763.15}{691,277.98,764.15}{692,278.31,765.15}{693,278.64,766.15}{694,278.98,767.15}{695,279.31,768.15}{696,279.64,769.15}{697,279.98,770.15}{698,280.31,771.15}{699,280.64,772.15}{700,280.98,773.15}{701,281.31,774.15}{702,281.64,775.15}{703,281.97,776.15}{704,282.31,777.15}{705,282.64,778.15}{706,282.97,779.15}{707,283.3,780.15}{708,283.63,781.15}{709,283.97,782.15}{710,284.3,783.15}{711,284.63,784.15}{712,284.96,785.15}{713,285.29,786.15}{714,285.62,787.15}{715,285.95,788.15}{716,286.3,789.15}{717,286.63,790.15}{718,286.96,791.15}{719,287.29,792.15}{720,287.62,793.15}{721,287.95,794.15}{722,288.28,795.15}{723,288.61,796.15}{724,288.94,797.15}{725,289.27,798.15}{726,289.6,799.15}{727,289.93,800.15}{728,290.26,801.15}{729,290.59,802.15}{730,290.92,803.15}{731,291.25,804.15}{732,291.58,805.15}{733,291.9,806.15}{734,292.23,807.15}{735,292.56,808.15}{736,292.9,809.15}{737,293.23,810.15}{738,293.56,811.15}{739,293.89,812.15}{740,294.21,813.15}{741,294.54,814.15}{742,294.87,815.15}{743,295.2,816.15}{744,295.53,817.15}{745,295.85,818.15}{746,296.18,819.15}{747,296.51,820.15}{748,296.84,821.15}{749,297.16,822.15}{750,297.49,823.15}{751,297.82,824.15}{752,298.14,825.15}{753,298.47,826.15}{754,298.8,827.15}{755,299.12,828.15}{756,299.45,829.15}{757,299.78,830.15}{758,300.1,831.15}{759,300.43,832.15}{760,300.75,833.15}{761,301.08,834.15}{762,301.41,835.15}{763,301.73,836.15}{764,302.06,837.15}{765,302.38,838.15}{766,302.71,839.15}{767,303.03,840.15}{768,303.36,841.15}{769,303.68,842.15}{770,304.01,843.15}{771,304.33,844.15}{772,304.66,845.15}{773,304.98,846.15}{774,305.3,847.15}{775,305.63,848.15}{776,305.95,849.15}{777,306.28,850.15}{778,306.6,851.15}{779,306.92,852.15}{780,307.25,853.15}{781,307.57,854.15}{782,307.89,855.15}{783,308.22,856.15}{784,308.54,857.15}{785,308.86,858.15}{786,309.19,859.15}{787,309.51,860.15}{788,309.83,861.15}{789,310.15,862.15}{790,310.48,863.15}{791,310.8,864.15}{792,311.12,865.15}{793,311.45,866.15}{794,311.78,867.15}{795,312.1,868.15}{796,312.43,869.15}{797,312.75,870.15}{798,313.07,871.15}{799,313.39,872.15}{800,313.71,873.15}{801,314.04,874.15}{802,314.36,875.15}{803,314.68,876.15}{804,315,877.15}{805,315.32,878.15}{806,315.64,879.15}{807,315.96,880.15}{808,316.28,881.15}{809,316.6,882.15}{810,316.92,883.15}{811,317.24,884.15}{812,317.56,885.15}{813,317.88,886.15}{814,318.2,887.15}{815,318.52,888.15}{816,318.85,889.15}{817,319.17,890.15}{818,319.49,891.15}{819,319.81,892.15}{820,320.12,893.15}{821,320.44,894.15}{822,320.76,895.15}{823,321.08,896.15}{824,321.4,897.15}{825,321.72,898.15}{826,322.03,899.15}{827,322.34,900.15}{828,322.66,901.15}{829,322.98,902.15}{830,323.3,903.15}{831,323.61,904.15}{832,323.93,905.15}{833,324.25,906.15}{834,324.57,907.15}{835,324.88,908.15}{836,325.21,909.15}{837,325.53,910.15}{838,325.85,911.15}{839,326.16,912.15}{840,326.48,913.15}{841,326.79,914.15}{842,327.11,915.15}{843,327.43,916.15}{844,327.74,917.15}{845,328.06,918.15}{846,328.38,919.15}{847,328.69,920.15}{848,329.01,921.15}{849,329.32,922.15}{850,329.64,923.15}{851,329.95,924.15}{852,330.27,925.15}{853,330.58,926.15}{854,330.9,927.15}{855,331.21,928.15}{856,331.53,929.15}{857,331.84,930.15}{858,332.16,931.15}{859,332.47,932.15}{860,332.79,933.15}{861,333.1,934.15}{862,333.41,935.15}{863,333.73,936.15}{864,334.04,937.15}{865,334.36,938.15}{866,334.68,939.15}{867,334.99,940.15}{868,335.31,941.15}{869,335.62,942.15}{870,335.93,943.15}{871,336.25,944.15}{872,336.56,945.15}{873,336.87,946.15}{874,337.18,947.15}{875,337.5,948.15}{876,337.81,949.15}{877,338.12,950.15}{878,338.43,951.15}{879,338.75,952.15}{880,339.06,953.15}{881,339.37,954.15}{882,339.68,955.15}{883,339.99,956.15}{884,340.3,957.15}{885,340.62,958.15}{886,340.94,959.15}{887,341.25,960.15}{888,341.55,961.15}{889,341.87,962.15}{890,342.18,963.15}{891,342.49,964.15}{892,342.8,965.15}{893,343.11,966.15}{894,343.42,967.15}{895,343.73,968.15}{896,344.04,969.15}{897,344.35,970.15}{898,344.66,971.15}{899,344.97,972.15}{900,345.28,973.15}{901,345.59,974.15}{902,345.9,975.15}{903,346.21,976.15}{904,346.52,977.15}{905,346.83,978.15}{906,347.15,979.15}{907,347.46,980.15}{908,347.76,981.15}{909,348.07,982.15}{910,348.38,983.15}{911,348.69,984.15}{912,349,985.15}{913,349.31,986.15}{914,349.61,987.15}{915,349.92,988.15}{916,350.23,989.15}{917,350.54,990.15}{918,350.85,991.15}{919,351.15,992.15}{920,351.46,993.15}{921,351.77,994.15}{922,352.07,995.15}{923,352.38,996.15}{924,352.69,997.15}{925,352.99,998.15}{926,353.3,999.15}{927,353.61,1000.15}{928,353.91,1001.15}{929,354.22,1002.15}{930,354.53,1003.15}{931,354.83,1004.15}{932,355.14,1005.15}{933,355.44,1006.15}{934,355.75,1007.15}{935,356.06,1008.15}{936,356.37,1009.15}{937,356.68,1010.15}{938,356.98,1011.15}{939,357.29,1012.15}{940,357.59,1013.15}{941,357.9,1014.15}{942,358.2,1015.15}{943,358.51,1016.15}{944,358.81,1017.15}{945,359.12,1018.15}{946,359.42,1019.15}{947,359.72,1020.15}{948,360.03,1021.15}{949,360.33,1022.15}{950,360.64,1023.15}{951,360.94,1024.15}{952,361.24,1025.15}{953,361.55,1026.15}{954,361.85,1027.15}{955,362.15,1028.15}{956,362.46,1029.15}{957,362.76,1030.15}{958,363.06,1031.15}{959,363.36,1032.15}{960,363.67,1033.15}{961,363.97,1034.15}{962,364.27,1035.15}{963,364.57,1036.15}{964,364.88,1037.15}{965,365.18,1038.15}{966,365.49,1039.15}{967,365.79,1040.15}{968,366.09,1041.15}{969,366.4,1042.15}{970,366.7,1043.15}{971,367,1044.15}{972,367.3,1045.15}{973,367.6,1046.15}{974,367.9,1047.15}{975,368.2,1048.15}{976,368.5,1049.15}{977,368.81,1050.15}{978,369.11,1051.15}{979,369.41,1052.15}{980,369.71,1053.15}{981,370.01,1054.15}{982,370.31,1055.15}{983,370.61,1056.15}{984,370.91,1057.15}{985,371.21,1058.15}{986,371.52,1059.15}{987,371.82,1060.15}{988,372.12,1061.15}{989,372.41,1062.15}{990,372.71,1063.15}{991,373.01,1064.15}{992,373.31,1065.15}{993,373.61,1066.15}{994,373.91,1067.15}{995,374.21,1068.15}{996,374.51,1069.15}{997,374.8,1070.15}{998,375.1,1071.15}{999,375.4,1072.15}{1000,375.7,1073.15}{1001,376,1074.15}{1002,376.29,1075.15}{1003,376.59,1076.15}{1004,376.89,1077.15}{1005,377.19,1078.15}{1006,377.49,1079.15}{1007,377.79,1080.15}{1008,378.09,1081.15}{1009,378.39,1082.15}{1010,378.68,1083.15}{1011,378.98,1084.15}{1012,379.28,1085.15}{1013,379.57,1086.15}{1014,379.87,1087.15}{1015,380.17,1088.15}{1016,380.46,1089.15}{1017,380.76,1090.15}{1018,381.05,1091.15}{1019,381.35,1092.15}{1020,381.65,1093.15}{1021,381.94,1094.15}{1022,382.24,1095.15}{1023,382.53,1096.15}{1024,382.83,1097.15}{1025,383.12,1098.15}{1026,383.42,1099.15}{1027,383.71,1100.15}{1028,384.01,1101.15}{1029,384.3,1102.15}{1030,384.6,1103.15}{1031,384.89,1104.15}{1032,385.18,1105.15}{1033,385.48,1106.15}{1034,385.77,1107.15}{1035,386.07,1108.15}{1036,386.37,1109.15}{1037,386.66,1110.15}{1038,386.96,1111.15}{1039,387.25,1112.15}{1040,387.55,1113.15}{1041,387.84,1114.15}{1042,388.13,1115.15}{1043,388.42,1116.15}{1044,388.72,1117.15}{1045,389.01,1118.15}{1046,389.31,1119.15}{1047,389.61,1120.15}{1048,389.9,1121.15}{1049,390.19,1122.15}{1050,390.48,1123.15}&quot;"/>
                                                <instance name="dev02/Config/ch00003/RTDWireScheme" order="0" value="4"/>
                                                <instance name="dev02/Config/ch00004/RTDWireScheme" order="0" value="4"/>
                                                <instance name="dev02/Config/ch00005/Calibration_Sensor_Name" order="0" value="CalSensor17"/>
                                                <instance name="dev02/Config/ch00005/RTDWireScheme" order="0" value="4"/>
                                                <instance name="dev01/Config/ch00008/Calibration_Sensor_Output_Units" order="0" value="K"/>
                                                <instance name="dev02/Config/ch00012/enable" order="1" value="1"/>
                                                <instance name="dev02/Config/ch00002/rate" order="0" value="10"/>
                                                <instance name="dev01/Config/ch00012/Calibration_Sensor_Maximum_Range" order="0" value="1123.15"/>
                                                <instance name="dev02/Config/ch00006/RTDWireScheme" order="0" value="4"/>
                                                <instance name="dev01/Config/ch00003/RTDRange" order="0" value="1"/>
                                                <instance name="dev02/Config/ch00007/RTDWireScheme" order="0" value="4"/>
                                                <instance name="dev02/Config/ch00002/Calibration_Sensor_Curve" order="0" value="&quot;{0,18.52,73.15}{1,18.96,74.15}{2,19.39,75.15}{3,19.82,76.15}{4,20.25,77.15}{5,20.68,78.15}{6,21.11,79.15}{7,21.54,80.15}{8,21.97,81.15}{9,22.4,82.15}{10,22.83,83.15}{11,23.26,84.15}{12,23.69,85.15}{13,24.12,86.15}{14,24.55,87.15}{15,24.97,88.15}{16,25.39,89.15}{17,25.82,90.15}{18,26.25,91.15}{19,26.67,92.15}{20,27.1,93.15}{21,27.52,94.15}{22,27.95,95.15}{23,28.37,96.15}{24,28.8,97.15}{25,29.22,98.15}{26,29.65,99.15}{27,30.07,100.15}{28,30.49,101.15}{29,30.92,102.15}{30,31.34,103.15}{31,31.76,104.15}{32,32.18,105.15}{33,32.61,106.15}{34,33.03,107.15}{35,33.45,108.15}{36,33.86,109.15}{37,34.28,110.15}{38,34.7,111.15}{39,35.12,112.15}{40,35.54,113.15}{41,35.96,114.15}{42,36.38,115.15}{43,36.8,116.15}{44,37.22,117.15}{45,37.63,118.15}{46,38.05,119.15}{47,38.47,120.15}{48,38.89,121.15}{49,39.31,122.15}{50,39.72,123.15}{51,40.14,124.15}{52,40.56,125.15}{53,40.97,126.15}{54,41.39,127.15}{55,41.8,128.15}{56,42.22,129.15}{57,42.64,130.15}{58,43.05,131.15}{59,43.46,132.15}{60,43.88,133.15}{61,44.29,134.15}{62,44.71,135.15}{63,45.12,136.15}{64,45.53,137.15}{65,45.95,138.15}{66,46.35,139.15}{67,46.76,140.15}{68,47.18,141.15}{69,47.59,142.15}{70,48,143.15}{71,48.41,144.15}{72,48.82,145.15}{73,49.23,146.15}{74,49.64,147.15}{75,50.06,148.15}{76,50.47,149.15}{77,50.88,150.15}{78,51.29,151.15}{79,51.7,152.15}{80,52.11,153.15}{81,52.52,154.15}{82,52.92,155.15}{83,53.33,156.15}{84,53.74,157.15}{85,54.15,158.15}{86,54.56,159.15}{87,54.97,160.15}{88,55.38,161.15}{89,55.78,162.15}{90,56.19,163.15}{91,56.6,164.15}{92,57,165.15}{93,57.41,166.15}{94,57.82,167.15}{95,58.22,168.15}{96,58.63,169.15}{97,59.04,170.15}{98,59.44,171.15}{99,59.85,172.15}{100,60.26,173.15}{101,60.67,174.15}{102,61.07,175.15}{103,61.48,176.15}{104,61.87,177.15}{105,62.29,178.15}{106,62.69,179.15}{107,63.1,180.15}{108,63.5,181.15}{109,63.91,182.15}{110,64.3,183.15}{111,64.7,184.15}{112,65.11,185.15}{113,65.51,186.15}{114,65.91,187.15}{115,66.31,188.15}{116,66.72,189.15}{117,67.12,190.15}{118,67.52,191.15}{119,67.92,192.15}{120,68.33,193.15}{121,68.73,194.15}{122,69.13,195.15}{123,69.53,196.15}{124,69.93,197.15}{125,70.33,198.15}{126,70.73,199.15}{127,71.13,200.15}{128,71.53,201.15}{129,71.93,202.15}{130,72.33,203.15}{131,72.73,204.15}{132,73.13,205.15}{133,73.53,206.15}{134,73.93,207.15}{135,74.33,208.15}{136,74.73,209.15}{137,75.13,210.15}{138,75.53,211.15}{139,75.93,212.15}{140,76.33,213.15}{141,76.73,214.15}{142,77.13,215.15}{143,77.52,216.15}{144,77.92,217.15}{145,78.32,218.15}{146,78.72,219.15}{147,79.11,220.15}{148,79.51,221.15}{149,79.91,222.15}{150,80.31,223.15}{151,80.7,224.15}{152,81.1,225.15}{153,81.5,226.15}{154,81.89,227.15}{155,82.29,228.15}{156,82.69,229.15}{157,83.08,230.15}{158,83.48,231.15}{159,83.88,232.15}{160,84.27,233.15}{161,84.67,234.15}{162,85.06,235.15}{163,85.46,236.15}{164,85.85,237.15}{165,86.25,238.15}{166,86.64,239.15}{167,87.04,240.15}{168,87.43,241.15}{169,87.83,242.15}{170,88.22,243.15}{171,88.62,244.15}{172,89.01,245.15}{173,89.4,246.15}{174,89.8,247.15}{175,90.19,248.15}{176,90.59,249.15}{177,90.98,250.15}{178,91.37,251.15}{179,91.77,252.15}{180,92.16,253.15}{181,92.55,254.15}{182,92.95,255.15}{183,93.34,256.15}{184,93.73,257.15}{185,94.12,258.15}{186,94.52,259.15}{187,94.91,260.15}{188,95.3,261.15}{189,95.69,262.15}{190,96.09,263.15}{191,96.48,264.15}{192,96.87,265.15}{193,97.26,266.15}{194,97.65,267.15}{195,98.04,268.15}{196,98.44,269.15}{197,98.83,270.15}{198,99.22,271.15}{199,99.61,272.15}{200,100,273.15}{201,100.39,274.15}{202,100.78,275.15}{203,101.17,276.15}{204,101.56,277.15}{205,101.95,278.15}{206,102.34,279.15}{207,102.73,280.15}{208,103.12,281.15}{209,103.51,282.15}{210,103.9,283.15}{211,104.29,284.15}{212,104.68,285.15}{213,105.07,286.15}{214,105.46,287.15}{215,105.85,288.15}{216,106.24,289.15}{217,106.63,290.15}{218,107.02,291.15}{219,107.4,292.15}{220,107.79,293.15}{221,108.18,294.15}{222,108.57,295.15}{223,108.96,296.15}{224,109.35,297.15}{225,109.73,298.15}{226,110.12,299.15}{227,110.51,300.15}{228,110.9,301.15}{229,111.28,302.15}{230,111.67,303.15}{231,112.06,304.15}{232,112.45,305.15}{233,112.83,306.15}{234,113.22,307.15}{235,113.61,308.15}{236,113.99,309.15}{237,114.38,310.15}{238,114.77,311.15}{239,115.15,312.15}{240,115.54,313.15}{241,115.93,314.15}{242,116.31,315.15}{243,116.7,316.15}{244,117.08,317.15}{245,117.47,318.15}{246,117.85,319.15}{247,118.24,320.15}{248,118.62,321.15}{249,119.01,322.15}{250,119.4,323.15}{251,119.78,324.15}{252,120.16,325.15}{253,120.55,326.15}{254,120.93,327.15}{255,121.32,328.15}{256,121.7,329.15}{257,122.09,330.15}{258,122.47,331.15}{259,122.86,332.15}{260,123.24,333.15}{261,123.62,334.15}{262,124.01,335.15}{263,124.39,336.15}{264,124.77,337.15}{265,125.17,338.15}{266,125.55,339.15}{267,125.93,340.15}{268,126.32,341.15}{269,126.7,342.15}{270,127.08,343.15}{271,127.46,344.15}{272,127.85,345.15}{273,128.23,346.15}{274,128.61,347.15}{275,128.99,348.15}{276,129.38,349.15}{277,129.76,350.15}{278,130.14,351.15}{279,130.52,352.15}{280,130.9,353.15}{281,131.28,354.15}{282,131.67,355.15}{283,132.05,356.15}{284,132.43,357.15}{285,132.81,358.15}{286,133.19,359.15}{287,133.57,360.15}{288,133.95,361.15}{289,134.33,362.15}{290,134.71,363.15}{291,135.09,364.15}{292,135.47,365.15}{293,135.85,366.15}{294,136.23,367.15}{295,136.61,368.15}{296,136.99,369.15}{297,137.37,370.15}{298,137.75,371.15}{299,138.13,372.15}{300,138.51,373.15}{301,138.89,374.15}{302,139.27,375.15}{303,139.65,376.15}{304,140.03,377.15}{305,140.39,378.15}{306,140.77,379.15}{307,141.15,380.15}{308,141.53,381.15}{309,141.91,382.15}{310,142.29,383.15}{311,142.66,384.15}{312,143.04,385.15}{313,143.42,386.15}{314,143.8,387.15}{315,144.18,388.15}{316,144.56,389.15}{317,144.94,390.15}{318,145.32,391.15}{319,145.69,392.15}{320,146.07,393.15}{321,146.45,394.15}{322,146.82,395.15}{323,147.2,396.15}{324,147.58,397.15}{325,147.95,398.15}{326,148.33,399.15}{327,148.71,400.15}{328,149.08,401.15}{329,149.46,402.15}{330,149.83,403.15}{331,150.21,404.15}{332,150.58,405.15}{333,150.96,406.15}{334,151.34,407.15}{335,151.71,408.15}{336,152.09,409.15}{337,152.46,410.15}{338,152.84,411.15}{339,153.21,412.15}{340,153.58,413.15}{341,153.95,414.15}{342,154.32,415.15}{343,154.71,416.15}{344,155.08,417.15}{345,155.46,418.15}{346,155.83,419.15}{347,156.21,420.15}{348,156.58,421.15}{349,156.96,422.15}{350,157.33,423.15}{351,157.71,424.15}{352,158.08,425.15}{353,158.45,426.15}{354,158.83,427.15}{355,159.2,428.15}{356,159.56,429.15}{357,159.94,430.15}{358,160.31,431.15}{359,160.68,432.15}{360,161.05,433.15}{361,161.43,434.15}{362,161.8,435.15}{363,162.17,436.15}{364,162.54,437.15}{365,162.91,438.15}{366,163.28,439.15}{367,163.66,440.15}{368,164.03,441.15}{369,164.4,442.15}{370,164.77,443.15}{371,165.14,444.15}{372,165.51,445.15}{373,165.88,446.15}{374,166.25,447.15}{375,166.62,448.15}{376,167,449.15}{377,167.37,450.15}{378,167.74,451.15}{379,168.11,452.15}{380,168.48,453.15}{381,168.85,454.15}{382,169.22,455.15}{383,169.59,456.15}{384,169.96,457.15}{385,170.33,458.15}{386,170.69,459.15}{387,171.06,460.15}{388,171.43,461.15}{389,171.8,462.15}{390,172.17,463.15}{391,172.54,464.15}{392,172.91,465.15}{393,173.27,466.15}{394,173.64,467.15}{395,174.01,468.15}{396,174.39,469.15}{397,174.75,470.15}{398,175.12,471.15}{399,175.49,472.15}{400,175.86,473.15}{401,176.23,474.15}{402,176.59,475.15}{403,176.96,476.15}{404,177.33,477.15}{405,177.7,478.15}{406,178.06,479.15}{407,178.43,480.15}{408,178.8,481.15}{409,179.16,482.15}{410,179.53,483.15}{411,179.9,484.15}{412,180.26,485.15}{413,180.63,486.15}{414,180.99,487.15}{415,181.36,488.15}{416,181.73,489.15}{417,182.09,490.15}{418,182.46,491.15}{419,182.82,492.15}{420,183.19,493.15}{421,183.55,494.15}{422,183.92,495.15}{423,184.28,496.15}{424,184.65,497.15}{425,185.01,498.15}{426,185.38,499.15}{427,185.74,500.15}{428,186.11,501.15}{429,186.47,502.15}{430,186.84,503.15}{431,187.2,504.15}{432,187.56,505.15}{433,187.93,506.15}{434,188.29,507.15}{435,188.65,508.15}{436,189.02,509.15}{437,189.38,510.15}{438,189.74,511.15}{439,190.11,512.15}{440,190.47,513.15}{441,190.83,514.15}{442,191.2,515.15}{443,191.56,516.15}{444,191.92,517.15}{445,192.28,518.15}{446,192.66,519.15}{447,193.02,520.15}{448,193.38,521.15}{449,193.74,522.15}{450,194.1,523.15}{451,194.47,524.15}{452,194.83,525.15}{453,195.19,526.15}{454,195.55,527.15}{455,195.9,528.15}{456,196.26,529.15}{457,196.62,530.15}{458,196.98,531.15}{459,197.35,532.15}{460,197.71,533.15}{461,198.07,534.15}{462,198.43,535.15}{463,198.79,536.15}{464,199.15,537.15}{465,199.51,538.15}{466,199.87,539.15}{467,200.23,540.15}{468,200.59,541.15}{469,200.95,542.15}{470,201.31,543.15}{471,201.67,544.15}{472,202.03,545.15}{473,202.38,546.15}{474,202.74,547.15}{475,203.1,548.15}{476,203.46,549.15}{477,203.82,550.15}{478,204.18,551.15}{479,204.54,552.15}{480,204.9,553.15}{481,205.25,554.15}{482,205.61,555.15}{483,205.97,556.15}{484,206.33,557.15}{485,206.7,558.15}{486,207.05,559.15}{487,207.41,560.15}{488,207.77,561.15}{489,208.13,562.15}{490,208.48,563.15}{491,208.84,564.15}{492,209.2,565.15}{493,209.55,566.15}{494,209.91,567.15}{495,210.27,568.15}{496,210.62,569.15}{497,210.98,570.15}{498,211.34,571.15}{499,211.69,572.15}{500,212.05,573.15}{501,212.4,574.15}{502,212.76,575.15}{503,213.12,576.15}{504,213.47,577.15}{505,213.83,578.15}{506,214.19,579.15}{507,214.55,580.15}{508,214.9,581.15}{509,215.26,582.15}{510,215.61,583.15}{511,215.97,584.15}{512,216.32,585.15}{513,216.68,586.15}{514,217.03,587.15}{515,217.39,588.15}{516,217.73,589.15}{517,218.08,590.15}{518,218.44,591.15}{519,218.79,592.15}{520,219.15,593.15}{521,219.5,594.15}{522,219.85,595.15}{523,220.21,596.15}{524,220.56,597.15}{525,220.91,598.15}{526,221.27,599.15}{527,221.62,600.15}{528,221.97,601.15}{529,222.32,602.15}{530,222.68,603.15}{531,223.03,604.15}{532,223.38,605.15}{533,223.73,606.15}{534,224.09,607.15}{535,224.45,608.15}{536,224.8,609.15}{537,225.15,610.15}{538,225.5,611.15}{539,225.85,612.15}{540,226.21,613.15}{541,226.56,614.15}{542,226.91,615.15}{543,227.26,616.15}{544,227.61,617.15}{545,227.96,618.15}{546,228.31,619.15}{547,228.66,620.15}{548,229.01,621.15}{549,229.36,622.15}{550,229.72,623.15}{551,230.07,624.15}{552,230.42,625.15}{553,230.77,626.15}{554,231.12,627.15}{555,231.47,628.15}{556,231.81,629.15}{557,232.16,630.15}{558,232.51,631.15}{559,232.86,632.15}{560,233.21,633.15}{561,233.56,634.15}{562,233.91,635.15}{563,234.26,636.15}{564,234.6,637.15}{565,234.95,638.15}{566,235.3,639.15}{567,235.65,640.15}{568,236,641.15}{569,236.35,642.15}{570,236.7,643.15}{571,237.05,644.15}{572,237.4,645.15}{573,237.75,646.15}{574,238.09,647.15}{575,238.44,648.15}{576,238.79,649.15}{577,239.14,650.15}{578,239.48,651.15}{579,239.83,652.15}{580,240.18,653.15}{581,240.52,654.15}{582,240.87,655.15}{583,241.22,656.15}{584,241.56,657.15}{585,241.91,658.15}{586,242.25,659.15}{587,242.6,660.15}{588,242.95,661.15}{589,243.29,662.15}{590,243.64,663.15}{591,243.98,664.15}{592,244.33,665.15}{593,244.67,666.15}{594,245.02,667.15}{595,245.36,668.15}{596,245.71,669.15}{597,246.05,670.15}{598,246.4,671.15}{599,246.74,672.15}{600,247.09,673.15}{601,247.43,674.15}{602,247.78,675.15}{603,248.12,676.15}{604,248.46,677.15}{605,248.81,678.15}{606,249.15,679.15}{607,249.5,680.15}{608,249.84,681.15}{609,250.18,682.15}{610,250.53,683.15}{611,250.89,684.15}{612,251.21,685.15}{613,251.55,686.15}{614,251.9,687.15}{615,252.24,688.15}{616,252.59,689.15}{617,252.94,690.15}{618,253.28,691.15}{619,253.62,692.15}{620,253.96,693.15}{621,254.3,694.15}{622,254.65,695.15}{623,254.99,696.15}{624,255.33,697.15}{625,255.67,698.15}{626,256.01,699.15}{627,256.35,700.15}{628,256.7,701.15}{629,257.04,702.15}{630,257.38,703.15}{631,257.72,704.15}{632,258.06,705.15}{633,258.4,706.15}{634,258.74,707.15}{635,259.08,708.15}{636,259.42,709.15}{637,259.76,710.15}{638,260.1,711.15}{639,260.44,712.15}{640,260.78,713.15}{641,261.12,714.15}{642,261.46,715.15}{643,261.8,716.15}{644,262.14,717.15}{645,262.48,718.15}{646,262.83,719.15}{647,263.17,720.15}{648,263.5,721.15}{649,263.84,722.15}{650,264.18,723.15}{651,264.52,724.15}{652,264.86,725.15}{653,265.2,726.15}{654,265.54,727.15}{655,265.87,728.15}{656,266.21,729.15}{657,266.55,730.15}{658,266.89,731.15}{659,267.22,732.15}{660,267.56,733.15}{661,267.9,734.15}{662,268.24,735.15}{663,268.57,736.15}{664,268.91,737.15}{665,269.25,738.15}{666,269.58,739.15}{667,269.92,740.15}{668,270.26,741.15}{669,270.59,742.15}{670,270.93,743.15}{671,271.27,744.15}{672,271.6,745.15}{673,271.94,746.15}{674,272.27,747.15}{675,272.61,748.15}{676,272.95,749.15}{677,273.28,750.15}{678,273.62,751.15}{679,273.95,752.15}{680,274.29,753.15}{681,274.62,754.15}{682,274.96,755.15}{683,275.29,756.15}{684,275.63,757.15}{685,275.96,758.15}{686,276.31,759.15}{687,276.64,760.15}{688,276.97,761.15}{689,277.31,762.15}{690,277.64,763.15}{691,277.98,764.15}{692,278.31,765.15}{693,278.64,766.15}{694,278.98,767.15}{695,279.31,768.15}{696,279.64,769.15}{697,279.98,770.15}{698,280.31,771.15}{699,280.64,772.15}{700,280.98,773.15}{701,281.31,774.15}{702,281.64,775.15}{703,281.97,776.15}{704,282.31,777.15}{705,282.64,778.15}{706,282.97,779.15}{707,283.3,780.15}{708,283.63,781.15}{709,283.97,782.15}{710,284.3,783.15}{711,284.63,784.15}{712,284.96,785.15}{713,285.29,786.15}{714,285.62,787.15}{715,285.95,788.15}{716,286.3,789.15}{717,286.63,790.15}{718,286.96,791.15}{719,287.29,792.15}{720,287.62,793.15}{721,287.95,794.15}{722,288.28,795.15}{723,288.61,796.15}{724,288.94,797.15}{725,289.27,798.15}{726,289.6,799.15}{727,289.93,800.15}{728,290.26,801.15}{729,290.59,802.15}{730,290.92,803.15}{731,291.25,804.15}{732,291.58,805.15}{733,291.9,806.15}{734,292.23,807.15}{735,292.56,808.15}{736,292.9,809.15}{737,293.23,810.15}{738,293.56,811.15}{739,293.89,812.15}{740,294.21,813.15}{741,294.54,814.15}{742,294.87,815.15}{743,295.2,816.15}{744,295.53,817.15}{745,295.85,818.15}{746,296.18,819.15}{747,296.51,820.15}{748,296.84,821.15}{749,297.16,822.15}{750,297.49,823.15}{751,297.82,824.15}{752,298.14,825.15}{753,298.47,826.15}{754,298.8,827.15}{755,299.12,828.15}{756,299.45,829.15}{757,299.78,830.15}{758,300.1,831.15}{759,300.43,832.15}{760,300.75,833.15}{761,301.08,834.15}{762,301.41,835.15}{763,301.73,836.15}{764,302.06,837.15}{765,302.38,838.15}{766,302.71,839.15}{767,303.03,840.15}{768,303.36,841.15}{769,303.68,842.15}{770,304.01,843.15}{771,304.33,844.15}{772,304.66,845.15}{773,304.98,846.15}{774,305.3,847.15}{775,305.63,848.15}{776,305.95,849.15}{777,306.28,850.15}{778,306.6,851.15}{779,306.92,852.15}{780,307.25,853.15}{781,307.57,854.15}{782,307.89,855.15}{783,308.22,856.15}{784,308.54,857.15}{785,308.86,858.15}{786,309.19,859.15}{787,309.51,860.15}{788,309.83,861.15}{789,310.15,862.15}{790,310.48,863.15}{791,310.8,864.15}{792,311.12,865.15}{793,311.45,866.15}{794,311.78,867.15}{795,312.1,868.15}{796,312.43,869.15}{797,312.75,870.15}{798,313.07,871.15}{799,313.39,872.15}{800,313.71,873.15}{801,314.04,874.15}{802,314.36,875.15}{803,314.68,876.15}{804,315,877.15}{805,315.32,878.15}{806,315.64,879.15}{807,315.96,880.15}{808,316.28,881.15}{809,316.6,882.15}{810,316.92,883.15}{811,317.24,884.15}{812,317.56,885.15}{813,317.88,886.15}{814,318.2,887.15}{815,318.52,888.15}{816,318.85,889.15}{817,319.17,890.15}{818,319.49,891.15}{819,319.81,892.15}{820,320.12,893.15}{821,320.44,894.15}{822,320.76,895.15}{823,321.08,896.15}{824,321.4,897.15}{825,321.72,898.15}{826,322.03,899.15}{827,322.34,900.15}{828,322.66,901.15}{829,322.98,902.15}{830,323.3,903.15}{831,323.61,904.15}{832,323.93,905.15}{833,324.25,906.15}{834,324.57,907.15}{835,324.88,908.15}{836,325.21,909.15}{837,325.53,910.15}{838,325.85,911.15}{839,326.16,912.15}{840,326.48,913.15}{841,326.79,914.15}{842,327.11,915.15}{843,327.43,916.15}{844,327.74,917.15}{845,328.06,918.15}{846,328.38,919.15}{847,328.69,920.15}{848,329.01,921.15}{849,329.32,922.15}{850,329.64,923.15}{851,329.95,924.15}{852,330.27,925.15}{853,330.58,926.15}{854,330.9,927.15}{855,331.21,928.15}{856,331.53,929.15}{857,331.84,930.15}{858,332.16,931.15}{859,332.47,932.15}{860,332.79,933.15}{861,333.1,934.15}{862,333.41,935.15}{863,333.73,936.15}{864,334.04,937.15}{865,334.36,938.15}{866,334.68,939.15}{867,334.99,940.15}{868,335.31,941.15}{869,335.62,942.15}{870,335.93,943.15}{871,336.25,944.15}{872,336.56,945.15}{873,336.87,946.15}{874,337.18,947.15}{875,337.5,948.15}{876,337.81,949.15}{877,338.12,950.15}{878,338.43,951.15}{879,338.75,952.15}{880,339.06,953.15}{881,339.37,954.15}{882,339.68,955.15}{883,339.99,956.15}{884,340.3,957.15}{885,340.62,958.15}{886,340.94,959.15}{887,341.25,960.15}{888,341.55,961.15}{889,341.87,962.15}{890,342.18,963.15}{891,342.49,964.15}{892,342.8,965.15}{893,343.11,966.15}{894,343.42,967.15}{895,343.73,968.15}{896,344.04,969.15}{897,344.35,970.15}{898,344.66,971.15}{899,344.97,972.15}{900,345.28,973.15}{901,345.59,974.15}{902,345.9,975.15}{903,346.21,976.15}{904,346.52,977.15}{905,346.83,978.15}{906,347.15,979.15}{907,347.46,980.15}{908,347.76,981.15}{909,348.07,982.15}{910,348.38,983.15}{911,348.69,984.15}{912,349,985.15}{913,349.31,986.15}{914,349.61,987.15}{915,349.92,988.15}{916,350.23,989.15}{917,350.54,990.15}{918,350.85,991.15}{919,351.15,992.15}{920,351.46,993.15}{921,351.77,994.15}{922,352.07,995.15}{923,352.38,996.15}{924,352.69,997.15}{925,352.99,998.15}{926,353.3,999.15}{927,353.61,1000.15}{928,353.91,1001.15}{929,354.22,1002.15}{930,354.53,1003.15}{931,354.83,1004.15}{932,355.14,1005.15}{933,355.44,1006.15}{934,355.75,1007.15}{935,356.06,1008.15}{936,356.37,1009.15}{937,356.68,1010.15}{938,356.98,1011.15}{939,357.29,1012.15}{940,357.59,1013.15}{941,357.9,1014.15}{942,358.2,1015.15}{943,358.51,1016.15}{944,358.81,1017.15}{945,359.12,1018.15}{946,359.42,1019.15}{947,359.72,1020.15}{948,360.03,1021.15}{949,360.33,1022.15}{950,360.64,1023.15}{951,360.94,1024.15}{952,361.24,1025.15}{953,361.55,1026.15}{954,361.85,1027.15}{955,362.15,1028.15}{956,362.46,1029.15}{957,362.76,1030.15}{958,363.06,1031.15}{959,363.36,1032.15}{960,363.67,1033.15}{961,363.97,1034.15}{962,364.27,1035.15}{963,364.57,1036.15}{964,364.88,1037.15}{965,365.18,1038.15}{966,365.49,1039.15}{967,365.79,1040.15}{968,366.09,1041.15}{969,366.4,1042.15}{970,366.7,1043.15}{971,367,1044.15}{972,367.3,1045.15}{973,367.6,1046.15}{974,367.9,1047.15}{975,368.2,1048.15}{976,368.5,1049.15}{977,368.81,1050.15}{978,369.11,1051.15}{979,369.41,1052.15}{980,369.71,1053.15}{981,370.01,1054.15}{982,370.31,1055.15}{983,370.61,1056.15}{984,370.91,1057.15}{985,371.21,1058.15}{986,371.52,1059.15}{987,371.82,1060.15}{988,372.12,1061.15}{989,372.41,1062.15}{990,372.71,1063.15}{991,373.01,1064.15}{992,373.31,1065.15}{993,373.61,1066.15}{994,373.91,1067.15}{995,374.21,1068.15}{996,374.51,1069.15}{997,374.8,1070.15}{998,375.1,1071.15}{999,375.4,1072.15}{1000,375.7,1073.15}{1001,376,1074.15}{1002,376.29,1075.15}{1003,376.59,1076.15}{1004,376.89,1077.15}{1005,377.19,1078.15}{1006,377.49,1079.15}{1007,377.79,1080.15}{1008,378.09,1081.15}{1009,378.39,1082.15}{1010,378.68,1083.15}{1011,378.98,1084.15}{1012,379.28,1085.15}{1013,379.57,1086.15}{1014,379.87,1087.15}{1015,380.17,1088.15}{1016,380.46,1089.15}{1017,380.76,1090.15}{1018,381.05,1091.15}{1019,381.35,1092.15}{1020,381.65,1093.15}{1021,381.94,1094.15}{1022,382.24,1095.15}{1023,382.53,1096.15}{1024,382.83,1097.15}{1025,383.12,1098.15}{1026,383.42,1099.15}{1027,383.71,1100.15}{1028,384.01,1101.15}{1029,384.3,1102.15}{1030,384.6,1103.15}{1031,384.89,1104.15}{1032,385.18,1105.15}{1033,385.48,1106.15}{1034,385.77,1107.15}{1035,386.07,1108.15}{1036,386.37,1109.15}{1037,386.66,1110.15}{1038,386.96,1111.15}{1039,387.25,1112.15}{1040,387.55,1113.15}{1041,387.84,1114.15}{1042,388.13,1115.15}{1043,388.42,1116.15}{1044,388.72,1117.15}{1045,389.01,1118.15}{1046,389.31,1119.15}{1047,389.61,1120.15}{1048,389.9,1121.15}{1049,390.19,1122.15}{1050,390.48,1123.15}&quot;"/>
                                                <instance name="dev02/Config/ch00012/RTDWireScheme" order="0" value="4"/>
                                                <instance name="dev01/Config/ch00012/enable" order="1" value="1"/>
                                                <instance name="dev01/Config/ch00003/Calibration_Sensor_Curve" order="0" value="&quot;{0,18.52,73.15}{1,18.96,74.15}{2,19.39,75.15}{3,19.82,76.15}{4,20.25,77.15}{5,20.68,78.15}{6,21.11,79.15}{7,21.54,80.15}{8,21.97,81.15}{9,22.4,82.15}{10,22.83,83.15}{11,23.26,84.15}{12,23.69,85.15}{13,24.12,86.15}{14,24.55,87.15}{15,24.97,88.15}{16,25.39,89.15}{17,25.82,90.15}{18,26.25,91.15}{19,26.67,92.15}{20,27.1,93.15}{21,27.52,94.15}{22,27.95,95.15}{23,28.37,96.15}{24,28.8,97.15}{25,29.22,98.15}{26,29.65,99.15}{27,30.07,100.15}{28,30.49,101.15}{29,30.92,102.15}{30,31.34,103.15}{31,31.76,104.15}{32,32.18,105.15}{33,32.61,106.15}{34,33.03,107.15}{35,33.45,108.15}{36,33.86,109.15}{37,34.28,110.15}{38,34.7,111.15}{39,35.12,112.15}{40,35.54,113.15}{41,35.96,114.15}{42,36.38,115.15}{43,36.8,116.15}{44,37.22,117.15}{45,37.63,118.15}{46,38.05,119.15}{47,38.47,120.15}{48,38.89,121.15}{49,39.31,122.15}{50,39.72,123.15}{51,40.14,124.15}{52,40.56,125.15}{53,40.97,126.15}{54,41.39,127.15}{55,41.8,128.15}{56,42.22,129.15}{57,42.64,130.15}{58,43.05,131.15}{59,43.46,132.15}{60,43.88,133.15}{61,44.29,134.15}{62,44.71,135.15}{63,45.12,136.15}{64,45.53,137.15}{65,45.95,138.15}{66,46.35,139.15}{67,46.76,140.15}{68,47.18,141.15}{69,47.59,142.15}{70,48,143.15}{71,48.41,144.15}{72,48.82,145.15}{73,49.23,146.15}{74,49.64,147.15}{75,50.06,148.15}{76,50.47,149.15}{77,50.88,150.15}{78,51.29,151.15}{79,51.7,152.15}{80,52.11,153.15}{81,52.52,154.15}{82,52.92,155.15}{83,53.33,156.15}{84,53.74,157.15}{85,54.15,158.15}{86,54.56,159.15}{87,54.97,160.15}{88,55.38,161.15}{89,55.78,162.15}{90,56.19,163.15}{91,56.6,164.15}{92,57,165.15}{93,57.41,166.15}{94,57.82,167.15}{95,58.22,168.15}{96,58.63,169.15}{97,59.04,170.15}{98,59.44,171.15}{99,59.85,172.15}{100,60.26,173.15}{101,60.67,174.15}{102,61.07,175.15}{103,61.48,176.15}{104,61.87,177.15}{105,62.29,178.15}{106,62.69,179.15}{107,63.1,180.15}{108,63.5,181.15}{109,63.91,182.15}{110,64.3,183.15}{111,64.7,184.15}{112,65.11,185.15}{113,65.51,186.15}{114,65.91,187.15}{115,66.31,188.15}{116,66.72,189.15}{117,67.12,190.15}{118,67.52,191.15}{119,67.92,192.15}{120,68.33,193.15}{121,68.73,194.15}{122,69.13,195.15}{123,69.53,196.15}{124,69.93,197.15}{125,70.33,198.15}{126,70.73,199.15}{127,71.13,200.15}{128,71.53,201.15}{129,71.93,202.15}{130,72.33,203.15}{131,72.73,204.15}{132,73.13,205.15}{133,73.53,206.15}{134,73.93,207.15}{135,74.33,208.15}{136,74.73,209.15}{137,75.13,210.15}{138,75.53,211.15}{139,75.93,212.15}{140,76.33,213.15}{141,76.73,214.15}{142,77.13,215.15}{143,77.52,216.15}{144,77.92,217.15}{145,78.32,218.15}{146,78.72,219.15}{147,79.11,220.15}{148,79.51,221.15}{149,79.91,222.15}{150,80.31,223.15}{151,80.7,224.15}{152,81.1,225.15}{153,81.5,226.15}{154,81.89,227.15}{155,82.29,228.15}{156,82.69,229.15}{157,83.08,230.15}{158,83.48,231.15}{159,83.88,232.15}{160,84.27,233.15}{161,84.67,234.15}{162,85.06,235.15}{163,85.46,236.15}{164,85.85,237.15}{165,86.25,238.15}{166,86.64,239.15}{167,87.04,240.15}{168,87.43,241.15}{169,87.83,242.15}{170,88.22,243.15}{171,88.62,244.15}{172,89.01,245.15}{173,89.4,246.15}{174,89.8,247.15}{175,90.19,248.15}{176,90.59,249.15}{177,90.98,250.15}{178,91.37,251.15}{179,91.77,252.15}{180,92.16,253.15}{181,92.55,254.15}{182,92.95,255.15}{183,93.34,256.15}{184,93.73,257.15}{185,94.12,258.15}{186,94.52,259.15}{187,94.91,260.15}{188,95.3,261.15}{189,95.69,262.15}{190,96.09,263.15}{191,96.48,264.15}{192,96.87,265.15}{193,97.26,266.15}{194,97.65,267.15}{195,98.04,268.15}{196,98.44,269.15}{197,98.83,270.15}{198,99.22,271.15}{199,99.61,272.15}{200,100,273.15}{201,100.39,274.15}{202,100.78,275.15}{203,101.17,276.15}{204,101.56,277.15}{205,101.95,278.15}{206,102.34,279.15}{207,102.73,280.15}{208,103.12,281.15}{209,103.51,282.15}{210,103.9,283.15}{211,104.29,284.15}{212,104.68,285.15}{213,105.07,286.15}{214,105.46,287.15}{215,105.85,288.15}{216,106.24,289.15}{217,106.63,290.15}{218,107.02,291.15}{219,107.4,292.15}{220,107.79,293.15}{221,108.18,294.15}{222,108.57,295.15}{223,108.96,296.15}{224,109.35,297.15}{225,109.73,298.15}{226,110.12,299.15}{227,110.51,300.15}{228,110.9,301.15}{229,111.28,302.15}{230,111.67,303.15}{231,112.06,304.15}{232,112.45,305.15}{233,112.83,306.15}{234,113.22,307.15}{235,113.61,308.15}{236,113.99,309.15}{237,114.38,310.15}{238,114.77,311.15}{239,115.15,312.15}{240,115.54,313.15}{241,115.93,314.15}{242,116.31,315.15}{243,116.7,316.15}{244,117.08,317.15}{245,117.47,318.15}{246,117.85,319.15}{247,118.24,320.15}{248,118.62,321.15}{249,119.01,322.15}{250,119.4,323.15}{251,119.78,324.15}{252,120.16,325.15}{253,120.55,326.15}{254,120.93,327.15}{255,121.32,328.15}{256,121.7,329.15}{257,122.09,330.15}{258,122.47,331.15}{259,122.86,332.15}{260,123.24,333.15}{261,123.62,334.15}{262,124.01,335.15}{263,124.39,336.15}{264,124.77,337.15}{265,125.17,338.15}{266,125.55,339.15}{267,125.93,340.15}{268,126.32,341.15}{269,126.7,342.15}{270,127.08,343.15}{271,127.46,344.15}{272,127.85,345.15}{273,128.23,346.15}{274,128.61,347.15}{275,128.99,348.15}{276,129.38,349.15}{277,129.76,350.15}{278,130.14,351.15}{279,130.52,352.15}{280,130.9,353.15}{281,131.28,354.15}{282,131.67,355.15}{283,132.05,356.15}{284,132.43,357.15}{285,132.81,358.15}{286,133.19,359.15}{287,133.57,360.15}{288,133.95,361.15}{289,134.33,362.15}{290,134.71,363.15}{291,135.09,364.15}{292,135.47,365.15}{293,135.85,366.15}{294,136.23,367.15}{295,136.61,368.15}{296,136.99,369.15}{297,137.37,370.15}{298,137.75,371.15}{299,138.13,372.15}{300,138.51,373.15}{301,138.89,374.15}{302,139.27,375.15}{303,139.65,376.15}{304,140.03,377.15}{305,140.39,378.15}{306,140.77,379.15}{307,141.15,380.15}{308,141.53,381.15}{309,141.91,382.15}{310,142.29,383.15}{311,142.66,384.15}{312,143.04,385.15}{313,143.42,386.15}{314,143.8,387.15}{315,144.18,388.15}{316,144.56,389.15}{317,144.94,390.15}{318,145.32,391.15}{319,145.69,392.15}{320,146.07,393.15}{321,146.45,394.15}{322,146.82,395.15}{323,147.2,396.15}{324,147.58,397.15}{325,147.95,398.15}{326,148.33,399.15}{327,148.71,400.15}{328,149.08,401.15}{329,149.46,402.15}{330,149.83,403.15}{331,150.21,404.15}{332,150.58,405.15}{333,150.96,406.15}{334,151.34,407.15}{335,151.71,408.15}{336,152.09,409.15}{337,152.46,410.15}{338,152.84,411.15}{339,153.21,412.15}{340,153.58,413.15}{341,153.95,414.15}{342,154.32,415.15}{343,154.71,416.15}{344,155.08,417.15}{345,155.46,418.15}{346,155.83,419.15}{347,156.21,420.15}{348,156.58,421.15}{349,156.96,422.15}{350,157.33,423.15}{351,157.71,424.15}{352,158.08,425.15}{353,158.45,426.15}{354,158.83,427.15}{355,159.2,428.15}{356,159.56,429.15}{357,159.94,430.15}{358,160.31,431.15}{359,160.68,432.15}{360,161.05,433.15}{361,161.43,434.15}{362,161.8,435.15}{363,162.17,436.15}{364,162.54,437.15}{365,162.91,438.15}{366,163.28,439.15}{367,163.66,440.15}{368,164.03,441.15}{369,164.4,442.15}{370,164.77,443.15}{371,165.14,444.15}{372,165.51,445.15}{373,165.88,446.15}{374,166.25,447.15}{375,166.62,448.15}{376,167,449.15}{377,167.37,450.15}{378,167.74,451.15}{379,168.11,452.15}{380,168.48,453.15}{381,168.85,454.15}{382,169.22,455.15}{383,169.59,456.15}{384,169.96,457.15}{385,170.33,458.15}{386,170.69,459.15}{387,171.06,460.15}{388,171.43,461.15}{389,171.8,462.15}{390,172.17,463.15}{391,172.54,464.15}{392,172.91,465.15}{393,173.27,466.15}{394,173.64,467.15}{395,174.01,468.15}{396,174.39,469.15}{397,174.75,470.15}{398,175.12,471.15}{399,175.49,472.15}{400,175.86,473.15}{401,176.23,474.15}{402,176.59,475.15}{403,176.96,476.15}{404,177.33,477.15}{405,177.7,478.15}{406,178.06,479.15}{407,178.43,480.15}{408,178.8,481.15}{409,179.16,482.15}{410,179.53,483.15}{411,179.9,484.15}{412,180.26,485.15}{413,180.63,486.15}{414,180.99,487.15}{415,181.36,488.15}{416,181.73,489.15}{417,182.09,490.15}{418,182.46,491.15}{419,182.82,492.15}{420,183.19,493.15}{421,183.55,494.15}{422,183.92,495.15}{423,184.28,496.15}{424,184.65,497.15}{425,185.01,498.15}{426,185.38,499.15}{427,185.74,500.15}{428,186.11,501.15}{429,186.47,502.15}{430,186.84,503.15}{431,187.2,504.15}{432,187.56,505.15}{433,187.93,506.15}{434,188.29,507.15}{435,188.65,508.15}{436,189.02,509.15}{437,189.38,510.15}{438,189.74,511.15}{439,190.11,512.15}{440,190.47,513.15}{441,190.83,514.15}{442,191.2,515.15}{443,191.56,516.15}{444,191.92,517.15}{445,192.28,518.15}{446,192.66,519.15}{447,193.02,520.15}{448,193.38,521.15}{449,193.74,522.15}{450,194.1,523.15}{451,194.47,524.15}{452,194.83,525.15}{453,195.19,526.15}{454,195.55,527.15}{455,195.9,528.15}{456,196.26,529.15}{457,196.62,530.15}{458,196.98,531.15}{459,197.35,532.15}{460,197.71,533.15}{461,198.07,534.15}{462,198.43,535.15}{463,198.79,536.15}{464,199.15,537.15}{465,199.51,538.15}{466,199.87,539.15}{467,200.23,540.15}{468,200.59,541.15}{469,200.95,542.15}{470,201.31,543.15}{471,201.67,544.15}{472,202.03,545.15}{473,202.38,546.15}{474,202.74,547.15}{475,203.1,548.15}{476,203.46,549.15}{477,203.82,550.15}{478,204.18,551.15}{479,204.54,552.15}{480,204.9,553.15}{481,205.25,554.15}{482,205.61,555.15}{483,205.97,556.15}{484,206.33,557.15}{485,206.7,558.15}{486,207.05,559.15}{487,207.41,560.15}{488,207.77,561.15}{489,208.13,562.15}{490,208.48,563.15}{491,208.84,564.15}{492,209.2,565.15}{493,209.55,566.15}{494,209.91,567.15}{495,210.27,568.15}{496,210.62,569.15}{497,210.98,570.15}{498,211.34,571.15}{499,211.69,572.15}{500,212.05,573.15}{501,212.4,574.15}{502,212.76,575.15}{503,213.12,576.15}{504,213.47,577.15}{505,213.83,578.15}{506,214.19,579.15}{507,214.55,580.15}{508,214.9,581.15}{509,215.26,582.15}{510,215.61,583.15}{511,215.97,584.15}{512,216.32,585.15}{513,216.68,586.15}{514,217.03,587.15}{515,217.39,588.15}{516,217.73,589.15}{517,218.08,590.15}{518,218.44,591.15}{519,218.79,592.15}{520,219.15,593.15}{521,219.5,594.15}{522,219.85,595.15}{523,220.21,596.15}{524,220.56,597.15}{525,220.91,598.15}{526,221.27,599.15}{527,221.62,600.15}{528,221.97,601.15}{529,222.32,602.15}{530,222.68,603.15}{531,223.03,604.15}{532,223.38,605.15}{533,223.73,606.15}{534,224.09,607.15}{535,224.45,608.15}{536,224.8,609.15}{537,225.15,610.15}{538,225.5,611.15}{539,225.85,612.15}{540,226.21,613.15}{541,226.56,614.15}{542,226.91,615.15}{543,227.26,616.15}{544,227.61,617.15}{545,227.96,618.15}{546,228.31,619.15}{547,228.66,620.15}{548,229.01,621.15}{549,229.36,622.15}{550,229.72,623.15}{551,230.07,624.15}{552,230.42,625.15}{553,230.77,626.15}{554,231.12,627.15}{555,231.47,628.15}{556,231.81,629.15}{557,232.16,630.15}{558,232.51,631.15}{559,232.86,632.15}{560,233.21,633.15}{561,233.56,634.15}{562,233.91,635.15}{563,234.26,636.15}{564,234.6,637.15}{565,234.95,638.15}{566,235.3,639.15}{567,235.65,640.15}{568,236,641.15}{569,236.35,642.15}{570,236.7,643.15}{571,237.05,644.15}{572,237.4,645.15}{573,237.75,646.15}{574,238.09,647.15}{575,238.44,648.15}{576,238.79,649.15}{577,239.14,650.15}{578,239.48,651.15}{579,239.83,652.15}{580,240.18,653.15}{581,240.52,654.15}{582,240.87,655.15}{583,241.22,656.15}{584,241.56,657.15}{585,241.91,658.15}{586,242.25,659.15}{587,242.6,660.15}{588,242.95,661.15}{589,243.29,662.15}{590,243.64,663.15}{591,243.98,664.15}{592,244.33,665.15}{593,244.67,666.15}{594,245.02,667.15}{595,245.36,668.15}{596,245.71,669.15}{597,246.05,670.15}{598,246.4,671.15}{599,246.74,672.15}{600,247.09,673.15}{601,247.43,674.15}{602,247.78,675.15}{603,248.12,676.15}{604,248.46,677.15}{605,248.81,678.15}{606,249.15,679.15}{607,249.5,680.15}{608,249.84,681.15}{609,250.18,682.15}{610,250.53,683.15}{611,250.89,684.15}{612,251.21,685.15}{613,251.55,686.15}{614,251.9,687.15}{615,252.24,688.15}{616,252.59,689.15}{617,252.94,690.15}{618,253.28,691.15}{619,253.62,692.15}{620,253.96,693.15}{621,254.3,694.15}{622,254.65,695.15}{623,254.99,696.15}{624,255.33,697.15}{625,255.67,698.15}{626,256.01,699.15}{627,256.35,700.15}{628,256.7,701.15}{629,257.04,702.15}{630,257.38,703.15}{631,257.72,704.15}{632,258.06,705.15}{633,258.4,706.15}{634,258.74,707.15}{635,259.08,708.15}{636,259.42,709.15}{637,259.76,710.15}{638,260.1,711.15}{639,260.44,712.15}{640,260.78,713.15}{641,261.12,714.15}{642,261.46,715.15}{643,261.8,716.15}{644,262.14,717.15}{645,262.48,718.15}{646,262.83,719.15}{647,263.17,720.15}{648,263.5,721.15}{649,263.84,722.15}{650,264.18,723.15}{651,264.52,724.15}{652,264.86,725.15}{653,265.2,726.15}{654,265.54,727.15}{655,265.87,728.15}{656,266.21,729.15}{657,266.55,730.15}{658,266.89,731.15}{659,267.22,732.15}{660,267.56,733.15}{661,267.9,734.15}{662,268.24,735.15}{663,268.57,736.15}{664,268.91,737.15}{665,269.25,738.15}{666,269.58,739.15}{667,269.92,740.15}{668,270.26,741.15}{669,270.59,742.15}{670,270.93,743.15}{671,271.27,744.15}{672,271.6,745.15}{673,271.94,746.15}{674,272.27,747.15}{675,272.61,748.15}{676,272.95,749.15}{677,273.28,750.15}{678,273.62,751.15}{679,273.95,752.15}{680,274.29,753.15}{681,274.62,754.15}{682,274.96,755.15}{683,275.29,756.15}{684,275.63,757.15}{685,275.96,758.15}{686,276.31,759.15}{687,276.64,760.15}{688,276.97,761.15}{689,277.31,762.15}{690,277.64,763.15}{691,277.98,764.15}{692,278.31,765.15}{693,278.64,766.15}{694,278.98,767.15}{695,279.31,768.15}{696,279.64,769.15}{697,279.98,770.15}{698,280.31,771.15}{699,280.64,772.15}{700,280.98,773.15}{701,281.31,774.15}{702,281.64,775.15}{703,281.97,776.15}{704,282.31,777.15}{705,282.64,778.15}{706,282.97,779.15}{707,283.3,780.15}{708,283.63,781.15}{709,283.97,782.15}{710,284.3,783.15}{711,284.63,784.15}{712,284.96,785.15}{713,285.29,786.15}{714,285.62,787.15}{715,285.95,788.15}{716,286.3,789.15}{717,286.63,790.15}{718,286.96,791.15}{719,287.29,792.15}{720,287.62,793.15}{721,287.95,794.15}{722,288.28,795.15}{723,288.61,796.15}{724,288.94,797.15}{725,289.27,798.15}{726,289.6,799.15}{727,289.93,800.15}{728,290.26,801.15}{729,290.59,802.15}{730,290.92,803.15}{731,291.25,804.15}{732,291.58,805.15}{733,291.9,806.15}{734,292.23,807.15}{735,292.56,808.15}{736,292.9,809.15}{737,293.23,810.15}{738,293.56,811.15}{739,293.89,812.15}{740,294.21,813.15}{741,294.54,814.15}{742,294.87,815.15}{743,295.2,816.15}{744,295.53,817.15}{745,295.85,818.15}{746,296.18,819.15}{747,296.51,820.15}{748,296.84,821.15}{749,297.16,822.15}{750,297.49,823.15}{751,297.82,824.15}{752,298.14,825.15}{753,298.47,826.15}{754,298.8,827.15}{755,299.12,828.15}{756,299.45,829.15}{757,299.78,830.15}{758,300.1,831.15}{759,300.43,832.15}{760,300.75,833.15}{761,301.08,834.15}{762,301.41,835.15}{763,301.73,836.15}{764,302.06,837.15}{765,302.38,838.15}{766,302.71,839.15}{767,303.03,840.15}{768,303.36,841.15}{769,303.68,842.15}{770,304.01,843.15}{771,304.33,844.15}{772,304.66,845.15}{773,304.98,846.15}{774,305.3,847.15}{775,305.63,848.15}{776,305.95,849.15}{777,306.28,850.15}{778,306.6,851.15}{779,306.92,852.15}{780,307.25,853.15}{781,307.57,854.15}{782,307.89,855.15}{783,308.22,856.15}{784,308.54,857.15}{785,308.86,858.15}{786,309.19,859.15}{787,309.51,860.15}{788,309.83,861.15}{789,310.15,862.15}{790,310.48,863.15}{791,310.8,864.15}{792,311.12,865.15}{793,311.45,866.15}{794,311.78,867.15}{795,312.1,868.15}{796,312.43,869.15}{797,312.75,870.15}{798,313.07,871.15}{799,313.39,872.15}{800,313.71,873.15}{801,314.04,874.15}{802,314.36,875.15}{803,314.68,876.15}{804,315,877.15}{805,315.32,878.15}{806,315.64,879.15}{807,315.96,880.15}{808,316.28,881.15}{809,316.6,882.15}{810,316.92,883.15}{811,317.24,884.15}{812,317.56,885.15}{813,317.88,886.15}{814,318.2,887.15}{815,318.52,888.15}{816,318.85,889.15}{817,319.17,890.15}{818,319.49,891.15}{819,319.81,892.15}{820,320.12,893.15}{821,320.44,894.15}{822,320.76,895.15}{823,321.08,896.15}{824,321.4,897.15}{825,321.72,898.15}{826,322.03,899.15}{827,322.34,900.15}{828,322.66,901.15}{829,322.98,902.15}{830,323.3,903.15}{831,323.61,904.15}{832,323.93,905.15}{833,324.25,906.15}{834,324.57,907.15}{835,324.88,908.15}{836,325.21,909.15}{837,325.53,910.15}{838,325.85,911.15}{839,326.16,912.15}{840,326.48,913.15}{841,326.79,914.15}{842,327.11,915.15}{843,327.43,916.15}{844,327.74,917.15}{845,328.06,918.15}{846,328.38,919.15}{847,328.69,920.15}{848,329.01,921.15}{849,329.32,922.15}{850,329.64,923.15}{851,329.95,924.15}{852,330.27,925.15}{853,330.58,926.15}{854,330.9,927.15}{855,331.21,928.15}{856,331.53,929.15}{857,331.84,930.15}{858,332.16,931.15}{859,332.47,932.15}{860,332.79,933.15}{861,333.1,934.15}{862,333.41,935.15}{863,333.73,936.15}{864,334.04,937.15}{865,334.36,938.15}{866,334.68,939.15}{867,334.99,940.15}{868,335.31,941.15}{869,335.62,942.15}{870,335.93,943.15}{871,336.25,944.15}{872,336.56,945.15}{873,336.87,946.15}{874,337.18,947.15}{875,337.5,948.15}{876,337.81,949.15}{877,338.12,950.15}{878,338.43,951.15}{879,338.75,952.15}{880,339.06,953.15}{881,339.37,954.15}{882,339.68,955.15}{883,339.99,956.15}{884,340.3,957.15}{885,340.62,958.15}{886,340.94,959.15}{887,341.25,960.15}{888,341.55,961.15}{889,341.87,962.15}{890,342.18,963.15}{891,342.49,964.15}{892,342.8,965.15}{893,343.11,966.15}{894,343.42,967.15}{895,343.73,968.15}{896,344.04,969.15}{897,344.35,970.15}{898,344.66,971.15}{899,344.97,972.15}{900,345.28,973.15}{901,345.59,974.15}{902,345.9,975.15}{903,346.21,976.15}{904,346.52,977.15}{905,346.83,978.15}{906,347.15,979.15}{907,347.46,980.15}{908,347.76,981.15}{909,348.07,982.15}{910,348.38,983.15}{911,348.69,984.15}{912,349,985.15}{913,349.31,986.15}{914,349.61,987.15}{915,349.92,988.15}{916,350.23,989.15}{917,350.54,990.15}{918,350.85,991.15}{919,351.15,992.15}{920,351.46,993.15}{921,351.77,994.15}{922,352.07,995.15}{923,352.38,996.15}{924,352.69,997.15}{925,352.99,998.15}{926,353.3,999.15}{927,353.61,1000.15}{928,353.91,1001.15}{929,354.22,1002.15}{930,354.53,1003.15}{931,354.83,1004.15}{932,355.14,1005.15}{933,355.44,1006.15}{934,355.75,1007.15}{935,356.06,1008.15}{936,356.37,1009.15}{937,356.68,1010.15}{938,356.98,1011.15}{939,357.29,1012.15}{940,357.59,1013.15}{941,357.9,1014.15}{942,358.2,1015.15}{943,358.51,1016.15}{944,358.81,1017.15}{945,359.12,1018.15}{946,359.42,1019.15}{947,359.72,1020.15}{948,360.03,1021.15}{949,360.33,1022.15}{950,360.64,1023.15}{951,360.94,1024.15}{952,361.24,1025.15}{953,361.55,1026.15}{954,361.85,1027.15}{955,362.15,1028.15}{956,362.46,1029.15}{957,362.76,1030.15}{958,363.06,1031.15}{959,363.36,1032.15}{960,363.67,1033.15}{961,363.97,1034.15}{962,364.27,1035.15}{963,364.57,1036.15}{964,364.88,1037.15}{965,365.18,1038.15}{966,365.49,1039.15}{967,365.79,1040.15}{968,366.09,1041.15}{969,366.4,1042.15}{970,366.7,1043.15}{971,367,1044.15}{972,367.3,1045.15}{973,367.6,1046.15}{974,367.9,1047.15}{975,368.2,1048.15}{976,368.5,1049.15}{977,368.81,1050.15}{978,369.11,1051.15}{979,369.41,1052.15}{980,369.71,1053.15}{981,370.01,1054.15}{982,370.31,1055.15}{983,370.61,1056.15}{984,370.91,1057.15}{985,371.21,1058.15}{986,371.52,1059.15}{987,371.82,1060.15}{988,372.12,1061.15}{989,372.41,1062.15}{990,372.71,1063.15}{991,373.01,1064.15}{992,373.31,1065.15}{993,373.61,1066.15}{994,373.91,1067.15}{995,374.21,1068.15}{996,374.51,1069.15}{997,374.8,1070.15}{998,375.1,1071.15}{999,375.4,1072.15}{1000,375.7,1073.15}{1001,376,1074.15}{1002,376.29,1075.15}{1003,376.59,1076.15}{1004,376.89,1077.15}{1005,377.19,1078.15}{1006,377.49,1079.15}{1007,377.79,1080.15}{1008,378.09,1081.15}{1009,378.39,1082.15}{1010,378.68,1083.15}{1011,378.98,1084.15}{1012,379.28,1085.15}{1013,379.57,1086.15}{1014,379.87,1087.15}{1015,380.17,1088.15}{1016,380.46,1089.15}{1017,380.76,1090.15}{1018,381.05,1091.15}{1019,381.35,1092.15}{1020,381.65,1093.15}{1021,381.94,1094.15}{1022,382.24,1095.15}{1023,382.53,1096.15}{1024,382.83,1097.15}{1025,383.12,1098.15}{1026,383.42,1099.15}{1027,383.71,1100.15}{1028,384.01,1101.15}{1029,384.3,1102.15}{1030,384.6,1103.15}{1031,384.89,1104.15}{1032,385.18,1105.15}{1033,385.48,1106.15}{1034,385.77,1107.15}{1035,386.07,1108.15}{1036,386.37,1109.15}{1037,386.66,1110.15}{1038,386.96,1111.15}{1039,387.25,1112.15}{1040,387.55,1113.15}{1041,387.84,1114.15}{1042,388.13,1115.15}{1043,388.42,1116.15}{1044,388.72,1117.15}{1045,389.01,1118.15}{1046,389.31,1119.15}{1047,389.61,1120.15}{1048,389.9,1121.15}{1049,390.19,1122.15}{1050,390.48,1123.15}&quot;"/>
                                                <instance name="dev01/Config/ch00011/rate" order="0" value="10"/>
                                                <instance name="dev02/Config/ch00001/enable" order="1" value="1"/>
                                                <instance name="dev02/Config/ch00002/enable" order="1" value="1"/>
                                                <instance name="dev02/Config/ch00003/enable" order="1" value="1"/>
                                                <instance name="dev02/Config/ch00004/rate" order="0" value="10"/>
                                                <instance name="dev02/Config/ch00003/Calibration_Sensor_Curve" order="0" value="&quot;{0,18.52,73.15}{1,18.96,74.15}{2,19.39,75.15}{3,19.82,76.15}{4,20.25,77.15}{5,20.68,78.15}{6,21.11,79.15}{7,21.54,80.15}{8,21.97,81.15}{9,22.4,82.15}{10,22.83,83.15}{11,23.26,84.15}{12,23.69,85.15}{13,24.12,86.15}{14,24.55,87.15}{15,24.97,88.15}{16,25.39,89.15}{17,25.82,90.15}{18,26.25,91.15}{19,26.67,92.15}{20,27.1,93.15}{21,27.52,94.15}{22,27.95,95.15}{23,28.37,96.15}{24,28.8,97.15}{25,29.22,98.15}{26,29.65,99.15}{27,30.07,100.15}{28,30.49,101.15}{29,30.92,102.15}{30,31.34,103.15}{31,31.76,104.15}{32,32.18,105.15}{33,32.61,106.15}{34,33.03,107.15}{35,33.45,108.15}{36,33.86,109.15}{37,34.28,110.15}{38,34.7,111.15}{39,35.12,112.15}{40,35.54,113.15}{41,35.96,114.15}{42,36.38,115.15}{43,36.8,116.15}{44,37.22,117.15}{45,37.63,118.15}{46,38.05,119.15}{47,38.47,120.15}{48,38.89,121.15}{49,39.31,122.15}{50,39.72,123.15}{51,40.14,124.15}{52,40.56,125.15}{53,40.97,126.15}{54,41.39,127.15}{55,41.8,128.15}{56,42.22,129.15}{57,42.64,130.15}{58,43.05,131.15}{59,43.46,132.15}{60,43.88,133.15}{61,44.29,134.15}{62,44.71,135.15}{63,45.12,136.15}{64,45.53,137.15}{65,45.95,138.15}{66,46.35,139.15}{67,46.76,140.15}{68,47.18,141.15}{69,47.59,142.15}{70,48,143.15}{71,48.41,144.15}{72,48.82,145.15}{73,49.23,146.15}{74,49.64,147.15}{75,50.06,148.15}{76,50.47,149.15}{77,50.88,150.15}{78,51.29,151.15}{79,51.7,152.15}{80,52.11,153.15}{81,52.52,154.15}{82,52.92,155.15}{83,53.33,156.15}{84,53.74,157.15}{85,54.15,158.15}{86,54.56,159.15}{87,54.97,160.15}{88,55.38,161.15}{89,55.78,162.15}{90,56.19,163.15}{91,56.6,164.15}{92,57,165.15}{93,57.41,166.15}{94,57.82,167.15}{95,58.22,168.15}{96,58.63,169.15}{97,59.04,170.15}{98,59.44,171.15}{99,59.85,172.15}{100,60.26,173.15}{101,60.67,174.15}{102,61.07,175.15}{103,61.48,176.15}{104,61.87,177.15}{105,62.29,178.15}{106,62.69,179.15}{107,63.1,180.15}{108,63.5,181.15}{109,63.91,182.15}{110,64.3,183.15}{111,64.7,184.15}{112,65.11,185.15}{113,65.51,186.15}{114,65.91,187.15}{115,66.31,188.15}{116,66.72,189.15}{117,67.12,190.15}{118,67.52,191.15}{119,67.92,192.15}{120,68.33,193.15}{121,68.73,194.15}{122,69.13,195.15}{123,69.53,196.15}{124,69.93,197.15}{125,70.33,198.15}{126,70.73,199.15}{127,71.13,200.15}{128,71.53,201.15}{129,71.93,202.15}{130,72.33,203.15}{131,72.73,204.15}{132,73.13,205.15}{133,73.53,206.15}{134,73.93,207.15}{135,74.33,208.15}{136,74.73,209.15}{137,75.13,210.15}{138,75.53,211.15}{139,75.93,212.15}{140,76.33,213.15}{141,76.73,214.15}{142,77.13,215.15}{143,77.52,216.15}{144,77.92,217.15}{145,78.32,218.15}{146,78.72,219.15}{147,79.11,220.15}{148,79.51,221.15}{149,79.91,222.15}{150,80.31,223.15}{151,80.7,224.15}{152,81.1,225.15}{153,81.5,226.15}{154,81.89,227.15}{155,82.29,228.15}{156,82.69,229.15}{157,83.08,230.15}{158,83.48,231.15}{159,83.88,232.15}{160,84.27,233.15}{161,84.67,234.15}{162,85.06,235.15}{163,85.46,236.15}{164,85.85,237.15}{165,86.25,238.15}{166,86.64,239.15}{167,87.04,240.15}{168,87.43,241.15}{169,87.83,242.15}{170,88.22,243.15}{171,88.62,244.15}{172,89.01,245.15}{173,89.4,246.15}{174,89.8,247.15}{175,90.19,248.15}{176,90.59,249.15}{177,90.98,250.15}{178,91.37,251.15}{179,91.77,252.15}{180,92.16,253.15}{181,92.55,254.15}{182,92.95,255.15}{183,93.34,256.15}{184,93.73,257.15}{185,94.12,258.15}{186,94.52,259.15}{187,94.91,260.15}{188,95.3,261.15}{189,95.69,262.15}{190,96.09,263.15}{191,96.48,264.15}{192,96.87,265.15}{193,97.26,266.15}{194,97.65,267.15}{195,98.04,268.15}{196,98.44,269.15}{197,98.83,270.15}{198,99.22,271.15}{199,99.61,272.15}{200,100,273.15}{201,100.39,274.15}{202,100.78,275.15}{203,101.17,276.15}{204,101.56,277.15}{205,101.95,278.15}{206,102.34,279.15}{207,102.73,280.15}{208,103.12,281.15}{209,103.51,282.15}{210,103.9,283.15}{211,104.29,284.15}{212,104.68,285.15}{213,105.07,286.15}{214,105.46,287.15}{215,105.85,288.15}{216,106.24,289.15}{217,106.63,290.15}{218,107.02,291.15}{219,107.4,292.15}{220,107.79,293.15}{221,108.18,294.15}{222,108.57,295.15}{223,108.96,296.15}{224,109.35,297.15}{225,109.73,298.15}{226,110.12,299.15}{227,110.51,300.15}{228,110.9,301.15}{229,111.28,302.15}{230,111.67,303.15}{231,112.06,304.15}{232,112.45,305.15}{233,112.83,306.15}{234,113.22,307.15}{235,113.61,308.15}{236,113.99,309.15}{237,114.38,310.15}{238,114.77,311.15}{239,115.15,312.15}{240,115.54,313.15}{241,115.93,314.15}{242,116.31,315.15}{243,116.7,316.15}{244,117.08,317.15}{245,117.47,318.15}{246,117.85,319.15}{247,118.24,320.15}{248,118.62,321.15}{249,119.01,322.15}{250,119.4,323.15}{251,119.78,324.15}{252,120.16,325.15}{253,120.55,326.15}{254,120.93,327.15}{255,121.32,328.15}{256,121.7,329.15}{257,122.09,330.15}{258,122.47,331.15}{259,122.86,332.15}{260,123.24,333.15}{261,123.62,334.15}{262,124.01,335.15}{263,124.39,336.15}{264,124.77,337.15}{265,125.17,338.15}{266,125.55,339.15}{267,125.93,340.15}{268,126.32,341.15}{269,126.7,342.15}{270,127.08,343.15}{271,127.46,344.15}{272,127.85,345.15}{273,128.23,346.15}{274,128.61,347.15}{275,128.99,348.15}{276,129.38,349.15}{277,129.76,350.15}{278,130.14,351.15}{279,130.52,352.15}{280,130.9,353.15}{281,131.28,354.15}{282,131.67,355.15}{283,132.05,356.15}{284,132.43,357.15}{285,132.81,358.15}{286,133.19,359.15}{287,133.57,360.15}{288,133.95,361.15}{289,134.33,362.15}{290,134.71,363.15}{291,135.09,364.15}{292,135.47,365.15}{293,135.85,366.15}{294,136.23,367.15}{295,136.61,368.15}{296,136.99,369.15}{297,137.37,370.15}{298,137.75,371.15}{299,138.13,372.15}{300,138.51,373.15}{301,138.89,374.15}{302,139.27,375.15}{303,139.65,376.15}{304,140.03,377.15}{305,140.39,378.15}{306,140.77,379.15}{307,141.15,380.15}{308,141.53,381.15}{309,141.91,382.15}{310,142.29,383.15}{311,142.66,384.15}{312,143.04,385.15}{313,143.42,386.15}{314,143.8,387.15}{315,144.18,388.15}{316,144.56,389.15}{317,144.94,390.15}{318,145.32,391.15}{319,145.69,392.15}{320,146.07,393.15}{321,146.45,394.15}{322,146.82,395.15}{323,147.2,396.15}{324,147.58,397.15}{325,147.95,398.15}{326,148.33,399.15}{327,148.71,400.15}{328,149.08,401.15}{329,149.46,402.15}{330,149.83,403.15}{331,150.21,404.15}{332,150.58,405.15}{333,150.96,406.15}{334,151.34,407.15}{335,151.71,408.15}{336,152.09,409.15}{337,152.46,410.15}{338,152.84,411.15}{339,153.21,412.15}{340,153.58,413.15}{341,153.95,414.15}{342,154.32,415.15}{343,154.71,416.15}{344,155.08,417.15}{345,155.46,418.15}{346,155.83,419.15}{347,156.21,420.15}{348,156.58,421.15}{349,156.96,422.15}{350,157.33,423.15}{351,157.71,424.15}{352,158.08,425.15}{353,158.45,426.15}{354,158.83,427.15}{355,159.2,428.15}{356,159.56,429.15}{357,159.94,430.15}{358,160.31,431.15}{359,160.68,432.15}{360,161.05,433.15}{361,161.43,434.15}{362,161.8,435.15}{363,162.17,436.15}{364,162.54,437.15}{365,162.91,438.15}{366,163.28,439.15}{367,163.66,440.15}{368,164.03,441.15}{369,164.4,442.15}{370,164.77,443.15}{371,165.14,444.15}{372,165.51,445.15}{373,165.88,446.15}{374,166.25,447.15}{375,166.62,448.15}{376,167,449.15}{377,167.37,450.15}{378,167.74,451.15}{379,168.11,452.15}{380,168.48,453.15}{381,168.85,454.15}{382,169.22,455.15}{383,169.59,456.15}{384,169.96,457.15}{385,170.33,458.15}{386,170.69,459.15}{387,171.06,460.15}{388,171.43,461.15}{389,171.8,462.15}{390,172.17,463.15}{391,172.54,464.15}{392,172.91,465.15}{393,173.27,466.15}{394,173.64,467.15}{395,174.01,468.15}{396,174.39,469.15}{397,174.75,470.15}{398,175.12,471.15}{399,175.49,472.15}{400,175.86,473.15}{401,176.23,474.15}{402,176.59,475.15}{403,176.96,476.15}{404,177.33,477.15}{405,177.7,478.15}{406,178.06,479.15}{407,178.43,480.15}{408,178.8,481.15}{409,179.16,482.15}{410,179.53,483.15}{411,179.9,484.15}{412,180.26,485.15}{413,180.63,486.15}{414,180.99,487.15}{415,181.36,488.15}{416,181.73,489.15}{417,182.09,490.15}{418,182.46,491.15}{419,182.82,492.15}{420,183.19,493.15}{421,183.55,494.15}{422,183.92,495.15}{423,184.28,496.15}{424,184.65,497.15}{425,185.01,498.15}{426,185.38,499.15}{427,185.74,500.15}{428,186.11,501.15}{429,186.47,502.15}{430,186.84,503.15}{431,187.2,504.15}{432,187.56,505.15}{433,187.93,506.15}{434,188.29,507.15}{435,188.65,508.15}{436,189.02,509.15}{437,189.38,510.15}{438,189.74,511.15}{439,190.11,512.15}{440,190.47,513.15}{441,190.83,514.15}{442,191.2,515.15}{443,191.56,516.15}{444,191.92,517.15}{445,192.28,518.15}{446,192.66,519.15}{447,193.02,520.15}{448,193.38,521.15}{449,193.74,522.15}{450,194.1,523.15}{451,194.47,524.15}{452,194.83,525.15}{453,195.19,526.15}{454,195.55,527.15}{455,195.9,528.15}{456,196.26,529.15}{457,196.62,530.15}{458,196.98,531.15}{459,197.35,532.15}{460,197.71,533.15}{461,198.07,534.15}{462,198.43,535.15}{463,198.79,536.15}{464,199.15,537.15}{465,199.51,538.15}{466,199.87,539.15}{467,200.23,540.15}{468,200.59,541.15}{469,200.95,542.15}{470,201.31,543.15}{471,201.67,544.15}{472,202.03,545.15}{473,202.38,546.15}{474,202.74,547.15}{475,203.1,548.15}{476,203.46,549.15}{477,203.82,550.15}{478,204.18,551.15}{479,204.54,552.15}{480,204.9,553.15}{481,205.25,554.15}{482,205.61,555.15}{483,205.97,556.15}{484,206.33,557.15}{485,206.7,558.15}{486,207.05,559.15}{487,207.41,560.15}{488,207.77,561.15}{489,208.13,562.15}{490,208.48,563.15}{491,208.84,564.15}{492,209.2,565.15}{493,209.55,566.15}{494,209.91,567.15}{495,210.27,568.15}{496,210.62,569.15}{497,210.98,570.15}{498,211.34,571.15}{499,211.69,572.15}{500,212.05,573.15}{501,212.4,574.15}{502,212.76,575.15}{503,213.12,576.15}{504,213.47,577.15}{505,213.83,578.15}{506,214.19,579.15}{507,214.55,580.15}{508,214.9,581.15}{509,215.26,582.15}{510,215.61,583.15}{511,215.97,584.15}{512,216.32,585.15}{513,216.68,586.15}{514,217.03,587.15}{515,217.39,588.15}{516,217.73,589.15}{517,218.08,590.15}{518,218.44,591.15}{519,218.79,592.15}{520,219.15,593.15}{521,219.5,594.15}{522,219.85,595.15}{523,220.21,596.15}{524,220.56,597.15}{525,220.91,598.15}{526,221.27,599.15}{527,221.62,600.15}{528,221.97,601.15}{529,222.32,602.15}{530,222.68,603.15}{531,223.03,604.15}{532,223.38,605.15}{533,223.73,606.15}{534,224.09,607.15}{535,224.45,608.15}{536,224.8,609.15}{537,225.15,610.15}{538,225.5,611.15}{539,225.85,612.15}{540,226.21,613.15}{541,226.56,614.15}{542,226.91,615.15}{543,227.26,616.15}{544,227.61,617.15}{545,227.96,618.15}{546,228.31,619.15}{547,228.66,620.15}{548,229.01,621.15}{549,229.36,622.15}{550,229.72,623.15}{551,230.07,624.15}{552,230.42,625.15}{553,230.77,626.15}{554,231.12,627.15}{555,231.47,628.15}{556,231.81,629.15}{557,232.16,630.15}{558,232.51,631.15}{559,232.86,632.15}{560,233.21,633.15}{561,233.56,634.15}{562,233.91,635.15}{563,234.26,636.15}{564,234.6,637.15}{565,234.95,638.15}{566,235.3,639.15}{567,235.65,640.15}{568,236,641.15}{569,236.35,642.15}{570,236.7,643.15}{571,237.05,644.15}{572,237.4,645.15}{573,237.75,646.15}{574,238.09,647.15}{575,238.44,648.15}{576,238.79,649.15}{577,239.14,650.15}{578,239.48,651.15}{579,239.83,652.15}{580,240.18,653.15}{581,240.52,654.15}{582,240.87,655.15}{583,241.22,656.15}{584,241.56,657.15}{585,241.91,658.15}{586,242.25,659.15}{587,242.6,660.15}{588,242.95,661.15}{589,243.29,662.15}{590,243.64,663.15}{591,243.98,664.15}{592,244.33,665.15}{593,244.67,666.15}{594,245.02,667.15}{595,245.36,668.15}{596,245.71,669.15}{597,246.05,670.15}{598,246.4,671.15}{599,246.74,672.15}{600,247.09,673.15}{601,247.43,674.15}{602,247.78,675.15}{603,248.12,676.15}{604,248.46,677.15}{605,248.81,678.15}{606,249.15,679.15}{607,249.5,680.15}{608,249.84,681.15}{609,250.18,682.15}{610,250.53,683.15}{611,250.89,684.15}{612,251.21,685.15}{613,251.55,686.15}{614,251.9,687.15}{615,252.24,688.15}{616,252.59,689.15}{617,252.94,690.15}{618,253.28,691.15}{619,253.62,692.15}{620,253.96,693.15}{621,254.3,694.15}{622,254.65,695.15}{623,254.99,696.15}{624,255.33,697.15}{625,255.67,698.15}{626,256.01,699.15}{627,256.35,700.15}{628,256.7,701.15}{629,257.04,702.15}{630,257.38,703.15}{631,257.72,704.15}{632,258.06,705.15}{633,258.4,706.15}{634,258.74,707.15}{635,259.08,708.15}{636,259.42,709.15}{637,259.76,710.15}{638,260.1,711.15}{639,260.44,712.15}{640,260.78,713.15}{641,261.12,714.15}{642,261.46,715.15}{643,261.8,716.15}{644,262.14,717.15}{645,262.48,718.15}{646,262.83,719.15}{647,263.17,720.15}{648,263.5,721.15}{649,263.84,722.15}{650,264.18,723.15}{651,264.52,724.15}{652,264.86,725.15}{653,265.2,726.15}{654,265.54,727.15}{655,265.87,728.15}{656,266.21,729.15}{657,266.55,730.15}{658,266.89,731.15}{659,267.22,732.15}{660,267.56,733.15}{661,267.9,734.15}{662,268.24,735.15}{663,268.57,736.15}{664,268.91,737.15}{665,269.25,738.15}{666,269.58,739.15}{667,269.92,740.15}{668,270.26,741.15}{669,270.59,742.15}{670,270.93,743.15}{671,271.27,744.15}{672,271.6,745.15}{673,271.94,746.15}{674,272.27,747.15}{675,272.61,748.15}{676,272.95,749.15}{677,273.28,750.15}{678,273.62,751.15}{679,273.95,752.15}{680,274.29,753.15}{681,274.62,754.15}{682,274.96,755.15}{683,275.29,756.15}{684,275.63,757.15}{685,275.96,758.15}{686,276.31,759.15}{687,276.64,760.15}{688,276.97,761.15}{689,277.31,762.15}{690,277.64,763.15}{691,277.98,764.15}{692,278.31,765.15}{693,278.64,766.15}{694,278.98,767.15}{695,279.31,768.15}{696,279.64,769.15}{697,279.98,770.15}{698,280.31,771.15}{699,280.64,772.15}{700,280.98,773.15}{701,281.31,774.15}{702,281.64,775.15}{703,281.97,776.15}{704,282.31,777.15}{705,282.64,778.15}{706,282.97,779.15}{707,283.3,780.15}{708,283.63,781.15}{709,283.97,782.15}{710,284.3,783.15}{711,284.63,784.15}{712,284.96,785.15}{713,285.29,786.15}{714,285.62,787.15}{715,285.95,788.15}{716,286.3,789.15}{717,286.63,790.15}{718,286.96,791.15}{719,287.29,792.15}{720,287.62,793.15}{721,287.95,794.15}{722,288.28,795.15}{723,288.61,796.15}{724,288.94,797.15}{725,289.27,798.15}{726,289.6,799.15}{727,289.93,800.15}{728,290.26,801.15}{729,290.59,802.15}{730,290.92,803.15}{731,291.25,804.15}{732,291.58,805.15}{733,291.9,806.15}{734,292.23,807.15}{735,292.56,808.15}{736,292.9,809.15}{737,293.23,810.15}{738,293.56,811.15}{739,293.89,812.15}{740,294.21,813.15}{741,294.54,814.15}{742,294.87,815.15}{743,295.2,816.15}{744,295.53,817.15}{745,295.85,818.15}{746,296.18,819.15}{747,296.51,820.15}{748,296.84,821.15}{749,297.16,822.15}{750,297.49,823.15}{751,297.82,824.15}{752,298.14,825.15}{753,298.47,826.15}{754,298.8,827.15}{755,299.12,828.15}{756,299.45,829.15}{757,299.78,830.15}{758,300.1,831.15}{759,300.43,832.15}{760,300.75,833.15}{761,301.08,834.15}{762,301.41,835.15}{763,301.73,836.15}{764,302.06,837.15}{765,302.38,838.15}{766,302.71,839.15}{767,303.03,840.15}{768,303.36,841.15}{769,303.68,842.15}{770,304.01,843.15}{771,304.33,844.15}{772,304.66,845.15}{773,304.98,846.15}{774,305.3,847.15}{775,305.63,848.15}{776,305.95,849.15}{777,306.28,850.15}{778,306.6,851.15}{779,306.92,852.15}{780,307.25,853.15}{781,307.57,854.15}{782,307.89,855.15}{783,308.22,856.15}{784,308.54,857.15}{785,308.86,858.15}{786,309.19,859.15}{787,309.51,860.15}{788,309.83,861.15}{789,310.15,862.15}{790,310.48,863.15}{791,310.8,864.15}{792,311.12,865.15}{793,311.45,866.15}{794,311.78,867.15}{795,312.1,868.15}{796,312.43,869.15}{797,312.75,870.15}{798,313.07,871.15}{799,313.39,872.15}{800,313.71,873.15}{801,314.04,874.15}{802,314.36,875.15}{803,314.68,876.15}{804,315,877.15}{805,315.32,878.15}{806,315.64,879.15}{807,315.96,880.15}{808,316.28,881.15}{809,316.6,882.15}{810,316.92,883.15}{811,317.24,884.15}{812,317.56,885.15}{813,317.88,886.15}{814,318.2,887.15}{815,318.52,888.15}{816,318.85,889.15}{817,319.17,890.15}{818,319.49,891.15}{819,319.81,892.15}{820,320.12,893.15}{821,320.44,894.15}{822,320.76,895.15}{823,321.08,896.15}{824,321.4,897.15}{825,321.72,898.15}{826,322.03,899.15}{827,322.34,900.15}{828,322.66,901.15}{829,322.98,902.15}{830,323.3,903.15}{831,323.61,904.15}{832,323.93,905.15}{833,324.25,906.15}{834,324.57,907.15}{835,324.88,908.15}{836,325.21,909.15}{837,325.53,910.15}{838,325.85,911.15}{839,326.16,912.15}{840,326.48,913.15}{841,326.79,914.15}{842,327.11,915.15}{843,327.43,916.15}{844,327.74,917.15}{845,328.06,918.15}{846,328.38,919.15}{847,328.69,920.15}{848,329.01,921.15}{849,329.32,922.15}{850,329.64,923.15}{851,329.95,924.15}{852,330.27,925.15}{853,330.58,926.15}{854,330.9,927.15}{855,331.21,928.15}{856,331.53,929.15}{857,331.84,930.15}{858,332.16,931.15}{859,332.47,932.15}{860,332.79,933.15}{861,333.1,934.15}{862,333.41,935.15}{863,333.73,936.15}{864,334.04,937.15}{865,334.36,938.15}{866,334.68,939.15}{867,334.99,940.15}{868,335.31,941.15}{869,335.62,942.15}{870,335.93,943.15}{871,336.25,944.15}{872,336.56,945.15}{873,336.87,946.15}{874,337.18,947.15}{875,337.5,948.15}{876,337.81,949.15}{877,338.12,950.15}{878,338.43,951.15}{879,338.75,952.15}{880,339.06,953.15}{881,339.37,954.15}{882,339.68,955.15}{883,339.99,956.15}{884,340.3,957.15}{885,340.62,958.15}{886,340.94,959.15}{887,341.25,960.15}{888,341.55,961.15}{889,341.87,962.15}{890,342.18,963.15}{891,342.49,964.15}{892,342.8,965.15}{893,343.11,966.15}{894,343.42,967.15}{895,343.73,968.15}{896,344.04,969.15}{897,344.35,970.15}{898,344.66,971.15}{899,344.97,972.15}{900,345.28,973.15}{901,345.59,974.15}{902,345.9,975.15}{903,346.21,976.15}{904,346.52,977.15}{905,346.83,978.15}{906,347.15,979.15}{907,347.46,980.15}{908,347.76,981.15}{909,348.07,982.15}{910,348.38,983.15}{911,348.69,984.15}{912,349,985.15}{913,349.31,986.15}{914,349.61,987.15}{915,349.92,988.15}{916,350.23,989.15}{917,350.54,990.15}{918,350.85,991.15}{919,351.15,992.15}{920,351.46,993.15}{921,351.77,994.15}{922,352.07,995.15}{923,352.38,996.15}{924,352.69,997.15}{925,352.99,998.15}{926,353.3,999.15}{927,353.61,1000.15}{928,353.91,1001.15}{929,354.22,1002.15}{930,354.53,1003.15}{931,354.83,1004.15}{932,355.14,1005.15}{933,355.44,1006.15}{934,355.75,1007.15}{935,356.06,1008.15}{936,356.37,1009.15}{937,356.68,1010.15}{938,356.98,1011.15}{939,357.29,1012.15}{940,357.59,1013.15}{941,357.9,1014.15}{942,358.2,1015.15}{943,358.51,1016.15}{944,358.81,1017.15}{945,359.12,1018.15}{946,359.42,1019.15}{947,359.72,1020.15}{948,360.03,1021.15}{949,360.33,1022.15}{950,360.64,1023.15}{951,360.94,1024.15}{952,361.24,1025.15}{953,361.55,1026.15}{954,361.85,1027.15}{955,362.15,1028.15}{956,362.46,1029.15}{957,362.76,1030.15}{958,363.06,1031.15}{959,363.36,1032.15}{960,363.67,1033.15}{961,363.97,1034.15}{962,364.27,1035.15}{963,364.57,1036.15}{964,364.88,1037.15}{965,365.18,1038.15}{966,365.49,1039.15}{967,365.79,1040.15}{968,366.09,1041.15}{969,366.4,1042.15}{970,366.7,1043.15}{971,367,1044.15}{972,367.3,1045.15}{973,367.6,1046.15}{974,367.9,1047.15}{975,368.2,1048.15}{976,368.5,1049.15}{977,368.81,1050.15}{978,369.11,1051.15}{979,369.41,1052.15}{980,369.71,1053.15}{981,370.01,1054.15}{982,370.31,1055.15}{983,370.61,1056.15}{984,370.91,1057.15}{985,371.21,1058.15}{986,371.52,1059.15}{987,371.82,1060.15}{988,372.12,1061.15}{989,372.41,1062.15}{990,372.71,1063.15}{991,373.01,1064.15}{992,373.31,1065.15}{993,373.61,1066.15}{994,373.91,1067.15}{995,374.21,1068.15}{996,374.51,1069.15}{997,374.8,1070.15}{998,375.1,1071.15}{999,375.4,1072.15}{1000,375.7,1073.15}{1001,376,1074.15}{1002,376.29,1075.15}{1003,376.59,1076.15}{1004,376.89,1077.15}{1005,377.19,1078.15}{1006,377.49,1079.15}{1007,377.79,1080.15}{1008,378.09,1081.15}{1009,378.39,1082.15}{1010,378.68,1083.15}{1011,378.98,1084.15}{1012,379.28,1085.15}{1013,379.57,1086.15}{1014,379.87,1087.15}{1015,380.17,1088.15}{1016,380.46,1089.15}{1017,380.76,1090.15}{1018,381.05,1091.15}{1019,381.35,1092.15}{1020,381.65,1093.15}{1021,381.94,1094.15}{1022,382.24,1095.15}{1023,382.53,1096.15}{1024,382.83,1097.15}{1025,383.12,1098.15}{1026,383.42,1099.15}{1027,383.71,1100.15}{1028,384.01,1101.15}{1029,384.3,1102.15}{1030,384.6,1103.15}{1031,384.89,1104.15}{1032,385.18,1105.15}{1033,385.48,1106.15}{1034,385.77,1107.15}{1035,386.07,1108.15}{1036,386.37,1109.15}{1037,386.66,1110.15}{1038,386.96,1111.15}{1039,387.25,1112.15}{1040,387.55,1113.15}{1041,387.84,1114.15}{1042,388.13,1115.15}{1043,388.42,1116.15}{1044,388.72,1117.15}{1045,389.01,1118.15}{1046,389.31,1119.15}{1047,389.61,1120.15}{1048,389.9,1121.15}{1049,390.19,1122.15}{1050,390.48,1123.15}&quot;"/>
                                                <instance name="dev02/Config/ch00004/Calibration_Sensor_Curve" order="0" value="&quot;{0,18.52,73.15}{1,18.96,74.15}{2,19.39,75.15}{3,19.82,76.15}{4,20.25,77.15}{5,20.68,78.15}{6,21.11,79.15}{7,21.54,80.15}{8,21.97,81.15}{9,22.4,82.15}{10,22.83,83.15}{11,23.26,84.15}{12,23.69,85.15}{13,24.12,86.15}{14,24.55,87.15}{15,24.97,88.15}{16,25.39,89.15}{17,25.82,90.15}{18,26.25,91.15}{19,26.67,92.15}{20,27.1,93.15}{21,27.52,94.15}{22,27.95,95.15}{23,28.37,96.15}{24,28.8,97.15}{25,29.22,98.15}{26,29.65,99.15}{27,30.07,100.15}{28,30.49,101.15}{29,30.92,102.15}{30,31.34,103.15}{31,31.76,104.15}{32,32.18,105.15}{33,32.61,106.15}{34,33.03,107.15}{35,33.45,108.15}{36,33.86,109.15}{37,34.28,110.15}{38,34.7,111.15}{39,35.12,112.15}{40,35.54,113.15}{41,35.96,114.15}{42,36.38,115.15}{43,36.8,116.15}{44,37.22,117.15}{45,37.63,118.15}{46,38.05,119.15}{47,38.47,120.15}{48,38.89,121.15}{49,39.31,122.15}{50,39.72,123.15}{51,40.14,124.15}{52,40.56,125.15}{53,40.97,126.15}{54,41.39,127.15}{55,41.8,128.15}{56,42.22,129.15}{57,42.64,130.15}{58,43.05,131.15}{59,43.46,132.15}{60,43.88,133.15}{61,44.29,134.15}{62,44.71,135.15}{63,45.12,136.15}{64,45.53,137.15}{65,45.95,138.15}{66,46.35,139.15}{67,46.76,140.15}{68,47.18,141.15}{69,47.59,142.15}{70,48,143.15}{71,48.41,144.15}{72,48.82,145.15}{73,49.23,146.15}{74,49.64,147.15}{75,50.06,148.15}{76,50.47,149.15}{77,50.88,150.15}{78,51.29,151.15}{79,51.7,152.15}{80,52.11,153.15}{81,52.52,154.15}{82,52.92,155.15}{83,53.33,156.15}{84,53.74,157.15}{85,54.15,158.15}{86,54.56,159.15}{87,54.97,160.15}{88,55.38,161.15}{89,55.78,162.15}{90,56.19,163.15}{91,56.6,164.15}{92,57,165.15}{93,57.41,166.15}{94,57.82,167.15}{95,58.22,168.15}{96,58.63,169.15}{97,59.04,170.15}{98,59.44,171.15}{99,59.85,172.15}{100,60.26,173.15}{101,60.67,174.15}{102,61.07,175.15}{103,61.48,176.15}{104,61.87,177.15}{105,62.29,178.15}{106,62.69,179.15}{107,63.1,180.15}{108,63.5,181.15}{109,63.91,182.15}{110,64.3,183.15}{111,64.7,184.15}{112,65.11,185.15}{113,65.51,186.15}{114,65.91,187.15}{115,66.31,188.15}{116,66.72,189.15}{117,67.12,190.15}{118,67.52,191.15}{119,67.92,192.15}{120,68.33,193.15}{121,68.73,194.15}{122,69.13,195.15}{123,69.53,196.15}{124,69.93,197.15}{125,70.33,198.15}{126,70.73,199.15}{127,71.13,200.15}{128,71.53,201.15}{129,71.93,202.15}{130,72.33,203.15}{131,72.73,204.15}{132,73.13,205.15}{133,73.53,206.15}{134,73.93,207.15}{135,74.33,208.15}{136,74.73,209.15}{137,75.13,210.15}{138,75.53,211.15}{139,75.93,212.15}{140,76.33,213.15}{141,76.73,214.15}{142,77.13,215.15}{143,77.52,216.15}{144,77.92,217.15}{145,78.32,218.15}{146,78.72,219.15}{147,79.11,220.15}{148,79.51,221.15}{149,79.91,222.15}{150,80.31,223.15}{151,80.7,224.15}{152,81.1,225.15}{153,81.5,226.15}{154,81.89,227.15}{155,82.29,228.15}{156,82.69,229.15}{157,83.08,230.15}{158,83.48,231.15}{159,83.88,232.15}{160,84.27,233.15}{161,84.67,234.15}{162,85.06,235.15}{163,85.46,236.15}{164,85.85,237.15}{165,86.25,238.15}{166,86.64,239.15}{167,87.04,240.15}{168,87.43,241.15}{169,87.83,242.15}{170,88.22,243.15}{171,88.62,244.15}{172,89.01,245.15}{173,89.4,246.15}{174,89.8,247.15}{175,90.19,248.15}{176,90.59,249.15}{177,90.98,250.15}{178,91.37,251.15}{179,91.77,252.15}{180,92.16,253.15}{181,92.55,254.15}{182,92.95,255.15}{183,93.34,256.15}{184,93.73,257.15}{185,94.12,258.15}{186,94.52,259.15}{187,94.91,260.15}{188,95.3,261.15}{189,95.69,262.15}{190,96.09,263.15}{191,96.48,264.15}{192,96.87,265.15}{193,97.26,266.15}{194,97.65,267.15}{195,98.04,268.15}{196,98.44,269.15}{197,98.83,270.15}{198,99.22,271.15}{199,99.61,272.15}{200,100,273.15}{201,100.39,274.15}{202,100.78,275.15}{203,101.17,276.15}{204,101.56,277.15}{205,101.95,278.15}{206,102.34,279.15}{207,102.73,280.15}{208,103.12,281.15}{209,103.51,282.15}{210,103.9,283.15}{211,104.29,284.15}{212,104.68,285.15}{213,105.07,286.15}{214,105.46,287.15}{215,105.85,288.15}{216,106.24,289.15}{217,106.63,290.15}{218,107.02,291.15}{219,107.4,292.15}{220,107.79,293.15}{221,108.18,294.15}{222,108.57,295.15}{223,108.96,296.15}{224,109.35,297.15}{225,109.73,298.15}{226,110.12,299.15}{227,110.51,300.15}{228,110.9,301.15}{229,111.28,302.15}{230,111.67,303.15}{231,112.06,304.15}{232,112.45,305.15}{233,112.83,306.15}{234,113.22,307.15}{235,113.61,308.15}{236,113.99,309.15}{237,114.38,310.15}{238,114.77,311.15}{239,115.15,312.15}{240,115.54,313.15}{241,115.93,314.15}{242,116.31,315.15}{243,116.7,316.15}{244,117.08,317.15}{245,117.47,318.15}{246,117.85,319.15}{247,118.24,320.15}{248,118.62,321.15}{249,119.01,322.15}{250,119.4,323.15}{251,119.78,324.15}{252,120.16,325.15}{253,120.55,326.15}{254,120.93,327.15}{255,121.32,328.15}{256,121.7,329.15}{257,122.09,330.15}{258,122.47,331.15}{259,122.86,332.15}{260,123.24,333.15}{261,123.62,334.15}{262,124.01,335.15}{263,124.39,336.15}{264,124.77,337.15}{265,125.17,338.15}{266,125.55,339.15}{267,125.93,340.15}{268,126.32,341.15}{269,126.7,342.15}{270,127.08,343.15}{271,127.46,344.15}{272,127.85,345.15}{273,128.23,346.15}{274,128.61,347.15}{275,128.99,348.15}{276,129.38,349.15}{277,129.76,350.15}{278,130.14,351.15}{279,130.52,352.15}{280,130.9,353.15}{281,131.28,354.15}{282,131.67,355.15}{283,132.05,356.15}{284,132.43,357.15}{285,132.81,358.15}{286,133.19,359.15}{287,133.57,360.15}{288,133.95,361.15}{289,134.33,362.15}{290,134.71,363.15}{291,135.09,364.15}{292,135.47,365.15}{293,135.85,366.15}{294,136.23,367.15}{295,136.61,368.15}{296,136.99,369.15}{297,137.37,370.15}{298,137.75,371.15}{299,138.13,372.15}{300,138.51,373.15}{301,138.89,374.15}{302,139.27,375.15}{303,139.65,376.15}{304,140.03,377.15}{305,140.39,378.15}{306,140.77,379.15}{307,141.15,380.15}{308,141.53,381.15}{309,141.91,382.15}{310,142.29,383.15}{311,142.66,384.15}{312,143.04,385.15}{313,143.42,386.15}{314,143.8,387.15}{315,144.18,388.15}{316,144.56,389.15}{317,144.94,390.15}{318,145.32,391.15}{319,145.69,392.15}{320,146.07,393.15}{321,146.45,394.15}{322,146.82,395.15}{323,147.2,396.15}{324,147.58,397.15}{325,147.95,398.15}{326,148.33,399.15}{327,148.71,400.15}{328,149.08,401.15}{329,149.46,402.15}{330,149.83,403.15}{331,150.21,404.15}{332,150.58,405.15}{333,150.96,406.15}{334,151.34,407.15}{335,151.71,408.15}{336,152.09,409.15}{337,152.46,410.15}{338,152.84,411.15}{339,153.21,412.15}{340,153.58,413.15}{341,153.95,414.15}{342,154.32,415.15}{343,154.71,416.15}{344,155.08,417.15}{345,155.46,418.15}{346,155.83,419.15}{347,156.21,420.15}{348,156.58,421.15}{349,156.96,422.15}{350,157.33,423.15}{351,157.71,424.15}{352,158.08,425.15}{353,158.45,426.15}{354,158.83,427.15}{355,159.2,428.15}{356,159.56,429.15}{357,159.94,430.15}{358,160.31,431.15}{359,160.68,432.15}{360,161.05,433.15}{361,161.43,434.15}{362,161.8,435.15}{363,162.17,436.15}{364,162.54,437.15}{365,162.91,438.15}{366,163.28,439.15}{367,163.66,440.15}{368,164.03,441.15}{369,164.4,442.15}{370,164.77,443.15}{371,165.14,444.15}{372,165.51,445.15}{373,165.88,446.15}{374,166.25,447.15}{375,166.62,448.15}{376,167,449.15}{377,167.37,450.15}{378,167.74,451.15}{379,168.11,452.15}{380,168.48,453.15}{381,168.85,454.15}{382,169.22,455.15}{383,169.59,456.15}{384,169.96,457.15}{385,170.33,458.15}{386,170.69,459.15}{387,171.06,460.15}{388,171.43,461.15}{389,171.8,462.15}{390,172.17,463.15}{391,172.54,464.15}{392,172.91,465.15}{393,173.27,466.15}{394,173.64,467.15}{395,174.01,468.15}{396,174.39,469.15}{397,174.75,470.15}{398,175.12,471.15}{399,175.49,472.15}{400,175.86,473.15}{401,176.23,474.15}{402,176.59,475.15}{403,176.96,476.15}{404,177.33,477.15}{405,177.7,478.15}{406,178.06,479.15}{407,178.43,480.15}{408,178.8,481.15}{409,179.16,482.15}{410,179.53,483.15}{411,179.9,484.15}{412,180.26,485.15}{413,180.63,486.15}{414,180.99,487.15}{415,181.36,488.15}{416,181.73,489.15}{417,182.09,490.15}{418,182.46,491.15}{419,182.82,492.15}{420,183.19,493.15}{421,183.55,494.15}{422,183.92,495.15}{423,184.28,496.15}{424,184.65,497.15}{425,185.01,498.15}{426,185.38,499.15}{427,185.74,500.15}{428,186.11,501.15}{429,186.47,502.15}{430,186.84,503.15}{431,187.2,504.15}{432,187.56,505.15}{433,187.93,506.15}{434,188.29,507.15}{435,188.65,508.15}{436,189.02,509.15}{437,189.38,510.15}{438,189.74,511.15}{439,190.11,512.15}{440,190.47,513.15}{441,190.83,514.15}{442,191.2,515.15}{443,191.56,516.15}{444,191.92,517.15}{445,192.28,518.15}{446,192.66,519.15}{447,193.02,520.15}{448,193.38,521.15}{449,193.74,522.15}{450,194.1,523.15}{451,194.47,524.15}{452,194.83,525.15}{453,195.19,526.15}{454,195.55,527.15}{455,195.9,528.15}{456,196.26,529.15}{457,196.62,530.15}{458,196.98,531.15}{459,197.35,532.15}{460,197.71,533.15}{461,198.07,534.15}{462,198.43,535.15}{463,198.79,536.15}{464,199.15,537.15}{465,199.51,538.15}{466,199.87,539.15}{467,200.23,540.15}{468,200.59,541.15}{469,200.95,542.15}{470,201.31,543.15}{471,201.67,544.15}{472,202.03,545.15}{473,202.38,546.15}{474,202.74,547.15}{475,203.1,548.15}{476,203.46,549.15}{477,203.82,550.15}{478,204.18,551.15}{479,204.54,552.15}{480,204.9,553.15}{481,205.25,554.15}{482,205.61,555.15}{483,205.97,556.15}{484,206.33,557.15}{485,206.7,558.15}{486,207.05,559.15}{487,207.41,560.15}{488,207.77,561.15}{489,208.13,562.15}{490,208.48,563.15}{491,208.84,564.15}{492,209.2,565.15}{493,209.55,566.15}{494,209.91,567.15}{495,210.27,568.15}{496,210.62,569.15}{497,210.98,570.15}{498,211.34,571.15}{499,211.69,572.15}{500,212.05,573.15}{501,212.4,574.15}{502,212.76,575.15}{503,213.12,576.15}{504,213.47,577.15}{505,213.83,578.15}{506,214.19,579.15}{507,214.55,580.15}{508,214.9,581.15}{509,215.26,582.15}{510,215.61,583.15}{511,215.97,584.15}{512,216.32,585.15}{513,216.68,586.15}{514,217.03,587.15}{515,217.39,588.15}{516,217.73,589.15}{517,218.08,590.15}{518,218.44,591.15}{519,218.79,592.15}{520,219.15,593.15}{521,219.5,594.15}{522,219.85,595.15}{523,220.21,596.15}{524,220.56,597.15}{525,220.91,598.15}{526,221.27,599.15}{527,221.62,600.15}{528,221.97,601.15}{529,222.32,602.15}{530,222.68,603.15}{531,223.03,604.15}{532,223.38,605.15}{533,223.73,606.15}{534,224.09,607.15}{535,224.45,608.15}{536,224.8,609.15}{537,225.15,610.15}{538,225.5,611.15}{539,225.85,612.15}{540,226.21,613.15}{541,226.56,614.15}{542,226.91,615.15}{543,227.26,616.15}{544,227.61,617.15}{545,227.96,618.15}{546,228.31,619.15}{547,228.66,620.15}{548,229.01,621.15}{549,229.36,622.15}{550,229.72,623.15}{551,230.07,624.15}{552,230.42,625.15}{553,230.77,626.15}{554,231.12,627.15}{555,231.47,628.15}{556,231.81,629.15}{557,232.16,630.15}{558,232.51,631.15}{559,232.86,632.15}{560,233.21,633.15}{561,233.56,634.15}{562,233.91,635.15}{563,234.26,636.15}{564,234.6,637.15}{565,234.95,638.15}{566,235.3,639.15}{567,235.65,640.15}{568,236,641.15}{569,236.35,642.15}{570,236.7,643.15}{571,237.05,644.15}{572,237.4,645.15}{573,237.75,646.15}{574,238.09,647.15}{575,238.44,648.15}{576,238.79,649.15}{577,239.14,650.15}{578,239.48,651.15}{579,239.83,652.15}{580,240.18,653.15}{581,240.52,654.15}{582,240.87,655.15}{583,241.22,656.15}{584,241.56,657.15}{585,241.91,658.15}{586,242.25,659.15}{587,242.6,660.15}{588,242.95,661.15}{589,243.29,662.15}{590,243.64,663.15}{591,243.98,664.15}{592,244.33,665.15}{593,244.67,666.15}{594,245.02,667.15}{595,245.36,668.15}{596,245.71,669.15}{597,246.05,670.15}{598,246.4,671.15}{599,246.74,672.15}{600,247.09,673.15}{601,247.43,674.15}{602,247.78,675.15}{603,248.12,676.15}{604,248.46,677.15}{605,248.81,678.15}{606,249.15,679.15}{607,249.5,680.15}{608,249.84,681.15}{609,250.18,682.15}{610,250.53,683.15}{611,250.89,684.15}{612,251.21,685.15}{613,251.55,686.15}{614,251.9,687.15}{615,252.24,688.15}{616,252.59,689.15}{617,252.94,690.15}{618,253.28,691.15}{619,253.62,692.15}{620,253.96,693.15}{621,254.3,694.15}{622,254.65,695.15}{623,254.99,696.15}{624,255.33,697.15}{625,255.67,698.15}{626,256.01,699.15}{627,256.35,700.15}{628,256.7,701.15}{629,257.04,702.15}{630,257.38,703.15}{631,257.72,704.15}{632,258.06,705.15}{633,258.4,706.15}{634,258.74,707.15}{635,259.08,708.15}{636,259.42,709.15}{637,259.76,710.15}{638,260.1,711.15}{639,260.44,712.15}{640,260.78,713.15}{641,261.12,714.15}{642,261.46,715.15}{643,261.8,716.15}{644,262.14,717.15}{645,262.48,718.15}{646,262.83,719.15}{647,263.17,720.15}{648,263.5,721.15}{649,263.84,722.15}{650,264.18,723.15}{651,264.52,724.15}{652,264.86,725.15}{653,265.2,726.15}{654,265.54,727.15}{655,265.87,728.15}{656,266.21,729.15}{657,266.55,730.15}{658,266.89,731.15}{659,267.22,732.15}{660,267.56,733.15}{661,267.9,734.15}{662,268.24,735.15}{663,268.57,736.15}{664,268.91,737.15}{665,269.25,738.15}{666,269.58,739.15}{667,269.92,740.15}{668,270.26,741.15}{669,270.59,742.15}{670,270.93,743.15}{671,271.27,744.15}{672,271.6,745.15}{673,271.94,746.15}{674,272.27,747.15}{675,272.61,748.15}{676,272.95,749.15}{677,273.28,750.15}{678,273.62,751.15}{679,273.95,752.15}{680,274.29,753.15}{681,274.62,754.15}{682,274.96,755.15}{683,275.29,756.15}{684,275.63,757.15}{685,275.96,758.15}{686,276.31,759.15}{687,276.64,760.15}{688,276.97,761.15}{689,277.31,762.15}{690,277.64,763.15}{691,277.98,764.15}{692,278.31,765.15}{693,278.64,766.15}{694,278.98,767.15}{695,279.31,768.15}{696,279.64,769.15}{697,279.98,770.15}{698,280.31,771.15}{699,280.64,772.15}{700,280.98,773.15}{701,281.31,774.15}{702,281.64,775.15}{703,281.97,776.15}{704,282.31,777.15}{705,282.64,778.15}{706,282.97,779.15}{707,283.3,780.15}{708,283.63,781.15}{709,283.97,782.15}{710,284.3,783.15}{711,284.63,784.15}{712,284.96,785.15}{713,285.29,786.15}{714,285.62,787.15}{715,285.95,788.15}{716,286.3,789.15}{717,286.63,790.15}{718,286.96,791.15}{719,287.29,792.15}{720,287.62,793.15}{721,287.95,794.15}{722,288.28,795.15}{723,288.61,796.15}{724,288.94,797.15}{725,289.27,798.15}{726,289.6,799.15}{727,289.93,800.15}{728,290.26,801.15}{729,290.59,802.15}{730,290.92,803.15}{731,291.25,804.15}{732,291.58,805.15}{733,291.9,806.15}{734,292.23,807.15}{735,292.56,808.15}{736,292.9,809.15}{737,293.23,810.15}{738,293.56,811.15}{739,293.89,812.15}{740,294.21,813.15}{741,294.54,814.15}{742,294.87,815.15}{743,295.2,816.15}{744,295.53,817.15}{745,295.85,818.15}{746,296.18,819.15}{747,296.51,820.15}{748,296.84,821.15}{749,297.16,822.15}{750,297.49,823.15}{751,297.82,824.15}{752,298.14,825.15}{753,298.47,826.15}{754,298.8,827.15}{755,299.12,828.15}{756,299.45,829.15}{757,299.78,830.15}{758,300.1,831.15}{759,300.43,832.15}{760,300.75,833.15}{761,301.08,834.15}{762,301.41,835.15}{763,301.73,836.15}{764,302.06,837.15}{765,302.38,838.15}{766,302.71,839.15}{767,303.03,840.15}{768,303.36,841.15}{769,303.68,842.15}{770,304.01,843.15}{771,304.33,844.15}{772,304.66,845.15}{773,304.98,846.15}{774,305.3,847.15}{775,305.63,848.15}{776,305.95,849.15}{777,306.28,850.15}{778,306.6,851.15}{779,306.92,852.15}{780,307.25,853.15}{781,307.57,854.15}{782,307.89,855.15}{783,308.22,856.15}{784,308.54,857.15}{785,308.86,858.15}{786,309.19,859.15}{787,309.51,860.15}{788,309.83,861.15}{789,310.15,862.15}{790,310.48,863.15}{791,310.8,864.15}{792,311.12,865.15}{793,311.45,866.15}{794,311.78,867.15}{795,312.1,868.15}{796,312.43,869.15}{797,312.75,870.15}{798,313.07,871.15}{799,313.39,872.15}{800,313.71,873.15}{801,314.04,874.15}{802,314.36,875.15}{803,314.68,876.15}{804,315,877.15}{805,315.32,878.15}{806,315.64,879.15}{807,315.96,880.15}{808,316.28,881.15}{809,316.6,882.15}{810,316.92,883.15}{811,317.24,884.15}{812,317.56,885.15}{813,317.88,886.15}{814,318.2,887.15}{815,318.52,888.15}{816,318.85,889.15}{817,319.17,890.15}{818,319.49,891.15}{819,319.81,892.15}{820,320.12,893.15}{821,320.44,894.15}{822,320.76,895.15}{823,321.08,896.15}{824,321.4,897.15}{825,321.72,898.15}{826,322.03,899.15}{827,322.34,900.15}{828,322.66,901.15}{829,322.98,902.15}{830,323.3,903.15}{831,323.61,904.15}{832,323.93,905.15}{833,324.25,906.15}{834,324.57,907.15}{835,324.88,908.15}{836,325.21,909.15}{837,325.53,910.15}{838,325.85,911.15}{839,326.16,912.15}{840,326.48,913.15}{841,326.79,914.15}{842,327.11,915.15}{843,327.43,916.15}{844,327.74,917.15}{845,328.06,918.15}{846,328.38,919.15}{847,328.69,920.15}{848,329.01,921.15}{849,329.32,922.15}{850,329.64,923.15}{851,329.95,924.15}{852,330.27,925.15}{853,330.58,926.15}{854,330.9,927.15}{855,331.21,928.15}{856,331.53,929.15}{857,331.84,930.15}{858,332.16,931.15}{859,332.47,932.15}{860,332.79,933.15}{861,333.1,934.15}{862,333.41,935.15}{863,333.73,936.15}{864,334.04,937.15}{865,334.36,938.15}{866,334.68,939.15}{867,334.99,940.15}{868,335.31,941.15}{869,335.62,942.15}{870,335.93,943.15}{871,336.25,944.15}{872,336.56,945.15}{873,336.87,946.15}{874,337.18,947.15}{875,337.5,948.15}{876,337.81,949.15}{877,338.12,950.15}{878,338.43,951.15}{879,338.75,952.15}{880,339.06,953.15}{881,339.37,954.15}{882,339.68,955.15}{883,339.99,956.15}{884,340.3,957.15}{885,340.62,958.15}{886,340.94,959.15}{887,341.25,960.15}{888,341.55,961.15}{889,341.87,962.15}{890,342.18,963.15}{891,342.49,964.15}{892,342.8,965.15}{893,343.11,966.15}{894,343.42,967.15}{895,343.73,968.15}{896,344.04,969.15}{897,344.35,970.15}{898,344.66,971.15}{899,344.97,972.15}{900,345.28,973.15}{901,345.59,974.15}{902,345.9,975.15}{903,346.21,976.15}{904,346.52,977.15}{905,346.83,978.15}{906,347.15,979.15}{907,347.46,980.15}{908,347.76,981.15}{909,348.07,982.15}{910,348.38,983.15}{911,348.69,984.15}{912,349,985.15}{913,349.31,986.15}{914,349.61,987.15}{915,349.92,988.15}{916,350.23,989.15}{917,350.54,990.15}{918,350.85,991.15}{919,351.15,992.15}{920,351.46,993.15}{921,351.77,994.15}{922,352.07,995.15}{923,352.38,996.15}{924,352.69,997.15}{925,352.99,998.15}{926,353.3,999.15}{927,353.61,1000.15}{928,353.91,1001.15}{929,354.22,1002.15}{930,354.53,1003.15}{931,354.83,1004.15}{932,355.14,1005.15}{933,355.44,1006.15}{934,355.75,1007.15}{935,356.06,1008.15}{936,356.37,1009.15}{937,356.68,1010.15}{938,356.98,1011.15}{939,357.29,1012.15}{940,357.59,1013.15}{941,357.9,1014.15}{942,358.2,1015.15}{943,358.51,1016.15}{944,358.81,1017.15}{945,359.12,1018.15}{946,359.42,1019.15}{947,359.72,1020.15}{948,360.03,1021.15}{949,360.33,1022.15}{950,360.64,1023.15}{951,360.94,1024.15}{952,361.24,1025.15}{953,361.55,1026.15}{954,361.85,1027.15}{955,362.15,1028.15}{956,362.46,1029.15}{957,362.76,1030.15}{958,363.06,1031.15}{959,363.36,1032.15}{960,363.67,1033.15}{961,363.97,1034.15}{962,364.27,1035.15}{963,364.57,1036.15}{964,364.88,1037.15}{965,365.18,1038.15}{966,365.49,1039.15}{967,365.79,1040.15}{968,366.09,1041.15}{969,366.4,1042.15}{970,366.7,1043.15}{971,367,1044.15}{972,367.3,1045.15}{973,367.6,1046.15}{974,367.9,1047.15}{975,368.2,1048.15}{976,368.5,1049.15}{977,368.81,1050.15}{978,369.11,1051.15}{979,369.41,1052.15}{980,369.71,1053.15}{981,370.01,1054.15}{982,370.31,1055.15}{983,370.61,1056.15}{984,370.91,1057.15}{985,371.21,1058.15}{986,371.52,1059.15}{987,371.82,1060.15}{988,372.12,1061.15}{989,372.41,1062.15}{990,372.71,1063.15}{991,373.01,1064.15}{992,373.31,1065.15}{993,373.61,1066.15}{994,373.91,1067.15}{995,374.21,1068.15}{996,374.51,1069.15}{997,374.8,1070.15}{998,375.1,1071.15}{999,375.4,1072.15}{1000,375.7,1073.15}{1001,376,1074.15}{1002,376.29,1075.15}{1003,376.59,1076.15}{1004,376.89,1077.15}{1005,377.19,1078.15}{1006,377.49,1079.15}{1007,377.79,1080.15}{1008,378.09,1081.15}{1009,378.39,1082.15}{1010,378.68,1083.15}{1011,378.98,1084.15}{1012,379.28,1085.15}{1013,379.57,1086.15}{1014,379.87,1087.15}{1015,380.17,1088.15}{1016,380.46,1089.15}{1017,380.76,1090.15}{1018,381.05,1091.15}{1019,381.35,1092.15}{1020,381.65,1093.15}{1021,381.94,1094.15}{1022,382.24,1095.15}{1023,382.53,1096.15}{1024,382.83,1097.15}{1025,383.12,1098.15}{1026,383.42,1099.15}{1027,383.71,1100.15}{1028,384.01,1101.15}{1029,384.3,1102.15}{1030,384.6,1103.15}{1031,384.89,1104.15}{1032,385.18,1105.15}{1033,385.48,1106.15}{1034,385.77,1107.15}{1035,386.07,1108.15}{1036,386.37,1109.15}{1037,386.66,1110.15}{1038,386.96,1111.15}{1039,387.25,1112.15}{1040,387.55,1113.15}{1041,387.84,1114.15}{1042,388.13,1115.15}{1043,388.42,1116.15}{1044,388.72,1117.15}{1045,389.01,1118.15}{1046,389.31,1119.15}{1047,389.61,1120.15}{1048,389.9,1121.15}{1049,390.19,1122.15}{1050,390.48,1123.15}&quot;"/>
                                                <instance name="dev01/Config/ch00004/rate" order="0" value="10"/>
                                                <instance name="dev02/Config/ch00005/Calibration_Sensor_Curve" order="0" value="&quot;{0,18.52,73.15}{1,18.96,74.15}{2,19.39,75.15}{3,19.82,76.15}{4,20.25,77.15}{5,20.68,78.15}{6,21.11,79.15}{7,21.54,80.15}{8,21.97,81.15}{9,22.4,82.15}{10,22.83,83.15}{11,23.26,84.15}{12,23.69,85.15}{13,24.12,86.15}{14,24.55,87.15}{15,24.97,88.15}{16,25.39,89.15}{17,25.82,90.15}{18,26.25,91.15}{19,26.67,92.15}{20,27.1,93.15}{21,27.52,94.15}{22,27.95,95.15}{23,28.37,96.15}{24,28.8,97.15}{25,29.22,98.15}{26,29.65,99.15}{27,30.07,100.15}{28,30.49,101.15}{29,30.92,102.15}{30,31.34,103.15}{31,31.76,104.15}{32,32.18,105.15}{33,32.61,106.15}{34,33.03,107.15}{35,33.45,108.15}{36,33.86,109.15}{37,34.28,110.15}{38,34.7,111.15}{39,35.12,112.15}{40,35.54,113.15}{41,35.96,114.15}{42,36.38,115.15}{43,36.8,116.15}{44,37.22,117.15}{45,37.63,118.15}{46,38.05,119.15}{47,38.47,120.15}{48,38.89,121.15}{49,39.31,122.15}{50,39.72,123.15}{51,40.14,124.15}{52,40.56,125.15}{53,40.97,126.15}{54,41.39,127.15}{55,41.8,128.15}{56,42.22,129.15}{57,42.64,130.15}{58,43.05,131.15}{59,43.46,132.15}{60,43.88,133.15}{61,44.29,134.15}{62,44.71,135.15}{63,45.12,136.15}{64,45.53,137.15}{65,45.95,138.15}{66,46.35,139.15}{67,46.76,140.15}{68,47.18,141.15}{69,47.59,142.15}{70,48,143.15}{71,48.41,144.15}{72,48.82,145.15}{73,49.23,146.15}{74,49.64,147.15}{75,50.06,148.15}{76,50.47,149.15}{77,50.88,150.15}{78,51.29,151.15}{79,51.7,152.15}{80,52.11,153.15}{81,52.52,154.15}{82,52.92,155.15}{83,53.33,156.15}{84,53.74,157.15}{85,54.15,158.15}{86,54.56,159.15}{87,54.97,160.15}{88,55.38,161.15}{89,55.78,162.15}{90,56.19,163.15}{91,56.6,164.15}{92,57,165.15}{93,57.41,166.15}{94,57.82,167.15}{95,58.22,168.15}{96,58.63,169.15}{97,59.04,170.15}{98,59.44,171.15}{99,59.85,172.15}{100,60.26,173.15}{101,60.67,174.15}{102,61.07,175.15}{103,61.48,176.15}{104,61.87,177.15}{105,62.29,178.15}{106,62.69,179.15}{107,63.1,180.15}{108,63.5,181.15}{109,63.91,182.15}{110,64.3,183.15}{111,64.7,184.15}{112,65.11,185.15}{113,65.51,186.15}{114,65.91,187.15}{115,66.31,188.15}{116,66.72,189.15}{117,67.12,190.15}{118,67.52,191.15}{119,67.92,192.15}{120,68.33,193.15}{121,68.73,194.15}{122,69.13,195.15}{123,69.53,196.15}{124,69.93,197.15}{125,70.33,198.15}{126,70.73,199.15}{127,71.13,200.15}{128,71.53,201.15}{129,71.93,202.15}{130,72.33,203.15}{131,72.73,204.15}{132,73.13,205.15}{133,73.53,206.15}{134,73.93,207.15}{135,74.33,208.15}{136,74.73,209.15}{137,75.13,210.15}{138,75.53,211.15}{139,75.93,212.15}{140,76.33,213.15}{141,76.73,214.15}{142,77.13,215.15}{143,77.52,216.15}{144,77.92,217.15}{145,78.32,218.15}{146,78.72,219.15}{147,79.11,220.15}{148,79.51,221.15}{149,79.91,222.15}{150,80.31,223.15}{151,80.7,224.15}{152,81.1,225.15}{153,81.5,226.15}{154,81.89,227.15}{155,82.29,228.15}{156,82.69,229.15}{157,83.08,230.15}{158,83.48,231.15}{159,83.88,232.15}{160,84.27,233.15}{161,84.67,234.15}{162,85.06,235.15}{163,85.46,236.15}{164,85.85,237.15}{165,86.25,238.15}{166,86.64,239.15}{167,87.04,240.15}{168,87.43,241.15}{169,87.83,242.15}{170,88.22,243.15}{171,88.62,244.15}{172,89.01,245.15}{173,89.4,246.15}{174,89.8,247.15}{175,90.19,248.15}{176,90.59,249.15}{177,90.98,250.15}{178,91.37,251.15}{179,91.77,252.15}{180,92.16,253.15}{181,92.55,254.15}{182,92.95,255.15}{183,93.34,256.15}{184,93.73,257.15}{185,94.12,258.15}{186,94.52,259.15}{187,94.91,260.15}{188,95.3,261.15}{189,95.69,262.15}{190,96.09,263.15}{191,96.48,264.15}{192,96.87,265.15}{193,97.26,266.15}{194,97.65,267.15}{195,98.04,268.15}{196,98.44,269.15}{197,98.83,270.15}{198,99.22,271.15}{199,99.61,272.15}{200,100,273.15}{201,100.39,274.15}{202,100.78,275.15}{203,101.17,276.15}{204,101.56,277.15}{205,101.95,278.15}{206,102.34,279.15}{207,102.73,280.15}{208,103.12,281.15}{209,103.51,282.15}{210,103.9,283.15}{211,104.29,284.15}{212,104.68,285.15}{213,105.07,286.15}{214,105.46,287.15}{215,105.85,288.15}{216,106.24,289.15}{217,106.63,290.15}{218,107.02,291.15}{219,107.4,292.15}{220,107.79,293.15}{221,108.18,294.15}{222,108.57,295.15}{223,108.96,296.15}{224,109.35,297.15}{225,109.73,298.15}{226,110.12,299.15}{227,110.51,300.15}{228,110.9,301.15}{229,111.28,302.15}{230,111.67,303.15}{231,112.06,304.15}{232,112.45,305.15}{233,112.83,306.15}{234,113.22,307.15}{235,113.61,308.15}{236,113.99,309.15}{237,114.38,310.15}{238,114.77,311.15}{239,115.15,312.15}{240,115.54,313.15}{241,115.93,314.15}{242,116.31,315.15}{243,116.7,316.15}{244,117.08,317.15}{245,117.47,318.15}{246,117.85,319.15}{247,118.24,320.15}{248,118.62,321.15}{249,119.01,322.15}{250,119.4,323.15}{251,119.78,324.15}{252,120.16,325.15}{253,120.55,326.15}{254,120.93,327.15}{255,121.32,328.15}{256,121.7,329.15}{257,122.09,330.15}{258,122.47,331.15}{259,122.86,332.15}{260,123.24,333.15}{261,123.62,334.15}{262,124.01,335.15}{263,124.39,336.15}{264,124.77,337.15}{265,125.17,338.15}{266,125.55,339.15}{267,125.93,340.15}{268,126.32,341.15}{269,126.7,342.15}{270,127.08,343.15}{271,127.46,344.15}{272,127.85,345.15}{273,128.23,346.15}{274,128.61,347.15}{275,128.99,348.15}{276,129.38,349.15}{277,129.76,350.15}{278,130.14,351.15}{279,130.52,352.15}{280,130.9,353.15}{281,131.28,354.15}{282,131.67,355.15}{283,132.05,356.15}{284,132.43,357.15}{285,132.81,358.15}{286,133.19,359.15}{287,133.57,360.15}{288,133.95,361.15}{289,134.33,362.15}{290,134.71,363.15}{291,135.09,364.15}{292,135.47,365.15}{293,135.85,366.15}{294,136.23,367.15}{295,136.61,368.15}{296,136.99,369.15}{297,137.37,370.15}{298,137.75,371.15}{299,138.13,372.15}{300,138.51,373.15}{301,138.89,374.15}{302,139.27,375.15}{303,139.65,376.15}{304,140.03,377.15}{305,140.39,378.15}{306,140.77,379.15}{307,141.15,380.15}{308,141.53,381.15}{309,141.91,382.15}{310,142.29,383.15}{311,142.66,384.15}{312,143.04,385.15}{313,143.42,386.15}{314,143.8,387.15}{315,144.18,388.15}{316,144.56,389.15}{317,144.94,390.15}{318,145.32,391.15}{319,145.69,392.15}{320,146.07,393.15}{321,146.45,394.15}{322,146.82,395.15}{323,147.2,396.15}{324,147.58,397.15}{325,147.95,398.15}{326,148.33,399.15}{327,148.71,400.15}{328,149.08,401.15}{329,149.46,402.15}{330,149.83,403.15}{331,150.21,404.15}{332,150.58,405.15}{333,150.96,406.15}{334,151.34,407.15}{335,151.71,408.15}{336,152.09,409.15}{337,152.46,410.15}{338,152.84,411.15}{339,153.21,412.15}{340,153.58,413.15}{341,153.95,414.15}{342,154.32,415.15}{343,154.71,416.15}{344,155.08,417.15}{345,155.46,418.15}{346,155.83,419.15}{347,156.21,420.15}{348,156.58,421.15}{349,156.96,422.15}{350,157.33,423.15}{351,157.71,424.15}{352,158.08,425.15}{353,158.45,426.15}{354,158.83,427.15}{355,159.2,428.15}{356,159.56,429.15}{357,159.94,430.15}{358,160.31,431.15}{359,160.68,432.15}{360,161.05,433.15}{361,161.43,434.15}{362,161.8,435.15}{363,162.17,436.15}{364,162.54,437.15}{365,162.91,438.15}{366,163.28,439.15}{367,163.66,440.15}{368,164.03,441.15}{369,164.4,442.15}{370,164.77,443.15}{371,165.14,444.15}{372,165.51,445.15}{373,165.88,446.15}{374,166.25,447.15}{375,166.62,448.15}{376,167,449.15}{377,167.37,450.15}{378,167.74,451.15}{379,168.11,452.15}{380,168.48,453.15}{381,168.85,454.15}{382,169.22,455.15}{383,169.59,456.15}{384,169.96,457.15}{385,170.33,458.15}{386,170.69,459.15}{387,171.06,460.15}{388,171.43,461.15}{389,171.8,462.15}{390,172.17,463.15}{391,172.54,464.15}{392,172.91,465.15}{393,173.27,466.15}{394,173.64,467.15}{395,174.01,468.15}{396,174.39,469.15}{397,174.75,470.15}{398,175.12,471.15}{399,175.49,472.15}{400,175.86,473.15}{401,176.23,474.15}{402,176.59,475.15}{403,176.96,476.15}{404,177.33,477.15}{405,177.7,478.15}{406,178.06,479.15}{407,178.43,480.15}{408,178.8,481.15}{409,179.16,482.15}{410,179.53,483.15}{411,179.9,484.15}{412,180.26,485.15}{413,180.63,486.15}{414,180.99,487.15}{415,181.36,488.15}{416,181.73,489.15}{417,182.09,490.15}{418,182.46,491.15}{419,182.82,492.15}{420,183.19,493.15}{421,183.55,494.15}{422,183.92,495.15}{423,184.28,496.15}{424,184.65,497.15}{425,185.01,498.15}{426,185.38,499.15}{427,185.74,500.15}{428,186.11,501.15}{429,186.47,502.15}{430,186.84,503.15}{431,187.2,504.15}{432,187.56,505.15}{433,187.93,506.15}{434,188.29,507.15}{435,188.65,508.15}{436,189.02,509.15}{437,189.38,510.15}{438,189.74,511.15}{439,190.11,512.15}{440,190.47,513.15}{441,190.83,514.15}{442,191.2,515.15}{443,191.56,516.15}{444,191.92,517.15}{445,192.28,518.15}{446,192.66,519.15}{447,193.02,520.15}{448,193.38,521.15}{449,193.74,522.15}{450,194.1,523.15}{451,194.47,524.15}{452,194.83,525.15}{453,195.19,526.15}{454,195.55,527.15}{455,195.9,528.15}{456,196.26,529.15}{457,196.62,530.15}{458,196.98,531.15}{459,197.35,532.15}{460,197.71,533.15}{461,198.07,534.15}{462,198.43,535.15}{463,198.79,536.15}{464,199.15,537.15}{465,199.51,538.15}{466,199.87,539.15}{467,200.23,540.15}{468,200.59,541.15}{469,200.95,542.15}{470,201.31,543.15}{471,201.67,544.15}{472,202.03,545.15}{473,202.38,546.15}{474,202.74,547.15}{475,203.1,548.15}{476,203.46,549.15}{477,203.82,550.15}{478,204.18,551.15}{479,204.54,552.15}{480,204.9,553.15}{481,205.25,554.15}{482,205.61,555.15}{483,205.97,556.15}{484,206.33,557.15}{485,206.7,558.15}{486,207.05,559.15}{487,207.41,560.15}{488,207.77,561.15}{489,208.13,562.15}{490,208.48,563.15}{491,208.84,564.15}{492,209.2,565.15}{493,209.55,566.15}{494,209.91,567.15}{495,210.27,568.15}{496,210.62,569.15}{497,210.98,570.15}{498,211.34,571.15}{499,211.69,572.15}{500,212.05,573.15}{501,212.4,574.15}{502,212.76,575.15}{503,213.12,576.15}{504,213.47,577.15}{505,213.83,578.15}{506,214.19,579.15}{507,214.55,580.15}{508,214.9,581.15}{509,215.26,582.15}{510,215.61,583.15}{511,215.97,584.15}{512,216.32,585.15}{513,216.68,586.15}{514,217.03,587.15}{515,217.39,588.15}{516,217.73,589.15}{517,218.08,590.15}{518,218.44,591.15}{519,218.79,592.15}{520,219.15,593.15}{521,219.5,594.15}{522,219.85,595.15}{523,220.21,596.15}{524,220.56,597.15}{525,220.91,598.15}{526,221.27,599.15}{527,221.62,600.15}{528,221.97,601.15}{529,222.32,602.15}{530,222.68,603.15}{531,223.03,604.15}{532,223.38,605.15}{533,223.73,606.15}{534,224.09,607.15}{535,224.45,608.15}{536,224.8,609.15}{537,225.15,610.15}{538,225.5,611.15}{539,225.85,612.15}{540,226.21,613.15}{541,226.56,614.15}{542,226.91,615.15}{543,227.26,616.15}{544,227.61,617.15}{545,227.96,618.15}{546,228.31,619.15}{547,228.66,620.15}{548,229.01,621.15}{549,229.36,622.15}{550,229.72,623.15}{551,230.07,624.15}{552,230.42,625.15}{553,230.77,626.15}{554,231.12,627.15}{555,231.47,628.15}{556,231.81,629.15}{557,232.16,630.15}{558,232.51,631.15}{559,232.86,632.15}{560,233.21,633.15}{561,233.56,634.15}{562,233.91,635.15}{563,234.26,636.15}{564,234.6,637.15}{565,234.95,638.15}{566,235.3,639.15}{567,235.65,640.15}{568,236,641.15}{569,236.35,642.15}{570,236.7,643.15}{571,237.05,644.15}{572,237.4,645.15}{573,237.75,646.15}{574,238.09,647.15}{575,238.44,648.15}{576,238.79,649.15}{577,239.14,650.15}{578,239.48,651.15}{579,239.83,652.15}{580,240.18,653.15}{581,240.52,654.15}{582,240.87,655.15}{583,241.22,656.15}{584,241.56,657.15}{585,241.91,658.15}{586,242.25,659.15}{587,242.6,660.15}{588,242.95,661.15}{589,243.29,662.15}{590,243.64,663.15}{591,243.98,664.15}{592,244.33,665.15}{593,244.67,666.15}{594,245.02,667.15}{595,245.36,668.15}{596,245.71,669.15}{597,246.05,670.15}{598,246.4,671.15}{599,246.74,672.15}{600,247.09,673.15}{601,247.43,674.15}{602,247.78,675.15}{603,248.12,676.15}{604,248.46,677.15}{605,248.81,678.15}{606,249.15,679.15}{607,249.5,680.15}{608,249.84,681.15}{609,250.18,682.15}{610,250.53,683.15}{611,250.89,684.15}{612,251.21,685.15}{613,251.55,686.15}{614,251.9,687.15}{615,252.24,688.15}{616,252.59,689.15}{617,252.94,690.15}{618,253.28,691.15}{619,253.62,692.15}{620,253.96,693.15}{621,254.3,694.15}{622,254.65,695.15}{623,254.99,696.15}{624,255.33,697.15}{625,255.67,698.15}{626,256.01,699.15}{627,256.35,700.15}{628,256.7,701.15}{629,257.04,702.15}{630,257.38,703.15}{631,257.72,704.15}{632,258.06,705.15}{633,258.4,706.15}{634,258.74,707.15}{635,259.08,708.15}{636,259.42,709.15}{637,259.76,710.15}{638,260.1,711.15}{639,260.44,712.15}{640,260.78,713.15}{641,261.12,714.15}{642,261.46,715.15}{643,261.8,716.15}{644,262.14,717.15}{645,262.48,718.15}{646,262.83,719.15}{647,263.17,720.15}{648,263.5,721.15}{649,263.84,722.15}{650,264.18,723.15}{651,264.52,724.15}{652,264.86,725.15}{653,265.2,726.15}{654,265.54,727.15}{655,265.87,728.15}{656,266.21,729.15}{657,266.55,730.15}{658,266.89,731.15}{659,267.22,732.15}{660,267.56,733.15}{661,267.9,734.15}{662,268.24,735.15}{663,268.57,736.15}{664,268.91,737.15}{665,269.25,738.15}{666,269.58,739.15}{667,269.92,740.15}{668,270.26,741.15}{669,270.59,742.15}{670,270.93,743.15}{671,271.27,744.15}{672,271.6,745.15}{673,271.94,746.15}{674,272.27,747.15}{675,272.61,748.15}{676,272.95,749.15}{677,273.28,750.15}{678,273.62,751.15}{679,273.95,752.15}{680,274.29,753.15}{681,274.62,754.15}{682,274.96,755.15}{683,275.29,756.15}{684,275.63,757.15}{685,275.96,758.15}{686,276.31,759.15}{687,276.64,760.15}{688,276.97,761.15}{689,277.31,762.15}{690,277.64,763.15}{691,277.98,764.15}{692,278.31,765.15}{693,278.64,766.15}{694,278.98,767.15}{695,279.31,768.15}{696,279.64,769.15}{697,279.98,770.15}{698,280.31,771.15}{699,280.64,772.15}{700,280.98,773.15}{701,281.31,774.15}{702,281.64,775.15}{703,281.97,776.15}{704,282.31,777.15}{705,282.64,778.15}{706,282.97,779.15}{707,283.3,780.15}{708,283.63,781.15}{709,283.97,782.15}{710,284.3,783.15}{711,284.63,784.15}{712,284.96,785.15}{713,285.29,786.15}{714,285.62,787.15}{715,285.95,788.15}{716,286.3,789.15}{717,286.63,790.15}{718,286.96,791.15}{719,287.29,792.15}{720,287.62,793.15}{721,287.95,794.15}{722,288.28,795.15}{723,288.61,796.15}{724,288.94,797.15}{725,289.27,798.15}{726,289.6,799.15}{727,289.93,800.15}{728,290.26,801.15}{729,290.59,802.15}{730,290.92,803.15}{731,291.25,804.15}{732,291.58,805.15}{733,291.9,806.15}{734,292.23,807.15}{735,292.56,808.15}{736,292.9,809.15}{737,293.23,810.15}{738,293.56,811.15}{739,293.89,812.15}{740,294.21,813.15}{741,294.54,814.15}{742,294.87,815.15}{743,295.2,816.15}{744,295.53,817.15}{745,295.85,818.15}{746,296.18,819.15}{747,296.51,820.15}{748,296.84,821.15}{749,297.16,822.15}{750,297.49,823.15}{751,297.82,824.15}{752,298.14,825.15}{753,298.47,826.15}{754,298.8,827.15}{755,299.12,828.15}{756,299.45,829.15}{757,299.78,830.15}{758,300.1,831.15}{759,300.43,832.15}{760,300.75,833.15}{761,301.08,834.15}{762,301.41,835.15}{763,301.73,836.15}{764,302.06,837.15}{765,302.38,838.15}{766,302.71,839.15}{767,303.03,840.15}{768,303.36,841.15}{769,303.68,842.15}{770,304.01,843.15}{771,304.33,844.15}{772,304.66,845.15}{773,304.98,846.15}{774,305.3,847.15}{775,305.63,848.15}{776,305.95,849.15}{777,306.28,850.15}{778,306.6,851.15}{779,306.92,852.15}{780,307.25,853.15}{781,307.57,854.15}{782,307.89,855.15}{783,308.22,856.15}{784,308.54,857.15}{785,308.86,858.15}{786,309.19,859.15}{787,309.51,860.15}{788,309.83,861.15}{789,310.15,862.15}{790,310.48,863.15}{791,310.8,864.15}{792,311.12,865.15}{793,311.45,866.15}{794,311.78,867.15}{795,312.1,868.15}{796,312.43,869.15}{797,312.75,870.15}{798,313.07,871.15}{799,313.39,872.15}{800,313.71,873.15}{801,314.04,874.15}{802,314.36,875.15}{803,314.68,876.15}{804,315,877.15}{805,315.32,878.15}{806,315.64,879.15}{807,315.96,880.15}{808,316.28,881.15}{809,316.6,882.15}{810,316.92,883.15}{811,317.24,884.15}{812,317.56,885.15}{813,317.88,886.15}{814,318.2,887.15}{815,318.52,888.15}{816,318.85,889.15}{817,319.17,890.15}{818,319.49,891.15}{819,319.81,892.15}{820,320.12,893.15}{821,320.44,894.15}{822,320.76,895.15}{823,321.08,896.15}{824,321.4,897.15}{825,321.72,898.15}{826,322.03,899.15}{827,322.34,900.15}{828,322.66,901.15}{829,322.98,902.15}{830,323.3,903.15}{831,323.61,904.15}{832,323.93,905.15}{833,324.25,906.15}{834,324.57,907.15}{835,324.88,908.15}{836,325.21,909.15}{837,325.53,910.15}{838,325.85,911.15}{839,326.16,912.15}{840,326.48,913.15}{841,326.79,914.15}{842,327.11,915.15}{843,327.43,916.15}{844,327.74,917.15}{845,328.06,918.15}{846,328.38,919.15}{847,328.69,920.15}{848,329.01,921.15}{849,329.32,922.15}{850,329.64,923.15}{851,329.95,924.15}{852,330.27,925.15}{853,330.58,926.15}{854,330.9,927.15}{855,331.21,928.15}{856,331.53,929.15}{857,331.84,930.15}{858,332.16,931.15}{859,332.47,932.15}{860,332.79,933.15}{861,333.1,934.15}{862,333.41,935.15}{863,333.73,936.15}{864,334.04,937.15}{865,334.36,938.15}{866,334.68,939.15}{867,334.99,940.15}{868,335.31,941.15}{869,335.62,942.15}{870,335.93,943.15}{871,336.25,944.15}{872,336.56,945.15}{873,336.87,946.15}{874,337.18,947.15}{875,337.5,948.15}{876,337.81,949.15}{877,338.12,950.15}{878,338.43,951.15}{879,338.75,952.15}{880,339.06,953.15}{881,339.37,954.15}{882,339.68,955.15}{883,339.99,956.15}{884,340.3,957.15}{885,340.62,958.15}{886,340.94,959.15}{887,341.25,960.15}{888,341.55,961.15}{889,341.87,962.15}{890,342.18,963.15}{891,342.49,964.15}{892,342.8,965.15}{893,343.11,966.15}{894,343.42,967.15}{895,343.73,968.15}{896,344.04,969.15}{897,344.35,970.15}{898,344.66,971.15}{899,344.97,972.15}{900,345.28,973.15}{901,345.59,974.15}{902,345.9,975.15}{903,346.21,976.15}{904,346.52,977.15}{905,346.83,978.15}{906,347.15,979.15}{907,347.46,980.15}{908,347.76,981.15}{909,348.07,982.15}{910,348.38,983.15}{911,348.69,984.15}{912,349,985.15}{913,349.31,986.15}{914,349.61,987.15}{915,349.92,988.15}{916,350.23,989.15}{917,350.54,990.15}{918,350.85,991.15}{919,351.15,992.15}{920,351.46,993.15}{921,351.77,994.15}{922,352.07,995.15}{923,352.38,996.15}{924,352.69,997.15}{925,352.99,998.15}{926,353.3,999.15}{927,353.61,1000.15}{928,353.91,1001.15}{929,354.22,1002.15}{930,354.53,1003.15}{931,354.83,1004.15}{932,355.14,1005.15}{933,355.44,1006.15}{934,355.75,1007.15}{935,356.06,1008.15}{936,356.37,1009.15}{937,356.68,1010.15}{938,356.98,1011.15}{939,357.29,1012.15}{940,357.59,1013.15}{941,357.9,1014.15}{942,358.2,1015.15}{943,358.51,1016.15}{944,358.81,1017.15}{945,359.12,1018.15}{946,359.42,1019.15}{947,359.72,1020.15}{948,360.03,1021.15}{949,360.33,1022.15}{950,360.64,1023.15}{951,360.94,1024.15}{952,361.24,1025.15}{953,361.55,1026.15}{954,361.85,1027.15}{955,362.15,1028.15}{956,362.46,1029.15}{957,362.76,1030.15}{958,363.06,1031.15}{959,363.36,1032.15}{960,363.67,1033.15}{961,363.97,1034.15}{962,364.27,1035.15}{963,364.57,1036.15}{964,364.88,1037.15}{965,365.18,1038.15}{966,365.49,1039.15}{967,365.79,1040.15}{968,366.09,1041.15}{969,366.4,1042.15}{970,366.7,1043.15}{971,367,1044.15}{972,367.3,1045.15}{973,367.6,1046.15}{974,367.9,1047.15}{975,368.2,1048.15}{976,368.5,1049.15}{977,368.81,1050.15}{978,369.11,1051.15}{979,369.41,1052.15}{980,369.71,1053.15}{981,370.01,1054.15}{982,370.31,1055.15}{983,370.61,1056.15}{984,370.91,1057.15}{985,371.21,1058.15}{986,371.52,1059.15}{987,371.82,1060.15}{988,372.12,1061.15}{989,372.41,1062.15}{990,372.71,1063.15}{991,373.01,1064.15}{992,373.31,1065.15}{993,373.61,1066.15}{994,373.91,1067.15}{995,374.21,1068.15}{996,374.51,1069.15}{997,374.8,1070.15}{998,375.1,1071.15}{999,375.4,1072.15}{1000,375.7,1073.15}{1001,376,1074.15}{1002,376.29,1075.15}{1003,376.59,1076.15}{1004,376.89,1077.15}{1005,377.19,1078.15}{1006,377.49,1079.15}{1007,377.79,1080.15}{1008,378.09,1081.15}{1009,378.39,1082.15}{1010,378.68,1083.15}{1011,378.98,1084.15}{1012,379.28,1085.15}{1013,379.57,1086.15}{1014,379.87,1087.15}{1015,380.17,1088.15}{1016,380.46,1089.15}{1017,380.76,1090.15}{1018,381.05,1091.15}{1019,381.35,1092.15}{1020,381.65,1093.15}{1021,381.94,1094.15}{1022,382.24,1095.15}{1023,382.53,1096.15}{1024,382.83,1097.15}{1025,383.12,1098.15}{1026,383.42,1099.15}{1027,383.71,1100.15}{1028,384.01,1101.15}{1029,384.3,1102.15}{1030,384.6,1103.15}{1031,384.89,1104.15}{1032,385.18,1105.15}{1033,385.48,1106.15}{1034,385.77,1107.15}{1035,386.07,1108.15}{1036,386.37,1109.15}{1037,386.66,1110.15}{1038,386.96,1111.15}{1039,387.25,1112.15}{1040,387.55,1113.15}{1041,387.84,1114.15}{1042,388.13,1115.15}{1043,388.42,1116.15}{1044,388.72,1117.15}{1045,389.01,1118.15}{1046,389.31,1119.15}{1047,389.61,1120.15}{1048,389.9,1121.15}{1049,390.19,1122.15}{1050,390.48,1123.15}&quot;"/>
                                                <instance name="dev01/Config/ch00005/Calibration_Sensor_Calibration_Date" order="0" value="2020-01-01"/>
                                                <instance name="dev02/Config/ch00006/Calibration_Sensor_Name" order="0" value="CalSensor18"/>
                                                <instance name="dev01/Config/ch00004/Calibration_Sensor_Maximum_Range" order="0" value="1123.15"/>
                                                <instance name="dev02/Config/ch00006/Calibration_Sensor_Curve" order="0" value="&quot;{0,18.52,73.15}{1,18.96,74.15}{2,19.39,75.15}{3,19.82,76.15}{4,20.25,77.15}{5,20.68,78.15}{6,21.11,79.15}{7,21.54,80.15}{8,21.97,81.15}{9,22.4,82.15}{10,22.83,83.15}{11,23.26,84.15}{12,23.69,85.15}{13,24.12,86.15}{14,24.55,87.15}{15,24.97,88.15}{16,25.39,89.15}{17,25.82,90.15}{18,26.25,91.15}{19,26.67,92.15}{20,27.1,93.15}{21,27.52,94.15}{22,27.95,95.15}{23,28.37,96.15}{24,28.8,97.15}{25,29.22,98.15}{26,29.65,99.15}{27,30.07,100.15}{28,30.49,101.15}{29,30.92,102.15}{30,31.34,103.15}{31,31.76,104.15}{32,32.18,105.15}{33,32.61,106.15}{34,33.03,107.15}{35,33.45,108.15}{36,33.86,109.15}{37,34.28,110.15}{38,34.7,111.15}{39,35.12,112.15}{40,35.54,113.15}{41,35.96,114.15}{42,36.38,115.15}{43,36.8,116.15}{44,37.22,117.15}{45,37.63,118.15}{46,38.05,119.15}{47,38.47,120.15}{48,38.89,121.15}{49,39.31,122.15}{50,39.72,123.15}{51,40.14,124.15}{52,40.56,125.15}{53,40.97,126.15}{54,41.39,127.15}{55,41.8,128.15}{56,42.22,129.15}{57,42.64,130.15}{58,43.05,131.15}{59,43.46,132.15}{60,43.88,133.15}{61,44.29,134.15}{62,44.71,135.15}{63,45.12,136.15}{64,45.53,137.15}{65,45.95,138.15}{66,46.35,139.15}{67,46.76,140.15}{68,47.18,141.15}{69,47.59,142.15}{70,48,143.15}{71,48.41,144.15}{72,48.82,145.15}{73,49.23,146.15}{74,49.64,147.15}{75,50.06,148.15}{76,50.47,149.15}{77,50.88,150.15}{78,51.29,151.15}{79,51.7,152.15}{80,52.11,153.15}{81,52.52,154.15}{82,52.92,155.15}{83,53.33,156.15}{84,53.74,157.15}{85,54.15,158.15}{86,54.56,159.15}{87,54.97,160.15}{88,55.38,161.15}{89,55.78,162.15}{90,56.19,163.15}{91,56.6,164.15}{92,57,165.15}{93,57.41,166.15}{94,57.82,167.15}{95,58.22,168.15}{96,58.63,169.15}{97,59.04,170.15}{98,59.44,171.15}{99,59.85,172.15}{100,60.26,173.15}{101,60.67,174.15}{102,61.07,175.15}{103,61.48,176.15}{104,61.87,177.15}{105,62.29,178.15}{106,62.69,179.15}{107,63.1,180.15}{108,63.5,181.15}{109,63.91,182.15}{110,64.3,183.15}{111,64.7,184.15}{112,65.11,185.15}{113,65.51,186.15}{114,65.91,187.15}{115,66.31,188.15}{116,66.72,189.15}{117,67.12,190.15}{118,67.52,191.15}{119,67.92,192.15}{120,68.33,193.15}{121,68.73,194.15}{122,69.13,195.15}{123,69.53,196.15}{124,69.93,197.15}{125,70.33,198.15}{126,70.73,199.15}{127,71.13,200.15}{128,71.53,201.15}{129,71.93,202.15}{130,72.33,203.15}{131,72.73,204.15}{132,73.13,205.15}{133,73.53,206.15}{134,73.93,207.15}{135,74.33,208.15}{136,74.73,209.15}{137,75.13,210.15}{138,75.53,211.15}{139,75.93,212.15}{140,76.33,213.15}{141,76.73,214.15}{142,77.13,215.15}{143,77.52,216.15}{144,77.92,217.15}{145,78.32,218.15}{146,78.72,219.15}{147,79.11,220.15}{148,79.51,221.15}{149,79.91,222.15}{150,80.31,223.15}{151,80.7,224.15}{152,81.1,225.15}{153,81.5,226.15}{154,81.89,227.15}{155,82.29,228.15}{156,82.69,229.15}{157,83.08,230.15}{158,83.48,231.15}{159,83.88,232.15}{160,84.27,233.15}{161,84.67,234.15}{162,85.06,235.15}{163,85.46,236.15}{164,85.85,237.15}{165,86.25,238.15}{166,86.64,239.15}{167,87.04,240.15}{168,87.43,241.15}{169,87.83,242.15}{170,88.22,243.15}{171,88.62,244.15}{172,89.01,245.15}{173,89.4,246.15}{174,89.8,247.15}{175,90.19,248.15}{176,90.59,249.15}{177,90.98,250.15}{178,91.37,251.15}{179,91.77,252.15}{180,92.16,253.15}{181,92.55,254.15}{182,92.95,255.15}{183,93.34,256.15}{184,93.73,257.15}{185,94.12,258.15}{186,94.52,259.15}{187,94.91,260.15}{188,95.3,261.15}{189,95.69,262.15}{190,96.09,263.15}{191,96.48,264.15}{192,96.87,265.15}{193,97.26,266.15}{194,97.65,267.15}{195,98.04,268.15}{196,98.44,269.15}{197,98.83,270.15}{198,99.22,271.15}{199,99.61,272.15}{200,100,273.15}{201,100.39,274.15}{202,100.78,275.15}{203,101.17,276.15}{204,101.56,277.15}{205,101.95,278.15}{206,102.34,279.15}{207,102.73,280.15}{208,103.12,281.15}{209,103.51,282.15}{210,103.9,283.15}{211,104.29,284.15}{212,104.68,285.15}{213,105.07,286.15}{214,105.46,287.15}{215,105.85,288.15}{216,106.24,289.15}{217,106.63,290.15}{218,107.02,291.15}{219,107.4,292.15}{220,107.79,293.15}{221,108.18,294.15}{222,108.57,295.15}{223,108.96,296.15}{224,109.35,297.15}{225,109.73,298.15}{226,110.12,299.15}{227,110.51,300.15}{228,110.9,301.15}{229,111.28,302.15}{230,111.67,303.15}{231,112.06,304.15}{232,112.45,305.15}{233,112.83,306.15}{234,113.22,307.15}{235,113.61,308.15}{236,113.99,309.15}{237,114.38,310.15}{238,114.77,311.15}{239,115.15,312.15}{240,115.54,313.15}{241,115.93,314.15}{242,116.31,315.15}{243,116.7,316.15}{244,117.08,317.15}{245,117.47,318.15}{246,117.85,319.15}{247,118.24,320.15}{248,118.62,321.15}{249,119.01,322.15}{250,119.4,323.15}{251,119.78,324.15}{252,120.16,325.15}{253,120.55,326.15}{254,120.93,327.15}{255,121.32,328.15}{256,121.7,329.15}{257,122.09,330.15}{258,122.47,331.15}{259,122.86,332.15}{260,123.24,333.15}{261,123.62,334.15}{262,124.01,335.15}{263,124.39,336.15}{264,124.77,337.15}{265,125.17,338.15}{266,125.55,339.15}{267,125.93,340.15}{268,126.32,341.15}{269,126.7,342.15}{270,127.08,343.15}{271,127.46,344.15}{272,127.85,345.15}{273,128.23,346.15}{274,128.61,347.15}{275,128.99,348.15}{276,129.38,349.15}{277,129.76,350.15}{278,130.14,351.15}{279,130.52,352.15}{280,130.9,353.15}{281,131.28,354.15}{282,131.67,355.15}{283,132.05,356.15}{284,132.43,357.15}{285,132.81,358.15}{286,133.19,359.15}{287,133.57,360.15}{288,133.95,361.15}{289,134.33,362.15}{290,134.71,363.15}{291,135.09,364.15}{292,135.47,365.15}{293,135.85,366.15}{294,136.23,367.15}{295,136.61,368.15}{296,136.99,369.15}{297,137.37,370.15}{298,137.75,371.15}{299,138.13,372.15}{300,138.51,373.15}{301,138.89,374.15}{302,139.27,375.15}{303,139.65,376.15}{304,140.03,377.15}{305,140.39,378.15}{306,140.77,379.15}{307,141.15,380.15}{308,141.53,381.15}{309,141.91,382.15}{310,142.29,383.15}{311,142.66,384.15}{312,143.04,385.15}{313,143.42,386.15}{314,143.8,387.15}{315,144.18,388.15}{316,144.56,389.15}{317,144.94,390.15}{318,145.32,391.15}{319,145.69,392.15}{320,146.07,393.15}{321,146.45,394.15}{322,146.82,395.15}{323,147.2,396.15}{324,147.58,397.15}{325,147.95,398.15}{326,148.33,399.15}{327,148.71,400.15}{328,149.08,401.15}{329,149.46,402.15}{330,149.83,403.15}{331,150.21,404.15}{332,150.58,405.15}{333,150.96,406.15}{334,151.34,407.15}{335,151.71,408.15}{336,152.09,409.15}{337,152.46,410.15}{338,152.84,411.15}{339,153.21,412.15}{340,153.58,413.15}{341,153.95,414.15}{342,154.32,415.15}{343,154.71,416.15}{344,155.08,417.15}{345,155.46,418.15}{346,155.83,419.15}{347,156.21,420.15}{348,156.58,421.15}{349,156.96,422.15}{350,157.33,423.15}{351,157.71,424.15}{352,158.08,425.15}{353,158.45,426.15}{354,158.83,427.15}{355,159.2,428.15}{356,159.56,429.15}{357,159.94,430.15}{358,160.31,431.15}{359,160.68,432.15}{360,161.05,433.15}{361,161.43,434.15}{362,161.8,435.15}{363,162.17,436.15}{364,162.54,437.15}{365,162.91,438.15}{366,163.28,439.15}{367,163.66,440.15}{368,164.03,441.15}{369,164.4,442.15}{370,164.77,443.15}{371,165.14,444.15}{372,165.51,445.15}{373,165.88,446.15}{374,166.25,447.15}{375,166.62,448.15}{376,167,449.15}{377,167.37,450.15}{378,167.74,451.15}{379,168.11,452.15}{380,168.48,453.15}{381,168.85,454.15}{382,169.22,455.15}{383,169.59,456.15}{384,169.96,457.15}{385,170.33,458.15}{386,170.69,459.15}{387,171.06,460.15}{388,171.43,461.15}{389,171.8,462.15}{390,172.17,463.15}{391,172.54,464.15}{392,172.91,465.15}{393,173.27,466.15}{394,173.64,467.15}{395,174.01,468.15}{396,174.39,469.15}{397,174.75,470.15}{398,175.12,471.15}{399,175.49,472.15}{400,175.86,473.15}{401,176.23,474.15}{402,176.59,475.15}{403,176.96,476.15}{404,177.33,477.15}{405,177.7,478.15}{406,178.06,479.15}{407,178.43,480.15}{408,178.8,481.15}{409,179.16,482.15}{410,179.53,483.15}{411,179.9,484.15}{412,180.26,485.15}{413,180.63,486.15}{414,180.99,487.15}{415,181.36,488.15}{416,181.73,489.15}{417,182.09,490.15}{418,182.46,491.15}{419,182.82,492.15}{420,183.19,493.15}{421,183.55,494.15}{422,183.92,495.15}{423,184.28,496.15}{424,184.65,497.15}{425,185.01,498.15}{426,185.38,499.15}{427,185.74,500.15}{428,186.11,501.15}{429,186.47,502.15}{430,186.84,503.15}{431,187.2,504.15}{432,187.56,505.15}{433,187.93,506.15}{434,188.29,507.15}{435,188.65,508.15}{436,189.02,509.15}{437,189.38,510.15}{438,189.74,511.15}{439,190.11,512.15}{440,190.47,513.15}{441,190.83,514.15}{442,191.2,515.15}{443,191.56,516.15}{444,191.92,517.15}{445,192.28,518.15}{446,192.66,519.15}{447,193.02,520.15}{448,193.38,521.15}{449,193.74,522.15}{450,194.1,523.15}{451,194.47,524.15}{452,194.83,525.15}{453,195.19,526.15}{454,195.55,527.15}{455,195.9,528.15}{456,196.26,529.15}{457,196.62,530.15}{458,196.98,531.15}{459,197.35,532.15}{460,197.71,533.15}{461,198.07,534.15}{462,198.43,535.15}{463,198.79,536.15}{464,199.15,537.15}{465,199.51,538.15}{466,199.87,539.15}{467,200.23,540.15}{468,200.59,541.15}{469,200.95,542.15}{470,201.31,543.15}{471,201.67,544.15}{472,202.03,545.15}{473,202.38,546.15}{474,202.74,547.15}{475,203.1,548.15}{476,203.46,549.15}{477,203.82,550.15}{478,204.18,551.15}{479,204.54,552.15}{480,204.9,553.15}{481,205.25,554.15}{482,205.61,555.15}{483,205.97,556.15}{484,206.33,557.15}{485,206.7,558.15}{486,207.05,559.15}{487,207.41,560.15}{488,207.77,561.15}{489,208.13,562.15}{490,208.48,563.15}{491,208.84,564.15}{492,209.2,565.15}{493,209.55,566.15}{494,209.91,567.15}{495,210.27,568.15}{496,210.62,569.15}{497,210.98,570.15}{498,211.34,571.15}{499,211.69,572.15}{500,212.05,573.15}{501,212.4,574.15}{502,212.76,575.15}{503,213.12,576.15}{504,213.47,577.15}{505,213.83,578.15}{506,214.19,579.15}{507,214.55,580.15}{508,214.9,581.15}{509,215.26,582.15}{510,215.61,583.15}{511,215.97,584.15}{512,216.32,585.15}{513,216.68,586.15}{514,217.03,587.15}{515,217.39,588.15}{516,217.73,589.15}{517,218.08,590.15}{518,218.44,591.15}{519,218.79,592.15}{520,219.15,593.15}{521,219.5,594.15}{522,219.85,595.15}{523,220.21,596.15}{524,220.56,597.15}{525,220.91,598.15}{526,221.27,599.15}{527,221.62,600.15}{528,221.97,601.15}{529,222.32,602.15}{530,222.68,603.15}{531,223.03,604.15}{532,223.38,605.15}{533,223.73,606.15}{534,224.09,607.15}{535,224.45,608.15}{536,224.8,609.15}{537,225.15,610.15}{538,225.5,611.15}{539,225.85,612.15}{540,226.21,613.15}{541,226.56,614.15}{542,226.91,615.15}{543,227.26,616.15}{544,227.61,617.15}{545,227.96,618.15}{546,228.31,619.15}{547,228.66,620.15}{548,229.01,621.15}{549,229.36,622.15}{550,229.72,623.15}{551,230.07,624.15}{552,230.42,625.15}{553,230.77,626.15}{554,231.12,627.15}{555,231.47,628.15}{556,231.81,629.15}{557,232.16,630.15}{558,232.51,631.15}{559,232.86,632.15}{560,233.21,633.15}{561,233.56,634.15}{562,233.91,635.15}{563,234.26,636.15}{564,234.6,637.15}{565,234.95,638.15}{566,235.3,639.15}{567,235.65,640.15}{568,236,641.15}{569,236.35,642.15}{570,236.7,643.15}{571,237.05,644.15}{572,237.4,645.15}{573,237.75,646.15}{574,238.09,647.15}{575,238.44,648.15}{576,238.79,649.15}{577,239.14,650.15}{578,239.48,651.15}{579,239.83,652.15}{580,240.18,653.15}{581,240.52,654.15}{582,240.87,655.15}{583,241.22,656.15}{584,241.56,657.15}{585,241.91,658.15}{586,242.25,659.15}{587,242.6,660.15}{588,242.95,661.15}{589,243.29,662.15}{590,243.64,663.15}{591,243.98,664.15}{592,244.33,665.15}{593,244.67,666.15}{594,245.02,667.15}{595,245.36,668.15}{596,245.71,669.15}{597,246.05,670.15}{598,246.4,671.15}{599,246.74,672.15}{600,247.09,673.15}{601,247.43,674.15}{602,247.78,675.15}{603,248.12,676.15}{604,248.46,677.15}{605,248.81,678.15}{606,249.15,679.15}{607,249.5,680.15}{608,249.84,681.15}{609,250.18,682.15}{610,250.53,683.15}{611,250.89,684.15}{612,251.21,685.15}{613,251.55,686.15}{614,251.9,687.15}{615,252.24,688.15}{616,252.59,689.15}{617,252.94,690.15}{618,253.28,691.15}{619,253.62,692.15}{620,253.96,693.15}{621,254.3,694.15}{622,254.65,695.15}{623,254.99,696.15}{624,255.33,697.15}{625,255.67,698.15}{626,256.01,699.15}{627,256.35,700.15}{628,256.7,701.15}{629,257.04,702.15}{630,257.38,703.15}{631,257.72,704.15}{632,258.06,705.15}{633,258.4,706.15}{634,258.74,707.15}{635,259.08,708.15}{636,259.42,709.15}{637,259.76,710.15}{638,260.1,711.15}{639,260.44,712.15}{640,260.78,713.15}{641,261.12,714.15}{642,261.46,715.15}{643,261.8,716.15}{644,262.14,717.15}{645,262.48,718.15}{646,262.83,719.15}{647,263.17,720.15}{648,263.5,721.15}{649,263.84,722.15}{650,264.18,723.15}{651,264.52,724.15}{652,264.86,725.15}{653,265.2,726.15}{654,265.54,727.15}{655,265.87,728.15}{656,266.21,729.15}{657,266.55,730.15}{658,266.89,731.15}{659,267.22,732.15}{660,267.56,733.15}{661,267.9,734.15}{662,268.24,735.15}{663,268.57,736.15}{664,268.91,737.15}{665,269.25,738.15}{666,269.58,739.15}{667,269.92,740.15}{668,270.26,741.15}{669,270.59,742.15}{670,270.93,743.15}{671,271.27,744.15}{672,271.6,745.15}{673,271.94,746.15}{674,272.27,747.15}{675,272.61,748.15}{676,272.95,749.15}{677,273.28,750.15}{678,273.62,751.15}{679,273.95,752.15}{680,274.29,753.15}{681,274.62,754.15}{682,274.96,755.15}{683,275.29,756.15}{684,275.63,757.15}{685,275.96,758.15}{686,276.31,759.15}{687,276.64,760.15}{688,276.97,761.15}{689,277.31,762.15}{690,277.64,763.15}{691,277.98,764.15}{692,278.31,765.15}{693,278.64,766.15}{694,278.98,767.15}{695,279.31,768.15}{696,279.64,769.15}{697,279.98,770.15}{698,280.31,771.15}{699,280.64,772.15}{700,280.98,773.15}{701,281.31,774.15}{702,281.64,775.15}{703,281.97,776.15}{704,282.31,777.15}{705,282.64,778.15}{706,282.97,779.15}{707,283.3,780.15}{708,283.63,781.15}{709,283.97,782.15}{710,284.3,783.15}{711,284.63,784.15}{712,284.96,785.15}{713,285.29,786.15}{714,285.62,787.15}{715,285.95,788.15}{716,286.3,789.15}{717,286.63,790.15}{718,286.96,791.15}{719,287.29,792.15}{720,287.62,793.15}{721,287.95,794.15}{722,288.28,795.15}{723,288.61,796.15}{724,288.94,797.15}{725,289.27,798.15}{726,289.6,799.15}{727,289.93,800.15}{728,290.26,801.15}{729,290.59,802.15}{730,290.92,803.15}{731,291.25,804.15}{732,291.58,805.15}{733,291.9,806.15}{734,292.23,807.15}{735,292.56,808.15}{736,292.9,809.15}{737,293.23,810.15}{738,293.56,811.15}{739,293.89,812.15}{740,294.21,813.15}{741,294.54,814.15}{742,294.87,815.15}{743,295.2,816.15}{744,295.53,817.15}{745,295.85,818.15}{746,296.18,819.15}{747,296.51,820.15}{748,296.84,821.15}{749,297.16,822.15}{750,297.49,823.15}{751,297.82,824.15}{752,298.14,825.15}{753,298.47,826.15}{754,298.8,827.15}{755,299.12,828.15}{756,299.45,829.15}{757,299.78,830.15}{758,300.1,831.15}{759,300.43,832.15}{760,300.75,833.15}{761,301.08,834.15}{762,301.41,835.15}{763,301.73,836.15}{764,302.06,837.15}{765,302.38,838.15}{766,302.71,839.15}{767,303.03,840.15}{768,303.36,841.15}{769,303.68,842.15}{770,304.01,843.15}{771,304.33,844.15}{772,304.66,845.15}{773,304.98,846.15}{774,305.3,847.15}{775,305.63,848.15}{776,305.95,849.15}{777,306.28,850.15}{778,306.6,851.15}{779,306.92,852.15}{780,307.25,853.15}{781,307.57,854.15}{782,307.89,855.15}{783,308.22,856.15}{784,308.54,857.15}{785,308.86,858.15}{786,309.19,859.15}{787,309.51,860.15}{788,309.83,861.15}{789,310.15,862.15}{790,310.48,863.15}{791,310.8,864.15}{792,311.12,865.15}{793,311.45,866.15}{794,311.78,867.15}{795,312.1,868.15}{796,312.43,869.15}{797,312.75,870.15}{798,313.07,871.15}{799,313.39,872.15}{800,313.71,873.15}{801,314.04,874.15}{802,314.36,875.15}{803,314.68,876.15}{804,315,877.15}{805,315.32,878.15}{806,315.64,879.15}{807,315.96,880.15}{808,316.28,881.15}{809,316.6,882.15}{810,316.92,883.15}{811,317.24,884.15}{812,317.56,885.15}{813,317.88,886.15}{814,318.2,887.15}{815,318.52,888.15}{816,318.85,889.15}{817,319.17,890.15}{818,319.49,891.15}{819,319.81,892.15}{820,320.12,893.15}{821,320.44,894.15}{822,320.76,895.15}{823,321.08,896.15}{824,321.4,897.15}{825,321.72,898.15}{826,322.03,899.15}{827,322.34,900.15}{828,322.66,901.15}{829,322.98,902.15}{830,323.3,903.15}{831,323.61,904.15}{832,323.93,905.15}{833,324.25,906.15}{834,324.57,907.15}{835,324.88,908.15}{836,325.21,909.15}{837,325.53,910.15}{838,325.85,911.15}{839,326.16,912.15}{840,326.48,913.15}{841,326.79,914.15}{842,327.11,915.15}{843,327.43,916.15}{844,327.74,917.15}{845,328.06,918.15}{846,328.38,919.15}{847,328.69,920.15}{848,329.01,921.15}{849,329.32,922.15}{850,329.64,923.15}{851,329.95,924.15}{852,330.27,925.15}{853,330.58,926.15}{854,330.9,927.15}{855,331.21,928.15}{856,331.53,929.15}{857,331.84,930.15}{858,332.16,931.15}{859,332.47,932.15}{860,332.79,933.15}{861,333.1,934.15}{862,333.41,935.15}{863,333.73,936.15}{864,334.04,937.15}{865,334.36,938.15}{866,334.68,939.15}{867,334.99,940.15}{868,335.31,941.15}{869,335.62,942.15}{870,335.93,943.15}{871,336.25,944.15}{872,336.56,945.15}{873,336.87,946.15}{874,337.18,947.15}{875,337.5,948.15}{876,337.81,949.15}{877,338.12,950.15}{878,338.43,951.15}{879,338.75,952.15}{880,339.06,953.15}{881,339.37,954.15}{882,339.68,955.15}{883,339.99,956.15}{884,340.3,957.15}{885,340.62,958.15}{886,340.94,959.15}{887,341.25,960.15}{888,341.55,961.15}{889,341.87,962.15}{890,342.18,963.15}{891,342.49,964.15}{892,342.8,965.15}{893,343.11,966.15}{894,343.42,967.15}{895,343.73,968.15}{896,344.04,969.15}{897,344.35,970.15}{898,344.66,971.15}{899,344.97,972.15}{900,345.28,973.15}{901,345.59,974.15}{902,345.9,975.15}{903,346.21,976.15}{904,346.52,977.15}{905,346.83,978.15}{906,347.15,979.15}{907,347.46,980.15}{908,347.76,981.15}{909,348.07,982.15}{910,348.38,983.15}{911,348.69,984.15}{912,349,985.15}{913,349.31,986.15}{914,349.61,987.15}{915,349.92,988.15}{916,350.23,989.15}{917,350.54,990.15}{918,350.85,991.15}{919,351.15,992.15}{920,351.46,993.15}{921,351.77,994.15}{922,352.07,995.15}{923,352.38,996.15}{924,352.69,997.15}{925,352.99,998.15}{926,353.3,999.15}{927,353.61,1000.15}{928,353.91,1001.15}{929,354.22,1002.15}{930,354.53,1003.15}{931,354.83,1004.15}{932,355.14,1005.15}{933,355.44,1006.15}{934,355.75,1007.15}{935,356.06,1008.15}{936,356.37,1009.15}{937,356.68,1010.15}{938,356.98,1011.15}{939,357.29,1012.15}{940,357.59,1013.15}{941,357.9,1014.15}{942,358.2,1015.15}{943,358.51,1016.15}{944,358.81,1017.15}{945,359.12,1018.15}{946,359.42,1019.15}{947,359.72,1020.15}{948,360.03,1021.15}{949,360.33,1022.15}{950,360.64,1023.15}{951,360.94,1024.15}{952,361.24,1025.15}{953,361.55,1026.15}{954,361.85,1027.15}{955,362.15,1028.15}{956,362.46,1029.15}{957,362.76,1030.15}{958,363.06,1031.15}{959,363.36,1032.15}{960,363.67,1033.15}{961,363.97,1034.15}{962,364.27,1035.15}{963,364.57,1036.15}{964,364.88,1037.15}{965,365.18,1038.15}{966,365.49,1039.15}{967,365.79,1040.15}{968,366.09,1041.15}{969,366.4,1042.15}{970,366.7,1043.15}{971,367,1044.15}{972,367.3,1045.15}{973,367.6,1046.15}{974,367.9,1047.15}{975,368.2,1048.15}{976,368.5,1049.15}{977,368.81,1050.15}{978,369.11,1051.15}{979,369.41,1052.15}{980,369.71,1053.15}{981,370.01,1054.15}{982,370.31,1055.15}{983,370.61,1056.15}{984,370.91,1057.15}{985,371.21,1058.15}{986,371.52,1059.15}{987,371.82,1060.15}{988,372.12,1061.15}{989,372.41,1062.15}{990,372.71,1063.15}{991,373.01,1064.15}{992,373.31,1065.15}{993,373.61,1066.15}{994,373.91,1067.15}{995,374.21,1068.15}{996,374.51,1069.15}{997,374.8,1070.15}{998,375.1,1071.15}{999,375.4,1072.15}{1000,375.7,1073.15}{1001,376,1074.15}{1002,376.29,1075.15}{1003,376.59,1076.15}{1004,376.89,1077.15}{1005,377.19,1078.15}{1006,377.49,1079.15}{1007,377.79,1080.15}{1008,378.09,1081.15}{1009,378.39,1082.15}{1010,378.68,1083.15}{1011,378.98,1084.15}{1012,379.28,1085.15}{1013,379.57,1086.15}{1014,379.87,1087.15}{1015,380.17,1088.15}{1016,380.46,1089.15}{1017,380.76,1090.15}{1018,381.05,1091.15}{1019,381.35,1092.15}{1020,381.65,1093.15}{1021,381.94,1094.15}{1022,382.24,1095.15}{1023,382.53,1096.15}{1024,382.83,1097.15}{1025,383.12,1098.15}{1026,383.42,1099.15}{1027,383.71,1100.15}{1028,384.01,1101.15}{1029,384.3,1102.15}{1030,384.6,1103.15}{1031,384.89,1104.15}{1032,385.18,1105.15}{1033,385.48,1106.15}{1034,385.77,1107.15}{1035,386.07,1108.15}{1036,386.37,1109.15}{1037,386.66,1110.15}{1038,386.96,1111.15}{1039,387.25,1112.15}{1040,387.55,1113.15}{1041,387.84,1114.15}{1042,388.13,1115.15}{1043,388.42,1116.15}{1044,388.72,1117.15}{1045,389.01,1118.15}{1046,389.31,1119.15}{1047,389.61,1120.15}{1048,389.9,1121.15}{1049,390.19,1122.15}{1050,390.48,1123.15}&quot;"/>
                                                <instance name="dev02/Config/ch00007/Calibration_Sensor_Curve" order="0" value="&quot;{0,18.52,73.15}{1,18.96,74.15}{2,19.39,75.15}{3,19.82,76.15}{4,20.25,77.15}{5,20.68,78.15}{6,21.11,79.15}{7,21.54,80.15}{8,21.97,81.15}{9,22.4,82.15}{10,22.83,83.15}{11,23.26,84.15}{12,23.69,85.15}{13,24.12,86.15}{14,24.55,87.15}{15,24.97,88.15}{16,25.39,89.15}{17,25.82,90.15}{18,26.25,91.15}{19,26.67,92.15}{20,27.1,93.15}{21,27.52,94.15}{22,27.95,95.15}{23,28.37,96.15}{24,28.8,97.15}{25,29.22,98.15}{26,29.65,99.15}{27,30.07,100.15}{28,30.49,101.15}{29,30.92,102.15}{30,31.34,103.15}{31,31.76,104.15}{32,32.18,105.15}{33,32.61,106.15}{34,33.03,107.15}{35,33.45,108.15}{36,33.86,109.15}{37,34.28,110.15}{38,34.7,111.15}{39,35.12,112.15}{40,35.54,113.15}{41,35.96,114.15}{42,36.38,115.15}{43,36.8,116.15}{44,37.22,117.15}{45,37.63,118.15}{46,38.05,119.15}{47,38.47,120.15}{48,38.89,121.15}{49,39.31,122.15}{50,39.72,123.15}{51,40.14,124.15}{52,40.56,125.15}{53,40.97,126.15}{54,41.39,127.15}{55,41.8,128.15}{56,42.22,129.15}{57,42.64,130.15}{58,43.05,131.15}{59,43.46,132.15}{60,43.88,133.15}{61,44.29,134.15}{62,44.71,135.15}{63,45.12,136.15}{64,45.53,137.15}{65,45.95,138.15}{66,46.35,139.15}{67,46.76,140.15}{68,47.18,141.15}{69,47.59,142.15}{70,48,143.15}{71,48.41,144.15}{72,48.82,145.15}{73,49.23,146.15}{74,49.64,147.15}{75,50.06,148.15}{76,50.47,149.15}{77,50.88,150.15}{78,51.29,151.15}{79,51.7,152.15}{80,52.11,153.15}{81,52.52,154.15}{82,52.92,155.15}{83,53.33,156.15}{84,53.74,157.15}{85,54.15,158.15}{86,54.56,159.15}{87,54.97,160.15}{88,55.38,161.15}{89,55.78,162.15}{90,56.19,163.15}{91,56.6,164.15}{92,57,165.15}{93,57.41,166.15}{94,57.82,167.15}{95,58.22,168.15}{96,58.63,169.15}{97,59.04,170.15}{98,59.44,171.15}{99,59.85,172.15}{100,60.26,173.15}{101,60.67,174.15}{102,61.07,175.15}{103,61.48,176.15}{104,61.87,177.15}{105,62.29,178.15}{106,62.69,179.15}{107,63.1,180.15}{108,63.5,181.15}{109,63.91,182.15}{110,64.3,183.15}{111,64.7,184.15}{112,65.11,185.15}{113,65.51,186.15}{114,65.91,187.15}{115,66.31,188.15}{116,66.72,189.15}{117,67.12,190.15}{118,67.52,191.15}{119,67.92,192.15}{120,68.33,193.15}{121,68.73,194.15}{122,69.13,195.15}{123,69.53,196.15}{124,69.93,197.15}{125,70.33,198.15}{126,70.73,199.15}{127,71.13,200.15}{128,71.53,201.15}{129,71.93,202.15}{130,72.33,203.15}{131,72.73,204.15}{132,73.13,205.15}{133,73.53,206.15}{134,73.93,207.15}{135,74.33,208.15}{136,74.73,209.15}{137,75.13,210.15}{138,75.53,211.15}{139,75.93,212.15}{140,76.33,213.15}{141,76.73,214.15}{142,77.13,215.15}{143,77.52,216.15}{144,77.92,217.15}{145,78.32,218.15}{146,78.72,219.15}{147,79.11,220.15}{148,79.51,221.15}{149,79.91,222.15}{150,80.31,223.15}{151,80.7,224.15}{152,81.1,225.15}{153,81.5,226.15}{154,81.89,227.15}{155,82.29,228.15}{156,82.69,229.15}{157,83.08,230.15}{158,83.48,231.15}{159,83.88,232.15}{160,84.27,233.15}{161,84.67,234.15}{162,85.06,235.15}{163,85.46,236.15}{164,85.85,237.15}{165,86.25,238.15}{166,86.64,239.15}{167,87.04,240.15}{168,87.43,241.15}{169,87.83,242.15}{170,88.22,243.15}{171,88.62,244.15}{172,89.01,245.15}{173,89.4,246.15}{174,89.8,247.15}{175,90.19,248.15}{176,90.59,249.15}{177,90.98,250.15}{178,91.37,251.15}{179,91.77,252.15}{180,92.16,253.15}{181,92.55,254.15}{182,92.95,255.15}{183,93.34,256.15}{184,93.73,257.15}{185,94.12,258.15}{186,94.52,259.15}{187,94.91,260.15}{188,95.3,261.15}{189,95.69,262.15}{190,96.09,263.15}{191,96.48,264.15}{192,96.87,265.15}{193,97.26,266.15}{194,97.65,267.15}{195,98.04,268.15}{196,98.44,269.15}{197,98.83,270.15}{198,99.22,271.15}{199,99.61,272.15}{200,100,273.15}{201,100.39,274.15}{202,100.78,275.15}{203,101.17,276.15}{204,101.56,277.15}{205,101.95,278.15}{206,102.34,279.15}{207,102.73,280.15}{208,103.12,281.15}{209,103.51,282.15}{210,103.9,283.15}{211,104.29,284.15}{212,104.68,285.15}{213,105.07,286.15}{214,105.46,287.15}{215,105.85,288.15}{216,106.24,289.15}{217,106.63,290.15}{218,107.02,291.15}{219,107.4,292.15}{220,107.79,293.15}{221,108.18,294.15}{222,108.57,295.15}{223,108.96,296.15}{224,109.35,297.15}{225,109.73,298.15}{226,110.12,299.15}{227,110.51,300.15}{228,110.9,301.15}{229,111.28,302.15}{230,111.67,303.15}{231,112.06,304.15}{232,112.45,305.15}{233,112.83,306.15}{234,113.22,307.15}{235,113.61,308.15}{236,113.99,309.15}{237,114.38,310.15}{238,114.77,311.15}{239,115.15,312.15}{240,115.54,313.15}{241,115.93,314.15}{242,116.31,315.15}{243,116.7,316.15}{244,117.08,317.15}{245,117.47,318.15}{246,117.85,319.15}{247,118.24,320.15}{248,118.62,321.15}{249,119.01,322.15}{250,119.4,323.15}{251,119.78,324.15}{252,120.16,325.15}{253,120.55,326.15}{254,120.93,327.15}{255,121.32,328.15}{256,121.7,329.15}{257,122.09,330.15}{258,122.47,331.15}{259,122.86,332.15}{260,123.24,333.15}{261,123.62,334.15}{262,124.01,335.15}{263,124.39,336.15}{264,124.77,337.15}{265,125.17,338.15}{266,125.55,339.15}{267,125.93,340.15}{268,126.32,341.15}{269,126.7,342.15}{270,127.08,343.15}{271,127.46,344.15}{272,127.85,345.15}{273,128.23,346.15}{274,128.61,347.15}{275,128.99,348.15}{276,129.38,349.15}{277,129.76,350.15}{278,130.14,351.15}{279,130.52,352.15}{280,130.9,353.15}{281,131.28,354.15}{282,131.67,355.15}{283,132.05,356.15}{284,132.43,357.15}{285,132.81,358.15}{286,133.19,359.15}{287,133.57,360.15}{288,133.95,361.15}{289,134.33,362.15}{290,134.71,363.15}{291,135.09,364.15}{292,135.47,365.15}{293,135.85,366.15}{294,136.23,367.15}{295,136.61,368.15}{296,136.99,369.15}{297,137.37,370.15}{298,137.75,371.15}{299,138.13,372.15}{300,138.51,373.15}{301,138.89,374.15}{302,139.27,375.15}{303,139.65,376.15}{304,140.03,377.15}{305,140.39,378.15}{306,140.77,379.15}{307,141.15,380.15}{308,141.53,381.15}{309,141.91,382.15}{310,142.29,383.15}{311,142.66,384.15}{312,143.04,385.15}{313,143.42,386.15}{314,143.8,387.15}{315,144.18,388.15}{316,144.56,389.15}{317,144.94,390.15}{318,145.32,391.15}{319,145.69,392.15}{320,146.07,393.15}{321,146.45,394.15}{322,146.82,395.15}{323,147.2,396.15}{324,147.58,397.15}{325,147.95,398.15}{326,148.33,399.15}{327,148.71,400.15}{328,149.08,401.15}{329,149.46,402.15}{330,149.83,403.15}{331,150.21,404.15}{332,150.58,405.15}{333,150.96,406.15}{334,151.34,407.15}{335,151.71,408.15}{336,152.09,409.15}{337,152.46,410.15}{338,152.84,411.15}{339,153.21,412.15}{340,153.58,413.15}{341,153.95,414.15}{342,154.32,415.15}{343,154.71,416.15}{344,155.08,417.15}{345,155.46,418.15}{346,155.83,419.15}{347,156.21,420.15}{348,156.58,421.15}{349,156.96,422.15}{350,157.33,423.15}{351,157.71,424.15}{352,158.08,425.15}{353,158.45,426.15}{354,158.83,427.15}{355,159.2,428.15}{356,159.56,429.15}{357,159.94,430.15}{358,160.31,431.15}{359,160.68,432.15}{360,161.05,433.15}{361,161.43,434.15}{362,161.8,435.15}{363,162.17,436.15}{364,162.54,437.15}{365,162.91,438.15}{366,163.28,439.15}{367,163.66,440.15}{368,164.03,441.15}{369,164.4,442.15}{370,164.77,443.15}{371,165.14,444.15}{372,165.51,445.15}{373,165.88,446.15}{374,166.25,447.15}{375,166.62,448.15}{376,167,449.15}{377,167.37,450.15}{378,167.74,451.15}{379,168.11,452.15}{380,168.48,453.15}{381,168.85,454.15}{382,169.22,455.15}{383,169.59,456.15}{384,169.96,457.15}{385,170.33,458.15}{386,170.69,459.15}{387,171.06,460.15}{388,171.43,461.15}{389,171.8,462.15}{390,172.17,463.15}{391,172.54,464.15}{392,172.91,465.15}{393,173.27,466.15}{394,173.64,467.15}{395,174.01,468.15}{396,174.39,469.15}{397,174.75,470.15}{398,175.12,471.15}{399,175.49,472.15}{400,175.86,473.15}{401,176.23,474.15}{402,176.59,475.15}{403,176.96,476.15}{404,177.33,477.15}{405,177.7,478.15}{406,178.06,479.15}{407,178.43,480.15}{408,178.8,481.15}{409,179.16,482.15}{410,179.53,483.15}{411,179.9,484.15}{412,180.26,485.15}{413,180.63,486.15}{414,180.99,487.15}{415,181.36,488.15}{416,181.73,489.15}{417,182.09,490.15}{418,182.46,491.15}{419,182.82,492.15}{420,183.19,493.15}{421,183.55,494.15}{422,183.92,495.15}{423,184.28,496.15}{424,184.65,497.15}{425,185.01,498.15}{426,185.38,499.15}{427,185.74,500.15}{428,186.11,501.15}{429,186.47,502.15}{430,186.84,503.15}{431,187.2,504.15}{432,187.56,505.15}{433,187.93,506.15}{434,188.29,507.15}{435,188.65,508.15}{436,189.02,509.15}{437,189.38,510.15}{438,189.74,511.15}{439,190.11,512.15}{440,190.47,513.15}{441,190.83,514.15}{442,191.2,515.15}{443,191.56,516.15}{444,191.92,517.15}{445,192.28,518.15}{446,192.66,519.15}{447,193.02,520.15}{448,193.38,521.15}{449,193.74,522.15}{450,194.1,523.15}{451,194.47,524.15}{452,194.83,525.15}{453,195.19,526.15}{454,195.55,527.15}{455,195.9,528.15}{456,196.26,529.15}{457,196.62,530.15}{458,196.98,531.15}{459,197.35,532.15}{460,197.71,533.15}{461,198.07,534.15}{462,198.43,535.15}{463,198.79,536.15}{464,199.15,537.15}{465,199.51,538.15}{466,199.87,539.15}{467,200.23,540.15}{468,200.59,541.15}{469,200.95,542.15}{470,201.31,543.15}{471,201.67,544.15}{472,202.03,545.15}{473,202.38,546.15}{474,202.74,547.15}{475,203.1,548.15}{476,203.46,549.15}{477,203.82,550.15}{478,204.18,551.15}{479,204.54,552.15}{480,204.9,553.15}{481,205.25,554.15}{482,205.61,555.15}{483,205.97,556.15}{484,206.33,557.15}{485,206.7,558.15}{486,207.05,559.15}{487,207.41,560.15}{488,207.77,561.15}{489,208.13,562.15}{490,208.48,563.15}{491,208.84,564.15}{492,209.2,565.15}{493,209.55,566.15}{494,209.91,567.15}{495,210.27,568.15}{496,210.62,569.15}{497,210.98,570.15}{498,211.34,571.15}{499,211.69,572.15}{500,212.05,573.15}{501,212.4,574.15}{502,212.76,575.15}{503,213.12,576.15}{504,213.47,577.15}{505,213.83,578.15}{506,214.19,579.15}{507,214.55,580.15}{508,214.9,581.15}{509,215.26,582.15}{510,215.61,583.15}{511,215.97,584.15}{512,216.32,585.15}{513,216.68,586.15}{514,217.03,587.15}{515,217.39,588.15}{516,217.73,589.15}{517,218.08,590.15}{518,218.44,591.15}{519,218.79,592.15}{520,219.15,593.15}{521,219.5,594.15}{522,219.85,595.15}{523,220.21,596.15}{524,220.56,597.15}{525,220.91,598.15}{526,221.27,599.15}{527,221.62,600.15}{528,221.97,601.15}{529,222.32,602.15}{530,222.68,603.15}{531,223.03,604.15}{532,223.38,605.15}{533,223.73,606.15}{534,224.09,607.15}{535,224.45,608.15}{536,224.8,609.15}{537,225.15,610.15}{538,225.5,611.15}{539,225.85,612.15}{540,226.21,613.15}{541,226.56,614.15}{542,226.91,615.15}{543,227.26,616.15}{544,227.61,617.15}{545,227.96,618.15}{546,228.31,619.15}{547,228.66,620.15}{548,229.01,621.15}{549,229.36,622.15}{550,229.72,623.15}{551,230.07,624.15}{552,230.42,625.15}{553,230.77,626.15}{554,231.12,627.15}{555,231.47,628.15}{556,231.81,629.15}{557,232.16,630.15}{558,232.51,631.15}{559,232.86,632.15}{560,233.21,633.15}{561,233.56,634.15}{562,233.91,635.15}{563,234.26,636.15}{564,234.6,637.15}{565,234.95,638.15}{566,235.3,639.15}{567,235.65,640.15}{568,236,641.15}{569,236.35,642.15}{570,236.7,643.15}{571,237.05,644.15}{572,237.4,645.15}{573,237.75,646.15}{574,238.09,647.15}{575,238.44,648.15}{576,238.79,649.15}{577,239.14,650.15}{578,239.48,651.15}{579,239.83,652.15}{580,240.18,653.15}{581,240.52,654.15}{582,240.87,655.15}{583,241.22,656.15}{584,241.56,657.15}{585,241.91,658.15}{586,242.25,659.15}{587,242.6,660.15}{588,242.95,661.15}{589,243.29,662.15}{590,243.64,663.15}{591,243.98,664.15}{592,244.33,665.15}{593,244.67,666.15}{594,245.02,667.15}{595,245.36,668.15}{596,245.71,669.15}{597,246.05,670.15}{598,246.4,671.15}{599,246.74,672.15}{600,247.09,673.15}{601,247.43,674.15}{602,247.78,675.15}{603,248.12,676.15}{604,248.46,677.15}{605,248.81,678.15}{606,249.15,679.15}{607,249.5,680.15}{608,249.84,681.15}{609,250.18,682.15}{610,250.53,683.15}{611,250.89,684.15}{612,251.21,685.15}{613,251.55,686.15}{614,251.9,687.15}{615,252.24,688.15}{616,252.59,689.15}{617,252.94,690.15}{618,253.28,691.15}{619,253.62,692.15}{620,253.96,693.15}{621,254.3,694.15}{622,254.65,695.15}{623,254.99,696.15}{624,255.33,697.15}{625,255.67,698.15}{626,256.01,699.15}{627,256.35,700.15}{628,256.7,701.15}{629,257.04,702.15}{630,257.38,703.15}{631,257.72,704.15}{632,258.06,705.15}{633,258.4,706.15}{634,258.74,707.15}{635,259.08,708.15}{636,259.42,709.15}{637,259.76,710.15}{638,260.1,711.15}{639,260.44,712.15}{640,260.78,713.15}{641,261.12,714.15}{642,261.46,715.15}{643,261.8,716.15}{644,262.14,717.15}{645,262.48,718.15}{646,262.83,719.15}{647,263.17,720.15}{648,263.5,721.15}{649,263.84,722.15}{650,264.18,723.15}{651,264.52,724.15}{652,264.86,725.15}{653,265.2,726.15}{654,265.54,727.15}{655,265.87,728.15}{656,266.21,729.15}{657,266.55,730.15}{658,266.89,731.15}{659,267.22,732.15}{660,267.56,733.15}{661,267.9,734.15}{662,268.24,735.15}{663,268.57,736.15}{664,268.91,737.15}{665,269.25,738.15}{666,269.58,739.15}{667,269.92,740.15}{668,270.26,741.15}{669,270.59,742.15}{670,270.93,743.15}{671,271.27,744.15}{672,271.6,745.15}{673,271.94,746.15}{674,272.27,747.15}{675,272.61,748.15}{676,272.95,749.15}{677,273.28,750.15}{678,273.62,751.15}{679,273.95,752.15}{680,274.29,753.15}{681,274.62,754.15}{682,274.96,755.15}{683,275.29,756.15}{684,275.63,757.15}{685,275.96,758.15}{686,276.31,759.15}{687,276.64,760.15}{688,276.97,761.15}{689,277.31,762.15}{690,277.64,763.15}{691,277.98,764.15}{692,278.31,765.15}{693,278.64,766.15}{694,278.98,767.15}{695,279.31,768.15}{696,279.64,769.15}{697,279.98,770.15}{698,280.31,771.15}{699,280.64,772.15}{700,280.98,773.15}{701,281.31,774.15}{702,281.64,775.15}{703,281.97,776.15}{704,282.31,777.15}{705,282.64,778.15}{706,282.97,779.15}{707,283.3,780.15}{708,283.63,781.15}{709,283.97,782.15}{710,284.3,783.15}{711,284.63,784.15}{712,284.96,785.15}{713,285.29,786.15}{714,285.62,787.15}{715,285.95,788.15}{716,286.3,789.15}{717,286.63,790.15}{718,286.96,791.15}{719,287.29,792.15}{720,287.62,793.15}{721,287.95,794.15}{722,288.28,795.15}{723,288.61,796.15}{724,288.94,797.15}{725,289.27,798.15}{726,289.6,799.15}{727,289.93,800.15}{728,290.26,801.15}{729,290.59,802.15}{730,290.92,803.15}{731,291.25,804.15}{732,291.58,805.15}{733,291.9,806.15}{734,292.23,807.15}{735,292.56,808.15}{736,292.9,809.15}{737,293.23,810.15}{738,293.56,811.15}{739,293.89,812.15}{740,294.21,813.15}{741,294.54,814.15}{742,294.87,815.15}{743,295.2,816.15}{744,295.53,817.15}{745,295.85,818.15}{746,296.18,819.15}{747,296.51,820.15}{748,296.84,821.15}{749,297.16,822.15}{750,297.49,823.15}{751,297.82,824.15}{752,298.14,825.15}{753,298.47,826.15}{754,298.8,827.15}{755,299.12,828.15}{756,299.45,829.15}{757,299.78,830.15}{758,300.1,831.15}{759,300.43,832.15}{760,300.75,833.15}{761,301.08,834.15}{762,301.41,835.15}{763,301.73,836.15}{764,302.06,837.15}{765,302.38,838.15}{766,302.71,839.15}{767,303.03,840.15}{768,303.36,841.15}{769,303.68,842.15}{770,304.01,843.15}{771,304.33,844.15}{772,304.66,845.15}{773,304.98,846.15}{774,305.3,847.15}{775,305.63,848.15}{776,305.95,849.15}{777,306.28,850.15}{778,306.6,851.15}{779,306.92,852.15}{780,307.25,853.15}{781,307.57,854.15}{782,307.89,855.15}{783,308.22,856.15}{784,308.54,857.15}{785,308.86,858.15}{786,309.19,859.15}{787,309.51,860.15}{788,309.83,861.15}{789,310.15,862.15}{790,310.48,863.15}{791,310.8,864.15}{792,311.12,865.15}{793,311.45,866.15}{794,311.78,867.15}{795,312.1,868.15}{796,312.43,869.15}{797,312.75,870.15}{798,313.07,871.15}{799,313.39,872.15}{800,313.71,873.15}{801,314.04,874.15}{802,314.36,875.15}{803,314.68,876.15}{804,315,877.15}{805,315.32,878.15}{806,315.64,879.15}{807,315.96,880.15}{808,316.28,881.15}{809,316.6,882.15}{810,316.92,883.15}{811,317.24,884.15}{812,317.56,885.15}{813,317.88,886.15}{814,318.2,887.15}{815,318.52,888.15}{816,318.85,889.15}{817,319.17,890.15}{818,319.49,891.15}{819,319.81,892.15}{820,320.12,893.15}{821,320.44,894.15}{822,320.76,895.15}{823,321.08,896.15}{824,321.4,897.15}{825,321.72,898.15}{826,322.03,899.15}{827,322.34,900.15}{828,322.66,901.15}{829,322.98,902.15}{830,323.3,903.15}{831,323.61,904.15}{832,323.93,905.15}{833,324.25,906.15}{834,324.57,907.15}{835,324.88,908.15}{836,325.21,909.15}{837,325.53,910.15}{838,325.85,911.15}{839,326.16,912.15}{840,326.48,913.15}{841,326.79,914.15}{842,327.11,915.15}{843,327.43,916.15}{844,327.74,917.15}{845,328.06,918.15}{846,328.38,919.15}{847,328.69,920.15}{848,329.01,921.15}{849,329.32,922.15}{850,329.64,923.15}{851,329.95,924.15}{852,330.27,925.15}{853,330.58,926.15}{854,330.9,927.15}{855,331.21,928.15}{856,331.53,929.15}{857,331.84,930.15}{858,332.16,931.15}{859,332.47,932.15}{860,332.79,933.15}{861,333.1,934.15}{862,333.41,935.15}{863,333.73,936.15}{864,334.04,937.15}{865,334.36,938.15}{866,334.68,939.15}{867,334.99,940.15}{868,335.31,941.15}{869,335.62,942.15}{870,335.93,943.15}{871,336.25,944.15}{872,336.56,945.15}{873,336.87,946.15}{874,337.18,947.15}{875,337.5,948.15}{876,337.81,949.15}{877,338.12,950.15}{878,338.43,951.15}{879,338.75,952.15}{880,339.06,953.15}{881,339.37,954.15}{882,339.68,955.15}{883,339.99,956.15}{884,340.3,957.15}{885,340.62,958.15}{886,340.94,959.15}{887,341.25,960.15}{888,341.55,961.15}{889,341.87,962.15}{890,342.18,963.15}{891,342.49,964.15}{892,342.8,965.15}{893,343.11,966.15}{894,343.42,967.15}{895,343.73,968.15}{896,344.04,969.15}{897,344.35,970.15}{898,344.66,971.15}{899,344.97,972.15}{900,345.28,973.15}{901,345.59,974.15}{902,345.9,975.15}{903,346.21,976.15}{904,346.52,977.15}{905,346.83,978.15}{906,347.15,979.15}{907,347.46,980.15}{908,347.76,981.15}{909,348.07,982.15}{910,348.38,983.15}{911,348.69,984.15}{912,349,985.15}{913,349.31,986.15}{914,349.61,987.15}{915,349.92,988.15}{916,350.23,989.15}{917,350.54,990.15}{918,350.85,991.15}{919,351.15,992.15}{920,351.46,993.15}{921,351.77,994.15}{922,352.07,995.15}{923,352.38,996.15}{924,352.69,997.15}{925,352.99,998.15}{926,353.3,999.15}{927,353.61,1000.15}{928,353.91,1001.15}{929,354.22,1002.15}{930,354.53,1003.15}{931,354.83,1004.15}{932,355.14,1005.15}{933,355.44,1006.15}{934,355.75,1007.15}{935,356.06,1008.15}{936,356.37,1009.15}{937,356.68,1010.15}{938,356.98,1011.15}{939,357.29,1012.15}{940,357.59,1013.15}{941,357.9,1014.15}{942,358.2,1015.15}{943,358.51,1016.15}{944,358.81,1017.15}{945,359.12,1018.15}{946,359.42,1019.15}{947,359.72,1020.15}{948,360.03,1021.15}{949,360.33,1022.15}{950,360.64,1023.15}{951,360.94,1024.15}{952,361.24,1025.15}{953,361.55,1026.15}{954,361.85,1027.15}{955,362.15,1028.15}{956,362.46,1029.15}{957,362.76,1030.15}{958,363.06,1031.15}{959,363.36,1032.15}{960,363.67,1033.15}{961,363.97,1034.15}{962,364.27,1035.15}{963,364.57,1036.15}{964,364.88,1037.15}{965,365.18,1038.15}{966,365.49,1039.15}{967,365.79,1040.15}{968,366.09,1041.15}{969,366.4,1042.15}{970,366.7,1043.15}{971,367,1044.15}{972,367.3,1045.15}{973,367.6,1046.15}{974,367.9,1047.15}{975,368.2,1048.15}{976,368.5,1049.15}{977,368.81,1050.15}{978,369.11,1051.15}{979,369.41,1052.15}{980,369.71,1053.15}{981,370.01,1054.15}{982,370.31,1055.15}{983,370.61,1056.15}{984,370.91,1057.15}{985,371.21,1058.15}{986,371.52,1059.15}{987,371.82,1060.15}{988,372.12,1061.15}{989,372.41,1062.15}{990,372.71,1063.15}{991,373.01,1064.15}{992,373.31,1065.15}{993,373.61,1066.15}{994,373.91,1067.15}{995,374.21,1068.15}{996,374.51,1069.15}{997,374.8,1070.15}{998,375.1,1071.15}{999,375.4,1072.15}{1000,375.7,1073.15}{1001,376,1074.15}{1002,376.29,1075.15}{1003,376.59,1076.15}{1004,376.89,1077.15}{1005,377.19,1078.15}{1006,377.49,1079.15}{1007,377.79,1080.15}{1008,378.09,1081.15}{1009,378.39,1082.15}{1010,378.68,1083.15}{1011,378.98,1084.15}{1012,379.28,1085.15}{1013,379.57,1086.15}{1014,379.87,1087.15}{1015,380.17,1088.15}{1016,380.46,1089.15}{1017,380.76,1090.15}{1018,381.05,1091.15}{1019,381.35,1092.15}{1020,381.65,1093.15}{1021,381.94,1094.15}{1022,382.24,1095.15}{1023,382.53,1096.15}{1024,382.83,1097.15}{1025,383.12,1098.15}{1026,383.42,1099.15}{1027,383.71,1100.15}{1028,384.01,1101.15}{1029,384.3,1102.15}{1030,384.6,1103.15}{1031,384.89,1104.15}{1032,385.18,1105.15}{1033,385.48,1106.15}{1034,385.77,1107.15}{1035,386.07,1108.15}{1036,386.37,1109.15}{1037,386.66,1110.15}{1038,386.96,1111.15}{1039,387.25,1112.15}{1040,387.55,1113.15}{1041,387.84,1114.15}{1042,388.13,1115.15}{1043,388.42,1116.15}{1044,388.72,1117.15}{1045,389.01,1118.15}{1046,389.31,1119.15}{1047,389.61,1120.15}{1048,389.9,1121.15}{1049,390.19,1122.15}{1050,390.48,1123.15}&quot;"/>
                                                <instance name="dev02/Config/ch00012/Calibration_Sensor_Curve" order="0" value="&quot;{0,18.52,73.15}{1,18.96,74.15}{2,19.39,75.15}{3,19.82,76.15}{4,20.25,77.15}{5,20.68,78.15}{6,21.11,79.15}{7,21.54,80.15}{8,21.97,81.15}{9,22.4,82.15}{10,22.83,83.15}{11,23.26,84.15}{12,23.69,85.15}{13,24.12,86.15}{14,24.55,87.15}{15,24.97,88.15}{16,25.39,89.15}{17,25.82,90.15}{18,26.25,91.15}{19,26.67,92.15}{20,27.1,93.15}{21,27.52,94.15}{22,27.95,95.15}{23,28.37,96.15}{24,28.8,97.15}{25,29.22,98.15}{26,29.65,99.15}{27,30.07,100.15}{28,30.49,101.15}{29,30.92,102.15}{30,31.34,103.15}{31,31.76,104.15}{32,32.18,105.15}{33,32.61,106.15}{34,33.03,107.15}{35,33.45,108.15}{36,33.86,109.15}{37,34.28,110.15}{38,34.7,111.15}{39,35.12,112.15}{40,35.54,113.15}{41,35.96,114.15}{42,36.38,115.15}{43,36.8,116.15}{44,37.22,117.15}{45,37.63,118.15}{46,38.05,119.15}{47,38.47,120.15}{48,38.89,121.15}{49,39.31,122.15}{50,39.72,123.15}{51,40.14,124.15}{52,40.56,125.15}{53,40.97,126.15}{54,41.39,127.15}{55,41.8,128.15}{56,42.22,129.15}{57,42.64,130.15}{58,43.05,131.15}{59,43.46,132.15}{60,43.88,133.15}{61,44.29,134.15}{62,44.71,135.15}{63,45.12,136.15}{64,45.53,137.15}{65,45.95,138.15}{66,46.35,139.15}{67,46.76,140.15}{68,47.18,141.15}{69,47.59,142.15}{70,48,143.15}{71,48.41,144.15}{72,48.82,145.15}{73,49.23,146.15}{74,49.64,147.15}{75,50.06,148.15}{76,50.47,149.15}{77,50.88,150.15}{78,51.29,151.15}{79,51.7,152.15}{80,52.11,153.15}{81,52.52,154.15}{82,52.92,155.15}{83,53.33,156.15}{84,53.74,157.15}{85,54.15,158.15}{86,54.56,159.15}{87,54.97,160.15}{88,55.38,161.15}{89,55.78,162.15}{90,56.19,163.15}{91,56.6,164.15}{92,57,165.15}{93,57.41,166.15}{94,57.82,167.15}{95,58.22,168.15}{96,58.63,169.15}{97,59.04,170.15}{98,59.44,171.15}{99,59.85,172.15}{100,60.26,173.15}{101,60.67,174.15}{102,61.07,175.15}{103,61.48,176.15}{104,61.87,177.15}{105,62.29,178.15}{106,62.69,179.15}{107,63.1,180.15}{108,63.5,181.15}{109,63.91,182.15}{110,64.3,183.15}{111,64.7,184.15}{112,65.11,185.15}{113,65.51,186.15}{114,65.91,187.15}{115,66.31,188.15}{116,66.72,189.15}{117,67.12,190.15}{118,67.52,191.15}{119,67.92,192.15}{120,68.33,193.15}{121,68.73,194.15}{122,69.13,195.15}{123,69.53,196.15}{124,69.93,197.15}{125,70.33,198.15}{126,70.73,199.15}{127,71.13,200.15}{128,71.53,201.15}{129,71.93,202.15}{130,72.33,203.15}{131,72.73,204.15}{132,73.13,205.15}{133,73.53,206.15}{134,73.93,207.15}{135,74.33,208.15}{136,74.73,209.15}{137,75.13,210.15}{138,75.53,211.15}{139,75.93,212.15}{140,76.33,213.15}{141,76.73,214.15}{142,77.13,215.15}{143,77.52,216.15}{144,77.92,217.15}{145,78.32,218.15}{146,78.72,219.15}{147,79.11,220.15}{148,79.51,221.15}{149,79.91,222.15}{150,80.31,223.15}{151,80.7,224.15}{152,81.1,225.15}{153,81.5,226.15}{154,81.89,227.15}{155,82.29,228.15}{156,82.69,229.15}{157,83.08,230.15}{158,83.48,231.15}{159,83.88,232.15}{160,84.27,233.15}{161,84.67,234.15}{162,85.06,235.15}{163,85.46,236.15}{164,85.85,237.15}{165,86.25,238.15}{166,86.64,239.15}{167,87.04,240.15}{168,87.43,241.15}{169,87.83,242.15}{170,88.22,243.15}{171,88.62,244.15}{172,89.01,245.15}{173,89.4,246.15}{174,89.8,247.15}{175,90.19,248.15}{176,90.59,249.15}{177,90.98,250.15}{178,91.37,251.15}{179,91.77,252.15}{180,92.16,253.15}{181,92.55,254.15}{182,92.95,255.15}{183,93.34,256.15}{184,93.73,257.15}{185,94.12,258.15}{186,94.52,259.15}{187,94.91,260.15}{188,95.3,261.15}{189,95.69,262.15}{190,96.09,263.15}{191,96.48,264.15}{192,96.87,265.15}{193,97.26,266.15}{194,97.65,267.15}{195,98.04,268.15}{196,98.44,269.15}{197,98.83,270.15}{198,99.22,271.15}{199,99.61,272.15}{200,100,273.15}{201,100.39,274.15}{202,100.78,275.15}{203,101.17,276.15}{204,101.56,277.15}{205,101.95,278.15}{206,102.34,279.15}{207,102.73,280.15}{208,103.12,281.15}{209,103.51,282.15}{210,103.9,283.15}{211,104.29,284.15}{212,104.68,285.15}{213,105.07,286.15}{214,105.46,287.15}{215,105.85,288.15}{216,106.24,289.15}{217,106.63,290.15}{218,107.02,291.15}{219,107.4,292.15}{220,107.79,293.15}{221,108.18,294.15}{222,108.57,295.15}{223,108.96,296.15}{224,109.35,297.15}{225,109.73,298.15}{226,110.12,299.15}{227,110.51,300.15}{228,110.9,301.15}{229,111.28,302.15}{230,111.67,303.15}{231,112.06,304.15}{232,112.45,305.15}{233,112.83,306.15}{234,113.22,307.15}{235,113.61,308.15}{236,113.99,309.15}{237,114.38,310.15}{238,114.77,311.15}{239,115.15,312.15}{240,115.54,313.15}{241,115.93,314.15}{242,116.31,315.15}{243,116.7,316.15}{244,117.08,317.15}{245,117.47,318.15}{246,117.85,319.15}{247,118.24,320.15}{248,118.62,321.15}{249,119.01,322.15}{250,119.4,323.15}{251,119.78,324.15}{252,120.16,325.15}{253,120.55,326.15}{254,120.93,327.15}{255,121.32,328.15}{256,121.7,329.15}{257,122.09,330.15}{258,122.47,331.15}{259,122.86,332.15}{260,123.24,333.15}{261,123.62,334.15}{262,124.01,335.15}{263,124.39,336.15}{264,124.77,337.15}{265,125.17,338.15}{266,125.55,339.15}{267,125.93,340.15}{268,126.32,341.15}{269,126.7,342.15}{270,127.08,343.15}{271,127.46,344.15}{272,127.85,345.15}{273,128.23,346.15}{274,128.61,347.15}{275,128.99,348.15}{276,129.38,349.15}{277,129.76,350.15}{278,130.14,351.15}{279,130.52,352.15}{280,130.9,353.15}{281,131.28,354.15}{282,131.67,355.15}{283,132.05,356.15}{284,132.43,357.15}{285,132.81,358.15}{286,133.19,359.15}{287,133.57,360.15}{288,133.95,361.15}{289,134.33,362.15}{290,134.71,363.15}{291,135.09,364.15}{292,135.47,365.15}{293,135.85,366.15}{294,136.23,367.15}{295,136.61,368.15}{296,136.99,369.15}{297,137.37,370.15}{298,137.75,371.15}{299,138.13,372.15}{300,138.51,373.15}{301,138.89,374.15}{302,139.27,375.15}{303,139.65,376.15}{304,140.03,377.15}{305,140.39,378.15}{306,140.77,379.15}{307,141.15,380.15}{308,141.53,381.15}{309,141.91,382.15}{310,142.29,383.15}{311,142.66,384.15}{312,143.04,385.15}{313,143.42,386.15}{314,143.8,387.15}{315,144.18,388.15}{316,144.56,389.15}{317,144.94,390.15}{318,145.32,391.15}{319,145.69,392.15}{320,146.07,393.15}{321,146.45,394.15}{322,146.82,395.15}{323,147.2,396.15}{324,147.58,397.15}{325,147.95,398.15}{326,148.33,399.15}{327,148.71,400.15}{328,149.08,401.15}{329,149.46,402.15}{330,149.83,403.15}{331,150.21,404.15}{332,150.58,405.15}{333,150.96,406.15}{334,151.34,407.15}{335,151.71,408.15}{336,152.09,409.15}{337,152.46,410.15}{338,152.84,411.15}{339,153.21,412.15}{340,153.58,413.15}{341,153.95,414.15}{342,154.32,415.15}{343,154.71,416.15}{344,155.08,417.15}{345,155.46,418.15}{346,155.83,419.15}{347,156.21,420.15}{348,156.58,421.15}{349,156.96,422.15}{350,157.33,423.15}{351,157.71,424.15}{352,158.08,425.15}{353,158.45,426.15}{354,158.83,427.15}{355,159.2,428.15}{356,159.56,429.15}{357,159.94,430.15}{358,160.31,431.15}{359,160.68,432.15}{360,161.05,433.15}{361,161.43,434.15}{362,161.8,435.15}{363,162.17,436.15}{364,162.54,437.15}{365,162.91,438.15}{366,163.28,439.15}{367,163.66,440.15}{368,164.03,441.15}{369,164.4,442.15}{370,164.77,443.15}{371,165.14,444.15}{372,165.51,445.15}{373,165.88,446.15}{374,166.25,447.15}{375,166.62,448.15}{376,167,449.15}{377,167.37,450.15}{378,167.74,451.15}{379,168.11,452.15}{380,168.48,453.15}{381,168.85,454.15}{382,169.22,455.15}{383,169.59,456.15}{384,169.96,457.15}{385,170.33,458.15}{386,170.69,459.15}{387,171.06,460.15}{388,171.43,461.15}{389,171.8,462.15}{390,172.17,463.15}{391,172.54,464.15}{392,172.91,465.15}{393,173.27,466.15}{394,173.64,467.15}{395,174.01,468.15}{396,174.39,469.15}{397,174.75,470.15}{398,175.12,471.15}{399,175.49,472.15}{400,175.86,473.15}{401,176.23,474.15}{402,176.59,475.15}{403,176.96,476.15}{404,177.33,477.15}{405,177.7,478.15}{406,178.06,479.15}{407,178.43,480.15}{408,178.8,481.15}{409,179.16,482.15}{410,179.53,483.15}{411,179.9,484.15}{412,180.26,485.15}{413,180.63,486.15}{414,180.99,487.15}{415,181.36,488.15}{416,181.73,489.15}{417,182.09,490.15}{418,182.46,491.15}{419,182.82,492.15}{420,183.19,493.15}{421,183.55,494.15}{422,183.92,495.15}{423,184.28,496.15}{424,184.65,497.15}{425,185.01,498.15}{426,185.38,499.15}{427,185.74,500.15}{428,186.11,501.15}{429,186.47,502.15}{430,186.84,503.15}{431,187.2,504.15}{432,187.56,505.15}{433,187.93,506.15}{434,188.29,507.15}{435,188.65,508.15}{436,189.02,509.15}{437,189.38,510.15}{438,189.74,511.15}{439,190.11,512.15}{440,190.47,513.15}{441,190.83,514.15}{442,191.2,515.15}{443,191.56,516.15}{444,191.92,517.15}{445,192.28,518.15}{446,192.66,519.15}{447,193.02,520.15}{448,193.38,521.15}{449,193.74,522.15}{450,194.1,523.15}{451,194.47,524.15}{452,194.83,525.15}{453,195.19,526.15}{454,195.55,527.15}{455,195.9,528.15}{456,196.26,529.15}{457,196.62,530.15}{458,196.98,531.15}{459,197.35,532.15}{460,197.71,533.15}{461,198.07,534.15}{462,198.43,535.15}{463,198.79,536.15}{464,199.15,537.15}{465,199.51,538.15}{466,199.87,539.15}{467,200.23,540.15}{468,200.59,541.15}{469,200.95,542.15}{470,201.31,543.15}{471,201.67,544.15}{472,202.03,545.15}{473,202.38,546.15}{474,202.74,547.15}{475,203.1,548.15}{476,203.46,549.15}{477,203.82,550.15}{478,204.18,551.15}{479,204.54,552.15}{480,204.9,553.15}{481,205.25,554.15}{482,205.61,555.15}{483,205.97,556.15}{484,206.33,557.15}{485,206.7,558.15}{486,207.05,559.15}{487,207.41,560.15}{488,207.77,561.15}{489,208.13,562.15}{490,208.48,563.15}{491,208.84,564.15}{492,209.2,565.15}{493,209.55,566.15}{494,209.91,567.15}{495,210.27,568.15}{496,210.62,569.15}{497,210.98,570.15}{498,211.34,571.15}{499,211.69,572.15}{500,212.05,573.15}{501,212.4,574.15}{502,212.76,575.15}{503,213.12,576.15}{504,213.47,577.15}{505,213.83,578.15}{506,214.19,579.15}{507,214.55,580.15}{508,214.9,581.15}{509,215.26,582.15}{510,215.61,583.15}{511,215.97,584.15}{512,216.32,585.15}{513,216.68,586.15}{514,217.03,587.15}{515,217.39,588.15}{516,217.73,589.15}{517,218.08,590.15}{518,218.44,591.15}{519,218.79,592.15}{520,219.15,593.15}{521,219.5,594.15}{522,219.85,595.15}{523,220.21,596.15}{524,220.56,597.15}{525,220.91,598.15}{526,221.27,599.15}{527,221.62,600.15}{528,221.97,601.15}{529,222.32,602.15}{530,222.68,603.15}{531,223.03,604.15}{532,223.38,605.15}{533,223.73,606.15}{534,224.09,607.15}{535,224.45,608.15}{536,224.8,609.15}{537,225.15,610.15}{538,225.5,611.15}{539,225.85,612.15}{540,226.21,613.15}{541,226.56,614.15}{542,226.91,615.15}{543,227.26,616.15}{544,227.61,617.15}{545,227.96,618.15}{546,228.31,619.15}{547,228.66,620.15}{548,229.01,621.15}{549,229.36,622.15}{550,229.72,623.15}{551,230.07,624.15}{552,230.42,625.15}{553,230.77,626.15}{554,231.12,627.15}{555,231.47,628.15}{556,231.81,629.15}{557,232.16,630.15}{558,232.51,631.15}{559,232.86,632.15}{560,233.21,633.15}{561,233.56,634.15}{562,233.91,635.15}{563,234.26,636.15}{564,234.6,637.15}{565,234.95,638.15}{566,235.3,639.15}{567,235.65,640.15}{568,236,641.15}{569,236.35,642.15}{570,236.7,643.15}{571,237.05,644.15}{572,237.4,645.15}{573,237.75,646.15}{574,238.09,647.15}{575,238.44,648.15}{576,238.79,649.15}{577,239.14,650.15}{578,239.48,651.15}{579,239.83,652.15}{580,240.18,653.15}{581,240.52,654.15}{582,240.87,655.15}{583,241.22,656.15}{584,241.56,657.15}{585,241.91,658.15}{586,242.25,659.15}{587,242.6,660.15}{588,242.95,661.15}{589,243.29,662.15}{590,243.64,663.15}{591,243.98,664.15}{592,244.33,665.15}{593,244.67,666.15}{594,245.02,667.15}{595,245.36,668.15}{596,245.71,669.15}{597,246.05,670.15}{598,246.4,671.15}{599,246.74,672.15}{600,247.09,673.15}{601,247.43,674.15}{602,247.78,675.15}{603,248.12,676.15}{604,248.46,677.15}{605,248.81,678.15}{606,249.15,679.15}{607,249.5,680.15}{608,249.84,681.15}{609,250.18,682.15}{610,250.53,683.15}{611,250.89,684.15}{612,251.21,685.15}{613,251.55,686.15}{614,251.9,687.15}{615,252.24,688.15}{616,252.59,689.15}{617,252.94,690.15}{618,253.28,691.15}{619,253.62,692.15}{620,253.96,693.15}{621,254.3,694.15}{622,254.65,695.15}{623,254.99,696.15}{624,255.33,697.15}{625,255.67,698.15}{626,256.01,699.15}{627,256.35,700.15}{628,256.7,701.15}{629,257.04,702.15}{630,257.38,703.15}{631,257.72,704.15}{632,258.06,705.15}{633,258.4,706.15}{634,258.74,707.15}{635,259.08,708.15}{636,259.42,709.15}{637,259.76,710.15}{638,260.1,711.15}{639,260.44,712.15}{640,260.78,713.15}{641,261.12,714.15}{642,261.46,715.15}{643,261.8,716.15}{644,262.14,717.15}{645,262.48,718.15}{646,262.83,719.15}{647,263.17,720.15}{648,263.5,721.15}{649,263.84,722.15}{650,264.18,723.15}{651,264.52,724.15}{652,264.86,725.15}{653,265.2,726.15}{654,265.54,727.15}{655,265.87,728.15}{656,266.21,729.15}{657,266.55,730.15}{658,266.89,731.15}{659,267.22,732.15}{660,267.56,733.15}{661,267.9,734.15}{662,268.24,735.15}{663,268.57,736.15}{664,268.91,737.15}{665,269.25,738.15}{666,269.58,739.15}{667,269.92,740.15}{668,270.26,741.15}{669,270.59,742.15}{670,270.93,743.15}{671,271.27,744.15}{672,271.6,745.15}{673,271.94,746.15}{674,272.27,747.15}{675,272.61,748.15}{676,272.95,749.15}{677,273.28,750.15}{678,273.62,751.15}{679,273.95,752.15}{680,274.29,753.15}{681,274.62,754.15}{682,274.96,755.15}{683,275.29,756.15}{684,275.63,757.15}{685,275.96,758.15}{686,276.31,759.15}{687,276.64,760.15}{688,276.97,761.15}{689,277.31,762.15}{690,277.64,763.15}{691,277.98,764.15}{692,278.31,765.15}{693,278.64,766.15}{694,278.98,767.15}{695,279.31,768.15}{696,279.64,769.15}{697,279.98,770.15}{698,280.31,771.15}{699,280.64,772.15}{700,280.98,773.15}{701,281.31,774.15}{702,281.64,775.15}{703,281.97,776.15}{704,282.31,777.15}{705,282.64,778.15}{706,282.97,779.15}{707,283.3,780.15}{708,283.63,781.15}{709,283.97,782.15}{710,284.3,783.15}{711,284.63,784.15}{712,284.96,785.15}{713,285.29,786.15}{714,285.62,787.15}{715,285.95,788.15}{716,286.3,789.15}{717,286.63,790.15}{718,286.96,791.15}{719,287.29,792.15}{720,287.62,793.15}{721,287.95,794.15}{722,288.28,795.15}{723,288.61,796.15}{724,288.94,797.15}{725,289.27,798.15}{726,289.6,799.15}{727,289.93,800.15}{728,290.26,801.15}{729,290.59,802.15}{730,290.92,803.15}{731,291.25,804.15}{732,291.58,805.15}{733,291.9,806.15}{734,292.23,807.15}{735,292.56,808.15}{736,292.9,809.15}{737,293.23,810.15}{738,293.56,811.15}{739,293.89,812.15}{740,294.21,813.15}{741,294.54,814.15}{742,294.87,815.15}{743,295.2,816.15}{744,295.53,817.15}{745,295.85,818.15}{746,296.18,819.15}{747,296.51,820.15}{748,296.84,821.15}{749,297.16,822.15}{750,297.49,823.15}{751,297.82,824.15}{752,298.14,825.15}{753,298.47,826.15}{754,298.8,827.15}{755,299.12,828.15}{756,299.45,829.15}{757,299.78,830.15}{758,300.1,831.15}{759,300.43,832.15}{760,300.75,833.15}{761,301.08,834.15}{762,301.41,835.15}{763,301.73,836.15}{764,302.06,837.15}{765,302.38,838.15}{766,302.71,839.15}{767,303.03,840.15}{768,303.36,841.15}{769,303.68,842.15}{770,304.01,843.15}{771,304.33,844.15}{772,304.66,845.15}{773,304.98,846.15}{774,305.3,847.15}{775,305.63,848.15}{776,305.95,849.15}{777,306.28,850.15}{778,306.6,851.15}{779,306.92,852.15}{780,307.25,853.15}{781,307.57,854.15}{782,307.89,855.15}{783,308.22,856.15}{784,308.54,857.15}{785,308.86,858.15}{786,309.19,859.15}{787,309.51,860.15}{788,309.83,861.15}{789,310.15,862.15}{790,310.48,863.15}{791,310.8,864.15}{792,311.12,865.15}{793,311.45,866.15}{794,311.78,867.15}{795,312.1,868.15}{796,312.43,869.15}{797,312.75,870.15}{798,313.07,871.15}{799,313.39,872.15}{800,313.71,873.15}{801,314.04,874.15}{802,314.36,875.15}{803,314.68,876.15}{804,315,877.15}{805,315.32,878.15}{806,315.64,879.15}{807,315.96,880.15}{808,316.28,881.15}{809,316.6,882.15}{810,316.92,883.15}{811,317.24,884.15}{812,317.56,885.15}{813,317.88,886.15}{814,318.2,887.15}{815,318.52,888.15}{816,318.85,889.15}{817,319.17,890.15}{818,319.49,891.15}{819,319.81,892.15}{820,320.12,893.15}{821,320.44,894.15}{822,320.76,895.15}{823,321.08,896.15}{824,321.4,897.15}{825,321.72,898.15}{826,322.03,899.15}{827,322.34,900.15}{828,322.66,901.15}{829,322.98,902.15}{830,323.3,903.15}{831,323.61,904.15}{832,323.93,905.15}{833,324.25,906.15}{834,324.57,907.15}{835,324.88,908.15}{836,325.21,909.15}{837,325.53,910.15}{838,325.85,911.15}{839,326.16,912.15}{840,326.48,913.15}{841,326.79,914.15}{842,327.11,915.15}{843,327.43,916.15}{844,327.74,917.15}{845,328.06,918.15}{846,328.38,919.15}{847,328.69,920.15}{848,329.01,921.15}{849,329.32,922.15}{850,329.64,923.15}{851,329.95,924.15}{852,330.27,925.15}{853,330.58,926.15}{854,330.9,927.15}{855,331.21,928.15}{856,331.53,929.15}{857,331.84,930.15}{858,332.16,931.15}{859,332.47,932.15}{860,332.79,933.15}{861,333.1,934.15}{862,333.41,935.15}{863,333.73,936.15}{864,334.04,937.15}{865,334.36,938.15}{866,334.68,939.15}{867,334.99,940.15}{868,335.31,941.15}{869,335.62,942.15}{870,335.93,943.15}{871,336.25,944.15}{872,336.56,945.15}{873,336.87,946.15}{874,337.18,947.15}{875,337.5,948.15}{876,337.81,949.15}{877,338.12,950.15}{878,338.43,951.15}{879,338.75,952.15}{880,339.06,953.15}{881,339.37,954.15}{882,339.68,955.15}{883,339.99,956.15}{884,340.3,957.15}{885,340.62,958.15}{886,340.94,959.15}{887,341.25,960.15}{888,341.55,961.15}{889,341.87,962.15}{890,342.18,963.15}{891,342.49,964.15}{892,342.8,965.15}{893,343.11,966.15}{894,343.42,967.15}{895,343.73,968.15}{896,344.04,969.15}{897,344.35,970.15}{898,344.66,971.15}{899,344.97,972.15}{900,345.28,973.15}{901,345.59,974.15}{902,345.9,975.15}{903,346.21,976.15}{904,346.52,977.15}{905,346.83,978.15}{906,347.15,979.15}{907,347.46,980.15}{908,347.76,981.15}{909,348.07,982.15}{910,348.38,983.15}{911,348.69,984.15}{912,349,985.15}{913,349.31,986.15}{914,349.61,987.15}{915,349.92,988.15}{916,350.23,989.15}{917,350.54,990.15}{918,350.85,991.15}{919,351.15,992.15}{920,351.46,993.15}{921,351.77,994.15}{922,352.07,995.15}{923,352.38,996.15}{924,352.69,997.15}{925,352.99,998.15}{926,353.3,999.15}{927,353.61,1000.15}{928,353.91,1001.15}{929,354.22,1002.15}{930,354.53,1003.15}{931,354.83,1004.15}{932,355.14,1005.15}{933,355.44,1006.15}{934,355.75,1007.15}{935,356.06,1008.15}{936,356.37,1009.15}{937,356.68,1010.15}{938,356.98,1011.15}{939,357.29,1012.15}{940,357.59,1013.15}{941,357.9,1014.15}{942,358.2,1015.15}{943,358.51,1016.15}{944,358.81,1017.15}{945,359.12,1018.15}{946,359.42,1019.15}{947,359.72,1020.15}{948,360.03,1021.15}{949,360.33,1022.15}{950,360.64,1023.15}{951,360.94,1024.15}{952,361.24,1025.15}{953,361.55,1026.15}{954,361.85,1027.15}{955,362.15,1028.15}{956,362.46,1029.15}{957,362.76,1030.15}{958,363.06,1031.15}{959,363.36,1032.15}{960,363.67,1033.15}{961,363.97,1034.15}{962,364.27,1035.15}{963,364.57,1036.15}{964,364.88,1037.15}{965,365.18,1038.15}{966,365.49,1039.15}{967,365.79,1040.15}{968,366.09,1041.15}{969,366.4,1042.15}{970,366.7,1043.15}{971,367,1044.15}{972,367.3,1045.15}{973,367.6,1046.15}{974,367.9,1047.15}{975,368.2,1048.15}{976,368.5,1049.15}{977,368.81,1050.15}{978,369.11,1051.15}{979,369.41,1052.15}{980,369.71,1053.15}{981,370.01,1054.15}{982,370.31,1055.15}{983,370.61,1056.15}{984,370.91,1057.15}{985,371.21,1058.15}{986,371.52,1059.15}{987,371.82,1060.15}{988,372.12,1061.15}{989,372.41,1062.15}{990,372.71,1063.15}{991,373.01,1064.15}{992,373.31,1065.15}{993,373.61,1066.15}{994,373.91,1067.15}{995,374.21,1068.15}{996,374.51,1069.15}{997,374.8,1070.15}{998,375.1,1071.15}{999,375.4,1072.15}{1000,375.7,1073.15}{1001,376,1074.15}{1002,376.29,1075.15}{1003,376.59,1076.15}{1004,376.89,1077.15}{1005,377.19,1078.15}{1006,377.49,1079.15}{1007,377.79,1080.15}{1008,378.09,1081.15}{1009,378.39,1082.15}{1010,378.68,1083.15}{1011,378.98,1084.15}{1012,379.28,1085.15}{1013,379.57,1086.15}{1014,379.87,1087.15}{1015,380.17,1088.15}{1016,380.46,1089.15}{1017,380.76,1090.15}{1018,381.05,1091.15}{1019,381.35,1092.15}{1020,381.65,1093.15}{1021,381.94,1094.15}{1022,382.24,1095.15}{1023,382.53,1096.15}{1024,382.83,1097.15}{1025,383.12,1098.15}{1026,383.42,1099.15}{1027,383.71,1100.15}{1028,384.01,1101.15}{1029,384.3,1102.15}{1030,384.6,1103.15}{1031,384.89,1104.15}{1032,385.18,1105.15}{1033,385.48,1106.15}{1034,385.77,1107.15}{1035,386.07,1108.15}{1036,386.37,1109.15}{1037,386.66,1110.15}{1038,386.96,1111.15}{1039,387.25,1112.15}{1040,387.55,1113.15}{1041,387.84,1114.15}{1042,388.13,1115.15}{1043,388.42,1116.15}{1044,388.72,1117.15}{1045,389.01,1118.15}{1046,389.31,1119.15}{1047,389.61,1120.15}{1048,389.9,1121.15}{1049,390.19,1122.15}{1050,390.48,1123.15}&quot;"/>
                                                <instance name="dev01/Config/ch00010/rate" order="0" value="10"/>
                                                <instance name="dev01/Config/ch00007/enable" order="1" value="1"/>
                                                <instance name="dev01/Config/ch00005/Calibration_Sensor_Maximum_Range" order="0" value="1123.15"/>
                                                <instance name="dev01/Config/ch00002/Calibration_Sensor_Calibration_Date" order="0" value="2020-01-01"/>
                                                <instance name="dev01/Config/ch00001/Calibration_Sensor_Input_Units" order="0" value="Ohm"/>
                                                <instance name="dev01/Config/ch00002/Calibration_Sensor_Input_Units" order="0" value="Ohm"/>
                                                <instance name="dev01/Config/ch00003/Calibration_Sensor_Input_Units" order="0" value="Ohm"/>
                                                <instance name="dev02/Config/ch00007/rate" order="0" value="10"/>
                                                <instance name="dev01/Config/ch00006/rate" order="0" value="10"/>
                                                <instance name="dev01/Config/ch00004/Calibration_Sensor_Input_Units" order="0" value="Ohm"/>
                                                <instance name="dev02/Config/ch00002/Calibration_Sensor_Maximum_Range" order="0" value="1123.15"/>
                                                <instance name="dev01/Config/ch00005/Calibration_Sensor_Input_Units" order="0" value="Ohm"/>
                                                <instance name="dev01/Config/ch00006/Calibration_Sensor_Input_Units" order="0" value="Ohm"/>
                                                <instance name="dev01/Config/ch00005/rate" order="0" value="10"/>
                                                <instance name="dev01/Config/ch00007/Calibration_Sensor_Input_Units" order="0" value="Ohm"/>
                                                <instance name="dev02/Config/ch00005/rate" order="0" value="10"/>
                                                <instance name="dev01/Config/ch00008/Calibration_Sensor_Input_Units" order="0" value="Ohm"/>
                                                <instance name="dev01/Config/ch00005/RTDRange" order="0" value="1"/>
                                                <instance name="dev01/Config/ch00005/Calibration_Sensor_Name" order="0" value="CalSensor5"/>
                                                <instance name="dev02/Config/ch00007/Calibration_Sensor_Name" order="0" value="CalSensor19"/>
                                                <instance name="dev02/Config/ch00004/enable" order="1" value="1"/>
                                                <instance name="dev01/Config/ch00012/Calibration_Sensor_Input_Units" order="0" value="Ohm"/>
                                                <instance name="dev01/Config/ch00003/Calibration_Sensor_Calibration_Date" order="0" value="2020-01-01"/>
                                                <instance name="dev02/Config/ch00001/Calibration_Sensor_Input_Units" order="0" value="Ohm"/>
                                                <instance name="dev02/Config/ch00003/Calibration_Sensor_Maximum_Range" order="0" value="1123.15"/>
                                                <instance name="dev02/Config/ch00002/Calibration_Sensor_Input_Units" order="0" value="Ohm"/>
                                                <instance name="dev02/Config/ch00003/Calibration_Sensor_Input_Units" order="0" value="Ohm"/>
                                                <instance name="dev02/Config/ch00004/Calibration_Sensor_Input_Units" order="0" value="Ohm"/>
                                                <instance name="dev02/Config/ch00006/rate" order="0" value="10"/>
                                                <instance name="dev01/Config/ch00001/rate" order="0" value="10"/>
                                                <instance name="dev02/Config/ch00005/Calibration_Sensor_Input_Units" order="0" value="Ohm"/>
                                                <instance name="dev02/Config/ch00006/Calibration_Sensor_Input_Units" order="0" value="Ohm"/>
                                                <instance name="dev02/Config/ch00005/enable" order="1" value="1"/>
                                                <instance name="dev02/Config/ch00007/Calibration_Sensor_Input_Units" order="0" value="Ohm"/>
                                                <instance name="dev01/Config/ch00008/RTDRange" order="0" value="1"/>
                                                <instance name="dev02/Config/ch00004/Calibration_Sensor_Maximum_Range" order="0" value="1123.15"/>
                                                <instance name="dev02/Config/ch00005/Calibration_Sensor_Maximum_Range" order="0" value="1123.15"/>
                                                <instance name="dev02/Config/ch00006/Calibration_Sensor_Maximum_Range" order="0" value="1123.15"/>
                                                <instance name="dev02/Config/ch00007/Calibration_Sensor_Maximum_Range" order="0" value="1123.15"/>
                                                <instance name="dev01/Config/ch00002/Calibration_Sensor_Output_Units" order="0" value="K"/>
                                                <instance name="dev01/Config/ch00004/Calibration_Sensor_Curve" order="0" value="&quot;{0,18.52,73.15}{1,18.96,74.15}{2,19.39,75.15}{3,19.82,76.15}{4,20.25,77.15}{5,20.68,78.15}{6,21.11,79.15}{7,21.54,80.15}{8,21.97,81.15}{9,22.4,82.15}{10,22.83,83.15}{11,23.26,84.15}{12,23.69,85.15}{13,24.12,86.15}{14,24.55,87.15}{15,24.97,88.15}{16,25.39,89.15}{17,25.82,90.15}{18,26.25,91.15}{19,26.67,92.15}{20,27.1,93.15}{21,27.52,94.15}{22,27.95,95.15}{23,28.37,96.15}{24,28.8,97.15}{25,29.22,98.15}{26,29.65,99.15}{27,30.07,100.15}{28,30.49,101.15}{29,30.92,102.15}{30,31.34,103.15}{31,31.76,104.15}{32,32.18,105.15}{33,32.61,106.15}{34,33.03,107.15}{35,33.45,108.15}{36,33.86,109.15}{37,34.28,110.15}{38,34.7,111.15}{39,35.12,112.15}{40,35.54,113.15}{41,35.96,114.15}{42,36.38,115.15}{43,36.8,116.15}{44,37.22,117.15}{45,37.63,118.15}{46,38.05,119.15}{47,38.47,120.15}{48,38.89,121.15}{49,39.31,122.15}{50,39.72,123.15}{51,40.14,124.15}{52,40.56,125.15}{53,40.97,126.15}{54,41.39,127.15}{55,41.8,128.15}{56,42.22,129.15}{57,42.64,130.15}{58,43.05,131.15}{59,43.46,132.15}{60,43.88,133.15}{61,44.29,134.15}{62,44.71,135.15}{63,45.12,136.15}{64,45.53,137.15}{65,45.95,138.15}{66,46.35,139.15}{67,46.76,140.15}{68,47.18,141.15}{69,47.59,142.15}{70,48,143.15}{71,48.41,144.15}{72,48.82,145.15}{73,49.23,146.15}{74,49.64,147.15}{75,50.06,148.15}{76,50.47,149.15}{77,50.88,150.15}{78,51.29,151.15}{79,51.7,152.15}{80,52.11,153.15}{81,52.52,154.15}{82,52.92,155.15}{83,53.33,156.15}{84,53.74,157.15}{85,54.15,158.15}{86,54.56,159.15}{87,54.97,160.15}{88,55.38,161.15}{89,55.78,162.15}{90,56.19,163.15}{91,56.6,164.15}{92,57,165.15}{93,57.41,166.15}{94,57.82,167.15}{95,58.22,168.15}{96,58.63,169.15}{97,59.04,170.15}{98,59.44,171.15}{99,59.85,172.15}{100,60.26,173.15}{101,60.67,174.15}{102,61.07,175.15}{103,61.48,176.15}{104,61.87,177.15}{105,62.29,178.15}{106,62.69,179.15}{107,63.1,180.15}{108,63.5,181.15}{109,63.91,182.15}{110,64.3,183.15}{111,64.7,184.15}{112,65.11,185.15}{113,65.51,186.15}{114,65.91,187.15}{115,66.31,188.15}{116,66.72,189.15}{117,67.12,190.15}{118,67.52,191.15}{119,67.92,192.15}{120,68.33,193.15}{121,68.73,194.15}{122,69.13,195.15}{123,69.53,196.15}{124,69.93,197.15}{125,70.33,198.15}{126,70.73,199.15}{127,71.13,200.15}{128,71.53,201.15}{129,71.93,202.15}{130,72.33,203.15}{131,72.73,204.15}{132,73.13,205.15}{133,73.53,206.15}{134,73.93,207.15}{135,74.33,208.15}{136,74.73,209.15}{137,75.13,210.15}{138,75.53,211.15}{139,75.93,212.15}{140,76.33,213.15}{141,76.73,214.15}{142,77.13,215.15}{143,77.52,216.15}{144,77.92,217.15}{145,78.32,218.15}{146,78.72,219.15}{147,79.11,220.15}{148,79.51,221.15}{149,79.91,222.15}{150,80.31,223.15}{151,80.7,224.15}{152,81.1,225.15}{153,81.5,226.15}{154,81.89,227.15}{155,82.29,228.15}{156,82.69,229.15}{157,83.08,230.15}{158,83.48,231.15}{159,83.88,232.15}{160,84.27,233.15}{161,84.67,234.15}{162,85.06,235.15}{163,85.46,236.15}{164,85.85,237.15}{165,86.25,238.15}{166,86.64,239.15}{167,87.04,240.15}{168,87.43,241.15}{169,87.83,242.15}{170,88.22,243.15}{171,88.62,244.15}{172,89.01,245.15}{173,89.4,246.15}{174,89.8,247.15}{175,90.19,248.15}{176,90.59,249.15}{177,90.98,250.15}{178,91.37,251.15}{179,91.77,252.15}{180,92.16,253.15}{181,92.55,254.15}{182,92.95,255.15}{183,93.34,256.15}{184,93.73,257.15}{185,94.12,258.15}{186,94.52,259.15}{187,94.91,260.15}{188,95.3,261.15}{189,95.69,262.15}{190,96.09,263.15}{191,96.48,264.15}{192,96.87,265.15}{193,97.26,266.15}{194,97.65,267.15}{195,98.04,268.15}{196,98.44,269.15}{197,98.83,270.15}{198,99.22,271.15}{199,99.61,272.15}{200,100,273.15}{201,100.39,274.15}{202,100.78,275.15}{203,101.17,276.15}{204,101.56,277.15}{205,101.95,278.15}{206,102.34,279.15}{207,102.73,280.15}{208,103.12,281.15}{209,103.51,282.15}{210,103.9,283.15}{211,104.29,284.15}{212,104.68,285.15}{213,105.07,286.15}{214,105.46,287.15}{215,105.85,288.15}{216,106.24,289.15}{217,106.63,290.15}{218,107.02,291.15}{219,107.4,292.15}{220,107.79,293.15}{221,108.18,294.15}{222,108.57,295.15}{223,108.96,296.15}{224,109.35,297.15}{225,109.73,298.15}{226,110.12,299.15}{227,110.51,300.15}{228,110.9,301.15}{229,111.28,302.15}{230,111.67,303.15}{231,112.06,304.15}{232,112.45,305.15}{233,112.83,306.15}{234,113.22,307.15}{235,113.61,308.15}{236,113.99,309.15}{237,114.38,310.15}{238,114.77,311.15}{239,115.15,312.15}{240,115.54,313.15}{241,115.93,314.15}{242,116.31,315.15}{243,116.7,316.15}{244,117.08,317.15}{245,117.47,318.15}{246,117.85,319.15}{247,118.24,320.15}{248,118.62,321.15}{249,119.01,322.15}{250,119.4,323.15}{251,119.78,324.15}{252,120.16,325.15}{253,120.55,326.15}{254,120.93,327.15}{255,121.32,328.15}{256,121.7,329.15}{257,122.09,330.15}{258,122.47,331.15}{259,122.86,332.15}{260,123.24,333.15}{261,123.62,334.15}{262,124.01,335.15}{263,124.39,336.15}{264,124.77,337.15}{265,125.17,338.15}{266,125.55,339.15}{267,125.93,340.15}{268,126.32,341.15}{269,126.7,342.15}{270,127.08,343.15}{271,127.46,344.15}{272,127.85,345.15}{273,128.23,346.15}{274,128.61,347.15}{275,128.99,348.15}{276,129.38,349.15}{277,129.76,350.15}{278,130.14,351.15}{279,130.52,352.15}{280,130.9,353.15}{281,131.28,354.15}{282,131.67,355.15}{283,132.05,356.15}{284,132.43,357.15}{285,132.81,358.15}{286,133.19,359.15}{287,133.57,360.15}{288,133.95,361.15}{289,134.33,362.15}{290,134.71,363.15}{291,135.09,364.15}{292,135.47,365.15}{293,135.85,366.15}{294,136.23,367.15}{295,136.61,368.15}{296,136.99,369.15}{297,137.37,370.15}{298,137.75,371.15}{299,138.13,372.15}{300,138.51,373.15}{301,138.89,374.15}{302,139.27,375.15}{303,139.65,376.15}{304,140.03,377.15}{305,140.39,378.15}{306,140.77,379.15}{307,141.15,380.15}{308,141.53,381.15}{309,141.91,382.15}{310,142.29,383.15}{311,142.66,384.15}{312,143.04,385.15}{313,143.42,386.15}{314,143.8,387.15}{315,144.18,388.15}{316,144.56,389.15}{317,144.94,390.15}{318,145.32,391.15}{319,145.69,392.15}{320,146.07,393.15}{321,146.45,394.15}{322,146.82,395.15}{323,147.2,396.15}{324,147.58,397.15}{325,147.95,398.15}{326,148.33,399.15}{327,148.71,400.15}{328,149.08,401.15}{329,149.46,402.15}{330,149.83,403.15}{331,150.21,404.15}{332,150.58,405.15}{333,150.96,406.15}{334,151.34,407.15}{335,151.71,408.15}{336,152.09,409.15}{337,152.46,410.15}{338,152.84,411.15}{339,153.21,412.15}{340,153.58,413.15}{341,153.95,414.15}{342,154.32,415.15}{343,154.71,416.15}{344,155.08,417.15}{345,155.46,418.15}{346,155.83,419.15}{347,156.21,420.15}{348,156.58,421.15}{349,156.96,422.15}{350,157.33,423.15}{351,157.71,424.15}{352,158.08,425.15}{353,158.45,426.15}{354,158.83,427.15}{355,159.2,428.15}{356,159.56,429.15}{357,159.94,430.15}{358,160.31,431.15}{359,160.68,432.15}{360,161.05,433.15}{361,161.43,434.15}{362,161.8,435.15}{363,162.17,436.15}{364,162.54,437.15}{365,162.91,438.15}{366,163.28,439.15}{367,163.66,440.15}{368,164.03,441.15}{369,164.4,442.15}{370,164.77,443.15}{371,165.14,444.15}{372,165.51,445.15}{373,165.88,446.15}{374,166.25,447.15}{375,166.62,448.15}{376,167,449.15}{377,167.37,450.15}{378,167.74,451.15}{379,168.11,452.15}{380,168.48,453.15}{381,168.85,454.15}{382,169.22,455.15}{383,169.59,456.15}{384,169.96,457.15}{385,170.33,458.15}{386,170.69,459.15}{387,171.06,460.15}{388,171.43,461.15}{389,171.8,462.15}{390,172.17,463.15}{391,172.54,464.15}{392,172.91,465.15}{393,173.27,466.15}{394,173.64,467.15}{395,174.01,468.15}{396,174.39,469.15}{397,174.75,470.15}{398,175.12,471.15}{399,175.49,472.15}{400,175.86,473.15}{401,176.23,474.15}{402,176.59,475.15}{403,176.96,476.15}{404,177.33,477.15}{405,177.7,478.15}{406,178.06,479.15}{407,178.43,480.15}{408,178.8,481.15}{409,179.16,482.15}{410,179.53,483.15}{411,179.9,484.15}{412,180.26,485.15}{413,180.63,486.15}{414,180.99,487.15}{415,181.36,488.15}{416,181.73,489.15}{417,182.09,490.15}{418,182.46,491.15}{419,182.82,492.15}{420,183.19,493.15}{421,183.55,494.15}{422,183.92,495.15}{423,184.28,496.15}{424,184.65,497.15}{425,185.01,498.15}{426,185.38,499.15}{427,185.74,500.15}{428,186.11,501.15}{429,186.47,502.15}{430,186.84,503.15}{431,187.2,504.15}{432,187.56,505.15}{433,187.93,506.15}{434,188.29,507.15}{435,188.65,508.15}{436,189.02,509.15}{437,189.38,510.15}{438,189.74,511.15}{439,190.11,512.15}{440,190.47,513.15}{441,190.83,514.15}{442,191.2,515.15}{443,191.56,516.15}{444,191.92,517.15}{445,192.28,518.15}{446,192.66,519.15}{447,193.02,520.15}{448,193.38,521.15}{449,193.74,522.15}{450,194.1,523.15}{451,194.47,524.15}{452,194.83,525.15}{453,195.19,526.15}{454,195.55,527.15}{455,195.9,528.15}{456,196.26,529.15}{457,196.62,530.15}{458,196.98,531.15}{459,197.35,532.15}{460,197.71,533.15}{461,198.07,534.15}{462,198.43,535.15}{463,198.79,536.15}{464,199.15,537.15}{465,199.51,538.15}{466,199.87,539.15}{467,200.23,540.15}{468,200.59,541.15}{469,200.95,542.15}{470,201.31,543.15}{471,201.67,544.15}{472,202.03,545.15}{473,202.38,546.15}{474,202.74,547.15}{475,203.1,548.15}{476,203.46,549.15}{477,203.82,550.15}{478,204.18,551.15}{479,204.54,552.15}{480,204.9,553.15}{481,205.25,554.15}{482,205.61,555.15}{483,205.97,556.15}{484,206.33,557.15}{485,206.7,558.15}{486,207.05,559.15}{487,207.41,560.15}{488,207.77,561.15}{489,208.13,562.15}{490,208.48,563.15}{491,208.84,564.15}{492,209.2,565.15}{493,209.55,566.15}{494,209.91,567.15}{495,210.27,568.15}{496,210.62,569.15}{497,210.98,570.15}{498,211.34,571.15}{499,211.69,572.15}{500,212.05,573.15}{501,212.4,574.15}{502,212.76,575.15}{503,213.12,576.15}{504,213.47,577.15}{505,213.83,578.15}{506,214.19,579.15}{507,214.55,580.15}{508,214.9,581.15}{509,215.26,582.15}{510,215.61,583.15}{511,215.97,584.15}{512,216.32,585.15}{513,216.68,586.15}{514,217.03,587.15}{515,217.39,588.15}{516,217.73,589.15}{517,218.08,590.15}{518,218.44,591.15}{519,218.79,592.15}{520,219.15,593.15}{521,219.5,594.15}{522,219.85,595.15}{523,220.21,596.15}{524,220.56,597.15}{525,220.91,598.15}{526,221.27,599.15}{527,221.62,600.15}{528,221.97,601.15}{529,222.32,602.15}{530,222.68,603.15}{531,223.03,604.15}{532,223.38,605.15}{533,223.73,606.15}{534,224.09,607.15}{535,224.45,608.15}{536,224.8,609.15}{537,225.15,610.15}{538,225.5,611.15}{539,225.85,612.15}{540,226.21,613.15}{541,226.56,614.15}{542,226.91,615.15}{543,227.26,616.15}{544,227.61,617.15}{545,227.96,618.15}{546,228.31,619.15}{547,228.66,620.15}{548,229.01,621.15}{549,229.36,622.15}{550,229.72,623.15}{551,230.07,624.15}{552,230.42,625.15}{553,230.77,626.15}{554,231.12,627.15}{555,231.47,628.15}{556,231.81,629.15}{557,232.16,630.15}{558,232.51,631.15}{559,232.86,632.15}{560,233.21,633.15}{561,233.56,634.15}{562,233.91,635.15}{563,234.26,636.15}{564,234.6,637.15}{565,234.95,638.15}{566,235.3,639.15}{567,235.65,640.15}{568,236,641.15}{569,236.35,642.15}{570,236.7,643.15}{571,237.05,644.15}{572,237.4,645.15}{573,237.75,646.15}{574,238.09,647.15}{575,238.44,648.15}{576,238.79,649.15}{577,239.14,650.15}{578,239.48,651.15}{579,239.83,652.15}{580,240.18,653.15}{581,240.52,654.15}{582,240.87,655.15}{583,241.22,656.15}{584,241.56,657.15}{585,241.91,658.15}{586,242.25,659.15}{587,242.6,660.15}{588,242.95,661.15}{589,243.29,662.15}{590,243.64,663.15}{591,243.98,664.15}{592,244.33,665.15}{593,244.67,666.15}{594,245.02,667.15}{595,245.36,668.15}{596,245.71,669.15}{597,246.05,670.15}{598,246.4,671.15}{599,246.74,672.15}{600,247.09,673.15}{601,247.43,674.15}{602,247.78,675.15}{603,248.12,676.15}{604,248.46,677.15}{605,248.81,678.15}{606,249.15,679.15}{607,249.5,680.15}{608,249.84,681.15}{609,250.18,682.15}{610,250.53,683.15}{611,250.89,684.15}{612,251.21,685.15}{613,251.55,686.15}{614,251.9,687.15}{615,252.24,688.15}{616,252.59,689.15}{617,252.94,690.15}{618,253.28,691.15}{619,253.62,692.15}{620,253.96,693.15}{621,254.3,694.15}{622,254.65,695.15}{623,254.99,696.15}{624,255.33,697.15}{625,255.67,698.15}{626,256.01,699.15}{627,256.35,700.15}{628,256.7,701.15}{629,257.04,702.15}{630,257.38,703.15}{631,257.72,704.15}{632,258.06,705.15}{633,258.4,706.15}{634,258.74,707.15}{635,259.08,708.15}{636,259.42,709.15}{637,259.76,710.15}{638,260.1,711.15}{639,260.44,712.15}{640,260.78,713.15}{641,261.12,714.15}{642,261.46,715.15}{643,261.8,716.15}{644,262.14,717.15}{645,262.48,718.15}{646,262.83,719.15}{647,263.17,720.15}{648,263.5,721.15}{649,263.84,722.15}{650,264.18,723.15}{651,264.52,724.15}{652,264.86,725.15}{653,265.2,726.15}{654,265.54,727.15}{655,265.87,728.15}{656,266.21,729.15}{657,266.55,730.15}{658,266.89,731.15}{659,267.22,732.15}{660,267.56,733.15}{661,267.9,734.15}{662,268.24,735.15}{663,268.57,736.15}{664,268.91,737.15}{665,269.25,738.15}{666,269.58,739.15}{667,269.92,740.15}{668,270.26,741.15}{669,270.59,742.15}{670,270.93,743.15}{671,271.27,744.15}{672,271.6,745.15}{673,271.94,746.15}{674,272.27,747.15}{675,272.61,748.15}{676,272.95,749.15}{677,273.28,750.15}{678,273.62,751.15}{679,273.95,752.15}{680,274.29,753.15}{681,274.62,754.15}{682,274.96,755.15}{683,275.29,756.15}{684,275.63,757.15}{685,275.96,758.15}{686,276.31,759.15}{687,276.64,760.15}{688,276.97,761.15}{689,277.31,762.15}{690,277.64,763.15}{691,277.98,764.15}{692,278.31,765.15}{693,278.64,766.15}{694,278.98,767.15}{695,279.31,768.15}{696,279.64,769.15}{697,279.98,770.15}{698,280.31,771.15}{699,280.64,772.15}{700,280.98,773.15}{701,281.31,774.15}{702,281.64,775.15}{703,281.97,776.15}{704,282.31,777.15}{705,282.64,778.15}{706,282.97,779.15}{707,283.3,780.15}{708,283.63,781.15}{709,283.97,782.15}{710,284.3,783.15}{711,284.63,784.15}{712,284.96,785.15}{713,285.29,786.15}{714,285.62,787.15}{715,285.95,788.15}{716,286.3,789.15}{717,286.63,790.15}{718,286.96,791.15}{719,287.29,792.15}{720,287.62,793.15}{721,287.95,794.15}{722,288.28,795.15}{723,288.61,796.15}{724,288.94,797.15}{725,289.27,798.15}{726,289.6,799.15}{727,289.93,800.15}{728,290.26,801.15}{729,290.59,802.15}{730,290.92,803.15}{731,291.25,804.15}{732,291.58,805.15}{733,291.9,806.15}{734,292.23,807.15}{735,292.56,808.15}{736,292.9,809.15}{737,293.23,810.15}{738,293.56,811.15}{739,293.89,812.15}{740,294.21,813.15}{741,294.54,814.15}{742,294.87,815.15}{743,295.2,816.15}{744,295.53,817.15}{745,295.85,818.15}{746,296.18,819.15}{747,296.51,820.15}{748,296.84,821.15}{749,297.16,822.15}{750,297.49,823.15}{751,297.82,824.15}{752,298.14,825.15}{753,298.47,826.15}{754,298.8,827.15}{755,299.12,828.15}{756,299.45,829.15}{757,299.78,830.15}{758,300.1,831.15}{759,300.43,832.15}{760,300.75,833.15}{761,301.08,834.15}{762,301.41,835.15}{763,301.73,836.15}{764,302.06,837.15}{765,302.38,838.15}{766,302.71,839.15}{767,303.03,840.15}{768,303.36,841.15}{769,303.68,842.15}{770,304.01,843.15}{771,304.33,844.15}{772,304.66,845.15}{773,304.98,846.15}{774,305.3,847.15}{775,305.63,848.15}{776,305.95,849.15}{777,306.28,850.15}{778,306.6,851.15}{779,306.92,852.15}{780,307.25,853.15}{781,307.57,854.15}{782,307.89,855.15}{783,308.22,856.15}{784,308.54,857.15}{785,308.86,858.15}{786,309.19,859.15}{787,309.51,860.15}{788,309.83,861.15}{789,310.15,862.15}{790,310.48,863.15}{791,310.8,864.15}{792,311.12,865.15}{793,311.45,866.15}{794,311.78,867.15}{795,312.1,868.15}{796,312.43,869.15}{797,312.75,870.15}{798,313.07,871.15}{799,313.39,872.15}{800,313.71,873.15}{801,314.04,874.15}{802,314.36,875.15}{803,314.68,876.15}{804,315,877.15}{805,315.32,878.15}{806,315.64,879.15}{807,315.96,880.15}{808,316.28,881.15}{809,316.6,882.15}{810,316.92,883.15}{811,317.24,884.15}{812,317.56,885.15}{813,317.88,886.15}{814,318.2,887.15}{815,318.52,888.15}{816,318.85,889.15}{817,319.17,890.15}{818,319.49,891.15}{819,319.81,892.15}{820,320.12,893.15}{821,320.44,894.15}{822,320.76,895.15}{823,321.08,896.15}{824,321.4,897.15}{825,321.72,898.15}{826,322.03,899.15}{827,322.34,900.15}{828,322.66,901.15}{829,322.98,902.15}{830,323.3,903.15}{831,323.61,904.15}{832,323.93,905.15}{833,324.25,906.15}{834,324.57,907.15}{835,324.88,908.15}{836,325.21,909.15}{837,325.53,910.15}{838,325.85,911.15}{839,326.16,912.15}{840,326.48,913.15}{841,326.79,914.15}{842,327.11,915.15}{843,327.43,916.15}{844,327.74,917.15}{845,328.06,918.15}{846,328.38,919.15}{847,328.69,920.15}{848,329.01,921.15}{849,329.32,922.15}{850,329.64,923.15}{851,329.95,924.15}{852,330.27,925.15}{853,330.58,926.15}{854,330.9,927.15}{855,331.21,928.15}{856,331.53,929.15}{857,331.84,930.15}{858,332.16,931.15}{859,332.47,932.15}{860,332.79,933.15}{861,333.1,934.15}{862,333.41,935.15}{863,333.73,936.15}{864,334.04,937.15}{865,334.36,938.15}{866,334.68,939.15}{867,334.99,940.15}{868,335.31,941.15}{869,335.62,942.15}{870,335.93,943.15}{871,336.25,944.15}{872,336.56,945.15}{873,336.87,946.15}{874,337.18,947.15}{875,337.5,948.15}{876,337.81,949.15}{877,338.12,950.15}{878,338.43,951.15}{879,338.75,952.15}{880,339.06,953.15}{881,339.37,954.15}{882,339.68,955.15}{883,339.99,956.15}{884,340.3,957.15}{885,340.62,958.15}{886,340.94,959.15}{887,341.25,960.15}{888,341.55,961.15}{889,341.87,962.15}{890,342.18,963.15}{891,342.49,964.15}{892,342.8,965.15}{893,343.11,966.15}{894,343.42,967.15}{895,343.73,968.15}{896,344.04,969.15}{897,344.35,970.15}{898,344.66,971.15}{899,344.97,972.15}{900,345.28,973.15}{901,345.59,974.15}{902,345.9,975.15}{903,346.21,976.15}{904,346.52,977.15}{905,346.83,978.15}{906,347.15,979.15}{907,347.46,980.15}{908,347.76,981.15}{909,348.07,982.15}{910,348.38,983.15}{911,348.69,984.15}{912,349,985.15}{913,349.31,986.15}{914,349.61,987.15}{915,349.92,988.15}{916,350.23,989.15}{917,350.54,990.15}{918,350.85,991.15}{919,351.15,992.15}{920,351.46,993.15}{921,351.77,994.15}{922,352.07,995.15}{923,352.38,996.15}{924,352.69,997.15}{925,352.99,998.15}{926,353.3,999.15}{927,353.61,1000.15}{928,353.91,1001.15}{929,354.22,1002.15}{930,354.53,1003.15}{931,354.83,1004.15}{932,355.14,1005.15}{933,355.44,1006.15}{934,355.75,1007.15}{935,356.06,1008.15}{936,356.37,1009.15}{937,356.68,1010.15}{938,356.98,1011.15}{939,357.29,1012.15}{940,357.59,1013.15}{941,357.9,1014.15}{942,358.2,1015.15}{943,358.51,1016.15}{944,358.81,1017.15}{945,359.12,1018.15}{946,359.42,1019.15}{947,359.72,1020.15}{948,360.03,1021.15}{949,360.33,1022.15}{950,360.64,1023.15}{951,360.94,1024.15}{952,361.24,1025.15}{953,361.55,1026.15}{954,361.85,1027.15}{955,362.15,1028.15}{956,362.46,1029.15}{957,362.76,1030.15}{958,363.06,1031.15}{959,363.36,1032.15}{960,363.67,1033.15}{961,363.97,1034.15}{962,364.27,1035.15}{963,364.57,1036.15}{964,364.88,1037.15}{965,365.18,1038.15}{966,365.49,1039.15}{967,365.79,1040.15}{968,366.09,1041.15}{969,366.4,1042.15}{970,366.7,1043.15}{971,367,1044.15}{972,367.3,1045.15}{973,367.6,1046.15}{974,367.9,1047.15}{975,368.2,1048.15}{976,368.5,1049.15}{977,368.81,1050.15}{978,369.11,1051.15}{979,369.41,1052.15}{980,369.71,1053.15}{981,370.01,1054.15}{982,370.31,1055.15}{983,370.61,1056.15}{984,370.91,1057.15}{985,371.21,1058.15}{986,371.52,1059.15}{987,371.82,1060.15}{988,372.12,1061.15}{989,372.41,1062.15}{990,372.71,1063.15}{991,373.01,1064.15}{992,373.31,1065.15}{993,373.61,1066.15}{994,373.91,1067.15}{995,374.21,1068.15}{996,374.51,1069.15}{997,374.8,1070.15}{998,375.1,1071.15}{999,375.4,1072.15}{1000,375.7,1073.15}{1001,376,1074.15}{1002,376.29,1075.15}{1003,376.59,1076.15}{1004,376.89,1077.15}{1005,377.19,1078.15}{1006,377.49,1079.15}{1007,377.79,1080.15}{1008,378.09,1081.15}{1009,378.39,1082.15}{1010,378.68,1083.15}{1011,378.98,1084.15}{1012,379.28,1085.15}{1013,379.57,1086.15}{1014,379.87,1087.15}{1015,380.17,1088.15}{1016,380.46,1089.15}{1017,380.76,1090.15}{1018,381.05,1091.15}{1019,381.35,1092.15}{1020,381.65,1093.15}{1021,381.94,1094.15}{1022,382.24,1095.15}{1023,382.53,1096.15}{1024,382.83,1097.15}{1025,383.12,1098.15}{1026,383.42,1099.15}{1027,383.71,1100.15}{1028,384.01,1101.15}{1029,384.3,1102.15}{1030,384.6,1103.15}{1031,384.89,1104.15}{1032,385.18,1105.15}{1033,385.48,1106.15}{1034,385.77,1107.15}{1035,386.07,1108.15}{1036,386.37,1109.15}{1037,386.66,1110.15}{1038,386.96,1111.15}{1039,387.25,1112.15}{1040,387.55,1113.15}{1041,387.84,1114.15}{1042,388.13,1115.15}{1043,388.42,1116.15}{1044,388.72,1117.15}{1045,389.01,1118.15}{1046,389.31,1119.15}{1047,389.61,1120.15}{1048,389.9,1121.15}{1049,390.19,1122.15}{1050,390.48,1123.15}&quot;"/>
                                                <instance name="dev01/Config/ch00012/Calibration_Sensor_Output_Units" order="0" value="K"/>
                                                <instance name="dev01/Config/ch00003/enable" order="1" value="1"/>
                                                <instance name="dev02/Config/ch00002/Calibration_Sensor_Name" order="0" value="CalSensor14"/>
                                                <instance name="dev02/Config/ch00012/Calibration_Sensor_Maximum_Range" order="0" value="1123.15"/>
                                                <instance name="dev01/Config/ch00004/RTDRange" order="0" value="1"/>
                                                <instance name="dev01/Config/ch00001/Calibration_Sensor_Minimum_Range" order="0" value="73.15"/>
                                                <instance name="dev01/Config/ch00002/Calibration_Sensor_Minimum_Range" order="0" value="73.15"/>
                                                <instance name="dev01/Config/ch00007/rate" order="0" value="10"/>
                                                <instance name="dev01/Config/ch00006/Calibration_Sensor_Calibration_Date" order="0" value="2020-01-01"/>
                                                <instance name="dev02/Config/ch00003/Calibration_Sensor_Name" order="0" value="CalSensor15"/>
                                                <instance name="dev01/Config/ch00003/Calibration_Sensor_Minimum_Range" order="0" value="73.15"/>
                                                <instance name="dev01/Config/ch00004/Calibration_Sensor_Calibration_Date" order="0" value="2020-01-01"/>
                                                <instance name="dev01/Config/ch00004/Calibration_Sensor_Minimum_Range" order="0" value="73.15"/>
                                                <instance name="dev01/Config/ch00005/Calibration_Sensor_Minimum_Range" order="0" value="73.15"/>
                                                <instance name="dev01/Config/ch00006/Calibration_Sensor_Minimum_Range" order="0" value="73.15"/>
                                                <instance name="dev02/Config/ch00004/RTDRange" order="0" value="1"/>
                                                <instance name="dev02/Config/ch00006/enable" order="1" value="1"/>
                                                <instance name="dev02/Config/ch00012/Calibration_Sensor_Name" order="0" value="CalSensor24"/>
                                                <instance name="dev01/Config/ch00007/Calibration_Sensor_Minimum_Range" order="0" value="73.15"/>
                                                <instance name="dev01/Config/ch00003/Calibration_Sensor_Output_Units" order="0" value="K"/>
                                                <instance name="dev01/Config/ch00008/Calibration_Sensor_Minimum_Range" order="0" value="73.15"/>
                                                <instance name="dev01/Config/ch00012/Calibration_Sensor_Minimum_Range" order="0" value="73.15"/>
                                                <instance name="dev02/Config/ch00001/Calibration_Sensor_Output_Units" order="0" value="K"/>
                                                <instance name="dev02/Config/ch00001/Calibration_Sensor_Minimum_Range" order="0" value="73.15"/>
                                                <instance name="dev02/Config/ch00002/Calibration_Sensor_Minimum_Range" order="0" value="73.15"/>
                                                <instance name="dev01/Config/ch00012/RTDRange" order="0" value="1"/>
                                                <instance name="dev02/Config/ch00003/Calibration_Sensor_Minimum_Range" order="0" value="73.15"/>
                                                <instance name="dev01/Config/ch00007/Calibration_Sensor_Calibration_Date" order="0" value="2020-01-01"/>
                                                <instance name="dev01/Config/ch00003/rate" order="0" value="10"/>
                                                <instance name="dev01/Config/ch00002/enable" order="1" value="1"/>
                                                <instance name="dev01/Config/ch00008/rate" order="0" value="10"/>
                                                <instance name="dev02/Config/ch00012/Calibration_Sensor_Input_Units" order="0" value="Ohm"/>
                                                <instance name="dev02/Config/ch00004/Calibration_Sensor_Minimum_Range" order="0" value="73.15"/>
                                                <instance name="dev02/Config/ch00002/Calibration_Sensor_Output_Units" order="0" value="K"/>
                                                <instance name="dev02/Config/ch00005/Calibration_Sensor_Minimum_Range" order="0" value="73.15"/>
                                                <instance name="dev02/Config/ch00006/Calibration_Sensor_Minimum_Range" order="0" value="73.15"/>
                                                <instance name="dev01/Config/ch00004/Calibration_Sensor_Output_Units" order="0" value="K"/>
                                                <instance name="dev02/Config/ch00007/Calibration_Sensor_Minimum_Range" order="0" value="73.15"/>
                                                <instance name="dev02/Config/ch00012/Calibration_Sensor_Minimum_Range" order="0" value="73.15"/>
                                                <instance name="dev01/Config/ch00001/Calibration_Sensor_Name" order="0" value="CalSensor1"/>
                                                <instance name="dev01/Config/ch00006/Calibration_Sensor_Curve" order="0" value="&quot;{0,18.52,73.15}{1,18.96,74.15}{2,19.39,75.15}{3,19.82,76.15}{4,20.25,77.15}{5,20.68,78.15}{6,21.11,79.15}{7,21.54,80.15}{8,21.97,81.15}{9,22.4,82.15}{10,22.83,83.15}{11,23.26,84.15}{12,23.69,85.15}{13,24.12,86.15}{14,24.55,87.15}{15,24.97,88.15}{16,25.39,89.15}{17,25.82,90.15}{18,26.25,91.15}{19,26.67,92.15}{20,27.1,93.15}{21,27.52,94.15}{22,27.95,95.15}{23,28.37,96.15}{24,28.8,97.15}{25,29.22,98.15}{26,29.65,99.15}{27,30.07,100.15}{28,30.49,101.15}{29,30.92,102.15}{30,31.34,103.15}{31,31.76,104.15}{32,32.18,105.15}{33,32.61,106.15}{34,33.03,107.15}{35,33.45,108.15}{36,33.86,109.15}{37,34.28,110.15}{38,34.7,111.15}{39,35.12,112.15}{40,35.54,113.15}{41,35.96,114.15}{42,36.38,115.15}{43,36.8,116.15}{44,37.22,117.15}{45,37.63,118.15}{46,38.05,119.15}{47,38.47,120.15}{48,38.89,121.15}{49,39.31,122.15}{50,39.72,123.15}{51,40.14,124.15}{52,40.56,125.15}{53,40.97,126.15}{54,41.39,127.15}{55,41.8,128.15}{56,42.22,129.15}{57,42.64,130.15}{58,43.05,131.15}{59,43.46,132.15}{60,43.88,133.15}{61,44.29,134.15}{62,44.71,135.15}{63,45.12,136.15}{64,45.53,137.15}{65,45.95,138.15}{66,46.35,139.15}{67,46.76,140.15}{68,47.18,141.15}{69,47.59,142.15}{70,48,143.15}{71,48.41,144.15}{72,48.82,145.15}{73,49.23,146.15}{74,49.64,147.15}{75,50.06,148.15}{76,50.47,149.15}{77,50.88,150.15}{78,51.29,151.15}{79,51.7,152.15}{80,52.11,153.15}{81,52.52,154.15}{82,52.92,155.15}{83,53.33,156.15}{84,53.74,157.15}{85,54.15,158.15}{86,54.56,159.15}{87,54.97,160.15}{88,55.38,161.15}{89,55.78,162.15}{90,56.19,163.15}{91,56.6,164.15}{92,57,165.15}{93,57.41,166.15}{94,57.82,167.15}{95,58.22,168.15}{96,58.63,169.15}{97,59.04,170.15}{98,59.44,171.15}{99,59.85,172.15}{100,60.26,173.15}{101,60.67,174.15}{102,61.07,175.15}{103,61.48,176.15}{104,61.87,177.15}{105,62.29,178.15}{106,62.69,179.15}{107,63.1,180.15}{108,63.5,181.15}{109,63.91,182.15}{110,64.3,183.15}{111,64.7,184.15}{112,65.11,185.15}{113,65.51,186.15}{114,65.91,187.15}{115,66.31,188.15}{116,66.72,189.15}{117,67.12,190.15}{118,67.52,191.15}{119,67.92,192.15}{120,68.33,193.15}{121,68.73,194.15}{122,69.13,195.15}{123,69.53,196.15}{124,69.93,197.15}{125,70.33,198.15}{126,70.73,199.15}{127,71.13,200.15}{128,71.53,201.15}{129,71.93,202.15}{130,72.33,203.15}{131,72.73,204.15}{132,73.13,205.15}{133,73.53,206.15}{134,73.93,207.15}{135,74.33,208.15}{136,74.73,209.15}{137,75.13,210.15}{138,75.53,211.15}{139,75.93,212.15}{140,76.33,213.15}{141,76.73,214.15}{142,77.13,215.15}{143,77.52,216.15}{144,77.92,217.15}{145,78.32,218.15}{146,78.72,219.15}{147,79.11,220.15}{148,79.51,221.15}{149,79.91,222.15}{150,80.31,223.15}{151,80.7,224.15}{152,81.1,225.15}{153,81.5,226.15}{154,81.89,227.15}{155,82.29,228.15}{156,82.69,229.15}{157,83.08,230.15}{158,83.48,231.15}{159,83.88,232.15}{160,84.27,233.15}{161,84.67,234.15}{162,85.06,235.15}{163,85.46,236.15}{164,85.85,237.15}{165,86.25,238.15}{166,86.64,239.15}{167,87.04,240.15}{168,87.43,241.15}{169,87.83,242.15}{170,88.22,243.15}{171,88.62,244.15}{172,89.01,245.15}{173,89.4,246.15}{174,89.8,247.15}{175,90.19,248.15}{176,90.59,249.15}{177,90.98,250.15}{178,91.37,251.15}{179,91.77,252.15}{180,92.16,253.15}{181,92.55,254.15}{182,92.95,255.15}{183,93.34,256.15}{184,93.73,257.15}{185,94.12,258.15}{186,94.52,259.15}{187,94.91,260.15}{188,95.3,261.15}{189,95.69,262.15}{190,96.09,263.15}{191,96.48,264.15}{192,96.87,265.15}{193,97.26,266.15}{194,97.65,267.15}{195,98.04,268.15}{196,98.44,269.15}{197,98.83,270.15}{198,99.22,271.15}{199,99.61,272.15}{200,100,273.15}{201,100.39,274.15}{202,100.78,275.15}{203,101.17,276.15}{204,101.56,277.15}{205,101.95,278.15}{206,102.34,279.15}{207,102.73,280.15}{208,103.12,281.15}{209,103.51,282.15}{210,103.9,283.15}{211,104.29,284.15}{212,104.68,285.15}{213,105.07,286.15}{214,105.46,287.15}{215,105.85,288.15}{216,106.24,289.15}{217,106.63,290.15}{218,107.02,291.15}{219,107.4,292.15}{220,107.79,293.15}{221,108.18,294.15}{222,108.57,295.15}{223,108.96,296.15}{224,109.35,297.15}{225,109.73,298.15}{226,110.12,299.15}{227,110.51,300.15}{228,110.9,301.15}{229,111.28,302.15}{230,111.67,303.15}{231,112.06,304.15}{232,112.45,305.15}{233,112.83,306.15}{234,113.22,307.15}{235,113.61,308.15}{236,113.99,309.15}{237,114.38,310.15}{238,114.77,311.15}{239,115.15,312.15}{240,115.54,313.15}{241,115.93,314.15}{242,116.31,315.15}{243,116.7,316.15}{244,117.08,317.15}{245,117.47,318.15}{246,117.85,319.15}{247,118.24,320.15}{248,118.62,321.15}{249,119.01,322.15}{250,119.4,323.15}{251,119.78,324.15}{252,120.16,325.15}{253,120.55,326.15}{254,120.93,327.15}{255,121.32,328.15}{256,121.7,329.15}{257,122.09,330.15}{258,122.47,331.15}{259,122.86,332.15}{260,123.24,333.15}{261,123.62,334.15}{262,124.01,335.15}{263,124.39,336.15}{264,124.77,337.15}{265,125.17,338.15}{266,125.55,339.15}{267,125.93,340.15}{268,126.32,341.15}{269,126.7,342.15}{270,127.08,343.15}{271,127.46,344.15}{272,127.85,345.15}{273,128.23,346.15}{274,128.61,347.15}{275,128.99,348.15}{276,129.38,349.15}{277,129.76,350.15}{278,130.14,351.15}{279,130.52,352.15}{280,130.9,353.15}{281,131.28,354.15}{282,131.67,355.15}{283,132.05,356.15}{284,132.43,357.15}{285,132.81,358.15}{286,133.19,359.15}{287,133.57,360.15}{288,133.95,361.15}{289,134.33,362.15}{290,134.71,363.15}{291,135.09,364.15}{292,135.47,365.15}{293,135.85,366.15}{294,136.23,367.15}{295,136.61,368.15}{296,136.99,369.15}{297,137.37,370.15}{298,137.75,371.15}{299,138.13,372.15}{300,138.51,373.15}{301,138.89,374.15}{302,139.27,375.15}{303,139.65,376.15}{304,140.03,377.15}{305,140.39,378.15}{306,140.77,379.15}{307,141.15,380.15}{308,141.53,381.15}{309,141.91,382.15}{310,142.29,383.15}{311,142.66,384.15}{312,143.04,385.15}{313,143.42,386.15}{314,143.8,387.15}{315,144.18,388.15}{316,144.56,389.15}{317,144.94,390.15}{318,145.32,391.15}{319,145.69,392.15}{320,146.07,393.15}{321,146.45,394.15}{322,146.82,395.15}{323,147.2,396.15}{324,147.58,397.15}{325,147.95,398.15}{326,148.33,399.15}{327,148.71,400.15}{328,149.08,401.15}{329,149.46,402.15}{330,149.83,403.15}{331,150.21,404.15}{332,150.58,405.15}{333,150.96,406.15}{334,151.34,407.15}{335,151.71,408.15}{336,152.09,409.15}{337,152.46,410.15}{338,152.84,411.15}{339,153.21,412.15}{340,153.58,413.15}{341,153.95,414.15}{342,154.32,415.15}{343,154.71,416.15}{344,155.08,417.15}{345,155.46,418.15}{346,155.83,419.15}{347,156.21,420.15}{348,156.58,421.15}{349,156.96,422.15}{350,157.33,423.15}{351,157.71,424.15}{352,158.08,425.15}{353,158.45,426.15}{354,158.83,427.15}{355,159.2,428.15}{356,159.56,429.15}{357,159.94,430.15}{358,160.31,431.15}{359,160.68,432.15}{360,161.05,433.15}{361,161.43,434.15}{362,161.8,435.15}{363,162.17,436.15}{364,162.54,437.15}{365,162.91,438.15}{366,163.28,439.15}{367,163.66,440.15}{368,164.03,441.15}{369,164.4,442.15}{370,164.77,443.15}{371,165.14,444.15}{372,165.51,445.15}{373,165.88,446.15}{374,166.25,447.15}{375,166.62,448.15}{376,167,449.15}{377,167.37,450.15}{378,167.74,451.15}{379,168.11,452.15}{380,168.48,453.15}{381,168.85,454.15}{382,169.22,455.15}{383,169.59,456.15}{384,169.96,457.15}{385,170.33,458.15}{386,170.69,459.15}{387,171.06,460.15}{388,171.43,461.15}{389,171.8,462.15}{390,172.17,463.15}{391,172.54,464.15}{392,172.91,465.15}{393,173.27,466.15}{394,173.64,467.15}{395,174.01,468.15}{396,174.39,469.15}{397,174.75,470.15}{398,175.12,471.15}{399,175.49,472.15}{400,175.86,473.15}{401,176.23,474.15}{402,176.59,475.15}{403,176.96,476.15}{404,177.33,477.15}{405,177.7,478.15}{406,178.06,479.15}{407,178.43,480.15}{408,178.8,481.15}{409,179.16,482.15}{410,179.53,483.15}{411,179.9,484.15}{412,180.26,485.15}{413,180.63,486.15}{414,180.99,487.15}{415,181.36,488.15}{416,181.73,489.15}{417,182.09,490.15}{418,182.46,491.15}{419,182.82,492.15}{420,183.19,493.15}{421,183.55,494.15}{422,183.92,495.15}{423,184.28,496.15}{424,184.65,497.15}{425,185.01,498.15}{426,185.38,499.15}{427,185.74,500.15}{428,186.11,501.15}{429,186.47,502.15}{430,186.84,503.15}{431,187.2,504.15}{432,187.56,505.15}{433,187.93,506.15}{434,188.29,507.15}{435,188.65,508.15}{436,189.02,509.15}{437,189.38,510.15}{438,189.74,511.15}{439,190.11,512.15}{440,190.47,513.15}{441,190.83,514.15}{442,191.2,515.15}{443,191.56,516.15}{444,191.92,517.15}{445,192.28,518.15}{446,192.66,519.15}{447,193.02,520.15}{448,193.38,521.15}{449,193.74,522.15}{450,194.1,523.15}{451,194.47,524.15}{452,194.83,525.15}{453,195.19,526.15}{454,195.55,527.15}{455,195.9,528.15}{456,196.26,529.15}{457,196.62,530.15}{458,196.98,531.15}{459,197.35,532.15}{460,197.71,533.15}{461,198.07,534.15}{462,198.43,535.15}{463,198.79,536.15}{464,199.15,537.15}{465,199.51,538.15}{466,199.87,539.15}{467,200.23,540.15}{468,200.59,541.15}{469,200.95,542.15}{470,201.31,543.15}{471,201.67,544.15}{472,202.03,545.15}{473,202.38,546.15}{474,202.74,547.15}{475,203.1,548.15}{476,203.46,549.15}{477,203.82,550.15}{478,204.18,551.15}{479,204.54,552.15}{480,204.9,553.15}{481,205.25,554.15}{482,205.61,555.15}{483,205.97,556.15}{484,206.33,557.15}{485,206.7,558.15}{486,207.05,559.15}{487,207.41,560.15}{488,207.77,561.15}{489,208.13,562.15}{490,208.48,563.15}{491,208.84,564.15}{492,209.2,565.15}{493,209.55,566.15}{494,209.91,567.15}{495,210.27,568.15}{496,210.62,569.15}{497,210.98,570.15}{498,211.34,571.15}{499,211.69,572.15}{500,212.05,573.15}{501,212.4,574.15}{502,212.76,575.15}{503,213.12,576.15}{504,213.47,577.15}{505,213.83,578.15}{506,214.19,579.15}{507,214.55,580.15}{508,214.9,581.15}{509,215.26,582.15}{510,215.61,583.15}{511,215.97,584.15}{512,216.32,585.15}{513,216.68,586.15}{514,217.03,587.15}{515,217.39,588.15}{516,217.73,589.15}{517,218.08,590.15}{518,218.44,591.15}{519,218.79,592.15}{520,219.15,593.15}{521,219.5,594.15}{522,219.85,595.15}{523,220.21,596.15}{524,220.56,597.15}{525,220.91,598.15}{526,221.27,599.15}{527,221.62,600.15}{528,221.97,601.15}{529,222.32,602.15}{530,222.68,603.15}{531,223.03,604.15}{532,223.38,605.15}{533,223.73,606.15}{534,224.09,607.15}{535,224.45,608.15}{536,224.8,609.15}{537,225.15,610.15}{538,225.5,611.15}{539,225.85,612.15}{540,226.21,613.15}{541,226.56,614.15}{542,226.91,615.15}{543,227.26,616.15}{544,227.61,617.15}{545,227.96,618.15}{546,228.31,619.15}{547,228.66,620.15}{548,229.01,621.15}{549,229.36,622.15}{550,229.72,623.15}{551,230.07,624.15}{552,230.42,625.15}{553,230.77,626.15}{554,231.12,627.15}{555,231.47,628.15}{556,231.81,629.15}{557,232.16,630.15}{558,232.51,631.15}{559,232.86,632.15}{560,233.21,633.15}{561,233.56,634.15}{562,233.91,635.15}{563,234.26,636.15}{564,234.6,637.15}{565,234.95,638.15}{566,235.3,639.15}{567,235.65,640.15}{568,236,641.15}{569,236.35,642.15}{570,236.7,643.15}{571,237.05,644.15}{572,237.4,645.15}{573,237.75,646.15}{574,238.09,647.15}{575,238.44,648.15}{576,238.79,649.15}{577,239.14,650.15}{578,239.48,651.15}{579,239.83,652.15}{580,240.18,653.15}{581,240.52,654.15}{582,240.87,655.15}{583,241.22,656.15}{584,241.56,657.15}{585,241.91,658.15}{586,242.25,659.15}{587,242.6,660.15}{588,242.95,661.15}{589,243.29,662.15}{590,243.64,663.15}{591,243.98,664.15}{592,244.33,665.15}{593,244.67,666.15}{594,245.02,667.15}{595,245.36,668.15}{596,245.71,669.15}{597,246.05,670.15}{598,246.4,671.15}{599,246.74,672.15}{600,247.09,673.15}{601,247.43,674.15}{602,247.78,675.15}{603,248.12,676.15}{604,248.46,677.15}{605,248.81,678.15}{606,249.15,679.15}{607,249.5,680.15}{608,249.84,681.15}{609,250.18,682.15}{610,250.53,683.15}{611,250.89,684.15}{612,251.21,685.15}{613,251.55,686.15}{614,251.9,687.15}{615,252.24,688.15}{616,252.59,689.15}{617,252.94,690.15}{618,253.28,691.15}{619,253.62,692.15}{620,253.96,693.15}{621,254.3,694.15}{622,254.65,695.15}{623,254.99,696.15}{624,255.33,697.15}{625,255.67,698.15}{626,256.01,699.15}{627,256.35,700.15}{628,256.7,701.15}{629,257.04,702.15}{630,257.38,703.15}{631,257.72,704.15}{632,258.06,705.15}{633,258.4,706.15}{634,258.74,707.15}{635,259.08,708.15}{636,259.42,709.15}{637,259.76,710.15}{638,260.1,711.15}{639,260.44,712.15}{640,260.78,713.15}{641,261.12,714.15}{642,261.46,715.15}{643,261.8,716.15}{644,262.14,717.15}{645,262.48,718.15}{646,262.83,719.15}{647,263.17,720.15}{648,263.5,721.15}{649,263.84,722.15}{650,264.18,723.15}{651,264.52,724.15}{652,264.86,725.15}{653,265.2,726.15}{654,265.54,727.15}{655,265.87,728.15}{656,266.21,729.15}{657,266.55,730.15}{658,266.89,731.15}{659,267.22,732.15}{660,267.56,733.15}{661,267.9,734.15}{662,268.24,735.15}{663,268.57,736.15}{664,268.91,737.15}{665,269.25,738.15}{666,269.58,739.15}{667,269.92,740.15}{668,270.26,741.15}{669,270.59,742.15}{670,270.93,743.15}{671,271.27,744.15}{672,271.6,745.15}{673,271.94,746.15}{674,272.27,747.15}{675,272.61,748.15}{676,272.95,749.15}{677,273.28,750.15}{678,273.62,751.15}{679,273.95,752.15}{680,274.29,753.15}{681,274.62,754.15}{682,274.96,755.15}{683,275.29,756.15}{684,275.63,757.15}{685,275.96,758.15}{686,276.31,759.15}{687,276.64,760.15}{688,276.97,761.15}{689,277.31,762.15}{690,277.64,763.15}{691,277.98,764.15}{692,278.31,765.15}{693,278.64,766.15}{694,278.98,767.15}{695,279.31,768.15}{696,279.64,769.15}{697,279.98,770.15}{698,280.31,771.15}{699,280.64,772.15}{700,280.98,773.15}{701,281.31,774.15}{702,281.64,775.15}{703,281.97,776.15}{704,282.31,777.15}{705,282.64,778.15}{706,282.97,779.15}{707,283.3,780.15}{708,283.63,781.15}{709,283.97,782.15}{710,284.3,783.15}{711,284.63,784.15}{712,284.96,785.15}{713,285.29,786.15}{714,285.62,787.15}{715,285.95,788.15}{716,286.3,789.15}{717,286.63,790.15}{718,286.96,791.15}{719,287.29,792.15}{720,287.62,793.15}{721,287.95,794.15}{722,288.28,795.15}{723,288.61,796.15}{724,288.94,797.15}{725,289.27,798.15}{726,289.6,799.15}{727,289.93,800.15}{728,290.26,801.15}{729,290.59,802.15}{730,290.92,803.15}{731,291.25,804.15}{732,291.58,805.15}{733,291.9,806.15}{734,292.23,807.15}{735,292.56,808.15}{736,292.9,809.15}{737,293.23,810.15}{738,293.56,811.15}{739,293.89,812.15}{740,294.21,813.15}{741,294.54,814.15}{742,294.87,815.15}{743,295.2,816.15}{744,295.53,817.15}{745,295.85,818.15}{746,296.18,819.15}{747,296.51,820.15}{748,296.84,821.15}{749,297.16,822.15}{750,297.49,823.15}{751,297.82,824.15}{752,298.14,825.15}{753,298.47,826.15}{754,298.8,827.15}{755,299.12,828.15}{756,299.45,829.15}{757,299.78,830.15}{758,300.1,831.15}{759,300.43,832.15}{760,300.75,833.15}{761,301.08,834.15}{762,301.41,835.15}{763,301.73,836.15}{764,302.06,837.15}{765,302.38,838.15}{766,302.71,839.15}{767,303.03,840.15}{768,303.36,841.15}{769,303.68,842.15}{770,304.01,843.15}{771,304.33,844.15}{772,304.66,845.15}{773,304.98,846.15}{774,305.3,847.15}{775,305.63,848.15}{776,305.95,849.15}{777,306.28,850.15}{778,306.6,851.15}{779,306.92,852.15}{780,307.25,853.15}{781,307.57,854.15}{782,307.89,855.15}{783,308.22,856.15}{784,308.54,857.15}{785,308.86,858.15}{786,309.19,859.15}{787,309.51,860.15}{788,309.83,861.15}{789,310.15,862.15}{790,310.48,863.15}{791,310.8,864.15}{792,311.12,865.15}{793,311.45,866.15}{794,311.78,867.15}{795,312.1,868.15}{796,312.43,869.15}{797,312.75,870.15}{798,313.07,871.15}{799,313.39,872.15}{800,313.71,873.15}{801,314.04,874.15}{802,314.36,875.15}{803,314.68,876.15}{804,315,877.15}{805,315.32,878.15}{806,315.64,879.15}{807,315.96,880.15}{808,316.28,881.15}{809,316.6,882.15}{810,316.92,883.15}{811,317.24,884.15}{812,317.56,885.15}{813,317.88,886.15}{814,318.2,887.15}{815,318.52,888.15}{816,318.85,889.15}{817,319.17,890.15}{818,319.49,891.15}{819,319.81,892.15}{820,320.12,893.15}{821,320.44,894.15}{822,320.76,895.15}{823,321.08,896.15}{824,321.4,897.15}{825,321.72,898.15}{826,322.03,899.15}{827,322.34,900.15}{828,322.66,901.15}{829,322.98,902.15}{830,323.3,903.15}{831,323.61,904.15}{832,323.93,905.15}{833,324.25,906.15}{834,324.57,907.15}{835,324.88,908.15}{836,325.21,909.15}{837,325.53,910.15}{838,325.85,911.15}{839,326.16,912.15}{840,326.48,913.15}{841,326.79,914.15}{842,327.11,915.15}{843,327.43,916.15}{844,327.74,917.15}{845,328.06,918.15}{846,328.38,919.15}{847,328.69,920.15}{848,329.01,921.15}{849,329.32,922.15}{850,329.64,923.15}{851,329.95,924.15}{852,330.27,925.15}{853,330.58,926.15}{854,330.9,927.15}{855,331.21,928.15}{856,331.53,929.15}{857,331.84,930.15}{858,332.16,931.15}{859,332.47,932.15}{860,332.79,933.15}{861,333.1,934.15}{862,333.41,935.15}{863,333.73,936.15}{864,334.04,937.15}{865,334.36,938.15}{866,334.68,939.15}{867,334.99,940.15}{868,335.31,941.15}{869,335.62,942.15}{870,335.93,943.15}{871,336.25,944.15}{872,336.56,945.15}{873,336.87,946.15}{874,337.18,947.15}{875,337.5,948.15}{876,337.81,949.15}{877,338.12,950.15}{878,338.43,951.15}{879,338.75,952.15}{880,339.06,953.15}{881,339.37,954.15}{882,339.68,955.15}{883,339.99,956.15}{884,340.3,957.15}{885,340.62,958.15}{886,340.94,959.15}{887,341.25,960.15}{888,341.55,961.15}{889,341.87,962.15}{890,342.18,963.15}{891,342.49,964.15}{892,342.8,965.15}{893,343.11,966.15}{894,343.42,967.15}{895,343.73,968.15}{896,344.04,969.15}{897,344.35,970.15}{898,344.66,971.15}{899,344.97,972.15}{900,345.28,973.15}{901,345.59,974.15}{902,345.9,975.15}{903,346.21,976.15}{904,346.52,977.15}{905,346.83,978.15}{906,347.15,979.15}{907,347.46,980.15}{908,347.76,981.15}{909,348.07,982.15}{910,348.38,983.15}{911,348.69,984.15}{912,349,985.15}{913,349.31,986.15}{914,349.61,987.15}{915,349.92,988.15}{916,350.23,989.15}{917,350.54,990.15}{918,350.85,991.15}{919,351.15,992.15}{920,351.46,993.15}{921,351.77,994.15}{922,352.07,995.15}{923,352.38,996.15}{924,352.69,997.15}{925,352.99,998.15}{926,353.3,999.15}{927,353.61,1000.15}{928,353.91,1001.15}{929,354.22,1002.15}{930,354.53,1003.15}{931,354.83,1004.15}{932,355.14,1005.15}{933,355.44,1006.15}{934,355.75,1007.15}{935,356.06,1008.15}{936,356.37,1009.15}{937,356.68,1010.15}{938,356.98,1011.15}{939,357.29,1012.15}{940,357.59,1013.15}{941,357.9,1014.15}{942,358.2,1015.15}{943,358.51,1016.15}{944,358.81,1017.15}{945,359.12,1018.15}{946,359.42,1019.15}{947,359.72,1020.15}{948,360.03,1021.15}{949,360.33,1022.15}{950,360.64,1023.15}{951,360.94,1024.15}{952,361.24,1025.15}{953,361.55,1026.15}{954,361.85,1027.15}{955,362.15,1028.15}{956,362.46,1029.15}{957,362.76,1030.15}{958,363.06,1031.15}{959,363.36,1032.15}{960,363.67,1033.15}{961,363.97,1034.15}{962,364.27,1035.15}{963,364.57,1036.15}{964,364.88,1037.15}{965,365.18,1038.15}{966,365.49,1039.15}{967,365.79,1040.15}{968,366.09,1041.15}{969,366.4,1042.15}{970,366.7,1043.15}{971,367,1044.15}{972,367.3,1045.15}{973,367.6,1046.15}{974,367.9,1047.15}{975,368.2,1048.15}{976,368.5,1049.15}{977,368.81,1050.15}{978,369.11,1051.15}{979,369.41,1052.15}{980,369.71,1053.15}{981,370.01,1054.15}{982,370.31,1055.15}{983,370.61,1056.15}{984,370.91,1057.15}{985,371.21,1058.15}{986,371.52,1059.15}{987,371.82,1060.15}{988,372.12,1061.15}{989,372.41,1062.15}{990,372.71,1063.15}{991,373.01,1064.15}{992,373.31,1065.15}{993,373.61,1066.15}{994,373.91,1067.15}{995,374.21,1068.15}{996,374.51,1069.15}{997,374.8,1070.15}{998,375.1,1071.15}{999,375.4,1072.15}{1000,375.7,1073.15}{1001,376,1074.15}{1002,376.29,1075.15}{1003,376.59,1076.15}{1004,376.89,1077.15}{1005,377.19,1078.15}{1006,377.49,1079.15}{1007,377.79,1080.15}{1008,378.09,1081.15}{1009,378.39,1082.15}{1010,378.68,1083.15}{1011,378.98,1084.15}{1012,379.28,1085.15}{1013,379.57,1086.15}{1014,379.87,1087.15}{1015,380.17,1088.15}{1016,380.46,1089.15}{1017,380.76,1090.15}{1018,381.05,1091.15}{1019,381.35,1092.15}{1020,381.65,1093.15}{1021,381.94,1094.15}{1022,382.24,1095.15}{1023,382.53,1096.15}{1024,382.83,1097.15}{1025,383.12,1098.15}{1026,383.42,1099.15}{1027,383.71,1100.15}{1028,384.01,1101.15}{1029,384.3,1102.15}{1030,384.6,1103.15}{1031,384.89,1104.15}{1032,385.18,1105.15}{1033,385.48,1106.15}{1034,385.77,1107.15}{1035,386.07,1108.15}{1036,386.37,1109.15}{1037,386.66,1110.15}{1038,386.96,1111.15}{1039,387.25,1112.15}{1040,387.55,1113.15}{1041,387.84,1114.15}{1042,388.13,1115.15}{1043,388.42,1116.15}{1044,388.72,1117.15}{1045,389.01,1118.15}{1046,389.31,1119.15}{1047,389.61,1120.15}{1048,389.9,1121.15}{1049,390.19,1122.15}{1050,390.48,1123.15}&quot;"/>
                                                <instance name="dev02/Config/ch00003/Calibration_Sensor_Output_Units" order="0" value="K"/>
                                                <instance name="dev02/Config/ch00004/Calibration_Sensor_Output_Units" order="0" value="K"/>
                                                <instance name="dev01/Config/ch00002/rate" order="0" value="10"/>
                                                <instance name="dev02/Config/ch00005/Calibration_Sensor_Output_Units" order="0" value="K"/>
                                                <instance name="dev01/Config/ch00008/Calibration_Sensor_Name" order="0" value="CalSensor8"/>
                                                <instance name="dev02/Config/ch00001/RTDRange" order="0" value="1"/>
                                                <instance name="dev02/Config/ch00006/Calibration_Sensor_Output_Units" order="0" value="K"/>
                                                <instance name="dev02/Config/ch00007/Calibration_Sensor_Output_Units" order="0" value="K"/>
                                                <instance name="dev02/Config/ch00012/Calibration_Sensor_Output_Units" order="0" value="K"/>
                                                <instance name="dev02/Config/ch00012/Calibration_Sensor_Calibration_Date" order="0" value="2020-01-01"/>
                                                <instance name="dev01/Config/ch00002/Calibration_Sensor_Maximum_Range" order="0" value="1123.15"/>
                                                <instance name="dev01/Config/ch00004/enable" order="1" value="1"/>
                                                <instance name="dev01/Config/ch00009/rate" order="0" value="10"/>
                                                <instance name="dev01/Config/ch00001/Calibration_Sensor_Table_Type" order="2" value="1"/>
                                                <instance name="dev01/Config/ch00012/rate" order="0" value="10"/>
                                                <instance name="dev01/Config/ch00002/Calibration_Sensor_Table_Type" order="2" value="1"/>
                                                <instance name="dev02/Config/ch00004/Calibration_Sensor_Calibration_Date" order="0" value="2020-01-01"/>
                                                <instance name="dev01/Config/ch00003/Calibration_Sensor_Table_Type" order="2" value="1"/>
                                                <instance name="dev02/Config/ch00008/rate" order="0" value="10"/>
                                                <instance name="dev01/Config/ch00004/Calibration_Sensor_Table_Type" order="2" value="1"/>
                                                <instance name="dev01/Config/ch00005/Calibration_Sensor_Table_Type" order="2" value="1"/>
                                                <instance name="dev02/Config/ch00002/Calibration_Sensor_Calibration_Date" order="0" value="2020-01-01"/>
                                                <instance name="dev01/Config/ch00006/Calibration_Sensor_Table_Type" order="2" value="1"/>
                                                <instance name="dev01/Config/ch00007/Calibration_Sensor_Curve" order="0" value="&quot;{0,18.52,73.15}{1,18.96,74.15}{2,19.39,75.15}{3,19.82,76.15}{4,20.25,77.15}{5,20.68,78.15}{6,21.11,79.15}{7,21.54,80.15}{8,21.97,81.15}{9,22.4,82.15}{10,22.83,83.15}{11,23.26,84.15}{12,23.69,85.15}{13,24.12,86.15}{14,24.55,87.15}{15,24.97,88.15}{16,25.39,89.15}{17,25.82,90.15}{18,26.25,91.15}{19,26.67,92.15}{20,27.1,93.15}{21,27.52,94.15}{22,27.95,95.15}{23,28.37,96.15}{24,28.8,97.15}{25,29.22,98.15}{26,29.65,99.15}{27,30.07,100.15}{28,30.49,101.15}{29,30.92,102.15}{30,31.34,103.15}{31,31.76,104.15}{32,32.18,105.15}{33,32.61,106.15}{34,33.03,107.15}{35,33.45,108.15}{36,33.86,109.15}{37,34.28,110.15}{38,34.7,111.15}{39,35.12,112.15}{40,35.54,113.15}{41,35.96,114.15}{42,36.38,115.15}{43,36.8,116.15}{44,37.22,117.15}{45,37.63,118.15}{46,38.05,119.15}{47,38.47,120.15}{48,38.89,121.15}{49,39.31,122.15}{50,39.72,123.15}{51,40.14,124.15}{52,40.56,125.15}{53,40.97,126.15}{54,41.39,127.15}{55,41.8,128.15}{56,42.22,129.15}{57,42.64,130.15}{58,43.05,131.15}{59,43.46,132.15}{60,43.88,133.15}{61,44.29,134.15}{62,44.71,135.15}{63,45.12,136.15}{64,45.53,137.15}{65,45.95,138.15}{66,46.35,139.15}{67,46.76,140.15}{68,47.18,141.15}{69,47.59,142.15}{70,48,143.15}{71,48.41,144.15}{72,48.82,145.15}{73,49.23,146.15}{74,49.64,147.15}{75,50.06,148.15}{76,50.47,149.15}{77,50.88,150.15}{78,51.29,151.15}{79,51.7,152.15}{80,52.11,153.15}{81,52.52,154.15}{82,52.92,155.15}{83,53.33,156.15}{84,53.74,157.15}{85,54.15,158.15}{86,54.56,159.15}{87,54.97,160.15}{88,55.38,161.15}{89,55.78,162.15}{90,56.19,163.15}{91,56.6,164.15}{92,57,165.15}{93,57.41,166.15}{94,57.82,167.15}{95,58.22,168.15}{96,58.63,169.15}{97,59.04,170.15}{98,59.44,171.15}{99,59.85,172.15}{100,60.26,173.15}{101,60.67,174.15}{102,61.07,175.15}{103,61.48,176.15}{104,61.87,177.15}{105,62.29,178.15}{106,62.69,179.15}{107,63.1,180.15}{108,63.5,181.15}{109,63.91,182.15}{110,64.3,183.15}{111,64.7,184.15}{112,65.11,185.15}{113,65.51,186.15}{114,65.91,187.15}{115,66.31,188.15}{116,66.72,189.15}{117,67.12,190.15}{118,67.52,191.15}{119,67.92,192.15}{120,68.33,193.15}{121,68.73,194.15}{122,69.13,195.15}{123,69.53,196.15}{124,69.93,197.15}{125,70.33,198.15}{126,70.73,199.15}{127,71.13,200.15}{128,71.53,201.15}{129,71.93,202.15}{130,72.33,203.15}{131,72.73,204.15}{132,73.13,205.15}{133,73.53,206.15}{134,73.93,207.15}{135,74.33,208.15}{136,74.73,209.15}{137,75.13,210.15}{138,75.53,211.15}{139,75.93,212.15}{140,76.33,213.15}{141,76.73,214.15}{142,77.13,215.15}{143,77.52,216.15}{144,77.92,217.15}{145,78.32,218.15}{146,78.72,219.15}{147,79.11,220.15}{148,79.51,221.15}{149,79.91,222.15}{150,80.31,223.15}{151,80.7,224.15}{152,81.1,225.15}{153,81.5,226.15}{154,81.89,227.15}{155,82.29,228.15}{156,82.69,229.15}{157,83.08,230.15}{158,83.48,231.15}{159,83.88,232.15}{160,84.27,233.15}{161,84.67,234.15}{162,85.06,235.15}{163,85.46,236.15}{164,85.85,237.15}{165,86.25,238.15}{166,86.64,239.15}{167,87.04,240.15}{168,87.43,241.15}{169,87.83,242.15}{170,88.22,243.15}{171,88.62,244.15}{172,89.01,245.15}{173,89.4,246.15}{174,89.8,247.15}{175,90.19,248.15}{176,90.59,249.15}{177,90.98,250.15}{178,91.37,251.15}{179,91.77,252.15}{180,92.16,253.15}{181,92.55,254.15}{182,92.95,255.15}{183,93.34,256.15}{184,93.73,257.15}{185,94.12,258.15}{186,94.52,259.15}{187,94.91,260.15}{188,95.3,261.15}{189,95.69,262.15}{190,96.09,263.15}{191,96.48,264.15}{192,96.87,265.15}{193,97.26,266.15}{194,97.65,267.15}{195,98.04,268.15}{196,98.44,269.15}{197,98.83,270.15}{198,99.22,271.15}{199,99.61,272.15}{200,100,273.15}{201,100.39,274.15}{202,100.78,275.15}{203,101.17,276.15}{204,101.56,277.15}{205,101.95,278.15}{206,102.34,279.15}{207,102.73,280.15}{208,103.12,281.15}{209,103.51,282.15}{210,103.9,283.15}{211,104.29,284.15}{212,104.68,285.15}{213,105.07,286.15}{214,105.46,287.15}{215,105.85,288.15}{216,106.24,289.15}{217,106.63,290.15}{218,107.02,291.15}{219,107.4,292.15}{220,107.79,293.15}{221,108.18,294.15}{222,108.57,295.15}{223,108.96,296.15}{224,109.35,297.15}{225,109.73,298.15}{226,110.12,299.15}{227,110.51,300.15}{228,110.9,301.15}{229,111.28,302.15}{230,111.67,303.15}{231,112.06,304.15}{232,112.45,305.15}{233,112.83,306.15}{234,113.22,307.15}{235,113.61,308.15}{236,113.99,309.15}{237,114.38,310.15}{238,114.77,311.15}{239,115.15,312.15}{240,115.54,313.15}{241,115.93,314.15}{242,116.31,315.15}{243,116.7,316.15}{244,117.08,317.15}{245,117.47,318.15}{246,117.85,319.15}{247,118.24,320.15}{248,118.62,321.15}{249,119.01,322.15}{250,119.4,323.15}{251,119.78,324.15}{252,120.16,325.15}{253,120.55,326.15}{254,120.93,327.15}{255,121.32,328.15}{256,121.7,329.15}{257,122.09,330.15}{258,122.47,331.15}{259,122.86,332.15}{260,123.24,333.15}{261,123.62,334.15}{262,124.01,335.15}{263,124.39,336.15}{264,124.77,337.15}{265,125.17,338.15}{266,125.55,339.15}{267,125.93,340.15}{268,126.32,341.15}{269,126.7,342.15}{270,127.08,343.15}{271,127.46,344.15}{272,127.85,345.15}{273,128.23,346.15}{274,128.61,347.15}{275,128.99,348.15}{276,129.38,349.15}{277,129.76,350.15}{278,130.14,351.15}{279,130.52,352.15}{280,130.9,353.15}{281,131.28,354.15}{282,131.67,355.15}{283,132.05,356.15}{284,132.43,357.15}{285,132.81,358.15}{286,133.19,359.15}{287,133.57,360.15}{288,133.95,361.15}{289,134.33,362.15}{290,134.71,363.15}{291,135.09,364.15}{292,135.47,365.15}{293,135.85,366.15}{294,136.23,367.15}{295,136.61,368.15}{296,136.99,369.15}{297,137.37,370.15}{298,137.75,371.15}{299,138.13,372.15}{300,138.51,373.15}{301,138.89,374.15}{302,139.27,375.15}{303,139.65,376.15}{304,140.03,377.15}{305,140.39,378.15}{306,140.77,379.15}{307,141.15,380.15}{308,141.53,381.15}{309,141.91,382.15}{310,142.29,383.15}{311,142.66,384.15}{312,143.04,385.15}{313,143.42,386.15}{314,143.8,387.15}{315,144.18,388.15}{316,144.56,389.15}{317,144.94,390.15}{318,145.32,391.15}{319,145.69,392.15}{320,146.07,393.15}{321,146.45,394.15}{322,146.82,395.15}{323,147.2,396.15}{324,147.58,397.15}{325,147.95,398.15}{326,148.33,399.15}{327,148.71,400.15}{328,149.08,401.15}{329,149.46,402.15}{330,149.83,403.15}{331,150.21,404.15}{332,150.58,405.15}{333,150.96,406.15}{334,151.34,407.15}{335,151.71,408.15}{336,152.09,409.15}{337,152.46,410.15}{338,152.84,411.15}{339,153.21,412.15}{340,153.58,413.15}{341,153.95,414.15}{342,154.32,415.15}{343,154.71,416.15}{344,155.08,417.15}{345,155.46,418.15}{346,155.83,419.15}{347,156.21,420.15}{348,156.58,421.15}{349,156.96,422.15}{350,157.33,423.15}{351,157.71,424.15}{352,158.08,425.15}{353,158.45,426.15}{354,158.83,427.15}{355,159.2,428.15}{356,159.56,429.15}{357,159.94,430.15}{358,160.31,431.15}{359,160.68,432.15}{360,161.05,433.15}{361,161.43,434.15}{362,161.8,435.15}{363,162.17,436.15}{364,162.54,437.15}{365,162.91,438.15}{366,163.28,439.15}{367,163.66,440.15}{368,164.03,441.15}{369,164.4,442.15}{370,164.77,443.15}{371,165.14,444.15}{372,165.51,445.15}{373,165.88,446.15}{374,166.25,447.15}{375,166.62,448.15}{376,167,449.15}{377,167.37,450.15}{378,167.74,451.15}{379,168.11,452.15}{380,168.48,453.15}{381,168.85,454.15}{382,169.22,455.15}{383,169.59,456.15}{384,169.96,457.15}{385,170.33,458.15}{386,170.69,459.15}{387,171.06,460.15}{388,171.43,461.15}{389,171.8,462.15}{390,172.17,463.15}{391,172.54,464.15}{392,172.91,465.15}{393,173.27,466.15}{394,173.64,467.15}{395,174.01,468.15}{396,174.39,469.15}{397,174.75,470.15}{398,175.12,471.15}{399,175.49,472.15}{400,175.86,473.15}{401,176.23,474.15}{402,176.59,475.15}{403,176.96,476.15}{404,177.33,477.15}{405,177.7,478.15}{406,178.06,479.15}{407,178.43,480.15}{408,178.8,481.15}{409,179.16,482.15}{410,179.53,483.15}{411,179.9,484.15}{412,180.26,485.15}{413,180.63,486.15}{414,180.99,487.15}{415,181.36,488.15}{416,181.73,489.15}{417,182.09,490.15}{418,182.46,491.15}{419,182.82,492.15}{420,183.19,493.15}{421,183.55,494.15}{422,183.92,495.15}{423,184.28,496.15}{424,184.65,497.15}{425,185.01,498.15}{426,185.38,499.15}{427,185.74,500.15}{428,186.11,501.15}{429,186.47,502.15}{430,186.84,503.15}{431,187.2,504.15}{432,187.56,505.15}{433,187.93,506.15}{434,188.29,507.15}{435,188.65,508.15}{436,189.02,509.15}{437,189.38,510.15}{438,189.74,511.15}{439,190.11,512.15}{440,190.47,513.15}{441,190.83,514.15}{442,191.2,515.15}{443,191.56,516.15}{444,191.92,517.15}{445,192.28,518.15}{446,192.66,519.15}{447,193.02,520.15}{448,193.38,521.15}{449,193.74,522.15}{450,194.1,523.15}{451,194.47,524.15}{452,194.83,525.15}{453,195.19,526.15}{454,195.55,527.15}{455,195.9,528.15}{456,196.26,529.15}{457,196.62,530.15}{458,196.98,531.15}{459,197.35,532.15}{460,197.71,533.15}{461,198.07,534.15}{462,198.43,535.15}{463,198.79,536.15}{464,199.15,537.15}{465,199.51,538.15}{466,199.87,539.15}{467,200.23,540.15}{468,200.59,541.15}{469,200.95,542.15}{470,201.31,543.15}{471,201.67,544.15}{472,202.03,545.15}{473,202.38,546.15}{474,202.74,547.15}{475,203.1,548.15}{476,203.46,549.15}{477,203.82,550.15}{478,204.18,551.15}{479,204.54,552.15}{480,204.9,553.15}{481,205.25,554.15}{482,205.61,555.15}{483,205.97,556.15}{484,206.33,557.15}{485,206.7,558.15}{486,207.05,559.15}{487,207.41,560.15}{488,207.77,561.15}{489,208.13,562.15}{490,208.48,563.15}{491,208.84,564.15}{492,209.2,565.15}{493,209.55,566.15}{494,209.91,567.15}{495,210.27,568.15}{496,210.62,569.15}{497,210.98,570.15}{498,211.34,571.15}{499,211.69,572.15}{500,212.05,573.15}{501,212.4,574.15}{502,212.76,575.15}{503,213.12,576.15}{504,213.47,577.15}{505,213.83,578.15}{506,214.19,579.15}{507,214.55,580.15}{508,214.9,581.15}{509,215.26,582.15}{510,215.61,583.15}{511,215.97,584.15}{512,216.32,585.15}{513,216.68,586.15}{514,217.03,587.15}{515,217.39,588.15}{516,217.73,589.15}{517,218.08,590.15}{518,218.44,591.15}{519,218.79,592.15}{520,219.15,593.15}{521,219.5,594.15}{522,219.85,595.15}{523,220.21,596.15}{524,220.56,597.15}{525,220.91,598.15}{526,221.27,599.15}{527,221.62,600.15}{528,221.97,601.15}{529,222.32,602.15}{530,222.68,603.15}{531,223.03,604.15}{532,223.38,605.15}{533,223.73,606.15}{534,224.09,607.15}{535,224.45,608.15}{536,224.8,609.15}{537,225.15,610.15}{538,225.5,611.15}{539,225.85,612.15}{540,226.21,613.15}{541,226.56,614.15}{542,226.91,615.15}{543,227.26,616.15}{544,227.61,617.15}{545,227.96,618.15}{546,228.31,619.15}{547,228.66,620.15}{548,229.01,621.15}{549,229.36,622.15}{550,229.72,623.15}{551,230.07,624.15}{552,230.42,625.15}{553,230.77,626.15}{554,231.12,627.15}{555,231.47,628.15}{556,231.81,629.15}{557,232.16,630.15}{558,232.51,631.15}{559,232.86,632.15}{560,233.21,633.15}{561,233.56,634.15}{562,233.91,635.15}{563,234.26,636.15}{564,234.6,637.15}{565,234.95,638.15}{566,235.3,639.15}{567,235.65,640.15}{568,236,641.15}{569,236.35,642.15}{570,236.7,643.15}{571,237.05,644.15}{572,237.4,645.15}{573,237.75,646.15}{574,238.09,647.15}{575,238.44,648.15}{576,238.79,649.15}{577,239.14,650.15}{578,239.48,651.15}{579,239.83,652.15}{580,240.18,653.15}{581,240.52,654.15}{582,240.87,655.15}{583,241.22,656.15}{584,241.56,657.15}{585,241.91,658.15}{586,242.25,659.15}{587,242.6,660.15}{588,242.95,661.15}{589,243.29,662.15}{590,243.64,663.15}{591,243.98,664.15}{592,244.33,665.15}{593,244.67,666.15}{594,245.02,667.15}{595,245.36,668.15}{596,245.71,669.15}{597,246.05,670.15}{598,246.4,671.15}{599,246.74,672.15}{600,247.09,673.15}{601,247.43,674.15}{602,247.78,675.15}{603,248.12,676.15}{604,248.46,677.15}{605,248.81,678.15}{606,249.15,679.15}{607,249.5,680.15}{608,249.84,681.15}{609,250.18,682.15}{610,250.53,683.15}{611,250.89,684.15}{612,251.21,685.15}{613,251.55,686.15}{614,251.9,687.15}{615,252.24,688.15}{616,252.59,689.15}{617,252.94,690.15}{618,253.28,691.15}{619,253.62,692.15}{620,253.96,693.15}{621,254.3,694.15}{622,254.65,695.15}{623,254.99,696.15}{624,255.33,697.15}{625,255.67,698.15}{626,256.01,699.15}{627,256.35,700.15}{628,256.7,701.15}{629,257.04,702.15}{630,257.38,703.15}{631,257.72,704.15}{632,258.06,705.15}{633,258.4,706.15}{634,258.74,707.15}{635,259.08,708.15}{636,259.42,709.15}{637,259.76,710.15}{638,260.1,711.15}{639,260.44,712.15}{640,260.78,713.15}{641,261.12,714.15}{642,261.46,715.15}{643,261.8,716.15}{644,262.14,717.15}{645,262.48,718.15}{646,262.83,719.15}{647,263.17,720.15}{648,263.5,721.15}{649,263.84,722.15}{650,264.18,723.15}{651,264.52,724.15}{652,264.86,725.15}{653,265.2,726.15}{654,265.54,727.15}{655,265.87,728.15}{656,266.21,729.15}{657,266.55,730.15}{658,266.89,731.15}{659,267.22,732.15}{660,267.56,733.15}{661,267.9,734.15}{662,268.24,735.15}{663,268.57,736.15}{664,268.91,737.15}{665,269.25,738.15}{666,269.58,739.15}{667,269.92,740.15}{668,270.26,741.15}{669,270.59,742.15}{670,270.93,743.15}{671,271.27,744.15}{672,271.6,745.15}{673,271.94,746.15}{674,272.27,747.15}{675,272.61,748.15}{676,272.95,749.15}{677,273.28,750.15}{678,273.62,751.15}{679,273.95,752.15}{680,274.29,753.15}{681,274.62,754.15}{682,274.96,755.15}{683,275.29,756.15}{684,275.63,757.15}{685,275.96,758.15}{686,276.31,759.15}{687,276.64,760.15}{688,276.97,761.15}{689,277.31,762.15}{690,277.64,763.15}{691,277.98,764.15}{692,278.31,765.15}{693,278.64,766.15}{694,278.98,767.15}{695,279.31,768.15}{696,279.64,769.15}{697,279.98,770.15}{698,280.31,771.15}{699,280.64,772.15}{700,280.98,773.15}{701,281.31,774.15}{702,281.64,775.15}{703,281.97,776.15}{704,282.31,777.15}{705,282.64,778.15}{706,282.97,779.15}{707,283.3,780.15}{708,283.63,781.15}{709,283.97,782.15}{710,284.3,783.15}{711,284.63,784.15}{712,284.96,785.15}{713,285.29,786.15}{714,285.62,787.15}{715,285.95,788.15}{716,286.3,789.15}{717,286.63,790.15}{718,286.96,791.15}{719,287.29,792.15}{720,287.62,793.15}{721,287.95,794.15}{722,288.28,795.15}{723,288.61,796.15}{724,288.94,797.15}{725,289.27,798.15}{726,289.6,799.15}{727,289.93,800.15}{728,290.26,801.15}{729,290.59,802.15}{730,290.92,803.15}{731,291.25,804.15}{732,291.58,805.15}{733,291.9,806.15}{734,292.23,807.15}{735,292.56,808.15}{736,292.9,809.15}{737,293.23,810.15}{738,293.56,811.15}{739,293.89,812.15}{740,294.21,813.15}{741,294.54,814.15}{742,294.87,815.15}{743,295.2,816.15}{744,295.53,817.15}{745,295.85,818.15}{746,296.18,819.15}{747,296.51,820.15}{748,296.84,821.15}{749,297.16,822.15}{750,297.49,823.15}{751,297.82,824.15}{752,298.14,825.15}{753,298.47,826.15}{754,298.8,827.15}{755,299.12,828.15}{756,299.45,829.15}{757,299.78,830.15}{758,300.1,831.15}{759,300.43,832.15}{760,300.75,833.15}{761,301.08,834.15}{762,301.41,835.15}{763,301.73,836.15}{764,302.06,837.15}{765,302.38,838.15}{766,302.71,839.15}{767,303.03,840.15}{768,303.36,841.15}{769,303.68,842.15}{770,304.01,843.15}{771,304.33,844.15}{772,304.66,845.15}{773,304.98,846.15}{774,305.3,847.15}{775,305.63,848.15}{776,305.95,849.15}{777,306.28,850.15}{778,306.6,851.15}{779,306.92,852.15}{780,307.25,853.15}{781,307.57,854.15}{782,307.89,855.15}{783,308.22,856.15}{784,308.54,857.15}{785,308.86,858.15}{786,309.19,859.15}{787,309.51,860.15}{788,309.83,861.15}{789,310.15,862.15}{790,310.48,863.15}{791,310.8,864.15}{792,311.12,865.15}{793,311.45,866.15}{794,311.78,867.15}{795,312.1,868.15}{796,312.43,869.15}{797,312.75,870.15}{798,313.07,871.15}{799,313.39,872.15}{800,313.71,873.15}{801,314.04,874.15}{802,314.36,875.15}{803,314.68,876.15}{804,315,877.15}{805,315.32,878.15}{806,315.64,879.15}{807,315.96,880.15}{808,316.28,881.15}{809,316.6,882.15}{810,316.92,883.15}{811,317.24,884.15}{812,317.56,885.15}{813,317.88,886.15}{814,318.2,887.15}{815,318.52,888.15}{816,318.85,889.15}{817,319.17,890.15}{818,319.49,891.15}{819,319.81,892.15}{820,320.12,893.15}{821,320.44,894.15}{822,320.76,895.15}{823,321.08,896.15}{824,321.4,897.15}{825,321.72,898.15}{826,322.03,899.15}{827,322.34,900.15}{828,322.66,901.15}{829,322.98,902.15}{830,323.3,903.15}{831,323.61,904.15}{832,323.93,905.15}{833,324.25,906.15}{834,324.57,907.15}{835,324.88,908.15}{836,325.21,909.15}{837,325.53,910.15}{838,325.85,911.15}{839,326.16,912.15}{840,326.48,913.15}{841,326.79,914.15}{842,327.11,915.15}{843,327.43,916.15}{844,327.74,917.15}{845,328.06,918.15}{846,328.38,919.15}{847,328.69,920.15}{848,329.01,921.15}{849,329.32,922.15}{850,329.64,923.15}{851,329.95,924.15}{852,330.27,925.15}{853,330.58,926.15}{854,330.9,927.15}{855,331.21,928.15}{856,331.53,929.15}{857,331.84,930.15}{858,332.16,931.15}{859,332.47,932.15}{860,332.79,933.15}{861,333.1,934.15}{862,333.41,935.15}{863,333.73,936.15}{864,334.04,937.15}{865,334.36,938.15}{866,334.68,939.15}{867,334.99,940.15}{868,335.31,941.15}{869,335.62,942.15}{870,335.93,943.15}{871,336.25,944.15}{872,336.56,945.15}{873,336.87,946.15}{874,337.18,947.15}{875,337.5,948.15}{876,337.81,949.15}{877,338.12,950.15}{878,338.43,951.15}{879,338.75,952.15}{880,339.06,953.15}{881,339.37,954.15}{882,339.68,955.15}{883,339.99,956.15}{884,340.3,957.15}{885,340.62,958.15}{886,340.94,959.15}{887,341.25,960.15}{888,341.55,961.15}{889,341.87,962.15}{890,342.18,963.15}{891,342.49,964.15}{892,342.8,965.15}{893,343.11,966.15}{894,343.42,967.15}{895,343.73,968.15}{896,344.04,969.15}{897,344.35,970.15}{898,344.66,971.15}{899,344.97,972.15}{900,345.28,973.15}{901,345.59,974.15}{902,345.9,975.15}{903,346.21,976.15}{904,346.52,977.15}{905,346.83,978.15}{906,347.15,979.15}{907,347.46,980.15}{908,347.76,981.15}{909,348.07,982.15}{910,348.38,983.15}{911,348.69,984.15}{912,349,985.15}{913,349.31,986.15}{914,349.61,987.15}{915,349.92,988.15}{916,350.23,989.15}{917,350.54,990.15}{918,350.85,991.15}{919,351.15,992.15}{920,351.46,993.15}{921,351.77,994.15}{922,352.07,995.15}{923,352.38,996.15}{924,352.69,997.15}{925,352.99,998.15}{926,353.3,999.15}{927,353.61,1000.15}{928,353.91,1001.15}{929,354.22,1002.15}{930,354.53,1003.15}{931,354.83,1004.15}{932,355.14,1005.15}{933,355.44,1006.15}{934,355.75,1007.15}{935,356.06,1008.15}{936,356.37,1009.15}{937,356.68,1010.15}{938,356.98,1011.15}{939,357.29,1012.15}{940,357.59,1013.15}{941,357.9,1014.15}{942,358.2,1015.15}{943,358.51,1016.15}{944,358.81,1017.15}{945,359.12,1018.15}{946,359.42,1019.15}{947,359.72,1020.15}{948,360.03,1021.15}{949,360.33,1022.15}{950,360.64,1023.15}{951,360.94,1024.15}{952,361.24,1025.15}{953,361.55,1026.15}{954,361.85,1027.15}{955,362.15,1028.15}{956,362.46,1029.15}{957,362.76,1030.15}{958,363.06,1031.15}{959,363.36,1032.15}{960,363.67,1033.15}{961,363.97,1034.15}{962,364.27,1035.15}{963,364.57,1036.15}{964,364.88,1037.15}{965,365.18,1038.15}{966,365.49,1039.15}{967,365.79,1040.15}{968,366.09,1041.15}{969,366.4,1042.15}{970,366.7,1043.15}{971,367,1044.15}{972,367.3,1045.15}{973,367.6,1046.15}{974,367.9,1047.15}{975,368.2,1048.15}{976,368.5,1049.15}{977,368.81,1050.15}{978,369.11,1051.15}{979,369.41,1052.15}{980,369.71,1053.15}{981,370.01,1054.15}{982,370.31,1055.15}{983,370.61,1056.15}{984,370.91,1057.15}{985,371.21,1058.15}{986,371.52,1059.15}{987,371.82,1060.15}{988,372.12,1061.15}{989,372.41,1062.15}{990,372.71,1063.15}{991,373.01,1064.15}{992,373.31,1065.15}{993,373.61,1066.15}{994,373.91,1067.15}{995,374.21,1068.15}{996,374.51,1069.15}{997,374.8,1070.15}{998,375.1,1071.15}{999,375.4,1072.15}{1000,375.7,1073.15}{1001,376,1074.15}{1002,376.29,1075.15}{1003,376.59,1076.15}{1004,376.89,1077.15}{1005,377.19,1078.15}{1006,377.49,1079.15}{1007,377.79,1080.15}{1008,378.09,1081.15}{1009,378.39,1082.15}{1010,378.68,1083.15}{1011,378.98,1084.15}{1012,379.28,1085.15}{1013,379.57,1086.15}{1014,379.87,1087.15}{1015,380.17,1088.15}{1016,380.46,1089.15}{1017,380.76,1090.15}{1018,381.05,1091.15}{1019,381.35,1092.15}{1020,381.65,1093.15}{1021,381.94,1094.15}{1022,382.24,1095.15}{1023,382.53,1096.15}{1024,382.83,1097.15}{1025,383.12,1098.15}{1026,383.42,1099.15}{1027,383.71,1100.15}{1028,384.01,1101.15}{1029,384.3,1102.15}{1030,384.6,1103.15}{1031,384.89,1104.15}{1032,385.18,1105.15}{1033,385.48,1106.15}{1034,385.77,1107.15}{1035,386.07,1108.15}{1036,386.37,1109.15}{1037,386.66,1110.15}{1038,386.96,1111.15}{1039,387.25,1112.15}{1040,387.55,1113.15}{1041,387.84,1114.15}{1042,388.13,1115.15}{1043,388.42,1116.15}{1044,388.72,1117.15}{1045,389.01,1118.15}{1046,389.31,1119.15}{1047,389.61,1120.15}{1048,389.9,1121.15}{1049,390.19,1122.15}{1050,390.48,1123.15}&quot;"/>
                                                <instance name="dev01/Config/ch00007/Calibration_Sensor_Table_Type" order="2" value="1"/>
                                                <instance name="dev01/Config/ch00003/Calibration_Sensor_Maximum_Range" order="0" value="1123.15"/>
                                                <instance name="dev02/Config/ch00002/RTDRange" order="0" value="1"/>
                                                <instance name="dev01/Config/ch00002/Calibration_Sensor_Name" order="0" value="CalSensor2"/>
                                                <instance name="dev01/Config/ch00008/Calibration_Sensor_Table_Type" order="2" value="1"/>
                                                <instance name="dev01/Config/ch00006/Calibration_Sensor_Name" order="0" value="CalSensor6"/>
                                                <instance name="dev01/Config/ch00012/Calibration_Sensor_Table_Type" order="2" value="1"/>
                                                <instance name="dev02/Config/ch00009/rate" order="0" value="10"/>
                                                <instance name="dev02/Config/ch00001/Calibration_Sensor_Table_Type" order="2" value="1"/>
                                                <instance name="dev02/Config/ch00002/Calibration_Sensor_Table_Type" order="2" value="1"/>
                                                <instance name="dev02/Config/ch00001/rate" order="0" value="10"/>
                                                <instance name="dev01/Config/ch00008/Calibration_Sensor_Curve" order="0" value="&quot;{0,18.52,73.15}{1,18.96,74.15}{2,19.39,75.15}{3,19.82,76.15}{4,20.25,77.15}{5,20.68,78.15}{6,21.11,79.15}{7,21.54,80.15}{8,21.97,81.15}{9,22.4,82.15}{10,22.83,83.15}{11,23.26,84.15}{12,23.69,85.15}{13,24.12,86.15}{14,24.55,87.15}{15,24.97,88.15}{16,25.39,89.15}{17,25.82,90.15}{18,26.25,91.15}{19,26.67,92.15}{20,27.1,93.15}{21,27.52,94.15}{22,27.95,95.15}{23,28.37,96.15}{24,28.8,97.15}{25,29.22,98.15}{26,29.65,99.15}{27,30.07,100.15}{28,30.49,101.15}{29,30.92,102.15}{30,31.34,103.15}{31,31.76,104.15}{32,32.18,105.15}{33,32.61,106.15}{34,33.03,107.15}{35,33.45,108.15}{36,33.86,109.15}{37,34.28,110.15}{38,34.7,111.15}{39,35.12,112.15}{40,35.54,113.15}{41,35.96,114.15}{42,36.38,115.15}{43,36.8,116.15}{44,37.22,117.15}{45,37.63,118.15}{46,38.05,119.15}{47,38.47,120.15}{48,38.89,121.15}{49,39.31,122.15}{50,39.72,123.15}{51,40.14,124.15}{52,40.56,125.15}{53,40.97,126.15}{54,41.39,127.15}{55,41.8,128.15}{56,42.22,129.15}{57,42.64,130.15}{58,43.05,131.15}{59,43.46,132.15}{60,43.88,133.15}{61,44.29,134.15}{62,44.71,135.15}{63,45.12,136.15}{64,45.53,137.15}{65,45.95,138.15}{66,46.35,139.15}{67,46.76,140.15}{68,47.18,141.15}{69,47.59,142.15}{70,48,143.15}{71,48.41,144.15}{72,48.82,145.15}{73,49.23,146.15}{74,49.64,147.15}{75,50.06,148.15}{76,50.47,149.15}{77,50.88,150.15}{78,51.29,151.15}{79,51.7,152.15}{80,52.11,153.15}{81,52.52,154.15}{82,52.92,155.15}{83,53.33,156.15}{84,53.74,157.15}{85,54.15,158.15}{86,54.56,159.15}{87,54.97,160.15}{88,55.38,161.15}{89,55.78,162.15}{90,56.19,163.15}{91,56.6,164.15}{92,57,165.15}{93,57.41,166.15}{94,57.82,167.15}{95,58.22,168.15}{96,58.63,169.15}{97,59.04,170.15}{98,59.44,171.15}{99,59.85,172.15}{100,60.26,173.15}{101,60.67,174.15}{102,61.07,175.15}{103,61.48,176.15}{104,61.87,177.15}{105,62.29,178.15}{106,62.69,179.15}{107,63.1,180.15}{108,63.5,181.15}{109,63.91,182.15}{110,64.3,183.15}{111,64.7,184.15}{112,65.11,185.15}{113,65.51,186.15}{114,65.91,187.15}{115,66.31,188.15}{116,66.72,189.15}{117,67.12,190.15}{118,67.52,191.15}{119,67.92,192.15}{120,68.33,193.15}{121,68.73,194.15}{122,69.13,195.15}{123,69.53,196.15}{124,69.93,197.15}{125,70.33,198.15}{126,70.73,199.15}{127,71.13,200.15}{128,71.53,201.15}{129,71.93,202.15}{130,72.33,203.15}{131,72.73,204.15}{132,73.13,205.15}{133,73.53,206.15}{134,73.93,207.15}{135,74.33,208.15}{136,74.73,209.15}{137,75.13,210.15}{138,75.53,211.15}{139,75.93,212.15}{140,76.33,213.15}{141,76.73,214.15}{142,77.13,215.15}{143,77.52,216.15}{144,77.92,217.15}{145,78.32,218.15}{146,78.72,219.15}{147,79.11,220.15}{148,79.51,221.15}{149,79.91,222.15}{150,80.31,223.15}{151,80.7,224.15}{152,81.1,225.15}{153,81.5,226.15}{154,81.89,227.15}{155,82.29,228.15}{156,82.69,229.15}{157,83.08,230.15}{158,83.48,231.15}{159,83.88,232.15}{160,84.27,233.15}{161,84.67,234.15}{162,85.06,235.15}{163,85.46,236.15}{164,85.85,237.15}{165,86.25,238.15}{166,86.64,239.15}{167,87.04,240.15}{168,87.43,241.15}{169,87.83,242.15}{170,88.22,243.15}{171,88.62,244.15}{172,89.01,245.15}{173,89.4,246.15}{174,89.8,247.15}{175,90.19,248.15}{176,90.59,249.15}{177,90.98,250.15}{178,91.37,251.15}{179,91.77,252.15}{180,92.16,253.15}{181,92.55,254.15}{182,92.95,255.15}{183,93.34,256.15}{184,93.73,257.15}{185,94.12,258.15}{186,94.52,259.15}{187,94.91,260.15}{188,95.3,261.15}{189,95.69,262.15}{190,96.09,263.15}{191,96.48,264.15}{192,96.87,265.15}{193,97.26,266.15}{194,97.65,267.15}{195,98.04,268.15}{196,98.44,269.15}{197,98.83,270.15}{198,99.22,271.15}{199,99.61,272.15}{200,100,273.15}{201,100.39,274.15}{202,100.78,275.15}{203,101.17,276.15}{204,101.56,277.15}{205,101.95,278.15}{206,102.34,279.15}{207,102.73,280.15}{208,103.12,281.15}{209,103.51,282.15}{210,103.9,283.15}{211,104.29,284.15}{212,104.68,285.15}{213,105.07,286.15}{214,105.46,287.15}{215,105.85,288.15}{216,106.24,289.15}{217,106.63,290.15}{218,107.02,291.15}{219,107.4,292.15}{220,107.79,293.15}{221,108.18,294.15}{222,108.57,295.15}{223,108.96,296.15}{224,109.35,297.15}{225,109.73,298.15}{226,110.12,299.15}{227,110.51,300.15}{228,110.9,301.15}{229,111.28,302.15}{230,111.67,303.15}{231,112.06,304.15}{232,112.45,305.15}{233,112.83,306.15}{234,113.22,307.15}{235,113.61,308.15}{236,113.99,309.15}{237,114.38,310.15}{238,114.77,311.15}{239,115.15,312.15}{240,115.54,313.15}{241,115.93,314.15}{242,116.31,315.15}{243,116.7,316.15}{244,117.08,317.15}{245,117.47,318.15}{246,117.85,319.15}{247,118.24,320.15}{248,118.62,321.15}{249,119.01,322.15}{250,119.4,323.15}{251,119.78,324.15}{252,120.16,325.15}{253,120.55,326.15}{254,120.93,327.15}{255,121.32,328.15}{256,121.7,329.15}{257,122.09,330.15}{258,122.47,331.15}{259,122.86,332.15}{260,123.24,333.15}{261,123.62,334.15}{262,124.01,335.15}{263,124.39,336.15}{264,124.77,337.15}{265,125.17,338.15}{266,125.55,339.15}{267,125.93,340.15}{268,126.32,341.15}{269,126.7,342.15}{270,127.08,343.15}{271,127.46,344.15}{272,127.85,345.15}{273,128.23,346.15}{274,128.61,347.15}{275,128.99,348.15}{276,129.38,349.15}{277,129.76,350.15}{278,130.14,351.15}{279,130.52,352.15}{280,130.9,353.15}{281,131.28,354.15}{282,131.67,355.15}{283,132.05,356.15}{284,132.43,357.15}{285,132.81,358.15}{286,133.19,359.15}{287,133.57,360.15}{288,133.95,361.15}{289,134.33,362.15}{290,134.71,363.15}{291,135.09,364.15}{292,135.47,365.15}{293,135.85,366.15}{294,136.23,367.15}{295,136.61,368.15}{296,136.99,369.15}{297,137.37,370.15}{298,137.75,371.15}{299,138.13,372.15}{300,138.51,373.15}{301,138.89,374.15}{302,139.27,375.15}{303,139.65,376.15}{304,140.03,377.15}{305,140.39,378.15}{306,140.77,379.15}{307,141.15,380.15}{308,141.53,381.15}{309,141.91,382.15}{310,142.29,383.15}{311,142.66,384.15}{312,143.04,385.15}{313,143.42,386.15}{314,143.8,387.15}{315,144.18,388.15}{316,144.56,389.15}{317,144.94,390.15}{318,145.32,391.15}{319,145.69,392.15}{320,146.07,393.15}{321,146.45,394.15}{322,146.82,395.15}{323,147.2,396.15}{324,147.58,397.15}{325,147.95,398.15}{326,148.33,399.15}{327,148.71,400.15}{328,149.08,401.15}{329,149.46,402.15}{330,149.83,403.15}{331,150.21,404.15}{332,150.58,405.15}{333,150.96,406.15}{334,151.34,407.15}{335,151.71,408.15}{336,152.09,409.15}{337,152.46,410.15}{338,152.84,411.15}{339,153.21,412.15}{340,153.58,413.15}{341,153.95,414.15}{342,154.32,415.15}{343,154.71,416.15}{344,155.08,417.15}{345,155.46,418.15}{346,155.83,419.15}{347,156.21,420.15}{348,156.58,421.15}{349,156.96,422.15}{350,157.33,423.15}{351,157.71,424.15}{352,158.08,425.15}{353,158.45,426.15}{354,158.83,427.15}{355,159.2,428.15}{356,159.56,429.15}{357,159.94,430.15}{358,160.31,431.15}{359,160.68,432.15}{360,161.05,433.15}{361,161.43,434.15}{362,161.8,435.15}{363,162.17,436.15}{364,162.54,437.15}{365,162.91,438.15}{366,163.28,439.15}{367,163.66,440.15}{368,164.03,441.15}{369,164.4,442.15}{370,164.77,443.15}{371,165.14,444.15}{372,165.51,445.15}{373,165.88,446.15}{374,166.25,447.15}{375,166.62,448.15}{376,167,449.15}{377,167.37,450.15}{378,167.74,451.15}{379,168.11,452.15}{380,168.48,453.15}{381,168.85,454.15}{382,169.22,455.15}{383,169.59,456.15}{384,169.96,457.15}{385,170.33,458.15}{386,170.69,459.15}{387,171.06,460.15}{388,171.43,461.15}{389,171.8,462.15}{390,172.17,463.15}{391,172.54,464.15}{392,172.91,465.15}{393,173.27,466.15}{394,173.64,467.15}{395,174.01,468.15}{396,174.39,469.15}{397,174.75,470.15}{398,175.12,471.15}{399,175.49,472.15}{400,175.86,473.15}{401,176.23,474.15}{402,176.59,475.15}{403,176.96,476.15}{404,177.33,477.15}{405,177.7,478.15}{406,178.06,479.15}{407,178.43,480.15}{408,178.8,481.15}{409,179.16,482.15}{410,179.53,483.15}{411,179.9,484.15}{412,180.26,485.15}{413,180.63,486.15}{414,180.99,487.15}{415,181.36,488.15}{416,181.73,489.15}{417,182.09,490.15}{418,182.46,491.15}{419,182.82,492.15}{420,183.19,493.15}{421,183.55,494.15}{422,183.92,495.15}{423,184.28,496.15}{424,184.65,497.15}{425,185.01,498.15}{426,185.38,499.15}{427,185.74,500.15}{428,186.11,501.15}{429,186.47,502.15}{430,186.84,503.15}{431,187.2,504.15}{432,187.56,505.15}{433,187.93,506.15}{434,188.29,507.15}{435,188.65,508.15}{436,189.02,509.15}{437,189.38,510.15}{438,189.74,511.15}{439,190.11,512.15}{440,190.47,513.15}{441,190.83,514.15}{442,191.2,515.15}{443,191.56,516.15}{444,191.92,517.15}{445,192.28,518.15}{446,192.66,519.15}{447,193.02,520.15}{448,193.38,521.15}{449,193.74,522.15}{450,194.1,523.15}{451,194.47,524.15}{452,194.83,525.15}{453,195.19,526.15}{454,195.55,527.15}{455,195.9,528.15}{456,196.26,529.15}{457,196.62,530.15}{458,196.98,531.15}{459,197.35,532.15}{460,197.71,533.15}{461,198.07,534.15}{462,198.43,535.15}{463,198.79,536.15}{464,199.15,537.15}{465,199.51,538.15}{466,199.87,539.15}{467,200.23,540.15}{468,200.59,541.15}{469,200.95,542.15}{470,201.31,543.15}{471,201.67,544.15}{472,202.03,545.15}{473,202.38,546.15}{474,202.74,547.15}{475,203.1,548.15}{476,203.46,549.15}{477,203.82,550.15}{478,204.18,551.15}{479,204.54,552.15}{480,204.9,553.15}{481,205.25,554.15}{482,205.61,555.15}{483,205.97,556.15}{484,206.33,557.15}{485,206.7,558.15}{486,207.05,559.15}{487,207.41,560.15}{488,207.77,561.15}{489,208.13,562.15}{490,208.48,563.15}{491,208.84,564.15}{492,209.2,565.15}{493,209.55,566.15}{494,209.91,567.15}{495,210.27,568.15}{496,210.62,569.15}{497,210.98,570.15}{498,211.34,571.15}{499,211.69,572.15}{500,212.05,573.15}{501,212.4,574.15}{502,212.76,575.15}{503,213.12,576.15}{504,213.47,577.15}{505,213.83,578.15}{506,214.19,579.15}{507,214.55,580.15}{508,214.9,581.15}{509,215.26,582.15}{510,215.61,583.15}{511,215.97,584.15}{512,216.32,585.15}{513,216.68,586.15}{514,217.03,587.15}{515,217.39,588.15}{516,217.73,589.15}{517,218.08,590.15}{518,218.44,591.15}{519,218.79,592.15}{520,219.15,593.15}{521,219.5,594.15}{522,219.85,595.15}{523,220.21,596.15}{524,220.56,597.15}{525,220.91,598.15}{526,221.27,599.15}{527,221.62,600.15}{528,221.97,601.15}{529,222.32,602.15}{530,222.68,603.15}{531,223.03,604.15}{532,223.38,605.15}{533,223.73,606.15}{534,224.09,607.15}{535,224.45,608.15}{536,224.8,609.15}{537,225.15,610.15}{538,225.5,611.15}{539,225.85,612.15}{540,226.21,613.15}{541,226.56,614.15}{542,226.91,615.15}{543,227.26,616.15}{544,227.61,617.15}{545,227.96,618.15}{546,228.31,619.15}{547,228.66,620.15}{548,229.01,621.15}{549,229.36,622.15}{550,229.72,623.15}{551,230.07,624.15}{552,230.42,625.15}{553,230.77,626.15}{554,231.12,627.15}{555,231.47,628.15}{556,231.81,629.15}{557,232.16,630.15}{558,232.51,631.15}{559,232.86,632.15}{560,233.21,633.15}{561,233.56,634.15}{562,233.91,635.15}{563,234.26,636.15}{564,234.6,637.15}{565,234.95,638.15}{566,235.3,639.15}{567,235.65,640.15}{568,236,641.15}{569,236.35,642.15}{570,236.7,643.15}{571,237.05,644.15}{572,237.4,645.15}{573,237.75,646.15}{574,238.09,647.15}{575,238.44,648.15}{576,238.79,649.15}{577,239.14,650.15}{578,239.48,651.15}{579,239.83,652.15}{580,240.18,653.15}{581,240.52,654.15}{582,240.87,655.15}{583,241.22,656.15}{584,241.56,657.15}{585,241.91,658.15}{586,242.25,659.15}{587,242.6,660.15}{588,242.95,661.15}{589,243.29,662.15}{590,243.64,663.15}{591,243.98,664.15}{592,244.33,665.15}{593,244.67,666.15}{594,245.02,667.15}{595,245.36,668.15}{596,245.71,669.15}{597,246.05,670.15}{598,246.4,671.15}{599,246.74,672.15}{600,247.09,673.15}{601,247.43,674.15}{602,247.78,675.15}{603,248.12,676.15}{604,248.46,677.15}{605,248.81,678.15}{606,249.15,679.15}{607,249.5,680.15}{608,249.84,681.15}{609,250.18,682.15}{610,250.53,683.15}{611,250.89,684.15}{612,251.21,685.15}{613,251.55,686.15}{614,251.9,687.15}{615,252.24,688.15}{616,252.59,689.15}{617,252.94,690.15}{618,253.28,691.15}{619,253.62,692.15}{620,253.96,693.15}{621,254.3,694.15}{622,254.65,695.15}{623,254.99,696.15}{624,255.33,697.15}{625,255.67,698.15}{626,256.01,699.15}{627,256.35,700.15}{628,256.7,701.15}{629,257.04,702.15}{630,257.38,703.15}{631,257.72,704.15}{632,258.06,705.15}{633,258.4,706.15}{634,258.74,707.15}{635,259.08,708.15}{636,259.42,709.15}{637,259.76,710.15}{638,260.1,711.15}{639,260.44,712.15}{640,260.78,713.15}{641,261.12,714.15}{642,261.46,715.15}{643,261.8,716.15}{644,262.14,717.15}{645,262.48,718.15}{646,262.83,719.15}{647,263.17,720.15}{648,263.5,721.15}{649,263.84,722.15}{650,264.18,723.15}{651,264.52,724.15}{652,264.86,725.15}{653,265.2,726.15}{654,265.54,727.15}{655,265.87,728.15}{656,266.21,729.15}{657,266.55,730.15}{658,266.89,731.15}{659,267.22,732.15}{660,267.56,733.15}{661,267.9,734.15}{662,268.24,735.15}{663,268.57,736.15}{664,268.91,737.15}{665,269.25,738.15}{666,269.58,739.15}{667,269.92,740.15}{668,270.26,741.15}{669,270.59,742.15}{670,270.93,743.15}{671,271.27,744.15}{672,271.6,745.15}{673,271.94,746.15}{674,272.27,747.15}{675,272.61,748.15}{676,272.95,749.15}{677,273.28,750.15}{678,273.62,751.15}{679,273.95,752.15}{680,274.29,753.15}{681,274.62,754.15}{682,274.96,755.15}{683,275.29,756.15}{684,275.63,757.15}{685,275.96,758.15}{686,276.31,759.15}{687,276.64,760.15}{688,276.97,761.15}{689,277.31,762.15}{690,277.64,763.15}{691,277.98,764.15}{692,278.31,765.15}{693,278.64,766.15}{694,278.98,767.15}{695,279.31,768.15}{696,279.64,769.15}{697,279.98,770.15}{698,280.31,771.15}{699,280.64,772.15}{700,280.98,773.15}{701,281.31,774.15}{702,281.64,775.15}{703,281.97,776.15}{704,282.31,777.15}{705,282.64,778.15}{706,282.97,779.15}{707,283.3,780.15}{708,283.63,781.15}{709,283.97,782.15}{710,284.3,783.15}{711,284.63,784.15}{712,284.96,785.15}{713,285.29,786.15}{714,285.62,787.15}{715,285.95,788.15}{716,286.3,789.15}{717,286.63,790.15}{718,286.96,791.15}{719,287.29,792.15}{720,287.62,793.15}{721,287.95,794.15}{722,288.28,795.15}{723,288.61,796.15}{724,288.94,797.15}{725,289.27,798.15}{726,289.6,799.15}{727,289.93,800.15}{728,290.26,801.15}{729,290.59,802.15}{730,290.92,803.15}{731,291.25,804.15}{732,291.58,805.15}{733,291.9,806.15}{734,292.23,807.15}{735,292.56,808.15}{736,292.9,809.15}{737,293.23,810.15}{738,293.56,811.15}{739,293.89,812.15}{740,294.21,813.15}{741,294.54,814.15}{742,294.87,815.15}{743,295.2,816.15}{744,295.53,817.15}{745,295.85,818.15}{746,296.18,819.15}{747,296.51,820.15}{748,296.84,821.15}{749,297.16,822.15}{750,297.49,823.15}{751,297.82,824.15}{752,298.14,825.15}{753,298.47,826.15}{754,298.8,827.15}{755,299.12,828.15}{756,299.45,829.15}{757,299.78,830.15}{758,300.1,831.15}{759,300.43,832.15}{760,300.75,833.15}{761,301.08,834.15}{762,301.41,835.15}{763,301.73,836.15}{764,302.06,837.15}{765,302.38,838.15}{766,302.71,839.15}{767,303.03,840.15}{768,303.36,841.15}{769,303.68,842.15}{770,304.01,843.15}{771,304.33,844.15}{772,304.66,845.15}{773,304.98,846.15}{774,305.3,847.15}{775,305.63,848.15}{776,305.95,849.15}{777,306.28,850.15}{778,306.6,851.15}{779,306.92,852.15}{780,307.25,853.15}{781,307.57,854.15}{782,307.89,855.15}{783,308.22,856.15}{784,308.54,857.15}{785,308.86,858.15}{786,309.19,859.15}{787,309.51,860.15}{788,309.83,861.15}{789,310.15,862.15}{790,310.48,863.15}{791,310.8,864.15}{792,311.12,865.15}{793,311.45,866.15}{794,311.78,867.15}{795,312.1,868.15}{796,312.43,869.15}{797,312.75,870.15}{798,313.07,871.15}{799,313.39,872.15}{800,313.71,873.15}{801,314.04,874.15}{802,314.36,875.15}{803,314.68,876.15}{804,315,877.15}{805,315.32,878.15}{806,315.64,879.15}{807,315.96,880.15}{808,316.28,881.15}{809,316.6,882.15}{810,316.92,883.15}{811,317.24,884.15}{812,317.56,885.15}{813,317.88,886.15}{814,318.2,887.15}{815,318.52,888.15}{816,318.85,889.15}{817,319.17,890.15}{818,319.49,891.15}{819,319.81,892.15}{820,320.12,893.15}{821,320.44,894.15}{822,320.76,895.15}{823,321.08,896.15}{824,321.4,897.15}{825,321.72,898.15}{826,322.03,899.15}{827,322.34,900.15}{828,322.66,901.15}{829,322.98,902.15}{830,323.3,903.15}{831,323.61,904.15}{832,323.93,905.15}{833,324.25,906.15}{834,324.57,907.15}{835,324.88,908.15}{836,325.21,909.15}{837,325.53,910.15}{838,325.85,911.15}{839,326.16,912.15}{840,326.48,913.15}{841,326.79,914.15}{842,327.11,915.15}{843,327.43,916.15}{844,327.74,917.15}{845,328.06,918.15}{846,328.38,919.15}{847,328.69,920.15}{848,329.01,921.15}{849,329.32,922.15}{850,329.64,923.15}{851,329.95,924.15}{852,330.27,925.15}{853,330.58,926.15}{854,330.9,927.15}{855,331.21,928.15}{856,331.53,929.15}{857,331.84,930.15}{858,332.16,931.15}{859,332.47,932.15}{860,332.79,933.15}{861,333.1,934.15}{862,333.41,935.15}{863,333.73,936.15}{864,334.04,937.15}{865,334.36,938.15}{866,334.68,939.15}{867,334.99,940.15}{868,335.31,941.15}{869,335.62,942.15}{870,335.93,943.15}{871,336.25,944.15}{872,336.56,945.15}{873,336.87,946.15}{874,337.18,947.15}{875,337.5,948.15}{876,337.81,949.15}{877,338.12,950.15}{878,338.43,951.15}{879,338.75,952.15}{880,339.06,953.15}{881,339.37,954.15}{882,339.68,955.15}{883,339.99,956.15}{884,340.3,957.15}{885,340.62,958.15}{886,340.94,959.15}{887,341.25,960.15}{888,341.55,961.15}{889,341.87,962.15}{890,342.18,963.15}{891,342.49,964.15}{892,342.8,965.15}{893,343.11,966.15}{894,343.42,967.15}{895,343.73,968.15}{896,344.04,969.15}{897,344.35,970.15}{898,344.66,971.15}{899,344.97,972.15}{900,345.28,973.15}{901,345.59,974.15}{902,345.9,975.15}{903,346.21,976.15}{904,346.52,977.15}{905,346.83,978.15}{906,347.15,979.15}{907,347.46,980.15}{908,347.76,981.15}{909,348.07,982.15}{910,348.38,983.15}{911,348.69,984.15}{912,349,985.15}{913,349.31,986.15}{914,349.61,987.15}{915,349.92,988.15}{916,350.23,989.15}{917,350.54,990.15}{918,350.85,991.15}{919,351.15,992.15}{920,351.46,993.15}{921,351.77,994.15}{922,352.07,995.15}{923,352.38,996.15}{924,352.69,997.15}{925,352.99,998.15}{926,353.3,999.15}{927,353.61,1000.15}{928,353.91,1001.15}{929,354.22,1002.15}{930,354.53,1003.15}{931,354.83,1004.15}{932,355.14,1005.15}{933,355.44,1006.15}{934,355.75,1007.15}{935,356.06,1008.15}{936,356.37,1009.15}{937,356.68,1010.15}{938,356.98,1011.15}{939,357.29,1012.15}{940,357.59,1013.15}{941,357.9,1014.15}{942,358.2,1015.15}{943,358.51,1016.15}{944,358.81,1017.15}{945,359.12,1018.15}{946,359.42,1019.15}{947,359.72,1020.15}{948,360.03,1021.15}{949,360.33,1022.15}{950,360.64,1023.15}{951,360.94,1024.15}{952,361.24,1025.15}{953,361.55,1026.15}{954,361.85,1027.15}{955,362.15,1028.15}{956,362.46,1029.15}{957,362.76,1030.15}{958,363.06,1031.15}{959,363.36,1032.15}{960,363.67,1033.15}{961,363.97,1034.15}{962,364.27,1035.15}{963,364.57,1036.15}{964,364.88,1037.15}{965,365.18,1038.15}{966,365.49,1039.15}{967,365.79,1040.15}{968,366.09,1041.15}{969,366.4,1042.15}{970,366.7,1043.15}{971,367,1044.15}{972,367.3,1045.15}{973,367.6,1046.15}{974,367.9,1047.15}{975,368.2,1048.15}{976,368.5,1049.15}{977,368.81,1050.15}{978,369.11,1051.15}{979,369.41,1052.15}{980,369.71,1053.15}{981,370.01,1054.15}{982,370.31,1055.15}{983,370.61,1056.15}{984,370.91,1057.15}{985,371.21,1058.15}{986,371.52,1059.15}{987,371.82,1060.15}{988,372.12,1061.15}{989,372.41,1062.15}{990,372.71,1063.15}{991,373.01,1064.15}{992,373.31,1065.15}{993,373.61,1066.15}{994,373.91,1067.15}{995,374.21,1068.15}{996,374.51,1069.15}{997,374.8,1070.15}{998,375.1,1071.15}{999,375.4,1072.15}{1000,375.7,1073.15}{1001,376,1074.15}{1002,376.29,1075.15}{1003,376.59,1076.15}{1004,376.89,1077.15}{1005,377.19,1078.15}{1006,377.49,1079.15}{1007,377.79,1080.15}{1008,378.09,1081.15}{1009,378.39,1082.15}{1010,378.68,1083.15}{1011,378.98,1084.15}{1012,379.28,1085.15}{1013,379.57,1086.15}{1014,379.87,1087.15}{1015,380.17,1088.15}{1016,380.46,1089.15}{1017,380.76,1090.15}{1018,381.05,1091.15}{1019,381.35,1092.15}{1020,381.65,1093.15}{1021,381.94,1094.15}{1022,382.24,1095.15}{1023,382.53,1096.15}{1024,382.83,1097.15}{1025,383.12,1098.15}{1026,383.42,1099.15}{1027,383.71,1100.15}{1028,384.01,1101.15}{1029,384.3,1102.15}{1030,384.6,1103.15}{1031,384.89,1104.15}{1032,385.18,1105.15}{1033,385.48,1106.15}{1034,385.77,1107.15}{1035,386.07,1108.15}{1036,386.37,1109.15}{1037,386.66,1110.15}{1038,386.96,1111.15}{1039,387.25,1112.15}{1040,387.55,1113.15}{1041,387.84,1114.15}{1042,388.13,1115.15}{1043,388.42,1116.15}{1044,388.72,1117.15}{1045,389.01,1118.15}{1046,389.31,1119.15}{1047,389.61,1120.15}{1048,389.9,1121.15}{1049,390.19,1122.15}{1050,390.48,1123.15}&quot;"/>
                                                <instance name="dev02/Config/ch00003/Calibration_Sensor_Table_Type" order="2" value="1"/>
                                                <instance name="dev02/Config/ch00004/Calibration_Sensor_Table_Type" order="2" value="1"/>
                                                <instance name="dev01/Config/ch00003/Calibration_Sensor_Name" order="0" value="CalSensor3"/>
                                                <instance name="dev02/Config/ch00005/Calibration_Sensor_Table_Type" order="2" value="1"/>
                                                <instance name="dev01/Config/ch00006/Calibration_Sensor_Maximum_Range" order="0" value="1123.15"/>
                                                <instance name="dev02/Config/ch00010/rate" order="0" value="10"/>
                                                <instance name="dev02/Config/ch00011/rate" order="0" value="10"/>
                                                <instance name="dev02/Config/ch00012/rate" order="0" value="10"/>
                                                <instance name="dev01/Config/ch00001/LeadRes" order="0" value="0"/>
                                                <instance name="dev02/Config/ch00010/enable" order="1" value="1"/>
                                                <instance name="dev02/Config/ch00003/Calibration_Sensor_Calibration_Date" order="0" value="2020-01-01"/>
                                                <instance name="dev01/Config/ch00006/RTDRange" order="0" value="1"/>
                                                <instance name="dev01/Config/ch00005/enable" order="1" value="1"/>
                                                <instance name="dev01/Config/ch00001/Calibration_Sensor_Maximum_Range" order="0" value="1123.15"/>
                                                <instance name="dev01/Config/ch00002/LeadRes" order="0" value="0"/>
                                                <instance name="dev01/Config/ch00003/LeadRes" order="0" value="0"/>
                                                <instance name="dev02/Config/ch00005/Calibration_Sensor_Calibration_Date" order="0" value="2020-01-01"/>
                                                <instance name="dev01/Config/ch00012/Calibration_Sensor_Name" order="0" value="CalSensor12"/>
                                                <instance name="dev01/Config/ch00007/RTDRange" order="0" value="1"/>
                                                <instance name="dev02/Config/ch00008/enable" order="1" value="1"/>
                                                <instance name="dev01/Config/ch00004/LeadRes" order="0" value="0"/>
                                                <instance name="dev01/Config/ch00005/LeadRes" order="0" value="0"/>
                                                <instance name="dev01/Config/ch00006/LeadRes" order="0" value="0"/>
                                                <instance name="dev02/Config/ch00001/Calibration_Sensor_Maximum_Range" order="0" value="1123.15"/>
                                                <instance name="dev01/Config/ch00004/Calibration_Sensor_Name" order="0" value="CalSensor4"/>
                                                <instance name="dev02/Config/ch00003/RTDRange" order="0" value="1"/>
                                                <instance name="dev01/Config/ch00007/LeadRes" order="0" value="0"/>
                                                <instance name="dev02/Config/ch00005/RTDRange" order="0" value="1"/>
                                                <instance name="dev01/Config/ch00008/LeadRes" order="0" value="0"/>
                                                <instance name="dev01/Config/ch00012/LeadRes" order="0" value="0"/>
                                                <instance name="dev02/Config/ch00001/LeadRes" order="0" value="0"/>
                                                <instance name="dev02/Config/ch00002/LeadRes" order="0" value="0"/>
                                                <instance name="dev01/Config/ch00007/Calibration_Sensor_Maximum_Range" order="0" value="1123.15"/>
                                                <instance name="dev01/Config/ch00006/enable" order="1" value="1"/>
                                                <instance name="dev02/Config/ch00001/Calibration_Sensor_Name" order="0" value="CalSensor13"/>
                                                <instance name="dev02/Config/ch00001/Calibration_Sensor_Calibration_Date" order="0" value="2020-01-01"/>
                                                <instance name="dev01/Config/ch00001/Calibration_Sensor_Calibration_Date" order="0" value="2020-01-01"/>
                                                <instance name="dev02/Config/ch00006/Calibration_Sensor_Calibration_Date" order="0" value="2020-01-01"/>
                                                <instance name="dev02/Config/ch00006/Calibration_Sensor_Table_Type" order="2" value="1"/>
                                                <instance name="dev02/Config/ch00003/LeadRes" order="0" value="0"/>
                                                <instance name="dev02/Config/ch00009/enable" order="1" value="1"/>
                                                <instance name="dev02/Config/ch00004/LeadRes" order="0" value="0"/>
                                                <instance name="dev01/Config/ch00008/enable" order="1" value="1"/>
                                                <instance name="dev02/Config/ch00005/LeadRes" order="0" value="0"/>
                                                <instance name="dev02/Config/ch00006/LeadRes" order="0" value="0"/>
                                                <instance name="dev02/Config/ch00007/LeadRes" order="0" value="0"/>
                                            </attributes>
                                        </instance>
                                    </serial-numbers>
                                </instance>
                            </models>
                        </instance>
                        <instance name="MDS">
                            <models>
                                <instance name="nxDAS-RTE">
                                    <serial-numbers>
                                        <instance name="00000002" backbone-config-data="4,239.255.0.4,239.255.0.1,5" logicalid="RTE" node-config-data="1.0,1.0,map,1.0,rtehost:6603/channelmap 1.0,1.0,attrv,1.0,rtehost/RTE 1.0,1.0,attrv,1.0,rtehost:6603/RTE">
                                            <attributes/>
                                        </instance>
                                    </serial-numbers>
                                </instance>
                                <instance name="nxCollector">
                                    <serial-numbers>
                                        <instance name="00000001" backbone-config-data="4,239.255.0.4,239.255.0.1,5" logicalid="collector" node-config-data="n/a,1.0,map,1.0,rtehost:6603/channelmap n/a,1.0,attrv,1.0,rtehost/collector n/a,1.0,attrv,1.0,rtehost:6603/collector">
                                            <attributes>
                                                <instance name="rte/enable" order="0" value="1"/>
                                                <instance name="routes/add" order="1" value="5:217-217:b 5:6003-6003:b"/>
                                                <instance name="router/enable" order="0" value="1"/>
                                                <instance name="substats/enable" order="0" value="0"/>
                                                <instance name="net/ifmap" order="0" value="5:eno1,eno2"/>
                                                <instance name="log/filename" order="0" value="collector"/>
                                                <instance name="log/filepath" order="0" value="/users/RTE/logs/continuous_log"/>
                                                <instance name="log/fileprefix" order="0" value="CRD_"/>
                                                <instance name="hdf5/enable" order="0" value="1"/>
                                                <instance name="log/enable" order="0" value="1"/>
                                                <instance name="subs/sub" order="0" value="3:1-999:r 10:2000-3999:r 6:4000-4999:r 2:5000-5999:r 4:6000-6999:r 3:9000-9999:r 6:10000:r"/>
                                            </attributes>
                                        </instance>
                                    </serial-numbers>
                                </instance>
                                <instance name="nxDAS iDDS Interface">
                                    <serial-numbers>
                                        <instance name="00000001" backbone-config-data="4,239.255.0.4,239.255.0.1,5" logicalid="nxif" node-config-data="1.0,1.0,map,1.0,rtehost:6603/channelmap 1.0,1.0,attrv,1.0,rtehost/nxif 1.0,1.0,attrv,1.0,rtehost:6603/nxif">
                                            <attributes/>
                                        </instance>
                                    </serial-numbers>
                                </instance>
                                <instance name="router">
                                    <serial-numbers>
                                        <instance name="00000005" backbone-config-data="5,239.255.0.5,239.255.0.1,5" logicalid="router05" node-config-data="">
                                            <attributes/>
                                        </instance>
                                    </serial-numbers>
                                </instance>
                                <instance name="iDDS Demo Instrument">
                                    <serial-numbers>
                                        <instance name="00000001" backbone-config-data="7,239.255.0.7,239.255.0.1,5" logicalid="demoInstr" node-config-data="1.0,1.0,map,1.0,rtehost:6603/channelmap 1.0,1.0,attrv,1.0,rtehost/demoInstr 1.0,1.0,attrv,1.0,rtehost:6603/demoInstr">
                                            <attributes>
                                                <instance name="ch00001/rate" order="0" value="200"/>
                                            </attributes>
                                        </instance>
                                    </serial-numbers>
                                </instance>
                            </models>
                        </instance>
                        <instance name="manufacturer_a">
                            <models>
                                <instance name="product_a">
                                    <serial-numbers>
                                        <instance name="963040" backbone-config-data="2,239.255.0.2,239.255.0.1,5" logicalid="scutrsim" node-config-data="1.1,2.2,attrv,1.0,tftp://10.130.214.254/TZ123193_Config.tar.gz">
                                            <attributes/>
                                        </instance>
                                    </serial-numbers>
                                </instance>
                            </models>
                        </instance>
                        <instance name="RR_PLC">
                            <models>
                                <instance name="EMS">
                                    <serial-numbers>
                                        <instance name="EMS-DDS-1" backbone-config-data="10,239.255.0.10,239.255.0.1,5" logicalid="devEMS" node-config-data="1.1,2.4.7.5,map,1.0,rtehost:6603/channelmap 1.1,2.4.7.5,attrv,1.0,rtehost/devEMS 1.1,2.4.7.5,attrv,1.0,rtehost:6603/devEMS">
                                            <attributes/>
                                        </instance>
                                    </serial-numbers>
                                </instance>
                            </models>
                        </instance>
                        <instance name="VTI Instruments Corporation">
                            <models>
                                <instance name="RX3036">
                                    <serial-numbers>
                                        <instance name="735341" backbone-config-data="3,239.255.0.3,239.255.0.1,5" logicalid="rx3036-1" node-config-data="A,1.14.17|1.14.17,attrv,1.0,10.130.214.254/rx3036-strain-200Hz-seq_recsz10_yb1.json">
                                            <attributes/>
                                        </instance>
                                    </serial-numbers>
                                </instance>
                            </models>
                        </instance>
                    </vendors>
                </instance>
                <instance name="PBS" description="" is-enabled="true" subsystem-type="pbs">
                    <pbs-bricks>
                        <instance name="PB20246" pbs-cont-purge-enable="false" pbs-default-eu="psi" pbs-max-scan-rate="10" pbs-scanner-type="pbs-9216">
                            <pbs-ports>
                                <instance pbs-port-number="1" description="" pbs-max-press-range="10"/>
                                <instance pbs-port-number="8" description="" pbs-max-press-range="10"/>
                                <instance pbs-port-number="9" description="" pbs-max-press-range="10"/>
                                <instance pbs-port-number="10" description="" pbs-max-press-range="10"/>
                                <instance pbs-port-number="11" description="" pbs-max-press-range="10"/>
                                <instance pbs-port-number="12" description="" pbs-max-press-range="10"/>
                                <instance pbs-port-number="13" description="" pbs-max-press-range="10"/>
                                <instance pbs-port-number="14" description="" pbs-max-press-range="10"/>
                                <instance pbs-port-number="15" description="" pbs-max-press-range="10"/>
                                <instance pbs-port-number="16" description="" pbs-max-press-range="10"/>
                                <instance pbs-port-number="2" description="" pbs-max-press-range="10"/>
                                <instance pbs-port-number="3" description="" pbs-max-press-range="10"/>
                                <instance pbs-port-number="4" description="" pbs-max-press-range="10"/>
                                <instance pbs-port-number="5" description="" pbs-max-press-range="10"/>
                                <instance pbs-port-number="6" description="" pbs-max-press-range="10"/>
                                <instance pbs-port-number="7" description="" pbs-max-press-range="10"/>
                            </pbs-ports>
                        </instance>
                        <instance name="PB5310" pbs-cont-purge-enable="false" pbs-default-eu="psi" pbs-max-scan-rate="10" pbs-scanner-type="pbs-9116">
                            <pbs-ports>
                                <instance pbs-port-number="1" description="" pbs-max-press-range="10"/>
                                <instance pbs-port-number="8" description="" pbs-max-press-range="10"/>
                                <instance pbs-port-number="9" description="" pbs-max-press-range="10"/>
                                <instance pbs-port-number="10" description="" pbs-max-press-range="10"/>
                                <instance pbs-port-number="11" description="" pbs-max-press-range="10"/>
                                <instance pbs-port-number="12" description="" pbs-max-press-range="10"/>
                                <instance pbs-port-number="13" description="" pbs-max-press-range="10"/>
                                <instance pbs-port-number="14" description="" pbs-max-press-range="10"/>
                                <instance pbs-port-number="15" description="" pbs-max-press-range="10"/>
                                <instance pbs-port-number="16" description="" pbs-max-press-range="10"/>
                                <instance pbs-port-number="2" description="" pbs-max-press-range="10"/>
                                <instance pbs-port-number="3" description="" pbs-max-press-range="10"/>
                                <instance pbs-port-number="4" description="" pbs-max-press-range="10"/>
                                <instance pbs-port-number="5" description="" pbs-max-press-range="10"/>
                                <instance pbs-port-number="6" description="" pbs-max-press-range="10"/>
                                <instance pbs-port-number="7" description="" pbs-max-press-range="10"/>
                            </pbs-ports>
                        </instance>
                        <instance name="PB8793" pbs-cont-purge-enable="false" pbs-default-eu="psi" pbs-max-scan-rate="10" pbs-scanner-type="pbs-9116">
                            <pbs-ports>
                                <instance pbs-port-number="1" description="" pbs-max-press-range="10"/>
                                <instance pbs-port-number="8" description="" pbs-max-press-range="10"/>
                                <instance pbs-port-number="9" description="" pbs-max-press-range="10"/>
                                <instance pbs-port-number="10" description="" pbs-max-press-range="10"/>
                                <instance pbs-port-number="11" description="" pbs-max-press-range="10"/>
                                <instance pbs-port-number="12" description="" pbs-max-press-range="10"/>
                                <instance pbs-port-number="13" description="" pbs-max-press-range="10"/>
                                <instance pbs-port-number="14" description="" pbs-max-press-range="10"/>
                                <instance pbs-port-number="15" description="" pbs-max-press-range="10"/>
                                <instance pbs-port-number="16" description="" pbs-max-press-range="10"/>
                                <instance pbs-port-number="2" description="" pbs-max-press-range="10"/>
                                <instance pbs-port-number="3" description="" pbs-max-press-range="10"/>
                                <instance pbs-port-number="4" description="" pbs-max-press-range="10"/>
                                <instance pbs-port-number="5" description="" pbs-max-press-range="10"/>
                                <instance pbs-port-number="6" description="" pbs-max-press-range="10"/>
                                <instance pbs-port-number="7" description="" pbs-max-press-range="10"/>
                            </pbs-ports>
                        </instance>
                    </pbs-bricks>
                </instance>
                <instance name="TSM" description="" is-enabled="true" subsystem-type="tsm">
                    <tsm-scanners>
                        <instance name="262250" tsm-a-to-d-samples="64" tsm-default-eu="K" tsm-max-scan-rate="1" tsm-reference-alarm-limit="10" tsm-reference-scan-interval="1" tsm-scanner-type="tsm-9146">
                            <tsm-ports>
                                <instance tsm-port-number="1" tsm-description="" tsm-port-type="thermocouple"/>
                                <instance tsm-port-number="8" tsm-description="" tsm-port-type="thermocouple"/>
                                <instance tsm-port-number="9" tsm-description="" tsm-port-type="thermocouple"/>
                                <instance tsm-port-number="10" tsm-description="" tsm-port-type="thermocouple"/>
                                <instance tsm-port-number="11" tsm-description="" tsm-port-type="thermocouple"/>
                                <instance tsm-port-number="12" tsm-description="" tsm-port-type="thermocouple"/>
                                <instance tsm-port-number="13" tsm-description="" tsm-port-type="thermocouple"/>
                                <instance tsm-port-number="14" tsm-description="" tsm-port-type="thermocouple"/>
                                <instance tsm-port-number="15" tsm-description="" tsm-port-type="thermocouple"/>
                                <instance tsm-port-number="16" tsm-description="" tsm-port-type="thermocouple"/>
                                <instance tsm-port-number="2" tsm-description="" tsm-port-type="thermocouple"/>
                                <instance tsm-port-number="3" tsm-description="" tsm-port-type="thermocouple"/>
                                <instance tsm-port-number="4" tsm-description="" tsm-port-type="thermocouple"/>
                                <instance tsm-port-number="5" tsm-description="" tsm-port-type="thermocouple"/>
                                <instance tsm-port-number="6" tsm-description="" tsm-port-type="thermocouple"/>
                                <instance tsm-port-number="7" tsm-description="" tsm-port-type="thermocouple"/>
                            </tsm-ports>
                        </instance>
                    </tsm-scanners>
                </instance>
                <instance name="arinc429" description="" is-enabled="true" subsystem-type="arinc429">
                    <arinc429-pinouts>
                        <instance name="ArincTx01" arinc429-port="1" arinc429-port-speed="high" arinc429-source="output"/>
                        <instance name="ArincRx03" arinc429-port="3" arinc429-port-speed="high" arinc429-source="input"/>
                        <instance name="ArincRx04" arinc429-port="4" arinc429-port-speed="high" arinc429-source="input"/>
                        <instance name="ArincRx05" arinc429-port="5" arinc429-port-speed="high" arinc429-source="input"/>
                        <instance name="ArincRx06" arinc429-port="6" arinc429-port-speed="high" arinc429-source="input"/>
                        <instance name="ArincRx07" arinc429-port="7" arinc429-port-speed="high" arinc429-source="input"/>
                        <instance name="ArincRx08" arinc429-port="8" arinc429-port-speed="high" arinc429-source="input"/>
                        <instance name="ArincTx02" arinc429-port="2" arinc429-port-speed="high" arinc429-source="output"/>
                        <instance name="ArincTx03" arinc429-port="3" arinc429-port-speed="high" arinc429-source="output"/>
                        <instance name="ArincTx04" arinc429-port="4" arinc429-port-speed="high" arinc429-source="output"/>
                        <instance name="ArincRx01" arinc429-port="1" arinc429-port-speed="high" arinc429-source="input"/>
                        <instance name="ArincRx02" arinc429-port="2" arinc429-port-speed="high" arinc429-source="input"/>
                    </arinc429-pinouts>
                </instance>
            </subsystems>
            <transient-logs>
                <instance name="Test1" description="RR auto_report" is-enabled="true" log-duration="1440" log-scan-rate="200">
                    <log-channels>
                        <instance name="calcTrigger"/>
                        <instance name="ENABLE_ALARMS"/>
                        <instance name="calcAI00003"/>
                        <instance name="calcFn0"/>
                        <instance name="calcFn8"/>
                        <instance name="calcFn7"/>
                        <instance name="Start_ContLog"/>
                        <instance name="calcAI00007"/>
                        <instance name="calcFn4"/>
                        <instance name="calcFn3"/>
                        <instance name="calcFn9"/>
                        <instance name="calcAI00004"/>
                        <instance name="calcFn10"/>
                        <instance name="calcFn1"/>
                        <instance name="calcFn5"/>
                        <instance name="TRRecNo"/>
                        <instance name="calcCos"/>
                        <instance name="calcAI00008"/>
                        <instance name="calcFn11"/>
                        <instance name="calcSin"/>
                        <instance name="calcAI00005"/>
                        <instance name="calcDiv"/>
                        <instance name="calcFn6"/>
                        <instance name="calcAI00002"/>
                        <instance name="calcAI00001"/>
                        <instance name="calcAI00006"/>
                        <instance name="calcFn2"/>
                        <instance name="SSRecNo"/>
                    </log-channels>
                </instance>
                <instance name="Test2" description="RR auto_report" is-enabled="true" log-duration="60" log-scan-rate="100">
                    <log-channels>
                        <instance name="calcTrigger"/>
                        <instance name="ENABLE_ALARMS"/>
                        <instance name="calcAI00003"/>
                        <instance name="calcFn0"/>
                        <instance name="calcFn8"/>
                        <instance name="calcFn7"/>
                        <instance name="Start_ContLog"/>
                        <instance name="calcAI00007"/>
                        <instance name="calcFn4"/>
                        <instance name="calcFn3"/>
                        <instance name="calcFn9"/>
                        <instance name="calcAI00004"/>
                        <instance name="calcFn10"/>
                        <instance name="calcFn1"/>
                        <instance name="calcFn5"/>
                        <instance name="TRRecNo"/>
                        <instance name="calcCos"/>
                        <instance name="calcAI00008"/>
                        <instance name="calcFn11"/>
                        <instance name="calcSin"/>
                        <instance name="calcAI00005"/>
                        <instance name="calcDiv"/>
                        <instance name="calcFn6"/>
                        <instance name="calcAI00002"/>
                        <instance name="calcAI00001"/>
                        <instance name="calcAI00006"/>
                        <instance name="calcFn2"/>
                        <instance name="SSRecNo"/>
                    </log-channels>
                </instance>
            </transient-logs>
        </instance>
        <instance name="GATES" test-cell-description="">
            <bpts/>
            <channels/>
            <macros/>
            <polynomials/>
            <spte>
                <instance name="ATP_Calibration" spte-description="">
                    <bpts/>
                    <channels>
                        <instance name="channel1" acquisition-rate="1" alternate-name="" calibration-group="" calibration-sensor="" customer-sensor="" data-type="float" deadband="0" description="" display-format="4.2f" display-range-maximum="100" display-range-minimum="0" domain-id="6" engineering-unit="-" export-for-steady-state="true" fixed-sensor="" fullset-stability="false" gid="1" group="" idds-hardware-name="dev01/ch00001" is-continuous-log="true" is-critical="false" is-enabled="true" logical-id="devCube1" partition="default" quality-ceiling="good" rtd-reference-channel="" signal-id="" subsystem-name="IDDS" subsystem-type="iDDS" topic="ParameterDataSeries">
                            <alarm-limits/>
                        </instance>
                    </channels>
                    <macros/>
                    <polynomials/>
                    <subsystems/>
                    <transient-logs/>
                    <uuts>
                        <instance name="Level3" uut-description="">
                            <bpts/>
                            <channels/>
                            <macros/>
                            <polynomials/>
                            <standards>
                                <instance name="Level4" standard-description="">
                                    <bpts/>
                                    <channels/>
                                    <configs>
                                        <instance name="Level5" config-description="">
                                            <bpts/>
                                            <channels/>
                                            <macros/>
                                            <polynomials/>
                                            <subsystems/>
                                            <transient-logs/>
                                        </instance>
                                    </configs>
                                    <macros/>
                                    <polynomials/>
                                    <subsystems/>
                                    <transient-logs/>
                                </instance>
                            </standards>
                            <subsystems/>
                            <transient-logs/>
                        </instance>
                    </uuts>
                </instance>
            </spte>
            <subsystems>
                <instance name="IDDS" description="iDDS subscriber subsystem definition" is-enabled="true" subsystem-type="iDDS"/>
                <instance name="IDDSnode" description="" is-enabled="true" subsystem-type="iDDSnode">
                    <vendors>
                        <instance name="UEI">
                            <models>
                                <instance name="IOM-225763">
                                    <serial-numbers>
                                        <instance name="00225763" backbone-config-data="22,239.255.0.22,239.255.0.1,5" logicalid="devCubeRugged1" node-config-data="1.0,1.0,map,1.0,rtehost:6603/channelmap 1.0,1.0,attrv,1.0,rtehost:6603/devCubeRugged1">
                                            <attributes>
                                                <instance name="dev02/Config/ch00001/enable" order="1" value="1"/>
                                                <instance name="dev02/Config/ch00006/enable" order="1" value="1"/>
                                                <instance name="dev02/Config/ch00022/Maximum_Range" order="0" value="24"/>
                                                <instance name="dev02/Config/ch00003/enable" order="1" value="1"/>
                                                <instance name="dev02/Config/ch00016/Calibration_Sensor_Input_Units" order="0" value="mA"/>
                                                <instance name="dev02/Config/ch00008/Calibration_Sensor_Curve" order="0" value="&quot;{0,-21.25}{1,9.0625}&quot;"/>
                                                <instance name="dev02/Config/ch00009/Calibration_Sensor_Curve" order="0" value="&quot;{0,-990}{1,247.5}&quot;"/>
                                                <instance name="dev02/Config/ch00010/Calibration_Sensor_Curve" order="0" value="&quot;{0,-175}{1,43.75}&quot;"/>
                                                <instance name="dev02/Config/ch00011/Calibration_Sensor_Curve" order="0" value="&quot;{0,235.5}{1,6.875}&quot;"/>
                                                <instance name="dev02/Config/ch00012/Calibration_Sensor_Curve" order="0" value="&quot;{0,-25}{1,6.25}&quot;"/>
                                                <instance name="dev02/Config/ch00013/Calibration_Sensor_Curve" order="0" value="&quot;{0,235.5}{1,6.875}&quot;"/>
                                                <instance name="dev02/Config/ch00014/Calibration_Sensor_Curve" order="0" value="&quot;{0,235.5}{1,6.875}&quot;"/>
                                                <instance name="dev02/Config/ch00012/EnableCB" order="0" value="1"/>
                                                <instance name="dev02/Config/ch00015/Calibration_Sensor_Curve" order="0" value="&quot;{0,235.5}{1,6.875}&quot;"/>
                                                <instance name="dev02/Config/ch00001/rate" order="0" value="10"/>
                                                <instance name="dev02/Config/ch00003/Calibration_Sensor_Input_Units" order="0" value="mA"/>
                                                <instance name="dev02/Config/ch00016/Calibration_Sensor_Minimum_Range" order="0" value="13"/>
                                                <instance name="dev02/Config/ch00016/Calibration_Sensor_Curve" order="0" value="&quot;{0,-1431.25}{1,361.5625}&quot;"/>
                                                <instance name="dev02/Config/ch00017/Calibration_Sensor_Input_Units" order="0" value="mA"/>
                                                <instance name="dev02/Config/ch00023/Maximum_Range" order="0" value="24"/>
                                                <instance name="dev02/Config/ch00017/Calibration_Sensor_Curve" order="0" value="&quot;{0,-21.25}{1,9.0625}&quot;"/>
                                                <instance name="dev02/Config/ch00018/Calibration_Sensor_Curve" order="0" value="&quot;{0,-21.25}{1,9.0625}&quot;"/>
                                                <instance name="dev02/Config/ch00019/Calibration_Sensor_Curve" order="0" value="&quot;{0,-990}{1,247.5}&quot;"/>
                                                <instance name="dev02/Config/ch00013/EnableCB" order="0" value="1"/>
                                                <instance name="dev02/Config/ch00020/Calibration_Sensor_Curve" order="0" value="&quot;{0,-175}{1,43.75}&quot;"/>
                                                <instance name="dev02/Config/ch00021/Calibration_Sensor_Curve" order="0" value="&quot;{0,770}{1,2.5}&quot;"/>
                                                <instance name="dev02/Config/ch00022/Calibration_Sensor_Curve" order="0" value="&quot;{0,770}{1,2.5}&quot;"/>
                                                <instance name="dev02/Config/ch00023/Calibration_Sensor_Curve" order="0" value="&quot;{0,4.00014,0}{1,4.00078,0.0058}{2,11.9346,71.92131}{3,20.0883,145.83254}{4,20.54804,150}&quot;"/>
                                                <instance name="dev02/Config/ch00017/Calibration_Sensor_Minimum_Range" order="0" value="13"/>
                                                <instance name="dev02/Config/ch00024/Calibration_Sensor_Curve" order="0" value="&quot;{0,3.99971,0}{1,4.00051,0.00725}{2,11.9348,71.92712}{3,20.0913,145.85865}{4,20.54819,150}&quot;"/>
                                                <instance name="dev02/Config/ch00001/Calibration_Sensor_Table_Type" order="2" value="0"/>
                                                <instance name="dev02/Config/ch00003/rate" order="0" value="10"/>
                                                <instance name="dev02/Config/ch00017/Minimum_Range" order="0" value="-24"/>
                                                <instance name="dev02/Config/ch00024/Maximum_Range" order="0" value="24"/>
                                                <instance name="dev02/Config/ch00011/Calibration_Sensor_Minimum_Range" order="0" value="0"/>
                                                <instance name="dev02/Config/ch00002/Calibration_Sensor_Table_Type" order="2" value="0"/>
                                                <instance name="dev02/Config/ch00003/Calibration_Sensor_Table_Type" order="2" value="0"/>
                                                <instance name="dev02/Config/ch00004/Calibration_Sensor_Table_Type" order="2" value="0"/>
                                                <instance name="dev02/Config/ch00005/Calibration_Sensor_Table_Type" order="2" value="0"/>
                                                <instance name="dev02/Config/ch00006/Calibration_Sensor_Table_Type" order="2" value="0"/>
                                                <instance name="dev02/Config/ch00018/Calibration_Sensor_Minimum_Range" order="0" value="13"/>
                                                <instance name="dev02/Config/ch00007/Calibration_Sensor_Table_Type" order="2" value="0"/>
                                                <instance name="dev02/Config/ch00008/Calibration_Sensor_Table_Type" order="2" value="0"/>
                                                <instance name="dev02/Config/ch00009/Calibration_Sensor_Table_Type" order="2" value="0"/>
                                                <instance name="dev02/Config/ch00021/Calibration_Sensor_Table_Type" order="2" value="0"/>
                                                <instance name="dev02/Config/ch00014/EnableCB" order="0" value="1"/>
                                                <instance name="dev02/Config/ch00018/Calibration_Sensor_Input_Units" order="0" value="mA"/>
                                                <instance name="dev02/Config/ch00010/Calibration_Sensor_Table_Type" order="2" value="0"/>
                                                <instance name="dev02/Config/ch00011/Calibration_Sensor_Table_Type" order="2" value="0"/>
                                                <instance name="dev02/Config/ch00001/Minimum_Range" order="0" value="-24"/>
                                                <instance name="dev02/Config/ch00002/rate" order="0" value="10"/>
                                                <instance name="dev02/Config/ch00012/Calibration_Sensor_Table_Type" order="2" value="0"/>
                                                <instance name="dev02/Config/ch00019/Calibration_Sensor_Minimum_Range" order="0" value="0"/>
                                                <instance name="dev02/Config/ch00013/Calibration_Sensor_Table_Type" order="2" value="0"/>
                                                <instance name="dev02/Config/ch00014/Calibration_Sensor_Table_Type" order="2" value="0"/>
                                                <instance name="dev02/Config/ch00015/Calibration_Sensor_Table_Type" order="2" value="0"/>
                                                <instance name="dev02/Config/ch00015/EnableCB" order="0" value="1"/>
                                                <instance name="dev02/Config/ch00016/Calibration_Sensor_Table_Type" order="2" value="0"/>
                                                <instance name="dev02/Config/ch00017/Calibration_Sensor_Table_Type" order="2" value="0"/>
                                                <instance name="dev02/Config/ch00019/Calibration_Sensor_Input_Units" order="0" value="mA"/>
                                                <instance name="dev02/Config/ch00018/Calibration_Sensor_Table_Type" order="2" value="0"/>
                                                <instance name="dev02/Config/ch00019/Calibration_Sensor_Table_Type" order="2" value="0"/>
                                                <instance name="dev02/Config/ch00020/Calibration_Sensor_Table_Type" order="2" value="0"/>
                                                <instance name="dev02/Config/ch00020/Calibration_Sensor_Input_Units" order="0" value="mA"/>
                                                <instance name="dev02/Config/ch00005/Calibration_Sensor_Input_Units" order="0" value="mA"/>
                                                <instance name="dev02/Config/ch00021/Calibration_Sensor_Input_Units" order="0" value="mA"/>
                                                <instance name="dev02/Config/ch00022/Calibration_Sensor_Input_Units" order="0" value="mA"/>
                                                <instance name="dev02/Config/ch00002/Minimum_Range" order="0" value="-24"/>
                                                <instance name="dev02/Config/ch00014/Minimum_Range" order="0" value="-24"/>
                                                <instance name="dev02/Config/ch00023/Calibration_Sensor_Input_Units" order="0" value="mA"/>
                                                <instance name="dev02/Config/ch00024/Calibration_Sensor_Input_Units" order="0" value="mA"/>
                                                <instance name="dev02/Config/ch00001/Calibration_Sensor_Output_Units" order="0" value="K"/>
                                                <instance name="dev02/Config/ch00002/Calibration_Sensor_Output_Units" order="0" value="%"/>
                                                <instance name="dev02/Config/ch00018/Minimum_Range" order="0" value="-24"/>
                                                <instance name="dev02/Config/ch00003/Calibration_Sensor_Output_Units" order="0" value="K"/>
                                                <instance name="dev02/Config/ch00010/enable" order="1" value="1"/>
                                                <instance name="dev02/Config/ch00020/Calibration_Sensor_Minimum_Range" order="0" value="0"/>
                                                <instance name="dev02/Config/ch00004/Calibration_Sensor_Output_Units" order="0" value="K"/>
                                                <instance name="dev02/Config/ch00010/Calibration_Sensor_Input_Units" order="0" value="mA"/>
                                                <instance name="dev02/Config/ch00005/Calibration_Sensor_Output_Units" order="0" value="K"/>
                                                <instance name="dev02/Config/ch00006/Calibration_Sensor_Output_Units" order="0" value="psia"/>
                                                <instance name="dev02/Config/ch00007/Calibration_Sensor_Output_Units" order="0" value="psia"/>
                                                <instance name="dev02/Config/ch00005/Minimum_Range" order="0" value="-24"/>
                                                <instance name="dev02/Config/ch00008/Calibration_Sensor_Output_Units" order="0" value="psia"/>
                                                <instance name="dev02/Config/ch00009/Calibration_Sensor_Output_Units" order="0" value="gph_UK"/>
                                                <instance name="dev02/Config/ch00010/Calibration_Sensor_Output_Units" order="0" value="gph_UK"/>
                                                <instance name="dev02/Config/ch00022/Calibration_Sensor_Table_Type" order="2" value="0"/>
                                                <instance name="dev02/Config/ch00011/Calibration_Sensor_Output_Units" order="0" value="K"/>
                                                <instance name="dev02/Config/ch00021/Calibration_Sensor_Minimum_Range" order="0" value="0"/>
                                                <instance name="dev02/Config/ch00016/EnableCB" order="0" value="1"/>
                                                <instance name="dev02/Config/ch00012/Calibration_Sensor_Output_Units" order="0" value="%"/>
                                                <instance name="dev02/Config/ch00013/Calibration_Sensor_Output_Units" order="0" value="K"/>
                                                <instance name="dev02/Config/ch00020/Minimum_Range" order="0" value="-24"/>
                                                <instance name="dev02/Config/ch00014/Calibration_Sensor_Output_Units" order="0" value="K"/>
                                                <instance name="dev02/Config/ch00015/Calibration_Sensor_Output_Units" order="0" value="K"/>
                                                <instance name="dev02/Config/ch00016/Calibration_Sensor_Output_Units" order="0" value="psia"/>
                                                <instance name="dev02/Config/ch00014/enable" order="1" value="1"/>
                                                <instance name="dev02/Config/ch00017/Calibration_Sensor_Output_Units" order="0" value="psia"/>
                                                <instance name="dev02/Config/ch00018/Calibration_Sensor_Output_Units" order="0" value="psia"/>
                                                <instance name="dev02/Config/ch00023/Calibration_Sensor_Table_Type" order="2" value="1"/>
                                                <instance name="dev02/Config/ch00003/Calibration_Sensor_Calibration_Date" order="0" value="2020-01-01"/>
                                                <instance name="dev02/Config/ch00022/Calibration_Sensor_Minimum_Range" order="0" value="0"/>
                                                <instance name="dev02/Config/ch00019/Calibration_Sensor_Output_Units" order="0" value="gph_UK"/>
                                                <instance name="dev02/Config/ch00020/Calibration_Sensor_Output_Units" order="0" value="gph_UK"/>
                                                <instance name="dev02/Config/ch00021/Calibration_Sensor_Output_Units" order="0" value="kg/m^3"/>
                                                <instance name="dev02/Config/ch00022/Calibration_Sensor_Output_Units" order="0" value="kg/m^3"/>
                                                <instance name="dev02/Config/ch00023/Calibration_Sensor_Output_Units" order="0" value="psig"/>
                                                <instance name="dev02/Config/ch00004/rate" order="0" value="10"/>
                                                <instance name="dev02/Config/ch00024/Calibration_Sensor_Output_Units" order="0" value="psig"/>
                                                <instance name="dev02/Config/ch00001/Calibration_Sensor_Maximum_Range" order="0" value="423"/>
                                                <instance name="dev02/Config/ch00006/Minimum_Range" order="0" value="-24"/>
                                                <instance name="dev02/Config/ch00010/Calibration_Sensor_Minimum_Range" order="0" value="0"/>
                                                <instance name="dev02/Config/ch00013/Minimum_Range" order="0" value="-24"/>
                                                <instance name="dev02/Config/ch00002/Calibration_Sensor_Maximum_Range" order="0" value="110"/>
                                                <instance name="dev02/Config/ch00023/Calibration_Sensor_Minimum_Range" order="0" value="-10"/>
                                                <instance name="dev02/Config/ch00024/Calibration_Sensor_Table_Type" order="2" value="1"/>
                                                <instance name="dev02/Config/ch00003/Calibration_Sensor_Maximum_Range" order="0" value="423"/>
                                                <instance name="dev02/Config/ch00004/Calibration_Sensor_Maximum_Range" order="0" value="423"/>
                                                <instance name="dev02/Config/ch00005/Calibration_Sensor_Maximum_Range" order="0" value="423"/>
                                                <instance name="dev02/Config/ch00006/Calibration_Sensor_Maximum_Range" order="0" value="6000"/>
                                                <instance name="dev02/Config/ch00007/Calibration_Sensor_Maximum_Range" order="0" value="180"/>
                                                <instance name="dev02/Config/ch00008/Calibration_Sensor_Maximum_Range" order="0" value="180"/>
                                                <instance name="dev02/Config/ch00009/Calibration_Sensor_Maximum_Range" order="0" value="4400"/>
                                                <instance name="dev02/Config/ch00017/EnableCB" order="0" value="1"/>
                                                <instance name="dev02/Config/ch00021/Minimum_Range" order="0" value="-24"/>
                                                <instance name="dev02/Config/ch00010/Calibration_Sensor_Maximum_Range" order="0" value="800"/>
                                                <instance name="dev02/Config/ch00017/enable" order="1" value="1"/>
                                                <instance name="dev02/Config/ch00015/enable" order="1" value="1"/>
                                                <instance name="dev02/Config/ch00001/Calibration_Sensor_Input_Units" order="0" value="mA"/>
                                                <instance name="dev02/Config/ch00011/Calibration_Sensor_Maximum_Range" order="0" value="423"/>
                                                <instance name="dev02/Config/ch00012/Calibration_Sensor_Maximum_Range" order="0" value="110"/>
                                                <instance name="dev02/Config/ch00013/Calibration_Sensor_Maximum_Range" order="0" value="423"/>
                                                <instance name="dev02/Config/ch00014/Calibration_Sensor_Maximum_Range" order="0" value="423"/>
                                                <instance name="dev02/Config/ch00015/Calibration_Sensor_Maximum_Range" order="0" value="423"/>
                                                <instance name="dev02/Config/ch00018/EnableCB" order="0" value="1"/>
                                                <instance name="dev02/Config/ch00016/Calibration_Sensor_Maximum_Range" order="0" value="6000"/>
                                                <instance name="dev02/Config/ch00017/Calibration_Sensor_Maximum_Range" order="0" value="180"/>
                                                <instance name="dev02/Config/ch00018/Calibration_Sensor_Maximum_Range" order="0" value="180"/>
                                                <instance name="dev02/Config/ch00005/Calibration_Sensor_Minimum_Range" order="0" value="0"/>
                                                <instance name="dev02/Config/ch00024/Calibration_Sensor_Minimum_Range" order="0" value="-10"/>
                                                <instance name="dev02/Config/ch00019/Calibration_Sensor_Maximum_Range" order="0" value="4400"/>
                                                <instance name="dev02/Config/ch00005/rate" order="0" value="10"/>
                                                <instance name="dev02/Config/ch00002/Calibration_Sensor_Input_Units" order="0" value="mA"/>
                                                <instance name="dev02/Config/ch00007/Minimum_Range" order="0" value="-24"/>
                                                <instance name="dev02/Config/ch00020/Calibration_Sensor_Maximum_Range" order="0" value="800"/>
                                                <instance name="dev02/Config/ch00019/EnableCB" order="0" value="1"/>
                                                <instance name="dev02/Config/ch00021/Calibration_Sensor_Maximum_Range" order="0" value="820"/>
                                                <instance name="dev02/Config/ch00022/Calibration_Sensor_Maximum_Range" order="0" value="820"/>
                                                <instance name="dev02/Config/ch00023/Calibration_Sensor_Maximum_Range" order="0" value="200"/>
                                                <instance name="dev02/Config/ch00024/Calibration_Sensor_Maximum_Range" order="0" value="200"/>
                                                <instance name="dev02/Config/ch00001/Calibration_Sensor_Minimum_Range" order="0" value="0"/>
                                                <instance name="dev02/Config/ch00001/Calibration_Sensor_Name" order="0" value="CalSensor1"/>
                                                <instance name="dev02/Config/ch00002/Calibration_Sensor_Minimum_Range" order="0" value="0"/>
                                                <instance name="dev02/Config/ch00003/Calibration_Sensor_Minimum_Range" order="0" value="0"/>
                                                <instance name="dev02/Config/ch00004/Calibration_Sensor_Minimum_Range" order="0" value="0"/>
                                                <instance name="dev01/Config/ch00001/enable" order="1" value="1"/>
                                                <instance name="dev02/Config/ch00012/Calibration_Sensor_Minimum_Range" order="0" value="0"/>
                                                <instance name="dev01/Config/ch00005/RTDRange" order="0" value="0"/>
                                                <instance name="dev01/Config/ch00009/Calibration_Sensor_Output_Units" order="0" value="K"/>
                                                <instance name="dev01/Config/ch00010/Calibration_Sensor_Output_Units" order="0" value="K"/>
                                                <instance name="dev01/Config/ch00006/Calibration_Sensor_Maximum_Range" order="0" value="1123.15"/>
                                                <instance name="dev01/Config/ch00011/Calibration_Sensor_Output_Units" order="0" value="K"/>
                                                <instance name="dev01/Config/ch00012/Calibration_Sensor_Output_Units" order="0" value="K"/>
                                                <instance name="dev02/Config/ch00006/rate" order="0" value="10"/>
                                                <instance name="dev01/Config/ch00001/Calibration_Sensor_Table_Type" order="2" value="1"/>
                                                <instance name="dev01/Config/ch00002/Calibration_Sensor_Table_Type" order="2" value="1"/>
                                                <instance name="dev01/Config/ch00003/Calibration_Sensor_Table_Type" order="2" value="1"/>
                                                <instance name="dev02/Config/ch00020/EnableCB" order="0" value="1"/>
                                                <instance name="dev01/Config/ch00004/Calibration_Sensor_Table_Type" order="2" value="1"/>
                                                <instance name="dev01/Config/ch00005/Calibration_Sensor_Table_Type" order="2" value="1"/>
                                                <instance name="dev01/Config/ch00006/RTDRange" order="0" value="0"/>
                                                <instance name="dev01/Config/ch00006/enable" order="1" value="1"/>
                                                <instance name="dev01/Config/ch00006/Calibration_Sensor_Table_Type" order="2" value="1"/>
                                                <instance name="dev01/Config/ch00007/Calibration_Sensor_Table_Type" order="2" value="1"/>
                                                <instance name="dev01/Config/ch00007/Calibration_Sensor_Maximum_Range" order="0" value="1123.15"/>
                                                <instance name="dev02/Config/ch00002/Calibration_Sensor_Name" order="0" value="CalSensor2"/>
                                                <instance name="dev01/Config/ch00008/Calibration_Sensor_Table_Type" order="2" value="1"/>
                                                <instance name="dev01/Config/ch00009/Calibration_Sensor_Table_Type" order="2" value="1"/>
                                                <instance name="dev02/Config/ch00021/EnableCB" order="0" value="1"/>
                                                <instance name="dev01/Config/ch00010/Calibration_Sensor_Table_Type" order="2" value="1"/>
                                                <instance name="dev01/Config/ch00011/Calibration_Sensor_Table_Type" order="2" value="1"/>
                                                <instance name="dev01/Config/ch00012/Calibration_Sensor_Table_Type" order="2" value="1"/>
                                                <instance name="dev01/Config/ch00012/RTDWireScheme" order="0" value="4"/>
                                                <instance name="dev01/Config/ch00007/RTDRange" order="0" value="0"/>
                                                <instance name="dev01/Config/ch00007/enable" order="1" value="1"/>
                                                <instance name="dev01/Config/ch00011/enable" order="1" value="1"/>
                                                <instance name="dev01/Config/ch00008/enable" order="1" value="1"/>
                                                <instance name="dev02/Config/ch00003/Calibration_Sensor_Name" order="0" value="CalSensor3"/>
                                                <instance name="dev01/Config/ch00012/RTDRange" order="0" value="0"/>
                                                <instance name="dev02/Config/ch00007/enable" order="1" value="1"/>
                                                <instance name="dev01/Config/ch00008/Calibration_Sensor_Maximum_Range" order="0" value="1123.15"/>
                                                <instance name="dev01/Config/ch00009/enable" order="1" value="1"/>
                                                <instance name="dev01/Config/ch00010/enable" order="1" value="1"/>
                                                <instance name="dev01/Config/ch00012/enable" order="1" value="1"/>
                                                <instance name="dev01/Config/ch00001/rate" order="0" value="20"/>
                                                <instance name="dev01/Config/ch00002/rate" order="0" value="20"/>
                                                <instance name="dev01/Config/ch00012/Calibration_Sensor_Maximum_Range" order="0" value="1123.15"/>
                                                <instance name="dev01/Config/ch00003/rate" order="0" value="20"/>
                                                <instance name="dev01/Config/ch00004/rate" order="0" value="20"/>
                                                <instance name="dev02/Config/ch00003/Minimum_Range" order="0" value="-24"/>
                                                <instance name="dev02/Config/ch00022/EnableCB" order="0" value="1"/>
                                                <instance name="dev01/Config/ch00005/rate" order="0" value="20"/>
                                                <instance name="dev01/Config/ch00006/rate" order="0" value="20"/>
                                                <instance name="dev01/Config/ch00007/rate" order="0" value="20"/>
                                                <instance name="dev01/Config/ch00009/Calibration_Sensor_Maximum_Range" order="0" value="1123.15"/>
                                                <instance name="dev01/Config/ch00001/RTDWireScheme" order="0" value="4"/>
                                                <instance name="dev01/Config/ch00002/enable" order="1" value="1"/>
                                                <instance name="dev01/Config/ch00008/rate" order="0" value="20"/>
                                                <instance name="dev01/Config/ch00009/rate" order="0" value="20"/>
                                                <instance name="dev01/Config/ch00008/RTDRange" order="0" value="0"/>
                                                <instance name="dev01/Config/ch00010/rate" order="0" value="20"/>
                                                <instance name="dev02/Config/ch00011/Calibration_Sensor_Input_Units" order="0" value="mA"/>
                                                <instance name="dev02/Config/ch00004/Calibration_Sensor_Name" order="0" value="CalSensor4"/>
                                                <instance name="dev01/Config/ch00011/rate" order="0" value="20"/>
                                                <instance name="dev01/Config/ch00012/rate" order="0" value="20"/>
                                                <instance name="dev01/Config/ch00001/LeadRes" order="0" value="0"/>
                                                <instance name="dev01/Config/ch00002/LeadRes" order="0" value="0"/>
                                                <instance name="dev01/Config/ch00003/LeadRes" order="0" value="0"/>
                                                <instance name="dev01/Config/ch00010/Calibration_Sensor_Maximum_Range" order="0" value="1123.15"/>
                                                <instance name="dev01/Config/ch00004/LeadRes" order="0" value="0"/>
                                                <instance name="dev01/Config/ch00005/enable" order="1" value="1"/>
                                                <instance name="dev01/Config/ch00005/LeadRes" order="0" value="0"/>
                                                <instance name="dev02/Config/ch00020/enable" order="1" value="1"/>
                                                <instance name="dev02/Config/ch00023/EnableCB" order="0" value="1"/>
                                                <instance name="dev01/Config/ch00009/RTDRange" order="0" value="0"/>
                                                <instance name="dev02/Config/ch00005/Calibration_Sensor_Name" order="0" value="CalSensor5"/>
                                                <instance name="dev01/Config/ch00003/enable" order="1" value="1"/>
                                                <instance name="dev01/Config/ch00006/LeadRes" order="0" value="0"/>
                                                <instance name="dev01/Config/ch00007/LeadRes" order="0" value="0"/>
                                                <instance name="dev01/Config/ch00008/LeadRes" order="0" value="0"/>
                                                <instance name="dev01/Config/ch00009/LeadRes" order="0" value="0"/>
                                                <instance name="dev01/Config/ch00010/LeadRes" order="0" value="0"/>
                                                <instance name="dev01/Config/ch00011/LeadRes" order="0" value="0"/>
                                                <instance name="dev01/Config/ch00010/RTDRange" order="0" value="0"/>
                                                <instance name="dev02/Config/ch00024/EnableCB" order="0" value="1"/>
                                                <instance name="dev01/Config/ch00003/RTDWireScheme" order="0" value="4"/>
                                                <instance name="dev01/Config/ch00011/RTDRange" order="0" value="0"/>
                                                <instance name="dev02/Config/ch00006/Calibration_Sensor_Name" order="0" value="CalSensor6"/>
                                                <instance name="dev01/Config/ch00001/Calibration_Sensor_Calibration_Date" order="0" value="2020-01-01"/>
                                                <instance name="dev01/Config/ch00011/Calibration_Sensor_Maximum_Range" order="0" value="1123.15"/>
                                                <instance name="dev01/Config/ch00002/Calibration_Sensor_Calibration_Date" order="0" value="2020-01-01"/>
                                                <instance name="dev01/Config/ch00003/Calibration_Sensor_Calibration_Date" order="0" value="2020-01-01"/>
                                                <instance name="dev01/Config/ch00004/Calibration_Sensor_Calibration_Date" order="0" value="2020-01-01"/>
                                                <instance name="dev01/Config/ch00005/Calibration_Sensor_Calibration_Date" order="0" value="2020-01-01"/>
                                                <instance name="dev01/Config/ch00001/Calibration_Sensor_Minimum_Range" order="0" value="73.15"/>
                                                <instance name="dev02/Config/ch00004/Calibration_Sensor_Calibration_Date" order="0" value="2020-01-01"/>
                                                <instance name="dev01/Config/ch00006/Calibration_Sensor_Calibration_Date" order="0" value="2020-01-01"/>
                                                <instance name="dev01/Config/ch00007/Calibration_Sensor_Calibration_Date" order="0" value="2020-01-01"/>
                                                <instance name="dev01/Config/ch00008/Calibration_Sensor_Calibration_Date" order="0" value="2020-01-01"/>
                                                <instance name="dev02/Config/ch00007/Calibration_Sensor_Name" order="0" value="CalSensor7"/>
                                                <instance name="dev01/Config/ch00009/Calibration_Sensor_Calibration_Date" order="0" value="2020-01-01"/>
                                                <instance name="dev01/Config/ch00004/RTDWireScheme" order="0" value="4"/>
                                                <instance name="dev01/Config/ch00012/LeadRes" order="0" value="0"/>
                                                <instance name="dev01/Config/ch00010/Calibration_Sensor_Calibration_Date" order="0" value="2020-01-01"/>
                                                <instance name="dev01/Config/ch00011/Calibration_Sensor_Calibration_Date" order="0" value="2020-01-01"/>
                                                <instance name="dev01/Config/ch00012/Calibration_Sensor_Calibration_Date" order="0" value="2020-01-01"/>
                                                <instance name="dev02/Config/ch00001/Maximum_Range" order="0" value="24"/>
                                                <instance name="dev01/Config/ch00001/Calibration_Sensor_Curve" order="0" value="&quot;{0,18.52,73.15}{1,18.96,74.15}{2,19.39,75.15}{3,19.82,76.15}{4,20.25,77.15}{5,20.68,78.15}{6,21.11,79.15}{7,21.54,80.15}{8,21.97,81.15}{9,22.4,82.15}{10,22.83,83.15}{11,23.26,84.15}{12,23.69,85.15}{13,24.12,86.15}{14,24.55,87.15}{15,24.97,88.15}{16,25.39,89.15}{17,25.82,90.15}{18,26.25,91.15}{19,26.67,92.15}{20,27.1,93.15}{21,27.52,94.15}{22,27.95,95.15}{23,28.37,96.15}{24,28.8,97.15}{25,29.22,98.15}{26,29.65,99.15}{27,30.07,100.15}{28,30.49,101.15}{29,30.92,102.15}{30,31.34,103.15}{31,31.76,104.15}{32,32.18,105.15}{33,32.61,106.15}{34,33.03,107.15}{35,33.45,108.15}{36,33.86,109.15}{37,34.28,110.15}{38,34.7,111.15}{39,35.12,112.15}{40,35.54,113.15}{41,35.96,114.15}{42,36.38,115.15}{43,36.8,116.15}{44,37.22,117.15}{45,37.63,118.15}{46,38.05,119.15}{47,38.47,120.15}{48,38.89,121.15}{49,39.31,122.15}{50,39.72,123.15}{51,40.14,124.15}{52,40.56,125.15}{53,40.97,126.15}{54,41.39,127.15}{55,41.8,128.15}{56,42.22,129.15}{57,42.64,130.15}{58,43.05,131.15}{59,43.46,132.15}{60,43.88,133.15}{61,44.29,134.15}{62,44.71,135.15}{63,45.12,136.15}{64,45.53,137.15}{65,45.95,138.15}{66,46.35,139.15}{67,46.76,140.15}{68,47.18,141.15}{69,47.59,142.15}{70,48,143.15}{71,48.41,144.15}{72,48.82,145.15}{73,49.23,146.15}{74,49.64,147.15}{75,50.06,148.15}{76,50.47,149.15}{77,50.88,150.15}{78,51.29,151.15}{79,51.7,152.15}{80,52.11,153.15}{81,52.52,154.15}{82,52.92,155.15}{83,53.33,156.15}{84,53.74,157.15}{85,54.15,158.15}{86,54.56,159.15}{87,54.97,160.15}{88,55.38,161.15}{89,55.78,162.15}{90,56.19,163.15}{91,56.6,164.15}{92,57,165.15}{93,57.41,166.15}{94,57.82,167.15}{95,58.22,168.15}{96,58.63,169.15}{97,59.04,170.15}{98,59.44,171.15}{99,59.85,172.15}{100,60.26,173.15}{101,60.67,174.15}{102,61.07,175.15}{103,61.48,176.15}{104,61.87,177.15}{105,62.29,178.15}{106,62.69,179.15}{107,63.1,180.15}{108,63.5,181.15}{109,63.91,182.15}{110,64.3,183.15}{111,64.7,184.15}{112,65.11,185.15}{113,65.51,186.15}{114,65.91,187.15}{115,66.31,188.15}{116,66.72,189.15}{117,67.12,190.15}{118,67.52,191.15}{119,67.92,192.15}{120,68.33,193.15}{121,68.73,194.15}{122,69.13,195.15}{123,69.53,196.15}{124,69.93,197.15}{125,70.33,198.15}{126,70.73,199.15}{127,71.13,200.15}{128,71.53,201.15}{129,71.93,202.15}{130,72.33,203.15}{131,72.73,204.15}{132,73.13,205.15}{133,73.53,206.15}{134,73.93,207.15}{135,74.33,208.15}{136,74.73,209.15}{137,75.13,210.15}{138,75.53,211.15}{139,75.93,212.15}{140,76.33,213.15}{141,76.73,214.15}{142,77.13,215.15}{143,77.52,216.15}{144,77.92,217.15}{145,78.32,218.15}{146,78.72,219.15}{147,79.11,220.15}{148,79.51,221.15}{149,79.91,222.15}{150,80.31,223.15}{151,80.7,224.15}{152,81.1,225.15}{153,81.5,226.15}{154,81.89,227.15}{155,82.29,228.15}{156,82.69,229.15}{157,83.08,230.15}{158,83.48,231.15}{159,83.88,232.15}{160,84.27,233.15}{161,84.67,234.15}{162,85.06,235.15}{163,85.46,236.15}{164,85.85,237.15}{165,86.25,238.15}{166,86.64,239.15}{167,87.04,240.15}{168,87.43,241.15}{169,87.83,242.15}{170,88.22,243.15}{171,88.62,244.15}{172,89.01,245.15}{173,89.4,246.15}{174,89.8,247.15}{175,90.19,248.15}{176,90.59,249.15}{177,90.98,250.15}{178,91.37,251.15}{179,91.77,252.15}{180,92.16,253.15}{181,92.55,254.15}{182,92.95,255.15}{183,93.34,256.15}{184,93.73,257.15}{185,94.12,258.15}{186,94.52,259.15}{187,94.91,260.15}{188,95.3,261.15}{189,95.69,262.15}{190,96.09,263.15}{191,96.48,264.15}{192,96.87,265.15}{193,97.26,266.15}{194,97.65,267.15}{195,98.04,268.15}{196,98.44,269.15}{197,98.83,270.15}{198,99.22,271.15}{199,99.61,272.15}{200,100,273.15}{201,100.39,274.15}{202,100.78,275.15}{203,101.17,276.15}{204,101.56,277.15}{205,101.95,278.15}{206,102.34,279.15}{207,102.73,280.15}{208,103.12,281.15}{209,103.51,282.15}{210,103.9,283.15}{211,104.29,284.15}{212,104.68,285.15}{213,105.07,286.15}{214,105.46,287.15}{215,105.85,288.15}{216,106.24,289.15}{217,106.63,290.15}{218,107.02,291.15}{219,107.4,292.15}{220,107.79,293.15}{221,108.18,294.15}{222,108.57,295.15}{223,108.96,296.15}{224,109.35,297.15}{225,109.73,298.15}{226,110.12,299.15}{227,110.51,300.15}{228,110.9,301.15}{229,111.28,302.15}{230,111.67,303.15}{231,112.06,304.15}{232,112.45,305.15}{233,112.83,306.15}{234,113.22,307.15}{235,113.61,308.15}{236,113.99,309.15}{237,114.38,310.15}{238,114.77,311.15}{239,115.15,312.15}{240,115.54,313.15}{241,115.93,314.15}{242,116.31,315.15}{243,116.7,316.15}{244,117.08,317.15}{245,117.47,318.15}{246,117.85,319.15}{247,118.24,320.15}{248,118.62,321.15}{249,119.01,322.15}{250,119.4,323.15}{251,119.78,324.15}{252,120.16,325.15}{253,120.55,326.15}{254,120.93,327.15}{255,121.32,328.15}{256,121.7,329.15}{257,122.09,330.15}{258,122.47,331.15}{259,122.86,332.15}{260,123.24,333.15}{261,123.62,334.15}{262,124.01,335.15}{263,124.39,336.15}{264,124.77,337.15}{265,125.17,338.15}{266,125.55,339.15}{267,125.93,340.15}{268,126.32,341.15}{269,126.7,342.15}{270,127.08,343.15}{271,127.46,344.15}{272,127.85,345.15}{273,128.23,346.15}{274,128.61,347.15}{275,128.99,348.15}{276,129.38,349.15}{277,129.76,350.15}{278,130.14,351.15}{279,130.52,352.15}{280,130.9,353.15}{281,131.28,354.15}{282,131.67,355.15}{283,132.05,356.15}{284,132.43,357.15}{285,132.81,358.15}{286,133.19,359.15}{287,133.57,360.15}{288,133.95,361.15}{289,134.33,362.15}{290,134.71,363.15}{291,135.09,364.15}{292,135.47,365.15}{293,135.85,366.15}{294,136.23,367.15}{295,136.61,368.15}{296,136.99,369.15}{297,137.37,370.15}{298,137.75,371.15}{299,138.13,372.15}{300,138.51,373.15}{301,138.89,374.15}{302,139.27,375.15}{303,139.65,376.15}{304,140.03,377.15}{305,140.39,378.15}{306,140.77,379.15}{307,141.15,380.15}{308,141.53,381.15}{309,141.91,382.15}{310,142.29,383.15}{311,142.66,384.15}{312,143.04,385.15}{313,143.42,386.15}{314,143.8,387.15}{315,144.18,388.15}{316,144.56,389.15}{317,144.94,390.15}{318,145.32,391.15}{319,145.69,392.15}{320,146.07,393.15}{321,146.45,394.15}{322,146.82,395.15}{323,147.2,396.15}{324,147.58,397.15}{325,147.95,398.15}{326,148.33,399.15}{327,148.71,400.15}{328,149.08,401.15}{329,149.46,402.15}{330,149.83,403.15}{331,150.21,404.15}{332,150.58,405.15}{333,150.96,406.15}{334,151.34,407.15}{335,151.71,408.15}{336,152.09,409.15}{337,152.46,410.15}{338,152.84,411.15}{339,153.21,412.15}{340,153.58,413.15}{341,153.95,414.15}{342,154.32,415.15}{343,154.71,416.15}{344,155.08,417.15}{345,155.46,418.15}{346,155.83,419.15}{347,156.21,420.15}{348,156.58,421.15}{349,156.96,422.15}{350,157.33,423.15}{351,157.71,424.15}{352,158.08,425.15}{353,158.45,426.15}{354,158.83,427.15}{355,159.2,428.15}{356,159.56,429.15}{357,159.94,430.15}{358,160.31,431.15}{359,160.68,432.15}{360,161.05,433.15}{361,161.43,434.15}{362,161.8,435.15}{363,162.17,436.15}{364,162.54,437.15}{365,162.91,438.15}{366,163.28,439.15}{367,163.66,440.15}{368,164.03,441.15}{369,164.4,442.15}{370,164.77,443.15}{371,165.14,444.15}{372,165.51,445.15}{373,165.88,446.15}{374,166.25,447.15}{375,166.62,448.15}{376,167,449.15}{377,167.37,450.15}{378,167.74,451.15}{379,168.11,452.15}{380,168.48,453.15}{381,168.85,454.15}{382,169.22,455.15}{383,169.59,456.15}{384,169.96,457.15}{385,170.33,458.15}{386,170.69,459.15}{387,171.06,460.15}{388,171.43,461.15}{389,171.8,462.15}{390,172.17,463.15}{391,172.54,464.15}{392,172.91,465.15}{393,173.27,466.15}{394,173.64,467.15}{395,174.01,468.15}{396,174.39,469.15}{397,174.75,470.15}{398,175.12,471.15}{399,175.49,472.15}{400,175.86,473.15}{401,176.23,474.15}{402,176.59,475.15}{403,176.96,476.15}{404,177.33,477.15}{405,177.7,478.15}{406,178.06,479.15}{407,178.43,480.15}{408,178.8,481.15}{409,179.16,482.15}{410,179.53,483.15}{411,179.9,484.15}{412,180.26,485.15}{413,180.63,486.15}{414,180.99,487.15}{415,181.36,488.15}{416,181.73,489.15}{417,182.09,490.15}{418,182.46,491.15}{419,182.82,492.15}{420,183.19,493.15}{421,183.55,494.15}{422,183.92,495.15}{423,184.28,496.15}{424,184.65,497.15}{425,185.01,498.15}{426,185.38,499.15}{427,185.74,500.15}{428,186.11,501.15}{429,186.47,502.15}{430,186.84,503.15}{431,187.2,504.15}{432,187.56,505.15}{433,187.93,506.15}{434,188.29,507.15}{435,188.65,508.15}{436,189.02,509.15}{437,189.38,510.15}{438,189.74,511.15}{439,190.11,512.15}{440,190.47,513.15}{441,190.83,514.15}{442,191.2,515.15}{443,191.56,516.15}{444,191.92,517.15}{445,192.28,518.15}{446,192.66,519.15}{447,193.02,520.15}{448,193.38,521.15}{449,193.74,522.15}{450,194.1,523.15}{451,194.47,524.15}{452,194.83,525.15}{453,195.19,526.15}{454,195.55,527.15}{455,195.9,528.15}{456,196.26,529.15}{457,196.62,530.15}{458,196.98,531.15}{459,197.35,532.15}{460,197.71,533.15}{461,198.07,534.15}{462,198.43,535.15}{463,198.79,536.15}{464,199.15,537.15}{465,199.51,538.15}{466,199.87,539.15}{467,200.23,540.15}{468,200.59,541.15}{469,200.95,542.15}{470,201.31,543.15}{471,201.67,544.15}{472,202.03,545.15}{473,202.38,546.15}{474,202.74,547.15}{475,203.1,548.15}{476,203.46,549.15}{477,203.82,550.15}{478,204.18,551.15}{479,204.54,552.15}{480,204.9,553.15}{481,205.25,554.15}{482,205.61,555.15}{483,205.97,556.15}{484,206.33,557.15}{485,206.7,558.15}{486,207.05,559.15}{487,207.41,560.15}{488,207.77,561.15}{489,208.13,562.15}{490,208.48,563.15}{491,208.84,564.15}{492,209.2,565.15}{493,209.55,566.15}{494,209.91,567.15}{495,210.27,568.15}{496,210.62,569.15}{497,210.98,570.15}{498,211.34,571.15}{499,211.69,572.15}{500,212.05,573.15}{501,212.4,574.15}{502,212.76,575.15}{503,213.12,576.15}{504,213.47,577.15}{505,213.83,578.15}{506,214.19,579.15}{507,214.55,580.15}{508,214.9,581.15}{509,215.26,582.15}{510,215.61,583.15}{511,215.97,584.15}{512,216.32,585.15}{513,216.68,586.15}{514,217.03,587.15}{515,217.39,588.15}{516,217.73,589.15}{517,218.08,590.15}{518,218.44,591.15}{519,218.79,592.15}{520,219.15,593.15}{521,219.5,594.15}{522,219.85,595.15}{523,220.21,596.15}{524,220.56,597.15}{525,220.91,598.15}{526,221.27,599.15}{527,221.62,600.15}{528,221.97,601.15}{529,222.32,602.15}{530,222.68,603.15}{531,223.03,604.15}{532,223.38,605.15}{533,223.73,606.15}{534,224.09,607.15}{535,224.45,608.15}{536,224.8,609.15}{537,225.15,610.15}{538,225.5,611.15}{539,225.85,612.15}{540,226.21,613.15}{541,226.56,614.15}{542,226.91,615.15}{543,227.26,616.15}{544,227.61,617.15}{545,227.96,618.15}{546,228.31,619.15}{547,228.66,620.15}{548,229.01,621.15}{549,229.36,622.15}{550,229.72,623.15}{551,230.07,624.15}{552,230.42,625.15}{553,230.77,626.15}{554,231.12,627.15}{555,231.47,628.15}{556,231.81,629.15}{557,232.16,630.15}{558,232.51,631.15}{559,232.86,632.15}{560,233.21,633.15}{561,233.56,634.15}{562,233.91,635.15}{563,234.26,636.15}{564,234.6,637.15}{565,234.95,638.15}{566,235.3,639.15}{567,235.65,640.15}{568,236,641.15}{569,236.35,642.15}{570,236.7,643.15}{571,237.05,644.15}{572,237.4,645.15}{573,237.75,646.15}{574,238.09,647.15}{575,238.44,648.15}{576,238.79,649.15}{577,239.14,650.15}{578,239.48,651.15}{579,239.83,652.15}{580,240.18,653.15}{581,240.52,654.15}{582,240.87,655.15}{583,241.22,656.15}{584,241.56,657.15}{585,241.91,658.15}{586,242.25,659.15}{587,242.6,660.15}{588,242.95,661.15}{589,243.29,662.15}{590,243.64,663.15}{591,243.98,664.15}{592,244.33,665.15}{593,244.67,666.15}{594,245.02,667.15}{595,245.36,668.15}{596,245.71,669.15}{597,246.05,670.15}{598,246.4,671.15}{599,246.74,672.15}{600,247.09,673.15}{601,247.43,674.15}{602,247.78,675.15}{603,248.12,676.15}{604,248.46,677.15}{605,248.81,678.15}{606,249.15,679.15}{607,249.5,680.15}{608,249.84,681.15}{609,250.18,682.15}{610,250.53,683.15}{611,250.89,684.15}{612,251.21,685.15}{613,251.55,686.15}{614,251.9,687.15}{615,252.24,688.15}{616,252.59,689.15}{617,252.94,690.15}{618,253.28,691.15}{619,253.62,692.15}{620,253.96,693.15}{621,254.3,694.15}{622,254.65,695.15}{623,254.99,696.15}{624,255.33,697.15}{625,255.67,698.15}{626,256.01,699.15}{627,256.35,700.15}{628,256.7,701.15}{629,257.04,702.15}{630,257.38,703.15}{631,257.72,704.15}{632,258.06,705.15}{633,258.4,706.15}{634,258.74,707.15}{635,259.08,708.15}{636,259.42,709.15}{637,259.76,710.15}{638,260.1,711.15}{639,260.44,712.15}{640,260.78,713.15}{641,261.12,714.15}{642,261.46,715.15}{643,261.8,716.15}{644,262.14,717.15}{645,262.48,718.15}{646,262.83,719.15}{647,263.17,720.15}{648,263.5,721.15}{649,263.84,722.15}{650,264.18,723.15}{651,264.52,724.15}{652,264.86,725.15}{653,265.2,726.15}{654,265.54,727.15}{655,265.87,728.15}{656,266.21,729.15}{657,266.55,730.15}{658,266.89,731.15}{659,267.22,732.15}{660,267.56,733.15}{661,267.9,734.15}{662,268.24,735.15}{663,268.57,736.15}{664,268.91,737.15}{665,269.25,738.15}{666,269.58,739.15}{667,269.92,740.15}{668,270.26,741.15}{669,270.59,742.15}{670,270.93,743.15}{671,271.27,744.15}{672,271.6,745.15}{673,271.94,746.15}{674,272.27,747.15}{675,272.61,748.15}{676,272.95,749.15}{677,273.28,750.15}{678,273.62,751.15}{679,273.95,752.15}{680,274.29,753.15}{681,274.62,754.15}{682,274.96,755.15}{683,275.29,756.15}{684,275.63,757.15}{685,275.96,758.15}{686,276.31,759.15}{687,276.64,760.15}{688,276.97,761.15}{689,277.31,762.15}{690,277.64,763.15}{691,277.98,764.15}{692,278.31,765.15}{693,278.64,766.15}{694,278.98,767.15}{695,279.31,768.15}{696,279.64,769.15}{697,279.98,770.15}{698,280.31,771.15}{699,280.64,772.15}{700,280.98,773.15}{701,281.31,774.15}{702,281.64,775.15}{703,281.97,776.15}{704,282.31,777.15}{705,282.64,778.15}{706,282.97,779.15}{707,283.3,780.15}{708,283.63,781.15}{709,283.97,782.15}{710,284.3,783.15}{711,284.63,784.15}{712,284.96,785.15}{713,285.29,786.15}{714,285.62,787.15}{715,285.95,788.15}{716,286.3,789.15}{717,286.63,790.15}{718,286.96,791.15}{719,287.29,792.15}{720,287.62,793.15}{721,287.95,794.15}{722,288.28,795.15}{723,288.61,796.15}{724,288.94,797.15}{725,289.27,798.15}{726,289.6,799.15}{727,289.93,800.15}{728,290.26,801.15}{729,290.59,802.15}{730,290.92,803.15}{731,291.25,804.15}{732,291.58,805.15}{733,291.9,806.15}{734,292.23,807.15}{735,292.56,808.15}{736,292.9,809.15}{737,293.23,810.15}{738,293.56,811.15}{739,293.89,812.15}{740,294.21,813.15}{741,294.54,814.15}{742,294.87,815.15}{743,295.2,816.15}{744,295.53,817.15}{745,295.85,818.15}{746,296.18,819.15}{747,296.51,820.15}{748,296.84,821.15}{749,297.16,822.15}{750,297.49,823.15}{751,297.82,824.15}{752,298.14,825.15}{753,298.47,826.15}{754,298.8,827.15}{755,299.12,828.15}{756,299.45,829.15}{757,299.78,830.15}{758,300.1,831.15}{759,300.43,832.15}{760,300.75,833.15}{761,301.08,834.15}{762,301.41,835.15}{763,301.73,836.15}{764,302.06,837.15}{765,302.38,838.15}{766,302.71,839.15}{767,303.03,840.15}{768,303.36,841.15}{769,303.68,842.15}{770,304.01,843.15}{771,304.33,844.15}{772,304.66,845.15}{773,304.98,846.15}{774,305.3,847.15}{775,305.63,848.15}{776,305.95,849.15}{777,306.28,850.15}{778,306.6,851.15}{779,306.92,852.15}{780,307.25,853.15}{781,307.57,854.15}{782,307.89,855.15}{783,308.22,856.15}{784,308.54,857.15}{785,308.86,858.15}{786,309.19,859.15}{787,309.51,860.15}{788,309.83,861.15}{789,310.15,862.15}{790,310.48,863.15}{791,310.8,864.15}{792,311.12,865.15}{793,311.45,866.15}{794,311.78,867.15}{795,312.1,868.15}{796,312.43,869.15}{797,312.75,870.15}{798,313.07,871.15}{799,313.39,872.15}{800,313.71,873.15}{801,314.04,874.15}{802,314.36,875.15}{803,314.68,876.15}{804,315,877.15}{805,315.32,878.15}{806,315.64,879.15}{807,315.96,880.15}{808,316.28,881.15}{809,316.6,882.15}{810,316.92,883.15}{811,317.24,884.15}{812,317.56,885.15}{813,317.88,886.15}{814,318.2,887.15}{815,318.52,888.15}{816,318.85,889.15}{817,319.17,890.15}{818,319.49,891.15}{819,319.81,892.15}{820,320.12,893.15}{821,320.44,894.15}{822,320.76,895.15}{823,321.08,896.15}{824,321.4,897.15}{825,321.72,898.15}{826,322.03,899.15}{827,322.34,900.15}{828,322.66,901.15}{829,322.98,902.15}{830,323.3,903.15}{831,323.61,904.15}{832,323.93,905.15}{833,324.25,906.15}{834,324.57,907.15}{835,324.88,908.15}{836,325.21,909.15}{837,325.53,910.15}{838,325.85,911.15}{839,326.16,912.15}{840,326.48,913.15}{841,326.79,914.15}{842,327.11,915.15}{843,327.43,916.15}{844,327.74,917.15}{845,328.06,918.15}{846,328.38,919.15}{847,328.69,920.15}{848,329.01,921.15}{849,329.32,922.15}{850,329.64,923.15}{851,329.95,924.15}{852,330.27,925.15}{853,330.58,926.15}{854,330.9,927.15}{855,331.21,928.15}{856,331.53,929.15}{857,331.84,930.15}{858,332.16,931.15}{859,332.47,932.15}{860,332.79,933.15}{861,333.1,934.15}{862,333.41,935.15}{863,333.73,936.15}{864,334.04,937.15}{865,334.36,938.15}{866,334.68,939.15}{867,334.99,940.15}{868,335.31,941.15}{869,335.62,942.15}{870,335.93,943.15}{871,336.25,944.15}{872,336.56,945.15}{873,336.87,946.15}{874,337.18,947.15}{875,337.5,948.15}{876,337.81,949.15}{877,338.12,950.15}{878,338.43,951.15}{879,338.75,952.15}{880,339.06,953.15}{881,339.37,954.15}{882,339.68,955.15}{883,339.99,956.15}{884,340.3,957.15}{885,340.62,958.15}{886,340.94,959.15}{887,341.25,960.15}{888,341.55,961.15}{889,341.87,962.15}{890,342.18,963.15}{891,342.49,964.15}{892,342.8,965.15}{893,343.11,966.15}{894,343.42,967.15}{895,343.73,968.15}{896,344.04,969.15}{897,344.35,970.15}{898,344.66,971.15}{899,344.97,972.15}{900,345.28,973.15}{901,345.59,974.15}{902,345.9,975.15}{903,346.21,976.15}{904,346.52,977.15}{905,346.83,978.15}{906,347.15,979.15}{907,347.46,980.15}{908,347.76,981.15}{909,348.07,982.15}{910,348.38,983.15}{911,348.69,984.15}{912,349,985.15}{913,349.31,986.15}{914,349.61,987.15}{915,349.92,988.15}{916,350.23,989.15}{917,350.54,990.15}{918,350.85,991.15}{919,351.15,992.15}{920,351.46,993.15}{921,351.77,994.15}{922,352.07,995.15}{923,352.38,996.15}{924,352.69,997.15}{925,352.99,998.15}{926,353.3,999.15}{927,353.61,1000.15}{928,353.91,1001.15}{929,354.22,1002.15}{930,354.53,1003.15}{931,354.83,1004.15}{932,355.14,1005.15}{933,355.44,1006.15}{934,355.75,1007.15}{935,356.06,1008.15}{936,356.37,1009.15}{937,356.68,1010.15}{938,356.98,1011.15}{939,357.29,1012.15}{940,357.59,1013.15}{941,357.9,1014.15}{942,358.2,1015.15}{943,358.51,1016.15}{944,358.81,1017.15}{945,359.12,1018.15}{946,359.42,1019.15}{947,359.72,1020.15}{948,360.03,1021.15}{949,360.33,1022.15}{950,360.64,1023.15}{951,360.94,1024.15}{952,361.24,1025.15}{953,361.55,1026.15}{954,361.85,1027.15}{955,362.15,1028.15}{956,362.46,1029.15}{957,362.76,1030.15}{958,363.06,1031.15}{959,363.36,1032.15}{960,363.67,1033.15}{961,363.97,1034.15}{962,364.27,1035.15}{963,364.57,1036.15}{964,364.88,1037.15}{965,365.18,1038.15}{966,365.49,1039.15}{967,365.79,1040.15}{968,366.09,1041.15}{969,366.4,1042.15}{970,366.7,1043.15}{971,367,1044.15}{972,367.3,1045.15}{973,367.6,1046.15}{974,367.9,1047.15}{975,368.2,1048.15}{976,368.5,1049.15}{977,368.81,1050.15}{978,369.11,1051.15}{979,369.41,1052.15}{980,369.71,1053.15}{981,370.01,1054.15}{982,370.31,1055.15}{983,370.61,1056.15}{984,370.91,1057.15}{985,371.21,1058.15}{986,371.52,1059.15}{987,371.82,1060.15}{988,372.12,1061.15}{989,372.41,1062.15}{990,372.71,1063.15}{991,373.01,1064.15}{992,373.31,1065.15}{993,373.61,1066.15}{994,373.91,1067.15}{995,374.21,1068.15}{996,374.51,1069.15}{997,374.8,1070.15}{998,375.1,1071.15}{999,375.4,1072.15}{1000,375.7,1073.15}{1001,376,1074.15}{1002,376.29,1075.15}{1003,376.59,1076.15}{1004,376.89,1077.15}{1005,377.19,1078.15}{1006,377.49,1079.15}{1007,377.79,1080.15}{1008,378.09,1081.15}{1009,378.39,1082.15}{1010,378.68,1083.15}{1011,378.98,1084.15}{1012,379.28,1085.15}{1013,379.57,1086.15}{1014,379.87,1087.15}{1015,380.17,1088.15}{1016,380.46,1089.15}{1017,380.76,1090.15}{1018,381.05,1091.15}{1019,381.35,1092.15}{1020,381.65,1093.15}{1021,381.94,1094.15}{1022,382.24,1095.15}{1023,382.53,1096.15}{1024,382.83,1097.15}{1025,383.12,1098.15}{1026,383.42,1099.15}{1027,383.71,1100.15}{1028,384.01,1101.15}{1029,384.3,1102.15}{1030,384.6,1103.15}{1031,384.89,1104.15}{1032,385.18,1105.15}{1033,385.48,1106.15}{1034,385.77,1107.15}{1035,386.07,1108.15}{1036,386.37,1109.15}{1037,386.66,1110.15}{1038,386.96,1111.15}{1039,387.25,1112.15}{1040,387.55,1113.15}{1041,387.84,1114.15}{1042,388.13,1115.15}{1043,388.42,1116.15}{1044,388.72,1117.15}{1045,389.01,1118.15}{1046,389.31,1119.15}{1047,389.61,1120.15}{1048,389.9,1121.15}{1049,390.19,1122.15}{1050,390.48,1123.15}&quot;"/>
                                                <instance name="dev01/Config/ch00002/Calibration_Sensor_Curve" order="0" value="&quot;{0,18.52,73.15}{1,18.96,74.15}{2,19.39,75.15}{3,19.82,76.15}{4,20.25,77.15}{5,20.68,78.15}{6,21.11,79.15}{7,21.54,80.15}{8,21.97,81.15}{9,22.4,82.15}{10,22.83,83.15}{11,23.26,84.15}{12,23.69,85.15}{13,24.12,86.15}{14,24.55,87.15}{15,24.97,88.15}{16,25.39,89.15}{17,25.82,90.15}{18,26.25,91.15}{19,26.67,92.15}{20,27.1,93.15}{21,27.52,94.15}{22,27.95,95.15}{23,28.37,96.15}{24,28.8,97.15}{25,29.22,98.15}{26,29.65,99.15}{27,30.07,100.15}{28,30.49,101.15}{29,30.92,102.15}{30,31.34,103.15}{31,31.76,104.15}{32,32.18,105.15}{33,32.61,106.15}{34,33.03,107.15}{35,33.45,108.15}{36,33.86,109.15}{37,34.28,110.15}{38,34.7,111.15}{39,35.12,112.15}{40,35.54,113.15}{41,35.96,114.15}{42,36.38,115.15}{43,36.8,116.15}{44,37.22,117.15}{45,37.63,118.15}{46,38.05,119.15}{47,38.47,120.15}{48,38.89,121.15}{49,39.31,122.15}{50,39.72,123.15}{51,40.14,124.15}{52,40.56,125.15}{53,40.97,126.15}{54,41.39,127.15}{55,41.8,128.15}{56,42.22,129.15}{57,42.64,130.15}{58,43.05,131.15}{59,43.46,132.15}{60,43.88,133.15}{61,44.29,134.15}{62,44.71,135.15}{63,45.12,136.15}{64,45.53,137.15}{65,45.95,138.15}{66,46.35,139.15}{67,46.76,140.15}{68,47.18,141.15}{69,47.59,142.15}{70,48,143.15}{71,48.41,144.15}{72,48.82,145.15}{73,49.23,146.15}{74,49.64,147.15}{75,50.06,148.15}{76,50.47,149.15}{77,50.88,150.15}{78,51.29,151.15}{79,51.7,152.15}{80,52.11,153.15}{81,52.52,154.15}{82,52.92,155.15}{83,53.33,156.15}{84,53.74,157.15}{85,54.15,158.15}{86,54.56,159.15}{87,54.97,160.15}{88,55.38,161.15}{89,55.78,162.15}{90,56.19,163.15}{91,56.6,164.15}{92,57,165.15}{93,57.41,166.15}{94,57.82,167.15}{95,58.22,168.15}{96,58.63,169.15}{97,59.04,170.15}{98,59.44,171.15}{99,59.85,172.15}{100,60.26,173.15}{101,60.67,174.15}{102,61.07,175.15}{103,61.48,176.15}{104,61.87,177.15}{105,62.29,178.15}{106,62.69,179.15}{107,63.1,180.15}{108,63.5,181.15}{109,63.91,182.15}{110,64.3,183.15}{111,64.7,184.15}{112,65.11,185.15}{113,65.51,186.15}{114,65.91,187.15}{115,66.31,188.15}{116,66.72,189.15}{117,67.12,190.15}{118,67.52,191.15}{119,67.92,192.15}{120,68.33,193.15}{121,68.73,194.15}{122,69.13,195.15}{123,69.53,196.15}{124,69.93,197.15}{125,70.33,198.15}{126,70.73,199.15}{127,71.13,200.15}{128,71.53,201.15}{129,71.93,202.15}{130,72.33,203.15}{131,72.73,204.15}{132,73.13,205.15}{133,73.53,206.15}{134,73.93,207.15}{135,74.33,208.15}{136,74.73,209.15}{137,75.13,210.15}{138,75.53,211.15}{139,75.93,212.15}{140,76.33,213.15}{141,76.73,214.15}{142,77.13,215.15}{143,77.52,216.15}{144,77.92,217.15}{145,78.32,218.15}{146,78.72,219.15}{147,79.11,220.15}{148,79.51,221.15}{149,79.91,222.15}{150,80.31,223.15}{151,80.7,224.15}{152,81.1,225.15}{153,81.5,226.15}{154,81.89,227.15}{155,82.29,228.15}{156,82.69,229.15}{157,83.08,230.15}{158,83.48,231.15}{159,83.88,232.15}{160,84.27,233.15}{161,84.67,234.15}{162,85.06,235.15}{163,85.46,236.15}{164,85.85,237.15}{165,86.25,238.15}{166,86.64,239.15}{167,87.04,240.15}{168,87.43,241.15}{169,87.83,242.15}{170,88.22,243.15}{171,88.62,244.15}{172,89.01,245.15}{173,89.4,246.15}{174,89.8,247.15}{175,90.19,248.15}{176,90.59,249.15}{177,90.98,250.15}{178,91.37,251.15}{179,91.77,252.15}{180,92.16,253.15}{181,92.55,254.15}{182,92.95,255.15}{183,93.34,256.15}{184,93.73,257.15}{185,94.12,258.15}{186,94.52,259.15}{187,94.91,260.15}{188,95.3,261.15}{189,95.69,262.15}{190,96.09,263.15}{191,96.48,264.15}{192,96.87,265.15}{193,97.26,266.15}{194,97.65,267.15}{195,98.04,268.15}{196,98.44,269.15}{197,98.83,270.15}{198,99.22,271.15}{199,99.61,272.15}{200,100,273.15}{201,100.39,274.15}{202,100.78,275.15}{203,101.17,276.15}{204,101.56,277.15}{205,101.95,278.15}{206,102.34,279.15}{207,102.73,280.15}{208,103.12,281.15}{209,103.51,282.15}{210,103.9,283.15}{211,104.29,284.15}{212,104.68,285.15}{213,105.07,286.15}{214,105.46,287.15}{215,105.85,288.15}{216,106.24,289.15}{217,106.63,290.15}{218,107.02,291.15}{219,107.4,292.15}{220,107.79,293.15}{221,108.18,294.15}{222,108.57,295.15}{223,108.96,296.15}{224,109.35,297.15}{225,109.73,298.15}{226,110.12,299.15}{227,110.51,300.15}{228,110.9,301.15}{229,111.28,302.15}{230,111.67,303.15}{231,112.06,304.15}{232,112.45,305.15}{233,112.83,306.15}{234,113.22,307.15}{235,113.61,308.15}{236,113.99,309.15}{237,114.38,310.15}{238,114.77,311.15}{239,115.15,312.15}{240,115.54,313.15}{241,115.93,314.15}{242,116.31,315.15}{243,116.7,316.15}{244,117.08,317.15}{245,117.47,318.15}{246,117.85,319.15}{247,118.24,320.15}{248,118.62,321.15}{249,119.01,322.15}{250,119.4,323.15}{251,119.78,324.15}{252,120.16,325.15}{253,120.55,326.15}{254,120.93,327.15}{255,121.32,328.15}{256,121.7,329.15}{257,122.09,330.15}{258,122.47,331.15}{259,122.86,332.15}{260,123.24,333.15}{261,123.62,334.15}{262,124.01,335.15}{263,124.39,336.15}{264,124.77,337.15}{265,125.17,338.15}{266,125.55,339.15}{267,125.93,340.15}{268,126.32,341.15}{269,126.7,342.15}{270,127.08,343.15}{271,127.46,344.15}{272,127.85,345.15}{273,128.23,346.15}{274,128.61,347.15}{275,128.99,348.15}{276,129.38,349.15}{277,129.76,350.15}{278,130.14,351.15}{279,130.52,352.15}{280,130.9,353.15}{281,131.28,354.15}{282,131.67,355.15}{283,132.05,356.15}{284,132.43,357.15}{285,132.81,358.15}{286,133.19,359.15}{287,133.57,360.15}{288,133.95,361.15}{289,134.33,362.15}{290,134.71,363.15}{291,135.09,364.15}{292,135.47,365.15}{293,135.85,366.15}{294,136.23,367.15}{295,136.61,368.15}{296,136.99,369.15}{297,137.37,370.15}{298,137.75,371.15}{299,138.13,372.15}{300,138.51,373.15}{301,138.89,374.15}{302,139.27,375.15}{303,139.65,376.15}{304,140.03,377.15}{305,140.39,378.15}{306,140.77,379.15}{307,141.15,380.15}{308,141.53,381.15}{309,141.91,382.15}{310,142.29,383.15}{311,142.66,384.15}{312,143.04,385.15}{313,143.42,386.15}{314,143.8,387.15}{315,144.18,388.15}{316,144.56,389.15}{317,144.94,390.15}{318,145.32,391.15}{319,145.69,392.15}{320,146.07,393.15}{321,146.45,394.15}{322,146.82,395.15}{323,147.2,396.15}{324,147.58,397.15}{325,147.95,398.15}{326,148.33,399.15}{327,148.71,400.15}{328,149.08,401.15}{329,149.46,402.15}{330,149.83,403.15}{331,150.21,404.15}{332,150.58,405.15}{333,150.96,406.15}{334,151.34,407.15}{335,151.71,408.15}{336,152.09,409.15}{337,152.46,410.15}{338,152.84,411.15}{339,153.21,412.15}{340,153.58,413.15}{341,153.95,414.15}{342,154.32,415.15}{343,154.71,416.15}{344,155.08,417.15}{345,155.46,418.15}{346,155.83,419.15}{347,156.21,420.15}{348,156.58,421.15}{349,156.96,422.15}{350,157.33,423.15}{351,157.71,424.15}{352,158.08,425.15}{353,158.45,426.15}{354,158.83,427.15}{355,159.2,428.15}{356,159.56,429.15}{357,159.94,430.15}{358,160.31,431.15}{359,160.68,432.15}{360,161.05,433.15}{361,161.43,434.15}{362,161.8,435.15}{363,162.17,436.15}{364,162.54,437.15}{365,162.91,438.15}{366,163.28,439.15}{367,163.66,440.15}{368,164.03,441.15}{369,164.4,442.15}{370,164.77,443.15}{371,165.14,444.15}{372,165.51,445.15}{373,165.88,446.15}{374,166.25,447.15}{375,166.62,448.15}{376,167,449.15}{377,167.37,450.15}{378,167.74,451.15}{379,168.11,452.15}{380,168.48,453.15}{381,168.85,454.15}{382,169.22,455.15}{383,169.59,456.15}{384,169.96,457.15}{385,170.33,458.15}{386,170.69,459.15}{387,171.06,460.15}{388,171.43,461.15}{389,171.8,462.15}{390,172.17,463.15}{391,172.54,464.15}{392,172.91,465.15}{393,173.27,466.15}{394,173.64,467.15}{395,174.01,468.15}{396,174.39,469.15}{397,174.75,470.15}{398,175.12,471.15}{399,175.49,472.15}{400,175.86,473.15}{401,176.23,474.15}{402,176.59,475.15}{403,176.96,476.15}{404,177.33,477.15}{405,177.7,478.15}{406,178.06,479.15}{407,178.43,480.15}{408,178.8,481.15}{409,179.16,482.15}{410,179.53,483.15}{411,179.9,484.15}{412,180.26,485.15}{413,180.63,486.15}{414,180.99,487.15}{415,181.36,488.15}{416,181.73,489.15}{417,182.09,490.15}{418,182.46,491.15}{419,182.82,492.15}{420,183.19,493.15}{421,183.55,494.15}{422,183.92,495.15}{423,184.28,496.15}{424,184.65,497.15}{425,185.01,498.15}{426,185.38,499.15}{427,185.74,500.15}{428,186.11,501.15}{429,186.47,502.15}{430,186.84,503.15}{431,187.2,504.15}{432,187.56,505.15}{433,187.93,506.15}{434,188.29,507.15}{435,188.65,508.15}{436,189.02,509.15}{437,189.38,510.15}{438,189.74,511.15}{439,190.11,512.15}{440,190.47,513.15}{441,190.83,514.15}{442,191.2,515.15}{443,191.56,516.15}{444,191.92,517.15}{445,192.28,518.15}{446,192.66,519.15}{447,193.02,520.15}{448,193.38,521.15}{449,193.74,522.15}{450,194.1,523.15}{451,194.47,524.15}{452,194.83,525.15}{453,195.19,526.15}{454,195.55,527.15}{455,195.9,528.15}{456,196.26,529.15}{457,196.62,530.15}{458,196.98,531.15}{459,197.35,532.15}{460,197.71,533.15}{461,198.07,534.15}{462,198.43,535.15}{463,198.79,536.15}{464,199.15,537.15}{465,199.51,538.15}{466,199.87,539.15}{467,200.23,540.15}{468,200.59,541.15}{469,200.95,542.15}{470,201.31,543.15}{471,201.67,544.15}{472,202.03,545.15}{473,202.38,546.15}{474,202.74,547.15}{475,203.1,548.15}{476,203.46,549.15}{477,203.82,550.15}{478,204.18,551.15}{479,204.54,552.15}{480,204.9,553.15}{481,205.25,554.15}{482,205.61,555.15}{483,205.97,556.15}{484,206.33,557.15}{485,206.7,558.15}{486,207.05,559.15}{487,207.41,560.15}{488,207.77,561.15}{489,208.13,562.15}{490,208.48,563.15}{491,208.84,564.15}{492,209.2,565.15}{493,209.55,566.15}{494,209.91,567.15}{495,210.27,568.15}{496,210.62,569.15}{497,210.98,570.15}{498,211.34,571.15}{499,211.69,572.15}{500,212.05,573.15}{501,212.4,574.15}{502,212.76,575.15}{503,213.12,576.15}{504,213.47,577.15}{505,213.83,578.15}{506,214.19,579.15}{507,214.55,580.15}{508,214.9,581.15}{509,215.26,582.15}{510,215.61,583.15}{511,215.97,584.15}{512,216.32,585.15}{513,216.68,586.15}{514,217.03,587.15}{515,217.39,588.15}{516,217.73,589.15}{517,218.08,590.15}{518,218.44,591.15}{519,218.79,592.15}{520,219.15,593.15}{521,219.5,594.15}{522,219.85,595.15}{523,220.21,596.15}{524,220.56,597.15}{525,220.91,598.15}{526,221.27,599.15}{527,221.62,600.15}{528,221.97,601.15}{529,222.32,602.15}{530,222.68,603.15}{531,223.03,604.15}{532,223.38,605.15}{533,223.73,606.15}{534,224.09,607.15}{535,224.45,608.15}{536,224.8,609.15}{537,225.15,610.15}{538,225.5,611.15}{539,225.85,612.15}{540,226.21,613.15}{541,226.56,614.15}{542,226.91,615.15}{543,227.26,616.15}{544,227.61,617.15}{545,227.96,618.15}{546,228.31,619.15}{547,228.66,620.15}{548,229.01,621.15}{549,229.36,622.15}{550,229.72,623.15}{551,230.07,624.15}{552,230.42,625.15}{553,230.77,626.15}{554,231.12,627.15}{555,231.47,628.15}{556,231.81,629.15}{557,232.16,630.15}{558,232.51,631.15}{559,232.86,632.15}{560,233.21,633.15}{561,233.56,634.15}{562,233.91,635.15}{563,234.26,636.15}{564,234.6,637.15}{565,234.95,638.15}{566,235.3,639.15}{567,235.65,640.15}{568,236,641.15}{569,236.35,642.15}{570,236.7,643.15}{571,237.05,644.15}{572,237.4,645.15}{573,237.75,646.15}{574,238.09,647.15}{575,238.44,648.15}{576,238.79,649.15}{577,239.14,650.15}{578,239.48,651.15}{579,239.83,652.15}{580,240.18,653.15}{581,240.52,654.15}{582,240.87,655.15}{583,241.22,656.15}{584,241.56,657.15}{585,241.91,658.15}{586,242.25,659.15}{587,242.6,660.15}{588,242.95,661.15}{589,243.29,662.15}{590,243.64,663.15}{591,243.98,664.15}{592,244.33,665.15}{593,244.67,666.15}{594,245.02,667.15}{595,245.36,668.15}{596,245.71,669.15}{597,246.05,670.15}{598,246.4,671.15}{599,246.74,672.15}{600,247.09,673.15}{601,247.43,674.15}{602,247.78,675.15}{603,248.12,676.15}{604,248.46,677.15}{605,248.81,678.15}{606,249.15,679.15}{607,249.5,680.15}{608,249.84,681.15}{609,250.18,682.15}{610,250.53,683.15}{611,250.89,684.15}{612,251.21,685.15}{613,251.55,686.15}{614,251.9,687.15}{615,252.24,688.15}{616,252.59,689.15}{617,252.94,690.15}{618,253.28,691.15}{619,253.62,692.15}{620,253.96,693.15}{621,254.3,694.15}{622,254.65,695.15}{623,254.99,696.15}{624,255.33,697.15}{625,255.67,698.15}{626,256.01,699.15}{627,256.35,700.15}{628,256.7,701.15}{629,257.04,702.15}{630,257.38,703.15}{631,257.72,704.15}{632,258.06,705.15}{633,258.4,706.15}{634,258.74,707.15}{635,259.08,708.15}{636,259.42,709.15}{637,259.76,710.15}{638,260.1,711.15}{639,260.44,712.15}{640,260.78,713.15}{641,261.12,714.15}{642,261.46,715.15}{643,261.8,716.15}{644,262.14,717.15}{645,262.48,718.15}{646,262.83,719.15}{647,263.17,720.15}{648,263.5,721.15}{649,263.84,722.15}{650,264.18,723.15}{651,264.52,724.15}{652,264.86,725.15}{653,265.2,726.15}{654,265.54,727.15}{655,265.87,728.15}{656,266.21,729.15}{657,266.55,730.15}{658,266.89,731.15}{659,267.22,732.15}{660,267.56,733.15}{661,267.9,734.15}{662,268.24,735.15}{663,268.57,736.15}{664,268.91,737.15}{665,269.25,738.15}{666,269.58,739.15}{667,269.92,740.15}{668,270.26,741.15}{669,270.59,742.15}{670,270.93,743.15}{671,271.27,744.15}{672,271.6,745.15}{673,271.94,746.15}{674,272.27,747.15}{675,272.61,748.15}{676,272.95,749.15}{677,273.28,750.15}{678,273.62,751.15}{679,273.95,752.15}{680,274.29,753.15}{681,274.62,754.15}{682,274.96,755.15}{683,275.29,756.15}{684,275.63,757.15}{685,275.96,758.15}{686,276.31,759.15}{687,276.64,760.15}{688,276.97,761.15}{689,277.31,762.15}{690,277.64,763.15}{691,277.98,764.15}{692,278.31,765.15}{693,278.64,766.15}{694,278.98,767.15}{695,279.31,768.15}{696,279.64,769.15}{697,279.98,770.15}{698,280.31,771.15}{699,280.64,772.15}{700,280.98,773.15}{701,281.31,774.15}{702,281.64,775.15}{703,281.97,776.15}{704,282.31,777.15}{705,282.64,778.15}{706,282.97,779.15}{707,283.3,780.15}{708,283.63,781.15}{709,283.97,782.15}{710,284.3,783.15}{711,284.63,784.15}{712,284.96,785.15}{713,285.29,786.15}{714,285.62,787.15}{715,285.95,788.15}{716,286.3,789.15}{717,286.63,790.15}{718,286.96,791.15}{719,287.29,792.15}{720,287.62,793.15}{721,287.95,794.15}{722,288.28,795.15}{723,288.61,796.15}{724,288.94,797.15}{725,289.27,798.15}{726,289.6,799.15}{727,289.93,800.15}{728,290.26,801.15}{729,290.59,802.15}{730,290.92,803.15}{731,291.25,804.15}{732,291.58,805.15}{733,291.9,806.15}{734,292.23,807.15}{735,292.56,808.15}{736,292.9,809.15}{737,293.23,810.15}{738,293.56,811.15}{739,293.89,812.15}{740,294.21,813.15}{741,294.54,814.15}{742,294.87,815.15}{743,295.2,816.15}{744,295.53,817.15}{745,295.85,818.15}{746,296.18,819.15}{747,296.51,820.15}{748,296.84,821.15}{749,297.16,822.15}{750,297.49,823.15}{751,297.82,824.15}{752,298.14,825.15}{753,298.47,826.15}{754,298.8,827.15}{755,299.12,828.15}{756,299.45,829.15}{757,299.78,830.15}{758,300.1,831.15}{759,300.43,832.15}{760,300.75,833.15}{761,301.08,834.15}{762,301.41,835.15}{763,301.73,836.15}{764,302.06,837.15}{765,302.38,838.15}{766,302.71,839.15}{767,303.03,840.15}{768,303.36,841.15}{769,303.68,842.15}{770,304.01,843.15}{771,304.33,844.15}{772,304.66,845.15}{773,304.98,846.15}{774,305.3,847.15}{775,305.63,848.15}{776,305.95,849.15}{777,306.28,850.15}{778,306.6,851.15}{779,306.92,852.15}{780,307.25,853.15}{781,307.57,854.15}{782,307.89,855.15}{783,308.22,856.15}{784,308.54,857.15}{785,308.86,858.15}{786,309.19,859.15}{787,309.51,860.15}{788,309.83,861.15}{789,310.15,862.15}{790,310.48,863.15}{791,310.8,864.15}{792,311.12,865.15}{793,311.45,866.15}{794,311.78,867.15}{795,312.1,868.15}{796,312.43,869.15}{797,312.75,870.15}{798,313.07,871.15}{799,313.39,872.15}{800,313.71,873.15}{801,314.04,874.15}{802,314.36,875.15}{803,314.68,876.15}{804,315,877.15}{805,315.32,878.15}{806,315.64,879.15}{807,315.96,880.15}{808,316.28,881.15}{809,316.6,882.15}{810,316.92,883.15}{811,317.24,884.15}{812,317.56,885.15}{813,317.88,886.15}{814,318.2,887.15}{815,318.52,888.15}{816,318.85,889.15}{817,319.17,890.15}{818,319.49,891.15}{819,319.81,892.15}{820,320.12,893.15}{821,320.44,894.15}{822,320.76,895.15}{823,321.08,896.15}{824,321.4,897.15}{825,321.72,898.15}{826,322.03,899.15}{827,322.34,900.15}{828,322.66,901.15}{829,322.98,902.15}{830,323.3,903.15}{831,323.61,904.15}{832,323.93,905.15}{833,324.25,906.15}{834,324.57,907.15}{835,324.88,908.15}{836,325.21,909.15}{837,325.53,910.15}{838,325.85,911.15}{839,326.16,912.15}{840,326.48,913.15}{841,326.79,914.15}{842,327.11,915.15}{843,327.43,916.15}{844,327.74,917.15}{845,328.06,918.15}{846,328.38,919.15}{847,328.69,920.15}{848,329.01,921.15}{849,329.32,922.15}{850,329.64,923.15}{851,329.95,924.15}{852,330.27,925.15}{853,330.58,926.15}{854,330.9,927.15}{855,331.21,928.15}{856,331.53,929.15}{857,331.84,930.15}{858,332.16,931.15}{859,332.47,932.15}{860,332.79,933.15}{861,333.1,934.15}{862,333.41,935.15}{863,333.73,936.15}{864,334.04,937.15}{865,334.36,938.15}{866,334.68,939.15}{867,334.99,940.15}{868,335.31,941.15}{869,335.62,942.15}{870,335.93,943.15}{871,336.25,944.15}{872,336.56,945.15}{873,336.87,946.15}{874,337.18,947.15}{875,337.5,948.15}{876,337.81,949.15}{877,338.12,950.15}{878,338.43,951.15}{879,338.75,952.15}{880,339.06,953.15}{881,339.37,954.15}{882,339.68,955.15}{883,339.99,956.15}{884,340.3,957.15}{885,340.62,958.15}{886,340.94,959.15}{887,341.25,960.15}{888,341.55,961.15}{889,341.87,962.15}{890,342.18,963.15}{891,342.49,964.15}{892,342.8,965.15}{893,343.11,966.15}{894,343.42,967.15}{895,343.73,968.15}{896,344.04,969.15}{897,344.35,970.15}{898,344.66,971.15}{899,344.97,972.15}{900,345.28,973.15}{901,345.59,974.15}{902,345.9,975.15}{903,346.21,976.15}{904,346.52,977.15}{905,346.83,978.15}{906,347.15,979.15}{907,347.46,980.15}{908,347.76,981.15}{909,348.07,982.15}{910,348.38,983.15}{911,348.69,984.15}{912,349,985.15}{913,349.31,986.15}{914,349.61,987.15}{915,349.92,988.15}{916,350.23,989.15}{917,350.54,990.15}{918,350.85,991.15}{919,351.15,992.15}{920,351.46,993.15}{921,351.77,994.15}{922,352.07,995.15}{923,352.38,996.15}{924,352.69,997.15}{925,352.99,998.15}{926,353.3,999.15}{927,353.61,1000.15}{928,353.91,1001.15}{929,354.22,1002.15}{930,354.53,1003.15}{931,354.83,1004.15}{932,355.14,1005.15}{933,355.44,1006.15}{934,355.75,1007.15}{935,356.06,1008.15}{936,356.37,1009.15}{937,356.68,1010.15}{938,356.98,1011.15}{939,357.29,1012.15}{940,357.59,1013.15}{941,357.9,1014.15}{942,358.2,1015.15}{943,358.51,1016.15}{944,358.81,1017.15}{945,359.12,1018.15}{946,359.42,1019.15}{947,359.72,1020.15}{948,360.03,1021.15}{949,360.33,1022.15}{950,360.64,1023.15}{951,360.94,1024.15}{952,361.24,1025.15}{953,361.55,1026.15}{954,361.85,1027.15}{955,362.15,1028.15}{956,362.46,1029.15}{957,362.76,1030.15}{958,363.06,1031.15}{959,363.36,1032.15}{960,363.67,1033.15}{961,363.97,1034.15}{962,364.27,1035.15}{963,364.57,1036.15}{964,364.88,1037.15}{965,365.18,1038.15}{966,365.49,1039.15}{967,365.79,1040.15}{968,366.09,1041.15}{969,366.4,1042.15}{970,366.7,1043.15}{971,367,1044.15}{972,367.3,1045.15}{973,367.6,1046.15}{974,367.9,1047.15}{975,368.2,1048.15}{976,368.5,1049.15}{977,368.81,1050.15}{978,369.11,1051.15}{979,369.41,1052.15}{980,369.71,1053.15}{981,370.01,1054.15}{982,370.31,1055.15}{983,370.61,1056.15}{984,370.91,1057.15}{985,371.21,1058.15}{986,371.52,1059.15}{987,371.82,1060.15}{988,372.12,1061.15}{989,372.41,1062.15}{990,372.71,1063.15}{991,373.01,1064.15}{992,373.31,1065.15}{993,373.61,1066.15}{994,373.91,1067.15}{995,374.21,1068.15}{996,374.51,1069.15}{997,374.8,1070.15}{998,375.1,1071.15}{999,375.4,1072.15}{1000,375.7,1073.15}{1001,376,1074.15}{1002,376.29,1075.15}{1003,376.59,1076.15}{1004,376.89,1077.15}{1005,377.19,1078.15}{1006,377.49,1079.15}{1007,377.79,1080.15}{1008,378.09,1081.15}{1009,378.39,1082.15}{1010,378.68,1083.15}{1011,378.98,1084.15}{1012,379.28,1085.15}{1013,379.57,1086.15}{1014,379.87,1087.15}{1015,380.17,1088.15}{1016,380.46,1089.15}{1017,380.76,1090.15}{1018,381.05,1091.15}{1019,381.35,1092.15}{1020,381.65,1093.15}{1021,381.94,1094.15}{1022,382.24,1095.15}{1023,382.53,1096.15}{1024,382.83,1097.15}{1025,383.12,1098.15}{1026,383.42,1099.15}{1027,383.71,1100.15}{1028,384.01,1101.15}{1029,384.3,1102.15}{1030,384.6,1103.15}{1031,384.89,1104.15}{1032,385.18,1105.15}{1033,385.48,1106.15}{1034,385.77,1107.15}{1035,386.07,1108.15}{1036,386.37,1109.15}{1037,386.66,1110.15}{1038,386.96,1111.15}{1039,387.25,1112.15}{1040,387.55,1113.15}{1041,387.84,1114.15}{1042,388.13,1115.15}{1043,388.42,1116.15}{1044,388.72,1117.15}{1045,389.01,1118.15}{1046,389.31,1119.15}{1047,389.61,1120.15}{1048,389.9,1121.15}{1049,390.19,1122.15}{1050,390.48,1123.15}&quot;"/>
                                                <instance name="dev01/Config/ch00008/RTDWireScheme" order="0" value="4"/>
                                                <instance name="dev01/Config/ch00003/Calibration_Sensor_Curve" order="0" value="&quot;{0,18.52,73.15}{1,18.96,74.15}{2,19.39,75.15}{3,19.82,76.15}{4,20.25,77.15}{5,20.68,78.15}{6,21.11,79.15}{7,21.54,80.15}{8,21.97,81.15}{9,22.4,82.15}{10,22.83,83.15}{11,23.26,84.15}{12,23.69,85.15}{13,24.12,86.15}{14,24.55,87.15}{15,24.97,88.15}{16,25.39,89.15}{17,25.82,90.15}{18,26.25,91.15}{19,26.67,92.15}{20,27.1,93.15}{21,27.52,94.15}{22,27.95,95.15}{23,28.37,96.15}{24,28.8,97.15}{25,29.22,98.15}{26,29.65,99.15}{27,30.07,100.15}{28,30.49,101.15}{29,30.92,102.15}{30,31.34,103.15}{31,31.76,104.15}{32,32.18,105.15}{33,32.61,106.15}{34,33.03,107.15}{35,33.45,108.15}{36,33.86,109.15}{37,34.28,110.15}{38,34.7,111.15}{39,35.12,112.15}{40,35.54,113.15}{41,35.96,114.15}{42,36.38,115.15}{43,36.8,116.15}{44,37.22,117.15}{45,37.63,118.15}{46,38.05,119.15}{47,38.47,120.15}{48,38.89,121.15}{49,39.31,122.15}{50,39.72,123.15}{51,40.14,124.15}{52,40.56,125.15}{53,40.97,126.15}{54,41.39,127.15}{55,41.8,128.15}{56,42.22,129.15}{57,42.64,130.15}{58,43.05,131.15}{59,43.46,132.15}{60,43.88,133.15}{61,44.29,134.15}{62,44.71,135.15}{63,45.12,136.15}{64,45.53,137.15}{65,45.95,138.15}{66,46.35,139.15}{67,46.76,140.15}{68,47.18,141.15}{69,47.59,142.15}{70,48,143.15}{71,48.41,144.15}{72,48.82,145.15}{73,49.23,146.15}{74,49.64,147.15}{75,50.06,148.15}{76,50.47,149.15}{77,50.88,150.15}{78,51.29,151.15}{79,51.7,152.15}{80,52.11,153.15}{81,52.52,154.15}{82,52.92,155.15}{83,53.33,156.15}{84,53.74,157.15}{85,54.15,158.15}{86,54.56,159.15}{87,54.97,160.15}{88,55.38,161.15}{89,55.78,162.15}{90,56.19,163.15}{91,56.6,164.15}{92,57,165.15}{93,57.41,166.15}{94,57.82,167.15}{95,58.22,168.15}{96,58.63,169.15}{97,59.04,170.15}{98,59.44,171.15}{99,59.85,172.15}{100,60.26,173.15}{101,60.67,174.15}{102,61.07,175.15}{103,61.48,176.15}{104,61.87,177.15}{105,62.29,178.15}{106,62.69,179.15}{107,63.1,180.15}{108,63.5,181.15}{109,63.91,182.15}{110,64.3,183.15}{111,64.7,184.15}{112,65.11,185.15}{113,65.51,186.15}{114,65.91,187.15}{115,66.31,188.15}{116,66.72,189.15}{117,67.12,190.15}{118,67.52,191.15}{119,67.92,192.15}{120,68.33,193.15}{121,68.73,194.15}{122,69.13,195.15}{123,69.53,196.15}{124,69.93,197.15}{125,70.33,198.15}{126,70.73,199.15}{127,71.13,200.15}{128,71.53,201.15}{129,71.93,202.15}{130,72.33,203.15}{131,72.73,204.15}{132,73.13,205.15}{133,73.53,206.15}{134,73.93,207.15}{135,74.33,208.15}{136,74.73,209.15}{137,75.13,210.15}{138,75.53,211.15}{139,75.93,212.15}{140,76.33,213.15}{141,76.73,214.15}{142,77.13,215.15}{143,77.52,216.15}{144,77.92,217.15}{145,78.32,218.15}{146,78.72,219.15}{147,79.11,220.15}{148,79.51,221.15}{149,79.91,222.15}{150,80.31,223.15}{151,80.7,224.15}{152,81.1,225.15}{153,81.5,226.15}{154,81.89,227.15}{155,82.29,228.15}{156,82.69,229.15}{157,83.08,230.15}{158,83.48,231.15}{159,83.88,232.15}{160,84.27,233.15}{161,84.67,234.15}{162,85.06,235.15}{163,85.46,236.15}{164,85.85,237.15}{165,86.25,238.15}{166,86.64,239.15}{167,87.04,240.15}{168,87.43,241.15}{169,87.83,242.15}{170,88.22,243.15}{171,88.62,244.15}{172,89.01,245.15}{173,89.4,246.15}{174,89.8,247.15}{175,90.19,248.15}{176,90.59,249.15}{177,90.98,250.15}{178,91.37,251.15}{179,91.77,252.15}{180,92.16,253.15}{181,92.55,254.15}{182,92.95,255.15}{183,93.34,256.15}{184,93.73,257.15}{185,94.12,258.15}{186,94.52,259.15}{187,94.91,260.15}{188,95.3,261.15}{189,95.69,262.15}{190,96.09,263.15}{191,96.48,264.15}{192,96.87,265.15}{193,97.26,266.15}{194,97.65,267.15}{195,98.04,268.15}{196,98.44,269.15}{197,98.83,270.15}{198,99.22,271.15}{199,99.61,272.15}{200,100,273.15}{201,100.39,274.15}{202,100.78,275.15}{203,101.17,276.15}{204,101.56,277.15}{205,101.95,278.15}{206,102.34,279.15}{207,102.73,280.15}{208,103.12,281.15}{209,103.51,282.15}{210,103.9,283.15}{211,104.29,284.15}{212,104.68,285.15}{213,105.07,286.15}{214,105.46,287.15}{215,105.85,288.15}{216,106.24,289.15}{217,106.63,290.15}{218,107.02,291.15}{219,107.4,292.15}{220,107.79,293.15}{221,108.18,294.15}{222,108.57,295.15}{223,108.96,296.15}{224,109.35,297.15}{225,109.73,298.15}{226,110.12,299.15}{227,110.51,300.15}{228,110.9,301.15}{229,111.28,302.15}{230,111.67,303.15}{231,112.06,304.15}{232,112.45,305.15}{233,112.83,306.15}{234,113.22,307.15}{235,113.61,308.15}{236,113.99,309.15}{237,114.38,310.15}{238,114.77,311.15}{239,115.15,312.15}{240,115.54,313.15}{241,115.93,314.15}{242,116.31,315.15}{243,116.7,316.15}{244,117.08,317.15}{245,117.47,318.15}{246,117.85,319.15}{247,118.24,320.15}{248,118.62,321.15}{249,119.01,322.15}{250,119.4,323.15}{251,119.78,324.15}{252,120.16,325.15}{253,120.55,326.15}{254,120.93,327.15}{255,121.32,328.15}{256,121.7,329.15}{257,122.09,330.15}{258,122.47,331.15}{259,122.86,332.15}{260,123.24,333.15}{261,123.62,334.15}{262,124.01,335.15}{263,124.39,336.15}{264,124.77,337.15}{265,125.17,338.15}{266,125.55,339.15}{267,125.93,340.15}{268,126.32,341.15}{269,126.7,342.15}{270,127.08,343.15}{271,127.46,344.15}{272,127.85,345.15}{273,128.23,346.15}{274,128.61,347.15}{275,128.99,348.15}{276,129.38,349.15}{277,129.76,350.15}{278,130.14,351.15}{279,130.52,352.15}{280,130.9,353.15}{281,131.28,354.15}{282,131.67,355.15}{283,132.05,356.15}{284,132.43,357.15}{285,132.81,358.15}{286,133.19,359.15}{287,133.57,360.15}{288,133.95,361.15}{289,134.33,362.15}{290,134.71,363.15}{291,135.09,364.15}{292,135.47,365.15}{293,135.85,366.15}{294,136.23,367.15}{295,136.61,368.15}{296,136.99,369.15}{297,137.37,370.15}{298,137.75,371.15}{299,138.13,372.15}{300,138.51,373.15}{301,138.89,374.15}{302,139.27,375.15}{303,139.65,376.15}{304,140.03,377.15}{305,140.39,378.15}{306,140.77,379.15}{307,141.15,380.15}{308,141.53,381.15}{309,141.91,382.15}{310,142.29,383.15}{311,142.66,384.15}{312,143.04,385.15}{313,143.42,386.15}{314,143.8,387.15}{315,144.18,388.15}{316,144.56,389.15}{317,144.94,390.15}{318,145.32,391.15}{319,145.69,392.15}{320,146.07,393.15}{321,146.45,394.15}{322,146.82,395.15}{323,147.2,396.15}{324,147.58,397.15}{325,147.95,398.15}{326,148.33,399.15}{327,148.71,400.15}{328,149.08,401.15}{329,149.46,402.15}{330,149.83,403.15}{331,150.21,404.15}{332,150.58,405.15}{333,150.96,406.15}{334,151.34,407.15}{335,151.71,408.15}{336,152.09,409.15}{337,152.46,410.15}{338,152.84,411.15}{339,153.21,412.15}{340,153.58,413.15}{341,153.95,414.15}{342,154.32,415.15}{343,154.71,416.15}{344,155.08,417.15}{345,155.46,418.15}{346,155.83,419.15}{347,156.21,420.15}{348,156.58,421.15}{349,156.96,422.15}{350,157.33,423.15}{351,157.71,424.15}{352,158.08,425.15}{353,158.45,426.15}{354,158.83,427.15}{355,159.2,428.15}{356,159.56,429.15}{357,159.94,430.15}{358,160.31,431.15}{359,160.68,432.15}{360,161.05,433.15}{361,161.43,434.15}{362,161.8,435.15}{363,162.17,436.15}{364,162.54,437.15}{365,162.91,438.15}{366,163.28,439.15}{367,163.66,440.15}{368,164.03,441.15}{369,164.4,442.15}{370,164.77,443.15}{371,165.14,444.15}{372,165.51,445.15}{373,165.88,446.15}{374,166.25,447.15}{375,166.62,448.15}{376,167,449.15}{377,167.37,450.15}{378,167.74,451.15}{379,168.11,452.15}{380,168.48,453.15}{381,168.85,454.15}{382,169.22,455.15}{383,169.59,456.15}{384,169.96,457.15}{385,170.33,458.15}{386,170.69,459.15}{387,171.06,460.15}{388,171.43,461.15}{389,171.8,462.15}{390,172.17,463.15}{391,172.54,464.15}{392,172.91,465.15}{393,173.27,466.15}{394,173.64,467.15}{395,174.01,468.15}{396,174.39,469.15}{397,174.75,470.15}{398,175.12,471.15}{399,175.49,472.15}{400,175.86,473.15}{401,176.23,474.15}{402,176.59,475.15}{403,176.96,476.15}{404,177.33,477.15}{405,177.7,478.15}{406,178.06,479.15}{407,178.43,480.15}{408,178.8,481.15}{409,179.16,482.15}{410,179.53,483.15}{411,179.9,484.15}{412,180.26,485.15}{413,180.63,486.15}{414,180.99,487.15}{415,181.36,488.15}{416,181.73,489.15}{417,182.09,490.15}{418,182.46,491.15}{419,182.82,492.15}{420,183.19,493.15}{421,183.55,494.15}{422,183.92,495.15}{423,184.28,496.15}{424,184.65,497.15}{425,185.01,498.15}{426,185.38,499.15}{427,185.74,500.15}{428,186.11,501.15}{429,186.47,502.15}{430,186.84,503.15}{431,187.2,504.15}{432,187.56,505.15}{433,187.93,506.15}{434,188.29,507.15}{435,188.65,508.15}{436,189.02,509.15}{437,189.38,510.15}{438,189.74,511.15}{439,190.11,512.15}{440,190.47,513.15}{441,190.83,514.15}{442,191.2,515.15}{443,191.56,516.15}{444,191.92,517.15}{445,192.28,518.15}{446,192.66,519.15}{447,193.02,520.15}{448,193.38,521.15}{449,193.74,522.15}{450,194.1,523.15}{451,194.47,524.15}{452,194.83,525.15}{453,195.19,526.15}{454,195.55,527.15}{455,195.9,528.15}{456,196.26,529.15}{457,196.62,530.15}{458,196.98,531.15}{459,197.35,532.15}{460,197.71,533.15}{461,198.07,534.15}{462,198.43,535.15}{463,198.79,536.15}{464,199.15,537.15}{465,199.51,538.15}{466,199.87,539.15}{467,200.23,540.15}{468,200.59,541.15}{469,200.95,542.15}{470,201.31,543.15}{471,201.67,544.15}{472,202.03,545.15}{473,202.38,546.15}{474,202.74,547.15}{475,203.1,548.15}{476,203.46,549.15}{477,203.82,550.15}{478,204.18,551.15}{479,204.54,552.15}{480,204.9,553.15}{481,205.25,554.15}{482,205.61,555.15}{483,205.97,556.15}{484,206.33,557.15}{485,206.7,558.15}{486,207.05,559.15}{487,207.41,560.15}{488,207.77,561.15}{489,208.13,562.15}{490,208.48,563.15}{491,208.84,564.15}{492,209.2,565.15}{493,209.55,566.15}{494,209.91,567.15}{495,210.27,568.15}{496,210.62,569.15}{497,210.98,570.15}{498,211.34,571.15}{499,211.69,572.15}{500,212.05,573.15}{501,212.4,574.15}{502,212.76,575.15}{503,213.12,576.15}{504,213.47,577.15}{505,213.83,578.15}{506,214.19,579.15}{507,214.55,580.15}{508,214.9,581.15}{509,215.26,582.15}{510,215.61,583.15}{511,215.97,584.15}{512,216.32,585.15}{513,216.68,586.15}{514,217.03,587.15}{515,217.39,588.15}{516,217.73,589.15}{517,218.08,590.15}{518,218.44,591.15}{519,218.79,592.15}{520,219.15,593.15}{521,219.5,594.15}{522,219.85,595.15}{523,220.21,596.15}{524,220.56,597.15}{525,220.91,598.15}{526,221.27,599.15}{527,221.62,600.15}{528,221.97,601.15}{529,222.32,602.15}{530,222.68,603.15}{531,223.03,604.15}{532,223.38,605.15}{533,223.73,606.15}{534,224.09,607.15}{535,224.45,608.15}{536,224.8,609.15}{537,225.15,610.15}{538,225.5,611.15}{539,225.85,612.15}{540,226.21,613.15}{541,226.56,614.15}{542,226.91,615.15}{543,227.26,616.15}{544,227.61,617.15}{545,227.96,618.15}{546,228.31,619.15}{547,228.66,620.15}{548,229.01,621.15}{549,229.36,622.15}{550,229.72,623.15}{551,230.07,624.15}{552,230.42,625.15}{553,230.77,626.15}{554,231.12,627.15}{555,231.47,628.15}{556,231.81,629.15}{557,232.16,630.15}{558,232.51,631.15}{559,232.86,632.15}{560,233.21,633.15}{561,233.56,634.15}{562,233.91,635.15}{563,234.26,636.15}{564,234.6,637.15}{565,234.95,638.15}{566,235.3,639.15}{567,235.65,640.15}{568,236,641.15}{569,236.35,642.15}{570,236.7,643.15}{571,237.05,644.15}{572,237.4,645.15}{573,237.75,646.15}{574,238.09,647.15}{575,238.44,648.15}{576,238.79,649.15}{577,239.14,650.15}{578,239.48,651.15}{579,239.83,652.15}{580,240.18,653.15}{581,240.52,654.15}{582,240.87,655.15}{583,241.22,656.15}{584,241.56,657.15}{585,241.91,658.15}{586,242.25,659.15}{587,242.6,660.15}{588,242.95,661.15}{589,243.29,662.15}{590,243.64,663.15}{591,243.98,664.15}{592,244.33,665.15}{593,244.67,666.15}{594,245.02,667.15}{595,245.36,668.15}{596,245.71,669.15}{597,246.05,670.15}{598,246.4,671.15}{599,246.74,672.15}{600,247.09,673.15}{601,247.43,674.15}{602,247.78,675.15}{603,248.12,676.15}{604,248.46,677.15}{605,248.81,678.15}{606,249.15,679.15}{607,249.5,680.15}{608,249.84,681.15}{609,250.18,682.15}{610,250.53,683.15}{611,250.89,684.15}{612,251.21,685.15}{613,251.55,686.15}{614,251.9,687.15}{615,252.24,688.15}{616,252.59,689.15}{617,252.94,690.15}{618,253.28,691.15}{619,253.62,692.15}{620,253.96,693.15}{621,254.3,694.15}{622,254.65,695.15}{623,254.99,696.15}{624,255.33,697.15}{625,255.67,698.15}{626,256.01,699.15}{627,256.35,700.15}{628,256.7,701.15}{629,257.04,702.15}{630,257.38,703.15}{631,257.72,704.15}{632,258.06,705.15}{633,258.4,706.15}{634,258.74,707.15}{635,259.08,708.15}{636,259.42,709.15}{637,259.76,710.15}{638,260.1,711.15}{639,260.44,712.15}{640,260.78,713.15}{641,261.12,714.15}{642,261.46,715.15}{643,261.8,716.15}{644,262.14,717.15}{645,262.48,718.15}{646,262.83,719.15}{647,263.17,720.15}{648,263.5,721.15}{649,263.84,722.15}{650,264.18,723.15}{651,264.52,724.15}{652,264.86,725.15}{653,265.2,726.15}{654,265.54,727.15}{655,265.87,728.15}{656,266.21,729.15}{657,266.55,730.15}{658,266.89,731.15}{659,267.22,732.15}{660,267.56,733.15}{661,267.9,734.15}{662,268.24,735.15}{663,268.57,736.15}{664,268.91,737.15}{665,269.25,738.15}{666,269.58,739.15}{667,269.92,740.15}{668,270.26,741.15}{669,270.59,742.15}{670,270.93,743.15}{671,271.27,744.15}{672,271.6,745.15}{673,271.94,746.15}{674,272.27,747.15}{675,272.61,748.15}{676,272.95,749.15}{677,273.28,750.15}{678,273.62,751.15}{679,273.95,752.15}{680,274.29,753.15}{681,274.62,754.15}{682,274.96,755.15}{683,275.29,756.15}{684,275.63,757.15}{685,275.96,758.15}{686,276.31,759.15}{687,276.64,760.15}{688,276.97,761.15}{689,277.31,762.15}{690,277.64,763.15}{691,277.98,764.15}{692,278.31,765.15}{693,278.64,766.15}{694,278.98,767.15}{695,279.31,768.15}{696,279.64,769.15}{697,279.98,770.15}{698,280.31,771.15}{699,280.64,772.15}{700,280.98,773.15}{701,281.31,774.15}{702,281.64,775.15}{703,281.97,776.15}{704,282.31,777.15}{705,282.64,778.15}{706,282.97,779.15}{707,283.3,780.15}{708,283.63,781.15}{709,283.97,782.15}{710,284.3,783.15}{711,284.63,784.15}{712,284.96,785.15}{713,285.29,786.15}{714,285.62,787.15}{715,285.95,788.15}{716,286.3,789.15}{717,286.63,790.15}{718,286.96,791.15}{719,287.29,792.15}{720,287.62,793.15}{721,287.95,794.15}{722,288.28,795.15}{723,288.61,796.15}{724,288.94,797.15}{725,289.27,798.15}{726,289.6,799.15}{727,289.93,800.15}{728,290.26,801.15}{729,290.59,802.15}{730,290.92,803.15}{731,291.25,804.15}{732,291.58,805.15}{733,291.9,806.15}{734,292.23,807.15}{735,292.56,808.15}{736,292.9,809.15}{737,293.23,810.15}{738,293.56,811.15}{739,293.89,812.15}{740,294.21,813.15}{741,294.54,814.15}{742,294.87,815.15}{743,295.2,816.15}{744,295.53,817.15}{745,295.85,818.15}{746,296.18,819.15}{747,296.51,820.15}{748,296.84,821.15}{749,297.16,822.15}{750,297.49,823.15}{751,297.82,824.15}{752,298.14,825.15}{753,298.47,826.15}{754,298.8,827.15}{755,299.12,828.15}{756,299.45,829.15}{757,299.78,830.15}{758,300.1,831.15}{759,300.43,832.15}{760,300.75,833.15}{761,301.08,834.15}{762,301.41,835.15}{763,301.73,836.15}{764,302.06,837.15}{765,302.38,838.15}{766,302.71,839.15}{767,303.03,840.15}{768,303.36,841.15}{769,303.68,842.15}{770,304.01,843.15}{771,304.33,844.15}{772,304.66,845.15}{773,304.98,846.15}{774,305.3,847.15}{775,305.63,848.15}{776,305.95,849.15}{777,306.28,850.15}{778,306.6,851.15}{779,306.92,852.15}{780,307.25,853.15}{781,307.57,854.15}{782,307.89,855.15}{783,308.22,856.15}{784,308.54,857.15}{785,308.86,858.15}{786,309.19,859.15}{787,309.51,860.15}{788,309.83,861.15}{789,310.15,862.15}{790,310.48,863.15}{791,310.8,864.15}{792,311.12,865.15}{793,311.45,866.15}{794,311.78,867.15}{795,312.1,868.15}{796,312.43,869.15}{797,312.75,870.15}{798,313.07,871.15}{799,313.39,872.15}{800,313.71,873.15}{801,314.04,874.15}{802,314.36,875.15}{803,314.68,876.15}{804,315,877.15}{805,315.32,878.15}{806,315.64,879.15}{807,315.96,880.15}{808,316.28,881.15}{809,316.6,882.15}{810,316.92,883.15}{811,317.24,884.15}{812,317.56,885.15}{813,317.88,886.15}{814,318.2,887.15}{815,318.52,888.15}{816,318.85,889.15}{817,319.17,890.15}{818,319.49,891.15}{819,319.81,892.15}{820,320.12,893.15}{821,320.44,894.15}{822,320.76,895.15}{823,321.08,896.15}{824,321.4,897.15}{825,321.72,898.15}{826,322.03,899.15}{827,322.34,900.15}{828,322.66,901.15}{829,322.98,902.15}{830,323.3,903.15}{831,323.61,904.15}{832,323.93,905.15}{833,324.25,906.15}{834,324.57,907.15}{835,324.88,908.15}{836,325.21,909.15}{837,325.53,910.15}{838,325.85,911.15}{839,326.16,912.15}{840,326.48,913.15}{841,326.79,914.15}{842,327.11,915.15}{843,327.43,916.15}{844,327.74,917.15}{845,328.06,918.15}{846,328.38,919.15}{847,328.69,920.15}{848,329.01,921.15}{849,329.32,922.15}{850,329.64,923.15}{851,329.95,924.15}{852,330.27,925.15}{853,330.58,926.15}{854,330.9,927.15}{855,331.21,928.15}{856,331.53,929.15}{857,331.84,930.15}{858,332.16,931.15}{859,332.47,932.15}{860,332.79,933.15}{861,333.1,934.15}{862,333.41,935.15}{863,333.73,936.15}{864,334.04,937.15}{865,334.36,938.15}{866,334.68,939.15}{867,334.99,940.15}{868,335.31,941.15}{869,335.62,942.15}{870,335.93,943.15}{871,336.25,944.15}{872,336.56,945.15}{873,336.87,946.15}{874,337.18,947.15}{875,337.5,948.15}{876,337.81,949.15}{877,338.12,950.15}{878,338.43,951.15}{879,338.75,952.15}{880,339.06,953.15}{881,339.37,954.15}{882,339.68,955.15}{883,339.99,956.15}{884,340.3,957.15}{885,340.62,958.15}{886,340.94,959.15}{887,341.25,960.15}{888,341.55,961.15}{889,341.87,962.15}{890,342.18,963.15}{891,342.49,964.15}{892,342.8,965.15}{893,343.11,966.15}{894,343.42,967.15}{895,343.73,968.15}{896,344.04,969.15}{897,344.35,970.15}{898,344.66,971.15}{899,344.97,972.15}{900,345.28,973.15}{901,345.59,974.15}{902,345.9,975.15}{903,346.21,976.15}{904,346.52,977.15}{905,346.83,978.15}{906,347.15,979.15}{907,347.46,980.15}{908,347.76,981.15}{909,348.07,982.15}{910,348.38,983.15}{911,348.69,984.15}{912,349,985.15}{913,349.31,986.15}{914,349.61,987.15}{915,349.92,988.15}{916,350.23,989.15}{917,350.54,990.15}{918,350.85,991.15}{919,351.15,992.15}{920,351.46,993.15}{921,351.77,994.15}{922,352.07,995.15}{923,352.38,996.15}{924,352.69,997.15}{925,352.99,998.15}{926,353.3,999.15}{927,353.61,1000.15}{928,353.91,1001.15}{929,354.22,1002.15}{930,354.53,1003.15}{931,354.83,1004.15}{932,355.14,1005.15}{933,355.44,1006.15}{934,355.75,1007.15}{935,356.06,1008.15}{936,356.37,1009.15}{937,356.68,1010.15}{938,356.98,1011.15}{939,357.29,1012.15}{940,357.59,1013.15}{941,357.9,1014.15}{942,358.2,1015.15}{943,358.51,1016.15}{944,358.81,1017.15}{945,359.12,1018.15}{946,359.42,1019.15}{947,359.72,1020.15}{948,360.03,1021.15}{949,360.33,1022.15}{950,360.64,1023.15}{951,360.94,1024.15}{952,361.24,1025.15}{953,361.55,1026.15}{954,361.85,1027.15}{955,362.15,1028.15}{956,362.46,1029.15}{957,362.76,1030.15}{958,363.06,1031.15}{959,363.36,1032.15}{960,363.67,1033.15}{961,363.97,1034.15}{962,364.27,1035.15}{963,364.57,1036.15}{964,364.88,1037.15}{965,365.18,1038.15}{966,365.49,1039.15}{967,365.79,1040.15}{968,366.09,1041.15}{969,366.4,1042.15}{970,366.7,1043.15}{971,367,1044.15}{972,367.3,1045.15}{973,367.6,1046.15}{974,367.9,1047.15}{975,368.2,1048.15}{976,368.5,1049.15}{977,368.81,1050.15}{978,369.11,1051.15}{979,369.41,1052.15}{980,369.71,1053.15}{981,370.01,1054.15}{982,370.31,1055.15}{983,370.61,1056.15}{984,370.91,1057.15}{985,371.21,1058.15}{986,371.52,1059.15}{987,371.82,1060.15}{988,372.12,1061.15}{989,372.41,1062.15}{990,372.71,1063.15}{991,373.01,1064.15}{992,373.31,1065.15}{993,373.61,1066.15}{994,373.91,1067.15}{995,374.21,1068.15}{996,374.51,1069.15}{997,374.8,1070.15}{998,375.1,1071.15}{999,375.4,1072.15}{1000,375.7,1073.15}{1001,376,1074.15}{1002,376.29,1075.15}{1003,376.59,1076.15}{1004,376.89,1077.15}{1005,377.19,1078.15}{1006,377.49,1079.15}{1007,377.79,1080.15}{1008,378.09,1081.15}{1009,378.39,1082.15}{1010,378.68,1083.15}{1011,378.98,1084.15}{1012,379.28,1085.15}{1013,379.57,1086.15}{1014,379.87,1087.15}{1015,380.17,1088.15}{1016,380.46,1089.15}{1017,380.76,1090.15}{1018,381.05,1091.15}{1019,381.35,1092.15}{1020,381.65,1093.15}{1021,381.94,1094.15}{1022,382.24,1095.15}{1023,382.53,1096.15}{1024,382.83,1097.15}{1025,383.12,1098.15}{1026,383.42,1099.15}{1027,383.71,1100.15}{1028,384.01,1101.15}{1029,384.3,1102.15}{1030,384.6,1103.15}{1031,384.89,1104.15}{1032,385.18,1105.15}{1033,385.48,1106.15}{1034,385.77,1107.15}{1035,386.07,1108.15}{1036,386.37,1109.15}{1037,386.66,1110.15}{1038,386.96,1111.15}{1039,387.25,1112.15}{1040,387.55,1113.15}{1041,387.84,1114.15}{1042,388.13,1115.15}{1043,388.42,1116.15}{1044,388.72,1117.15}{1045,389.01,1118.15}{1046,389.31,1119.15}{1047,389.61,1120.15}{1048,389.9,1121.15}{1049,390.19,1122.15}{1050,390.48,1123.15}&quot;"/>
                                                <instance name="dev02/Config/ch00016/enable" order="1" value="1"/>
                                                <instance name="dev02/Config/ch00008/Calibration_Sensor_Name" order="0" value="CalSensor8"/>
                                                <instance name="dev01/Config/ch00004/Calibration_Sensor_Curve" order="0" value="&quot;{0,18.52,73.15}{1,18.96,74.15}{2,19.39,75.15}{3,19.82,76.15}{4,20.25,77.15}{5,20.68,78.15}{6,21.11,79.15}{7,21.54,80.15}{8,21.97,81.15}{9,22.4,82.15}{10,22.83,83.15}{11,23.26,84.15}{12,23.69,85.15}{13,24.12,86.15}{14,24.55,87.15}{15,24.97,88.15}{16,25.39,89.15}{17,25.82,90.15}{18,26.25,91.15}{19,26.67,92.15}{20,27.1,93.15}{21,27.52,94.15}{22,27.95,95.15}{23,28.37,96.15}{24,28.8,97.15}{25,29.22,98.15}{26,29.65,99.15}{27,30.07,100.15}{28,30.49,101.15}{29,30.92,102.15}{30,31.34,103.15}{31,31.76,104.15}{32,32.18,105.15}{33,32.61,106.15}{34,33.03,107.15}{35,33.45,108.15}{36,33.86,109.15}{37,34.28,110.15}{38,34.7,111.15}{39,35.12,112.15}{40,35.54,113.15}{41,35.96,114.15}{42,36.38,115.15}{43,36.8,116.15}{44,37.22,117.15}{45,37.63,118.15}{46,38.05,119.15}{47,38.47,120.15}{48,38.89,121.15}{49,39.31,122.15}{50,39.72,123.15}{51,40.14,124.15}{52,40.56,125.15}{53,40.97,126.15}{54,41.39,127.15}{55,41.8,128.15}{56,42.22,129.15}{57,42.64,130.15}{58,43.05,131.15}{59,43.46,132.15}{60,43.88,133.15}{61,44.29,134.15}{62,44.71,135.15}{63,45.12,136.15}{64,45.53,137.15}{65,45.95,138.15}{66,46.35,139.15}{67,46.76,140.15}{68,47.18,141.15}{69,47.59,142.15}{70,48,143.15}{71,48.41,144.15}{72,48.82,145.15}{73,49.23,146.15}{74,49.64,147.15}{75,50.06,148.15}{76,50.47,149.15}{77,50.88,150.15}{78,51.29,151.15}{79,51.7,152.15}{80,52.11,153.15}{81,52.52,154.15}{82,52.92,155.15}{83,53.33,156.15}{84,53.74,157.15}{85,54.15,158.15}{86,54.56,159.15}{87,54.97,160.15}{88,55.38,161.15}{89,55.78,162.15}{90,56.19,163.15}{91,56.6,164.15}{92,57,165.15}{93,57.41,166.15}{94,57.82,167.15}{95,58.22,168.15}{96,58.63,169.15}{97,59.04,170.15}{98,59.44,171.15}{99,59.85,172.15}{100,60.26,173.15}{101,60.67,174.15}{102,61.07,175.15}{103,61.48,176.15}{104,61.87,177.15}{105,62.29,178.15}{106,62.69,179.15}{107,63.1,180.15}{108,63.5,181.15}{109,63.91,182.15}{110,64.3,183.15}{111,64.7,184.15}{112,65.11,185.15}{113,65.51,186.15}{114,65.91,187.15}{115,66.31,188.15}{116,66.72,189.15}{117,67.12,190.15}{118,67.52,191.15}{119,67.92,192.15}{120,68.33,193.15}{121,68.73,194.15}{122,69.13,195.15}{123,69.53,196.15}{124,69.93,197.15}{125,70.33,198.15}{126,70.73,199.15}{127,71.13,200.15}{128,71.53,201.15}{129,71.93,202.15}{130,72.33,203.15}{131,72.73,204.15}{132,73.13,205.15}{133,73.53,206.15}{134,73.93,207.15}{135,74.33,208.15}{136,74.73,209.15}{137,75.13,210.15}{138,75.53,211.15}{139,75.93,212.15}{140,76.33,213.15}{141,76.73,214.15}{142,77.13,215.15}{143,77.52,216.15}{144,77.92,217.15}{145,78.32,218.15}{146,78.72,219.15}{147,79.11,220.15}{148,79.51,221.15}{149,79.91,222.15}{150,80.31,223.15}{151,80.7,224.15}{152,81.1,225.15}{153,81.5,226.15}{154,81.89,227.15}{155,82.29,228.15}{156,82.69,229.15}{157,83.08,230.15}{158,83.48,231.15}{159,83.88,232.15}{160,84.27,233.15}{161,84.67,234.15}{162,85.06,235.15}{163,85.46,236.15}{164,85.85,237.15}{165,86.25,238.15}{166,86.64,239.15}{167,87.04,240.15}{168,87.43,241.15}{169,87.83,242.15}{170,88.22,243.15}{171,88.62,244.15}{172,89.01,245.15}{173,89.4,246.15}{174,89.8,247.15}{175,90.19,248.15}{176,90.59,249.15}{177,90.98,250.15}{178,91.37,251.15}{179,91.77,252.15}{180,92.16,253.15}{181,92.55,254.15}{182,92.95,255.15}{183,93.34,256.15}{184,93.73,257.15}{185,94.12,258.15}{186,94.52,259.15}{187,94.91,260.15}{188,95.3,261.15}{189,95.69,262.15}{190,96.09,263.15}{191,96.48,264.15}{192,96.87,265.15}{193,97.26,266.15}{194,97.65,267.15}{195,98.04,268.15}{196,98.44,269.15}{197,98.83,270.15}{198,99.22,271.15}{199,99.61,272.15}{200,100,273.15}{201,100.39,274.15}{202,100.78,275.15}{203,101.17,276.15}{204,101.56,277.15}{205,101.95,278.15}{206,102.34,279.15}{207,102.73,280.15}{208,103.12,281.15}{209,103.51,282.15}{210,103.9,283.15}{211,104.29,284.15}{212,104.68,285.15}{213,105.07,286.15}{214,105.46,287.15}{215,105.85,288.15}{216,106.24,289.15}{217,106.63,290.15}{218,107.02,291.15}{219,107.4,292.15}{220,107.79,293.15}{221,108.18,294.15}{222,108.57,295.15}{223,108.96,296.15}{224,109.35,297.15}{225,109.73,298.15}{226,110.12,299.15}{227,110.51,300.15}{228,110.9,301.15}{229,111.28,302.15}{230,111.67,303.15}{231,112.06,304.15}{232,112.45,305.15}{233,112.83,306.15}{234,113.22,307.15}{235,113.61,308.15}{236,113.99,309.15}{237,114.38,310.15}{238,114.77,311.15}{239,115.15,312.15}{240,115.54,313.15}{241,115.93,314.15}{242,116.31,315.15}{243,116.7,316.15}{244,117.08,317.15}{245,117.47,318.15}{246,117.85,319.15}{247,118.24,320.15}{248,118.62,321.15}{249,119.01,322.15}{250,119.4,323.15}{251,119.78,324.15}{252,120.16,325.15}{253,120.55,326.15}{254,120.93,327.15}{255,121.32,328.15}{256,121.7,329.15}{257,122.09,330.15}{258,122.47,331.15}{259,122.86,332.15}{260,123.24,333.15}{261,123.62,334.15}{262,124.01,335.15}{263,124.39,336.15}{264,124.77,337.15}{265,125.17,338.15}{266,125.55,339.15}{267,125.93,340.15}{268,126.32,341.15}{269,126.7,342.15}{270,127.08,343.15}{271,127.46,344.15}{272,127.85,345.15}{273,128.23,346.15}{274,128.61,347.15}{275,128.99,348.15}{276,129.38,349.15}{277,129.76,350.15}{278,130.14,351.15}{279,130.52,352.15}{280,130.9,353.15}{281,131.28,354.15}{282,131.67,355.15}{283,132.05,356.15}{284,132.43,357.15}{285,132.81,358.15}{286,133.19,359.15}{287,133.57,360.15}{288,133.95,361.15}{289,134.33,362.15}{290,134.71,363.15}{291,135.09,364.15}{292,135.47,365.15}{293,135.85,366.15}{294,136.23,367.15}{295,136.61,368.15}{296,136.99,369.15}{297,137.37,370.15}{298,137.75,371.15}{299,138.13,372.15}{300,138.51,373.15}{301,138.89,374.15}{302,139.27,375.15}{303,139.65,376.15}{304,140.03,377.15}{305,140.39,378.15}{306,140.77,379.15}{307,141.15,380.15}{308,141.53,381.15}{309,141.91,382.15}{310,142.29,383.15}{311,142.66,384.15}{312,143.04,385.15}{313,143.42,386.15}{314,143.8,387.15}{315,144.18,388.15}{316,144.56,389.15}{317,144.94,390.15}{318,145.32,391.15}{319,145.69,392.15}{320,146.07,393.15}{321,146.45,394.15}{322,146.82,395.15}{323,147.2,396.15}{324,147.58,397.15}{325,147.95,398.15}{326,148.33,399.15}{327,148.71,400.15}{328,149.08,401.15}{329,149.46,402.15}{330,149.83,403.15}{331,150.21,404.15}{332,150.58,405.15}{333,150.96,406.15}{334,151.34,407.15}{335,151.71,408.15}{336,152.09,409.15}{337,152.46,410.15}{338,152.84,411.15}{339,153.21,412.15}{340,153.58,413.15}{341,153.95,414.15}{342,154.32,415.15}{343,154.71,416.15}{344,155.08,417.15}{345,155.46,418.15}{346,155.83,419.15}{347,156.21,420.15}{348,156.58,421.15}{349,156.96,422.15}{350,157.33,423.15}{351,157.71,424.15}{352,158.08,425.15}{353,158.45,426.15}{354,158.83,427.15}{355,159.2,428.15}{356,159.56,429.15}{357,159.94,430.15}{358,160.31,431.15}{359,160.68,432.15}{360,161.05,433.15}{361,161.43,434.15}{362,161.8,435.15}{363,162.17,436.15}{364,162.54,437.15}{365,162.91,438.15}{366,163.28,439.15}{367,163.66,440.15}{368,164.03,441.15}{369,164.4,442.15}{370,164.77,443.15}{371,165.14,444.15}{372,165.51,445.15}{373,165.88,446.15}{374,166.25,447.15}{375,166.62,448.15}{376,167,449.15}{377,167.37,450.15}{378,167.74,451.15}{379,168.11,452.15}{380,168.48,453.15}{381,168.85,454.15}{382,169.22,455.15}{383,169.59,456.15}{384,169.96,457.15}{385,170.33,458.15}{386,170.69,459.15}{387,171.06,460.15}{388,171.43,461.15}{389,171.8,462.15}{390,172.17,463.15}{391,172.54,464.15}{392,172.91,465.15}{393,173.27,466.15}{394,173.64,467.15}{395,174.01,468.15}{396,174.39,469.15}{397,174.75,470.15}{398,175.12,471.15}{399,175.49,472.15}{400,175.86,473.15}{401,176.23,474.15}{402,176.59,475.15}{403,176.96,476.15}{404,177.33,477.15}{405,177.7,478.15}{406,178.06,479.15}{407,178.43,480.15}{408,178.8,481.15}{409,179.16,482.15}{410,179.53,483.15}{411,179.9,484.15}{412,180.26,485.15}{413,180.63,486.15}{414,180.99,487.15}{415,181.36,488.15}{416,181.73,489.15}{417,182.09,490.15}{418,182.46,491.15}{419,182.82,492.15}{420,183.19,493.15}{421,183.55,494.15}{422,183.92,495.15}{423,184.28,496.15}{424,184.65,497.15}{425,185.01,498.15}{426,185.38,499.15}{427,185.74,500.15}{428,186.11,501.15}{429,186.47,502.15}{430,186.84,503.15}{431,187.2,504.15}{432,187.56,505.15}{433,187.93,506.15}{434,188.29,507.15}{435,188.65,508.15}{436,189.02,509.15}{437,189.38,510.15}{438,189.74,511.15}{439,190.11,512.15}{440,190.47,513.15}{441,190.83,514.15}{442,191.2,515.15}{443,191.56,516.15}{444,191.92,517.15}{445,192.28,518.15}{446,192.66,519.15}{447,193.02,520.15}{448,193.38,521.15}{449,193.74,522.15}{450,194.1,523.15}{451,194.47,524.15}{452,194.83,525.15}{453,195.19,526.15}{454,195.55,527.15}{455,195.9,528.15}{456,196.26,529.15}{457,196.62,530.15}{458,196.98,531.15}{459,197.35,532.15}{460,197.71,533.15}{461,198.07,534.15}{462,198.43,535.15}{463,198.79,536.15}{464,199.15,537.15}{465,199.51,538.15}{466,199.87,539.15}{467,200.23,540.15}{468,200.59,541.15}{469,200.95,542.15}{470,201.31,543.15}{471,201.67,544.15}{472,202.03,545.15}{473,202.38,546.15}{474,202.74,547.15}{475,203.1,548.15}{476,203.46,549.15}{477,203.82,550.15}{478,204.18,551.15}{479,204.54,552.15}{480,204.9,553.15}{481,205.25,554.15}{482,205.61,555.15}{483,205.97,556.15}{484,206.33,557.15}{485,206.7,558.15}{486,207.05,559.15}{487,207.41,560.15}{488,207.77,561.15}{489,208.13,562.15}{490,208.48,563.15}{491,208.84,564.15}{492,209.2,565.15}{493,209.55,566.15}{494,209.91,567.15}{495,210.27,568.15}{496,210.62,569.15}{497,210.98,570.15}{498,211.34,571.15}{499,211.69,572.15}{500,212.05,573.15}{501,212.4,574.15}{502,212.76,575.15}{503,213.12,576.15}{504,213.47,577.15}{505,213.83,578.15}{506,214.19,579.15}{507,214.55,580.15}{508,214.9,581.15}{509,215.26,582.15}{510,215.61,583.15}{511,215.97,584.15}{512,216.32,585.15}{513,216.68,586.15}{514,217.03,587.15}{515,217.39,588.15}{516,217.73,589.15}{517,218.08,590.15}{518,218.44,591.15}{519,218.79,592.15}{520,219.15,593.15}{521,219.5,594.15}{522,219.85,595.15}{523,220.21,596.15}{524,220.56,597.15}{525,220.91,598.15}{526,221.27,599.15}{527,221.62,600.15}{528,221.97,601.15}{529,222.32,602.15}{530,222.68,603.15}{531,223.03,604.15}{532,223.38,605.15}{533,223.73,606.15}{534,224.09,607.15}{535,224.45,608.15}{536,224.8,609.15}{537,225.15,610.15}{538,225.5,611.15}{539,225.85,612.15}{540,226.21,613.15}{541,226.56,614.15}{542,226.91,615.15}{543,227.26,616.15}{544,227.61,617.15}{545,227.96,618.15}{546,228.31,619.15}{547,228.66,620.15}{548,229.01,621.15}{549,229.36,622.15}{550,229.72,623.15}{551,230.07,624.15}{552,230.42,625.15}{553,230.77,626.15}{554,231.12,627.15}{555,231.47,628.15}{556,231.81,629.15}{557,232.16,630.15}{558,232.51,631.15}{559,232.86,632.15}{560,233.21,633.15}{561,233.56,634.15}{562,233.91,635.15}{563,234.26,636.15}{564,234.6,637.15}{565,234.95,638.15}{566,235.3,639.15}{567,235.65,640.15}{568,236,641.15}{569,236.35,642.15}{570,236.7,643.15}{571,237.05,644.15}{572,237.4,645.15}{573,237.75,646.15}{574,238.09,647.15}{575,238.44,648.15}{576,238.79,649.15}{577,239.14,650.15}{578,239.48,651.15}{579,239.83,652.15}{580,240.18,653.15}{581,240.52,654.15}{582,240.87,655.15}{583,241.22,656.15}{584,241.56,657.15}{585,241.91,658.15}{586,242.25,659.15}{587,242.6,660.15}{588,242.95,661.15}{589,243.29,662.15}{590,243.64,663.15}{591,243.98,664.15}{592,244.33,665.15}{593,244.67,666.15}{594,245.02,667.15}{595,245.36,668.15}{596,245.71,669.15}{597,246.05,670.15}{598,246.4,671.15}{599,246.74,672.15}{600,247.09,673.15}{601,247.43,674.15}{602,247.78,675.15}{603,248.12,676.15}{604,248.46,677.15}{605,248.81,678.15}{606,249.15,679.15}{607,249.5,680.15}{608,249.84,681.15}{609,250.18,682.15}{610,250.53,683.15}{611,250.89,684.15}{612,251.21,685.15}{613,251.55,686.15}{614,251.9,687.15}{615,252.24,688.15}{616,252.59,689.15}{617,252.94,690.15}{618,253.28,691.15}{619,253.62,692.15}{620,253.96,693.15}{621,254.3,694.15}{622,254.65,695.15}{623,254.99,696.15}{624,255.33,697.15}{625,255.67,698.15}{626,256.01,699.15}{627,256.35,700.15}{628,256.7,701.15}{629,257.04,702.15}{630,257.38,703.15}{631,257.72,704.15}{632,258.06,705.15}{633,258.4,706.15}{634,258.74,707.15}{635,259.08,708.15}{636,259.42,709.15}{637,259.76,710.15}{638,260.1,711.15}{639,260.44,712.15}{640,260.78,713.15}{641,261.12,714.15}{642,261.46,715.15}{643,261.8,716.15}{644,262.14,717.15}{645,262.48,718.15}{646,262.83,719.15}{647,263.17,720.15}{648,263.5,721.15}{649,263.84,722.15}{650,264.18,723.15}{651,264.52,724.15}{652,264.86,725.15}{653,265.2,726.15}{654,265.54,727.15}{655,265.87,728.15}{656,266.21,729.15}{657,266.55,730.15}{658,266.89,731.15}{659,267.22,732.15}{660,267.56,733.15}{661,267.9,734.15}{662,268.24,735.15}{663,268.57,736.15}{664,268.91,737.15}{665,269.25,738.15}{666,269.58,739.15}{667,269.92,740.15}{668,270.26,741.15}{669,270.59,742.15}{670,270.93,743.15}{671,271.27,744.15}{672,271.6,745.15}{673,271.94,746.15}{674,272.27,747.15}{675,272.61,748.15}{676,272.95,749.15}{677,273.28,750.15}{678,273.62,751.15}{679,273.95,752.15}{680,274.29,753.15}{681,274.62,754.15}{682,274.96,755.15}{683,275.29,756.15}{684,275.63,757.15}{685,275.96,758.15}{686,276.31,759.15}{687,276.64,760.15}{688,276.97,761.15}{689,277.31,762.15}{690,277.64,763.15}{691,277.98,764.15}{692,278.31,765.15}{693,278.64,766.15}{694,278.98,767.15}{695,279.31,768.15}{696,279.64,769.15}{697,279.98,770.15}{698,280.31,771.15}{699,280.64,772.15}{700,280.98,773.15}{701,281.31,774.15}{702,281.64,775.15}{703,281.97,776.15}{704,282.31,777.15}{705,282.64,778.15}{706,282.97,779.15}{707,283.3,780.15}{708,283.63,781.15}{709,283.97,782.15}{710,284.3,783.15}{711,284.63,784.15}{712,284.96,785.15}{713,285.29,786.15}{714,285.62,787.15}{715,285.95,788.15}{716,286.3,789.15}{717,286.63,790.15}{718,286.96,791.15}{719,287.29,792.15}{720,287.62,793.15}{721,287.95,794.15}{722,288.28,795.15}{723,288.61,796.15}{724,288.94,797.15}{725,289.27,798.15}{726,289.6,799.15}{727,289.93,800.15}{728,290.26,801.15}{729,290.59,802.15}{730,290.92,803.15}{731,291.25,804.15}{732,291.58,805.15}{733,291.9,806.15}{734,292.23,807.15}{735,292.56,808.15}{736,292.9,809.15}{737,293.23,810.15}{738,293.56,811.15}{739,293.89,812.15}{740,294.21,813.15}{741,294.54,814.15}{742,294.87,815.15}{743,295.2,816.15}{744,295.53,817.15}{745,295.85,818.15}{746,296.18,819.15}{747,296.51,820.15}{748,296.84,821.15}{749,297.16,822.15}{750,297.49,823.15}{751,297.82,824.15}{752,298.14,825.15}{753,298.47,826.15}{754,298.8,827.15}{755,299.12,828.15}{756,299.45,829.15}{757,299.78,830.15}{758,300.1,831.15}{759,300.43,832.15}{760,300.75,833.15}{761,301.08,834.15}{762,301.41,835.15}{763,301.73,836.15}{764,302.06,837.15}{765,302.38,838.15}{766,302.71,839.15}{767,303.03,840.15}{768,303.36,841.15}{769,303.68,842.15}{770,304.01,843.15}{771,304.33,844.15}{772,304.66,845.15}{773,304.98,846.15}{774,305.3,847.15}{775,305.63,848.15}{776,305.95,849.15}{777,306.28,850.15}{778,306.6,851.15}{779,306.92,852.15}{780,307.25,853.15}{781,307.57,854.15}{782,307.89,855.15}{783,308.22,856.15}{784,308.54,857.15}{785,308.86,858.15}{786,309.19,859.15}{787,309.51,860.15}{788,309.83,861.15}{789,310.15,862.15}{790,310.48,863.15}{791,310.8,864.15}{792,311.12,865.15}{793,311.45,866.15}{794,311.78,867.15}{795,312.1,868.15}{796,312.43,869.15}{797,312.75,870.15}{798,313.07,871.15}{799,313.39,872.15}{800,313.71,873.15}{801,314.04,874.15}{802,314.36,875.15}{803,314.68,876.15}{804,315,877.15}{805,315.32,878.15}{806,315.64,879.15}{807,315.96,880.15}{808,316.28,881.15}{809,316.6,882.15}{810,316.92,883.15}{811,317.24,884.15}{812,317.56,885.15}{813,317.88,886.15}{814,318.2,887.15}{815,318.52,888.15}{816,318.85,889.15}{817,319.17,890.15}{818,319.49,891.15}{819,319.81,892.15}{820,320.12,893.15}{821,320.44,894.15}{822,320.76,895.15}{823,321.08,896.15}{824,321.4,897.15}{825,321.72,898.15}{826,322.03,899.15}{827,322.34,900.15}{828,322.66,901.15}{829,322.98,902.15}{830,323.3,903.15}{831,323.61,904.15}{832,323.93,905.15}{833,324.25,906.15}{834,324.57,907.15}{835,324.88,908.15}{836,325.21,909.15}{837,325.53,910.15}{838,325.85,911.15}{839,326.16,912.15}{840,326.48,913.15}{841,326.79,914.15}{842,327.11,915.15}{843,327.43,916.15}{844,327.74,917.15}{845,328.06,918.15}{846,328.38,919.15}{847,328.69,920.15}{848,329.01,921.15}{849,329.32,922.15}{850,329.64,923.15}{851,329.95,924.15}{852,330.27,925.15}{853,330.58,926.15}{854,330.9,927.15}{855,331.21,928.15}{856,331.53,929.15}{857,331.84,930.15}{858,332.16,931.15}{859,332.47,932.15}{860,332.79,933.15}{861,333.1,934.15}{862,333.41,935.15}{863,333.73,936.15}{864,334.04,937.15}{865,334.36,938.15}{866,334.68,939.15}{867,334.99,940.15}{868,335.31,941.15}{869,335.62,942.15}{870,335.93,943.15}{871,336.25,944.15}{872,336.56,945.15}{873,336.87,946.15}{874,337.18,947.15}{875,337.5,948.15}{876,337.81,949.15}{877,338.12,950.15}{878,338.43,951.15}{879,338.75,952.15}{880,339.06,953.15}{881,339.37,954.15}{882,339.68,955.15}{883,339.99,956.15}{884,340.3,957.15}{885,340.62,958.15}{886,340.94,959.15}{887,341.25,960.15}{888,341.55,961.15}{889,341.87,962.15}{890,342.18,963.15}{891,342.49,964.15}{892,342.8,965.15}{893,343.11,966.15}{894,343.42,967.15}{895,343.73,968.15}{896,344.04,969.15}{897,344.35,970.15}{898,344.66,971.15}{899,344.97,972.15}{900,345.28,973.15}{901,345.59,974.15}{902,345.9,975.15}{903,346.21,976.15}{904,346.52,977.15}{905,346.83,978.15}{906,347.15,979.15}{907,347.46,980.15}{908,347.76,981.15}{909,348.07,982.15}{910,348.38,983.15}{911,348.69,984.15}{912,349,985.15}{913,349.31,986.15}{914,349.61,987.15}{915,349.92,988.15}{916,350.23,989.15}{917,350.54,990.15}{918,350.85,991.15}{919,351.15,992.15}{920,351.46,993.15}{921,351.77,994.15}{922,352.07,995.15}{923,352.38,996.15}{924,352.69,997.15}{925,352.99,998.15}{926,353.3,999.15}{927,353.61,1000.15}{928,353.91,1001.15}{929,354.22,1002.15}{930,354.53,1003.15}{931,354.83,1004.15}{932,355.14,1005.15}{933,355.44,1006.15}{934,355.75,1007.15}{935,356.06,1008.15}{936,356.37,1009.15}{937,356.68,1010.15}{938,356.98,1011.15}{939,357.29,1012.15}{940,357.59,1013.15}{941,357.9,1014.15}{942,358.2,1015.15}{943,358.51,1016.15}{944,358.81,1017.15}{945,359.12,1018.15}{946,359.42,1019.15}{947,359.72,1020.15}{948,360.03,1021.15}{949,360.33,1022.15}{950,360.64,1023.15}{951,360.94,1024.15}{952,361.24,1025.15}{953,361.55,1026.15}{954,361.85,1027.15}{955,362.15,1028.15}{956,362.46,1029.15}{957,362.76,1030.15}{958,363.06,1031.15}{959,363.36,1032.15}{960,363.67,1033.15}{961,363.97,1034.15}{962,364.27,1035.15}{963,364.57,1036.15}{964,364.88,1037.15}{965,365.18,1038.15}{966,365.49,1039.15}{967,365.79,1040.15}{968,366.09,1041.15}{969,366.4,1042.15}{970,366.7,1043.15}{971,367,1044.15}{972,367.3,1045.15}{973,367.6,1046.15}{974,367.9,1047.15}{975,368.2,1048.15}{976,368.5,1049.15}{977,368.81,1050.15}{978,369.11,1051.15}{979,369.41,1052.15}{980,369.71,1053.15}{981,370.01,1054.15}{982,370.31,1055.15}{983,370.61,1056.15}{984,370.91,1057.15}{985,371.21,1058.15}{986,371.52,1059.15}{987,371.82,1060.15}{988,372.12,1061.15}{989,372.41,1062.15}{990,372.71,1063.15}{991,373.01,1064.15}{992,373.31,1065.15}{993,373.61,1066.15}{994,373.91,1067.15}{995,374.21,1068.15}{996,374.51,1069.15}{997,374.8,1070.15}{998,375.1,1071.15}{999,375.4,1072.15}{1000,375.7,1073.15}{1001,376,1074.15}{1002,376.29,1075.15}{1003,376.59,1076.15}{1004,376.89,1077.15}{1005,377.19,1078.15}{1006,377.49,1079.15}{1007,377.79,1080.15}{1008,378.09,1081.15}{1009,378.39,1082.15}{1010,378.68,1083.15}{1011,378.98,1084.15}{1012,379.28,1085.15}{1013,379.57,1086.15}{1014,379.87,1087.15}{1015,380.17,1088.15}{1016,380.46,1089.15}{1017,380.76,1090.15}{1018,381.05,1091.15}{1019,381.35,1092.15}{1020,381.65,1093.15}{1021,381.94,1094.15}{1022,382.24,1095.15}{1023,382.53,1096.15}{1024,382.83,1097.15}{1025,383.12,1098.15}{1026,383.42,1099.15}{1027,383.71,1100.15}{1028,384.01,1101.15}{1029,384.3,1102.15}{1030,384.6,1103.15}{1031,384.89,1104.15}{1032,385.18,1105.15}{1033,385.48,1106.15}{1034,385.77,1107.15}{1035,386.07,1108.15}{1036,386.37,1109.15}{1037,386.66,1110.15}{1038,386.96,1111.15}{1039,387.25,1112.15}{1040,387.55,1113.15}{1041,387.84,1114.15}{1042,388.13,1115.15}{1043,388.42,1116.15}{1044,388.72,1117.15}{1045,389.01,1118.15}{1046,389.31,1119.15}{1047,389.61,1120.15}{1048,389.9,1121.15}{1049,390.19,1122.15}{1050,390.48,1123.15}&quot;"/>
                                                <instance name="dev01/Config/ch00005/Calibration_Sensor_Curve" order="0" value="&quot;{0,18.52,73.15}{1,18.96,74.15}{2,19.39,75.15}{3,19.82,76.15}{4,20.25,77.15}{5,20.68,78.15}{6,21.11,79.15}{7,21.54,80.15}{8,21.97,81.15}{9,22.4,82.15}{10,22.83,83.15}{11,23.26,84.15}{12,23.69,85.15}{13,24.12,86.15}{14,24.55,87.15}{15,24.97,88.15}{16,25.39,89.15}{17,25.82,90.15}{18,26.25,91.15}{19,26.67,92.15}{20,27.1,93.15}{21,27.52,94.15}{22,27.95,95.15}{23,28.37,96.15}{24,28.8,97.15}{25,29.22,98.15}{26,29.65,99.15}{27,30.07,100.15}{28,30.49,101.15}{29,30.92,102.15}{30,31.34,103.15}{31,31.76,104.15}{32,32.18,105.15}{33,32.61,106.15}{34,33.03,107.15}{35,33.45,108.15}{36,33.86,109.15}{37,34.28,110.15}{38,34.7,111.15}{39,35.12,112.15}{40,35.54,113.15}{41,35.96,114.15}{42,36.38,115.15}{43,36.8,116.15}{44,37.22,117.15}{45,37.63,118.15}{46,38.05,119.15}{47,38.47,120.15}{48,38.89,121.15}{49,39.31,122.15}{50,39.72,123.15}{51,40.14,124.15}{52,40.56,125.15}{53,40.97,126.15}{54,41.39,127.15}{55,41.8,128.15}{56,42.22,129.15}{57,42.64,130.15}{58,43.05,131.15}{59,43.46,132.15}{60,43.88,133.15}{61,44.29,134.15}{62,44.71,135.15}{63,45.12,136.15}{64,45.53,137.15}{65,45.95,138.15}{66,46.35,139.15}{67,46.76,140.15}{68,47.18,141.15}{69,47.59,142.15}{70,48,143.15}{71,48.41,144.15}{72,48.82,145.15}{73,49.23,146.15}{74,49.64,147.15}{75,50.06,148.15}{76,50.47,149.15}{77,50.88,150.15}{78,51.29,151.15}{79,51.7,152.15}{80,52.11,153.15}{81,52.52,154.15}{82,52.92,155.15}{83,53.33,156.15}{84,53.74,157.15}{85,54.15,158.15}{86,54.56,159.15}{87,54.97,160.15}{88,55.38,161.15}{89,55.78,162.15}{90,56.19,163.15}{91,56.6,164.15}{92,57,165.15}{93,57.41,166.15}{94,57.82,167.15}{95,58.22,168.15}{96,58.63,169.15}{97,59.04,170.15}{98,59.44,171.15}{99,59.85,172.15}{100,60.26,173.15}{101,60.67,174.15}{102,61.07,175.15}{103,61.48,176.15}{104,61.87,177.15}{105,62.29,178.15}{106,62.69,179.15}{107,63.1,180.15}{108,63.5,181.15}{109,63.91,182.15}{110,64.3,183.15}{111,64.7,184.15}{112,65.11,185.15}{113,65.51,186.15}{114,65.91,187.15}{115,66.31,188.15}{116,66.72,189.15}{117,67.12,190.15}{118,67.52,191.15}{119,67.92,192.15}{120,68.33,193.15}{121,68.73,194.15}{122,69.13,195.15}{123,69.53,196.15}{124,69.93,197.15}{125,70.33,198.15}{126,70.73,199.15}{127,71.13,200.15}{128,71.53,201.15}{129,71.93,202.15}{130,72.33,203.15}{131,72.73,204.15}{132,73.13,205.15}{133,73.53,206.15}{134,73.93,207.15}{135,74.33,208.15}{136,74.73,209.15}{137,75.13,210.15}{138,75.53,211.15}{139,75.93,212.15}{140,76.33,213.15}{141,76.73,214.15}{142,77.13,215.15}{143,77.52,216.15}{144,77.92,217.15}{145,78.32,218.15}{146,78.72,219.15}{147,79.11,220.15}{148,79.51,221.15}{149,79.91,222.15}{150,80.31,223.15}{151,80.7,224.15}{152,81.1,225.15}{153,81.5,226.15}{154,81.89,227.15}{155,82.29,228.15}{156,82.69,229.15}{157,83.08,230.15}{158,83.48,231.15}{159,83.88,232.15}{160,84.27,233.15}{161,84.67,234.15}{162,85.06,235.15}{163,85.46,236.15}{164,85.85,237.15}{165,86.25,238.15}{166,86.64,239.15}{167,87.04,240.15}{168,87.43,241.15}{169,87.83,242.15}{170,88.22,243.15}{171,88.62,244.15}{172,89.01,245.15}{173,89.4,246.15}{174,89.8,247.15}{175,90.19,248.15}{176,90.59,249.15}{177,90.98,250.15}{178,91.37,251.15}{179,91.77,252.15}{180,92.16,253.15}{181,92.55,254.15}{182,92.95,255.15}{183,93.34,256.15}{184,93.73,257.15}{185,94.12,258.15}{186,94.52,259.15}{187,94.91,260.15}{188,95.3,261.15}{189,95.69,262.15}{190,96.09,263.15}{191,96.48,264.15}{192,96.87,265.15}{193,97.26,266.15}{194,97.65,267.15}{195,98.04,268.15}{196,98.44,269.15}{197,98.83,270.15}{198,99.22,271.15}{199,99.61,272.15}{200,100,273.15}{201,100.39,274.15}{202,100.78,275.15}{203,101.17,276.15}{204,101.56,277.15}{205,101.95,278.15}{206,102.34,279.15}{207,102.73,280.15}{208,103.12,281.15}{209,103.51,282.15}{210,103.9,283.15}{211,104.29,284.15}{212,104.68,285.15}{213,105.07,286.15}{214,105.46,287.15}{215,105.85,288.15}{216,106.24,289.15}{217,106.63,290.15}{218,107.02,291.15}{219,107.4,292.15}{220,107.79,293.15}{221,108.18,294.15}{222,108.57,295.15}{223,108.96,296.15}{224,109.35,297.15}{225,109.73,298.15}{226,110.12,299.15}{227,110.51,300.15}{228,110.9,301.15}{229,111.28,302.15}{230,111.67,303.15}{231,112.06,304.15}{232,112.45,305.15}{233,112.83,306.15}{234,113.22,307.15}{235,113.61,308.15}{236,113.99,309.15}{237,114.38,310.15}{238,114.77,311.15}{239,115.15,312.15}{240,115.54,313.15}{241,115.93,314.15}{242,116.31,315.15}{243,116.7,316.15}{244,117.08,317.15}{245,117.47,318.15}{246,117.85,319.15}{247,118.24,320.15}{248,118.62,321.15}{249,119.01,322.15}{250,119.4,323.15}{251,119.78,324.15}{252,120.16,325.15}{253,120.55,326.15}{254,120.93,327.15}{255,121.32,328.15}{256,121.7,329.15}{257,122.09,330.15}{258,122.47,331.15}{259,122.86,332.15}{260,123.24,333.15}{261,123.62,334.15}{262,124.01,335.15}{263,124.39,336.15}{264,124.77,337.15}{265,125.17,338.15}{266,125.55,339.15}{267,125.93,340.15}{268,126.32,341.15}{269,126.7,342.15}{270,127.08,343.15}{271,127.46,344.15}{272,127.85,345.15}{273,128.23,346.15}{274,128.61,347.15}{275,128.99,348.15}{276,129.38,349.15}{277,129.76,350.15}{278,130.14,351.15}{279,130.52,352.15}{280,130.9,353.15}{281,131.28,354.15}{282,131.67,355.15}{283,132.05,356.15}{284,132.43,357.15}{285,132.81,358.15}{286,133.19,359.15}{287,133.57,360.15}{288,133.95,361.15}{289,134.33,362.15}{290,134.71,363.15}{291,135.09,364.15}{292,135.47,365.15}{293,135.85,366.15}{294,136.23,367.15}{295,136.61,368.15}{296,136.99,369.15}{297,137.37,370.15}{298,137.75,371.15}{299,138.13,372.15}{300,138.51,373.15}{301,138.89,374.15}{302,139.27,375.15}{303,139.65,376.15}{304,140.03,377.15}{305,140.39,378.15}{306,140.77,379.15}{307,141.15,380.15}{308,141.53,381.15}{309,141.91,382.15}{310,142.29,383.15}{311,142.66,384.15}{312,143.04,385.15}{313,143.42,386.15}{314,143.8,387.15}{315,144.18,388.15}{316,144.56,389.15}{317,144.94,390.15}{318,145.32,391.15}{319,145.69,392.15}{320,146.07,393.15}{321,146.45,394.15}{322,146.82,395.15}{323,147.2,396.15}{324,147.58,397.15}{325,147.95,398.15}{326,148.33,399.15}{327,148.71,400.15}{328,149.08,401.15}{329,149.46,402.15}{330,149.83,403.15}{331,150.21,404.15}{332,150.58,405.15}{333,150.96,406.15}{334,151.34,407.15}{335,151.71,408.15}{336,152.09,409.15}{337,152.46,410.15}{338,152.84,411.15}{339,153.21,412.15}{340,153.58,413.15}{341,153.95,414.15}{342,154.32,415.15}{343,154.71,416.15}{344,155.08,417.15}{345,155.46,418.15}{346,155.83,419.15}{347,156.21,420.15}{348,156.58,421.15}{349,156.96,422.15}{350,157.33,423.15}{351,157.71,424.15}{352,158.08,425.15}{353,158.45,426.15}{354,158.83,427.15}{355,159.2,428.15}{356,159.56,429.15}{357,159.94,430.15}{358,160.31,431.15}{359,160.68,432.15}{360,161.05,433.15}{361,161.43,434.15}{362,161.8,435.15}{363,162.17,436.15}{364,162.54,437.15}{365,162.91,438.15}{366,163.28,439.15}{367,163.66,440.15}{368,164.03,441.15}{369,164.4,442.15}{370,164.77,443.15}{371,165.14,444.15}{372,165.51,445.15}{373,165.88,446.15}{374,166.25,447.15}{375,166.62,448.15}{376,167,449.15}{377,167.37,450.15}{378,167.74,451.15}{379,168.11,452.15}{380,168.48,453.15}{381,168.85,454.15}{382,169.22,455.15}{383,169.59,456.15}{384,169.96,457.15}{385,170.33,458.15}{386,170.69,459.15}{387,171.06,460.15}{388,171.43,461.15}{389,171.8,462.15}{390,172.17,463.15}{391,172.54,464.15}{392,172.91,465.15}{393,173.27,466.15}{394,173.64,467.15}{395,174.01,468.15}{396,174.39,469.15}{397,174.75,470.15}{398,175.12,471.15}{399,175.49,472.15}{400,175.86,473.15}{401,176.23,474.15}{402,176.59,475.15}{403,176.96,476.15}{404,177.33,477.15}{405,177.7,478.15}{406,178.06,479.15}{407,178.43,480.15}{408,178.8,481.15}{409,179.16,482.15}{410,179.53,483.15}{411,179.9,484.15}{412,180.26,485.15}{413,180.63,486.15}{414,180.99,487.15}{415,181.36,488.15}{416,181.73,489.15}{417,182.09,490.15}{418,182.46,491.15}{419,182.82,492.15}{420,183.19,493.15}{421,183.55,494.15}{422,183.92,495.15}{423,184.28,496.15}{424,184.65,497.15}{425,185.01,498.15}{426,185.38,499.15}{427,185.74,500.15}{428,186.11,501.15}{429,186.47,502.15}{430,186.84,503.15}{431,187.2,504.15}{432,187.56,505.15}{433,187.93,506.15}{434,188.29,507.15}{435,188.65,508.15}{436,189.02,509.15}{437,189.38,510.15}{438,189.74,511.15}{439,190.11,512.15}{440,190.47,513.15}{441,190.83,514.15}{442,191.2,515.15}{443,191.56,516.15}{444,191.92,517.15}{445,192.28,518.15}{446,192.66,519.15}{447,193.02,520.15}{448,193.38,521.15}{449,193.74,522.15}{450,194.1,523.15}{451,194.47,524.15}{452,194.83,525.15}{453,195.19,526.15}{454,195.55,527.15}{455,195.9,528.15}{456,196.26,529.15}{457,196.62,530.15}{458,196.98,531.15}{459,197.35,532.15}{460,197.71,533.15}{461,198.07,534.15}{462,198.43,535.15}{463,198.79,536.15}{464,199.15,537.15}{465,199.51,538.15}{466,199.87,539.15}{467,200.23,540.15}{468,200.59,541.15}{469,200.95,542.15}{470,201.31,543.15}{471,201.67,544.15}{472,202.03,545.15}{473,202.38,546.15}{474,202.74,547.15}{475,203.1,548.15}{476,203.46,549.15}{477,203.82,550.15}{478,204.18,551.15}{479,204.54,552.15}{480,204.9,553.15}{481,205.25,554.15}{482,205.61,555.15}{483,205.97,556.15}{484,206.33,557.15}{485,206.7,558.15}{486,207.05,559.15}{487,207.41,560.15}{488,207.77,561.15}{489,208.13,562.15}{490,208.48,563.15}{491,208.84,564.15}{492,209.2,565.15}{493,209.55,566.15}{494,209.91,567.15}{495,210.27,568.15}{496,210.62,569.15}{497,210.98,570.15}{498,211.34,571.15}{499,211.69,572.15}{500,212.05,573.15}{501,212.4,574.15}{502,212.76,575.15}{503,213.12,576.15}{504,213.47,577.15}{505,213.83,578.15}{506,214.19,579.15}{507,214.55,580.15}{508,214.9,581.15}{509,215.26,582.15}{510,215.61,583.15}{511,215.97,584.15}{512,216.32,585.15}{513,216.68,586.15}{514,217.03,587.15}{515,217.39,588.15}{516,217.73,589.15}{517,218.08,590.15}{518,218.44,591.15}{519,218.79,592.15}{520,219.15,593.15}{521,219.5,594.15}{522,219.85,595.15}{523,220.21,596.15}{524,220.56,597.15}{525,220.91,598.15}{526,221.27,599.15}{527,221.62,600.15}{528,221.97,601.15}{529,222.32,602.15}{530,222.68,603.15}{531,223.03,604.15}{532,223.38,605.15}{533,223.73,606.15}{534,224.09,607.15}{535,224.45,608.15}{536,224.8,609.15}{537,225.15,610.15}{538,225.5,611.15}{539,225.85,612.15}{540,226.21,613.15}{541,226.56,614.15}{542,226.91,615.15}{543,227.26,616.15}{544,227.61,617.15}{545,227.96,618.15}{546,228.31,619.15}{547,228.66,620.15}{548,229.01,621.15}{549,229.36,622.15}{550,229.72,623.15}{551,230.07,624.15}{552,230.42,625.15}{553,230.77,626.15}{554,231.12,627.15}{555,231.47,628.15}{556,231.81,629.15}{557,232.16,630.15}{558,232.51,631.15}{559,232.86,632.15}{560,233.21,633.15}{561,233.56,634.15}{562,233.91,635.15}{563,234.26,636.15}{564,234.6,637.15}{565,234.95,638.15}{566,235.3,639.15}{567,235.65,640.15}{568,236,641.15}{569,236.35,642.15}{570,236.7,643.15}{571,237.05,644.15}{572,237.4,645.15}{573,237.75,646.15}{574,238.09,647.15}{575,238.44,648.15}{576,238.79,649.15}{577,239.14,650.15}{578,239.48,651.15}{579,239.83,652.15}{580,240.18,653.15}{581,240.52,654.15}{582,240.87,655.15}{583,241.22,656.15}{584,241.56,657.15}{585,241.91,658.15}{586,242.25,659.15}{587,242.6,660.15}{588,242.95,661.15}{589,243.29,662.15}{590,243.64,663.15}{591,243.98,664.15}{592,244.33,665.15}{593,244.67,666.15}{594,245.02,667.15}{595,245.36,668.15}{596,245.71,669.15}{597,246.05,670.15}{598,246.4,671.15}{599,246.74,672.15}{600,247.09,673.15}{601,247.43,674.15}{602,247.78,675.15}{603,248.12,676.15}{604,248.46,677.15}{605,248.81,678.15}{606,249.15,679.15}{607,249.5,680.15}{608,249.84,681.15}{609,250.18,682.15}{610,250.53,683.15}{611,250.89,684.15}{612,251.21,685.15}{613,251.55,686.15}{614,251.9,687.15}{615,252.24,688.15}{616,252.59,689.15}{617,252.94,690.15}{618,253.28,691.15}{619,253.62,692.15}{620,253.96,693.15}{621,254.3,694.15}{622,254.65,695.15}{623,254.99,696.15}{624,255.33,697.15}{625,255.67,698.15}{626,256.01,699.15}{627,256.35,700.15}{628,256.7,701.15}{629,257.04,702.15}{630,257.38,703.15}{631,257.72,704.15}{632,258.06,705.15}{633,258.4,706.15}{634,258.74,707.15}{635,259.08,708.15}{636,259.42,709.15}{637,259.76,710.15}{638,260.1,711.15}{639,260.44,712.15}{640,260.78,713.15}{641,261.12,714.15}{642,261.46,715.15}{643,261.8,716.15}{644,262.14,717.15}{645,262.48,718.15}{646,262.83,719.15}{647,263.17,720.15}{648,263.5,721.15}{649,263.84,722.15}{650,264.18,723.15}{651,264.52,724.15}{652,264.86,725.15}{653,265.2,726.15}{654,265.54,727.15}{655,265.87,728.15}{656,266.21,729.15}{657,266.55,730.15}{658,266.89,731.15}{659,267.22,732.15}{660,267.56,733.15}{661,267.9,734.15}{662,268.24,735.15}{663,268.57,736.15}{664,268.91,737.15}{665,269.25,738.15}{666,269.58,739.15}{667,269.92,740.15}{668,270.26,741.15}{669,270.59,742.15}{670,270.93,743.15}{671,271.27,744.15}{672,271.6,745.15}{673,271.94,746.15}{674,272.27,747.15}{675,272.61,748.15}{676,272.95,749.15}{677,273.28,750.15}{678,273.62,751.15}{679,273.95,752.15}{680,274.29,753.15}{681,274.62,754.15}{682,274.96,755.15}{683,275.29,756.15}{684,275.63,757.15}{685,275.96,758.15}{686,276.31,759.15}{687,276.64,760.15}{688,276.97,761.15}{689,277.31,762.15}{690,277.64,763.15}{691,277.98,764.15}{692,278.31,765.15}{693,278.64,766.15}{694,278.98,767.15}{695,279.31,768.15}{696,279.64,769.15}{697,279.98,770.15}{698,280.31,771.15}{699,280.64,772.15}{700,280.98,773.15}{701,281.31,774.15}{702,281.64,775.15}{703,281.97,776.15}{704,282.31,777.15}{705,282.64,778.15}{706,282.97,779.15}{707,283.3,780.15}{708,283.63,781.15}{709,283.97,782.15}{710,284.3,783.15}{711,284.63,784.15}{712,284.96,785.15}{713,285.29,786.15}{714,285.62,787.15}{715,285.95,788.15}{716,286.3,789.15}{717,286.63,790.15}{718,286.96,791.15}{719,287.29,792.15}{720,287.62,793.15}{721,287.95,794.15}{722,288.28,795.15}{723,288.61,796.15}{724,288.94,797.15}{725,289.27,798.15}{726,289.6,799.15}{727,289.93,800.15}{728,290.26,801.15}{729,290.59,802.15}{730,290.92,803.15}{731,291.25,804.15}{732,291.58,805.15}{733,291.9,806.15}{734,292.23,807.15}{735,292.56,808.15}{736,292.9,809.15}{737,293.23,810.15}{738,293.56,811.15}{739,293.89,812.15}{740,294.21,813.15}{741,294.54,814.15}{742,294.87,815.15}{743,295.2,816.15}{744,295.53,817.15}{745,295.85,818.15}{746,296.18,819.15}{747,296.51,820.15}{748,296.84,821.15}{749,297.16,822.15}{750,297.49,823.15}{751,297.82,824.15}{752,298.14,825.15}{753,298.47,826.15}{754,298.8,827.15}{755,299.12,828.15}{756,299.45,829.15}{757,299.78,830.15}{758,300.1,831.15}{759,300.43,832.15}{760,300.75,833.15}{761,301.08,834.15}{762,301.41,835.15}{763,301.73,836.15}{764,302.06,837.15}{765,302.38,838.15}{766,302.71,839.15}{767,303.03,840.15}{768,303.36,841.15}{769,303.68,842.15}{770,304.01,843.15}{771,304.33,844.15}{772,304.66,845.15}{773,304.98,846.15}{774,305.3,847.15}{775,305.63,848.15}{776,305.95,849.15}{777,306.28,850.15}{778,306.6,851.15}{779,306.92,852.15}{780,307.25,853.15}{781,307.57,854.15}{782,307.89,855.15}{783,308.22,856.15}{784,308.54,857.15}{785,308.86,858.15}{786,309.19,859.15}{787,309.51,860.15}{788,309.83,861.15}{789,310.15,862.15}{790,310.48,863.15}{791,310.8,864.15}{792,311.12,865.15}{793,311.45,866.15}{794,311.78,867.15}{795,312.1,868.15}{796,312.43,869.15}{797,312.75,870.15}{798,313.07,871.15}{799,313.39,872.15}{800,313.71,873.15}{801,314.04,874.15}{802,314.36,875.15}{803,314.68,876.15}{804,315,877.15}{805,315.32,878.15}{806,315.64,879.15}{807,315.96,880.15}{808,316.28,881.15}{809,316.6,882.15}{810,316.92,883.15}{811,317.24,884.15}{812,317.56,885.15}{813,317.88,886.15}{814,318.2,887.15}{815,318.52,888.15}{816,318.85,889.15}{817,319.17,890.15}{818,319.49,891.15}{819,319.81,892.15}{820,320.12,893.15}{821,320.44,894.15}{822,320.76,895.15}{823,321.08,896.15}{824,321.4,897.15}{825,321.72,898.15}{826,322.03,899.15}{827,322.34,900.15}{828,322.66,901.15}{829,322.98,902.15}{830,323.3,903.15}{831,323.61,904.15}{832,323.93,905.15}{833,324.25,906.15}{834,324.57,907.15}{835,324.88,908.15}{836,325.21,909.15}{837,325.53,910.15}{838,325.85,911.15}{839,326.16,912.15}{840,326.48,913.15}{841,326.79,914.15}{842,327.11,915.15}{843,327.43,916.15}{844,327.74,917.15}{845,328.06,918.15}{846,328.38,919.15}{847,328.69,920.15}{848,329.01,921.15}{849,329.32,922.15}{850,329.64,923.15}{851,329.95,924.15}{852,330.27,925.15}{853,330.58,926.15}{854,330.9,927.15}{855,331.21,928.15}{856,331.53,929.15}{857,331.84,930.15}{858,332.16,931.15}{859,332.47,932.15}{860,332.79,933.15}{861,333.1,934.15}{862,333.41,935.15}{863,333.73,936.15}{864,334.04,937.15}{865,334.36,938.15}{866,334.68,939.15}{867,334.99,940.15}{868,335.31,941.15}{869,335.62,942.15}{870,335.93,943.15}{871,336.25,944.15}{872,336.56,945.15}{873,336.87,946.15}{874,337.18,947.15}{875,337.5,948.15}{876,337.81,949.15}{877,338.12,950.15}{878,338.43,951.15}{879,338.75,952.15}{880,339.06,953.15}{881,339.37,954.15}{882,339.68,955.15}{883,339.99,956.15}{884,340.3,957.15}{885,340.62,958.15}{886,340.94,959.15}{887,341.25,960.15}{888,341.55,961.15}{889,341.87,962.15}{890,342.18,963.15}{891,342.49,964.15}{892,342.8,965.15}{893,343.11,966.15}{894,343.42,967.15}{895,343.73,968.15}{896,344.04,969.15}{897,344.35,970.15}{898,344.66,971.15}{899,344.97,972.15}{900,345.28,973.15}{901,345.59,974.15}{902,345.9,975.15}{903,346.21,976.15}{904,346.52,977.15}{905,346.83,978.15}{906,347.15,979.15}{907,347.46,980.15}{908,347.76,981.15}{909,348.07,982.15}{910,348.38,983.15}{911,348.69,984.15}{912,349,985.15}{913,349.31,986.15}{914,349.61,987.15}{915,349.92,988.15}{916,350.23,989.15}{917,350.54,990.15}{918,350.85,991.15}{919,351.15,992.15}{920,351.46,993.15}{921,351.77,994.15}{922,352.07,995.15}{923,352.38,996.15}{924,352.69,997.15}{925,352.99,998.15}{926,353.3,999.15}{927,353.61,1000.15}{928,353.91,1001.15}{929,354.22,1002.15}{930,354.53,1003.15}{931,354.83,1004.15}{932,355.14,1005.15}{933,355.44,1006.15}{934,355.75,1007.15}{935,356.06,1008.15}{936,356.37,1009.15}{937,356.68,1010.15}{938,356.98,1011.15}{939,357.29,1012.15}{940,357.59,1013.15}{941,357.9,1014.15}{942,358.2,1015.15}{943,358.51,1016.15}{944,358.81,1017.15}{945,359.12,1018.15}{946,359.42,1019.15}{947,359.72,1020.15}{948,360.03,1021.15}{949,360.33,1022.15}{950,360.64,1023.15}{951,360.94,1024.15}{952,361.24,1025.15}{953,361.55,1026.15}{954,361.85,1027.15}{955,362.15,1028.15}{956,362.46,1029.15}{957,362.76,1030.15}{958,363.06,1031.15}{959,363.36,1032.15}{960,363.67,1033.15}{961,363.97,1034.15}{962,364.27,1035.15}{963,364.57,1036.15}{964,364.88,1037.15}{965,365.18,1038.15}{966,365.49,1039.15}{967,365.79,1040.15}{968,366.09,1041.15}{969,366.4,1042.15}{970,366.7,1043.15}{971,367,1044.15}{972,367.3,1045.15}{973,367.6,1046.15}{974,367.9,1047.15}{975,368.2,1048.15}{976,368.5,1049.15}{977,368.81,1050.15}{978,369.11,1051.15}{979,369.41,1052.15}{980,369.71,1053.15}{981,370.01,1054.15}{982,370.31,1055.15}{983,370.61,1056.15}{984,370.91,1057.15}{985,371.21,1058.15}{986,371.52,1059.15}{987,371.82,1060.15}{988,372.12,1061.15}{989,372.41,1062.15}{990,372.71,1063.15}{991,373.01,1064.15}{992,373.31,1065.15}{993,373.61,1066.15}{994,373.91,1067.15}{995,374.21,1068.15}{996,374.51,1069.15}{997,374.8,1070.15}{998,375.1,1071.15}{999,375.4,1072.15}{1000,375.7,1073.15}{1001,376,1074.15}{1002,376.29,1075.15}{1003,376.59,1076.15}{1004,376.89,1077.15}{1005,377.19,1078.15}{1006,377.49,1079.15}{1007,377.79,1080.15}{1008,378.09,1081.15}{1009,378.39,1082.15}{1010,378.68,1083.15}{1011,378.98,1084.15}{1012,379.28,1085.15}{1013,379.57,1086.15}{1014,379.87,1087.15}{1015,380.17,1088.15}{1016,380.46,1089.15}{1017,380.76,1090.15}{1018,381.05,1091.15}{1019,381.35,1092.15}{1020,381.65,1093.15}{1021,381.94,1094.15}{1022,382.24,1095.15}{1023,382.53,1096.15}{1024,382.83,1097.15}{1025,383.12,1098.15}{1026,383.42,1099.15}{1027,383.71,1100.15}{1028,384.01,1101.15}{1029,384.3,1102.15}{1030,384.6,1103.15}{1031,384.89,1104.15}{1032,385.18,1105.15}{1033,385.48,1106.15}{1034,385.77,1107.15}{1035,386.07,1108.15}{1036,386.37,1109.15}{1037,386.66,1110.15}{1038,386.96,1111.15}{1039,387.25,1112.15}{1040,387.55,1113.15}{1041,387.84,1114.15}{1042,388.13,1115.15}{1043,388.42,1116.15}{1044,388.72,1117.15}{1045,389.01,1118.15}{1046,389.31,1119.15}{1047,389.61,1120.15}{1048,389.9,1121.15}{1049,390.19,1122.15}{1050,390.48,1123.15}&quot;"/>
                                                <instance name="dev01/Config/ch00006/Calibration_Sensor_Curve" order="0" value="&quot;{0,18.52,73.15}{1,18.96,74.15}{2,19.39,75.15}{3,19.82,76.15}{4,20.25,77.15}{5,20.68,78.15}{6,21.11,79.15}{7,21.54,80.15}{8,21.97,81.15}{9,22.4,82.15}{10,22.83,83.15}{11,23.26,84.15}{12,23.69,85.15}{13,24.12,86.15}{14,24.55,87.15}{15,24.97,88.15}{16,25.39,89.15}{17,25.82,90.15}{18,26.25,91.15}{19,26.67,92.15}{20,27.1,93.15}{21,27.52,94.15}{22,27.95,95.15}{23,28.37,96.15}{24,28.8,97.15}{25,29.22,98.15}{26,29.65,99.15}{27,30.07,100.15}{28,30.49,101.15}{29,30.92,102.15}{30,31.34,103.15}{31,31.76,104.15}{32,32.18,105.15}{33,32.61,106.15}{34,33.03,107.15}{35,33.45,108.15}{36,33.86,109.15}{37,34.28,110.15}{38,34.7,111.15}{39,35.12,112.15}{40,35.54,113.15}{41,35.96,114.15}{42,36.38,115.15}{43,36.8,116.15}{44,37.22,117.15}{45,37.63,118.15}{46,38.05,119.15}{47,38.47,120.15}{48,38.89,121.15}{49,39.31,122.15}{50,39.72,123.15}{51,40.14,124.15}{52,40.56,125.15}{53,40.97,126.15}{54,41.39,127.15}{55,41.8,128.15}{56,42.22,129.15}{57,42.64,130.15}{58,43.05,131.15}{59,43.46,132.15}{60,43.88,133.15}{61,44.29,134.15}{62,44.71,135.15}{63,45.12,136.15}{64,45.53,137.15}{65,45.95,138.15}{66,46.35,139.15}{67,46.76,140.15}{68,47.18,141.15}{69,47.59,142.15}{70,48,143.15}{71,48.41,144.15}{72,48.82,145.15}{73,49.23,146.15}{74,49.64,147.15}{75,50.06,148.15}{76,50.47,149.15}{77,50.88,150.15}{78,51.29,151.15}{79,51.7,152.15}{80,52.11,153.15}{81,52.52,154.15}{82,52.92,155.15}{83,53.33,156.15}{84,53.74,157.15}{85,54.15,158.15}{86,54.56,159.15}{87,54.97,160.15}{88,55.38,161.15}{89,55.78,162.15}{90,56.19,163.15}{91,56.6,164.15}{92,57,165.15}{93,57.41,166.15}{94,57.82,167.15}{95,58.22,168.15}{96,58.63,169.15}{97,59.04,170.15}{98,59.44,171.15}{99,59.85,172.15}{100,60.26,173.15}{101,60.67,174.15}{102,61.07,175.15}{103,61.48,176.15}{104,61.87,177.15}{105,62.29,178.15}{106,62.69,179.15}{107,63.1,180.15}{108,63.5,181.15}{109,63.91,182.15}{110,64.3,183.15}{111,64.7,184.15}{112,65.11,185.15}{113,65.51,186.15}{114,65.91,187.15}{115,66.31,188.15}{116,66.72,189.15}{117,67.12,190.15}{118,67.52,191.15}{119,67.92,192.15}{120,68.33,193.15}{121,68.73,194.15}{122,69.13,195.15}{123,69.53,196.15}{124,69.93,197.15}{125,70.33,198.15}{126,70.73,199.15}{127,71.13,200.15}{128,71.53,201.15}{129,71.93,202.15}{130,72.33,203.15}{131,72.73,204.15}{132,73.13,205.15}{133,73.53,206.15}{134,73.93,207.15}{135,74.33,208.15}{136,74.73,209.15}{137,75.13,210.15}{138,75.53,211.15}{139,75.93,212.15}{140,76.33,213.15}{141,76.73,214.15}{142,77.13,215.15}{143,77.52,216.15}{144,77.92,217.15}{145,78.32,218.15}{146,78.72,219.15}{147,79.11,220.15}{148,79.51,221.15}{149,79.91,222.15}{150,80.31,223.15}{151,80.7,224.15}{152,81.1,225.15}{153,81.5,226.15}{154,81.89,227.15}{155,82.29,228.15}{156,82.69,229.15}{157,83.08,230.15}{158,83.48,231.15}{159,83.88,232.15}{160,84.27,233.15}{161,84.67,234.15}{162,85.06,235.15}{163,85.46,236.15}{164,85.85,237.15}{165,86.25,238.15}{166,86.64,239.15}{167,87.04,240.15}{168,87.43,241.15}{169,87.83,242.15}{170,88.22,243.15}{171,88.62,244.15}{172,89.01,245.15}{173,89.4,246.15}{174,89.8,247.15}{175,90.19,248.15}{176,90.59,249.15}{177,90.98,250.15}{178,91.37,251.15}{179,91.77,252.15}{180,92.16,253.15}{181,92.55,254.15}{182,92.95,255.15}{183,93.34,256.15}{184,93.73,257.15}{185,94.12,258.15}{186,94.52,259.15}{187,94.91,260.15}{188,95.3,261.15}{189,95.69,262.15}{190,96.09,263.15}{191,96.48,264.15}{192,96.87,265.15}{193,97.26,266.15}{194,97.65,267.15}{195,98.04,268.15}{196,98.44,269.15}{197,98.83,270.15}{198,99.22,271.15}{199,99.61,272.15}{200,100,273.15}{201,100.39,274.15}{202,100.78,275.15}{203,101.17,276.15}{204,101.56,277.15}{205,101.95,278.15}{206,102.34,279.15}{207,102.73,280.15}{208,103.12,281.15}{209,103.51,282.15}{210,103.9,283.15}{211,104.29,284.15}{212,104.68,285.15}{213,105.07,286.15}{214,105.46,287.15}{215,105.85,288.15}{216,106.24,289.15}{217,106.63,290.15}{218,107.02,291.15}{219,107.4,292.15}{220,107.79,293.15}{221,108.18,294.15}{222,108.57,295.15}{223,108.96,296.15}{224,109.35,297.15}{225,109.73,298.15}{226,110.12,299.15}{227,110.51,300.15}{228,110.9,301.15}{229,111.28,302.15}{230,111.67,303.15}{231,112.06,304.15}{232,112.45,305.15}{233,112.83,306.15}{234,113.22,307.15}{235,113.61,308.15}{236,113.99,309.15}{237,114.38,310.15}{238,114.77,311.15}{239,115.15,312.15}{240,115.54,313.15}{241,115.93,314.15}{242,116.31,315.15}{243,116.7,316.15}{244,117.08,317.15}{245,117.47,318.15}{246,117.85,319.15}{247,118.24,320.15}{248,118.62,321.15}{249,119.01,322.15}{250,119.4,323.15}{251,119.78,324.15}{252,120.16,325.15}{253,120.55,326.15}{254,120.93,327.15}{255,121.32,328.15}{256,121.7,329.15}{257,122.09,330.15}{258,122.47,331.15}{259,122.86,332.15}{260,123.24,333.15}{261,123.62,334.15}{262,124.01,335.15}{263,124.39,336.15}{264,124.77,337.15}{265,125.17,338.15}{266,125.55,339.15}{267,125.93,340.15}{268,126.32,341.15}{269,126.7,342.15}{270,127.08,343.15}{271,127.46,344.15}{272,127.85,345.15}{273,128.23,346.15}{274,128.61,347.15}{275,128.99,348.15}{276,129.38,349.15}{277,129.76,350.15}{278,130.14,351.15}{279,130.52,352.15}{280,130.9,353.15}{281,131.28,354.15}{282,131.67,355.15}{283,132.05,356.15}{284,132.43,357.15}{285,132.81,358.15}{286,133.19,359.15}{287,133.57,360.15}{288,133.95,361.15}{289,134.33,362.15}{290,134.71,363.15}{291,135.09,364.15}{292,135.47,365.15}{293,135.85,366.15}{294,136.23,367.15}{295,136.61,368.15}{296,136.99,369.15}{297,137.37,370.15}{298,137.75,371.15}{299,138.13,372.15}{300,138.51,373.15}{301,138.89,374.15}{302,139.27,375.15}{303,139.65,376.15}{304,140.03,377.15}{305,140.39,378.15}{306,140.77,379.15}{307,141.15,380.15}{308,141.53,381.15}{309,141.91,382.15}{310,142.29,383.15}{311,142.66,384.15}{312,143.04,385.15}{313,143.42,386.15}{314,143.8,387.15}{315,144.18,388.15}{316,144.56,389.15}{317,144.94,390.15}{318,145.32,391.15}{319,145.69,392.15}{320,146.07,393.15}{321,146.45,394.15}{322,146.82,395.15}{323,147.2,396.15}{324,147.58,397.15}{325,147.95,398.15}{326,148.33,399.15}{327,148.71,400.15}{328,149.08,401.15}{329,149.46,402.15}{330,149.83,403.15}{331,150.21,404.15}{332,150.58,405.15}{333,150.96,406.15}{334,151.34,407.15}{335,151.71,408.15}{336,152.09,409.15}{337,152.46,410.15}{338,152.84,411.15}{339,153.21,412.15}{340,153.58,413.15}{341,153.95,414.15}{342,154.32,415.15}{343,154.71,416.15}{344,155.08,417.15}{345,155.46,418.15}{346,155.83,419.15}{347,156.21,420.15}{348,156.58,421.15}{349,156.96,422.15}{350,157.33,423.15}{351,157.71,424.15}{352,158.08,425.15}{353,158.45,426.15}{354,158.83,427.15}{355,159.2,428.15}{356,159.56,429.15}{357,159.94,430.15}{358,160.31,431.15}{359,160.68,432.15}{360,161.05,433.15}{361,161.43,434.15}{362,161.8,435.15}{363,162.17,436.15}{364,162.54,437.15}{365,162.91,438.15}{366,163.28,439.15}{367,163.66,440.15}{368,164.03,441.15}{369,164.4,442.15}{370,164.77,443.15}{371,165.14,444.15}{372,165.51,445.15}{373,165.88,446.15}{374,166.25,447.15}{375,166.62,448.15}{376,167,449.15}{377,167.37,450.15}{378,167.74,451.15}{379,168.11,452.15}{380,168.48,453.15}{381,168.85,454.15}{382,169.22,455.15}{383,169.59,456.15}{384,169.96,457.15}{385,170.33,458.15}{386,170.69,459.15}{387,171.06,460.15}{388,171.43,461.15}{389,171.8,462.15}{390,172.17,463.15}{391,172.54,464.15}{392,172.91,465.15}{393,173.27,466.15}{394,173.64,467.15}{395,174.01,468.15}{396,174.39,469.15}{397,174.75,470.15}{398,175.12,471.15}{399,175.49,472.15}{400,175.86,473.15}{401,176.23,474.15}{402,176.59,475.15}{403,176.96,476.15}{404,177.33,477.15}{405,177.7,478.15}{406,178.06,479.15}{407,178.43,480.15}{408,178.8,481.15}{409,179.16,482.15}{410,179.53,483.15}{411,179.9,484.15}{412,180.26,485.15}{413,180.63,486.15}{414,180.99,487.15}{415,181.36,488.15}{416,181.73,489.15}{417,182.09,490.15}{418,182.46,491.15}{419,182.82,492.15}{420,183.19,493.15}{421,183.55,494.15}{422,183.92,495.15}{423,184.28,496.15}{424,184.65,497.15}{425,185.01,498.15}{426,185.38,499.15}{427,185.74,500.15}{428,186.11,501.15}{429,186.47,502.15}{430,186.84,503.15}{431,187.2,504.15}{432,187.56,505.15}{433,187.93,506.15}{434,188.29,507.15}{435,188.65,508.15}{436,189.02,509.15}{437,189.38,510.15}{438,189.74,511.15}{439,190.11,512.15}{440,190.47,513.15}{441,190.83,514.15}{442,191.2,515.15}{443,191.56,516.15}{444,191.92,517.15}{445,192.28,518.15}{446,192.66,519.15}{447,193.02,520.15}{448,193.38,521.15}{449,193.74,522.15}{450,194.1,523.15}{451,194.47,524.15}{452,194.83,525.15}{453,195.19,526.15}{454,195.55,527.15}{455,195.9,528.15}{456,196.26,529.15}{457,196.62,530.15}{458,196.98,531.15}{459,197.35,532.15}{460,197.71,533.15}{461,198.07,534.15}{462,198.43,535.15}{463,198.79,536.15}{464,199.15,537.15}{465,199.51,538.15}{466,199.87,539.15}{467,200.23,540.15}{468,200.59,541.15}{469,200.95,542.15}{470,201.31,543.15}{471,201.67,544.15}{472,202.03,545.15}{473,202.38,546.15}{474,202.74,547.15}{475,203.1,548.15}{476,203.46,549.15}{477,203.82,550.15}{478,204.18,551.15}{479,204.54,552.15}{480,204.9,553.15}{481,205.25,554.15}{482,205.61,555.15}{483,205.97,556.15}{484,206.33,557.15}{485,206.7,558.15}{486,207.05,559.15}{487,207.41,560.15}{488,207.77,561.15}{489,208.13,562.15}{490,208.48,563.15}{491,208.84,564.15}{492,209.2,565.15}{493,209.55,566.15}{494,209.91,567.15}{495,210.27,568.15}{496,210.62,569.15}{497,210.98,570.15}{498,211.34,571.15}{499,211.69,572.15}{500,212.05,573.15}{501,212.4,574.15}{502,212.76,575.15}{503,213.12,576.15}{504,213.47,577.15}{505,213.83,578.15}{506,214.19,579.15}{507,214.55,580.15}{508,214.9,581.15}{509,215.26,582.15}{510,215.61,583.15}{511,215.97,584.15}{512,216.32,585.15}{513,216.68,586.15}{514,217.03,587.15}{515,217.39,588.15}{516,217.73,589.15}{517,218.08,590.15}{518,218.44,591.15}{519,218.79,592.15}{520,219.15,593.15}{521,219.5,594.15}{522,219.85,595.15}{523,220.21,596.15}{524,220.56,597.15}{525,220.91,598.15}{526,221.27,599.15}{527,221.62,600.15}{528,221.97,601.15}{529,222.32,602.15}{530,222.68,603.15}{531,223.03,604.15}{532,223.38,605.15}{533,223.73,606.15}{534,224.09,607.15}{535,224.45,608.15}{536,224.8,609.15}{537,225.15,610.15}{538,225.5,611.15}{539,225.85,612.15}{540,226.21,613.15}{541,226.56,614.15}{542,226.91,615.15}{543,227.26,616.15}{544,227.61,617.15}{545,227.96,618.15}{546,228.31,619.15}{547,228.66,620.15}{548,229.01,621.15}{549,229.36,622.15}{550,229.72,623.15}{551,230.07,624.15}{552,230.42,625.15}{553,230.77,626.15}{554,231.12,627.15}{555,231.47,628.15}{556,231.81,629.15}{557,232.16,630.15}{558,232.51,631.15}{559,232.86,632.15}{560,233.21,633.15}{561,233.56,634.15}{562,233.91,635.15}{563,234.26,636.15}{564,234.6,637.15}{565,234.95,638.15}{566,235.3,639.15}{567,235.65,640.15}{568,236,641.15}{569,236.35,642.15}{570,236.7,643.15}{571,237.05,644.15}{572,237.4,645.15}{573,237.75,646.15}{574,238.09,647.15}{575,238.44,648.15}{576,238.79,649.15}{577,239.14,650.15}{578,239.48,651.15}{579,239.83,652.15}{580,240.18,653.15}{581,240.52,654.15}{582,240.87,655.15}{583,241.22,656.15}{584,241.56,657.15}{585,241.91,658.15}{586,242.25,659.15}{587,242.6,660.15}{588,242.95,661.15}{589,243.29,662.15}{590,243.64,663.15}{591,243.98,664.15}{592,244.33,665.15}{593,244.67,666.15}{594,245.02,667.15}{595,245.36,668.15}{596,245.71,669.15}{597,246.05,670.15}{598,246.4,671.15}{599,246.74,672.15}{600,247.09,673.15}{601,247.43,674.15}{602,247.78,675.15}{603,248.12,676.15}{604,248.46,677.15}{605,248.81,678.15}{606,249.15,679.15}{607,249.5,680.15}{608,249.84,681.15}{609,250.18,682.15}{610,250.53,683.15}{611,250.89,684.15}{612,251.21,685.15}{613,251.55,686.15}{614,251.9,687.15}{615,252.24,688.15}{616,252.59,689.15}{617,252.94,690.15}{618,253.28,691.15}{619,253.62,692.15}{620,253.96,693.15}{621,254.3,694.15}{622,254.65,695.15}{623,254.99,696.15}{624,255.33,697.15}{625,255.67,698.15}{626,256.01,699.15}{627,256.35,700.15}{628,256.7,701.15}{629,257.04,702.15}{630,257.38,703.15}{631,257.72,704.15}{632,258.06,705.15}{633,258.4,706.15}{634,258.74,707.15}{635,259.08,708.15}{636,259.42,709.15}{637,259.76,710.15}{638,260.1,711.15}{639,260.44,712.15}{640,260.78,713.15}{641,261.12,714.15}{642,261.46,715.15}{643,261.8,716.15}{644,262.14,717.15}{645,262.48,718.15}{646,262.83,719.15}{647,263.17,720.15}{648,263.5,721.15}{649,263.84,722.15}{650,264.18,723.15}{651,264.52,724.15}{652,264.86,725.15}{653,265.2,726.15}{654,265.54,727.15}{655,265.87,728.15}{656,266.21,729.15}{657,266.55,730.15}{658,266.89,731.15}{659,267.22,732.15}{660,267.56,733.15}{661,267.9,734.15}{662,268.24,735.15}{663,268.57,736.15}{664,268.91,737.15}{665,269.25,738.15}{666,269.58,739.15}{667,269.92,740.15}{668,270.26,741.15}{669,270.59,742.15}{670,270.93,743.15}{671,271.27,744.15}{672,271.6,745.15}{673,271.94,746.15}{674,272.27,747.15}{675,272.61,748.15}{676,272.95,749.15}{677,273.28,750.15}{678,273.62,751.15}{679,273.95,752.15}{680,274.29,753.15}{681,274.62,754.15}{682,274.96,755.15}{683,275.29,756.15}{684,275.63,757.15}{685,275.96,758.15}{686,276.31,759.15}{687,276.64,760.15}{688,276.97,761.15}{689,277.31,762.15}{690,277.64,763.15}{691,277.98,764.15}{692,278.31,765.15}{693,278.64,766.15}{694,278.98,767.15}{695,279.31,768.15}{696,279.64,769.15}{697,279.98,770.15}{698,280.31,771.15}{699,280.64,772.15}{700,280.98,773.15}{701,281.31,774.15}{702,281.64,775.15}{703,281.97,776.15}{704,282.31,777.15}{705,282.64,778.15}{706,282.97,779.15}{707,283.3,780.15}{708,283.63,781.15}{709,283.97,782.15}{710,284.3,783.15}{711,284.63,784.15}{712,284.96,785.15}{713,285.29,786.15}{714,285.62,787.15}{715,285.95,788.15}{716,286.3,789.15}{717,286.63,790.15}{718,286.96,791.15}{719,287.29,792.15}{720,287.62,793.15}{721,287.95,794.15}{722,288.28,795.15}{723,288.61,796.15}{724,288.94,797.15}{725,289.27,798.15}{726,289.6,799.15}{727,289.93,800.15}{728,290.26,801.15}{729,290.59,802.15}{730,290.92,803.15}{731,291.25,804.15}{732,291.58,805.15}{733,291.9,806.15}{734,292.23,807.15}{735,292.56,808.15}{736,292.9,809.15}{737,293.23,810.15}{738,293.56,811.15}{739,293.89,812.15}{740,294.21,813.15}{741,294.54,814.15}{742,294.87,815.15}{743,295.2,816.15}{744,295.53,817.15}{745,295.85,818.15}{746,296.18,819.15}{747,296.51,820.15}{748,296.84,821.15}{749,297.16,822.15}{750,297.49,823.15}{751,297.82,824.15}{752,298.14,825.15}{753,298.47,826.15}{754,298.8,827.15}{755,299.12,828.15}{756,299.45,829.15}{757,299.78,830.15}{758,300.1,831.15}{759,300.43,832.15}{760,300.75,833.15}{761,301.08,834.15}{762,301.41,835.15}{763,301.73,836.15}{764,302.06,837.15}{765,302.38,838.15}{766,302.71,839.15}{767,303.03,840.15}{768,303.36,841.15}{769,303.68,842.15}{770,304.01,843.15}{771,304.33,844.15}{772,304.66,845.15}{773,304.98,846.15}{774,305.3,847.15}{775,305.63,848.15}{776,305.95,849.15}{777,306.28,850.15}{778,306.6,851.15}{779,306.92,852.15}{780,307.25,853.15}{781,307.57,854.15}{782,307.89,855.15}{783,308.22,856.15}{784,308.54,857.15}{785,308.86,858.15}{786,309.19,859.15}{787,309.51,860.15}{788,309.83,861.15}{789,310.15,862.15}{790,310.48,863.15}{791,310.8,864.15}{792,311.12,865.15}{793,311.45,866.15}{794,311.78,867.15}{795,312.1,868.15}{796,312.43,869.15}{797,312.75,870.15}{798,313.07,871.15}{799,313.39,872.15}{800,313.71,873.15}{801,314.04,874.15}{802,314.36,875.15}{803,314.68,876.15}{804,315,877.15}{805,315.32,878.15}{806,315.64,879.15}{807,315.96,880.15}{808,316.28,881.15}{809,316.6,882.15}{810,316.92,883.15}{811,317.24,884.15}{812,317.56,885.15}{813,317.88,886.15}{814,318.2,887.15}{815,318.52,888.15}{816,318.85,889.15}{817,319.17,890.15}{818,319.49,891.15}{819,319.81,892.15}{820,320.12,893.15}{821,320.44,894.15}{822,320.76,895.15}{823,321.08,896.15}{824,321.4,897.15}{825,321.72,898.15}{826,322.03,899.15}{827,322.34,900.15}{828,322.66,901.15}{829,322.98,902.15}{830,323.3,903.15}{831,323.61,904.15}{832,323.93,905.15}{833,324.25,906.15}{834,324.57,907.15}{835,324.88,908.15}{836,325.21,909.15}{837,325.53,910.15}{838,325.85,911.15}{839,326.16,912.15}{840,326.48,913.15}{841,326.79,914.15}{842,327.11,915.15}{843,327.43,916.15}{844,327.74,917.15}{845,328.06,918.15}{846,328.38,919.15}{847,328.69,920.15}{848,329.01,921.15}{849,329.32,922.15}{850,329.64,923.15}{851,329.95,924.15}{852,330.27,925.15}{853,330.58,926.15}{854,330.9,927.15}{855,331.21,928.15}{856,331.53,929.15}{857,331.84,930.15}{858,332.16,931.15}{859,332.47,932.15}{860,332.79,933.15}{861,333.1,934.15}{862,333.41,935.15}{863,333.73,936.15}{864,334.04,937.15}{865,334.36,938.15}{866,334.68,939.15}{867,334.99,940.15}{868,335.31,941.15}{869,335.62,942.15}{870,335.93,943.15}{871,336.25,944.15}{872,336.56,945.15}{873,336.87,946.15}{874,337.18,947.15}{875,337.5,948.15}{876,337.81,949.15}{877,338.12,950.15}{878,338.43,951.15}{879,338.75,952.15}{880,339.06,953.15}{881,339.37,954.15}{882,339.68,955.15}{883,339.99,956.15}{884,340.3,957.15}{885,340.62,958.15}{886,340.94,959.15}{887,341.25,960.15}{888,341.55,961.15}{889,341.87,962.15}{890,342.18,963.15}{891,342.49,964.15}{892,342.8,965.15}{893,343.11,966.15}{894,343.42,967.15}{895,343.73,968.15}{896,344.04,969.15}{897,344.35,970.15}{898,344.66,971.15}{899,344.97,972.15}{900,345.28,973.15}{901,345.59,974.15}{902,345.9,975.15}{903,346.21,976.15}{904,346.52,977.15}{905,346.83,978.15}{906,347.15,979.15}{907,347.46,980.15}{908,347.76,981.15}{909,348.07,982.15}{910,348.38,983.15}{911,348.69,984.15}{912,349,985.15}{913,349.31,986.15}{914,349.61,987.15}{915,349.92,988.15}{916,350.23,989.15}{917,350.54,990.15}{918,350.85,991.15}{919,351.15,992.15}{920,351.46,993.15}{921,351.77,994.15}{922,352.07,995.15}{923,352.38,996.15}{924,352.69,997.15}{925,352.99,998.15}{926,353.3,999.15}{927,353.61,1000.15}{928,353.91,1001.15}{929,354.22,1002.15}{930,354.53,1003.15}{931,354.83,1004.15}{932,355.14,1005.15}{933,355.44,1006.15}{934,355.75,1007.15}{935,356.06,1008.15}{936,356.37,1009.15}{937,356.68,1010.15}{938,356.98,1011.15}{939,357.29,1012.15}{940,357.59,1013.15}{941,357.9,1014.15}{942,358.2,1015.15}{943,358.51,1016.15}{944,358.81,1017.15}{945,359.12,1018.15}{946,359.42,1019.15}{947,359.72,1020.15}{948,360.03,1021.15}{949,360.33,1022.15}{950,360.64,1023.15}{951,360.94,1024.15}{952,361.24,1025.15}{953,361.55,1026.15}{954,361.85,1027.15}{955,362.15,1028.15}{956,362.46,1029.15}{957,362.76,1030.15}{958,363.06,1031.15}{959,363.36,1032.15}{960,363.67,1033.15}{961,363.97,1034.15}{962,364.27,1035.15}{963,364.57,1036.15}{964,364.88,1037.15}{965,365.18,1038.15}{966,365.49,1039.15}{967,365.79,1040.15}{968,366.09,1041.15}{969,366.4,1042.15}{970,366.7,1043.15}{971,367,1044.15}{972,367.3,1045.15}{973,367.6,1046.15}{974,367.9,1047.15}{975,368.2,1048.15}{976,368.5,1049.15}{977,368.81,1050.15}{978,369.11,1051.15}{979,369.41,1052.15}{980,369.71,1053.15}{981,370.01,1054.15}{982,370.31,1055.15}{983,370.61,1056.15}{984,370.91,1057.15}{985,371.21,1058.15}{986,371.52,1059.15}{987,371.82,1060.15}{988,372.12,1061.15}{989,372.41,1062.15}{990,372.71,1063.15}{991,373.01,1064.15}{992,373.31,1065.15}{993,373.61,1066.15}{994,373.91,1067.15}{995,374.21,1068.15}{996,374.51,1069.15}{997,374.8,1070.15}{998,375.1,1071.15}{999,375.4,1072.15}{1000,375.7,1073.15}{1001,376,1074.15}{1002,376.29,1075.15}{1003,376.59,1076.15}{1004,376.89,1077.15}{1005,377.19,1078.15}{1006,377.49,1079.15}{1007,377.79,1080.15}{1008,378.09,1081.15}{1009,378.39,1082.15}{1010,378.68,1083.15}{1011,378.98,1084.15}{1012,379.28,1085.15}{1013,379.57,1086.15}{1014,379.87,1087.15}{1015,380.17,1088.15}{1016,380.46,1089.15}{1017,380.76,1090.15}{1018,381.05,1091.15}{1019,381.35,1092.15}{1020,381.65,1093.15}{1021,381.94,1094.15}{1022,382.24,1095.15}{1023,382.53,1096.15}{1024,382.83,1097.15}{1025,383.12,1098.15}{1026,383.42,1099.15}{1027,383.71,1100.15}{1028,384.01,1101.15}{1029,384.3,1102.15}{1030,384.6,1103.15}{1031,384.89,1104.15}{1032,385.18,1105.15}{1033,385.48,1106.15}{1034,385.77,1107.15}{1035,386.07,1108.15}{1036,386.37,1109.15}{1037,386.66,1110.15}{1038,386.96,1111.15}{1039,387.25,1112.15}{1040,387.55,1113.15}{1041,387.84,1114.15}{1042,388.13,1115.15}{1043,388.42,1116.15}{1044,388.72,1117.15}{1045,389.01,1118.15}{1046,389.31,1119.15}{1047,389.61,1120.15}{1048,389.9,1121.15}{1049,390.19,1122.15}{1050,390.48,1123.15}&quot;"/>
                                                <instance name="dev01/Config/ch00001/RTDRange" order="0" value="0"/>
                                                <instance name="dev02/Config/ch00021/enable" order="1" value="1"/>
                                                <instance name="dev01/Config/ch00007/Calibration_Sensor_Curve" order="0" value="&quot;{0,18.52,73.15}{1,18.96,74.15}{2,19.39,75.15}{3,19.82,76.15}{4,20.25,77.15}{5,20.68,78.15}{6,21.11,79.15}{7,21.54,80.15}{8,21.97,81.15}{9,22.4,82.15}{10,22.83,83.15}{11,23.26,84.15}{12,23.69,85.15}{13,24.12,86.15}{14,24.55,87.15}{15,24.97,88.15}{16,25.39,89.15}{17,25.82,90.15}{18,26.25,91.15}{19,26.67,92.15}{20,27.1,93.15}{21,27.52,94.15}{22,27.95,95.15}{23,28.37,96.15}{24,28.8,97.15}{25,29.22,98.15}{26,29.65,99.15}{27,30.07,100.15}{28,30.49,101.15}{29,30.92,102.15}{30,31.34,103.15}{31,31.76,104.15}{32,32.18,105.15}{33,32.61,106.15}{34,33.03,107.15}{35,33.45,108.15}{36,33.86,109.15}{37,34.28,110.15}{38,34.7,111.15}{39,35.12,112.15}{40,35.54,113.15}{41,35.96,114.15}{42,36.38,115.15}{43,36.8,116.15}{44,37.22,117.15}{45,37.63,118.15}{46,38.05,119.15}{47,38.47,120.15}{48,38.89,121.15}{49,39.31,122.15}{50,39.72,123.15}{51,40.14,124.15}{52,40.56,125.15}{53,40.97,126.15}{54,41.39,127.15}{55,41.8,128.15}{56,42.22,129.15}{57,42.64,130.15}{58,43.05,131.15}{59,43.46,132.15}{60,43.88,133.15}{61,44.29,134.15}{62,44.71,135.15}{63,45.12,136.15}{64,45.53,137.15}{65,45.95,138.15}{66,46.35,139.15}{67,46.76,140.15}{68,47.18,141.15}{69,47.59,142.15}{70,48,143.15}{71,48.41,144.15}{72,48.82,145.15}{73,49.23,146.15}{74,49.64,147.15}{75,50.06,148.15}{76,50.47,149.15}{77,50.88,150.15}{78,51.29,151.15}{79,51.7,152.15}{80,52.11,153.15}{81,52.52,154.15}{82,52.92,155.15}{83,53.33,156.15}{84,53.74,157.15}{85,54.15,158.15}{86,54.56,159.15}{87,54.97,160.15}{88,55.38,161.15}{89,55.78,162.15}{90,56.19,163.15}{91,56.6,164.15}{92,57,165.15}{93,57.41,166.15}{94,57.82,167.15}{95,58.22,168.15}{96,58.63,169.15}{97,59.04,170.15}{98,59.44,171.15}{99,59.85,172.15}{100,60.26,173.15}{101,60.67,174.15}{102,61.07,175.15}{103,61.48,176.15}{104,61.87,177.15}{105,62.29,178.15}{106,62.69,179.15}{107,63.1,180.15}{108,63.5,181.15}{109,63.91,182.15}{110,64.3,183.15}{111,64.7,184.15}{112,65.11,185.15}{113,65.51,186.15}{114,65.91,187.15}{115,66.31,188.15}{116,66.72,189.15}{117,67.12,190.15}{118,67.52,191.15}{119,67.92,192.15}{120,68.33,193.15}{121,68.73,194.15}{122,69.13,195.15}{123,69.53,196.15}{124,69.93,197.15}{125,70.33,198.15}{126,70.73,199.15}{127,71.13,200.15}{128,71.53,201.15}{129,71.93,202.15}{130,72.33,203.15}{131,72.73,204.15}{132,73.13,205.15}{133,73.53,206.15}{134,73.93,207.15}{135,74.33,208.15}{136,74.73,209.15}{137,75.13,210.15}{138,75.53,211.15}{139,75.93,212.15}{140,76.33,213.15}{141,76.73,214.15}{142,77.13,215.15}{143,77.52,216.15}{144,77.92,217.15}{145,78.32,218.15}{146,78.72,219.15}{147,79.11,220.15}{148,79.51,221.15}{149,79.91,222.15}{150,80.31,223.15}{151,80.7,224.15}{152,81.1,225.15}{153,81.5,226.15}{154,81.89,227.15}{155,82.29,228.15}{156,82.69,229.15}{157,83.08,230.15}{158,83.48,231.15}{159,83.88,232.15}{160,84.27,233.15}{161,84.67,234.15}{162,85.06,235.15}{163,85.46,236.15}{164,85.85,237.15}{165,86.25,238.15}{166,86.64,239.15}{167,87.04,240.15}{168,87.43,241.15}{169,87.83,242.15}{170,88.22,243.15}{171,88.62,244.15}{172,89.01,245.15}{173,89.4,246.15}{174,89.8,247.15}{175,90.19,248.15}{176,90.59,249.15}{177,90.98,250.15}{178,91.37,251.15}{179,91.77,252.15}{180,92.16,253.15}{181,92.55,254.15}{182,92.95,255.15}{183,93.34,256.15}{184,93.73,257.15}{185,94.12,258.15}{186,94.52,259.15}{187,94.91,260.15}{188,95.3,261.15}{189,95.69,262.15}{190,96.09,263.15}{191,96.48,264.15}{192,96.87,265.15}{193,97.26,266.15}{194,97.65,267.15}{195,98.04,268.15}{196,98.44,269.15}{197,98.83,270.15}{198,99.22,271.15}{199,99.61,272.15}{200,100,273.15}{201,100.39,274.15}{202,100.78,275.15}{203,101.17,276.15}{204,101.56,277.15}{205,101.95,278.15}{206,102.34,279.15}{207,102.73,280.15}{208,103.12,281.15}{209,103.51,282.15}{210,103.9,283.15}{211,104.29,284.15}{212,104.68,285.15}{213,105.07,286.15}{214,105.46,287.15}{215,105.85,288.15}{216,106.24,289.15}{217,106.63,290.15}{218,107.02,291.15}{219,107.4,292.15}{220,107.79,293.15}{221,108.18,294.15}{222,108.57,295.15}{223,108.96,296.15}{224,109.35,297.15}{225,109.73,298.15}{226,110.12,299.15}{227,110.51,300.15}{228,110.9,301.15}{229,111.28,302.15}{230,111.67,303.15}{231,112.06,304.15}{232,112.45,305.15}{233,112.83,306.15}{234,113.22,307.15}{235,113.61,308.15}{236,113.99,309.15}{237,114.38,310.15}{238,114.77,311.15}{239,115.15,312.15}{240,115.54,313.15}{241,115.93,314.15}{242,116.31,315.15}{243,116.7,316.15}{244,117.08,317.15}{245,117.47,318.15}{246,117.85,319.15}{247,118.24,320.15}{248,118.62,321.15}{249,119.01,322.15}{250,119.4,323.15}{251,119.78,324.15}{252,120.16,325.15}{253,120.55,326.15}{254,120.93,327.15}{255,121.32,328.15}{256,121.7,329.15}{257,122.09,330.15}{258,122.47,331.15}{259,122.86,332.15}{260,123.24,333.15}{261,123.62,334.15}{262,124.01,335.15}{263,124.39,336.15}{264,124.77,337.15}{265,125.17,338.15}{266,125.55,339.15}{267,125.93,340.15}{268,126.32,341.15}{269,126.7,342.15}{270,127.08,343.15}{271,127.46,344.15}{272,127.85,345.15}{273,128.23,346.15}{274,128.61,347.15}{275,128.99,348.15}{276,129.38,349.15}{277,129.76,350.15}{278,130.14,351.15}{279,130.52,352.15}{280,130.9,353.15}{281,131.28,354.15}{282,131.67,355.15}{283,132.05,356.15}{284,132.43,357.15}{285,132.81,358.15}{286,133.19,359.15}{287,133.57,360.15}{288,133.95,361.15}{289,134.33,362.15}{290,134.71,363.15}{291,135.09,364.15}{292,135.47,365.15}{293,135.85,366.15}{294,136.23,367.15}{295,136.61,368.15}{296,136.99,369.15}{297,137.37,370.15}{298,137.75,371.15}{299,138.13,372.15}{300,138.51,373.15}{301,138.89,374.15}{302,139.27,375.15}{303,139.65,376.15}{304,140.03,377.15}{305,140.39,378.15}{306,140.77,379.15}{307,141.15,380.15}{308,141.53,381.15}{309,141.91,382.15}{310,142.29,383.15}{311,142.66,384.15}{312,143.04,385.15}{313,143.42,386.15}{314,143.8,387.15}{315,144.18,388.15}{316,144.56,389.15}{317,144.94,390.15}{318,145.32,391.15}{319,145.69,392.15}{320,146.07,393.15}{321,146.45,394.15}{322,146.82,395.15}{323,147.2,396.15}{324,147.58,397.15}{325,147.95,398.15}{326,148.33,399.15}{327,148.71,400.15}{328,149.08,401.15}{329,149.46,402.15}{330,149.83,403.15}{331,150.21,404.15}{332,150.58,405.15}{333,150.96,406.15}{334,151.34,407.15}{335,151.71,408.15}{336,152.09,409.15}{337,152.46,410.15}{338,152.84,411.15}{339,153.21,412.15}{340,153.58,413.15}{341,153.95,414.15}{342,154.32,415.15}{343,154.71,416.15}{344,155.08,417.15}{345,155.46,418.15}{346,155.83,419.15}{347,156.21,420.15}{348,156.58,421.15}{349,156.96,422.15}{350,157.33,423.15}{351,157.71,424.15}{352,158.08,425.15}{353,158.45,426.15}{354,158.83,427.15}{355,159.2,428.15}{356,159.56,429.15}{357,159.94,430.15}{358,160.31,431.15}{359,160.68,432.15}{360,161.05,433.15}{361,161.43,434.15}{362,161.8,435.15}{363,162.17,436.15}{364,162.54,437.15}{365,162.91,438.15}{366,163.28,439.15}{367,163.66,440.15}{368,164.03,441.15}{369,164.4,442.15}{370,164.77,443.15}{371,165.14,444.15}{372,165.51,445.15}{373,165.88,446.15}{374,166.25,447.15}{375,166.62,448.15}{376,167,449.15}{377,167.37,450.15}{378,167.74,451.15}{379,168.11,452.15}{380,168.48,453.15}{381,168.85,454.15}{382,169.22,455.15}{383,169.59,456.15}{384,169.96,457.15}{385,170.33,458.15}{386,170.69,459.15}{387,171.06,460.15}{388,171.43,461.15}{389,171.8,462.15}{390,172.17,463.15}{391,172.54,464.15}{392,172.91,465.15}{393,173.27,466.15}{394,173.64,467.15}{395,174.01,468.15}{396,174.39,469.15}{397,174.75,470.15}{398,175.12,471.15}{399,175.49,472.15}{400,175.86,473.15}{401,176.23,474.15}{402,176.59,475.15}{403,176.96,476.15}{404,177.33,477.15}{405,177.7,478.15}{406,178.06,479.15}{407,178.43,480.15}{408,178.8,481.15}{409,179.16,482.15}{410,179.53,483.15}{411,179.9,484.15}{412,180.26,485.15}{413,180.63,486.15}{414,180.99,487.15}{415,181.36,488.15}{416,181.73,489.15}{417,182.09,490.15}{418,182.46,491.15}{419,182.82,492.15}{420,183.19,493.15}{421,183.55,494.15}{422,183.92,495.15}{423,184.28,496.15}{424,184.65,497.15}{425,185.01,498.15}{426,185.38,499.15}{427,185.74,500.15}{428,186.11,501.15}{429,186.47,502.15}{430,186.84,503.15}{431,187.2,504.15}{432,187.56,505.15}{433,187.93,506.15}{434,188.29,507.15}{435,188.65,508.15}{436,189.02,509.15}{437,189.38,510.15}{438,189.74,511.15}{439,190.11,512.15}{440,190.47,513.15}{441,190.83,514.15}{442,191.2,515.15}{443,191.56,516.15}{444,191.92,517.15}{445,192.28,518.15}{446,192.66,519.15}{447,193.02,520.15}{448,193.38,521.15}{449,193.74,522.15}{450,194.1,523.15}{451,194.47,524.15}{452,194.83,525.15}{453,195.19,526.15}{454,195.55,527.15}{455,195.9,528.15}{456,196.26,529.15}{457,196.62,530.15}{458,196.98,531.15}{459,197.35,532.15}{460,197.71,533.15}{461,198.07,534.15}{462,198.43,535.15}{463,198.79,536.15}{464,199.15,537.15}{465,199.51,538.15}{466,199.87,539.15}{467,200.23,540.15}{468,200.59,541.15}{469,200.95,542.15}{470,201.31,543.15}{471,201.67,544.15}{472,202.03,545.15}{473,202.38,546.15}{474,202.74,547.15}{475,203.1,548.15}{476,203.46,549.15}{477,203.82,550.15}{478,204.18,551.15}{479,204.54,552.15}{480,204.9,553.15}{481,205.25,554.15}{482,205.61,555.15}{483,205.97,556.15}{484,206.33,557.15}{485,206.7,558.15}{486,207.05,559.15}{487,207.41,560.15}{488,207.77,561.15}{489,208.13,562.15}{490,208.48,563.15}{491,208.84,564.15}{492,209.2,565.15}{493,209.55,566.15}{494,209.91,567.15}{495,210.27,568.15}{496,210.62,569.15}{497,210.98,570.15}{498,211.34,571.15}{499,211.69,572.15}{500,212.05,573.15}{501,212.4,574.15}{502,212.76,575.15}{503,213.12,576.15}{504,213.47,577.15}{505,213.83,578.15}{506,214.19,579.15}{507,214.55,580.15}{508,214.9,581.15}{509,215.26,582.15}{510,215.61,583.15}{511,215.97,584.15}{512,216.32,585.15}{513,216.68,586.15}{514,217.03,587.15}{515,217.39,588.15}{516,217.73,589.15}{517,218.08,590.15}{518,218.44,591.15}{519,218.79,592.15}{520,219.15,593.15}{521,219.5,594.15}{522,219.85,595.15}{523,220.21,596.15}{524,220.56,597.15}{525,220.91,598.15}{526,221.27,599.15}{527,221.62,600.15}{528,221.97,601.15}{529,222.32,602.15}{530,222.68,603.15}{531,223.03,604.15}{532,223.38,605.15}{533,223.73,606.15}{534,224.09,607.15}{535,224.45,608.15}{536,224.8,609.15}{537,225.15,610.15}{538,225.5,611.15}{539,225.85,612.15}{540,226.21,613.15}{541,226.56,614.15}{542,226.91,615.15}{543,227.26,616.15}{544,227.61,617.15}{545,227.96,618.15}{546,228.31,619.15}{547,228.66,620.15}{548,229.01,621.15}{549,229.36,622.15}{550,229.72,623.15}{551,230.07,624.15}{552,230.42,625.15}{553,230.77,626.15}{554,231.12,627.15}{555,231.47,628.15}{556,231.81,629.15}{557,232.16,630.15}{558,232.51,631.15}{559,232.86,632.15}{560,233.21,633.15}{561,233.56,634.15}{562,233.91,635.15}{563,234.26,636.15}{564,234.6,637.15}{565,234.95,638.15}{566,235.3,639.15}{567,235.65,640.15}{568,236,641.15}{569,236.35,642.15}{570,236.7,643.15}{571,237.05,644.15}{572,237.4,645.15}{573,237.75,646.15}{574,238.09,647.15}{575,238.44,648.15}{576,238.79,649.15}{577,239.14,650.15}{578,239.48,651.15}{579,239.83,652.15}{580,240.18,653.15}{581,240.52,654.15}{582,240.87,655.15}{583,241.22,656.15}{584,241.56,657.15}{585,241.91,658.15}{586,242.25,659.15}{587,242.6,660.15}{588,242.95,661.15}{589,243.29,662.15}{590,243.64,663.15}{591,243.98,664.15}{592,244.33,665.15}{593,244.67,666.15}{594,245.02,667.15}{595,245.36,668.15}{596,245.71,669.15}{597,246.05,670.15}{598,246.4,671.15}{599,246.74,672.15}{600,247.09,673.15}{601,247.43,674.15}{602,247.78,675.15}{603,248.12,676.15}{604,248.46,677.15}{605,248.81,678.15}{606,249.15,679.15}{607,249.5,680.15}{608,249.84,681.15}{609,250.18,682.15}{610,250.53,683.15}{611,250.89,684.15}{612,251.21,685.15}{613,251.55,686.15}{614,251.9,687.15}{615,252.24,688.15}{616,252.59,689.15}{617,252.94,690.15}{618,253.28,691.15}{619,253.62,692.15}{620,253.96,693.15}{621,254.3,694.15}{622,254.65,695.15}{623,254.99,696.15}{624,255.33,697.15}{625,255.67,698.15}{626,256.01,699.15}{627,256.35,700.15}{628,256.7,701.15}{629,257.04,702.15}{630,257.38,703.15}{631,257.72,704.15}{632,258.06,705.15}{633,258.4,706.15}{634,258.74,707.15}{635,259.08,708.15}{636,259.42,709.15}{637,259.76,710.15}{638,260.1,711.15}{639,260.44,712.15}{640,260.78,713.15}{641,261.12,714.15}{642,261.46,715.15}{643,261.8,716.15}{644,262.14,717.15}{645,262.48,718.15}{646,262.83,719.15}{647,263.17,720.15}{648,263.5,721.15}{649,263.84,722.15}{650,264.18,723.15}{651,264.52,724.15}{652,264.86,725.15}{653,265.2,726.15}{654,265.54,727.15}{655,265.87,728.15}{656,266.21,729.15}{657,266.55,730.15}{658,266.89,731.15}{659,267.22,732.15}{660,267.56,733.15}{661,267.9,734.15}{662,268.24,735.15}{663,268.57,736.15}{664,268.91,737.15}{665,269.25,738.15}{666,269.58,739.15}{667,269.92,740.15}{668,270.26,741.15}{669,270.59,742.15}{670,270.93,743.15}{671,271.27,744.15}{672,271.6,745.15}{673,271.94,746.15}{674,272.27,747.15}{675,272.61,748.15}{676,272.95,749.15}{677,273.28,750.15}{678,273.62,751.15}{679,273.95,752.15}{680,274.29,753.15}{681,274.62,754.15}{682,274.96,755.15}{683,275.29,756.15}{684,275.63,757.15}{685,275.96,758.15}{686,276.31,759.15}{687,276.64,760.15}{688,276.97,761.15}{689,277.31,762.15}{690,277.64,763.15}{691,277.98,764.15}{692,278.31,765.15}{693,278.64,766.15}{694,278.98,767.15}{695,279.31,768.15}{696,279.64,769.15}{697,279.98,770.15}{698,280.31,771.15}{699,280.64,772.15}{700,280.98,773.15}{701,281.31,774.15}{702,281.64,775.15}{703,281.97,776.15}{704,282.31,777.15}{705,282.64,778.15}{706,282.97,779.15}{707,283.3,780.15}{708,283.63,781.15}{709,283.97,782.15}{710,284.3,783.15}{711,284.63,784.15}{712,284.96,785.15}{713,285.29,786.15}{714,285.62,787.15}{715,285.95,788.15}{716,286.3,789.15}{717,286.63,790.15}{718,286.96,791.15}{719,287.29,792.15}{720,287.62,793.15}{721,287.95,794.15}{722,288.28,795.15}{723,288.61,796.15}{724,288.94,797.15}{725,289.27,798.15}{726,289.6,799.15}{727,289.93,800.15}{728,290.26,801.15}{729,290.59,802.15}{730,290.92,803.15}{731,291.25,804.15}{732,291.58,805.15}{733,291.9,806.15}{734,292.23,807.15}{735,292.56,808.15}{736,292.9,809.15}{737,293.23,810.15}{738,293.56,811.15}{739,293.89,812.15}{740,294.21,813.15}{741,294.54,814.15}{742,294.87,815.15}{743,295.2,816.15}{744,295.53,817.15}{745,295.85,818.15}{746,296.18,819.15}{747,296.51,820.15}{748,296.84,821.15}{749,297.16,822.15}{750,297.49,823.15}{751,297.82,824.15}{752,298.14,825.15}{753,298.47,826.15}{754,298.8,827.15}{755,299.12,828.15}{756,299.45,829.15}{757,299.78,830.15}{758,300.1,831.15}{759,300.43,832.15}{760,300.75,833.15}{761,301.08,834.15}{762,301.41,835.15}{763,301.73,836.15}{764,302.06,837.15}{765,302.38,838.15}{766,302.71,839.15}{767,303.03,840.15}{768,303.36,841.15}{769,303.68,842.15}{770,304.01,843.15}{771,304.33,844.15}{772,304.66,845.15}{773,304.98,846.15}{774,305.3,847.15}{775,305.63,848.15}{776,305.95,849.15}{777,306.28,850.15}{778,306.6,851.15}{779,306.92,852.15}{780,307.25,853.15}{781,307.57,854.15}{782,307.89,855.15}{783,308.22,856.15}{784,308.54,857.15}{785,308.86,858.15}{786,309.19,859.15}{787,309.51,860.15}{788,309.83,861.15}{789,310.15,862.15}{790,310.48,863.15}{791,310.8,864.15}{792,311.12,865.15}{793,311.45,866.15}{794,311.78,867.15}{795,312.1,868.15}{796,312.43,869.15}{797,312.75,870.15}{798,313.07,871.15}{799,313.39,872.15}{800,313.71,873.15}{801,314.04,874.15}{802,314.36,875.15}{803,314.68,876.15}{804,315,877.15}{805,315.32,878.15}{806,315.64,879.15}{807,315.96,880.15}{808,316.28,881.15}{809,316.6,882.15}{810,316.92,883.15}{811,317.24,884.15}{812,317.56,885.15}{813,317.88,886.15}{814,318.2,887.15}{815,318.52,888.15}{816,318.85,889.15}{817,319.17,890.15}{818,319.49,891.15}{819,319.81,892.15}{820,320.12,893.15}{821,320.44,894.15}{822,320.76,895.15}{823,321.08,896.15}{824,321.4,897.15}{825,321.72,898.15}{826,322.03,899.15}{827,322.34,900.15}{828,322.66,901.15}{829,322.98,902.15}{830,323.3,903.15}{831,323.61,904.15}{832,323.93,905.15}{833,324.25,906.15}{834,324.57,907.15}{835,324.88,908.15}{836,325.21,909.15}{837,325.53,910.15}{838,325.85,911.15}{839,326.16,912.15}{840,326.48,913.15}{841,326.79,914.15}{842,327.11,915.15}{843,327.43,916.15}{844,327.74,917.15}{845,328.06,918.15}{846,328.38,919.15}{847,328.69,920.15}{848,329.01,921.15}{849,329.32,922.15}{850,329.64,923.15}{851,329.95,924.15}{852,330.27,925.15}{853,330.58,926.15}{854,330.9,927.15}{855,331.21,928.15}{856,331.53,929.15}{857,331.84,930.15}{858,332.16,931.15}{859,332.47,932.15}{860,332.79,933.15}{861,333.1,934.15}{862,333.41,935.15}{863,333.73,936.15}{864,334.04,937.15}{865,334.36,938.15}{866,334.68,939.15}{867,334.99,940.15}{868,335.31,941.15}{869,335.62,942.15}{870,335.93,943.15}{871,336.25,944.15}{872,336.56,945.15}{873,336.87,946.15}{874,337.18,947.15}{875,337.5,948.15}{876,337.81,949.15}{877,338.12,950.15}{878,338.43,951.15}{879,338.75,952.15}{880,339.06,953.15}{881,339.37,954.15}{882,339.68,955.15}{883,339.99,956.15}{884,340.3,957.15}{885,340.62,958.15}{886,340.94,959.15}{887,341.25,960.15}{888,341.55,961.15}{889,341.87,962.15}{890,342.18,963.15}{891,342.49,964.15}{892,342.8,965.15}{893,343.11,966.15}{894,343.42,967.15}{895,343.73,968.15}{896,344.04,969.15}{897,344.35,970.15}{898,344.66,971.15}{899,344.97,972.15}{900,345.28,973.15}{901,345.59,974.15}{902,345.9,975.15}{903,346.21,976.15}{904,346.52,977.15}{905,346.83,978.15}{906,347.15,979.15}{907,347.46,980.15}{908,347.76,981.15}{909,348.07,982.15}{910,348.38,983.15}{911,348.69,984.15}{912,349,985.15}{913,349.31,986.15}{914,349.61,987.15}{915,349.92,988.15}{916,350.23,989.15}{917,350.54,990.15}{918,350.85,991.15}{919,351.15,992.15}{920,351.46,993.15}{921,351.77,994.15}{922,352.07,995.15}{923,352.38,996.15}{924,352.69,997.15}{925,352.99,998.15}{926,353.3,999.15}{927,353.61,1000.15}{928,353.91,1001.15}{929,354.22,1002.15}{930,354.53,1003.15}{931,354.83,1004.15}{932,355.14,1005.15}{933,355.44,1006.15}{934,355.75,1007.15}{935,356.06,1008.15}{936,356.37,1009.15}{937,356.68,1010.15}{938,356.98,1011.15}{939,357.29,1012.15}{940,357.59,1013.15}{941,357.9,1014.15}{942,358.2,1015.15}{943,358.51,1016.15}{944,358.81,1017.15}{945,359.12,1018.15}{946,359.42,1019.15}{947,359.72,1020.15}{948,360.03,1021.15}{949,360.33,1022.15}{950,360.64,1023.15}{951,360.94,1024.15}{952,361.24,1025.15}{953,361.55,1026.15}{954,361.85,1027.15}{955,362.15,1028.15}{956,362.46,1029.15}{957,362.76,1030.15}{958,363.06,1031.15}{959,363.36,1032.15}{960,363.67,1033.15}{961,363.97,1034.15}{962,364.27,1035.15}{963,364.57,1036.15}{964,364.88,1037.15}{965,365.18,1038.15}{966,365.49,1039.15}{967,365.79,1040.15}{968,366.09,1041.15}{969,366.4,1042.15}{970,366.7,1043.15}{971,367,1044.15}{972,367.3,1045.15}{973,367.6,1046.15}{974,367.9,1047.15}{975,368.2,1048.15}{976,368.5,1049.15}{977,368.81,1050.15}{978,369.11,1051.15}{979,369.41,1052.15}{980,369.71,1053.15}{981,370.01,1054.15}{982,370.31,1055.15}{983,370.61,1056.15}{984,370.91,1057.15}{985,371.21,1058.15}{986,371.52,1059.15}{987,371.82,1060.15}{988,372.12,1061.15}{989,372.41,1062.15}{990,372.71,1063.15}{991,373.01,1064.15}{992,373.31,1065.15}{993,373.61,1066.15}{994,373.91,1067.15}{995,374.21,1068.15}{996,374.51,1069.15}{997,374.8,1070.15}{998,375.1,1071.15}{999,375.4,1072.15}{1000,375.7,1073.15}{1001,376,1074.15}{1002,376.29,1075.15}{1003,376.59,1076.15}{1004,376.89,1077.15}{1005,377.19,1078.15}{1006,377.49,1079.15}{1007,377.79,1080.15}{1008,378.09,1081.15}{1009,378.39,1082.15}{1010,378.68,1083.15}{1011,378.98,1084.15}{1012,379.28,1085.15}{1013,379.57,1086.15}{1014,379.87,1087.15}{1015,380.17,1088.15}{1016,380.46,1089.15}{1017,380.76,1090.15}{1018,381.05,1091.15}{1019,381.35,1092.15}{1020,381.65,1093.15}{1021,381.94,1094.15}{1022,382.24,1095.15}{1023,382.53,1096.15}{1024,382.83,1097.15}{1025,383.12,1098.15}{1026,383.42,1099.15}{1027,383.71,1100.15}{1028,384.01,1101.15}{1029,384.3,1102.15}{1030,384.6,1103.15}{1031,384.89,1104.15}{1032,385.18,1105.15}{1033,385.48,1106.15}{1034,385.77,1107.15}{1035,386.07,1108.15}{1036,386.37,1109.15}{1037,386.66,1110.15}{1038,386.96,1111.15}{1039,387.25,1112.15}{1040,387.55,1113.15}{1041,387.84,1114.15}{1042,388.13,1115.15}{1043,388.42,1116.15}{1044,388.72,1117.15}{1045,389.01,1118.15}{1046,389.31,1119.15}{1047,389.61,1120.15}{1048,389.9,1121.15}{1049,390.19,1122.15}{1050,390.48,1123.15}&quot;"/>
                                                <instance name="dev01/Config/ch00005/RTDWireScheme" order="0" value="4"/>
                                                <instance name="dev01/Config/ch00008/Calibration_Sensor_Curve" order="0" value="&quot;{0,18.52,73.15}{1,18.96,74.15}{2,19.39,75.15}{3,19.82,76.15}{4,20.25,77.15}{5,20.68,78.15}{6,21.11,79.15}{7,21.54,80.15}{8,21.97,81.15}{9,22.4,82.15}{10,22.83,83.15}{11,23.26,84.15}{12,23.69,85.15}{13,24.12,86.15}{14,24.55,87.15}{15,24.97,88.15}{16,25.39,89.15}{17,25.82,90.15}{18,26.25,91.15}{19,26.67,92.15}{20,27.1,93.15}{21,27.52,94.15}{22,27.95,95.15}{23,28.37,96.15}{24,28.8,97.15}{25,29.22,98.15}{26,29.65,99.15}{27,30.07,100.15}{28,30.49,101.15}{29,30.92,102.15}{30,31.34,103.15}{31,31.76,104.15}{32,32.18,105.15}{33,32.61,106.15}{34,33.03,107.15}{35,33.45,108.15}{36,33.86,109.15}{37,34.28,110.15}{38,34.7,111.15}{39,35.12,112.15}{40,35.54,113.15}{41,35.96,114.15}{42,36.38,115.15}{43,36.8,116.15}{44,37.22,117.15}{45,37.63,118.15}{46,38.05,119.15}{47,38.47,120.15}{48,38.89,121.15}{49,39.31,122.15}{50,39.72,123.15}{51,40.14,124.15}{52,40.56,125.15}{53,40.97,126.15}{54,41.39,127.15}{55,41.8,128.15}{56,42.22,129.15}{57,42.64,130.15}{58,43.05,131.15}{59,43.46,132.15}{60,43.88,133.15}{61,44.29,134.15}{62,44.71,135.15}{63,45.12,136.15}{64,45.53,137.15}{65,45.95,138.15}{66,46.35,139.15}{67,46.76,140.15}{68,47.18,141.15}{69,47.59,142.15}{70,48,143.15}{71,48.41,144.15}{72,48.82,145.15}{73,49.23,146.15}{74,49.64,147.15}{75,50.06,148.15}{76,50.47,149.15}{77,50.88,150.15}{78,51.29,151.15}{79,51.7,152.15}{80,52.11,153.15}{81,52.52,154.15}{82,52.92,155.15}{83,53.33,156.15}{84,53.74,157.15}{85,54.15,158.15}{86,54.56,159.15}{87,54.97,160.15}{88,55.38,161.15}{89,55.78,162.15}{90,56.19,163.15}{91,56.6,164.15}{92,57,165.15}{93,57.41,166.15}{94,57.82,167.15}{95,58.22,168.15}{96,58.63,169.15}{97,59.04,170.15}{98,59.44,171.15}{99,59.85,172.15}{100,60.26,173.15}{101,60.67,174.15}{102,61.07,175.15}{103,61.48,176.15}{104,61.87,177.15}{105,62.29,178.15}{106,62.69,179.15}{107,63.1,180.15}{108,63.5,181.15}{109,63.91,182.15}{110,64.3,183.15}{111,64.7,184.15}{112,65.11,185.15}{113,65.51,186.15}{114,65.91,187.15}{115,66.31,188.15}{116,66.72,189.15}{117,67.12,190.15}{118,67.52,191.15}{119,67.92,192.15}{120,68.33,193.15}{121,68.73,194.15}{122,69.13,195.15}{123,69.53,196.15}{124,69.93,197.15}{125,70.33,198.15}{126,70.73,199.15}{127,71.13,200.15}{128,71.53,201.15}{129,71.93,202.15}{130,72.33,203.15}{131,72.73,204.15}{132,73.13,205.15}{133,73.53,206.15}{134,73.93,207.15}{135,74.33,208.15}{136,74.73,209.15}{137,75.13,210.15}{138,75.53,211.15}{139,75.93,212.15}{140,76.33,213.15}{141,76.73,214.15}{142,77.13,215.15}{143,77.52,216.15}{144,77.92,217.15}{145,78.32,218.15}{146,78.72,219.15}{147,79.11,220.15}{148,79.51,221.15}{149,79.91,222.15}{150,80.31,223.15}{151,80.7,224.15}{152,81.1,225.15}{153,81.5,226.15}{154,81.89,227.15}{155,82.29,228.15}{156,82.69,229.15}{157,83.08,230.15}{158,83.48,231.15}{159,83.88,232.15}{160,84.27,233.15}{161,84.67,234.15}{162,85.06,235.15}{163,85.46,236.15}{164,85.85,237.15}{165,86.25,238.15}{166,86.64,239.15}{167,87.04,240.15}{168,87.43,241.15}{169,87.83,242.15}{170,88.22,243.15}{171,88.62,244.15}{172,89.01,245.15}{173,89.4,246.15}{174,89.8,247.15}{175,90.19,248.15}{176,90.59,249.15}{177,90.98,250.15}{178,91.37,251.15}{179,91.77,252.15}{180,92.16,253.15}{181,92.55,254.15}{182,92.95,255.15}{183,93.34,256.15}{184,93.73,257.15}{185,94.12,258.15}{186,94.52,259.15}{187,94.91,260.15}{188,95.3,261.15}{189,95.69,262.15}{190,96.09,263.15}{191,96.48,264.15}{192,96.87,265.15}{193,97.26,266.15}{194,97.65,267.15}{195,98.04,268.15}{196,98.44,269.15}{197,98.83,270.15}{198,99.22,271.15}{199,99.61,272.15}{200,100,273.15}{201,100.39,274.15}{202,100.78,275.15}{203,101.17,276.15}{204,101.56,277.15}{205,101.95,278.15}{206,102.34,279.15}{207,102.73,280.15}{208,103.12,281.15}{209,103.51,282.15}{210,103.9,283.15}{211,104.29,284.15}{212,104.68,285.15}{213,105.07,286.15}{214,105.46,287.15}{215,105.85,288.15}{216,106.24,289.15}{217,106.63,290.15}{218,107.02,291.15}{219,107.4,292.15}{220,107.79,293.15}{221,108.18,294.15}{222,108.57,295.15}{223,108.96,296.15}{224,109.35,297.15}{225,109.73,298.15}{226,110.12,299.15}{227,110.51,300.15}{228,110.9,301.15}{229,111.28,302.15}{230,111.67,303.15}{231,112.06,304.15}{232,112.45,305.15}{233,112.83,306.15}{234,113.22,307.15}{235,113.61,308.15}{236,113.99,309.15}{237,114.38,310.15}{238,114.77,311.15}{239,115.15,312.15}{240,115.54,313.15}{241,115.93,314.15}{242,116.31,315.15}{243,116.7,316.15}{244,117.08,317.15}{245,117.47,318.15}{246,117.85,319.15}{247,118.24,320.15}{248,118.62,321.15}{249,119.01,322.15}{250,119.4,323.15}{251,119.78,324.15}{252,120.16,325.15}{253,120.55,326.15}{254,120.93,327.15}{255,121.32,328.15}{256,121.7,329.15}{257,122.09,330.15}{258,122.47,331.15}{259,122.86,332.15}{260,123.24,333.15}{261,123.62,334.15}{262,124.01,335.15}{263,124.39,336.15}{264,124.77,337.15}{265,125.17,338.15}{266,125.55,339.15}{267,125.93,340.15}{268,126.32,341.15}{269,126.7,342.15}{270,127.08,343.15}{271,127.46,344.15}{272,127.85,345.15}{273,128.23,346.15}{274,128.61,347.15}{275,128.99,348.15}{276,129.38,349.15}{277,129.76,350.15}{278,130.14,351.15}{279,130.52,352.15}{280,130.9,353.15}{281,131.28,354.15}{282,131.67,355.15}{283,132.05,356.15}{284,132.43,357.15}{285,132.81,358.15}{286,133.19,359.15}{287,133.57,360.15}{288,133.95,361.15}{289,134.33,362.15}{290,134.71,363.15}{291,135.09,364.15}{292,135.47,365.15}{293,135.85,366.15}{294,136.23,367.15}{295,136.61,368.15}{296,136.99,369.15}{297,137.37,370.15}{298,137.75,371.15}{299,138.13,372.15}{300,138.51,373.15}{301,138.89,374.15}{302,139.27,375.15}{303,139.65,376.15}{304,140.03,377.15}{305,140.39,378.15}{306,140.77,379.15}{307,141.15,380.15}{308,141.53,381.15}{309,141.91,382.15}{310,142.29,383.15}{311,142.66,384.15}{312,143.04,385.15}{313,143.42,386.15}{314,143.8,387.15}{315,144.18,388.15}{316,144.56,389.15}{317,144.94,390.15}{318,145.32,391.15}{319,145.69,392.15}{320,146.07,393.15}{321,146.45,394.15}{322,146.82,395.15}{323,147.2,396.15}{324,147.58,397.15}{325,147.95,398.15}{326,148.33,399.15}{327,148.71,400.15}{328,149.08,401.15}{329,149.46,402.15}{330,149.83,403.15}{331,150.21,404.15}{332,150.58,405.15}{333,150.96,406.15}{334,151.34,407.15}{335,151.71,408.15}{336,152.09,409.15}{337,152.46,410.15}{338,152.84,411.15}{339,153.21,412.15}{340,153.58,413.15}{341,153.95,414.15}{342,154.32,415.15}{343,154.71,416.15}{344,155.08,417.15}{345,155.46,418.15}{346,155.83,419.15}{347,156.21,420.15}{348,156.58,421.15}{349,156.96,422.15}{350,157.33,423.15}{351,157.71,424.15}{352,158.08,425.15}{353,158.45,426.15}{354,158.83,427.15}{355,159.2,428.15}{356,159.56,429.15}{357,159.94,430.15}{358,160.31,431.15}{359,160.68,432.15}{360,161.05,433.15}{361,161.43,434.15}{362,161.8,435.15}{363,162.17,436.15}{364,162.54,437.15}{365,162.91,438.15}{366,163.28,439.15}{367,163.66,440.15}{368,164.03,441.15}{369,164.4,442.15}{370,164.77,443.15}{371,165.14,444.15}{372,165.51,445.15}{373,165.88,446.15}{374,166.25,447.15}{375,166.62,448.15}{376,167,449.15}{377,167.37,450.15}{378,167.74,451.15}{379,168.11,452.15}{380,168.48,453.15}{381,168.85,454.15}{382,169.22,455.15}{383,169.59,456.15}{384,169.96,457.15}{385,170.33,458.15}{386,170.69,459.15}{387,171.06,460.15}{388,171.43,461.15}{389,171.8,462.15}{390,172.17,463.15}{391,172.54,464.15}{392,172.91,465.15}{393,173.27,466.15}{394,173.64,467.15}{395,174.01,468.15}{396,174.39,469.15}{397,174.75,470.15}{398,175.12,471.15}{399,175.49,472.15}{400,175.86,473.15}{401,176.23,474.15}{402,176.59,475.15}{403,176.96,476.15}{404,177.33,477.15}{405,177.7,478.15}{406,178.06,479.15}{407,178.43,480.15}{408,178.8,481.15}{409,179.16,482.15}{410,179.53,483.15}{411,179.9,484.15}{412,180.26,485.15}{413,180.63,486.15}{414,180.99,487.15}{415,181.36,488.15}{416,181.73,489.15}{417,182.09,490.15}{418,182.46,491.15}{419,182.82,492.15}{420,183.19,493.15}{421,183.55,494.15}{422,183.92,495.15}{423,184.28,496.15}{424,184.65,497.15}{425,185.01,498.15}{426,185.38,499.15}{427,185.74,500.15}{428,186.11,501.15}{429,186.47,502.15}{430,186.84,503.15}{431,187.2,504.15}{432,187.56,505.15}{433,187.93,506.15}{434,188.29,507.15}{435,188.65,508.15}{436,189.02,509.15}{437,189.38,510.15}{438,189.74,511.15}{439,190.11,512.15}{440,190.47,513.15}{441,190.83,514.15}{442,191.2,515.15}{443,191.56,516.15}{444,191.92,517.15}{445,192.28,518.15}{446,192.66,519.15}{447,193.02,520.15}{448,193.38,521.15}{449,193.74,522.15}{450,194.1,523.15}{451,194.47,524.15}{452,194.83,525.15}{453,195.19,526.15}{454,195.55,527.15}{455,195.9,528.15}{456,196.26,529.15}{457,196.62,530.15}{458,196.98,531.15}{459,197.35,532.15}{460,197.71,533.15}{461,198.07,534.15}{462,198.43,535.15}{463,198.79,536.15}{464,199.15,537.15}{465,199.51,538.15}{466,199.87,539.15}{467,200.23,540.15}{468,200.59,541.15}{469,200.95,542.15}{470,201.31,543.15}{471,201.67,544.15}{472,202.03,545.15}{473,202.38,546.15}{474,202.74,547.15}{475,203.1,548.15}{476,203.46,549.15}{477,203.82,550.15}{478,204.18,551.15}{479,204.54,552.15}{480,204.9,553.15}{481,205.25,554.15}{482,205.61,555.15}{483,205.97,556.15}{484,206.33,557.15}{485,206.7,558.15}{486,207.05,559.15}{487,207.41,560.15}{488,207.77,561.15}{489,208.13,562.15}{490,208.48,563.15}{491,208.84,564.15}{492,209.2,565.15}{493,209.55,566.15}{494,209.91,567.15}{495,210.27,568.15}{496,210.62,569.15}{497,210.98,570.15}{498,211.34,571.15}{499,211.69,572.15}{500,212.05,573.15}{501,212.4,574.15}{502,212.76,575.15}{503,213.12,576.15}{504,213.47,577.15}{505,213.83,578.15}{506,214.19,579.15}{507,214.55,580.15}{508,214.9,581.15}{509,215.26,582.15}{510,215.61,583.15}{511,215.97,584.15}{512,216.32,585.15}{513,216.68,586.15}{514,217.03,587.15}{515,217.39,588.15}{516,217.73,589.15}{517,218.08,590.15}{518,218.44,591.15}{519,218.79,592.15}{520,219.15,593.15}{521,219.5,594.15}{522,219.85,595.15}{523,220.21,596.15}{524,220.56,597.15}{525,220.91,598.15}{526,221.27,599.15}{527,221.62,600.15}{528,221.97,601.15}{529,222.32,602.15}{530,222.68,603.15}{531,223.03,604.15}{532,223.38,605.15}{533,223.73,606.15}{534,224.09,607.15}{535,224.45,608.15}{536,224.8,609.15}{537,225.15,610.15}{538,225.5,611.15}{539,225.85,612.15}{540,226.21,613.15}{541,226.56,614.15}{542,226.91,615.15}{543,227.26,616.15}{544,227.61,617.15}{545,227.96,618.15}{546,228.31,619.15}{547,228.66,620.15}{548,229.01,621.15}{549,229.36,622.15}{550,229.72,623.15}{551,230.07,624.15}{552,230.42,625.15}{553,230.77,626.15}{554,231.12,627.15}{555,231.47,628.15}{556,231.81,629.15}{557,232.16,630.15}{558,232.51,631.15}{559,232.86,632.15}{560,233.21,633.15}{561,233.56,634.15}{562,233.91,635.15}{563,234.26,636.15}{564,234.6,637.15}{565,234.95,638.15}{566,235.3,639.15}{567,235.65,640.15}{568,236,641.15}{569,236.35,642.15}{570,236.7,643.15}{571,237.05,644.15}{572,237.4,645.15}{573,237.75,646.15}{574,238.09,647.15}{575,238.44,648.15}{576,238.79,649.15}{577,239.14,650.15}{578,239.48,651.15}{579,239.83,652.15}{580,240.18,653.15}{581,240.52,654.15}{582,240.87,655.15}{583,241.22,656.15}{584,241.56,657.15}{585,241.91,658.15}{586,242.25,659.15}{587,242.6,660.15}{588,242.95,661.15}{589,243.29,662.15}{590,243.64,663.15}{591,243.98,664.15}{592,244.33,665.15}{593,244.67,666.15}{594,245.02,667.15}{595,245.36,668.15}{596,245.71,669.15}{597,246.05,670.15}{598,246.4,671.15}{599,246.74,672.15}{600,247.09,673.15}{601,247.43,674.15}{602,247.78,675.15}{603,248.12,676.15}{604,248.46,677.15}{605,248.81,678.15}{606,249.15,679.15}{607,249.5,680.15}{608,249.84,681.15}{609,250.18,682.15}{610,250.53,683.15}{611,250.89,684.15}{612,251.21,685.15}{613,251.55,686.15}{614,251.9,687.15}{615,252.24,688.15}{616,252.59,689.15}{617,252.94,690.15}{618,253.28,691.15}{619,253.62,692.15}{620,253.96,693.15}{621,254.3,694.15}{622,254.65,695.15}{623,254.99,696.15}{624,255.33,697.15}{625,255.67,698.15}{626,256.01,699.15}{627,256.35,700.15}{628,256.7,701.15}{629,257.04,702.15}{630,257.38,703.15}{631,257.72,704.15}{632,258.06,705.15}{633,258.4,706.15}{634,258.74,707.15}{635,259.08,708.15}{636,259.42,709.15}{637,259.76,710.15}{638,260.1,711.15}{639,260.44,712.15}{640,260.78,713.15}{641,261.12,714.15}{642,261.46,715.15}{643,261.8,716.15}{644,262.14,717.15}{645,262.48,718.15}{646,262.83,719.15}{647,263.17,720.15}{648,263.5,721.15}{649,263.84,722.15}{650,264.18,723.15}{651,264.52,724.15}{652,264.86,725.15}{653,265.2,726.15}{654,265.54,727.15}{655,265.87,728.15}{656,266.21,729.15}{657,266.55,730.15}{658,266.89,731.15}{659,267.22,732.15}{660,267.56,733.15}{661,267.9,734.15}{662,268.24,735.15}{663,268.57,736.15}{664,268.91,737.15}{665,269.25,738.15}{666,269.58,739.15}{667,269.92,740.15}{668,270.26,741.15}{669,270.59,742.15}{670,270.93,743.15}{671,271.27,744.15}{672,271.6,745.15}{673,271.94,746.15}{674,272.27,747.15}{675,272.61,748.15}{676,272.95,749.15}{677,273.28,750.15}{678,273.62,751.15}{679,273.95,752.15}{680,274.29,753.15}{681,274.62,754.15}{682,274.96,755.15}{683,275.29,756.15}{684,275.63,757.15}{685,275.96,758.15}{686,276.31,759.15}{687,276.64,760.15}{688,276.97,761.15}{689,277.31,762.15}{690,277.64,763.15}{691,277.98,764.15}{692,278.31,765.15}{693,278.64,766.15}{694,278.98,767.15}{695,279.31,768.15}{696,279.64,769.15}{697,279.98,770.15}{698,280.31,771.15}{699,280.64,772.15}{700,280.98,773.15}{701,281.31,774.15}{702,281.64,775.15}{703,281.97,776.15}{704,282.31,777.15}{705,282.64,778.15}{706,282.97,779.15}{707,283.3,780.15}{708,283.63,781.15}{709,283.97,782.15}{710,284.3,783.15}{711,284.63,784.15}{712,284.96,785.15}{713,285.29,786.15}{714,285.62,787.15}{715,285.95,788.15}{716,286.3,789.15}{717,286.63,790.15}{718,286.96,791.15}{719,287.29,792.15}{720,287.62,793.15}{721,287.95,794.15}{722,288.28,795.15}{723,288.61,796.15}{724,288.94,797.15}{725,289.27,798.15}{726,289.6,799.15}{727,289.93,800.15}{728,290.26,801.15}{729,290.59,802.15}{730,290.92,803.15}{731,291.25,804.15}{732,291.58,805.15}{733,291.9,806.15}{734,292.23,807.15}{735,292.56,808.15}{736,292.9,809.15}{737,293.23,810.15}{738,293.56,811.15}{739,293.89,812.15}{740,294.21,813.15}{741,294.54,814.15}{742,294.87,815.15}{743,295.2,816.15}{744,295.53,817.15}{745,295.85,818.15}{746,296.18,819.15}{747,296.51,820.15}{748,296.84,821.15}{749,297.16,822.15}{750,297.49,823.15}{751,297.82,824.15}{752,298.14,825.15}{753,298.47,826.15}{754,298.8,827.15}{755,299.12,828.15}{756,299.45,829.15}{757,299.78,830.15}{758,300.1,831.15}{759,300.43,832.15}{760,300.75,833.15}{761,301.08,834.15}{762,301.41,835.15}{763,301.73,836.15}{764,302.06,837.15}{765,302.38,838.15}{766,302.71,839.15}{767,303.03,840.15}{768,303.36,841.15}{769,303.68,842.15}{770,304.01,843.15}{771,304.33,844.15}{772,304.66,845.15}{773,304.98,846.15}{774,305.3,847.15}{775,305.63,848.15}{776,305.95,849.15}{777,306.28,850.15}{778,306.6,851.15}{779,306.92,852.15}{780,307.25,853.15}{781,307.57,854.15}{782,307.89,855.15}{783,308.22,856.15}{784,308.54,857.15}{785,308.86,858.15}{786,309.19,859.15}{787,309.51,860.15}{788,309.83,861.15}{789,310.15,862.15}{790,310.48,863.15}{791,310.8,864.15}{792,311.12,865.15}{793,311.45,866.15}{794,311.78,867.15}{795,312.1,868.15}{796,312.43,869.15}{797,312.75,870.15}{798,313.07,871.15}{799,313.39,872.15}{800,313.71,873.15}{801,314.04,874.15}{802,314.36,875.15}{803,314.68,876.15}{804,315,877.15}{805,315.32,878.15}{806,315.64,879.15}{807,315.96,880.15}{808,316.28,881.15}{809,316.6,882.15}{810,316.92,883.15}{811,317.24,884.15}{812,317.56,885.15}{813,317.88,886.15}{814,318.2,887.15}{815,318.52,888.15}{816,318.85,889.15}{817,319.17,890.15}{818,319.49,891.15}{819,319.81,892.15}{820,320.12,893.15}{821,320.44,894.15}{822,320.76,895.15}{823,321.08,896.15}{824,321.4,897.15}{825,321.72,898.15}{826,322.03,899.15}{827,322.34,900.15}{828,322.66,901.15}{829,322.98,902.15}{830,323.3,903.15}{831,323.61,904.15}{832,323.93,905.15}{833,324.25,906.15}{834,324.57,907.15}{835,324.88,908.15}{836,325.21,909.15}{837,325.53,910.15}{838,325.85,911.15}{839,326.16,912.15}{840,326.48,913.15}{841,326.79,914.15}{842,327.11,915.15}{843,327.43,916.15}{844,327.74,917.15}{845,328.06,918.15}{846,328.38,919.15}{847,328.69,920.15}{848,329.01,921.15}{849,329.32,922.15}{850,329.64,923.15}{851,329.95,924.15}{852,330.27,925.15}{853,330.58,926.15}{854,330.9,927.15}{855,331.21,928.15}{856,331.53,929.15}{857,331.84,930.15}{858,332.16,931.15}{859,332.47,932.15}{860,332.79,933.15}{861,333.1,934.15}{862,333.41,935.15}{863,333.73,936.15}{864,334.04,937.15}{865,334.36,938.15}{866,334.68,939.15}{867,334.99,940.15}{868,335.31,941.15}{869,335.62,942.15}{870,335.93,943.15}{871,336.25,944.15}{872,336.56,945.15}{873,336.87,946.15}{874,337.18,947.15}{875,337.5,948.15}{876,337.81,949.15}{877,338.12,950.15}{878,338.43,951.15}{879,338.75,952.15}{880,339.06,953.15}{881,339.37,954.15}{882,339.68,955.15}{883,339.99,956.15}{884,340.3,957.15}{885,340.62,958.15}{886,340.94,959.15}{887,341.25,960.15}{888,341.55,961.15}{889,341.87,962.15}{890,342.18,963.15}{891,342.49,964.15}{892,342.8,965.15}{893,343.11,966.15}{894,343.42,967.15}{895,343.73,968.15}{896,344.04,969.15}{897,344.35,970.15}{898,344.66,971.15}{899,344.97,972.15}{900,345.28,973.15}{901,345.59,974.15}{902,345.9,975.15}{903,346.21,976.15}{904,346.52,977.15}{905,346.83,978.15}{906,347.15,979.15}{907,347.46,980.15}{908,347.76,981.15}{909,348.07,982.15}{910,348.38,983.15}{911,348.69,984.15}{912,349,985.15}{913,349.31,986.15}{914,349.61,987.15}{915,349.92,988.15}{916,350.23,989.15}{917,350.54,990.15}{918,350.85,991.15}{919,351.15,992.15}{920,351.46,993.15}{921,351.77,994.15}{922,352.07,995.15}{923,352.38,996.15}{924,352.69,997.15}{925,352.99,998.15}{926,353.3,999.15}{927,353.61,1000.15}{928,353.91,1001.15}{929,354.22,1002.15}{930,354.53,1003.15}{931,354.83,1004.15}{932,355.14,1005.15}{933,355.44,1006.15}{934,355.75,1007.15}{935,356.06,1008.15}{936,356.37,1009.15}{937,356.68,1010.15}{938,356.98,1011.15}{939,357.29,1012.15}{940,357.59,1013.15}{941,357.9,1014.15}{942,358.2,1015.15}{943,358.51,1016.15}{944,358.81,1017.15}{945,359.12,1018.15}{946,359.42,1019.15}{947,359.72,1020.15}{948,360.03,1021.15}{949,360.33,1022.15}{950,360.64,1023.15}{951,360.94,1024.15}{952,361.24,1025.15}{953,361.55,1026.15}{954,361.85,1027.15}{955,362.15,1028.15}{956,362.46,1029.15}{957,362.76,1030.15}{958,363.06,1031.15}{959,363.36,1032.15}{960,363.67,1033.15}{961,363.97,1034.15}{962,364.27,1035.15}{963,364.57,1036.15}{964,364.88,1037.15}{965,365.18,1038.15}{966,365.49,1039.15}{967,365.79,1040.15}{968,366.09,1041.15}{969,366.4,1042.15}{970,366.7,1043.15}{971,367,1044.15}{972,367.3,1045.15}{973,367.6,1046.15}{974,367.9,1047.15}{975,368.2,1048.15}{976,368.5,1049.15}{977,368.81,1050.15}{978,369.11,1051.15}{979,369.41,1052.15}{980,369.71,1053.15}{981,370.01,1054.15}{982,370.31,1055.15}{983,370.61,1056.15}{984,370.91,1057.15}{985,371.21,1058.15}{986,371.52,1059.15}{987,371.82,1060.15}{988,372.12,1061.15}{989,372.41,1062.15}{990,372.71,1063.15}{991,373.01,1064.15}{992,373.31,1065.15}{993,373.61,1066.15}{994,373.91,1067.15}{995,374.21,1068.15}{996,374.51,1069.15}{997,374.8,1070.15}{998,375.1,1071.15}{999,375.4,1072.15}{1000,375.7,1073.15}{1001,376,1074.15}{1002,376.29,1075.15}{1003,376.59,1076.15}{1004,376.89,1077.15}{1005,377.19,1078.15}{1006,377.49,1079.15}{1007,377.79,1080.15}{1008,378.09,1081.15}{1009,378.39,1082.15}{1010,378.68,1083.15}{1011,378.98,1084.15}{1012,379.28,1085.15}{1013,379.57,1086.15}{1014,379.87,1087.15}{1015,380.17,1088.15}{1016,380.46,1089.15}{1017,380.76,1090.15}{1018,381.05,1091.15}{1019,381.35,1092.15}{1020,381.65,1093.15}{1021,381.94,1094.15}{1022,382.24,1095.15}{1023,382.53,1096.15}{1024,382.83,1097.15}{1025,383.12,1098.15}{1026,383.42,1099.15}{1027,383.71,1100.15}{1028,384.01,1101.15}{1029,384.3,1102.15}{1030,384.6,1103.15}{1031,384.89,1104.15}{1032,385.18,1105.15}{1033,385.48,1106.15}{1034,385.77,1107.15}{1035,386.07,1108.15}{1036,386.37,1109.15}{1037,386.66,1110.15}{1038,386.96,1111.15}{1039,387.25,1112.15}{1040,387.55,1113.15}{1041,387.84,1114.15}{1042,388.13,1115.15}{1043,388.42,1116.15}{1044,388.72,1117.15}{1045,389.01,1118.15}{1046,389.31,1119.15}{1047,389.61,1120.15}{1048,389.9,1121.15}{1049,390.19,1122.15}{1050,390.48,1123.15}&quot;"/>
                                                <instance name="dev01/Config/ch00009/Calibration_Sensor_Curve" order="0" value="&quot;{0,18.52,73.15}{1,18.96,74.15}{2,19.39,75.15}{3,19.82,76.15}{4,20.25,77.15}{5,20.68,78.15}{6,21.11,79.15}{7,21.54,80.15}{8,21.97,81.15}{9,22.4,82.15}{10,22.83,83.15}{11,23.26,84.15}{12,23.69,85.15}{13,24.12,86.15}{14,24.55,87.15}{15,24.97,88.15}{16,25.39,89.15}{17,25.82,90.15}{18,26.25,91.15}{19,26.67,92.15}{20,27.1,93.15}{21,27.52,94.15}{22,27.95,95.15}{23,28.37,96.15}{24,28.8,97.15}{25,29.22,98.15}{26,29.65,99.15}{27,30.07,100.15}{28,30.49,101.15}{29,30.92,102.15}{30,31.34,103.15}{31,31.76,104.15}{32,32.18,105.15}{33,32.61,106.15}{34,33.03,107.15}{35,33.45,108.15}{36,33.86,109.15}{37,34.28,110.15}{38,34.7,111.15}{39,35.12,112.15}{40,35.54,113.15}{41,35.96,114.15}{42,36.38,115.15}{43,36.8,116.15}{44,37.22,117.15}{45,37.63,118.15}{46,38.05,119.15}{47,38.47,120.15}{48,38.89,121.15}{49,39.31,122.15}{50,39.72,123.15}{51,40.14,124.15}{52,40.56,125.15}{53,40.97,126.15}{54,41.39,127.15}{55,41.8,128.15}{56,42.22,129.15}{57,42.64,130.15}{58,43.05,131.15}{59,43.46,132.15}{60,43.88,133.15}{61,44.29,134.15}{62,44.71,135.15}{63,45.12,136.15}{64,45.53,137.15}{65,45.95,138.15}{66,46.35,139.15}{67,46.76,140.15}{68,47.18,141.15}{69,47.59,142.15}{70,48,143.15}{71,48.41,144.15}{72,48.82,145.15}{73,49.23,146.15}{74,49.64,147.15}{75,50.06,148.15}{76,50.47,149.15}{77,50.88,150.15}{78,51.29,151.15}{79,51.7,152.15}{80,52.11,153.15}{81,52.52,154.15}{82,52.92,155.15}{83,53.33,156.15}{84,53.74,157.15}{85,54.15,158.15}{86,54.56,159.15}{87,54.97,160.15}{88,55.38,161.15}{89,55.78,162.15}{90,56.19,163.15}{91,56.6,164.15}{92,57,165.15}{93,57.41,166.15}{94,57.82,167.15}{95,58.22,168.15}{96,58.63,169.15}{97,59.04,170.15}{98,59.44,171.15}{99,59.85,172.15}{100,60.26,173.15}{101,60.67,174.15}{102,61.07,175.15}{103,61.48,176.15}{104,61.87,177.15}{105,62.29,178.15}{106,62.69,179.15}{107,63.1,180.15}{108,63.5,181.15}{109,63.91,182.15}{110,64.3,183.15}{111,64.7,184.15}{112,65.11,185.15}{113,65.51,186.15}{114,65.91,187.15}{115,66.31,188.15}{116,66.72,189.15}{117,67.12,190.15}{118,67.52,191.15}{119,67.92,192.15}{120,68.33,193.15}{121,68.73,194.15}{122,69.13,195.15}{123,69.53,196.15}{124,69.93,197.15}{125,70.33,198.15}{126,70.73,199.15}{127,71.13,200.15}{128,71.53,201.15}{129,71.93,202.15}{130,72.33,203.15}{131,72.73,204.15}{132,73.13,205.15}{133,73.53,206.15}{134,73.93,207.15}{135,74.33,208.15}{136,74.73,209.15}{137,75.13,210.15}{138,75.53,211.15}{139,75.93,212.15}{140,76.33,213.15}{141,76.73,214.15}{142,77.13,215.15}{143,77.52,216.15}{144,77.92,217.15}{145,78.32,218.15}{146,78.72,219.15}{147,79.11,220.15}{148,79.51,221.15}{149,79.91,222.15}{150,80.31,223.15}{151,80.7,224.15}{152,81.1,225.15}{153,81.5,226.15}{154,81.89,227.15}{155,82.29,228.15}{156,82.69,229.15}{157,83.08,230.15}{158,83.48,231.15}{159,83.88,232.15}{160,84.27,233.15}{161,84.67,234.15}{162,85.06,235.15}{163,85.46,236.15}{164,85.85,237.15}{165,86.25,238.15}{166,86.64,239.15}{167,87.04,240.15}{168,87.43,241.15}{169,87.83,242.15}{170,88.22,243.15}{171,88.62,244.15}{172,89.01,245.15}{173,89.4,246.15}{174,89.8,247.15}{175,90.19,248.15}{176,90.59,249.15}{177,90.98,250.15}{178,91.37,251.15}{179,91.77,252.15}{180,92.16,253.15}{181,92.55,254.15}{182,92.95,255.15}{183,93.34,256.15}{184,93.73,257.15}{185,94.12,258.15}{186,94.52,259.15}{187,94.91,260.15}{188,95.3,261.15}{189,95.69,262.15}{190,96.09,263.15}{191,96.48,264.15}{192,96.87,265.15}{193,97.26,266.15}{194,97.65,267.15}{195,98.04,268.15}{196,98.44,269.15}{197,98.83,270.15}{198,99.22,271.15}{199,99.61,272.15}{200,100,273.15}{201,100.39,274.15}{202,100.78,275.15}{203,101.17,276.15}{204,101.56,277.15}{205,101.95,278.15}{206,102.34,279.15}{207,102.73,280.15}{208,103.12,281.15}{209,103.51,282.15}{210,103.9,283.15}{211,104.29,284.15}{212,104.68,285.15}{213,105.07,286.15}{214,105.46,287.15}{215,105.85,288.15}{216,106.24,289.15}{217,106.63,290.15}{218,107.02,291.15}{219,107.4,292.15}{220,107.79,293.15}{221,108.18,294.15}{222,108.57,295.15}{223,108.96,296.15}{224,109.35,297.15}{225,109.73,298.15}{226,110.12,299.15}{227,110.51,300.15}{228,110.9,301.15}{229,111.28,302.15}{230,111.67,303.15}{231,112.06,304.15}{232,112.45,305.15}{233,112.83,306.15}{234,113.22,307.15}{235,113.61,308.15}{236,113.99,309.15}{237,114.38,310.15}{238,114.77,311.15}{239,115.15,312.15}{240,115.54,313.15}{241,115.93,314.15}{242,116.31,315.15}{243,116.7,316.15}{244,117.08,317.15}{245,117.47,318.15}{246,117.85,319.15}{247,118.24,320.15}{248,118.62,321.15}{249,119.01,322.15}{250,119.4,323.15}{251,119.78,324.15}{252,120.16,325.15}{253,120.55,326.15}{254,120.93,327.15}{255,121.32,328.15}{256,121.7,329.15}{257,122.09,330.15}{258,122.47,331.15}{259,122.86,332.15}{260,123.24,333.15}{261,123.62,334.15}{262,124.01,335.15}{263,124.39,336.15}{264,124.77,337.15}{265,125.17,338.15}{266,125.55,339.15}{267,125.93,340.15}{268,126.32,341.15}{269,126.7,342.15}{270,127.08,343.15}{271,127.46,344.15}{272,127.85,345.15}{273,128.23,346.15}{274,128.61,347.15}{275,128.99,348.15}{276,129.38,349.15}{277,129.76,350.15}{278,130.14,351.15}{279,130.52,352.15}{280,130.9,353.15}{281,131.28,354.15}{282,131.67,355.15}{283,132.05,356.15}{284,132.43,357.15}{285,132.81,358.15}{286,133.19,359.15}{287,133.57,360.15}{288,133.95,361.15}{289,134.33,362.15}{290,134.71,363.15}{291,135.09,364.15}{292,135.47,365.15}{293,135.85,366.15}{294,136.23,367.15}{295,136.61,368.15}{296,136.99,369.15}{297,137.37,370.15}{298,137.75,371.15}{299,138.13,372.15}{300,138.51,373.15}{301,138.89,374.15}{302,139.27,375.15}{303,139.65,376.15}{304,140.03,377.15}{305,140.39,378.15}{306,140.77,379.15}{307,141.15,380.15}{308,141.53,381.15}{309,141.91,382.15}{310,142.29,383.15}{311,142.66,384.15}{312,143.04,385.15}{313,143.42,386.15}{314,143.8,387.15}{315,144.18,388.15}{316,144.56,389.15}{317,144.94,390.15}{318,145.32,391.15}{319,145.69,392.15}{320,146.07,393.15}{321,146.45,394.15}{322,146.82,395.15}{323,147.2,396.15}{324,147.58,397.15}{325,147.95,398.15}{326,148.33,399.15}{327,148.71,400.15}{328,149.08,401.15}{329,149.46,402.15}{330,149.83,403.15}{331,150.21,404.15}{332,150.58,405.15}{333,150.96,406.15}{334,151.34,407.15}{335,151.71,408.15}{336,152.09,409.15}{337,152.46,410.15}{338,152.84,411.15}{339,153.21,412.15}{340,153.58,413.15}{341,153.95,414.15}{342,154.32,415.15}{343,154.71,416.15}{344,155.08,417.15}{345,155.46,418.15}{346,155.83,419.15}{347,156.21,420.15}{348,156.58,421.15}{349,156.96,422.15}{350,157.33,423.15}{351,157.71,424.15}{352,158.08,425.15}{353,158.45,426.15}{354,158.83,427.15}{355,159.2,428.15}{356,159.56,429.15}{357,159.94,430.15}{358,160.31,431.15}{359,160.68,432.15}{360,161.05,433.15}{361,161.43,434.15}{362,161.8,435.15}{363,162.17,436.15}{364,162.54,437.15}{365,162.91,438.15}{366,163.28,439.15}{367,163.66,440.15}{368,164.03,441.15}{369,164.4,442.15}{370,164.77,443.15}{371,165.14,444.15}{372,165.51,445.15}{373,165.88,446.15}{374,166.25,447.15}{375,166.62,448.15}{376,167,449.15}{377,167.37,450.15}{378,167.74,451.15}{379,168.11,452.15}{380,168.48,453.15}{381,168.85,454.15}{382,169.22,455.15}{383,169.59,456.15}{384,169.96,457.15}{385,170.33,458.15}{386,170.69,459.15}{387,171.06,460.15}{388,171.43,461.15}{389,171.8,462.15}{390,172.17,463.15}{391,172.54,464.15}{392,172.91,465.15}{393,173.27,466.15}{394,173.64,467.15}{395,174.01,468.15}{396,174.39,469.15}{397,174.75,470.15}{398,175.12,471.15}{399,175.49,472.15}{400,175.86,473.15}{401,176.23,474.15}{402,176.59,475.15}{403,176.96,476.15}{404,177.33,477.15}{405,177.7,478.15}{406,178.06,479.15}{407,178.43,480.15}{408,178.8,481.15}{409,179.16,482.15}{410,179.53,483.15}{411,179.9,484.15}{412,180.26,485.15}{413,180.63,486.15}{414,180.99,487.15}{415,181.36,488.15}{416,181.73,489.15}{417,182.09,490.15}{418,182.46,491.15}{419,182.82,492.15}{420,183.19,493.15}{421,183.55,494.15}{422,183.92,495.15}{423,184.28,496.15}{424,184.65,497.15}{425,185.01,498.15}{426,185.38,499.15}{427,185.74,500.15}{428,186.11,501.15}{429,186.47,502.15}{430,186.84,503.15}{431,187.2,504.15}{432,187.56,505.15}{433,187.93,506.15}{434,188.29,507.15}{435,188.65,508.15}{436,189.02,509.15}{437,189.38,510.15}{438,189.74,511.15}{439,190.11,512.15}{440,190.47,513.15}{441,190.83,514.15}{442,191.2,515.15}{443,191.56,516.15}{444,191.92,517.15}{445,192.28,518.15}{446,192.66,519.15}{447,193.02,520.15}{448,193.38,521.15}{449,193.74,522.15}{450,194.1,523.15}{451,194.47,524.15}{452,194.83,525.15}{453,195.19,526.15}{454,195.55,527.15}{455,195.9,528.15}{456,196.26,529.15}{457,196.62,530.15}{458,196.98,531.15}{459,197.35,532.15}{460,197.71,533.15}{461,198.07,534.15}{462,198.43,535.15}{463,198.79,536.15}{464,199.15,537.15}{465,199.51,538.15}{466,199.87,539.15}{467,200.23,540.15}{468,200.59,541.15}{469,200.95,542.15}{470,201.31,543.15}{471,201.67,544.15}{472,202.03,545.15}{473,202.38,546.15}{474,202.74,547.15}{475,203.1,548.15}{476,203.46,549.15}{477,203.82,550.15}{478,204.18,551.15}{479,204.54,552.15}{480,204.9,553.15}{481,205.25,554.15}{482,205.61,555.15}{483,205.97,556.15}{484,206.33,557.15}{485,206.7,558.15}{486,207.05,559.15}{487,207.41,560.15}{488,207.77,561.15}{489,208.13,562.15}{490,208.48,563.15}{491,208.84,564.15}{492,209.2,565.15}{493,209.55,566.15}{494,209.91,567.15}{495,210.27,568.15}{496,210.62,569.15}{497,210.98,570.15}{498,211.34,571.15}{499,211.69,572.15}{500,212.05,573.15}{501,212.4,574.15}{502,212.76,575.15}{503,213.12,576.15}{504,213.47,577.15}{505,213.83,578.15}{506,214.19,579.15}{507,214.55,580.15}{508,214.9,581.15}{509,215.26,582.15}{510,215.61,583.15}{511,215.97,584.15}{512,216.32,585.15}{513,216.68,586.15}{514,217.03,587.15}{515,217.39,588.15}{516,217.73,589.15}{517,218.08,590.15}{518,218.44,591.15}{519,218.79,592.15}{520,219.15,593.15}{521,219.5,594.15}{522,219.85,595.15}{523,220.21,596.15}{524,220.56,597.15}{525,220.91,598.15}{526,221.27,599.15}{527,221.62,600.15}{528,221.97,601.15}{529,222.32,602.15}{530,222.68,603.15}{531,223.03,604.15}{532,223.38,605.15}{533,223.73,606.15}{534,224.09,607.15}{535,224.45,608.15}{536,224.8,609.15}{537,225.15,610.15}{538,225.5,611.15}{539,225.85,612.15}{540,226.21,613.15}{541,226.56,614.15}{542,226.91,615.15}{543,227.26,616.15}{544,227.61,617.15}{545,227.96,618.15}{546,228.31,619.15}{547,228.66,620.15}{548,229.01,621.15}{549,229.36,622.15}{550,229.72,623.15}{551,230.07,624.15}{552,230.42,625.15}{553,230.77,626.15}{554,231.12,627.15}{555,231.47,628.15}{556,231.81,629.15}{557,232.16,630.15}{558,232.51,631.15}{559,232.86,632.15}{560,233.21,633.15}{561,233.56,634.15}{562,233.91,635.15}{563,234.26,636.15}{564,234.6,637.15}{565,234.95,638.15}{566,235.3,639.15}{567,235.65,640.15}{568,236,641.15}{569,236.35,642.15}{570,236.7,643.15}{571,237.05,644.15}{572,237.4,645.15}{573,237.75,646.15}{574,238.09,647.15}{575,238.44,648.15}{576,238.79,649.15}{577,239.14,650.15}{578,239.48,651.15}{579,239.83,652.15}{580,240.18,653.15}{581,240.52,654.15}{582,240.87,655.15}{583,241.22,656.15}{584,241.56,657.15}{585,241.91,658.15}{586,242.25,659.15}{587,242.6,660.15}{588,242.95,661.15}{589,243.29,662.15}{590,243.64,663.15}{591,243.98,664.15}{592,244.33,665.15}{593,244.67,666.15}{594,245.02,667.15}{595,245.36,668.15}{596,245.71,669.15}{597,246.05,670.15}{598,246.4,671.15}{599,246.74,672.15}{600,247.09,673.15}{601,247.43,674.15}{602,247.78,675.15}{603,248.12,676.15}{604,248.46,677.15}{605,248.81,678.15}{606,249.15,679.15}{607,249.5,680.15}{608,249.84,681.15}{609,250.18,682.15}{610,250.53,683.15}{611,250.89,684.15}{612,251.21,685.15}{613,251.55,686.15}{614,251.9,687.15}{615,252.24,688.15}{616,252.59,689.15}{617,252.94,690.15}{618,253.28,691.15}{619,253.62,692.15}{620,253.96,693.15}{621,254.3,694.15}{622,254.65,695.15}{623,254.99,696.15}{624,255.33,697.15}{625,255.67,698.15}{626,256.01,699.15}{627,256.35,700.15}{628,256.7,701.15}{629,257.04,702.15}{630,257.38,703.15}{631,257.72,704.15}{632,258.06,705.15}{633,258.4,706.15}{634,258.74,707.15}{635,259.08,708.15}{636,259.42,709.15}{637,259.76,710.15}{638,260.1,711.15}{639,260.44,712.15}{640,260.78,713.15}{641,261.12,714.15}{642,261.46,715.15}{643,261.8,716.15}{644,262.14,717.15}{645,262.48,718.15}{646,262.83,719.15}{647,263.17,720.15}{648,263.5,721.15}{649,263.84,722.15}{650,264.18,723.15}{651,264.52,724.15}{652,264.86,725.15}{653,265.2,726.15}{654,265.54,727.15}{655,265.87,728.15}{656,266.21,729.15}{657,266.55,730.15}{658,266.89,731.15}{659,267.22,732.15}{660,267.56,733.15}{661,267.9,734.15}{662,268.24,735.15}{663,268.57,736.15}{664,268.91,737.15}{665,269.25,738.15}{666,269.58,739.15}{667,269.92,740.15}{668,270.26,741.15}{669,270.59,742.15}{670,270.93,743.15}{671,271.27,744.15}{672,271.6,745.15}{673,271.94,746.15}{674,272.27,747.15}{675,272.61,748.15}{676,272.95,749.15}{677,273.28,750.15}{678,273.62,751.15}{679,273.95,752.15}{680,274.29,753.15}{681,274.62,754.15}{682,274.96,755.15}{683,275.29,756.15}{684,275.63,757.15}{685,275.96,758.15}{686,276.31,759.15}{687,276.64,760.15}{688,276.97,761.15}{689,277.31,762.15}{690,277.64,763.15}{691,277.98,764.15}{692,278.31,765.15}{693,278.64,766.15}{694,278.98,767.15}{695,279.31,768.15}{696,279.64,769.15}{697,279.98,770.15}{698,280.31,771.15}{699,280.64,772.15}{700,280.98,773.15}{701,281.31,774.15}{702,281.64,775.15}{703,281.97,776.15}{704,282.31,777.15}{705,282.64,778.15}{706,282.97,779.15}{707,283.3,780.15}{708,283.63,781.15}{709,283.97,782.15}{710,284.3,783.15}{711,284.63,784.15}{712,284.96,785.15}{713,285.29,786.15}{714,285.62,787.15}{715,285.95,788.15}{716,286.3,789.15}{717,286.63,790.15}{718,286.96,791.15}{719,287.29,792.15}{720,287.62,793.15}{721,287.95,794.15}{722,288.28,795.15}{723,288.61,796.15}{724,288.94,797.15}{725,289.27,798.15}{726,289.6,799.15}{727,289.93,800.15}{728,290.26,801.15}{729,290.59,802.15}{730,290.92,803.15}{731,291.25,804.15}{732,291.58,805.15}{733,291.9,806.15}{734,292.23,807.15}{735,292.56,808.15}{736,292.9,809.15}{737,293.23,810.15}{738,293.56,811.15}{739,293.89,812.15}{740,294.21,813.15}{741,294.54,814.15}{742,294.87,815.15}{743,295.2,816.15}{744,295.53,817.15}{745,295.85,818.15}{746,296.18,819.15}{747,296.51,820.15}{748,296.84,821.15}{749,297.16,822.15}{750,297.49,823.15}{751,297.82,824.15}{752,298.14,825.15}{753,298.47,826.15}{754,298.8,827.15}{755,299.12,828.15}{756,299.45,829.15}{757,299.78,830.15}{758,300.1,831.15}{759,300.43,832.15}{760,300.75,833.15}{761,301.08,834.15}{762,301.41,835.15}{763,301.73,836.15}{764,302.06,837.15}{765,302.38,838.15}{766,302.71,839.15}{767,303.03,840.15}{768,303.36,841.15}{769,303.68,842.15}{770,304.01,843.15}{771,304.33,844.15}{772,304.66,845.15}{773,304.98,846.15}{774,305.3,847.15}{775,305.63,848.15}{776,305.95,849.15}{777,306.28,850.15}{778,306.6,851.15}{779,306.92,852.15}{780,307.25,853.15}{781,307.57,854.15}{782,307.89,855.15}{783,308.22,856.15}{784,308.54,857.15}{785,308.86,858.15}{786,309.19,859.15}{787,309.51,860.15}{788,309.83,861.15}{789,310.15,862.15}{790,310.48,863.15}{791,310.8,864.15}{792,311.12,865.15}{793,311.45,866.15}{794,311.78,867.15}{795,312.1,868.15}{796,312.43,869.15}{797,312.75,870.15}{798,313.07,871.15}{799,313.39,872.15}{800,313.71,873.15}{801,314.04,874.15}{802,314.36,875.15}{803,314.68,876.15}{804,315,877.15}{805,315.32,878.15}{806,315.64,879.15}{807,315.96,880.15}{808,316.28,881.15}{809,316.6,882.15}{810,316.92,883.15}{811,317.24,884.15}{812,317.56,885.15}{813,317.88,886.15}{814,318.2,887.15}{815,318.52,888.15}{816,318.85,889.15}{817,319.17,890.15}{818,319.49,891.15}{819,319.81,892.15}{820,320.12,893.15}{821,320.44,894.15}{822,320.76,895.15}{823,321.08,896.15}{824,321.4,897.15}{825,321.72,898.15}{826,322.03,899.15}{827,322.34,900.15}{828,322.66,901.15}{829,322.98,902.15}{830,323.3,903.15}{831,323.61,904.15}{832,323.93,905.15}{833,324.25,906.15}{834,324.57,907.15}{835,324.88,908.15}{836,325.21,909.15}{837,325.53,910.15}{838,325.85,911.15}{839,326.16,912.15}{840,326.48,913.15}{841,326.79,914.15}{842,327.11,915.15}{843,327.43,916.15}{844,327.74,917.15}{845,328.06,918.15}{846,328.38,919.15}{847,328.69,920.15}{848,329.01,921.15}{849,329.32,922.15}{850,329.64,923.15}{851,329.95,924.15}{852,330.27,925.15}{853,330.58,926.15}{854,330.9,927.15}{855,331.21,928.15}{856,331.53,929.15}{857,331.84,930.15}{858,332.16,931.15}{859,332.47,932.15}{860,332.79,933.15}{861,333.1,934.15}{862,333.41,935.15}{863,333.73,936.15}{864,334.04,937.15}{865,334.36,938.15}{866,334.68,939.15}{867,334.99,940.15}{868,335.31,941.15}{869,335.62,942.15}{870,335.93,943.15}{871,336.25,944.15}{872,336.56,945.15}{873,336.87,946.15}{874,337.18,947.15}{875,337.5,948.15}{876,337.81,949.15}{877,338.12,950.15}{878,338.43,951.15}{879,338.75,952.15}{880,339.06,953.15}{881,339.37,954.15}{882,339.68,955.15}{883,339.99,956.15}{884,340.3,957.15}{885,340.62,958.15}{886,340.94,959.15}{887,341.25,960.15}{888,341.55,961.15}{889,341.87,962.15}{890,342.18,963.15}{891,342.49,964.15}{892,342.8,965.15}{893,343.11,966.15}{894,343.42,967.15}{895,343.73,968.15}{896,344.04,969.15}{897,344.35,970.15}{898,344.66,971.15}{899,344.97,972.15}{900,345.28,973.15}{901,345.59,974.15}{902,345.9,975.15}{903,346.21,976.15}{904,346.52,977.15}{905,346.83,978.15}{906,347.15,979.15}{907,347.46,980.15}{908,347.76,981.15}{909,348.07,982.15}{910,348.38,983.15}{911,348.69,984.15}{912,349,985.15}{913,349.31,986.15}{914,349.61,987.15}{915,349.92,988.15}{916,350.23,989.15}{917,350.54,990.15}{918,350.85,991.15}{919,351.15,992.15}{920,351.46,993.15}{921,351.77,994.15}{922,352.07,995.15}{923,352.38,996.15}{924,352.69,997.15}{925,352.99,998.15}{926,353.3,999.15}{927,353.61,1000.15}{928,353.91,1001.15}{929,354.22,1002.15}{930,354.53,1003.15}{931,354.83,1004.15}{932,355.14,1005.15}{933,355.44,1006.15}{934,355.75,1007.15}{935,356.06,1008.15}{936,356.37,1009.15}{937,356.68,1010.15}{938,356.98,1011.15}{939,357.29,1012.15}{940,357.59,1013.15}{941,357.9,1014.15}{942,358.2,1015.15}{943,358.51,1016.15}{944,358.81,1017.15}{945,359.12,1018.15}{946,359.42,1019.15}{947,359.72,1020.15}{948,360.03,1021.15}{949,360.33,1022.15}{950,360.64,1023.15}{951,360.94,1024.15}{952,361.24,1025.15}{953,361.55,1026.15}{954,361.85,1027.15}{955,362.15,1028.15}{956,362.46,1029.15}{957,362.76,1030.15}{958,363.06,1031.15}{959,363.36,1032.15}{960,363.67,1033.15}{961,363.97,1034.15}{962,364.27,1035.15}{963,364.57,1036.15}{964,364.88,1037.15}{965,365.18,1038.15}{966,365.49,1039.15}{967,365.79,1040.15}{968,366.09,1041.15}{969,366.4,1042.15}{970,366.7,1043.15}{971,367,1044.15}{972,367.3,1045.15}{973,367.6,1046.15}{974,367.9,1047.15}{975,368.2,1048.15}{976,368.5,1049.15}{977,368.81,1050.15}{978,369.11,1051.15}{979,369.41,1052.15}{980,369.71,1053.15}{981,370.01,1054.15}{982,370.31,1055.15}{983,370.61,1056.15}{984,370.91,1057.15}{985,371.21,1058.15}{986,371.52,1059.15}{987,371.82,1060.15}{988,372.12,1061.15}{989,372.41,1062.15}{990,372.71,1063.15}{991,373.01,1064.15}{992,373.31,1065.15}{993,373.61,1066.15}{994,373.91,1067.15}{995,374.21,1068.15}{996,374.51,1069.15}{997,374.8,1070.15}{998,375.1,1071.15}{999,375.4,1072.15}{1000,375.7,1073.15}{1001,376,1074.15}{1002,376.29,1075.15}{1003,376.59,1076.15}{1004,376.89,1077.15}{1005,377.19,1078.15}{1006,377.49,1079.15}{1007,377.79,1080.15}{1008,378.09,1081.15}{1009,378.39,1082.15}{1010,378.68,1083.15}{1011,378.98,1084.15}{1012,379.28,1085.15}{1013,379.57,1086.15}{1014,379.87,1087.15}{1015,380.17,1088.15}{1016,380.46,1089.15}{1017,380.76,1090.15}{1018,381.05,1091.15}{1019,381.35,1092.15}{1020,381.65,1093.15}{1021,381.94,1094.15}{1022,382.24,1095.15}{1023,382.53,1096.15}{1024,382.83,1097.15}{1025,383.12,1098.15}{1026,383.42,1099.15}{1027,383.71,1100.15}{1028,384.01,1101.15}{1029,384.3,1102.15}{1030,384.6,1103.15}{1031,384.89,1104.15}{1032,385.18,1105.15}{1033,385.48,1106.15}{1034,385.77,1107.15}{1035,386.07,1108.15}{1036,386.37,1109.15}{1037,386.66,1110.15}{1038,386.96,1111.15}{1039,387.25,1112.15}{1040,387.55,1113.15}{1041,387.84,1114.15}{1042,388.13,1115.15}{1043,388.42,1116.15}{1044,388.72,1117.15}{1045,389.01,1118.15}{1046,389.31,1119.15}{1047,389.61,1120.15}{1048,389.9,1121.15}{1049,390.19,1122.15}{1050,390.48,1123.15}&quot;"/>
                                                <instance name="dev01/Config/ch00010/Calibration_Sensor_Curve" order="0" value="&quot;{0,18.52,73.15}{1,18.96,74.15}{2,19.39,75.15}{3,19.82,76.15}{4,20.25,77.15}{5,20.68,78.15}{6,21.11,79.15}{7,21.54,80.15}{8,21.97,81.15}{9,22.4,82.15}{10,22.83,83.15}{11,23.26,84.15}{12,23.69,85.15}{13,24.12,86.15}{14,24.55,87.15}{15,24.97,88.15}{16,25.39,89.15}{17,25.82,90.15}{18,26.25,91.15}{19,26.67,92.15}{20,27.1,93.15}{21,27.52,94.15}{22,27.95,95.15}{23,28.37,96.15}{24,28.8,97.15}{25,29.22,98.15}{26,29.65,99.15}{27,30.07,100.15}{28,30.49,101.15}{29,30.92,102.15}{30,31.34,103.15}{31,31.76,104.15}{32,32.18,105.15}{33,32.61,106.15}{34,33.03,107.15}{35,33.45,108.15}{36,33.86,109.15}{37,34.28,110.15}{38,34.7,111.15}{39,35.12,112.15}{40,35.54,113.15}{41,35.96,114.15}{42,36.38,115.15}{43,36.8,116.15}{44,37.22,117.15}{45,37.63,118.15}{46,38.05,119.15}{47,38.47,120.15}{48,38.89,121.15}{49,39.31,122.15}{50,39.72,123.15}{51,40.14,124.15}{52,40.56,125.15}{53,40.97,126.15}{54,41.39,127.15}{55,41.8,128.15}{56,42.22,129.15}{57,42.64,130.15}{58,43.05,131.15}{59,43.46,132.15}{60,43.88,133.15}{61,44.29,134.15}{62,44.71,135.15}{63,45.12,136.15}{64,45.53,137.15}{65,45.95,138.15}{66,46.35,139.15}{67,46.76,140.15}{68,47.18,141.15}{69,47.59,142.15}{70,48,143.15}{71,48.41,144.15}{72,48.82,145.15}{73,49.23,146.15}{74,49.64,147.15}{75,50.06,148.15}{76,50.47,149.15}{77,50.88,150.15}{78,51.29,151.15}{79,51.7,152.15}{80,52.11,153.15}{81,52.52,154.15}{82,52.92,155.15}{83,53.33,156.15}{84,53.74,157.15}{85,54.15,158.15}{86,54.56,159.15}{87,54.97,160.15}{88,55.38,161.15}{89,55.78,162.15}{90,56.19,163.15}{91,56.6,164.15}{92,57,165.15}{93,57.41,166.15}{94,57.82,167.15}{95,58.22,168.15}{96,58.63,169.15}{97,59.04,170.15}{98,59.44,171.15}{99,59.85,172.15}{100,60.26,173.15}{101,60.67,174.15}{102,61.07,175.15}{103,61.48,176.15}{104,61.87,177.15}{105,62.29,178.15}{106,62.69,179.15}{107,63.1,180.15}{108,63.5,181.15}{109,63.91,182.15}{110,64.3,183.15}{111,64.7,184.15}{112,65.11,185.15}{113,65.51,186.15}{114,65.91,187.15}{115,66.31,188.15}{116,66.72,189.15}{117,67.12,190.15}{118,67.52,191.15}{119,67.92,192.15}{120,68.33,193.15}{121,68.73,194.15}{122,69.13,195.15}{123,69.53,196.15}{124,69.93,197.15}{125,70.33,198.15}{126,70.73,199.15}{127,71.13,200.15}{128,71.53,201.15}{129,71.93,202.15}{130,72.33,203.15}{131,72.73,204.15}{132,73.13,205.15}{133,73.53,206.15}{134,73.93,207.15}{135,74.33,208.15}{136,74.73,209.15}{137,75.13,210.15}{138,75.53,211.15}{139,75.93,212.15}{140,76.33,213.15}{141,76.73,214.15}{142,77.13,215.15}{143,77.52,216.15}{144,77.92,217.15}{145,78.32,218.15}{146,78.72,219.15}{147,79.11,220.15}{148,79.51,221.15}{149,79.91,222.15}{150,80.31,223.15}{151,80.7,224.15}{152,81.1,225.15}{153,81.5,226.15}{154,81.89,227.15}{155,82.29,228.15}{156,82.69,229.15}{157,83.08,230.15}{158,83.48,231.15}{159,83.88,232.15}{160,84.27,233.15}{161,84.67,234.15}{162,85.06,235.15}{163,85.46,236.15}{164,85.85,237.15}{165,86.25,238.15}{166,86.64,239.15}{167,87.04,240.15}{168,87.43,241.15}{169,87.83,242.15}{170,88.22,243.15}{171,88.62,244.15}{172,89.01,245.15}{173,89.4,246.15}{174,89.8,247.15}{175,90.19,248.15}{176,90.59,249.15}{177,90.98,250.15}{178,91.37,251.15}{179,91.77,252.15}{180,92.16,253.15}{181,92.55,254.15}{182,92.95,255.15}{183,93.34,256.15}{184,93.73,257.15}{185,94.12,258.15}{186,94.52,259.15}{187,94.91,260.15}{188,95.3,261.15}{189,95.69,262.15}{190,96.09,263.15}{191,96.48,264.15}{192,96.87,265.15}{193,97.26,266.15}{194,97.65,267.15}{195,98.04,268.15}{196,98.44,269.15}{197,98.83,270.15}{198,99.22,271.15}{199,99.61,272.15}{200,100,273.15}{201,100.39,274.15}{202,100.78,275.15}{203,101.17,276.15}{204,101.56,277.15}{205,101.95,278.15}{206,102.34,279.15}{207,102.73,280.15}{208,103.12,281.15}{209,103.51,282.15}{210,103.9,283.15}{211,104.29,284.15}{212,104.68,285.15}{213,105.07,286.15}{214,105.46,287.15}{215,105.85,288.15}{216,106.24,289.15}{217,106.63,290.15}{218,107.02,291.15}{219,107.4,292.15}{220,107.79,293.15}{221,108.18,294.15}{222,108.57,295.15}{223,108.96,296.15}{224,109.35,297.15}{225,109.73,298.15}{226,110.12,299.15}{227,110.51,300.15}{228,110.9,301.15}{229,111.28,302.15}{230,111.67,303.15}{231,112.06,304.15}{232,112.45,305.15}{233,112.83,306.15}{234,113.22,307.15}{235,113.61,308.15}{236,113.99,309.15}{237,114.38,310.15}{238,114.77,311.15}{239,115.15,312.15}{240,115.54,313.15}{241,115.93,314.15}{242,116.31,315.15}{243,116.7,316.15}{244,117.08,317.15}{245,117.47,318.15}{246,117.85,319.15}{247,118.24,320.15}{248,118.62,321.15}{249,119.01,322.15}{250,119.4,323.15}{251,119.78,324.15}{252,120.16,325.15}{253,120.55,326.15}{254,120.93,327.15}{255,121.32,328.15}{256,121.7,329.15}{257,122.09,330.15}{258,122.47,331.15}{259,122.86,332.15}{260,123.24,333.15}{261,123.62,334.15}{262,124.01,335.15}{263,124.39,336.15}{264,124.77,337.15}{265,125.17,338.15}{266,125.55,339.15}{267,125.93,340.15}{268,126.32,341.15}{269,126.7,342.15}{270,127.08,343.15}{271,127.46,344.15}{272,127.85,345.15}{273,128.23,346.15}{274,128.61,347.15}{275,128.99,348.15}{276,129.38,349.15}{277,129.76,350.15}{278,130.14,351.15}{279,130.52,352.15}{280,130.9,353.15}{281,131.28,354.15}{282,131.67,355.15}{283,132.05,356.15}{284,132.43,357.15}{285,132.81,358.15}{286,133.19,359.15}{287,133.57,360.15}{288,133.95,361.15}{289,134.33,362.15}{290,134.71,363.15}{291,135.09,364.15}{292,135.47,365.15}{293,135.85,366.15}{294,136.23,367.15}{295,136.61,368.15}{296,136.99,369.15}{297,137.37,370.15}{298,137.75,371.15}{299,138.13,372.15}{300,138.51,373.15}{301,138.89,374.15}{302,139.27,375.15}{303,139.65,376.15}{304,140.03,377.15}{305,140.39,378.15}{306,140.77,379.15}{307,141.15,380.15}{308,141.53,381.15}{309,141.91,382.15}{310,142.29,383.15}{311,142.66,384.15}{312,143.04,385.15}{313,143.42,386.15}{314,143.8,387.15}{315,144.18,388.15}{316,144.56,389.15}{317,144.94,390.15}{318,145.32,391.15}{319,145.69,392.15}{320,146.07,393.15}{321,146.45,394.15}{322,146.82,395.15}{323,147.2,396.15}{324,147.58,397.15}{325,147.95,398.15}{326,148.33,399.15}{327,148.71,400.15}{328,149.08,401.15}{329,149.46,402.15}{330,149.83,403.15}{331,150.21,404.15}{332,150.58,405.15}{333,150.96,406.15}{334,151.34,407.15}{335,151.71,408.15}{336,152.09,409.15}{337,152.46,410.15}{338,152.84,411.15}{339,153.21,412.15}{340,153.58,413.15}{341,153.95,414.15}{342,154.32,415.15}{343,154.71,416.15}{344,155.08,417.15}{345,155.46,418.15}{346,155.83,419.15}{347,156.21,420.15}{348,156.58,421.15}{349,156.96,422.15}{350,157.33,423.15}{351,157.71,424.15}{352,158.08,425.15}{353,158.45,426.15}{354,158.83,427.15}{355,159.2,428.15}{356,159.56,429.15}{357,159.94,430.15}{358,160.31,431.15}{359,160.68,432.15}{360,161.05,433.15}{361,161.43,434.15}{362,161.8,435.15}{363,162.17,436.15}{364,162.54,437.15}{365,162.91,438.15}{366,163.28,439.15}{367,163.66,440.15}{368,164.03,441.15}{369,164.4,442.15}{370,164.77,443.15}{371,165.14,444.15}{372,165.51,445.15}{373,165.88,446.15}{374,166.25,447.15}{375,166.62,448.15}{376,167,449.15}{377,167.37,450.15}{378,167.74,451.15}{379,168.11,452.15}{380,168.48,453.15}{381,168.85,454.15}{382,169.22,455.15}{383,169.59,456.15}{384,169.96,457.15}{385,170.33,458.15}{386,170.69,459.15}{387,171.06,460.15}{388,171.43,461.15}{389,171.8,462.15}{390,172.17,463.15}{391,172.54,464.15}{392,172.91,465.15}{393,173.27,466.15}{394,173.64,467.15}{395,174.01,468.15}{396,174.39,469.15}{397,174.75,470.15}{398,175.12,471.15}{399,175.49,472.15}{400,175.86,473.15}{401,176.23,474.15}{402,176.59,475.15}{403,176.96,476.15}{404,177.33,477.15}{405,177.7,478.15}{406,178.06,479.15}{407,178.43,480.15}{408,178.8,481.15}{409,179.16,482.15}{410,179.53,483.15}{411,179.9,484.15}{412,180.26,485.15}{413,180.63,486.15}{414,180.99,487.15}{415,181.36,488.15}{416,181.73,489.15}{417,182.09,490.15}{418,182.46,491.15}{419,182.82,492.15}{420,183.19,493.15}{421,183.55,494.15}{422,183.92,495.15}{423,184.28,496.15}{424,184.65,497.15}{425,185.01,498.15}{426,185.38,499.15}{427,185.74,500.15}{428,186.11,501.15}{429,186.47,502.15}{430,186.84,503.15}{431,187.2,504.15}{432,187.56,505.15}{433,187.93,506.15}{434,188.29,507.15}{435,188.65,508.15}{436,189.02,509.15}{437,189.38,510.15}{438,189.74,511.15}{439,190.11,512.15}{440,190.47,513.15}{441,190.83,514.15}{442,191.2,515.15}{443,191.56,516.15}{444,191.92,517.15}{445,192.28,518.15}{446,192.66,519.15}{447,193.02,520.15}{448,193.38,521.15}{449,193.74,522.15}{450,194.1,523.15}{451,194.47,524.15}{452,194.83,525.15}{453,195.19,526.15}{454,195.55,527.15}{455,195.9,528.15}{456,196.26,529.15}{457,196.62,530.15}{458,196.98,531.15}{459,197.35,532.15}{460,197.71,533.15}{461,198.07,534.15}{462,198.43,535.15}{463,198.79,536.15}{464,199.15,537.15}{465,199.51,538.15}{466,199.87,539.15}{467,200.23,540.15}{468,200.59,541.15}{469,200.95,542.15}{470,201.31,543.15}{471,201.67,544.15}{472,202.03,545.15}{473,202.38,546.15}{474,202.74,547.15}{475,203.1,548.15}{476,203.46,549.15}{477,203.82,550.15}{478,204.18,551.15}{479,204.54,552.15}{480,204.9,553.15}{481,205.25,554.15}{482,205.61,555.15}{483,205.97,556.15}{484,206.33,557.15}{485,206.7,558.15}{486,207.05,559.15}{487,207.41,560.15}{488,207.77,561.15}{489,208.13,562.15}{490,208.48,563.15}{491,208.84,564.15}{492,209.2,565.15}{493,209.55,566.15}{494,209.91,567.15}{495,210.27,568.15}{496,210.62,569.15}{497,210.98,570.15}{498,211.34,571.15}{499,211.69,572.15}{500,212.05,573.15}{501,212.4,574.15}{502,212.76,575.15}{503,213.12,576.15}{504,213.47,577.15}{505,213.83,578.15}{506,214.19,579.15}{507,214.55,580.15}{508,214.9,581.15}{509,215.26,582.15}{510,215.61,583.15}{511,215.97,584.15}{512,216.32,585.15}{513,216.68,586.15}{514,217.03,587.15}{515,217.39,588.15}{516,217.73,589.15}{517,218.08,590.15}{518,218.44,591.15}{519,218.79,592.15}{520,219.15,593.15}{521,219.5,594.15}{522,219.85,595.15}{523,220.21,596.15}{524,220.56,597.15}{525,220.91,598.15}{526,221.27,599.15}{527,221.62,600.15}{528,221.97,601.15}{529,222.32,602.15}{530,222.68,603.15}{531,223.03,604.15}{532,223.38,605.15}{533,223.73,606.15}{534,224.09,607.15}{535,224.45,608.15}{536,224.8,609.15}{537,225.15,610.15}{538,225.5,611.15}{539,225.85,612.15}{540,226.21,613.15}{541,226.56,614.15}{542,226.91,615.15}{543,227.26,616.15}{544,227.61,617.15}{545,227.96,618.15}{546,228.31,619.15}{547,228.66,620.15}{548,229.01,621.15}{549,229.36,622.15}{550,229.72,623.15}{551,230.07,624.15}{552,230.42,625.15}{553,230.77,626.15}{554,231.12,627.15}{555,231.47,628.15}{556,231.81,629.15}{557,232.16,630.15}{558,232.51,631.15}{559,232.86,632.15}{560,233.21,633.15}{561,233.56,634.15}{562,233.91,635.15}{563,234.26,636.15}{564,234.6,637.15}{565,234.95,638.15}{566,235.3,639.15}{567,235.65,640.15}{568,236,641.15}{569,236.35,642.15}{570,236.7,643.15}{571,237.05,644.15}{572,237.4,645.15}{573,237.75,646.15}{574,238.09,647.15}{575,238.44,648.15}{576,238.79,649.15}{577,239.14,650.15}{578,239.48,651.15}{579,239.83,652.15}{580,240.18,653.15}{581,240.52,654.15}{582,240.87,655.15}{583,241.22,656.15}{584,241.56,657.15}{585,241.91,658.15}{586,242.25,659.15}{587,242.6,660.15}{588,242.95,661.15}{589,243.29,662.15}{590,243.64,663.15}{591,243.98,664.15}{592,244.33,665.15}{593,244.67,666.15}{594,245.02,667.15}{595,245.36,668.15}{596,245.71,669.15}{597,246.05,670.15}{598,246.4,671.15}{599,246.74,672.15}{600,247.09,673.15}{601,247.43,674.15}{602,247.78,675.15}{603,248.12,676.15}{604,248.46,677.15}{605,248.81,678.15}{606,249.15,679.15}{607,249.5,680.15}{608,249.84,681.15}{609,250.18,682.15}{610,250.53,683.15}{611,250.89,684.15}{612,251.21,685.15}{613,251.55,686.15}{614,251.9,687.15}{615,252.24,688.15}{616,252.59,689.15}{617,252.94,690.15}{618,253.28,691.15}{619,253.62,692.15}{620,253.96,693.15}{621,254.3,694.15}{622,254.65,695.15}{623,254.99,696.15}{624,255.33,697.15}{625,255.67,698.15}{626,256.01,699.15}{627,256.35,700.15}{628,256.7,701.15}{629,257.04,702.15}{630,257.38,703.15}{631,257.72,704.15}{632,258.06,705.15}{633,258.4,706.15}{634,258.74,707.15}{635,259.08,708.15}{636,259.42,709.15}{637,259.76,710.15}{638,260.1,711.15}{639,260.44,712.15}{640,260.78,713.15}{641,261.12,714.15}{642,261.46,715.15}{643,261.8,716.15}{644,262.14,717.15}{645,262.48,718.15}{646,262.83,719.15}{647,263.17,720.15}{648,263.5,721.15}{649,263.84,722.15}{650,264.18,723.15}{651,264.52,724.15}{652,264.86,725.15}{653,265.2,726.15}{654,265.54,727.15}{655,265.87,728.15}{656,266.21,729.15}{657,266.55,730.15}{658,266.89,731.15}{659,267.22,732.15}{660,267.56,733.15}{661,267.9,734.15}{662,268.24,735.15}{663,268.57,736.15}{664,268.91,737.15}{665,269.25,738.15}{666,269.58,739.15}{667,269.92,740.15}{668,270.26,741.15}{669,270.59,742.15}{670,270.93,743.15}{671,271.27,744.15}{672,271.6,745.15}{673,271.94,746.15}{674,272.27,747.15}{675,272.61,748.15}{676,272.95,749.15}{677,273.28,750.15}{678,273.62,751.15}{679,273.95,752.15}{680,274.29,753.15}{681,274.62,754.15}{682,274.96,755.15}{683,275.29,756.15}{684,275.63,757.15}{685,275.96,758.15}{686,276.31,759.15}{687,276.64,760.15}{688,276.97,761.15}{689,277.31,762.15}{690,277.64,763.15}{691,277.98,764.15}{692,278.31,765.15}{693,278.64,766.15}{694,278.98,767.15}{695,279.31,768.15}{696,279.64,769.15}{697,279.98,770.15}{698,280.31,771.15}{699,280.64,772.15}{700,280.98,773.15}{701,281.31,774.15}{702,281.64,775.15}{703,281.97,776.15}{704,282.31,777.15}{705,282.64,778.15}{706,282.97,779.15}{707,283.3,780.15}{708,283.63,781.15}{709,283.97,782.15}{710,284.3,783.15}{711,284.63,784.15}{712,284.96,785.15}{713,285.29,786.15}{714,285.62,787.15}{715,285.95,788.15}{716,286.3,789.15}{717,286.63,790.15}{718,286.96,791.15}{719,287.29,792.15}{720,287.62,793.15}{721,287.95,794.15}{722,288.28,795.15}{723,288.61,796.15}{724,288.94,797.15}{725,289.27,798.15}{726,289.6,799.15}{727,289.93,800.15}{728,290.26,801.15}{729,290.59,802.15}{730,290.92,803.15}{731,291.25,804.15}{732,291.58,805.15}{733,291.9,806.15}{734,292.23,807.15}{735,292.56,808.15}{736,292.9,809.15}{737,293.23,810.15}{738,293.56,811.15}{739,293.89,812.15}{740,294.21,813.15}{741,294.54,814.15}{742,294.87,815.15}{743,295.2,816.15}{744,295.53,817.15}{745,295.85,818.15}{746,296.18,819.15}{747,296.51,820.15}{748,296.84,821.15}{749,297.16,822.15}{750,297.49,823.15}{751,297.82,824.15}{752,298.14,825.15}{753,298.47,826.15}{754,298.8,827.15}{755,299.12,828.15}{756,299.45,829.15}{757,299.78,830.15}{758,300.1,831.15}{759,300.43,832.15}{760,300.75,833.15}{761,301.08,834.15}{762,301.41,835.15}{763,301.73,836.15}{764,302.06,837.15}{765,302.38,838.15}{766,302.71,839.15}{767,303.03,840.15}{768,303.36,841.15}{769,303.68,842.15}{770,304.01,843.15}{771,304.33,844.15}{772,304.66,845.15}{773,304.98,846.15}{774,305.3,847.15}{775,305.63,848.15}{776,305.95,849.15}{777,306.28,850.15}{778,306.6,851.15}{779,306.92,852.15}{780,307.25,853.15}{781,307.57,854.15}{782,307.89,855.15}{783,308.22,856.15}{784,308.54,857.15}{785,308.86,858.15}{786,309.19,859.15}{787,309.51,860.15}{788,309.83,861.15}{789,310.15,862.15}{790,310.48,863.15}{791,310.8,864.15}{792,311.12,865.15}{793,311.45,866.15}{794,311.78,867.15}{795,312.1,868.15}{796,312.43,869.15}{797,312.75,870.15}{798,313.07,871.15}{799,313.39,872.15}{800,313.71,873.15}{801,314.04,874.15}{802,314.36,875.15}{803,314.68,876.15}{804,315,877.15}{805,315.32,878.15}{806,315.64,879.15}{807,315.96,880.15}{808,316.28,881.15}{809,316.6,882.15}{810,316.92,883.15}{811,317.24,884.15}{812,317.56,885.15}{813,317.88,886.15}{814,318.2,887.15}{815,318.52,888.15}{816,318.85,889.15}{817,319.17,890.15}{818,319.49,891.15}{819,319.81,892.15}{820,320.12,893.15}{821,320.44,894.15}{822,320.76,895.15}{823,321.08,896.15}{824,321.4,897.15}{825,321.72,898.15}{826,322.03,899.15}{827,322.34,900.15}{828,322.66,901.15}{829,322.98,902.15}{830,323.3,903.15}{831,323.61,904.15}{832,323.93,905.15}{833,324.25,906.15}{834,324.57,907.15}{835,324.88,908.15}{836,325.21,909.15}{837,325.53,910.15}{838,325.85,911.15}{839,326.16,912.15}{840,326.48,913.15}{841,326.79,914.15}{842,327.11,915.15}{843,327.43,916.15}{844,327.74,917.15}{845,328.06,918.15}{846,328.38,919.15}{847,328.69,920.15}{848,329.01,921.15}{849,329.32,922.15}{850,329.64,923.15}{851,329.95,924.15}{852,330.27,925.15}{853,330.58,926.15}{854,330.9,927.15}{855,331.21,928.15}{856,331.53,929.15}{857,331.84,930.15}{858,332.16,931.15}{859,332.47,932.15}{860,332.79,933.15}{861,333.1,934.15}{862,333.41,935.15}{863,333.73,936.15}{864,334.04,937.15}{865,334.36,938.15}{866,334.68,939.15}{867,334.99,940.15}{868,335.31,941.15}{869,335.62,942.15}{870,335.93,943.15}{871,336.25,944.15}{872,336.56,945.15}{873,336.87,946.15}{874,337.18,947.15}{875,337.5,948.15}{876,337.81,949.15}{877,338.12,950.15}{878,338.43,951.15}{879,338.75,952.15}{880,339.06,953.15}{881,339.37,954.15}{882,339.68,955.15}{883,339.99,956.15}{884,340.3,957.15}{885,340.62,958.15}{886,340.94,959.15}{887,341.25,960.15}{888,341.55,961.15}{889,341.87,962.15}{890,342.18,963.15}{891,342.49,964.15}{892,342.8,965.15}{893,343.11,966.15}{894,343.42,967.15}{895,343.73,968.15}{896,344.04,969.15}{897,344.35,970.15}{898,344.66,971.15}{899,344.97,972.15}{900,345.28,973.15}{901,345.59,974.15}{902,345.9,975.15}{903,346.21,976.15}{904,346.52,977.15}{905,346.83,978.15}{906,347.15,979.15}{907,347.46,980.15}{908,347.76,981.15}{909,348.07,982.15}{910,348.38,983.15}{911,348.69,984.15}{912,349,985.15}{913,349.31,986.15}{914,349.61,987.15}{915,349.92,988.15}{916,350.23,989.15}{917,350.54,990.15}{918,350.85,991.15}{919,351.15,992.15}{920,351.46,993.15}{921,351.77,994.15}{922,352.07,995.15}{923,352.38,996.15}{924,352.69,997.15}{925,352.99,998.15}{926,353.3,999.15}{927,353.61,1000.15}{928,353.91,1001.15}{929,354.22,1002.15}{930,354.53,1003.15}{931,354.83,1004.15}{932,355.14,1005.15}{933,355.44,1006.15}{934,355.75,1007.15}{935,356.06,1008.15}{936,356.37,1009.15}{937,356.68,1010.15}{938,356.98,1011.15}{939,357.29,1012.15}{940,357.59,1013.15}{941,357.9,1014.15}{942,358.2,1015.15}{943,358.51,1016.15}{944,358.81,1017.15}{945,359.12,1018.15}{946,359.42,1019.15}{947,359.72,1020.15}{948,360.03,1021.15}{949,360.33,1022.15}{950,360.64,1023.15}{951,360.94,1024.15}{952,361.24,1025.15}{953,361.55,1026.15}{954,361.85,1027.15}{955,362.15,1028.15}{956,362.46,1029.15}{957,362.76,1030.15}{958,363.06,1031.15}{959,363.36,1032.15}{960,363.67,1033.15}{961,363.97,1034.15}{962,364.27,1035.15}{963,364.57,1036.15}{964,364.88,1037.15}{965,365.18,1038.15}{966,365.49,1039.15}{967,365.79,1040.15}{968,366.09,1041.15}{969,366.4,1042.15}{970,366.7,1043.15}{971,367,1044.15}{972,367.3,1045.15}{973,367.6,1046.15}{974,367.9,1047.15}{975,368.2,1048.15}{976,368.5,1049.15}{977,368.81,1050.15}{978,369.11,1051.15}{979,369.41,1052.15}{980,369.71,1053.15}{981,370.01,1054.15}{982,370.31,1055.15}{983,370.61,1056.15}{984,370.91,1057.15}{985,371.21,1058.15}{986,371.52,1059.15}{987,371.82,1060.15}{988,372.12,1061.15}{989,372.41,1062.15}{990,372.71,1063.15}{991,373.01,1064.15}{992,373.31,1065.15}{993,373.61,1066.15}{994,373.91,1067.15}{995,374.21,1068.15}{996,374.51,1069.15}{997,374.8,1070.15}{998,375.1,1071.15}{999,375.4,1072.15}{1000,375.7,1073.15}{1001,376,1074.15}{1002,376.29,1075.15}{1003,376.59,1076.15}{1004,376.89,1077.15}{1005,377.19,1078.15}{1006,377.49,1079.15}{1007,377.79,1080.15}{1008,378.09,1081.15}{1009,378.39,1082.15}{1010,378.68,1083.15}{1011,378.98,1084.15}{1012,379.28,1085.15}{1013,379.57,1086.15}{1014,379.87,1087.15}{1015,380.17,1088.15}{1016,380.46,1089.15}{1017,380.76,1090.15}{1018,381.05,1091.15}{1019,381.35,1092.15}{1020,381.65,1093.15}{1021,381.94,1094.15}{1022,382.24,1095.15}{1023,382.53,1096.15}{1024,382.83,1097.15}{1025,383.12,1098.15}{1026,383.42,1099.15}{1027,383.71,1100.15}{1028,384.01,1101.15}{1029,384.3,1102.15}{1030,384.6,1103.15}{1031,384.89,1104.15}{1032,385.18,1105.15}{1033,385.48,1106.15}{1034,385.77,1107.15}{1035,386.07,1108.15}{1036,386.37,1109.15}{1037,386.66,1110.15}{1038,386.96,1111.15}{1039,387.25,1112.15}{1040,387.55,1113.15}{1041,387.84,1114.15}{1042,388.13,1115.15}{1043,388.42,1116.15}{1044,388.72,1117.15}{1045,389.01,1118.15}{1046,389.31,1119.15}{1047,389.61,1120.15}{1048,389.9,1121.15}{1049,390.19,1122.15}{1050,390.48,1123.15}&quot;"/>
                                                <instance name="dev01/Config/ch00011/Calibration_Sensor_Curve" order="0" value="&quot;{0,18.52,73.15}{1,18.96,74.15}{2,19.39,75.15}{3,19.82,76.15}{4,20.25,77.15}{5,20.68,78.15}{6,21.11,79.15}{7,21.54,80.15}{8,21.97,81.15}{9,22.4,82.15}{10,22.83,83.15}{11,23.26,84.15}{12,23.69,85.15}{13,24.12,86.15}{14,24.55,87.15}{15,24.97,88.15}{16,25.39,89.15}{17,25.82,90.15}{18,26.25,91.15}{19,26.67,92.15}{20,27.1,93.15}{21,27.52,94.15}{22,27.95,95.15}{23,28.37,96.15}{24,28.8,97.15}{25,29.22,98.15}{26,29.65,99.15}{27,30.07,100.15}{28,30.49,101.15}{29,30.92,102.15}{30,31.34,103.15}{31,31.76,104.15}{32,32.18,105.15}{33,32.61,106.15}{34,33.03,107.15}{35,33.45,108.15}{36,33.86,109.15}{37,34.28,110.15}{38,34.7,111.15}{39,35.12,112.15}{40,35.54,113.15}{41,35.96,114.15}{42,36.38,115.15}{43,36.8,116.15}{44,37.22,117.15}{45,37.63,118.15}{46,38.05,119.15}{47,38.47,120.15}{48,38.89,121.15}{49,39.31,122.15}{50,39.72,123.15}{51,40.14,124.15}{52,40.56,125.15}{53,40.97,126.15}{54,41.39,127.15}{55,41.8,128.15}{56,42.22,129.15}{57,42.64,130.15}{58,43.05,131.15}{59,43.46,132.15}{60,43.88,133.15}{61,44.29,134.15}{62,44.71,135.15}{63,45.12,136.15}{64,45.53,137.15}{65,45.95,138.15}{66,46.35,139.15}{67,46.76,140.15}{68,47.18,141.15}{69,47.59,142.15}{70,48,143.15}{71,48.41,144.15}{72,48.82,145.15}{73,49.23,146.15}{74,49.64,147.15}{75,50.06,148.15}{76,50.47,149.15}{77,50.88,150.15}{78,51.29,151.15}{79,51.7,152.15}{80,52.11,153.15}{81,52.52,154.15}{82,52.92,155.15}{83,53.33,156.15}{84,53.74,157.15}{85,54.15,158.15}{86,54.56,159.15}{87,54.97,160.15}{88,55.38,161.15}{89,55.78,162.15}{90,56.19,163.15}{91,56.6,164.15}{92,57,165.15}{93,57.41,166.15}{94,57.82,167.15}{95,58.22,168.15}{96,58.63,169.15}{97,59.04,170.15}{98,59.44,171.15}{99,59.85,172.15}{100,60.26,173.15}{101,60.67,174.15}{102,61.07,175.15}{103,61.48,176.15}{104,61.87,177.15}{105,62.29,178.15}{106,62.69,179.15}{107,63.1,180.15}{108,63.5,181.15}{109,63.91,182.15}{110,64.3,183.15}{111,64.7,184.15}{112,65.11,185.15}{113,65.51,186.15}{114,65.91,187.15}{115,66.31,188.15}{116,66.72,189.15}{117,67.12,190.15}{118,67.52,191.15}{119,67.92,192.15}{120,68.33,193.15}{121,68.73,194.15}{122,69.13,195.15}{123,69.53,196.15}{124,69.93,197.15}{125,70.33,198.15}{126,70.73,199.15}{127,71.13,200.15}{128,71.53,201.15}{129,71.93,202.15}{130,72.33,203.15}{131,72.73,204.15}{132,73.13,205.15}{133,73.53,206.15}{134,73.93,207.15}{135,74.33,208.15}{136,74.73,209.15}{137,75.13,210.15}{138,75.53,211.15}{139,75.93,212.15}{140,76.33,213.15}{141,76.73,214.15}{142,77.13,215.15}{143,77.52,216.15}{144,77.92,217.15}{145,78.32,218.15}{146,78.72,219.15}{147,79.11,220.15}{148,79.51,221.15}{149,79.91,222.15}{150,80.31,223.15}{151,80.7,224.15}{152,81.1,225.15}{153,81.5,226.15}{154,81.89,227.15}{155,82.29,228.15}{156,82.69,229.15}{157,83.08,230.15}{158,83.48,231.15}{159,83.88,232.15}{160,84.27,233.15}{161,84.67,234.15}{162,85.06,235.15}{163,85.46,236.15}{164,85.85,237.15}{165,86.25,238.15}{166,86.64,239.15}{167,87.04,240.15}{168,87.43,241.15}{169,87.83,242.15}{170,88.22,243.15}{171,88.62,244.15}{172,89.01,245.15}{173,89.4,246.15}{174,89.8,247.15}{175,90.19,248.15}{176,90.59,249.15}{177,90.98,250.15}{178,91.37,251.15}{179,91.77,252.15}{180,92.16,253.15}{181,92.55,254.15}{182,92.95,255.15}{183,93.34,256.15}{184,93.73,257.15}{185,94.12,258.15}{186,94.52,259.15}{187,94.91,260.15}{188,95.3,261.15}{189,95.69,262.15}{190,96.09,263.15}{191,96.48,264.15}{192,96.87,265.15}{193,97.26,266.15}{194,97.65,267.15}{195,98.04,268.15}{196,98.44,269.15}{197,98.83,270.15}{198,99.22,271.15}{199,99.61,272.15}{200,100,273.15}{201,100.39,274.15}{202,100.78,275.15}{203,101.17,276.15}{204,101.56,277.15}{205,101.95,278.15}{206,102.34,279.15}{207,102.73,280.15}{208,103.12,281.15}{209,103.51,282.15}{210,103.9,283.15}{211,104.29,284.15}{212,104.68,285.15}{213,105.07,286.15}{214,105.46,287.15}{215,105.85,288.15}{216,106.24,289.15}{217,106.63,290.15}{218,107.02,291.15}{219,107.4,292.15}{220,107.79,293.15}{221,108.18,294.15}{222,108.57,295.15}{223,108.96,296.15}{224,109.35,297.15}{225,109.73,298.15}{226,110.12,299.15}{227,110.51,300.15}{228,110.9,301.15}{229,111.28,302.15}{230,111.67,303.15}{231,112.06,304.15}{232,112.45,305.15}{233,112.83,306.15}{234,113.22,307.15}{235,113.61,308.15}{236,113.99,309.15}{237,114.38,310.15}{238,114.77,311.15}{239,115.15,312.15}{240,115.54,313.15}{241,115.93,314.15}{242,116.31,315.15}{243,116.7,316.15}{244,117.08,317.15}{245,117.47,318.15}{246,117.85,319.15}{247,118.24,320.15}{248,118.62,321.15}{249,119.01,322.15}{250,119.4,323.15}{251,119.78,324.15}{252,120.16,325.15}{253,120.55,326.15}{254,120.93,327.15}{255,121.32,328.15}{256,121.7,329.15}{257,122.09,330.15}{258,122.47,331.15}{259,122.86,332.15}{260,123.24,333.15}{261,123.62,334.15}{262,124.01,335.15}{263,124.39,336.15}{264,124.77,337.15}{265,125.17,338.15}{266,125.55,339.15}{267,125.93,340.15}{268,126.32,341.15}{269,126.7,342.15}{270,127.08,343.15}{271,127.46,344.15}{272,127.85,345.15}{273,128.23,346.15}{274,128.61,347.15}{275,128.99,348.15}{276,129.38,349.15}{277,129.76,350.15}{278,130.14,351.15}{279,130.52,352.15}{280,130.9,353.15}{281,131.28,354.15}{282,131.67,355.15}{283,132.05,356.15}{284,132.43,357.15}{285,132.81,358.15}{286,133.19,359.15}{287,133.57,360.15}{288,133.95,361.15}{289,134.33,362.15}{290,134.71,363.15}{291,135.09,364.15}{292,135.47,365.15}{293,135.85,366.15}{294,136.23,367.15}{295,136.61,368.15}{296,136.99,369.15}{297,137.37,370.15}{298,137.75,371.15}{299,138.13,372.15}{300,138.51,373.15}{301,138.89,374.15}{302,139.27,375.15}{303,139.65,376.15}{304,140.03,377.15}{305,140.39,378.15}{306,140.77,379.15}{307,141.15,380.15}{308,141.53,381.15}{309,141.91,382.15}{310,142.29,383.15}{311,142.66,384.15}{312,143.04,385.15}{313,143.42,386.15}{314,143.8,387.15}{315,144.18,388.15}{316,144.56,389.15}{317,144.94,390.15}{318,145.32,391.15}{319,145.69,392.15}{320,146.07,393.15}{321,146.45,394.15}{322,146.82,395.15}{323,147.2,396.15}{324,147.58,397.15}{325,147.95,398.15}{326,148.33,399.15}{327,148.71,400.15}{328,149.08,401.15}{329,149.46,402.15}{330,149.83,403.15}{331,150.21,404.15}{332,150.58,405.15}{333,150.96,406.15}{334,151.34,407.15}{335,151.71,408.15}{336,152.09,409.15}{337,152.46,410.15}{338,152.84,411.15}{339,153.21,412.15}{340,153.58,413.15}{341,153.95,414.15}{342,154.32,415.15}{343,154.71,416.15}{344,155.08,417.15}{345,155.46,418.15}{346,155.83,419.15}{347,156.21,420.15}{348,156.58,421.15}{349,156.96,422.15}{350,157.33,423.15}{351,157.71,424.15}{352,158.08,425.15}{353,158.45,426.15}{354,158.83,427.15}{355,159.2,428.15}{356,159.56,429.15}{357,159.94,430.15}{358,160.31,431.15}{359,160.68,432.15}{360,161.05,433.15}{361,161.43,434.15}{362,161.8,435.15}{363,162.17,436.15}{364,162.54,437.15}{365,162.91,438.15}{366,163.28,439.15}{367,163.66,440.15}{368,164.03,441.15}{369,164.4,442.15}{370,164.77,443.15}{371,165.14,444.15}{372,165.51,445.15}{373,165.88,446.15}{374,166.25,447.15}{375,166.62,448.15}{376,167,449.15}{377,167.37,450.15}{378,167.74,451.15}{379,168.11,452.15}{380,168.48,453.15}{381,168.85,454.15}{382,169.22,455.15}{383,169.59,456.15}{384,169.96,457.15}{385,170.33,458.15}{386,170.69,459.15}{387,171.06,460.15}{388,171.43,461.15}{389,171.8,462.15}{390,172.17,463.15}{391,172.54,464.15}{392,172.91,465.15}{393,173.27,466.15}{394,173.64,467.15}{395,174.01,468.15}{396,174.39,469.15}{397,174.75,470.15}{398,175.12,471.15}{399,175.49,472.15}{400,175.86,473.15}{401,176.23,474.15}{402,176.59,475.15}{403,176.96,476.15}{404,177.33,477.15}{405,177.7,478.15}{406,178.06,479.15}{407,178.43,480.15}{408,178.8,481.15}{409,179.16,482.15}{410,179.53,483.15}{411,179.9,484.15}{412,180.26,485.15}{413,180.63,486.15}{414,180.99,487.15}{415,181.36,488.15}{416,181.73,489.15}{417,182.09,490.15}{418,182.46,491.15}{419,182.82,492.15}{420,183.19,493.15}{421,183.55,494.15}{422,183.92,495.15}{423,184.28,496.15}{424,184.65,497.15}{425,185.01,498.15}{426,185.38,499.15}{427,185.74,500.15}{428,186.11,501.15}{429,186.47,502.15}{430,186.84,503.15}{431,187.2,504.15}{432,187.56,505.15}{433,187.93,506.15}{434,188.29,507.15}{435,188.65,508.15}{436,189.02,509.15}{437,189.38,510.15}{438,189.74,511.15}{439,190.11,512.15}{440,190.47,513.15}{441,190.83,514.15}{442,191.2,515.15}{443,191.56,516.15}{444,191.92,517.15}{445,192.28,518.15}{446,192.66,519.15}{447,193.02,520.15}{448,193.38,521.15}{449,193.74,522.15}{450,194.1,523.15}{451,194.47,524.15}{452,194.83,525.15}{453,195.19,526.15}{454,195.55,527.15}{455,195.9,528.15}{456,196.26,529.15}{457,196.62,530.15}{458,196.98,531.15}{459,197.35,532.15}{460,197.71,533.15}{461,198.07,534.15}{462,198.43,535.15}{463,198.79,536.15}{464,199.15,537.15}{465,199.51,538.15}{466,199.87,539.15}{467,200.23,540.15}{468,200.59,541.15}{469,200.95,542.15}{470,201.31,543.15}{471,201.67,544.15}{472,202.03,545.15}{473,202.38,546.15}{474,202.74,547.15}{475,203.1,548.15}{476,203.46,549.15}{477,203.82,550.15}{478,204.18,551.15}{479,204.54,552.15}{480,204.9,553.15}{481,205.25,554.15}{482,205.61,555.15}{483,205.97,556.15}{484,206.33,557.15}{485,206.7,558.15}{486,207.05,559.15}{487,207.41,560.15}{488,207.77,561.15}{489,208.13,562.15}{490,208.48,563.15}{491,208.84,564.15}{492,209.2,565.15}{493,209.55,566.15}{494,209.91,567.15}{495,210.27,568.15}{496,210.62,569.15}{497,210.98,570.15}{498,211.34,571.15}{499,211.69,572.15}{500,212.05,573.15}{501,212.4,574.15}{502,212.76,575.15}{503,213.12,576.15}{504,213.47,577.15}{505,213.83,578.15}{506,214.19,579.15}{507,214.55,580.15}{508,214.9,581.15}{509,215.26,582.15}{510,215.61,583.15}{511,215.97,584.15}{512,216.32,585.15}{513,216.68,586.15}{514,217.03,587.15}{515,217.39,588.15}{516,217.73,589.15}{517,218.08,590.15}{518,218.44,591.15}{519,218.79,592.15}{520,219.15,593.15}{521,219.5,594.15}{522,219.85,595.15}{523,220.21,596.15}{524,220.56,597.15}{525,220.91,598.15}{526,221.27,599.15}{527,221.62,600.15}{528,221.97,601.15}{529,222.32,602.15}{530,222.68,603.15}{531,223.03,604.15}{532,223.38,605.15}{533,223.73,606.15}{534,224.09,607.15}{535,224.45,608.15}{536,224.8,609.15}{537,225.15,610.15}{538,225.5,611.15}{539,225.85,612.15}{540,226.21,613.15}{541,226.56,614.15}{542,226.91,615.15}{543,227.26,616.15}{544,227.61,617.15}{545,227.96,618.15}{546,228.31,619.15}{547,228.66,620.15}{548,229.01,621.15}{549,229.36,622.15}{550,229.72,623.15}{551,230.07,624.15}{552,230.42,625.15}{553,230.77,626.15}{554,231.12,627.15}{555,231.47,628.15}{556,231.81,629.15}{557,232.16,630.15}{558,232.51,631.15}{559,232.86,632.15}{560,233.21,633.15}{561,233.56,634.15}{562,233.91,635.15}{563,234.26,636.15}{564,234.6,637.15}{565,234.95,638.15}{566,235.3,639.15}{567,235.65,640.15}{568,236,641.15}{569,236.35,642.15}{570,236.7,643.15}{571,237.05,644.15}{572,237.4,645.15}{573,237.75,646.15}{574,238.09,647.15}{575,238.44,648.15}{576,238.79,649.15}{577,239.14,650.15}{578,239.48,651.15}{579,239.83,652.15}{580,240.18,653.15}{581,240.52,654.15}{582,240.87,655.15}{583,241.22,656.15}{584,241.56,657.15}{585,241.91,658.15}{586,242.25,659.15}{587,242.6,660.15}{588,242.95,661.15}{589,243.29,662.15}{590,243.64,663.15}{591,243.98,664.15}{592,244.33,665.15}{593,244.67,666.15}{594,245.02,667.15}{595,245.36,668.15}{596,245.71,669.15}{597,246.05,670.15}{598,246.4,671.15}{599,246.74,672.15}{600,247.09,673.15}{601,247.43,674.15}{602,247.78,675.15}{603,248.12,676.15}{604,248.46,677.15}{605,248.81,678.15}{606,249.15,679.15}{607,249.5,680.15}{608,249.84,681.15}{609,250.18,682.15}{610,250.53,683.15}{611,250.89,684.15}{612,251.21,685.15}{613,251.55,686.15}{614,251.9,687.15}{615,252.24,688.15}{616,252.59,689.15}{617,252.94,690.15}{618,253.28,691.15}{619,253.62,692.15}{620,253.96,693.15}{621,254.3,694.15}{622,254.65,695.15}{623,254.99,696.15}{624,255.33,697.15}{625,255.67,698.15}{626,256.01,699.15}{627,256.35,700.15}{628,256.7,701.15}{629,257.04,702.15}{630,257.38,703.15}{631,257.72,704.15}{632,258.06,705.15}{633,258.4,706.15}{634,258.74,707.15}{635,259.08,708.15}{636,259.42,709.15}{637,259.76,710.15}{638,260.1,711.15}{639,260.44,712.15}{640,260.78,713.15}{641,261.12,714.15}{642,261.46,715.15}{643,261.8,716.15}{644,262.14,717.15}{645,262.48,718.15}{646,262.83,719.15}{647,263.17,720.15}{648,263.5,721.15}{649,263.84,722.15}{650,264.18,723.15}{651,264.52,724.15}{652,264.86,725.15}{653,265.2,726.15}{654,265.54,727.15}{655,265.87,728.15}{656,266.21,729.15}{657,266.55,730.15}{658,266.89,731.15}{659,267.22,732.15}{660,267.56,733.15}{661,267.9,734.15}{662,268.24,735.15}{663,268.57,736.15}{664,268.91,737.15}{665,269.25,738.15}{666,269.58,739.15}{667,269.92,740.15}{668,270.26,741.15}{669,270.59,742.15}{670,270.93,743.15}{671,271.27,744.15}{672,271.6,745.15}{673,271.94,746.15}{674,272.27,747.15}{675,272.61,748.15}{676,272.95,749.15}{677,273.28,750.15}{678,273.62,751.15}{679,273.95,752.15}{680,274.29,753.15}{681,274.62,754.15}{682,274.96,755.15}{683,275.29,756.15}{684,275.63,757.15}{685,275.96,758.15}{686,276.31,759.15}{687,276.64,760.15}{688,276.97,761.15}{689,277.31,762.15}{690,277.64,763.15}{691,277.98,764.15}{692,278.31,765.15}{693,278.64,766.15}{694,278.98,767.15}{695,279.31,768.15}{696,279.64,769.15}{697,279.98,770.15}{698,280.31,771.15}{699,280.64,772.15}{700,280.98,773.15}{701,281.31,774.15}{702,281.64,775.15}{703,281.97,776.15}{704,282.31,777.15}{705,282.64,778.15}{706,282.97,779.15}{707,283.3,780.15}{708,283.63,781.15}{709,283.97,782.15}{710,284.3,783.15}{711,284.63,784.15}{712,284.96,785.15}{713,285.29,786.15}{714,285.62,787.15}{715,285.95,788.15}{716,286.3,789.15}{717,286.63,790.15}{718,286.96,791.15}{719,287.29,792.15}{720,287.62,793.15}{721,287.95,794.15}{722,288.28,795.15}{723,288.61,796.15}{724,288.94,797.15}{725,289.27,798.15}{726,289.6,799.15}{727,289.93,800.15}{728,290.26,801.15}{729,290.59,802.15}{730,290.92,803.15}{731,291.25,804.15}{732,291.58,805.15}{733,291.9,806.15}{734,292.23,807.15}{735,292.56,808.15}{736,292.9,809.15}{737,293.23,810.15}{738,293.56,811.15}{739,293.89,812.15}{740,294.21,813.15}{741,294.54,814.15}{742,294.87,815.15}{743,295.2,816.15}{744,295.53,817.15}{745,295.85,818.15}{746,296.18,819.15}{747,296.51,820.15}{748,296.84,821.15}{749,297.16,822.15}{750,297.49,823.15}{751,297.82,824.15}{752,298.14,825.15}{753,298.47,826.15}{754,298.8,827.15}{755,299.12,828.15}{756,299.45,829.15}{757,299.78,830.15}{758,300.1,831.15}{759,300.43,832.15}{760,300.75,833.15}{761,301.08,834.15}{762,301.41,835.15}{763,301.73,836.15}{764,302.06,837.15}{765,302.38,838.15}{766,302.71,839.15}{767,303.03,840.15}{768,303.36,841.15}{769,303.68,842.15}{770,304.01,843.15}{771,304.33,844.15}{772,304.66,845.15}{773,304.98,846.15}{774,305.3,847.15}{775,305.63,848.15}{776,305.95,849.15}{777,306.28,850.15}{778,306.6,851.15}{779,306.92,852.15}{780,307.25,853.15}{781,307.57,854.15}{782,307.89,855.15}{783,308.22,856.15}{784,308.54,857.15}{785,308.86,858.15}{786,309.19,859.15}{787,309.51,860.15}{788,309.83,861.15}{789,310.15,862.15}{790,310.48,863.15}{791,310.8,864.15}{792,311.12,865.15}{793,311.45,866.15}{794,311.78,867.15}{795,312.1,868.15}{796,312.43,869.15}{797,312.75,870.15}{798,313.07,871.15}{799,313.39,872.15}{800,313.71,873.15}{801,314.04,874.15}{802,314.36,875.15}{803,314.68,876.15}{804,315,877.15}{805,315.32,878.15}{806,315.64,879.15}{807,315.96,880.15}{808,316.28,881.15}{809,316.6,882.15}{810,316.92,883.15}{811,317.24,884.15}{812,317.56,885.15}{813,317.88,886.15}{814,318.2,887.15}{815,318.52,888.15}{816,318.85,889.15}{817,319.17,890.15}{818,319.49,891.15}{819,319.81,892.15}{820,320.12,893.15}{821,320.44,894.15}{822,320.76,895.15}{823,321.08,896.15}{824,321.4,897.15}{825,321.72,898.15}{826,322.03,899.15}{827,322.34,900.15}{828,322.66,901.15}{829,322.98,902.15}{830,323.3,903.15}{831,323.61,904.15}{832,323.93,905.15}{833,324.25,906.15}{834,324.57,907.15}{835,324.88,908.15}{836,325.21,909.15}{837,325.53,910.15}{838,325.85,911.15}{839,326.16,912.15}{840,326.48,913.15}{841,326.79,914.15}{842,327.11,915.15}{843,327.43,916.15}{844,327.74,917.15}{845,328.06,918.15}{846,328.38,919.15}{847,328.69,920.15}{848,329.01,921.15}{849,329.32,922.15}{850,329.64,923.15}{851,329.95,924.15}{852,330.27,925.15}{853,330.58,926.15}{854,330.9,927.15}{855,331.21,928.15}{856,331.53,929.15}{857,331.84,930.15}{858,332.16,931.15}{859,332.47,932.15}{860,332.79,933.15}{861,333.1,934.15}{862,333.41,935.15}{863,333.73,936.15}{864,334.04,937.15}{865,334.36,938.15}{866,334.68,939.15}{867,334.99,940.15}{868,335.31,941.15}{869,335.62,942.15}{870,335.93,943.15}{871,336.25,944.15}{872,336.56,945.15}{873,336.87,946.15}{874,337.18,947.15}{875,337.5,948.15}{876,337.81,949.15}{877,338.12,950.15}{878,338.43,951.15}{879,338.75,952.15}{880,339.06,953.15}{881,339.37,954.15}{882,339.68,955.15}{883,339.99,956.15}{884,340.3,957.15}{885,340.62,958.15}{886,340.94,959.15}{887,341.25,960.15}{888,341.55,961.15}{889,341.87,962.15}{890,342.18,963.15}{891,342.49,964.15}{892,342.8,965.15}{893,343.11,966.15}{894,343.42,967.15}{895,343.73,968.15}{896,344.04,969.15}{897,344.35,970.15}{898,344.66,971.15}{899,344.97,972.15}{900,345.28,973.15}{901,345.59,974.15}{902,345.9,975.15}{903,346.21,976.15}{904,346.52,977.15}{905,346.83,978.15}{906,347.15,979.15}{907,347.46,980.15}{908,347.76,981.15}{909,348.07,982.15}{910,348.38,983.15}{911,348.69,984.15}{912,349,985.15}{913,349.31,986.15}{914,349.61,987.15}{915,349.92,988.15}{916,350.23,989.15}{917,350.54,990.15}{918,350.85,991.15}{919,351.15,992.15}{920,351.46,993.15}{921,351.77,994.15}{922,352.07,995.15}{923,352.38,996.15}{924,352.69,997.15}{925,352.99,998.15}{926,353.3,999.15}{927,353.61,1000.15}{928,353.91,1001.15}{929,354.22,1002.15}{930,354.53,1003.15}{931,354.83,1004.15}{932,355.14,1005.15}{933,355.44,1006.15}{934,355.75,1007.15}{935,356.06,1008.15}{936,356.37,1009.15}{937,356.68,1010.15}{938,356.98,1011.15}{939,357.29,1012.15}{940,357.59,1013.15}{941,357.9,1014.15}{942,358.2,1015.15}{943,358.51,1016.15}{944,358.81,1017.15}{945,359.12,1018.15}{946,359.42,1019.15}{947,359.72,1020.15}{948,360.03,1021.15}{949,360.33,1022.15}{950,360.64,1023.15}{951,360.94,1024.15}{952,361.24,1025.15}{953,361.55,1026.15}{954,361.85,1027.15}{955,362.15,1028.15}{956,362.46,1029.15}{957,362.76,1030.15}{958,363.06,1031.15}{959,363.36,1032.15}{960,363.67,1033.15}{961,363.97,1034.15}{962,364.27,1035.15}{963,364.57,1036.15}{964,364.88,1037.15}{965,365.18,1038.15}{966,365.49,1039.15}{967,365.79,1040.15}{968,366.09,1041.15}{969,366.4,1042.15}{970,366.7,1043.15}{971,367,1044.15}{972,367.3,1045.15}{973,367.6,1046.15}{974,367.9,1047.15}{975,368.2,1048.15}{976,368.5,1049.15}{977,368.81,1050.15}{978,369.11,1051.15}{979,369.41,1052.15}{980,369.71,1053.15}{981,370.01,1054.15}{982,370.31,1055.15}{983,370.61,1056.15}{984,370.91,1057.15}{985,371.21,1058.15}{986,371.52,1059.15}{987,371.82,1060.15}{988,372.12,1061.15}{989,372.41,1062.15}{990,372.71,1063.15}{991,373.01,1064.15}{992,373.31,1065.15}{993,373.61,1066.15}{994,373.91,1067.15}{995,374.21,1068.15}{996,374.51,1069.15}{997,374.8,1070.15}{998,375.1,1071.15}{999,375.4,1072.15}{1000,375.7,1073.15}{1001,376,1074.15}{1002,376.29,1075.15}{1003,376.59,1076.15}{1004,376.89,1077.15}{1005,377.19,1078.15}{1006,377.49,1079.15}{1007,377.79,1080.15}{1008,378.09,1081.15}{1009,378.39,1082.15}{1010,378.68,1083.15}{1011,378.98,1084.15}{1012,379.28,1085.15}{1013,379.57,1086.15}{1014,379.87,1087.15}{1015,380.17,1088.15}{1016,380.46,1089.15}{1017,380.76,1090.15}{1018,381.05,1091.15}{1019,381.35,1092.15}{1020,381.65,1093.15}{1021,381.94,1094.15}{1022,382.24,1095.15}{1023,382.53,1096.15}{1024,382.83,1097.15}{1025,383.12,1098.15}{1026,383.42,1099.15}{1027,383.71,1100.15}{1028,384.01,1101.15}{1029,384.3,1102.15}{1030,384.6,1103.15}{1031,384.89,1104.15}{1032,385.18,1105.15}{1033,385.48,1106.15}{1034,385.77,1107.15}{1035,386.07,1108.15}{1036,386.37,1109.15}{1037,386.66,1110.15}{1038,386.96,1111.15}{1039,387.25,1112.15}{1040,387.55,1113.15}{1041,387.84,1114.15}{1042,388.13,1115.15}{1043,388.42,1116.15}{1044,388.72,1117.15}{1045,389.01,1118.15}{1046,389.31,1119.15}{1047,389.61,1120.15}{1048,389.9,1121.15}{1049,390.19,1122.15}{1050,390.48,1123.15}&quot;"/>
                                                <instance name="dev02/Config/ch00009/Minimum_Range" order="0" value="-24"/>
                                                <instance name="dev01/Config/ch00002/Calibration_Sensor_Minimum_Range" order="0" value="73.15"/>
                                                <instance name="dev01/Config/ch00012/Calibration_Sensor_Curve" order="0" value="&quot;{0,18.52,73.15}{1,18.96,74.15}{2,19.39,75.15}{3,19.82,76.15}{4,20.25,77.15}{5,20.68,78.15}{6,21.11,79.15}{7,21.54,80.15}{8,21.97,81.15}{9,22.4,82.15}{10,22.83,83.15}{11,23.26,84.15}{12,23.69,85.15}{13,24.12,86.15}{14,24.55,87.15}{15,24.97,88.15}{16,25.39,89.15}{17,25.82,90.15}{18,26.25,91.15}{19,26.67,92.15}{20,27.1,93.15}{21,27.52,94.15}{22,27.95,95.15}{23,28.37,96.15}{24,28.8,97.15}{25,29.22,98.15}{26,29.65,99.15}{27,30.07,100.15}{28,30.49,101.15}{29,30.92,102.15}{30,31.34,103.15}{31,31.76,104.15}{32,32.18,105.15}{33,32.61,106.15}{34,33.03,107.15}{35,33.45,108.15}{36,33.86,109.15}{37,34.28,110.15}{38,34.7,111.15}{39,35.12,112.15}{40,35.54,113.15}{41,35.96,114.15}{42,36.38,115.15}{43,36.8,116.15}{44,37.22,117.15}{45,37.63,118.15}{46,38.05,119.15}{47,38.47,120.15}{48,38.89,121.15}{49,39.31,122.15}{50,39.72,123.15}{51,40.14,124.15}{52,40.56,125.15}{53,40.97,126.15}{54,41.39,127.15}{55,41.8,128.15}{56,42.22,129.15}{57,42.64,130.15}{58,43.05,131.15}{59,43.46,132.15}{60,43.88,133.15}{61,44.29,134.15}{62,44.71,135.15}{63,45.12,136.15}{64,45.53,137.15}{65,45.95,138.15}{66,46.35,139.15}{67,46.76,140.15}{68,47.18,141.15}{69,47.59,142.15}{70,48,143.15}{71,48.41,144.15}{72,48.82,145.15}{73,49.23,146.15}{74,49.64,147.15}{75,50.06,148.15}{76,50.47,149.15}{77,50.88,150.15}{78,51.29,151.15}{79,51.7,152.15}{80,52.11,153.15}{81,52.52,154.15}{82,52.92,155.15}{83,53.33,156.15}{84,53.74,157.15}{85,54.15,158.15}{86,54.56,159.15}{87,54.97,160.15}{88,55.38,161.15}{89,55.78,162.15}{90,56.19,163.15}{91,56.6,164.15}{92,57,165.15}{93,57.41,166.15}{94,57.82,167.15}{95,58.22,168.15}{96,58.63,169.15}{97,59.04,170.15}{98,59.44,171.15}{99,59.85,172.15}{100,60.26,173.15}{101,60.67,174.15}{102,61.07,175.15}{103,61.48,176.15}{104,61.87,177.15}{105,62.29,178.15}{106,62.69,179.15}{107,63.1,180.15}{108,63.5,181.15}{109,63.91,182.15}{110,64.3,183.15}{111,64.7,184.15}{112,65.11,185.15}{113,65.51,186.15}{114,65.91,187.15}{115,66.31,188.15}{116,66.72,189.15}{117,67.12,190.15}{118,67.52,191.15}{119,67.92,192.15}{120,68.33,193.15}{121,68.73,194.15}{122,69.13,195.15}{123,69.53,196.15}{124,69.93,197.15}{125,70.33,198.15}{126,70.73,199.15}{127,71.13,200.15}{128,71.53,201.15}{129,71.93,202.15}{130,72.33,203.15}{131,72.73,204.15}{132,73.13,205.15}{133,73.53,206.15}{134,73.93,207.15}{135,74.33,208.15}{136,74.73,209.15}{137,75.13,210.15}{138,75.53,211.15}{139,75.93,212.15}{140,76.33,213.15}{141,76.73,214.15}{142,77.13,215.15}{143,77.52,216.15}{144,77.92,217.15}{145,78.32,218.15}{146,78.72,219.15}{147,79.11,220.15}{148,79.51,221.15}{149,79.91,222.15}{150,80.31,223.15}{151,80.7,224.15}{152,81.1,225.15}{153,81.5,226.15}{154,81.89,227.15}{155,82.29,228.15}{156,82.69,229.15}{157,83.08,230.15}{158,83.48,231.15}{159,83.88,232.15}{160,84.27,233.15}{161,84.67,234.15}{162,85.06,235.15}{163,85.46,236.15}{164,85.85,237.15}{165,86.25,238.15}{166,86.64,239.15}{167,87.04,240.15}{168,87.43,241.15}{169,87.83,242.15}{170,88.22,243.15}{171,88.62,244.15}{172,89.01,245.15}{173,89.4,246.15}{174,89.8,247.15}{175,90.19,248.15}{176,90.59,249.15}{177,90.98,250.15}{178,91.37,251.15}{179,91.77,252.15}{180,92.16,253.15}{181,92.55,254.15}{182,92.95,255.15}{183,93.34,256.15}{184,93.73,257.15}{185,94.12,258.15}{186,94.52,259.15}{187,94.91,260.15}{188,95.3,261.15}{189,95.69,262.15}{190,96.09,263.15}{191,96.48,264.15}{192,96.87,265.15}{193,97.26,266.15}{194,97.65,267.15}{195,98.04,268.15}{196,98.44,269.15}{197,98.83,270.15}{198,99.22,271.15}{199,99.61,272.15}{200,100,273.15}{201,100.39,274.15}{202,100.78,275.15}{203,101.17,276.15}{204,101.56,277.15}{205,101.95,278.15}{206,102.34,279.15}{207,102.73,280.15}{208,103.12,281.15}{209,103.51,282.15}{210,103.9,283.15}{211,104.29,284.15}{212,104.68,285.15}{213,105.07,286.15}{214,105.46,287.15}{215,105.85,288.15}{216,106.24,289.15}{217,106.63,290.15}{218,107.02,291.15}{219,107.4,292.15}{220,107.79,293.15}{221,108.18,294.15}{222,108.57,295.15}{223,108.96,296.15}{224,109.35,297.15}{225,109.73,298.15}{226,110.12,299.15}{227,110.51,300.15}{228,110.9,301.15}{229,111.28,302.15}{230,111.67,303.15}{231,112.06,304.15}{232,112.45,305.15}{233,112.83,306.15}{234,113.22,307.15}{235,113.61,308.15}{236,113.99,309.15}{237,114.38,310.15}{238,114.77,311.15}{239,115.15,312.15}{240,115.54,313.15}{241,115.93,314.15}{242,116.31,315.15}{243,116.7,316.15}{244,117.08,317.15}{245,117.47,318.15}{246,117.85,319.15}{247,118.24,320.15}{248,118.62,321.15}{249,119.01,322.15}{250,119.4,323.15}{251,119.78,324.15}{252,120.16,325.15}{253,120.55,326.15}{254,120.93,327.15}{255,121.32,328.15}{256,121.7,329.15}{257,122.09,330.15}{258,122.47,331.15}{259,122.86,332.15}{260,123.24,333.15}{261,123.62,334.15}{262,124.01,335.15}{263,124.39,336.15}{264,124.77,337.15}{265,125.17,338.15}{266,125.55,339.15}{267,125.93,340.15}{268,126.32,341.15}{269,126.7,342.15}{270,127.08,343.15}{271,127.46,344.15}{272,127.85,345.15}{273,128.23,346.15}{274,128.61,347.15}{275,128.99,348.15}{276,129.38,349.15}{277,129.76,350.15}{278,130.14,351.15}{279,130.52,352.15}{280,130.9,353.15}{281,131.28,354.15}{282,131.67,355.15}{283,132.05,356.15}{284,132.43,357.15}{285,132.81,358.15}{286,133.19,359.15}{287,133.57,360.15}{288,133.95,361.15}{289,134.33,362.15}{290,134.71,363.15}{291,135.09,364.15}{292,135.47,365.15}{293,135.85,366.15}{294,136.23,367.15}{295,136.61,368.15}{296,136.99,369.15}{297,137.37,370.15}{298,137.75,371.15}{299,138.13,372.15}{300,138.51,373.15}{301,138.89,374.15}{302,139.27,375.15}{303,139.65,376.15}{304,140.03,377.15}{305,140.39,378.15}{306,140.77,379.15}{307,141.15,380.15}{308,141.53,381.15}{309,141.91,382.15}{310,142.29,383.15}{311,142.66,384.15}{312,143.04,385.15}{313,143.42,386.15}{314,143.8,387.15}{315,144.18,388.15}{316,144.56,389.15}{317,144.94,390.15}{318,145.32,391.15}{319,145.69,392.15}{320,146.07,393.15}{321,146.45,394.15}{322,146.82,395.15}{323,147.2,396.15}{324,147.58,397.15}{325,147.95,398.15}{326,148.33,399.15}{327,148.71,400.15}{328,149.08,401.15}{329,149.46,402.15}{330,149.83,403.15}{331,150.21,404.15}{332,150.58,405.15}{333,150.96,406.15}{334,151.34,407.15}{335,151.71,408.15}{336,152.09,409.15}{337,152.46,410.15}{338,152.84,411.15}{339,153.21,412.15}{340,153.58,413.15}{341,153.95,414.15}{342,154.32,415.15}{343,154.71,416.15}{344,155.08,417.15}{345,155.46,418.15}{346,155.83,419.15}{347,156.21,420.15}{348,156.58,421.15}{349,156.96,422.15}{350,157.33,423.15}{351,157.71,424.15}{352,158.08,425.15}{353,158.45,426.15}{354,158.83,427.15}{355,159.2,428.15}{356,159.56,429.15}{357,159.94,430.15}{358,160.31,431.15}{359,160.68,432.15}{360,161.05,433.15}{361,161.43,434.15}{362,161.8,435.15}{363,162.17,436.15}{364,162.54,437.15}{365,162.91,438.15}{366,163.28,439.15}{367,163.66,440.15}{368,164.03,441.15}{369,164.4,442.15}{370,164.77,443.15}{371,165.14,444.15}{372,165.51,445.15}{373,165.88,446.15}{374,166.25,447.15}{375,166.62,448.15}{376,167,449.15}{377,167.37,450.15}{378,167.74,451.15}{379,168.11,452.15}{380,168.48,453.15}{381,168.85,454.15}{382,169.22,455.15}{383,169.59,456.15}{384,169.96,457.15}{385,170.33,458.15}{386,170.69,459.15}{387,171.06,460.15}{388,171.43,461.15}{389,171.8,462.15}{390,172.17,463.15}{391,172.54,464.15}{392,172.91,465.15}{393,173.27,466.15}{394,173.64,467.15}{395,174.01,468.15}{396,174.39,469.15}{397,174.75,470.15}{398,175.12,471.15}{399,175.49,472.15}{400,175.86,473.15}{401,176.23,474.15}{402,176.59,475.15}{403,176.96,476.15}{404,177.33,477.15}{405,177.7,478.15}{406,178.06,479.15}{407,178.43,480.15}{408,178.8,481.15}{409,179.16,482.15}{410,179.53,483.15}{411,179.9,484.15}{412,180.26,485.15}{413,180.63,486.15}{414,180.99,487.15}{415,181.36,488.15}{416,181.73,489.15}{417,182.09,490.15}{418,182.46,491.15}{419,182.82,492.15}{420,183.19,493.15}{421,183.55,494.15}{422,183.92,495.15}{423,184.28,496.15}{424,184.65,497.15}{425,185.01,498.15}{426,185.38,499.15}{427,185.74,500.15}{428,186.11,501.15}{429,186.47,502.15}{430,186.84,503.15}{431,187.2,504.15}{432,187.56,505.15}{433,187.93,506.15}{434,188.29,507.15}{435,188.65,508.15}{436,189.02,509.15}{437,189.38,510.15}{438,189.74,511.15}{439,190.11,512.15}{440,190.47,513.15}{441,190.83,514.15}{442,191.2,515.15}{443,191.56,516.15}{444,191.92,517.15}{445,192.28,518.15}{446,192.66,519.15}{447,193.02,520.15}{448,193.38,521.15}{449,193.74,522.15}{450,194.1,523.15}{451,194.47,524.15}{452,194.83,525.15}{453,195.19,526.15}{454,195.55,527.15}{455,195.9,528.15}{456,196.26,529.15}{457,196.62,530.15}{458,196.98,531.15}{459,197.35,532.15}{460,197.71,533.15}{461,198.07,534.15}{462,198.43,535.15}{463,198.79,536.15}{464,199.15,537.15}{465,199.51,538.15}{466,199.87,539.15}{467,200.23,540.15}{468,200.59,541.15}{469,200.95,542.15}{470,201.31,543.15}{471,201.67,544.15}{472,202.03,545.15}{473,202.38,546.15}{474,202.74,547.15}{475,203.1,548.15}{476,203.46,549.15}{477,203.82,550.15}{478,204.18,551.15}{479,204.54,552.15}{480,204.9,553.15}{481,205.25,554.15}{482,205.61,555.15}{483,205.97,556.15}{484,206.33,557.15}{485,206.7,558.15}{486,207.05,559.15}{487,207.41,560.15}{488,207.77,561.15}{489,208.13,562.15}{490,208.48,563.15}{491,208.84,564.15}{492,209.2,565.15}{493,209.55,566.15}{494,209.91,567.15}{495,210.27,568.15}{496,210.62,569.15}{497,210.98,570.15}{498,211.34,571.15}{499,211.69,572.15}{500,212.05,573.15}{501,212.4,574.15}{502,212.76,575.15}{503,213.12,576.15}{504,213.47,577.15}{505,213.83,578.15}{506,214.19,579.15}{507,214.55,580.15}{508,214.9,581.15}{509,215.26,582.15}{510,215.61,583.15}{511,215.97,584.15}{512,216.32,585.15}{513,216.68,586.15}{514,217.03,587.15}{515,217.39,588.15}{516,217.73,589.15}{517,218.08,590.15}{518,218.44,591.15}{519,218.79,592.15}{520,219.15,593.15}{521,219.5,594.15}{522,219.85,595.15}{523,220.21,596.15}{524,220.56,597.15}{525,220.91,598.15}{526,221.27,599.15}{527,221.62,600.15}{528,221.97,601.15}{529,222.32,602.15}{530,222.68,603.15}{531,223.03,604.15}{532,223.38,605.15}{533,223.73,606.15}{534,224.09,607.15}{535,224.45,608.15}{536,224.8,609.15}{537,225.15,610.15}{538,225.5,611.15}{539,225.85,612.15}{540,226.21,613.15}{541,226.56,614.15}{542,226.91,615.15}{543,227.26,616.15}{544,227.61,617.15}{545,227.96,618.15}{546,228.31,619.15}{547,228.66,620.15}{548,229.01,621.15}{549,229.36,622.15}{550,229.72,623.15}{551,230.07,624.15}{552,230.42,625.15}{553,230.77,626.15}{554,231.12,627.15}{555,231.47,628.15}{556,231.81,629.15}{557,232.16,630.15}{558,232.51,631.15}{559,232.86,632.15}{560,233.21,633.15}{561,233.56,634.15}{562,233.91,635.15}{563,234.26,636.15}{564,234.6,637.15}{565,234.95,638.15}{566,235.3,639.15}{567,235.65,640.15}{568,236,641.15}{569,236.35,642.15}{570,236.7,643.15}{571,237.05,644.15}{572,237.4,645.15}{573,237.75,646.15}{574,238.09,647.15}{575,238.44,648.15}{576,238.79,649.15}{577,239.14,650.15}{578,239.48,651.15}{579,239.83,652.15}{580,240.18,653.15}{581,240.52,654.15}{582,240.87,655.15}{583,241.22,656.15}{584,241.56,657.15}{585,241.91,658.15}{586,242.25,659.15}{587,242.6,660.15}{588,242.95,661.15}{589,243.29,662.15}{590,243.64,663.15}{591,243.98,664.15}{592,244.33,665.15}{593,244.67,666.15}{594,245.02,667.15}{595,245.36,668.15}{596,245.71,669.15}{597,246.05,670.15}{598,246.4,671.15}{599,246.74,672.15}{600,247.09,673.15}{601,247.43,674.15}{602,247.78,675.15}{603,248.12,676.15}{604,248.46,677.15}{605,248.81,678.15}{606,249.15,679.15}{607,249.5,680.15}{608,249.84,681.15}{609,250.18,682.15}{610,250.53,683.15}{611,250.89,684.15}{612,251.21,685.15}{613,251.55,686.15}{614,251.9,687.15}{615,252.24,688.15}{616,252.59,689.15}{617,252.94,690.15}{618,253.28,691.15}{619,253.62,692.15}{620,253.96,693.15}{621,254.3,694.15}{622,254.65,695.15}{623,254.99,696.15}{624,255.33,697.15}{625,255.67,698.15}{626,256.01,699.15}{627,256.35,700.15}{628,256.7,701.15}{629,257.04,702.15}{630,257.38,703.15}{631,257.72,704.15}{632,258.06,705.15}{633,258.4,706.15}{634,258.74,707.15}{635,259.08,708.15}{636,259.42,709.15}{637,259.76,710.15}{638,260.1,711.15}{639,260.44,712.15}{640,260.78,713.15}{641,261.12,714.15}{642,261.46,715.15}{643,261.8,716.15}{644,262.14,717.15}{645,262.48,718.15}{646,262.83,719.15}{647,263.17,720.15}{648,263.5,721.15}{649,263.84,722.15}{650,264.18,723.15}{651,264.52,724.15}{652,264.86,725.15}{653,265.2,726.15}{654,265.54,727.15}{655,265.87,728.15}{656,266.21,729.15}{657,266.55,730.15}{658,266.89,731.15}{659,267.22,732.15}{660,267.56,733.15}{661,267.9,734.15}{662,268.24,735.15}{663,268.57,736.15}{664,268.91,737.15}{665,269.25,738.15}{666,269.58,739.15}{667,269.92,740.15}{668,270.26,741.15}{669,270.59,742.15}{670,270.93,743.15}{671,271.27,744.15}{672,271.6,745.15}{673,271.94,746.15}{674,272.27,747.15}{675,272.61,748.15}{676,272.95,749.15}{677,273.28,750.15}{678,273.62,751.15}{679,273.95,752.15}{680,274.29,753.15}{681,274.62,754.15}{682,274.96,755.15}{683,275.29,756.15}{684,275.63,757.15}{685,275.96,758.15}{686,276.31,759.15}{687,276.64,760.15}{688,276.97,761.15}{689,277.31,762.15}{690,277.64,763.15}{691,277.98,764.15}{692,278.31,765.15}{693,278.64,766.15}{694,278.98,767.15}{695,279.31,768.15}{696,279.64,769.15}{697,279.98,770.15}{698,280.31,771.15}{699,280.64,772.15}{700,280.98,773.15}{701,281.31,774.15}{702,281.64,775.15}{703,281.97,776.15}{704,282.31,777.15}{705,282.64,778.15}{706,282.97,779.15}{707,283.3,780.15}{708,283.63,781.15}{709,283.97,782.15}{710,284.3,783.15}{711,284.63,784.15}{712,284.96,785.15}{713,285.29,786.15}{714,285.62,787.15}{715,285.95,788.15}{716,286.3,789.15}{717,286.63,790.15}{718,286.96,791.15}{719,287.29,792.15}{720,287.62,793.15}{721,287.95,794.15}{722,288.28,795.15}{723,288.61,796.15}{724,288.94,797.15}{725,289.27,798.15}{726,289.6,799.15}{727,289.93,800.15}{728,290.26,801.15}{729,290.59,802.15}{730,290.92,803.15}{731,291.25,804.15}{732,291.58,805.15}{733,291.9,806.15}{734,292.23,807.15}{735,292.56,808.15}{736,292.9,809.15}{737,293.23,810.15}{738,293.56,811.15}{739,293.89,812.15}{740,294.21,813.15}{741,294.54,814.15}{742,294.87,815.15}{743,295.2,816.15}{744,295.53,817.15}{745,295.85,818.15}{746,296.18,819.15}{747,296.51,820.15}{748,296.84,821.15}{749,297.16,822.15}{750,297.49,823.15}{751,297.82,824.15}{752,298.14,825.15}{753,298.47,826.15}{754,298.8,827.15}{755,299.12,828.15}{756,299.45,829.15}{757,299.78,830.15}{758,300.1,831.15}{759,300.43,832.15}{760,300.75,833.15}{761,301.08,834.15}{762,301.41,835.15}{763,301.73,836.15}{764,302.06,837.15}{765,302.38,838.15}{766,302.71,839.15}{767,303.03,840.15}{768,303.36,841.15}{769,303.68,842.15}{770,304.01,843.15}{771,304.33,844.15}{772,304.66,845.15}{773,304.98,846.15}{774,305.3,847.15}{775,305.63,848.15}{776,305.95,849.15}{777,306.28,850.15}{778,306.6,851.15}{779,306.92,852.15}{780,307.25,853.15}{781,307.57,854.15}{782,307.89,855.15}{783,308.22,856.15}{784,308.54,857.15}{785,308.86,858.15}{786,309.19,859.15}{787,309.51,860.15}{788,309.83,861.15}{789,310.15,862.15}{790,310.48,863.15}{791,310.8,864.15}{792,311.12,865.15}{793,311.45,866.15}{794,311.78,867.15}{795,312.1,868.15}{796,312.43,869.15}{797,312.75,870.15}{798,313.07,871.15}{799,313.39,872.15}{800,313.71,873.15}{801,314.04,874.15}{802,314.36,875.15}{803,314.68,876.15}{804,315,877.15}{805,315.32,878.15}{806,315.64,879.15}{807,315.96,880.15}{808,316.28,881.15}{809,316.6,882.15}{810,316.92,883.15}{811,317.24,884.15}{812,317.56,885.15}{813,317.88,886.15}{814,318.2,887.15}{815,318.52,888.15}{816,318.85,889.15}{817,319.17,890.15}{818,319.49,891.15}{819,319.81,892.15}{820,320.12,893.15}{821,320.44,894.15}{822,320.76,895.15}{823,321.08,896.15}{824,321.4,897.15}{825,321.72,898.15}{826,322.03,899.15}{827,322.34,900.15}{828,322.66,901.15}{829,322.98,902.15}{830,323.3,903.15}{831,323.61,904.15}{832,323.93,905.15}{833,324.25,906.15}{834,324.57,907.15}{835,324.88,908.15}{836,325.21,909.15}{837,325.53,910.15}{838,325.85,911.15}{839,326.16,912.15}{840,326.48,913.15}{841,326.79,914.15}{842,327.11,915.15}{843,327.43,916.15}{844,327.74,917.15}{845,328.06,918.15}{846,328.38,919.15}{847,328.69,920.15}{848,329.01,921.15}{849,329.32,922.15}{850,329.64,923.15}{851,329.95,924.15}{852,330.27,925.15}{853,330.58,926.15}{854,330.9,927.15}{855,331.21,928.15}{856,331.53,929.15}{857,331.84,930.15}{858,332.16,931.15}{859,332.47,932.15}{860,332.79,933.15}{861,333.1,934.15}{862,333.41,935.15}{863,333.73,936.15}{864,334.04,937.15}{865,334.36,938.15}{866,334.68,939.15}{867,334.99,940.15}{868,335.31,941.15}{869,335.62,942.15}{870,335.93,943.15}{871,336.25,944.15}{872,336.56,945.15}{873,336.87,946.15}{874,337.18,947.15}{875,337.5,948.15}{876,337.81,949.15}{877,338.12,950.15}{878,338.43,951.15}{879,338.75,952.15}{880,339.06,953.15}{881,339.37,954.15}{882,339.68,955.15}{883,339.99,956.15}{884,340.3,957.15}{885,340.62,958.15}{886,340.94,959.15}{887,341.25,960.15}{888,341.55,961.15}{889,341.87,962.15}{890,342.18,963.15}{891,342.49,964.15}{892,342.8,965.15}{893,343.11,966.15}{894,343.42,967.15}{895,343.73,968.15}{896,344.04,969.15}{897,344.35,970.15}{898,344.66,971.15}{899,344.97,972.15}{900,345.28,973.15}{901,345.59,974.15}{902,345.9,975.15}{903,346.21,976.15}{904,346.52,977.15}{905,346.83,978.15}{906,347.15,979.15}{907,347.46,980.15}{908,347.76,981.15}{909,348.07,982.15}{910,348.38,983.15}{911,348.69,984.15}{912,349,985.15}{913,349.31,986.15}{914,349.61,987.15}{915,349.92,988.15}{916,350.23,989.15}{917,350.54,990.15}{918,350.85,991.15}{919,351.15,992.15}{920,351.46,993.15}{921,351.77,994.15}{922,352.07,995.15}{923,352.38,996.15}{924,352.69,997.15}{925,352.99,998.15}{926,353.3,999.15}{927,353.61,1000.15}{928,353.91,1001.15}{929,354.22,1002.15}{930,354.53,1003.15}{931,354.83,1004.15}{932,355.14,1005.15}{933,355.44,1006.15}{934,355.75,1007.15}{935,356.06,1008.15}{936,356.37,1009.15}{937,356.68,1010.15}{938,356.98,1011.15}{939,357.29,1012.15}{940,357.59,1013.15}{941,357.9,1014.15}{942,358.2,1015.15}{943,358.51,1016.15}{944,358.81,1017.15}{945,359.12,1018.15}{946,359.42,1019.15}{947,359.72,1020.15}{948,360.03,1021.15}{949,360.33,1022.15}{950,360.64,1023.15}{951,360.94,1024.15}{952,361.24,1025.15}{953,361.55,1026.15}{954,361.85,1027.15}{955,362.15,1028.15}{956,362.46,1029.15}{957,362.76,1030.15}{958,363.06,1031.15}{959,363.36,1032.15}{960,363.67,1033.15}{961,363.97,1034.15}{962,364.27,1035.15}{963,364.57,1036.15}{964,364.88,1037.15}{965,365.18,1038.15}{966,365.49,1039.15}{967,365.79,1040.15}{968,366.09,1041.15}{969,366.4,1042.15}{970,366.7,1043.15}{971,367,1044.15}{972,367.3,1045.15}{973,367.6,1046.15}{974,367.9,1047.15}{975,368.2,1048.15}{976,368.5,1049.15}{977,368.81,1050.15}{978,369.11,1051.15}{979,369.41,1052.15}{980,369.71,1053.15}{981,370.01,1054.15}{982,370.31,1055.15}{983,370.61,1056.15}{984,370.91,1057.15}{985,371.21,1058.15}{986,371.52,1059.15}{987,371.82,1060.15}{988,372.12,1061.15}{989,372.41,1062.15}{990,372.71,1063.15}{991,373.01,1064.15}{992,373.31,1065.15}{993,373.61,1066.15}{994,373.91,1067.15}{995,374.21,1068.15}{996,374.51,1069.15}{997,374.8,1070.15}{998,375.1,1071.15}{999,375.4,1072.15}{1000,375.7,1073.15}{1001,376,1074.15}{1002,376.29,1075.15}{1003,376.59,1076.15}{1004,376.89,1077.15}{1005,377.19,1078.15}{1006,377.49,1079.15}{1007,377.79,1080.15}{1008,378.09,1081.15}{1009,378.39,1082.15}{1010,378.68,1083.15}{1011,378.98,1084.15}{1012,379.28,1085.15}{1013,379.57,1086.15}{1014,379.87,1087.15}{1015,380.17,1088.15}{1016,380.46,1089.15}{1017,380.76,1090.15}{1018,381.05,1091.15}{1019,381.35,1092.15}{1020,381.65,1093.15}{1021,381.94,1094.15}{1022,382.24,1095.15}{1023,382.53,1096.15}{1024,382.83,1097.15}{1025,383.12,1098.15}{1026,383.42,1099.15}{1027,383.71,1100.15}{1028,384.01,1101.15}{1029,384.3,1102.15}{1030,384.6,1103.15}{1031,384.89,1104.15}{1032,385.18,1105.15}{1033,385.48,1106.15}{1034,385.77,1107.15}{1035,386.07,1108.15}{1036,386.37,1109.15}{1037,386.66,1110.15}{1038,386.96,1111.15}{1039,387.25,1112.15}{1040,387.55,1113.15}{1041,387.84,1114.15}{1042,388.13,1115.15}{1043,388.42,1116.15}{1044,388.72,1117.15}{1045,389.01,1118.15}{1046,389.31,1119.15}{1047,389.61,1120.15}{1048,389.9,1121.15}{1049,390.19,1122.15}{1050,390.48,1123.15}&quot;"/>
                                                <instance name="dev01/Config/ch00001/Calibration_Sensor_Input_Units" order="0" value="Ohm"/>
                                                <instance name="dev02/Config/ch00004/Calibration_Sensor_Input_Units" order="0" value="mA"/>
                                                <instance name="dev01/Config/ch00002/Calibration_Sensor_Input_Units" order="0" value="Ohm"/>
                                                <instance name="dev01/Config/ch00002/RTDWireScheme" order="0" value="4"/>
                                                <instance name="dev01/Config/ch00003/Calibration_Sensor_Input_Units" order="0" value="Ohm"/>
                                                <instance name="dev01/Config/ch00004/Calibration_Sensor_Input_Units" order="0" value="Ohm"/>
                                                <instance name="dev01/Config/ch00005/Calibration_Sensor_Input_Units" order="0" value="Ohm"/>
                                                <instance name="dev01/Config/ch00006/RTDWireScheme" order="0" value="4"/>
                                                <instance name="dev01/Config/ch00006/Calibration_Sensor_Input_Units" order="0" value="Ohm"/>
                                                <instance name="dev02/Config/ch00009/Calibration_Sensor_Name" order="0" value="CalSensor9"/>
                                                <instance name="dev01/Config/ch00007/Calibration_Sensor_Input_Units" order="0" value="Ohm"/>
                                                <instance name="dev01/Config/ch00008/Calibration_Sensor_Input_Units" order="0" value="Ohm"/>
                                                <instance name="dev02/Config/ch00002/Maximum_Range" order="0" value="24"/>
                                                <instance name="dev01/Config/ch00003/Calibration_Sensor_Minimum_Range" order="0" value="73.15"/>
                                                <instance name="dev01/Config/ch00009/Calibration_Sensor_Input_Units" order="0" value="Ohm"/>
                                                <instance name="dev01/Config/ch00010/Calibration_Sensor_Input_Units" order="0" value="Ohm"/>
                                                <instance name="dev01/Config/ch00002/RTDRange" order="0" value="0"/>
                                                <instance name="dev01/Config/ch00011/Calibration_Sensor_Input_Units" order="0" value="Ohm"/>
                                                <instance name="dev01/Config/ch00012/Calibration_Sensor_Input_Units" order="0" value="Ohm"/>
                                                <instance name="dev01/Config/ch00001/Calibration_Sensor_Maximum_Range" order="0" value="1123.15"/>
                                                <instance name="dev01/Config/ch00002/Calibration_Sensor_Maximum_Range" order="0" value="1123.15"/>
                                                <instance name="dev02/Config/ch00010/Calibration_Sensor_Name" order="0" value="CalSensor10"/>
                                                <instance name="dev01/Config/ch00003/Calibration_Sensor_Maximum_Range" order="0" value="1123.15"/>
                                                <instance name="dev02/Config/ch00003/Maximum_Range" order="0" value="24"/>
                                                <instance name="dev01/Config/ch00004/Calibration_Sensor_Minimum_Range" order="0" value="73.15"/>
                                                <instance name="dev01/Config/ch00005/Calibration_Sensor_Minimum_Range" order="0" value="73.15"/>
                                                <instance name="dev01/Config/ch00006/Calibration_Sensor_Minimum_Range" order="0" value="73.15"/>
                                                <instance name="dev01/Config/ch00007/Calibration_Sensor_Minimum_Range" order="0" value="73.15"/>
                                                <instance name="dev01/Config/ch00007/RTDWireScheme" order="0" value="4"/>
                                                <instance name="dev01/Config/ch00003/RTDRange" order="0" value="0"/>
                                                <instance name="dev01/Config/ch00008/Calibration_Sensor_Minimum_Range" order="0" value="73.15"/>
                                                <instance name="dev01/Config/ch00009/Calibration_Sensor_Minimum_Range" order="0" value="73.15"/>
                                                <instance name="dev01/Config/ch00010/Calibration_Sensor_Minimum_Range" order="0" value="73.15"/>
                                                <instance name="dev02/Config/ch00011/Calibration_Sensor_Name" order="0" value="CalSensor11"/>
                                                <instance name="dev02/Config/ch00004/Maximum_Range" order="0" value="24"/>
                                                <instance name="dev01/Config/ch00011/Calibration_Sensor_Minimum_Range" order="0" value="73.15"/>
                                                <instance name="dev01/Config/ch00009/RTDWireScheme" order="0" value="4"/>
                                                <instance name="dev01/Config/ch00012/Calibration_Sensor_Minimum_Range" order="0" value="73.15"/>
                                                <instance name="dev01/Config/ch00001/Calibration_Sensor_Name" order="0" value="CalSensor1"/>
                                                <instance name="dev01/Config/ch00002/Calibration_Sensor_Name" order="0" value="CalSensor2"/>
                                                <instance name="dev01/Config/ch00003/Calibration_Sensor_Name" order="0" value="CalSensor3"/>
                                                <instance name="dev01/Config/ch00004/Calibration_Sensor_Name" order="0" value="CalSensor4"/>
                                                <instance name="dev01/Config/ch00004/enable" order="1" value="1"/>
                                                <instance name="dev01/Config/ch00004/Calibration_Sensor_Maximum_Range" order="0" value="1123.15"/>
                                                <instance name="dev01/Config/ch00005/Calibration_Sensor_Name" order="0" value="CalSensor5"/>
                                                <instance name="dev02/Config/ch00005/Maximum_Range" order="0" value="24"/>
                                                <instance name="dev02/Config/ch00019/enable" order="1" value="1"/>
                                                <instance name="dev01/Config/ch00006/Calibration_Sensor_Name" order="0" value="CalSensor6"/>
                                                <instance name="dev01/Config/ch00007/Calibration_Sensor_Name" order="0" value="CalSensor7"/>
                                                <instance name="dev01/Config/ch00008/Calibration_Sensor_Name" order="0" value="CalSensor8"/>
                                                <instance name="dev01/Config/ch00009/Calibration_Sensor_Name" order="0" value="CalSensor9"/>
                                                <instance name="dev01/Config/ch00010/RTDWireScheme" order="0" value="4"/>
                                                <instance name="dev01/Config/ch00010/Calibration_Sensor_Name" order="0" value="CalSensor10"/>
                                                <instance name="dev01/Config/ch00011/Calibration_Sensor_Name" order="0" value="CalSensor11"/>
                                                <instance name="dev01/Config/ch00012/Calibration_Sensor_Name" order="0" value="CalSensor12"/>
                                                <instance name="dev01/Config/ch00004/RTDRange" order="0" value="0"/>
                                                <instance name="dev02/Config/ch00009/Calibration_Sensor_Input_Units" order="0" value="mA"/>
                                                <instance name="dev02/Config/ch00006/Maximum_Range" order="0" value="24"/>
                                                <instance name="dev01/Config/ch00001/Calibration_Sensor_Output_Units" order="0" value="K"/>
                                                <instance name="dev02/Config/ch00006/Calibration_Sensor_Input_Units" order="0" value="mA"/>
                                                <instance name="dev01/Config/ch00005/Calibration_Sensor_Maximum_Range" order="0" value="1123.15"/>
                                                <instance name="dev01/Config/ch00002/Calibration_Sensor_Output_Units" order="0" value="K"/>
                                                <instance name="dev01/Config/ch00003/Calibration_Sensor_Output_Units" order="0" value="K"/>
                                                <instance name="dev01/Config/ch00004/Calibration_Sensor_Output_Units" order="0" value="K"/>
                                                <instance name="dev01/Config/ch00005/Calibration_Sensor_Output_Units" order="0" value="K"/>
                                                <instance name="dev01/Config/ch00006/Calibration_Sensor_Output_Units" order="0" value="K"/>
                                                <instance name="dev01/Config/ch00007/Calibration_Sensor_Output_Units" order="0" value="K"/>
                                                <instance name="dev01/Config/ch00011/RTDWireScheme" order="0" value="4"/>
                                                <instance name="dev02/Config/ch00012/Calibration_Sensor_Input_Units" order="0" value="mA"/>
                                                <instance name="dev01/Config/ch00008/Calibration_Sensor_Output_Units" order="0" value="K"/>
                                                <instance name="dev03/Config/ch00005/enable" order="1" value="1"/>
                                                <instance name="dev02/Config/ch00023/Minimum_Range" order="0" value="-24"/>
                                                <instance name="dev03/Config/ch00001/enable" order="1" value="1"/>
                                                <instance name="dev03/Config/ch00021/DOut" order="0" value="0"/>
                                                <instance name="dev03/Config/ch00022/rate" order="0" value="20"/>
                                                <instance name="dev03/Config/ch00017/enable" order="1" value="1"/>
                                                <instance name="dev03/Config/ch00007/rate" order="0" value="20"/>
                                                <instance name="dev03/Config/ch00022/DOut" order="0" value="0"/>
                                                <instance name="dev03/Config/ch00014/enable" order="1" value="1"/>
                                                <instance name="dev02/Config/ch00007/Maximum_Range" order="0" value="24"/>
                                                <instance name="dev03/Config/ch00010/enable" order="1" value="1"/>
                                                <instance name="dev03/Config/ch00019/source" order="0" value="DO_RRDigOut07:48:b"/>
                                                <instance name="dev03/Config/ch00006/enable" order="1" value="1"/>
                                                <instance name="dev02/Config/ch00012/Calibration_Sensor_Name" order="0" value="CalSensor12"/>
                                                <instance name="dev03/Config/ch00011/rate" order="0" value="20"/>
                                                <instance name="dev03/Config/ch00012/rate" order="0" value="20"/>
                                                <instance name="dev03/Config/ch00023/rate" order="0" value="20"/>
                                                <instance name="dev03/Config/Reference_Voltage" order="0" value="5"/>
                                                <instance name="dev03/Config/ch00002/enable" order="1" value="1"/>
                                                <instance name="dev03/Config/ch00013/source" order="0" value="DO_RRDigOut01:48:b"/>
                                                <instance name="dev02/Config/ch00008/enable" order="1" value="1"/>
                                                <instance name="dev03/Config/ch00018/source" order="0" value="DO_RRDigOut06:48:b"/>
                                                <instance name="dev03/Config/ch00014/rate" order="0" value="20"/>
                                                <instance name="dev03/Config/ch00015/rate" order="0" value="20"/>
                                                <instance name="dev03/Config/ch00016/source" order="0" value="DO_RRDigOut04:48:b"/>
                                                <instance name="dev02/Config/ch00013/Calibration_Sensor_Name" order="0" value="CalSensor13"/>
                                                <instance name="dev03/Config/ch00017/source" order="0" value="DO_RRDigOut05:48:b"/>
                                                <instance name="dev03/Config/ch00011/enable" order="1" value="1"/>
                                                <instance name="dev03/Config/ch00009/rate" order="0" value="20"/>
                                                <instance name="dev03/Config/ch00007/enable" order="1" value="1"/>
                                                <instance name="dev03/Config/ch00018/rate" order="0" value="20"/>
                                                <instance name="dev02/Config/ch00008/Maximum_Range" order="0" value="24"/>
                                                <instance name="dev03/Config/ch00020/rate" order="0" value="20"/>
                                                <instance name="dev03/Config/ch00020/enable" order="1" value="1"/>
                                                <instance name="dev03/Config/ch00018/enable" order="1" value="1"/>
                                                <instance name="dev03/Config/ch00014/source" order="0" value="DO_RRDigOut02:48:b"/>
                                                <instance name="dev03/Config/ch00013/DOut" order="0" value="0"/>
                                                <instance name="dev02/Config/ch00022/Minimum_Range" order="0" value="-24"/>
                                                <instance name="dev02/Config/ch00014/Calibration_Sensor_Name" order="0" value="CalSensor14"/>
                                                <instance name="dev03/Config/ch00015/source" order="0" value="DO_RRDigOut03:48:b"/>
                                                <instance name="dev03/Config/ch00024/DOut" order="0" value="0"/>
                                                <instance name="dev03/Config/ch00001/rate" order="0" value="20"/>
                                                <instance name="dev02/Config/ch00019/Maximum_Range" order="0" value="24"/>
                                                <instance name="dev03/Config/ch00014/DOut" order="0" value="0"/>
                                                <instance name="dev03/Config/ch00008/enable" order="1" value="1"/>
                                                <instance name="dev03/Config/ch00015/enable" order="1" value="1"/>
                                                <instance name="dev03/Config/ch00024/rate" order="0" value="20"/>
                                                <instance name="dev03/Config/ch00005/rate" order="0" value="20"/>
                                                <instance name="dev03/Config/ch00015/DOut" order="0" value="0"/>
                                                <instance name="dev03/Config/ch00013/enable" order="1" value="1"/>
                                                <instance name="dev02/Config/ch00015/Calibration_Sensor_Name" order="0" value="CalSensor15"/>
                                                <instance name="dev03/Config/ch00003/enable" order="1" value="1"/>
                                                <instance name="dev03/Config/Low_Hysteresis" order="0" value="2.4"/>
                                                <instance name="dev02/Config/ch00013/Calibration_Sensor_Minimum_Range" order="0" value="0"/>
                                                <instance name="dev03/Config/ch00010/rate" order="0" value="20"/>
                                                <instance name="dev03/Config/ch00016/DOut" order="0" value="0"/>
                                                <instance name="dev03/Config/ch00019/enable" order="1" value="1"/>
                                                <instance name="dev03/Config/ch00012/enable" order="1" value="1"/>
                                                <instance name="dev03/Config/ch00013/rate" order="0" value="20"/>
                                                <instance name="dev03/Config/ch00017/DOut" order="0" value="0"/>
                                                <instance name="dev03/Config/ch00022/enable" order="1" value="1"/>
                                                <instance name="dev03/Config/ch00018/DOut" order="0" value="0"/>
                                                <instance name="dev02/Config/ch00016/Calibration_Sensor_Name" order="0" value="CalSensor16"/>
                                                <instance name="dev03/Config/ch00016/rate" order="0" value="20"/>
                                                <instance name="dev02/Config/ch00005/Calibration_Sensor_Calibration_Date" order="0" value="2020-01-01"/>
                                                <instance name="dev03/Config/ch00009/enable" order="1" value="1"/>
                                                <instance name="dev03/Config/ch00020/source" order="0" value="DO_RRDigOut08:48:b"/>
                                                <instance name="dev03/Config/ch00021/enable" order="1" value="1"/>
                                                <instance name="dev03/Config/ch00023/source" order="0" value="DO_RRDigOut11:48:b"/>
                                                <instance name="dev03/Config/ch00016/enable" order="1" value="1"/>
                                                <instance name="dev03/Config/ch00002/rate" order="0" value="20"/>
                                                <instance name="dev03/Config/ch00020/DOut" order="0" value="0"/>
                                                <instance name="dev03/Config/ch00006/rate" order="0" value="20"/>
                                                <instance name="dev03/Config/ch00024/enable" order="1" value="1"/>
                                                <instance name="dev02/Config/ch00010/Minimum_Range" order="0" value="-24"/>
                                                <instance name="dev02/Config/ch00009/Maximum_Range" order="0" value="24"/>
                                                <instance name="dev03/Config/ch00019/DOut" order="0" value="0"/>
                                                <instance name="dev03/Config/ch00021/source" order="0" value="DO_RRDigOut09:48:b"/>
                                                <instance name="dev03/Config/ch00004/rate" order="0" value="20"/>
                                                <instance name="dev03/Config/ch00023/enable" order="1" value="1"/>
                                                <instance name="dev03/Config/ch00004/enable" order="1" value="1"/>
                                                <instance name="dev03/Config/ch00003/rate" order="0" value="20"/>
                                                <instance name="dev03/Config/ch00017/rate" order="0" value="20"/>
                                                <instance name="dev03/Config/ch00008/rate" order="0" value="20"/>
                                                <instance name="dev03/Config/ch00024/source" order="0" value="DO_RRDigOut12:48:b"/>
                                                <instance name="dev03/Config/ch00022/source" order="0" value="DO_RRDigOut10:48:b"/>
                                                <instance name="dev02/Config/ch00010/Maximum_Range" order="0" value="24"/>
                                                <instance name="dev02/Config/ch00017/Calibration_Sensor_Name" order="0" value="CalSensor17"/>
                                                <instance name="dev03/Config/ch00021/rate" order="0" value="20"/>
                                                <instance name="dev03/Config/ch00023/DOut" order="0" value="0"/>
                                                <instance name="dev03/Config/enable" order="1" value="1"/>
                                                <instance name="dev03/Config/ch00019/rate" order="0" value="20"/>
                                                <instance name="dev03/Config/High_Hysteresis" order="0" value="2.6"/>
                                                <instance name="dev04/Config/ch00005/enable" order="1" value="1"/>
                                                <instance name="dev04/Config/ch00001/enable" order="1" value="1"/>
                                                <instance name="dev04/Config/ch00021/DOut" order="0" value="0"/>
                                                <instance name="dev04/Config/ch00022/rate" order="0" value="20"/>
                                                <instance name="dev02/Config/ch00002/Calibration_Sensor_Calibration_Date" order="0" value="2020-01-01"/>
                                                <instance name="dev02/Config/ch00011/enable" order="1" value="1"/>
                                                <instance name="dev04/Config/ch00017/enable" order="1" value="1"/>
                                                <instance name="dev02/Config/ch00018/Calibration_Sensor_Name" order="0" value="CalSensor18"/>
                                                <instance name="dev04/Config/ch00007/rate" order="0" value="20"/>
                                                <instance name="dev04/Config/ch00022/DOut" order="0" value="0"/>
                                                <instance name="dev04/Config/ch00014/enable" order="1" value="1"/>
                                                <instance name="dev04/Config/ch00010/enable" order="1" value="1"/>
                                                <instance name="dev04/Config/ch00019/source" order="0" value="DO_devCube023_dev01_ch00013:48:b"/>
                                                <instance name="dev04/Config/ch00006/enable" order="1" value="1"/>
                                                <instance name="dev04/Config/ch00011/rate" order="0" value="20"/>
                                                <instance name="dev04/Config/ch00012/rate" order="0" value="20"/>
                                                <instance name="dev02/Config/ch00011/Maximum_Range" order="0" value="24"/>
                                                <instance name="dev04/Config/ch00023/rate" order="0" value="20"/>
                                                <instance name="dev04/Config/Reference_Voltage" order="0" value="5"/>
                                                <instance name="dev02/Config/ch00019/Calibration_Sensor_Name" order="0" value="CalSensor19"/>
                                                <instance name="dev04/Config/ch00002/enable" order="1" value="1"/>
                                                <instance name="dev04/Config/ch00013/source" order="0" value="DO_devCube022_dev01_ch00019:48:b"/>
                                                <instance name="dev04/Config/ch00018/source" order="0" value="DO_devCube022_dev01_ch00024:48:b"/>
                                                <instance name="dev04/Config/ch00014/rate" order="0" value="20"/>
                                                <instance name="dev04/Config/ch00015/rate" order="0" value="20"/>
                                                <instance name="dev04/Config/ch00016/source" order="0" value="DO_devCube022_dev01_ch00022:48:b"/>
                                                <instance name="dev04/Config/ch00017/source" order="0" value="DO_devCube022_dev01_ch00023:48:b"/>
                                                <instance name="dev02/Config/ch00012/Maximum_Range" order="0" value="24"/>
                                                <instance name="dev04/Config/ch00011/enable" order="1" value="1"/>
                                                <instance name="dev04/Config/ch00009/rate" order="0" value="20"/>
                                                <instance name="dev04/Config/ch00007/enable" order="1" value="1"/>
                                                <instance name="dev02/Config/ch00007/Calibration_Sensor_Input_Units" order="0" value="mA"/>
                                                <instance name="dev04/Config/ch00018/rate" order="0" value="20"/>
                                                <instance name="dev04/Config/ch00020/rate" order="0" value="20"/>
                                                <instance name="dev04/Config/ch00020/enable" order="1" value="1"/>
                                                <instance name="dev04/Config/ch00018/enable" order="1" value="1"/>
                                                <instance name="dev04/Config/ch00014/source" order="0" value="DO_devCube022_dev01_ch00020:48:b"/>
                                                <instance name="dev04/Config/ch00013/DOut" order="0" value="0"/>
                                                <instance name="dev02/Config/ch00013/Calibration_Sensor_Input_Units" order="0" value="mA"/>
                                                <instance name="dev04/Config/ch00015/source" order="0" value="DO_devCube022_dev01_ch00021:48:b"/>
                                                <instance name="dev04/Config/ch00024/DOut" order="0" value="0"/>
                                                <instance name="dev04/Config/ch00001/rate" order="0" value="20"/>
                                                <instance name="dev04/Config/ch00014/DOut" order="0" value="0"/>
                                                <instance name="dev02/Config/ch00020/Calibration_Sensor_Name" order="0" value="CalSensor20"/>
                                                <instance name="dev04/Config/ch00008/enable" order="1" value="1"/>
                                                <instance name="dev04/Config/ch00015/enable" order="1" value="1"/>
                                                <instance name="dev04/Config/ch00024/rate" order="0" value="20"/>
                                                <instance name="dev04/Config/ch00005/rate" order="0" value="20"/>
                                                <instance name="dev04/Config/ch00015/DOut" order="0" value="0"/>
                                                <instance name="dev02/Config/ch00013/Maximum_Range" order="0" value="24"/>
                                                <instance name="dev04/Config/ch00013/enable" order="1" value="1"/>
                                                <instance name="dev04/Config/ch00003/enable" order="1" value="1"/>
                                                <instance name="dev04/Config/Low_Hysteresis" order="0" value="2.4"/>
                                                <instance name="dev04/Config/ch00010/rate" order="0" value="20"/>
                                                <instance name="dev04/Config/ch00016/DOut" order="0" value="0"/>
                                                <instance name="dev02/Config/ch00021/Calibration_Sensor_Name" order="0" value="CalSensor21"/>
                                                <instance name="dev04/Config/ch00019/enable" order="1" value="1"/>
                                                <instance name="dev04/Config/ch00012/enable" order="1" value="1"/>
                                                <instance name="dev04/Config/ch00013/rate" order="0" value="20"/>
                                                <instance name="dev04/Config/ch00017/DOut" order="0" value="0"/>
                                                <instance name="dev02/Config/ch00014/Maximum_Range" order="0" value="24"/>
                                                <instance name="dev04/Config/ch00022/enable" order="1" value="1"/>
                                                <instance name="dev04/Config/ch00018/DOut" order="0" value="0"/>
                                                <instance name="dev04/Config/ch00016/rate" order="0" value="20"/>
                                                <instance name="dev04/Config/ch00009/enable" order="1" value="1"/>
                                                <instance name="dev04/Config/ch00020/source" order="0" value="DO_devCube023_dev01_ch00014:48:b"/>
                                                <instance name="dev04/Config/ch00021/enable" order="1" value="1"/>
                                                <instance name="dev02/Config/ch00006/Calibration_Sensor_Minimum_Range" order="0" value="13"/>
                                                <instance name="dev02/Config/ch00007/rate" order="0" value="10"/>
                                                <instance name="dev04/Config/ch00023/source" order="0" value="DO_devCube023_dev01_ch00023:48:b"/>
                                                <instance name="dev04/Config/ch00016/enable" order="1" value="1"/>
                                                <instance name="dev02/Config/ch00015/Maximum_Range" order="0" value="24"/>
                                                <instance name="dev04/Config/ch00002/rate" order="0" value="20"/>
                                                <instance name="dev04/Config/ch00020/DOut" order="0" value="0"/>
                                                <instance name="dev04/Config/ch00006/rate" order="0" value="20"/>
                                                <instance name="dev04/Config/ch00024/enable" order="1" value="1"/>
                                                <instance name="dev04/Config/ch00019/DOut" order="0" value="0"/>
                                                <instance name="dev04/Config/ch00021/source" order="0" value="DO_devCube023_dev01_ch00015:48:b"/>
                                                <instance name="dev04/Config/ch00004/rate" order="0" value="20"/>
                                                <instance name="dev04/Config/ch00023/enable" order="1" value="1"/>
                                                <instance name="dev02/Config/ch00022/Calibration_Sensor_Name" order="0" value="CalSensor22"/>
                                                <instance name="dev04/Config/ch00004/enable" order="1" value="1"/>
                                                <instance name="dev02/Config/ch00014/Calibration_Sensor_Minimum_Range" order="0" value="0"/>
                                                <instance name="dev04/Config/ch00003/rate" order="0" value="20"/>
                                                <instance name="dev04/Config/ch00017/rate" order="0" value="20"/>
                                                <instance name="dev04/Config/ch00008/rate" order="0" value="20"/>
                                                <instance name="dev04/Config/ch00024/source" order="0" value="DO_devCube023_dev01_ch00024:48:b"/>
                                                <instance name="dev04/Config/ch00022/source" order="0" value="DO_devCube023_dev01_ch00022:48:b"/>
                                                <instance name="dev04/Config/ch00021/rate" order="0" value="20"/>
                                                <instance name="dev04/Config/ch00023/DOut" order="0" value="0"/>
                                                <instance name="dev04/Config/enable" order="1" value="1"/>
                                                <instance name="dev04/Config/ch00019/rate" order="0" value="20"/>
                                                <instance name="dev02/Config/ch00023/Calibration_Sensor_Name" order="0" value="CalSensor23"/>
                                                <instance name="dev02/Config/ch00004/Minimum_Range" order="0" value="-24"/>
                                                <instance name="dev04/Config/High_Hysteresis" order="0" value="2.6"/>
                                                <instance name="dev02/Config/ch00024/Calibration_Sensor_Name" order="0" value="CalSensor24"/>
                                                <instance name="dev02/Config/ch00008/rate" order="0" value="10"/>
                                                <instance name="dev02/Config/ch00023/enable" order="1" value="1"/>
                                                <instance name="dev02/Config/ch00012/enable" order="1" value="1"/>
                                                <instance name="dev02/Config/ch00009/rate" order="0" value="10"/>
                                                <instance name="dev02/Config/ch00011/Minimum_Range" order="0" value="-24"/>
                                                <instance name="dev02/Config/ch00010/rate" order="0" value="10"/>
                                                <instance name="dev02/Config/ch00007/Calibration_Sensor_Minimum_Range" order="0" value="13"/>
                                                <instance name="dev02/Config/ch00011/rate" order="0" value="10"/>
                                                <instance name="dev02/Config/ch00016/Maximum_Range" order="0" value="24"/>
                                                <instance name="dev02/Config/ch00012/rate" order="0" value="10"/>
                                                <instance name="dev02/Config/ch00013/rate" order="0" value="10"/>
                                                <instance name="dev02/Config/ch00014/rate" order="0" value="10"/>
                                                <instance name="dev02/Config/ch00012/Minimum_Range" order="0" value="-24"/>
                                                <instance name="dev02/Config/ch00015/rate" order="0" value="10"/>
                                                <instance name="dev02/Config/ch00004/enable" order="1" value="1"/>
                                                <instance name="dev02/Config/ch00018/enable" order="1" value="1"/>
                                                <instance name="dev02/Config/ch00016/rate" order="0" value="10"/>
                                                <instance name="dev02/Config/ch00019/Minimum_Range" order="0" value="-24"/>
                                                <instance name="dev02/Config/ch00008/Calibration_Sensor_Minimum_Range" order="0" value="13"/>
                                                <instance name="dev02/Config/ch00008/EnableCB" order="0" value="1"/>
                                                <instance name="dev02/Config/ch00006/Calibration_Sensor_Calibration_Date" order="0" value="2020-01-01"/>
                                                <instance name="dev02/Config/ch00017/rate" order="0" value="10"/>
                                                <instance name="dev02/Config/ch00024/Minimum_Range" order="0" value="-24"/>
                                                <instance name="dev02/Config/ch00018/rate" order="0" value="10"/>
                                                <instance name="dev02/Config/ch00019/rate" order="0" value="10"/>
                                                <instance name="dev02/Config/ch00020/rate" order="0" value="10"/>
                                                <instance name="dev02/Config/ch00021/rate" order="0" value="10"/>
                                                <instance name="dev02/Config/ch00022/rate" order="0" value="10"/>
                                                <instance name="dev02/Config/ch00002/enable" order="1" value="1"/>
                                                <instance name="dev02/Config/ch00023/rate" order="0" value="10"/>
                                                <instance name="dev02/Config/ch00001/Calibration_Sensor_Calibration_Date" order="0" value="2020-01-01"/>
                                                <instance name="dev02/Config/ch00017/Maximum_Range" order="0" value="24"/>
                                                <instance name="dev02/Config/ch00009/Calibration_Sensor_Minimum_Range" order="0" value="0"/>
                                                <instance name="dev02/Config/ch00008/Calibration_Sensor_Input_Units" order="0" value="mA"/>
                                                <instance name="dev02/Config/ch00024/rate" order="0" value="10"/>
                                                <instance name="dev02/Config/ch00001/EnableCB" order="0" value="1"/>
                                                <instance name="dev02/Config/ch00005/enable" order="1" value="1"/>
                                                <instance name="dev02/Config/ch00002/EnableCB" order="0" value="1"/>
                                                <instance name="dev02/Config/ch00003/EnableCB" order="0" value="1"/>
                                                <instance name="dev02/Config/ch00004/EnableCB" order="0" value="1"/>
                                                <instance name="dev02/Config/ch00005/EnableCB" order="0" value="1"/>
                                                <instance name="dev02/Config/ch00006/EnableCB" order="0" value="1"/>
                                                <instance name="dev02/Config/ch00009/enable" order="1" value="1"/>
                                                <instance name="dev02/Config/ch00007/EnableCB" order="0" value="1"/>
                                                <instance name="dev02/Config/ch00018/Maximum_Range" order="0" value="24"/>
                                                <instance name="dev02/Config/ch00007/Calibration_Sensor_Calibration_Date" order="0" value="2020-01-01"/>
                                                <instance name="dev02/Config/ch00013/enable" order="1" value="1"/>
                                                <instance name="dev02/Config/ch00008/Calibration_Sensor_Calibration_Date" order="0" value="2020-01-01"/>
                                                <instance name="dev02/Config/ch00009/Calibration_Sensor_Calibration_Date" order="0" value="2020-01-01"/>
                                                <instance name="dev02/Config/ch00022/enable" order="1" value="1"/>
                                                <instance name="dev02/Config/ch00015/Minimum_Range" order="0" value="-24"/>
                                                <instance name="dev02/Config/ch00009/EnableCB" order="0" value="1"/>
                                                <instance name="dev02/Config/ch00010/Calibration_Sensor_Calibration_Date" order="0" value="2020-01-01"/>
                                                <instance name="dev02/Config/ch00011/Calibration_Sensor_Calibration_Date" order="0" value="2020-01-01"/>
                                                <instance name="dev02/Config/ch00012/Calibration_Sensor_Calibration_Date" order="0" value="2020-01-01"/>
                                                <instance name="dev02/Config/ch00013/Calibration_Sensor_Calibration_Date" order="0" value="2020-01-01"/>
                                                <instance name="dev02/Config/ch00020/Maximum_Range" order="0" value="24"/>
                                                <instance name="dev02/Config/ch00014/Calibration_Sensor_Calibration_Date" order="0" value="2020-01-01"/>
                                                <instance name="dev02/Config/ch00015/Calibration_Sensor_Calibration_Date" order="0" value="2020-01-01"/>
                                                <instance name="dev02/Config/ch00014/Calibration_Sensor_Input_Units" order="0" value="mA"/>
                                                <instance name="dev02/Config/ch00016/Calibration_Sensor_Calibration_Date" order="0" value="2020-01-01"/>
                                                <instance name="dev02/Config/ch00008/Minimum_Range" order="0" value="-24"/>
                                                <instance name="dev02/Config/ch00010/EnableCB" order="0" value="1"/>
                                                <instance name="dev02/Config/ch00017/Calibration_Sensor_Calibration_Date" order="0" value="2020-01-01"/>
                                                <instance name="dev02/Config/ch00018/Calibration_Sensor_Calibration_Date" order="0" value="2020-01-01"/>
                                                <instance name="dev02/Config/ch00019/Calibration_Sensor_Calibration_Date" order="0" value="2020-01-01"/>
                                                <instance name="dev02/Config/ch00024/enable" order="1" value="1"/>
                                                <instance name="dev02/Config/ch00020/Calibration_Sensor_Calibration_Date" order="0" value="2020-01-01"/>
                                                <instance name="dev02/Config/ch00021/Calibration_Sensor_Calibration_Date" order="0" value="2020-01-01"/>
                                                <instance name="dev02/Config/ch00022/Calibration_Sensor_Calibration_Date" order="0" value="2020-01-01"/>
                                                <instance name="dev02/Config/ch00021/Maximum_Range" order="0" value="24"/>
                                                <instance name="dev02/Config/ch00023/Calibration_Sensor_Calibration_Date" order="0" value="2020-01-01"/>
                                                <instance name="dev02/Config/ch00015/Calibration_Sensor_Input_Units" order="0" value="mA"/>
                                                <instance name="dev02/Config/ch00011/EnableCB" order="0" value="1"/>
                                                <instance name="dev02/Config/ch00015/Calibration_Sensor_Minimum_Range" order="0" value="0"/>
                                                <instance name="dev02/Config/ch00024/Calibration_Sensor_Calibration_Date" order="0" value="2020-01-01"/>
                                                <instance name="dev02/Config/ch00001/Calibration_Sensor_Curve" order="0" value="&quot;{0,235.5}{1,6.875}&quot;"/>
                                                <instance name="dev02/Config/ch00002/Calibration_Sensor_Curve" order="0" value="&quot;{0,-25}{1,6.25}&quot;"/>
                                                <instance name="dev02/Config/ch00003/Calibration_Sensor_Curve" order="0" value="&quot;{0,235.5}{1,6.875}&quot;"/>
                                                <instance name="dev02/Config/ch00004/Calibration_Sensor_Curve" order="0" value="&quot;{0,235.5}{1,6.875}&quot;"/>
                                                <instance name="dev02/Config/ch00005/Calibration_Sensor_Curve" order="0" value="&quot;{0,235.5}{1,6.875}&quot;"/>
                                                <instance name="dev02/Config/ch00016/Minimum_Range" order="0" value="-24"/>
                                                <instance name="dev02/Config/ch00006/Calibration_Sensor_Curve" order="0" value="&quot;{0,-1431.25}{1,361.5625}&quot;"/>
                                                <instance name="dev02/Config/ch00007/Calibration_Sensor_Curve" order="0" value="&quot;{0,-21.25}{1,9.0625}&quot;"/>
                                            </attributes>
                                        </instance>
                                    </serial-numbers>
                                </instance>
                                <instance name="IOM-226128">
                                    <serial-numbers>
                                        <instance name="00226128" backbone-config-data="22,239.255.0.22,239.255.0.1,5" logicalid="devCubeRugged2" node-config-data="1.0,1.0,map,1.0,rtehost:6603/channelmap 1.0,1.0,attrv,1.0,rtehost:6603/devCubeRugged2">
                                            <attributes>
                                                <instance name="dev02/Config/ch00001/enable" order="1" value="1"/>
                                                <instance name="dev03/Config/ch00019/rate" order="0" value="20"/>
                                                <instance name="dev01/Config/ch00004/rate" order="0" value="200"/>
                                                <instance name="dev02/Config/ch00005/Minimum_Range" order="0" value="-5"/>
                                                <instance name="dev01/Config/ch00005/enable" order="1" value="1"/>
                                                <instance name="dev01/Config/ch00005/rate" order="0" value="200"/>
                                                <instance name="dev01/Config/ch00002/adaptive_threshold" order="0" value="2"/>
                                                <instance name="dev01/Config/ch00006/enable" order="1" value="1"/>
                                                <instance name="dev01/Config/ch00007/enable" order="1" value="1"/>
                                                <instance name="dev01/Config/ch00008/enable" order="1" value="1"/>
                                                <instance name="dev01/Config/ch00002/num_teeth" order="0" value="60"/>
                                                <instance name="dev01/Config/ch00001/rate" order="0" value="200"/>
                                                <instance name="dev03/Config/High_Hysteresis" order="0" value="2.6"/>
                                                <instance name="dev01/Config/ch00001/cntr_timeout" order="0" value="2"/>
                                                <instance name="dev01/Config/ch00002/cntr_timeout" order="0" value="2"/>
                                                <instance name="dev02/Config/ch00001/Maximum_Range" order="0" value="5"/>
                                                <instance name="dev02/Config/ch00005/rate" order="0" value="10"/>
                                                <instance name="dev01/Config/ch00001/front_cfg" order="0" value="0"/>
                                                <instance name="dev01/Config/ch00006/rate" order="0" value="200"/>
                                                <instance name="dev01/Config/ch00007/rate" order="0" value="200"/>
                                                <instance name="dev01/Config/ch00008/rate" order="0" value="200"/>
                                                <instance name="dev01/Config/adc_rate" order="1" value="10000"/>
                                                <instance name="dev01/Config/ch00002/enable" order="1" value="1"/>
                                                <instance name="dev04/Config/ch00005/enable" order="1" value="1"/>
                                                <instance name="dev01/Config/ch00001/apt_th" order="0" value="1"/>
                                                <instance name="dev01/Config/ch00001/timed_rate" order="0" value="0.1"/>
                                                <instance name="dev01/Config/ch00002/apt_th" order="0" value="1"/>
                                                <instance name="dev01/Config/ch00001/apt_div" order="0" value="2"/>
                                                <instance name="dev02/Config/ch00006/enable" order="1" value="1"/>
                                                <instance name="dev01/Config/ch00002/apt_div" order="0" value="2"/>
                                                <instance name="dev01/Config/ch00001/cntr_latch" order="0" value="1"/>
                                                <instance name="dev01/Config/ch00002/rate" order="0" value="200"/>
                                                <instance name="dev01/Config/ch00002/front_cfg" order="0" value="0"/>
                                                <instance name="dev01/Config/ch00001/mv_avg" order="0" value="0"/>
                                                <instance name="dev02/Config/ch00003/Minimum_Range" order="0" value="-5"/>
                                                <instance name="dev01/Config/ch00002/mv_avg" order="0" value="0"/>
                                                <instance name="dev01/Config/ch00003/enable" order="1" value="1"/>
                                                <instance name="dev01/Config/ch00001/num_teeth" order="0" value="60"/>
                                                <instance name="dev01/Config/ch00001/adaptive_threshold" order="0" value="2"/>
                                                <instance name="dev01/Config/ch00002/timed_rate" order="0" value="0.1"/>
                                                <instance name="dev02/Config/ch00006/Maximum_Range" order="0" value="5"/>
                                                <instance name="dev01/Config/ch00001/zc_level" order="0" value="0"/>
                                                <instance name="dev01/Config/ch00002/zc_level" order="0" value="0"/>
                                                <instance name="dev01/Config/ch00003/rate" order="0" value="200"/>
                                                <instance name="dev01/Config/ch00001/z_tooth_sz" order="0" value="0"/>
                                                <instance name="dev04/Config/ch00001/enable" order="1" value="1"/>
                                                <instance name="dev02/Config/ch00006/Minimum_Range" order="0" value="-5"/>
                                                <instance name="dev02/Config/ch00006/rate" order="0" value="10"/>
                                                <instance name="dev02/Config/ch00007/enable" order="1" value="1"/>
                                                <instance name="dev02/Config/ch00007/Maximum_Range" order="0" value="5"/>
                                                <instance name="dev02/Config/ch00007/Minimum_Range" order="0" value="-5"/>
                                                <instance name="dev02/Config/ch00007/rate" order="0" value="10"/>
                                                <instance name="dev02/Config/ch00008/enable" order="1" value="1"/>
                                                <instance name="dev02/Config/ch00001/Minimum_Range" order="0" value="-5"/>
                                                <instance name="dev02/Config/ch00008/Maximum_Range" order="0" value="5"/>
                                                <instance name="dev02/Config/ch00008/Minimum_Range" order="0" value="-5"/>
                                                <instance name="dev04/Config/ch00021/DOut" order="0" value="0"/>
                                                <instance name="dev02/Config/ch00008/rate" order="0" value="10"/>
                                                <instance name="dev03/Config/ch00005/enable" order="1" value="1"/>
                                                <instance name="dev03/Config/ch00001/enable" order="1" value="1"/>
                                                <instance name="dev03/Config/ch00021/DOut" order="0" value="0"/>
                                                <instance name="dev03/Config/ch00022/rate" order="0" value="20"/>
                                                <instance name="dev03/Config/ch00017/enable" order="1" value="1"/>
                                                <instance name="dev03/Config/ch00007/rate" order="0" value="20"/>
                                                <instance name="dev03/Config/ch00022/DOut" order="0" value="0"/>
                                                <instance name="dev02/Config/ch00001/rate" order="0" value="10"/>
                                                <instance name="dev03/Config/ch00014/enable" order="1" value="1"/>
                                                <instance name="dev04/Config/ch00022/rate" order="0" value="20"/>
                                                <instance name="dev03/Config/ch00010/enable" order="1" value="1"/>
                                                <instance name="dev03/Config/ch00019/source" order="0" value="DO_RRDigOut07:49:b"/>
                                                <instance name="dev03/Config/ch00006/enable" order="1" value="1"/>
                                                <instance name="dev03/Config/ch00011/rate" order="0" value="20"/>
                                                <instance name="dev03/Config/ch00012/rate" order="0" value="20"/>
                                                <instance name="dev03/Config/ch00023/rate" order="0" value="20"/>
                                                <instance name="dev03/Config/Reference_Voltage" order="0" value="5"/>
                                                <instance name="dev03/Config/ch00002/enable" order="1" value="1"/>
                                                <instance name="dev03/Config/ch00013/source" order="0" value="DO_RRDigOut01:49:b"/>
                                                <instance name="dev02/Config/ch00002/enable" order="1" value="1"/>
                                                <instance name="dev04/Config/ch00017/enable" order="1" value="1"/>
                                                <instance name="dev03/Config/ch00018/source" order="0" value="DO_RRDigOut06:49:b"/>
                                                <instance name="dev03/Config/ch00014/rate" order="0" value="20"/>
                                                <instance name="dev03/Config/ch00015/rate" order="0" value="20"/>
                                                <instance name="dev03/Config/ch00016/source" order="0" value="DO_RRDigOut04:49:b"/>
                                                <instance name="dev03/Config/ch00017/source" order="0" value="DO_RRDigOut05:49:b"/>
                                                <instance name="dev03/Config/ch00011/enable" order="1" value="1"/>
                                                <instance name="dev03/Config/ch00009/rate" order="0" value="20"/>
                                                <instance name="dev03/Config/ch00007/enable" order="1" value="1"/>
                                                <instance name="dev03/Config/ch00018/rate" order="0" value="20"/>
                                                <instance name="dev03/Config/ch00020/rate" order="0" value="20"/>
                                                <instance name="dev04/Config/ch00007/rate" order="0" value="20"/>
                                                <instance name="dev02/Config/ch00002/Maximum_Range" order="0" value="5"/>
                                                <instance name="dev03/Config/ch00020/enable" order="1" value="1"/>
                                                <instance name="dev03/Config/ch00018/enable" order="1" value="1"/>
                                                <instance name="dev03/Config/ch00014/source" order="0" value="DO_RRDigOut02:49:b"/>
                                                <instance name="dev03/Config/ch00013/DOut" order="0" value="0"/>
                                                <instance name="dev03/Config/ch00015/source" order="0" value="DO_RRDigOut03:49:b"/>
                                                <instance name="dev03/Config/ch00024/DOut" order="0" value="0"/>
                                                <instance name="dev03/Config/ch00001/rate" order="0" value="20"/>
                                                <instance name="dev03/Config/ch00014/DOut" order="0" value="0"/>
                                                <instance name="dev03/Config/ch00008/enable" order="1" value="1"/>
                                                <instance name="dev04/Config/ch00022/DOut" order="0" value="0"/>
                                                <instance name="dev03/Config/ch00015/enable" order="1" value="1"/>
                                                <instance name="dev02/Config/ch00002/Minimum_Range" order="0" value="-5"/>
                                                <instance name="dev03/Config/ch00024/rate" order="0" value="20"/>
                                                <instance name="dev03/Config/ch00005/rate" order="0" value="20"/>
                                                <instance name="dev03/Config/ch00015/DOut" order="0" value="0"/>
                                                <instance name="dev03/Config/ch00013/enable" order="1" value="1"/>
                                                <instance name="dev03/Config/ch00003/enable" order="1" value="1"/>
                                                <instance name="dev03/Config/Low_Hysteresis" order="0" value="2.4"/>
                                                <instance name="dev03/Config/ch00010/rate" order="0" value="20"/>
                                                <instance name="dev03/Config/ch00016/DOut" order="0" value="0"/>
                                                <instance name="dev02/Config/ch00003/Maximum_Range" order="0" value="5"/>
                                                <instance name="dev04/Config/ch00014/enable" order="1" value="1"/>
                                                <instance name="dev03/Config/ch00019/enable" order="1" value="1"/>
                                                <instance name="dev03/Config/ch00012/enable" order="1" value="1"/>
                                                <instance name="dev02/Config/ch00002/rate" order="0" value="10"/>
                                                <instance name="dev03/Config/ch00013/rate" order="0" value="20"/>
                                                <instance name="dev03/Config/ch00017/DOut" order="0" value="0"/>
                                                <instance name="dev03/Config/ch00022/enable" order="1" value="1"/>
                                                <instance name="dev03/Config/ch00018/DOut" order="0" value="0"/>
                                                <instance name="dev03/Config/ch00016/rate" order="0" value="20"/>
                                                <instance name="dev03/Config/ch00009/enable" order="1" value="1"/>
                                                <instance name="dev03/Config/ch00020/source" order="0" value="DO_RRDigOut08:49:b"/>
                                                <instance name="dev04/Config/ch00010/enable" order="1" value="1"/>
                                                <instance name="dev03/Config/ch00021/enable" order="1" value="1"/>
                                                <instance name="dev03/Config/ch00023/source" order="0" value="DO_RRDigOut11:49:b"/>
                                                <instance name="dev03/Config/ch00016/enable" order="1" value="1"/>
                                                <instance name="dev02/Config/ch00003/enable" order="1" value="1"/>
                                                <instance name="dev03/Config/ch00002/rate" order="0" value="20"/>
                                                <instance name="dev03/Config/ch00020/DOut" order="0" value="0"/>
                                                <instance name="dev03/Config/ch00006/rate" order="0" value="20"/>
                                                <instance name="dev03/Config/ch00024/enable" order="1" value="1"/>
                                                <instance name="dev03/Config/ch00019/DOut" order="0" value="0"/>
                                                <instance name="dev03/Config/ch00021/source" order="0" value="DO_RRDigOut09:49:b"/>
                                                <instance name="dev04/Config/ch00019/source" order="0" value="DO_devCube023_dev01_ch00013:49:b"/>
                                                <instance name="dev03/Config/ch00004/rate" order="0" value="20"/>
                                                <instance name="dev03/Config/ch00023/enable" order="1" value="1"/>
                                                <instance name="dev03/Config/ch00004/enable" order="1" value="1"/>
                                                <instance name="dev03/Config/ch00003/rate" order="0" value="20"/>
                                                <instance name="dev04/Config/ch00006/enable" order="1" value="1"/>
                                                <instance name="dev02/Config/ch00003/rate" order="0" value="10"/>
                                                <instance name="dev04/Config/ch00011/rate" order="0" value="20"/>
                                                <instance name="dev04/Config/ch00012/rate" order="0" value="20"/>
                                                <instance name="dev04/Config/ch00023/rate" order="0" value="20"/>
                                                <instance name="dev04/Config/Reference_Voltage" order="0" value="5"/>
                                                <instance name="dev04/Config/ch00002/enable" order="1" value="1"/>
                                                <instance name="dev03/Config/ch00017/rate" order="0" value="20"/>
                                                <instance name="dev04/Config/ch00013/source" order="0" value="DO_devCube022_dev01_ch00019:49:b"/>
                                                <instance name="dev04/Config/ch00018/source" order="0" value="DO_devCube022_dev01_ch00024:49:b"/>
                                                <instance name="dev04/Config/ch00014/rate" order="0" value="20"/>
                                                <instance name="dev04/Config/ch00015/rate" order="0" value="20"/>
                                                <instance name="dev04/Config/ch00016/source" order="0" value="DO_devCube022_dev01_ch00022:49:b"/>
                                                <instance name="dev02/Config/ch00004/enable" order="1" value="1"/>
                                                <instance name="dev04/Config/ch00017/source" order="0" value="DO_devCube022_dev01_ch00023:49:b"/>
                                                <instance name="dev04/Config/ch00011/enable" order="1" value="1"/>
                                                <instance name="dev04/Config/ch00009/rate" order="0" value="20"/>
                                                <instance name="dev04/Config/ch00007/enable" order="1" value="1"/>
                                                <instance name="dev03/Config/ch00008/rate" order="0" value="20"/>
                                                <instance name="dev04/Config/ch00018/rate" order="0" value="20"/>
                                                <instance name="dev04/Config/ch00020/rate" order="0" value="20"/>
                                                <instance name="dev04/Config/ch00020/enable" order="1" value="1"/>
                                                <instance name="dev04/Config/ch00018/enable" order="1" value="1"/>
                                                <instance name="dev04/Config/ch00014/source" order="0" value="DO_devCube022_dev01_ch00020:49:b"/>
                                                <instance name="dev04/Config/ch00013/DOut" order="0" value="0"/>
                                                <instance name="dev02/Config/ch00004/Maximum_Range" order="0" value="5"/>
                                                <instance name="dev04/Config/ch00015/source" order="0" value="DO_devCube022_dev01_ch00021:49:b"/>
                                                <instance name="dev04/Config/ch00024/DOut" order="0" value="0"/>
                                                <instance name="dev04/Config/ch00001/rate" order="0" value="20"/>
                                                <instance name="dev03/Config/ch00024/source" order="0" value="DO_RRDigOut12:49:b"/>
                                                <instance name="dev04/Config/ch00014/DOut" order="0" value="0"/>
                                                <instance name="dev04/Config/ch00008/enable" order="1" value="1"/>
                                                <instance name="dev04/Config/ch00015/enable" order="1" value="1"/>
                                                <instance name="dev04/Config/ch00024/rate" order="0" value="20"/>
                                                <instance name="dev04/Config/ch00005/rate" order="0" value="20"/>
                                                <instance name="dev04/Config/ch00015/DOut" order="0" value="0"/>
                                                <instance name="dev04/Config/ch00013/enable" order="1" value="1"/>
                                                <instance name="dev02/Config/ch00004/Minimum_Range" order="0" value="-5"/>
                                                <instance name="dev04/Config/ch00003/enable" order="1" value="1"/>
                                                <instance name="dev04/Config/Low_Hysteresis" order="0" value="2.4"/>
                                                <instance name="dev03/Config/ch00022/source" order="0" value="DO_RRDigOut10:49:b"/>
                                                <instance name="dev04/Config/ch00010/rate" order="0" value="20"/>
                                                <instance name="dev04/Config/ch00016/DOut" order="0" value="0"/>
                                                <instance name="dev04/Config/ch00019/enable" order="1" value="1"/>
                                                <instance name="dev04/Config/ch00012/enable" order="1" value="1"/>
                                                <instance name="dev04/Config/ch00013/rate" order="0" value="20"/>
                                                <instance name="dev04/Config/ch00017/DOut" order="0" value="0"/>
                                                <instance name="dev04/Config/ch00022/enable" order="1" value="1"/>
                                                <instance name="dev04/Config/ch00018/DOut" order="0" value="0"/>
                                                <instance name="dev02/Config/ch00004/rate" order="0" value="10"/>
                                                <instance name="dev04/Config/ch00016/rate" order="0" value="20"/>
                                                <instance name="dev03/Config/ch00021/rate" order="0" value="20"/>
                                                <instance name="dev04/Config/ch00009/enable" order="1" value="1"/>
                                                <instance name="dev04/Config/ch00020/source" order="0" value="DO_devCube023_dev01_ch00014:49:b"/>
                                                <instance name="dev04/Config/ch00021/enable" order="1" value="1"/>
                                                <instance name="dev04/Config/ch00023/source" order="0" value="DO_devCube023_dev01_ch00023:49:b"/>
                                                <instance name="dev04/Config/ch00016/enable" order="1" value="1"/>
                                                <instance name="dev04/Config/ch00002/rate" order="0" value="20"/>
                                                <instance name="dev04/Config/ch00020/DOut" order="0" value="0"/>
                                                <instance name="dev04/Config/ch00006/rate" order="0" value="20"/>
                                                <instance name="dev04/Config/ch00024/enable" order="1" value="1"/>
                                                <instance name="dev02/Config/ch00005/enable" order="1" value="1"/>
                                                <instance name="dev03/Config/ch00023/DOut" order="0" value="0"/>
                                                <instance name="dev04/Config/ch00019/DOut" order="0" value="0"/>
                                                <instance name="dev04/Config/ch00021/source" order="0" value="DO_devCube023_dev01_ch00015:49:b"/>
                                                <instance name="dev04/Config/ch00004/rate" order="0" value="20"/>
                                                <instance name="dev04/Config/ch00023/enable" order="1" value="1"/>
                                                <instance name="dev04/Config/ch00004/enable" order="1" value="1"/>
                                                <instance name="dev04/Config/ch00003/rate" order="0" value="20"/>
                                                <instance name="dev04/Config/ch00017/rate" order="0" value="20"/>
                                                <instance name="dev04/Config/ch00008/rate" order="0" value="20"/>
                                                <instance name="dev04/Config/ch00024/source" order="0" value="DO_devCube023_dev01_ch00024:49:b"/>
                                                <instance name="dev04/Config/ch00022/source" order="0" value="DO_devCube023_dev01_ch00022:49:b"/>
                                                <instance name="dev03/Config/enable" order="1" value="1"/>
                                                <instance name="dev02/Config/ch00005/Maximum_Range" order="0" value="5"/>
                                                <instance name="dev04/Config/ch00021/rate" order="0" value="20"/>
                                                <instance name="dev04/Config/ch00023/DOut" order="0" value="0"/>
                                                <instance name="dev04/Config/enable" order="1" value="1"/>
                                                <instance name="dev04/Config/ch00019/rate" order="0" value="20"/>
                                                <instance name="dev04/Config/High_Hysteresis" order="0" value="2.6"/>
                                                <instance name="dev01/Config/ch00001/enable" order="1" value="1"/>
                                                <instance name="dev01/Config/ch00002/z_tooth_sz" order="0" value="0"/>
                                                <instance name="dev01/Config/ch00004/enable" order="1" value="1"/>
                                                <instance name="dev01/Config/ch00002/cntr_latch" order="0" value="1"/>
                                            </attributes>
                                        </instance>
                                    </serial-numbers>
                                </instance>
                                <instance name="IOM-225593">
                                    <serial-numbers>
                                        <instance name="00225593" backbone-config-data="6,239.255.0.6,239.255.0.1,5" logicalid="devCube1" node-config-data="1.0,1.0,map,1.0,rtehost:6603/channelmap 1.0,1.0,attrv,1.0,rtehost/devCube1 1.0,1.0,attrv,1.0,rtehost:6603/devCube1">
                                            <attributes/>
                                        </instance>
                                    </serial-numbers>
                                </instance>
                            </models>
                        </instance>
                        <instance name="MDS">
                            <models>
                                <instance name="nxDAS-RTE">
                                    <serial-numbers>
                                        <instance name="00000002" backbone-config-data="4,239.255.0.4,239.255.0.1,5" logicalid="RTE" node-config-data="1.0,1.0,map,1.0,rtehost:6603/channelmap 1.0,1.0,attrv,1.0,rtehost/RTE 1.0,1.0,attrv,1.0,rtehost:6603/RTE">
                                            <attributes/>
                                        </instance>
                                    </serial-numbers>
                                </instance>
                                <instance name="nxCollector">
                                    <serial-numbers>
                                        <instance name="00000001" backbone-config-data="4,239.255.0.4,239.255.0.1,5" logicalid="collector" node-config-data="n/a,1.0,map,1.0,rtehost:6603/channelmap n/a,1.0,attrv,1.0,rtehost/collector n/a,1.0,attrv,1.0,rtehost:6603/collector">
                                            <attributes>
                                                <instance name="rte/enable" order="0" value="1"/>
                                                <instance name="routes/add" order="1" value="5:217-217:b 5:6003-6003:b"/>
                                                <instance name="router/enable" order="0" value="1"/>
                                                <instance name="substats/enable" order="0" value="0"/>
                                                <instance name="net/ifmap" order="0" value="5:eno1,eno2"/>
                                                <instance name="log/filename" order="0" value="collector"/>
                                                <instance name="log/filepath" order="0" value="/users/RTE/logs/continuous_log"/>
                                                <instance name="log/fileprefix" order="0" value="CRD_"/>
                                                <instance name="hdf5/enable" order="0" value="1"/>
                                                <instance name="log/enable" order="0" value="1"/>
                                                <instance name="subs/sub" order="0" value="3:1-999:r 10:2000-3999:r 6:4000-4999:r 2:5000-5999:r 4:6000-6999:r 3:9000-9999:r "/>
                                            </attributes>
                                        </instance>
                                    </serial-numbers>
                                </instance>
                                <instance name="nxDAS iDDS Interface">
                                    <serial-numbers>
                                        <instance name="00000001" backbone-config-data="4,239.255.0.4,239.255.0.1,5" logicalid="nxif" node-config-data="1.0,1.0,map,1.0,rtehost:6603/channelmap 1.0,1.0,attrv,1.0,rtehost/nxif 1.0,1.0,attrv,1.0,rtehost:6603/nxif">
                                            <attributes/>
                                        </instance>
                                    </serial-numbers>
                                </instance>
                                <instance name="router">
                                    <serial-numbers>
                                        <instance name="00000005" backbone-config-data="5,239.255.0.5,239.255.0.1,5" logicalid="router05" node-config-data="">
                                            <attributes/>
                                        </instance>
                                    </serial-numbers>
                                </instance>
                                <instance name="iDDS Demo Instrument">
                                    <serial-numbers>
                                        <instance name="00000001" backbone-config-data="7,239.255.0.7,239.255.0.1,5" logicalid="demoInstr" node-config-data="1.0,1.0,map,1.0,rtehost:6603/channelmap 1.0,1.0,attrv,1.0,rtehost/demoInstr 1.0,1.0,attrv,1.0,rtehost:6603/demoInstr">
                                            <attributes>
                                                <instance name="ch00001/rate" order="0" value="200"/>
                                            </attributes>
                                        </instance>
                                    </serial-numbers>
                                </instance>
                            </models>
                        </instance>
                    </vendors>
                </instance>
            </subsystems>
            <transient-logs/>
        </instance>
    </test-cells>
</mds_xml_root>
